2.472334 0.150035 -1.417661
2.467913 0.178607 -1.391043
2.445151 0.187080 -1.426377
2.476957 0.185190 -1.456807
2.512445 0.203916 -1.429143
2.589652 0.898417 -1.382172
3.250658 1.609949 -1.376875
3.276064 1.623187 -2.053843
3.299330 0.945828 -2.067349
2.099247 0.909640 -0.812386
2.117675 0.917903 -0.153214
2.088253 0.950487 -0.153966
2.034425 1.634035 -0.204968
2.000568 1.021071 -0.256175
2.019452 0.400432 -0.279783
2.054107 1.099049 -0.274688
2.059206 1.154471 -0.286084
2.038772 1.163523 -0.343096
2.040624 1.118672 -0.399126
2.073874 0.403150 -0.410763
2.078556 0.362245 -0.369975
2.030990 0.335315 -0.346750
1.979708 0.317678 -0.374825
1.995529 0.981747 -0.401840
3.869374 1.644048 -0.365619
3.868475 1.686121 -0.297157
3.843584 1.751451 -0.266890
3.836892 1.736954 -0.941099
3.863165 1.699878 -0.921022
3.863232 1.024799 -0.838137
3.805416 1.053905 -1.398679
3.722170 1.082110 -1.368534
3.664070 1.732120 -1.377251
3.645978 1.724225 -1.372405
3.643986 1.722216 -1.352208
3.637112 1.745412 -0.697105
3.039608 0.950319 -0.741747
2.453562 0.980741 -0.818911
2.506077 0.393293 -0.877301
2.506269 0.314170 -2.172885
2.514544 0.816464 -2.185726
1.873835 0.759104 -2.223399
1.862974 -0.479156 -2.265325
1.843696 -0.499991 -2.267302
1.853121 0.688401 -2.234075
1.905434 0.680422 -2.202205
1.946957 0.709467 -2.206194
1.935892 0.733692 -2.224208
1.895255 0.737574 -2.221325
0.573333 0.723517 -2.199593
0.619678 0.723377 -2.186331
1.292421 -1.175338 -2.186772
1.262398 -1.165348 -2.172739
-0.082448 -1.121581 -2.127021
-1.322587 -1.049881 -2.083268
-1.291566 -0.990951 -2.083585
-2.471790 -0.317358 -2.112862
-2.481388 -0.288764 -2.129561
-2.512911 0.398937 -0.028295
-2.512453 0.401027 -0.015253
-2.484884 -0.269171 -0.025222
-2.492912 -0.282654 -0.031319
-2.531895 -0.260551 -0.003036
-1.933293 0.376508 0.051484
-1.308184 1.015601 0.077624
-1.262210 0.999345 0.049317
-1.243038 1.006794 -0.011124
-1.245579 1.016470 -0.038211
-1.243354 0.390060 -0.022293
-1.235664 -0.239537 -0.006889
-1.233316 -0.315670 -0.037605
-1.847894 -0.951856 -0.737588
-1.248214 -0.313770 -1.421520
-1.228695 0.321042 -0.180463
-1.185277 0.879343 -0.167710
-1.162183 0.836422 -0.169456
-1.222028 0.205299 -0.206891
-1.216370 0.257892 -0.237528
-0.547931 0.907839 -0.230898
-0.572896 -0.407279 -0.185053
-0.629565 0.132160 -0.157007
-0.650324 0.170983 1.068739
0.041197 0.202500 0.997904
0.074516 0.829848 0.988726
0.062008 0.779665 1.051779
0.040041 0.752113 1.735880
0.076789 0.133726 1.677782
0.131276 -0.443124 1.625004
0.146035 -0.470448 1.661148
-0.545548 -1.714176 1.746389
-1.218017 -1.740048 1.766173
-1.172887 -1.705158 1.692462
0.802950 -1.652056 1.619845
1.435189 -1.066629 1.651143
0.768430 -1.103608 0.474179
0.063609 -1.100342 0.506098
0.098896 -0.406827 0.437061
0.775468 -0.371646 0.988021
0.073986 -0.396611 1.029202
0.620906 -0.426865 1.145009
0.539334 0.935353 1.228355
0.537337 0.923951 1.191420
1.213756 0.892884 0.436055
0.581428 0.870741 -0.150991
0.508155 0.874113 -0.698444
0.447399 0.895868 0.565710
-0.166594 0.891884 -0.770958
0.555755 1.475184 -0.826954
0.531031 0.801833 -0.782106
1.075334 0.792222 -0.087990
1.643627 0.789470 1.857652
2.955048 1.390205 0.481592
3.056045 1.333420 0.416950
1.857181 1.289168 0.443715
1.252069 -0.007568 1.140591
1.263253 0.041670 1.101192
2.647397 0.070020 0.356269
2.694645 0.034715 0.333425
2.656414 -0.007758 0.986281
1.888609 0.011358 0.326022
1.830919 1.377464 0.263651
1.838109 2.062145 0.213692
0.723254 2.000826 0.232944
0.164460 1.930454 -0.341619
0.083738 1.989123 0.271289
0.061822 2.806900 0.872352
2.024349 2.891958 0.217139
0.793787 2.822754 0.254613
0.781222 2.084659 0.280842
0.106049 2.109338 0.256453
2.667429 2.848721 0.834456
2.039927 2.852440 0.872885
1.503543 1.506274 0.971707
2.189329 2.018293 1.010169
1.579307 2.067007 0.957953
1.545373 1.571991 1.566855
1.538991 2.249501 1.619103
1.576582 2.213079 1.725700
2.210407 0.276625 0.467144
2.148829 0.305789 0.420597
2.703463 0.321805 -0.278456
2.066342 0.308490 -0.217450
2.826046 0.283087 -0.118905
3.547806 0.290542 -0.109673
3.541332 0.328433 -0.205568
2.191109 0.361038 -0.292404
0.941113 -0.261300 -0.273071
0.920335 -0.278961 -0.227886
0.877387 0.955290 -0.270707
0.789099 0.984285 -1.015683
0.067601 0.988071 -1.062536
0.027710 0.958213 -0.990019
0.687363 1.544043 -1.585020
1.351910 0.923953 -1.640869
0.770254 0.961903 -1.758908
0.672499 0.987831 -1.794800
0.659281 0.983005 -1.101458
0.060125 0.964184 -1.665032
0.664614 0.969749 -2.314160
0.565384 0.983216 -2.363380
1.085986 0.967756 -2.327523
1.071436 0.930767 -1.615501
0.513350 1.526774 -1.608233
0.575541 1.573808 -0.344303
1.192597 1.636597 0.241697
1.178238 1.679697 0.265901
1.208700 1.684384 0.340885
1.864797 1.677474 0.380977
1.848082 0.435919 -0.338673
1.108652 1.702484 -0.329785
0.450816 1.674777 -0.263070
-0.813492 0.956217 -0.213170
-0.791488 0.878670 -0.223773
-0.700494 0.865751 -0.257315
-0.048099 0.880438 -0.269715
-0.609714 0.864428 -0.253886
0.684911 0.806722 -0.238479
0.722482 0.774108 1.046248
1.390456 0.788049 1.022561
1.389550 0.819938 0.346625
1.330342 0.825477 0.365313
1.285026 0.799994 1.047800
1.311430 0.805635 1.082302
1.402970 0.851525 1.061718
1.472308 0.918235 1.647081
0.799681 0.956952 2.265717
1.386107 0.302074 1.699218
2.083381 0.305103 1.782436
1.501054 0.949050 1.180842
1.485819 0.950084 1.141651
1.403139 0.917335 1.133629
1.344312 0.863681 1.193654
1.382238 0.820823 1.240949
1.450387 0.802310 1.218667
2.151741 0.806986 1.130104
2.121042 0.808629 1.048199
2.105529 1.400056 1.038219
2.146952 0.768636 1.059394
2.172826 0.759368 1.645208
2.137259 1.400409 1.533326
2.061382 1.388271 2.070547
2.015379 1.374228 2.075980
2.039722 0.720100 1.510523
2.082451 1.379316 1.510533
1.490858 1.411546 1.426793
1.506947 0.774472 0.753445
0.882649 0.745345 0.822700
0.900008 0.717383 0.899088
0.900863 0.727887 0.966461
0.236811 0.761587 0.325411
0.198891 0.773427 0.284909
1.428711 0.754226 0.361936
2.096423 0.730073 1.159395
2.109864 0.726628 1.227890
2.116245 0.745939 1.791795
2.151112 0.746088 1.702642
1.542122 0.712952 1.759488
2.241256 0.071029 1.883505
1.554000 0.058473 0.609864
1.551221 0.082284 0.543820
0.968493 0.686893 0.436678
1.021716 0.665464 0.474207
1.699654 0.655390 0.574822
1.696823 0.684222 1.261323
1.052632 -0.514555 1.205461
1.085153 -0.496533 0.504843
1.728255 -0.536689 0.510365
1.711145 -0.593107 1.252466
1.652001 -0.601328 0.542176
0.923203 -0.547019 0.515420
0.886543 -0.513738 -0.117322
0.228713 -0.531003 -0.089462
0.250212 -0.555640 -0.057936
0.262275 -0.525550 -0.074399
0.263203 -0.454407 -0.115550
0.302800 -0.440047 -0.123506
0.358622 -0.492535 -0.084120
-0.885799 -1.132766 -0.078382
-0.917189 -1.090578 -0.141725
-0.993345 -1.005811 -0.215789
-1.018712 -0.974296 -0.233050
-0.972461 -0.996203 -0.192968
0.373771 -0.369806 -1.530940
1.041533 0.907409 -1.568584
1.717710 0.966093 -1.620696
1.724785 0.977031 -1.636291
0.452832 0.946134 -1.629152
0.448943 0.920021 -1.630353
0.388309 0.922226 -2.931187
0.271755 0.932912 -2.938832
0.196227 0.932565 -2.895387
0.164060 0.913384 -3.501498
-0.555085 0.900925 -3.513147
-0.607057 0.898381 -3.571726
-0.643424 0.895572 -3.596192
-0.669283 -0.334092 -3.564093
-0.036254 -0.305772 -3.539422
-0.113469 0.335098 -3.587298
-0.192051 0.348983 -3.655134
0.430704 -0.284176 -2.392722
0.427650 -0.870658 -2.363726
-0.214838 -0.854819 -2.986908
0.445556 -0.197465 -3.029312
0.475641 0.424591 -1.050617
-0.095940 -0.225264 -1.070326
-0.029100 -0.281616 -1.055230
-0.019751 -0.301320 -1.040348
0.574990 -0.252735 -1.038063
0.567809 -0.849695 -1.042612
1.263661 -0.840567 -1.030804
1.314280 -0.889476 0.193398
1.308097 -0.931007 0.205652
1.263901 -0.251037 0.213933
1.256036 -0.203307 0.217035
1.300393 -0.185702 0.860785
1.331975 0.382915 0.855083
1.921279 0.332492 0.840414
1.835597 -0.920160 0.832523
1.781209 -2.183482 0.807624
2.528522 -2.172448 0.769130
3.101743 -2.823275 0.741944
2.436742 -2.878382 0.137021
1.830817 -2.916188 -1.073613
0.544111 -2.920152 -1.008889
0.561749 -2.919045 -2.292751
0.605909 -2.953733 -2.993844
0.623500 -3.003575 -3.043617
0.581227 -3.039272 -1.795736
-0.053561 -2.436195 -1.765791
-0.038818 -2.451714 -1.125042
0.001808 -2.458535 -1.153309
-0.019497 -2.452830 -2.488180
0.554542 -2.438037 -2.498029
1.189197 -2.436059 -1.845767
1.256949 -1.819009 -2.466745
1.326064 -1.745475 -2.484449
1.306905 -1.702201 -2.509240
1.242364 -1.679738 -2.527918
1.232310 -1.639278 -2.534653
1.887815 -2.227128 -2.522082
1.901001 -2.805935 -2.520196
1.199541 -2.818793 -3.156829
1.134970 -2.826101 -3.165940
1.147282 -2.809484 -3.156293
1.198588 -2.806279 -3.136408
1.185215 -3.443893 -3.148986
1.111360 -3.453125 -3.183420
1.083568 -2.837219 -3.218537
1.148917 -2.188139 -3.230055
1.235031 -1.611777 -3.211874
0.638713 -1.677324 -3.206046
0.627484 -1.693988 -3.214403
0.643550 -0.379459 -3.182470
0.700340 -0.377842 -2.499800
0.727847 -0.408081 -2.448961
0.679599 -1.081597 -2.491051
0.600364 -1.694824 -1.873763
1.184757 -1.646594 -1.866887
-0.063530 -0.998794 -1.806320
-1.316704 -1.029746 -1.120460
-1.365552 -1.038745 -1.170941
-1.392620 -0.993055 -1.863314
0.522474 -0.933290 -2.433548
0.498774 -0.938191 -1.723223
1.093424 -1.002795 -1.733220
1.075686 -1.676966 -2.462940
1.089299 -1.654736 -2.511604
1.736925 -2.879037 -2.527589
1.696128 -2.879419 -1.884270
1.672639 -2.917913 -0.598208
1.060619 -2.932817 -0.626226
1.127547 -2.918040 -0.638965
2.403528 -2.252358 -0.617799
2.387572 -2.941200 -0.583226
1.113636 -2.368633 -0.557816
1.775449 -2.396603 0.106655
1.177187 -2.405073 0.095792
1.228395 -2.374523 0.090411
1.253021 -1.006484 0.106628
1.260810 -0.343055 0.135442
1.298984 -1.018792 -0.490929
1.368554 -1.092558 -0.484114
1.420311 -1.122127 -0.466883
1.431408 -1.063290 -0.442372
1.415238 -0.979869 -0.432523
1.429661 -0.955654 -1.805111
1.477284 -0.963868 -1.796787
1.515683 -0.933696 -1.774977
1.520978 -0.844436 -1.803292
1.499443 -1.430033 -2.507559
0.857902 -1.477176 -1.879075
0.846588 -1.563535 -1.840657
0.205144 -1.605864 -1.792851
0.812587 -0.970865 -1.796158
2.033268 -0.314434 -1.839625
2.006460 -0.340367 -1.862878
2.035405 0.276243 -1.860783
2.081182 0.300811 -1.870088
2.071975 -0.816755 -1.898510
2.008073 -0.763052 -1.915215
1.950753 -0.813431 -1.926204
1.947006 -0.891955 -1.911521
1.986057 -0.907435 -2.529766
1.999161 -0.864920 -1.230499
1.968282 -0.859341 -1.231492
1.927803 -0.895120 -0.573463
1.932777 -0.913678 -1.192528
1.983809 -0.862063 -1.190340
2.015104 -0.784764 -1.190244
2.004143 -0.767392 -1.191821
1.989299 -0.791634 -1.167258
2.000826 -0.814043 -1.123009
2.023573 -1.447513 -0.496675
2.020229 -1.448359 -0.497448
2.582497 -1.496640 -0.502655
2.531109 -1.558289 -0.485328
2.513141 -1.592737 -0.479214
2.526006 -2.204233 -0.500249
2.529329 -2.193263 -0.533464
2.506256 -2.202542 -0.555341
2.495470 -2.203855 0.728735
2.498687 -1.520592 0.687377
3.205154 -2.769494 0.659957
1.897850 -2.765362 0.660133
1.201032 -2.817744 0.681321
1.165685 -2.859321 0.695968
0.548077 -2.852193 -1.318069
0.559765 -2.825950 -1.974102
1.165844 -3.506292 -1.993328
1.151382 -2.296345 -1.958376
0.565026 -2.305700 -1.887212
0.712167 -1.648485 -1.839966
0.794835 -0.412283 -1.847041
0.807402 -0.422689 -1.200073
-1.828003 -0.470011 -1.821789
-1.873181 -0.501316 -1.805444
-1.189122 -0.486671 -1.837584
-1.070316 -0.468321 -1.893922
-1.062120 -0.479311 -1.918330
-1.798800 -0.505515 -1.920253
-1.186017 0.118667 -1.308614
-1.125522 0.148414 -1.320970
0.851372 0.182329 -1.318061
0.823335 -0.486831 -1.279632
0.734808 -0.502596 -1.243858
0.712092 0.177633 -1.244532
0.775132 0.228090 -1.273044
0.843501 0.272899 -1.293261
0.835027 -0.343148 -1.291042
2.169987 -0.350064 -0.005052
2.140861 -1.494241 -0.019865
1.539498 -1.452125 -0.030173
1.613466 -1.448713 -0.669911
1.613751 -1.452715 -0.655492
1.514642 -2.096944 -0.653909
1.413021 -1.383105 0.620199
1.397742 -0.714517 0.039874
1.433623 -0.737436 0.044583
0.156223 -0.766593 0.042390
0.061439 -2.018164 0.733749
-0.006217 -2.002992 0.742758
0.031542 -2.000490 0.073241
0.114535 -1.997815 0.051542
0.117102 -2.004208 0.010511
0.631487 -1.976888 -0.028689
-0.093459 -1.952828 -0.049199
0.557937 -2.557995 -0.033711
0.632686 -2.523115 0.011063
0.633061 -1.845839 0.043059
-0.077668 -1.184919 0.052703
-0.126097 -1.198292 0.730968
-0.062242 -1.239263 0.092829
0.045563 -1.248598 0.088171
0.063181 -1.269746 0.108636
-0.031934 -0.107131 0.100908
0.473621 -0.172961 0.684558
0.437509 -0.836710 0.702795
0.476671 -0.211392 0.750059
0.496949 -0.242292 0.796060
0.446862 -0.310495 0.819875
0.419650 0.934042 0.823915
0.489175 0.949072 0.817616
0.595084 0.981546 0.816986
0.636712 0.335129 1.468532
1.205373 0.283224 0.868184
1.791588 0.269922 0.845376
1.759929 -0.282066 0.782928
1.185831 -0.194031 1.411648
1.213195 -0.176683 0.155179
1.207203 -0.202410 0.877053
1.217649 -0.248126 0.902187
0.629711 -0.212819 1.501092
0.676828 -0.180488 1.508161
1.937095 -0.182640 0.913971
1.945591 -0.197394 0.321862
1.894031 -0.204268 0.334533
1.834667 -0.180009 -0.345337
2.501360 -0.149891 0.338921
1.300160 -0.768002 0.407352
1.313180 1.163027 0.504780
0.722941 0.499368 0.534090
0.093466 1.712678 0.470577
0.122453 1.701796 0.373333
-0.474487 2.341986 0.336789
-0.366083 2.344777 1.607023
-0.322222 1.700909 1.612647
-0.310932 1.048913 1.544840
0.880503 1.054425 1.449466
0.834369 1.069049 1.436462
0.827300 1.068697 2.163789
0.236170 1.026109 2.226197
1.577741 0.964904 2.195737
1.582547 1.556852 1.462300
1.538594 1.566346 1.446503
0.845740 0.932749 1.503229
0.874998 0.955267 1.552674
0.928306 0.970622 1.547993
1.576222 1.001364 2.842860
0.830474 1.026363 2.885688
0.122413 1.018750 2.352418
0.137774 1.606257 2.446921
0.213555 2.210331 1.808822
0.252351 2.218448 1.107312
-0.434060 2.868879 1.081197
0.131739 2.858589 1.095143
0.797477 2.849000 1.091119
0.812229 2.214290 1.709944
0.767388 2.274139 1.661675
0.678786 2.293053 1.010901
0.624805 2.239929 2.328510
0.649458 2.159274 2.362239
0.703355 2.116983 1.048758
0.734846 2.114673 1.042962
0.739685 2.105310 1.694850
0.748908 2.071399 1.675288
0.771349 1.471266 1.632591
0.770506 2.766329 2.269915
0.751155 2.857669 2.910778
0.741374 2.934286 2.925191
0.758832 1.717777 2.254680
0.149757 1.718251 2.277803
0.778238 1.744907 2.332463
1.458123 2.400969 2.382002
1.505111 1.759051 1.730876
1.541069 1.100031 2.380940
1.560171 1.098607 2.354254
1.560227 1.142487 2.384408
0.959712 1.171099 2.377076
0.981077 -0.765271 2.342123
0.988960 -1.442276 2.306689
0.389820 -1.441410 1.664865
0.417110 -1.447387 1.686638
0.456263 -1.473820 1.691413
1.117241 -1.508058 1.660539
1.709532 -0.948902 1.612000
1.673550 -0.331696 2.238744
0.394032 -0.323583 2.236000
0.378512 -0.311920 2.219723
0.305290 -0.291776 2.180473
0.846896 0.353557 2.151511
0.836736 0.373312 1.517257
0.234353 0.382303 1.563060
0.200780 0.401073 1.589992
1.339830 0.425933 1.569879
1.311000 0.453773 2.209910
2.699277 0.490300 1.560976
2.747021 -0.110144 1.586729
2.672119 -0.089621 1.582562
2.552635 0.551461 1.549386
2.540005 0.552499 0.886126
2.631901 0.550833 0.986580
2.694802 1.160337 1.077986
2.653373 1.141122 2.375544
2.615748 0.492935 2.319121
2.682296 1.139863 1.617721
2.803369 1.163166 1.613253
3.459560 1.191408 1.605744
4.014065 1.858813 1.571615
3.966637 1.844564 3.454157
4.004526 1.210128 2.174244
3.496780 1.204209 2.244454
3.505005 1.202615 2.302602
2.845101 0.544049 2.331010
2.847433 0.535562 2.344626
2.898186 1.162020 2.364314
2.929292 2.416938 0.482832
2.876787 1.832681 1.034300
2.809410 1.838958 1.009122
2.817925 1.837078 1.022964
2.858965 1.831422 1.029902
2.848709 2.457567 0.348720
2.144846 3.019742 0.298398
2.792868 2.996515 0.288412
2.222324 2.366420 -0.853609
2.298330 2.379758 -0.880100
2.315484 3.051909 -0.308869
2.310783 1.768809 -1.715874
2.357108 1.185752 -1.709546
3.031905 1.148549 -1.651789
3.072997 1.719298 -1.636446
3.650012 1.667895 -1.684247
3.620664 1.639185 -0.427597
2.954632 1.590422 -0.353242
3.008615 1.509840 0.339178
2.987394 1.450814 0.314226
2.879507 0.840191 0.858691
2.784544 0.915471 1.427916
2.826369 0.315566 1.456405
2.820796 0.322643 0.843825
1.447411 -1.032774 0.860086
1.339866 -0.978951 0.887012
1.326813 -0.244304 0.978166
1.398096 -0.202744 1.079172
1.424170 -0.213859 0.523371
0.747628 -0.226033 0.544158
1.282258 -0.188162 1.184337
1.306392 -0.114242 1.220268
1.385084 1.274750 1.236213
1.407594 1.861878 2.507496
1.364091 1.780665 2.441167
1.331931 1.730732 2.422922
1.378777 1.700293 3.044981
1.467214 1.671682 3.040232
1.505856 1.634748 2.418375
1.492179 0.932183 2.434366
1.487116 0.363031 2.371610
1.512943 0.416669 2.322571
1.524051 1.135763 3.585804
2.689826 1.193750 3.548065
2.613255 1.189516 3.488132
2.545535 1.158959 3.462119
2.509630 0.529719 3.494548
2.501312 -0.754553 4.136682
2.489152 -0.750343 4.136586
2.479433 -0.134432 3.489839
2.489025 -0.156473 3.495057
3.126004 -0.140086 3.523892
3.102380 -0.079213 3.540261
3.060543 -0.030870 4.202398
3.023619 -0.049417 3.520751
3.606913 -0.124304 3.525410
3.606901 -0.192077 3.518307
3.626010 0.388389 3.478404
3.068423 0.425822 3.439927
3.124745 0.449752 3.447776
2.544035 1.096945 2.809547
2.536038 -0.848688 2.139819
2.487836 -0.793339 2.078473
2.457932 -0.689057 2.032870
2.457581 -0.617581 2.697990
2.462931 -0.617577 2.710831
2.457857 -0.644891 1.423193
2.459874 -0.629292 1.391223
2.492491 0.723260 1.408445
2.546995 0.729379 1.479818
1.962851 0.683971 1.536139
1.324550 0.643804 1.524551
1.310904 0.662587 1.479839
1.305447 0.700926 1.471066
0.126041 0.711079 1.497021
0.128741 0.678927 1.503841
0.119122 0.632688 1.472362
0.117796 0.585260 0.773276
0.140961 0.567973 0.143482
0.188299 0.587716 0.151445
0.224936 0.628344 0.152604
0.223886 0.675300 0.118405
0.204541 0.719390 0.075744
0.186947 0.768595 0.055718
0.173739 0.205823 0.052689
0.760590 0.207247 0.067710
1.312886 0.231241 0.091200
1.938505 0.209793 0.138773
1.968706 0.160024 1.512016
2.014376 0.144521 1.518136
1.386711 -0.442208 2.164691
1.408099 -0.448608 3.417274
2.099798 -0.490598 3.411834
2.119240 -0.530253 3.393820
1.448495 -1.104624 2.744490
1.410205 -1.070046 2.751689
1.398416 -1.066288 3.360961
1.411023 -0.475367 3.324236
1.407280 -0.513616 3.279248
1.377182 -0.499729 3.261091
1.364163 -0.462724 3.290999
1.398798 -0.467791 3.315381
-0.426189 -0.502248 3.326740
0.857228 -0.499030 3.335454
0.810776 -0.440205 3.357966
0.802080 -1.023967 3.407600
0.856106 -1.063331 3.442573
1.548788 -1.148461 3.452253
1.524145 -1.220019 2.825268
1.470510 -0.627913 2.879652
0.889067 -0.635671 2.915414
1.652215 -0.662644 2.909852
1.074449 0.538434 2.896009
1.075461 0.542988 2.891119
1.031372 1.848070 2.902545
1.025258 1.928743 2.911717
1.071945 1.312699 2.898565
1.101101 1.285650 1.481402
1.059778 1.258696 1.538396
-0.994304 1.265178 1.615041
-1.005121 1.298658 1.614704
-0.934868 1.965892 1.553452
-0.867309 2.002152 1.533989
-0.904096 2.028069 1.586488
-0.337679 2.069158 1.647497
0.825081 0.924709 1.641066
0.172721 0.994221 0.343206
0.198925 1.007668 0.312040
0.800302 0.947558 0.923682
0.672865 0.205823 0.920342
0.671009 0.779214 0.861525
1.419381 0.757173 0.806938
1.477089 0.753187 0.811816
1.416625 0.085787 0.853839
1.281274 0.686524 1.503329
1.254538 1.345694 0.829289
2.549586 1.410724 0.804676
3.275508 1.423758 1.446017
3.852704 1.343016 1.462572
3.815811 1.251067 1.461263
3.208051 1.872909 1.438474
3.270407 1.877523 0.780542
3.362408 1.853747 0.803631
4.081667 1.809253 0.238495
3.390622 1.803341 -0.361550
2.798244 1.873395 -0.371724
3.495039 1.949645 -0.367390
3.560839 1.946676 -0.331039
3.582105 1.896476 -0.284008
2.937139 1.887547 0.356109
2.946061 1.919186 -0.305457
2.372765 1.922607 -0.303380
2.383558 1.891160 -1.569894
2.364846 1.880666 -1.565558
1.733223 2.585005 -1.528251
1.729925 1.327772 -1.518730
1.737258 1.361860 -1.553718
1.717620 1.364123 -0.981569
1.687420 1.373898 -0.994950
2.288132 1.410718 -0.953930
2.305726 1.406340 -0.942602
2.328221 1.318416 -1.012286
2.324668 1.215933 -1.096041
2.905034 1.190231 -1.085970
2.883933 1.238828 -1.013607
2.910107 1.901386 -0.356738
2.934337 1.214715 1.042176
2.891901 1.173307 1.009250
2.827452 0.572036 1.001350
2.814892 1.315081 1.031065
2.845360 1.984903 0.439283
2.850190 1.901745 0.400557
2.809224 1.808339 0.353242
2.770356 2.412495 0.332736
2.177581 2.473753 0.328281
2.205819 2.517097 0.327834
2.194075 1.814207 -0.325749
2.140501 1.748317 -0.977100
2.107867 1.738300 -0.972207
2.120036 2.510263 -0.355095
2.127173 2.551401 0.225152
2.105976 1.856247 0.186866
2.080775 1.768544 -0.414903
2.087850 1.085945 -0.380258
2.132442 0.498766 -0.333071
2.163958 -0.102745 -0.935053
1.541938 -0.790760 -0.945128
1.498346 -0.860800 -0.941921
1.482489 -0.906040 -0.308000
1.484322 -0.877600 -0.301836
1.461326 -0.845833 -0.355896
1.414070 -0.212561 -0.457047
1.373180 -0.294737 -1.823371
1.376723 -0.331172 -1.802285
1.401255 0.333135 -1.768723
1.397581 0.433621 -2.390934
1.363911 0.436732 -2.411412
1.336522 -0.817230 -2.382131
1.327912 -0.173364 -2.306209
1.320943 0.487688 -2.264209
1.302970 -0.133389 -2.307439
1.274916 -0.816018 -1.794001
1.267117 -1.497893 -1.828468
0.071968 -1.500479 -0.515872
0.109851 -1.414792 -0.451197
0.709751 -1.370833 -0.422765
0.700712 -1.374754 -1.016822
0.730319 -1.424117 -0.958394
0.215478 -2.100750 -0.886033
0.244713 -2.101881 -0.876668
0.826865 -2.113596 -0.953211
0.768071 -0.890193 -1.057656
0.139618 -0.931412 -1.105414
0.155853 -0.909755 -0.417797
0.158174 -0.839870 -0.402735
-0.452369 -0.781019 -0.440701
-0.467999 -0.766665 -0.465165
0.758026 -0.783495 -1.065578
0.181788 -0.788935 -0.358021
0.854602 -0.804241 0.261536
1.369207 -0.191867 -0.449032
1.281417 -0.274725 0.131062
1.277259 -0.318130 0.161730
0.724633 -0.279309 0.237025
0.202124 -0.210807 0.185734
0.209126 -0.196347 0.850241
0.199183 -0.233378 0.872771
0.225530 -1.536845 0.912024
-0.959760 -2.134329 -0.329664
-0.348735 -2.128280 -0.303626
-1.588555 -2.174216 -0.293244
-1.057367 -2.884621 -0.929314
-1.798379 -2.248824 -1.591040
-1.821680 -2.205277 -1.630761
-1.828255 -1.543957 -1.644246
-1.190119 -2.195675 -1.615768
-1.241035 -2.211018 -2.878281
0.120468 -2.217981 -2.868576
0.743846 -2.192643 -2.881544
1.337986 -1.489179 -2.864398
1.934723 -1.504695 -2.812451
1.857687 -1.544892 -2.754781
1.795383 -0.254633 -4.022132
1.797190 -0.234056 -4.040553
1.834031 -1.592100 -3.429108
1.238207 -1.626026 -3.391695
1.241537 -1.603924 -3.358021
0.691087 -1.632352 -3.364801
0.790888 -2.259684 -2.051948
0.895734 -2.311838 -2.018930
0.934662 -2.334842 -1.341024
0.906374 -1.723466 -1.361325
0.183811 -1.052288 -0.778789
0.192703 -0.461314 -0.836179
0.902071 -0.468131 -0.846667
0.889680 -0.456695 -1.482835
2.000244 -0.434525 -1.497872
1.413182 -1.658849 -2.171861
1.462118 -1.719337 -0.899449
1.489883 -1.098632 -0.929372
0.101151 -1.064893 -1.574709
0.093844 -1.020116 -2.811759
0.088104 -1.037758 -3.497967
-0.490263 -1.094640 -1.685465
0.146488 -1.104310 -1.709068
0.148031 -1.048466 -1.058582
-0.449833 -0.369301 -1.647178
-0.450890 0.279787 -0.977506
-1.075193 0.283749 -1.623722
-0.486825 0.346810 -1.032026
-0.517594 -0.203000 -1.013744
-1.159278 -1.383806 -1.001730
-0.610674 -1.388324 -1.030222
0.108480 -1.414878 -0.422798
0.694622 -1.391775 0.212225
0.666369 -1.326312 0.245948
0.661168 1.256085 1.557329
0.686991 1.238718 1.581783
0.725846 1.251547 0.970193
1.310212 1.280129 0.966099
1.349787 1.272237 0.967263
1.371215 1.221607 0.972696
1.384517 1.166092 0.948909
1.422540 1.163889 0.278030
1.497424 -0.065604 0.255404
0.343213 -0.029654 0.268334
0.368197 -0.041036 0.297913
1.023511 0.585255 0.296541
-0.766682 0.611864 -0.357666
-1.299880 0.656867 0.292571
-0.625718 0.649101 0.330922
-0.594031 0.582369 0.341416
0.003048 0.531413 0.298045
-0.041144 0.569038 0.254129
1.312640 0.661226 0.250558
1.312761 0.723124 0.278358
1.270743 1.962828 0.295380
1.166025 1.252020 0.223157
1.058298 2.491559 -0.458910
1.623185 1.821865 -0.443101
2.854227 1.789602 -0.404040
2.833284 2.425354 -0.397151
1.563314 2.401022 -0.424882
1.522611 2.390474 -0.444563
1.504786 2.389166 0.793983
1.526836 0.467087 -0.554501
1.547342 -0.107761 -0.567261
0.907000 -0.068746 -0.562539
-0.423287 -0.669220 0.113999
-0.366664 -0.006306 0.107253
-0.895941 -0.048937 0.084025
-0.139218 -0.702539 0.074195
-0.091574 -0.678379 0.089201
-0.149279 -0.672640 -0.534062
-0.729781 -0.693960 -0.503904
-1.955307 -1.357946 -0.488623
-1.933296 -1.311737 -0.472639
-2.611060 -1.256948 -0.444248
-2.632727 0.038461 -0.428401
-1.995078 0.002918 -1.048722
-1.940828 -0.036941 -0.438815
-1.936505 0.619230 -1.050642
-2.012565 0.616631 -1.026152
-1.489247 -0.100460 -2.286354
-0.262800 -0.203413 -2.336976
-0.287042 0.422613 -2.374140
0.260486 0.486696 -2.376157
0.181477 0.565275 -3.023607
0.124393 1.208248 -3.705567
-1.196412 0.496244 -3.725721
-1.796724 -0.142687 -3.717605
-1.770340 -0.075949 -3.707240
-1.756030 -0.031250 -3.107736
-2.403182 -0.070218 -3.776390
-2.373220 -0.126563 -3.795612
-3.605595 -0.122669 -3.784266
-3.605561 -0.027908 -3.756066
-3.586678 -0.556211 -6.266164
-3.547977 -0.462037 -6.228291
-3.525921 -0.398247 -3.638965
-4.158068 -0.386486 -3.608148
-3.551527 0.888163 -2.974757
-2.388419 0.904168 -2.963205
-3.016287 0.904830 -2.982517
-3.019423 0.899530 -3.031733
-3.043650 0.904237 -2.472614
-3.042714 0.927232 -1.275660
-2.479436 0.349085 -1.960531
-3.088431 0.417048 -1.980411
-3.110089 1.089792 -1.959316
-3.138938 0.468017 -1.335055
-3.782967 0.426041 -0.705533
-4.435478 0.370024 -1.398511
-4.459500 1.622424 -2.038069
-4.476862 1.649949 -2.042668
-4.489226 1.072320 -2.066045
-4.502509 0.512393 -1.500971
-3.245665 0.499299 -1.520215
-3.261679 -0.243740 -1.460059
-3.849580 0.353424 -1.362494
-3.833554 0.286603 -0.009557
-3.810136 -0.413495 0.007700
-3.216392 -0.541052 0.014885
-3.767552 -0.044699 0.048531
-4.411789 -0.045255 0.086975
-3.772657 -0.047067 0.075270
-3.760144 -0.037789 -0.600970
-3.117847 -0.020765 -1.262915
-3.138682 0.025182 -0.597973
-3.722272 0.747660 0.048361
-3.699429 -0.557880 -0.546192
-3.125351 -1.247831 -0.570111
-2.437886 -1.241478 -0.566442
-3.095013 -1.859964 -1.228006
-3.084770 -1.853633 -1.181190
-1.854179 -2.466585 -1.160232
-1.264033 -3.076004 -0.515121
-1.297916 -2.407148 0.758292
-0.039689 -0.424248 1.381707
-0.067742 0.762315 1.430328
-0.063637 0.719952 1.451019
-0.058868 -0.002151 1.454749
-0.096899 -0.046882 1.452710
-0.745379 -0.025719 1.444403
-0.729416 -0.000680 1.432381
0.545580 -0.044574 1.423432
0.560944 -0.106523 0.155350
0.530886 -0.075073 0.740096
0.515740 0.001222 0.108487
0.548500 -0.680127 -1.114831
0.597194 -0.770933 -1.663469
-0.009324 -0.849550 -1.680583
-0.646532 -0.824280 -1.737769
-0.682376 -0.746438 -1.768649
-0.662904 -0.750841 -1.745596
-0.631752 -0.228794 -1.089165
-1.255421 -0.273181 -1.103470
-1.309575 -0.202432 -1.152823
-1.310500 -0.102248 -0.514581
-0.579031 0.579339 -0.472429
-0.509112 -0.169524 -0.428579
-0.499731 -0.242531 -0.468574
-0.530285 -0.221430 -0.564932
-0.536657 -0.189059 -0.610440
-0.508569 -0.239306 -0.623399
-1.056579 -0.319525 -0.540366
-1.074989 0.289258 -0.524624
-1.142202 -0.287824 -0.567007
-1.780464 0.408753 -0.572671
-1.777846 0.416317 -0.502341
-1.181679 1.047288 0.861466
-1.198369 1.043934 2.139604
-1.269398 1.066234 2.065038
-1.311878 1.079039 2.015910
-1.336309 1.120962 0.849048
-1.334295 1.682896 0.353262
-1.328332 1.070465 0.391937
-1.416398 1.098492 0.953719
-1.432068 1.126077 0.899119
-1.434880 1.135321 0.287938
-0.193485 1.122092 0.335153
-0.182934 1.109108 0.332378
-0.210524 1.121448 0.876683
-0.261482 -0.149065 0.801206
-0.279928 0.484167 0.144905
-0.275014 -0.844072 0.761479
-0.279098 -0.832563 0.073725
1.078912 -0.808868 0.029209
1.170824 -0.144605 -0.000457
1.201664 1.265641 -0.005690
1.245913 1.256289 -0.591721
1.284511 0.517010 -0.585354
1.294311 0.528281 -0.603437
1.325805 0.555163 -0.651058
1.387424 1.241315 -1.770767
3.355281 1.221109 -1.732677
2.732722 0.579881 -1.689870
2.695133 0.015239 -1.656092
2.676131 0.065175 -1.634813
2.710210 0.053633 -0.964650
2.739202 -0.070181 -0.949355
2.055712 -0.841799 -0.927927
2.526245 0.440108 -1.534807
2.466165 0.455274 -2.140672
2.505466 1.800427 -2.176872
2.551190 1.748891 -2.191268
3.174196 2.478663 -2.169973
3.116617 2.557731 -2.774672
3.123528 2.644690 -3.361665
1.968288 2.649990 -1.455549
2.025480 2.590475 -2.037811
0.654376 3.227641 -1.983787
0.591767 3.274752 -1.960664
0.565939 3.356924 -1.987514
0.641376 3.392364 -2.037957
