-0.988160 1.156435 0.119025
-0.966958 1.110777 0.117882
-0.967891 0.493434 0.037972
-1.008694 1.179515 -0.045638
0.253029 1.169482 -0.069951
0.314487 0.473408 -0.049155
0.389921 0.424152 -0.046492
0.412311 0.435142 -0.078629
0.385939 1.079241 -0.090595
-0.258847 1.658995 -0.050863
-0.267046 0.326095 0.005229
-0.290951 0.272331 0.009565
-0.963797 0.314585 -0.040489
-1.576036 0.375874 -0.075420
-1.491848 0.386696 -0.069724
-0.752807 0.967747 -0.057309
-2.014427 0.927512 -0.067535
-2.038288 0.990453 -0.093103
-0.122228 1.083881 1.150663
-0.028679 0.455942 1.173938
0.038536 0.986917 0.540446
-0.004966 0.909976 0.506821
-2.105973 0.950426 0.479996
-1.544470 1.032649 0.488496
-1.500297 1.048481 0.530419
-0.173211 0.979812 -0.677580
-0.827279 0.904632 -0.687450
-0.889218 0.915324 -0.718443
-0.891862 0.958403 -0.752349
-0.822656 0.942255 -0.778107
-0.149766 -0.363366 -0.809487
-0.187289 -0.390967 -0.202754
0.374080 -0.362101 -0.233303
0.322566 -0.336929 -0.238189
0.334866 -0.323565 -0.220338
0.349049 -0.304476 -0.219853
0.317341 -0.289290 -0.248074
0.278108 -0.257105 -0.267458
0.282509 0.371422 -0.262928
0.328949 -0.237280 -0.248698
-0.241466 -0.236918 -0.253301
-0.240796 1.030337 -1.496136
-0.234747 2.262555 -2.114580
-0.201538 2.235772 -2.063799
-0.172660 2.253132 -2.016472
-0.185411 2.266248 -1.996936
-0.209653 1.683237 -2.011380
-0.855576 1.670104 -2.034042
-0.835137 1.653055 -2.028562
-0.173398 1.653896 -1.987783
-0.211282 2.257647 -1.265407
-0.250071 1.650173 -1.280297
-0.269804 1.668343 -1.310703
-0.279866 2.290255 -1.279398
-0.306994 2.272342 -0.565567
-0.350199 2.279924 -0.507966
-0.384496 2.332102 -0.553501
-0.391310 2.354944 -0.669883
-1.645346 2.325091 -0.732370
-1.590302 2.976840 -0.681434
-0.928564 3.636230 -0.583886
-0.921595 4.277371 -0.549178
-0.937785 4.286711 -1.261308
-1.580240 3.598957 -1.271558
-0.954003 3.520961 -1.207101
-0.929251 3.475106 -1.105209
-0.268140 2.845515 -1.075936
-0.253497 2.763621 -1.143911
-0.240570 2.704566 -0.525589
-0.207615 2.673325 0.711968
-0.189818 2.679609 0.804332
-0.203975 1.933351 0.846802
-0.234492 1.272028 0.809435
-0.254815 1.257835 0.757031
-0.246529 1.249346 0.753914
-0.844301 1.282053 0.801035
-0.862539 1.320817 0.810366
-0.865602 0.721430 0.126525
-0.846256 2.076173 0.676254
-0.820606 2.087787 0.665367
-0.831214 2.153244 0.712929
-0.880902 2.223294 0.738912
-0.906172 2.234159 0.717172
-0.281105 2.859986 0.681616
1.040298 2.872316 0.705177
0.995738 2.936018 0.779694
2.134866 3.559275 0.820069
2.135931 1.627083 0.770425
2.198184 1.567874 0.712191
2.236556 1.567199 0.739410
2.212591 1.590437 -0.422373
1.517608 2.163898 0.864765
0.939393 2.107653 0.169494
-0.337977 1.456745 -0.484569
-0.354896 1.534098 -0.396105
-0.998056 0.989569 -0.281339
-0.995245 0.348506 -0.269301
-0.950203 0.898551 -0.359575
-0.307405 0.847694 -0.410346
-0.918577 0.852035 0.268247
-0.941192 0.845914 0.336325
-0.939289 0.795862 -0.329649
-0.909250 0.113692 -0.419933
-0.893544 -1.683765 -0.474035
-1.543835 -1.628055 -0.446523
-1.587496 -2.274792 0.276926
-1.603152 -1.680785 0.241126
-1.572584 -1.670699 0.138633
-1.539924 -0.960004 -0.591628
-0.910558 -0.923101 0.053828
-1.538438 -0.967178 0.763129
-1.519037 -1.084489 0.115486
-2.113080 -2.380355 0.628200
-2.050204 -2.961548 -0.057531
-2.041300 -2.927692 -0.055283
-2.079170 -1.732509 -0.039818
0.479783 -1.020706 -0.073092
0.449273 -0.944914 -0.140326
0.483927 0.392613 -0.801480
0.531034 1.493922 -0.773630
0.527012 1.415999 -0.724251
0.498266 1.352586 -1.936959
0.500530 1.359314 -1.962922
-1.356031 1.387420 -1.338028
-1.339983 1.342969 -1.325094
-0.743335 1.264792 -1.294233
-0.810609 1.240503 -1.285090
-0.868691 1.943747 -1.245299
-0.907446 3.246399 -1.253420
0.286213 3.216048 -1.218053
0.271853 1.847394 -1.154381
0.986754 2.455875 -1.097862
-0.302488 2.506156 -1.045903
-0.963809 1.920421 -0.980392
-0.341087 1.913318 -0.296387
-0.372098 0.694384 -0.266696
-0.404584 0.780037 -0.275531
-1.755407 0.905281 1.049770
0.279617 0.327312 0.451461
0.294914 -0.297655 -0.092534
0.284726 -0.345534 -1.329090
0.892009 -2.312085 -0.757934
0.939717 -2.327431 -0.757155
0.967162 -1.715778 -0.091626
2.234637 -2.439250 0.459887
2.129192 -2.490964 0.407623
2.108242 -2.527168 0.346030
1.502394 -2.475499 0.966024
2.114846 -2.450595 1.007811
2.044311 -3.216313 1.019350
1.968814 -3.253361 0.975526
2.619619 -3.316645 0.909270
2.685043 -0.842542 0.879647
2.685404 -0.858635 0.860727
2.588222 -1.437351 0.800121
2.488036 -1.407201 0.700129
2.482332 -0.768559 0.622000
2.532310 -0.701661 1.253994
2.547075 -1.883659 1.288922
2.508577 -1.783109 1.300855
2.503494 -1.714322 0.652388
0.639365 -1.089339 0.650280
0.684957 -1.132829 0.673445
0.728507 -1.151479 0.700847
0.720810 -1.784734 0.704374
0.039142 -1.748504 0.704993
-0.577228 -1.070070 0.727213
-0.528994 -1.054328 1.425793
0.149832 -1.022173 1.480894
0.132758 -0.984351 0.208139
-1.215533 -0.952213 0.228932
-0.507305 -0.314402 -1.078929
-0.402910 -0.996977 -1.080899
-0.310379 -1.096651 -1.021408
-0.300345 -1.184782 -0.962700
-1.014617 -1.835528 -1.591212
-1.048118 -1.184183 -1.029242
-0.364864 -1.833063 -1.034365
1.665224 -1.902487 -0.342582
1.671746 -1.961758 -0.922353
0.273724 -2.562875 -0.328301
0.934436 -2.512424 -0.367181
0.313742 -1.940236 0.288996
0.347955 -1.430317 0.335136
0.347901 -1.529730 -0.300657
-0.975912 -1.461369 -0.344392
-1.014735 -1.979262 -1.045999
-0.400251 -0.069766 -1.041832
-0.372265 -0.120762 -0.987104
-0.354181 -0.170358 -0.976095
-0.999380 -0.100384 -1.029453
-1.019079 0.042104 -1.074327
-0.317147 -1.834430 -1.055362
-0.279238 -1.916435 -1.000477
-0.284256 -2.032438 -1.010191
-0.334901 -2.653055 -1.089607
0.270556 -2.541062 -1.165422
0.237236 -1.829418 -1.182624
0.220865 -1.930362 -1.158524
0.211221 -0.726379 -1.185030
-0.445962 -1.453573 -0.589592
-1.064706 -1.391687 -0.629272
-0.415715 -0.697778 -0.610554
0.871379 -0.755733 -0.582195
0.228296 -0.889222 -0.602837
0.189753 -0.319591 -0.633673
0.113853 -0.265604 0.035337
0.067913 -0.168090 0.116491
0.776994 -0.142048 0.183621
0.807627 -0.183342 0.188281
0.208878 -0.209025 -0.499276
0.232076 -0.180146 -0.467976
0.238225 -0.139775 0.254972
0.236647 -0.169985 -0.371919
1.515001 -0.260066 -0.373663
1.492095 -0.320810 -0.372953
1.466269 -0.312657 -0.347227
1.460253 -1.604678 -0.316872
1.488223 -1.605531 -0.303286
0.865933 -1.627780 -0.304892
0.942214 -1.615582 -0.978135
1.667707 -1.553863 -0.311881
2.374950 -1.506555 -0.346225
2.392222 -1.518912 -0.390310
2.391006 -1.559309 0.233555
1.722446 -1.567742 -0.434022
1.713984 -1.528712 -0.427697
1.746431 -1.492997 -0.416841
1.129785 -1.468440 -0.400215
1.132530 -0.770232 -0.349216
1.103758 -0.735083 -0.962663
1.053903 -0.694080 -0.943424
2.303270 -0.691346 -0.961120
2.257055 -0.712082 -0.989846
2.206036 -0.729275 -1.625962
2.135184 0.574790 -1.618546
1.390769 0.595922 -1.647744
1.316411 0.572916 -1.689503
1.294026 0.561649 -1.708845
-0.007239 0.616322 -1.030352
0.005885 0.694420 -1.011584
0.008566 0.728570 -1.038354
0.015763 0.695971 -1.075387
0.037332 0.654321 -1.039020
0.700831 0.642886 -0.358689
0.726269 1.282680 -0.378401
0.714121 -0.058687 -0.437917
0.061587 -0.103222 -1.075077
0.061493 -0.098725 -1.664605
0.762263 -0.042439 -1.603164
0.819522 -0.002204 -1.623488
0.841274 0.569317 -1.676094
0.849650 0.554965 -1.672011
1.529926 0.566964 -1.602949
1.603815 1.884853 -1.555882
1.636304 1.238312 -0.955451
1.600304 1.251042 -1.023958
0.218920 1.275849 -1.039735
0.215886 0.680273 -1.652748
1.583606 0.723034 -1.674395
1.585703 0.731801 -1.752700
0.903572 0.732156 -1.821295
0.862294 -0.507493 -1.815231
0.876725 -0.470064 -1.782645
1.564971 -0.481284 -1.808085
1.574587 -0.554077 -1.874910
1.546188 -0.626437 -1.897648
1.523290 0.092488 -2.477302
3.437231 0.093052 -1.807822
3.477841 0.051716 -1.857288
2.822178 -0.009231 -1.914172
4.113215 -0.023902 -1.223263
4.115640 -0.626931 0.120468
4.829169 -0.589195 0.137346
4.273582 -0.611672 0.093095
3.683329 0.012799 0.042179
3.704706 1.214796 -0.578532
3.711904 1.246117 -0.539710
3.778346 1.267583 0.111254
3.129665 -0.035456 0.098553
3.122937 -0.034258 0.109226
3.753823 0.671147 0.163649
3.718554 0.686734 -0.450628
3.732531 0.673606 -0.457834
2.406015 0.621179 -0.484989
2.365485 0.562822 -0.483077
2.965295 0.523685 -0.425332
2.928972 1.101657 -0.380866
2.921425 1.107576 -0.396873
2.892647 1.102437 -0.451927
1.460515 1.097653 -0.486474
2.036261 -0.702091 -0.478460
2.021745 -0.707428 -0.493515
2.022537 -0.736019 -0.544099
1.381907 -0.785024 0.057569
0.694278 -0.812273 0.055483
1.301120 -0.804080 0.075747
1.320543 -0.784410 -1.186449
1.348326 -0.773729 -1.200032
1.993075 -0.745020 -1.205846
1.351301 -0.028895 -1.183876
1.356277 0.637424 -1.166647
1.416456 -0.662173 -1.193342
0.848847 -0.713450 -1.190735
0.886595 -0.730094 -0.524789
0.876565 -1.321760 -1.105333
0.870272 -0.644193 -1.096165
0.895396 -0.638794 -1.112885
0.903931 -0.658455 -1.790781
2.190570 -0.627894 -1.785206
0.914790 -0.560912 -1.765985
0.868946 -0.516294 -1.748658
0.873400 -0.553306 -1.746006
-0.429537 -0.631341 -1.747336
-1.814420 -0.662789 -1.728662
-1.830970 -0.641856 -1.697858
-1.810317 -0.632561 -1.677974
-1.758701 -0.665100 -1.696546
-1.735661 -0.687359 -1.726839
-1.753658 -0.663399 -1.737754
-1.767300 -0.612032 -2.390316
-1.752999 -0.584414 -2.425738
-1.708184 -1.235260 -2.478421
-1.692238 -1.302992 -2.516783
-0.372218 -0.719241 -1.879782
0.278066 -0.051097 -1.858293
-0.311561 -0.004809 -1.861677
-0.256250 -1.938771 -2.554208
-0.257307 -2.619956 -2.571651
-0.327461 -2.000769 -2.557683
0.244935 -0.687558 -1.862702
0.224380 -0.681510 -1.873428
0.232882 -0.663287 -1.889091
0.224480 -1.346276 -1.895365
0.753686 -0.785601 -1.877735
0.750824 -0.161019 -1.209846
2.093903 -1.354751 -1.177960
2.096016 -1.275456 -1.127072
2.722103 -1.914424 -2.319798
3.954628 -1.324926 -2.282260
2.663590 -0.067190 -1.665700
0.669693 -1.868767 -1.648080
0.660615 -2.430845 -1.603584
0.697943 -1.765776 -0.961401
-0.497080 -1.166561 -0.981725
-0.421718 -1.156650 -1.015463
-0.404652 -1.704664 -1.657476
-0.397944 -1.602609 -0.963142
-0.357310 -1.577162 -1.550018
-0.306275 -2.279334 -1.577997
-0.948977 -2.297229 -2.305129
-1.014460 -2.285720 -3.025482
-1.046030 -2.295352 -0.375374
-0.980362 -2.354491 -0.413336
-2.177068 -2.423279 -0.501174
-2.163659 -1.806944 -0.603987
-1.571170 -1.778502 0.003970
-1.607820 -1.121753 0.037550
-1.594849 -1.182693 0.026031
-1.571151 -1.256478 -0.017503
-2.237340 -1.303734 -0.042567
-1.619874 -1.308838 -0.041746
-2.243886 -1.322266 -0.049246
-2.203493 -1.365225 -0.088019
-2.158313 -1.393933 -0.125593
-1.484061 -1.359408 -0.136423
-1.459211 -0.662553 -0.131240
-0.786285 -0.611572 -0.123046
-0.161214 -0.603154 -0.108247
-0.191598 -0.602415 -0.700745
-0.217635 -0.595277 -1.893974
-0.229805 -1.279079 -1.866554
-0.241197 -1.963719 -2.488312
-0.252257 -2.030305 -3.051684
0.399244 -1.462901 -3.033296
-0.226492 -2.101135 -3.015586
-0.885284 -1.442952 -3.022563
-0.914705 -1.469695 -1.770884
-0.960600 -1.529727 -1.740980
-1.005969 -1.557465 -1.673574
-1.687184 -2.191488 -1.617633
-1.702498 -2.188816 -1.621290
-1.693932 -2.253895 -2.293079
-2.324301 -2.938103 -2.303053
-2.261607 -2.257651 -2.247035
-2.233323 -2.836152 -0.933701
-1.543991 -0.817909 -0.966246
-0.879426 -1.483531 -1.016264
2.273719 -1.489743 -0.990373
2.330022 -1.435561 -1.522712
2.345182 -1.370822 -2.071288
2.314909 -1.380486 -2.052031
2.283952 -2.098603 -0.169514
2.291208 -2.127583 -0.100416
2.930723 -1.444949 -0.014029
2.914976 -1.376204 0.657629
2.862077 -1.349742 0.609866
2.807327 -1.384959 -0.059826
2.777130 -0.770359 1.223056
2.081435 -0.747959 1.277040
3.230923 -0.684725 1.279146
3.797159 -1.307579 1.868796
3.788345 -1.352532 1.841713
3.163742 -2.029944 0.541802
3.190080 -1.983972 1.217822
3.165139 -1.946382 1.833922
3.779593 -0.548189 1.759803
3.835032 -0.552585 1.719470
3.269006 -1.204409 2.395022
2.656682 -2.476351 2.430892
3.881879 -3.737085 2.453625
2.563895 -2.438705 2.460529
1.989021 -1.827977 2.483281
2.026398 -2.478552 1.858531
1.970342 -2.472708 1.895680
2.580924 -1.185314 1.917577
2.646684 -0.585683 1.913634
2.774472 -1.241992 1.915408
2.848829 -1.263645 2.541766
2.169167 -1.229898 1.871150
2.125252 -0.570069 1.276167
2.148074 -1.210112 1.331823
2.210710 -1.274413 0.750449
2.244079 -1.984460 0.739810
2.213359 -1.340133 0.715335
2.193781 -1.988081 0.718859
2.219625 -2.629698 0.725905
2.289666 -2.655262 0.704348
2.300102 -2.613872 0.649079
2.257334 -1.856126 -1.345059
4.138021 -1.798990 -1.332366
4.143435 -1.199600 -1.308298
4.132782 -1.857788 -1.315789
4.065470 -1.207133 -0.706707
3.997189 0.033967 -0.752290
2.746443 -0.571223 -0.769599
1.441175 -0.559274 -0.835155
1.483649 0.618198 -0.857599
1.495372 0.647477 -0.853636
1.483649 0.099980 -0.862148
0.852836 0.158450 0.987493
0.868021 0.148886 0.384798
0.241484 -0.569432 1.709606
0.839924 -1.828162 1.759573
0.190092 -1.849017 1.132814
-0.429598 -2.445577 1.092227
-0.424409 -2.389015 1.090176
-0.464286 -2.344099 1.153026
-0.499100 -2.330505 0.622026
-0.470561 -2.364481 0.611714
0.893272 -2.327858 0.563771
0.896284 -1.550805 0.579330
0.834830 -1.483687 0.658955
0.778777 -2.834136 0.697762
0.795731 -2.955080 0.021480
0.834370 -3.052802 -0.039033
0.820596 -3.049922 0.004924
0.775052 -3.044515 1.452613
1.435092 -2.488252 1.451360
1.570708 -3.222115 0.759666
1.702920 -2.633166 1.399838
1.729349 -2.576385 1.501519
1.655506 -1.876167 1.592246
2.862924 -1.909755 0.925243
3.515631 -2.679979 0.835036
3.519502 -2.761696 0.813406
2.895252 -2.730269 0.871940
2.861935 -2.660616 -0.389429
3.536119 -2.638340 -0.343540
3.572561 -2.651639 -0.432033
3.582784 -3.248483 -0.462415
3.546025 -3.143891 -0.418812
2.210969 -3.058370 -0.387384
1.498909 -3.054645 -1.056557
2.089096 -3.088756 -1.099735
2.051905 -2.454545 -1.093562
0.782694 -2.404925 -1.039776
0.784842 -2.367738 -0.373453
0.188926 -2.353443 -0.420819
0.218797 -2.414406 -1.124798
0.870358 -3.703616 -1.104597
0.249817 -3.625641 -1.031153
0.274291 -2.936796 -0.405132
-0.338176 -2.360497 -0.387587
-0.324646 -1.220217 -0.357944
-0.326537 -1.854416 -0.300699
-0.961336 -1.798993 -0.273757
-0.975021 -1.764985 -0.315144
-0.916797 -1.834750 -0.375610
-0.222169 0.736512 0.916700
-0.173537 0.748841 0.912356
-0.168605 1.488250 1.533820
-0.173851 1.505976 1.523571
-0.147701 1.464311 1.503943
-0.126276 1.398382 2.094486
-0.136797 1.363742 2.079695
-0.159744 1.350434 2.093035
-0.158953 1.973851 2.090145
-0.747856 1.278117 2.062826
-0.667529 1.262117 1.994455
-1.213644 0.643612 1.308257
-1.843764 0.693543 1.943833
-1.866360 -0.548745 1.304430
-1.911380 0.097064 1.229976
-1.937864 0.082121 0.516420
-2.630712 0.735902 0.496717
-3.256296 0.113575 0.571899
-2.708205 0.087518 0.626321
-3.352103 1.283792 0.576757
-2.697838 1.278621 1.098186
-2.628904 1.313857 0.438607
-1.985660 0.102873 0.481958
-2.073297 -0.474983 0.483724
-1.507642 0.793115 0.377820
-1.481102 0.793922 0.288377
-2.079846 -0.464498 -0.347003
-1.470702 -1.126639 1.048450
-1.539734 -1.150948 0.442126
-1.545356 -1.805619 1.058786
-1.470835 -1.841717 0.326183
-1.401255 -1.860209 -1.510463
-1.412062 -2.500536 -0.788151
-2.127532 -1.213421 -0.121078
-2.142623 -1.224811 -0.176867
-2.092435 -1.238359 0.351704
-2.057289 -1.302452 0.374091
-2.688134 -1.982395 0.482616
-1.461676 -0.719419 0.570350
-1.489962 -0.704272 0.569539
-1.431890 -0.083294 0.553427
-1.365822 -0.766986 1.260236
-0.108528 -0.746501 1.366674
0.445860 0.584909 1.421184
0.372237 0.620058 2.010374
0.978662 1.277434 1.935120
-0.195558 1.290419 1.318581
0.457983 0.604521 1.397703
0.398183 0.578523 1.435423
0.347043 1.185233 2.656456
-0.246447 1.811452 2.642109
-0.161610 1.808282 1.988253
-0.149720 0.510853 2.016240
-0.193425 -0.121747 2.037328
-0.239403 -0.081336 1.282045
-0.208879 -0.057436 1.240646
-0.753691 -0.047406 1.241293
-1.347815 -0.036830 1.236048
-0.120225 -0.038351 1.206713
-0.174706 0.561873 1.191400
0.463375 0.484789 1.226387
0.502835 -1.397317 2.502575
1.137349 -0.770851 2.493604
1.073580 -1.354035 1.826579
0.989365 -1.312915 1.804655
0.971056 -0.673859 1.830946
-0.241967 -0.125454 1.834847
-0.205585 -0.771758 1.763007
-0.218359 -1.458467 1.675564
-0.254358 -2.052056 2.312306
-0.257108 -1.409476 2.393268
0.471520 -2.014604 2.456939
0.493885 -2.609055 3.071442
0.491614 -2.591063 2.999626
0.490961 -2.602303 2.964493
0.505227 -2.005064 2.969904
0.519514 -2.630919 2.962408
0.529337 -2.652517 2.918553
0.534838 -2.684187 2.893183
1.176611 -2.686770 2.934456
3.103606 -3.167343 2.999274
3.142493 -3.132637 3.038707
2.501945 -3.113893 3.048675
2.462380 -3.097065 3.064541
2.451111 -2.419621 2.502368
3.105853 -2.343963 2.505046
1.864034 -2.286720 2.473267
1.835596 -2.279051 2.433793
1.811134 -1.694314 2.441991
1.839847 -1.842339 2.468951
1.900471 -2.430237 2.461817
1.911573 -1.754053 2.442985
0.501776 -1.112570 2.444611
1.051954 -1.760021 1.275262
1.715518 -1.750885 0.704137
1.036917 -0.514044 1.323527
-0.264599 0.814710 1.845207
-0.351995 1.433913 1.771825
-0.345614 0.748594 2.347387
-0.225256 0.069654 2.313858
0.549136 0.027500 2.283505
1.849053 0.694911 2.273268
0.539560 0.707129 2.323832
1.192922 -0.574781 3.006431
1.903472 -1.236770 1.797625
0.690508 -1.205041 0.426679
0.711525 -0.512453 0.392444
0.704398 0.079777 0.424343
0.721204 0.074742 1.074785
0.122074 0.081008 2.268088
0.802844 0.068953 2.241449
1.492896 0.674813 2.293204
1.494143 0.620962 2.405041
0.235801 0.620529 2.484884
0.857805 0.647760 3.025649
0.192888 1.326247 2.299881
0.120765 2.484351 0.952118
-0.605473 2.483480 2.344270
-1.301641 2.512054 2.388863
-1.340998 1.834436 2.359093
-0.711952 1.804306 2.308359
-1.356040 1.843623 2.308610
-0.728157 1.192390 2.376965
-0.733735 1.269237 2.451307
-0.734220 1.301687 1.834487
-1.369739 1.240375 2.402696
-1.331221 1.174425 2.310817
-1.326320 1.203173 2.260462
-1.348167 1.287596 2.261081
-2.029374 1.315096 2.872141
-1.346361 1.233127 2.813609
-1.293574 1.151074 2.098302
-0.673662 0.542797 2.122217
-0.013465 0.604945 2.205974
-0.002980 1.310041 2.242058
0.696043 0.639399 2.179551
0.675583 1.224370 1.458202
0.566764 1.276134 1.442325
0.558279 2.026237 0.774672
0.677693 2.094267 0.809337
1.412498 2.032302 0.812866
1.405595 1.946723 0.193034
1.375799 1.953584 0.873337
0.093291 2.045817 0.930906
0.193052 2.089691 0.983808
0.918398 2.668874 0.289768
-0.455920 2.581396 -0.368260
-0.551101 1.921169 0.280631
0.031914 1.973003 1.077452
0.051390 2.651738 -0.171658
0.717965 1.959023 -1.508290
1.313369 1.857281 -2.104310
1.229811 1.178371 -2.019274
0.576732 0.575745 -1.965805
0.618837 1.281816 -2.006599
1.296661 1.894673 -1.477424
1.285261 1.823601 -1.501059
1.251238 -0.844679 -1.477667
0.608594 -0.790535 -0.830788
0.667452 -0.712369 -0.889331
0.736583 -0.696132 -1.593230
0.768533 -0.726287 -2.274894
0.148536 -0.734122 -1.612978
0.177523 -0.020010 -1.573244
-0.413307 -0.590828 -1.574490
-0.381340 -1.901745 -1.631434
-0.388360 -2.561055 -1.679727
-1.089801 -1.956922 -1.652092
0.166300 -1.903799 -1.576920
0.796808 -1.818980 -1.539972
0.790308 -1.141430 -0.266645
0.163615 -1.200249 -0.372410
0.127980 -1.251066 -0.342506
0.037358 -2.494510 1.046716
-0.072894 -1.760032 1.082671
-0.140064 -1.764376 0.968698
-0.159725 -1.817704 0.209704
0.488586 -1.822006 0.232018
0.465195 -1.753781 1.602646
1.037967 -1.708791 1.653671
1.051050 -1.718399 1.578162
1.092948 -1.151999 1.501644
1.132292 -1.765524 2.231121
0.525956 -1.664765 2.320000
1.165529 -1.602337 2.338008
1.181531 -1.553465 2.257486
1.201344 -0.964781 2.171565
1.212963 -1.588647 2.175553
1.211034 -1.568481 2.240770
1.855114 -2.155008 2.271283
1.837521 -2.194315 2.226328
1.820220 -2.251020 2.822364
1.829699 -1.037741 2.849639
1.855126 -1.016640 3.573661
1.870520 -0.318945 3.587084
1.205229 -0.289152 4.835846
-0.145996 -0.271567 4.746000
-0.087614 -0.258759 5.408373
0.600560 -0.232398 5.484846
0.597842 -0.198069 4.224699
1.187216 -0.178485 4.185772
0.556791 -0.205257 4.122932
0.024838 -0.260605 4.121651
-1.166694 -0.321401 4.163526
-0.538009 -0.331281 2.253506
0.033254 -0.308085 2.230546
-1.243738 -0.316767 2.238915
-1.207574 -0.357894 2.317391
-1.221586 -0.392164 2.411691
-0.592877 -0.396427 2.437131
-0.655394 -0.387209 1.092211
-0.684401 -0.423584 1.690821
-0.658794 -0.511365 2.387006
-0.080453 -0.587068 1.829152
-0.039593 -0.628265 1.831776
-0.088712 -0.608680 1.777483
0.537858 -0.583416 2.984311
1.931453 -1.231313 3.006644
1.948963 -1.257737 3.033289
1.970369 -1.228414 3.004199
1.324821 -1.846624 4.235224
1.307133 -1.866077 4.215253
0.644636 -1.901717 4.227069
0.636484 -1.941831 3.574429
0.618768 -1.936446 3.549198
0.560609 -1.288228 2.893717
0.519270 -1.291184 2.225397
1.174833 -1.318024 1.581580
1.190349 -1.322181 1.566471
1.174258 -1.298838 1.556396
1.140476 -1.293197 1.577920
1.138527 -0.732646 1.604416
1.169496 -0.752586 2.258855
1.176854 -0.728276 1.637869
1.118528 -0.681652 1.680568
1.648831 -0.662228 1.754897
1.007187 -0.658268 1.808326
0.999731 -0.637279 2.469120
1.611315 -0.577096 2.434989
1.614190 -0.510763 1.126640
1.631608 -0.492471 1.090542
1.656091 -1.150997 1.660538
0.411678 -1.158700 1.588409
-0.875618 -1.140531 0.851355
-0.865311 -1.138581 1.566634
-0.893021 -1.168418 1.645948
-2.154915 0.060055 1.726491
-2.198595 0.031816 1.741586
-2.201684 0.058235 1.711178
-2.161702 0.776892 1.691903
-2.136035 0.802799 1.689495
-2.159533 0.781462 2.216608
-2.204797 2.027722 1.511321
-2.210782 1.991822 1.433569
-2.785456 1.327429 2.081242
-2.795147 1.338439 3.525744
-2.200332 1.369383 3.605425
-2.902237 1.388327 3.657947
-2.874755 0.102557 3.688085
-2.805354 0.141228 3.698759
-2.769275 1.477360 4.377102
-2.785649 0.154704 5.007344
-2.808506 1.381399 3.596648
-2.774722 2.602646 2.985887
-3.289727 2.623822 3.606024
-2.692460 2.027089 3.589030
-2.749450 1.986897 2.975839
-2.782545 2.013334 2.963142
-2.131151 2.744839 2.210376
-0.787041 2.150965 2.765696
0.485461 2.118498 2.673273
1.129632 2.029840 2.610228
1.106153 2.653797 2.581264
1.101793 4.563578 2.001257
1.139889 4.595568 1.972807
1.198499 4.582462 1.964204
1.237890 4.534652 1.364735
1.246796 4.509883 2.093418
1.235640 3.913323 2.107494
1.238040 3.993485 2.089143
0.632965 3.996592 2.091688
0.651588 3.920443 2.147996
0.026350 4.546134 3.494785
-0.029495 4.585645 3.493820
-0.051450 3.301324 3.495984
-0.033391 3.286040 3.564573
-0.662887 3.217358 2.997366
-0.703619 3.215883 3.064991
-0.769594 3.300509 3.043369
-0.180345 3.357311 3.008436
-0.157182 2.664222 3.032517
-0.156591 2.593168 3.079840
-0.200666 3.294313 2.386424
-0.227641 2.693331 2.968566
-0.188175 2.718959 2.898884
1.134832 2.660306 2.933855
1.150858 2.600287 3.019986
1.155914 2.625156 3.040707
1.155724 2.669751 3.638680
1.182434 2.641850 3.588573
1.206087 2.557711 3.603074
1.240403 2.525593 4.275749
1.263473 1.953225 4.220419
1.269732 2.016835 4.134691
1.247935 1.366853 4.094917
-0.082121 1.309980 4.111304
-1.314582 1.310070 4.124947
-0.016660 1.401277 3.474719
-0.698310 1.446701 3.429727
-0.083957 1.384433 2.757824
-0.681339 1.279161 1.512697
-0.620300 1.276559 1.508782
-0.593496 1.388236 1.459946
-0.614735 1.455969 1.421997
-1.257515 2.072994 0.835417
-1.236603 2.009418 0.939214
-1.846340 2.029606 1.032327
-1.845439 1.458053 1.766208
-1.911003 1.497070 2.391155
-1.958700 1.427050 1.212427
-1.926902 2.010400 1.871027
-1.864720 2.717816 1.201220
-3.128588 2.223151 2.387358
-3.168031 2.297119 2.298353
-3.197617 2.221974 2.937148
-2.552865 1.501456 2.976973
-2.582071 1.538837 2.988054
-3.257192 1.670885 2.968910
-3.308051 1.687945 4.889180
-3.331050 1.624582 4.962307
-3.963906 0.346694 4.358669
-2.730426 0.443673 4.327493
-2.693452 0.506001 4.244803
-2.647931 0.482256 4.203833
-3.244291 0.400384 4.228549
-3.251446 -0.304284 3.657132
-3.291139 -0.271093 3.655373
-2.658563 0.981587 3.015755
-1.408318 0.928440 2.421152
-1.369222 0.883459 2.485457
-1.341179 0.888748 2.493895
-1.323060 2.259616 1.818510
1.233098 2.252830 1.738055
1.282698 2.221772 0.432169
1.330960 2.205223 0.402323
1.337916 2.208608 1.647432
1.304617 2.223310 2.215812
1.264312 2.237582 2.186619
1.230000 2.235047 2.196829
1.193780 2.255425 1.581555
1.765220 2.295208 1.540632
1.743704 2.330638 1.473156
1.755064 2.348427 1.449951
1.780031 2.342543 1.464910
1.789866 1.687749 -0.438364
1.147134 2.293747 -0.443790
1.140597 2.279276 -1.035343
1.141910 1.596553 -0.971984
1.142725 1.535398 -1.533614
1.139576 1.507010 -2.113824
1.137804 2.201840 -0.845765
1.161670 2.873912 -0.851311
1.202747 2.849601 -0.266892
1.852643 2.784228 -0.323391
1.233200 2.764578 0.263620
1.223524 2.809701 0.242981
1.194047 2.845935 0.898416
1.158359 2.829207 0.910162
1.140142 2.148964 1.534209
0.402082 2.172750 1.525955
0.385607 1.599066 2.229351
0.385715 1.630630 3.631231
0.407012 1.610786 3.636623
0.455682 0.949861 3.587478
-0.773391 0.996498 3.546359
-0.760602 1.049524 3.554948
-0.762630 1.030951 3.601370
-0.756607 0.953720 3.629156
-0.739253 0.294550 2.986605
-0.732309 0.960784 2.376790
-0.720626 0.273526 2.408074
-0.669601 0.176119 2.418655
0.686630 0.107581 2.366300
0.788099 0.130382 2.923363
0.167061 0.822669 4.152668
0.121785 0.120632 4.143584
0.073903 0.034349 2.821223
0.064056 -0.691296 2.133433
-1.331600 -0.700486 1.468182
-1.431319 -0.647102 1.452458
-0.829171 -0.611569 2.109281
-2.092587 -1.232480 2.129791
-1.925707 -1.203888 2.111881
-1.864978 -1.114046 2.068367
-1.936696 -0.972121 2.685598
-1.998358 -0.250175 2.679935
-1.950287 -0.235574 2.709389
-1.883201 -0.238120 3.345261
-1.932556 -0.223465 3.339498
-2.058412 0.423122 2.639902
-2.097126 -0.156702 2.558947
-1.991778 -0.811113 1.906065
-1.859516 -0.148025 1.951360
-1.832204 0.518425 2.002752
-1.896234 -0.089426 2.655707
-1.927894 -0.082322 3.958525
-2.520872 -0.087632 3.354506
-2.486310 -0.144932 3.411274
-2.536771 -2.099606 3.442554
-2.631088 -1.560792 2.803965
-2.672908 -0.332899 2.133753
-2.628169 -0.977158 2.124495
-2.547911 -0.368180 2.793285
-2.513170 -1.015456 2.794796
-2.542680 -1.033448 2.195180
-2.565491 -2.392494 2.214067
-2.546928 -1.817991 1.566252
-2.531929 -1.804555 1.568620
-2.568284 -1.728839 1.543508
-2.631855 -1.696300 1.511922
-2.652150 -1.104540 1.492690
-2.597077 -1.148757 1.472777
-1.834318 -1.119878 1.437369
-1.789158 -1.607776 1.407224
-1.792731 -1.546921 1.397414
-2.451765 -1.554933 1.401036
-3.127037 -1.576088 1.400554
-3.151953 -1.551659 2.021796
-3.234055 -0.882001 2.648282
-3.339028 -1.561131 2.664857
-3.403770 -2.266264 2.687531
-3.393221 -2.266918 2.684631
-3.360287 -2.197571 3.327903
-3.355302 -2.753213 3.371862
-2.746135 -2.717297 3.484402
-3.365735 -2.082282 3.522944
-3.337835 -2.106585 2.868019
-3.316968 -2.125174 2.886435
-3.335095 -1.483945 2.958623
-2.118724 -1.493306 3.027955
-2.129679 -0.886539 3.019116
-2.093295 -1.540411 2.956925
-2.056329 -1.537395 2.906218
-2.057884 -0.907979 2.999580
-1.385716 -0.892253 2.498403
-1.361045 -0.849880 2.501535
-0.040763 -2.087367 2.447992
-0.051853 -1.558652 1.792609
-0.116799 -1.666740 2.509058
-0.189858 -1.722428 1.875076
1.020919 -1.713900 2.435980
1.021506 -1.710189 2.343371
1.032121 -1.771484 2.339386
1.650704 -1.862201 2.396077
1.657778 -1.865617 2.400123
-0.138840 -1.795258 2.972526
-0.781982 -1.114229 1.023375
-0.819892 -1.794753 1.698104
-1.541652 -1.863190 1.730644
-1.549961 -3.149758 1.690788
-1.513134 -3.081838 1.583596
-1.445229 -2.376114 2.826094
-1.398594 -2.385748 2.810551
-1.987493 -1.789652 2.828852
-1.313395 -2.446014 2.840101
-1.315567 -2.385404 2.831058
-1.311516 -2.367896 2.188925
-1.300056 -1.137010 2.218642
-1.294143 -1.222320 2.928013
-0.667162 -1.235061 2.931864
-1.285537 -1.184715 2.269616
-0.698532 -1.133554 1.662567
-0.665341 -1.154485 2.332673
-1.229968 -1.180946 2.997914
-1.259613 -1.766115 3.053472
-1.367142 -2.313639 3.695940
-1.501018 -1.668543 3.719857
-2.021657 -1.007653 3.754888
-2.622571 -1.015368 3.796531
-2.069933 -0.375437 3.807928
-2.143405 0.954038 3.759830
-2.128583 0.340450 4.950690
-2.655885 -0.251856 4.901718
-2.569503 -0.235277 4.298208
-2.629035 -0.192630 4.322210
-2.161518 -0.136179 3.664572
-1.521437 -0.091103 3.632531
-1.348557 -0.068661 3.613250
-1.372877 -0.074482 3.042663
-0.758580 -0.090620 3.039211
-0.815752 -0.754988 4.185176
-0.783757 -2.050074 3.426450
-0.673826 -2.062855 3.392671
-1.233075 -2.739736 3.438964
-1.948838 -2.738459 4.774286
-2.023250 -2.730884 4.802598
-2.038994 -2.720080 4.806256
-1.303242 -2.727491 5.438086
-1.238321 -2.751997 4.795515
-0.664742 -2.771007 4.808812
-1.449300 -2.793995 4.738190
-1.501490 -2.196663 5.298384
-1.476177 -0.917627 5.212679
-0.776084 0.385567 4.583816
-0.833489 -0.290120 4.676211
-0.955577 -0.288819 4.733976
-0.989664 -0.262980 5.403423
-1.565418 -0.262459 5.432278
-1.528440 0.381122 4.840584
-1.569875 0.368854 4.249199
-1.645339 0.335363 4.876787
