-0.698499 -0.376444 0.725892
-0.706345 -0.369828 0.735319
-0.735992 -1.579637 0.757210
-0.741628 -1.511601 0.753500
-1.349480 -2.186776 1.320523
-1.326374 -2.785450 1.960848
-1.341963 -2.761348 1.980549
-1.383942 -2.689725 2.020631
-1.407171 -2.633865 2.021470
-0.797507 -2.618638 2.009554
-0.154785 -2.611844 0.845601
0.436887 -2.580498 0.294014
0.420633 -2.548946 0.349144
0.447878 -3.161098 0.979666
0.498668 -3.157285 0.999357
0.538634 -3.177766 1.015874
0.554074 -3.233579 0.310648
-0.062807 -3.947456 0.248542
-0.036386 -4.010641 0.258263
0.571614 -4.023825 0.875692
0.529849 -3.323945 1.500725
0.494179 -3.337578 2.079034
0.512454 -3.397158 0.799458
-0.112991 -3.432358 0.804774
-0.152454 -4.048796 0.853463
-1.443421 -3.978707 0.872765
-1.470814 -3.967713 1.461144
-0.774360 -3.323917 1.420960
0.503274 -3.322247 1.429285
0.437650 -3.258531 2.103753
0.349713 -3.176196 2.087071
0.344864 -3.145188 2.032851
0.409556 -1.873319 2.022833
-0.175440 -1.857721 2.081682
-0.213743 -1.846052 2.160076
-0.934689 -1.852011 2.801583
-0.931571 -1.882092 2.140106
-0.819658 -1.916854 1.444096
-0.726720 -2.553338 1.479885
-0.753711 -1.979646 2.831055
-0.820473 -1.982285 2.191160
-0.163361 -2.581459 1.463058
-0.054849 -2.563868 1.435398
-0.014881 -3.162709 2.123128
-0.088584 -1.916484 2.176348
-0.155917 -1.900918 1.535909
-0.113572 -2.511903 1.511971
0.032048 -1.876986 1.501126
0.022867 -1.878993 1.504200
0.535418 -2.477852 1.510778
0.455219 -3.067662 1.498594
0.491762 -3.032880 0.844061
1.908206 -3.639249 0.824324
1.243915 -2.977245 0.137115
1.158200 -2.983670 -0.511865
0.444990 -2.360816 -0.521841
-0.152983 -2.410861 -0.539639
-0.070765 -3.112820 0.085107
-0.696823 -3.125320 -0.578592
-0.739454 -3.099794 -1.230322
-0.088867 -3.712535 -1.233671
-0.092354 -3.084659 -0.621543
0.535820 -3.100374 -0.669036
0.482193 -3.074513 -0.674741
0.414723 -3.016129 -0.648123
0.371643 -3.603859 -0.659505
0.359350 -3.646356 0.526241
0.371553 -3.686490 0.490030
0.402380 -3.662611 0.532759
0.438207 -4.237993 0.597697
0.452980 -3.485776 1.249935
0.425101 -3.457214 1.162867
1.006875 -3.465049 1.087944
1.003367 -4.094990 1.126590
1.023925 -3.460248 2.331784
0.440317 -2.864690 2.316417
0.477103 -2.928443 1.636644
0.520308 -2.990443 1.614585
-0.061490 -2.399100 1.019737
-0.654404 -3.044056 1.059722
0.019487 -3.054729 1.055573
-0.005185 -2.472013 1.007516
0.590731 -2.457689 0.971442
1.225747 -3.049742 0.980355
1.223634 -3.051988 1.019796
1.209123 -3.087846 1.048350
1.185073 -3.112924 1.071188
0.517707 -1.130357 -0.090704
0.540868 -1.106758 -0.043868
1.207884 -1.751338 0.005370
1.208000 -1.112816 0.011729
1.139782 -0.460808 -0.010184
1.018711 -0.462323 -0.016347
0.928921 -0.466449 -0.009184
1.537664 -0.505048 0.610454
0.904959 -0.580884 0.610845
0.213285 -0.640115 0.607918
0.193697 -0.642846 0.616499
0.220530 -1.265070 0.625487
-0.896347 -1.244879 0.628389
-0.826222 -1.903118 0.631439
-0.837669 -2.559775 0.635259
-0.302365 -1.856002 -0.022098
0.281984 -1.815540 -0.045051
0.324652 -1.825950 0.601578
1.050574 -3.162524 0.627430
0.401523 -2.550511 0.649558
0.376606 -1.243515 1.836537
0.396893 -1.809292 1.838973
-0.119536 -2.459844 1.881227
-0.017338 -2.489990 1.942286
-0.004312 -2.491065 1.965140
0.568191 -2.445195 3.179603
0.567989 -1.767268 1.931142
0.643202 -1.782140 1.939254
0.044788 -1.800280 1.953297
0.014043 -1.104510 1.942313
-0.047949 -1.616457 1.247959
-0.025901 -1.584470 1.217541
-0.560850 -1.606161 1.216377
-0.513110 -1.622346 0.626495
-0.540557 -1.618728 0.649676
0.044100 -2.309506 1.273425
0.010246 -1.688983 1.253561
-0.645755 -1.754775 1.251067
-0.671135 -1.768760 1.870515
-0.722345 -2.409619 2.549796
0.518701 -2.364201 2.540245
0.544320 -2.344848 1.877471
-0.753782 -2.992087 1.257927
-0.772463 -1.729175 1.939089
-0.800986 -1.691638 2.607413
-0.812348 -1.686610 1.991701
-0.820945 -1.753733 1.972002
0.410840 -1.827728 1.944598
0.404239 -1.840699 1.342190
0.419293 -1.798819 2.029443
0.436589 -1.777501 1.990732
0.432071 -1.809392 1.903124
-0.210507 -1.842935 1.841347
-0.193317 -3.049502 2.456806
-0.132181 -3.008197 2.403032
0.580471 -4.265156 3.769651
1.231349 -4.316306 3.116697
0.567784 -4.362860 3.054554
0.563280 -4.355634 2.403360
0.585718 -4.319032 2.398370
0.608762 -4.306922 2.410047
0.586517 -4.298155 2.999774
0.541006 -4.252496 3.594859
1.156403 -3.526473 3.583892
1.792172 -3.441191 3.621521
1.804024 -3.402298 3.682047
1.786091 -3.419217 3.707742
1.127767 -3.466093 3.066688
0.550627 -3.504364 3.047496
0.589897 -3.536745 2.455324
0.606104 -3.576529 1.905615
0.574678 -3.625051 1.955411
0.544798 -4.294073 2.592523
0.557388 -4.275790 2.581669
-0.020785 -4.243546 1.957729
0.010849 -4.233482 3.145098
-0.617310 -4.262184 3.147312
-0.621447 -4.304127 3.128314
-0.586679 -4.346358 3.060179
0.094577 -4.386834 3.599630
0.117501 -4.405351 3.572065
-0.551490 -4.389165 3.579374
-0.588296 -4.334830 3.581408
0.055287 -4.272719 3.555404
0.746592 -4.215825 2.866814
1.501870 -4.157392 2.894137
1.505246 -4.099703 2.937831
0.798931 -4.061088 2.400044
0.149835 -4.078106 2.411594
0.852364 -4.120865 1.778886
1.468992 -4.128926 1.815348
1.369650 -4.101058 3.114283
1.264571 -4.068815 3.145593
1.243424 -4.057729 3.168752
1.299901 -4.047710 2.545982
1.342903 -4.015047 3.261638
1.311018 -3.991996 2.080654
1.259495 -4.018108 2.096125
1.924458 -2.876854 2.100740
1.964165 -1.696739 2.095942
1.952925 -1.722146 2.073415
1.856549 -1.729012 2.667553
1.763575 -2.329253 3.256542
1.769874 -2.383462 2.596017
1.858045 -2.405101 1.981282
1.927453 -1.754072 2.584892
1.285491 -0.400389 1.345631
0.667902 -0.361570 1.325359
0.743778 -0.407034 1.968705
0.842043 -0.473077 0.708690
1.535680 -0.469819 0.710917
1.477937 -1.722554 0.698449
1.424314 -1.729954 0.699385
1.439198 -1.781637 0.742027
2.158788 -1.207185 0.157287
2.147189 -1.148098 -0.438467
2.094509 -1.101454 0.197840
2.067504 -1.769107 0.175660
2.081101 -1.847323 0.161941
1.419240 -1.873766 0.762413
1.406711 -1.830317 0.735720
1.323086 -1.777205 0.686194
1.274738 -1.758566 0.645795
1.285078 -1.746069 -0.015402
1.293667 -1.683158 0.007132
0.620681 -1.591826 -0.578705
-0.065278 -1.543016 -0.574178
-0.063966 -1.560787 -0.599980
-0.021162 -1.594066 -0.615893
-0.010223 -1.598618 -0.618653
0.597444 0.171299 0.016600
-0.752410 0.163871 -0.018187
-0.741282 0.154698 -0.063636
-0.090344 0.162049 0.549277
-0.059205 0.179208 -0.042593
-0.040437 0.181319 -0.006556
-0.638731 0.157732 0.635981
-0.618386 0.113803 0.605463
-0.599280 0.077645 0.562944
-0.601074 0.057059 0.555269
-0.619925 0.036896 0.560020
-0.646980 0.014589 1.185046
-0.662545 0.002541 1.132306
-0.650636 -0.557350 1.065947
-0.619996 -1.764626 1.060522
-0.581489 -2.371836 1.694751
-0.579475 -2.346449 1.086439
-1.255881 -2.354927 1.124564
-0.624910 -1.753011 1.126886
-0.628483 -1.775848 1.178895
-0.644197 -2.423180 1.225828
-0.697634 -2.428548 1.230533
-0.745495 -1.761395 1.198324
-0.111277 -1.720127 1.182168
-0.102424 -1.692545 1.219480
-0.107928 -1.682644 1.268963
-0.132731 -1.686393 0.615789
-0.153059 -3.015815 0.576370
-0.177559 -3.030835 0.530422
-0.218063 -3.084030 0.732820
-0.901664 -2.525339 0.747631
-0.900640 -2.537538 0.689471
-0.245842 -2.484103 0.595446
-0.852211 -3.005774 1.158603
-1.494646 -2.970281 1.165903
-2.161603 -2.972831 1.189219
-2.163026 -1.652791 1.175062
-2.154340 -1.610595 0.530100
-1.531144 -1.594790 -0.757821
-1.586682 -1.644672 -0.748774
-1.608224 -1.057686 1.190664
-0.935189 -1.037274 1.789866
-0.909884 -0.954084 1.107135
-0.921388 -0.894633 -0.198506
-1.556806 -1.456008 -0.206138
-1.535044 -1.477062 -0.205934
-1.478729 -1.428270 -0.180818
-1.447228 -1.355226 -0.151142
-1.473564 -1.350707 -0.146648
-1.516677 -1.427046 -0.174996
-0.908097 -2.150041 -0.232183
-0.878140 -2.146575 -0.277394
-0.856889 -2.091725 -0.302926
-0.879962 -2.064050 -0.325040
-0.912311 -2.104821 -0.348136
-0.898940 -2.138249 -0.359058
1.094717 -2.102017 -0.329138
1.098818 -2.039963 -0.266270
1.054154 -1.428121 -0.830209
1.016283 -1.510307 -0.846015
1.048095 -1.581927 -0.873504
1.117148 -1.582052 -0.868241
1.140495 -1.537781 -0.834455
1.100039 -1.531583 -0.827458
1.058208 -1.571998 -0.851675
1.070685 -1.590977 -0.872616
0.463328 -1.551499 -0.841946
0.462077 -1.499050 -0.763989
0.421073 -0.259332 -0.720186
0.385123 -0.336951 -0.741019
0.393471 -0.397617 -0.795003
0.409638 -0.387191 -0.809982
1.019425 -0.345339 0.554369
1.000118 -0.364558 0.561980
0.994535 -0.439284 0.489608
0.960422 -0.474118 0.418546
0.961484 -0.431523 -0.229206
1.626844 -0.367321 0.541165
1.626367 -0.370847 0.591209
0.988286 -0.430540 0.553408
0.984768 -0.464263 0.502599
0.998235 -0.440349 0.523624
1.036276 -0.415494 0.576737
1.079922 -0.455409 0.588993
1.102071 -0.510388 0.552006
1.111071 -0.500297 0.533824
1.122742 -0.430908 0.578379
1.152794 -0.384890 0.637571
1.175983 -0.421535 1.333029
2.449497 -0.474138 1.287808
1.862985 -0.476834 1.248377
1.927367 -1.661326 0.594669
1.973007 -1.687202 0.595079
1.981375 -1.768488 0.572343
1.309098 -1.808017 1.150859
1.289845 -1.748993 1.132026
2.584742 -1.644371 1.139229
2.562555 -1.596573 1.117299
1.239512 -2.198562 1.066734
1.220229 -1.607749 1.015638
1.253195 -1.605489 0.995424
1.298608 -1.598610 0.970725
1.314516 -1.657803 0.918735
1.280878 -1.771035 0.876808
1.249544 -1.832291 0.864713
1.889320 -2.437775 0.882981
1.875639 -3.002970 0.252855
2.480824 -3.001491 -0.380390
2.438187 -3.039668 -0.359945
2.428549 -3.048562 -0.323513
2.458039 -3.015321 -0.308775
2.497310 -2.982175 -0.312952
2.509516 -3.000057 -0.308169
2.487402 -3.031112 -0.923138
2.483573 -1.795557 -0.245750
2.501646 -2.320629 -0.822114
2.508092 -2.279436 -0.789067
2.482364 -2.264014 -0.772826
2.460323 -2.244252 -0.756321
2.490886 -2.212107 -0.752209
3.178334 -2.210170 -0.172120
3.211559 -2.267556 -0.209385
3.211545 -2.344710 0.408090
2.577133 -2.371369 1.070887
2.593449 -2.345201 0.469827
2.619298 -2.329903 1.136231
2.622746 -2.363480 0.526711
2.597792 -3.028472 0.532895
2.585045 -2.986004 1.173040
2.610151 -2.905042 0.543264
2.649878 -2.250565 1.142747
2.682672 -2.281383 0.501222
3.353630 -2.322193 1.129416
3.351859 -1.718849 0.480828
2.679251 -1.669904 0.495669
3.302576 -1.655498 -0.143402
3.305691 -1.050401 -0.113845
3.295048 -1.068941 -0.106749
3.264409 -1.618026 -0.119763
3.235783 -1.581587 -0.129357
3.224361 -1.596697 -0.133825
3.848113 -1.655548 1.184798
3.816478 -0.998939 1.734541
3.739964 -0.993489 0.973899
3.654158 -1.607108 0.970560
3.617067 -1.595792 1.700121
3.634856 -1.586992 1.774284
3.644891 -1.537628 1.780068
3.636917 -1.496048 1.075385
3.631568 -1.487873 1.038716
3.666122 -1.510274 1.048407
3.715703 -1.517438 1.732771
3.746092 -1.504109 1.693946
3.742787 -1.499339 2.208152
3.708608 -1.498168 2.169954
4.940910 -1.478934 2.216032
3.641947 -1.420330 2.315369
3.015735 -1.379194 2.363635
3.008552 -0.181047 2.337290
2.426239 -0.185490 2.290592
2.439612 -0.197243 2.283503
1.808631 -0.819417 2.289266
1.819491 -0.839078 2.871811
1.811542 -0.204133 2.816029
1.796248 -0.188962 2.763441
1.771571 -0.181373 2.765756
1.761856 -0.186837 2.827068
1.770401 -0.211615 2.258886
1.772136 0.992608 2.294193
1.748173 1.042368 2.277139
1.682782 1.098310 2.270623
0.956981 1.106831 2.302501
0.939747 1.084302 3.003813
0.942659 1.069500 3.002616
0.919231 0.442315 2.307982
1.505998 1.148373 2.301103
0.790009 1.164540 2.353883
0.772358 1.124527 2.418524
0.805787 0.472588 2.425073
0.842723 -0.145168 2.387899
0.876943 0.514974 2.376498
0.854036 0.495794 2.405171
0.867528 0.447096 2.423793
0.931048 -0.217686 2.380569
0.991366 -0.204261 2.317188
1.008069 1.087675 2.313727
0.981439 1.069001 1.790753
0.974358 -0.257005 1.223626
1.014849 -0.182305 1.229209
1.066490 -0.126637 1.209702
1.089856 0.442093 1.234982
2.302885 0.364304 1.307082
0.479647 0.348144 1.318675
0.496859 0.379503 1.842651
0.510737 0.388094 1.771402
0.504767 0.339053 1.764900
0.472190 0.275205 1.840692
1.729429 0.261349 1.842783
1.740911 0.865251 1.796514
1.796460 0.850980 1.754356
1.859803 0.792679 1.752255
1.877392 0.735854 0.463330
1.864857 0.117941 0.422746
0.680166 0.150544 0.369699
0.084698 0.143180 0.352351
0.072199 0.095400 0.980499
0.014438 0.062647 -0.265515
-0.651224 -0.536745 -0.879422
-1.276559 -0.488113 -0.905060
-1.239455 -0.498335 -0.938910
-1.851304 -0.540536 -0.930643
-1.828386 -0.539376 -0.920319
-1.224282 -0.478079 -0.342178
-1.244939 -0.431325 -0.387730
-1.267888 -0.449703 -0.389294
-1.282251 0.796174 -0.326904
-1.311080 0.799279 -0.265469
-1.361387 0.848997 -0.876725
-1.415161 0.875493 -0.883717
-2.055981 0.831735 -0.852989
-0.719438 -0.547440 -0.794648
-0.661211 -0.566325 -0.767443
-0.651297 -1.189272 -0.180978
-0.684984 -1.173832 -0.193698
-1.371581 -1.216811 -0.161888
-1.354723 -1.265735 -0.106708
-1.329432 -1.878341 -0.096571
-1.342536 -1.825205 -0.150878
-1.380924 -1.823154 -0.783554
-1.375037 -1.883958 -0.764358
-1.311043 -1.299593 -0.732056
-1.255605 -0.639152 -1.987041
-1.244361 -0.603520 -1.423138
-1.264853 -1.879979 -1.460978
-1.273275 -1.893032 -1.467479
-0.661009 -1.886952 -0.841975
-1.279272 -1.860681 -0.876945
-1.308183 -1.848619 -0.946299
-0.702011 -1.864071 -0.988607
-0.679449 -1.875629 -1.658510
-0.661725 -2.498947 -0.985843
-0.686338 -1.193685 -0.366099
-0.731393 -1.223124 -0.405631
-0.749875 -1.277022 -1.052710
-0.738711 -1.901500 -0.325462
-0.732823 -1.215601 -0.262992
-0.697230 -1.152581 -0.234568
-0.693602 -0.530534 -0.211859
-0.653394 -1.214097 -0.140351
-0.586312 -1.849564 -0.054064
-1.177491 -1.809839 1.235350
-0.539966 -1.786386 1.198015
-0.520243 -1.229940 1.151151
-0.477834 -1.287370 1.135941
-0.428189 -1.306879 1.126497
-0.407182 -1.278497 1.084560
-0.422676 -1.252220 0.994989
-0.433740 -1.273863 0.902660
-1.040459 -1.327707 -1.097564
-1.019694 -2.043364 -2.296594
-0.388388 -2.086754 -2.323727
-0.410372 -2.135770 -2.375308
-0.445776 -2.178442 -2.396103
-1.069050 -2.191590 -1.076267
-1.084209 -2.193253 -1.049012
-1.117969 -1.568906 0.940024
-0.568347 -1.575042 0.987745
-0.616807 -2.201943 -0.813278
-0.638597 -2.136813 -0.758106
-0.635135 -2.082299 -1.405495
-0.636681 -2.031779 -1.428415
-0.665259 -2.087368 -1.416559
-0.712121 -2.090711 -1.380033
-0.749399 -1.415266 -1.376251
-0.764235 -0.716846 -0.762364
-0.779585 -0.686045 -0.781600
-0.815979 -0.704945 -0.768140
-0.846242 -1.319768 -1.389125
-0.831783 -1.305132 -0.762695
-0.125556 -1.302804 -0.801653
-0.648564 -1.362099 -0.821908
-0.569929 -1.466822 -1.454135
-0.538943 -1.550590 -1.450675
0.078468 -0.921154 -1.461473
0.114963 -1.491834 -0.824478
0.208680 -1.476561 -1.441518
0.193403 -1.491738 -1.435596
0.726064 -2.158904 -1.451073
1.296600 -2.130073 -0.133168
1.354005 -2.062925 -0.143589
1.407376 -2.024546 0.432460
1.410146 -2.039417 0.400381
0.741764 -2.076888 0.409903
0.628568 -2.080418 0.469698
0.023517 -2.039761 0.555178
0.042478 -2.007128 0.583627
0.631391 -2.648688 1.164460
0.563782 -2.686744 -0.120731
0.528824 -2.694371 -0.088857
0.576099 -2.685685 -0.039122
1.284218 -2.701122 -0.017860
1.303142 -2.754177 -0.032026
1.268006 -2.806728 -0.053223
1.251242 -2.823748 -0.051050
0.643009 -2.215323 -0.012596
0.659689 -2.186774 0.022884
0.624035 -2.163231 -0.637395
0.583544 -2.145167 -0.648298
0.596548 -2.119594 -1.335160
0.653920 -2.088008 -0.721232
0.699075 -2.082711 -1.434074
0.690785 -2.094934 -0.847922
0.674885 -2.111522 0.419432
0.697546 -2.110663 0.381271
1.390946 -2.084457 0.364180
1.382427 -2.070637 0.994805
1.321526 -2.077069 1.032818
1.293812 -2.097052 1.065155
0.659751 -2.099266 1.046671
0.055806 -2.030497 1.031053
0.078064 -2.077658 -0.243420
0.039260 -2.143293 -0.212463
0.007677 -2.179233 -0.212524
0.689841 -2.157618 0.394527
0.725572 -2.121934 0.434114
0.717286 -2.123470 -0.147396
0.670373 -2.789085 -0.684061
0.653223 -2.784741 -1.983255
0.695839 -2.078720 -2.710546
0.162146 -2.022677 -3.927791
0.187823 -2.677144 -3.942299
-0.467610 -2.731165 -3.961036
0.127707 -2.105983 -3.994826
0.134480 -2.081200 -3.404618
0.110858 -2.068733 -3.389004
0.053831 -2.093661 -3.965874
0.007705 -2.111368 -4.606700
0.010806 -2.083369 -4.642607
0.034851 -2.040865 -4.667317
0.035104 -1.418440 -4.643722
0.021022 -2.090915 -5.225678
0.012699 -2.123791 -4.590078
0.033755 -2.088474 -4.630688
0.698936 -1.423457 -4.079274
0.016167 -0.746981 -3.454169
-0.038726 -1.383825 -4.057104
-0.072084 -1.365466 -2.186301
-0.059819 -1.282809 -2.239769
-0.035298 -1.198717 -2.323540
-0.013494 -1.185476 -2.377486
0.059983 -1.234434 -2.401999
-0.499642 -1.283569 -2.418263
-1.147562 -2.615865 -2.458466
-1.138019 -1.933924 -1.883677
-1.134948 -1.930396 -1.934684
-1.127774 -1.929176 -1.927222
-0.523130 -1.912710 -1.863445
0.145291 -1.877964 -1.809950
-0.528660 -1.841731 -1.790949
-0.498820 -1.816567 -2.381630
-0.450118 -1.812328 -2.893272
-0.408531 -1.836959 -2.779294
-0.394377 -1.887489 -2.700868
-0.403067 -1.941266 -2.042805
-0.423449 -1.962479 -2.066602
0.184425 -2.552748 -1.448463
0.151230 -2.558647 -1.385151
0.141379 -3.229582 -1.319352
0.794803 -3.263949 -2.587293
1.465323 -2.633505 -2.045479
0.814379 -2.611454 -2.097682
0.776652 -3.220180 -2.065696
0.737772 -3.223570 -1.988309
0.749020 -1.995844 -1.964636
0.786455 -1.974410 -2.012358
0.791636 -1.950886 -1.435926
0.745173 -1.952287 -1.423460
0.705271 -2.605340 -1.377832
0.717048 -1.931809 -1.377204
0.750998 -1.891220 -1.429370
0.761087 -2.531843 -1.491539
0.739441 -2.560987 -2.132779
0.732483 -2.577468 -2.089187
0.770104 -1.932017 -1.441488
0.825079 -1.932227 -2.746414
0.228248 -2.595110 -2.811948
0.209765 -2.629233 -2.844485
0.192604 -2.628159 -2.839475
0.218692 -2.588974 -2.837789
0.265131 -1.933065 -2.870656
0.281416 -1.944020 -2.924890
0.255735 -2.591683 -2.960094
-0.430809 -2.580801 -2.353391
-0.384619 -1.932691 -2.355630
-0.326864 -1.951807 -1.740030
0.359926 -2.576465 -1.747812
0.316682 -3.829962 -1.723146
0.267157 -3.799812 -1.674651
0.254607 -3.772557 -1.642222
0.262987 -3.810524 -1.627049
-0.393353 -3.833815 -2.251683
-1.081537 -3.821946 -2.189782
-0.482336 -3.805069 -1.496924
-0.463619 -3.834017 -1.503432
-0.442297 -3.882991 -1.498889
-0.450767 -3.901209 -1.437530
-0.478354 -3.252658 -1.359056
-0.490793 -3.281862 -1.338994
-0.466740 -3.336442 -1.359368
-0.436931 -3.361037 -1.348979
-0.421202 -2.679442 -1.297568
-0.411454 -2.619463 -1.275925
-0.391037 -1.988875 -1.334669
-0.352406 -2.033495 -1.414353
-0.327405 -2.063108 -2.015409
-0.322274 -2.670221 -2.061603
-0.330279 -3.213124 -2.036209
-0.984584 -3.897887 -2.096811
-0.375066 -3.290630 -2.142788
0.236978 -4.596392 -2.776717
-0.411132 -3.938853 -2.746752
-0.452142 -3.233224 -2.751686
-0.474295 -3.244607 -2.149102
0.149381 -3.258580 -2.818759
0.145124 -3.229181 -2.809422
-0.493733 -1.363296 -2.793929
-0.530358 -2.588817 -2.811438
0.085743 -1.304681 -2.190406
-0.522337 -1.297662 -2.840557
-1.170791 -1.257638 -2.813328
-1.220220 -1.220764 -2.800022
-1.265107 -1.201809 -2.159197
-0.655620 -1.196094 -2.159883
-0.659108 -1.172746 -2.759861
-1.283510 -1.140879 -2.719405
-1.295195 -1.130224 -2.068755
-0.687890 -0.509731 -1.433890
-0.692386 -0.506462 -2.049655
-0.687022 -0.503431 -0.074804
-1.925508 -0.500119 -0.665133
-1.261668 -0.498247 -1.290263
0.021952 -1.165220 -1.268003
0.078754 -1.788526 -1.309581
0.144968 -1.824224 -1.283746
0.175628 -1.852755 -0.664256
0.199892 -1.864874 -0.012335
0.833305 -1.845772 -0.012112
0.871199 -1.827896 -0.695668
0.893686 -1.834013 -0.122071
0.861645 -2.481750 -1.319290
0.837313 -2.443194 -1.281129
0.805676 -2.381573 -0.629305
0.799554 -2.380739 -1.307891
0.802069 -1.831097 -1.971318
0.796508 -1.227611 -0.701132
0.772616 -1.201462 -0.009195
0.738137 -1.776425 -0.045117
0.711631 -1.797217 -0.710754
0.702926 -1.883936 -0.777573
0.086538 -1.954499 -2.080620
0.059920 -1.949593 -1.414690
0.039358 -1.920293 -1.380674
0.043154 -1.943124 -2.016248
0.690861 -2.011170 -1.366876
0.007166 -2.666558 -1.340633
-0.044296 -3.302329 -1.275942
1.187263 -3.292605 0.080022
1.111704 -2.734770 -0.578163
1.114632 -2.172961 -0.646129
0.506404 -2.223127 -1.275256
-0.155472 -2.185046 -1.213117
-0.206874 -2.127824 -0.513119
-0.241018 -2.114565 -1.185244
-0.216130 -2.119253 -1.221567
-0.145218 -2.079146 -1.217503
-0.084164 -2.638854 -0.534721
0.547727 -3.226445 0.094588
-0.092170 -2.554920 -0.000673
-0.073611 -2.545270 -0.763725
-0.014395 -2.506843 -0.771129
-0.552678 -2.456511 0.573153
-0.552998 -1.807969 -0.635362
-0.586517 -1.807338 -1.344843
-0.572309 -1.800470 -2.076438
0.111461 -2.418436 -1.392510
0.803306 -2.417321 -0.686882
0.767517 -0.502890 -0.695981
0.686315 -0.514391 -2.121428
0.645086 -0.492705 -2.186343
0.649220 -0.479816 -2.155622
0.647333 -0.463066 -2.090255
0.599401 -0.485258 -2.722468
0.535766 -0.472817 -3.935587
1.141125 -1.042524 -3.264968
0.552850 -0.989746 -3.213914
1.203138 -1.001591 -3.188730
1.167854 -0.414327 -3.237182
1.704505 -0.437633 -3.308649
1.674505 -0.406383 -3.323968
1.076395 0.276460 -3.306473
1.084665 -0.415769 -3.297376
1.691501 -0.473495 -3.319900
1.018571 -0.566706 -3.347715
1.036058 -1.193383 -3.358694
1.085050 -0.531862 -3.361202
-0.101651 -0.553580 -3.361218
-0.064553 -1.309098 -2.135620
0.565019 -2.030698 -2.153613
-0.015711 -2.008899 -2.162032
-0.006707 -1.939955 -2.131474
-0.652097 -1.910972 -2.060649
-0.665441 -1.951760 -2.014990
-0.661728 -1.993896 -2.012209
-0.641352 -0.677936 -1.363663
0.020710 -0.623939 -0.725730
-1.262806 0.639869 -0.669610
-1.252382 -0.042079 -0.677515
-1.241198 0.522235 -0.751743
-0.010724 0.449013 -1.437401
-0.060187 0.449429 -1.350964
-0.130710 0.453569 -1.871236
0.477039 0.415502 -3.068704
1.083180 0.871927 -3.766420
0.429328 1.503801 -2.538400
0.378728 1.563046 -1.284680
0.994336 0.950491 -0.564785
2.200382 0.920098 0.109833
2.163092 1.460717 0.060443
1.516174 1.392402 0.038016
3.328243 0.136247 0.094057
3.270851 0.161336 0.179103
2.637088 0.156083 -0.439412
3.255597 0.113908 -0.484667
3.275968 0.104726 0.709627
3.315708 0.167072 1.362469
2.702635 0.257750 1.382169
2.104942 -0.340848 1.336782
2.785475 -1.032824 1.278509
2.826171 -1.072840 1.890448
2.213960 -1.051529 1.874019
2.222893 -0.991047 1.838734
2.230168 -0.978209 1.790813
2.237703 -0.993388 1.754500
1.025599 -0.967927 1.751365
1.010888 -0.895150 1.766407
0.969635 -0.839897 1.773804
0.959379 -0.848257 1.107399
0.992670 -0.881473 0.477533
1.011890 -0.902400 0.458862
2.879186 -0.252443 0.457046
2.809997 -0.251764 1.183741
3.366429 -0.259043 1.219099
3.399554 -0.251980 1.242364
3.442130 0.427814 1.276052
3.442598 0.483907 1.974767
3.417554 0.518670 1.408043
3.446231 0.524727 1.416547
3.523598 -0.075600 1.368099
3.558152 0.619689 0.689432
3.512203 0.651680 0.708017
3.435336 0.663690 0.797920
3.396338 0.661615 1.447148
3.399672 -0.000416 1.356686
3.405018 0.036187 1.928183
2.745908 0.071584 0.760553
2.724883 0.751829 0.825561
2.743591 0.044725 -0.408723
3.445262 -0.000674 -1.654410
3.468644 -0.017017 -1.725307
2.816798 -0.004280 -1.720820
2.776436 0.658696 -1.689071
2.757757 1.255512 -1.705147
2.767464 -0.035336 -3.021463
2.789630 -0.030753 -2.985210
2.805697 -0.004887 -2.904818
2.815236 -0.008767 -2.831316
2.829827 -0.055165 -2.829491
2.846037 -0.113001 -2.227465
2.841213 -0.121475 -2.245676
2.788793 -0.084787 -2.231187
2.702752 0.607629 -2.221004
2.623995 0.605764 -2.226827
2.598614 -0.661549 -2.210627
2.606876 0.058796 -2.170856
2.601329 0.133616 -2.150401
1.928669 0.148721 -1.532008
1.913859 0.101871 -1.594008
1.928182 0.063562 -1.028716
1.951134 0.069986 -1.665065
2.636995 1.356359 -0.456623
2.627822 0.708271 -0.504320
2.633334 0.713011 -0.531223
2.655113 0.728248 -1.116608
2.671031 0.764567 -1.104574
2.034882 0.807348 -1.150528
2.070208 1.492458 0.013843
2.738261 1.456947 -0.036483
3.426652 1.415817 -0.048946
2.787170 1.405266 -0.055650
2.752977 1.408384 -0.077145
2.717874 1.399771 -0.094872
2.712052 1.366547 -0.654084
3.363806 1.326858 0.682441
3.989898 1.309678 0.092323
2.582535 1.309813 0.688160
2.577507 0.639491 0.621573
2.613940 0.559427 -0.001129
2.621085 0.486196 0.042500
2.585820 0.467587 0.122069
2.563805 0.503431 -0.488428
2.596566 0.531203 -0.493542
2.639703 0.528267 -0.478981
2.633667 -0.130797 -0.410450
2.602811 -0.115910 -0.335776
2.608822 0.601325 -0.336279
1.435712 1.275305 -0.417251
1.467640 1.265467 -0.474426
0.849208 -0.102347 -0.452014
0.178583 -0.803376 0.819955
0.189424 -0.813901 0.842144
0.211400 -0.812921 -1.010783
-0.412266 -0.825719 -0.442376
0.161533 -0.880693 0.162578
0.125462 -0.251736 0.155937
0.108843 -0.263378 -0.481904
0.106599 -0.242474 -0.559286
0.087817 -0.233589 -0.617381
0.055301 -0.928853 0.012354
0.023454 -0.995714 -0.515182
0.007058 -1.013264 -0.435532
0.001018 -0.975758 -1.015458
-0.000290 -0.930320 -0.400361
0.005184 -0.922191 0.160913
-0.000781 -0.933171 0.133491
-0.011371 -0.236427 0.110275
-0.005384 -0.171428 0.047525
0.016247 0.523112 -0.015797
0.037557 0.504475 -0.030620
0.023108 -0.183298 0.033708
1.237344 -0.151468 0.690296
1.212867 1.231690 0.685840
1.187048 1.946117 1.271561
1.167259 1.925459 1.217940
1.145778 1.226613 1.210098
1.780650 1.238971 0.536849
1.753402 1.259491 -0.010282
1.091056 1.237506 -0.636610
1.093356 1.175350 -1.232826
1.076580 1.127651 -1.151800
1.033749 1.121836 -1.093066
0.993683 1.132679 -0.402261
0.998734 0.503169 -0.376187
0.389486 0.494384 -0.375948
1.003584 0.493680 -1.057133
0.944855 0.506558 -0.476408
0.885401 0.513395 -0.517115
0.880017 0.486951 -0.511666
0.916242 0.451775 -0.480632
0.927967 0.439574 -0.468019
-0.304993 1.070757 -0.496420
-0.353012 1.087255 -1.170167
-0.355181 1.749815 -1.162826
0.291539 1.735235 -0.546958
-0.293672 1.739663 -1.228684
0.314008 -0.248003 -0.692079
-0.968649 -0.238017 -0.721971
-0.909057 -0.259654 -0.675210
-0.139366 -1.542617 -1.251382
-0.713405 -1.523767 -1.220289
-0.713575 -0.844877 -2.480725
-0.712529 -0.807257 -2.450058
0.003816 -0.833032 -2.403662
0.118871 -0.867667 -1.071915
0.176873 -0.847558 -2.335818
0.175480 -0.792578 -1.076251
0.175974 -0.770492 -1.074519
0.237752 -1.405597 -1.044121
0.333077 -1.445713 -0.997431
0.363884 -0.816416 -1.586328
-0.906160 -0.770688 -1.598157
-0.929589 -0.764469 -1.607142
-0.900874 -0.809460 -1.611947
-0.847171 -0.843342 -1.639901
-0.819965 -0.827656 -2.323002
-1.490103 -0.799451 -2.389481
-1.498481 -0.801235 -2.429606
-1.468784 -0.831616 -2.451747
-1.440006 -1.451067 -1.870641
-1.455286 -1.407793 -2.550312
-1.496459 -0.729789 -3.183435
-1.503390 -0.694761 -3.184218
-0.846134 -0.707588 -2.584024
-2.058797 -1.358522 -2.621015
-1.452066 -1.328919 -0.763509
-1.457421 -1.284735 -1.396619
-1.429009 -1.269199 -1.401058
-1.405049 0.005126 -0.117577
-0.840087 -0.025792 -0.103457
-0.905343 -0.037052 -0.061702
0.241600 -0.031248 -1.207452
0.250553 -0.047757 -1.124285
0.259348 -0.099297 -1.749694
0.217034 1.138611 -2.409173
0.791679 0.447477 -1.152532
0.797054 0.427455 -1.136161
0.840934 0.409619 -0.531282
0.850769 0.401260 0.019535
0.790323 0.399798 -0.009476
0.714527 0.387610 -0.645609
0.688327 0.349133 0.004712
0.101402 0.293276 -0.612881
0.111742 0.253162 -1.266768
0.086154 0.252920 -0.685482
-0.600433 0.266842 -0.055595
-0.558360 0.264796 -0.036911
-0.468860 -0.399547 -0.676852
-0.405093 -0.390918 -2.028499
-0.403642 -0.359881 -2.039598
0.251347 -0.356661 -2.013053
0.279786 -0.408739 -1.991097
0.348311 -0.473716 -2.610267
0.411991 -0.499836 -2.624433
0.417845 0.177201 -2.622816
0.397260 0.178370 -2.623812
0.408281 0.158520 -2.663518
0.459356 0.150257 -2.708191
0.496229 0.171092 -2.723218
1.083741 0.207617 -2.101845
-0.206848 0.217379 -2.117252
-0.890028 0.201317 -2.158899
-0.899576 0.187307 -2.205387
-0.918066 0.179362 -2.231575
-0.969675 0.170889 -2.230960
-1.685084 0.171042 -1.616235
-1.679334 0.192947 -2.269852
-1.640434 0.226833 -2.299919
-1.637077 0.259295 -2.907786
-2.271158 0.284991 -2.291501
-2.295106 0.318837 -4.065411
-1.660478 0.367891 -3.472277
-1.639331 0.403270 -3.489472
-1.657916 0.394242 -3.465788
-1.686813 0.367615 -3.414865
-1.672889 0.380052 -2.148707
-1.621355 0.442365 -2.179758
-1.598449 0.512637 -2.842402
-1.620966 0.548849 -2.803389
-1.018090 0.566528 -2.734432
-0.351289 0.591856 -2.122309
-0.314293 0.618196 -1.489496
-0.333474 -0.599557 -1.512988
0.237995 -0.604469 -0.189236
-0.377210 -0.617974 -0.175772
-0.960829 0.585628 -1.455050
-0.905292 0.582944 -2.068713
-0.277890 0.596114 -1.431870
-0.298844 0.618087 -1.452225
-0.294136 0.628644 -1.451239
-0.239297 -0.059708 -1.435077
-0.196600 -0.123986 -2.729120
-0.207009 -0.157204 -2.121821
-0.252207 -0.773233 -2.149970
-0.271440 -0.777567 -2.153084
-0.235801 -0.807191 -2.107423
-0.207039 -0.840244 -1.379259
-0.219266 -0.849762 -2.015858
-0.244574 -0.828375 -1.990064
-0.226607 -0.803590 -1.943264
-0.181543 -0.805520 -2.428324
-0.158175 -1.470373 -2.396099
-0.170654 -0.824763 -2.445081
-0.278441 -0.823264 -1.220191
-0.263316 0.478330 -1.887295
-0.236049 0.463515 -1.927125
-0.226721 0.436670 -1.337292
-0.233863 0.442087 -2.819339
-0.248444 0.489206 -2.310044
-0.233503 0.525404 -3.007174
-0.201196 0.494527 -3.628676
-0.166175 -0.875441 -3.699793
0.474128 -0.913086 -3.112902
0.463354 -0.928221 -2.541286
0.466982 -0.902271 -2.541595
