-0.071475 2.328873 -0.760031
0.594394 2.343832 -0.167260
0.599037 2.942697 -0.135978
0.616693 2.953993 0.543821
0.651064 2.333830 0.543222
0.037692 1.666226 0.488895
0.058443 1.622425 1.075512
-0.550344 2.202096 1.059384
-0.532407 2.179941 1.085174
-0.535208 0.326547 1.109760
-0.541130 1.038405 0.414347
-0.527528 1.627145 0.376432
-0.484722 1.604329 0.352376
-1.105609 1.629285 0.356850
-1.100536 1.688886 0.357616
-0.437405 1.704487 0.318946
-0.430400 0.418383 0.267121
-0.402013 0.394167 0.258566
-0.398014 0.433391 0.971717
-0.428686 0.536941 1.047812
-0.462752 1.163592 0.388372
0.168079 1.126044 0.394217
0.202475 1.100447 1.062201
0.224478 1.728291 1.695449
0.207540 1.712409 1.092114
0.171159 2.272522 -0.176902
0.151883 2.867289 -0.184533
0.154841 2.863275 -0.180257
0.147364 2.907082 -0.133648
0.104840 2.925489 -0.058884
0.055936 1.592187 0.596530
0.054413 1.555421 0.598085
0.101668 2.205169 -0.623296
0.131429 2.230414 -1.221506
0.120837 2.198039 -1.216264
0.121667 2.103234 -1.223340
0.155699 2.036482 -1.891556
0.188017 2.043978 -1.334193
0.178397 1.427575 -1.349027
0.133097 1.419166 -0.093942
0.103831 2.020594 -0.075704
0.119229 1.394147 -0.689835
0.160316 2.115821 -1.371176
0.187065 2.180724 -0.760874
0.193750 2.181597 -0.711326
0.200269 2.779876 -0.668327
0.197456 2.762202 -0.701884
1.361021 2.156295 -1.399308
1.334214 1.541492 -1.422461
1.313872 0.920522 -0.724385
1.307044 0.895654 -0.675066
1.318716 0.290070 -0.700861
1.342718 0.360897 -0.159349
1.363927 0.405063 -0.183908
1.382790 0.385526 0.489886
1.405133 0.984356 0.503630
0.129736 0.933908 -0.225291
0.124290 0.925794 -1.549048
0.106223 0.946228 -2.216457
0.114288 1.605121 -2.169505
0.151001 1.617505 -2.140423
0.177603 1.026475 -1.544606
0.176034 1.094112 -1.572468
0.169692 1.141804 -1.575369
0.186054 -0.105813 -2.185549
0.205180 -0.147076 -0.866604
0.174698 -0.201227 -0.232797
0.107243 -0.233045 -0.261165
0.067967 -0.889280 -0.871988
0.084219 -0.891046 -0.823278
0.112661 -0.912653 -0.162634
0.106325 -0.918949 -0.131204
0.083182 -0.889906 -0.727184
0.090322 -0.831344 -0.692203
0.142512 -0.793598 -0.005255
0.193314 -0.813888 -0.616196
0.204872 -0.178025 -0.602935
0.191601 -0.180594 -1.247063
0.182955 -0.169196 -1.259840
0.188981 -0.206043 -0.646586
0.203204 -0.294293 -0.664600
0.221843 -0.972794 -1.932814
0.242924 -0.951684 -1.954730
-0.381739 -0.885267 -1.367875
-0.396303 -0.234153 -1.404396
-0.422037 -0.870067 -1.407045
-0.455241 -0.863066 -1.415109
0.153407 -0.854654 -0.191314
0.092744 -0.210744 -0.252863
0.010067 -0.236730 -0.891603
1.280429 -0.958093 -1.522714
-0.101051 -1.599566 -0.859092
-0.104289 -0.874380 -0.257825
-0.091190 -0.136040 -0.269657
-0.692113 -0.125160 -1.503758
-1.980089 1.163814 -1.464766
-1.924307 1.168732 -0.760004
-1.856876 1.801105 -1.408653
-1.177389 1.753180 -1.471320
-1.195585 1.016691 -0.265358
-1.186858 0.966446 -0.322754
-1.122963 0.330791 0.268405
-1.063835 0.342189 0.253083
-1.081689 0.345881 0.244599
-1.124792 0.323947 0.220479
-1.120173 0.329649 0.849924
-1.670474 0.388736 0.825596
-1.641779 0.446815 1.490347
-1.022112 -0.190681 1.455385
-1.059137 -0.218309 0.751656
-0.459745 -0.811009 0.737457
-0.442352 -0.755762 1.423729
-0.440095 -0.123551 1.469378
-0.476195 0.483037 1.499279
-0.516633 -0.157930 0.869710
-0.520201 -0.780648 0.883348
0.838321 -0.112513 1.515455
0.841173 1.189120 1.485706
0.797771 1.861508 0.826161
1.337027 1.232123 0.805145
1.357728 0.562282 0.781316
1.406081 1.150420 0.763492
1.432164 1.111838 2.049349
1.433965 0.444559 1.463096
1.441896 0.384841 0.872031
0.209375 0.985698 0.859511
0.264742 0.347949 0.167246
0.287051 0.359154 0.778250
0.261753 0.371797 1.527152
0.224604 0.373898 0.906166
0.225566 0.377821 1.539952
0.273784 0.968860 1.517720
0.313965 0.350635 1.623980
0.294277 -0.925888 1.067490
0.892404 -0.951968 0.423716
0.900032 -0.959808 1.094545
0.958524 -0.955374 0.466782
0.968288 -0.931228 0.514755
0.888711 -0.910135 1.175325
0.790763 -0.918046 -0.158499
0.761454 -0.334065 0.470009
0.796306 0.902935 -0.104836
0.180322 0.907892 -0.720121
0.168804 0.925359 -0.735998
0.153200 0.922718 -1.436094
-0.434169 1.536524 -1.440602
-0.365069 1.537613 -1.390342
-0.334809 0.973132 -0.710654
0.287966 1.033162 -2.026032
0.238147 1.046950 -2.084356
0.221030 1.051307 -2.098616
0.228775 1.082672 -2.089305
0.241360 1.150628 -1.497897
0.245729 0.568438 -1.533900
0.264949 0.539738 -0.932998
0.313476 0.514817 -0.279744
0.341020 -0.107003 -0.897961
0.314345 -0.714344 -0.913560
0.253203 -0.699685 -0.315762
0.194471 -0.698414 0.850625
0.143659 -0.683303 2.134621
0.097612 -0.667155 1.458992
0.061042 0.584079 0.832122
0.034601 1.216560 1.453067
0.675159 0.556762 1.471966
0.694297 0.561817 0.234630
0.712438 0.597762 0.256653
0.712236 0.657640 -0.338661
0.693396 0.710220 -0.922291
0.678909 1.383705 -0.908126
0.070341 1.381459 -0.883166
0.088198 2.007450 -0.859174
0.103538 1.385546 -0.825484
0.109185 1.969239 -0.776108
0.122238 1.933197 -0.714850
-1.086629 2.552268 -0.676935
-1.050053 1.942933 -0.674136
-1.032517 1.980191 -0.696231
-1.031996 1.989736 -0.110728
-1.033084 1.963982 -0.154305
-1.034076 1.938822 -0.180292
-1.042820 1.941609 0.430506
-1.071363 1.947800 1.019849
-1.107071 1.926393 1.029676
-1.125927 1.219734 -0.154406
-1.124851 1.174924 -0.168852
-1.129386 1.161480 -0.193558
-1.149064 1.183586 -0.194471
-1.175933 1.833070 -0.176086
-1.201687 1.797974 -0.185683
-1.216239 1.755762 -0.231635
-1.232020 2.381706 -0.286539
-1.244702 1.757808 0.188648
-1.236324 1.747579 0.169028
-1.207556 1.670827 0.809910
-1.169713 1.606616 0.800061
-1.142769 1.578884 0.802962
-1.129575 1.579877 0.807477
-1.129572 1.566126 0.173508
-1.139538 1.542792 0.157923
-1.155587 1.527488 0.133762
-1.179215 2.164609 0.144484
-2.491242 2.116223 1.428777
-1.847160 2.062143 0.812089
-1.183451 2.046750 1.487997
-1.177968 2.745769 1.525332
-1.196705 2.779851 2.265212
-1.219923 2.779788 1.661351
-1.224691 2.763798 1.665817
-1.220777 2.774373 0.998375
-1.243556 2.813543 2.267828
-1.293367 2.836570 2.305008
-1.327837 2.794947 2.363434
-1.313325 2.716197 2.387920
-1.273974 3.330097 1.759621
-1.258892 3.367143 1.766103
-1.272481 3.439779 1.782525
-1.275900 3.487918 1.154960
-0.613897 2.200410 1.116684
-1.207512 2.234363 1.079218
-1.209781 2.350231 -0.293589
-1.245945 1.118105 -0.929474
-1.250224 1.122307 -0.920159
-0.517877 1.675652 -0.903284
-0.480819 2.249451 -0.887548
-0.502599 2.293300 -0.878026
0.784568 2.391563 -0.879991
0.779541 1.752491 -0.876358
0.813633 2.352926 -0.871762
0.781844 2.323602 0.387634
0.044428 1.739454 0.965559
-0.042664 1.821588 0.934874
-0.015220 1.215429 0.932047
0.061731 1.773103 0.333237
0.072258 1.024243 0.357755
-0.627228 1.012759 0.360852
-0.656172 1.040399 0.971528
-1.246038 1.030264 0.314045
-1.179619 0.992045 -0.962747
-1.191820 1.602871 -0.346945
-1.259838 1.662767 -0.968246
-1.276970 1.054565 -0.987759
-1.212638 1.696827 -1.609960
-1.153890 1.625187 -1.603624
-1.167515 1.563868 -1.565156
0.651761 1.555710 -1.514046
0.639791 1.556542 -2.723982
0.693495 0.876843 -2.739481
0.727970 -0.425623 -0.850019
0.700521 -0.409505 -0.892395
0.640192 -0.375488 -0.248445
0.610162 -0.383078 -0.254905
0.618909 -0.451955 0.906445
0.616785 -0.529958 0.301641
0.589514 -0.560192 0.339874
0.552358 -0.557755 0.414349
0.536187 -0.565636 0.461780
0.538394 -1.216724 0.453123
0.548849 -1.242119 0.423881
0.563902 -1.844930 0.375265
1.192412 -1.778157 0.369160
-0.087161 -0.399664 -0.274047
-0.088470 0.301487 -0.319559
-0.098669 0.302816 -0.314574
-0.094147 0.946395 -0.244030
-0.684223 0.987660 -0.185873
-0.666198 1.025614 -0.170394
-0.665218 1.645365 -1.460771
-1.335207 1.643978 -2.142745
-1.315814 1.635820 -2.764995
-1.295314 1.034244 -2.763718
-1.293199 1.705712 -2.194540
-1.294848 1.739469 -2.148949
-0.691727 2.960625 -1.546969
-0.640623 3.557886 -0.281898
-0.608947 2.887781 -0.245744
-0.563365 2.896904 -0.241763
-1.768170 2.917486 -0.281575
-1.715935 4.137008 -0.987399
-1.692668 1.522486 -0.377515
-1.677599 1.506765 0.220478
-2.275065 2.196746 -0.432309
-2.229058 2.240963 -1.141298
-2.188288 1.578513 0.157504
-2.186620 1.534382 0.799807
-3.406289 1.497720 0.865455
-3.360259 2.192807 0.885540
-3.298952 2.257318 0.831187
-3.262471 1.615039 0.758122
-3.270830 1.591915 1.358198
-2.673248 2.910154 1.357005
-2.663787 2.961923 0.130526
-2.674625 3.029012 0.605335
-2.725364 3.031748 -0.063130
-2.778460 2.980468 -0.026337
-2.794144 2.324919 0.681245
-2.774512 2.953055 0.084164
-1.500756 3.615556 0.706733
-1.540350 3.634642 0.688702
-1.558110 2.388698 0.702210
-2.214437 2.395637 0.710834
-2.249673 1.783542 1.345698
-2.318406 1.806969 1.913287
-2.358103 1.775965 1.911179
-2.331049 1.742504 1.357092
-1.663277 1.745916 0.814233
-1.659000 1.768002 0.866839
-1.687088 0.510317 1.505856
-1.684670 0.517400 1.533818
-1.637070 0.536186 0.954493
-0.976634 0.545197 0.358895
-1.032206 1.135536 0.322384
-1.740512 1.093568 0.279248
-0.417818 1.046106 0.868709
0.229420 -0.819594 0.852320
0.264100 -0.809089 0.231407
0.237242 -0.184554 0.227049
-0.470542 -0.210336 -2.860922
-0.488986 -0.225255 -2.842341
-1.080340 0.373200 -2.861806
-0.434070 0.392360 -3.492573
-0.475148 -0.261171 -3.520955
-0.527901 -0.319665 -2.915126
-1.156238 0.295919 -2.907684
-1.741851 0.324470 -2.899463
-1.730514 0.359408 -3.525806
-1.727585 0.366079 -3.562077
-1.705064 0.353060 -2.957795
-1.657612 -0.954161 -2.958056
-2.279679 -0.957177 -3.581497
-2.906929 -0.946465 -2.988759
-2.892594 -0.973310 -3.035642
-2.201225 -0.353045 -3.028085
-0.960868 -0.396178 -2.979630
-1.580321 -0.387002 -2.943476
-0.975477 -0.967665 -2.953119
-0.962259 -0.975541 -2.345364
-0.915481 -0.993638 -0.361105
-0.285687 -0.986765 -0.300326
-0.885771 -2.272200 -0.310607
-0.895148 -4.163850 -0.381643
-0.881198 -4.191789 -0.445165
-0.843077 -4.225313 -0.456344
-0.831161 -3.628875 -0.433149
-0.847450 -2.967507 -0.431384
-0.859259 -2.960455 0.149387
-0.825367 -2.961303 0.143431
-0.781905 -3.547802 0.184735
-0.789339 -3.505280 0.225678
-0.828584 -3.519111 0.199226
-0.840135 -3.612605 0.127244
-0.169631 -3.663648 0.075486
-0.155293 -3.631451 -0.572351
-0.193756 -3.550546 -0.558667
-0.250195 -3.569769 -0.589599
-0.254215 -2.959662 -1.801981
-0.826612 -2.347850 -1.789502
-0.786670 -2.295565 -2.424758
-0.190988 -2.887409 -2.451585
-0.236935 -2.330830 -2.480368
-0.212729 -2.443834 -2.475795
-0.140884 -2.504105 -2.455464
0.502699 -2.488708 -2.448038
0.468601 -1.840768 -2.472614
1.094090 -1.896292 -2.477340
0.537793 -1.955970 -2.431728
1.252268 -3.279479 -2.390678
1.290271 -3.183545 -3.619480
1.250127 -3.143195 -3.009843
1.218570 -3.198528 -3.590616
1.257569 -3.244341 -3.549781
1.338718 -1.336059 -3.533329
1.366854 -1.294136 -3.557823
0.671361 -1.290859 -3.583634
0.625421 -1.954612 -2.984701
0.666602 -1.904819 -2.969808
0.749824 -1.823869 -3.667440
0.762546 -1.786897 -2.988212
0.686532 -1.824930 -3.039708
0.611432 -1.869542 -3.092758
0.606392 -1.235982 -2.540819
0.625891 -1.203531 -2.591799
0.584169 0.008701 -3.863171
1.085151 -0.058098 -2.616468
0.425675 -0.083298 -1.893046
0.453663 -1.241179 -1.848334
1.711336 -1.144329 -1.839054
1.674715 -1.120079 -1.823018
1.594241 -1.181007 -2.387904
0.878843 -1.227314 -1.716846
0.925336 -1.209587 -1.733695
0.349137 -2.347259 -1.787984
0.308954 -1.714933 -1.802438
0.258890 -1.781599 -1.090777
0.275011 -1.779703 -1.005472
0.348154 -2.353955 -1.007152
-0.194824 -1.660454 -1.027708
-0.201242 -2.944163 -1.050439
-0.212720 -3.008285 -1.046830
-0.188110 -3.019054 -1.055008
-0.147739 -2.981537 -1.099854
-0.161709 -2.351372 -1.163740
-0.229933 -2.409811 -1.202533
-0.275224 -1.859128 -1.197508
-0.258690 -2.487382 -1.170634
0.422240 -2.424145 -1.766820
1.032071 -1.742623 -1.779954
1.006362 -1.128197 -1.180532
1.015619 -1.182903 -1.762198
1.059758 -1.849207 -1.719689
1.073212 -1.841207 -1.778415
1.004059 -1.856566 -0.609576
0.911182 -1.898191 -0.578569
0.882830 -1.929757 0.099924
0.914888 -3.815061 0.131252
0.924968 -3.722265 0.127444
0.883421 -3.653411 0.139399
0.844783 -3.654252 -0.477575
0.868102 -3.687193 -0.452280
0.937024 -3.711710 -0.484981
0.962712 -3.725687 -0.532258
0.281780 -3.756972 -1.130846
0.234183 -2.504320 -1.662197
0.247211 -2.511142 -1.678343
0.275968 -2.519485 -1.053212
0.248847 -1.281968 -1.669033
0.197181 0.100027 -1.652742
0.834882 0.175048 -1.040256
1.558383 -0.478217 -1.096875
1.631716 0.135842 -0.581548
1.622838 0.105166 -0.638837
0.309185 -1.150569 0.047532
0.935763 -1.784228 0.064905
1.551170 -1.196909 -0.665852
0.915535 -1.178542 -1.416809
0.282771 0.785189 -1.439028
0.273888 0.834286 -0.730100
0.330922 0.843743 -0.689963
0.416466 0.799234 -0.712304
0.464655 0.139123 -1.419745
0.458082 1.375942 -0.119660
0.441709 1.415269 0.616855
0.439397 0.757726 0.064283
0.420426 1.359166 0.071052
-0.261945 0.004665 0.045287
0.326667 0.042130 0.046634
0.317082 0.264578 0.087558
0.988852 0.292420 0.124846
0.999462 0.246930 0.746288
0.954128 0.870171 0.701818
0.903908 0.927146 0.683253
0.905085 0.351945 0.704188
0.925769 0.364025 0.724061
0.887085 -0.981285 0.121266
0.790569 -1.669659 0.752739
0.730412 -1.005208 1.351836
1.428844 -0.980854 1.331602
1.536050 -0.382514 1.333423
0.939244 0.143684 0.704118
0.896556 0.086608 0.674419
0.231382 -0.544181 1.217488
0.316037 -0.529439 0.022055
0.385215 -0.554312 0.054649
1.049792 -0.561195 0.705668
0.992832 0.055362 0.719293
0.983767 0.096716 0.691551
1.677815 0.123681 0.654501
1.740775 0.077820 1.316161
1.734961 0.041382 1.992711
1.037764 -0.608004 1.999029
1.009248 -0.578633 1.958915
1.044555 -0.592362 1.320494
1.097375 -0.644696 1.346712
1.107413 -1.320098 1.388589
1.745391 -0.670320 1.375627
1.751624 0.021599 1.305921
1.815837 0.015039 1.247155
1.894113 -0.021507 1.229153
1.926720 -0.024671 1.227725
1.899980 0.020940 1.212373
1.808697 0.070789 1.187066
1.833363 -0.610095 1.173731
0.599083 -0.652604 0.523747
0.626688 -0.064951 1.184968
0.601227 -0.063760 1.176683
0.532763 -0.069189 0.525209
0.455574 -0.098798 0.554986
1.103239 -0.120329 -0.037871
1.117111 1.214052 -0.042507
1.113910 1.279752 0.584439
1.070711 0.668868 1.254406
-0.912190 0.014172 1.299029
-0.871527 -0.664198 0.671954
-0.800958 -0.690600 0.023997
-0.788067 -0.671111 0.016034
-0.191337 -0.620094 0.051434
-0.225826 0.029118 0.086032
-0.180684 0.644604 0.073174
-0.104622 0.579185 0.680417
-0.093649 0.578295 0.675507
-0.150755 0.656775 0.726366
-0.194451 0.723144 1.389521
-0.194795 0.697452 1.399505
-0.836599 -0.028521 2.025673
-1.521108 -0.076204 1.989842
-1.583146 0.631075 1.357324
-0.966610 0.700789 1.399936
-0.965631 1.344078 2.042243
-0.940370 1.288082 2.042290
-0.948566 1.302111 1.403211
-0.948245 0.776090 1.453574
-0.957604 0.886292 0.904232
-0.304067 1.512198 0.937598
-0.906878 1.416549 0.906418
-0.880625 1.375822 0.835634
0.369802 1.431228 0.168705
0.388862 1.488199 0.177706
0.406595 1.490988 0.183440
-0.220003 0.801850 0.165377
-0.228026 0.205244 0.130389
-0.210961 0.304359 0.776587
1.107326 0.977987 0.840563
1.103521 0.212890 0.262499
1.092583 0.111780 -1.042331
0.460364 0.095817 -0.477616
0.521416 0.795575 -0.540519
0.569180 1.419267 -0.531171
0.570445 0.064771 -1.707832
-0.729546 -1.839321 -1.668279
-0.760202 -2.448237 -1.686750
-0.753702 -2.384881 -1.731832
-0.734711 -3.028505 -2.365270
-0.091566 -2.465733 -2.296550
-0.114831 -1.858430 -1.629373
-0.106169 -1.873402 -1.680296
-0.054562 -1.222244 -2.367639
0.004695 -1.863053 -1.805825
0.030454 -1.246708 -1.755930
0.028131 -1.275431 -1.087723
0.650363 -1.916414 -0.497501
-0.001435 -0.624053 -1.181014
-0.003238 -1.257829 -1.167696
1.265450 -1.265193 -1.095225
0.595911 -1.323057 -0.413207
0.579059 -1.377683 -1.076627
0.613733 -0.776539 -1.138687
0.658286 1.765189 -1.161986
0.657708 1.769650 -1.130751
0.629225 1.140669 -1.099371
0.621314 1.120142 -1.102987
0.662360 0.432505 -1.702925
0.718091 -0.211538 -1.677107
0.734881 -0.202258 -1.635080
0.725174 -0.784662 -2.264777
0.747966 -0.800396 -2.312978
0.822025 -0.778233 -1.755025
0.888682 0.590078 -1.776212
1.478027 0.605774 -1.723195
0.137082 0.534462 -2.312999
-1.207048 -0.784676 -2.305445
-1.241133 -0.708625 -1.670219
0.664312 -0.639275 -1.634800
1.184210 -0.634909 -1.612099
1.073823 -0.694355 -1.626335
0.976342 -0.086380 -1.651844
1.564873 -0.749977 -2.259335
1.601678 -0.692713 -1.618862
1.656621 1.238928 -0.957546
1.011538 1.146061 -2.207651
0.379417 0.416420 -2.219595
0.347196 0.448291 -2.221053
0.330620 -0.159033 -1.550995
0.996854 -0.151785 -1.521411
0.992367 -0.862772 -2.154584
0.986988 -0.902022 -2.179135
1.041282 -0.187626 -0.929255
1.066370 -0.076950 -0.905342
1.123742 -0.052028 -2.149904
1.146659 -0.745122 -1.515854
0.452124 -2.025993 -0.943249
0.393323 -1.944012 -0.980295
0.381371 -2.502900 -1.601702
0.415469 -2.441484 -1.584420
-0.215324 -2.481702 -1.575904
0.941003 -2.521075 -0.395605
2.993030 -2.463239 -0.390507
3.637806 -1.684469 -0.949184
3.647352 -1.654052 -0.911902
3.656959 -1.055073 -0.317949
3.669088 -1.774408 -0.342778
3.677539 -1.093020 -0.352619
3.061127 -0.992159 -0.951443
3.045475 -0.982455 -0.310151
3.648827 -1.678493 -0.292316
4.878006 -1.717573 -0.876314
4.914590 -1.650835 -1.507711
4.937747 -1.556974 -2.113837
3.708627 -0.918855 -1.517775
3.706279 -1.645424 -1.515111
4.322927 -1.683310 -2.110705
4.308781 -2.275496 -2.738910
4.306381 -2.826558 -2.129240
3.006182 -2.847106 -2.812702
2.973827 -2.946892 -2.754598
3.571528 -1.746434 -2.749599
2.917548 -1.695774 -2.767336
2.984198 -1.623151 -3.442033
3.675931 -1.660238 -4.024156
3.683288 -1.139857 -3.993903
3.654869 -1.213051 -3.972879
3.655119 -1.169302 -3.971233
3.683271 -1.749974 -3.966206
3.695860 -1.087152 -3.954269
3.673970 -1.176591 -3.945234
3.655579 -0.608302 -3.947506
3.685805 0.680506 -3.955309
3.092089 0.722052 -3.971701
3.111673 0.690718 -4.003990
3.097572 1.237890 -4.052430
2.481522 1.214868 -4.102477
2.467424 0.633664 -4.136416
2.454037 0.067757 -4.174634
2.439088 0.066533 -3.597961
1.802612 0.014290 -3.650819
1.778302 -1.955489 -3.686588
1.763733 -1.909019 -3.700760
1.776230 -1.859377 -3.713934
1.179048 -1.870003 -3.731989
1.770933 -1.912755 -3.750145
1.729348 -2.514030 -3.074351
1.689815 -3.085032 -3.011884
1.669165 -2.434234 -3.626004
1.643710 -1.819424 -2.397507
1.599817 -2.530514 -2.385819
1.572124 -1.949149 -1.670383
1.589465 -1.939957 -1.606335
1.626646 -1.910819 -1.559720
1.647181 -3.128377 -1.568432
1.656083 -3.763537 -0.983876
1.676481 -3.742788 -1.601269
1.703671 -3.726587 -1.558998
1.702052 -2.407847 -1.545415
1.662643 -2.424689 -1.574252
1.633725 -2.444688 -1.623044
1.652225 -1.213831 -1.659991
1.690715 -2.562822 -1.671649
1.705481 -3.208944 -1.685143
1.075796 -3.214754 -0.473659
1.117208 -3.246159 -1.161371
0.548855 -2.649058 -1.180151
0.590418 -2.601440 -1.158708
0.567174 -2.545497 -1.144152
1.141141 -1.287592 -1.741780
2.996004 -0.058392 -1.737575
3.038199 -0.091776 -1.687817
3.039395 -0.070875 -1.638263
3.001774 -0.663975 -1.645230
2.987260 -0.021650 -1.682261
3.013476 -0.044887 -1.684927
3.051555 -1.292258 -1.649435
3.670914 -1.886639 -1.636571
2.369095 -1.862415 -1.664290
2.306541 -2.563302 -1.685918
2.294816 -2.034008 -1.651878
2.348566 -2.116134 -1.593266
2.418018 -2.187031 -1.567714
3.073084 -2.237085 -0.940658
3.066996 -1.613637 -0.339024
3.098557 -2.250293 -0.326672
4.353234 -2.228666 -1.490642
4.393723 -2.864702 -2.174718
4.353316 -3.503120 -2.244662
4.279714 -2.850995 -1.013044
4.268245 -0.217942 -1.027441
4.291369 0.993580 -1.063754
4.272298 0.967013 -1.107239
4.196237 1.604467 -0.494625
4.141103 1.602245 -0.466040
4.169356 1.009191 -0.430825
4.200403 1.076223 -1.060974
4.154129 1.088394 -0.466714
3.432562 1.116599 -1.094433
3.359177 1.132295 -1.060556
3.355729 1.783747 -1.689319
3.362502 1.173249 -1.681154
3.951256 1.837594 -1.682147
3.895927 1.165573 -1.065818
3.906258 0.518836 -1.080742
3.983390 0.557512 -1.090096
4.059845 1.273077 -0.433315
4.059678 1.324506 0.214081
4.016037 0.697034 0.233587
4.005834 0.693457 -0.397855
4.030048 1.337855 -0.396567
4.050883 1.335411 -0.350147
4.034239 1.307829 -0.303703
4.022559 1.281023 -1.503732
4.037127 0.686409 -2.101073
4.054367 0.812049 -1.503893
4.070621 0.850944 -1.508615
3.464579 0.238615 -2.149335
3.478490 -0.328320 -2.145499
3.462281 -0.199028 -1.498436
3.405370 -0.102646 -2.829129
3.993070 -0.732792 -1.541913
4.023961 -0.125646 -0.866657
4.077887 -0.127967 -0.838532
2.744334 -0.690014 -1.492120
2.710916 -0.643269 -2.765050
2.750032 -0.673664 -2.147532
2.856362 -0.743409 -1.485082
2.933472 -0.113453 -1.500898
2.892261 -0.673581 -2.132456
2.789443 -0.624714 -2.134665
2.765414 -0.709032 -2.757810
2.830009 -0.146678 -2.108126
2.865641 -0.203175 -2.121252
2.802897 0.422707 -1.496599
2.739207 0.461223 -0.856382
2.791912 1.751125 -0.865730
2.899560 1.643317 -1.539033
2.927425 0.250467 -1.583555
2.856160 0.241628 0.311032
2.779243 -0.395169 -0.345329
2.786433 0.176325 -0.979445
2.826955 -0.574727 -0.965331
2.810786 -0.664347 -0.346132
2.130583 -0.706865 -1.030189
1.503063 -0.110202 -1.073120
1.533954 0.502021 -1.105420
1.567554 -0.185642 -0.483743
1.524995 1.038951 -0.487259
1.437670 1.081129 -1.156810
1.392206 -0.742295 -1.185645
1.420790 -0.758937 -0.532717
1.439242 -0.780340 -0.485492
1.389532 -0.765106 -0.455324
1.324992 -0.707434 -1.122217
0.141927 -1.373228 -1.155233
0.871870 -1.435953 -0.533304
0.957347 -1.435686 -0.521902
0.974139 -0.751275 -0.531130
0.955399 -1.344659 -0.572104
0.960312 -1.420490 -1.256738
1.003833 -0.905393 -1.241492
1.020811 -0.871456 -1.180191
0.986131 -2.052016 -1.135326
0.932784 -1.482059 -1.158980
0.929608 -0.938715 -1.223111
0.992697 -1.031300 -1.884618
1.038157 -0.394428 -2.372476
1.016961 0.844784 -1.688046
0.940487 0.184412 -2.354205
0.889423 0.746865 -3.043530
0.902043 1.402940 -3.694732
0.917849 1.450657 -2.417006
0.883725 1.481199 -2.390360
0.813574 1.452179 -3.028169
0.800224 0.805088 -3.079045
0.238149 -0.450611 -1.870529
0.302736 -0.401752 -1.842363
-0.906907 0.286232 -1.208904
-1.567825 0.308527 -1.859525
-2.789497 0.328810 -1.905278
-2.754969 0.320542 -1.915413
-2.725626 0.303788 -1.879204
-2.100636 0.274749 -1.849769
-2.101690 0.878376 -1.852209
-2.072367 0.870266 -1.887685
-2.006580 0.218479 -1.894632
-0.725661 -0.460910 -1.849470
-1.307387 -0.486471 -1.793903
-1.310360 -0.472959 -1.755802
-1.314470 0.223342 -1.734876
-1.318772 0.238124 -1.054758
-1.975475 -0.424900 -1.582680
-2.002122 0.217675 -0.910343
-2.006578 0.227115 -0.913261
-1.993905 0.276199 -0.930421
-1.359331 -0.333457 -0.922256
-1.364881 -0.331482 -0.907881
-1.380398 0.333253 -0.910766
-1.391192 0.420755 -0.919155
-1.405669 0.543599 -1.538102
-0.239658 -0.031804 -0.881906
-0.293677 -0.066895 -0.885505
-0.959935 0.489090 -0.930983
-0.984336 0.525357 -0.967392
0.273870 0.590189 -0.960222
-0.324923 0.599273 -0.935020
-0.272675 0.537622 -0.943826
-0.235392 0.478441 -0.986017
0.371229 -0.132136 -1.006973
0.389738 -0.677819 -0.985594
0.436672 -0.660341 -0.949732
0.476141 -0.071605 -0.962557
0.489046 -0.149685 -1.015915
0.489991 -1.370762 -1.052352
0.523509 -1.336340 -1.046425
0.593199 -1.328044 -1.011767
0.649816 -0.673439 -1.008912
0.677149 -0.673592 -1.044092
0.693306 -0.629460 -1.086319
0.100700 -1.197258 -1.091406
-0.522675 -0.519447 -1.063048
-0.556712 -0.516252 -1.071167
-1.204506 -0.521848 -1.126428
-1.222848 -0.517134 -1.186966
-0.612788 -0.507591 -1.201382
0.006604 -1.207112 -1.181773
-0.037457 -1.230551 -3.635746
-0.066867 -1.916539 -3.669005
-0.057440 -2.553778 -3.689976
-0.659403 -3.179767 -3.027284
-0.707711 -2.555631 -3.007707
-0.785077 -2.630795 -3.020235
-0.196199 -2.722631 -1.174144
-2.082870 -1.347649 -1.774623
-2.030964 -0.029852 -2.336003
-2.023473 -0.010684 -2.298105
-1.427737 0.040907 -1.661371
-1.413828 0.720307 -1.663089
-1.953866 -1.228173 -2.257579
-3.237168 -1.200096 -2.197826
-2.615954 -0.492563 -1.559298
-2.613803 -0.508537 -1.613658
-2.599525 -1.773877 -1.044334
-2.579485 -1.796070 -1.048295
-2.577888 -3.269360 -1.048609
-2.607609 -3.229409 0.154919
-2.025268 -3.209116 0.130971
0.445953 -3.226636 0.124301
0.451574 -4.567699 0.111371
-0.818263 -4.552191 0.779705
-2.094290 -4.495193 0.751357
-0.914848 -4.465841 0.681961
-1.597095 -4.497357 0.629842
-1.554757 -3.244585 0.608506
-1.509711 -3.224523 0.604376
-0.840296 -2.475246 -0.027989
-0.212643 -2.434918 -1.330417
-0.236581 -2.475280 -1.311061
-0.240388 -2.526091 -1.273845
-0.260201 -2.507300 -1.243449
-0.320295 -2.439594 -0.592407
-0.389283 -2.411895 -1.218805
-0.394964 -2.463144 -1.226616
-0.352681 -2.521989 -1.239112
-0.327853 -2.513647 -0.637273
-0.332984 -2.448454 -0.629007
-0.335824 -2.410851 -1.237137
0.382105 -2.446662 -1.200618
0.427938 -3.132921 -1.158795
1.054689 -3.136713 -1.781326
0.339775 -3.107015 -2.409065
0.277547 -3.114530 -2.413177
-0.284291 -3.173256 -1.179525
-0.862015 -3.230561 -1.876121
-0.830779 -3.247792 -1.893361
-0.803855 -3.239403 -1.898546
-0.761582 -2.572445 -1.897988
-0.717939 -3.242462 -1.915341
-1.992788 -3.892943 -1.917114
-2.054087 -3.869194 -1.910913
-0.966704 -3.224302 -1.291736
-1.024941 -3.252687 -1.316300
-1.031767 -3.929538 -1.345676
-1.019440 -3.930776 -0.703316
-0.433715 -3.905816 -1.354507
0.191447 -3.904885 -1.915466
0.223695 -3.266016 -1.834395
0.946639 -3.261326 -2.398283
0.960764 -3.876471 -1.676981
0.921037 -3.121160 -1.031368
0.316206 -3.714241 -0.996719
0.349819 -3.723452 -1.565212
0.413033 -3.730108 -1.572877
-0.205380 -3.703260 -2.244321
-0.201864 -2.405221 -1.090530
-0.204638 -2.393808 -1.111048
-0.165741 -2.413338 -1.084811
-0.111240 -2.413870 -1.063093
0.543817 -1.723347 0.246312
0.483883 -1.623014 0.222713
0.401076 -2.192135 -0.489471
0.385862 -2.190783 -0.546872
-0.193116 -1.566284 -0.616164
-0.111570 -1.514750 -0.690924
-0.082856 -0.782283 -1.411882
-0.095770 -1.417420 -1.456404
-0.088323 -1.450918 -1.484188
0.580424 -1.480357 -1.487029
0.600850 -1.459555 -1.449369
0.561612 -1.401920 -2.028534
0.500524 -2.008866 -1.988936
0.485348 -2.048419 -1.997028
0.535915 -1.444839 -2.035977
0.601431 -1.449829 -2.653411
-0.047474 -0.827217 -2.665711
-0.035747 -0.862379 -3.923615
-0.025528 -0.958436 -3.956359
1.205657 -1.040656 -3.982497
1.202976 -1.049467 -3.949022
1.151642 -1.615591 -3.873017
1.104892 -1.614157 -3.819052
1.076299 -1.056138 -3.197353
1.057324 -1.105407 -3.193739
-0.259862 -1.080172 -3.771178
-0.246461 -1.034386 -3.734625
-0.197922 -0.437760 -3.740493
0.508037 -0.505452 -3.163549
0.531900 -1.113978 -3.814595
0.510466 -1.065452 -3.789679
1.753444 -1.628979 -3.749171
1.096700 -2.254050 -3.717486
1.115655 -3.556513 -3.694349
1.127786 -3.559431 -3.667669
2.362990 -3.532448 -3.648811
1.751392 -3.512891 -4.315319
1.813601 -3.543777 -4.378061
1.881761 -3.599394 -4.424119
1.297261 -3.604544 -4.443593
1.948794 -3.561549 -4.437658
0.666581 -3.497889 -4.434978
1.308188 -3.466791 -3.091218
1.299303 -3.469240 -3.061822
0.636323 -3.482974 -2.396677
0.615420 -3.510606 -2.422787
-0.017571 -3.553893 -2.468912
0.032090 -3.679724 -2.510669
0.055715 -2.464267 -2.529951
0.650281 -3.122567 -2.548710
1.888331 -3.097889 -2.545384
2.544054 -3.734500 -2.526360
2.533636 -3.722179 -2.503401
2.476919 -3.705205 -1.851354
2.406269 -3.695504 -1.215447
2.398423 -3.703436 -1.207789
2.446242 -3.741862 -1.199423
2.496759 -3.151964 -1.207710
1.875631 -2.554912 -1.237591
1.842447 -3.221713 -1.268482
1.815314 -3.189836 -1.886926
1.825482 -3.141571 -1.819707
1.205212 -2.416096 -1.761221
1.214774 -1.745337 -1.735960
1.196799 -1.724543 -0.484599
0.591112 -1.687103 -0.518333
-0.001109 -1.671455 0.111060
0.091985 -1.716007 -0.534110
0.125322 -2.402342 -1.234107
0.071367 -1.728138 -1.259233
-0.007306 -1.681920 -0.557724
-0.052905 -1.652505 -0.514587
0.606429 -2.370865 0.157486
0.568162 -2.424704 0.171395
1.162717 -3.038181 0.173015
1.140056 -3.674273 -1.137325
0.474620 -3.663228 -1.203697
0.482807 -4.370761 -1.260128
0.497496 -4.445339 -2.453651
0.445825 -4.442161 -1.772406
-0.290043 -5.747183 -1.734791
-0.349952 -5.692505 -0.439522
-0.383923 -5.688668 -0.365898
0.922436 -6.337152 -0.269953
0.256450 -5.674192 -0.836680
0.244994 -5.624602 -0.887012
0.267979 -5.021210 -0.996410
0.309961 -4.446027 -1.063998
0.330620 -4.515530 -1.055412
0.325040 -4.551227 -1.034874
-0.273738 -4.546927 -1.056407
-0.244520 -4.552932 -1.086952
-0.221087 -4.568989 -1.042043
-0.216370 -4.574527 -0.938857
-0.200540 -3.931563 -0.898372
-0.774779 -3.253260 -0.989839
-0.707516 -3.250784 -0.510086
-0.659521 -3.266860 -0.609439
-0.656403 -3.927658 0.018432
-0.078002 -3.944665 -0.002206
-0.082878 -3.947132 -0.675726
-0.093875 -4.575051 -0.691916
-0.143581 -4.588135 -0.611340
-0.218151 -4.591392 -1.182124
-0.255774 -3.940825 -1.178767
0.410113 -3.892892 -1.232000
0.457887 -3.832188 -1.266505
0.462081 -3.794873 -0.622523
0.420321 -3.786689 -1.978988
0.394923 -5.095336 -1.968630
0.406952 -5.094110 -1.939825
1.688965 -5.094887 -1.860042
1.688570 -3.804644 -1.752462
1.658432 -3.184081 -1.680655
1.659314 -3.841138 -1.652028
1.709673 -3.824251 -1.630456
1.776743 -3.782987 -1.599300
2.439627 -3.761540 -1.605734
