-0.931827 2.410008 -2.556336
-0.963697 1.689266 -2.568200
-0.976969 1.656867 -3.272563
-0.383813 1.689013 -3.367521
0.863514 1.698126 -3.947910
0.788983 1.626988 -3.883892
0.732358 1.533240 -3.859684
0.685943 2.126795 -3.878752
0.649800 2.788169 -3.902721
0.638654 2.792563 -3.866758
0.654552 1.463348 -2.538558
0.661893 1.439217 -3.168395
0.047486 1.441006 -2.597292
0.621196 2.148470 -2.602136
0.614146 1.006699 -2.537287
0.010949 -0.250494 -2.483771
0.014568 1.055754 -2.533639
0.032496 1.065555 -0.690469
-2.463028 0.463542 -0.755418
-2.388410 -0.171621 -0.742503
-2.317849 -0.141773 -0.726818
-2.302207 0.527546 -0.778819
-2.325508 0.549292 -0.247358
-2.958312 -0.038849 -0.264696
-2.940256 -0.073695 -0.853941
-2.928877 -0.103066 -0.779073
-2.267502 -0.093005 -0.809079
-2.270913 -0.074441 -0.907743
-2.897048 -0.087621 -0.946126
-2.862233 -0.755935 -0.879428
-2.260854 -0.746641 -1.426295
-1.664914 -0.708139 -2.125399
-1.693890 0.557552 -2.268929
-1.716068 0.517290 -1.666948
-1.748975 0.460437 -1.605537
-1.781054 0.457863 -1.518674
-1.807665 1.142689 -1.529357
-1.812161 1.188783 -1.590934
-1.797692 1.180385 -1.575391
-1.783902 1.162713 -0.790738
-1.771186 1.181449 -0.682143
-3.071195 2.518493 -0.702754
-3.028590 2.539658 -0.793149
-3.003564 2.522719 -1.450760
-3.031127 1.839126 -1.365451
-3.062849 1.780191 -1.905363
-3.052529 1.126444 -1.310673
-1.740408 -0.062627 -1.384363
-3.096470 0.555949 -0.751063
-2.347197 0.533924 -0.072070
-2.348295 0.517244 1.205385
-2.347429 0.524755 1.208655
-2.352684 -0.087122 0.549626
-2.391592 -0.096392 0.540508
-3.059829 -0.112532 1.184795
-2.471536 -0.109625 0.648358
-2.540860 0.502947 1.960824
-1.966506 0.554571 1.928892
-1.322898 0.592603 1.892213
-1.301728 0.608709 2.529508
-1.261687 0.622938 1.944166
-0.665927 0.649549 1.310240
-0.673871 -0.603322 1.253806
-0.666905 -0.603510 0.568813
0.038513 -0.657903 1.203204
0.042532 0.553730 1.243622
-0.635291 0.528844 0.692843
-0.645332 1.187422 1.267981
-0.580263 0.612646 1.860626
0.146067 0.575074 1.891658
0.154036 0.524274 0.624131
0.161894 0.526668 0.654469
0.179200 1.208514 0.629487
0.230035 1.257294 1.834849
0.257123 0.652883 1.797120
0.230401 0.599819 1.808820
0.186866 -0.696413 1.830394
0.165466 -0.743492 1.826426
0.155428 -0.779672 1.231592
0.746765 -1.396134 1.266138
0.116726 -1.346075 1.336455
0.138125 -1.296313 1.403672
0.090134 -0.024731 1.434834
-1.256167 -0.009885 2.091962
-1.281227 0.006334 2.132466
-1.319026 -1.274333 1.525040
-1.993901 -2.563935 1.562930
-2.008720 -2.568856 0.982881
-2.021656 -2.567550 1.026309
-2.025201 -2.587080 1.663254
-1.993953 -2.623049 1.647282
-1.932835 -2.642341 2.245873
-1.882995 -2.639847 2.217558
-1.871079 -2.047799 2.170148
-1.870029 -2.075969 2.097167
-1.864008 -2.122369 2.028431
-1.260017 -2.158530 1.371047
-1.286768 -2.177115 1.387766
-1.322191 -2.195095 1.433934
-1.314830 -2.242715 1.463985
-1.251322 -2.290935 1.471348
-1.196439 -2.278042 1.474191
-0.559181 -2.213972 1.495610
-0.590079 -0.875647 1.526710
-0.597132 -0.857927 1.534431
-0.573806 -2.143737 1.517433
-0.573632 -2.132003 1.507110
-0.023595 1.128046 0.918672
-0.071377 1.103287 1.553133
-0.072174 -0.216566 1.550804
-0.648525 -0.212142 1.538304
-0.619877 -0.147734 1.533652
-1.306124 0.560924 1.528401
-1.339938 0.539619 2.101352
-1.345347 0.451408 2.036837
-1.990326 1.035996 0.742643
-2.007703 1.043097 1.992524
-0.751048 1.076342 2.011158
-1.446888 1.059294 2.018123
-1.511014 1.649322 1.994487
-1.516211 1.621062 1.318625
-1.479794 1.659592 0.683053
-1.453432 1.730490 0.647836
-0.852148 1.744537 0.599276
-0.218477 1.695218 0.540489
-0.231699 1.653150 0.507936
-0.214911 1.641737 0.530569
-0.145592 1.661321 0.588248
-0.159798 1.647238 0.023595
-0.183693 1.597970 0.015620
-0.170708 1.587841 0.005692
-0.119570 1.648116 0.051926
-0.059258 1.730093 0.123079
-0.032898 1.752530 -0.508837
0.606507 1.723276 -0.541954
0.607246 1.693737 -0.550578
-0.021475 1.697225 -1.074097
-0.659259 1.717902 -0.989536
-0.653218 1.715988 -0.961469
-0.632276 1.696855 -0.994290
-0.603263 1.689959 -1.008689
-1.222284 1.707805 -0.966260
-1.237974 1.744854 -0.301624
-1.217385 1.770221 -0.335169
-1.780106 1.765039 -0.392585
-1.826370 1.722132 -0.414280
-1.869689 1.671405 -0.377927
-1.289204 1.052580 -0.331146
-1.912176 1.059522 -0.948761
-1.223843 1.044119 -0.975353
-1.195992 1.643197 -0.974737
-1.839713 0.954562 -0.936094
-1.850306 1.587066 -0.914280
-0.612787 1.597165 -0.337461
0.641844 1.573557 -0.358102
0.610076 1.521363 -0.324893
1.196146 2.133178 -0.252511
1.145691 2.096059 -0.207469
1.142188 1.435064 -0.219483
1.151635 0.744451 -0.254723
1.156677 0.733883 -0.264236
1.145634 0.747767 -0.261164
1.145860 0.761634 -0.298531
0.496272 1.388389 -0.376912
1.107649 1.401917 -0.440486
1.055881 1.412061 -0.446763
1.000374 1.404657 0.206734
0.341747 1.374556 -0.437795
0.995319 1.347086 -0.491233
0.991267 1.340845 -0.530894
0.971868 1.351979 -0.529805
0.332188 0.704742 -1.759118
0.379300 1.263467 -1.770254
0.419420 1.238791 -1.795020
1.036798 1.239075 -1.797992
0.318833 1.238559 -1.785358
0.267532 1.210154 -1.786192
1.659520 1.164279 -1.809165
2.403982 1.145876 -1.833739
2.377395 1.787030 -1.843871
1.624057 1.801165 -1.851372
1.615503 1.789734 -1.881127
1.036810 1.774338 -1.906178
2.390036 2.467031 -1.894034
2.379041 2.527706 -1.873209
0.269798 2.564019 -1.884649
0.256756 2.571701 -1.925176
0.313798 2.582124 -2.591132
0.351064 2.632131 -2.567125
-0.282471 2.680355 -2.538404
-0.329141 2.669470 -2.526366
-0.302576 2.649894 -2.520938
-0.219413 2.679252 -1.843116
1.178177 2.750801 -0.520565
1.179511 3.426117 -0.468632
2.314494 4.085724 -0.455391
2.958238 4.110820 -1.172500
3.602529 3.517304 -1.179825
4.322725 3.536775 -1.166500
4.285164 2.885599 -1.179950
4.206252 2.848126 -1.223966
4.179517 2.831503 -0.618525
3.573490 3.490719 -0.632365
3.609373 3.479264 -0.599528
3.594754 3.448817 -1.212470
2.269295 2.846198 -1.223549
2.257929 3.524616 -1.900847
2.283891 3.595621 -1.936294
1.691196 3.580260 -1.282653
1.631082 2.191330 -1.245793
0.944746 2.773555 -1.232099
0.931799 2.195267 -0.616893
0.937915 2.252081 0.586848
1.576494 2.217777 0.578501
1.573211 2.144383 -0.016655
0.962064 2.112116 0.677321
0.997665 2.774074 1.330040
1.043150 2.785917 1.315276
1.716697 3.356067 1.295803
1.721822 3.297105 1.294833
2.298293 3.288329 1.294826
2.340407 3.328549 1.914733
3.663615 3.345920 1.927805
3.680824 2.665452 1.309341
3.663353 3.329136 1.359280
3.033456 3.387833 2.103459
3.690227 3.433047 2.818189
3.719896 2.767130 3.506755
3.720839 2.738194 3.472173
3.679061 3.403114 3.427365
2.365531 4.111527 2.184763
1.714282 4.154968 2.865950
1.694918 3.484554 2.852496
1.676041 3.466668 3.445146
2.287268 3.480780 3.452340
2.285932 2.907645 3.523303
2.277240 2.930418 2.340799
2.232707 2.915665 2.320944
2.224039 2.874899 2.245636
2.266187 3.473468 2.861552
2.308807 3.545388 2.900440
1.645598 2.952758 2.963273
1.608694 2.270938 2.340678
1.629404 2.213252 2.310311
1.103232 2.206133 1.636153
1.120678 2.256984 -0.323840
1.662666 1.665334 0.299521
1.580881 1.659950 0.247133
1.656227 2.249464 -0.444468
1.130177 2.232357 0.165897
1.801852 2.916189 0.789371
1.747571 2.983201 0.119889
2.354826 2.990108 0.067557
2.416798 2.980674 0.062601
2.522582 2.965267 0.096655
2.509793 3.005614 0.734672
3.017846 3.069472 0.032275
2.284340 3.074852 0.527168
1.703459 2.992340 1.759124
3.038716 2.937416 1.157148
2.987170 3.587950 1.135228
2.224701 3.628962 1.154436
1.557552 3.618073 0.561451
1.000371 2.366677 0.580565
1.074416 1.665677 -0.565875
1.019383 1.700136 -0.538929
0.266145 1.761932 -0.547552
0.250486 1.739025 -0.573648
2.218235 0.972988 -0.578436
2.249104 0.251232 -0.551374
2.210466 0.251070 -1.140223
2.165476 -0.338790 -1.121315
2.192545 -0.288823 -1.139961
1.658192 -1.020668 -1.774593
1.696570 -1.710869 -1.793249
1.668246 -1.666333 -1.805635
2.264094 -1.599090 -2.450979
1.621364 -1.588473 -2.464610
1.655689 -1.635949 -1.887339
1.679387 -0.256008 -1.916467
2.927637 -0.263055 -1.922783
2.912599 -0.247211 -2.512229
1.634715 -0.803682 -3.146316
1.015349 -0.735319 -2.569914
1.048667 -0.733954 -2.595645
1.708080 -0.799874 -2.578000
1.712738 -0.878778 -2.553488
1.652643 0.962299 -2.554576
1.633686 1.023428 -2.549234
1.666060 2.888265 -2.539112
0.490818 2.824416 -2.502798
0.475843 2.761651 -2.435408
0.464723 2.793061 -2.380150
0.503859 2.884620 -2.962637
0.584869 2.926332 -2.976301
0.626429 2.862443 -2.351160
0.604027 2.762863 -1.711707
0.564928 2.742914 -1.108490
0.576819 2.799462 -1.133439
1.241503 2.836751 -1.154216
1.204212 2.804184 -0.474973
1.763309 2.744130 -0.454624
1.697214 2.741346 -0.392579
1.702928 2.818125 -0.362008
1.753305 2.241409 -0.406668
1.780906 2.279035 -0.485611
2.986840 2.238908 -0.518907
2.982928 2.240426 -0.495543
2.986200 2.280201 -1.102371
3.016092 2.926773 -1.137442
3.666468 2.884942 -1.147895
3.670403 2.824225 -1.075252
3.637080 2.805318 -0.978802
2.975581 2.842015 -0.970653
3.002746 3.509995 -0.430709
3.054508 4.721824 -0.498427
2.425465 4.700200 -1.126173
1.750556 3.420943 -1.095768
1.712854 3.420114 -0.504128
1.749581 4.023414 -0.563135
2.471627 3.396973 -0.566074
1.852856 2.151067 0.102908
1.775961 2.105642 0.151555
2.354899 2.077395 0.129894
2.386401 2.105035 0.064622
1.845385 2.158385 0.001473
1.858840 2.173135 -0.020397
1.098217 1.548303 -0.015721
0.989852 0.894732 -0.630218
0.956145 0.299572 -0.621995
1.619435 -0.918126 -0.565914
2.306548 -0.977989 0.119013
2.210945 -0.415039 0.183431
2.135196 0.821151 0.232293
2.176022 0.869027 0.269578
2.271829 0.915744 0.260667
2.940686 0.302864 -0.434290
2.880815 0.897856 0.173517
2.849239 0.932942 0.148815
2.900991 0.998121 0.762790
2.970324 1.032121 0.172605
2.957105 1.024088 0.205586
2.881893 1.027222 -0.374873
3.483216 0.455977 1.494360
3.564594 0.540264 1.438836
3.646405 0.570433 1.403401
3.654653 0.540698 1.344323
2.380940 1.148037 3.114149
2.359873 1.183837 2.471815
2.400566 0.583336 1.853914
2.467851 0.542491 1.233754
2.489093 1.079228 1.258688
2.455919 1.072714 1.277377
2.429012 1.026199 1.289124
3.099560 1.070431 2.548173
3.173435 1.087375 2.553381
1.935481 1.084250 2.556230
1.926852 1.097223 2.543875
1.899335 1.131022 2.516002
1.237187 0.514200 3.737127
2.512870 0.501496 2.534395
2.476619 -0.131765 2.601492
2.445634 -0.138864 2.664573
2.441473 -0.106735 2.690578
2.470286 1.147895 2.706731
2.514111 1.150595 2.754452
2.580379 0.522168 2.813438
2.659890 0.492273 4.075891
2.070697 0.489131 4.601542
2.091920 0.502319 3.911692
1.454024 0.504574 2.695537
1.446828 0.481756 2.741937
1.434502 0.463793 0.839102
1.411540 0.482743 -0.456868
1.403382 0.552149 -0.486206
2.079054 0.620800 0.158197
2.129600 0.614276 -0.482773
2.156792 0.549569 0.057236
2.138638 0.515838 -0.037058
2.109452 0.551277 -0.080555
2.698629 1.222218 -0.024753
2.692620 1.165765 -0.548979
2.049578 1.093585 -0.491993
2.629958 1.090442 -0.482944
2.617819 1.161237 -0.464244
2.655998 2.455536 -0.387781
2.701134 1.829325 0.966858
2.698529 1.154564 0.949798
2.654594 1.182108 -0.413757
2.630437 1.263288 -0.447237
2.001751 1.290151 -0.444643
1.970019 0.524883 -0.433542
1.275943 0.464888 -1.013269
1.183870 0.490372 -1.638748
1.757549 -0.700713 -1.630535
1.821203 -0.034884 -1.628516
1.269327 -0.107017 -1.071339
1.252617 -0.193854 -1.164402
1.217063 -0.239291 -0.070338
1.234249 -0.248242 -0.102169
1.283035 -0.284111 0.545531
2.561638 0.925868 1.118970
2.468785 0.884875 1.095692
2.380532 1.547883 1.119231
2.375108 1.602458 1.179853
2.410001 0.977751 1.194657
2.396523 1.585095 1.711726
2.321456 1.565827 2.282656
1.096594 0.918352 2.315526
0.486392 0.924956 2.378006
0.504014 1.577610 2.381807
0.437665 1.575542 1.059542
0.339078 1.599222 0.426399
0.940143 1.648916 1.715995
0.936553 1.711581 1.756052
0.933490 1.136313 1.763917
1.557492 1.143669 2.424956
1.577471 1.120609 1.142070
1.639287 1.097212 1.756554
1.068403 1.102230 1.114973
1.103735 1.114210 -0.049500
0.520879 1.091765 -0.005806
0.574007 1.052771 -0.681065
1.198609 1.045238 -0.716802
0.578238 1.097959 -0.700660
0.575239 1.157017 -0.658430
0.579908 1.156639 -0.646289
1.233007 1.120365 -1.276807
1.930996 1.780453 -0.674729
1.920049 1.823877 0.002542
1.792186 1.851554 -0.568991
1.768317 1.837587 -1.164273
1.799069 1.825061 -1.197223
1.824869 1.862893 -1.228529
1.822665 1.931321 -0.589419
1.807412 1.972550 -0.573323
1.825024 1.340088 -0.569281
1.884958 1.328968 0.071571
1.945095 1.345871 -0.547161
1.986927 2.624409 -1.162665
2.010576 2.615540 -1.739410
2.039876 2.598233 -2.984476
2.734615 2.585671 -2.976073
3.386762 2.564694 -3.614498
2.191418 2.534115 -3.594763
2.228472 3.805151 -3.578877
2.258152 3.799105 -3.583019
0.307238 3.791386 -4.241325
0.290463 3.757416 -3.678821
0.240582 3.089497 -2.498159
0.180216 3.079183 -2.465815
0.757612 3.709119 -2.472825
0.709154 3.706501 -3.185301
0.668336 3.678245 -3.204910
0.641606 3.644069 -1.895890
0.640302 3.640513 -0.635692
0.637483 3.677405 -1.308697
0.050642 3.100672 -1.354978
-0.587529 3.097718 -0.773794
-1.155489 3.089601 -0.052636
-1.150286 3.107025 0.014522
-1.185572 2.544728 0.010526
-0.527559 2.568424 -0.015245
-0.514682 1.320210 -0.614383
-1.179833 1.948179 -1.181944
-0.612384 1.927396 -0.600503
-0.645559 1.929895 -0.064730
-0.631767 1.956264 -0.789918
-0.614891 1.970477 -0.102265
-0.640168 1.351561 -0.020780
-0.706485 1.351490 -0.014942
-0.766402 1.335430 -0.088473
-0.773708 0.687739 -0.138179
-0.757487 1.282108 -0.113687
-1.366655 1.902193 -0.004131
-0.143263 1.215713 0.598800
-0.741704 2.417912 0.536332
-0.683228 2.397132 0.509926
-0.623256 2.407199 0.543695
0.625855 3.077990 0.508468
0.588327 2.489913 -0.106811
0.582212 2.495436 -0.733453
0.589291 1.778777 -1.350800
0.627527 -0.137087 -1.878838
0.637150 -0.163833 -1.845879
0.594349 -0.206308 -3.035105
1.227711 -0.276987 -4.351816
1.281565 -0.349974 -4.380044
1.354566 0.260746 -5.560032
0.741300 0.329249 -4.989133
-2.008212 0.382535 -5.036978
-1.430252 1.003920 -5.701692
-2.683807 0.936084 -5.050355
-2.715746 0.892137 -4.951715
-4.026092 0.881434 -4.288320
-4.052395 0.850868 -4.271943
-4.718208 0.769985 -3.588601
-4.716494 0.693663 -3.537320
-4.710219 0.690767 -3.463197
-3.398963 0.121381 -3.428965
-3.435259 0.198571 -2.779293
-2.828587 0.227548 -2.167874
-2.864749 0.233664 -4.073480
-2.887785 0.268228 -4.074904
-1.575272 0.315114 -4.788717
-1.556519 0.320957 -4.159253
-1.516080 0.905451 -4.175066
-2.124994 1.513626 -4.181763
-2.098724 0.904863 -4.208939
-0.800411 0.991552 -4.255510
-0.755842 1.053279 -4.287249
-0.729804 1.075883 -4.281611
-0.748139 1.095798 -3.025806
-0.762843 1.139761 -3.046656
-0.744691 0.545822 -3.090270
-0.694105 0.468658 -3.102078
-0.660173 0.368808 -2.410117
-0.688939 0.316977 -2.380490
-1.378583 0.950650 -2.380736
-1.432349 0.351167 -2.411233
-2.096689 0.973587 -2.420792
-2.155221 0.925973 -2.391165
-2.231777 0.917469 -2.364468
-2.299793 0.968238 -2.391245
-2.341657 1.648871 -2.444323
-2.342720 1.018866 -3.098996
-1.681118 0.964295 -3.073356
-0.434517 0.943056 -3.032674
0.234084 0.356923 -3.638681
0.278274 -0.231294 -2.425371
-0.337273 -0.193393 -2.412241
-0.958534 -0.824799 -2.368974
-1.598180 -0.137214 -1.645257
-0.345069 -0.099366 -1.649260
0.280878 -0.098685 -1.077321
0.874905 -0.139214 -1.086792
-0.952444 0.474710 -1.066300
-2.131593 1.110341 -1.022705
-2.090578 0.479314 -1.678428
-2.091093 0.482791 -1.071229
-1.448511 -0.185365 -1.094562
-1.404650 -0.183015 -1.107538
-1.368632 -0.140025 -1.101349
-0.737117 1.214388 -1.104758
-0.782962 1.210764 -1.119143
-0.787461 1.790063 -1.115165
-0.719479 1.772171 -1.089597
-0.658883 1.800546 -1.050540
-0.660930 1.175226 -1.687003
-0.678807 1.158084 -1.692508
-0.005531 1.114056 -1.700940
0.066114 1.100602 -1.752727
0.098472 2.382443 -1.790528
-0.607072 2.387077 -1.848742
-0.038092 2.343007 -1.905612
-0.046561 2.263376 -1.934725
0.008547 2.198828 -1.282776
0.021130 2.176076 -1.317182
-0.044294 2.171104 -1.959508
-0.133057 2.151664 -1.959180
-0.154601 2.109025 -1.949403
-0.109928 2.066461 -1.323354
-0.110486 2.058310 -1.327313
-0.165813 1.465141 -0.727866
-0.217081 1.485990 -0.122845
-0.792776 1.467582 -0.158354
-0.668998 1.430548 -0.155417
-0.589010 1.425760 -0.122646
-0.570286 1.468428 -1.912689
0.659583 1.525709 -1.832227
0.701987 1.542886 -1.768581
0.750742 1.524547 -2.383640
0.748387 0.903735 -2.354970
0.697203 0.953748 -1.734246
0.653261 0.981127 -1.745236
0.084407 0.955471 -1.130163
0.155349 0.910768 -1.766056
0.180785 0.907857 -1.766803
0.774526 0.950232 -1.722499
0.693874 1.605318 -2.329230
0.687812 1.592882 -2.320880
-1.262943 1.538012 -1.756135
-1.223280 1.502417 -1.173565
-1.265812 0.908418 -1.168670
-0.737173 0.926085 -1.142301
-0.789052 0.913588 -1.158376
-0.751130 0.872206 -1.202177
-0.698490 0.855491 -1.204249
-0.722140 0.875978 -1.127795
-0.168692 0.196153 -1.046817
-0.164697 0.135326 -1.045944
1.217850 0.088618 -1.092994
1.298452 0.116121 -1.108250
0.608978 0.183702 -1.059554
-0.107054 0.203212 -1.029412
-0.117272 0.163143 -1.059617
-0.054155 0.732429 -1.109191
-0.011426 1.461626 -1.108685
0.588069 1.551233 -1.038691
-0.792800 1.565255 -0.983898
-0.764041 1.496270 -1.614711
-0.689534 1.453961 -1.645541
-1.901500 0.930701 -1.653719
-1.217660 1.034140 -1.640608
-1.174101 1.659870 -1.662536
-1.852616 1.605003 -1.730726
0.151307 0.952984 -1.792603
0.751414 1.025125 -1.818049
0.753794 1.750744 -1.806994
0.805021 1.105341 -1.785770
0.850773 1.048887 -1.773860
0.844140 0.431882 -1.765608
0.159539 1.117693 -1.140452
0.117255 0.555812 -1.137336
0.162079 0.544446 -1.149442
0.233553 0.490432 -1.186886
0.272741 0.483553 0.065662
0.877907 0.534079 0.052202
0.805648 0.539191 0.088818
0.766067 0.479595 1.297992
0.805957 0.442186 0.689115
0.910570 0.484528 0.675961
0.932406 0.552590 0.657418
0.888469 0.544716 0.010841
0.198254 0.453284 -0.027931
-1.288860 0.382664 -0.095274
-1.328614 0.415784 -0.166128
-1.329658 0.498429 -0.205035
-1.290490 0.521246 -0.196833
-1.259938 0.473475 -1.385569
-1.275150 0.433767 -1.988191
-1.336328 0.440890 -1.315888
0.687047 -0.199838 -1.303412
0.057213 -0.210111 -1.301174
-0.602701 -0.256088 -1.342708
-1.263134 -0.293403 -1.391476
-1.333276 -0.925292 -0.128234
-1.346640 -2.084502 -0.757277
-0.003506 -2.044507 -0.114167
0.001013 -2.029974 0.530445
-0.068845 -2.034715 0.568222
0.446721 -1.388668 1.245958
0.466198 -0.809011 0.685464
0.529787 -0.814774 0.654352
0.525288 -0.826533 0.569824
1.086518 -0.850696 -0.104910
0.482641 -0.874982 0.522509
0.556239 -0.876155 1.107396
0.625834 0.359043 0.410344
0.598069 0.367490 0.387035
0.516079 0.359208 -0.191302
0.488728 0.329282 0.534166
0.541372 0.247149 0.573646
0.588148 0.217966 -0.113387
1.185020 0.197595 -0.175042
0.445073 -0.426134 -0.181915
-0.188265 -1.092482 1.108316
-0.124847 -1.714629 1.133546
0.518131 -1.729576 -0.166281
-0.817286 -0.492007 -0.167662
-0.889872 -1.183838 0.528726
-0.234244 -1.170252 1.274548
-0.129277 -1.164353 1.349139
-0.063358 -1.187582 0.004112
0.535344 -0.536558 -0.087315
0.481293 -0.517286 0.514331
1.180830 -1.753288 0.516980
1.295277 -1.660435 1.166365
1.364049 -1.649859 0.461067
1.327928 -1.653162 0.449868
1.294517 -1.022285 0.506542
1.360382 -1.005081 1.224323
0.823651 -0.404264 1.261486
1.522338 -1.637835 1.205278
1.511119 -1.083645 1.166049
1.493098 -1.092602 1.159340
0.876709 -1.062789 1.829993
0.965144 -1.677730 1.824442
1.019885 -1.694911 0.542756
0.966585 -1.705916 1.231255
0.909891 -2.239969 1.317473
0.917088 -1.522889 2.037483
0.338384 -2.171493 2.044541
-1.674310 -2.212347 1.328060
-2.384628 -2.234283 0.084621
-1.133425 -0.880085 0.129421
-1.845167 -0.830706 0.097304
-1.865826 -0.804931 0.028092
-2.531201 -0.835146 -0.006567
-3.211262 -0.845851 -0.000093
-2.620140 -0.806912 -0.018939
-2.618251 -0.771795 -0.084699
-2.621975 -0.801734 -0.148935
-3.279037 -0.871668 -0.157767
-2.691683 -0.905333 -0.133437
-2.702361 -0.880682 -0.141299
-2.661926 -0.867836 -0.150900
-2.637067 -0.912257 -0.125894
-2.649224 -0.971120 -0.678453
-2.663964 0.372075 -0.616620
-2.638443 -0.267762 -0.575141
-2.593170 -0.268967 0.102687
-1.972191 -0.317698 0.811423
-1.991994 -0.998332 0.880362
-2.029372 -0.981755 -0.277883
-2.052958 -0.952576 -0.315207
-2.040922 -0.966162 -0.364704
-2.012595 -1.007217 -0.378961
-2.008307 -1.067061 -0.369963
-2.021267 -1.031369 -0.377646
-2.025402 0.268902 -0.426610
-2.010582 0.276927 -0.471391
-1.374330 0.243073 -0.473559
-1.365824 0.261560 0.167765
-1.371860 -0.323306 0.149414
-1.403541 -0.299754 0.087929
-0.789569 0.272153 0.686841
-0.808139 0.195247 0.689631
-1.468166 0.212227 0.735796
-1.468845 -0.328769 0.153973
-1.467296 -0.281327 0.163246
-1.486720 -0.315358 0.780672
-1.531804 -0.355706 0.796513
-1.583966 -0.336551 0.202634
-0.943561 0.336701 0.204095
-0.920522 0.310682 0.177520
-0.914641 0.838269 -0.522788
-1.558305 0.824861 -0.534880
-1.566501 0.893590 0.143799
-0.948948 0.995499 0.167707
-1.552497 0.398234 0.809055
-2.140101 0.369327 0.123583
-2.142630 0.985423 0.100325
-1.527875 1.654802 0.115549
-1.527202 2.381958 0.788035
-2.780348 2.386482 0.772883
-2.757503 1.094132 0.727668
-2.117181 1.141879 1.338985
-2.125544 0.600495 1.392559
-2.130988 -0.570939 0.840038
-2.127272 -0.552686 0.867001
-1.492521 -1.206860 0.846114
-1.485709 -0.531167 0.821736
-1.475592 -0.518390 0.822780
-1.457580 -0.567836 0.834929
-0.767623 -0.641406 0.181310
-0.775241 -0.659364 0.135133
-0.799216 -0.626478 0.082043
-0.815722 -0.599476 0.007986
-0.810956 -0.634828 1.294416
-0.820379 -0.681868 0.655451
-0.841929 -0.681586 0.013493
-0.898749 -0.671565 0.610741
-0.935206 -0.080935 0.585510
-0.945377 -0.161760 1.232233
-0.934835 -0.210119 0.654008
-2.266029 -0.189015 0.020010
-2.898214 -0.150466 0.642652
-2.826707 -0.129848 1.280080
-3.392086 -0.694116 0.710278
-3.394823 -0.620778 1.389453
-3.413152 -0.540650 0.769469
-3.379552 -0.503189 1.334731
-2.651939 -0.520383 1.900370
-2.628668 0.761124 1.900881
-2.642155 0.728091 1.920846
-2.642918 0.754625 1.288748
-2.605695 0.794248 0.635524
-2.556604 1.375313 0.627770
-2.534828 0.685137 -0.608724
-2.558788 0.657526 -0.578753
-1.948549 0.677241 -0.557136
-1.940563 0.686551 0.688908
-1.299248 0.620323 0.660409
-1.295058 0.504402 0.670158
-1.296363 0.438929 0.711418
-1.946321 -1.440960 1.322483
-1.272028 -2.015324 0.777150
-1.266162 -2.009730 0.805762
-2.541580 -1.990678 -0.420144
-2.566776 -1.912408 -0.357552
-2.615483 -1.165031 -0.308420
-2.693216 -1.093885 0.312637
-3.397682 -1.760550 0.270078
-3.384463 -1.825935 -0.406205
-3.353799 -0.565295 -0.413584
-3.342227 -0.536730 -0.424372
-3.373318 -0.522405 -1.090394
-2.082381 -0.551756 -1.164649
-2.032272 -1.263078 -1.225636
-1.972409 -1.881774 -2.475978
-1.935463 -1.199063 -2.478199
-1.959892 -1.163859 -1.871643
-1.980663 -1.850284 -2.503160
-1.928064 -1.934844 -2.513231
-2.488839 -2.630910 -1.877532
-1.209292 -2.640549 -1.853187
-1.278150 -3.933454 -1.838641
-1.368046 -2.664163 -1.830864
-1.392794 -2.716646 -1.812425
-1.383622 -1.461709 -1.773952
-1.419812 -0.836010 -1.740133
-1.531200 -1.392446 -1.105896
-1.615357 -1.413451 -1.744222
-0.310951 -1.478403 -1.756370
-0.245519 -0.184623 -1.756333
-0.228166 -0.200188 -1.775016
-0.273379 -0.205510 -1.224488
0.317911 -0.224483 -1.855231
0.328790 -0.242653 -1.856258
0.355500 0.431542 -1.850427
0.363842 0.489918 -1.880040
-0.286575 0.544363 -1.926109
-0.258076 -0.096538 -1.284290
-0.183451 -0.062227 -1.259372
-0.110042 -0.015400 -1.248147
-0.090542 0.635328 -0.690773
-0.733238 0.679302 -1.995326
-0.772032 0.712178 -2.601471
-0.778068 0.720477 -2.555025
-0.771559 0.747032 -2.527903
-0.809045 0.791871 -2.556012
-0.898700 0.829874 -2.593553
-0.952532 0.829471 -2.577685
-0.280711 0.177337 -1.912996
-0.222851 0.157467 -1.899858
-0.206242 0.155233 -1.931969
-0.249330 0.152885 -2.575974
-0.274015 0.118032 -2.565213
-0.250277 -0.553685 -3.151029
-0.823573 -0.560023 -3.137156
-0.805743 -0.542892 -3.153448
-0.158895 -0.536865 -3.170553
-0.157107 -0.573149 -3.780226
-0.129746 -0.006959 -3.120440
0.568805 -0.026144 -3.105326
-0.063683 -0.568622 -3.123829
-0.064969 -0.506324 -3.122681
-0.049550 0.085511 -3.085726
-0.033006 0.061201 -2.384635
-0.668992 0.061860 -2.949311
-0.653858 -0.432444 -2.922132
-0.649109 0.181639 -3.564434
-0.643758 0.181117 -3.556754
-0.654393 0.102841 -4.161658
-0.659143 -0.536468 -3.494377
-0.068567 -0.545425 -4.068863
-0.065142 0.078255 -4.738227
-0.078231 0.107576 -4.777649
-0.105825 0.087453 -3.604597
-0.135510 0.058989 -3.620757
-0.170036 1.353102 -4.222382
-0.223311 0.756598 -3.054681
-0.294528 0.147166 -2.473772
-0.370650 0.084479 -2.487669
0.268507 -0.026598 -2.461355
-0.461002 -0.100042 -1.799569
-0.498559 0.543362 -1.749831
-0.553388 0.566329 -1.736249
0.021810 0.555024 -1.731669
-1.222492 0.521423 -1.051718
-1.175207 0.535278 -1.620260
-1.127978 0.593663 -2.230132
-1.132408 0.617858 -1.593703
-1.174402 1.205899 -1.631740
-1.821619 0.515796 -1.643799
-1.775552 0.489840 -2.847414
-1.742042 0.497858 -2.242508
-1.780877 -0.805247 -2.315287
-1.854348 -0.812385 -2.386843
-1.858594 -0.814816 -2.406245
-1.780149 -0.806752 -1.791286
-1.721608 -0.803579 -1.802121
-1.742469 -0.809675 -1.853813
-1.815897 -0.824669 -0.594659
-2.476811 -0.846939 -0.598124
-2.437616 -0.220372 -0.562476
-1.764783 -0.262564 0.106529
-1.792541 -0.271447 0.134308
-2.507017 -0.912723 0.140480
-2.480645 -1.528029 0.151066
-2.373499 -2.172681 0.181345
-1.657867 -2.179278 -0.436582
-1.652536 -2.167928 -0.396025
-1.709803 -2.172676 0.221555
-1.714894 -2.228249 0.214210
-1.666504 -2.310688 0.860382
-1.603521 -2.366248 0.271952
-1.608551 -2.353728 0.297020
-1.006924 -1.662104 0.279940
-1.571294 -1.050554 0.231154
-2.106823 -1.097024 0.203281
-2.048700 -1.115502 0.215200
-1.463884 -1.097088 -0.408658
-0.893153 -1.103909 -0.416526
-0.935502 -1.146626 -0.504234
-0.319839 -1.162092 -1.180049
-0.339519 -1.800941 -1.123089
-0.402099 -1.737904 -0.402775
-1.102362 -1.697061 -0.399067
-1.084689 -1.660443 -0.424772
-0.993205 -1.606888 0.242091
-0.263353 -1.554129 0.315168
-0.909348 -1.527097 0.341637
-0.934268 -0.921817 0.271381
-2.215409 -0.982309 -0.425420
-1.486007 -1.614507 -1.053318
-1.461945 -1.579235 -0.367328
-1.545362 -2.206625 0.298899
-1.669696 -0.907628 0.270685
-1.712580 -0.948807 0.223330
-1.029743 -0.898314 0.221835
-0.967463 -0.800611 0.254417
-0.988296 -0.791173 0.267662
-2.267198 -0.897757 -0.419668
-1.012874 -0.353795 -0.507063
-1.045334 -0.351937 -1.255704
-1.011014 0.290847 -1.271743
-1.683653 -0.298078 -1.243011
-1.772266 -0.344053 -1.850095
-1.802788 -0.345605 -1.241606
-1.117553 -0.950218 -1.888106
-1.717380 -2.042545 -1.873742
-1.790784 -1.984940 -1.852975
-1.913011 -3.983309 -1.867421
-1.989705 -4.016200 -1.921440
-1.985838 -4.026512 -1.968556
-1.974567 -3.360601 -0.105713
-2.014271 -2.719526 -0.667364
-2.075804 -3.323724 -0.591144
-1.429122 -3.937847 -0.571143
-0.038254 -3.864553 -1.249182
-0.047297 -3.242437 -1.910270
0.570535 -3.244046 -1.213835
0.574028 -3.263113 -0.600816
0.566208 -2.655170 -0.640312
0.544082 -0.755383 -0.693668
0.504689 -0.790802 -0.715155
-0.172685 -0.811241 -0.664864
-0.138037 -1.984953 -0.604456
-0.692259 -1.936196 -0.595227
-2.440816 -1.866406 0.024280
-2.420601 -1.807503 -0.023434
-1.862793 -1.800527 -0.018281
-2.492494 -1.843210 -0.013259
-1.837826 -1.911168 -0.063429
-2.442303 -1.336794 -0.727604
-1.251107 -1.365707 -0.759391
-1.312128 -1.372043 -0.151608
-1.295491 -1.374237 -0.703568
-1.193647 -1.363455 -1.334341
-1.099005 -1.342792 -1.343485
-1.094285 -1.306029 -1.328898
-1.156869 -1.291241 -1.304067
-1.184342 -1.983876 -1.322859
-1.144876 -2.041173 -2.006998
-1.130230 -1.462609 -2.023196
-1.202289 -1.503246 -1.985945
-0.685666 -1.538651 -1.952514
-0.687388 -1.581389 -1.946483
-0.575924 -1.608145 -1.932570
-0.472924 -1.606956 -1.893228
-1.100604 -1.578429 -1.868835
-1.159197 -1.553470 -1.881194
-1.162815 -1.559821 -1.843745
-1.097977 -1.601868 -1.227832
-1.040156 -1.028202 -1.227500
-1.037128 -1.015693 -0.587120
-1.073406 -0.993931 -0.568124
-1.054771 -0.989287 -1.123872
-0.974757 -0.986202 -1.100303
-0.918961 -1.587344 -1.099005
-2.213715 -1.522789 -1.115122
-2.291997 -1.464548 -1.122411
-2.334800 -1.473236 -1.109827
-1.686300 -1.535736 -1.098533
-1.688417 -1.566222 -1.088320
-1.113618 -1.530467 -0.466802
0.106405 -1.489867 -0.425078
1.408887 -1.470771 -0.355252
2.052154 -1.494726 -0.293343
2.078206 -1.455265 -0.260164
1.480124 -2.706219 -1.475590
0.146164 -2.651423 -1.473136
0.096167 -2.649346 -1.469851
0.085568 -2.101884 -1.493800
-0.546325 -2.128525 -1.528152
-1.177759 -2.145363 -1.557561
-1.201034 -2.154258 -1.570426
-1.869309 -2.151949 -0.955667
-1.854311 -2.134100 -0.962104
-1.810103 -2.111679 -0.362531
-1.172303 -1.461451 -0.376780
-0.500690 -2.136185 0.827978
-1.174878 -2.771630 1.433570
-0.486457 -3.455582 1.394323
0.138845 -1.488324 1.362757
0.137855 -1.393961 1.338212
-1.090186 -2.733744 0.642855
-1.029857 -2.121095 -0.005153
