0.133962 2.259942 1.497689
0.749720 1.626915 0.803902
-0.514696 1.098682 0.747004
-0.530013 1.173956 1.374261
-1.188936 1.110899 1.378182
-1.154650 0.401445 1.387572
-1.745280 -0.215812 0.674771
-1.744842 -0.169589 -0.108769
-1.140422 1.098844 1.782325
-1.106521 0.476245 1.809716
-1.042011 0.362528 1.863927
-1.017995 0.869892 1.859167
-1.041602 0.861876 1.824712
-1.068135 1.543672 1.827938
-1.056382 1.512933 1.888872
-1.662900 0.872257 1.924499
-1.614828 0.849425 1.868997
-2.230209 0.884533 1.776028
-2.262742 1.514908 1.094852
-2.283006 0.334073 1.143488
-2.879546 -0.931003 1.826360
-2.858109 0.296881 1.807683
-2.882867 0.342449 2.462505
-2.299919 0.339672 2.516138
-1.683973 -0.265845 2.606351
-0.980339 0.427276 2.644743
-0.908363 0.443729 3.857857
-0.205422 0.467432 2.505601
-0.848745 1.021871 2.524410
-0.857910 0.958591 3.147002
-0.858455 0.276655 3.126299
-0.844950 0.324285 3.114253
-0.829033 1.008138 3.147153
-0.845747 0.333917 3.192170
-0.875502 0.269625 3.194327
-0.874466 0.233229 3.141235
-1.456349 0.932321 1.862380
-0.750235 0.976512 2.545068
-0.772214 1.001716 2.575738
-0.840308 0.990883 2.548168
-0.897782 0.991223 2.482814
-0.228226 0.995816 1.848206
-0.884249 1.013100 1.265427
-0.926080 0.380022 0.664745
-0.317613 -0.227922 0.622306
-0.322120 -0.868658 1.861738
-0.255129 -0.853376 1.880075
-0.217829 -0.816077 2.577648
-0.186127 -0.769907 1.958707
-0.204556 -0.801460 1.928791
0.458658 -0.163304 1.862827
0.479080 1.113505 1.231507
0.493053 1.089226 0.649170
-0.841382 1.111334 0.676268
-0.205511 0.496327 1.277818
-0.183748 0.443344 0.566779
-0.130117 -0.250914 1.194047
-0.100618 0.338217 1.232312
-0.811826 0.379466 1.914276
-0.156256 -0.246847 1.860242
0.496837 -0.290691 1.813066
0.491657 0.277018 1.835701
0.450038 0.268280 1.247529
0.382431 0.300013 -0.023611
-0.323891 0.313247 -0.063517
-0.298192 0.282656 -0.115583
-0.886000 -0.397414 -0.118934
-0.883311 -0.398137 -0.078333
-0.916549 -0.342088 -0.055047
-0.939745 -0.302772 -0.080844
-0.935772 -0.333240 -0.118855
-0.939049 -0.398922 -0.735529
-0.987621 0.196825 -0.656457
-1.054112 -0.422750 0.033753
-1.080792 -0.382181 -0.632205
-1.058798 -0.366789 -0.036149
-1.675417 -1.037295 0.625995
-1.662678 -2.201937 0.582962
-1.668236 -2.170231 0.576952
-1.668620 -2.141250 0.565680
-1.660340 -2.119926 1.189512
-1.673039 -1.459570 0.574395
-1.734461 -2.120434 0.579141
-1.817550 -2.214289 -0.063222
-1.218822 -2.249075 -0.048081
-1.214345 -2.213293 -0.658825
-1.175814 -2.776161 -0.646316
-1.154560 -2.798378 -0.070673
-1.808096 -2.852698 -0.069208
-1.809347 -2.866379 -0.686367
-1.121280 -2.826448 -0.662163
-1.132568 -2.810431 0.638561
-1.142616 -2.870033 -0.001300
0.848489 -2.961822 -0.002669
0.856204 -3.654117 -0.671496
0.872683 -3.601249 -1.342715
0.898989 -3.539129 -1.345394
0.284471 -3.522918 -1.306536
0.289266 -3.525836 -1.265225
0.298390 -3.495359 -1.241261
-0.332103 -3.442053 -1.212881
-0.317197 -3.425204 -1.187803
-0.308847 -3.478291 -1.175411
0.325980 -3.541419 0.058951
-0.301757 -4.165099 -0.671425
-0.295050 -3.477751 -0.759922
-0.893500 -2.884876 -1.461064
-0.886151 -3.568545 -0.807401
-0.869191 -3.600140 -0.829040
-1.515625 -1.116352 -0.829861
-0.871866 -1.124998 -0.827487
-0.879792 -0.496123 -0.793277
-0.877214 -0.491873 -0.755864
-1.505382 -2.405506 -0.764027
-2.164144 -2.380171 -0.827226
-2.187592 -1.740584 -1.575793
-2.215465 -1.719663 -1.599194
-1.555006 -2.295692 -1.548141
-2.180699 -2.262126 -2.897965
-2.128241 -2.854840 -2.906616
-2.739908 -0.956344 -2.894175
-2.759212 -1.541894 -2.844405
-1.460341 -1.517959 -2.805978
-1.453173 -1.522525 -2.766519
-1.412153 -1.540281 -2.155680
-1.432587 -0.920178 -2.155536
-1.480282 -0.830559 -1.496264
-1.483676 -0.820530 -1.499417
-1.437034 -2.818343 -1.510609
-1.411936 -2.867225 -1.503131
-0.828822 -3.528928 -2.146561
-0.898212 -3.531389 -2.122722
-0.934559 -2.884345 -1.461551
-0.923427 -2.903599 -2.107095
-0.907275 -1.705614 -2.111570
-2.226112 -2.370402 -2.123359
-2.267572 -2.377715 -2.783846
-1.608660 -1.052527 -1.484890
-0.960706 -0.439814 -0.815405
-0.930054 -1.060923 -0.800388
-0.938705 -1.066769 -0.800356
-0.983492 -0.388627 -1.447971
-1.024124 0.237193 -1.445486
-1.025707 0.287938 -1.453432
-1.650084 -0.307576 -1.474793
-1.012611 -0.295745 -2.154052
-1.086703 -0.287666 -1.479886
-1.151597 -0.948186 -1.481468
-1.135648 -1.486357 -1.499354
-1.670724 -0.105693 -0.909648
-1.622087 -0.747892 -0.981357
-1.644463 -2.024990 -0.952592
-1.693640 -1.969903 0.396762
-1.695617 -1.911493 0.416642
-1.644889 -1.912768 -0.199961
-2.260911 -1.978361 -0.164235
-2.279994 -2.054452 0.525187
-2.310499 -2.079047 0.544695
-2.287794 -2.071793 -0.067258
-1.604683 -2.748512 -0.058201
-1.569327 -1.462981 -0.089110
-2.200178 -2.124225 -0.090639
-1.602702 -2.711002 -0.749081
-1.590604 -2.667474 -0.762515
-0.945548 -2.054066 -0.777475
-0.953982 -1.441349 -0.802347
-1.036250 -1.447032 -0.828838
-0.454914 -2.034200 -0.172862
0.209892 -1.989381 -0.192681
0.237087 -1.367152 -0.868808
0.226961 -0.756264 -0.843163
0.180876 -0.118594 -0.794529
0.163466 -1.390778 -1.948337
-0.423210 -1.389709 -1.913242
0.269757 -1.439830 -0.637662
0.251421 -0.909104 -0.673223
-0.467637 -0.909355 -0.023900
-0.469749 -1.494355 0.007481
-0.380195 -0.820629 0.094656
-0.283918 0.603243 0.155380
-0.255705 0.570381 1.419528
-0.271665 0.557237 1.367963
-0.256954 0.549487 1.394015
-0.195698 0.529747 1.461098
-0.159751 -0.120447 1.447945
0.444355 -0.140348 1.349427
0.361254 -1.547935 1.277934
0.320488 -1.513879 1.316577
0.324388 -0.210934 0.756042
0.307341 -0.210912 0.133357
0.242312 -0.205323 0.706026
0.178947 -0.189542 0.635004
0.179919 0.429184 0.672104
0.199333 0.358666 0.740346
0.195492 0.292522 0.713077
0.126956 0.269217 0.608488
0.051994 -0.972510 0.562456
0.710128 -1.009945 0.635410
0.753705 -1.043517 0.730886
0.117678 -1.044747 0.742169
0.110697 -2.885497 0.696006
-0.518483 -2.222932 0.686892
-0.442546 -2.209139 0.741203
-2.260274 -0.975397 0.776385
-2.213213 -0.343718 0.081857
-2.261082 -0.295589 0.017025
-1.686493 -0.864727 1.277766
-1.687914 -0.913061 1.343419
-1.631119 -1.509392 1.398907
-1.601544 -2.091118 0.128436
-1.637327 -1.481275 0.703769
-2.360175 -2.100062 1.316049
-2.368344 -2.114590 0.652457
-1.697465 -1.467126 0.641400
-1.676796 -2.070631 0.608136
-1.740221 -2.078907 0.570072
-1.858104 -1.421661 0.538119
-1.310076 -1.410738 0.516707
-1.957272 -2.644094 -0.816327
-1.892239 -2.654018 -0.794326
-1.841620 -2.683571 -0.801204
-1.868717 -2.693186 -1.479048
-1.916857 -1.990662 -1.523676
-1.907783 -1.961648 -1.529079
-1.839048 -1.997329 -1.509297
-3.039194 -2.035649 -1.502361
-1.705845 -1.999084 -1.536256
-1.792222 -2.532165 -1.564508
-1.802203 -2.469818 -1.513541
-1.725448 -0.577901 -1.411822
-1.666933 0.017140 -1.355249
-2.318268 -0.604867 -1.409989
-2.346522 -1.226865 -2.769063
-2.333550 -0.617615 -2.783653
-2.304770 -1.369839 -2.710911
-2.340033 -1.475743 -2.036412
-2.440978 -2.104457 -1.475593
-1.156265 -0.782833 -1.553769
-1.151935 -1.437200 -2.117692
-1.101180 -2.188311 -1.977112
-0.400411 -2.295293 -1.898633
-0.395465 -2.316848 -1.299966
-0.362433 -2.274403 -1.374251
-0.961078 -2.250176 -1.330710
-0.275856 -1.685401 -1.217616
-0.321709 -2.409231 -1.849196
-0.402030 -3.088322 -1.917353
-0.448337 -2.376332 -1.981006
-0.449619 -1.685611 -1.931777
-0.431096 -1.070670 -1.806584
-1.809714 -1.743194 -1.729977
-1.804709 -2.395644 -1.768000
-1.783043 -1.110043 -1.853280
-1.771619 -1.088306 -1.878155
-1.777119 -1.711087 -1.208850
-1.809132 -1.700421 -1.188130
-1.222539 -1.061655 -0.589574
-1.262974 -1.029697 -0.643572
-1.274300 -0.980533 -0.639183
-1.237782 -0.941561 -0.560518
-1.165061 -0.932097 -1.123802
-1.784171 -1.603030 0.127080
-1.755312 -0.966618 1.369455
-1.726672 -0.322505 1.353948
-1.687516 -0.292547 1.370151
-1.022123 -0.925809 1.382834
-1.091997 -1.552245 1.354427
-1.175771 -2.154821 1.303317
-2.489740 -2.090391 1.267393
-2.453706 -2.690143 1.281201
-1.769465 -2.709859 0.699333
-1.751675 -2.760820 0.720256
-1.764844 -2.798714 0.717230
-1.769260 -2.799630 0.688553
-1.097193 -2.796075 0.657194
0.146509 -2.148781 0.637674
0.148559 -2.162263 0.627101
0.122370 -2.139806 0.632243
0.115430 -2.101609 0.630180
0.135782 -2.099870 0.610603
-0.447158 -1.448115 -0.067123
-0.410583 -0.796085 -1.468016
-0.360301 -0.760541 -1.483507
-0.315485 -0.801438 -1.510481
0.347373 -0.794175 -1.557403
0.343546 -0.800156 -0.971548
0.322770 -1.394447 -1.010624
0.286822 -1.992856 -1.008825
0.235224 -1.309149 -1.599821
0.159822 -1.314182 -1.554742
0.090251 -1.339463 -1.538361
0.708136 -1.351582 -1.521137
0.741965 -1.350967 -1.494760
0.754960 -1.361937 -1.468495
-0.534468 -1.410386 -0.819707
-0.572851 -1.496370 -0.180990
-0.576930 -1.569198 -0.846611
-0.565288 -1.610793 -0.886811
-0.588316 -1.635827 -0.904803
-0.636183 -1.677160 -0.244647
-0.686249 -1.727208 -0.216309
-1.328081 -1.752159 -0.201834
-1.277383 -1.109443 -0.224011
0.062803 -1.075989 -0.270307
0.063113 0.175918 -0.322458
0.069991 0.188903 0.311508
0.727722 0.210295 0.307404
0.734628 0.247609 0.277918
0.723519 0.266686 0.209417
0.097278 0.250599 0.128875
0.787536 0.245464 0.101362
1.424242 0.279050 0.132979
0.784153 0.329779 -0.483324
0.740515 0.348727 0.197282
0.698138 0.336352 0.198996
0.691008 0.341646 0.891779
0.059964 0.374124 0.956239
0.049979 0.395930 0.357746
-0.018410 0.371152 0.341623
-0.686203 -0.329643 0.326232
-0.010890 -0.330276 1.007666
0.026425 -0.282174 1.058767
0.692609 -0.851822 0.401673
1.265639 -0.859415 0.365667
1.216010 -0.877048 0.341216
1.239052 -0.858015 -0.316577
1.306757 -0.173585 -0.297139
1.337537 -0.794967 -0.982976
1.291055 -0.810793 -1.062654
1.241513 -0.853606 -0.466601
0.619391 0.469280 -0.476154
0.708938 0.473922 -1.128212
0.746642 1.069275 -0.545418
0.723309 1.055448 -0.576808
0.713447 1.038861 -1.175057
1.373288 1.012843 -0.463444
1.439597 0.961518 -0.411238
1.414492 0.906509 -0.392587
1.319929 1.515356 -0.406534
1.280147 1.441922 -1.068425
2.684676 1.357735 -1.081368
3.362154 1.309519 -1.091291
2.673488 1.323614 -1.108161
1.991300 1.380146 -1.134491
1.999445 0.884667 -0.483989
2.705454 0.306031 -0.512375
2.753207 0.326477 -0.521646
2.750313 0.345851 -0.487782
2.091410 0.370225 -1.106086
2.118827 0.370060 -1.106783
2.154375 0.356726 -0.472787
2.154751 0.358530 -0.490802
0.896558 0.387763 -0.456781
0.872220 0.438013 -0.404904
0.879954 -0.810278 -0.381831
0.872340 -0.126746 -0.397090
0.826297 -0.129434 -0.395599
0.789661 -0.104197 -0.335291
1.495077 -0.077046 -0.262537
1.512041 -0.102736 -0.926209
2.851995 -0.180439 -1.648469
2.140039 -0.239343 -1.696246
2.116733 -0.233394 -1.713938
2.088727 -0.177440 -1.726234
2.027091 -0.127508 -1.778088
1.963489 -0.122234 -1.883284
2.579663 0.537265 -1.978526
2.590611 1.824501 -2.002887
2.589552 1.234782 -0.594237
2.544844 1.264330 -0.537708
2.503931 0.573643 -0.527533
2.512297 0.515122 -0.558959
2.537201 0.499493 -0.565115
2.531829 0.548828 -0.486935
2.506752 1.256500 -0.377575
2.519801 1.251312 -0.950111
2.584920 1.199743 -0.964688
2.635086 1.165276 -0.960731
2.622205 1.150536 -0.886170
2.586037 1.116601 -0.811763
2.609540 0.401433 -0.162809
2.692828 0.358516 -1.574071
2.733157 0.366612 -1.621705
2.683918 1.662968 -2.234979
2.631316 1.084722 -2.221321
1.408554 1.083805 -1.569998
1.479076 1.071541 -2.350851
1.510102 0.407769 -1.749838
1.485024 0.455242 -1.052546
1.458417 0.507906 -1.647330
1.472015 -0.112032 -1.654713
1.498604 0.526329 -1.681920
1.498962 0.541811 -1.666238
1.480070 0.570708 -1.630178
2.744892 0.564505 -0.986153
1.456823 -0.140463 -1.717593
1.503975 -0.178675 -1.770666
1.553387 0.452344 -1.743948
1.604911 0.487330 -1.033778
1.650150 0.499968 -1.027954
1.676907 0.479582 -1.072616
1.683451 1.099151 -1.085221
1.690542 1.093243 -0.375445
1.705428 1.067893 -0.288527
1.705979 1.014011 -0.279510
1.670700 0.971911 -0.351926
1.634134 0.337026 -0.387174
1.643657 0.974509 -0.317485
1.071097 0.950066 -0.817630
1.115641 0.896160 -1.472993
1.093490 0.865948 -1.552505
1.036498 0.254407 -0.951081
1.630651 0.276221 -0.912236
1.633539 -1.691076 -0.158867
2.268924 -1.678912 -0.099984
2.221253 -1.671108 -0.132209
0.918123 -1.032271 -0.824840
-0.358957 -1.018802 -0.827880
-0.354847 -1.668129 -0.788285
-0.339198 -1.638664 -0.769453
0.284709 -1.589874 -0.794134
0.232044 -1.536036 -0.832607
0.172308 -1.517225 -0.857437
0.148720 -1.526262 -0.863667
0.172790 -3.420500 0.422138
-1.120013 -2.792558 0.399997
-1.771846 -2.188854 0.380449
-1.750588 -2.196692 0.344725
-1.697612 -2.219668 0.290888
-1.649458 -2.233126 0.234319
-1.639191 -2.218492 0.218721
-1.647143 -0.928511 0.887783
-1.645568 0.305315 0.895837
-1.606377 0.300433 0.884704
-1.557259 2.198984 0.185529
-1.559713 2.224252 0.201195
-0.947648 1.551443 0.250806
-0.994326 1.541997 -1.084001
-0.352864 1.506164 0.158093
-0.339337 1.475992 -0.519879
-0.991456 1.492238 0.150627
-1.050297 1.522584 0.171148
-0.491866 2.214081 0.170268
-1.802506 1.562288 0.178222
0.198987 1.550473 0.207316
1.544407 2.215761 0.242230
1.471370 2.255899 0.240917
2.054840 1.649427 -0.448932
2.111560 1.087615 0.154966
2.196957 1.048868 -0.469579
1.654365 1.045866 -0.418215
1.634686 1.675866 -0.407377
1.557663 1.691398 -0.447457
0.185544 1.666014 -0.461699
0.211037 1.655073 -0.417916
0.235716 1.678890 -0.366911
0.823962 1.704892 -0.376669
0.802833 1.668958 -0.450903
0.806924 1.584978 0.159481
0.850235 1.515632 0.158208
0.268866 1.510184 0.181728
0.892148 1.533097 0.165955
1.522838 1.523279 0.113339
2.089163 1.479767 0.105226
1.371775 2.124591 0.172167
1.371883 0.914842 0.899146
1.382112 1.538224 0.926664
1.396749 1.529086 0.915688
2.036538 1.455052 0.930330
2.065051 1.390485 0.991225
1.476169 0.810545 1.035677
1.539404 0.205409 1.646831
0.875534 0.223722 1.585581
0.821802 1.416468 0.276925
0.788848 1.414431 0.319922
1.450870 1.482604 0.344013
1.488425 2.215448 0.301273
1.507893 2.240219 0.227598
0.856987 1.552295 0.196163
0.890602 1.535971 0.199380
0.970984 1.579243 0.187892
1.041777 2.262394 0.793669
0.415273 2.273401 0.131268
0.392446 2.240686 0.139764
0.379602 2.195655 0.184430
1.680365 2.170152 -1.054186
2.319766 2.145128 -1.068951
1.640869 2.099399 -1.068167
0.330321 2.026747 -1.696096
-1.712237 2.617393 -2.310026
-1.044444 2.000247 -2.302081
-0.961774 2.071311 -2.338912
-0.906979 1.508623 -1.707714
-0.893667 2.187212 -1.706889
-0.906130 0.941440 0.205704
-0.921286 0.910244 0.882028
-0.929131 0.257560 0.859650
-0.309364 0.301087 0.838030
-0.300868 0.307460 -0.525885
-0.919538 0.298912 -0.533107
-0.888083 1.623832 -0.551098
0.420488 1.636159 -0.566386
0.462098 1.718531 0.086688
0.508035 2.380075 0.088600
-0.109973 1.674668 0.079726
-0.134423 1.568043 -0.591201
0.467612 0.850895 -0.578047
0.464086 0.840680 -0.539537
0.483305 0.835464 -0.500325
1.107410 0.823488 -0.475103
1.074191 0.821571 -0.455862
1.690854 1.509434 -0.424558
1.047459 1.561791 -0.383501
1.072422 2.263904 1.573125
-0.185934 2.266212 1.564779
0.373810 2.228887 1.547306
0.328600 1.563817 1.550584
-0.324282 1.569578 1.577479
-0.300257 1.572095 0.929720
-0.924179 1.560058 0.947087
-0.376506 1.546787 0.950540
0.224567 1.599943 0.959279
0.884176 1.010882 0.972985
0.900120 1.032101 1.624347
1.537617 -0.218736 1.571322
-0.531277 -0.193135 1.506266
-0.527736 0.455885 1.469381
-0.391015 1.647085 0.808516
0.296107 1.592946 0.825753
1.615314 1.586409 0.837942
1.557429 1.644987 0.814919
2.844520 0.372229 0.771071
2.913862 0.370609 0.746767
3.632394 1.520109 0.749581
2.219205 0.831623 -0.509041
1.467538 0.821115 0.131695
1.388779 0.847728 0.128474
0.730465 1.399355 -0.435505
0.185106 0.638126 -0.354131
0.199903 0.550444 0.336999
0.196383 1.794936 1.002740
1.460086 1.877433 -0.326597
1.443542 1.907643 0.366262
1.414472 1.252025 -0.212382
1.409754 1.224453 -0.186832
1.432392 1.244900 -0.197715
1.445680 1.896777 -0.238992
1.424994 2.518032 -0.273884
1.397637 2.508441 0.342056
0.706339 1.873784 -0.347464
0.095535 1.917597 -0.352722
0.124283 2.587298 -0.363469
1.437946 2.590156 -0.385687
1.419472 2.598407 -1.008703
1.423006 1.307706 -0.353571
0.796883 0.687343 0.330639
1.458269 0.655626 -0.353357
3.384306 0.620863 -1.647058
3.392613 -0.015181 -1.685136
3.425055 0.010117 -1.094766
3.438383 1.932861 -1.086166
3.422193 2.528785 -1.710185
3.416294 2.531944 -3.054314
2.775031 2.608047 -3.086604
2.210064 2.051811 -2.471375
2.283174 3.319603 -2.459322
2.296181 2.635430 -1.738608
0.925245 2.624562 -1.680427
0.254527 1.406904 -1.672471
0.304469 2.737585 -1.691884
1.651066 3.379999 -1.687401
1.698323 2.003892 -2.326427
1.652820 1.977355 -1.031732
1.589290 2.705390 -1.018669
2.235671 2.153145 -1.046747
2.298079 1.478976 -1.094020
2.972541 1.365817 -1.128974
2.882641 1.981861 -1.817420
2.124975 2.039459 -1.862103
0.797518 1.583417 -1.896439
0.884961 0.903020 -1.894243
0.271422 0.743935 -2.527523
0.203514 1.333940 -2.514269
0.111978 1.483529 -2.530496
0.139240 2.285780 -2.557954
-0.387897 0.989595 -1.286190
0.990893 2.176650 -1.254434
0.905602 2.101774 -0.606063
0.839394 2.834474 -0.621636
1.583870 2.897037 -0.621217
2.247198 2.852928 -0.575307
2.204141 2.741493 -0.514603
2.122577 2.711214 -0.475005
1.449596 3.437332 -0.474048
1.451317 2.917115 -0.491720
3.372593 2.907593 -0.492381
2.679649 2.822956 0.167240
1.994880 3.495528 0.140641
2.007908 4.157479 0.072107
3.997124 2.344738 0.676315
4.049880 0.993328 0.023471
4.079747 1.512215 0.044439
4.111684 2.140990 0.047930
2.282141 1.574370 0.020211
2.325964 1.652587 -0.637155
1.709819 1.649808 -0.619941
1.730869 1.608299 -0.595913
1.781754 2.264018 -0.600631
1.847173 2.338833 -0.647999
0.646095 2.374168 -0.692437
1.249809 2.307605 -0.676279
1.209343 3.452243 -0.603101
1.212233 3.434260 -1.157324
1.244625 2.233452 -1.118490
1.267590 2.269840 -1.089585
-0.053614 1.612766 -1.640984
0.532130 0.955789 -0.821707
-0.729075 0.979719 -0.693435
-0.081171 1.000117 -0.686820
-0.111414 1.577669 -0.739573
1.671830 2.762292 -0.740066
1.579135 2.049539 -0.666017
1.525164 2.060136 -0.601734
2.170783 2.735074 -0.623070
2.174204 0.215789 -0.695789
1.512142 0.163234 -2.012402
0.151427 1.399270 -1.938960
-1.112478 1.335607 -1.866903
0.199109 2.612664 -1.282564
0.839145 2.596975 -1.414273
0.086847 1.890313 -1.497873
0.044745 1.857932 -1.490160
0.045256 0.630359 -1.463570
0.084155 1.343413 -1.486915
0.143017 -0.458568 -1.518759
-0.495357 -0.424284 -1.477526
-0.422315 2.139897 -1.385615
-0.381845 1.544649 -0.731051
0.338413 1.590715 -0.773555
0.333015 2.239430 0.387707
0.887740 2.162062 0.372242
2.065324 1.432027 0.364351
3.378783 0.795191 0.308499
3.358342 0.777775 -0.424906
2.631950 0.784931 -0.475910
2.620587 0.827821 -0.438147
2.629367 0.895569 0.274353
2.655016 1.572982 0.278677
2.683304 0.305983 -1.098937
2.008305 0.279294 -0.497626
2.613109 0.913868 -0.457089
2.536671 0.790890 -1.689371
2.488849 0.762917 -1.692532
3.195840 0.750541 -1.801355
3.222454 -0.511652 -1.891351
2.554515 -0.441759 -1.872158
2.560587 -1.009055 -1.812431
1.952491 -0.967717 -1.811135
2.010019 -0.286163 -1.876206
2.038807 0.287388 -0.580620
2.013998 -0.387497 -0.576393
1.962720 -0.471224 -1.215066
2.626878 -1.800630 -1.241460
2.658320 0.066146 -0.637310
2.677791 0.737770 0.022665
2.004145 0.762521 0.050003
2.001809 1.447911 -1.203214
2.025038 1.460069 -0.605796
2.081354 1.418383 0.100313
2.121533 2.001640 -0.613085
2.104825 2.574722 -0.623663
2.036650 2.544602 0.096500
1.958493 2.562110 -0.459182
2.551353 2.579665 -1.079122
3.240907 1.939886 -1.083316
3.249655 1.976732 -0.427588
2.601560 2.665233 -0.377996
2.600220 2.134841 -1.036333
2.645377 2.177742 0.246322
2.730154 2.162750 -0.398190
4.049016 2.108095 -0.391944
4.020651 2.718528 -1.013579
3.994914 2.081981 -1.028084
2.751845 2.125316 -1.705765
1.542306 3.329567 -1.715898
1.550248 3.295848 -1.671575
2.163881 3.288014 -2.272408
2.175865 3.311534 -2.223629
2.210757 3.304469 -2.202778
2.232692 4.525192 -2.170402
0.820472 4.451625 -1.440072
0.766030 3.786738 -1.392311
0.714848 3.799085 -2.061584
0.699349 3.156760 -2.100036
-0.673568 2.475886 -2.794341
-0.630444 2.504763 -2.752217
-0.584449 3.211525 -2.715937
-0.580128 3.260410 -2.087886
-0.597829 3.264719 -2.137069
0.022038 3.238414 -2.157487
0.033460 3.213440 -2.119576
0.014535 2.570338 -1.468623
-0.003774 1.297636 -1.497167
-0.012421 1.282975 -1.531260
0.000980 1.945452 -1.555058
-0.551337 1.989223 -1.546696
0.100467 1.986316 -1.564617
0.060964 1.274680 -2.198849
0.011854 1.235240 -2.199759
-0.024172 1.278571 -1.586609
-0.048696 1.302737 -0.915989
-0.096750 1.945817 -0.944075
-0.151115 1.905563 -1.005793
-0.163384 1.211719 -1.046756
-0.131221 1.244873 -1.049208
1.315309 1.261480 -1.034754
1.273529 1.247299 -1.040780
1.259482 1.233419 0.849713
0.661285 1.231860 1.493601
0.701304 1.222747 1.530878
0.050908 1.175160 1.566126
0.005843 1.770982 0.950633
-0.026593 1.734522 0.957550
-0.007959 1.747398 0.954387
0.018153 1.774695 0.340017
0.008412 1.762581 -0.320904
-0.031848 1.085832 -0.333815
-0.684250 1.096354 0.198977
-0.016027 1.134097 0.874055
0.013048 -0.194280 0.902400
-0.000342 -0.216267 0.254672
0.609611 -0.238000 0.252910
1.251368 -0.298314 0.284487
1.260927 -0.324722 0.311568
1.260306 -0.878650 -0.323961
1.258453 -0.796813 -0.984003
1.283238 -0.765399 0.270917
0.700657 -0.778046 0.289352
0.756197 -0.782170 0.337331
0.771678 -0.787383 -0.286719
0.782436 -0.816963 0.320804
0.822932 -0.238568 0.975821
0.876869 0.912474 1.022602
0.890551 0.897715 1.054363
0.192427 0.942309 0.379559
0.185825 1.013728 -0.321963
0.870885 1.049476 -0.354544
0.886828 1.059370 0.291910
0.867124 0.429166 0.916872
0.830490 0.438725 0.867719
0.810881 0.417781 0.858900
0.803531 -0.288097 0.890351
0.791108 -0.316682 1.624485
0.099396 -0.273196 2.918048
-0.523648 -0.197330 1.658497
-0.500980 -0.143880 2.227651
-0.472325 -0.138625 1.061275
-0.462664 -0.133646 1.758828
-0.464540 -0.718914 1.107616
-0.437868 -0.666697 0.420246
-2.348723 -0.047163 -0.861118
-2.331150 -0.708253 -0.869385
-2.365464 -1.343361 -0.117746
-2.394487 -1.274375 -0.689067
-1.734831 -1.830942 -0.685280
-1.661237 -1.810603 -1.362654
-0.922354 -1.204990 -1.337266
-0.929415 -1.225333 -2.570019
-0.950653 -1.177046 -1.958941
-0.921663 -1.132476 -2.045584
-0.877675 -1.173841 -1.516747
-0.880530 -1.931048 -1.573856
-0.930632 -2.618913 -2.152510
-0.963107 -2.577717 -2.127525
-0.930224 -1.179211 -2.147649
-0.879615 -1.189990 -2.184694
-0.861806 -1.272233 -2.160253
-1.540942 -1.968974 -2.096097
-1.524963 -1.923066 -2.075175
-1.488856 -1.887134 -2.130475
-1.497149 -2.475999 -3.479554
-1.568492 -1.867455 -3.541815
-1.639656 -1.885571 -3.527576
-1.647899 -2.466369 -3.435739
-1.621952 -1.760634 -3.381613
-1.640533 -1.115546 -3.417780
-1.711345 -1.150157 -3.471712
-1.712982 -1.215978 -4.078105
-1.066237 -1.235758 -3.385625
-1.063080 -0.561172 -3.364245
-0.506035 -0.561117 -4.095613
-0.589326 -0.620885 -4.223672
-0.606913 -1.312509 -3.597271
-0.561145 -1.289523 -3.474916
-0.528440 -1.209399 -3.384636
-0.540509 -0.534949 -3.389519
-0.547436 -0.566178 -3.418008
-0.479656 0.014030 -2.737403
-0.392675 0.040397 -2.679389
-0.393452 -0.508420 -2.682731
-1.148199 -0.496952 -3.395206
-1.241171 -1.218685 -3.448968
-1.227929 -1.275539 -3.408503
-1.165938 -2.560705 -3.313449
-1.163753 -2.489963 -3.894204
-1.847178 -1.823573 -3.908457
-1.862651 -1.806525 -3.931436
-1.748393 -1.777158 -3.274154
-1.608423 -2.375439 -3.252446
-0.953530 -2.952134 -3.918750
-1.068607 -1.735897 -4.656809
-1.166298 -2.491560 -4.761594
-1.159039 -3.877747 -4.149209
-1.102455 -3.843940 -4.118668
-1.092446 -2.539049 -4.095406
0.072603 -3.798348 -4.107924
0.046579 -3.885164 -4.101923
0.082056 -3.913850 -4.035257
0.132224 -3.897602 -3.956928
0.120376 -3.163801 -3.923557
0.046848 -3.149826 -3.964934
-0.649832 -3.898335 -4.008877
-0.629832 -3.973631 -4.611959
-0.565111 -3.318122 -4.532611
-0.535685 -3.216750 -4.477025
-1.176660 -3.806944 -4.505978
-1.178264 -3.851750 -4.549502
-1.131453 -3.224008 -4.524152
-1.100923 -3.156510 -3.817608
0.167737 -2.344108 -4.455486
0.100999 -2.317856 -4.555061
0.074150 -3.107007 -4.671653
0.741958 -3.214298 -4.032410
0.784171 -3.226448 -3.958871
0.787504 -3.154548 -4.587437
1.439070 -2.428725 -4.605107
1.491894 -2.413905 -4.014596
1.572319 -3.070856 -3.261363
0.961878 -3.662728 -3.137950
0.956325 -4.197353 -3.090579
0.946026 -2.847005 -4.391400
0.977696 -2.863373 -4.431264
-0.258089 -3.563470 -3.187020
0.390680 -4.232747 -3.120904
0.376671 -4.195531 -3.114221
0.364645 -3.472060 -3.151088
0.401351 -2.134259 -2.509616
0.449190 -2.797708 -1.900040
0.446554 -3.448708 -1.889264
0.440052 -4.097591 -1.275989
0.327845 -4.069642 -1.342174
0.359457 -2.169993 -1.348719
0.413579 -2.213018 -0.738726
0.463770 -2.910721 -0.710917
0.407770 -2.267568 -0.724187
1.027858 -2.877928 -1.384584
1.064770 -2.221256 -0.714626
1.131988 -2.848299 -0.700488
1.145440 -2.849979 0.033060
1.102816 -2.225573 0.003772
1.088116 -2.239531 -0.025668
1.150010 -2.259548 0.014854
1.218816 -1.645566 0.080494
1.837490 -1.684225 0.095932
1.709833 -1.715007 0.047584
0.961059 -1.691396 0.007421
0.980728 -0.969944 0.018231
1.657094 -0.964376 -0.580977
2.267577 -1.629778 -0.605389
2.157576 -1.653291 -0.663748
2.114516 -1.654274 -0.711456
2.185498 -0.996565 -0.725366
2.918237 -0.372410 -0.102957
3.555041 -1.687192 -0.133367
2.851891 -1.040114 -0.189383
2.838200 -0.385164 1.081013
2.917838 -0.320344 1.098660
3.000631 -0.307563 0.482395
2.968016 0.936540 0.482967
1.053972 0.919721 -0.122236
0.389067 0.954246 -0.102434
0.523158 1.001729 0.543632
0.644636 1.014572 0.524841
0.641412 0.996180 1.136998
0.578231 0.969493 -0.072990
-0.086767 0.968143 -0.028426
0.042016 0.960109 -0.048327
0.750646 2.227584 0.530190
0.088738 2.168355 0.514176
0.033666 2.123792 0.559756
-0.001628 2.127601 0.597690
-0.012375 2.150204 0.543153
-0.009649 2.176222 0.446457
-0.001060 2.194828 0.431759
-0.010410 2.213206 0.529269
-0.028661 2.231477 0.650752
-0.048263 2.203477 0.682747
0.611915 2.152233 1.899661
-0.026979 2.114800 1.864977
-0.012550 1.449644 1.201235
0.587756 1.471341 1.218862
1.192818 1.496067 1.185264
1.181912 1.526846 0.485462
1.181762 0.212715 1.086919
1.183489 0.238385 1.148801
0.486823 0.296502 0.696921
1.089897 0.334047 0.739522
1.080094 0.295194 0.731338
1.097069 -1.011192 0.697083
1.114990 -1.089024 0.688770
0.481894 -0.451362 0.699275
0.493852 -1.043992 0.697337
1.109817 -1.060093 1.316748
1.155451 -1.123643 1.297527
1.203736 -1.153519 1.330558
1.181050 -1.093706 0.706475
1.141761 -0.998708 0.782000
0.437227 -1.623140 0.802847
0.432201 -1.672205 0.127523
0.438795 -1.723004 0.099631
1.095438 -1.045774 0.076134
1.073797 -0.994562 0.040204
0.446286 -0.982032 -0.005935
-0.150482 -0.380812 -0.057817
-0.155224 -0.390697 -0.090810
-2.133942 -0.328883 1.847248
-1.552010 1.075290 1.825124
-1.559886 1.122388 1.800409
-2.170031 1.108024 1.776453
-2.812577 1.076849 0.413919
-1.544226 1.087078 0.393997
-1.577302 1.143225 1.060773
-1.555148 1.195680 1.054268
0.448846 1.192739 1.017812
1.023010 1.156711 1.002555
0.910076 1.152465 1.038603
0.816215 1.216150 1.099715
0.186343 1.278105 1.145348
0.231092 1.257081 1.163559
0.861874 1.182542 0.529768
0.216680 0.537157 0.554663
0.201434 0.607981 -0.048661
0.867201 0.721431 0.580168
2.123704 0.734408 0.556786
2.133864 0.632776 0.537432
2.148344 0.561679 -0.122050
2.157471 0.594046 -0.730414
2.152058 0.668161 -0.680419
2.100687 0.659265 -0.631550
2.063293 0.559115 -0.605830
2.062057 1.113783 -0.604261
1.505163 1.138890 -0.615842
1.552218 0.593927 0.652427
2.184701 -0.044989 1.282341
2.193572 -0.070045 1.895106
1.605879 -0.076888 1.295431
1.635967 -0.030521 1.319320
0.353054 0.058758 1.320936
0.290632 0.112787 1.335541
-0.412506 0.104510 1.996377
-0.382031 0.080021 2.030752
-0.322836 0.100500 2.012102
-0.910918 0.758911 2.566677
-0.249131 0.780159 2.543663
-0.286735 0.730836 2.598550
0.331728 0.042284 2.671305
0.321828 0.016894 2.686743
0.934337 0.045630 2.639076
0.901081 0.070603 2.605942
0.913827 0.039995 2.635898
0.891129 -0.037367 2.667672
0.286903 -0.069035 2.626307
0.302374 -0.044606 2.534993
0.332428 -0.020136 1.893244
0.380853 -0.052380 1.953602
0.414219 -0.114367 2.027082
1.003117 -0.101656 2.015439
0.956997 -0.033401 1.939353
0.335150 1.239922 1.917302
-0.249586 1.267055 1.984704
-0.887994 1.261351 1.400290
-0.266584 1.272315 2.038317
-0.275490 1.311912 1.975415
-0.278009 1.333989 1.966601
1.018212 1.295949 1.365493
1.551672 -0.121403 1.423295
1.501802 -0.122892 1.434624
1.511379 -0.051168 1.430702
0.930854 0.003153 2.103603
0.333726 0.017027 2.131073
0.898728 0.016986 2.123630
0.898713 0.036613 2.732638
0.974412 0.080661 2.671342
1.052636 0.714193 2.638643
1.058357 0.669374 2.629182
1.026627 -0.044763 2.608553
1.039024 -0.064369 1.917171
0.433212 -0.040847 1.886559
0.479450 0.595679 0.588944
0.466796 0.015529 0.564813
