3.095186 0.194010 2.386493
3.020180 0.253368 2.364220
2.997156 2.145334 1.818603
2.372812 3.362706 1.900289
2.352080 3.321378 3.108116
2.951350 2.076666 2.424852
2.936385 0.219409 2.396220
2.965862 0.251442 1.833717
1.708177 -0.402096 3.087728
1.695510 -0.388592 3.024424
1.681515 -0.317517 2.938249
1.708329 -0.316489 2.299002
0.492531 0.315170 2.313324
-0.122016 0.850752 2.905190
-0.119444 2.059969 2.848636
0.545459 2.068053 2.805778
1.211332 2.089537 3.503584
0.621977 1.484970 3.558040
0.601958 1.423943 4.169889
0.538270 1.423172 4.118426
1.764745 2.066490 3.450889
1.129773 2.035769 3.436738
1.140629 2.033477 2.806121
1.115905 2.604012 3.409591
1.057977 2.541180 2.729107
1.033144 1.931485 2.698383
1.072401 0.758833 2.706571
1.127793 0.769821 2.719768
1.756763 -0.615737 3.362266
2.351448 -0.589441 3.355598
2.310221 -0.573394 3.342391
2.323966 -0.593240 3.345970
2.356767 -0.010715 2.727962
2.974872 -0.650965 2.732277
2.283975 -0.634683 2.749355
2.276802 -0.614651 2.786641
2.329000 -0.612622 2.221985
2.391517 -1.320220 2.244909
2.411987 -1.357998 2.255460
1.741131 -1.368902 2.270481
1.712062 -2.621460 2.295753
0.495935 -3.294528 1.666965
0.485765 -2.689047 1.621858
0.478495 -2.019276 1.584377
-0.188066 -0.769250 2.249902
-0.174787 -0.810568 2.924438
-0.169018 -0.809754 2.934883
-0.176279 -0.780781 3.522918
-0.172279 -0.762732 2.873081
-0.778905 0.529728 2.921244
-0.797470 0.526051 2.934209
-0.835569 0.580025 3.556132
0.396094 0.643753 4.235378
0.403501 0.678715 3.551058
0.417645 0.671296 3.594126
0.416482 0.021109 3.666227
0.403305 0.669514 3.171816
0.401337 -0.523026 3.123189
1.036813 -0.488134 2.498276
1.009841 -1.081041 2.570918
0.979001 -1.090328 2.644831
0.980243 -0.474671 2.645896
1.018706 0.139844 2.582120
1.041767 0.136615 2.551276
1.048204 0.159912 2.585760
1.066627 0.179662 1.924202
1.129978 0.167455 1.242938
1.210619 0.146245 1.905232
1.230846 2.157015 1.881605
0.538932 2.197421 1.151857
0.487306 3.454208 -0.198589
1.144665 4.063436 -0.281224
0.542525 4.030494 0.236519
1.798965 4.031292 0.201835
1.733095 4.707146 0.863238
1.693354 3.422687 0.901314
1.733614 3.377612 0.261853
1.793143 2.684106 0.224598
2.407153 2.701327 0.868720
2.318174 3.382428 0.915517
2.261720 3.364823 0.318818
1.665308 3.294445 0.298142
1.708982 1.888287 0.298700
1.689838 1.903957 0.376023
0.973133 2.004236 0.482017
0.287983 2.071149 -0.670533
0.412737 2.035316 0.524205
0.563830 1.975534 -0.100452
0.641392 1.997721 -0.663614
0.653406 2.093977 -1.203129
0.679025 2.155060 -0.577821
-0.450268 0.814825 -0.611543
-0.387360 0.721461 -0.613805
0.224556 0.729787 -0.577258
0.171428 0.842522 -0.561185
0.174488 0.923178 -0.592388
0.887251 2.211225 -0.638925
2.212860 2.117957 -0.648669
2.176848 2.114389 -0.616084
1.458140 2.197766 -0.609639
1.400875 2.230265 -0.626183
1.353502 3.383433 -0.622192
1.276037 3.264858 -0.596858
1.190249 3.323416 -0.581016
0.489504 3.492910 -0.608038
0.504373 3.580582 -0.004920
0.534506 3.510849 -0.010569
-0.108490 3.402722 0.005654
-0.103134 3.434342 -0.010479
0.606543 3.571073 0.531472
0.677562 3.635784 0.504513
0.702731 2.144567 0.510961
0.657416 1.424990 0.536102
0.608618 1.472745 0.546893
0.620473 0.964165 0.529842
0.657993 1.041507 0.521264
0.012115 1.011279 -0.091847
-0.019902 0.945736 -0.074232
-0.062937 0.933642 -0.085305
-0.065225 0.971785 -0.102361
-0.044567 0.951839 -0.102496
-0.069296 0.829082 -0.110934
-0.157130 0.147751 -0.129577
-0.260067 0.179036 -0.161583
-0.306120 0.291602 1.015099
-0.288412 0.342476 1.075683
-0.275598 0.874606 0.483465
-0.946324 0.780314 0.500448
-0.972656 0.737811 0.504170
-0.969339 0.715117 0.520661
-0.932536 0.633557 0.547149
-0.917167 0.508246 0.546586
-0.942879 1.076239 1.854345
-0.345858 1.112205 1.870579
-0.381763 0.525538 1.912318
-1.013881 1.194280 1.302842
-0.986288 1.165431 1.313763
-0.979727 1.156782 1.960180
-1.630364 1.199572 1.958593
-1.615721 1.214116 1.950666
-1.578155 1.166452 1.274906
-1.547762 1.102845 1.232438
-1.564728 1.732346 1.190657
-1.618152 1.797545 1.830207
-1.010722 1.861071 1.174077
-1.010733 1.865722 1.173634
-0.959980 1.849129 1.182539
-0.905439 1.886549 1.834884
-0.868693 1.970280 1.171424
-2.107554 3.386978 1.130875
-1.440894 3.400395 1.081595
-1.391482 3.364910 1.041410
-1.372181 4.000762 1.019427
-1.402952 3.418249 1.010505
-1.448914 3.475281 1.019105
-2.131162 3.454080 1.038590
-2.082849 4.060989 1.073139
-2.027825 4.091446 1.117358
-2.007582 3.503190 1.768435
-2.007953 2.941285 1.786107
-1.344105 2.292313 1.796839
-1.313679 0.983613 2.430700
-1.307167 1.020788 3.038299
-1.285700 1.686868 3.679076
-1.331175 2.354264 3.681081
-1.350627 2.981284 3.713486
-1.335636 2.962086 3.096915
-1.932968 4.210251 3.101696
-2.498092 4.863385 3.083371
-1.875705 4.853576 3.078996
-1.861650 4.800023 3.088020
-1.856077 4.765401 3.075305
-1.875573 4.788188 3.029387
-1.899575 4.839638 1.167941
-0.587283 4.847094 1.138647
-0.642336 4.818365 1.795281
-0.697046 4.834316 1.805965
-0.726364 4.900642 1.155257
-0.728721 4.303233 1.097528
-0.729999 3.011237 1.035444
-0.741772 3.004122 1.030967
-0.717626 2.459772 1.065992
-0.120633 2.562392 1.085851
-0.110733 2.628112 1.062414
-0.091543 2.634392 1.020673
-0.085899 4.519869 1.012571
-0.733308 2.590770 1.032030
-0.709292 1.864352 1.025642
-0.653275 2.411204 1.626044
-0.603893 3.618346 1.593037
0.055426 4.174989 1.610659
0.035569 4.094034 1.653484
0.029333 2.844434 1.018167
0.035042 2.810887 1.034572
0.038891 2.799839 1.056395
0.025992 1.480414 0.455555
-1.230884 1.483902 0.493168
-1.218251 0.838456 0.503486
-1.855655 -0.454383 0.497714
-1.856655 -0.412724 1.111788
-0.518371 -0.994620 -0.036940
-0.522217 -0.376501 -0.587322
-0.537820 -1.071123 -0.576049
-0.556415 -1.087027 0.020649
-0.571011 -1.055569 0.026077
-0.589764 -0.364965 0.022438
-0.625507 0.248914 -0.016175
-0.661648 -0.383689 -0.065007
-0.684621 -1.012015 -0.085396
-0.708986 -0.339403 -0.070279
0.516999 -0.985406 -0.062924
0.478703 -1.033535 -0.080639
0.458977 -1.075711 -0.094802
0.460741 -1.093433 0.531954
-0.851847 -0.447476 0.546800
-0.856797 -0.404044 0.536338
-1.523846 0.271672 0.500148
-1.479309 0.963415 0.425818
-1.426749 1.002780 0.433537
-1.375720 1.029794 0.471178
-1.324015 -0.198935 0.487002
-1.279086 -0.218047 0.482153
-1.244394 -0.245207 0.474196
-1.230383 -0.244189 -0.144284
-1.227684 -0.207057 -0.126858
-1.225935 -0.186117 0.483011
-1.212738 -0.888490 0.440475
-1.173037 -0.878699 -0.213507
-1.780767 -0.821685 -0.839656
-1.155364 -0.758211 -0.201519
-0.496074 -0.052218 -0.224244
0.115383 0.459885 0.449041
0.071202 0.442104 -0.220085
0.668092 0.498182 -0.170615
-0.060271 0.552782 -0.143016
-0.147949 -1.327996 -0.146954
-0.239745 -1.365634 0.501645
-0.283662 -1.365644 -0.139375
-0.288422 -1.298982 -0.135135
-1.481786 -1.242435 -0.124429
-1.492705 -1.277744 -0.108422
-1.514749 -0.182833 -1.462588
-0.906583 -0.242844 -1.467060
-0.907520 -0.195226 -1.485805
-0.922593 -0.148713 -1.528184
-1.621386 -0.183636 -1.569417
-1.660779 -0.265767 -1.597409
-1.656488 -0.928846 -1.604341
-1.612932 -2.170315 -1.599766
-1.560824 -2.151737 -1.605399
-2.861964 -0.969638 -1.602131
-2.847637 -0.440288 -1.589623
-2.836622 0.168534 -1.565042
-2.204928 0.879211 -1.551961
-2.204562 0.919480 -1.582111
-1.525692 0.286009 -2.935555
-2.177576 0.315729 -2.964268
-2.170991 0.361976 -2.974308
-1.485226 0.407289 -2.981039
-2.088485 1.091677 -3.001789
-1.432072 1.083088 -3.017274
-2.097656 1.042865 -3.005584
-2.109952 1.015708 -2.985549
-2.150116 1.032647 -3.002307
-2.178917 2.364810 -3.072587
-2.177422 1.769886 -3.145703
-2.149708 1.152754 -2.518507
-2.133316 1.170896 -2.517849
-2.142589 0.507258 -2.514079
-2.151373 1.166272 -2.520806
-2.760562 2.437120 -2.503028
-2.687815 3.012944 -2.450817
-2.656525 2.938233 -2.411237
-3.383541 2.835902 -2.416095
-3.469232 2.745843 -2.458531
-3.469364 1.467351 -2.483081
-3.349960 1.548343 -2.461821
-3.226266 1.644368 -2.415578
-3.216123 2.294032 -3.018714
-3.298474 2.197691 -2.998122
-3.345890 1.466045 -2.975634
-3.266288 2.085885 -2.917497
-3.122012 2.151927 -2.224682
-3.067866 1.541931 -2.229316
-3.171660 0.887682 -1.645129
-3.314529 0.866139 -1.715408
-3.359104 0.929348 -1.733932
-3.303678 0.386241 -1.707990
-3.228736 0.463927 -1.680459
-2.572761 0.477489 -1.675756
-2.666478 -0.200566 -1.674500
-2.742739 -0.211584 -1.632200
-1.527791 0.405463 -1.566377
-1.513570 1.677124 -1.531682
-0.886223 1.701409 -1.555443
-0.893951 1.720887 -1.607233
-0.296775 1.718283 -1.596801
-0.306400 1.012039 -0.890353
-0.264923 1.004903 -0.874765
-0.175286 2.301328 -0.893794
-0.087383 2.290283 -0.912727
-0.052415 2.264041 -1.504804
-0.066284 2.235492 -1.465796
-0.082687 2.238746 -1.459973
-0.054800 2.279719 -1.487720
1.224798 2.300997 -0.856062
1.218342 2.284519 -0.861815
1.214167 2.259698 -0.221484
1.216411 2.249510 -0.207817
1.251615 2.264489 0.433512
1.288054 2.921552 0.453669
1.286719 2.852632 0.484902
1.235285 2.793478 -0.131504
1.152159 2.792198 -0.129634
0.439814 2.217010 -0.144083
0.425936 0.364220 -0.166794
0.416930 0.341676 -0.188814
0.397246 0.951542 0.451940
0.386892 0.965218 0.439805
0.419490 1.003421 -0.205525
-0.889062 0.333678 -0.217884
-0.829764 0.261480 -0.236344
-1.405439 -0.407333 -0.248589
-1.377730 -0.356580 -0.254143
-1.362347 -0.288052 -0.263264
-0.724340 -0.256891 -0.288140
-0.678879 -0.888514 -0.318170
-0.643628 -0.851052 -0.331712
-0.630024 -0.165077 -0.977046
-1.247023 0.455190 -0.946425
-1.235877 -0.306635 -0.909823
-1.228813 -0.383607 -0.878976
-1.265142 -0.377120 -0.858580
-1.335524 0.292826 -0.850050
-2.055924 1.531740 -0.854719
-2.093950 2.117832 -0.860769
-1.509422 2.154205 -0.853396
-1.529149 2.193792 -0.847510
-1.534954 2.816941 -0.853821
-1.526366 2.106917 -0.863130
-1.489269 2.022705 -1.487921
-1.453070 2.004006 -1.502727
-1.445507 3.309278 -1.533298
-1.439712 3.341840 -1.565111
-0.794704 3.348487 -1.570227
-0.788764 2.703417 -1.548472
-0.770639 2.720052 -1.528752
-0.739649 2.774827 -1.513972
-0.019662 2.851431 -2.145838
0.046483 2.901674 -2.114870
0.069865 2.920394 -2.086713
0.064480 2.875322 -2.062030
0.052151 1.597990 -2.036387
0.057547 0.964291 -1.363687
0.049610 1.663857 -1.300398
0.010847 1.717763 -1.231519
-0.015748 1.126059 -1.171671
0.001597 1.146876 -1.139404
0.064657 0.491126 -1.128099
-0.510449 0.491410 -1.125001
-0.512902 0.485067 -1.129812
-0.517987 0.465396 0.022514
-0.485427 1.691716 0.012186
-0.422969 1.704804 -0.018702
-0.389944 1.751756 0.570540
-0.414040 2.432767 0.531425
-0.444569 2.454459 -0.088743
-0.449811 2.468042 -0.064834
-0.426790 1.825242 -0.050601
-0.404843 1.778058 -0.066492
-0.410078 1.681475 -0.091144
-0.424419 1.593490 -0.093752
0.185347 1.564359 -0.088621
0.187732 2.235578 -0.099407
0.184363 2.280340 -0.121287
1.468445 2.332891 -0.140919
1.443712 3.575065 -0.138215
1.395813 3.623589 -0.114162
1.370012 3.615500 -0.103071
1.362476 3.609073 -0.129706
1.357604 2.303698 -0.182138
1.332969 2.994891 -0.216808
1.289167 2.991113 0.406700
1.270477 3.601722 1.015447
1.308571 3.553720 0.990411
1.366932 3.635028 0.298739
0.031558 3.723404 0.282043
-0.600030 3.020950 0.910763
-0.576763 2.928602 0.884200
-0.520636 2.172001 0.222025
-0.454152 2.152283 1.556886
-0.419422 2.868918 1.569297
-0.414865 2.884845 0.841362
-0.407128 2.775370 0.208763
-0.357491 2.631607 0.273828
-0.336093 3.952952 -0.270380
-0.353726 4.085425 -0.214496
-0.365898 2.851711 -0.199411
-0.336431 2.112593 -0.182318
0.331133 1.401139 -0.145301
0.323370 1.427800 -0.720336
0.264113 1.547191 -0.716763
0.219809 1.619278 -0.734206
0.223122 2.196655 -2.086477
0.238085 0.918974 -2.043465
0.202609 0.973701 -1.998711
0.121080 1.130952 -2.020701
0.072333 0.551676 -1.400219
-0.531314 1.106869 0.521576
-0.493768 1.013631 0.487374
-0.518592 1.024509 0.467649
-0.591450 1.139596 0.428994
0.003345 1.207713 0.371702
0.023628 -0.255089 -0.292139
0.046452 -0.343630 -0.266671
0.703637 -0.321837 -0.203018
0.632922 -0.851734 0.414694
1.207660 -0.839557 -0.896894
1.233359 -0.921964 -0.935916
-0.123810 -0.322948 -0.934219
-0.093658 -2.131719 -0.929061
-0.114601 -2.627087 -0.956882
-0.161739 -1.349185 -1.620639
-0.179819 -1.381372 -1.600573
-0.815118 -1.395406 -1.520039
-0.093422 -1.343912 -1.425320
-0.095740 -1.921714 -1.371670
0.467300 -1.294066 -1.354599
0.455204 -0.772186 -1.342932
0.514923 -0.868838 -1.304370
0.587322 1.170069 -1.266767
0.586208 1.197812 -1.269549
-0.085881 1.197371 -1.299639
-0.805680 1.142096 -1.307755
-0.776621 1.084411 -1.259984
-0.643662 0.442840 -0.617434
0.008600 0.428870 0.061460
-0.725833 -0.806887 0.063223
-1.411156 -0.869182 0.637639
-1.350493 -0.914392 -1.327743
-1.862029 -1.522422 -0.771234
-1.897996 -1.438372 -0.825006
-2.003403 -1.363446 -0.853524
-2.719058 -1.331265 -0.905972
-2.669389 -1.332031 -0.948947
-1.937479 -1.321954 -2.283808
-1.301632 -1.285657 -2.320849
-1.391986 -1.919614 -3.601256
-1.427400 -1.977131 -3.526336
-1.985576 -2.045511 -3.468651
0.019253 -2.649471 -3.469393
0.000914 -3.219014 -4.182194
0.550667 -3.144960 -4.162276
0.526006 -3.109183 -4.059297
0.585534 -3.119159 -3.976767
0.047274 -3.135370 -3.991120
0.059088 -2.511218 -4.045763
0.624992 -2.533852 -4.043947
0.632123 -2.582860 -3.992708
0.694697 -3.215563 -2.748634
0.171603 -3.186512 -2.813635
-1.078529 -3.108241 -1.609349
-1.081349 -3.043449 -1.630014
-1.040824 -2.440174 -2.203504
-0.994110 -1.841923 -1.509262
-0.990559 -1.841341 -0.899851
-1.014604 -1.831790 -0.935432
-0.437795 -1.842464 -1.545494
-0.990537 -1.888181 -1.514166
-1.000340 -1.935716 -1.516913
-1.665817 -1.949581 -1.545243
-2.356194 -2.563631 -1.549485
-2.396098 -2.538807 -1.516530
-2.412940 -2.556005 -2.143333
-2.462309 -2.575559 -2.151623
-1.294915 -2.571096 -2.173217
-1.357683 -2.582545 -2.167621
-1.389458 -2.633720 -2.152275
-1.351786 -2.695175 -2.173186
-0.701432 -2.725168 -2.246757
-0.758016 -2.722018 -1.700902
-1.416486 -2.716504 -1.705326
-1.405543 -2.726169 -1.029400
-1.373865 -2.738760 -1.034691
-0.743041 -1.516949 -1.088688
-0.114098 -0.862434 -1.776625
-0.749306 -0.262831 -1.730138
-1.356587 -0.950788 -1.674521
-0.700071 -0.981363 -1.013341
-0.717623 -0.979245 -1.104882
-0.760412 -0.989977 -1.795599
-0.776160 -1.035409 -1.771616
-0.177748 -1.087050 -1.732014
-0.185226 -1.091654 -0.364095
-0.209451 -1.048984 -0.361006
-0.827292 -1.019373 -1.080435
-0.829051 -1.044694 -1.122588
-0.827134 -1.079879 -1.746897
-0.858276 -1.071447 -1.710906
-0.906963 -1.040472 -1.699563
-1.553531 -1.030507 -1.711180
-2.120049 -1.052182 -1.700890
-2.086244 -1.062079 -1.020054
-2.105088 -1.052615 -0.953234
-2.120733 -1.042996 -0.938763
-2.088879 -1.069689 -0.351230
-2.030860 -1.106883 -0.371044
-2.039329 -1.109035 -0.344616
-2.127025 -1.088238 -1.578970
-2.193990 -1.068413 -1.559387
-0.954481 -1.085531 -0.259722
-0.285723 -1.722402 0.423671
0.915247 -1.687558 -0.208060
0.859844 -1.636648 -0.200006
0.842831 -0.982180 -0.238036
0.834696 -1.040280 -0.292470
0.803367 -1.687102 0.857777
2.661908 -1.615978 0.874305
3.212409 -1.548376 0.885084
3.173789 -1.560985 0.863843
3.174240 -1.612570 0.221830
3.168834 -1.590282 0.209642
2.518264 -1.488800 0.213032
2.519321 -1.419721 0.215726
1.939871 -2.126935 0.206842
1.384175 -2.193911 0.197969
1.415700 -2.166748 -1.091232
2.029831 -2.048209 -1.063346
1.945585 -1.970683 -1.033205
0.711087 -2.006865 -1.005853
0.748716 -2.074717 -0.987625
0.765691 -2.056438 -0.330864
0.745049 -1.960423 -0.335179
0.730056 -1.915225 -0.996178
0.757138 -1.965802 -0.367158
2.099843 -0.682437 -0.332187
1.551803 -0.661425 -0.871303
1.544084 -0.628474 -0.238840
2.185065 -0.665907 -0.275017
2.172353 -0.072711 -0.214761
2.197850 -0.108595 -0.164034
1.616613 -0.037657 -0.789999
1.687490 0.043968 -0.850188
1.744344 0.707452 0.373581
1.773343 -0.109768 0.391161
1.792503 -1.543117 0.428104
0.618534 -1.519788 1.008354
-0.640376 -1.449347 1.544328
-1.947235 -1.424384 2.729295
-1.341724 -2.142475 2.728582
-1.350294 -2.191272 2.112512
-1.942365 -2.151288 2.064484
-1.298950 -1.430817 2.015074
-1.296199 -1.443642 2.028106
-2.577333 -1.513484 2.083799
-2.546202 -1.535652 2.123064
-2.533290 -0.100700 2.116424
-1.929423 -0.055986 2.118798
-1.981388 0.585971 2.166126
-2.621342 0.487490 2.210668
-2.600938 0.465218 2.214755
-1.405778 0.536602 1.584473
-2.703497 0.591396 1.569750
-1.385562 -0.097318 1.563864
-1.978341 -0.882857 1.540701
-1.991817 -0.895206 1.512300
-1.399525 -0.167484 1.503234
-0.108143 -0.124089 2.175794
0.533954 -0.155770 2.157341
0.506653 -0.839982 2.097230
0.466293 -0.848404 2.043270
0.485148 -0.167474 2.037518
0.584194 -0.111803 2.048520
0.032523 -0.120608 1.998100
0.669998 -0.808424 1.902274
-0.021763 -0.206466 1.868030
-0.014357 -0.168642 1.943913
0.056051 -0.118462 2.047423
0.748314 -0.110845 2.061909
0.728729 -0.761158 2.001490
1.288573 -1.394966 1.972630
1.206318 -1.364187 2.039448
1.778535 -0.667969 2.133464
0.610709 -0.036704 1.533662
0.594009 -0.055602 2.095312
0.526259 -0.749820 2.089830
0.464970 -0.767461 2.195277
0.474146 -0.801720 2.325557
0.547115 -0.838300 2.366566
0.598628 -0.862371 2.321239
0.570843 -0.862007 2.275541
0.430610 -0.838503 2.301745
-0.228754 -0.830726 2.345104
-0.197255 -0.857058 1.730920
-0.791248 -0.889942 1.657636
-0.799341 -0.251105 1.612043
-0.250157 -0.922567 1.655529
0.464882 -0.932845 1.713395
0.437477 -0.966913 1.704477
1.089272 -0.357872 1.644813
1.628117 -0.342108 1.614717
2.196094 -0.316113 1.658878
2.135204 -1.596436 1.710227
2.087667 -0.984292 1.698003
1.450767 -0.977848 1.656444
1.424524 -0.956918 1.661365
3.279328 -0.953759 1.679231
1.296216 -0.983731 1.733686
1.263751 -0.372164 1.729933
0.591423 -0.393938 1.696587
1.871043 -0.399943 1.663417
1.862468 -0.416208 1.655706
0.595628 -0.439766 1.653973
0.621374 -1.681053 1.620442
0.639176 -1.661026 -0.190851
0.631207 -0.960801 -0.179613
0.604918 -1.540583 -0.146741
-0.048882 -1.539564 -0.133543
-0.048410 -1.557295 -0.147677
-0.042411 -2.178734 -0.160674
-0.545244 -2.742337 0.487785
-1.138158 -4.605142 0.483494
-1.122571 -2.767653 0.486518
0.120378 -2.159457 0.488175
0.747127 -2.095905 1.145619
0.752120 -1.395422 0.479708
0.121026 -1.465278 0.481953
0.127734 -1.483271 0.455966
-0.607130 -1.460396 0.424531
-0.506230 -1.414153 0.415603
-0.437849 -1.366194 0.397887
-1.078357 -1.366166 0.363982
-0.523999 -1.406678 0.321750
-0.519902 -1.448153 0.312764
0.891620 -0.832137 0.353225
0.919917 -0.200318 0.396488
0.867897 -0.865398 0.408109
0.798444 -0.899126 0.390780
1.460456 -0.911024 0.393513
0.925884 -2.190027 -0.865301
0.420172 -2.182491 -0.841910
1.085848 -2.166091 -0.854839
1.064150 -2.791462 -0.910653
1.724748 -2.787213 -0.956827
1.852722 -2.789231 -0.969276
1.289258 -2.149562 -0.961867
0.626019 -1.535551 -1.582005
-0.059554 -1.567275 -1.593617
-0.032481 -1.551766 -1.604656
0.085196 -1.538712 -1.606202
0.748761 -1.054799 -1.593320
1.378230 -1.716541 -1.591198
1.282031 -1.751220 -0.979834
1.262197 -0.484918 -0.994480
1.318286 0.171784 -0.992188
1.342322 0.172511 -0.961006
1.929534 -0.482557 -0.918280
2.467133 -0.460895 -0.894571
2.429591 -1.056127 -0.911690
2.484891 -0.409738 0.381966
-0.059331 -0.406157 0.331422
-2.005704 -0.413619 1.518927
-2.724033 -0.399841 1.518997
-2.733975 -0.356461 0.906544
-3.350296 -0.294551 0.886902
-3.327531 -0.291277 0.858788
-2.693320 -0.289884 0.846924
-0.877633 0.376628 0.885503
-1.598001 0.429710 0.955965
-1.604092 0.492333 1.006069
-1.617035 -0.125435 0.997864
0.332787 -0.137758 0.953739
-0.389149 0.470795 0.932359
-1.641744 0.486217 0.942747
-1.617885 0.471612 0.936655
-1.604915 0.401725 1.561608
-1.582724 0.951531 1.532476
-0.923222 0.892196 1.568412
-0.865382 0.863513 1.648012
-0.241877 0.837100 1.683798
-0.865483 0.821849 1.661130
-0.855198 0.154747 1.639001
-2.094691 0.197231 1.667907
-2.640214 0.251354 1.722351
-1.413145 -0.372620 1.089379
-1.431882 -1.027326 -0.155247
-0.766016 -1.008166 0.439362
1.195460 -0.919829 -0.063030
1.201820 -0.238164 -0.628273
0.500452 0.430199 -0.008795
0.471528 0.425519 -0.093458
1.132674 0.455806 -0.107967
2.452527 0.491262 -0.063266
2.438371 0.528065 -0.080174
1.737863 0.519127 -0.139907
2.371260 0.493627 1.043769
2.379422 1.122923 1.054215
2.995362 1.777032 1.110975
2.296800 1.148224 0.510094
2.232339 2.379341 0.470044
2.796876 1.081765 1.629190
3.444456 1.078438 2.286457
2.207584 0.449786 1.694536
2.207259 -0.131240 1.695778
0.883963 -0.109211 0.326800
1.495506 -0.802790 0.970161
0.933750 -0.838900 1.649663
0.967441 -1.498893 0.494788
-0.265732 -0.881823 -0.132038
1.020139 -0.939969 -0.158960
1.015061 -2.267153 -0.183207
3.592485 -1.647281 0.482058
2.954376 -0.960842 0.473835
2.955103 -0.930703 -0.232677
2.941205 -1.599689 1.012539
2.927842 -1.636790 -0.185883
2.918349 -0.388894 -0.137454
2.905960 -0.996240 -0.090339
2.928429 -0.359264 -0.075741
3.530311 -1.662947 -0.076794
3.478804 -0.457379 1.113038
4.075504 -0.456688 1.156365
4.100264 -0.411500 0.527597
4.139368 -0.999839 0.514165
4.160251 -1.026565 1.715553
3.547382 -1.047420 2.369222
3.566173 -0.398388 2.425201
3.598667 -0.386962 2.483343
3.618182 0.206271 1.807686
3.598337 0.839250 1.753611
3.564996 0.809478 2.378713
2.870732 0.831485 2.415912
2.881001 0.875828 1.151927
2.917268 -0.424312 1.154395
2.932260 -1.080712 1.101862
1.600748 -1.073624 1.697986
1.567259 -1.042777 1.101061
0.961864 -0.400473 1.148243
1.015160 -0.440041 1.134218
1.009137 -0.473700 1.691108
-0.347697 -0.443115 1.623938
-0.398218 -0.365179 1.626016
-0.384766 -0.997129 1.004079
-0.325981 0.240347 0.980318
-0.289829 0.195307 0.893034
-0.281756 -0.389633 0.832353
-0.272271 -0.306863 2.154345
-0.210058 -0.280656 1.635608
-0.152225 0.301213 2.285485
-2.655757 0.259015 2.259873
-1.373647 0.948951 1.620772
-1.347584 0.998659 1.662297
-1.307347 0.969028 2.350242
-0.725541 0.880694 2.400076
-0.751637 0.841598 2.374021
-0.098455 0.893240 2.331480
-0.084527 0.310947 2.360719
-0.113666 0.267166 2.455425
-0.153782 -0.414537 2.519489
0.480573 0.849604 2.487099
-0.115776 0.909755 2.417287
0.528063 1.554504 2.408535
0.468009 0.821347 2.473871
-0.240403 0.138872 2.526026
1.022766 -0.491676 0.592444
1.091589 -0.417401 1.101093
1.138954 0.244768 0.464496
1.112786 -0.434053 0.529621
-0.179145 0.199218 0.620543
-0.135964 0.263411 0.634953
-0.036838 0.963418 0.583885
0.029414 0.961302 0.544746
-0.629981 0.881157 0.579542
-1.302940 0.815427 0.655590
-1.266063 0.836765 1.275848
-1.170895 0.896414 1.222434
-1.112767 0.913454 1.166337
-1.151032 0.950086 1.180143
-1.217873 0.289705 1.250930
-1.863863 0.970166 0.015739
-1.801399 0.402737 0.011268
-1.778329 1.100839 -0.004333
-1.837698 0.438293 0.006271
-1.908379 -0.267772 0.043390
-0.612750 -0.279387 0.054527
-0.558467 -0.255541 0.023449
-0.552217 -0.237587 0.655304
-0.629719 -0.894226 0.700320
-0.701695 -0.921196 0.764712
-0.682980 -0.951331 0.762578
0.058157 -0.962204 0.692107
0.100937 -0.954794 0.003393
0.073412 -0.961030 0.017103
-0.028780 -0.984858 0.703421
-0.606884 -0.423785 0.702422
-0.544951 -0.506247 0.023951
0.100138 -0.534616 -0.014519
-0.673485 -0.554590 0.017703
-0.657124 -1.063866 0.077968
-0.622119 -1.059463 0.074235
-0.570212 -2.297758 0.020553
-0.597582 -2.286524 -0.658343
-0.680932 -2.242144 -0.616622
-0.720428 -2.210689 -0.554463
-0.689881 -2.218209 0.106355
-1.969856 -2.226583 0.073712
-1.382218 -2.173892 0.065723
-1.494755 -2.679749 0.741477
-1.556047 -2.626393 1.483515
-0.884572 -3.253629 1.453669
-0.871240 -3.241146 1.423014
-0.898471 -1.315028 1.420329
0.363702 -1.280544 2.108389
-0.216947 -0.701988 2.140114
-0.131372 -0.713203 1.506627
-0.771652 -0.692760 1.499365
-0.782210 -0.677764 1.507373
-1.405646 -0.718235 1.535452
-2.055668 -1.433060 1.551578
-1.359980 -1.473855 1.520878
-0.723456 -2.100642 2.822245
-1.408323 -2.135354 3.426217
-1.427322 -2.188460 3.412412
-0.805243 -2.226264 3.344774
-0.771802 -2.239079 3.267042
-0.760797 -2.241054 3.237869
-0.790794 -1.614090 3.250529
-0.161365 -1.618402 2.013891
-0.141157 -1.619069 1.978035
-0.078232 -1.622997 1.935868
-0.041198 -1.629897 1.910716
-0.054820 -1.632130 3.105106
-0.076326 -1.621643 3.096574
-0.049679 -2.181949 3.073462
-0.011508 -1.475496 3.034625
-0.656168 0.377017 3.018107
-0.726599 0.407220 1.791164
-0.781006 0.413303 1.217973
-0.767962 -1.506449 1.233589
-0.088675 -2.079809 1.215336
-0.031232 -2.698871 1.209364
-0.075794 -2.726562 1.242791
0.504835 -3.394570 1.307649
0.543164 -1.517417 1.347585
0.578755 -0.870969 0.651981
0.551497 -0.233951 0.659615
0.489022 -0.213542 0.708461
0.472855 -0.190999 0.790690
0.525578 -0.842123 0.824178
0.583013 -0.862231 0.782901
0.581981 -0.885123 0.742507
0.536760 -1.520131 0.749190
0.534850 -2.087254 1.379464
0.590411 -2.037196 1.357961
0.616051 -2.023711 1.275921
0.565351 -1.418648 1.215523
1.126622 -1.373788 1.860448
1.080743 -1.325751 1.872969
1.103876 -0.666244 2.477886
1.119316 -0.701371 1.768736
0.427145 -0.763278 1.180937
0.355180 -0.763684 2.438094
0.348608 -0.764511 2.477087
0.400241 -1.424447 2.501279
0.427702 -0.787228 2.512606
0.394235 -0.147017 1.899374
0.342429 -0.784858 1.931201
0.343217 -0.783763 1.993199
1.033478 -0.822649 2.036836
1.069254 -1.533698 2.051490
1.044765 -1.579629 2.060231
1.007807 -1.599393 2.060914
1.026754 -0.954704 1.416110
0.428735 -0.961603 2.041558
0.426787 -0.985793 2.020154
0.381944 -0.984006 2.002693
0.345798 -1.571978 1.984482
-0.263304 -0.853941 1.988271
-0.214305 -1.506193 2.010333
-0.190201 -0.853117 2.028788
-0.198844 -0.873065 2.027574
2.333575 -1.502756 2.623869
3.012430 -2.760328 2.634582
3.082657 -2.777206 2.677201
3.108545 -2.741014 2.704196
2.449177 -2.711454 3.274610
2.439589 -2.692335 3.238730
2.464010 -2.659894 3.263966
2.476301 -1.321553 3.352003
2.443710 -0.702123 3.410783
1.776964 -1.375559 3.377199
1.758213 -1.378976 3.292593
0.547596 -0.734085 3.261763
0.560777 -0.723479 3.292676
0.514981 -1.357069 3.299480
-0.798928 -1.341014 3.234125
-0.806448 -1.311438 3.153948
-0.178105 -1.275436 3.786491
-0.187027 -1.260436 3.242621
-0.864599 -1.270477 3.304577
-0.888025 -0.676170 3.276226
-0.849081 -0.007043 3.208031
-0.144649 -0.019014 3.867863
0.497782 -0.031083 3.922022
0.453461 -0.038102 3.968884
-0.191721 -0.680851 3.968335
-0.136299 -0.673676 3.365362
-0.051158 0.543529 3.364980
-0.028648 -0.114151 3.379708
-0.717099 -0.754898 3.362884
-0.732775 -1.366955 3.313086
-0.642023 -0.727202 3.271379
-0.617816 -0.722335 3.264434
-0.674857 -0.728124 2.621245
-0.140281 -0.723563 2.614790
-1.499353 -0.720112 2.591322
-2.104207 -0.715372 2.577267
-2.027425 -0.706862 3.257449
-2.012679 -0.696716 4.436215
-1.421687 -0.671953 5.099847
-1.490617 -0.669882 5.095783
-1.489456 -0.685873 5.096206
-1.453077 -0.706253 5.090729
-1.467354 0.556386 4.425860
-2.186895 0.544243 5.047808
-2.244467 0.550978 5.741233
-2.184670 0.558589 5.765157
-2.720804 -0.007613 5.763595
-2.683005 0.001157 5.118473
-2.715584 0.027020 5.116606
-2.091588 0.721137 5.141389
-2.017279 0.073134 3.829993
-1.914801 0.041588 5.023990
-1.885979 0.656650 4.950414
-1.937737 0.655051 4.901662
-1.979054 0.673783 5.544006
-1.915599 0.038326 5.530771
-1.796411 0.726577 6.140448
-1.728920 0.744382 6.080618
-1.751964 0.755230 6.077059
-1.792391 0.762141 6.139840
-1.762524 0.762969 5.590266
-1.705435 0.739119 6.231424
-1.713549 0.669578 6.150007
-1.186128 0.579317 6.121992
-1.869032 0.529863 4.912809
-1.178914 -0.094668 5.589864
-1.083545 -0.049787 1.640952
-1.051116 -0.046217 1.000999
-0.468150 -0.078879 0.986834
-0.528466 -0.109870 1.618569
-0.510721 -0.728503 1.658048
-0.480477 -0.760579 1.698139
-0.544132 -0.221204 0.346971
-1.295002 -0.274336 0.351687
-2.006141 0.369875 0.392682
-2.006237 0.418152 0.446628
-2.007553 -0.790687 1.776968
-0.827586 -0.796364 1.773380
-1.469477 -0.839200 1.758584
-1.463076 -0.853953 0.468391
-0.743702 0.453449 -0.170085
-0.711484 0.426773 1.091369
-0.102270 -0.263099 0.423583
0.512661 -0.274088 -0.238801
0.490334 -0.209732 -0.234318
0.516546 -0.161620 -0.228985
-0.139639 -0.152845 1.071935
-0.780851 -0.157556 1.034131
-0.767184 -0.138162 1.611657
-0.714861 -0.114601 0.917881
0.000651 -0.126542 0.901647
0.043555 -0.165393 0.237018
-0.608256 -0.855431 0.897874
-0.638412 -0.867644 0.945258
-0.657861 -0.876222 -0.354889
-1.299984 -0.225625 -0.344099
-1.984774 -0.224587 -0.340497
-0.019284 -0.197993 1.004046
0.612106 -0.166668 0.953016
0.638776 -0.167028 0.889186
0.684869 -0.185865 0.911028
1.315981 -0.204674 0.965440
1.281303 -0.216422 0.996665
1.242285 0.367094 0.322252
1.231994 0.350437 0.934952
1.247197 0.354534 0.317310
1.889155 0.368296 0.376704
1.829015 -0.225727 0.376037
1.850784 -0.192905 0.312255
1.932131 -0.179805 0.269612
2.624985 -0.171165 0.287492
2.635151 -0.164525 -1.625383
1.260484 -0.155618 -1.625719
1.289083 -0.794129 -1.637930
1.342074 -0.807679 -1.634221
1.978924 -0.820200 -1.605281
1.892988 -0.818024 -1.570163
1.217618 -0.795591 -1.552786
1.195524 -0.134131 -2.816321
