-0.072800 3.122499 -2.023401
0.556476 1.841539 -2.678345
0.516951 0.507160 -1.337989
0.528593 -0.164668 -0.696694
1.259989 -0.182878 -0.071042
1.332754 -0.200104 -0.689131
0.695212 -0.224035 -0.691574
1.306823 -0.231741 -0.682174
0.627817 -0.197049 -0.014149
0.653109 -0.132984 0.026511
0.666866 -0.090215 0.045820
0.638380 -0.747045 0.063555
0.591144 -1.420128 0.107119
-0.102104 -1.431163 0.151753
-0.099794 -0.730031 0.817190
0.559978 -1.349229 0.772127
0.529993 -2.023171 0.727368
0.494616 -2.058386 0.719277
1.128994 -2.021635 0.692644
1.104858 -0.008480 0.625846
1.066644 1.301926 0.568686
1.021290 1.253215 0.574731
0.995062 0.502415 0.618442
0.968093 0.459850 0.638109
0.986656 0.463692 0.612801
1.624778 1.087809 0.585778
1.598759 0.346529 0.575441
0.255844 0.238917 0.561740
0.242634 -0.344859 0.530868
0.232720 0.401691 0.485610
0.197637 0.446078 0.467449
0.136885 0.385714 0.482777
0.094248 0.925080 1.145464
0.103808 0.305178 1.763214
0.158645 -0.300668 1.748912
0.203416 -0.915974 1.135201
-0.379819 -0.984274 1.768258
-0.366367 -1.026788 2.413111
0.328235 -0.346443 2.410063
0.383957 0.344530 2.424658
0.426895 -0.285833 2.471348
0.445597 -0.332858 2.512541
0.455068 0.306541 2.504982
-0.196048 -0.925425 2.478290
-0.146978 -1.473845 2.473113
-0.102388 -1.457317 2.505627
-0.082754 -1.494198 2.537512
-0.071428 -1.529119 2.528968
-0.053739 -1.526906 2.516193
-0.029632 -2.123401 1.946450
-0.042282 -2.141878 1.298869
-0.075826 -2.168630 1.339326
-1.359102 -2.177057 1.355963
-1.373362 -1.514186 0.120588
-1.377755 0.336911 0.135865
-0.775465 1.583173 0.174617
-0.809279 0.988895 -0.414871
-0.802972 1.012199 -0.402541
-0.747080 1.719855 -0.414020
-0.012771 1.783016 -0.411506
-0.031940 0.538746 -0.371836
-0.761662 0.534652 -0.323868
-0.770967 0.531619 -0.303263
-0.713062 0.551600 -0.313652
-0.651529 0.576088 0.303505
-0.665900 0.583602 0.288735
-0.712571 -0.637623 0.278185
-1.332910 -0.633472 0.260644
-1.314329 -0.670080 -0.424119
-1.920677 -0.686774 0.162478
-2.643798 -0.656541 0.144546
-2.724493 -0.610711 0.789891
-2.724975 -0.601126 1.398639
-2.037680 -0.649904 0.722941
-1.391172 -0.733862 0.670399
-1.417665 -0.747595 0.635926
-2.070129 -0.068348 1.255920
-1.384936 -0.711340 0.636354
-0.695799 -0.728536 0.614124
-0.661897 -1.387527 0.565537
-1.320215 -1.389823 0.543377
-0.763712 -0.724902 1.188869
-1.442581 -0.695121 0.582478
-0.772456 -0.712140 0.573266
0.491033 -0.753021 0.533852
1.150490 -0.761408 -0.144789
0.485940 -0.716143 1.133108
1.133111 -0.668753 0.566263
1.108587 -0.663293 0.607215
1.779838 -1.277899 0.634071
1.779725 -1.284441 2.528665
1.754538 -1.234867 2.595334
1.688802 -1.171640 2.692918
1.633028 -0.474572 2.118412
0.458134 -1.174323 1.475854
0.499945 -1.177091 2.740572
0.545814 -0.499704 2.143061
0.562075 -0.483913 2.162637
-0.110214 -0.496228 1.580041
-1.416710 -0.523630 1.604626
-1.392699 0.081671 2.245642
-1.393029 0.061434 2.230617
-1.438117 0.026210 0.984493
-1.480019 -0.022288 0.983640
-1.496014 -0.074134 0.970586
-1.458924 1.212999 0.932044
-1.447319 1.167410 0.884937
-1.468421 1.163171 0.231284
-1.505542 0.536288 0.266998
-0.974328 0.568392 -0.362970
-0.987871 0.595604 0.884901
-0.982528 0.605828 0.863849
-0.983605 -0.014958 0.855625
-0.335888 0.022328 0.243432
-0.353325 0.058484 0.249526
-0.344512 0.073221 0.188735
-1.538714 0.076126 0.105899
-0.276937 0.100944 0.706402
-0.937676 0.148835 0.764954
-0.957316 0.824324 0.824926
-2.168970 0.853458 0.183314
-2.103295 0.854633 -0.480896
-1.409256 0.842345 -0.464296
-1.417633 0.820731 -0.398966
-1.458947 0.183328 -1.018874
-0.804149 0.176671 -1.646207
-0.769890 0.175635 -2.299618
-0.709808 0.161634 -2.915904
-0.689723 0.145215 -4.071049
-0.709686 0.158856 -4.035191
-0.706900 0.213832 -4.022577
-0.653989 0.288445 -3.997014
-0.577645 0.325759 -2.714321
-0.548539 -0.330758 -2.685244
0.131074 -0.346909 -2.686784
-0.506352 0.935455 -2.717114
-1.084794 0.946410 -3.407155
-1.079902 -0.346309 -2.726056
-1.074452 0.200627 -3.318262
-1.093014 0.150324 -2.080333
-1.085081 0.157734 -2.070075
-0.377989 0.215688 -2.723629
0.827389 0.287391 -2.061357
0.794981 0.959939 -2.088296
0.740869 0.948617 -1.493139
0.723699 0.930044 -1.527110
1.422884 0.912361 -1.537983
2.066552 0.892009 -1.524583
2.015716 0.850941 -2.156301
1.927629 0.811649 -2.155118
1.881004 0.798589 -1.515791
1.895611 0.789399 -1.507360
2.585319 1.427554 -1.482877
2.560335 1.469002 -1.471706
2.501099 0.887089 -2.126948
2.512709 0.857424 -2.785121
1.951141 0.790147 -2.155572
2.019990 1.330726 -2.147752
1.984292 1.269988 -2.783465
1.902749 1.218453 -1.553267
1.889507 1.190740 -1.581753
1.961338 1.206876 -1.612273
2.016379 1.881172 -1.629126
1.981209 1.317971 -1.638286
1.241385 1.337361 -1.657377
1.231923 1.326530 -1.696644
1.943502 0.685191 -1.726745
1.924606 1.302766 -1.705805
1.825007 1.866534 -2.276393
1.055938 1.816930 -2.236720
1.027862 1.819169 -2.233761
1.720473 1.859349 -2.233472
1.742392 1.907396 -2.216202
1.148749 1.938520 -2.196943
1.119850 1.946026 -2.803611
1.688266 1.955897 -3.435862
1.736174 1.342094 -3.450734
1.759915 1.322148 -4.071623
1.713984 0.640753 -4.045892
1.648706 1.198904 -4.007783
1.632802 2.415902 -3.941835
1.667799 2.462173 -5.169503
1.687686 2.487829 -5.152669
1.661434 2.471580 -5.152390
1.635799 2.445015 -5.138548
1.658188 2.451138 -5.121267
1.708318 1.112106 -3.883560
1.704810 1.055719 -3.896937
1.635094 1.032961 -4.507598
1.563686 1.024782 -4.458429
1.547104 1.010092 -4.398997
1.557796 0.997515 -4.380250
1.541093 1.005117 -3.765552
1.524340 1.689731 -3.822231
1.537513 1.746135 -3.842059
1.576326 3.048676 -3.874941
1.593721 2.981720 -3.297662
1.570728 2.935774 -3.411358
1.539532 2.967688 -3.423888
0.932595 2.372830 -2.713589
0.970545 2.375468 -2.658024
1.028590 2.329646 -2.658860
1.072542 2.316161 -3.343392
1.745165 2.397140 -3.355308
1.780068 2.497907 -3.342203
1.825278 2.504647 -3.359441
1.857736 2.425215 -3.388496
1.870482 2.369190 -3.400542
1.880971 2.405987 -2.735930
1.921346 1.790491 -2.672995
1.972937 1.780162 -2.582048
1.994136 1.720195 -2.500846
1.996375 2.260110 -2.452086
2.038135 2.293976 -2.428311
2.062033 2.317650 -2.433118
1.381127 1.648784 -1.828639
1.335456 1.566689 -1.814726
1.280563 1.538579 -1.165814
1.241972 1.566762 -1.192139
1.219909 1.588598 -1.222199
1.191726 1.574836 -1.214690
1.175649 1.566954 0.100367
1.830475 1.615726 0.134693
1.861468 1.075671 0.084190
-0.001348 1.812588 -0.037372
-0.016479 1.810527 -0.123482
0.552075 1.775747 -0.761020
0.549700 1.766877 -0.744208
0.569981 1.724448 -0.798408
0.569980 0.428478 -0.859999
0.536881 0.450306 -0.832600
0.519335 0.477266 2.446878
0.560676 -0.816868 2.483075
0.604176 -0.852591 2.474763
0.597551 -1.452290 1.794599
0.546162 -1.417091 1.806254
0.504041 -1.427652 1.148294
0.494849 -0.875235 1.101163
0.483228 -0.943789 1.018260
0.464165 -0.961472 1.609752
0.431286 -0.273584 1.620120
0.417078 -0.272677 1.645451
-0.211707 -0.322705 1.622747
-0.221498 -0.381859 1.545332
-0.221582 0.248181 0.848677
-0.217455 0.266051 1.453990
-0.233252 0.281749 1.453259
-0.282285 -0.985174 0.802999
-0.318752 -1.031525 1.452044
-0.943149 -0.435537 1.426409
-1.007181 -1.058429 0.784479
-1.603342 -1.003568 0.252326
-1.644975 -1.595263 0.344266
-1.649395 -0.948506 0.384287
-1.051825 0.336199 -1.546594
-1.042912 -0.889998 -1.534437
-1.075331 -2.111175 -0.844293
-1.714855 -1.473871 -0.758706
-1.119964 -1.466507 -0.699882
-1.067971 -1.451041 -1.288356
-1.625926 -0.146132 -1.244370
-2.211912 0.564151 -1.833262
-2.203479 0.613751 -1.170778
-0.974040 -0.002318 -0.550677
-0.920885 0.629660 -1.231000
-1.468657 0.614241 -1.295542
-0.892200 0.637730 -0.686436
-1.553868 0.008531 -0.028934
-0.983024 -0.656232 -0.018839
-0.939351 -0.701247 1.219775
-1.497572 -0.717346 1.225209
-0.248256 -0.067317 1.893123
-0.247864 1.292268 1.924339
1.016043 0.583926 1.305669
1.034139 -0.122970 1.279948
1.025674 -0.117584 1.285011
0.986447 -0.092928 0.654782
0.949832 -0.101550 0.668229
0.948722 -0.174821 0.016787
0.967788 -0.248176 0.656094
1.005243 0.348097 0.707093
-0.832799 0.345803 0.107750
-0.757081 -0.918771 0.098158
-0.717645 -1.663808 0.061633
-1.407553 -1.088308 -1.193113
-1.439290 -1.095747 -1.185185
-2.117768 -1.059809 -1.199238
-2.136124 -1.630465 -3.062836
-3.354790 -1.672938 -2.493196
-3.373293 -1.715975 -2.482752
-2.716351 -1.056237 -2.419814
-2.697614 -0.339664 -2.378999
-2.676838 -0.325823 -1.786163
-2.667775 -1.528469 -1.154715
-2.681453 -1.526178 -1.110627
-2.060185 -2.099921 -1.061623
-2.104351 -2.089296 -0.465061
-2.822330 -2.088635 0.040942
-2.292390 -2.078731 -0.001236
-2.342579 -2.052788 0.042494
-2.352566 -2.026984 0.701694
-2.336055 -1.994216 0.676495
-2.321612 -1.963941 0.600869
-2.289831 -1.337377 1.143570
-2.241294 -2.026269 1.167998
-3.451742 -0.785088 1.156852
-3.446259 -0.784138 1.079202
-3.453139 0.528305 1.000344
-4.093471 0.483119 0.358945
-4.681924 0.430225 0.375357
-4.599201 0.421942 0.359301
-3.922676 0.447239 0.316945
-3.865048 1.715737 0.299116
-3.133609 1.680367 0.344908
-3.076648 2.242415 -0.228538
-3.083096 1.602569 -0.207241
-3.120876 1.614234 -0.238440
-3.133231 1.037960 -0.273148
-3.141884 1.029018 -0.270712
-3.186920 0.402100 0.942159
-3.269590 0.421138 0.909563
-3.324143 1.087911 0.861235
-3.312949 1.841123 0.823974
-3.283005 1.841330 0.793207
-3.338073 1.824888 0.765865
-3.385737 1.204453 1.373928
-3.401571 1.907192 1.351415
-3.976755 1.925915 1.309785
-3.966968 1.861021 1.252203
-4.021068 1.118169 2.508299
-4.082998 1.084599 2.505889
-4.094148 0.481076 1.881907
-4.067469 0.500056 1.893616
-4.069090 -0.164281 2.537059
-2.906435 -0.224319 3.156403
-2.927986 1.036376 3.186479
-3.579952 1.082820 3.207875
-3.569787 1.113322 4.473771
-2.901204 1.059635 4.441372
-2.881720 1.001751 3.784086
-2.884892 0.997895 3.807355
-3.507265 1.050573 3.827565
-3.499179 1.080472 3.809424
-4.142614 2.909681 3.782715
-4.102819 2.860562 4.417295
-4.093488 2.874392 4.404034
-4.121395 2.959954 3.722582
-4.152642 2.419477 3.687280
-4.140376 2.408309 3.671891
-4.083509 2.967248 3.655219
-3.397978 2.959291 4.254314
-3.376094 2.415885 4.204401
-3.366777 2.465567 4.195670
-2.673888 1.819412 4.898648
-2.605810 1.823136 4.940461
-1.353815 1.842959 4.940293
-1.352415 3.177287 4.262673
-1.394257 3.228276 4.920340
-1.399150 3.217996 5.003711
-0.728457 3.156890 5.103613
-0.660865 3.087675 5.142901
-0.661973 2.400773 5.120077
-1.223992 1.724747 3.882608
-1.207981 2.888074 4.621638
-1.832821 2.841122 4.085644
-1.743907 2.794234 4.078077
-1.823064 2.782176 3.983525
-1.936855 3.491082 3.942149
-1.988211 3.522128 4.021220
-1.974484 4.125424 4.136758
-1.981270 4.045552 4.149956
-2.031548 3.980443 2.053879
-3.389678 3.356813 2.669529
-2.770817 3.365628 2.067061
-1.522084 3.339101 2.089849
-2.124388 2.676404 2.610704
-2.162589 3.300140 2.478485
-2.212723 3.369287 2.443509
-2.223572 2.770497 2.513197
-1.542258 2.769812 2.591881
-0.886805 2.734350 2.612215
-0.311864 2.738732 2.602120
-0.322475 2.146599 2.000121
-0.987844 2.181284 2.077256
-1.007211 2.820902 2.119622
-1.561688 2.166046 2.103044
-1.582595 2.154133 3.352934
-1.042771 2.823973 3.363444
-1.099620 2.833961 3.378928
-1.146054 2.814690 3.408186
-1.131941 3.377525 3.447789
-1.076646 4.005956 4.134570
-2.254558 3.381735 3.530939
-2.244835 2.740360 3.553727
-2.235988 3.388012 3.564043
-2.821230 3.363406 3.559421
-2.752817 3.344717 4.778671
-2.141151 3.337424 4.749821
-1.481801 2.739355 4.713505
-1.513797 2.740107 4.093627
-1.485026 2.723011 4.121093
-2.076513 2.689659 3.545325
-3.265388 2.649934 3.542847
-1.428091 3.262119 3.525114
-1.436710 2.099264 3.527069
-1.451654 2.128543 3.537410
-1.455523 2.123789 3.513571
-1.470120 1.559104 3.450255
-0.836939 1.577930 3.396472
-0.862213 1.610391 3.398798
-1.532838 2.247172 3.426032
-1.497024 1.586324 3.435926
-1.466710 2.160447 3.440190
-0.841766 2.146254 3.462123
-0.834203 1.534620 3.484026
-0.828114 1.510826 3.465917
-0.821653 0.173455 3.426680
-0.833518 0.815866 1.500337
-0.848836 1.499479 1.510583
-1.469184 0.818337 1.529042
-2.699048 0.806102 1.537174
-2.009852 0.762863 1.522468
-1.953068 1.357815 1.486851
-1.919898 1.342795 1.451526
-1.890762 1.353659 1.431307
-1.873190 0.773217 1.435704
-1.886186 0.742076 1.423408
-1.938199 1.359775 0.740537
-2.612770 1.377628 1.320607
-2.640770 1.442649 1.338631
-2.650182 1.503284 2.659944
-2.022992 1.524628 2.690128
-2.045076 1.524981 2.662867
-2.054970 1.547487 2.639587
-2.055178 1.604557 3.316360
-2.068294 1.644892 3.369165
-0.905794 1.634538 3.979197
-0.965959 0.315400 3.268816
-1.007611 -0.303928 3.220688
-1.029725 0.319686 2.619674
-1.040870 0.901620 3.296118
-1.056598 2.157040 3.261835
-1.696137 1.481981 3.174732
-1.049427 1.475009 3.119117
-1.029258 1.484448 3.149406
-1.005507 1.423579 2.588498
-1.601204 1.376409 2.557860
-0.946734 0.701461 2.472169
-0.936254 0.703569 2.440354
-0.331727 0.092306 2.489198
-0.322842 0.106961 2.569586
-0.304563 1.444500 2.560229
-0.269204 2.663089 1.224681
-0.238555 2.625676 1.207706
-0.229065 2.638561 1.266678
0.397555 2.136710 1.341415
-0.231355 2.202669 1.358222
-0.244144 1.604217 1.980085
-0.258042 1.598653 0.699364
0.398735 1.621142 0.751180
-0.259059 1.676667 1.401425
-0.233284 1.707403 2.010878
-0.227372 1.660459 1.966683
-0.804473 1.589411 1.321090
-0.770169 1.562308 1.390005
-0.735799 1.603510 1.443445
-0.765914 1.645254 1.442747
-0.790260 1.629406 1.413963
-0.786726 1.580870 2.066361
0.544281 1.565049 1.506955
-0.057896 1.612043 1.532067
-0.091547 1.653573 1.505201
-0.163677 1.640274 2.757414
-0.161780 1.611012 2.766930
-0.091686 1.646517 2.807319
-0.048896 2.375488 2.836533
-0.085263 2.499868 1.485424
0.530429 1.336646 2.068004
0.557879 1.348479 2.054304
0.617560 1.975210 1.437964
-0.013522 2.021635 1.445475
-0.082970 2.026977 1.433299
-0.149237 3.786768 1.405533
-0.138586 3.731067 1.373352
0.538452 3.721065 1.353045
0.554717 3.746525 1.934436
-0.102860 3.700316 1.895007
-0.141342 3.093033 0.574160
-0.123540 3.042161 1.192769
-0.717293 3.016996 1.152322
-0.678153 1.659493 1.120220
-0.706488 1.639680 1.099568
-0.145882 2.229673 1.074075
-0.158100 2.223320 1.058727
-0.148068 2.861927 1.069238
-0.148967 2.897485 1.086316
-0.154588 2.355070 1.097503
-0.141441 1.780318 1.080343
-0.118633 1.171550 1.047948
-0.111419 1.856329 1.063432
-0.120920 1.910034 1.114049
-0.122209 1.967294 1.166098
-0.128546 1.967172 1.184890
-0.822653 3.169909 1.189760
-0.880338 3.692898 1.215432
-0.908260 3.711422 1.260435
-0.882150 3.755329 1.297722
-0.845860 2.515841 1.292965
-0.836246 2.508576 2.569163
-0.831464 2.433468 2.579294
-0.791823 2.409530 2.602347
-0.736670 2.431126 2.629830
-0.728602 1.850761 2.649514
-0.778003 1.841581 2.677449
-0.808684 2.411164 2.701182
-0.782722 3.054675 2.712375
-0.747991 2.451289 2.692657
-0.103515 2.520274 2.651126
-0.791899 2.597828 3.275743
-0.778895 1.962443 3.944559
-0.745519 3.102217 3.267486
-0.754572 2.393069 2.627568
-0.816499 2.404729 2.009138
-0.865179 2.417503 2.060687
-0.828419 2.375966 2.057682
-0.762311 2.298493 2.064999
-0.750690 2.275398 2.056236
-0.168375 2.307186 2.049429
-0.178370 2.964769 2.039914
0.504578 2.959105 2.658163
0.554004 1.658202 2.611881
-0.112520 1.611028 2.617975
-0.163848 2.229627 2.663902
-0.770567 2.251507 2.025624
-0.677398 1.569650 2.030484
-1.279797 0.902992 0.886498
-1.311601 2.203522 0.876839
-0.738163 2.241618 0.880122
-0.727028 2.285802 0.249885
-0.638822 1.649490 0.233417
-0.604536 1.611179 0.875183
-0.688466 1.636563 0.906717
-0.787415 1.707126 1.554435
-0.789628 1.109039 1.587764
-0.711867 1.123004 1.611844
-0.695440 1.215450 1.618744
-1.422633 1.283800 1.590366
-1.499626 1.348436 2.192281
-1.487898 0.112888 2.807636
-0.104139 1.419929 2.785109
-0.081862 0.058206 2.131558
-1.417091 0.732515 1.560210
-0.791843 1.974201 1.573239
-0.747711 1.982983 1.558181
-0.679229 2.607081 1.561355
-0.690446 1.916835 0.937632
-0.708798 1.886220 0.936062
-1.352441 1.241580 0.865912
-2.633187 1.257081 0.763535
-1.318926 1.922992 0.715945
-1.354042 1.885937 0.721081
-1.398548 1.867023 0.728358
-1.456254 1.247043 0.710746
0.381047 1.265025 0.682569
0.383281 1.910333 0.709682
-0.288790 1.900078 0.780442
-0.354989 1.298893 0.187956
0.252300 1.362256 -0.495483
0.261717 0.790110 0.027350
0.270655 0.779837 -0.014318
0.259516 0.744102 0.033076
0.244124 -1.834571 0.112752
-0.360218 -0.510468 0.166390
0.262577 -0.488750 0.157402
0.261763 -0.516084 0.148975
0.256840 -1.127062 0.197295
0.287928 -1.108022 -0.909461
-0.309938 -0.383947 -0.895205
-0.246947 -1.020480 -2.167450
-0.224632 -0.421129 -1.078196
-0.920864 1.517069 -1.095663
-0.884695 2.133069 -1.030594
-0.815793 3.351333 -0.995396
-0.737026 3.315084 -1.060676
-0.082459 2.064395 -1.165172
-0.141153 2.702661 -1.185359
-0.816371 2.755862 -0.497006
-0.172810 2.188168 -0.424205
-0.208480 1.592074 -0.423694
-0.257912 2.223280 -0.479414
-0.294309 2.220779 -0.513596
-0.929002 1.573501 -1.791327
-0.312036 1.571700 -2.296499
0.306328 1.545359 -2.912441
0.287628 2.173525 -2.935068
-0.367591 -2.917549 -2.952339
-0.979671 -2.953817 -2.918816
-0.946516 -2.384511 -2.839907
-0.263224 -2.439959 -2.795991
-0.223342 -2.468815 -2.806304
-0.880422 -2.542926 -2.185310
-0.811153 -2.580449 -1.584412
-1.391314 -1.924870 -1.554309
-1.927228 -3.852852 -1.491744
-1.916782 -4.409853 -1.418217
-1.961864 -3.779476 -1.382858
-2.631059 -3.799447 -1.414166
-1.961758 -3.801764 -1.478645
-1.961836 -3.791511 -1.495888
-0.725002 -3.786041 -1.454964
-0.782991 -3.803672 -0.794794
-0.119078 -3.189035 -0.185782
-0.705040 -3.822791 -0.274697
0.600643 -3.153739 -0.942465
0.591871 -2.469424 -2.131565
1.822896 -2.531519 -2.061134
0.533630 -2.523228 -2.070091
-0.049319 -2.500629 -2.171607
1.879630 -3.147693 -2.286347
2.516418 -3.131844 -2.330645
2.452410 -2.425057 -2.296968
-0.141806 -2.974829 -2.289841
-0.102385 -2.937473 -1.728149
-0.031187 -3.562238 -1.771166
0.651138 -2.925200 -1.765103
0.608693 -1.701665 -1.105892
-0.119387 -2.328581 -1.659386
-0.131892 -1.691976 -2.261231
-0.727228 -2.387673 -2.299171
-0.697896 -2.386784 -2.340802
-0.731528 -2.362438 -1.730262
-0.749090 -1.021038 -1.052877
-2.695005 -0.990691 -1.594686
-0.091161 -1.000829 -1.562796
0.004695 -0.464351 -1.544040
0.614790 -0.471733 -1.512452
-0.034583 -1.109741 -1.463393
1.259174 -1.133397 -1.463745
1.915427 0.062661 -0.899053
1.913267 0.021611 0.226345
1.907717 -0.651642 0.172819
1.903494 -0.648027 0.187078
1.924334 0.020362 -1.031480
1.960309 -0.641351 -1.036736
2.003830 -0.642758 -1.040573
1.339562 -1.271447 -1.015825
0.708865 -1.202518 -0.980475
0.714462 -0.509059 -0.989830
1.343034 -0.477834 -1.027124
1.332461 -0.467314 -1.061337
1.288558 -0.469355 -1.074650
1.251101 -0.468271 -1.074146
1.921526 -1.106258 -1.682410
1.226331 -0.559213 -1.049377
1.174101 -1.230891 -1.006950
1.774951 -1.267254 -1.561484
1.746152 -0.613890 -1.518577
2.403757 -0.615571 -1.512753
2.377176 -1.293457 -0.927981
2.310740 -2.575069 -0.972573
2.263348 -3.158403 -0.983759
2.294527 -1.298508 -0.965854
1.733099 -1.971552 -0.960729
1.105611 -0.694676 -0.976202
1.094429 -0.662663 -0.978466
1.084530 -0.729198 -0.953366
0.584794 -0.726378 -0.915118
0.630509 -0.088790 -0.911020
0.646049 -0.080542 -0.309620
0.619911 -0.085344 -0.367598
0.586319 -0.087759 -0.402709
-0.031611 -0.118553 -0.383991
0.022779 -0.045395 -0.350311
0.083572 1.306512 -0.336889
0.106881 -0.020394 -0.340873
0.107368 -0.051299 -0.325801
0.133873 -0.038478 -0.276296
0.179663 -0.019820 -0.235738
0.189569 0.606728 0.369283
0.137002 1.127440 0.285837
0.092166 1.101697 0.843391
0.118791 1.140308 0.828645
-0.480143 1.848772 -0.420543
-0.454906 1.924298 -0.409184
-0.504268 1.887034 -0.420980
-0.567891 2.486740 -0.428443
-0.580056 2.490037 -0.404433
-0.566331 -0.086780 0.910412
0.106190 -1.353223 0.269545
0.026153 -0.729613 0.241876
-0.019745 -1.447159 0.847542
0.015670 -1.390533 0.847095
0.714207 -0.674556 0.877493
1.331225 -1.329023 0.932095
1.262643 -1.388101 0.987316
1.224733 -1.417762 1.051317
1.264704 -2.022390 0.484048
1.326791 -1.988273 -0.158420
1.329472 -2.037674 -0.813003
0.674241 -1.463478 -0.838730
0.694504 -2.158340 -0.193429
0.774647 -1.445667 -0.207125
0.850014 -1.417387 0.381739
-0.396124 -1.450061 -0.316087
-0.431980 -2.127776 -0.926447
-0.430669 -1.478928 -0.900719
0.245998 -2.112294 -0.886933
0.272086 -3.377900 -1.568047
0.249428 -2.112556 -1.678622
0.219040 -2.182278 -1.119499
0.226981 -2.163780 -1.141845
0.271626 -2.071315 -1.144454
0.279261 -2.009210 -1.145338
0.261588 -1.984090 -1.161163
0.231575 -2.693018 -1.179254
-0.420929 -2.673315 -1.239032
0.200216 -3.325790 -1.205122
0.199410 -2.710028 -1.184223
0.191870 -2.756178 -0.603199
0.197576 -3.413972 -0.654141
0.246718 -3.380061 -0.618927
0.318047 -2.104347 -0.509899
0.370727 -2.725545 -1.634588
0.370787 -3.376582 -2.820752
0.333061 -2.133117 -2.810092
0.313331 -2.082165 -2.746089
-0.293198 -2.052390 -2.657837
0.349556 -2.066220 -2.008785
0.330443 -2.074094 -2.081030
0.284590 -2.017859 -0.880569
0.924912 -1.906878 -0.258942
0.991851 -2.472939 0.399803
1.043553 -2.485616 0.390355
0.998433 -1.272093 0.340552
0.897369 -1.243817 -0.932300
0.838211 -1.199124 -0.841621
0.856295 -1.208998 -0.156207
0.878450 -1.282935 -0.138299
0.838303 -1.362751 -0.215830
0.780784 -1.383196 1.014246
0.774699 -1.359954 1.097219
0.204887 -3.255925 0.535128
0.226836 -1.987713 1.260939
0.160045 -2.001711 1.186244
0.051694 -1.997085 0.467980
-0.006817 -1.366898 -0.091870
0.005329 -1.409084 -0.647645
0.615487 -1.472436 -1.236518
0.582973 -0.187408 -2.041697
1.193475 -0.252914 -1.540816
1.853432 0.377281 -2.225216
2.544380 0.393337 -1.497089
2.560924 -0.226459 -0.918628
1.888507 -0.237869 -0.409687
1.849838 -0.271816 -1.140349
1.847569 -0.288338 0.139268
1.887977 0.978981 0.861407
1.937627 0.957296 0.871461
1.980653 0.915005 0.195056
2.005085 0.901146 0.754214
0.754126 0.941246 0.788838
0.793444 0.363471 0.877345
0.817156 0.391754 0.913877
0.812327 1.046882 0.254226
0.805893 -0.271635 0.204585
0.164193 -0.856575 0.218371
0.127914 -0.786237 -0.366400
0.702968 -0.762149 -1.025816
0.715173 -0.790174 -1.073870
0.764194 0.573596 -1.095220
0.809762 0.599566 -1.072466
1.502519 0.592886 -0.436870
1.501507 1.121491 0.221603
1.509673 1.035040 0.205221
1.529378 1.004031 0.207396
2.180702 0.391215 0.217107
1.524783 0.411658 0.208479
2.146884 1.023702 -0.467316
2.122018 0.964540 0.110172
2.748858 0.956824 -0.477878
2.100935 0.975722 -0.482865
2.089591 1.639073 -0.535332
2.058417 0.339287 -0.567796
1.420182 -1.010415 -0.563750
2.030277 0.299141 -0.585469
1.994294 2.295511 0.624810
1.983503 2.317986 0.568609
2.567892 2.327081 0.554930
1.882562 2.311113 -0.083685
1.852558 2.272740 -0.089041
1.871797 2.242757 0.523232
1.273837 1.650834 1.129351
1.315054 0.408640 1.163752
0.723766 0.440051 1.196608
0.712823 -0.192463 1.170789
0.724686 0.416849 1.109607
1.357208 1.075742 1.088412
0.803148 1.109149 2.469535
0.805055 1.117312 2.482406
0.809326 1.086046 1.200418
3.472653 1.071412 0.570914
3.562196 1.769493 0.635798
3.568657 2.452160 0.703799
3.526448 2.429876 0.728695
3.482113 1.731176 0.705281
2.850390 1.705852 0.701171
2.828393 1.738203 0.735680
2.794263 1.777081 0.757613
2.760267 1.135897 0.744296
2.738596 0.468734 0.713181
2.724543 1.099988 0.726283
2.714297 1.161378 0.760108
1.402452 1.213227 0.767941
2.041586 1.178083 0.750488
2.017501 1.116355 1.360538
2.524951 1.779675 1.358778
2.499237 1.816684 1.341064
2.485605 1.826608 1.291891
2.466959 2.401469 1.251920
2.434505 2.341067 1.242578
0.541342 1.695635 1.244914
-0.090644 1.762462 1.218791
-0.718339 -0.178993 1.178649
-1.362028 -0.258208 1.182282
-0.808368 -0.349286 1.231116
-0.170138 -0.341697 1.279784
-0.152264 -0.269337 1.289555
0.530816 0.363376 1.289711
-0.118782 -0.361695 0.680924
0.494291 -0.418934 0.067593
0.504281 -0.387731 0.738626
0.515093 0.298939 1.391741
0.508626 -0.338965 1.386799
0.489462 -0.409098 1.372449
0.495339 -0.432620 1.364746
0.546331 -0.380200 1.379590
-0.086153 0.323936 0.732223
-0.690855 -0.343804 0.722770
-0.708751 -2.342679 1.346703
-0.698593 -2.375837 0.655159
-1.325391 -0.340499 0.094288
-1.900451 -0.294600 0.108440
-1.960953 0.307892 0.081289
-2.049084 0.238044 0.024559
-2.064888 0.236904 0.640584
-1.289560 0.295902 0.649743
0.007295 0.338863 0.649913
0.587668 0.977601 0.621835
1.170451 0.332682 1.193634
1.862875 0.365943 1.821038
1.271070 0.438294 1.852625
1.275111 0.476699 2.492824
1.876960 0.446091 2.506943
1.178046 0.409119 2.472778
1.831038 0.441988 2.445366
1.240009 0.511177 2.447079
1.899878 -1.930410 2.452707
1.931230 -2.596163 2.424854
1.939320 -2.588618 2.361302
1.937786 -2.577027 0.444015
1.949881 -2.070939 0.483357
0.729445 -2.726092 0.559010
0.754705 -2.745427 0.563519
0.739809 -2.135625 -0.126115
0.704562 -1.504020 -0.191124
1.358848 -0.891324 -0.187156
2.060650 -0.250774 -0.731921
2.145702 -0.876856 -0.736905
1.591878 -0.869414 -0.782315
1.597400 -0.894225 -1.421634
0.938812 -0.948122 -1.389593
0.970798 -1.667868 -1.338944
0.994464 -1.678035 -1.325538
0.989829 -3.638344 -0.751407
0.953355 -4.245193 -0.177964
0.933638 -4.289980 -0.186641
1.609406 -4.343141 -0.176908
1.017740 -3.083219 0.467001
0.370812 -2.416700 0.424321
0.315800 -2.397393 -0.260714
0.913164 -2.431426 -0.892775
1.561672 -2.462382 -0.900449
0.925151 -2.444711 -0.248957
0.244102 -3.021508 0.340610
0.146553 -1.727835 0.295771
0.714860 -1.714327 0.278536
0.694865 0.851283 0.300827
1.335461 0.856360 0.308574
0.677172 1.516080 0.882330
1.257636 2.939835 0.921568
0.606225 2.300128 0.970954
0.647026 2.315371 0.423753
-0.532153 3.014676 0.509320
-0.548136 2.483089 0.560550
0.059734 1.847598 -0.083824
-0.558472 1.267279 -0.065265
0.074388 1.226229 -0.031199
-0.543850 1.206902 0.615269
0.094780 1.226109 -0.080925
0.077777 1.235418 -0.098178
1.329031 -0.035227 -0.093213
1.972400 -0.739814 -0.071955
3.203523 -0.755259 -0.092127
3.851926 -0.089580 -0.161596
2.560694 0.521000 -0.234676
2.528768 -0.195951 -0.282686
2.519121 -0.296390 -0.302360
2.528177 2.152956 0.313417
2.521390 2.132779 0.268485
2.493109 2.135666 0.252178
1.841974 2.121418 0.288183
0.552439 2.096720 0.363309
0.547462 2.128670 0.424427
1.128458 1.569943 0.446810
1.703341 0.990161 0.448094
1.740931 0.335603 0.464303
1.812990 0.286557 0.504878
1.193786 -1.027852 0.542866
0.512289 -1.013411 0.569371
-0.170280 -1.030230 -0.013131
-0.111589 -1.099929 0.005539
-0.044055 0.065361 0.052517
-0.066933 0.049022 0.094941
-0.144598 0.083557 0.088476
-0.159661 -1.836444 0.036584
-0.077607 -1.887629 -0.023809
-0.013338 -1.328865 -0.060458
-0.037669 -0.704269 0.526486
-0.100719 -1.879939 1.725996
-0.760620 -3.153854 1.696878
-0.042178 -3.222869 1.689189
0.005981 -3.210062 1.698159
-0.021707 -2.487247 1.700213
-0.052850 -3.038499 1.062813
-0.029989 -3.071471 1.042497
0.000251 -3.117522 1.062886
-0.023300 -3.772853 1.755631
-0.746076 -2.395195 1.756788
-0.774375 -2.369196 1.752879
-0.756457 -1.783195 1.112479
-0.740689 -1.813176 1.166644
-0.771227 -1.769555 1.206139
-2.055219 -1.696954 1.225260
-2.066458 -1.677433 1.234306
-2.054143 -1.726216 1.247098
-1.440283 -1.756028 1.252886
-1.495899 -1.061443 1.246510
-1.566464 -1.037765 1.879079
-0.930466 -1.072627 1.898118
-0.898366 -0.542605 1.927452
-0.855999 0.064721 1.942147
-0.861158 0.122404 1.936837
-0.884895 -0.399902 1.919045
-0.866443 -1.020055 1.923615
-0.817165 -1.040306 1.953365
-0.799234 -1.706396 1.975589
-0.841106 -1.649905 1.964319
-1.505471 -3.508671 1.934120
-1.528260 -3.482745 1.273765
-1.518568 -3.468549 1.934180
-1.522002 -3.441266 1.951660
-1.558117 -3.415478 1.961666
-1.583748 -3.393583 1.949114
-1.571200 -4.555308 1.943845
-1.545664 -3.882316 1.935648
-2.175252 -3.885876 3.194347
-2.219447 -3.390569 2.549301
-2.271529 -3.403022 2.537916
-1.665827 -3.368342 2.519339
-1.668780 -1.491072 1.857465
-1.072489 -1.551048 1.867106
-1.102021 -1.637436 1.889445
-1.111944 -2.271669 1.883859
-1.085623 -0.312475 1.853871
-0.451208 -0.304103 1.138064
-2.307846 -0.356294 1.146570
-2.311853 -0.414209 1.847154
-1.645241 -1.017845 1.872453
-2.260408 0.894317 1.182208
-2.239892 0.217816 1.145080
-2.247524 -0.452220 1.161853
-0.964924 -0.508511 1.225765
-0.947866 -0.513956 1.270907
-1.548609 -0.504740 1.286168
-2.139170 -0.526107 0.631803
-2.178846 0.686020 0.643026
-1.603910 -0.019612 0.692405
-1.632768 0.627744 1.351842
-1.000146 1.285275 1.288960
-1.016960 1.249328 0.589634
-1.020758 1.204133 0.612107
-0.975811 1.199950 1.319148
-1.527827 1.225432 1.356712
-1.444161 0.005133 2.659298
-1.402452 1.255373 2.661440
-1.393442 1.282923 2.067087
-1.387916 -0.515115 2.126123
-1.376445 0.119686 2.128962
-0.747456 0.099886 2.103169
-0.748667 1.257528 2.105530
