1.013825 0.245000 -1.998037
1.012463 0.265196 -1.986842
0.426814 0.257036 -2.622606
0.522318 0.234449 -2.628585
0.533538 0.244513 -2.644447
0.448624 0.285417 -2.651107
-0.896791 0.977067 -2.646902
-0.881616 0.969064 -2.650416
-0.819024 1.584756 -2.681956
-0.834684 1.593638 -2.738983
-0.896313 1.639894 -2.779025
-0.917009 1.670465 -2.104037
-0.856371 1.655970 -1.446297
-0.790637 1.649286 -1.427008
-0.810476 1.678593 -2.680899
-1.529343 1.714244 -2.655396
-2.239053 2.339483 -3.193756
-1.590890 2.300012 -1.906216
-0.305333 2.274396 -1.889119
-0.263255 2.270977 -1.879845
-0.287642 2.275606 -1.861892
0.328688 2.255618 -1.842418
-0.274702 2.230625 -1.835729
-0.179494 1.600265 -1.837395
-0.145695 1.608589 -1.823272
0.461491 1.598563 -1.794123
0.446836 2.176462 -1.755131
1.135064 2.142086 -1.717108
1.190519 2.117922 -1.102150
0.561167 2.095576 -1.132669
0.530434 1.415952 -1.172087
1.140631 2.052495 -1.166647
1.213818 1.413433 -1.125804
0.636645 1.444176 -1.105566
0.614873 1.480424 -1.113768
0.532932 0.862789 -1.091251
0.489940 1.514324 -0.996484
0.503012 1.495155 -0.883923
0.489537 1.465605 -0.847911
0.409133 0.783520 -0.905632
0.334185 0.775499 -0.986803
-0.299751 0.177371 -1.012992
0.439198 0.187678 -0.993965
0.497161 0.816332 -0.997744
0.453833 0.824549 -1.038005
-0.252334 0.836307 -1.049692
-0.208107 0.881314 -1.002511
0.514857 1.507981 -0.956822
0.516550 1.498848 -0.972429
1.066558 1.475205 -1.045900
1.665722 1.452940 -1.115583
1.072616 1.454523 0.062290
1.176290 1.476445 0.012120
1.190621 1.489663 0.565427
0.459232 1.470960 1.159394
-0.225998 1.459684 1.798744
-0.196587 0.828210 1.182654
0.481333 0.863601 1.189944
0.448509 2.748203 -0.715957
-0.264669 2.085641 -0.679977
-0.290466 2.023304 -1.247881
-0.267190 2.020308 -1.250304
-0.222766 2.084327 -1.295924
-0.207372 2.129314 0.559876
-0.198267 2.111880 0.612717
0.466361 2.099287 0.661283
0.504921 2.149360 0.063714
2.324900 2.858206 0.054530
1.029964 2.845753 0.070809
0.997963 2.082486 -0.502515
1.610509 1.363104 -0.481303
1.623515 1.386309 -1.098689
1.015469 1.469399 -1.145990
0.404804 1.493659 -1.770731
0.403407 1.434919 -1.148602
1.033248 1.397328 -1.139326
1.032978 2.091507 -1.143110
1.046040 1.535198 -1.118926
1.091548 1.540767 0.232668
1.130887 2.103377 2.119762
1.141820 2.034049 3.312770
1.804516 1.438395 3.302414
1.826274 1.503317 3.304938
1.205369 2.152678 3.327592
0.607932 2.685604 2.121087
0.578977 2.650774 2.121398
0.531429 2.079812 2.125623
-0.136589 2.132185 2.776908
-0.122995 2.739377 2.804168
-0.144134 2.676430 2.176624
-0.216268 2.641733 2.171949
-0.292909 2.656276 2.171271
-0.317265 2.674125 1.550768
-0.306935 2.637447 0.924350
-0.318886 2.580252 0.916016
-0.360002 1.930652 0.262067
0.286638 1.963655 -0.375554
0.295266 1.335634 0.913241
0.324033 0.602544 0.901140
0.336594 0.537523 0.929283
0.342402 0.491477 0.366305
0.365463 -0.167267 0.399154
0.389877 -0.161392 0.372061
0.358688 -0.181123 -0.285239
-0.908105 0.419616 0.338659
-0.870482 -0.250588 0.322802
-0.809750 -0.254305 0.296532
-0.748875 -0.251194 1.514277
-0.721423 -0.270132 1.477001
-0.734324 0.377166 1.481127
-0.749714 0.378392 2.151254
-0.730003 0.398275 2.110148
-0.081128 0.452513 2.058180
-0.075598 1.133687 2.015743
-0.102700 1.162399 2.044094
-0.113142 0.531033 2.097015
-0.654293 -0.708608 2.077863
-1.254747 -0.656257 2.000229
-1.271448 -1.915224 1.956221
-1.379662 -1.968537 1.995517
-0.207498 -2.007325 3.327838
-0.228823 -1.355992 3.311180
-0.180727 -1.375843 2.635119
-0.221709 -1.425743 1.953384
-0.273694 -1.469295 1.989983
-0.938067 -1.491516 2.026099
-0.941345 -1.479228 1.973826
0.353559 -1.459771 1.861873
0.321659 -1.452378 1.794452
-0.352327 -1.460180 2.471285
-0.375468 -2.120835 2.504501
-1.032130 -2.108962 2.490330
-1.041640 -2.079042 2.440544
-1.063026 -1.998265 2.440922
-1.701445 -1.898032 3.150607
-1.058511 -1.249289 3.241706
-0.403626 -1.248230 3.257210
0.287921 -1.260860 3.200437
0.324563 -1.230116 3.172534
0.332279 -1.182604 3.235845
-0.304046 -1.191608 2.722639
-0.958273 -1.282323 1.474127
-0.313424 -1.362826 1.468165
-0.310263 -1.330469 1.486058
0.270123 -1.225359 1.559406
-0.370485 0.158244 1.615287
0.284924 0.158487 1.591588
0.329815 -0.486036 1.512797
0.355890 -0.503790 1.471305
-0.907335 -0.496850 2.093308
-0.952055 -0.472256 2.093431
-0.351647 -0.458790 2.061662
-0.337855 0.173783 2.634270
0.261619 0.180490 1.959425
0.246275 0.180955 1.995063
0.254748 0.162984 2.030493
-0.349015 0.152642 2.009907
-0.299070 0.158222 1.938647
-0.312289 0.167961 1.885866
0.274493 0.141674 2.523761
-0.335965 0.084133 2.572057
-0.350366 0.062090 2.590293
0.211624 -0.539362 1.929505
-0.443662 0.850339 1.913717
-1.070482 0.283840 1.350156
-0.458913 -0.388865 1.391554
-1.136659 -0.438251 1.415403
-1.155895 -1.681052 1.400567
0.146506 -1.056384 1.380841
0.150832 -1.684311 1.390187
0.155760 -2.368029 1.426567
-0.426959 -2.376127 0.142193
0.872113 -1.130008 -1.015201
0.276465 -1.041550 -0.960811
-0.322188 0.253645 -0.915438
-0.326458 -1.016407 -0.891642
-0.307672 -1.015208 -0.894606
-0.253530 -0.366966 -0.905080
-0.199028 -0.405026 -0.902112
-0.840144 -1.742392 -0.889819
-0.840263 -1.090076 -0.875207
-0.194033 -1.704050 -0.238132
-0.173926 -1.621095 -0.237650
0.502889 -1.594981 -0.222379
-0.192089 -2.244815 -0.840766
-0.250534 -2.861956 -0.850272
-0.271607 -2.824746 0.366181
0.376817 -2.840363 -0.360317
0.406938 -2.933864 -1.002275
0.404459 -3.030364 -0.422609
0.997182 -1.670344 -0.426575
1.643865 -1.632820 -0.463821
1.090819 -1.620285 -0.548179
1.728014 -1.025308 -1.133282
2.283127 -1.026333 -1.052149
2.204524 -1.001086 -1.009019
1.595878 0.260550 -1.043569
1.596334 -1.075870 -1.105329
1.565459 -1.119290 -1.118151
0.271445 -1.102820 -1.075389
0.289927 -1.085410 -1.034694
0.933684 -1.756787 -1.026626
0.946865 -2.454437 -1.029251
-0.349134 -2.419681 0.283360
0.279506 -1.694526 0.324944
-0.381849 -2.329451 0.351447
-0.391278 -2.363980 0.317520
-0.402639 -2.388108 0.233529
-0.425753 -2.346559 0.161767
-0.444355 -1.680237 0.736705
-0.431979 -2.291246 0.747890
0.251716 -2.979184 0.145189
0.944902 -2.969116 0.730322
0.969706 -2.912023 1.293815
0.961394 -2.840242 1.313809
1.514108 -2.820924 1.335310
1.464708 -2.862160 1.307966
1.448026 -2.911049 1.252953
0.159635 -2.936153 0.630566
-1.105604 -3.596572 0.641551
-0.418476 -3.004784 0.666015
-0.379057 -2.387238 0.671664
-0.369740 -2.349076 0.671809
-0.373328 -2.285162 0.642507
-0.363714 -3.484691 0.690453
-0.356574 -3.478441 0.730655
-1.021651 -3.472547 0.735045
-1.070115 -3.464366 0.695035
-1.095015 -3.474317 0.637673
-1.671735 -4.113763 -0.003759
-2.277907 -3.557527 0.020883
-1.694434 -4.155263 0.045906
-2.977879 -4.078192 0.704795
-2.362164 -4.633713 0.070211
-2.940593 -4.612255 0.081863
-2.875805 -5.256108 -0.511183
-1.655741 -5.228358 1.415992
-1.675506 -4.578659 1.371709
-1.659590 -4.622678 1.310092
-1.613013 -4.727999 1.308804
-1.593659 -4.803866 1.369589
-1.631035 -4.128260 2.056143
-1.033587 -3.483501 2.106287
-1.015087 -2.856105 2.150841
-0.971891 -1.667729 2.200481
-2.247043 -2.311736 1.522374
-1.619160 -2.200692 0.837651
-1.633154 -2.158201 0.179123
-1.638765 -1.590134 0.836243
-2.272696 -2.890962 0.186583
-2.282300 -2.949328 0.192485
-2.296313 -2.915607 0.190781
-2.299313 -2.208668 -1.015925
-2.273045 -2.189037 -0.982654
-2.234480 -2.235305 -0.952863
-0.885067 -2.839875 -0.908349
-1.445861 -2.196797 -0.323289
-1.447205 -2.153541 -0.368852
-1.441940 -2.820734 -0.389629
-1.400179 -2.968893 0.209135
-0.680457 -3.035572 -0.419050
-0.647253 -2.982944 -0.459956
-0.679698 -2.925142 -0.488280
-1.391893 -3.613043 0.131839
-1.375747 -3.648740 0.824975
-0.617982 -3.584184 0.816054
-1.210707 -3.413273 0.782713
-1.281390 -3.373213 0.758297
-0.725720 -3.460805 0.770576
-0.017686 -2.915888 1.400437
-0.637646 -2.937865 1.383256
-1.983663 -3.552983 0.719672
-2.081343 -2.333852 0.691795
-2.150330 -2.436925 0.716955
-2.796535 -2.492606 0.740606
-2.682708 -2.444491 0.060585
-2.690323 -2.997232 0.005101
-2.125793 -2.971647 0.612377
-1.478261 -2.997653 0.627735
-1.438041 -3.018110 0.046340
-1.416578 -2.982932 0.046853
-1.438079 -2.941609 0.648023
-0.844648 -2.949308 0.647543
-1.541141 -3.617490 0.063489
-1.546888 -2.975633 0.107275
-0.905799 -3.520875 0.747403
-0.314928 -3.435604 0.730607
-0.334896 -3.389354 0.724986
-0.311350 -2.758010 0.756829
-0.226438 -2.769510 0.793087
-0.826207 -2.823829 0.793317
-0.852980 -2.854974 0.756271
-0.915909 -2.911115 0.726706
0.864471 -1.654095 0.732656
0.905244 -2.255627 0.746617
0.281271 -2.303680 0.744419
0.202165 -2.336775 0.721782
0.174489 -1.770354 0.068898
0.807390 -1.795662 0.069617
0.261271 -1.135839 0.077356
0.930515 -1.135350 -1.100296
0.940074 -1.173518 -1.741472
0.911237 -1.884266 -1.770114
0.912420 -1.907467 -1.153433
1.608617 -1.910604 -1.136329
2.254318 -1.920199 -1.165961
2.215794 -1.939910 -1.223878
2.806726 -1.310797 -1.209216
2.792793 -1.272419 -0.513089
2.802605 -1.824594 -1.057510
3.437846 -2.424244 -1.067402
3.458129 -1.803297 -1.770344
3.454228 -2.432353 -0.528182
3.434423 -1.762925 -0.488328
3.405741 -1.737814 0.162718
2.116131 -1.743864 0.128086
2.106036 -1.777404 0.068598
2.095285 -2.407648 0.064307
1.464542 -2.378877 -0.513774
1.462077 -2.347798 0.147894
2.100791 -2.356062 0.129885
2.120627 -1.091903 0.699431
2.131419 -0.454111 0.044737
1.477391 -1.063759 0.091915
1.436850 -1.045827 0.145580
1.417165 -1.055553 0.149637
1.420052 -1.073965 -0.531497
2.085038 -1.075930 0.112722
2.088031 -1.068758 0.181745
2.101378 -1.071446 -0.323216
2.150313 -1.727052 -0.314791
1.575036 -1.752110 0.251556
2.292069 -1.112005 -0.354439
2.264375 -1.766869 -0.272120
2.864798 -1.819264 -0.838055
2.872279 -1.854656 -0.840785
2.917030 -1.852104 -1.511915
2.908419 -1.840807 -0.883646
3.476277 -1.851639 -0.830496
2.807676 -2.494846 -0.173828
3.436846 -2.505987 0.396257
3.479205 -2.509109 -0.295927
3.485628 -2.533534 -0.314422
2.800152 -2.579418 -0.300129
2.758422 -2.613886 -0.285039
2.758053 -1.999939 -0.313862
2.796731 -2.559122 -0.337362
2.134193 -2.511744 0.288575
2.772690 -2.484833 0.315716
2.097976 -3.073371 0.315608
2.137072 -3.018024 0.282496
2.220982 -1.732788 0.271775
2.273047 -1.099538 0.290483
1.000668 -1.129787 0.294623
0.967635 -1.758232 0.252212
0.977299 -1.151527 0.206769
1.020310 -1.110798 0.204570
1.747353 -0.480480 0.241328
1.776397 -0.492516 0.262192
1.813749 -0.512700 0.232579
1.855425 -1.122154 0.194496
1.880241 -0.511523 0.835995
1.898152 0.072957 0.861356
1.924974 0.026751 0.189987
1.260377 -0.011822 0.154454
1.893658 -0.022955 0.782796
1.901324 -0.024729 0.760075
1.889142 -0.035548 1.424201
1.893854 -0.042584 1.436345
1.936722 -0.021973 0.826344
1.984662 -0.604691 0.762749
1.379218 -0.559568 0.786695
1.358408 -0.557855 0.221412
1.340940 -0.584474 -0.355712
1.341171 -0.593469 -0.349182
1.354362 -1.196203 -0.347534
1.365754 -1.193370 -0.341238
1.368136 -1.211641 -0.964397
0.093472 -1.216818 -0.996040
0.060035 -1.200817 -0.407315
0.061457 -1.178783 -0.395718
0.097027 -0.536721 -0.373272
0.108866 -0.612895 -1.000991
0.729682 -0.620919 -1.060560
0.666697 -0.622692 -0.482663
0.655454 -1.852482 -0.456148
0.698780 -1.187422 -1.056691
0.711300 -1.158446 -1.097821
0.639458 -1.766911 -2.404819
0.531946 -2.422583 -2.413566
-0.107532 -1.809023 -2.334504
-0.043856 -1.232426 -2.261778
0.018530 -0.623564 -2.257730
0.015912 -0.636511 -1.678713
-0.023619 -0.058961 -2.267583
-0.011463 -0.115944 -2.168880
0.056796 -0.151551 -2.101765
0.098625 -0.148187 -2.115024
0.059329 -0.120919 -2.152808
0.011771 -0.098836 -1.539758
0.038730 -0.094773 -1.488294
0.105044 -0.764469 -2.122482
0.133749 -1.337862 -0.955343
0.112101 -1.295934 -1.033135
0.091215 -1.298823 -1.071971
-0.486585 -1.333931 -1.089930
-0.449603 -1.946366 -1.123249
-0.448453 -1.941090 -0.532913
-0.466613 -1.933932 -0.560294
-0.466782 -1.930444 -0.570904
0.239620 -1.934549 -0.578044
0.213340 -1.937288 -0.585427
-0.537128 -1.938142 -0.583581
0.085291 -1.322262 -0.559938
0.080586 -1.272655 -0.534110
0.081378 -1.253343 -0.516073
0.025201 -1.225202 -0.492178
-0.699498 -2.483681 -0.444989
-0.696893 -2.428607 -1.050552
0.028007 -2.353435 -1.025360
-0.554620 -2.285460 -1.641158
-0.611640 -0.314795 -0.996292
-0.738490 -0.296725 -0.991010
-0.063729 0.366447 -1.004101
-0.648533 0.354118 -1.034838
-0.643337 0.345006 -1.051418
-1.297293 0.342337 -1.041745
-1.280840 0.333302 -1.031738
-0.608181 0.330812 -1.038973
-0.614604 0.326823 -1.047150
-0.636013 0.306759 -1.028689
-1.272781 -1.056253 -0.995691
-1.229954 -1.118256 -0.977637
-1.199245 -1.116307 -0.990568
-0.600790 -1.107062 -1.000715
-0.654310 -1.139519 -0.980275
-0.637671 -1.188298 -0.339149
-0.585870 -1.207477 -0.354852
-0.574010 -1.170784 -0.402837
-0.620284 -1.797719 -1.037621
-1.283165 -1.827117 -0.981375
-0.697436 -1.892520 -0.322025
-0.712207 -2.599605 -0.359934
-0.112493 -2.583581 -1.064464
1.143814 -3.239764 -1.097802
1.103135 -3.254450 -2.267643
0.506870 -3.272547 -2.259225
1.145199 -3.248041 -2.282068
1.115256 -3.192101 -2.308648
-0.161836 -3.157632 -1.083745
-0.142153 -3.786881 -1.045015
0.540120 -3.834279 -1.054240
-0.102341 -2.643695 -1.716736
-0.768726 -2.636382 -1.166016
-1.385323 -1.951400 -1.189539
-0.701446 -1.964630 -1.784446
0.014297 -1.937111 -1.781589
0.025740 -1.946735 -1.811079
1.844418 -1.911589 -1.873599
2.463906 -2.543357 -1.868685
2.521152 -2.568147 -1.825156
1.921971 -2.632245 -2.430358
1.863084 -2.660178 -2.455958
0.513256 -1.979886 -2.492093
0.484221 -2.569091 -2.488465
0.497229 -1.917160 -1.173880
0.479715 -1.940877 -1.742189
0.413722 -1.910019 -1.758022
0.360018 -1.815908 -1.805820
0.349676 -1.740236 -2.424042
0.372799 -1.741826 -1.741102
0.374198 -1.786866 -1.051765
0.359139 -1.170000 -1.063675
0.357024 -1.136398 -1.073785
0.361801 -1.121586 -1.023396
0.384022 -0.539707 -0.932747
0.404651 -0.584637 -2.135806
0.432607 -1.212355 -2.150304
0.458074 -1.210148 -2.190689
1.647747 -1.249698 -2.190102
1.643152 -0.690258 -2.150571
1.632796 -1.414365 -1.538750
1.636321 -1.441146 -1.567468
1.615773 -1.446519 -1.606840
1.600501 -0.858558 -1.599088
1.614189 -1.544313 -1.552050
2.240833 -2.150226 -1.529815
2.253311 -3.969244 -1.576115
1.646441 -3.320727 0.239848
1.645237 -2.073994 0.174638
0.467114 -2.100908 0.763890
0.486837 -2.675073 0.741198
0.456505 -2.625727 1.345314
0.389760 -2.633590 0.621290
0.363693 -0.761523 -0.001165
0.387441 -0.751421 -0.630231
-0.243554 -1.314544 -0.617145
-0.293263 -1.281658 -0.649604
0.271891 -0.646341 -0.679533
0.288010 -0.673406 -0.029702
0.353156 -0.071640 -1.782268
0.367171 -0.745678 -1.785770
0.912065 -0.763946 -1.831888
0.825097 0.401773 -1.824629
0.848306 0.378062 -1.737231
0.301597 0.994538 -1.649355
1.616232 1.000836 -1.639697
2.913736 0.391944 -1.667818
2.899104 0.400137 -1.655372
2.335537 1.014865 -1.590942
3.599759 0.339384 -2.162782
3.620048 -0.316677 -1.502408
4.206698 0.909680 -0.231314
2.819214 1.581726 0.480618
2.161551 1.601584 0.544513
2.170952 -0.850294 -0.139838
2.173980 -0.879790 -0.135694
2.148267 -0.886948 -0.138025
2.781392 -0.222035 -0.161953
2.126354 -0.227916 -0.210562
2.199574 -0.271966 -0.272422
2.258548 -0.333215 -0.300765
1.625034 0.301734 -0.297942
1.559665 0.991843 -0.323182
1.546626 0.368673 -0.388942
1.632360 -0.327862 -0.455059
3.653513 -0.974636 -0.481181
3.666107 -0.318456 0.108457
3.616467 -0.247855 0.042838
3.586406 -0.854758 -0.030620
3.623799 -1.563815 0.542579
3.679749 -3.025163 0.590821
4.284123 -2.404932 0.689949
3.549424 -2.363883 0.173161
3.483846 -1.740167 0.208205
3.489926 -1.797655 0.241608
3.529489 -1.837039 0.336455
2.911761 -1.804716 0.439964
2.917000 -1.740350 0.481576
2.957252 -2.355083 0.451573
1.766036 -2.383096 -0.230123
1.753253 -2.406722 -0.189296
1.693203 -1.744708 -0.121522
2.297701 -1.703159 -0.736326
2.342085 -1.683037 -0.764633
1.067767 -1.676632 -0.778537
0.942808 -2.269021 0.476908
0.828569 -2.206370 0.457440
0.843490 -2.135544 1.656822
1.553643 -2.092819 1.595095
2.214276 -2.069882 1.577027
2.117659 -2.042779 1.588330
2.032364 -2.001613 1.601501
2.042643 -1.961529 2.234373
2.697701 -1.940337 2.222912
3.337106 -1.936119 1.599775
3.890229 -1.929552 1.609322
3.862510 -1.905104 1.598616
3.903971 -1.871655 0.948881
3.986483 -1.856936 0.920605
4.036068 -1.875557 0.897458
3.413998 -1.902400 0.876378
3.434966 -1.907305 0.865831
3.459460 -1.893632 0.863835
3.459527 -1.902547 0.866528
2.813334 -2.593106 0.854155
3.452158 -3.264812 -0.448724
3.473253 -2.684874 -0.484963
3.483377 -2.665044 -0.527377
2.896097 -2.681082 -0.567323
2.846566 -2.750386 -0.600253
2.801888 -2.812290 -0.618678
2.784033 -2.800006 -0.625780
2.756380 -3.377776 -2.519970
2.703292 -3.361739 -2.493033
2.604094 -3.382974 -2.462335
2.591493 -3.372581 -2.428865
1.951642 -3.297791 -2.422537
2.572653 -3.211331 -2.445191
3.186359 -3.202156 -1.842504
2.541934 -1.325552 -1.841084
2.571074 -1.376170 -2.432637
2.604899 -1.970533 -2.413997
3.228817 -1.901360 -1.763644
2.577209 -1.886544 -1.767164
2.602626 -1.934984 0.108350
1.476975 -1.959499 1.370699
0.881278 -1.905589 1.376594
1.522221 -1.829013 2.609556
0.308993 -1.809661 2.583227
0.379509 -1.880068 2.591209
0.445008 -1.964974 2.616932
-0.247604 -2.658788 2.627320
-0.987610 -2.631713 2.615201
-0.418243 -2.623403 2.614001
0.250892 -3.288572 3.318687
0.304020 -3.351064 3.394635
0.265773 -3.974300 3.446473
0.172924 -3.966333 3.428843
0.139051 -3.310515 3.376772
0.818685 -2.690143 3.352256
0.832393 -4.082238 2.741556
1.385104 -4.084982 2.714375
1.298640 -4.033727 2.635535
1.280747 -3.332838 2.570475
1.329772 -2.663576 2.571495
2.663031 -2.708203 3.248356
2.671048 -2.702951 2.049632
2.653962 -2.638308 2.003112
2.678268 -2.596702 1.958917
1.481062 -2.638445 1.972492
2.159038 -2.716446 2.018667
1.530285 -2.720421 2.036237
0.800149 -2.644186 2.026167
0.779113 -2.586025 2.043484
0.836124 -2.632124 2.105365
0.903638 -2.720641 2.148318
-0.989965 -2.724372 2.128072
-1.688397 -2.642393 2.082277
-1.698756 -2.606711 2.722315
-1.055381 -2.681595 2.754208
-0.928864 -2.757134 2.756697
-0.964225 -2.709201 2.700915
-1.033739 -1.345734 2.631965
-1.061901 -1.919216 1.983364
-0.373732 -1.982206 2.634428
-0.325651 -2.636487 2.653243
-0.324150 -1.928588 3.262854
-0.340548 -2.469435 3.242990
-0.318225 -1.868632 3.273894
-0.241933 -2.011295 3.336842
-0.165939 -1.461174 3.354229
-0.204562 -1.366231 3.312030
-0.276675 0.013923 3.214308
-0.939411 -0.039068 3.265990
-0.253310 -0.180495 3.364451
-0.843630 -0.241581 3.412537
-0.885990 -0.190429 3.398666
-0.928299 -0.811045 2.745350
-0.879031 -0.896675 2.771894
-0.151711 -1.022403 2.816103
-0.087326 -0.419355 3.455916
-0.118646 -0.340922 3.357409
-0.195313 0.347910 3.270637
-0.225450 -0.342762 2.042424
-0.210885 -0.390997 2.052216
-0.178799 -0.374013 0.751533
-0.834885 0.282281 0.730880
-0.879522 0.913437 1.354584
-0.890756 0.865896 0.720516
-0.834553 0.879789 0.732363
-0.097748 0.986617 0.737223
-0.704880 1.076598 1.370730
0.489496 1.694367 1.379482
-0.869806 1.032575 1.424654
-0.883908 0.395915 2.133363
1.669942 0.485529 2.176438
1.700359 -0.137249 2.196079
1.693873 -0.171233 2.230399
2.892977 -0.187057 2.291412
2.293862 -0.161445 2.332007
1.715538 -0.147052 2.322004
1.723868 -0.800727 1.662600
1.661174 -0.208275 1.650804
2.154753 -0.204912 1.659828
1.395253 0.465988 1.652479
1.364156 0.474567 1.615872
1.394379 0.437568 2.233782
1.425423 1.050220 1.585605
0.792305 1.069472 1.610432
0.801154 -1.398541 1.613385
0.862300 -1.436658 1.564065
1.589244 -1.535813 1.509826
0.957631 -1.548749 1.505841
1.519796 -1.504309 1.552944
1.428150 -2.110964 1.588136
1.451975 -2.106554 1.576042
0.907522 -2.091536 1.560976
1.581829 -2.035101 1.577614
0.928403 -1.970872 1.598222
0.940200 -1.963699 1.577463
2.286914 -2.006448 1.524643
1.781947 -1.426120 1.502660
2.424104 -1.423631 1.539570
2.272531 -1.426297 1.585096
2.228061 -0.860061 3.414883
2.895044 -0.910095 2.750311
2.336165 -1.509587 2.731818
2.286730 -2.090358 2.752865
1.572365 -2.056024 2.760947
1.589337 -2.081972 2.721964
3.761266 -1.484210 2.653356
3.843228 -1.486663 2.609388
4.992639 -1.462316 2.615848
4.266209 -2.690520 2.635619
4.884986 -2.709844 2.633432
5.532090 -2.709985 1.334298
5.515293 -1.974960 1.325871
4.282681 -1.944975 1.315066
4.258076 -1.968650 1.295552
4.324339 -1.969506 1.268300
4.446264 -1.932863 1.246307
2.548891 -1.911281 1.232463
1.860818 -2.602471 0.043287
2.419961 -2.652492 0.053623
2.404854 -2.660725 0.095117
3.072295 -2.647470 0.096683
3.066673 -2.646909 0.092392
3.005204 -2.065873 0.083637
2.306280 -0.838182 0.082373
1.089330 -0.803246 0.098704
0.508559 -0.783802 -1.228735
0.549391 -0.821833 -2.488157
0.519457 -0.226777 -2.484219
0.472703 -0.234336 -3.713727
0.462927 0.420555 -3.094552
0.464355 1.067272 -3.088550
0.427994 0.379188 -3.701194
0.364779 0.330944 -3.700069
0.363450 -0.204286 -2.473790
0.444222 0.459803 -3.851342
0.513621 1.070034 -3.847494
1.136985 1.604858 -3.828750
1.766139 0.922391 -3.851110
1.759387 0.937882 -4.537583
1.796701 0.966697 -4.555188
1.798994 0.955428 -4.504420
1.721903 0.933304 -4.447451
1.629144 0.969364 -5.064335
1.624927 0.395039 -5.698051
1.700578 -0.198195 -5.671077
1.744208 -0.224592 -5.636705
1.715300 -0.864910 -5.585143
1.648652 -0.854093 -4.321859
1.628715 -0.231187 -4.330982
1.057013 -0.233620 -4.265856
1.083872 -1.524874 -2.923498
0.436810 -0.917797 -4.115087
1.563582 -1.495653 -4.144128
1.602645 -0.808729 -4.140604
1.708494 -1.400652 -2.846646
2.369308 -2.085096 -3.399971
2.322317 -1.458260 -3.407098
2.281959 -0.167195 -3.462338
2.294770 -0.712103 -4.097146
2.320370 -1.315009 -2.795494
2.277883 -1.325111 -2.758677
2.193867 -1.309862 -3.445991
2.783015 -0.654828 -2.884042
2.209349 -1.260583 -2.887265
1.072265 -1.241592 -3.437717
1.699164 -1.843996 -3.411906
2.305107 -0.552058 -0.873068
1.651539 0.071563 -0.933794
1.666592 -0.575763 0.289100
1.656235 0.054797 0.342545
2.276074 1.342196 0.397238
1.628233 0.699800 0.996762
1.641570 0.691461 0.998592
0.973776 0.672787 0.999939
1.634556 0.009776 1.018329
2.232233 0.669176 1.014578
1.544902 0.006174 0.334067
1.514156 -0.017881 0.337315
1.517608 -0.032239 0.375995
1.545124 -0.663063 0.362748
2.819306 -0.652997 0.404596
1.532452 -1.298095 -0.145369
0.308760 -0.618713 -0.145855
0.338458 -0.608409 -0.199901
0.387972 0.048079 -0.279630
0.453410 0.035113 -0.341613
0.516903 -0.674809 -0.369548
0.565573 -0.100718 -0.393856
0.575369 -0.085262 -0.445526
-0.068617 -0.035783 -1.170474
0.636733 -0.616060 -1.210052
-0.028098 -1.166532 -1.203812
-0.005338 0.051308 -1.199244
-0.639827 0.032707 -0.558570
-0.660198 -0.606697 -0.598959
-0.645752 -0.584097 -0.597413
-0.598991 -0.570859 0.031397
0.034509 0.044515 0.044358
-0.012156 0.036880 0.068212
-0.092992 0.078901 0.102688
-0.099433 0.124066 0.728623
-0.061076 0.118372 0.791043
-0.037691 0.071641 -0.502355
-0.056199 0.006538 -0.432276
-0.086785 0.672666 -0.371150
-0.075959 0.676067 0.226866
-0.039435 0.655982 0.191861
-0.015570 1.249275 0.189554
-0.018069 0.568132 -0.408165
-0.032755 0.601133 -0.381948
-1.308098 0.021283 -0.384679
-2.475504 0.030814 0.215713
-2.461321 0.024403 0.214715
-2.523782 0.623650 0.255717
-2.578023 0.599671 -0.322844
-2.554387 1.241128 -0.330356
-1.838046 1.243053 -1.681914
-1.864753 1.865071 -1.707995
-1.973907 1.283981 -1.697611
-2.051419 -0.010151 -1.696491
-2.026159 0.004563 -2.306300
-1.968287 -0.562861 -2.977510
-1.965342 -0.542362 -2.999677
-2.011923 -0.537900 -2.982145
-2.035674 -0.595739 -2.304036
-1.989600 -0.664041 -2.284429
-1.925704 -0.693400 -2.322462
-1.918478 -0.024992 -1.107556
-2.606650 -0.020854 -1.125118
-2.646248 0.567772 -1.110968
-2.620059 0.498789 -1.792824
-2.561775 0.504059 -1.858856
-1.926753 0.576924 -1.868188
-1.979009 0.615450 -1.870569
-1.371779 0.560083 -1.243052
-1.387556 0.485193 0.593061
-0.115939 1.123403 0.560897
-0.133141 1.831767 0.555868
-0.239541 1.864393 1.890460
0.276617 1.833300 1.276722
0.276911 1.157518 1.338328
-1.633424 1.199299 1.390948
-1.649866 1.909802 1.475368
-2.318088 1.337558 1.493549
-1.707610 0.685872 1.514129
-1.656896 0.626909 0.877270
-2.966121 0.625289 -0.361361
-3.003416 0.009847 0.227014
-3.059855 0.038895 0.178780
-3.064846 -1.233657 0.197513
-3.613355 -0.650328 0.204964
-3.560307 -0.074543 0.185331
-2.895380 0.591533 0.141605
-2.880220 1.265763 0.121550
-2.839272 1.226040 0.115648
-2.773182 1.176497 0.042587
-2.126361 1.770219 0.629097
-2.179475 1.085999 1.194090
-2.911770 1.044626 1.166275
-2.950125 2.345176 0.519023
-2.908842 2.359103 -0.149785
-2.862217 2.404649 -0.777354
-4.177160 3.112998 -0.784440
-4.211654 3.749875 -0.113503
-4.167614 3.787383 -0.086512
-4.055491 3.817943 -0.042013
-3.977584 3.184626 -0.009111
-3.986397 3.135868 -0.017216
-4.659941 3.704368 -0.044757
-4.676724 3.684424 -0.045800
-2.731740 3.726805 -0.004858
-2.704189 4.378513 0.011572
-2.688033 3.039697 -0.044151
-2.685010 4.275360 -0.118929
-2.677185 4.305860 -0.138692
-3.289508 4.981455 -0.109709
-2.626516 4.929682 -0.706629
-2.646062 4.224155 -0.794788
-3.353092 4.144561 -0.893094
-3.445111 4.133390 -0.908207
-3.497770 4.824339 -0.274043
-3.478313 4.846907 -0.263119
-2.179006 4.852213 -0.306603
-2.189655 4.180884 -0.345193
-1.543435 4.211880 -0.314677
-0.885727 4.229174 -0.883876
-0.823048 4.216223 -0.195495
-0.833531 4.862019 -0.222374
-0.881804 4.227415 0.340867
-0.905180 4.877652 0.356354
-0.228170 3.689503 -0.191872
-0.809004 3.708002 -0.172411
-0.824699 3.723189 -0.182413
-0.851368 3.763843 -0.174973
-0.824857 3.165523 -0.119795
-0.745186 2.532383 -0.056918
-0.701263 3.833423 -0.045846
-0.104281 3.783566 0.543332
-0.149796 3.127556 -0.137434
-0.141590 1.735338 -0.113971
1.096232 1.732120 -0.073836
1.081765 1.757234 -0.063876
1.015772 1.778277 -0.061125
0.349189 1.780171 -0.024490
0.373752 0.519821 0.031960
0.447770 -0.123488 -0.571359
0.480578 -0.107012 -1.206857
0.462823 0.487691 -1.232948
0.441585 0.428108 -0.590911
-0.152432 -0.222406 0.067211
-0.133878 0.450867 0.707437
-0.100018 -0.145576 0.662833
1.088739 0.536026 0.004837
0.486565 0.572741 0.028149
-0.777751 -0.048311 -1.151240
-0.779326 -0.018779 -1.184002
-0.808864 0.017753 -0.614738
-0.846166 0.600244 -0.658492
0.325648 0.588120 -0.632437
0.323890 0.595567 -0.588997
-0.265141 0.604583 -0.585127
0.906627 1.215633 -0.605758
0.237391 1.261655 -1.249147
0.217496 1.983798 -1.830068
0.227528 1.402477 -1.100542
0.238466 1.381181 -1.747930
0.258224 0.745373 -1.805399
0.865010 0.722909 -1.862180
0.903864 0.712865 -1.891002
0.965020 0.679659 -1.255322
-0.890482 0.638296 -0.108511
-0.928798 0.655531 -0.128630
-0.285665 1.339441 1.026619
-0.232629 1.402748 1.017514
-1.460945 0.703869 1.011965
-1.437211 0.682635 0.332501
-1.470084 0.674141 0.962713
-1.487885 -0.523073 1.554193
-1.438174 0.122058 1.567631
-1.990913 0.749164 1.576779
-2.657704 1.356154 1.579047
-2.766025 1.304703 0.985510
-2.839372 1.299066 1.045088
-2.815406 0.660043 1.191153
-2.143713 1.293015 0.623165
-2.194221 0.579460 0.637350
-2.298571 1.210119 0.633734
-2.338239 2.389507 1.235142
-3.535066 3.002912 1.274272
-3.493573 2.994868 1.950436
-3.495739 2.356082 0.628095
-3.519930 3.018628 0.634869
-3.505404 2.407000 0.659144
-2.188563 1.756320 0.679120
-2.138911 1.709046 -0.009400
-1.479931 1.656046 0.550416
-1.526936 1.609639 0.476108
-1.561586 1.580692 0.441253
-1.555639 1.556630 0.425603
-1.527104 2.195461 1.049289
-1.504618 2.179759 1.050746
-1.517398 2.192415 1.718930
-1.527270 2.219242 1.737367
-1.535707 2.208885 1.753289
-1.530499 1.508398 2.396870
-1.527084 1.446278 2.383074
-1.555318 2.068402 2.374518
-1.594962 2.085044 1.746199
-0.325217 2.117271 -0.130976
-1.612755 0.898663 -0.084616
-1.604821 0.309398 -0.668584
-1.008824 0.406662 -1.267372
-1.720859 0.495061 -0.666982
-1.121905 0.531161 0.573730
-1.101556 0.542252 0.547480
-0.440084 1.207536 0.504078
-0.462901 1.229726 -0.208744
-0.466875 1.233903 1.016825
-0.978162 0.627902 1.623711
-0.884456 0.016910 1.037200
-0.833556 0.019380 0.457226
-0.819952 0.037937 -0.176887
-0.807998 0.067637 -0.209679
-1.432417 0.087177 -0.803218
-0.735848 0.058063 -0.785521
-0.734944 -1.308031 -0.802737
-1.431894 -1.362704 -1.467496
-1.439828 -1.350742 -1.494467
-1.366740 -1.373485 -1.476860
-1.267206 -1.457748 -1.431802
-1.206931 -1.534178 -1.421109
-2.508747 -2.106267 -1.458215
-2.564101 -0.811820 -1.475258
-2.582136 -0.794002 -1.453632
-1.914940 -2.124578 -1.442038
-1.941065 -1.528307 -1.498362
-1.381978 -1.533382 -1.593313
-1.452464 -2.135971 -1.643286
-2.126144 -2.132228 -1.624851
-0.862415 -2.202697 -1.575690
-0.859093 -2.251533 -1.597757
-1.544131 -0.958227 -1.647849
-2.208162 -0.858211 -1.638177
-1.539015 -0.834921 -1.561006
-1.544821 -0.904779 -1.509474
-0.203359 -0.964176 -1.543418
-0.225235 -0.941998 -1.600668
-0.262759 -0.885149 -2.240930
-0.896844 -0.930311 -2.167826
-0.797316 -1.659009 -2.103406
-0.679789 -2.304436 -1.460823
-1.241234 -1.592278 -1.493833
-0.593657 -1.501503 -0.901678
-0.601762 -2.137606 -1.492746
