1.204406 -0.129721 -2.813165
1.179480 0.512033 -1.488877
1.113811 -0.159768 -1.450884
1.057349 0.447497 -1.450510
1.059169 0.428623 -1.455506
0.454421 0.408724 -1.489950
0.449646 0.383924 0.465721
0.398285 0.373093 -0.116687
-0.293196 0.387122 -0.754309
-0.289854 0.413365 -0.774752
1.050405 -0.200527 -0.821655
1.747165 -0.211369 -0.828963
1.728395 0.939736 -1.369761
1.739972 0.298678 -1.310166
1.816820 0.281756 -1.322652
2.515296 0.265381 -1.396658
2.509807 0.272952 -1.440215
1.795859 0.310725 -2.050919
1.771370 1.634694 -2.023458
1.173996 1.630646 -2.065574
1.206184 1.638433 -1.546623
1.201353 1.124936 -1.581170
1.815332 1.176517 -0.899007
1.854961 1.174543 -0.882056
1.904340 1.117580 -0.928380
2.571077 1.070243 -2.375322
1.858480 1.093984 -1.145913
1.852713 1.156994 -1.116389
1.888976 1.168606 -1.032166
1.887298 1.121729 -1.012970
1.824164 1.100374 -1.078933
2.394558 1.155820 -1.797076
2.435914 1.206693 -1.741011
2.490247 1.165616 -1.623761
2.492475 1.053182 -1.560750
1.738485 -0.282812 -1.586885
1.716341 -0.286870 -1.630303
1.795673 -0.284721 -2.245700
3.118433 -0.323400 -2.160792
2.451031 -1.017709 -2.110602
2.375517 -0.988930 -2.146194
1.739761 -0.889497 -3.458056
1.177216 -0.838937 -3.459842
1.239017 -0.873528 -3.434737
1.827959 -0.917325 -2.785109
1.750169 -0.881942 -2.783003
2.352951 -0.794681 -2.141928
2.445600 -0.753678 -2.077985
2.473494 -0.771317 -2.031165
1.788582 -0.765121 -2.041686
2.396312 -0.672680 -2.087369
2.401551 -0.560951 -2.100060
2.480696 -0.547869 -2.050790
3.108341 -0.611675 -1.998282
3.026741 -0.647679 -2.007063
2.978515 -0.610518 -2.047922
1.828997 -0.569718 -2.044537
1.867522 -1.211889 -0.792637
1.827788 -1.298878 -0.734784
2.386011 -1.329473 -1.439153
2.373352 -1.288767 -1.557183
2.421934 -1.263813 -1.610949
1.798805 -0.708094 -1.572186
0.504513 -0.801282 -0.887683
1.050959 -0.827494 -0.942559
0.451699 -1.431407 -0.994913
0.490865 -1.425736 -0.948806
-0.157098 -1.506217 -0.837323
-0.210663 -0.974424 -0.785591
-0.253841 -0.946399 -1.477968
-0.224614 -1.460435 -0.309014
-0.842980 -1.456773 -0.352292
-0.889000 -1.567095 -0.353898
0.933993 0.202788 -0.970085
0.921506 0.192004 -0.956276
-0.318577 0.266886 -0.929402
-0.944646 0.926652 -0.880848
-0.966922 0.859474 -0.820212
0.330802 1.426366 -0.773733
-0.255513 1.489643 -0.102034
-0.219361 -0.180984 0.535846
0.443233 0.448363 0.530236
1.067631 1.030836 0.496957
0.457511 0.355315 0.469453
0.471472 0.379616 -0.158107
0.500754 -0.826376 -0.112939
0.540926 -0.715229 -0.086443
0.573292 -0.747891 -0.079515
1.235289 -0.135344 -0.082493
1.252624 -0.090723 -0.067989
1.289246 -0.001768 -0.057847
1.315299 0.050660 -0.087146
1.929710 0.015998 -0.137857
2.532146 -0.681592 -0.711955
2.520752 0.522335 -0.691310
3.184412 0.556642 -0.652694
3.209800 0.561677 -0.596902
3.839326 1.146819 0.034020
2.544341 1.098995 -0.503399
2.524682 2.393995 -0.479305
1.945990 2.452201 -0.460773
2.638283 2.446338 -0.448006
2.644327 2.345993 -0.453641
2.585740 3.526052 -0.471964
2.549826 3.480413 -0.472665
1.926821 2.895139 0.128394
1.968620 2.905478 0.193682
2.565742 2.871967 0.243053
2.500538 2.835270 0.247973
2.490907 2.845373 0.241731
2.541914 1.608995 0.240417
0.049416 1.003582 0.269750
0.615538 2.219152 0.298955
-0.088493 4.060324 0.306543
-0.070523 4.044426 0.327734
-0.025706 4.075514 0.389198
-0.030368 2.301678 0.474840
-0.726369 2.935830 0.523551
-0.769875 2.959656 0.513751
-0.774452 2.333341 0.475204
-0.766537 1.729642 0.440306
-1.419536 3.028370 0.419259
-1.436775 3.002070 0.375422
-0.769351 2.940741 0.319746
-0.082038 2.897747 1.584716
0.582452 2.898734 1.603318
0.613852 2.910588 1.626070
0.629282 1.636996 1.614456
0.660847 1.616490 1.594264
0.690085 1.608668 1.601184
0.684774 1.637359 1.638473
0.648218 1.673713 1.071993
1.287411 1.664254 1.070324
1.313909 1.615005 1.039487
0.682228 0.973237 -0.150955
0.674479 0.960318 -0.098027
1.270570 0.973290 -0.027628
1.211601 0.297965 -0.015637
1.194185 -1.021424 1.213397
-0.037997 -1.713841 1.192779
-0.089781 -1.732476 1.238783
-0.165081 -1.718992 1.315658
-0.207306 -1.721605 1.347884
-0.181450 -1.749552 1.307945
-0.137781 -1.128110 1.257132
0.528831 -1.131570 2.411474
-0.124528 -0.456015 2.457041
-0.145025 -1.739038 0.994779
0.488757 -1.737640 0.325628
0.538367 -1.754892 0.304932
0.579581 -1.744035 0.284561
0.581043 -1.711796 0.277197
0.558536 -1.699067 0.287928
1.178795 -2.920052 0.288154
1.205876 -2.985983 0.273080
1.246659 -3.034172 0.878727
1.247601 -2.410849 1.495008
1.190171 -2.393445 0.855996
1.131469 -3.050105 0.868494
1.142027 -2.403955 0.864145
1.216345 -2.390480 0.834703
1.271720 -2.314290 1.449702
1.254380 -2.215453 0.800678
1.206217 -2.150060 0.809056
0.545857 -1.583222 0.832165
0.583066 -1.626514 0.874262
0.597757 -1.599692 0.923282
0.548606 -1.519782 0.967550
0.496437 -1.477940 1.000188
0.526123 -1.518802 1.026552
0.612335 -1.563187 1.056423
0.643267 -1.545727 1.078763
0.580084 -1.492277 1.086942
-0.172418 -0.833688 1.074064
-0.168758 -0.253221 1.049469
-0.111246 -0.322710 1.025247
0.489781 -0.350996 1.003071
0.431775 -0.324670 0.986228
0.377415 -0.298995 1.572205
0.415810 -0.349805 1.536519
0.505869 -0.448729 1.478317
0.550302 -0.498883 1.409388
0.516272 -0.482664 1.367794
0.487084 -0.466020 1.362697
0.533778 0.131497 1.367989
0.609967 0.068848 1.342159
0.642683 0.048433 1.297401
0.616499 -0.553058 1.293517
-0.047368 -0.505356 1.355686
0.007302 -0.497779 2.021858
0.082505 -0.510600 2.059241
0.116248 -0.476562 2.061858
0.092109 -0.407529 2.090968
-0.553779 -0.347789 2.156337
-0.551279 -1.618989 2.207878
0.128917 -1.651173 2.223127
0.103365 -1.643330 2.230281
-0.508682 -1.595391 2.255927
-0.521122 -1.559060 2.294219
-0.492651 -1.554379 2.319581
-0.491792 -1.536365 2.330703
-0.551687 -1.471555 2.323852
-0.615025 -0.100081 2.292461
-0.616777 -0.088636 2.243255
0.021962 -0.798645 2.198771
0.644938 -1.417722 2.189592
0.622084 -1.393223 2.208146
-0.017159 -1.381006 2.221311
0.677282 -1.415274 2.221001
0.733166 -1.437483 2.217891
1.405274 -1.381464 2.219327
1.411707 -1.301244 2.220585
1.431820 -1.293890 2.199671
1.465042 -1.348090 1.591029
1.482813 -1.397925 1.547254
1.488147 -1.386958 2.175946
2.743669 -0.749181 2.189509
2.100359 -0.805046 2.219228
1.489577 -1.504555 0.254347
1.530074 -0.890458 1.489609
-0.347984 -0.855843 1.504686
-0.371136 -1.461916 1.534431
-0.390282 -1.507767 1.545031
-0.417235 -2.201140 0.259957
0.208696 -2.219347 0.220008
1.464789 -0.934910 0.897802
0.742414 -1.564109 1.580939
0.746918 -1.012871 1.656285
1.437753 -1.077767 2.272730
1.435747 -1.067988 2.228510
1.431573 -1.009913 2.858528
1.426969 -0.990198 2.913010
0.100685 -0.396632 2.298024
0.078030 -0.429028 2.239171
0.023263 -0.418098 0.976745
-0.026411 -0.352920 -0.243252
-0.027208 -0.291757 -0.159322
1.226711 -0.275125 -0.142442
1.287617 -0.262439 -0.188006
1.340794 -0.815930 1.001214
0.758861 0.580156 1.099498
1.378681 0.625350 0.533417
2.040179 0.614474 0.532920
2.054806 0.571898 0.447232
1.375046 1.153024 0.390223
1.340554 1.169693 0.468395
1.314645 0.547373 0.537650
1.319089 -0.769342 0.551525
2.677618 -0.216710 0.502102
2.010406 -0.255914 -0.157499
1.979096 -0.879285 -0.119702
1.929466 -0.844929 -0.055385
2.550259 -1.502613 -0.030409
2.541089 -1.526129 0.528585
1.835976 -0.278570 0.499696
2.460850 -0.258842 0.481416
2.411299 -0.228811 -1.396498
2.412984 -0.217184 -1.371194
2.474962 -0.887400 -1.394583
2.551984 -0.909728 -0.798964
2.594705 -0.894744 -0.831938
2.606473 -1.464428 -1.486204
1.967176 -0.853769 -0.799207
2.658589 -0.905556 -0.787290
2.035851 -0.951478 -1.503207
2.044235 -0.945440 -2.177895
2.057798 -0.919849 -2.192169
1.482662 -0.924134 -2.188166
2.222197 -0.976806 -0.924588
1.638357 -1.686382 -1.008266
2.340615 -1.702100 -1.061565
0.972339 -1.047353 -1.740232
-1.001083 -0.436877 -2.428835
0.274225 -0.488119 -1.150007
-0.440190 -1.167129 -1.168843
-0.535201 -1.177040 -1.183652
-0.624031 -1.172404 -1.201798
-1.288709 -0.523441 -1.236659
-1.246666 -0.505866 -0.643443
-1.200926 -1.134382 -0.683446
-1.210635 -0.458990 -0.686578
-1.254686 -0.439559 -0.670699
-1.273212 -1.038595 -0.656171
-1.264885 -1.021276 -0.657052
-0.651545 -1.614221 -1.283207
-0.683850 -1.617598 -1.241228
-0.722092 -1.629829 -1.199456
-0.698116 -1.631627 -1.187069
-1.220696 -1.612821 -0.568813
-1.143397 -1.605101 -0.026381
-1.801470 -1.626843 -0.611798
-1.856169 -2.288819 0.011492
-1.870672 -2.288036 0.001827
-1.832751 -0.932353 -0.046007
-1.810315 -0.224711 -0.095157
-1.848401 -0.204092 -0.138776
-1.883334 0.367125 -0.186547
-1.827493 -0.305099 -0.241439
-1.687925 1.008049 -0.891468
-1.576489 2.296415 0.338551
-1.559925 2.339560 0.329792
-1.600228 1.702160 0.345830
-1.618915 1.691914 -0.232735
-1.591661 1.709542 -0.205493
-0.913738 1.743673 -0.791252
-1.608102 1.144000 -0.763326
0.191589 1.120716 -0.734349
-0.446837 1.066104 -0.699992
-0.390202 0.445720 -0.667511
-0.330160 0.455071 -0.657627
-0.365908 0.493227 -0.683841
-0.475252 0.516084 -0.718829
-0.555617 1.135783 -0.722215
0.086478 1.147659 -0.705047
0.073476 0.547239 -0.089141
0.008794 0.583361 -0.109776
-0.705066 -0.058928 -0.136114
-0.718539 -0.066254 -0.128329
-0.652920 -0.080855 -0.092250
-0.586265 -0.077510 -0.073826
-0.587257 -0.053270 -0.102066
-0.023859 -0.043635 -0.117229
-0.031957 -0.055375 -0.070707
0.002426 -0.079607 0.658279
0.019634 -0.099150 0.741146
-0.019421 -0.105602 0.776417
-1.298969 -0.120755 0.129297
-1.270181 -0.138943 -1.728103
-1.813288 0.526176 -1.055085
-1.741945 0.529280 -0.329859
-0.543412 -0.069220 -0.311670
-0.595883 -0.043899 -0.335934
-0.625609 1.192213 -0.340953
-0.631478 1.198878 -0.300588
-0.659659 1.208640 -0.256644
-0.713650 1.226049 -0.250421
-0.742279 0.590066 -1.633858
-0.722332 0.594076 -1.649789
-1.285753 1.204658 -1.025334
-1.901558 -1.358437 -1.657043
-1.924953 -0.711187 -1.676196
-1.343974 -0.677441 -1.708466
-1.974743 -1.299803 -1.675754
-2.005196 -1.324017 -1.019505
-2.033938 -1.341396 -1.043316
-2.044647 -0.710312 -0.519705
-2.005954 -0.705151 -0.589754
-1.937338 -0.723490 -1.174156
-1.879631 -0.758169 -1.755550
-1.849775 -0.103232 -1.168755
-1.845551 0.561195 -1.192022
-1.848047 0.591703 -0.588009
-1.852678 0.578082 -1.130568
-1.862142 0.533594 -1.095197
-1.877606 0.513589 -0.449624
-1.265134 0.535470 -0.467196
-1.880884 0.555346 -0.472191
-3.146235 -0.113588 -0.462699
-3.094014 0.432130 -0.461030
-4.299544 0.424438 -1.136782
-4.326567 -0.120752 -0.492188
-4.397914 -0.063171 -1.072955
-4.464272 0.539603 0.119273
-4.485592 0.490121 -0.545964
-4.466079 1.105600 -0.575152
-4.452674 1.167569 0.667780
-4.465106 1.225220 0.673861
-4.457097 1.217387 0.714707
-4.392297 1.177541 0.746306
-4.295197 1.155527 0.745256
-4.238279 1.166808 0.734428
-4.274314 1.194610 0.769620
-4.346421 1.203838 0.833192
-4.360753 1.204676 0.846917
-3.699503 1.205848 0.788364
-2.991066 2.469930 -0.417152
-2.429598 2.500787 0.260695
-1.896571 2.537823 0.317663
-3.140266 2.535383 -0.270288
-3.063588 2.490350 0.264438
-3.631248 1.826903 0.227061
-3.074818 1.847678 -0.414542
-3.196210 1.889990 0.297503
-3.258836 2.556405 0.307962
-2.558830 1.863382 0.868201
-3.123869 1.808463 0.826220
-3.132909 1.768103 1.472379
-3.180242 2.441036 1.485648
-3.159516 2.432575 1.485837
-3.048961 1.782518 1.476960
-2.310734 2.342618 1.496026
-2.310081 1.733916 0.871412
-3.700957 1.151206 0.921945
-3.739840 1.216061 0.971758
-3.677186 1.235344 1.005153
-2.938348 1.229539 1.016324
-2.911373 1.268856 0.995697
-2.927709 1.334769 0.986775
-2.901253 1.372337 0.397998
-2.218258 1.936320 0.411627
-1.481600 1.901166 -0.253091
-0.867884 1.957051 -0.275755
-1.604067 1.978180 -0.360208
-1.681114 2.069187 -0.423819
-1.055848 1.456080 0.219189
-0.356472 -0.495785 0.857296
-0.384402 1.378259 0.812667
-1.114843 1.400371 0.741844
0.091718 1.399961 0.680543
0.086762 1.313462 0.665818
0.116980 1.194425 1.325343
0.107800 1.162224 0.021138
0.053188 1.226613 0.019802
-1.251877 1.294293 0.015547
-1.250662 1.275900 1.347097
-1.198538 1.190503 1.394669
-1.160666 1.145312 0.213852
-1.177391 1.151732 0.217805
-1.212490 1.200743 0.192814
-1.845368 1.122498 0.199295
-1.118445 1.005324 0.232421
-1.072033 0.961474 0.287262
-0.427975 1.005095 -0.397712
-1.087376 1.079594 -0.450723
-1.031988 0.443874 -0.458474
-0.970431 -0.216867 -0.446705
-0.273087 -0.221467 0.197219
-0.292567 -0.792566 0.177309
-0.310390 -0.099256 0.145516
-0.310502 -0.079974 0.134565
0.273243 -0.099285 0.726205
0.255884 -0.739776 1.380934
0.224538 -0.698756 1.394828
0.200846 0.002172 1.396518
0.199024 0.050774 1.373363
0.210592 -1.169628 1.347480
0.211914 0.186436 1.337046
-0.435972 0.214367 1.348713
0.164847 0.204408 1.359025
0.175036 0.169845 1.958790
0.173757 -0.533157 1.941010
0.140780 -0.553323 1.990313
0.089830 0.106469 1.454648
0.041579 0.133668 2.164235
0.018156 0.131223 2.184990
-0.001473 0.129616 2.163352
-0.039105 0.708292 1.521322
-0.072537 0.741520 0.903973
-0.087435 1.391875 0.903195
-0.090393 1.358856 0.235239
-0.107238 1.274357 0.188062
-0.133908 1.172433 0.152784
0.484783 1.137065 0.774042
-0.129521 1.183629 0.778750
-0.704861 1.232264 0.761995
-0.684751 1.836244 0.726326
0.610875 2.433222 0.692561
0.627835 2.447558 0.684587
0.656370 1.872211 0.696650
0.675119 1.882339 1.976629
0.671947 1.205895 1.941994
0.665122 0.539989 1.923440
0.669957 1.172902 1.954884
0.671371 1.851063 2.020982
0.668014 0.651004 2.063095
0.693997 -0.632013 2.069765
0.748861 -0.659912 2.085277
0.795124 0.011614 2.144121
0.812754 0.613831 2.837004
1.414989 -0.108367 3.481563
1.434236 -0.215816 2.870311
1.458311 0.353702 2.883252
0.813607 0.331324 2.922182
0.807662 0.350302 2.957418
0.747294 -0.314252 2.944351
0.769867 -0.327846 2.902978
0.166186 -0.324500 2.882194
-0.435515 0.379337 2.294544
-1.131965 0.421815 2.301089
-1.174779 -0.257737 2.831912
-1.167581 -0.300580 3.332085
-1.148758 -0.329969 3.303126
-0.602159 -0.307423 2.753312
-0.692509 -0.251556 3.426082
-0.757065 -0.223132 3.420620
-0.125270 -0.832754 3.393654
-0.656004 -0.825020 3.384233
0.629102 -0.804527 3.399248
0.617323 -1.375250 3.388037
-0.709274 -1.405905 3.315014
-0.662786 -1.482496 3.252403
-0.627124 -1.539275 3.270049
-0.065911 -0.928312 3.346011
-0.109925 -0.886878 3.427536
-0.749228 -0.858857 3.456966
-0.691267 -0.842713 3.438873
-1.940941 -0.821703 3.445249
-1.323063 -0.793684 2.240998
-2.558091 -0.778696 2.273241
-2.563970 -0.145094 1.663740
-2.541612 -0.217223 1.638778
-2.520863 -1.504862 1.678528
-2.514346 -1.514308 1.714105
-1.907204 -0.829166 2.310519
-1.903566 -0.797257 2.255385
-1.885105 -1.463793 2.215194
-1.877805 -2.114781 2.230189
-1.878281 -2.110289 2.246598
-1.883304 -2.097018 2.207693
-1.874684 -1.409710 2.127052
-1.867045 -0.806136 2.090240
-1.880841 -0.823123 2.138069
-2.512243 -0.797003 2.193224
-2.521953 -0.751566 2.181643
-2.493117 -1.368005 2.129470
-4.387599 -1.389863 2.104617
-4.409526 -1.411117 2.138827
-4.414394 -1.411949 0.297626
-4.388054 -1.426751 0.294995
-5.012861 -1.502732 0.932416
-4.422440 -0.966164 2.220921
-4.509400 -0.432370 1.672711
-4.579039 -0.459005 1.060105
-4.588066 -0.469477 1.067716
-4.554674 -0.486806 1.090566
-4.530078 -0.487110 1.109675
-2.560730 -0.456427 1.147391
-1.936567 -0.404775 1.133170
-1.872363 -0.371301 1.176467
-2.518241 -0.386860 1.152859
-2.579542 -0.415996 1.147772
-2.670365 -0.427589 1.159285
-2.706031 -0.404778 1.132409
-2.671105 -0.371815 1.127407
-2.629916 -0.349401 0.476414
-2.628895 -0.325677 1.098728
-2.694410 -0.305612 3.036493
-3.315379 -0.282129 2.969630
-1.948411 -0.276501 2.934421
-1.909912 -0.288706 2.913965
-1.953071 -0.294231 2.895652
-2.046250 0.317261 2.875767
-2.073785 0.301428 2.249798
-0.655497 0.349786 2.284736
-1.203346 0.447387 2.331443
-1.198754 0.502810 2.348229
-1.246496 0.468808 1.712701
-1.256229 0.413889 1.084100
-1.842410 0.412415 1.103711
-1.177896 1.049955 1.085847
-1.895390 1.699657 1.053389
-1.990003 1.669856 1.045902
-1.414758 1.040282 0.421204
-1.370966 0.440021 1.118857
-1.317838 0.517946 1.164339
-1.323186 1.192592 1.172551
-0.727575 0.552851 1.797434
-0.738901 1.145759 1.147898
-0.708481 0.469685 1.764050
-0.704446 0.464800 1.803287
-1.434216 1.791862 1.084140
-1.479899 1.135050 2.328770
-0.287076 1.099200 2.924511
-0.263070 1.076593 3.605451
-0.273062 1.081837 3.037165
-0.305364 1.097744 1.719849
-0.306060 1.080072 1.698757
-0.896609 1.030495 2.344849
-0.882850 0.290446 1.120004
-0.246648 -0.361490 1.148345
-0.261285 0.288026 1.126284
-0.901991 0.305983 0.530786
-2.134349 -0.311256 0.580141
-2.129877 -0.297559 0.656824
-2.115948 -0.249291 0.053410
-2.077381 -0.220311 0.018423
-2.026409 -0.254683 0.626826
-2.001574 -0.336544 0.613263
-1.990885 -0.401304 0.628800
-1.961223 -0.409444 0.006335
-1.909399 -0.391870 1.325984
-1.875090 -0.394662 1.823303
-1.884218 -0.402584 1.752963
-1.909513 -0.365837 1.169480
-1.911917 -0.292308 1.218238
-1.890225 -0.868729 1.231534
-1.894813 -0.886798 1.205373
-1.940192 -0.929287 1.189135
-2.611146 -0.939698 1.216679
-2.627565 -0.908123 1.244345
-2.012040 -0.879108 1.218761
-2.029723 -1.517118 1.147117
-2.059544 -1.545745 1.088592
-2.068126 -1.467472 1.087755
-2.061985 -2.008621 1.103963
-2.058043 -1.992746 1.096214
-0.762879 -2.056645 1.069802
-0.764699 -2.769356 1.044776
-0.752886 -2.198477 1.020302
-0.726257 -2.809855 0.984915
-0.698655 -2.810620 1.575881
-0.681193 -2.252642 0.884884
-0.670065 -2.285014 0.857970
-0.653714 -2.246173 0.859680
-1.245132 -2.161747 0.874634
-1.191108 -2.091895 0.901630
-1.155881 -2.139398 0.946267
-1.168023 -2.787123 1.006285
-1.204133 -2.800916 1.040818
-1.237849 -2.772072 1.042120
-1.241071 -2.133929 1.037294
-1.234470 -1.554617 1.660247
-1.235203 -2.165209 1.668413
-1.241601 -2.763557 1.645138
-1.237213 -2.675981 1.611518
-1.202531 -1.954971 1.599599
-1.175211 -1.291778 1.630487
-1.187983 -1.367592 1.661360
-1.815900 -2.099789 1.647352
-1.246150 -1.513103 1.616364
-1.259405 -0.871542 2.219872
-1.239824 -0.894415 2.234135
-1.237195 -0.941989 2.248188
-1.252935 -0.930495 1.609178
-1.265006 -0.891598 0.336218
-1.246155 -0.825049 0.324036
-1.212893 -0.805083 0.366482
-0.627746 -0.864586 0.417928
-0.668143 -0.946697 0.438355
-0.707922 -0.970037 0.421493
-0.713749 -0.312224 0.415997
-0.710669 0.339302 0.449899
-0.733813 -0.265089 0.487715
-0.757896 -0.305834 0.502033
0.514455 -0.230837 0.492335
0.513121 0.528749 0.496389
0.531082 -0.665571 0.512642
0.536166 0.561906 0.523296
0.531665 1.121195 0.518310
0.528818 1.090172 0.477570
0.536073 2.332423 0.437994
0.556363 2.331688 0.421569
0.570945 2.312814 0.412598
-0.027538 1.662229 0.400595
0.001298 1.775794 0.392499
0.014345 1.907488 0.403280
0.015849 1.963941 0.418456
0.630218 0.709899 0.414198
0.605317 1.973022 0.384907
1.207797 1.323906 0.350811
1.191190 1.304532 0.951262
2.416508 0.659727 1.601250
2.377375 0.640179 1.596788
2.399491 0.666146 1.591005
1.794580 0.139462 1.570792
1.137998 0.224357 1.550125
1.089559 0.256640 1.560724
1.050101 -0.360865 0.996609
2.502860 0.283384 1.007462
2.489263 0.269036 0.990577
2.514011 0.214345 0.975199
2.548152 0.138671 1.607739
1.960377 0.117781 1.625230
1.968735 0.183692 1.647549
1.994285 0.293894 1.668926
2.031616 0.340644 1.689966
0.809250 0.306909 1.092544
0.803557 -0.372049 1.113655
2.075497 -0.349273 1.115486
2.092552 -0.340956 1.114715
2.120488 -0.433104 1.105321
1.490943 -0.583507 1.708679
2.163669 -0.663370 2.302878
1.581424 -1.844924 2.290973
0.986994 -1.758307 2.304725
1.659941 -1.752790 2.320011
2.226532 -1.813361 2.330601
2.192496 -1.850533 1.685218
2.174270 -0.563250 1.680971
2.159423 -0.489016 1.680908
2.134334 -0.536372 1.682079
2.130715 -0.063966 1.670917
2.158216 -0.107143 1.091886
2.181529 -0.008426 1.042841
1.525564 0.109809 1.002906
2.087204 0.730344 1.011620
2.087160 1.314955 1.055846
2.104881 1.314695 1.738302
2.707789 1.387454 1.720833
1.357914 1.428463 1.690202
1.320314 1.332557 2.331165
1.957753 -0.701068 2.324782
1.993594 -0.159740 1.644138
1.978471 -0.753238 1.564741
1.939723 -0.686844 1.508289
1.916064 -0.689004 1.542393
1.333152 -2.001455 1.617349
1.352865 -2.004139 2.318556
2.006522 -0.645375 2.290990
1.933406 -0.621732 2.233206
1.898075 -0.651601 1.574927
2.534800 -1.978482 1.604809
2.672242 -2.615121 0.965068
2.671383 -1.268625 0.894611
2.635248 -1.239997 0.844406
2.631755 -1.866136 0.228460
2.676574 -1.863633 0.294532
2.019626 -1.854724 0.956030
2.664640 -1.279366 0.903880
2.600554 -1.323981 0.880199
1.366525 -1.373174 2.204732
1.344757 -1.405332 2.238244
1.334055 -1.360990 0.960836
0.006733 -1.367636 0.927208
0.011819 -1.386294 2.833832
0.038191 -1.400511 2.864748
0.074384 -1.407033 2.892852
-0.552604 -1.413557 1.613419
-0.550561 -1.418682 1.659145
-0.535165 -0.769994 1.720434
0.091207 -0.802090 2.423169
0.075826 -0.842020 3.741965
0.067836 -1.515617 3.713355
0.102463 -0.178808 3.687315
0.166519 -0.169923 4.333626
0.191840 -0.211558 4.368659
0.156166 -0.930828 3.759329
0.098882 -0.938344 3.788433
-1.225004 -0.902184 3.803576
-0.585491 -0.911092 3.135491
-0.626790 -1.014227 3.159044
-0.716709 -1.117242 3.153449
-0.789201 -1.767589 3.137815
-0.796004 -1.700441 3.079827
-0.770501 -1.657274 3.019545
-0.781498 -1.697998 2.327851
-0.842304 -1.749292 2.313472
-0.899689 -1.730701 2.333946
-0.217407 -1.643388 1.690169
-0.187082 -1.606429 1.656702
-0.170962 -0.391602 0.975190
-0.183457 -0.980751 1.010455
0.610074 -0.940243 -0.206803
1.266870 -1.503010 -0.268291
0.603700 -1.459687 -0.366951
0.592784 0.438011 0.192609
0.563433 0.384502 0.183574
1.152760 -0.247219 -0.420895
3.143902 -0.221190 -0.454487
1.812686 -0.231249 -0.504639
1.772033 -1.540617 -0.503859
1.735390 -2.186525 -0.476880
2.426100 -2.204363 -0.472335
2.463191 -2.244100 -0.491627
1.787484 -2.290652 -1.120807
1.739540 -2.326765 -0.508252
1.708635 -0.403226 0.146955
1.817149 -0.406193 0.174458
1.876007 0.240186 0.791391
1.195198 0.280428 0.833136
0.498898 0.887894 0.894940
1.802736 0.858604 -0.370144
1.871538 0.855017 0.260904
1.954195 0.907457 0.215125
1.309988 1.610984 0.791528
1.281712 1.608017 0.771875
1.264719 1.557476 0.731436
1.959440 1.530272 0.707855
1.994868 2.204707 0.714965
1.960450 2.237325 0.747798
1.203595 2.203787 1.399322
1.811323 2.149367 1.399562
1.838493 2.770689 0.784380
1.242723 2.187161 0.784766
1.898614 2.221388 0.176659
1.833664 0.293260 0.166938
1.803869 0.303603 0.812249
1.836807 1.607657 2.029046
1.250168 1.675620 2.653569
1.276739 1.061829 2.016037
1.272184 1.097912 2.080829
1.945614 1.123887 0.301724
2.003892 0.534281 0.380028
2.079599 1.264371 -0.210513
2.128647 0.030724 -0.219345
2.119755 0.066172 -0.218648
2.092496 1.323040 0.404691
2.077639 1.315947 -0.851904
1.425925 1.298188 -0.913295
1.419572 1.244691 -0.324700
1.376545 1.177661 -0.327475
1.307526 1.142753 -0.275981
1.248017 1.158601 -0.241955
3.179342 1.173164 -0.272712
3.204353 -0.087075 -0.315964
3.218800 -0.722691 -0.306423
3.189282 -0.761980 -0.242224
2.477219 -0.800986 -0.190362
2.453572 -1.422716 0.417230
2.447522 -0.828292 0.405393
2.432226 -0.835065 0.454099
1.772957 -0.831270 0.537111
2.390405 -1.457444 -0.093743
1.746877 -1.424771 -0.113334
2.378849 -0.746393 -0.139054
1.099583 -0.042096 -0.752018
-0.167964 -0.028238 -1.366066
0.534143 1.170876 -1.409253
0.596641 1.105361 -1.495519
-0.041234 -0.822625 -0.911246
-0.072058 -0.840812 -0.306123
-0.087445 -0.845079 -0.333307
-0.726566 -2.827059 -0.387258
-0.045239 -2.822158 -0.458658
-0.042755 -2.778742 -0.502536
-0.075985 -2.735083 -0.527869
-0.077027 -2.107972 0.073787
-0.014028 -2.124311 0.032215
0.041454 -2.868000 -0.007387
0.011958 -2.926810 0.005896
-0.056532 -2.329487 0.056478
-0.050911 -2.345660 0.727980
0.698964 -0.321028 0.114044
1.425808 -0.254673 0.118624
1.372997 -0.270336 -0.486027
1.283274 -0.326469 -1.649801
1.282756 -0.355256 -1.655023
1.352742 -0.329906 -1.688257
1.382309 0.335592 -1.700461
1.333961 0.284718 -1.053360
0.007318 0.209220 -1.705978
0.701641 -1.059561 -1.736798
0.111679 -0.966957 -1.743760
0.766646 -0.894762 -1.719266
0.095130 -0.262084 -1.058005
0.057985 -0.322683 -1.086161
-0.518778 -0.954385 -1.789532
0.146685 -0.865141 -1.805706
0.118594 0.450984 -1.785720
-0.591560 0.420965 -1.764338
-0.675364 -0.296852 -1.773730
-0.681310 -0.985138 -1.779983
-0.663356 -0.939116 -1.092730
0.523119 -1.501468 -1.056991
0.440128 -0.860157 -1.051343
0.397141 -0.904427 -1.083660
1.073518 -0.900602 -1.097017
-1.466355 -0.840634 -1.062198
-2.754908 -0.810720 -0.379792
-2.123383 -0.877609 -0.369239
-2.130939 -2.205284 -0.401007
-2.780194 -1.604088 -0.427783
-2.770558 -1.578454 -0.436566
-2.739418 -1.536310 -0.459259
-2.718624 -1.526042 -0.474462
-3.396676 -1.529141 -0.470488
-3.437575 -1.496627 -1.084432
-3.453468 -1.442704 -1.062285
-0.981349 -1.431772 -1.033390
-0.386204 -1.468644 -0.351065
0.209560 -1.510381 -0.956548
0.214667 -1.509277 -1.638067
0.248365 -1.464672 -1.019723
-0.385085 -1.411345 -0.380984
-1.027062 -0.739836 -0.347446
0.229419 -0.098450 -0.299940
-0.425605 -0.042122 -0.273225
0.238338 0.017475 -0.275871
-0.336451 0.020528 0.339654
-0.300211 -0.042338 -0.254701
-0.957711 0.510047 -0.227803
-1.596216 -0.128658 -0.234173
-1.582827 -0.094133 -0.282969
-1.547899 -1.339590 -0.326363
-1.524496 -1.972975 -0.323620
-1.531791 -1.995028 -0.942384
-1.538047 -1.382665 -0.960863
-1.505821 -2.020273 -1.012016
-1.440535 -1.424503 -1.039874
-1.398257 -1.529860 -1.615814
-1.405518 -1.644818 -1.564585
-1.467214 -2.268475 -1.562303
-1.511718 -2.211880 -1.613884
-1.512229 -2.784894 -1.667225
-0.835296 -1.515792 -1.000712
-1.448629 -1.517613 -0.960067
-1.466316 -0.845749 -0.946324
-0.817774 1.076317 -0.971553
-0.799571 1.727055 -1.000528
1.877075 1.680316 -0.976555
1.883302 0.968537 -0.918815
1.849851 0.342488 -0.898913
1.798726 0.395457 -0.938233
2.431276 0.436828 -0.998863
1.802525 0.435618 -2.281558
1.847692 -0.220846 -2.262508
1.847945 -0.823162 -2.230058
1.827745 -0.786326 -2.245675
2.498071 -0.784034 -2.290300
1.850179 0.400788 -1.628071
1.204309 -0.315101 -1.601626
1.158432 -1.497850 -1.579714
0.415072 -0.239629 -1.608131
1.057114 -0.212792 -1.665797
1.089100 -0.222236 -1.099864
1.105664 -0.235473 -2.427294
1.058696 -0.205132 -2.426111
-0.342964 -0.159182 -2.435317
-0.354362 -0.166131 -3.099889
-0.314231 0.340301 -3.080019
-0.294129 0.267900 -3.041391
-0.336854 0.216090 -2.382915
0.241722 0.221422 -2.360182
0.869130 -0.408743 -2.937025
0.944516 0.178492 -2.889220
1.045396 0.797449 -2.890130
0.457088 0.829084 -2.917473
0.440656 0.293622 -2.890427
0.451066 -0.232662 -2.809211
0.504860 -0.218294 -2.056625
-0.123988 -0.246152 -2.065613
-0.184326 0.385153 -2.747321
-0.250842 0.434875 -2.718388
-0.248874 0.482513 -2.651349
0.419280 -0.134956 -2.640908
0.413369 -0.143051 -2.125802
0.990728 1.067245 -2.857147
0.941384 1.813499 -3.548740
0.938827 1.894221 -3.515944
0.932493 1.887035 -2.905261
0.874877 1.813885 -2.949975
0.803120 1.773708 -2.981019
1.417493 1.796024 -2.935923
1.415861 1.804842 -1.564937
1.410030 3.641447 -1.526929
0.766244 3.574278 -1.542549
0.174669 2.931031 -1.563267
0.855797 2.991016 -1.544150
0.891879 3.655359 -1.507857
0.266854 3.627747 -1.501156
0.257665 3.571514 -1.512881
0.260635 3.561860 -1.510103
0.907118 3.602999 -1.484528
0.308061 3.612117 -1.464126
0.290329 2.930347 -1.467737
0.270788 2.899780 -1.480685
1.569873 1.719378 1.076636
1.568514 1.812039 0.371459
2.240276 1.856544 0.352622
2.208080 2.469984 0.329901
2.176140 3.046848 0.305441
1.535046 3.039066 0.283092
1.510248 3.062548 0.279678
1.483543 3.058968 0.267783
1.485958 4.269195 0.230909
1.520463 4.248612 0.196820
1.555254 4.876281 0.193260
1.564648 4.933028 -0.415411
0.239302 4.976937 -0.369119
0.259431 4.950594 -0.366907
0.290359 4.196221 -0.391227
0.303758 4.726489 -0.378249
-0.454492 4.707528 -0.315578
-1.057039 4.665423 -0.259648
-1.055226 4.610785 -0.273993
-1.044060 3.949469 -0.975866
-0.390401 3.321141 -1.010289
-0.369168 3.380855 -0.965845
0.298491 3.437940 -0.908857
-0.284775 3.469597 0.251666
0.318022 2.867410 0.863754
0.303452 2.865658 0.148963
0.293758 2.239737 0.227454
0.937231 2.220088 0.279325
0.936104 2.240067 0.225684
1.536488 1.690736 0.109755
1.466638 1.676428 0.047255
2.095943 1.650163 -0.567953
2.164147 1.677058 -1.212559
2.225163 2.346388 -1.240698
2.214927 2.352770 -0.655875
2.173112 1.670774 -0.016040
2.199147 1.602262 0.039854
1.023910 2.183982 0.119843
1.090068 2.168029 0.137825
1.082924 2.147787 0.086414
0.409975 2.748252 -0.614310
-0.221485 2.715848 -0.582474
-0.134580 2.735728 0.191369
1.208744 3.395898 0.237204
0.565351 3.431557 0.857694
0.554652 2.812569 0.181986
1.798312 2.170868 0.219563
1.777626 2.165403 -1.544397
2.398083 1.537822 -1.517076
2.329201 0.908293 -2.177654
2.274990 0.924392 -2.214363
2.267546 2.170571 -2.218452
2.927068 2.840523 -2.181581
2.933076 2.858110 -3.495026
