1.614105 1.315450 2.043175
1.659954 1.308026 2.046649
1.708090 1.258899 2.071582
1.688938 1.246972 1.426515
1.623794 1.286122 0.753687
2.237181 1.328429 1.347284
2.245518 1.327810 0.117676
2.175990 0.641720 -0.489399
2.144621 0.661235 -0.480147
2.074375 1.355292 -0.509498
2.054514 1.371670 -0.529584
2.111962 1.344889 0.137666
2.188022 0.627323 -0.475731
0.344077 0.607809 -0.491504
-0.253150 0.605430 -0.531830
-0.245072 0.605709 0.099651
-0.870267 0.593982 0.129216
-0.821813 0.573117 -1.772329
-0.800679 0.558953 -1.764062
-0.169482 0.514371 0.135758
-0.193058 0.467334 0.148256
0.404169 0.435917 0.193872
0.430620 0.420690 0.221559
0.437992 0.416244 -1.075343
-1.483154 1.054854 -1.110969
-1.508445 1.066063 -1.104642
-1.501085 1.746091 -1.057601
-1.475494 1.778525 -1.026110
-0.878493 1.808518 -1.033468
-0.912981 1.812578 -1.033647
-0.917342 1.817488 -0.996869
-1.519710 1.823539 -0.959182
-0.834687 1.832041 -1.611927
-0.846898 1.215021 -2.242925
-0.230960 1.853464 -2.212854
-0.229975 1.262017 -1.488648
-0.200997 1.277761 -1.425470
-0.756061 1.972561 -2.056398
-0.743539 1.990525 -2.035609
-0.106370 1.984739 -1.300612
-0.093848 1.985945 -1.232616
-0.711830 1.971204 -1.235588
-0.699447 1.981040 -0.693505
-0.716703 2.580210 -0.752454
-0.748441 1.938458 -0.769933
-0.765148 1.909333 -0.795692
-1.437199 1.921826 -0.874330
-1.440796 1.982091 -0.262304
-1.441914 2.606468 -0.327474
-0.853994 2.522343 0.278964
-1.450801 2.496117 0.270338
-1.446612 0.569447 0.215344
-1.447340 0.626121 0.122805
-1.457220 0.627709 0.052690
-1.488370 0.543658 0.024103
-1.533168 -0.116924 0.020540
-1.562146 -0.113625 0.012533
-0.277082 0.568330 0.001271
-0.256977 1.165866 0.030014
-0.266520 1.058595 0.097863
-0.299083 1.002643 0.181602
-0.315032 1.037084 0.250056
-0.295782 1.071706 0.294336
-0.298859 1.010070 0.340207
-0.356278 0.919197 1.627401
-0.422740 0.913664 1.675224
-0.427668 0.979701 1.699687
-0.382045 0.997034 1.688015
0.221373 0.918255 1.678802
0.195168 0.850889 1.682430
0.189862 0.894627 1.690831
0.242164 1.042504 1.674877
0.291881 0.444452 1.628745
-0.333849 0.388146 1.588961
-0.400043 -0.272363 1.560438
-0.428468 -0.191792 1.543037
-0.388012 -0.109776 1.525076
-0.337368 -0.084358 1.507733
0.334807 -0.166876 0.904976
-0.307267 -0.215253 0.891926
-0.256438 -0.181764 0.877100
-0.166819 -0.152161 0.859640
-0.123280 -0.189046 0.839799
-0.165406 -0.243912 0.830611
-0.239409 -0.236398 0.182420
-0.256282 -0.172859 -0.415210
-0.214869 -0.123969 -0.370145
-0.180763 -0.747143 -0.342388
-0.175817 -0.153173 0.319733
-0.792816 -0.150808 -2.172633
-0.746719 -0.134494 -2.162764
-0.692242 -0.147285 -2.151737
-0.694061 -0.190284 -0.896447
-0.762691 1.095629 -0.955284
-0.847091 0.483662 -1.610878
-0.890386 0.530566 -1.586534
-0.900261 1.290197 -1.530619
-0.916070 3.037923 -0.889603
-0.950877 2.982147 -0.263246
-0.973470 2.993050 -0.914660
-0.949344 3.002313 -0.882335
-0.907967 2.952138 -0.806176
-0.910762 2.889125 -0.816821
-0.989342 2.885933 -0.245345
-1.725440 2.936752 -0.282713
-1.137938 2.299545 -0.274025
-1.128371 2.270036 -0.909946
-1.121756 1.611136 -0.889996
-0.564090 1.639447 -0.241765
-0.597634 1.671242 -0.234136
-0.569404 1.658276 -0.239524
-0.485482 1.632936 -0.282896
-0.436065 1.620920 -0.334091
0.138453 2.285000 0.307848
0.700254 2.312395 0.945375
0.670168 1.637229 0.907693
0.681734 1.616724 0.277420
0.667029 1.618196 0.901836
0.615895 2.314033 0.305345
-0.015533 2.315674 0.342176
1.322968 1.650587 0.363310
1.426993 1.607628 0.351117
1.467098 1.573938 -0.296027
1.446899 1.569481 -0.285249
1.418039 1.571553 -0.282010
1.407668 1.569575 -0.295601
2.050338 2.192844 -0.301631
2.054137 2.168267 -0.264669
2.056980 2.155937 -0.205673
1.478768 2.130941 -0.167546
1.578040 2.088978 -0.180116
1.672524 2.041464 -0.222902
1.073327 2.011805 -1.453759
1.050385 2.023127 -1.463333
1.023992 2.068148 -1.510108
0.999716 1.509310 -1.592283
1.579436 1.551292 -1.638098
1.523104 1.574141 -1.631429
0.868696 1.614426 -1.609363
0.264415 1.681764 -0.996624
0.341654 1.734312 -1.062216
1.032238 2.389924 -1.122853
1.018366 2.951599 -1.146916
-0.319173 2.891590 -1.160438
0.323441 2.324394 -1.226263
0.319479 2.419442 -1.887365
0.282474 1.832189 -1.916547
0.223070 2.468800 -1.896097
0.826482 1.775832 -1.837051
-0.343135 1.807790 -1.803354
-0.274820 0.560647 -1.822636
-1.586708 0.593806 -0.593418
-1.040933 0.532483 -0.001548
-1.071186 0.465243 -0.609714
-1.069214 0.483904 0.609854
-1.688114 0.575214 1.241510
-1.132909 -0.024854 1.230738
-0.559566 -0.055130 1.233696
-0.544299 -0.750113 1.280527
-0.481408 -0.757342 1.323939
-0.437201 -0.729505 1.339086
-0.449639 -0.731725 1.981813
-0.474305 -0.790805 2.568445
-0.462027 -0.219374 2.610253
-0.408382 0.373094 3.305402
-0.382998 0.403699 3.321183
-1.028737 0.444839 3.301030
-0.437528 0.458048 2.701064
-0.412034 0.447834 2.082273
0.308683 0.441740 2.127549
0.329520 0.457203 2.165877
-0.376150 0.484165 2.178947
-0.402688 0.486921 2.180422
-0.410867 0.452701 2.180448
-0.407270 0.406287 2.188127
-0.431343 1.026488 2.216829
-0.452417 0.371234 1.572332
-0.440262 0.390227 1.564443
-0.420856 0.400475 0.911472
0.212429 0.392947 0.917278
0.198041 -0.261197 1.597618
-0.438444 -0.278444 1.585601
-0.429642 -0.300333 1.535082
0.190362 -0.316829 0.810860
0.172617 0.360567 0.803431
-0.483714 0.352755 1.527759
-0.491945 0.352003 1.543372
-0.496744 -0.290140 1.541181
0.099715 -0.274737 -0.413453
0.069941 -0.880170 -0.397735
0.054662 -0.844743 -0.332203
-1.206544 -0.845443 0.361876
-0.554115 -0.874958 1.585747
-1.211832 -0.884037 0.861120
-1.196627 -0.867414 0.860293
-1.179900 -0.829379 2.214895
-1.137461 -0.787688 2.260752
-1.070517 -0.756000 2.237494
0.361318 -0.691202 1.556019
1.710755 -0.612081 0.918302
1.710139 -0.583608 1.548271
1.706825 -1.314276 1.524016
1.723449 -1.407129 1.470593
1.122887 -1.453401 0.798715
1.140412 -1.464404 1.465682
1.127926 -1.490624 1.519230
1.110138 -1.560067 1.547185
1.123073 -2.283887 1.560025
1.151817 -1.057148 1.594717
1.133413 -0.352591 1.628462
1.676085 -0.352485 1.623396
1.587527 -0.428929 1.572588
1.584676 -0.499394 0.952030
1.644173 -0.499493 0.933729
1.665721 -0.462506 1.582717
1.627477 -0.461254 0.922521
1.605343 -0.497132 0.918181
1.037875 0.126157 0.287030
1.110459 0.190112 0.279258
1.115067 0.269104 0.855620
1.042646 -0.389761 0.811639
2.198836 -0.447331 0.762708
2.212172 -1.792892 0.723768
2.295434 -1.119967 0.701539
2.349307 0.202445 0.698057
2.356569 0.219008 0.724408
2.376252 0.844933 0.768932
2.433058 0.878999 0.197460
2.467203 0.927475 -0.413001
1.092506 1.590189 0.196350
0.932329 0.986787 0.175225
0.206591 1.605078 -1.128177
0.895533 2.222461 -0.552761
0.993223 2.263852 0.673725
1.680162 0.981797 0.658485
1.694548 0.970238 0.682111
2.389515 0.341345 -0.562226
2.475612 0.405866 0.096073
2.523788 -0.161716 2.032189
2.463315 -0.204486 2.055525
2.324762 -0.281625 2.025698
2.205179 -0.334265 0.044693
2.200961 0.329554 1.216316
2.283207 0.374827 1.872202
3.680767 0.355720 1.927501
3.712528 0.308897 1.349820
3.704204 -0.305095 0.694389
3.697311 0.482022 0.689223
3.713030 0.577712 1.373139
3.718501 0.547288 0.755573
3.676700 0.435123 0.747002
2.960086 1.744109 0.675210
2.922491 1.778167 0.612262
2.929690 1.786291 -0.013556
2.973207 1.732788 0.628012
2.367938 1.647094 0.664827
2.367332 1.627929 0.684524
2.326619 1.002623 0.695958
2.277553 1.010239 0.707963
2.236244 1.538470 -0.544386
2.198227 1.442613 -0.550775
2.157955 0.803926 -0.578221
2.118840 1.390116 -1.272441
2.101975 1.395282 -1.302746
2.121958 1.364704 -0.654729
2.178215 1.336824 -0.005623
2.232994 1.378353 -0.638237
2.239844 0.816542 0.054047
2.192573 2.174223 0.037154
2.127155 0.944290 -0.017013
4.019467 -0.346289 -1.322145
3.437504 -0.354853 -1.379710
3.494718 1.545204 -0.809069
2.919638 0.941372 -0.873845
3.537156 0.323602 -0.894385
3.602319 0.321268 -0.863624
3.676038 0.351226 -0.818768
3.682113 0.401182 -0.793197
3.624282 0.417059 -0.782360
3.564222 -0.181521 -0.761726
3.564394 0.453544 -1.351418
2.971283 0.384116 -0.714455
2.497968 0.325846 -0.751650
2.450801 0.251571 -0.768407
1.746571 -1.157902 -1.355726
2.433553 -1.787305 -1.300625
2.479976 -1.127504 -1.280249
3.089309 -1.080004 -1.285550
2.991877 -1.045466 -1.268319
2.890439 -1.686876 -1.213258
2.178246 -1.747011 -1.198515
3.446074 -1.111496 -1.269816
3.406533 -1.116592 -1.376449
2.695316 -1.128403 -0.820378
2.684142 -1.752052 -0.804292
2.731817 -1.677806 -2.068967
2.792336 -0.912246 -2.046864
2.819981 -0.818328 -2.082496
2.806195 -0.148882 -1.510211
2.776107 -0.140889 -0.817657
2.763129 -0.177441 -0.795475
3.416895 -0.160996 -1.544865
3.437647 1.070255 -2.832050
3.477773 1.008168 -2.830489
3.522164 0.977804 -2.759738
3.573669 0.991638 -2.711646
3.617965 1.012635 -3.288522
3.640431 1.680735 -3.261046
3.015470 0.994677 -3.209391
3.559847 -1.594958 -3.792525
2.250122 -0.364664 -4.410483
1.563512 -0.452666 -3.867120
1.549777 -0.519117 -3.313518
1.539111 -0.548239 -2.698609
1.549498 -0.539303 -3.321207
2.247619 0.134018 -2.032672
2.268401 0.159441 -2.012364
2.904472 -0.454035 -1.393981
2.229495 -0.447961 -1.391735
2.886403 -0.471497 -2.016032
2.204616 -0.507240 -2.056120
2.162502 -0.530184 -1.463379
2.112280 -0.515670 -0.806347
2.094818 0.150200 -1.445548
2.113404 -0.507364 -1.433615
0.908284 -0.507657 -2.040641
0.928173 -0.498848 -2.591944
0.940001 -0.482976 -3.222335
0.944497 -1.118850 -3.208884
0.949377 -0.461218 -3.202942
0.963682 -1.201033 -3.197270
0.973660 -0.601348 -3.217109
0.974221 -0.641840 -3.290540
0.959285 -0.672648 -3.946859
1.616817 -0.086128 -3.865400
1.011974 -0.070470 -3.109413
1.046150 -0.627080 -3.043614
1.061807 -1.229008 -3.647873
1.027888 -0.533455 -3.626663
0.973231 -0.522034 -2.978876
0.942035 -0.532908 -2.964267
0.942752 -0.557447 -3.017084
0.946085 -1.214563 -3.103333
0.268303 -1.170417 -3.139650
0.257142 -0.493110 -2.460795
0.267235 -0.421879 -2.405973
0.302368 -0.988557 -2.418266
0.338466 -0.388797 -2.500559
0.363222 -0.375901 -1.993821
1.062637 -0.358141 -1.978619
1.051778 -0.351514 -1.303009
0.439507 0.242158 -1.340182
1.033585 0.188916 -1.436091
1.034305 0.152829 -1.482878
0.372093 0.750454 -1.413152
0.369959 -0.488336 -1.298916
0.391573 -1.144201 -1.251152
0.437910 -1.134845 -1.284341
0.487133 -0.428100 -1.936928
-0.167577 -0.367454 -1.903357
-0.183162 -0.330030 -1.862426
-0.225118 -0.346607 -1.237155
-0.248103 0.882098 -1.274771
-0.230466 0.877483 -1.296673
-0.197143 0.260267 -1.230733
-0.181045 0.955167 -1.152150
-0.194317 -0.200902 -1.138353
-0.194662 0.456156 -1.772991
-0.168569 0.459540 -1.764892
-0.150052 -0.096807 -1.688762
0.485205 -0.072304 -1.053869
0.392097 0.534909 -1.096369
0.297929 0.442878 -1.147736
0.251409 0.370165 -2.399685
0.257342 -0.900296 -2.965223
0.921673 -0.860754 -2.962256
0.921843 -0.147744 -3.049793
0.923046 -0.154988 -3.105963
0.273764 -0.186647 -3.681326
0.937952 -1.484755 -3.597502
0.911144 -1.498209 -2.349217
0.872451 -1.551277 -2.435718
0.182431 0.288326 -2.479675
0.896278 0.830379 -2.415819
0.298992 0.827520 -2.313587
0.346290 0.853893 -2.303757
-0.293599 0.882588 -2.378252
-0.255728 1.561038 -2.433784
-0.222705 0.940880 -2.419191
-0.210225 2.306576 -2.394330
-0.239319 2.981439 -2.448458
-0.271261 2.960895 -2.560529
0.367751 2.908688 -2.641579
-0.295853 2.854616 -2.649199
-0.947834 2.852186 -2.648022
0.352514 2.906332 -2.705504
0.349946 2.980890 -2.785482
0.368960 3.050021 -3.467729
0.400272 3.091045 -3.427080
0.417125 3.130910 -2.806713
0.407057 2.502614 -2.814898
0.400084 2.506646 -2.867795
0.388094 3.669643 -2.902128
1.071398 4.216400 -2.269565
1.041169 3.550989 -2.268768
0.999263 3.541603 -1.655437
0.978114 2.938099 -2.882256
0.987392 2.931814 -2.857053
1.001757 2.913946 -2.808546
0.986500 2.917531 -2.716868
0.964537 2.921490 -2.669451
0.968011 2.906612 -2.668224
-0.265626 2.847425 -3.361565
-0.247337 2.161405 -3.371153
0.383593 2.125266 -2.697233
0.359579 2.158162 -2.064254
0.324553 0.980235 -1.396837
0.346193 1.025436 -1.371274
0.335539 1.052864 -1.943171
0.957616 1.074178 -1.884345
0.929649 1.115946 -1.828953
0.917869 1.166565 -1.804065
0.857596 0.467237 -0.564744
1.532691 0.445546 -1.919463
1.520183 1.027600 -1.950157
1.524280 1.011019 -1.939272
0.189192 1.034310 -1.935426
-0.500106 1.669657 -1.995948
-0.518063 1.658158 -2.721942
0.140279 1.630692 -4.043215
0.128353 2.234449 -4.029722
0.106084 2.260450 -4.020135
-0.582488 1.665635 -4.065343
-0.630097 2.280219 -4.121744
-0.663412 2.212179 -4.109639
-0.651433 1.581237 -4.022600
-1.275911 0.963388 -3.961394
-1.270430 0.945034 -3.978720
-1.266881 0.893255 -4.008158
-1.233470 0.840500 -4.611464
-0.530673 0.839156 -4.493453
-0.516277 0.856789 -4.402080
-1.204432 0.851622 -4.393184
-1.244759 0.208500 -4.411435
-0.611962 0.154442 -3.736415
-0.606802 0.128930 -3.647482
-0.642696 0.725964 -3.609553
-1.384417 0.716805 -3.658406
-1.426411 0.710206 -3.720010
-0.745171 0.707481 -3.712812
-0.687482 2.077544 -3.680633
-1.252225 2.109539 -3.705025
-0.566629 1.498050 -4.410495
-1.155547 1.530564 -3.807462
-1.055794 1.539428 -3.780106
-1.014878 1.541161 -3.748967
-1.789535 1.538724 -3.774658
-1.237057 1.554036 -3.814272
-1.168280 0.916745 -3.797255
-1.657553 0.881432 -3.737037
-1.616774 0.898221 -3.724746
-1.688687 1.512920 -3.765991
-1.750509 3.400197 -3.170508
-1.730064 3.407579 -3.128146
-0.358237 3.393487 -3.066228
-0.329136 4.022153 -3.055024
-1.034919 4.028178 -1.853172
-1.063126 3.457548 -1.818068
-1.031181 3.506060 -1.745806
-1.016071 3.481330 -1.054370
-0.407856 3.457864 -1.724682
0.153565 3.468059 -1.772667
2.141887 3.483455 -1.792123
2.162616 2.804993 -2.416075
2.163375 3.392964 -2.439290
2.142329 3.383091 -2.481621
1.460837 3.422005 -2.510644
1.459846 3.453180 -2.501367
1.464598 3.424499 -2.480889
1.432548 2.719495 -2.459482
1.376028 2.738544 -2.439589
0.712709 2.824030 -2.419812
0.747292 2.299049 -1.804424
0.798140 2.300659 -1.818615
0.800778 2.293903 -1.836202
0.757446 2.346382 -1.831062
0.708802 1.158687 -1.799714
0.695018 1.174417 -1.756937
0.689872 1.759484 -1.727571
1.306354 2.411949 -1.716112
1.266154 1.816381 -1.709988
1.240023 1.816882 -1.703386
0.613423 1.815998 -1.697461
0.628943 2.392575 -1.724238
0.634921 2.404570 -1.775004
0.635601 2.441478 -1.801037
0.642980 2.465561 -1.788032
0.661157 2.461871 -1.759711
0.658144 2.467637 -1.760854
0.633277 2.495356 -1.781946
0.607576 2.517595 -1.789023
0.621253 1.897780 -1.764392
0.666024 1.835505 -2.375905
0.067258 1.795641 -2.401924
0.036820 1.820056 -2.461971
-0.013804 1.876865 -2.494418
-0.000469 1.906004 -2.477907
-0.550613 1.860501 -2.459502
-0.522927 1.793246 -2.476307
0.052191 3.139574 -2.514911
-0.029952 3.177284 -2.546496
-0.049115 3.825051 -2.557789
-0.001417 1.858255 -2.575163
0.023864 1.766492 -1.359606
-0.030585 1.743179 -1.408705
-0.102437 3.768816 -1.456124
-0.762689 3.900047 -1.487433
-0.091585 2.688825 -1.508787
-0.058570 3.969755 -1.524448
-0.118059 3.938945 -1.540442
-0.201291 5.166641 -1.550412
-0.189180 5.194223 -1.553677
-0.104212 6.449498 -1.559475
-0.047725 5.765668 -1.565439
-0.077586 5.732340 -1.575177
-0.763367 5.724830 -0.961753
-0.050093 5.750934 -0.954442
0.027197 5.762205 -0.936825
-0.609672 5.093535 -0.893665
-0.641482 4.996920 -1.437197
-0.685198 4.299772 -2.019756
0.008111 5.551258 -2.016635
0.081917 4.925571 -0.728312
-0.559481 4.920288 -0.768188
-0.571467 4.269616 -0.793105
0.044005 4.266594 -0.827444
0.089693 3.719549 -0.882992
0.153648 1.311315 -0.948080
0.164599 1.363216 -0.968957
0.772258 1.334020 -0.941568
0.781263 1.307221 -0.898906
0.855860 1.961205 -0.872703
0.917955 2.019582 -0.884940
0.905261 2.666260 -0.918746
0.854535 1.950573 -0.944689
0.872882 1.899632 -0.947903
0.968704 1.945313 -1.566052
1.025187 2.032325 -1.579755
0.377277 2.672656 -1.613841
0.310820 2.576029 -1.613618
0.333570 1.816078 -1.553140
-0.208193 3.081269 -1.486397
0.491729 3.051578 -1.488607
0.361619 3.580406 -1.560987
0.279183 0.897666 -1.625148
0.918789 1.468409 -1.632501
0.943591 0.875387 -1.569972
0.894992 1.591206 -1.621114
0.122162 1.623900 -1.707345
0.018864 0.306888 -1.088657
0.042608 0.300511 -0.414092
0.105360 0.990344 -1.011667
0.748160 1.063129 -1.643636
0.673452 1.761951 -1.050678
0.648473 1.749396 -1.087621
0.732116 1.720799 -1.095697
0.826707 1.738773 -0.476489
0.818970 1.812914 -0.549204
0.727500 1.853288 -0.594388
0.679738 1.209328 -0.611332
0.740732 1.136591 -0.603502
0.812648 1.098573 -1.179457
0.787298 1.135912 -1.186908
0.701672 1.159292 -1.196575
0.678896 1.128846 -1.793370
-0.556174 1.067292 -1.713583
-0.539381 1.696832 -1.675583
-0.612523 1.112422 -1.703760
-0.073549 0.503312 -0.482896
-0.060167 0.497394 -0.438711
0.010689 1.117263 -0.353954
0.040420 1.132351 -0.935203
-0.003831 1.827361 -1.615289
0.590531 1.263098 -1.621242
0.645066 1.284529 -1.580527
0.739108 1.275969 -1.538780
0.067924 0.641844 -1.558884
0.602922 1.977741 -0.952896
0.580545 2.005102 -1.030016
0.651564 2.026252 -1.061920
0.709756 1.263353 -1.048131
1.278471 1.221555 -1.042470
1.188630 1.234712 -0.415901
1.185876 1.248109 -1.126577
1.293731 1.225204 -1.120373
0.738917 1.802205 -1.101434
0.713812 1.798230 -1.121773
0.623848 1.839989 -1.192021
0.598526 1.870526 -1.262029
0.651911 1.831493 -2.475447
1.338848 1.747631 -1.844814
1.326921 2.394151 -1.815835
1.282935 1.837190 -1.221249
1.920831 0.568490 -1.204421
1.955862 -0.075449 -1.175811
1.968342 -0.103602 -1.139257
1.951479 -1.377353 -1.121215
1.312687 -1.341699 -1.130671
1.282917 -1.340612 -1.149828
1.256634 -1.399331 -1.162418
1.251479 -2.137505 -1.159350
1.247287 -2.131504 -1.150064
0.587235 -1.441544 -1.132344
-0.674175 -1.454434 -1.095438
-0.735854 -1.502706 -1.039366
-0.794956 -1.525496 -1.008469
-1.472666 -1.505656 -1.018577
-1.494179 -0.862798 -0.382599
-1.535188 -0.893522 -0.382754
-1.569813 -0.942869 0.272534
-1.569446 -1.596414 0.270339
-0.893566 -1.538903 0.242658
-0.886009 -1.478469 0.238915
-0.884481 -2.101427 0.288943
-0.223160 -2.109676 0.355669
-0.250745 -2.074792 0.370217
0.413700 -1.988621 0.323174
0.450474 -1.938027 0.266546
1.154891 -1.957833 0.250011
0.548203 -2.655381 0.271044
-0.065469 -2.695280 0.272908
-0.033100 -2.680165 0.222750
0.002240 -2.663247 1.515373
0.684449 -2.690710 1.544067
0.705686 -2.749221 1.619580
0.010175 -1.438565 1.655885
-0.059943 -1.403178 1.601531
-0.117604 -1.378977 1.512806
0.539506 -1.388989 1.483653
-0.106518 -0.115545 1.530630
-0.178217 -0.111736 2.170381
0.354400 -0.070230 2.102990
0.305836 -0.022237 2.027914
-0.299637 -0.004296 1.401171
-0.278961 -0.710539 1.518729
-0.295177 -2.709535 1.582887
0.374885 -2.015581 1.535132
0.393141 -1.991642 1.457262
0.459679 -2.025464 1.462389
0.527122 -3.475057 1.529635
0.550524 -2.900471 1.552261
0.526008 -2.913888 1.504441
0.506039 -2.196450 0.828490
0.525081 -2.114270 0.903647
0.557966 -2.056113 1.008645
-0.131210 -2.043477 1.022936
-0.165892 -2.026433 1.637432
-0.169421 -1.974097 1.575496
0.467434 -1.924107 1.578652
0.502284 -1.926163 1.598816
0.482161 -1.975338 1.561855
1.086578 -1.979044 1.481720
-0.264168 -1.228955 1.448677
-0.212288 -1.154485 1.499087
-0.158483 -1.162150 1.540944
0.433898 -1.233643 2.157330
0.349725 -0.643355 2.089737
-0.909561 -0.636756 0.766269
-0.250737 -0.658879 0.135336
-0.208145 -0.764959 0.792851
-0.233641 -0.263809 0.740718
-0.921830 -1.474646 0.690892
-0.931891 -2.093762 1.406665
-0.881770 -2.096309 1.497156
-0.840641 -2.142104 1.534500
-0.866382 -2.183643 1.495981
-0.237535 -2.797831 0.796024
-0.232021 -2.736012 0.834944
-0.798414 -2.719491 0.255761
-0.787888 -2.770808 -0.335784
-1.472349 -2.827054 -0.366107
-1.507813 -2.129746 -0.388355
-3.316733 -2.049308 -0.351422
-2.629369 -2.009434 -0.303202
-2.613043 -2.070238 -0.314872
-2.662149 -2.157050 -1.789528
-2.724478 -2.182386 -1.199578
-2.720366 -2.164848 -1.242649
-2.659034 -2.180799 -0.614922
-2.632849 -1.590843 -0.668365
-2.024917 -1.639403 -0.737557
-2.060699 -1.632267 -0.773191
-1.395313 -1.591920 -0.747592
-1.330913 -1.573644 -0.725118
-1.312287 -1.589137 -0.094031
-1.361895 -1.642252 -0.138758
-1.422534 -1.623079 0.519479
-1.411108 -1.593716 -0.128941
-1.354386 -0.924900 0.507737
-1.349348 -0.898984 -0.123459
-2.051666 -0.872854 -0.088149
-2.112523 -0.849740 -0.696879
-2.084176 -0.825312 -0.611331
-0.672129 -0.795249 0.087839
-0.644970 -1.358236 0.732390
-0.628905 -1.363122 0.108117
-1.339469 -0.826774 -0.478151
-1.306594 -0.946463 -1.682162
-1.864925 -1.017985 -0.954307
-1.246860 -1.001457 -0.269285
-1.265829 -1.596080 -0.262084
-1.276562 -2.255309 0.394027
-1.240152 -2.265039 -0.169447
-1.175405 -2.220957 -0.128684
-0.477134 -2.132671 0.464563
-0.477701 -2.741411 0.383842
-1.151356 -2.781336 0.367156
-1.148345 -2.860606 0.370144
-1.130455 -2.882313 0.386253
-0.475725 -2.839562 0.995806
-1.162502 -2.822222 0.946815
-1.224880 -2.845752 0.346231
-1.244219 -2.178306 -0.220777
-0.560021 -1.461216 -1.532932
-0.524907 -1.429814 -1.641759
-0.548229 -2.088289 -1.713638
-0.618900 -2.152207 -1.726357
-0.661661 -2.209486 -2.326330
-1.271772 -1.592995 -0.939881
-1.211355 -2.236540 -0.947794
-0.575114 -2.257502 -1.680656
-0.685914 -1.002735 -2.305354
-0.133239 -2.857037 -2.227769
-0.118085 -0.880845 -1.560475
-0.074749 -0.861281 -1.597325
-0.090903 -0.891604 -1.646579
-0.164708 -0.883089 -2.268799
-1.507306 -0.850796 -2.229362
-0.785066 -0.195850 -2.153270
-0.707319 -0.287411 -0.889341
-0.136268 -0.366498 -0.953457
-0.887515 0.898602 -1.610356
-1.593289 0.952815 -0.912806
-0.826704 0.356008 -0.837321
-0.729003 0.323988 -0.184177
-0.741356 0.321496 -0.881811
-0.814176 0.361921 -0.934321
-1.416968 0.358418 -1.499327
-0.711399 0.255858 -0.805689
-1.325318 0.133118 -0.781912
-1.403116 -0.549944 -0.826192
-1.507969 -0.520965 -0.852065
-0.920048 -0.504514 -0.794108
-0.212278 -0.569846 -0.698235
-0.163705 -0.613778 -0.699017
-0.201040 -0.606737 -0.789597
-0.265017 -0.563105 -0.846975
-0.268453 0.089768 -0.179049
-0.210069 0.023488 -0.133532
-1.500412 -0.015279 -0.170377
-1.496871 1.955549 -0.912840
-2.169844 2.020985 0.274898
-1.531393 1.354620 0.926068
-1.521044 1.348800 2.220393
-1.479171 1.385322 2.204837
-1.449640 1.469513 1.483028
-1.468779 1.532454 1.423926
-2.174318 1.523441 2.097857
-2.872721 1.490838 2.145094
-2.852155 0.861578 2.150591
-2.156099 0.896724 1.451298
-2.161150 0.912738 1.451332
-2.832709 0.886206 2.175126
-1.474359 2.107538 2.246389
-1.338818 1.552881 1.609952
-1.235283 2.243163 1.578072
-1.233922 2.239618 0.903510
-1.281993 2.166930 1.567497
-1.279989 1.432811 2.205993
-1.913107 1.399659 1.600990
-1.251810 1.397944 1.633567
-1.932626 1.390599 1.019423
-1.981799 1.368564 1.068545
-1.356871 1.369827 2.407765
-0.652937 2.078824 1.771306
-0.601958 2.148165 0.492229
-0.620775 2.185258 0.468098
-0.631342 2.178096 1.067022
-0.588275 1.538735 1.734081
-0.560540 1.557741 1.128197
-0.612310 1.574995 1.120084
-1.337057 1.583828 1.748012
-0.747297 1.549249 2.407016
-0.711661 1.570038 2.414287
-1.290274 1.617021 1.748294
-1.316042 1.010892 1.098794
-1.369805 1.010381 1.055246
-1.371670 1.010735 1.667749
-1.341395 1.603205 1.631721
-1.362578 0.924116 1.579597
-1.433563 0.853866 1.554403
-1.487426 1.434204 0.929943
-1.469423 1.390209 0.952733
-0.808274 1.416466 0.926461
-0.818561 1.529623 0.873765
-0.853379 0.253875 0.866032
-0.850374 1.492740 0.912792
-0.779331 2.154991 0.319841
-0.732706 0.997377 0.925815
-1.391764 1.043690 0.913908
-2.117297 1.001260 1.593660
-0.902139 0.938190 0.446369
-0.208602 0.952453 0.494102
-0.215834 1.693388 1.086672
-0.907281 1.726427 1.677325
-0.954615 2.941976 1.716311
-0.904609 2.882197 0.549794
-0.783881 3.543479 0.571574
-0.104247 4.258454 1.148170
-0.824811 2.361824 1.100083
-0.906115 2.916830 1.147539
-0.222622 2.256418 0.573774
-0.128389 2.257975 1.204525
-0.114198 1.719712 1.095323
-1.419966 1.108246 1.021571
-1.486336 1.071117 1.042571
-0.164935 -0.144475 1.076330
-0.179014 -0.146833 1.032609
-0.194807 -0.754263 0.947508
-0.213618 -0.766837 0.937684
-0.199592 -0.807623 1.019578
-0.125923 -0.846070 1.094148
-0.053292 -0.838367 1.089336
-0.019515 -0.811930 1.051763
-0.008932 -0.785796 1.060219
0.018537 -0.768762 1.097762
0.073233 -0.763950 0.431919
0.109753 -0.760633 0.405990
0.117101 -0.782436 1.059719
0.114708 -0.813403 1.101218
0.136355 -0.851522 1.154872
0.188474 -0.261096 1.797236
0.215994 -0.295723 1.787952
0.209282 -0.322988 0.538740
0.189873 -0.320827 1.223349
0.187871 -0.902851 2.543808
0.194081 -1.501989 2.514459
0.160716 -0.845550 2.477540
0.692717 -0.905270 2.462026
0.629367 -0.918923 2.445362
0.609692 -0.919235 2.381603
0.610376 0.296295 2.289531
0.586538 0.915293 2.249467
0.553791 0.896786 1.619243
0.546077 0.893378 1.655573
0.565324 0.935361 1.639844
0.569674 1.001612 0.967260
0.549654 0.472132 0.973978
0.546308 0.487347 1.013770
0.568417 0.509189 1.033016
0.582919 0.537637 1.006985
-0.054138 0.547440 0.955761
-0.076963 0.536073 0.930394
-0.052075 0.519032 0.943341
-0.014871 0.532078 0.972056
0.612620 0.567519 0.998899
-0.080980 -0.036329 1.000220
-0.113406 -0.033465 0.981020
-0.069441 0.609826 0.972246
-0.012274 0.637610 0.986206
-0.018554 0.005814 0.994078
-0.084952 0.579278 0.960506
1.117303 0.543177 0.919394
1.159400 1.200460 0.911407
1.207587 1.203590 1.567682
0.585833 1.224582 1.608750
0.531331 1.238154 1.620475
1.130411 1.867494 0.998644
1.200873 1.203645 1.610010
-0.072131 0.585428 2.281303
-0.077786 -0.058885 2.972227
-0.138690 -0.105039 2.950976
-0.170677 -0.175979 2.917445
-0.144184 -0.881944 2.933573
-0.108672 -0.298328 3.020543
-0.123377 -0.327848 2.468160
-0.192598 0.340385 2.454550
-0.238936 -2.164468 2.411703
-0.229098 -2.157168 2.434444
1.146476 -2.164331 2.516588
0.467442 -2.179073 2.553776
1.124382 -2.199290 2.499574
1.150269 -1.604984 2.432387
1.190173 -1.597086 2.443873
0.580561 -1.581770 2.514811
1.243609 -1.587499 2.538539
0.663867 -1.589998 2.471862
0.699938 -2.228028 2.387843
0.733775 -1.557656 1.775802
0.756973 -0.946888 1.808394
0.780800 -0.964662 1.790619
0.792069 -1.012414 1.694116
0.793593 -0.451225 1.621931
0.806101 -0.472299 1.664577
0.831343 -1.072690 1.778649
0.834573 -0.457620 1.839321
0.798112 -1.136517 1.820386
1.375356 -1.144504 2.456747
0.671559 -1.136707 2.515592
0.643304 -1.125878 2.609860
0.599639 -1.137355 2.616340
0.533834 -1.200352 2.528306
0.485257 -1.293803 2.472221
0.486100 -1.347092 2.525612
0.495703 -0.649847 2.629369
0.466430 -0.590856 2.656014
0.402983 -0.551872 2.593568
0.361525 -0.535077 2.540507
0.378436 -0.508225 2.566361
0.405643 -0.461330 2.620976
0.391343 -0.423627 2.593178
0.336383 -0.457002 1.823394
0.304284 -0.558000 1.126201
-0.305317 -0.637118 1.143548
-0.240897 -0.618907 1.179367
-0.220130 0.133374 1.168285
-0.256902 0.174360 1.116848
-0.278921 0.154580 3.002578
-0.240586 0.152563 2.977159
-0.802362 -1.047428 2.934194
-0.184668 -0.279956 2.904444
0.416362 -0.899352 1.632232
-0.797426 -0.988393 1.672034
-0.736959 0.194428 1.688020
-0.694418 0.217736 1.675993
-0.043835 0.274699 1.662184
-0.038834 -0.303382 1.676809
-0.026312 -1.511189 2.336048
0.002270 -2.117661 2.310307
0.020359 -3.233215 2.245657
0.022922 -3.096465 2.832914
0.015214 -3.065890 0.875720
0.021630 -1.330756 0.916935
0.057326 -1.401123 1.552866
0.092792 1.183497 2.188632
0.107037 1.853921 2.154190
0.109488 1.915337 0.913329
0.116599 1.310724 1.565074
0.128948 1.287604 1.530314
-0.543555 0.669847 1.455180
-0.585413 1.969717 2.064532
-0.632492 1.980689 2.079247
-1.972212 1.916093 2.731330
-2.006230 1.191793 2.735786
-2.012137 1.127871 2.708719
-2.007842 1.147547 2.064800
-2.016512 0.562422 2.045833
-2.643363 0.516695 2.089997
-2.644073 0.508183 2.758300
-2.641501 1.202508 2.751578
-1.414136 0.603615 2.759543
-1.415094 0.626607 2.175579
-2.043804 0.579344 1.571917
-2.026533 0.499204 0.276857
-1.995889 1.111963 0.276631
-1.966392 1.109933 0.279437
-1.955957 0.488128 -0.352476
-1.954843 0.496881 0.333366
-1.954155 0.526362 1.053972
-1.359236 0.565053 1.026188
-1.394849 1.814403 0.985076
-1.422016 2.417701 0.329130
-1.417385 2.372277 -0.305128
-2.660959 2.327663 -0.834262
-3.279502 2.288420 -0.817014
-3.273949 2.257611 -0.822671
-3.272957 2.237378 -0.840003
-3.251390 2.870716 -0.826360
-3.206342 2.941544 -0.827321
-2.507084 1.770918 -0.208203
-1.905607 1.179216 -0.266876
-1.964925 1.191011 -0.960429
-1.983893 1.203169 -0.944451
-1.959300 1.209112 -0.932404
-2.574374 1.194395 -1.614213
-2.584377 1.160256 -1.611181
-3.251744 1.140950 -0.897665
-3.867962 1.181926 -0.887484
-3.855849 0.591371 -0.883698
-3.866904 0.625070 -0.261684
-3.919755 0.626031 -0.948690
-3.992595 -0.015573 -0.357808
-4.042789 -0.005755 -1.692008
-4.076193 -0.023787 -1.694445
-4.116584 -0.085860 -0.391559
-4.185227 -0.150796 -0.332376
-4.241717 -0.180254 0.312902
-4.243513 -0.161876 0.317653
-4.222171 0.493960 0.345223
-3.584856 1.207136 1.041883
