-1.518056 1.490649 1.187445
-1.484544 1.595292 1.179247
-2.189150 1.689809 1.784834
-0.968842 1.678271 1.757519
-0.308738 0.977599 1.741350
-0.227931 1.677936 1.731281
-0.153969 1.756776 1.725512
-0.839049 1.783019 -0.222411
-0.914054 1.711738 -0.215081
0.391371 1.624501 -0.797106
0.423548 1.607561 -0.753709
1.062113 1.638593 -0.087971
0.290470 1.632917 -0.115691
-1.132082 0.934658 -1.438835
-1.799849 2.180195 -1.994837
-1.752437 2.151335 -1.945243
-1.719841 2.153532 -1.909809
-1.777681 2.151452 -3.101382
-1.874021 1.489010 -3.059233
-1.263030 2.806118 -3.006864
-1.220637 2.857932 -2.968846
-1.189577 2.235425 -2.964297
-1.857527 2.247301 -2.983655
-1.923728 2.254844 -2.977132
-1.951422 2.905282 -2.952384
-1.902470 1.668606 -2.926992
-1.822013 1.660355 -2.934595
-2.429933 1.679459 -2.929840
-2.415773 2.344923 -2.889130
-2.380835 2.348206 -2.861855
-2.308764 1.686982 -2.881949
-2.245462 1.640449 -2.947575
-2.250414 1.627392 -2.977737
-2.305756 1.617511 -2.948572
-2.342895 1.499738 -2.921021
-1.705761 1.487912 -1.666127
-1.026444 1.486326 -1.084577
-0.410062 1.510333 -1.069245
-0.444455 1.532562 -0.978384
-0.433041 1.510754 -0.917238
-0.385195 1.450320 -0.933032
-0.375953 1.396196 -1.609804
0.190742 1.371633 -1.604837
0.760849 1.376602 -1.561561
0.750160 1.396939 -1.562781
0.812213 1.404008 -0.350337
0.824034 1.399775 -0.414505
0.154891 1.412649 -0.397444
0.165887 0.770932 -0.319163
0.201102 0.801987 -0.274950
-1.023819 1.995862 -0.286752
-1.011588 2.627194 -0.296373
-1.027220 1.954436 -0.261855
-0.380197 1.343567 -0.213828
-0.345842 3.308398 -0.228306
-0.923816 3.285421 -0.300703
-0.265074 3.918276 0.306085
0.392375 2.065430 0.324484
0.391805 2.773673 0.385991
0.433498 2.136675 0.397544
0.471645 2.131875 -0.285402
0.445870 1.500636 -0.304832
0.380533 1.535837 -0.279527
0.350879 1.572571 -0.887265
-0.273575 1.598619 -3.051620
-0.290402 1.611105 -1.867840
-0.358109 0.887359 -1.880949
0.219974 1.531860 -1.815032
0.216246 1.542288 -1.746662
-1.078939 2.249868 -1.746077
-0.442740 3.516109 -1.782331
-0.517798 3.452207 -1.768613
0.652904 3.387660 -2.946347
0.025967 3.354806 -2.914216
0.055983 3.351908 -2.972086
0.041120 3.979939 -3.035690
-0.017814 3.973240 -3.018963
-0.043113 3.962368 -2.950295
0.634565 3.332833 -2.904559
1.348542 2.724323 -2.919900
1.372623 2.101337 -2.946204
1.324911 1.442779 -2.282484
0.687985 1.384339 -1.542314
0.734807 1.391827 -1.501153
0.803801 0.828487 -1.552238
0.827051 1.541226 -1.639257
1.438209 1.561617 -1.032578
1.499586 0.910913 -0.983943
0.999031 0.268575 -0.945568
1.087284 0.981498 -1.580380
0.467940 1.038470 -1.611367
0.460432 1.680325 -1.601585
0.472606 2.262873 -0.935349
0.478826 1.002587 -0.934264
0.432462 1.016206 -1.634605
0.338980 1.044862 -2.288671
0.271093 1.026645 -2.291463
0.286810 0.996329 -2.292916
0.349672 1.008509 -2.330188
0.369738 3.000376 -2.387907
-0.931732 3.051263 -2.419566
-1.567915 3.029931 -2.410755
-1.571150 2.335040 -2.399324
-0.949699 2.282126 -2.404823
-0.354180 2.258632 -2.418937
0.209153 2.869487 -2.424201
0.165079 2.839129 -1.782778
0.221217 2.828582 -1.766712
0.326172 2.851317 -1.758348
0.384971 2.901419 -1.729223
0.403731 3.560686 -1.665223
-0.237463 2.855400 -0.968539
0.422933 2.839042 -0.949143
0.468744 2.184837 0.978656
0.450513 1.552023 0.960329
0.381500 2.181287 0.969840
0.344910 1.447893 1.605040
0.392182 2.046567 1.574878
0.461438 2.055378 1.535786
0.476996 2.086882 1.534783
0.432132 1.457693 1.569971
0.382077 1.459031 1.582518
0.361649 1.485926 1.538598
0.355460 2.159173 1.462982
0.336009 2.170670 1.413118
0.300155 1.510755 1.388215
0.279349 1.459039 1.354794
0.924096 1.425588 0.693946
0.979023 2.081949 0.694607
-0.328799 2.098986 -0.504755
-0.933774 2.711954 -0.427258
-0.927090 2.703875 -0.366119
-0.936681 2.108692 0.264303
-0.966186 2.152557 0.273792
-0.999520 2.191671 -0.348449
-1.021633 0.883726 -0.340233
-1.019417 0.824471 0.287096
-1.011627 0.810293 -0.362736
-1.001473 0.822724 -0.367144
-0.956559 0.859136 0.315632
-0.921780 0.832731 0.368204
-0.917885 0.796808 0.392812
-0.953600 0.812156 0.984287
-1.652126 1.511290 0.233883
-1.040246 0.901390 -0.432727
-0.456438 0.220751 -1.063246
-0.467447 0.167540 -1.068745
-1.066079 0.133978 -1.117123
-1.055844 1.453930 -1.170132
-1.033539 1.451860 -1.167331
-1.002898 0.783787 -1.093362
-0.969842 0.769237 -0.415699
-0.955346 1.447525 -0.447306
-0.968440 0.906530 0.762741
-1.627779 0.961504 0.724187
-1.637397 0.976741 0.730584
-1.648481 0.306066 0.085283
-1.654108 0.958020 0.670960
-0.392426 1.001194 1.167047
-1.632719 0.998838 1.189629
-0.402326 0.956485 -0.013575
-0.354270 1.540015 0.001189
-0.338307 2.243852 0.008122
-0.387133 2.305601 0.009532
-0.476859 2.328564 0.617838
-0.556445 2.322690 0.026110
0.004132 0.490627 -1.149837
-0.017361 1.182329 0.051792
-0.021866 0.570028 0.027647
-0.025561 1.733849 -1.146525
0.634297 1.646068 -1.025842
0.691731 0.360891 -0.943144
0.725528 0.393511 1.498851
0.721059 0.418971 1.439887
0.703567 -0.260482 0.241712
0.701863 -2.903878 0.291404
0.114352 -2.305453 2.853566
0.143179 -2.930936 2.771386
-1.061203 -2.923648 1.505341
-1.021679 -1.739027 1.480476
-1.019711 -1.163331 1.495680
-0.999793 -1.769303 1.527731
-0.935528 -1.111701 1.560088
-1.452434 1.487580 0.906947
-1.437403 1.454806 1.571995
-1.478334 1.408823 1.592962
-1.506727 1.410360 1.591600
-1.485644 1.447676 1.588268
-1.452469 1.451656 1.572900
-2.168978 2.041264 1.595364
-2.205304 0.689354 1.671134
-2.202718 0.736363 1.758819
-2.167384 1.453635 1.150235
-2.167408 1.474136 1.136068
-2.853664 0.810536 0.492177
-2.943492 1.950553 0.523274
-2.976651 1.344973 0.547102
-2.961545 1.437031 1.148499
-2.973165 2.141932 2.235627
-3.033791 2.149834 1.652486
-3.091392 1.518254 2.345962
-4.288135 1.579559 2.367741
-4.208066 2.275138 2.348965
-2.124553 1.726676 2.311256
-1.515663 1.710523 2.286658
-1.559546 2.291525 2.230763
-1.558568 2.321467 2.223068
-1.533896 1.757154 1.514761
-1.493120 2.364146 0.896387
-1.507196 2.298724 0.963874
-1.540033 1.633168 1.065210
-2.141596 0.989225 1.724788
-2.099824 0.994715 1.684504
-2.093228 0.345712 1.612270
-2.152319 0.919000 1.587855
-2.230110 -1.655670 2.255692
-2.264203 -2.265854 2.228943
-2.260851 -1.581180 1.586774
-2.219215 -2.257823 1.573339
-1.636127 -2.314650 2.870363
-1.639944 -1.005830 2.278783
-2.269887 -0.321868 2.276234
-2.294659 -0.233647 2.229800
-3.561522 0.439754 2.175181
-3.545488 0.406160 2.755797
-2.253290 -0.295222 2.709267
-2.282242 -0.259405 2.035732
-2.964174 -0.209414 1.990179
-4.167897 -0.841637 2.625650
-4.157666 -0.907008 2.680787
-3.459103 -0.333220 2.712947
-3.396417 -0.326258 2.076713
-3.352429 -0.288246 1.413539
-3.348763 -0.880734 1.372402
-3.367378 -0.299570 2.003853
-3.385233 0.891899 1.955283
-2.122479 -0.400363 1.904648
-2.175185 -0.319378 1.893857
-2.853839 -0.286729 1.942024
-2.881183 -0.308186 2.029814
-2.869604 0.277230 2.094348
-2.844595 0.328903 2.109353
-2.172889 0.370835 2.101244
-2.158089 0.383311 2.095278
-2.174962 2.864758 2.745739
-2.203339 2.137324 3.326101
-2.239047 2.093421 3.866355
-2.909313 1.497936 3.240897
-3.572394 2.073378 3.265411
-3.552923 2.026160 2.686179
-3.504782 0.872843 2.742397
-3.469855 0.844253 2.775142
-3.466180 0.186544 2.776383
-3.473644 0.153664 2.738112
-2.806006 0.828122 2.712896
-2.140096 0.777399 2.620431
-2.190163 0.730447 2.539516
-2.288075 0.727308 3.832661
-2.341597 0.749598 3.883995
-2.294343 0.773498 3.941896
-2.200562 0.768664 3.947767
-3.389633 0.796415 3.932896
-4.016115 0.860166 3.287557
-3.988576 0.282994 3.243904
-3.931820 0.300657 3.152806
-3.905332 0.265060 3.112365
-3.963137 0.222081 3.705326
-4.059993 1.450269 4.301694
-2.899484 0.887859 2.522227
-2.211405 0.912141 2.562976
-2.146327 0.817755 2.585749
-1.509349 0.700613 2.574485
-2.149032 0.667120 2.530514
-0.979694 0.736117 2.475093
-0.937038 1.318371 1.221432
-0.950617 0.004092 1.230255
-0.415324 0.634450 1.231622
-1.139660 1.256862 3.080214
-1.196624 0.659070 3.075737
-0.550575 0.694987 2.480958
-0.502680 0.720956 1.289711
-1.122032 0.104161 1.298769
-1.731904 0.037229 1.252011
-1.670229 0.049587 1.195309
-2.232859 -1.175522 1.785620
-2.239935 -0.556216 1.810336
-2.289749 0.035019 1.825513
-2.322909 -0.610505 1.800857
-2.304241 0.038751 0.571753
-2.271929 0.670499 0.614991
-2.272701 -0.630838 0.679032
-2.902560 -0.666425 0.702843
-2.802453 -1.915161 -0.561389
-2.678341 -1.297817 -0.588533
-2.629977 -0.663248 -0.580635
-2.665315 -1.276444 -0.564018
-2.711241 -1.254419 -0.581974
-2.749286 -0.628211 -0.590265
-2.773089 -0.640522 0.066443
-2.816820 -0.641242 -0.461695
-2.853152 -0.616998 -0.422313
-2.160022 0.002430 -0.445056
-2.104135 0.026684 -0.483464
-1.442682 0.036066 -0.497272
-1.445799 -0.551099 -0.481479
-1.465490 -0.507240 -0.486730
-1.481799 0.140565 0.124345
-0.217794 -1.132846 -2.331226
-0.248790 -1.149829 -2.954207
-0.277092 -1.779245 -2.938360
-1.551764 -1.768926 -2.927338
-1.497938 -0.488706 -2.951024
-2.101165 -0.473180 -2.982231
-1.483732 -1.104983 -2.987256
-1.510606 -0.529761 -2.976265
-2.147430 -0.519627 -2.995069
-1.473142 -0.485658 -3.055544
-1.507197 -0.475895 -3.102331
-0.252528 -0.490467 -3.097119
-1.629058 -0.501537 -3.058882
-1.613979 -1.149632 -3.042944
-1.596652 -1.167680 -1.875870
-0.291940 -1.175243 -2.504555
-0.333735 -1.818074 -2.471178
-0.335053 -2.401026 -1.759556
-0.309105 -1.010224 -1.776885
-0.326315 -0.396879 -1.861354
-1.057266 -0.423116 -1.264585
-1.122417 0.241874 -1.252846
-1.115442 -0.371318 -1.192941
-2.363084 -0.419183 -1.827532
-2.341417 -0.488448 -1.183613
-1.718352 0.790403 -1.203970
-1.704693 0.191925 -1.165021
-1.045987 0.231717 -1.761427
-1.645305 0.184324 -1.758644
-1.047596 0.154432 -1.172793
-1.106381 0.160700 -1.254302
-1.126520 0.192382 -1.294501
-1.106888 0.221532 -0.600872
-1.109039 -0.476854 0.039930
-1.135674 -0.547049 0.045048
-1.837055 -0.525284 0.019366
-1.799817 -0.473730 1.380044
-1.782955 0.829323 1.433422
-1.772079 0.801335 1.460569
-1.763303 0.792599 2.146368
-1.750555 0.206872 1.475556
-0.487634 -1.613311 1.497228
-0.479894 -1.625517 1.513238
0.130659 -1.672016 1.508063
0.132895 -2.350691 1.517708
0.165721 -2.292395 1.536670
-0.415278 -2.859942 1.550414
-0.410868 -2.848946 1.544033
-0.371135 -2.878127 1.520227
-0.374933 -3.518296 1.491947
-0.337057 -2.891387 1.457830
-0.301042 -2.251430 2.771858
-0.319232 -2.955401 3.367945
-0.375916 -2.360954 2.708841
-0.383962 -2.367887 2.730567
-0.319342 -1.686301 2.120133
-0.236994 -2.275267 2.166045
0.457045 -1.572510 0.863093
0.412448 -2.204929 0.926252
0.384457 -2.186707 0.321797
0.401909 -2.176908 0.353293
0.432386 -2.176126 0.965089
0.420122 -2.180973 0.355225
0.361844 -2.166154 -0.227915
0.967510 -1.502042 0.426158
0.976334 -1.473806 1.034284
1.016491 -1.464687 1.677343
-0.250409 -1.490118 1.036940
-0.270944 -1.512560 1.028649
-0.292570 -0.853377 0.985596
-0.296904 -0.817280 0.948705
-0.289812 -0.223659 0.314434
-0.305045 -0.296277 0.308799
-0.360404 -0.329421 0.346098
-0.420339 -0.951235 0.337863
-0.445238 -0.280316 0.359369
-0.427635 0.935796 -0.171464
0.225270 0.813180 -0.154458
0.213960 0.784370 -0.185519
0.748008 1.486818 0.363769
0.706814 1.557527 0.347781
0.704020 1.558157 0.338175
0.703922 0.840784 0.297166
0.070216 0.854855 0.241106
-0.654581 1.564874 0.874890
-0.682961 0.997533 0.876235
-0.646966 0.987030 1.488740
-1.267759 0.947987 1.481940
-1.185742 0.920095 1.472401
-1.782039 0.306343 2.106753
-1.795448 0.313646 2.084399
-1.775644 0.264038 2.045399
-1.079746 0.196752 0.765672
-1.734177 0.164685 0.824025
-1.085272 0.815309 -0.361201
-1.167124 0.162383 -0.373520
-0.573330 0.134746 0.160446
-0.544475 0.088647 0.148493
-0.535247 0.066759 0.173738
-0.583784 0.721185 -1.058108
-0.657641 0.741398 -1.038222
-1.419354 0.744240 -1.023349
-1.415521 0.091235 -0.981864
-0.075898 0.114444 -0.998941
-0.141312 -0.414938 -1.006994
-0.226842 -0.337580 -0.350589
-0.260346 -0.311271 0.252278
-0.196655 -0.965185 0.233060
-0.101268 0.307606 -0.426096
-0.055116 -0.289006 0.235890
-0.049978 0.341593 -0.366096
-0.667128 -0.328813 0.352860
-1.216782 -0.370776 0.373038
-1.176281 -0.995752 1.066436
0.095943 -0.946404 1.106373
0.071173 -0.917662 1.801465
0.048453 -0.937458 1.776936
0.089393 -0.959480 1.785882
0.164676 -0.312271 1.140239
0.207087 -0.267857 1.108358
0.191162 -0.259574 1.095093
0.149774 -0.304179 1.115737
0.142369 -0.972810 1.165692
0.153006 -1.590904 0.532197
0.135871 -1.539214 1.164909
0.077133 -1.515733 0.474144
0.010284 -0.874777 0.480117
-0.007425 -0.889983 0.533209
-1.234860 -0.872011 0.555238
-1.227979 -0.844526 0.524282
-1.221340 -0.859671 0.461352
-1.244505 -0.916248 0.433328
-1.298978 -0.966819 1.147182
-1.351230 -0.992431 1.818221
-1.373926 -0.388212 1.806738
-1.377084 -0.996263 1.093462
-1.386150 -0.986044 1.043930
-1.374931 -0.971303 3.022416
-1.304103 -0.964253 3.108720
-1.207985 -0.975879 3.151107
-1.151996 -0.973610 2.453428
-0.504443 -0.940353 2.424272
-0.494334 -0.908849 2.495181
-0.451744 -0.908538 3.270765
-0.424278 -1.617917 3.349543
-0.450622 -1.584317 3.333511
-0.481261 -0.815812 2.666041
-0.459231 -0.762881 2.102288
-0.400354 -0.773017 2.182348
-0.378158 -0.809598 1.584783
-1.043811 -0.814510 1.485899
-1.094926 -0.810865 0.749752
-1.127096 -0.847892 0.746551
-1.141697 -0.916104 0.813157
-1.171812 -0.970149 0.824107
-1.238930 -0.982021 0.749905
-0.024958 -1.647086 0.690055
-0.020163 -1.654534 0.699263
0.027106 -1.639891 1.383737
0.058768 -1.585040 1.924303
0.050978 -0.895479 1.820702
-0.615636 -0.913615 1.105840
-0.633332 -0.954512 1.070551
-0.648564 -0.949261 1.121785
-0.686951 -0.908785 -0.169576
-0.728517 -0.893600 -0.165230
-0.733398 -0.320979 -0.130426
0.650650 0.933067 -1.373968
0.671208 0.927677 -0.771944
0.693442 2.190013 -1.490419
0.709556 2.215404 -1.546111
0.707359 2.183114 -0.894395
0.683612 2.766206 -0.864064
0.656150 2.729294 -0.869509
1.265161 2.732380 -0.869211
1.258319 2.730916 -0.199410
1.269895 2.680742 -0.222980
1.303792 1.974945 -0.204539
1.360396 1.985032 -0.206658
2.060551 2.038644 0.406127
2.096527 1.449545 -0.237362
2.114756 0.781516 -0.204146
1.486711 0.780240 1.072833
1.480713 0.828242 1.126524
1.459106 0.871665 0.548462
1.427728 0.863272 0.584187
1.420740 0.805260 0.635889
0.807636 1.399412 0.630819
0.817180 1.417049 0.605298
0.804201 1.428395 0.571924
0.779796 1.374995 0.542498
0.769535 1.279794 -0.083099
0.756465 1.230083 -0.071977
0.696281 1.237467 -0.071234
1.207861 1.234295 -0.075357
1.153320 1.172330 -0.106056
1.159827 1.089048 -0.167082
1.211267 1.083477 0.364405
1.233578 1.162557 0.297803
1.224720 1.238296 0.899181
1.237252 -0.043182 0.892545
1.296028 -0.660193 0.911038
1.997990 0.017999 2.191801
2.004735 0.104483 2.191313
1.968348 0.155660 0.862559
1.939330 0.123107 0.894159
1.963659 0.073232 0.890764
2.020759 0.099800 0.846358
2.035986 0.177677 0.817304
1.988557 0.214945 0.854381
1.939778 0.177114 0.307876
1.937130 0.134359 0.354790
1.947768 0.749163 0.372127
1.920533 0.782721 0.389371
1.846804 0.753071 0.444147
1.780700 0.675264 -0.106538
1.762018 0.636154 -0.118949
1.792776 0.688067 -0.186154
1.824374 0.768988 -0.236500
1.836652 0.794396 1.102284
0.554671 0.763124 1.150012
0.572704 0.757438 1.114386
0.613211 0.808197 1.684671
0.649070 0.844561 2.297407
-0.531653 0.805579 2.374825
-0.551801 0.071680 2.436498
-0.555464 0.064389 2.396257
-0.525286 0.145718 2.311966
-0.487002 0.229514 2.293682
-0.470968 0.240332 2.349532
0.121999 0.217765 2.366520
0.108509 0.238439 2.305056
0.086497 0.284578 3.522121
0.694574 0.282516 3.572695
0.660735 0.223713 3.667576
0.019713 0.167926 3.069076
-0.638644 0.181448 3.038179
-0.030885 -0.423190 2.997419
-0.056805 0.232656 3.642794
0.604045 -0.314474 3.679736
1.306140 -0.935999 3.030527
1.964111 -1.490299 2.341829
1.963783 -0.812670 2.938250
0.727689 -0.819918 2.961053
0.127362 -0.866300 2.369359
0.785100 -0.885553 2.364124
0.162588 -0.251834 2.312221
0.170504 0.392153 1.659580
-0.454435 -0.266768 1.693632
-0.439221 0.389489 1.702156
0.237938 0.431477 1.646295
0.277193 -0.131106 1.585054
0.287559 -0.141596 0.960014
0.275975 -0.217743 1.601148
0.265238 -0.909610 2.270082
-0.927965 -0.278966 1.591813
-0.892324 -0.255429 1.559464
-0.899469 0.336182 1.567535
-0.943521 -0.335570 1.584465
-0.963065 -0.946529 1.571111
-1.594717 -0.858839 1.552038
-1.557993 -0.806717 1.567464
-1.564020 -0.830635 1.622979
-0.980244 -0.891939 1.039137
-1.023915 -0.921190 1.040862
-1.036582 0.326085 0.437544
-0.383656 0.909677 0.469578
-0.417763 0.857051 1.200944
-0.464078 0.789589 1.220741
-0.489560 0.774615 1.163350
-0.492815 0.816032 1.112444
-0.489851 0.249287 1.138760
-0.499825 0.229646 1.201299
-0.507997 0.176736 1.201270
-0.575692 0.141647 0.535590
0.730731 1.457654 1.129956
0.722395 1.374499 1.181330
0.713321 1.339516 1.216876
0.093467 1.305507 1.171232
0.124917 0.646535 1.092986
-0.521412 0.068236 1.079056
-0.488116 0.096821 1.141142
-0.470446 0.104337 1.181784
-0.471028 0.094955 1.148103
-0.477751 0.099911 0.414901
-0.466689 -0.503755 0.426029
0.231464 0.148903 1.090018
0.237930 0.161616 1.100721
0.864542 0.188266 1.032635
0.858648 -0.404325 0.346865
0.869010 -1.633566 0.973234
0.863721 -0.940645 -0.188649
2.125477 -0.311354 0.485988
2.073440 -0.327979 -1.452491
1.444532 0.301082 -1.486154
2.776451 -0.332404 -0.861659
2.770530 0.311501 -0.209033
2.074685 1.457973 0.384141
2.060665 1.449692 -0.328487
0.826969 1.483023 -0.982761
0.888134 0.903281 -0.245545
0.898792 1.603170 0.462941
0.219250 0.344448 0.446523
0.213204 0.323831 0.407376
0.237037 0.939492 0.435969
0.880308 0.917203 0.525768
0.889890 0.882529 0.591791
0.866542 0.834318 0.002263
0.851628 1.414870 -0.056285
0.858342 1.415909 -0.075318
0.869263 1.451636 -0.015009
0.850848 1.479568 0.664965
0.800408 -1.031599 0.669730
0.744367 -0.387080 1.246653
1.376445 -1.020579 1.240979
2.038670 -1.032594 1.297956
2.019441 -1.085089 1.369747
1.961462 -2.410244 0.753521
1.913076 -3.067922 1.311780
1.896172 -1.817433 1.918661
1.889532 -1.789160 1.953860
0.599212 -1.189908 0.049962
-0.081114 -1.206612 -0.590187
0.467987 -1.161661 0.043130
1.035794 -1.091206 0.070790
1.043489 -1.071466 0.747610
-0.138890 -1.132598 0.776904
-0.165462 -1.210517 0.769823
-0.186217 -1.226046 0.743441
-0.161455 -1.192081 0.747525
-0.708435 -1.173781 0.107501
-0.682869 -1.206370 0.096478
-0.686508 -1.240578 0.071008
-0.095893 -0.592877 0.043121
0.559718 0.030600 -0.576269
-0.739644 0.006000 -0.566900
-0.081447 -0.069090 -0.572064
-0.085919 -0.142455 -0.625784
-0.070624 -0.160421 -0.078821
-0.040540 -0.118223 -0.091974
0.579463 -0.064980 -0.697445
-0.068787 -0.661071 -0.665680
-0.120996 -0.682145 -0.656633
-1.443207 -0.684727 -0.001956
-1.472083 -0.663741 0.028467
0.374191 -1.304307 0.019410
0.380576 -1.352339 0.632469
0.392528 -0.787864 0.573279
0.399800 -0.193303 0.549402
0.996587 -0.156423 0.557421
1.605699 -0.705827 -0.077889
2.258758 0.001957 -0.054404
1.594173 0.671282 -0.655977
1.544786 0.019983 -1.849729
2.143486 0.690573 -1.827688
2.133893 0.708225 -1.187908
0.968182 0.054409 -1.214081
1.007606 0.047264 -1.248250
1.014854 0.035608 -0.623184
1.672768 0.049402 -1.302559
1.716359 0.098334 -1.968444
1.163047 0.780995 -1.322867
1.148502 0.805281 -1.300286
1.061873 1.417841 -1.293928
1.007785 0.732012 -0.698881
1.035894 0.684028 -0.720656
1.086956 1.270898 -0.737847
1.083511 1.235328 -0.742840
1.059829 -0.044828 -0.094410
1.084415 -0.084454 -0.113878
0.519754 -0.062486 -0.763462
0.579578 0.005034 -0.102681
0.559138 -0.590426 -0.056579
0.531724 -0.606864 -0.010814
-0.141306 -1.261969 0.004710
-0.101592 -1.312021 -0.040787
-0.056416 -1.315245 -0.671613
-0.040490 -1.318391 -0.663296
-0.660430 -1.339909 -1.926753
-0.648383 -1.339990 0.682501
0.049025 -1.283804 0.690152
0.742759 -1.187763 0.104231
0.724132 -1.107678 0.737419
1.940238 -1.079950 1.400841
1.871018 -0.459730 1.427207
1.184469 -0.479619 2.093794
1.173933 -0.499183 2.108804
0.520623 -0.489582 2.114112
0.501266 -0.482194 2.116485
0.468618 0.155274 2.130499
0.495631 -1.083222 2.147736
0.510768 -1.774620 2.152070
0.522345 -2.361627 2.138281
0.483106 -1.710018 2.124565
0.413498 -1.069971 2.111252
0.369812 -1.117746 2.088929
0.382738 -1.785380 2.685695
-0.211162 -0.571776 2.650236
-0.829386 -1.217296 2.017569
0.371076 -1.207399 2.615565
0.361068 -1.857180 2.619048
0.392027 -2.518016 2.003143
0.424419 -2.498415 1.381731
0.402326 -2.476083 1.370118
1.554412 -1.224585 1.968178
0.870184 -1.987415 1.941786
0.900084 -2.091572 1.302284
0.298085 -2.101623 2.511071
0.318373 -1.421047 2.531455
-0.332646 -2.043982 3.193474
-0.305914 -2.052508 3.209228
-0.222017 -2.023613 2.558401
-0.147862 -2.527489 2.561249
-0.148365 -2.428241 3.153140
-0.201327 -1.821993 3.809168
-0.147331 -1.888808 4.416245
0.538472 -1.927440 3.760462
0.563800 -1.240117 3.757529
1.214828 -1.166590 2.384138
1.174919 -2.395115 3.080034
1.158729 -2.399056 3.159007
1.155115 -2.360933 3.207344
1.126425 -2.269436 2.556121
1.060190 -2.197948 2.560740
0.971917 -1.538282 3.234832
0.921536 -1.577268 3.274564
0.906778 -1.599187 2.677699
1.527695 -0.942059 2.015056
0.917806 -0.304348 1.994362
0.935668 -0.910879 1.297604
0.977997 -0.931895 1.979669
1.055792 -0.884065 1.403394
1.144573 -0.769128 1.463869
1.197225 -0.681475 0.040038
1.182574 -0.692986 0.680838
1.157662 -0.758123 1.336398
1.175195 -0.775020 0.703967
1.250856 -0.117758 0.686129
0.733684 -0.089784 1.444842
-0.530334 -1.335069 1.449819
-0.571870 -2.091876 1.447960
-0.567749 -1.499159 1.457503
0.139232 -1.370908 1.479275
0.110303 -1.946715 2.096915
-1.195767 -1.998197 2.067608
-1.315779 -2.110664 2.045803
-1.408456 -1.527291 2.036461
-1.429042 -0.825291 2.020927
-2.038711 -0.823763 1.988433
-2.042178 -1.502025 1.939897
-2.073579 -1.546744 2.549493
-2.088672 -1.490964 2.562250
-2.089347 -1.398990 2.560311
-2.109304 -2.004531 2.522067
-2.782803 -1.457577 2.482052
-2.185596 -0.889157 2.500164
-1.571034 -0.883828 3.168410
-0.914893 -0.811644 2.545409
-1.504916 -0.888285 1.893670
-1.501891 -1.671285 1.850619
-0.207777 -1.725441 1.856221
-0.161819 -1.699408 1.910507
-0.111088 -1.672440 2.616579
-0.075293 -0.417344 2.621418
-0.072339 -0.485020 2.622810
-0.076896 0.096495 2.659288
-0.070521 -1.205622 1.419490
-0.046485 -0.539482 1.429788
-0.027667 -0.548227 1.374291
-0.692221 -0.572903 1.317189
-0.024112 -0.600598 0.000700
-0.653368 -1.231093 0.017481
-0.645030 -1.196913 0.628555
-0.646261 -0.529086 0.560172
-0.672679 -0.528376 0.507334
-0.704376 -0.559745 0.501694
-0.728090 -0.579478 0.514510
-0.071762 -0.571650 0.505430
-0.032024 -0.548012 0.504562
-0.018565 -1.161607 0.514060
-0.646402 -1.193410 0.524378
-0.692468 -1.214647 -0.127409
-0.684543 -1.190443 -0.748821
-0.655814 -1.776485 -0.122787
-0.025699 -1.733023 -0.099488
0.504648 -1.718200 -0.689225
0.446242 -1.078712 -0.672886
0.476366 -1.724695 -0.648598
-0.037185 -1.716242 -0.014838
-0.031319 -1.714361 -0.023137
-0.097905 -1.717887 -0.018771
-0.149860 -1.063428 0.020563
-0.173763 -1.123124 0.732536
-0.120148 -1.105023 0.764654
0.497249 -1.668863 0.755723
0.444574 -1.060011 0.730161
0.440349 -1.086407 1.332080
0.521914 -1.144689 0.702208
-0.014382 -1.168301 0.708302
-0.004736 -0.537348 0.695087
-0.066468 -0.520393 0.699655
-0.107258 -0.589999 0.745814
0.568971 -0.696566 0.175879
0.609153 -0.727284 -0.458074
0.579581 -0.673876 -0.469325
0.501121 -0.636974 0.178705
0.443382 -0.694340 0.219709
0.465641 -0.781004 0.261361
0.524466 -0.764383 0.263101
0.523332 -0.648168 0.245081
-0.199177 -0.575207 0.252454
-0.270719 -0.618208 0.950721
-0.279631 -0.676412 0.993879
-0.257721 -0.632429 0.364958
-0.272087 -1.152074 0.342968
-0.328152 0.260300 0.335583
-0.369109 0.219065 0.370359
0.311759 -0.463979 0.396227
0.343481 -0.399129 0.383991
0.364985 -0.301303 0.339980
0.355880 -0.329743 0.938489
0.337096 -0.435200 -0.265367
0.377888 -0.504164 -0.222068
2.298792 -0.478022 0.352177
1.589380 -0.417276 0.983520
1.573835 -0.431965 1.568039
2.303357 -1.686795 1.549550
-0.177147 -1.077367 1.545931
-1.471300 -1.025012 2.152331
-1.455551 -0.339513 0.240441
-0.821523 -0.386994 0.232379
-0.812203 -0.477956 0.244819
-0.831000 -1.114807 0.247283
0.496596 -1.062007 0.209806
-1.484651 -1.004662 0.157899
-0.182923 -1.006592 0.136649
0.455170 -1.036048 0.166459
-0.195980 -1.026782 -0.435652
-0.844941 -0.982085 -0.446447
-0.158091 -0.344012 -0.468584
-0.107323 -0.388323 -1.130920
0.554693 -0.437842 -1.064829
0.523810 -0.426940 -0.370120
0.521765 -0.369768 -0.369814
0.549965 -0.329155 -0.345460
1.216871 -0.312628 -0.964439
0.556853 0.325874 -0.903320
0.556125 -0.292395 -2.211967
1.200946 -0.258759 -2.247504
1.231420 0.349572 -2.281108
1.218653 0.358715 -2.890556
1.162493 -0.329255 -0.334497
1.122898 -0.360668 -0.303752
1.741381 0.310049 0.277744
2.970286 0.321081 -1.054756
1.629166 0.334576 -1.045466
1.582318 0.343228 -1.621532
1.587358 2.292196 -1.593485
1.637342 2.296633 -1.621150
1.671464 1.697721 -1.668908
1.650167 1.700036 -1.694453
1.004610 2.292756 -1.663568
0.990951 1.623755 -2.234863
1.004953 1.587569 -2.213247
0.989237 2.215041 -2.206152
0.927694 1.000296 -0.940445
1.552145 1.023013 -0.909390
1.564436 1.051313 -0.868652
0.924750 1.661335 -2.103724
0.903227 1.676482 -2.147014
0.873063 2.264419 -1.537335
1.520615 2.212412 -1.464512
0.906256 1.526342 -0.815503
2.197097 1.496939 -0.820049
2.179893 2.105888 -1.448843
2.159313 2.089899 -1.449263
2.195856 2.081799 -0.829479
0.356849 1.476244 -0.846580
-0.237131 1.487277 -0.284257
-0.270866 1.490275 -0.928599
-0.305890 0.811445 -0.185771
-0.269851 0.760054 -1.468680
-0.187468 0.690076 -1.456050
0.500145 0.630236 -1.489078
-0.191576 0.588327 -0.838824
-0.224021 0.585567 -0.831712
-0.198136 0.597291 -0.825125
-0.151607 0.582782 -0.870032
-0.156008 -0.004933 -0.936935
-0.214779 -0.011730 -0.345886
-0.265482 -0.010270 -0.360555
-0.272708 -0.022624 -0.916796
-0.254198 -0.057054 -0.243042
0.392226 -0.098893 -0.216190
0.359719 0.491618 -0.173430
0.363112 0.508709 0.536782
0.407716 0.565300 0.554339
-0.267947 1.215649 0.541126
-0.231430 1.229566 0.522931
-0.221669 1.867328 1.081678
0.425802 1.920750 0.467834
0.472883 1.952894 1.091174
0.524664 1.924978 1.070787
-0.108338 1.853903 1.074034
-0.756232 1.802962 1.081940
-0.135881 1.797987 1.644573
-0.089764 1.203488 1.599997
-0.659561 2.542121 1.595310
-0.674003 3.148767 1.583139
-0.700906 3.144131 1.592113
-0.054482 3.136741 1.557509
0.633075 3.127053 1.531501
0.661128 3.087337 1.553617
0.013409 2.377955 1.601286
-0.005278 2.338329 1.602524
0.041606 1.744057 2.166638
0.102799 1.848325 2.786627
-0.529650 1.939163 2.831765
-1.241590 1.978064 2.916917
-0.639343 1.970285 2.280194
-0.614875 1.959614 2.245050
-1.246035 1.954328 3.567882
-1.307485 1.934071 3.581544
-1.380144 2.552404 3.616830
-1.377711 1.866243 4.191786
-1.309941 1.233615 4.103087
-0.619199 1.305733 2.774195
-1.285989 0.730438 1.504779
-1.349841 0.762751 1.643127
-1.351431 0.773581 2.142262
-1.321345 1.436197 2.128917
-0.693539 1.457575 2.178642
-0.747282 0.754861 2.918364
-1.422396 1.339239 2.912141
-1.390928 1.280977 1.550087
-1.355537 1.302394 1.496668
-1.368462 1.363447 1.534267
-1.421423 1.395300 2.228533
-1.439838 1.386281 2.227015
-1.415908 1.364986 2.169200
-0.764473 1.359889 1.515183
-0.779673 1.350215 -0.262660
-1.428733 1.936293 -0.188831
-1.375922 1.842542 0.453849
-1.303392 1.781020 0.395111
-1.287096 1.774398 0.343023
-0.071226 1.802669 0.338589
-0.103000 1.154138 0.350885
-0.733705 1.174452 1.040253
-0.717542 0.578329 0.326522
-0.117993 0.630518 0.947096
-0.167296 1.287076 1.006393
-0.180063 1.302985 1.052590
-0.810989 1.291517 1.040807
-0.194678 1.270306 0.982151
-0.244259 1.311392 0.938635
-0.894365 1.340085 0.941086
-0.902317 1.373800 0.944365
-0.917173 1.382309 0.911046
-0.955863 1.381360 0.221607
-1.614657 0.749260 0.228599
-1.580145 0.781442 0.311487
-1.525707 1.392979 0.352236
-0.830196 1.305599 0.336101
-0.818253 1.185128 0.281317
-0.787256 1.113381 0.244247
-0.732684 1.125791 0.267168
-0.692080 0.519435 -0.976424
-0.704243 0.524877 -1.011869
-0.725132 0.525088 -2.316008
-0.703568 -0.081422 -2.311318
-0.657129 -0.002044 -2.271300
-0.637033 0.047784 -2.247871
-0.664334 -0.609093 -1.645494
0.587273 -0.662510 -1.686121
0.580272 -0.708138 -0.391371
0.569485 -0.042216 -0.405398
1.158588 -0.623152 -0.420977
0.425459 -0.581693 -0.448629
0.399626 -0.572082 -0.479455
0.420220 -0.568394 0.185788
0.436274 -0.542600 0.188830
0.428404 -1.158342 0.197240
0.407537 -1.205725 0.187141
0.405460 -0.674658 0.798841
0.413575 1.170517 0.793145
-0.245413 1.153873 0.806523
-0.250728 1.178425 0.192038
-0.250591 1.185238 0.200612
-0.249541 0.509366 0.802136
-0.248713 0.502221 0.820771
-0.249867 0.555984 0.864538
-0.235667 0.617343 0.906086
