2.561872 1.339408 0.459190
2.542709 1.981246 0.468419
2.564670 2.039588 0.535829
2.561192 1.481631 0.621837
1.855431 0.798637 0.660157
1.822066 1.410249 0.613510
2.479201 1.436936 -0.112294
2.535139 1.482400 -0.124822
2.539577 1.466399 -0.109491
2.469185 0.104246 -1.416059
2.386246 0.097697 -1.507344
2.351119 0.149747 -1.643444
2.356312 0.185663 -1.716849
2.344033 0.180245 -2.914885
2.301193 -1.030244 -2.887373
2.268085 -1.000005 -2.254125
1.012358 -0.966900 -2.956210
1.069021 -0.984662 -2.965720
1.072685 -1.035264 -2.287114
1.031841 -2.261580 -1.686588
0.996296 -2.249258 -1.720617
1.660504 -1.579865 -1.776047
1.681635 -1.577207 -2.382179
1.682636 -1.600608 -2.346408
1.662294 -1.629282 -2.959082
1.651596 -1.593229 -2.317086
1.665289 -0.972360 -1.663532
1.700028 -1.641157 -1.625894
1.730069 -1.734024 -1.572503
1.736331 -1.794551 -1.568407
1.725851 -1.807723 -1.622461
1.713402 -1.788320 -0.398938
1.715669 -1.788598 -1.021203
1.136654 -1.805359 -0.954864
1.155483 -1.790780 -0.335679
1.164157 -1.756152 -1.012093
1.165050 -1.721950 -1.662917
1.174941 -1.731691 -1.599737
1.194968 -1.752406 -1.506641
1.207174 -2.378528 -1.452888
1.828814 -2.384641 -1.441889
1.796448 -2.373701 -1.462320
1.118278 -2.370032 -2.064909
1.120206 -2.353798 -0.758893
1.121334 -2.332616 -0.710187
1.770663 -2.325442 -0.029893
1.769113 -3.624536 -0.635423
1.767808 -3.626463 -1.316971
1.785734 -3.626723 -0.726696
1.818061 -3.648856 -0.732718
1.850016 -3.688923 -0.740420
1.868882 -3.706320 -0.790095
1.879353 -3.041377 -0.864357
1.891521 -3.013179 -0.886326
2.533944 -2.374053 -0.886200
2.534253 -2.360235 0.442634
2.537603 -2.355505 0.478209
2.526535 -2.357394 -0.159906
2.519319 -2.334436 -0.145301
3.160652 -2.312075 0.533515
2.529594 -2.329258 0.602267
2.519251 -2.317302 0.622501
2.495639 -2.886863 -0.078132
2.481295 -2.804198 -1.399111
2.499930 -2.115404 -0.839643
2.531792 -2.114333 -0.177952
2.541934 -2.737262 0.515331
2.518974 -3.267827 0.518679
1.847323 -3.188291 0.486206
1.849447 -3.158060 0.462399
2.514984 -3.178523 0.475826
2.534309 -3.202840 -0.138618
1.874051 -3.177708 -1.477406
1.873308 -3.125766 -2.147994
1.885691 -3.118937 -2.132825
1.269479 -2.548531 -2.056899
1.289923 -2.616912 -0.186635
1.249490 -2.038827 -0.151491
1.167753 -2.033110 -0.105172
1.096888 -2.023655 -0.064580
1.094085 -2.051708 -0.054233
1.141539 -1.501731 -0.052579
1.159490 -0.302107 -0.666045
1.763990 -0.306321 -0.626529
1.750260 -0.948231 -0.618897
3.052067 -0.356121 -0.008411
3.150292 -0.397977 1.212124
3.189599 -1.018667 0.566353
3.154646 -1.018718 -0.059430
3.730159 -1.028963 -0.069731
3.769606 -1.053209 -0.126857
3.173140 -1.075283 -0.184806
2.551957 -1.078026 -0.188699
3.126667 -1.068115 -0.162708
3.092093 -1.055314 -0.155130
3.098809 -1.052892 1.019730
2.494568 -1.065988 0.351294
2.489647 -1.696585 1.028827
3.078528 -1.694972 1.084952
3.056602 -1.683546 1.076617
3.046501 -1.676401 0.388766
3.019473 -1.680764 1.040273
2.339543 -1.679881 1.117426
2.319317 -1.658038 0.524758
2.361213 -1.615743 0.475867
3.070282 -1.572448 0.391349
3.088009 -1.558261 0.389093
3.056023 -1.575322 0.465483
3.044123 -1.600970 -0.752540
3.086567 -1.603102 -0.828167
2.454213 -1.589483 1.624597
2.441014 -1.599747 1.613672
2.377105 -0.997663 1.655437
2.341817 -1.038101 1.650642
2.456302 -1.052172 1.602013
2.513409 -1.028504 0.950831
2.498165 -1.003696 1.045200
2.414690 -2.237462 0.526345
1.032053 -2.307162 0.566700
1.023809 -3.001430 0.519486
1.038882 -2.982914 0.485675
1.627669 -2.938599 0.557091
0.909318 -1.664540 0.657299
0.846603 -1.718751 0.684197
1.530872 -1.745366 -0.030136
1.610996 -1.686518 0.606554
1.639446 -1.604260 0.664545
0.941863 -0.967097 0.712668
0.892352 -1.632484 0.670112
0.902295 -1.652157 -0.080935
0.935780 -1.592038 0.496853
0.920362 -1.509433 1.808298
0.852336 -1.491241 1.833535
1.411331 -1.537850 1.800081
1.433121 -2.193860 1.101595
2.815913 -2.157158 1.115524
2.870021 -2.102527 1.176364
2.239920 -2.082650 1.181490
1.531283 -2.089835 1.099755
2.144967 -2.079707 1.027887
2.183484 -2.620884 1.715390
2.214676 -2.582370 1.786903
2.218438 -2.616096 1.805586
2.882020 -2.071071 2.418026
2.938441 -2.116965 0.488919
2.996986 -2.059525 1.848240
2.401017 -2.037220 2.591717
2.387124 -1.422175 1.957582
2.377315 -1.407557 1.901242
2.361708 -1.410347 1.230368
2.952680 -1.412255 0.540362
0.979804 -1.400522 1.236201
0.966092 -0.790697 -0.062493
1.645958 -0.796797 -0.125280
2.350564 -0.824078 -0.793752
2.989026 -0.841193 -0.774787
2.318561 -0.804642 -0.152390
1.613285 -0.722151 -0.219911
2.329514 -0.663444 0.315095
2.361589 -0.678812 0.285336
2.992041 -0.722978 0.325951
2.953352 -0.718322 0.344263
2.299932 -0.674428 0.284282
2.363558 -1.310235 0.222390
3.058413 -1.349616 0.247885
3.041517 -1.395037 0.316326
3.002315 -1.383813 0.343646
2.987744 -1.327418 0.287593
3.008406 -1.303327 0.239319
3.025032 -1.343544 -0.357965
3.004922 -0.741249 -0.270023
2.303333 -0.747595 0.388795
2.277533 -0.737586 0.327710
2.288995 -0.755560 0.297319
2.325837 -1.413225 0.374869
2.344607 -1.458185 0.481992
2.326658 -0.893545 0.491679
2.296846 0.376538 0.403162
2.295617 0.998769 0.359221
1.729900 0.950927 0.443194
1.762607 0.911030 0.574350
1.769394 0.894936 1.250541
1.754660 0.876862 1.193655
1.754775 0.838519 1.181666
1.794916 0.820094 1.278958
1.857351 0.818880 1.378090
1.888320 0.851594 1.365315
1.854086 0.867219 1.937052
1.791090 0.843956 1.254138
1.772090 0.797439 1.290454
1.172814 0.778534 1.315089
1.187482 1.421284 1.934765
1.809168 1.422911 1.903415
1.752197 0.137628 1.926368
1.766048 0.087253 2.621304
1.863555 -0.551625 2.593030
1.945566 -0.537472 2.516832
1.948710 -0.516873 2.449290
1.907191 -0.535882 2.437432
1.899616 -0.599176 1.840838
1.931087 -0.006704 1.203069
1.933979 0.014826 1.190343
1.884760 0.679934 0.592464
1.823451 0.034320 0.688130
1.806952 -0.019234 0.730204
1.836563 -0.041539 0.681963
2.468339 -0.003381 0.629453
2.457726 0.642571 -0.023260
2.432769 0.668362 0.040536
2.419853 1.901761 0.061837
1.771544 1.919744 0.034341
1.761979 1.968880 0.044923
1.750903 2.018069 0.119926
2.352522 2.024776 0.190903
1.176121 1.998132 0.176477
1.195752 1.392020 0.093843
1.220989 1.430326 0.650888
1.250840 1.471628 0.612217
1.267692 1.466268 0.574735
0.648327 2.031114 0.552585
1.158450 2.648508 0.517587
1.164421 2.695111 -0.151615
1.187416 2.750920 0.473651
1.193950 2.750718 0.482142
1.180545 2.704651 -1.407830
0.593595 2.675575 -1.432521
1.308222 2.696139 -0.789254
1.362401 2.736823 -0.192622
1.342009 0.772984 -0.253311
1.266730 0.757839 -1.523277
1.244277 0.700468 -1.528940
1.271356 0.698770 -1.535377
1.267563 0.775467 -1.543490
1.213664 0.222735 -0.898760
1.164002 0.207212 -0.827309
1.180026 0.149089 -0.182170
1.232721 0.143941 -0.180755
1.899270 0.261612 -0.205561
1.839328 0.293759 -0.201649
1.794060 0.889158 -0.169950
1.832832 0.844193 -0.154446
1.891511 0.822200 -0.175641
1.887748 2.029027 -0.870364
0.527439 2.051470 -0.786721
0.515606 2.034522 -0.119199
0.526260 1.999039 -0.092954
0.527742 1.983388 -0.127396
0.489856 1.964352 -0.160597
0.447686 1.925347 -0.143334
0.429380 1.887185 -0.738731
0.424200 1.893410 -0.725209
0.412833 1.948269 -0.746944
0.397230 1.988539 -0.755059
0.396576 1.368134 -0.697550
-0.210675 1.353857 0.021850
-0.205044 1.371209 0.023738
-0.204674 1.398445 -0.026077
-0.204320 0.735486 -0.059387
0.429335 0.693890 -0.039007
0.431816 0.078675 -0.029201
1.677889 -0.513410 -0.073279
1.663399 -1.139572 -0.126084
1.647021 -1.135141 -0.134329
1.652976 -1.135628 0.538668
1.679610 -1.135779 0.559932
1.697392 -1.140765 0.513200
1.684641 -1.149285 -0.114577
1.656805 -1.162326 0.543462
1.645729 -0.599042 -0.705417
1.656203 -0.610331 -0.658293
1.666175 -0.628196 0.576005
1.651000 -0.646260 -0.085313
1.631290 -0.653765 -0.089683
1.649477 -0.633900 -0.068171
1.714438 -0.630511 -0.667640
1.116471 -1.257209 -0.015939
1.126661 -1.279633 -0.022319
1.123139 -1.310253 0.640214
1.784675 -0.070357 0.621428
1.176314 -0.092060 -0.038861
1.193073 -0.111984 -0.080786
1.173247 -0.785184 -0.697157
1.806622 -0.780825 -0.725183
1.226809 -0.768319 -0.736858
0.643999 -2.052093 -0.734758
0.607077 -2.662826 0.553853
2.424325 -3.334427 -0.692649
2.428821 -2.711954 -0.705345
2.414517 -2.069478 -0.129669
2.385620 -1.453985 -0.707779
2.934819 -2.136646 -0.703990
2.298865 -2.765992 -0.697363
2.310161 -1.441000 -0.101502
2.357984 -0.613895 -0.093805
2.382535 -1.233866 0.563741
2.374291 -1.248955 0.576819
2.368084 -1.294053 1.227355
1.778066 -0.035464 1.239114
1.807206 -0.026131 1.221346
1.802438 -0.019005 1.199901
1.763568 -0.029354 0.527336
1.737232 -0.020201 0.548938
1.769774 -0.603002 -0.076211
1.823273 -0.539803 0.576302
1.843742 -0.516849 0.526449
1.818431 -0.540207 1.098255
1.778583 -0.560505 1.125057
1.770967 -0.547645 1.156670
1.784471 -0.523357 1.146275
1.761075 -0.515909 0.444885
1.675407 0.097987 1.002041
1.579151 -0.529999 -0.302340
1.546179 -0.448158 -0.246358
1.582621 -1.020715 1.701945
1.608231 -0.996402 1.027064
1.568654 -1.039986 1.033820
1.508361 -0.445973 0.401987
1.511339 -0.430954 0.409537
1.571675 -0.418856 0.405320
1.594558 -1.035946 0.415201
0.916277 -1.074918 2.351095
0.880058 -1.081308 1.038338
0.910334 -1.057412 1.020347
0.969275 -1.055153 1.677836
0.974890 -0.419929 1.684744
0.920037 -0.475057 2.350582
1.504676 -0.532351 2.367285
1.519158 -1.226507 2.365457
1.537373 -1.275064 1.739062
1.492101 -1.301828 3.038871
1.418370 -0.687328 3.088186
1.393233 -0.661180 2.481913
1.424628 -1.948577 1.826746
1.449035 -1.931240 1.824988
1.418989 -1.269438 1.831667
1.383507 -1.900789 1.866144
1.396955 -1.283253 1.257856
1.430585 -0.013555 1.274178
1.421857 -0.016735 1.272440
1.362082 -0.552900 1.268814
1.320142 -0.501533 1.293044
0.692979 -0.486344 0.691288
0.154196 -0.496193 0.686495
2.007769 0.168092 0.644449
1.361977 0.215652 1.276907
0.783594 0.236531 0.655412
0.784089 0.203962 0.664587
0.798507 -0.540579 0.638961
1.395456 0.122658 0.573342
2.030164 0.122870 0.534265
1.335566 -0.577378 0.566174
1.927562 -0.617505 -0.065257
1.975629 0.028374 -0.060362
2.656159 0.032914 -0.103203
1.983290 -0.595081 -0.117604
1.973141 -0.617828 -0.078246
2.666695 -0.707832 -0.051078
2.716398 -0.087177 -0.081789
2.057906 -0.112431 -0.141107
2.670438 0.540340 -0.150745
2.613553 0.541224 0.518704
2.608985 0.557323 0.525631
2.643824 -0.048341 0.483717
2.649865 -1.239564 -0.219447
2.583161 0.088302 -0.205708
2.512094 0.150388 -0.154467
1.891509 -0.521416 -0.148831
1.965928 0.057715 0.437216
2.011791 -1.231478 0.381424
1.997687 0.730256 0.376797
1.952011 0.700236 0.418182
1.950336 0.661666 0.412960
1.999101 -0.672803 0.356208
2.035649 -0.010817 0.293761
2.024657 0.669114 0.300647
2.623722 1.932442 0.353318
2.006334 1.878699 1.020121
2.062590 1.825527 1.602864
1.417161 2.472789 1.576624
1.384707 1.882888 1.585927
1.338318 -0.034490 2.256881
1.310718 -0.667987 2.893967
1.295703 -0.697255 2.847730
1.280207 -1.339325 2.789045
1.253822 -1.307116 2.770818
1.864297 -1.294750 2.787508
1.857168 -1.324056 1.629160
1.872791 -1.381298 1.600174
1.900156 -1.404619 0.286651
1.899224 -0.723771 0.310147
1.862759 -0.687408 0.346860
1.837823 -1.364001 0.331803
1.854386 -0.737340 0.273809
1.889501 -0.711067 0.893695
1.898363 0.021059 0.260263
1.886164 0.058697 1.678007
1.885361 0.068989 1.060513
1.905200 0.007921 1.716582
1.936550 0.655366 1.773198
1.953550 0.008870 0.629651
1.949553 -1.253068 0.011303
1.926638 -1.282434 0.602567
1.901814 -1.320800 0.571209
1.898507 -0.704614 -0.030170
1.915414 -0.664328 -0.016953
1.933600 -1.946417 1.184299
1.925176 -1.301923 1.166687
1.261329 -1.308949 1.184996
1.282971 -0.618033 1.251467
1.991409 0.077070 1.307484
2.038907 -0.533308 1.914787
2.052777 -0.560123 1.860416
2.066816 0.035195 1.828105
2.111431 0.049343 3.070430
2.186248 0.050549 2.463400
1.592508 0.643079 3.077964
2.215243 0.598942 3.012573
2.147557 0.604207 2.993841
2.090351 -0.584354 3.054107
2.719222 -1.154770 3.112301
2.691427 -1.817104 3.083163
2.647283 -1.869616 1.716565
2.601341 -3.141341 0.988201
1.912102 -5.146348 1.003271
1.893737 -5.157128 1.025136
1.867774 -5.177833 0.996163
1.841045 -4.575866 1.604890
1.807731 -4.553955 1.644764
1.773365 -4.529078 1.719777
2.349305 -4.510000 1.770062
1.778605 -3.171517 1.754800
1.158517 -3.155457 1.062493
1.167412 -3.157489 1.014444
1.738593 -3.172227 0.323286
1.776710 -3.164177 0.329157
1.273919 -4.461617 1.633950
1.314407 -3.766698 2.314544
1.892967 -1.226382 2.346486
1.857321 -1.899100 2.364561
1.874819 -1.213392 2.990438
1.308597 -1.186438 2.979825
0.754213 -1.158151 2.975268
1.325646 -1.186394 2.318344
1.315264 -1.279457 2.902711
1.359879 -1.369177 2.860807
1.397689 -0.736868 2.230758
2.058795 -0.703343 2.265391
2.046797 -0.689750 2.295637
1.994746 -1.343500 2.296855
1.964633 -0.678418 2.276335
1.978537 -1.251307 2.232769
1.990918 -1.172560 2.209076
1.315703 -1.167221 0.908499
1.286229 -2.462997 1.553808
1.281661 -2.527431 1.524120
1.950060 -2.524118 2.110867
1.973038 -2.484597 1.430777
1.953520 -3.103829 1.458022
3.192787 -3.111845 1.519959
3.161319 -3.748099 1.564637
2.520204 -3.659117 1.568544
2.513090 -2.952413 1.534434
2.510934 -1.685458 1.496864
2.511463 -3.021277 3.402375
2.541112 -2.459998 3.366962
2.605757 -1.855231 3.340661
2.672479 -1.855314 3.399169
3.344584 -1.869791 2.788028
2.683618 -1.860811 2.802907
2.704130 -1.810959 2.794761
2.737427 -1.728980 2.180980
2.084649 -1.685301 2.179895
2.028791 -1.696001 2.159968
1.970639 -1.692356 2.114267
1.955700 -1.650608 2.732656
1.966627 -1.619779 2.669622
1.307675 -2.292944 2.637546
1.256577 -1.740327 2.620796
1.232546 -2.356229 2.608485
1.268958 -2.283883 2.597257
1.952909 -2.248506 1.949423
1.957262 -2.298389 1.961985
1.937106 -2.353610 1.319418
1.961664 -2.322952 1.324663
2.037862 -2.263071 0.652418
1.513675 -1.680148 0.682158
1.528827 -2.408443 0.738069
1.520385 -2.485069 0.802339
1.546105 -2.479383 0.253081
1.578525 -3.769753 0.291005
1.563200 -3.755678 0.307974
1.512813 -3.777703 -1.636934
1.485973 -3.787918 -1.613798
1.507530 -3.121161 -1.565575
0.875498 -4.318238 -1.537337
0.865907 -4.276230 -0.826316
0.854960 -4.297141 -0.814174
0.877984 -3.741620 -0.146902
0.905510 -3.795788 0.499540
1.531220 -3.190646 0.478311
1.497335 -3.778907 1.694194
1.507759 -3.150788 2.280891
1.564931 -3.171492 1.598282
2.210557 -3.194308 1.578060
2.186507 -3.180401 1.587100
2.144463 -2.495711 1.611752
2.781904 -2.460192 1.634913
2.809852 -2.479216 1.663067
2.791460 -2.526548 1.679983
2.716099 -2.536929 2.876727
2.660472 -2.501296 2.855595
2.049327 -1.213558 2.846132
0.796639 -0.542271 2.851753
0.749211 -0.535174 4.748591
0.697312 -0.539435 4.715844
0.695393 -0.582077 4.683328
0.721961 -0.653603 4.671394
0.727375 -0.717725 4.044357
0.684519 -1.387271 4.027286
0.641438 -1.404861 3.316633
0.658851 -1.440121 2.581163
0.681795 -0.848184 2.550890
0.654608 -0.189677 2.543318
0.607720 -0.128952 2.544811
0.626539 -0.705415 3.194764
0.726393 -0.126952 3.213730
0.806066 -0.163977 3.242203
0.795787 -1.395241 2.642893
0.741926 -1.968011 2.694984
0.714058 -1.912197 2.723378
0.773951 -1.240992 2.708030
0.787626 -0.593087 3.357347
0.085957 -0.549463 3.375161
0.031387 -1.086466 3.416758
0.028756 -1.048237 3.431946
-0.564197 -1.785395 2.158885
0.061457 -1.824842 2.172715
0.051644 0.033706 1.585542
0.057223 0.061822 1.010523
0.098838 0.065849 1.025850
0.145618 0.010856 0.368982
0.149156 -0.056276 0.959918
0.122691 -0.091567 0.306217
0.121677 -0.082859 0.276556
0.167816 -0.733117 -0.376966
0.216423 -0.758981 -0.381162
1.529812 -0.787330 -0.349660
1.512189 -0.155853 -0.337784
1.540557 -0.145166 -0.373600
1.018760 -0.115870 0.206401
1.672854 -0.123191 0.193948
1.637281 -0.162030 0.194408
0.968048 -0.187187 0.792338
0.980592 -0.157649 0.703893
1.020096 -0.095030 -0.005443
1.023455 -0.077491 -0.019818
0.319095 -0.111606 0.025439
0.265470 -0.149448 1.275349
0.262801 -0.802542 1.271420
0.955517 -0.767821 1.910363
0.287680 1.172148 1.912563
0.237668 1.172046 1.948898
0.183453 1.164808 1.978566
0.169205 1.188216 1.946176
0.192808 1.238300 1.294890
1.555460 1.271372 1.303350
1.550196 1.266455 1.376751
1.528210 1.263393 2.112489
2.157502 0.615612 1.547573
2.188278 0.595910 1.530933
2.212628 1.859894 1.458051
2.202383 1.840618 0.889305
0.275516 1.831156 0.928163
0.248476 1.856238 0.908988
0.251807 1.854422 0.858338
0.276536 1.828395 0.849291
0.287240 1.811022 0.899698
0.259994 1.824700 1.554837
0.230392 1.835398 0.998517
0.845870 1.802595 1.616240
0.863292 1.762467 1.611280
-1.693717 2.393443 1.652148
-1.719322 1.147809 1.048204
-1.737740 3.094153 1.029355
-1.732262 3.108992 1.007594
-1.715185 3.150292 1.022298
-1.054397 3.204631 1.679188
-1.079795 3.226664 1.748301
-1.098227 1.921630 1.765819
-1.121289 1.872309 1.741828
-1.822543 1.186400 3.026036
-1.833655 -0.104462 2.430751
-1.829243 -0.103964 1.789734
-1.200414 -0.106472 0.470110
-1.241185 -0.080681 -0.156512
-1.946370 -0.010818 -0.800134
-1.996014 0.030718 -0.233209
-2.015073 0.007235 0.431474
-2.008435 -0.047729 0.497529
-2.009574 -0.076818 0.524632
-2.011697 -0.067438 0.469633
-2.007432 -0.728428 0.390955
-1.978335 -0.742164 0.359420
-1.933731 -0.733376 0.391088
-1.914775 -2.539783 0.404018
-1.927269 -1.834092 0.343450
-1.286584 -1.839457 0.263984
-1.267499 -1.867779 0.259440
-1.857378 -1.877607 0.348576
-0.515164 -1.879629 0.414352
0.138834 -1.903902 0.374079
0.187561 -1.958071 0.922029
0.241939 -2.013292 0.912148
-0.346278 -2.032270 1.007165
0.307681 -0.688448 -0.141063
0.306041 -0.033679 -0.142729
0.301606 1.141992 -0.201156
0.876658 1.053949 -0.205165
0.834711 0.422004 -0.121637
0.796743 0.461528 -0.040999
0.781782 0.481045 -0.048921
0.802970 0.459687 -0.107395
0.169201 -0.243916 -0.125793
-0.504037 -0.193556 -0.078195
0.162440 -0.117215 -0.025786
0.771515 -0.052705 -0.044031
0.717470 -0.689721 -0.108199
0.673372 0.537966 -0.143596
0.021587 0.556267 0.522146
0.019981 0.545728 1.231670
0.656911 0.562278 1.194336
0.645364 1.215574 1.115997
0.053885 1.193577 1.068969
0.096096 1.179051 1.046494
0.110899 -0.108732 1.051633
0.078008 -0.054442 0.420449
0.023149 -0.013096 -0.224249
-0.007667 -0.018545 -0.192250
-0.005423 -0.043690 0.485717
-0.025486 -0.655054 -0.119770
-0.067798 -0.640432 -0.135423
0.513585 -0.639428 -0.159965
-0.050848 -0.667862 0.463270
0.010340 -0.706747 -0.153615
0.010755 -0.722186 -0.158352
-0.050800 0.575582 -0.856823
-0.126263 -1.276232 -0.879363
-0.155750 -2.576551 -0.885644
-0.152850 -2.584853 0.435416
-0.167399 -3.158621 0.502855
-0.195667 -3.092871 1.169968
-0.190871 -3.071679 1.128122
-0.127232 -2.430082 1.754165
-0.061336 -1.106917 1.801802
-0.049536 -1.753473 1.857108
-0.079132 -1.752894 0.519492
-0.798582 -1.107582 0.482446
-0.109528 -1.087424 -0.080996
-0.093374 -1.662272 -0.612155
-0.078873 -1.589601 -1.205138
-0.052266 -1.566654 0.019993
-0.004776 -1.591564 -0.074830
-0.619724 -1.636200 -0.670768
-1.906787 -1.682447 -0.597746
-1.883741 -1.739564 0.030727
-0.525509 -1.805634 -0.046430
-0.500504 -1.858598 -0.107181
-0.531331 -1.867065 -0.110453
-0.593952 -1.825131 -0.103067
-0.620089 -1.780962 -0.147870
-0.582883 -2.406126 0.417161
-1.212364 -2.399808 0.368469
-1.238118 -0.532761 0.997681
-1.917450 -1.197827 0.998957
-1.299019 -1.220786 0.295744
-1.279367 -1.913708 -0.362830
-1.947115 -1.278069 -0.350481
-1.971273 -1.246436 0.301614
-2.041090 -1.183834 0.305393
-2.091460 -0.481060 0.258568
-2.066807 -1.728408 0.222350
-1.370096 -2.369608 -0.385144
-1.308795 -2.343933 -0.356929
-1.296469 -1.646670 -0.387832
-1.295753 -1.632423 -0.451077
-1.249190 -1.668481 -0.477172
-0.534689 -1.039809 -0.435622
-0.478330 -0.376152 -1.059361
-1.817820 -0.311906 -1.102230
-1.850220 -0.291151 -0.503265
-1.824628 -0.327879 0.113033
-1.756164 -0.346570 0.849752
-1.717571 -0.963104 0.909987
-1.748054 -0.940065 0.919686
-1.797780 -1.612713 1.561571
-1.805115 -1.077583 1.576264
-1.780913 0.175836 1.619143
-2.382471 0.201191 1.642836
-1.813615 -0.342590 1.631706
-0.592478 -0.360782 1.608878
-0.609513 -1.018356 3.523818
-0.598256 -1.007597 3.561533
-0.579531 -1.005337 3.571964
-0.585474 -0.407737 1.701837
-0.620133 -0.479574 1.058644
0.577436 0.105876 1.114084
0.557070 -0.476777 1.152775
0.548569 -1.124676 1.092936
1.124647 -1.171516 1.049134
1.102561 -0.606836 1.033034
1.114805 -0.582772 1.049865
0.518552 -0.531418 0.393272
0.545871 -0.540277 -0.241642
-0.074491 -1.248575 0.358443
-0.072385 -1.296888 0.362979
-0.064505 -1.257760 1.001526
0.579928 -1.195689 1.007693
1.862968 -0.569696 0.986424
0.582844 -0.606286 0.335425
1.193109 -1.179012 0.974236
1.190363 -1.083614 1.668768
1.217958 -1.016171 1.049731
1.268494 -1.021256 1.031343
1.309307 -1.038058 1.043279
1.331447 -1.003688 1.085424
1.361411 -0.951089 1.113454
1.403914 -0.957451 1.726991
2.109283 -2.308827 2.294820
2.783249 -2.335587 1.638725
2.108185 -2.293620 1.674879
2.116131 -2.235938 1.100414
2.178103 -2.231871 1.050652
2.178057 -3.482913 1.003567
2.160212 -3.507382 1.020073
2.146494 -2.858293 0.423118
1.495870 -2.137086 0.420404
2.179472 -1.528201 0.334320
2.180686 -1.597088 0.882224
0.791911 -1.647395 0.883031
0.095339 -1.651306 0.924394
0.104660 -0.993296 0.921498
0.770268 -1.013742 0.202373
1.401934 -1.051152 0.190417
1.361478 -1.695959 0.243863
1.334465 -1.032908 0.306897
1.365995 -0.375309 0.965808
1.416271 -0.398812 0.285177
2.721340 -0.434380 0.919812
0.796064 0.200629 0.951082
0.778643 0.244074 1.649837
0.782691 -0.353961 1.652093
0.806113 -0.354587 1.645917
0.825862 -1.007189 1.666426
0.833549 -0.982908 1.696912
0.847825 -0.970115 1.726244
0.288338 -1.020732 1.093633
0.359395 -1.742624 1.620719
1.017136 -1.811312 0.907495
1.044768 -1.822583 1.468933
0.460565 -2.532141 2.077021
0.465666 -2.583546 2.740895
1.728042 -2.647278 2.751175
1.724212 -2.655946 2.755037
1.679789 -2.637320 2.748609
1.615708 -2.670204 2.759650
1.576366 -2.707964 2.795129
1.559985 -2.799285 2.179908
1.551746 -2.794838 2.157074
1.514128 -3.310195 2.127790
1.466965 -3.910233 2.788567
1.436110 -3.966732 2.219738
1.425896 -2.700231 2.881504
1.418487 -3.263374 2.896834
1.377744 -2.513007 2.898191
1.323590 -2.484557 2.917044
1.281131 -2.519087 2.958790
0.650667 -2.500377 2.969054
0.658113 -2.402053 2.911539
0.649084 -2.318965 2.187389
0.633433 -2.339173 2.827290
0.634986 -2.424214 2.201521
0.665695 -2.445011 1.559468
0.703936 -1.753168 2.175643
0.712838 -1.727412 2.166157
0.685604 -1.785521 2.824452
0.658628 -1.224811 2.236100
1.209617 -1.235029 2.218652
1.239120 -0.591043 1.545698
1.240984 -0.569662 1.520980
1.216760 -1.231488 0.882005
1.193691 -1.238944 0.262722
1.147779 -1.209484 0.292227
1.145705 -1.172348 0.311564
1.137014 -1.150069 0.323985
1.122405 -1.801390 0.334032
1.115286 -1.816569 0.344683
1.140315 -1.814614 0.345672
1.193501 -1.818602 1.590778
1.236336 -1.829168 0.861033
1.257339 -1.818464 0.157073
1.249578 -1.752789 0.848396
1.251722 -1.680433 0.923207
1.287651 -1.660967 2.275581
1.317608 -1.695757 2.938477
1.985495 -1.073284 2.906690
1.953060 -1.040160 2.302786
2.588798 -0.970855 2.332165
2.656881 -0.997187 3.016311
2.719191 -1.073422 2.992794
2.728408 -0.479645 2.942806
2.699967 -0.430897 2.921153
1.504744 -0.377630 2.956553
0.942280 -0.406329 3.013204
1.022760 -0.495025 3.012904
1.009797 -0.542224 1.667689
0.926173 -0.500834 0.989671
0.898589 -0.447701 0.970770
2.331653 0.125746 0.997635
2.450729 0.667779 1.566727
2.462254 0.645428 0.866085
3.000463 0.718295 0.829353
0.947501 0.166463 0.852593
-0.269453 0.129123 0.268547
-0.223788 0.012592 0.312151
-0.267828 -0.066764 0.306254
-0.371322 -0.038678 0.282246
-0.412971 0.025085 0.986512
-0.369300 0.016800 1.000898
0.335230 -0.068226 1.616374
0.932222 -0.740833 1.586765
0.846793 -0.714999 1.549979
-0.463434 -0.657630 1.533936
-1.079920 -0.659146 0.914634
-0.473939 -0.742093 0.901851
-0.521896 -0.826840 0.848469
-0.560967 -0.836310 0.779065
-1.172843 -0.789794 0.746363
-1.148284 -0.746184 0.762599
-0.523832 -0.760497 0.788425
-0.557771 -0.799131 0.779823
-1.187989 -0.801505 0.751150
-1.161942 -0.756160 0.108429
-1.153093 -0.700521 0.149833
-1.184148 -0.697581 -0.459407
-1.214172 -1.396174 0.141113
-1.197414 -1.428272 0.104022
-1.152288 -1.424356 0.118381
-0.456592 -1.396506 0.176297
-0.477953 -0.779732 1.530393
-0.486150 -0.791560 1.560205
-0.453411 -0.788778 0.930416
-1.093549 -0.172118 1.601192
-0.476450 -0.183982 1.651573
-0.564301 -1.427991 2.312319
-1.251576 -1.457396 2.300835
-1.241244 -0.852055 1.635600
-0.590940 -1.442312 1.634841
0.020939 -2.083538 1.649589
-0.005196 -2.144166 1.663652
0.010479 -1.542109 1.668541
0.062142 -1.512337 1.668744
0.096833 -1.490842 3.512407
0.079056 -1.537394 2.865319
0.042627 -0.962068 2.209486
-0.595148 -0.960477 2.184159
0.092897 -0.886336 2.138444
0.121590 -0.819969 1.449480
0.127504 -0.820906 1.435762
0.129885 -0.835766 1.423712
-0.447127 -0.796589 2.031221
0.257375 -0.075211 1.342003
0.898075 -0.013434 0.771634
1.491750 -0.030074 0.848274
0.853729 -0.656066 0.916675
1.441729 -0.014890 0.914604
1.415064 0.067077 0.866880
1.392098 0.086255 0.147464
1.372180 -0.583624 0.180134
0.739036 -1.273381 -0.419641
0.732846 -1.285806 0.245984
0.723919 -0.646919 0.222669
0.715451 0.543057 0.202734
0.709990 -0.130103 0.233993
0.698121 -0.775978 0.278270
0.676609 -0.816039 0.282404
0.674737 -0.809194 0.226541
0.715747 -0.799121 0.164413
0.777334 -0.183611 0.751893
0.820845 -0.200548 0.729951
0.845677 0.411195 0.716422
0.879401 0.397798 1.368853
0.921847 0.417568 1.369029
0.948933 -0.164705 1.351019
0.931591 -0.106440 1.338779
0.893485 0.543431 1.357386
0.882257 0.526543 1.385200
0.914141 -0.120678 2.607149
0.948822 -0.106969 2.567495
0.935521 -0.096211 2.538424
0.893449 -0.109685 1.952947
0.870642 -0.181785 1.341916
0.879565 -0.218725 1.368543
0.246493 -0.187362 1.368747
0.824716 0.528534 0.731861
0.720641 0.581608 0.768426
0.658609 0.559507 1.476782
0.662720 0.517179 1.469667
-0.504709 0.527048 2.012891
-0.535788 0.586933 1.917827
-0.595480 0.594288 1.903022
-0.607797 0.580228 1.943409
-0.560173 -0.711655 1.939813
-0.516161 -0.092332 1.851429
-0.540956 -0.057467 -0.133869
0.037482 0.657670 -0.700948
0.060212 0.670603 -0.576096
-0.491439 0.640589 -0.534757
-0.434577 0.609807 -0.610264
-0.438003 0.612249 -0.679024
-0.445153 0.627906 -0.644553
-0.410077 1.219146 -0.567833
-0.347248 1.164418 -0.569147
-0.325920 1.142388 -0.646764
-0.377255 1.181895 -0.695532
-0.435578 1.240854 0.002508
-0.439261 0.618165 -0.571897
-0.402328 1.207336 -1.222475
-1.010586 0.546958 -0.691450
-0.421132 0.564193 -0.749065
-0.448810 -0.039665 -0.039999
-0.442285 0.543601 0.029203
0.185687 1.125856 -0.624109
0.196118 1.734735 -0.680922
0.174685 1.122830 -0.078011
0.167176 0.530737 0.029437
0.196773 0.519767 -0.481801
0.227928 0.456105 -0.436694
0.227893 0.424625 -0.484266
0.206879 -0.219658 0.131262
0.197832 0.401932 -0.442553
0.205001 1.042387 -0.346208
0.208951 1.063312 -0.353734
-0.419102 0.473979 -0.453852
-0.431063 0.495240 -0.519682
0.199442 0.515956 -1.103769
-0.422976 0.549128 -0.396733
-1.070088 1.214926 -0.432233
-1.077113 1.225648 -0.568764
-1.068448 1.816623 -0.673228
-1.049333 1.167285 -0.667612
-1.028907 1.191893 -0.638372
-1.001568 1.224990 -1.330549
-0.956448 1.222587 -2.753581
-0.901735 0.557352 -2.165284
-0.853791 0.523336 -1.470836
-0.820637 -0.123189 -1.403130
-0.803517 -0.143482 -1.443602
-0.793831 -0.824012 -2.165697
-0.793446 -0.270972 -1.519087
-1.436002 -0.303794 -1.397512
-1.453460 0.322391 -0.715208
-1.471695 0.359460 -0.731943
-1.487014 0.353909 -1.375030
-1.498438 0.332858 -1.361708
-0.881388 0.358945 -0.664486
-0.909763 0.395904 -1.311143
-0.934567 1.625649 -1.375406
-1.544439 2.283386 -1.430462
-1.537631 3.546769 -1.415339
-1.570740 3.558356 -1.366670
-1.618622 4.225187 -1.374421
-1.635404 4.225093 -1.436016
-1.005182 4.197181 -1.476745
-1.615964 4.793578 -1.463591
-1.637999 4.769200 -1.455572
-1.677203 4.098502 -2.742654
-1.669481 4.047563 -2.788526
-1.616532 3.978458 -2.787850
-1.600928 4.599800 -2.127948
-1.042692 3.370068 -2.758141
-1.108057 2.761933 -3.424895
-1.718435 2.157089 -2.790001
-1.666724 0.299471 -2.739296
-1.646418 0.281187 -3.311503
-1.680931 0.902483 -3.352340
-1.709168 0.956893 -3.413556
-1.672837 0.978569 -2.760225
-0.288569 0.960102 -2.717484
-0.278697 1.588021 -2.717037
-0.328722 1.654599 -2.119521
-0.359533 1.106218 -2.150861
-0.325786 0.513446 -2.103734
-0.280992 1.130916 -2.631264
-0.273467 1.758065 -2.614388
-0.299452 2.404703 -3.298600
-0.296593 1.098534 -3.378443
-0.252602 0.440143 -3.410205
-0.205141 0.366699 -3.467101
-0.198591 1.644213 -2.224165
-0.228367 1.686570 -2.309964
