-0.995836 -2.054106 0.016559
-1.004382 -0.619979 0.069903
-0.364503 0.694750 -0.528865
-0.356279 0.627699 -0.557617
-1.019875 0.566688 -0.593877
-1.674393 0.616174 -0.575490
-1.674842 0.706297 -0.524498
-1.642463 0.041556 -1.117052
-0.943433 -0.080414 0.699930
-0.281783 -0.163297 0.668597
-0.275261 -0.771586 0.703727
1.001501 -0.710434 0.121608
-0.269055 -0.736429 0.188532
0.378105 -1.431503 0.163577
1.008776 -1.499070 -0.515966
2.260449 -2.138814 -0.518297
2.171516 -1.469426 -0.485935
2.177128 -1.478592 -0.509750
2.231458 -1.530019 -0.621533
2.234895 -1.549470 -0.709055
3.449099 -3.409703 -0.678708
4.684538 -3.338877 -0.590361
4.796039 -3.292700 -1.814879
4.893184 -3.277002 -0.554091
3.544024 -3.268636 0.693176
2.873144 -3.264925 0.066219
2.204341 -3.259119 -1.154016
2.230537 -2.627723 -1.205886
2.262010 -2.651664 -1.280324
2.238381 -2.682957 -0.646488
2.196951 -2.048983 -1.225826
0.994811 -2.049847 -0.524450
1.038512 -2.073271 -0.496532
2.306107 -3.378634 -1.105612
2.262185 -2.786719 -1.072601
2.169226 -1.561571 -0.409724
2.126773 -2.850710 -0.413816
0.909720 -3.479195 -1.094990
2.204356 -3.551196 -1.118702
3.471900 -2.307542 -1.081761
3.431372 -2.285948 -0.389669
3.506134 -2.863302 -1.000839
3.575105 -2.892492 -1.013946
3.592280 -2.373980 -0.980343
3.569153 -1.789187 -0.257357
2.916361 0.216386 -0.873789
2.956292 0.177874 -1.549123
2.992991 -0.476306 -1.631846
2.973354 -0.484139 -1.682405
2.299848 0.189030 -1.676018
2.297780 -0.351483 -1.067033
2.366703 0.286987 -1.088967
3.049616 -0.371547 -1.123551
3.029084 -0.386096 -0.532976
2.995858 -0.347503 -0.510371
3.024668 -0.940164 -0.521960
3.086948 -0.971327 -0.576528
3.733028 -0.991359 0.023558
3.649621 -1.615339 -0.598953
3.592247 -1.504507 0.080351
3.640023 -1.463324 0.113844
4.358694 -0.885255 0.111535
4.370408 -0.943679 -1.245821
4.304419 -1.598285 -0.596830
4.263723 -0.946153 -1.211080
2.992034 -0.344101 -1.226269
3.066630 -0.392180 -1.258476
3.061575 -0.396747 -1.238238
2.338564 -0.319450 -1.238874
1.611383 -0.223621 -1.251325
1.606991 -0.187045 -1.912251
1.639030 -0.186738 -1.289589
2.949479 -0.172512 -1.223356
1.726087 0.485614 -1.172430
1.703647 0.486804 -1.110327
1.037906 0.439822 -1.702573
1.111556 0.399704 -2.319195
1.153234 0.414918 -2.299680
1.757866 0.470439 -2.300506
1.728149 -0.670741 -2.898492
1.757834 -0.091275 -2.863667
1.206990 -0.714405 -3.451101
1.867073 -0.699824 -2.784035
1.870643 -0.725599 -2.761732
1.837001 -0.791424 -3.348136
3.078833 -0.251590 -3.308550
3.057138 0.404481 -3.306213
3.053530 0.426848 -3.327771
2.409724 -0.190623 -3.361870
2.381074 -0.179417 -3.372452
2.330212 -0.152047 -2.106389
2.315504 -0.074679 -0.817401
2.344000 -0.055084 -0.260072
2.361511 0.538747 -0.304519
2.348134 0.467234 -1.505524
2.994712 -0.203145 -2.679014
2.373493 -0.271265 -2.096502
1.137389 -0.265206 -0.239109
0.501957 0.364122 -0.892841
-0.204852 0.966316 -0.902914
-0.847006 0.954358 -1.549853
-0.212276 -0.329405 -2.202636
-0.189892 0.984233 -2.221953
0.454857 0.962875 -2.185115
1.082256 0.913431 -2.134087
1.049026 -0.358981 -2.121942
0.394780 -0.975383 -2.132485
0.387794 -0.964169 -2.151943
0.375972 -0.929448 -2.168654
0.360391 -1.564297 -2.184072
0.343526 -0.868235 -2.191069
0.327642 -0.832899 -2.176435
0.305793 -1.993771 -2.147612
0.302616 -1.956452 -2.125845
0.307783 -3.213038 -2.125760
-0.337694 -2.629323 -1.515159
-0.344700 -2.615948 -0.832491
-0.342331 -2.517861 -0.811952
0.316169 -3.104078 -0.838622
0.372215 -3.098825 -0.880560
0.347324 -3.780472 -0.883353
0.300910 -3.129172 -1.493764
-0.294822 -3.090367 -1.480036
0.425551 -3.062557 -1.499046
-0.866632 -1.171741 -1.524643
-0.879706 -1.210777 -1.511034
-0.893979 -0.637620 -0.104665
-0.841989 -0.645339 -0.077831
-1.393017 0.022426 0.490647
-1.360249 0.071089 1.027571
-0.131320 -1.177774 -0.189670
-0.156690 -1.224030 -0.067280
-0.116865 -1.266044 -0.002552
-0.036847 -1.254219 -1.295354
-0.012776 -1.182816 -1.358012
-0.066222 0.102075 -1.337978
-0.114786 0.729931 -1.931959
-0.740507 0.674461 -1.919666
-1.316910 0.719385 -1.999325
-1.317198 0.821797 -2.633864
-2.032918 0.844510 -2.613598
-2.139380 1.365607 -1.932204
-2.170612 1.209606 -2.584243
-2.166408 1.115902 -2.654869
-2.198170 1.827806 -3.312884
-2.876774 1.840966 -3.326019
-2.893665 1.136846 -3.310671
-2.830573 1.672482 -3.316750
-2.758886 0.972367 -3.353617
-2.753239 0.412271 -3.384106
-2.142941 0.478123 -2.747931
-2.131574 1.118646 -2.720515
-2.070169 0.495967 -2.695922
-2.031350 0.514316 -2.724695
-2.042264 -0.083131 -2.774765
-2.060554 -0.043796 -2.785621
-2.692340 -0.025441 -2.763641
-2.669672 -0.021078 -3.384771
-2.663574 -0.609547 -3.424464
-2.073130 0.679417 -3.460266
-1.505144 2.015565 -3.444794
-1.555403 1.965085 -3.390914
-1.584353 2.538720 -3.365761
-1.589493 1.843104 -2.802486
-1.600077 3.065355 -2.851564
-1.010684 2.968482 -2.211958
0.232778 3.567783 -2.168314
0.188859 4.154797 -2.157974
0.176432 4.132557 -2.195715
0.180632 4.092588 -2.224725
0.203738 4.078154 -2.220675
0.154502 4.108595 -2.203597
0.121498 4.147380 -2.204705
-0.475970 4.182776 -0.914536
-0.392925 3.554921 -0.863829
-0.320830 3.611539 -0.229210
-0.324445 3.679564 -0.213373
-0.343736 4.414686 -0.183421
-0.339764 3.805676 -0.814029
-0.294622 3.151007 0.353258
-0.265851 3.838849 -0.274920
-0.291778 3.254475 -0.897315
0.327501 3.255402 -0.841039
-0.376188 3.191278 -0.123504
0.275442 3.129219 -0.705309
0.940827 3.765339 -0.705474
0.950239 3.797330 -0.699632
0.331486 4.461390 0.539734
-0.326834 3.774333 -0.051694
-0.366468 3.732987 -0.704536
-0.392357 4.407246 -1.409461
-0.400988 4.432207 -0.114755
-0.394364 4.389975 0.571666
-0.378203 4.312434 -0.043098
-0.354766 4.297875 -0.736180
-0.324756 4.298483 -0.745138
-0.290496 4.925537 -0.728433
-1.524660 4.253694 -0.720099
-1.515420 4.234595 -0.123586
-2.146490 2.979070 -0.177822
-2.149403 2.343662 -0.234127
-1.492836 1.083281 0.375829
-2.157280 1.080569 -0.197046
-2.170224 1.055014 -0.162420
-1.536378 1.021084 0.441563
-1.556307 1.006158 0.421772
-0.949578 1.004377 -0.233864
-0.969946 1.002736 -0.191701
-1.575967 0.982696 -0.169712
-1.540165 0.346301 0.422510
-1.533320 0.374561 0.369987
-1.559878 0.408780 0.378920
-0.934106 0.410534 0.437206
-0.898355 0.385952 0.457388
-0.871626 0.363806 -0.818823
-0.885550 1.003468 -0.858654
-0.910678 1.015498 0.417008
-0.913518 1.032199 -0.794250
-0.884673 1.052251 -1.467511
-0.858387 1.084666 -1.541904
-1.514089 1.779891 -0.955526
-1.526432 1.178365 0.323415
-1.526130 1.200084 -0.255920
-1.528622 0.557708 -0.256912
-1.560189 0.477194 -0.267436
-2.235949 0.412915 -0.231890
-1.623304 0.408322 -0.165349
-1.611449 0.410550 -0.146485
-1.618647 0.377081 0.402006
-1.006499 0.936787 -0.326757
-0.987474 1.568329 0.331659
-0.299027 1.011970 0.363197
-0.892631 1.044643 0.357812
-0.907354 0.406387 1.700390
-0.930073 0.388635 1.696825
0.382411 1.038612 1.742309
0.401410 1.695843 1.790359
0.421912 1.693125 2.452780
-0.933786 1.685062 2.419964
-0.871923 2.315343 2.380248
-0.860343 2.280115 2.359412
-0.885466 2.233377 0.971646
0.331628 1.574843 0.970321
-0.276766 1.580590 0.958384
-0.839610 1.613163 0.354890
-0.816215 2.892217 0.378596
-0.849106 2.883113 1.063787
-0.190288 2.892821 1.084098
-0.786707 2.942688 0.441357
-0.105774 3.004347 0.454366
-0.083136 1.770211 0.489874
-0.086146 1.094845 1.172122
0.542494 0.457658 0.574652
0.528493 0.473822 0.565447
0.515471 0.525654 0.558707
1.122545 0.539552 0.585046
1.085485 1.111001 0.635491
1.684173 1.077705 -0.002919
2.315294 1.110964 -0.040666
2.335038 1.794065 -0.729818
2.997647 1.158081 -0.751441
2.972859 -0.188383 -0.748061
2.930157 0.404480 -0.754720
2.298284 0.394363 -0.788301
2.310034 -0.199960 -0.831022
1.725981 0.404257 -0.210563
1.131251 -0.278010 0.433434
1.147592 -0.303003 0.435040
1.159434 0.339435 0.395411
0.580781 -0.247118 0.991815
-0.014190 -0.859325 0.946808
-1.862606 -0.894158 0.919652
-1.863282 -0.914612 1.547834
-1.271278 -0.914924 0.883726
-0.687628 -0.936891 0.880879
-0.750859 0.347803 0.902359
-0.177034 0.312778 1.580381
-0.205242 0.293687 1.635255
-0.231544 0.288585 1.013672
-0.224262 -0.346432 1.047472
-0.181291 -0.379207 1.069476
-0.755965 -0.403096 1.080606
-0.099840 0.210856 1.076221
-0.060664 0.197687 1.071818
-0.633049 -1.065292 1.095299
0.655664 -1.048039 0.503393
-0.094045 -1.024650 0.481669
-0.165641 0.248342 0.432885
-0.180324 -0.388548 0.366528
-0.142941 -1.019382 0.317515
-0.103026 -0.973016 0.278845
-0.727164 -0.949309 0.254513
-0.722549 -0.977503 -1.050581
-0.104704 -1.002021 -1.025321
-0.017013 -1.625343 -1.638299
0.024739 -2.934131 -1.583101
-0.022248 -2.328663 -0.916219
-0.749613 -3.672535 -0.280267
-0.739799 -3.723427 -0.247894
-0.682695 -4.316033 -0.203523
-0.021684 -4.238190 -0.189198
-0.081309 -3.584391 0.391223
-0.729343 -3.010357 0.403470
-0.054410 -3.658399 0.483289
0.022691 -4.234604 -0.704746
0.072516 -1.177849 -0.678875
0.038101 -1.147795 -0.698198
-0.007143 -0.473298 -1.338534
0.013678 -1.050262 -1.902183
1.345319 -0.451752 -2.542246
0.719880 -0.399656 -2.575274
0.033929 0.911127 -2.023355
-0.016126 0.329308 -2.085917
0.655430 -0.889327 -2.080253
0.714261 -0.879803 -2.057181
0.728538 -0.237144 -1.443027
0.655467 -0.216991 -1.490785
-0.097294 0.449496 -0.919375
-0.130375 0.431244 -0.233838
-0.113106 0.401523 -0.187186
-0.129304 0.373329 -0.180727
-0.196359 0.362430 -0.215996
0.397540 -0.875080 0.392016
0.411808 -0.282524 -0.197836
0.475435 -0.268265 -0.155713
0.433743 -0.897779 0.496019
0.450395 -0.886592 0.469843
0.418319 -0.882333 0.444445
1.073199 -0.278099 0.433752
1.119797 -0.926328 -0.204665
1.171848 0.302587 -0.219663
1.180680 0.275140 -0.234207
0.503648 -0.391461 -0.863716
0.483471 -0.421867 -0.213867
0.477565 0.196626 0.431857
0.482476 0.186748 -0.216431
-0.158682 0.171088 -0.231655
1.792291 0.160756 -0.227771
1.155819 0.815143 -0.201191
1.738397 0.841516 -0.195083
1.699069 0.862950 -0.231678
1.705129 0.259622 0.400378
1.716150 0.270641 0.454349
2.386355 0.294279 0.553839
2.354441 0.324085 0.609524
2.371067 0.341776 0.566174
2.477022 -0.299726 0.516948
-0.057119 -0.301169 0.545573
-0.054756 -0.304407 0.630747
-0.083392 -0.916153 0.676835
-0.090027 -0.906464 0.614423
-0.063748 -0.897491 0.551463
0.592569 -0.268572 0.583824
0.604329 0.331952 0.686230
1.235467 0.325192 2.057894
0.592832 1.123692 2.062619
0.585746 1.727477 2.025968
1.198174 0.485716 1.995932
-0.115002 0.520966 1.991666
0.563336 1.176329 1.315842
0.557996 1.179114 1.253907
0.552577 1.164085 1.865663
0.559079 1.846664 1.846807
0.585747 1.896752 1.873771
1.244505 1.915072 1.884887
1.273876 1.878548 0.586235
1.241296 1.820824 0.524430
0.567700 1.797407 0.479771
0.519037 0.515001 0.487334
-0.140743 -0.651067 0.454563
-1.478731 -1.362978 -0.800949
0.473963 -0.755481 -0.219860
0.462501 -0.733648 0.351197
0.420956 -0.695367 0.401187
-0.218464 -1.350819 1.117448
0.417066 -0.793442 1.142203
0.434543 -0.218009 1.080900
-0.219620 -0.230140 1.046691
0.399878 -0.867515 2.317286
0.367081 -0.907193 2.287623
1.051126 -0.346886 2.295682
1.759431 0.277136 1.666706
1.797038 0.317229 2.326539
1.176669 -0.272236 2.312378
1.215352 -0.279423 2.320242
1.874580 -0.295309 1.745636
1.933769 -0.283370 2.407307
1.947936 0.303430 1.754069
1.920525 0.922720 2.266606
2.530263 0.902794 1.552974
2.506906 0.890328 0.948082
2.493871 0.915931 1.006773
1.816920 0.960601 1.631258
1.152251 0.326891 1.608127
1.137382 0.272520 2.862297
0.491896 0.235590 4.199685
0.479235 0.914727 4.209250
-1.408242 0.946440 4.204599
-0.860834 0.290122 4.190940
-0.920901 0.894482 3.517591
-0.921412 0.927587 3.533694
-0.900223 1.019901 3.582942
-0.906824 1.109752 3.644846
0.921306 0.441386 3.685073
1.574647 0.381112 3.718953
1.652840 0.374516 3.776318
2.370325 0.430951 3.819905
5.590105 0.466594 3.825360
4.317769 1.069057 3.783815
3.009015 1.022164 3.738359
2.433156 1.717833 3.085302
2.497357 1.800761 3.078603
2.529818 1.860673 3.697196
3.185669 1.847419 3.658814
3.209484 1.139384 2.405835
1.999648 0.447631 2.405045
2.615406 -0.160497 1.779399
3.246072 0.520764 1.765115
2.530812 1.096524 1.717294
2.471335 0.341181 1.683738
1.758150 0.309381 1.694645
1.692372 0.356154 2.347534
1.659996 0.397572 3.036074
0.990056 -0.261511 3.044803
-0.248511 -0.361785 3.047196
-0.264855 0.189194 3.049986
-0.276445 0.139682 1.844391
-0.228753 0.101277 2.441784
0.493467 0.682331 1.762552
0.484603 -0.625717 2.439699
0.403574 -0.668335 2.499278
0.322682 -0.622340 2.534128
0.321831 -0.507090 2.528053
0.369588 -0.468466 1.892291
0.391276 -1.773282 1.913985
0.373763 -1.793991 2.528299
1.014087 -1.225378 2.493150
1.078793 -1.232415 2.425490
1.814600 -1.231326 2.357432
1.856885 -0.622048 2.334557
1.129989 -0.653702 2.338133
1.062120 -0.625312 2.339842
1.588951 -0.547280 1.652597
2.210678 -0.491265 1.606472
2.162591 -0.506115 1.597842
1.528182 -0.558196 0.357791
0.847731 -0.587718 0.383862
0.900858 0.031529 0.359756
0.947825 0.002324 0.328000
0.946316 0.580190 0.345621
0.906743 0.575599 0.402851
0.877368 0.622782 1.092811
0.881248 0.056525 1.099538
0.258095 0.751145 1.679440
0.218254 0.106744 1.656975
0.799599 -0.546733 1.072538
0.838201 -0.563051 1.122378
0.947936 -0.555161 1.102604
0.446771 -1.149313 1.048779
-1.454824 -1.119922 1.103264
-1.454370 -0.487456 1.139753
-0.757498 0.175290 1.188212
0.546539 -0.452155 1.192996
0.625443 -1.032239 -0.123092
0.624784 -0.996852 -0.147810
0.568515 -0.387839 -0.138276
-0.108503 -0.414752 -0.113475
-1.348612 -1.014624 -0.135285
-1.232116 -0.384312 -0.192104
-1.174124 -0.394565 -0.242778
-1.829038 -1.029661 -0.255385
-1.833829 -0.369669 0.400095
-1.775314 -0.340097 1.042265
-2.313613 -0.326455 0.361929
-2.286896 -1.008898 0.322700
-2.996368 -2.410989 0.320540
-3.019537 -2.427362 0.346349
-1.715957 -1.089056 -0.959464
-1.642359 -1.691292 -0.983506
-0.927797 -0.364087 -0.317427
-0.971053 -0.432038 -0.247630
-1.034054 0.205557 -0.161471
-1.081742 0.981181 -0.793642
-1.119220 0.417677 -0.812119
-0.517240 0.346208 -0.812384
0.656682 0.194292 -0.748503
0.606028 0.150022 -1.995940
0.589479 0.844142 -2.001114
0.572681 0.921652 -2.028694
-0.107964 0.913167 -3.267791
-0.148159 1.513978 -4.392579
-0.185492 1.500364 -3.741920
-0.227817 1.548835 -3.801793
-0.277293 1.598433 -3.858323
-0.308572 0.893381 -3.842521
-0.958084 0.808170 -3.144574
-0.958297 0.776412 -2.471582
-0.954603 0.823960 -3.219060
-0.946455 1.522792 -3.252957
-0.283401 1.495301 -3.188804
-0.249608 1.469588 -2.441325
-0.227574 1.479225 -1.151074
-0.226853 1.512659 -0.560902
-0.234545 -0.363688 -0.608048
0.430340 -0.401996 0.054467
0.452654 -0.472621 -0.631172
0.487539 -0.516870 -0.652257
1.152794 -0.524267 -0.687960
1.796250 -0.512999 -2.676685
1.790383 0.164132 -2.605939
1.789959 0.215962 -2.566214
0.557934 0.255784 -2.599584
0.521430 0.901807 -2.662329
0.454645 0.892376 -2.673382
0.395477 0.882592 -2.644749
0.385238 0.951044 -3.943317
0.420342 0.993136 -3.948043
0.434742 0.984063 -3.952811
0.410952 0.960926 -3.270057
1.030744 -0.251501 -3.213463
1.052104 -0.163834 -3.178197
1.114237 0.537725 -3.165261
1.125955 -0.100466 -3.150850
1.093323 0.459638 -2.497873
0.414890 1.064277 -2.488738
0.430899 0.475883 -2.507090
1.772654 0.514147 -3.128523
1.808002 0.502159 -3.743391
1.837466 1.084964 -3.703281
1.877261 1.088906 -3.712699
1.928312 1.130282 -3.762202
1.961621 1.171966 -2.549425
1.958951 1.158495 -2.521034
1.933586 1.088301 -2.496792
1.906564 1.031987 -2.534900
1.884693 1.022690 -2.594194
2.489176 0.416995 -1.977436
1.829424 1.076318 -1.957428
1.804474 0.433945 -1.934006
2.417987 0.400592 -1.950512
2.436149 1.015651 -1.979440
2.450408 1.066661 -1.333294
2.439396 1.092159 -1.297775
1.763318 0.382670 -0.634455
1.765742 0.278318 0.568036
1.793579 0.236513 0.543599
1.812613 -0.360516 -0.090307
2.459891 -0.299517 -0.704837
1.801944 -0.302809 -0.691131
1.810303 -0.349556 -0.688394
1.846656 -0.340817 -0.679546
1.224955 -0.265361 -0.661745
1.199358 -0.214664 -0.645431
0.494996 -0.262694 -0.650779
0.441328 -1.634410 -0.002949
0.430712 -1.665589 -0.050321
0.420970 -1.626244 -0.088284
0.383516 -1.588570 -0.102546
0.331798 -0.316735 -0.105703
0.295866 0.293339 -0.108876
0.289952 0.310749 -0.118518
0.289766 1.018081 -0.130719
0.294877 1.005430 -0.147492
1.654481 1.570021 0.471299
1.649369 1.474719 0.451983
2.346018 1.402119 0.443358
1.699833 1.370787 0.461859
2.430786 1.361710 0.515972
1.844753 1.348658 0.580974
1.839756 1.350334 0.627894
-0.136620 1.386609 0.663704
-0.152346 1.424565 0.709657
0.565165 1.454413 0.764160
0.608702 0.141109 0.791063
0.596587 0.088778 0.095348
0.542441 -0.628207 -0.593333
-0.172498 -0.674836 -1.244627
0.524352 -0.646864 -1.197329
0.573805 -1.255551 -1.809299
0.557539 -0.577062 -1.794578
0.493849 -0.599974 -1.124657
0.471494 -0.645068 -0.523365
0.505772 -0.580303 -0.503619
1.169117 -0.479984 -0.519041
1.772709 -0.440862 -0.563287
0.440840 -0.507661 -0.597138
0.453392 0.077653 -0.595798
0.523956 0.150267 -0.586820
-0.074687 -0.374750 -0.596955
-0.106397 0.329057 -0.625997
-1.411340 0.333963 -0.643011
-2.070040 0.366512 -1.287847
-1.404396 0.434875 -1.281290
-1.379528 -0.733521 -1.284875
-1.384621 -0.796385 -1.947714
-1.395875 -0.882849 -2.008993
-1.985102 -0.924783 -1.416343
-1.938026 -0.875867 -1.418367
-1.261162 -0.797058 -2.041403
-1.254441 -0.768452 -0.798164
-1.902569 -0.761642 -0.835823
-1.886655 0.436909 -0.828930
-1.866041 0.460554 -0.782238
-1.211191 0.455060 -1.404170
-1.171037 0.399337 -1.435143
-1.174190 0.334479 -2.068330
-1.180339 0.922388 -2.029915
-1.198399 0.943736 -1.949938
-1.234357 0.976809 -3.092963
-1.291793 0.998242 -3.099207
-1.353337 1.022234 -3.123826
-2.064850 0.474327 -3.104195
-2.089354 0.503778 -3.033840
-1.505855 0.511917 -2.361225
-1.510485 -0.835557 -2.376860
-1.473317 -0.865603 -2.412925
-0.795112 -0.879340 -2.430595
-0.766515 -0.855738 -3.066265
-0.779374 -0.824045 -3.086578
-0.786362 -0.816037 -3.107835
-0.783406 -0.839686 -3.170399
-0.782370 -0.859704 -3.215831
-0.802072 -0.870874 -3.193931
-0.859961 -0.891988 -3.163060
-0.235642 -0.926526 -3.163342
-0.235348 -0.977878 -3.229550
-0.852060 -1.003803 -3.286135
-0.852572 -1.665908 -3.271522
-0.228811 -1.637615 -3.229594
-0.243979 -0.338536 -3.212405
-0.249080 -0.314483 -3.250637
-0.241351 -0.953679 -3.266689
-0.235442 -0.958423 -1.942546
-0.242450 -0.964090 -2.491696
-0.206588 -0.955049 -2.491383
-0.137224 -0.951648 -2.534658
0.529446 -0.965199 -2.548423
0.591406 -0.991135 -2.527870
0.630363 -0.999080 -2.506203
1.263827 -0.976125 -1.879682
1.286665 -0.944591 -1.921331
1.303226 -0.934460 -1.264257
1.896539 -0.961155 -1.224237
1.860493 -1.623739 -0.553779
1.849952 -1.661050 -1.187353
1.890819 -0.407719 0.064390
2.611944 -0.406710 0.106205
3.232001 -0.417021 -0.453667
3.216162 -0.417717 -0.425956
1.955072 -0.392639 0.209944
1.258841 0.295311 0.173712
1.831741 0.295038 0.154047
1.177960 -1.012127 0.810650
1.136416 -1.039806 0.184395
3.056928 -0.422228 0.194036
3.673920 -0.452450 0.214511
3.707157 -1.739101 0.850097
3.156832 -2.401643 0.204268
3.203814 -2.392491 0.253596
3.836586 -1.790469 0.895616
2.641301 -1.223739 0.904879
2.610264 -1.242713 0.893253
2.574674 -1.210268 0.855048
2.569385 -1.778574 0.852517
2.567175 -1.826098 0.939313
2.555220 -1.928176 0.350136
2.521614 -1.959205 -0.243970
2.505928 -1.874985 -0.207016
2.554545 -1.769236 0.990978
2.611912 -1.131708 1.002709
1.945287 -0.551595 0.955399
1.839640 -1.147505 1.555694
1.737353 -1.714692 1.576144
1.040889 -1.070293 2.268792
0.405179 -1.129872 1.628593
0.401099 -1.234957 1.584307
0.963904 -1.276859 0.258649
0.896398 0.045356 0.940451
0.887488 0.042248 1.646554
0.918943 0.029092 0.947986
0.922658 0.021749 0.809663
1.532934 -1.236247 1.362360
1.476688 -1.169955 1.314343
1.448576 -2.277431 0.676195
0.798747 -2.306832 1.343964
0.817061 -2.404172 0.605570
0.856256 -2.454801 0.556050
0.257860 -2.437665 0.569587
0.320813 -2.405190 0.614651
0.352808 -1.769706 0.631712
0.983928 -1.766462 -0.662445
0.999461 -1.737229 -0.676781
1.035555 -1.696867 -0.676158
0.404921 -1.686129 -0.673925
-0.214868 -1.087068 -0.668435
-0.194344 -1.159072 -0.636987
-0.140951 -1.201386 -0.584803
-0.060559 -0.547936 0.081682
0.005277 -1.762516 0.103111
0.036848 -1.761161 0.726635
0.029643 -1.755743 0.086609
0.015653 -1.114359 0.704166
-0.005292 -1.090859 0.650979
-0.047052 -1.707032 0.611812
-0.070898 -1.740021 0.605844
1.211608 -1.143829 0.619264
1.250511 -1.790993 0.633983
1.212786 -1.843436 0.649489
1.154529 -1.840432 0.037133
0.531711 -1.836144 -0.003764
0.615990 -1.811439 -0.688788
0.029433 -1.767618 -0.094344
0.586982 -1.724997 -0.117498
0.504380 -1.731397 -0.744709
0.532684 -1.763064 -0.084310
0.639059 -1.779634 0.576799
0.692076 -1.137412 1.904838
1.298426 -1.099774 1.328582
1.269093 -1.088779 0.709826
1.337401 -1.087752 1.380899
1.428477 -1.735281 1.380818
1.424497 -1.704382 1.402709
0.691223 -1.687026 1.433161
1.258526 -1.705453 1.441292
1.326573 -1.099313 1.416842
2.044674 -1.139099 1.385399
2.055563 -1.170562 2.053926
1.970208 -1.832976 1.471531
1.908436 -1.811713 1.519645
2.611262 -1.801438 1.506254
2.680104 -1.825164 0.790787
2.640768 -1.841721 0.747455
2.520610 -1.826048 0.071316
2.456885 -1.150424 0.036087
2.519609 -2.342640 0.648050
2.610024 -2.385013 0.574566
1.952255 -1.138595 0.539109
1.216101 -0.476368 0.534828
1.166654 -0.414782 0.522159
0.609828 -0.428465 0.461064
0.678009 -0.487652 1.035133
1.329164 0.079404 0.957871
1.272417 0.116351 1.566421
3.085057 0.130875 1.566543
2.476776 0.092472 1.564205
2.537153 0.051644 1.553739
3.746001 -1.827516 1.559244
3.701500 -1.778968 2.205619
3.717651 -1.786150 1.627046
3.785702 -1.806550 1.723468
3.821997 -1.771010 1.759699
3.774647 -1.693359 1.727933
3.712717 -2.281775 1.687056
3.703647 -2.309238 1.050395
3.737593 -2.337198 1.077210
3.760179 -1.634773 1.089805
3.740494 -1.590065 1.068360
3.733212 -1.610185 1.023235
3.779330 -2.345334 1.027131
2.543722 -2.362236 0.455465
2.562014 -2.315434 0.481531
1.899982 -2.287663 0.428433
1.851820 -2.340974 0.336508
0.546738 -2.422575 0.316578
0.472138 -2.443199 0.365336
0.415722 -1.752560 1.038530
0.389441 -1.769102 1.001158
1.038020 -1.881753 0.313315
1.006269 -0.659654 0.342668
0.934729 1.359068 0.400203
0.882075 -0.632820 0.403195
2.229501 -0.656758 0.961146
2.265942 -0.685818 0.921575
2.255278 -0.652167 0.944500
1.508812 -1.224316 0.969849
0.796393 -0.536125 0.954081
0.830526 -0.571134 0.911717
1.479603 -1.185191 1.567627
1.506291 -0.471062 0.885284
1.487985 -0.405678 0.890106
0.880941 0.177970 1.563488
2.199582 0.103448 0.903596
2.278215 -0.518230 0.902596
2.262414 -0.434783 0.950526
2.207318 0.251348 1.643043
2.774502 0.223978 1.666354
2.842523 -1.083661 0.428446
2.916426 -1.049663 0.480517
2.927538 -0.985641 0.549984
3.586168 -0.999530 1.147831
3.015683 -1.085618 1.085675
3.779583 -1.115634 1.038972
3.822717 -1.593391 1.694981
3.769015 -1.516910 2.369882
4.349811 -1.523619 1.734771
4.369120 -2.234662 1.660605
5.069246 -2.253495 1.640656
5.077099 -1.568580 1.707384
4.389948 -1.541143 1.763479
4.332163 -1.610709 1.049006
4.358117 -1.705705 2.321888
4.410016 -0.467571 2.302078
4.390124 -1.061477 2.336312
4.275986 0.185978 2.375679
4.156126 0.137833 2.369201
4.126328 0.106279 1.745210
4.154776 0.139584 1.800886
4.133931 0.197306 1.916473
2.864702 0.175564 2.671297
2.800366 -0.560854 3.302027
2.234530 -0.634571 2.591031
2.934203 -0.628443 2.607503
0.970149 -0.590667 1.414229
0.886148 -0.608975 0.820806
0.851054 -0.650766 1.366924
0.882566 -0.649622 1.314636
0.911199 -0.575314 1.326656
0.879857 -0.496581 1.368690
0.855378 -0.493611 0.748437
0.900808 -0.543902 0.680223
0.975175 -0.571153 1.270578
0.999409 -0.521599 1.882045
0.961768 0.831669 1.861311
0.939871 -0.386556 2.455165
1.625577 -0.399287 3.011341
2.261435 -0.403050 2.947730
1.591175 -0.985734 3.569245
0.904002 -0.902300 2.967148
1.481630 -0.876161 2.970018
1.506336 -0.916774 2.978105
0.855522 -0.948468 3.014323
0.805158 -0.306835 3.685433
0.144312 0.932323 3.711813
0.121664 0.975946 4.326914
0.166170 1.610092 4.308623
-0.376161 1.565227 3.691674
-1.062818 1.541548 3.750698
-1.098721 1.571595 3.747841
-1.043081 1.609356 4.383781
-0.985644 1.588074 3.766305
-0.958850 2.152571 3.805130
-0.944766 2.093871 3.832929
-0.898054 2.095231 3.803030
-0.811662 2.117949 1.871765
0.435574 2.113912 2.501621
-0.225271 1.419442 3.127799
-0.876461 0.838638 3.117576
-0.803267 0.907906 3.726165
-0.684199 1.002656 3.679861
-0.623667 1.036729 3.661945
0.064581 1.656687 3.655455
-1.904343 2.253366 3.021501
-1.235526 1.038178 2.881537
-1.194075 1.083101 3.465411
-1.201356 1.736061 3.455265
-1.985667 1.041448 3.461989
-2.079352 1.018202 2.837979
-2.093711 1.044624 2.858626
-2.075502 2.310138 2.891511
-2.112831 2.296885 2.324933
-1.559650 1.647525 2.345603
-1.602624 0.301345 2.369989
-0.935861 0.931991 2.382672
-0.796771 0.920712 2.373001
-0.818454 0.887911 1.709403
-0.846064 0.868031 1.689759
-1.505285 0.260085 2.322428
-1.418938 0.329474 2.993831
-1.328982 -0.274284 3.020322
-1.290147 -0.983818 2.393970
-1.287709 0.335213 1.739632
-1.281885 0.291280 1.755761
-1.249268 0.309849 2.404545
-1.884752 0.968565 2.406297
-1.261932 0.915970 2.419080
-2.501079 0.191633 1.129816
-1.830926 0.826897 1.111375
-1.821958 0.216386 1.065765
-1.853505 0.188492 1.045203
-1.914694 2.047098 1.064184
-0.655191 1.368154 1.079753
0.666578 1.335814 1.055964
0.004766 1.328484 0.389216
-0.043478 1.311285 0.322910
0.518935 1.889377 0.323303
0.519637 1.890522 0.347845
1.803286 1.313250 0.343753
0.600048 1.356158 0.316909
-0.120861 0.749326 0.328210
-0.149650 1.362059 0.406497
-0.121378 0.784130 -0.724328
-0.061300 0.776546 -0.709660
-0.671037 0.785990 -0.721315
0.570262 0.178214 0.555337
0.541316 -0.347591 0.615081
0.556546 -0.355761 0.664431
0.609615 -0.340151 0.655602
0.029494 0.873665 1.242525
0.008235 0.263860 1.270643
-0.011303 0.280853 1.347826
0.668592 0.287922 1.382889
0.734061 0.959106 0.697075
0.783916 1.610174 0.643772
1.424622 1.612902 0.640632
0.788166 1.597783 0.664785
0.809978 2.228352 1.934371
1.487080 2.930991 1.862138
1.472584 2.981964 1.811929
0.771987 1.706866 2.487229
0.757465 1.050338 1.895718
0.766439 1.020342 1.900654
0.767026 1.675452 1.846301
0.727881 1.681743 1.799852
0.683464 1.613212 1.815959
0.681721 2.131967 1.855182
0.073731 2.108881 1.850472
0.059293 2.154521 1.808116
0.011058 2.190506 1.115638
-0.017625 2.151504 0.559944
-0.012333 2.082877 -0.633857
-0.011722 2.057243 -0.634766
0.613084 1.452932 -0.704969
0.573041 1.470677 -0.775837
1.205886 2.088087 -0.800062
1.210713 2.021408 -0.805269
-0.081858 2.025095 -0.155879
0.544158 0.783567 -0.198699
0.545336 1.493080 -0.198079
1.865900 0.826002 -0.143048
1.853787 0.783382 -0.091670
1.836490 0.814740 0.508593
1.803578 1.537171 0.449977
1.775730 1.560454 1.086134
1.121503 1.509019 1.697983
1.168844 0.866704 0.388822
1.805676 0.922358 0.383807
1.798084 0.390576 0.374455
1.737503 -0.809570 0.378053
1.796117 -0.832312 -0.208648
1.843642 -0.875565 -0.171783
1.828618 -0.248643 -1.389232
1.805722 0.408032 -1.385296
1.815742 1.016071 -1.394361
2.508373 -0.268739 -1.401107
2.526054 -0.309224 -1.393457
2.466743 -0.303828 -1.388758
2.432415 -0.274585 -1.395843
1.793721 -0.901590 -1.415852
1.812873 -1.576122 -1.425936
1.158437 -1.593272 -1.431948
1.754298 -1.579346 -1.444146
-0.100370 -1.565249 -2.691017
-0.087991 -1.578070 -2.753724
-0.070503 -1.593272 -3.416256
-0.074498 -1.570233 -2.795427
-0.071190 -1.523335 -0.852563
0.612323 -1.489190 -0.886504
0.005465 -1.495326 -0.959105
0.057603 -1.471715 -0.999432
0.083790 -1.436222 -0.980171
0.112892 -1.407019 -1.604707
0.142325 -1.412220 -1.601181
0.159124 -1.446094 -1.622647
0.785856 -0.802832 -1.625750
0.748331 -0.765896 -1.579475
0.085093 -0.698336 -1.529738
0.064544 -1.912735 -1.548297
0.677312 -1.866932 -1.605849
1.301744 -1.849265 -1.608609
0.627427 -1.875073 -1.540298
1.248020 -1.905607 -0.817427
1.273131 -2.608126 -1.481105
0.652236 -2.605927 -2.190122
1.920788 -1.965635 -2.174243
1.276325 -1.970474 -0.835683
1.303083 -2.001800 -0.798986
1.342508 -2.041546 -0.767036
0.740458 -2.037783 -0.738798
0.115628 -3.337065 -0.709603
0.159942 -2.695048 -0.692192
0.182504 -2.084752 -0.075492
0.218122 -2.166217 0.551391
0.864701 -0.283775 -0.106201
0.852656 -0.253685 1.125727
0.851048 -0.251413 0.495988
0.874682 -0.301230 1.165703
1.538681 -0.985678 0.561204
0.875642 -0.923127 0.631883
0.839740 0.456893 0.683815
0.165538 0.484619 0.710833
0.791474 -0.209179 0.725429
1.408800 -0.222291 0.745583
1.397578 -0.788599 1.383312
1.353284 -0.709931 1.364281
1.310357 -0.694900 1.348645
1.311476 -0.716077 1.978542
1.340191 -1.347895 1.981326
1.328743 0.076757 1.980638
1.275076 -0.553991 1.984866
1.229575 -1.236330 1.365181
