-1.539755 -1.548710 -1.543234
-0.926965 -1.497436 -1.607615
-0.960313 -1.428552 -0.416025
-0.983837 -2.707828 -0.420769
-0.989459 -1.343954 -0.379740
-0.336952 -0.725821 -0.364153
-0.326027 -0.676397 -0.387812
-0.328452 -0.650271 -1.008662
0.321111 0.029756 -0.943710
0.325524 -0.027844 -0.862623
0.260297 -1.378364 -0.864071
-0.398110 -1.408859 -0.335616
-0.403603 -0.787744 -0.403546
0.261277 -0.869025 -0.374011
0.279766 -0.970039 -0.314734
0.276867 -1.033874 -0.328114
0.275535 -1.046670 -1.005425
0.282308 -1.044941 -1.004278
0.926857 -1.721183 -0.921007
-0.370557 -1.137750 -0.859931
-0.397002 -1.154147 -0.891432
-0.413910 -1.114738 -0.984282
-1.709437 -0.414533 -1.025524
-1.712365 -0.462575 -0.986218
-1.676376 -1.631151 -0.965852
-2.268568 -2.198378 -1.006971
-3.475907 -1.499713 -1.039243
-3.454289 -1.452155 -1.621777
-2.778430 -0.862183 -0.904294
-2.060455 -0.218061 -0.877991
-2.001505 -2.135586 0.342121
-1.350690 -2.755755 0.298027
-1.375201 -3.383435 0.313787
-1.414511 -3.412477 -0.858325
-0.172388 -2.774775 -0.851529
0.469353 -2.779284 -0.301158
0.496566 -2.136798 -0.333836
0.514936 -1.516316 -1.511930
-0.810311 -1.514198 0.430125
-0.856177 -2.821389 0.424771
-0.849947 -2.161665 -0.883055
-0.812325 -2.759397 -0.927549
-0.807708 -2.742560 -0.918863
-0.855913 -1.350501 -1.528721
-0.910727 -1.345947 -2.738514
-0.937546 -1.328020 -2.771969
-0.915455 -1.317072 -2.093059
-0.854790 -1.327348 -2.054676
-0.784941 -1.330896 -2.022347
-0.739338 -1.302956 -2.011210
-0.706664 -1.257905 -3.275667
-0.692829 -1.242330 -2.584395
-0.689198 -1.274952 -2.515699
0.535654 -1.316805 -2.469548
1.176259 -1.329452 -3.124211
0.549035 -0.662173 -3.135257
0.516443 -0.653137 -3.117179
1.091732 -0.679118 -3.093456
0.503043 -1.338813 -2.468030
0.586403 -1.338609 -2.528361
1.349602 -1.315648 -1.936355
1.337923 -0.692227 -1.965416
1.274423 -1.362705 -1.974590
1.250579 -1.401583 0.531100
0.045779 -1.375569 0.472222
-1.244351 -1.317407 0.411876
-1.301484 -0.700229 0.383411
-1.345924 -0.741216 -0.283583
-1.913759 -0.774681 0.359170
-1.181626 -0.737614 1.000213
-0.509929 -0.680594 0.987584
0.115050 -1.297432 0.986714
0.076825 -1.370152 -0.302713
0.051439 -1.411456 0.336995
0.645919 -1.997870 0.990676
0.632671 -1.947916 0.360125
0.594628 -1.970955 -1.495521
1.200546 -0.776905 -1.454094
0.576424 -1.417362 -0.883143
1.237368 -0.739510 -0.272939
1.235173 -0.052117 -0.875120
1.209397 0.492844 -0.875393
0.580933 0.397376 -0.916089
0.557988 0.355783 -0.954377
1.144546 -0.288485 -0.936828
1.103053 -0.314915 -0.874567
1.083724 -0.396633 -1.534766
1.109768 -0.457265 -1.590633
0.537446 -0.439633 -2.277267
0.559232 -0.392284 -2.300725
0.565902 0.230200 -2.290995
0.583242 0.201799 -1.670486
0.602171 0.183899 -1.043023
0.587290 -0.437262 -1.083507
0.532428 0.189162 0.263828
0.484548 0.133963 0.900185
0.490694 0.111646 1.580686
0.519929 0.169854 1.563784
1.142387 0.260017 0.912097
1.108593 0.303290 0.880915
0.458266 0.302035 0.849241
-0.140002 0.337053 0.802929
-0.699946 0.404873 2.042061
-0.704853 0.440530 2.624500
-0.770501 0.403197 2.625178
-0.820457 1.004430 2.668793
-0.802100 1.035336 2.705540
-0.759644 1.085881 2.019105
-0.754274 1.762484 1.993986
-1.430882 1.762291 1.348519
-1.443319 1.747133 0.720183
-1.422029 1.744752 0.720322
-1.419190 1.744553 2.599969
-1.467021 1.733182 2.557024
-0.944678 1.731760 2.569693
-0.969408 1.740414 3.269780
-0.962972 1.752890 3.304902
-1.563705 1.103884 3.310519
-0.341694 1.115705 3.328448
-0.346897 1.139203 4.037995
-0.323005 1.141138 3.520112
-0.297457 1.695837 4.170556
-0.323011 1.670038 3.457221
-0.374926 1.672902 3.474042
-1.019660 1.695103 2.884077
-1.022691 1.697092 2.908884
-1.026825 1.663005 2.231138
-1.044545 1.632242 2.847632
-1.039088 1.650040 3.511182
-0.990246 1.682273 3.558664
-0.907694 1.676722 3.565988
-0.861698 1.651046 2.851649
-1.515373 1.642777 2.800702
-0.915190 1.643799 2.817019
-1.576021 1.009111 2.195049
-1.549111 0.374379 2.857629
-1.554946 0.398429 2.832194
-1.598431 0.458103 1.479641
-1.624301 0.515351 0.845020
-1.578960 0.532528 0.879164
-0.823256 0.521196 1.566943
-0.775364 0.522911 1.548273
-1.411744 0.549662 0.242818
-1.426303 0.562960 2.237934
-0.106474 0.549804 2.927501
-0.097857 0.540802 2.921241
-0.156817 0.579867 2.244428
-0.203675 1.299361 2.187012
0.457337 1.999855 2.228899
1.825858 2.650390 2.256505
1.234523 2.637558 2.222877
0.552793 3.284355 2.162591
-0.068690 2.679575 1.521080
0.026476 2.714451 1.602409
1.386826 2.721373 2.275121
0.760842 2.063497 2.199069
0.038224 2.676836 2.096662
-0.626117 2.720887 2.078895
0.069338 2.787389 2.134479
0.760120 1.560082 2.762436
0.720566 1.531893 2.080126
0.662244 2.146113 2.038395
1.330522 2.082464 2.121137
1.394213 2.108016 0.983376
2.051009 2.727825 1.042385
1.383875 2.645078 1.016440
0.656664 2.574610 0.972236
0.624279 2.578332 0.994577
0.614704 3.236452 1.696679
-0.690592 3.252766 1.684919
-0.684853 3.201054 0.313145
-1.896044 3.132688 0.295889
-1.865450 3.143156 0.969587
-2.489419 3.209240 1.017361
-3.120667 2.609697 1.024468
-3.144805 0.667284 0.990654
-3.181997 0.605814 0.298203
-3.231862 0.584878 0.246844
-3.869601 1.215285 0.211535
-3.243589 1.221243 0.854282
-3.182577 1.201902 0.240147
-3.725705 1.177598 -0.355978
-2.428452 1.171364 -0.338621
-2.397044 1.189791 -0.334533
-2.392711 0.624001 -0.327252
-1.762055 0.645806 0.300148
-1.778012 0.023523 0.958264
-1.816913 0.644496 1.571720
-1.846320 0.660126 1.565445
-1.221449 0.069939 0.918000
-1.178880 0.088762 0.232127
-0.512564 0.082317 0.192611
-0.494964 -0.540687 -0.371136
-1.702726 -0.563113 -0.963403
-2.317202 -0.591679 -0.293511
-2.925551 -0.615191 0.271362
-2.970084 -0.629044 -0.418084
-3.025314 -0.634841 -1.020288
-3.047870 -0.626442 -0.955340
-2.378417 -0.604475 -0.941841
-1.802163 -0.564724 -0.976654
-1.841177 -0.518923 -0.352232
-1.947047 1.279838 -0.946858
-1.371875 1.312905 -0.871715
-1.378973 1.323851 -0.203282
-1.390580 1.300941 -0.239219
-1.451268 0.630654 -0.306502
-0.889570 0.643959 -0.323347
-0.917918 0.710093 -0.925129
-0.857659 0.771883 -0.334668
-0.785364 0.809580 -1.052170
-1.409833 0.833891 -1.102012
-2.072318 0.859319 -1.085127
-2.048440 2.759204 -1.037737
-1.981700 2.808952 -1.687070
-1.965275 2.846460 -1.727937
-2.033039 2.196800 -1.755912
-2.120117 2.175387 -1.732200
-2.135229 2.177178 -1.693376
-2.088594 2.205543 -2.343993
-2.058275 2.246277 -2.400950
-2.073132 2.275563 -2.403390
-2.690250 2.287154 -1.702699
-2.641546 2.279199 -1.649971
-1.940948 2.282203 -1.687468
-1.962697 2.311942 -1.757918
-2.037767 2.328552 -1.767754
-1.476246 2.320300 -1.731216
-1.482324 2.292101 -1.077889
-1.474313 2.287181 -1.143046
-1.496941 2.310307 -1.192672
-1.508963 2.332029 -1.167715
-1.475446 2.316146 -1.090727
-1.417616 2.245252 -1.030113
-1.383381 2.178222 -1.037771
-1.388476 2.156940 -0.456933
-2.689286 2.163570 -0.438221
-2.676894 2.149183 -0.401474
-2.658725 2.086769 0.921672
-2.667053 2.024341 -0.463598
-2.676883 2.015093 -0.541146
-2.651514 0.819659 -0.574131
-1.971713 0.809191 -1.185383
-1.953831 1.343835 -1.147054
-0.714498 -0.014480 -1.188394
-1.384050 0.625246 -1.275278
-1.416519 0.680176 -1.932085
-0.126930 0.715867 -1.896463
-0.138061 0.688455 -3.125543
-0.166343 0.643794 -2.544094
-0.180601 0.658269 -2.598276
-0.164913 1.358483 -2.588519
-0.134983 1.394606 -2.516673
-0.115441 1.354236 -2.455171
1.107554 1.303145 -3.675846
1.064328 1.320106 -3.718455
0.400081 2.013454 -3.729762
0.449239 2.015929 -3.702000
0.520701 1.932274 -2.363181
0.566398 1.852381 -1.776148
0.584177 1.852877 -1.851701
0.610755 1.903225 -2.564225
0.630393 -0.004883 -3.775607
0.001367 -0.054350 -3.733903
-0.688641 -0.079466 -3.705954
-0.793144 -0.059989 -3.722966
-2.134175 -0.035624 -3.770960
-2.146895 -0.050211 -3.780095
-2.116677 -0.070946 -3.772102
-2.084492 -0.039878 -3.773870
-2.057852 0.033688 -3.785417
-2.658158 0.095158 -3.795358
-2.643019 0.105959 -4.382975
-2.666937 0.100619 -3.041031
-2.736195 0.144259 -2.405504
-2.833229 -1.003478 -2.430748
-2.929413 -0.969827 -2.460838
-2.383603 -0.972070 -1.791373
-2.386096 -0.962481 -1.791338
-2.358804 -0.316810 -0.530690
-2.319911 -0.266330 -0.557501
-2.279566 -0.858854 -0.561796
-2.240760 -0.883315 -0.522588
-2.242601 -0.921723 -1.137603
-2.264699 -0.948905 -1.126348
-2.912538 0.289227 -1.142176
-2.274253 0.293064 -1.173642
-2.317081 0.263195 -1.184543
-2.355762 0.209533 -0.560075
-2.327975 0.188791 -0.612222
-2.227779 0.214401 -0.635595
-2.134214 0.240004 -1.253198
-2.107864 -0.438602 -0.615543
-2.126812 -0.464354 0.006812
-2.106698 -0.471060 0.028227
-2.046787 -0.437138 0.073500
-1.374748 0.839029 -0.511796
-1.420116 0.798571 0.140407
-2.129790 0.760069 -0.528042
-2.137049 0.777970 -1.171001
-2.077246 0.819295 -1.792240
-2.008096 1.496899 -1.748477
-1.975914 1.484618 -1.717211
-1.944711 1.510777 -2.336946
-1.919319 1.578456 -2.327473
-1.234765 1.634141 -2.315631
-1.213108 2.208241 -1.640020
-1.899887 2.159310 -0.964510
-1.954921 2.136145 -1.620097
-1.961506 2.799135 -1.633152
-2.587848 2.829663 -1.636339
-2.552656 2.206497 -1.607090
-2.555715 2.228745 -2.176586
-2.565096 2.301467 -2.131902
-2.535712 3.016356 -2.146435
-2.480738 2.414724 -2.154064
-2.454583 1.751193 -2.160094
-2.444669 1.745900 -1.543459
-2.408440 0.508425 -0.982803
-1.058194 0.539594 -1.085074
-1.057468 0.503826 -1.145032
-0.456573 0.461455 -1.137547
-0.447259 0.476127 -1.125864
-0.420150 0.511864 -1.174318
-0.393264 0.479596 -1.254945
0.241924 0.368260 -0.635367
0.294978 0.270278 -1.250846
0.377777 0.249101 -1.253699
0.456191 0.265718 -1.349074
0.482556 0.258307 -0.813515
0.451660 -1.110276 -0.850507
0.397799 -1.118154 -0.784871
0.358846 -0.489262 -0.733530
0.332596 -0.481887 -1.438613
0.298017 -0.476538 -1.483866
0.260647 -0.477859 -1.420433
0.242476 -0.487790 -0.654599
0.875933 -0.503027 -0.660201
1.507691 -0.507797 -0.768253
0.863146 -0.489258 -0.188719
0.850958 -0.445781 -0.151418
0.804469 0.246310 -0.093409
0.725961 0.236292 -0.104929
0.655269 0.193599 -0.815005
0.628376 0.800542 0.543989
0.626736 0.822755 1.261817
0.617745 2.046939 1.326006
0.596735 1.373036 1.289864
0.588019 1.332730 1.199675
0.619533 1.366284 1.147936
0.660992 1.457414 1.169606
-0.595935 1.525268 1.194510
-0.634934 0.917993 1.181367
-0.684527 0.840538 0.516488
-1.264807 0.785803 0.548549
-1.226942 0.167193 0.019364
-1.183386 0.194532 0.064110
-1.177065 0.165642 0.025121
-1.182174 0.076707 -0.053234
-1.118155 0.637254 -0.098663
-1.006392 0.663155 -0.109873
-0.949859 1.351756 -0.712076
-1.015375 1.367752 -0.075275
-1.753812 1.314174 -0.065121
-1.775951 0.651427 -0.072549
-1.754769 1.307621 -0.095827
-1.783304 1.397617 0.565741
-1.881999 1.439741 -0.014884
-1.937651 1.394914 -0.007607
-1.878425 1.347761 0.568395
-1.136072 1.393503 0.521049
-1.077975 1.480643 0.550916
-1.735581 1.519823 0.635754
-1.757432 1.475748 0.703714
-1.108791 1.441129 0.720324
-1.036454 1.483111 1.368692
-1.007061 1.552865 1.410830
-1.035527 1.580025 1.455295
0.259675 1.543834 0.791258
0.333216 1.523849 0.721313
-0.248949 2.145021 1.306934
-1.521691 2.194052 1.263487
-1.548545 3.463688 1.243816
-0.901266 2.792902 1.221236
-0.888583 2.769076 1.182192
-0.904697 2.803960 1.114516
-0.955060 2.818271 1.073776
-0.350380 2.737299 1.050093
-0.336067 2.617189 1.012104
-0.313181 2.585511 -0.405681
-0.305309 2.667521 -0.437557
-0.311382 2.740585 -0.459477
0.970251 2.730366 0.190727
1.019956 2.097021 -0.992914
1.079609 0.926889 -0.939133
0.418107 0.359301 -2.085933
0.394805 0.394852 -2.058137
0.364230 0.378675 -2.658081
0.365452 0.339982 -3.278329
0.395346 0.337727 -2.606284
0.407342 0.372485 -2.546095
0.370937 0.405012 -1.883502
0.317179 0.416068 -1.866109
0.308851 0.425225 -1.833209
-0.932711 0.438081 -1.785461
-0.926555 0.442004 -1.776242
-0.987238 0.438995 -1.831851
-1.053558 0.422573 -1.893302
-1.055706 0.391839 -2.485177
-1.016728 0.349845 -2.462643
-1.018294 0.317627 -3.667123
-1.096032 0.957929 -3.711421
-1.192790 0.973676 -3.117139
-1.240478 1.006625 -3.038637
-1.246739 1.036524 -2.985501
-0.047643 0.419977 -2.420672
-0.133473 -0.173334 -1.850876
-0.170772 -0.164772 -1.842482
-0.138191 0.453903 -2.430871
-0.085190 0.378953 -2.385576
0.565370 0.298293 -1.858938
0.537636 0.269100 -3.178652
1.172237 0.273986 -3.194705
1.231915 0.283624 -3.113718
1.310034 -0.341734 -3.032276
1.340176 -0.354961 -3.707921
1.343194 -0.354191 -3.820796
1.371236 -0.364715 -3.877048
1.433047 -0.397456 -3.826740
1.489932 -0.449432 -3.767058
1.499269 0.154212 -3.802820
1.483525 0.162752 -3.882789
1.491946 0.172203 -3.886443
1.532637 0.161869 -3.167569
0.942194 0.155062 -3.100395
0.930617 -0.442280 -3.110308
0.899985 -0.394991 -3.119756
2.115010 -1.033707 -3.057255
2.091435 -1.053844 -2.978220
2.065704 -0.422363 -2.973249
2.035712 -0.404830 -3.020227
2.015649 -0.408367 -3.662599
2.007563 0.212822 -3.614590
2.001231 0.157921 -2.346559
1.986536 0.139385 -2.394318
1.338096 -1.145384 -2.473853
1.339306 -0.535228 -2.488491
1.360364 0.072904 -2.448625
1.368365 -1.253671 -2.464797
1.358311 -0.602333 -2.555551
1.355543 -0.570623 -2.641694
1.374208 1.453949 -2.644676
1.401988 2.091275 -2.600591
1.405475 2.078517 -2.645933
1.386210 2.058313 -2.708118
1.386285 1.453988 -2.750392
2.057708 0.219067 -2.704523
2.078924 -0.415587 -3.242672
2.049819 -0.454855 -3.253646
1.408078 -0.501575 -3.336565
1.401225 -0.498769 -3.384452
1.427125 0.178485 -2.751930
2.050467 0.164195 -2.731385
1.978817 0.079678 -2.753046
2.523933 0.012555 -2.805373
2.573139 -0.635146 -2.818457
2.660324 0.648757 -3.400758
2.655633 0.615025 -1.465436
2.543383 0.557733 -1.460865
2.446026 0.559012 -1.470414
2.478043 0.612076 -2.734491
2.552447 0.640495 -3.314221
2.530590 0.610258 -3.293122
1.780831 0.568983 -3.281027
1.714778 0.601366 -3.254358
1.789781 0.691854 -3.203748
1.896750 0.751588 -3.166376
1.893907 0.732958 -3.792986
1.787143 0.696103 -3.804952
2.382457 0.741851 -3.809899
2.440185 0.846527 -3.774275
2.495780 0.902475 -4.376288
2.452847 0.860332 -3.154472
2.349711 0.168445 -3.234872
2.299582 0.194292 -3.304679
2.354304 0.277784 -3.313167
2.433699 0.960309 -3.297075
2.463460 0.926721 -3.328632
1.804928 1.552974 -4.011310
1.777103 1.575841 -3.424173
2.466484 1.610581 -3.392405
2.521616 1.655151 -2.739018
2.528630 1.659435 -2.782587
1.311682 0.974763 -3.456925
1.270259 0.961582 -3.446155
1.264844 0.362325 -2.767708
0.614723 0.357312 -2.722559
0.623544 0.295292 -3.379791
0.605522 0.170676 -4.009834
0.589546 0.799953 -3.289433
-0.048390 0.799403 -4.491226
0.576000 -0.463224 -4.522743
0.545910 -0.540584 -4.592309
-0.098170 0.665835 -3.339181
-0.108143 0.644803 -2.037268
-0.112123 -1.224328 -2.017037
-0.114909 -1.216654 -2.085330
-0.106908 -0.672924 -2.170921
-0.084461 -0.143305 -2.826402
-0.062244 0.471121 -2.732016
-0.065209 0.542925 -0.844423
0.559877 0.632266 -0.871872
0.556864 1.314809 -0.944460
0.584325 1.264604 -0.283764
0.624077 1.239559 -0.249689
0.642106 1.271273 -0.233815
0.656578 1.306445 -0.293272
0.685176 0.644970 -0.348955
0.740701 0.612000 -0.308990
0.803655 0.593727 -0.177670
0.832854 0.637363 -0.086422
0.832184 0.700700 -0.104589
0.820878 0.715585 -0.821164
0.854892 0.027918 -0.788030
0.916020 -0.021723 -0.707330
0.955671 -0.022381 -0.692956
0.342798 0.000277 -1.393970
0.350170 0.008579 -1.446850
0.402972 0.616583 -1.407923
0.464722 -0.040654 -1.320525
0.453851 0.593038 -1.281518
0.358968 0.634019 -1.927035
0.266803 0.660677 -1.953072
0.243858 0.644295 -1.347104
0.254754 0.621295 -0.679682
0.222815 0.633384 -0.688012
0.148234 0.687911 -0.734310
0.711360 0.088323 -0.779956
1.308616 0.089781 -0.775828
1.344094 0.706137 -0.155961
1.337484 0.745435 -0.119728
1.281565 0.831540 0.503786
-0.634313 0.860664 0.462496
-0.619393 0.195399 -0.178458
-0.584499 0.147031 -0.148584
-0.546686 0.785106 -0.108159
-0.500466 1.501859 -0.113909
-1.065328 1.490265 -0.159610
-1.701314 1.417661 -0.186976
-1.719451 1.376773 -0.142589
-1.746748 0.828171 -0.067842
-1.757127 1.527380 -0.644827
-1.157767 1.529268 -0.636265
-1.195752 1.425438 -0.671994
-1.253851 1.355106 -1.888328
-1.296313 0.707948 -1.907567
-1.884980 0.776411 -1.312601
-1.867033 0.803995 -1.378229
-1.864335 0.763569 -2.050653
-1.895419 0.701867 -2.037623
-1.916060 0.697435 -1.999492
-1.255715 1.416684 -1.361786
-1.843353 0.831858 -0.115155
-1.822144 0.802089 -0.726099
-2.451493 0.058705 -0.719801
-2.430527 -0.000443 -0.725614
-3.025109 0.025509 -0.745045
-2.944553 0.097960 -0.768047
-2.246975 0.135446 -0.779038
-2.863617 0.121106 -0.766818
-2.840931 0.122011 -0.730978
-2.805121 0.203393 -0.693552
-2.786685 0.959630 -0.681982
-2.153011 1.638758 -1.314136
-2.193488 1.565704 -0.697683
-2.903686 1.494480 -0.698250
-2.308900 1.507663 -0.154558
-2.318817 1.561432 0.411083
-1.684016 2.248458 0.384728
-1.713405 2.221146 0.401680
-0.479992 2.161839 1.090475
-0.510011 1.473001 1.091910
-0.548789 1.501280 1.095943
-0.589795 1.524778 1.113308
-0.623639 2.782692 0.505295
-0.659527 2.680769 1.056970
0.604619 2.650082 0.388282
0.006998 2.020792 0.366311
0.028997 3.352807 0.405228
-1.288931 2.098046 0.451089
-1.252598 2.727439 0.442515
-1.238770 2.116891 0.419927
-1.873799 2.845988 0.441618
-1.838926 2.900912 0.510129
-1.192516 2.218225 0.551086
-1.168943 2.141331 0.498217
-1.162081 2.132832 0.409241
-1.717228 2.191467 -0.241029
-1.685981 2.883916 -0.173386
-1.020917 2.184114 -0.122005
-0.988329 1.519797 0.456644
-0.993997 2.192242 1.643112
-1.005634 2.253977 2.251791
-1.011596 2.894706 1.701180
-1.026249 2.784232 2.397338
-1.073468 3.334711 1.740266
-1.139863 3.320984 2.227763
-1.186613 2.063389 2.161955
-1.194133 0.718839 2.152837
-1.177418 1.265702 2.195096
-1.171299 1.919159 2.190318
-1.185641 1.382335 1.499196
-1.839591 1.440206 2.076920
-2.448473 1.354376 0.849422
-1.789177 1.212108 0.919385
-1.812636 1.152070 0.940605
-1.857456 1.203728 0.898209
-0.637776 1.238411 0.871460
-0.637924 1.167289 0.923938
-0.627924 1.729480 1.027453
0.068645 1.772420 1.090937
0.060471 1.253365 1.102265
0.059002 1.324699 1.775310
0.056386 0.016144 -0.011741
0.671897 0.551082 -1.213728
0.680452 0.538830 -1.189876
0.112380 1.269719 0.067914
0.782914 0.628966 0.048673
1.406995 -1.258520 0.079727
1.373482 -0.690519 0.093303
0.769733 -0.652806 0.047425
0.800254 0.747285 0.011141
0.808129 -0.446546 -1.919386
0.764841 -0.490132 -3.852649
0.731037 0.042702 -3.816535
0.121720 0.069370 -3.853214
-0.478070 0.171993 -3.272543
-0.495625 0.213996 -2.057577
-1.211811 0.175495 -0.738958
-1.275981 0.126620 -1.400274
-2.534977 0.799031 -0.847385
-1.185618 0.254363 -0.945300
-1.212074 -0.401385 -0.961584
-1.949699 0.143781 -1.572182
-1.316157 0.026977 -1.524969
-1.251917 1.870045 -1.537026
-1.190108 1.895502 -1.550103
-1.230574 0.689016 -0.898349
-1.313189 0.648672 -0.855897
-1.331836 -0.042594 -0.864851
-0.062695 -0.043561 -0.914602
-0.008059 -0.657249 -0.940557
0.658028 -0.633055 -0.910747
0.653861 -0.679359 -0.839005
0.054066 -0.737050 -0.793851
0.114607 -0.110890 -0.800054
0.739924 1.816727 -0.822735
0.680499 1.849261 -0.840653
-0.762639 1.873099 -0.877867
-0.032819 0.647717 -0.964408
0.060769 1.286929 -1.048124
0.094467 1.319924 -1.682596
0.099115 1.340439 -1.610307
1.329533 0.687580 -2.795278
1.435635 0.681015 -2.146565
1.517323 0.665396 -2.146091
1.492128 0.668686 -2.108267
2.041847 1.331212 -2.031706
1.984079 1.339542 -1.994087
1.977451 0.664997 -1.411163
1.983585 1.933482 -1.493511
1.352190 2.503915 -0.873875
1.306585 1.919805 -1.444216
1.272189 1.927547 -1.411479
0.011605 1.877992 -0.814854
0.027436 1.843491 -0.858071
0.653373 2.476091 -0.884274
0.613296 1.909958 -0.883111
0.566354 1.941355 -0.878166
0.582627 1.879447 -0.243015
-0.475562 1.758553 -0.951800
-0.422621 2.389167 -1.608140
-0.416350 2.537469 -1.541509
-0.431738 2.584139 -0.844510
-0.456691 1.239413 -0.827573
-0.376574 1.222929 -1.500594
0.982734 0.584032 -2.844668
0.976148 0.658872 -1.580054
1.597504 1.367953 -2.221983
0.954223 0.754686 -2.240385
0.954993 0.737550 -2.261320
0.932497 1.396681 -0.954957
1.572146 0.789648 -0.289862
0.923541 1.421781 -0.240874
0.935909 1.387098 -0.860159
0.318139 1.369417 -0.847811
0.931611 1.400775 -1.496614
1.483207 0.746321 -1.525036
1.466194 0.135501 0.324205
1.465387 0.117366 0.377969
1.439718 0.763799 0.434840
1.411462 1.393570 -0.196718
2.076104 1.384209 -0.191956
1.544580 1.347433 -0.162262
0.951200 1.314275 -0.091170
1.576840 1.316046 -0.041943
1.593704 0.645028 -0.071783
0.989206 0.625950 -0.117903
1.608402 0.568655 -0.093344
1.591739 0.522473 -1.321929
1.560806 1.164090 -1.947152
1.549020 1.869543 -1.997138
1.551823 1.864404 -2.054901
1.561721 2.457120 -1.374896
1.558585 2.432589 -1.343044
0.916540 1.847842 -2.006068
0.897981 0.659529 -2.080681
-0.409384 0.730655 -2.090961
0.175237 1.979645 -1.400447
0.128546 1.977709 -1.369241
0.071833 2.034355 -1.405310
0.041501 2.709524 -2.088699
0.040609 1.363718 -2.702112
0.071433 1.324005 -3.272677
-0.466675 1.292578 -2.566913
0.225465 2.573637 -2.569918
0.270200 2.613509 -2.571301
0.284411 0.738822 -2.531369
0.259134 0.835522 -2.495625
0.193862 0.247392 -2.518431
0.749342 0.213147 -2.590953
1.333464 0.179865 -2.622994
1.296523 -1.055297 -2.567368
1.293882 -1.048042 -2.539825
1.273486 -1.080507 -2.574209
1.280158 -1.127054 -1.992426
1.308163 -1.137972 -2.656670
0.699611 -1.109174 -3.906222
0.716426 -0.437035 -4.587729
0.704160 -0.458549 -4.672260
0.023012 0.109927 -4.762694
0.022587 0.051180 -4.765772
0.701988 0.036155 -4.091284
0.742955 0.061894 -3.448376
0.768515 -0.564478 -4.149309
0.763136 -0.562977 -4.789170
0.758715 -0.559937 -4.748526
0.115032 -0.508698 -4.712383
0.086205 -0.440651 -4.764893
0.680491 -0.432625 -4.875993
0.605013 -0.497255 -4.948867
0.560163 -1.207120 -4.292281
-0.055658 -0.616083 -4.274687
0.608968 -0.643488 -3.015671
-0.000899 -1.326313 -1.708161
-0.025441 -2.014554 -1.770644
-0.660969 -2.043018 -1.706107
-0.036321 -1.387190 -2.889920
-0.043075 -1.973363 -2.878239
-0.054653 -2.014396 -2.958186
0.544209 -1.477787 -3.006261
0.563550 -0.870832 -2.934394
0.609678 -1.510906 -2.805463
0.647800 -1.532207 -2.737181
0.670445 -1.575807 -2.724753
0.692992 -0.967633 -2.682198
0.730153 -0.865809 -1.931620
0.110025 -1.373319 -1.817424
0.104035 -1.297813 -1.795753
0.740702 -0.699724 -3.134217
0.091377 -0.733537 -2.503330
0.138106 -1.967975 -1.840866
0.187265 -1.997409 -1.210873
1.504832 -0.785825 -2.579240
0.858683 -1.487470 -2.551851
0.879896 -0.898871 -2.485235
0.900269 -0.197569 -2.435546
0.233099 0.484398 -3.063550
0.857933 1.068180 -3.116691
-0.444739 1.038499 -2.501953
-0.420809 0.349702 -1.885420
-1.650927 1.024040 -2.534621
-0.898708 1.049997 -1.894393
-0.847597 1.038438 -1.910551
-0.827285 -0.863838 -1.917129
-0.813592 0.478699 -1.248938
-0.822760 -0.780311 -1.842354
-0.869420 -2.015665 -2.490351
-0.327393 -1.362915 -2.571137
-1.009951 -0.701174 -1.381331
-1.028878 -0.649779 -1.449907
-0.407555 -0.658096 -1.480821
-0.421870 0.622538 -0.859345
-0.436614 0.043111 -0.916328
-1.047091 0.762488 -0.337941
-0.409394 0.778189 0.326112
-0.402099 2.114127 -1.528052
-0.410022 2.134450 -1.513137
-1.040523 2.155387 -1.542467
-1.035907 0.906596 -0.263895
-0.359251 0.882822 -0.293485
-0.366033 1.494425 -0.256111
-0.392145 1.474524 -0.241626
-0.409970 1.447065 -0.253777
-1.067267 1.411979 -0.285894
-1.080789 0.753755 -0.884732
-1.120189 1.414047 -0.836477
-1.145410 1.462315 -0.198590
-1.155631 0.849867 -0.236519
-0.544883 0.799330 -0.932613
-0.587740 0.750443 -0.975620
-0.600571 1.347084 -0.986916
-0.545084 0.676529 -0.374764
-0.473762 0.587064 -0.426617
-0.449436 0.533613 -0.469578
-0.461857 0.533975 -0.466009
-0.453759 0.581382 -0.431453
-1.597643 0.560515 0.917459
-2.167004 0.542148 0.913653
-2.191296 0.556585 0.287579
-2.892006 1.782681 0.280105
-2.938456 1.813126 0.311259
-1.678205 2.388940 0.344915
-1.638372 1.104763 0.958601
-1.641880 0.485989 1.579563
-1.673501 0.543208 1.605546
-1.681342 0.541350 1.687666
-2.284937 1.131455 1.092199
-2.278316 2.322861 1.120611
-2.291032 1.722515 0.478437
-1.687472 2.380076 0.498732
-2.326582 2.986852 0.559118
-2.316336 2.860628 0.575921
-2.927205 2.730391 0.523222
-2.299342 2.757877 0.461324
-2.305356 2.828429 1.147740
-2.908334 2.176465 1.234134
-2.321620 0.833205 1.300942
-2.320652 2.089948 1.301634
-1.107068 2.166891 1.289773
-1.123748 2.231456 1.339815
-1.747982 2.245224 2.697432
-1.759082 2.199644 2.100267
-1.128673 2.216239 1.970726
-1.117624 1.636238 1.915633
-0.524232 1.690240 1.331926
0.664190 1.028865 1.378899
0.677215 1.043606 1.385701
0.702763 0.481609 1.340524
0.698267 0.546676 1.308676
1.263358 0.550326 1.319829
1.253175 1.133969 1.330821
1.298597 1.743356 1.295648
1.371602 1.779279 1.223153
0.777962 1.196780 1.176785
-0.447680 1.194313 1.195400
-1.023122 1.143951 1.867918
-0.955517 1.795863 1.888305
-0.892346 1.869944 1.881075
-0.864397 3.216596 0.584462
-1.517739 3.207025 0.702084
-1.516819 3.145489 0.758157
-1.483280 3.135136 0.712210
-1.442941 2.589508 0.640228
-1.434389 2.640902 0.637418
-1.467234 1.928943 0.714669
-1.502538 0.641116 0.749905
-1.514020 1.222468 0.709564
-1.505201 1.862619 0.674774
-1.515452 1.908252 0.707550
-1.564748 2.601510 0.781303
-1.610039 1.339676 0.790642
-1.618998 1.358043 1.396835
-1.592053 1.409789 1.305406
-1.574463 1.467715 1.260847
-1.589160 1.497049 1.868349
-1.609599 1.479971 1.844118
-1.600638 1.455919 1.797189
-1.557523 1.459313 1.753784
-1.545714 2.143431 1.146664
-0.939839 0.860777 1.185442
-0.992011 0.130499 1.175755
-1.005648 0.662418 -0.140797
-0.972901 0.629343 -0.186712
-0.956343 1.890289 -0.196431
-0.992790 1.215042 -0.840444
-1.057776 -0.064017 -0.876660
-1.071746 -0.743409 -2.181227
-1.036859 -0.735694 -2.169237
-0.326894 -0.065753 -2.720435
-0.399553 -0.049042 -2.672170
-1.182341 1.143478 -2.095335
-1.232568 0.434129 -2.169214
-1.235256 -0.237538 -1.576849
-1.243581 -0.187050 -1.533206
-1.301302 -0.137694 -1.490557
-1.359994 -0.131709 -1.498332
-0.126458 -0.164337 -1.531100
-0.060085 -0.787359 -1.525607
-0.008935 -1.379613 -1.484026
-0.025970 -1.337095 -0.838637
-0.067239 -1.415735 -1.491030
-0.075100 -1.517839 -0.980861
-0.034669 -0.905806 -1.017629
0.608196 -1.510319 -0.989050
-0.034820 -1.483588 -0.947986
-0.037706 -1.528935 -0.315422
0.019817 -2.834056 -0.338408
-0.484449 -3.400518 -0.919923
-0.431172 -3.383454 -1.455477
-0.433107 -2.771579 -0.755718
0.149584 -2.809056 -0.761482
-0.423686 -2.185182 -0.790647
-0.389847 -1.519329 0.437159
-0.393995 -1.488132 1.744564
-0.420835 -1.495097 1.821493
-0.432643 -1.569984 1.226366
-0.407546 -1.536707 1.231267
-0.376421 -2.095329 1.225981
-0.385846 -2.765417 1.241055
-0.426186 -1.510405 1.254387
-0.468388 -1.535213 0.620324
-0.483291 -1.527058 0.550784
-0.492608 -2.162004 0.471537
-0.521649 -2.798883 1.048078
-0.546734 -2.797170 1.077804
-0.528640 -2.742889 1.117975
-0.458086 -1.991665 1.108626
0.216473 -1.923306 1.077162
0.254449 -2.600703 1.082010
0.267906 -2.625739 1.820092
0.915024 -2.614412 1.838603
0.941460 -1.927411 1.784833
0.950471 -1.930871 1.074077
0.944232 -0.696513 1.738213
0.944949 -0.093275 1.821893
0.971588 0.545481 2.551463
1.022443 0.603215 2.571163
1.074557 -0.667375 2.547651
0.489808 -1.444865 1.255840
0.506651 -1.543403 0.774996
0.513204 -1.555444 0.846266
0.513124 -1.508633 -0.471097
0.507070 -1.531430 0.715010
0.499467 -1.604045 1.904191
0.480286 -0.990852 1.984811
0.454284 -0.941235 2.046856
0.432056 -0.818665 1.913275
0.427430 0.493141 1.843455
0.438994 -0.142164 1.839009
1.043174 -0.184013 1.893466
1.012663 -1.501428 1.898405
0.965051 -1.479386 1.819862
0.933838 -2.120407 1.742327
2.209369 -2.121667 1.742726
2.196797 -2.121099 1.802737
2.163042 -2.100787 1.826346
2.131535 -3.326195 1.790642
2.126764 -2.710514 1.764304
2.141324 -2.778275 1.791850
2.136514 -2.842468 1.828552
2.093183 -2.870338 1.175814
2.037026 -3.504855 1.093289
2.018816 -2.880118 1.700900
2.036680 -2.866453 1.696745
2.039580 -2.842135 1.709616
2.029099 -2.785824 1.704485
2.002751 -2.751780 1.015367
1.995249 -2.765992 1.017908
2.007145 -3.390969 0.464141
2.011114 -2.749084 0.503069
1.996524 -2.693603 1.171310
1.982814 -3.276209 0.496586
2.002616 -2.646265 0.481565
2.051116 -2.616525 0.471630
2.085699 -2.536177 0.452707
2.085829 -2.453386 0.432812
2.081540 -2.463904 0.434560
1.457288 -3.186434 0.463736
1.494014 -3.270398 0.486026
1.496918 -2.671232 0.474415
1.452186 -2.704593 0.454022
1.400380 -1.534429 0.460820
1.390009 -2.264295 1.095997
1.404530 -2.973439 0.418169
1.391801 -2.944187 1.088016
1.338230 -2.915549 1.079601
1.293808 -3.576244 1.084306
1.301619 -2.999406 1.124429
1.324023 -3.036574 1.165810
1.317326 -3.042418 1.174148
1.906842 -2.399979 0.544652
1.877646 -2.417365 -0.722911
1.913749 -2.421324 -1.325730
1.979227 -2.360144 -0.697021
2.012952 -2.246676 -0.687252
2.000500 -2.165342 -0.036027
2.002154 -2.839967 -0.034363
2.044464 -2.874227 -0.066249
2.065324 -2.893167 -0.115774
