-0.730551 1.289929 2.155902
-0.691644 1.322175 2.806503
-0.645967 1.278055 2.774848
-0.624861 1.233243 2.741132
-0.641390 2.435908 2.755071
-0.673050 3.108658 2.807183
-0.694412 2.045376 2.155447
-0.713462 2.697430 1.527827
-0.747401 1.989858 2.760048
-0.775861 3.150859 2.801474
-0.775854 1.981101 3.476917
-0.750275 2.003743 3.473554
-0.730545 1.316555 3.421089
-0.748701 1.294247 2.130374
-0.812903 0.706628 2.751701
-0.881241 0.791282 3.963622
0.271031 0.856464 4.611294
-0.397612 0.845587 4.018388
-0.440565 1.476418 2.760388
-0.484158 1.431627 2.130297
-0.497340 1.426721 2.138062
-0.472719 1.413241 2.156322
0.232569 1.353828 2.158518
0.254096 0.671239 1.485216
0.263158 0.719169 1.432114
0.287738 1.432305 2.039637
0.293705 0.819444 2.762874
0.289845 0.770327 1.483013
0.241863 0.086495 1.486788
-0.384586 0.090224 2.112092
-0.350482 0.118093 2.127424
-0.307504 0.756953 1.516723
0.351687 0.741923 1.512878
-0.937576 0.094910 1.454610
-0.950806 0.121163 2.636471
-0.931174 0.160916 3.874368
-0.933333 -0.460558 3.865115
-1.656523 -0.482714 3.851399
-1.081923 0.104757 3.808168
-1.110649 0.058186 3.120499
-1.073894 0.038467 3.130661
-1.044383 -0.574483 3.148599
-1.089414 0.009935 2.443155
-0.511507 -0.020532 1.777538
-1.123166 -0.013957 2.402713
-1.094852 -0.586457 2.388450
-0.496480 -0.498881 1.742475
-0.553338 -0.467912 1.170905
-0.614009 -0.479318 1.827275
-1.221756 -1.088477 1.226459
-2.420991 0.161041 0.630467
-1.804156 0.169852 -0.617996
-1.855555 0.149729 -0.612760
-1.897110 0.745337 -0.006479
-1.891767 0.170948 0.623340
-1.192121 -0.396507 1.298023
-1.177176 0.259914 1.342535
-1.201521 0.275467 0.724375
-1.854262 0.274625 1.362466
-1.786553 0.272374 1.405704
-1.725832 -0.340922 0.799965
-1.080711 -0.343624 0.827125
-1.752493 -0.377670 0.811734
-1.084169 0.210348 0.736329
0.313519 0.178004 0.712779
0.329095 -0.441980 0.692284
0.263927 0.214536 0.679201
1.549958 0.858136 -0.004701
1.564974 0.815920 0.002193
1.600725 0.779936 0.027038
1.607077 0.177167 1.308642
2.186762 0.224986 0.660061
2.150660 0.211207 0.640341
2.152098 1.424462 0.634366
2.169895 1.408641 0.638604
2.151106 2.064447 1.277564
2.078805 2.100902 1.917054
1.411141 1.461573 3.229036
1.425534 1.432495 4.501885
2.120455 2.072007 4.554076
1.546324 2.089051 4.604953
1.549880 2.744164 4.643413
2.794777 3.365179 4.013325
3.511305 3.301785 4.030815
3.495728 3.904834 4.068092
2.869593 3.277102 4.099881
2.821414 2.654535 4.114265
2.196534 2.619848 3.480632
2.224972 2.566786 3.509192
1.598563 2.532159 4.125032
1.616303 2.524283 4.094540
2.261662 2.533985 2.819477
2.243129 2.531116 2.775453
0.945814 1.869274 2.742471
0.916683 2.522574 2.727309
0.890877 1.891911 3.341801
0.871466 1.911821 3.296035
2.747046 1.895665 3.279770
2.758549 1.867468 3.923617
2.780107 2.512936 3.889948
2.792833 1.832738 3.223372
2.150957 1.820857 2.450535
3.382244 1.801014 1.825831
3.389869 1.196725 1.831792
3.419247 1.867000 1.795390
4.039252 1.886921 1.755280
4.016943 2.518984 1.751826
3.967622 2.484874 1.771711
2.108826 2.451060 1.766310
0.247444 2.448465 1.721226
0.330638 2.464669 1.670477
0.361957 1.817242 1.645674
0.978632 2.452609 0.999550
0.968612 2.416796 0.992815
1.011382 2.453102 2.228246
0.421663 2.491895 4.177169
0.409950 3.153016 4.225851
0.963951 1.209889 3.655726
0.936693 -1.405319 3.706525
-0.369599 -0.659837 3.734429
-0.316765 0.060998 3.717500
-0.302273 -0.557267 3.724223
-0.324428 -1.896915 3.154468
-0.299107 -2.481897 2.584126
0.422142 -2.399185 1.956759
0.496819 -1.724937 2.553741
1.792316 0.118851 1.333276
1.731005 0.064329 1.996444
1.689150 0.045236 2.044762
1.705344 0.063563 2.106163
2.369425 0.730443 2.097650
2.373971 -0.553808 1.425203
1.719429 -1.213006 1.432191
1.699672 -2.453502 1.454501
2.320613 -1.742771 1.468096
2.322447 -1.040184 1.460034
2.294624 -0.448414 1.469111
2.239499 -1.782042 1.497497
1.528194 -0.478307 1.530162
1.484946 -1.115197 1.522032
1.474822 0.093424 1.464382
2.702178 0.682688 -0.472693
2.661702 0.581345 -0.523900
3.222425 1.271543 -0.580973
3.219710 3.187867 -0.632180
3.266979 2.592134 -0.628572
3.897323 1.970209 -0.629582
3.888197 1.915252 -0.632340
4.471994 3.796268 -0.024292
3.254165 3.777714 -0.000257
2.603688 3.174540 -0.615129
3.218689 3.146905 0.632810
3.204419 3.710075 -1.839527
3.814227 4.301364 -1.833261
3.820228 4.368053 -1.798117
3.226077 3.216477 -0.475439
2.674304 2.645062 -0.482475
2.731759 2.614694 -0.501312
2.809383 1.335415 -0.434904
2.810750 0.780064 -1.531485
2.271584 0.847216 -1.468114
2.318474 0.859821 -1.497174
2.331806 0.855852 -1.527126
2.312286 2.166728 -1.486125
2.946792 2.276256 -1.415463
2.981961 2.385786 -1.409175
3.735251 3.016806 -1.509212
3.767286 2.981317 -1.603142
3.158893 2.925922 -1.593267
3.156646 2.930925 -1.536213
3.801025 2.937321 -1.555586
4.427834 3.525957 -1.679968
4.444662 3.466840 -1.163678
3.811686 4.038719 -1.181803
3.124209 4.035392 0.162518
3.130337 3.426570 0.196625
3.140367 3.398668 0.098460
2.523761 3.334422 -0.041225
2.524459 3.267062 -0.061963
2.505185 3.208611 0.037081
1.286945 3.181271 0.078348
1.945688 3.162412 -0.021203
0.646327 3.160616 -0.790293
0.615118 3.186619 -0.783703
1.274617 3.228175 -1.292734
1.913617 3.280420 -1.863428
1.924304 1.445891 -1.921784
2.518937 1.481619 -2.001248
1.823525 2.123522 -1.962571
1.769638 2.128492 -1.825671
1.745470 1.496598 -1.755773
1.102052 1.484487 -1.814933
1.076527 1.497275 -2.564633
1.656276 1.507888 -1.899288
0.991380 2.090508 -1.127442
1.046241 2.056179 -0.412664
1.114043 2.085826 -0.447225
0.509320 2.693920 -0.516455
0.464873 2.668524 -1.145243
0.468242 2.037330 -1.719382
-0.158322 1.344366 -1.684328
-0.109959 1.921604 -1.727772
-1.329786 1.946364 -2.416957
-1.351994 1.969178 -2.415159
-1.315318 1.984224 -1.710313
-1.238409 1.986865 -0.394816
-0.568308 2.610266 0.827274
-0.593061 2.642427 -0.463340
-0.660608 2.012600 -0.481151
-0.702456 1.391938 0.174341
-2.560052 1.368398 -0.519172
-1.948570 1.372650 0.065375
-1.991569 2.056967 0.012399
-1.379797 0.174098 0.045174
-1.341146 -0.448576 0.093076
-1.315023 0.185343 0.061984
-1.948773 0.208058 -0.031639
-1.988684 -1.023456 -0.079977
-1.393213 -1.023334 -0.028449
-1.437712 -1.032123 0.043500
-1.489939 -1.010943 0.053565
-2.124282 -1.584368 -1.257669
-2.112775 -1.589160 -0.573510
-1.466393 -0.985263 0.164075
-0.182299 -1.000053 0.257602
-1.461643 -0.968169 0.253738
-2.697549 -0.267690 0.861944
-2.673087 0.470894 0.840772
-2.668428 0.476806 0.221343
-2.714776 -0.205756 0.225460
-2.743146 -0.184249 -0.432050
-2.761576 0.495366 -0.506897
-2.149614 0.503521 -0.486321
-1.543227 0.476004 -0.407610
-1.553117 0.441177 -0.421620
-0.948487 0.442674 -0.490022
-0.926042 0.458815 -0.554199
-0.275187 0.461114 0.061969
0.339703 0.369688 0.042473
0.856982 0.922997 -0.017618
0.789217 0.318439 0.567162
0.805788 0.965711 0.568265
0.871377 1.592522 1.234477
0.897980 1.582909 1.299592
1.502984 1.557702 0.068742
0.912560 1.568350 0.021926
0.987691 1.621172 0.611418
1.088641 1.656815 0.589026
1.124279 1.635156 0.541705
1.734102 1.595741 -0.146895
0.450865 -0.295296 -0.163372
-1.489725 -0.295883 -0.169470
-1.465596 0.360336 -0.140373
-1.480559 -0.294224 0.519734
-1.524505 -0.315637 0.514948
-1.527299 -0.308687 0.528292
-1.465505 -0.963965 0.534967
-0.787077 -1.009367 1.172092
-0.807891 -1.098635 0.482100
-0.874043 -1.177904 1.123710
-2.147183 -1.208489 1.808531
-2.085800 -1.219336 1.876712
-2.071825 -0.563676 1.953441
-1.474015 -0.589281 2.017890
-1.513938 -0.578074 2.074041
-1.479889 -0.504106 2.107143
0.507868 -0.396351 2.097405
-0.140699 -0.351482 1.423479
-0.148351 0.299326 1.386934
-0.200215 -0.395916 1.357975
-0.200200 -0.361379 0.089654
0.438331 -0.318991 0.060964
0.448272 0.319441 0.066306
0.446051 0.283037 0.724340
0.456571 -0.374358 0.102085
0.473255 -0.357008 0.095916
0.526266 -0.323955 0.103823
0.560105 -0.317550 0.110862
-0.118726 -0.376199 0.090029
-0.124984 -0.453542 0.036004
-0.105941 0.873870 0.628242
-0.089790 0.854211 1.835086
-0.090319 0.832292 0.490349
1.156366 0.788779 0.473096
0.532861 1.391037 0.477632
-0.058901 1.399900 0.521275
-0.060613 0.775964 0.581076
-0.086276 0.796781 0.594448
0.532057 0.766242 -0.070892
-0.102892 1.370676 -0.776841
0.523358 1.349430 -0.805535
0.480176 1.380484 -0.822604
-0.190066 2.042342 -0.854730
-0.196386 2.075829 -0.866547
-0.143844 0.772666 -0.173411
-0.742018 -0.443196 -0.084678
-0.717177 -0.382332 -0.679687
-0.107144 -0.311161 -0.661652
-0.733050 -0.284279 -0.678199
-1.318966 -0.318619 -0.701824
-0.632756 0.286139 -0.707231
-0.639956 0.275743 -0.088281
-0.654609 0.310311 -0.105145
-0.602745 -1.013275 -0.111628
0.122745 -1.045829 -0.718903
0.194329 -1.110898 -0.699088
-1.094846 -1.088853 -1.305477
-1.159854 -1.033068 -1.362628
-1.209464 -1.007541 -0.828542
-1.217487 -0.407716 -1.451593
0.109026 -0.466894 0.425291
0.085690 -0.486303 0.405880
-0.579439 -0.477473 0.397084
0.697232 -0.489386 0.427495
0.735785 -1.769936 1.745728
1.422457 -0.529154 1.787992
2.730794 -0.527366 2.440410
2.645697 -0.487448 2.471902
3.216336 -0.447764 3.115556
0.522074 -0.429067 2.559503
-0.728485 -0.428075 2.601355
-0.752227 -0.425372 1.332414
-0.818889 -0.410063 1.314917
0.480425 -0.399433 1.958444
1.781871 -1.032300 1.969228
1.858893 -1.043754 1.989118
1.905301 -1.038578 2.000306
1.909706 -1.007634 1.987047
1.918856 -0.969191 1.950276
3.284374 -0.955311 2.541454
2.643404 -0.309489 2.541719
1.933498 -0.336120 2.570380
1.198989 0.303828 3.263759
1.748340 -1.577413 3.270320
1.753811 -0.948197 3.276680
0.465311 -0.947018 1.351741
1.188203 -0.954291 1.390085
1.195751 -1.618781 2.022589
1.784183 -1.600884 1.963924
2.380482 -1.610502 1.929982
2.349847 -1.008198 0.628754
1.728097 -1.024852 -0.053940
1.621556 -1.040992 -0.111619
1.489766 -1.006698 -0.116189
1.476681 -1.658834 -0.061494
1.576459 -1.022693 0.606711
1.006426 -1.665685 -0.077295
0.988326 -1.596127 -0.134911
-1.026595 -1.528647 -0.780908
-1.618365 -1.530582 0.520076
-0.250118 -0.941791 0.510228
-0.217450 -1.590834 -0.198402
-0.884289 -1.560749 -0.288941
-0.907196 -1.544386 -0.255939
-0.852951 -1.558052 0.505362
0.537459 -0.249815 -0.013842
1.243416 -0.266971 -0.040455
1.870551 -0.253225 -0.712445
1.874108 -0.227735 -0.041575
1.275881 1.033189 -0.000596
1.275036 -0.931135 -0.018705
1.256772 -1.017016 -0.729292
1.224422 -1.020521 -0.797058
1.201986 -0.325830 -0.768180
1.191260 -0.252455 -0.021426
1.183628 -0.279964 0.014221
1.811423 -0.365444 -0.715314
0.501197 -0.375920 -0.736203
0.504720 -0.298359 -0.035240
-0.172073 -0.273223 0.612058
0.404184 -0.356037 0.599586
1.048055 -0.439112 0.545606
1.735297 -0.412536 0.540815
3.053284 -0.320944 0.609956
3.020923 -0.305240 0.018802
2.339527 0.800499 0.682091
2.283990 0.021388 -0.040965
2.261375 0.094057 0.611119
2.256107 0.240507 0.631381
2.236341 -1.046659 0.632514
3.505086 -1.195919 0.580122
3.434997 -1.281561 0.496301
3.420147 -0.525668 -0.148450
4.040032 -0.397409 -0.137936
4.034457 0.911145 -0.148605
4.041883 0.809167 -0.186120
3.470358 0.110551 -0.242070
2.309614 0.199648 -1.479115
2.354337 0.287614 -1.470207
2.349537 0.883603 -1.507574
2.345836 0.816961 -1.555949
2.371291 0.778527 -1.599184
2.387773 1.461578 -1.591899
-0.139704 2.139516 -0.963007
-0.166042 1.455056 -0.958514
-0.145412 0.167591 -1.592019
-0.694981 0.204423 -1.534538
-0.658825 0.926494 -1.488251
-1.894264 1.584990 -0.720724
-1.910610 1.525271 0.545034
-1.323423 0.812087 -0.158637
-1.917218 0.827280 0.482609
-1.886277 0.885065 0.527320
-1.895347 0.883462 0.590058
-1.925187 0.820511 0.659619
-1.937334 0.792554 0.709462
-1.911111 0.855373 0.708291
-1.882343 0.955981 0.684866
-1.879432 0.992259 0.680016
-1.875711 0.948433 0.704888
-1.851615 0.896368 0.712372
-0.623924 0.897243 -1.974312
-0.012060 0.927495 -1.981662
-0.063925 -0.345452 -1.980288
-0.131932 -0.445328 -1.998673
-0.128299 -1.158787 -2.040228
-0.162167 -1.114544 -2.732772
-0.186123 -1.051420 -1.486821
-0.177693 -1.071455 -3.971449
-0.153470 -1.149182 -3.967128
-0.151089 -1.198947 -3.991380
-0.177525 -1.189958 -4.030364
-0.214306 -1.170759 -4.025126
-0.237380 -1.195977 -4.609748
-0.252285 -1.250674 -4.585235
0.332820 -0.616657 -3.994935
0.302453 -0.576822 -3.390533
0.272555 -0.537757 -3.414574
0.257771 -0.544781 -3.414855
0.250717 -0.571201 -3.406237
0.248929 -0.573720 -3.396719
0.254271 -0.555669 -3.387498
0.255882 -0.560483 -3.985851
0.249097 -0.603568 -3.966866
0.868716 -0.641109 -3.922675
0.255059 0.005437 -3.874625
0.919327 0.037644 -2.649767
0.949444 0.062044 -1.995794
0.952714 0.060780 -0.788340
0.288074 0.057593 -1.390201
0.286503 0.066439 -1.323965
-0.320590 0.710628 -1.294594
-0.291734 0.087208 -1.306412
-0.280662 0.071049 -1.309754
-0.295478 -1.184924 -1.254126
-0.317049 -1.155962 -1.190593
-0.292598 -1.169476 -1.185055
-0.239205 -1.189527 -1.864576
0.456080 -1.824154 -1.870116
0.450510 -1.211968 -1.806118
0.451780 -0.514127 -1.064464
-0.702315 0.110419 -1.081328
-1.242009 -0.508871 -1.137872
-1.197706 -0.508134 -1.166952
0.042398 -0.486187 -1.783130
-1.264454 0.139727 -1.801136
-1.286819 0.696860 -1.904776
-1.287591 0.660012 -2.017829
-1.283362 0.660429 -2.042028
-1.284327 1.301750 -1.972661
-1.234608 1.322772 -1.294261
-1.857683 1.300811 -1.316249
-1.817107 1.276688 -1.343082
-1.158534 1.310787 -1.315737
-1.888764 0.751313 -1.264923
-2.543991 0.808953 -1.249508
-0.681560 0.107487 -1.279704
-1.954212 0.062989 -1.303076
-1.920330 0.078097 -0.637971
-1.858307 0.146421 -1.206353
-1.820185 0.185634 -1.178707
-3.096415 0.804978 -1.205097
-3.153319 0.782991 -0.593370
-2.027290 0.826550 0.005533
-2.042085 1.526431 0.016311
-2.043591 1.509389 -0.651468
-1.391665 1.449723 0.613436
-2.009822 1.418588 0.632093
-2.032360 0.171439 0.669148
-2.025476 0.173132 0.702911
-0.796207 0.162643 0.751290
-0.805683 0.161346 1.391223
-1.470567 0.198027 1.392277
-0.823835 0.234102 1.359945
-0.783715 0.221965 0.715855
-0.734037 0.182791 0.721195
-0.706000 0.170169 2.016729
0.583549 0.192609 2.016963
-0.042980 0.194052 1.978231
-0.020964 0.174175 1.918996
-0.014279 0.775269 1.887245
0.009758 0.827709 1.905139
-0.602501 0.906435 1.910589
-0.605793 0.937301 3.148293
-0.624641 0.932622 3.100767
-0.644730 0.313315 2.468251
-0.623350 0.379125 3.159529
-1.874226 -0.239072 3.859644
-1.900261 -0.274817 3.834180
-0.700745 -0.335943 3.797604
-0.718622 -0.360211 3.153826
-0.085817 -0.334126 3.223089
1.137396 -0.322084 1.866155
1.054890 -0.357684 2.515681
0.963046 -0.403627 2.497809
0.919005 -0.409473 2.530993
0.937651 -0.384956 2.604075
0.960651 -0.380112 1.993697
0.934870 -0.394158 1.999172
0.893585 -0.410976 1.988243
0.866560 -0.406245 2.020820
1.481065 0.242239 2.057868
1.475332 0.210916 1.440380
1.456367 0.179906 1.389142
1.446901 0.194889 1.327647
1.461094 0.257865 1.305381
1.492352 0.308730 1.312205
1.500482 0.346035 1.312048
1.509791 0.384711 1.873620
1.522019 0.433531 1.819208
0.911695 1.763033 1.119242
0.888116 1.755019 1.106708
0.841317 1.089990 1.111435
1.461652 1.066713 1.084286
1.487360 1.028424 1.023625
1.503153 0.958866 0.991445
0.850521 0.896162 1.041164
0.838583 0.878168 1.125246
0.184291 0.890088 1.168181
0.873739 0.889026 1.158516
-0.388040 -0.469180 0.480149
-0.464984 -0.544872 1.186852
-0.534114 -0.552937 1.242091
-0.529591 0.125595 1.236066
-0.481028 0.180209 1.775581
-1.116365 0.188879 1.713459
-0.460238 -0.385394 1.764040
-0.460624 -0.275889 2.517290
-1.684642 -0.170916 1.933567
-0.982783 -0.116247 1.864183
0.348928 -0.064085 1.804280
0.336596 0.013407 1.844534
0.991281 -0.601792 2.465847
-0.223176 -0.601002 3.063334
-0.176059 0.005170 2.999513
-0.828823 0.008549 2.970057
-0.203860 -0.573085 3.056850
-0.840076 0.833146 3.172915
-0.165625 0.805873 2.578182
-0.170592 0.751507 2.530407
0.424558 0.770543 2.476170
-0.259296 0.820657 2.508662
-0.276163 0.152228 2.559280
-0.277424 0.086873 2.530778
-0.314624 0.034376 2.434700
-0.388258 0.719754 2.370946
-1.100519 0.774537 2.403767
-0.455111 0.760611 2.440242
-0.426036 0.037291 1.801954
-0.408196 1.222891 2.341463
-0.429976 0.626897 2.851420
-1.086356 0.671908 2.852362
-1.780187 0.623094 2.282617
-2.473264 0.542318 2.247235
-2.499482 0.519036 1.621720
-2.545014 0.544150 1.620562
-2.590153 0.533049 2.363857
-3.243531 0.459161 1.137678
-3.218335 0.383002 1.188017
-3.198162 0.367170 1.193623
-2.529045 0.392116 1.197339
-3.171245 0.389541 1.925551
-3.174890 0.340304 1.291785
-1.886293 0.289335 1.301933
-1.865273 -0.328970 0.619506
-1.865558 -0.285010 0.574055
-1.206920 -0.268756 1.225038
-1.177210 -0.306358 1.251636
-1.774272 -0.346216 1.236168
-1.733214 -0.330224 1.177777
-1.713406 1.004680 1.152946
-1.701831 1.025367 1.201265
-1.062169 0.982524 1.831240
-1.049686 0.288402 1.178398
-1.042241 0.284720 0.441579
-1.049274 0.316045 1.038879
-1.719193 0.317856 -0.157333
-1.714772 0.286841 -0.793242
-2.313241 0.300792 -0.811114
-2.302435 0.389248 -0.881692
-2.325465 0.496507 0.349911
-2.365415 2.440826 0.348721
-1.750925 2.417131 -0.288994
-1.733342 2.382430 -0.311100
-1.702296 2.360516 0.234055
-1.063471 1.722522 0.160453
-1.106770 1.702569 0.191305
-1.115984 1.711100 -0.358491
-1.058170 2.445803 0.314920
-1.629026 1.864611 0.261234
-1.585869 1.874191 0.847755
-1.621125 0.560872 0.855362
-0.381520 0.552676 0.922728
-0.919534 0.550672 0.994608
-0.817699 0.504030 0.993207
-0.815158 -0.176521 0.285235
-0.885779 0.480278 0.289415
-0.906854 1.167375 -0.816911
-0.825172 1.186783 -0.746113
-0.119233 0.493477 -0.764808
-0.115780 1.051302 -0.849899
-0.186336 1.047790 -0.883532
-0.225979 1.085658 -0.802699
-0.178311 1.748493 -0.055755
1.104720 3.005353 -0.038072
1.689318 2.937009 -0.108851
1.028254 2.935413 -0.134943
0.371575 3.001395 -0.055568
0.401878 1.709724 0.034980
0.447714 1.712333 -0.563168
0.429393 1.069287 -1.941057
0.379158 1.079673 -1.973818
0.359230 1.108070 -1.912686
0.390406 1.718816 -1.830670
-0.196802 1.708358 -1.826768
1.048463 1.695194 -0.641074
1.037913 1.693253 -1.280313
1.035078 1.683296 -1.264430
1.036295 1.675819 -1.256656
1.026051 1.693715 -1.297712
2.236231 1.724406 -1.359255
2.240022 1.142770 -0.157348
2.229324 1.771580 -0.148583
2.174888 1.751456 0.531527
1.428599 1.741365 0.528636
1.404333 1.734252 0.514777
1.393067 1.744986 0.519853
1.368567 1.777981 -0.120940
2.002263 0.530907 -0.149220
1.959733 1.239267 -0.175187
2.565662 1.281604 0.466901
2.560659 1.311468 1.098665
3.126860 0.683495 1.049121
3.759186 0.044648 1.000547
2.455758 1.955949 0.995180
4.343410 2.568513 1.011222
4.384413 2.562174 0.999074
3.745376 3.280290 0.321156
3.733396 2.679354 0.916443
3.757029 2.657867 0.914133
3.205433 3.258955 0.937059
2.606060 3.793024 0.326604
3.194054 3.763293 0.305975
3.810764 3.064703 0.301158
3.843370 2.982291 2.147237
2.598784 2.927670 1.542663
1.924336 2.948225 0.897592
1.871622 3.012974 0.853220
2.492880 3.030178 -0.346790
3.179648 2.981067 -0.326763
3.816141 2.311635 -0.318287
3.742148 2.355756 -0.358528
3.668618 3.027455 -0.372413
3.674042 2.996287 -0.303291
3.735581 2.943919 -0.223196
3.119117 2.971715 -0.206532
3.087374 3.067215 -0.261807
3.064653 3.138718 -0.267252
3.118907 2.486806 -0.251937
3.846742 2.447807 -0.207029
3.875205 2.459637 -0.203300
3.800114 2.496437 -0.275041
3.749631 2.479103 -0.340464
2.509853 3.079721 -0.324664
2.577186 3.013091 -0.256191
1.938749 3.002603 -0.218928
1.250052 3.043017 -0.263255
1.223663 3.047551 -0.342852
1.292088 3.064729 -0.367463
1.391325 3.072235 0.985072
1.405101 3.100567 0.978401
1.967055 3.142471 0.924725
1.220903 3.176579 0.890791
1.212079 3.195259 0.911193
2.545555 1.956479 0.953771
2.562621 1.973012 2.788283
1.915853 2.021879 2.125214
1.245181 2.084983 2.115950
0.663091 2.121602 2.126862
1.375490 2.130727 2.802375
2.052373 2.140368 2.808687
2.017903 2.143458 2.798536
2.001492 1.480752 2.794731
2.035751 1.397951 2.792882
0.198085 1.328059 2.785085
0.234828 1.302203 2.764373
0.816393 1.309695 2.740659
0.828193 1.939408 2.743658
0.872723 1.917323 0.743241
0.911948 1.888689 0.751671
0.904282 1.890100 0.764367
0.878573 1.889806 0.743434
0.882200 1.832646 0.069534
0.913101 2.342077 0.687572
1.550229 2.925790 0.673057
1.558472 3.599981 1.281628
1.591218 3.638013 1.277357
1.648455 3.637725 0.639601
1.672569 3.617292 0.645959
1.641798 3.640315 0.680815
0.962542 3.713492 0.722480
0.947908 2.411930 0.726323
1.616409 2.419754 0.705087
0.346749 2.424934 0.696559
0.327747 1.801786 0.696874
0.289758 1.847918 0.687694
0.258954 1.198661 0.648311
0.909533 1.209554 0.636848
0.910027 1.937535 0.678633
-0.444149 2.013291 0.713427
-0.519402 2.037340 0.696363
-0.590315 1.991333 0.644686
0.015018 1.939185 0.639733
0.061715 1.932629 1.281412
-1.177250 1.960876 0.721669
-1.210387 2.602397 0.709145
-1.259626 2.552594 0.678216
0.051241 2.515807 0.724568
0.118053 1.915365 0.851270
-0.507029 1.324925 1.559693
-0.562235 1.367525 1.546574
-0.633376 1.328411 2.101751
0.013590 1.269750 2.735852
0.075859 1.274931 2.808986
-0.538210 0.708247 2.812241
-0.565510 0.696268 2.744677
-0.644120 1.242935 2.078312
-0.659140 1.181912 0.876286
-0.607215 1.201953 0.982525
-0.577857 1.843478 0.989054
-0.618453 3.132665 0.909436
-0.671271 3.064373 0.869384
-0.661260 3.000551 0.927919
0.040813 4.349286 0.968583
0.078398 4.314653 0.892289
0.071906 4.323775 0.768763
-1.243585 4.996767 0.736376
-1.234868 6.323586 0.822867
-1.190228 6.314841 0.901997
-0.531449 6.294494 0.891353
-0.537661 5.620504 0.815130
-0.547599 5.633334 0.842480
-0.535341 6.234403 0.938339
-0.520530 5.602003 1.631938
-0.521596 4.372780 1.577244
-0.530781 4.414837 1.494037
-0.518806 4.427393 1.518278
-0.491926 4.381230 1.572077
-0.480732 3.057226 2.231263
-0.473372 3.013429 2.222297
-0.457732 1.104484 2.220154
-0.436804 1.725291 1.614784
-0.428071 1.681356 2.285424
-0.431444 1.033416 2.317084
-0.437568 1.700276 2.316588
-1.065851 2.348204 2.292150
-1.038540 1.132621 2.261626
-1.016549 0.372617 2.252568
-0.384146 1.030961 2.279679
-0.389500 0.437442 2.322348
-0.397483 0.493945 2.354368
-0.394250 0.520839 2.952200
-0.372207 0.518966 2.977400
-0.360438 1.150882 1.714775
-0.386895 0.569657 1.718312
-0.424736 0.597023 2.958457
-0.441900 1.863249 2.897202
-0.430514 1.826422 2.867747
-0.429972 1.197779 2.874771
0.193171 1.180746 2.890734
0.147189 1.836635 2.897776
0.113243 2.549457 3.571278
0.114104 2.556943 3.602698
0.102641 2.536545 3.602269
0.061932 2.527418 2.955562
0.650138 1.967612 2.893523
0.640962 2.598074 2.880836
-0.019229 2.529470 2.913610
0.003381 1.232782 2.941630
0.012147 1.182116 3.584515
0.671513 1.247527 2.978788
2.004854 1.315432 3.061697
2.035230 1.335641 3.128300
2.062211 0.717031 2.415096
2.110263 2.582457 2.335303
2.827946 2.612845 1.642918
2.867900 2.637443 1.628386
2.879982 2.647692 2.262235
2.906126 2.563165 2.210174
2.959951 3.146973 1.504644
2.982542 3.874526 0.842389
2.969123 3.358014 0.839588
2.947907 2.700954 1.460463
2.957552 2.644780 1.417987
2.369698 2.621296 0.734677
2.351138 2.660815 0.721188
2.287685 2.678593 2.036491
3.462802 2.625708 1.401753
2.190812 2.540575 1.422656
2.226629 2.519797 0.803322
2.191781 2.582232 1.478062
2.724743 3.285060 1.532338
2.672817 2.659485 1.606071
2.691211 2.637750 1.648671
2.715350 1.976776 1.639154
2.694497 3.203396 1.619341
2.650795 2.540835 1.625371
2.655986 2.504859 2.272259
2.733533 1.802355 2.262063
3.424955 1.747267 2.229645
3.397880 2.416909 2.238792
2.717448 3.764259 2.300653
2.717449 3.230022 2.365986
2.786696 3.268919 3.068839
3.473843 3.252114 3.042827
3.457539 3.836470 3.023858
3.402302 3.217642 3.013060
3.399624 3.228917 2.308862
3.483445 3.856854 2.252835
3.559516 3.807728 2.199692
3.536549 3.752630 3.464777
2.841726 3.770840 3.486198
2.208941 3.832178 3.481965
2.262360 3.878948 3.457659
2.331518 3.886100 4.119490
2.329093 3.872507 2.872931
1.647319 3.881881 2.948118
1.600804 3.906305 2.938425
2.223564 2.041157 2.833532
2.260697 2.039046 2.751006
2.251136 2.704798 3.385108
1.566033 2.723984 3.434627
1.495156 3.378293 3.417001
2.120031 3.392004 3.362256
0.946759 3.408583 3.373045
0.931505 3.432398 3.455395
0.863031 3.433957 3.508587
0.203114 3.407514 3.464234
0.818686 2.748730 3.389436
0.207478 2.747571 3.404563
0.149351 2.770382 3.487606
0.087260 2.775829 3.517730
0.719551 2.760386 3.463328
0.800795 2.744096 3.419128
0.240103 2.757322 4.081245
-0.412453 1.553355 4.131302
-0.432788 2.172699 4.119684
0.225562 3.383332 4.063179
-0.300569 3.420453 4.020005
-0.272463 2.854412 4.629208
0.313908 2.186144 4.620586
0.255150 2.113065 4.607580
0.274911 2.071072 4.595958
0.372667 2.093907 4.615838
0.439480 0.882902 4.023053
1.074981 0.847270 4.055036
0.384153 1.393594 3.444268
1.016248 2.694861 3.438593
1.050081 2.741231 3.446287
1.038639 2.770498 3.442632
0.979303 2.752542 2.751656
0.902306 2.084564 2.709204
0.873494 2.752188 3.339620
0.893914 2.765234 2.062754
0.907631 2.751149 2.047306
0.915566 2.694522 3.241851
0.915559 2.632879 3.849951
0.929598 2.609416 3.837802
0.942476 2.639235 3.839390
0.943751 2.669090 3.812515
0.933291 2.652013 3.764017
0.896756 2.607859 3.727624
1.523879 2.589062 2.561334
1.512206 2.629367 2.591864
1.556704 2.661493 2.582743
1.626537 2.639387 1.282596
1.074300 1.954310 1.287004
1.078878 1.939773 2.011919
1.089475 2.647401 2.051264
1.139069 2.739075 2.029306
1.186803 2.776270 2.614353
1.176904 2.742819 3.217740
1.122978 2.069955 3.249827
2.321544 2.097079 2.607154
2.370290 2.149254 2.587806
1.784451 2.806004 1.253662
1.783848 3.987113 1.257128
1.734030 3.324100 0.638595
1.699567 3.335000 1.344284
1.716883 4.021504 0.716703
1.724966 4.666789 1.339251
1.693503 3.959151 0.051235
1.662028 3.886930 0.073480
1.031723 3.267893 0.722647
1.085672 3.302168 0.741594
1.114489 3.321861 0.778776
1.102754 2.615662 0.835247
1.090567 3.168611 0.229331
1.718102 3.156771 0.845411
1.723670 2.607926 0.821004
1.711461 2.698136 0.256128
1.050156 2.725351 0.935634
1.049682 2.695691 0.908727
1.061318 2.698400 1.491410
1.077585 2.794884 1.444280
1.085970 2.823693 2.036256
1.076016 3.380902 2.035927
0.390565 3.314375 2.036359
0.386514 3.314455 2.025325
0.381676 2.787389 2.027316
-0.281879 2.835131 1.390437
0.368005 3.433944 0.768795
1.031026 3.408500 0.753687
1.676414 4.035208 0.707764
0.365414 4.055194 0.664496
0.360669 4.031422 0.663211
0.375507 3.949715 0.701452
-0.261700 3.863693 0.736634
-0.280980 3.837553 2.031608
0.341585 3.867267 2.013900
0.357481 3.282792 1.983564
0.374161 4.499807 1.968813
1.029361 4.476171 2.578802
1.657275 4.485243 1.985996
1.694078 4.512138 1.977725
1.724014 4.497617 1.966179
2.393318 4.433223 1.367262
2.413799 4.378253 1.407297
2.433765 4.404176 1.445479
2.452479 3.115936 1.442914
3.075770 3.189009 0.073749
3.074527 3.243634 0.100532
4.412817 3.290139 0.136227
4.462279 3.363499 1.357887
4.501503 3.438441 1.331361
4.507499 3.459814 0.085965
4.504304 3.415263 0.073167
3.898280 3.369898 0.108334
3.925213 3.389823 0.132910
3.931413 3.462879 -0.488721
3.224830 3.509880 0.129356
4.477089 4.803941 0.761029
3.860792 4.781202 0.790701
4.648231 4.823986 0.162967
4.734839 4.866524 0.169091
4.720158 4.826931 0.147045
5.335384 4.713023 0.131452
5.293990 4.598484 0.130597
5.335661 4.556285 0.120257
5.393417 4.560067 -0.567138
4.697429 4.545666 0.033044
4.601728 5.134557 0.023960
3.940406 5.690807 0.041422
3.972856 5.675534 0.046157
2.682633 5.078116 0.009162
3.253473 5.098858 -0.041918
4.436572 5.078602 -0.043885
4.380167 5.608961 0.006942
4.379543 4.961420 0.048396
3.707237 4.983939 0.033857
3.651420 4.459829 0.007497
3.017950 4.528635 0.043347
3.725039 4.551112 0.124244
3.172270 4.558980 0.163174
5.106515 4.601228 0.123663
5.681898 4.652706 0.070432
6.361906 4.021028 0.081842
6.358294 3.958918 0.140545
6.371158 4.522088 0.167343
5.726605 4.529619 0.145956
5.750587 3.956547 0.134171
3.884112 4.593505 0.164746
4.530960 3.958542 0.799315
3.866943 3.309404 0.168567
3.847375 2.682015 0.125282
4.508388 3.324855 0.775075
4.492490 3.303430 0.203614
5.732350 3.257095 0.836335
6.257722 4.494643 0.807682
6.872379 3.921104 0.127351
6.238071 3.957580 -1.158650
5.006393 3.950716 -1.141189
5.558167 4.543966 -0.524789
5.473080 4.544171 -0.537879
5.456004 4.563658 -0.550490
5.497774 4.559556 -1.206580
4.852948 4.498633 -1.206827
4.784634 4.426434 0.040002
5.340225 4.419228 0.043361
4.041018 4.475239 0.052003
