4.116052 4.498960 -0.586647
4.175384 4.437037 -0.568201
4.162372 4.371766 0.095317
4.144414 4.397817 0.772346
4.845856 4.478350 0.791347
4.937275 4.495992 0.797365
3.796662 4.415352 2.117283
3.696355 4.345073 1.484636
4.265529 4.392119 1.519880
4.265405 5.114224 1.538489
5.449436 5.116505 0.884636
5.490589 5.010755 0.888759
5.463086 4.929175 1.550965
5.446546 4.960612 2.223298
6.148237 5.035975 2.201569
5.560090 5.035700 2.139609
5.537394 4.328099 3.313100
5.439107 2.997896 3.334107
4.751140 3.038646 2.692831
4.757218 3.759737 2.680963
5.502496 3.818965 2.622404
5.552527 3.179857 2.578617
4.871326 3.174995 2.578271
4.890345 3.241592 2.598652
5.618324 3.341963 2.593251
5.090686 3.380053 2.557245
5.129091 3.334138 2.537337
5.069586 3.271480 1.904285
5.023921 3.270487 1.953252
3.700892 3.949621 2.606373
2.424316 3.989666 2.603075
1.831941 3.338155 2.588719
2.487365 3.269946 3.853920
1.761267 3.919763 3.877696
1.767270 3.942293 3.899891
2.489954 3.967812 3.884414
3.863670 3.227936 3.282035
3.768017 3.137951 2.049161
3.694698 3.084276 0.870950
2.365740 3.101641 0.882879
2.239005 3.137631 1.491070
2.281415 1.895194 1.458132
2.297164 1.835155 1.432418
2.308197 1.785325 2.042446
2.336836 1.791231 2.009702
2.373679 1.823299 0.724911
3.042538 1.826423 1.347528
4.288297 2.420869 1.961826
4.241377 2.412868 1.915912
4.210900 1.830759 1.219984
4.219242 1.207492 1.203759
4.238359 1.252149 1.854929
4.260101 1.274897 1.837570
4.298002 1.951552 1.174774
4.336617 1.957196 1.138888
4.353219 1.348244 0.499129
3.017750 1.375184 1.783166
3.020745 1.389232 2.457292
4.311792 1.374257 1.176302
4.303423 1.352900 1.149549
4.266496 2.011963 1.809576
3.588291 2.032306 1.845267
3.595033 2.051327 1.199600
3.648595 2.717523 1.109274
3.685341 2.708532 1.666974
3.662832 2.709002 2.273352
3.614074 3.363444 2.304067
2.359148 3.383243 1.692242
2.383008 2.099373 1.658558
3.023651 2.117474 2.270026
2.956829 2.146980 3.458627
2.860381 2.167400 3.440470
2.824032 2.173099 2.801321
2.874668 1.535579 3.360935
2.948466 1.536116 2.678333
2.964847 1.516633 2.689082
2.933230 1.464353 2.097320
2.925318 1.414021 2.755242
2.959996 1.388821 2.753320
2.987015 1.381358 2.796887
2.318238 1.352700 2.868023
2.276623 1.339388 2.951475
2.300167 1.320564 1.808485
3.052871 1.323327 2.457455
2.466309 2.030650 1.228425
2.446407 1.375420 1.244861
2.421922 1.374253 1.244768
2.459701 1.358662 1.240359
2.421597 0.688960 1.902174
2.401542 0.656103 1.898429
2.334093 0.665566 1.896381
2.326798 2.102304 1.914370
2.379373 2.113623 1.949580
2.445836 1.429959 1.970859
2.456509 2.055938 0.696277
2.419345 2.747309 0.653036
2.401797 2.118742 0.656050
3.107304 2.724012 1.985668
3.131307 2.700308 1.975523
3.097810 2.705905 1.919394
3.038645 3.362465 2.489799
2.998658 2.703490 2.526523
3.054136 2.693496 3.199135
3.101887 3.347381 3.878012
3.089264 2.695829 3.833477
2.387729 2.688222 3.764349
2.373827 2.655022 3.747422
1.718199 2.624062 2.551948
1.708028 2.612202 3.316485
1.640952 2.616800 3.325950
0.245465 2.612123 3.331175
0.872724 2.596637 4.726497
0.867686 2.579973 4.126662
0.219458 2.576774 4.835052
0.909255 2.587180 4.809323
0.902139 2.601648 4.738672
0.892581 2.613386 4.671615
1.581841 2.600635 3.931657
1.605393 2.577325 4.533339
2.312490 2.557964 4.525820
2.306854 2.567016 3.920963
2.307045 2.602292 3.908653
1.602436 2.627403 3.268758
1.622000 2.654164 3.266447
1.671966 2.677242 3.281182
1.679695 2.702659 2.670317
1.017593 2.056186 2.653760
0.993492 1.453307 2.615881
0.355913 2.062935 3.252083
1.006752 2.027462 3.935718
0.983660 1.971456 3.958187
2.305069 1.917544 3.958334
2.273253 1.888508 3.297196
2.244436 1.874398 3.297705
4.185173 1.217631 2.672845
4.247713 1.852728 4.003403
4.302075 3.157588 3.970753
4.929610 3.160053 3.909803
3.671544 3.133419 4.525549
3.684319 3.147257 4.521848
2.995439 3.857567 5.129561
1.672467 3.214280 5.711270
1.655746 3.189997 5.681080
1.672168 3.168079 5.068956
2.347120 3.198747 5.074633
2.353083 3.282065 5.019114
1.626251 3.990617 4.286575
2.312986 3.988818 4.887999
2.983350 3.957856 4.920836
2.973530 3.955966 4.959731
2.951291 4.011772 5.562639
2.219976 3.418948 5.558275
1.511262 2.728110 5.565358
2.184107 2.674785 5.642582
2.912055 3.322944 5.708745
2.933292 3.390372 5.064774
2.193500 3.409121 4.368798
2.151420 2.029601 3.062424
2.834758 2.624726 2.400019
2.793094 2.631232 2.402009
3.512907 2.699298 2.383328
1.614761 2.080251 2.351737
1.580255 2.011226 2.347381
2.197693 1.935952 2.383941
0.944233 1.356346 2.430482
1.648024 1.374615 3.087603
1.702484 1.371076 3.070394
2.358894 1.346277 3.039287
2.342836 1.334849 3.017345
2.336848 1.349600 3.019211
2.348042 1.374175 3.671321
2.351208 0.090096 4.337450
1.702895 -0.604906 4.377053
1.663582 -0.709740 3.758464
1.658082 0.496802 3.126838
1.727358 -0.132450 3.129222
1.758528 -0.153277 1.878841
1.750591 -0.192345 2.565409
1.743192 -0.196907 2.615988
1.753161 -0.144582 2.659630
1.749530 -0.085681 2.058544
1.040842 -0.070502 1.998576
0.987510 -0.086195 2.027852
2.290568 -0.091350 1.497600
2.346612 0.562233 0.920189
2.353834 0.590655 0.873919
2.344727 0.615057 1.421031
1.736866 0.659744 1.433960
1.828271 0.714923 0.869767
1.260533 0.759286 0.900023
0.630721 0.784870 1.473033
0.576776 0.810132 1.432765
0.521563 0.839271 0.859566
0.553464 0.843455 1.577735
0.577208 0.793560 1.608856
1.978605 0.088187 1.572644
2.584101 0.025313 0.214650
2.569801 -0.001054 0.202921
2.591337 0.624920 0.281380
2.607111 0.000998 -0.326704
1.307149 1.276965 -0.366712
1.240604 1.826037 -0.379115
0.537016 1.155029 -0.361675
0.527267 1.196315 -1.637630
-0.114291 1.249051 -1.619506
-0.767112 0.593199 -1.043700
-0.192148 0.493236 -1.095245
0.463480 0.436070 -1.147420
1.752410 0.495718 -0.535959
1.784325 0.618449 0.072898
1.183662 0.661248 0.043580
0.537834 1.247432 1.297683
0.567750 3.100747 1.241635
3.256741 3.129975 1.840276
2.643839 3.204511 1.221317
2.576703 3.205023 1.945695
2.564192 4.399660 1.285988
3.226426 3.112602 1.846704
3.291117 2.496688 1.156612
3.305024 1.872906 1.167131
3.265447 1.266567 1.840179
3.233293 0.592855 1.820402
3.239286 0.589580 1.795721
1.374067 0.652447 1.807320
1.367760 0.736353 1.862510
1.313545 0.786806 1.900299
1.287210 1.431447 1.872413
0.668369 0.812467 1.165677
1.350285 0.158324 0.462114
1.350360 -0.439628 0.468670
1.293435 -0.409924 1.103707
1.248252 -0.376645 1.732482
1.267810 -0.983503 0.434829
1.325707 -1.000902 0.426657
1.976783 -1.636342 0.464504
1.959352 -0.962496 2.437828
1.945930 -0.328003 1.202600
1.970615 -1.034991 0.582365
0.726080 -1.091937 0.613614
0.726214 -1.090812 1.290229
1.270539 -0.395032 1.246043
1.179514 -0.375831 1.156805
2.349123 -0.400633 1.175676
2.323493 -1.096380 1.218301
2.304534 -0.436662 -0.039836
2.267476 -0.398965 -0.051864
2.238665 -0.378519 0.521102
0.963391 -0.411052 0.536937
0.963090 1.465640 0.569875
0.961952 1.490894 0.558592
0.304188 0.284434 1.203764
-0.294348 0.313099 1.791710
-0.306064 0.950543 1.085607
0.918479 1.552892 1.058308
0.318234 1.577145 1.022069
0.340301 0.971476 0.989374
0.382063 0.973051 0.976276
0.406354 0.283117 0.994853
-0.253940 0.237497 1.002054
-0.281938 0.226569 0.988062
-0.290120 0.216996 1.664045
-0.267140 0.761328 0.992379
-0.897951 1.311262 2.291076
-0.278954 0.043175 1.642962
1.609827 0.636295 1.625266
0.967659 0.638417 1.616601
1.044540 0.611727 1.628523
1.122271 -0.653928 0.996864
1.131690 -0.010462 1.024977
1.105225 -0.006599 1.017034
1.117871 0.571272 0.984878
1.196452 -0.061340 1.582926
1.264034 -0.076040 1.577623
1.252381 0.536448 1.647434
1.202092 0.557504 1.625073
1.216265 0.595576 1.596534
1.917303 -0.017172 2.807131
1.401642 0.020013 2.160278
2.004415 1.294560 1.610340
1.927086 3.254517 2.298122
1.858064 3.272989 2.938711
1.317779 3.265504 2.939410
1.344285 1.998656 2.330475
1.952865 1.955133 2.351137
1.215314 1.988183 2.385488
1.168574 1.411849 3.663350
1.216167 1.448003 3.008577
1.245571 2.684676 2.958581
0.591404 2.682623 2.333688
0.563743 2.735090 1.699145
0.617944 2.784404 2.367352
0.642153 2.761975 1.735952
0.637456 3.344620 1.689447
0.598772 3.347617 1.022791
0.585667 2.118437 1.645826
0.626115 2.170481 1.655930
0.654608 2.187389 1.006096
0.636470 1.548753 0.967689
0.611513 2.291794 1.588444
0.034938 1.070672 2.233476
0.070148 1.727394 2.286380
0.091720 1.642306 1.666165
-0.538166 0.936591 1.662247
-0.531223 1.574023 1.673759
-0.498905 2.112838 1.711562
-0.460351 3.338873 1.749062
0.143588 3.278037 1.745559
1.423286 2.631318 1.731947
1.420096 2.718511 1.747126
0.795948 3.473098 2.424387
-0.427384 2.267502 1.814009
0.869423 2.165749 0.525274
1.503468 2.070929 1.846860
0.878594 2.680532 2.439745
2.088483 2.724376 1.176012
2.091287 2.106068 1.156631
2.690311 1.383925 1.146804
2.698888 1.314334 1.163359
2.703317 0.739933 1.188027
2.694732 1.526806 1.217230
2.678798 1.598159 1.265042
2.679877 1.521628 1.332600
2.696100 1.391145 1.375168
2.686668 2.004556 1.364244
1.990202 2.049602 1.338987
1.965306 2.064368 1.339227
1.970348 2.012046 0.725830
3.287923 1.351233 1.352348
3.270447 1.358607 1.317016
3.236117 2.090571 1.288239
3.209273 2.100149 1.302920
3.220672 2.033206 0.707548
3.247853 1.969824 1.976762
3.258891 1.945099 1.918474
2.597720 2.541586 1.209205
2.596498 1.891352 1.846488
1.983073 1.209320 1.860489
1.992318 1.245810 1.227938
1.992181 1.316947 1.207962
0.692390 2.034164 0.540749
0.678949 1.388298 1.197059
0.680272 1.369401 1.231368
0.696210 1.373511 1.858931
0.735073 1.356776 1.831611
0.765741 1.291432 2.416876
0.766409 1.204434 2.417612
0.750987 1.174701 2.417749
1.325009 -0.003007 2.397428
2.040281 -0.559333 2.388500
2.104875 -0.526750 1.759502
0.949925 -0.537761 1.809203
0.976330 0.042662 1.850776
0.907118 -0.025384 1.846970
1.514235 -0.048511 3.061541
2.128840 -0.081038 3.033683
2.149278 -1.383738 3.018003
2.137587 -2.060144 3.630121
2.073269 -2.018972 3.584654
1.358061 -2.571088 4.165648
0.699121 -2.567217 4.171437
0.722907 -4.523699 4.239667
0.716960 -4.518729 4.288193
0.675853 -4.526353 4.252512
0.660264 -4.544227 3.542746
0.687523 -4.547775 3.525428
0.716290 -3.898342 3.569759
0.080887 -4.471107 3.592149
0.062634 -4.404094 3.549605
0.065302 -4.359728 2.897289
0.094081 -3.694810 2.930101
0.115246 -3.052493 3.030895
0.091792 -3.636405 3.107472
0.051516 -3.011770 3.098360
0.040836 -2.476065 3.066361
0.009013 -2.517656 3.090294
-0.030967 -3.153642 3.817726
-0.086282 -3.095908 3.849469
0.528336 -3.071767 3.799275
-0.101354 -3.103879 3.757637
-0.071179 -4.400294 3.784217
-0.694518 -4.378014 3.243116
-0.704744 -4.360298 3.244674
-1.952062 -4.387672 3.183894
-1.907785 -3.826454 3.146469
-1.879776 -4.519981 3.152830
-1.910868 -5.151024 3.154243
-1.967037 -5.121792 3.710753
-1.976702 -3.115905 3.652487
-1.309211 -3.689781 4.287733
-1.283396 -3.645352 4.281157
-0.701775 -4.224750 3.612745
-2.003801 -3.593908 3.589593
-2.660196 -3.561532 2.941952
-2.628572 -3.525713 2.928939
-2.611898 -4.814876 3.541473
-2.617384 -4.810140 2.894533
-2.623987 -2.969465 2.903935
-2.607426 -2.915809 2.268346
-3.181687 -2.862101 2.276463
-3.160790 -3.455984 2.947741
-2.553882 -3.457956 2.982886
-1.267731 -2.846364 3.671146
-1.256964 -2.863630 3.682836
-1.880982 -2.890260 4.297145
-1.854940 -2.942441 4.270696
-1.171850 -2.348243 4.271439
-1.177645 -2.356317 4.293074
-1.148141 -2.345459 3.722380
-2.354696 -2.984588 3.762168
-1.684147 -2.409482 3.797426
-1.031934 -1.248081 3.813854
-1.036229 -0.576619 3.803553
-1.674022 -0.578268 3.774306
-1.080264 0.000415 3.746439
-1.700980 -0.061264 3.711571
-1.065232 1.179098 4.332702
-1.754138 1.181778 3.703690
-3.050749 0.580876 3.688095
-1.794969 0.604278 3.019820
-1.780846 0.621386 3.004333
-1.766361 0.036337 3.008451
-1.137374 -0.600939 1.720044
-1.797538 -0.601507 1.723856
-1.185396 -0.613160 1.699495
-1.786641 -1.299320 1.690101
-1.732912 -1.331987 1.712181
-1.092041 -1.302205 1.740559
-1.084383 -1.215213 1.111828
-2.433978 -1.136111 0.427406
-2.422468 -1.118829 1.065590
-3.070033 -1.150975 1.073794
-3.686295 -1.182463 1.738720
-3.070269 -1.203787 0.465044
-3.761889 -1.240522 0.447863
-3.801684 -0.660973 1.101897
-3.797827 -0.041977 1.132885
-3.763091 -0.000707 0.484727
-3.111964 0.079960 1.056980
-3.119774 0.140620 1.032961
-2.481609 0.771292 1.719237
-3.081262 0.790701 1.145940
-3.051921 0.085211 0.501757
-3.063064 0.733471 1.125734
-2.516337 0.686052 1.721080
-2.556318 0.623151 1.102179
-1.243734 0.600423 0.536012
-1.240829 0.627053 1.163504
-1.236882 0.632706 1.758010
-1.227634 -0.042336 2.436041
-1.835031 -0.076532 2.472599
-1.142476 -0.071102 2.467981
-1.098853 -0.060499 2.383077
0.236825 -1.426628 1.629227
0.205182 -2.216556 2.236523
0.166163 -1.633997 2.319687
-0.522179 -1.580512 1.670423
-1.129128 -1.525743 1.599446
-1.110768 -1.537622 0.898849
-1.123623 -0.905613 2.184598
-1.073441 -0.834070 2.225017
-1.030179 -1.356179 2.218204
-0.990300 -1.368293 1.510597
-1.016277 -2.091429 0.779549
-1.716777 -2.838470 0.780566
-1.737036 -2.116403 0.859717
-1.710682 -1.305918 0.918688
-1.726966 -1.233399 0.900322
-1.755593 -1.245541 0.188671
-1.165423 -1.852040 0.190194
-1.195820 -1.719654 0.240276
-1.759133 -1.612085 2.214260
-2.282050 -0.989550 2.166965
-2.267065 -1.750909 2.104265
-1.690218 -1.756430 2.085723
-1.785195 -1.648900 1.469598
-1.806652 -1.556585 2.113704
-1.773011 -1.559638 2.083566
-1.107234 -2.237969 2.049868
-0.510098 -2.226493 1.408006
0.183542 -1.526812 1.434330
2.267315 -0.271611 2.084172
2.299066 0.318421 2.062177
2.318064 0.260578 2.019797
2.322239 0.248205 1.986962
2.315797 0.272517 1.989369
1.629367 0.282451 2.003929
1.621011 0.264549 3.339629
1.616643 0.259838 3.341768
1.614200 0.301273 3.357928
1.583521 -0.329902 2.141875
1.551334 -0.353765 2.145514
1.564166 -1.030928 2.134330
1.577900 0.252979 2.146743
1.530535 0.853118 2.195303
1.417547 0.850950 2.236228
3.222962 1.488803 2.225222
3.812893 1.525506 2.192983
3.818394 1.566053 2.193334
3.807786 1.578026 2.231641
3.759188 1.550473 2.929641
3.123488 1.538503 2.885579
3.196271 1.568208 2.827765
2.054382 0.237671 2.824382
0.274017 -0.375712 2.872664
0.256924 -0.409153 2.917302
0.226266 -0.467699 2.917390
-0.389583 -0.493946 2.927503
-0.997501 0.136803 2.969248
-1.610956 0.163308 3.017350
-1.614880 -1.725108 1.048226
-2.236439 -1.127884 0.991081
-2.805868 -0.555626 0.959954
-2.777289 -0.541304 0.965271
-2.794306 -0.492985 0.964857
-2.832046 -1.113973 0.944171
-0.325977 -1.180219 0.932262
-0.387108 -0.607240 0.339129
-1.065235 -1.208089 -0.917858
0.121822 -1.180348 -0.892418
0.103822 -1.138792 0.408214
-1.124225 0.131802 1.020844
-1.106767 0.165155 1.019786
-1.119964 0.236870 1.057463
-0.516243 0.256672 1.660087
-0.509965 0.879159 1.644025
1.413269 0.852158 1.665442
1.388387 0.188716 1.150165
1.363237 0.190887 1.248815
1.380583 0.182143 1.282289
1.436436 1.512439 1.235099
2.133371 2.870074 1.775986
1.476251 2.787295 1.742383
0.255848 2.732896 1.736897
0.291835 4.022577 1.695502
0.334127 4.061743 1.631649
0.879704 2.139900 1.607415
0.796452 2.058760 1.657210
0.755798 0.848233 1.735900
0.108500 0.926581 1.147600
0.121359 1.001564 1.090881
-0.491295 1.602147 1.627610
0.181054 1.497829 1.585637
0.865845 1.437434 1.557150
0.959462 1.471071 1.524910
1.639978 1.523423 1.501464
1.561692 1.497533 0.949380
0.893459 2.009183 1.016346
0.225044 0.783122 1.061479
0.198830 0.878775 1.708554
0.802384 0.969705 1.665652
0.758607 1.567979 1.650324
1.407049 2.111569 1.660519
0.831322 1.447473 1.633013
0.242949 1.500269 1.551937
0.799532 1.535376 0.892523
1.420299 1.492695 1.569371
2.041062 0.806419 1.672722
2.044743 0.820885 1.734591
2.002564 0.864641 1.729132
1.955535 0.870048 1.063416
1.960216 0.802907 1.774544
2.011605 0.737512 1.153359
2.068882 1.390730 0.478619
2.076184 1.395760 0.416093
1.393080 1.366329 0.394959
1.376642 1.296082 0.445172
0.799928 1.872768 0.513726
-0.609602 0.620205 0.531353
-0.673729 0.653542 0.490726
-0.093270 0.074142 0.449794
-0.083339 -0.548575 0.435668
-1.293505 -0.546188 0.424146
-1.188402 -0.547513 0.389863
-0.506154 -0.519250 0.329046
-0.564201 -0.493439 0.278297
-0.593491 -1.130634 0.271387
-1.222734 -1.158467 0.314395
-1.233468 -1.159327 -0.911099
-1.310652 -1.112454 -0.856940
-1.428257 -0.440604 -0.856249
-1.462736 -0.437130 -0.892694
-1.389848 -0.460262 0.330309
0.040262 -0.479543 0.365135
1.340386 -0.476790 0.374334
0.611764 0.140949 0.326619
0.546825 0.094493 0.286313
1.286822 -0.558561 0.309295
1.359893 -0.601731 0.365669
1.378453 -1.893309 1.004382
1.360475 -1.905536 0.946444
1.368399 -1.254536 0.897081
1.419260 -1.278514 0.890153
1.468327 -1.301591 0.884289
1.475860 -1.297034 0.849234
0.778855 -1.913691 0.760961
0.755070 -1.871044 0.777547
-0.565470 -1.844180 1.413760
-1.144335 -0.576946 1.439853
-1.158092 -0.537868 1.450089
-1.220307 -0.479168 1.466386
-1.281556 -0.432874 2.766757
-1.265002 -0.434709 2.773619
-1.244322 -0.457225 2.739313
-1.252264 0.189635 2.718776
-1.249511 0.214676 2.126592
-1.225705 0.216408 2.178712
-1.218531 0.162889 2.225562
-1.248895 0.090948 2.238848
-2.540429 0.050374 2.258084
-2.590595 0.053023 2.309842
-1.942816 0.060963 2.355539
-0.028305 0.022492 2.343452
0.655842 0.610259 2.280911
0.684450 0.576852 1.002232
0.699169 -0.742912 1.678630
0.025887 -0.711452 2.318666
0.033443 -0.714538 2.327715
0.031669 -0.727009 2.322085
-1.308500 -0.707175 2.332724
-1.337758 -1.338398 2.343161
-0.749009 -1.309987 1.691657
-0.747793 -1.297438 1.667884
-0.756130 -1.281762 2.872938
-0.778074 -1.258630 3.458239
-0.116307 -1.234337 3.452393
-0.112515 -1.227554 2.870952
-0.111603 -1.236281 1.701341
0.513030 -1.229993 1.768840
0.529128 -0.609899 1.819364
0.506447 -0.648536 1.860869
-0.789704 -0.689521 0.677607
-0.763578 -0.725322 1.346836
-0.754651 -0.747880 1.403714
-0.765320 -0.764702 1.392997
-0.765312 0.602226 1.376203
-0.057381 0.569016 1.387538
-1.839337 0.525824 2.063783
-2.454111 0.506312 2.108184
-2.488163 0.539085 2.106149
-2.506256 0.588527 2.118476
-2.482906 0.622421 2.088286
-1.850117 0.644510 2.073836
-1.848341 0.076659 2.046557
-1.214918 0.156801 1.986421
-1.245410 0.220098 1.920308
-1.222479 -0.568917 1.890911
-1.184197 -0.581548 1.934390
-2.489304 -0.566178 2.642094
-2.537003 -1.796824 2.672599
-1.909030 -1.784656 2.674134
-1.205600 -1.784721 2.027948
-0.528050 -1.786515 2.005735
-0.503831 -1.767865 1.987815
-1.818517 -1.742749 1.973386
-0.530440 -1.718754 2.563120
-1.135638 -1.105295 2.499186
-1.098438 -1.112114 3.087393
-1.117999 -2.360185 3.102799
-1.165452 -2.350944 3.122119
-1.171425 -2.348915 3.080677
-1.124978 -1.690964 3.586737
-1.077841 -1.723356 2.880356
-1.079589 -1.740502 2.877093
-0.488604 -1.721508 2.252526
-0.468653 -1.048953 2.207911
-0.420561 -1.047181 1.522049
0.247238 -1.078740 1.495199
0.242787 -1.113973 0.913065
0.231912 -1.744648 1.600335
0.247299 -1.113207 2.860699
0.286222 -1.134440 2.786548
0.299221 -1.211171 2.767266
0.275427 -1.249273 3.442412
0.252415 -1.226202 2.267330
0.268315 -1.810912 0.994452
0.314592 -1.817656 0.311142
0.335031 -1.881003 1.614856
0.300296 -0.626316 1.709482
-0.408024 -0.610592 1.790383
0.261440 -0.562399 1.800067
0.304900 -0.555869 1.792140
0.326363 -0.587697 1.262112
0.286643 -0.587149 1.330020
0.226286 -0.527042 3.891845
-0.379417 -0.444112 3.887038
-0.352058 -0.431385 3.861041
-0.353828 -0.493327 3.826918
0.222821 -0.546538 3.789874
0.185072 0.112881 3.769752
-0.426426 0.160484 3.771162
-0.994322 0.134963 3.780397
-1.000591 0.048589 3.781959
0.218238 0.000518 3.786338
0.184765 0.040627 3.810377
-1.084048 0.109562 3.818314
-1.054780 0.098590 2.519481
-1.080044 0.715869 2.494974
-1.126027 0.719485 1.121032
-1.126122 0.806524 1.105310
-1.071809 1.521421 1.102785
-0.396153 0.864617 0.448206
-0.425399 0.776960 -0.199152
-1.132581 0.731965 -0.170932
-0.446387 1.398897 0.482471
-0.427257 1.417783 0.503153
-0.453869 -0.566702 0.511038
-1.152601 -0.670428 0.590626
-1.169353 -0.013266 1.198865
-1.123481 0.628524 0.564349
-1.076984 0.012070 0.532837
-1.082872 -0.013496 0.518316
-0.505095 -0.080599 0.526396
0.147965 -0.120597 0.529404
0.203688 -0.107686 0.537808
0.226647 -0.074633 1.209635
0.181525 -0.084671 1.273963
0.119462 -0.117107 -0.024892
0.108328 0.575219 -0.050856
0.138968 1.232561 -0.090410
0.149724 1.282461 -0.700475
0.127753 1.292725 -0.676807
0.124624 1.269275 -0.679936
0.169853 1.248805 -0.742171
0.208470 1.247456 -1.409909
0.186867 0.647857 -1.410693
-0.549213 0.626331 -1.353790
-0.551058 -0.009883 -0.675278
0.167900 -0.041626 -0.763690
0.200099 -0.058156 -1.505955
0.151726 -0.067134 -0.291748
0.061486 -0.088389 0.346912
0.034283 -0.098081 0.371050
-0.589816 -0.097319 -0.321783
-0.561122 -0.092611 -1.014080
-0.601487 -0.096572 -0.334631
-0.662981 0.512715 -0.896597
0.007485 0.468257 -0.869240
0.041147 1.059346 -0.924338
0.041302 1.035728 -0.992022
-0.011167 1.642861 -0.349432
-0.053372 1.657406 0.280679
0.634360 1.059664 -0.368610
0.654210 1.127933 -0.387503
0.625108 3.121472 -0.369989
-0.091457 3.112370 -0.288993
-0.054956 3.679573 -0.217329
0.049148 3.661227 -0.218437
0.104951 3.664621 0.966035
-0.593760 3.027298 0.334707
-1.262597 3.000408 1.634159
-1.186092 2.970758 0.992167
-1.061457 2.348674 0.929710
-1.024249 2.422845 0.850029
-0.442321 1.815746 0.847632
-1.122712 1.761382 0.908370
0.200112 1.041036 0.950890
0.301357 1.617244 0.941394
0.967317 1.662183 0.307379
2.236967 2.366960 0.979249
1.528272 2.316038 1.636712
0.892112 2.237573 1.545851
0.947578 2.266743 1.446179
2.256514 1.738113 2.083002
1.555324 1.828174 0.850117
1.523791 2.395638 0.947011
1.538995 2.258111 -0.332187
1.572287 2.213486 -0.311522
1.572296 2.283566 -0.875635
2.755832 2.370244 -0.772075
2.757362 2.342820 -0.116534
1.547335 2.253071 -0.226781
1.556724 3.465562 0.961062
2.783526 2.226273 0.964613
1.571104 1.164432 1.030337
1.607456 1.148941 1.072307
1.669255 0.387643 1.061309
1.725414 0.242704 0.386005
1.101830 1.491514 0.451880
0.449590 2.830574 -0.138890
0.439149 3.490607 0.536995
1.677391 2.772399 -0.212468
1.701235 2.715789 -0.297814
1.074147 2.752877 -0.959977
1.054960 2.849711 0.427871
1.708102 2.889495 1.137269
1.739401 2.834282 0.500817
1.134006 2.762885 -0.171270
1.759031 2.744940 -0.770798
1.722243 3.414983 -0.686337
1.679774 4.103780 -0.647987
1.637403 3.456166 -0.696306
2.239072 3.483694 -0.744666
2.231225 3.527807 0.536501
2.855684 4.868186 0.563308
2.859752 4.225278 0.591346
2.887056 4.231736 0.597140
2.917664 4.220351 0.622026
2.914685 3.509419 1.329866
2.876700 3.473537 0.763849
2.171082 2.803935 0.774582
1.520981 2.156538 0.702011
1.481114 2.150433 0.610683
1.439614 2.133425 0.578739
1.436289 2.772310 -0.052689
1.485169 2.772271 -0.065025
1.547669 3.327139 -0.149451
1.572102 3.277656 -0.883306
1.552731 3.246229 -0.869745
2.217675 3.203987 -0.824878
2.275153 2.518538 -0.851470
2.330275 2.488969 -0.317094
1.697594 1.836231 -0.424964
0.974867 1.867726 -0.430919
1.637469 1.899028 -0.373539
2.374660 1.893963 -0.346045
2.446204 1.861959 -0.366853
3.121425 0.592150 -0.377258
3.055127 0.629187 -0.342557
3.009044 1.933859 -0.258372
3.020174 1.898384 0.393287
3.021479 1.870530 0.351487
2.314266 1.899166 0.934275
2.200379 1.972808 0.955579
1.465512 2.006946 1.024096
1.461417 2.630066 1.075127
1.467014 1.999025 1.097439
1.430347 1.393997 1.116000
1.385359 2.085068 1.146677
3.905088 2.102306 1.161607
3.938634 2.077289 0.487312
2.675858 2.049426 0.474616
2.008505 2.066098 -0.790547
1.351922 2.738823 -0.187545
1.416773 2.758190 -0.235845
1.543281 2.726805 0.392625
1.002934 2.679369 0.436358
1.031726 3.322163 -0.167606
1.037604 3.323140 -0.176009
1.087718 2.709298 -0.169519
1.780422 2.017231 0.429750
1.801655 1.957221 0.420524
1.756543 0.686797 -0.246577
1.715476 0.064560 0.357131
2.380474 0.067428 0.355530
3.113218 0.066132 0.358257
3.196624 0.053478 -0.273489
1.755222 -1.275165 -0.916588
1.773108 -1.295438 -1.537864
1.152767 -1.286219 -1.524131
1.131095 -0.612474 -1.492203
1.083935 -0.021398 -1.452022
1.031217 1.196448 -1.440065
1.035075 1.153892 -1.468009
1.062194 1.147275 -1.486406
1.073557 1.159700 -0.823811
1.057884 1.144188 -0.790593
1.081194 1.773783 -0.804255
0.488100 1.745459 -0.859117
0.483853 1.743897 -0.249879
0.446298 1.086707 -0.908355
0.380929 0.432115 -0.938877
1.572832 1.042562 0.217188
2.142079 1.048869 0.787230
2.142503 1.066215 0.754575
2.147626 1.098140 0.105818
2.799138 1.139703 -0.567005
2.791846 0.539969 0.028737
2.778112 1.217423 -0.581364
3.428887 1.209420 -0.528026
3.438919 1.234742 -0.501480
4.122687 -0.009752 -1.175019
3.451956 0.052044 -1.806574
3.466548 1.366414 -0.514137
3.511838 1.345790 -1.109195
3.582373 3.352736 -1.720294
3.659915 3.349436 -2.381072
3.716488 3.356690 -2.346309
3.084210 3.351593 -1.621262
1.813806 3.318578 -1.543679
1.846400 3.280943 -1.504258
1.867036 3.906119 -1.501317
2.470319 3.916859 -1.490839
2.434529 3.913270 -1.460738
3.079926 3.881825 -0.816566
3.082135 3.852969 -0.847905
3.047763 3.850221 -0.236604
2.964262 3.865618 -0.879699
3.552108 3.857187 -0.220567
3.531604 5.082292 -0.226352
3.534449 5.060340 0.339486
2.818872 5.059864 0.320329
2.100374 5.053232 -0.273989
2.020391 5.023626 0.343722
2.044285 5.009611 0.309095
1.507925 5.688805 -0.367844
0.865999 5.721475 -0.397255
0.794742 5.701196 -0.405927
0.167754 5.622175 0.933678
0.904690 5.548323 0.896817
1.002904 5.531732 0.839716
1.598175 5.559646 0.223833
0.854710 5.562762 0.255795
0.818691 5.555946 0.885516
0.906108 5.586009 -0.426083
1.032240 5.668204 -0.471447
1.053705 4.423543 -0.456917
0.987559 4.423010 -0.415600
0.982304 4.406319 -1.042157
1.087141 4.438139 -1.104632
1.186575 4.514649 0.137274
1.166109 4.551883 0.789968
1.079385 4.520373 0.797893
1.053425 4.499421 1.409127
1.117282 4.533379 1.391577
1.168444 4.583288 0.755237
1.798268 4.605641 0.116118
1.751617 4.555791 -0.459767
1.760545 4.538185 -0.435678
1.806142 4.575650 -0.427104
1.800146 4.612360 -0.429036
1.746557 4.593573 0.196052
1.049458 4.540588 0.199636
1.057505 4.525060 0.220194
1.090338 4.561657 0.876123
1.107328 3.947893 0.879057
1.117280 4.547861 0.847283
1.139689 4.482929 0.829135
1.190949 3.809846 0.853874
1.218584 3.808694 0.890052
1.206696 3.136283 1.535637
1.183183 3.123748 1.483549
1.183835 3.103146 1.447416
1.214000 3.097041 1.479836
1.227873 2.490922 1.535121
1.226530 2.513640 2.184746
1.214161 2.522592 1.488139
0.522533 2.513677 2.077418
1.191096 2.509315 2.118326
1.196945 2.524681 1.561768
1.200474 2.556956 0.947150
1.189696 2.568509 0.901899
1.172294 3.191613 0.868179
1.796806 3.193178 0.915774
1.811603 3.237318 1.002250
1.807032 3.284996 1.620873
1.766521 3.297792 0.231097
1.729563 2.648341 0.173039
1.699768 3.276869 0.147143
1.063958 3.359949 -0.513380
1.064636 2.840926 -1.174825
1.069539 1.615344 -1.160910
1.716606 2.241361 0.133211
1.729423 2.273883 0.163339
1.713835 0.317202 0.767424
1.712224 -0.248798 1.383686
1.727597 0.390965 1.334770
1.741155 0.324651 0.101818
1.784180 0.299437 0.157102
1.194898 0.341789 0.147766
1.203959 0.376935 -0.551698
1.176593 -0.292574 0.685019
0.473335 -0.348391 0.758233
0.433763 -0.328245 1.483193
0.449425 0.468107 2.193802
1.762142 -0.176807 2.143097
1.723899 0.383836 2.106784
-0.261567 0.356529 2.159899
-0.253908 -0.236926 2.247138
-0.246747 0.403778 1.664444
-0.253892 0.383844 0.297209
-0.273233 0.337774 0.241378
0.978220 0.958861 0.262914
0.997361 0.962636 0.322474
1.039776 0.936123 0.332020
1.066414 1.508289 0.935759
1.728283 1.430983 1.544850
0.438342 1.370323 0.923422
-0.206906 1.332188 0.946231
0.435930 1.305921 2.186894
-0.177236 1.912586 3.330789
-0.161160 2.564785 3.306562
0.468728 2.610781 3.386864
-0.201662 2.635885 3.462307
-0.233682 1.991140 2.829565
-0.233259 1.988257 3.422836
1.081284 2.012958 3.462263
-0.141633 1.380866 3.566619
-0.165493 1.346190 3.615681
-0.194328 1.352709 3.565824
-0.227937 1.380174 3.497453
-0.258337 1.444718 3.519797
0.393423 1.519658 2.962510
0.398371 1.536375 2.978243
-0.795685 0.862831 2.298757
-0.787623 1.452933 2.261686
-0.771142 2.116639 2.297115
-0.749457 2.122757 2.342852
-0.719298 2.721373 2.313179
-1.348966 3.347220 2.210725
-1.337203 4.017723 1.477134
