1.413390 -0.342592 1.579743
1.356140 -0.287696 1.568395
1.317089 -0.234822 1.602247
1.893427 -0.229557 1.610763
1.319883 -0.924220 0.944263
1.359912 -0.339122 0.959546
1.978114 -0.327956 1.026385
1.978408 -0.281529 -0.101858
2.014264 0.350746 -0.086663
1.420826 0.311675 -0.112693
1.436701 0.277403 -0.163615
0.782699 0.303002 -0.203240
0.750727 0.350551 -1.501701
0.773383 0.345097 -0.865729
0.802855 0.255223 -0.239686
0.780849 0.171274 -0.257342
0.729406 1.446816 -0.249329
0.706025 1.457842 0.398277
0.749248 0.839515 0.402220
1.375566 0.806466 0.419370
1.972703 0.775682 0.433798
1.954867 -0.493296 1.065037
0.689204 -0.473712 1.089593
-0.507256 -0.459567 0.468774
-0.479218 -1.106642 1.165930
0.118045 -0.522287 1.207085
0.093218 -0.519152 1.222097
0.109885 -1.075259 1.820312
0.166246 -1.018715 1.795414
0.223358 -1.631338 1.785908
0.251017 -1.640145 0.430798
0.253240 -1.615162 0.430840
0.265648 -0.942222 0.416280
0.294487 -0.932548 1.603381
0.931225 -0.353451 1.566698
0.336291 -0.377555 2.171438
0.329875 -0.340812 0.826310
0.331906 -0.280190 0.810691
-0.920251 -0.209325 0.815223
-0.956401 1.074276 0.842616
-1.618794 0.385320 0.871826
-1.631442 0.373358 0.871821
-1.641179 0.372824 0.866377
0.343169 0.370837 0.894379
-0.360279 0.970098 0.326833
-0.439161 1.569876 0.996850
0.144029 0.941974 1.597305
0.139688 0.941380 1.573384
0.133135 0.344452 1.002375
0.135143 1.054365 1.058667
0.158678 1.711522 1.069257
1.586133 0.374799 1.009863
1.612949 -2.202228 0.937398
2.228385 -0.847281 0.917313
0.916956 -0.144022 1.584987
0.929612 -0.816539 1.545179
0.989084 -1.541765 1.463080
0.966535 -0.964124 1.432806
0.903712 -0.910754 1.472729
0.883172 -1.432245 1.536621
0.930736 -1.377297 1.551776
1.662472 -1.415969 0.870101
2.271549 -1.457656 -0.453452
2.233598 -1.415010 -0.423972
2.205141 -0.105788 -0.359323
2.216407 -0.122148 0.291048
2.219558 -1.441751 0.284976
3.528990 -1.529849 -0.347163
3.461732 -1.505040 -0.922090
3.473462 -0.164237 -0.913208
2.853447 -0.190394 -0.772619
2.253368 -0.301702 -1.440784
2.212278 -0.370698 -1.490590
1.568332 -0.370111 -1.531431
1.602373 -0.351787 -1.521036
1.591793 0.259626 -0.853918
1.507891 0.223555 0.444356
1.429432 0.255840 0.384191
1.425730 0.328930 0.304306
0.803235 1.012170 0.275271
0.806814 1.006031 0.309458
2.030134 0.998051 0.967603
2.679059 1.016082 0.233935
2.058077 0.437100 0.130904
1.486332 0.462676 0.151606
1.471592 0.472198 -0.384314
1.399339 0.472849 0.910719
1.981016 -0.806573 0.836827
1.965402 -0.836651 0.114054
1.970355 -0.209167 -0.539692
1.960716 -0.886033 -0.451451
1.342989 -0.914346 -0.435587
1.342089 -1.553926 -0.497858
0.101126 -0.942329 -1.148256
0.749841 -0.311070 -1.062420
0.753622 -0.309806 -1.624405
0.742482 0.335933 -0.919803
0.734471 0.354939 -0.931115
1.351495 0.381597 -0.904221
0.697695 1.056515 -0.811223
2.015757 1.095392 0.520747
3.290310 0.491695 -0.198404
2.687339 0.516599 -0.275476
1.414638 1.116061 0.340711
2.042857 1.691331 0.392726
1.415503 1.650059 1.059578
1.343303 2.241791 1.669481
1.311942 2.223865 2.271623
1.923875 0.325573 1.612694
1.923052 0.263795 1.615336
1.913012 0.212493 0.927062
1.897063 -1.031026 0.190330
1.909192 -0.386210 0.752672
1.948212 0.207123 0.788030
0.097828 0.761388 0.135790
0.128098 0.095374 -0.488579
0.759420 0.819522 -0.520269
1.403385 1.510205 -0.493045
2.036463 0.917251 -1.039229
0.859437 0.881733 -0.426423
2.140743 1.559698 -1.063755
1.504332 1.621661 -1.080751
2.097854 1.677052 -1.078676
2.093093 0.999775 -1.671889
2.074254 0.910638 -1.608606
0.746785 0.875772 -0.943592
1.330044 1.579783 -0.941852
1.306481 1.631451 -0.257984
0.662201 2.198989 -0.849598
0.632608 1.532340 -0.829332
0.642458 0.939223 -0.847133
0.737749 1.635496 -0.851663
0.138646 2.256130 -0.832706
-0.503963 2.200930 -0.817668
0.749245 2.153754 -0.823451
1.456309 0.905133 -0.177829
2.136245 0.323620 -0.767197
2.147157 0.985690 -0.742664
2.135605 0.975686 -1.405461
1.533435 1.613417 -1.434998
2.250711 1.059904 -1.453037
1.651390 1.149117 -1.445922
1.653654 1.141065 -2.717602
1.625626 0.449326 -2.729594
1.641285 -0.214906 -2.166561
1.682585 -0.210093 -2.149757
2.280661 0.443293 -1.468892
2.152829 -0.240049 -2.664763
2.033717 0.384742 -2.667348
2.017017 -0.220185 -2.676725
1.417581 -0.177245 -2.616271
0.734325 0.465104 -2.583035
1.252846 0.465128 -2.618114
1.204302 0.464660 -2.702774
2.548977 0.483966 -2.743149
2.596584 0.497775 -2.718336
2.534491 0.500489 -2.707081
2.415031 0.493510 -2.735039
2.370645 -0.134123 -3.380522
2.449481 -0.106464 -3.338733
3.178383 -0.071992 -3.304087
2.520856 -0.065577 -3.282161
2.460917 -0.044637 -3.314090
2.470973 -0.700617 -2.100721
3.219123 -1.354139 -2.731570
3.273756 -2.004991 -2.675204
2.599340 -1.376428 -2.014243
1.873229 -0.728793 -2.633646
1.854817 -0.741595 -3.273065
2.561725 -1.371982 -3.245154
2.615854 -2.686546 -4.467235
1.956697 -1.432142 -4.453456
0.653479 -0.812787 -4.503090
0.693646 -1.429394 -4.506050
0.141342 -2.088500 -4.489262
0.226683 -2.122490 -3.806099
0.190161 -2.152721 -2.463863
-0.563003 -2.176143 -1.863986
-0.569727 -2.208260 -1.903300
-0.501165 -2.241470 -1.894959
-0.460526 -1.717562 -1.881652
-1.826570 -1.698491 -1.912173
-1.918295 -1.669837 -1.974498
-1.932791 -1.661261 -2.012118
-1.860115 -1.672821 -2.570520
-1.804828 -1.690407 -2.501072
-1.837017 -1.705774 -2.452939
-1.901565 -1.698022 -2.439970
-1.904517 -1.683770 -2.423891
-1.824172 0.345438 -2.385130
-0.487159 0.362138 -2.344914
-0.499198 0.371042 -2.332130
-1.177624 -0.230503 -2.357992
-0.558822 -1.499245 -2.370703
-0.484400 -0.869182 -2.331701
-0.424762 -0.233317 -2.284625
-1.083184 -0.248783 -2.277829
-1.158549 -1.547597 -2.295071
-1.184388 -1.510676 -2.291036
-1.117541 -1.503346 -2.273883
-1.027276 -1.536160 -2.285953
-1.021484 -0.934679 -2.352400
-1.096495 -0.937353 -1.784725
-1.142938 -0.342773 -3.188466
0.177799 -0.367354 -3.223302
0.230730 -1.017804 -2.627251
-0.410310 -1.009802 -3.263999
-0.492999 -1.562777 -2.626204
-0.537279 -0.839764 -2.601993
-0.485409 -0.783947 -2.578404
-0.396913 -0.076910 -1.935282
-0.369216 -0.015976 -1.923930
-1.056312 -0.526533 -1.922082
-1.093797 -1.114967 -2.574587
-1.075187 -1.045171 -2.572970
-1.019512 0.175534 -1.918984
-1.016926 -0.405885 -1.919514
-0.439491 -0.369630 -1.921146
-0.501478 0.928055 -1.929098
-0.485561 0.964844 -1.947076
-0.423750 0.975439 -1.932380
-0.408799 0.969336 -1.956401
-0.432576 0.950054 -1.988228
-0.454131 0.908677 -2.045978
0.227068 0.848978 -2.121421
-0.388730 0.775769 -2.173885
-1.675327 0.703459 -2.181097
-1.735727 0.654181 -1.536593
-1.178896 -0.018318 -1.543273
-1.182887 -0.645591 -1.563952
-1.143215 -0.669269 -1.573987
-1.110250 -0.053361 -1.551320
-1.109314 0.556995 -1.526857
-1.116575 0.534096 -1.545876
-1.098076 0.516398 -0.286785
-0.431297 0.493650 -0.285266
-0.417971 -0.184533 -0.275791
0.178971 -0.184080 -0.260842
-1.118398 -0.132221 -0.231955
-1.117932 -0.717714 -0.217500
-1.721784 -0.685904 -0.214185
-1.694470 -0.692390 -0.217068
-1.712025 -0.075157 -0.215484
-1.719324 0.617247 -0.215451
-0.983565 0.653302 -0.238948
0.333568 0.651055 0.367138
-1.060666 1.250454 0.366402
-2.304771 1.257713 0.383357
-2.303406 0.638382 0.958682
-2.919174 0.669455 0.937330
-2.947047 0.663914 0.900042
-2.971072 0.010657 0.877247
-2.990134 -0.016741 1.515088
-2.997907 0.002342 2.705618
-3.016968 0.025596 2.651516
-1.791964 -0.009355 2.614298
-1.820587 -0.097911 3.288578
-2.490710 -0.147503 3.356810
-1.923193 0.529507 1.336435
-1.943120 1.225477 1.328164
-1.957878 1.250366 1.297742
-1.340445 0.620578 1.296162
-1.314177 0.006072 1.319907
-1.907333 1.312257 1.336621
-1.856479 0.062407 1.308637
-1.815246 -0.600931 1.311780
-1.799260 -0.675914 1.400383
-1.814468 -0.666096 1.504672
-1.843535 0.015820 1.552932
-1.858751 0.073192 1.537048
-1.228453 -0.549280 0.876635
-1.209515 -0.562168 0.241271
-1.186665 0.042994 0.883264
-1.160363 0.066747 0.218912
-1.707927 -1.219742 -1.012463
-2.233820 -1.844094 -1.014492
-2.205914 -1.209700 -0.933043
-2.239526 -0.559115 -0.853561
-2.278343 -0.511262 -0.851288
-2.280856 -0.464528 -0.876283
-2.256312 -0.449615 -0.857897
-2.886741 -0.452554 -0.819523
-1.090494 0.158605 -0.808593
-2.495092 0.787434 -0.848844
-2.441205 0.781138 -0.899596
-2.340991 0.776618 -0.895637
-2.320377 1.417425 -0.846319
-3.011176 0.784415 -0.145466
-3.705326 0.132014 -0.135412
-3.739403 0.112075 -0.170333
-3.073784 0.105397 -0.182634
-2.463689 0.099966 0.461968
-2.561437 0.084724 0.488522
-2.625228 0.052822 0.480864
-2.593929 -1.279408 -0.195569
-2.538096 -0.641011 -0.224211
-1.912767 -1.284359 -2.068967
-2.002396 -0.673453 -1.435041
-2.646594 -0.682265 -1.450940
-1.351662 -0.655804 -2.133359
0.027588 0.637347 -2.153450
0.040383 0.077166 -2.161737
0.060284 0.080927 -0.858076
-0.497279 0.048086 -0.835889
-0.384550 0.636131 -1.488469
-0.989372 0.637746 -2.110970
-0.948340 -0.552764 -2.116078
-0.248217 -0.609195 -1.498441
1.737224 0.664264 -1.470810
1.746647 0.706288 -2.057437
1.696436 0.725903 -2.047899
1.635221 0.076622 -2.015862
1.631775 0.627693 -1.338844
1.653920 -0.003426 -2.498992
1.623059 -0.607056 -2.471625
2.181233 0.026687 -2.468376
1.501230 -0.067736 -2.485205
1.524333 1.173957 -2.502770
1.548908 1.162348 -1.881287
1.500023 1.194392 -1.896589
2.003558 1.252298 -2.537328
1.956175 1.312076 -2.562339
0.679602 1.370731 -2.572144
0.704053 0.795561 -1.918931
1.290184 0.187648 -1.857296
1.271910 0.224269 -1.815443
0.075050 0.220462 -2.472922
-0.446427 0.173802 -2.511431
-0.401174 -0.520760 -2.526537
0.203201 -1.156228 -2.497166
0.165117 -1.139666 -2.454519
-0.432200 -0.526657 -2.440900
-0.999940 0.078804 -2.449411
-1.621000 -1.173932 -3.055429
-1.050603 -1.184044 -3.010618
-0.455058 -1.165374 -2.961558
-0.440733 0.154213 -2.349044
0.216067 0.090076 -1.844829
-0.434195 -0.013825 -1.297467
0.145368 -0.077270 -1.303855
-0.511828 -0.066077 -0.634813
0.135005 -0.642457 -0.030152
0.138487 -0.019850 -0.736832
0.135545 -0.072146 -0.787267
0.674705 -0.090404 -0.778897
0.691709 -0.020503 -0.766255
1.388984 0.018047 -0.800797
2.046052 -0.653465 -0.865997
2.033465 -0.115332 -0.890514
1.440756 -0.166382 -0.846456
0.823966 -0.748055 -0.797059
0.849332 -0.676064 -0.786513
1.511778 1.789996 -1.418845
2.157698 1.756187 -1.397604
1.572035 1.096714 -1.971458
1.566213 -0.779977 -1.918751
2.187093 0.539179 -1.893601
2.183673 3.077778 -1.897603
2.176295 3.036589 -1.894349
1.494664 3.020544 -1.872567
1.419566 3.030929 -1.864639
2.024558 3.037270 -1.250866
2.016092 3.005565 -1.270567
1.369913 2.970053 -1.252217
1.348003 2.316560 -1.201880
1.962862 1.724839 -1.155363
2.582881 2.367554 -1.143081
1.952205 3.641763 -1.158943
2.594744 3.632796 -1.155241
3.183211 3.671870 -1.107067
3.142592 3.736501 -1.051273
3.125366 3.777718 -0.430381
2.559249 3.775809 -0.449604
2.608575 3.780270 0.165990
2.000189 3.825069 -0.321459
1.299674 3.900348 -0.227510
1.294815 3.950418 -0.220999
1.349301 3.956578 -0.924971
0.816945 3.933856 -0.924394
0.819226 3.913188 -0.241643
-0.516411 3.318831 -0.226549
-0.569213 2.719149 -0.275127
-0.612471 2.680396 -0.349631
-1.245372 5.125819 -1.012246
-1.230220 5.094680 -1.576957
-1.200734 4.440709 -0.884245
-1.180371 4.410505 -0.291121
-1.182340 4.364516 -0.941050
-0.584018 4.328415 -0.980139
-0.609302 3.722172 -1.586382
-0.619841 3.762221 -0.287726
-1.288169 3.795084 0.359730
-1.316384 3.823712 -0.317111
-0.696390 3.207908 -0.972240
-0.674465 3.862291 -0.272540
-0.633106 4.506911 0.448152
-0.614163 4.469744 0.421840
-0.008826 4.406275 -0.262477
-0.030634 4.412661 0.331222
-0.012928 5.114934 0.333892
0.017921 5.166703 0.309689
0.026003 5.161945 0.244933
-0.004393 5.169919 0.198041
1.970240 5.239082 -0.360199
1.979088 5.314034 -0.316961
1.376935 5.310745 -0.949847
0.745777 5.231042 -0.959248
0.701264 5.168323 -0.953852
0.632773 5.185795 -0.957784
0.608888 5.239584 -1.660521
1.309261 5.248158 -1.677860
-0.103311 5.226316 -1.711594
-0.738185 4.627295 -1.716733
-0.791028 4.041395 -1.714529
-0.822591 5.253671 -1.074687
-0.782313 5.233907 -0.434230
-0.708824 4.564095 -1.061437
-0.675614 4.520291 -1.038666
-0.710660 4.486881 -1.041399
-0.746707 5.110880 -0.510294
-0.720722 5.111014 -0.517519
-0.657324 5.104550 0.153288
-0.632781 3.786059 -0.477641
-0.659301 3.148970 -0.423509
-0.654491 3.176568 -0.375854
-0.581662 1.875756 -0.346278
0.127106 1.822585 -0.344400
0.775577 1.776561 -0.982822
0.708892 1.777165 -1.002182
0.073380 1.803073 -0.365138
0.719800 1.809117 -0.401249
0.779083 1.805610 -0.428604
0.766399 1.192029 -0.436442
0.704112 1.293844 -0.438787
0.074910 0.164272 -0.439592
0.740284 0.218512 -0.447114
0.762064 0.208876 -0.464355
0.699370 0.187853 -0.489938
0.612208 0.219390 -0.517678
0.595096 0.283964 0.035965
0.640976 0.930177 0.016533
0.663554 0.901257 0.000269
0.628533 0.890374 0.610451
0.600827 0.342990 0.636751
0.639250 0.401818 0.706266
0.698735 0.393900 1.404534
0.704696 0.309960 0.809147
0.663770 -0.978021 0.795341
0.632952 -0.992417 0.788787
1.300677 -0.390979 0.802628
1.303781 -1.013755 0.160211
1.275458 -1.026717 0.172923
1.249079 0.237854 0.174193
1.261104 0.275125 -0.445894
1.300344 0.277562 -0.398386
1.315015 0.274201 -0.350859
1.293153 0.263639 -0.345085
2.496220 0.233877 -0.387912
2.511492 0.803756 -0.436163
2.548481 0.784010 -1.051253
2.547114 1.439253 -1.046662
2.515517 2.088920 -1.037199
2.508866 2.103852 -1.024180
2.546833 1.479191 -0.990688
2.578328 1.487636 -0.941961
1.287981 1.575059 -0.914210
1.223584 1.594430 -0.319067
0.511079 0.996265 -0.329210
0.482748 0.991673 -0.346735
0.464832 1.007769 -0.361965
0.426776 0.405090 -0.363070
0.398505 -0.786975 -0.339397
1.097936 -2.677731 -0.305000
1.112602 -2.628688 -0.269297
1.089490 -2.564707 -0.249962
1.023932 -2.421486 -0.243908
0.966588 -2.466547 -0.240622
-0.306616 -1.911644 -0.240048
-0.281094 -1.323183 -0.242427
-0.288652 -0.676864 -0.255723
0.352761 -0.702058 -0.271477
0.411433 -0.767144 -0.277496
0.497777 -0.801038 0.345805
-0.089984 -0.744583 -0.288297
-0.089692 -0.661444 -0.905193
-0.094313 -0.669029 -0.296963
-1.351521 -1.426315 0.279767
-1.280514 -1.495242 0.235614
-1.252114 -1.510268 0.830306
-1.292819 -1.504598 0.805845
-1.311076 -1.537896 0.791490
-1.255484 -0.910804 0.778894
-1.179211 -0.910109 0.785804
-1.162731 -0.833280 0.820673
-1.216377 -0.748338 0.853614
0.059551 -0.726191 0.856337
0.091286 -0.744387 0.823963
0.098409 -2.021547 0.788425
0.066873 -2.000467 0.773427
0.055591 -2.006198 0.767015
0.115922 -2.050302 0.748006
0.196200 -1.441826 0.737855
0.226238 -0.136706 1.415314
-0.512084 -0.066147 1.508641
-0.558695 -0.662819 0.955602
-0.570854 -0.663571 1.015191
-0.550087 -1.937207 1.041880
-0.523308 -1.913532 1.083373
0.722763 -1.911786 0.437128
-0.451232 -1.993248 0.448357
0.298553 -2.620742 0.445783
0.974101 -1.341644 0.451497
1.001498 -0.632018 1.115890
0.978736 -1.203130 1.141339
0.307429 -1.799782 1.132574
1.502441 -1.156873 1.771620
1.479273 -1.132446 1.745976
1.430982 0.033490 1.705638
2.010494 -0.010896 1.645350
2.005268 0.565941 1.585529
2.049313 -0.066966 1.550753
0.821625 0.533186 1.544209
0.171672 0.523147 1.545872
0.120306 0.499075 1.540835
0.068666 0.489362 1.526733
0.036052 0.476970 1.508543
0.006937 -0.175287 1.488398
-0.031698 -0.234187 1.476901
-0.055004 -0.313823 1.475780
-0.031237 -0.376669 2.100147
0.667750 -0.413273 2.077055
0.116281 -0.435557 0.782526
0.154718 -0.460408 0.855141
0.168898 -1.092016 0.908911
0.809700 -0.447225 0.896714
0.832638 -0.430289 0.900054
0.852420 0.211224 0.918215
0.832243 -0.426561 0.964032
1.415364 -0.958441 0.964191
1.397364 -1.565548 0.899907
1.421710 -1.564701 0.854420
1.450308 -0.333355 0.883866
1.437320 1.083279 0.951915
1.388624 0.523224 0.391436
1.324588 0.565500 -0.259240
1.293072 -0.110517 -0.296335
1.274487 -1.967205 -0.273558
1.222766 -0.609918 -0.205343
1.162727 -0.580832 1.057721
1.127213 0.628949 1.621498
1.795551 -0.680551 2.141944
1.844635 -1.358721 0.892245
1.248502 -1.329564 0.963464
1.275956 -1.299244 1.617087
1.288895 -0.676362 0.993565
1.949190 -0.199523 0.959423
1.929903 -0.242178 0.970979
1.875166 -0.248147 1.008319
1.834594 -0.936514 1.001131
1.233319 -1.014132 0.930548
1.267373 -1.113803 0.865312
1.298149 -0.513688 0.877703
1.303000 -0.474746 0.302489
1.298741 0.282912 0.325855
0.647924 1.575171 0.292440
0.650406 1.599172 0.268119
0.630427 0.968247 1.534030
0.584284 -0.266724 1.563987
1.821849 -0.216244 1.538123
0.551849 -0.204868 0.848508
0.608641 -0.889083 0.812875
0.650334 -0.945397 2.000241
0.675934 -0.950189 2.025760
0.710381 -0.885600 2.021264
0.762451 -0.191734 2.008384
0.808692 -0.198639 2.038087
0.799806 -0.860363 2.095767
0.734594 -0.809546 2.126275
0.718679 -0.784813 2.714498
0.756849 -1.480242 2.658205
0.811085 -0.948898 2.609615
0.830294 0.286671 2.608786
0.827514 0.288977 2.016112
0.840613 1.662208 2.010556
0.848521 1.721376 1.392504
0.820936 0.397133 1.407357
1.389876 0.387690 1.425557
1.948706 1.088267 1.400801
1.924177 1.141437 1.340275
1.923358 1.135269 1.919094
3.220777 1.071450 1.365769
3.208441 1.022399 1.382806
2.554888 1.728165 0.762693
1.970335 1.782642 -0.561534
1.382780 2.385886 -0.549366
1.377870 2.336838 0.106733
1.327588 2.315170 0.162224
1.922850 2.354283 -0.406087
1.324469 2.418330 -1.002043
0.725470 3.094591 -1.004374
0.741820 1.726998 -1.031357
1.406875 1.657787 -1.041518
0.857282 1.029303 -1.019645
2.211730 1.054781 -0.999753
2.893236 1.067697 -0.346404
2.232963 1.058167 -1.023859
2.180442 1.004290 -0.374408
1.526419 0.948878 -0.963602
1.580525 1.603450 -0.952051
1.597724 2.208585 0.238071
0.247652 2.143944 0.172164
-0.382106 2.054349 0.111532
-0.339097 2.009276 -0.455614
-0.925333 2.033139 -0.427797
-0.297316 2.057500 -0.403022
-0.986372 2.044872 -0.411928
-1.055936 1.405485 -0.449235
-0.419724 2.052552 0.136398
0.847458 2.124930 0.183382
1.475611 2.856157 0.216129
2.132066 2.906100 0.755266
2.116727 2.920890 0.679587
2.149855 2.307583 0.678191
1.483143 2.342621 0.774615
0.840933 1.730971 1.504496
0.791736 1.734552 0.934454
0.779932 1.730008 1.509191
0.155829 1.752185 1.539588
-0.457090 1.803291 1.636633
-0.524492 2.470870 1.086496
-0.609555 1.144844 1.028457
-0.024066 1.127127 0.916932
0.025548 1.115425 0.862768
0.063953 2.392310 -0.310171
0.027695 2.367216 -0.263727
-0.661934 1.674498 0.333116
-0.681560 1.632695 0.298417
-0.666425 1.601713 0.322709
-0.691351 2.196927 0.375414
-1.458455 2.138734 0.375895
-0.231903 2.124207 -0.315940
-0.188498 2.765027 -0.364379
-0.078137 2.781214 -0.333608
-0.683392 1.389331 -0.856780
-0.642780 -0.533930 -0.795560
-0.649115 -1.178525 -0.788173
-0.619400 -1.099293 -0.782348
-0.572638 -1.069023 -0.755751
-0.577287 -0.452039 0.483194
-0.639989 -0.421675 0.435223
-1.279309 0.298458 0.356170
-1.257006 0.371803 0.327789
-0.545888 0.344254 0.363258
0.110060 1.607182 0.403710
-0.567934 1.593341 -0.179133
-0.579485 1.038920 -0.136122
0.081071 1.681177 -0.069454
0.103444 1.628063 1.187510
0.685678 1.588735 1.812522
1.273634 1.053041 1.197152
1.923864 1.169445 1.207921
1.990955 1.792299 1.854339
2.050541 1.110010 2.571961
0.769440 1.006534 2.014600
-0.483370 0.998687 2.044747
-0.449781 1.037934 1.475819
-1.037726 1.008061 0.920522
-0.424560 0.918553 1.538751
-0.495202 0.909663 0.264468
0.094535 1.012589 0.238441
0.114981 1.087906 0.232679
0.176597 1.121195 0.248347
0.190811 1.070206 0.899243
0.142482 -0.262237 0.279488
0.108346 -0.250180 -0.352609
-0.511225 -0.236326 -0.334888
0.163018 -0.287321 -0.331224
0.821904 -0.347938 -0.348263
-0.456466 0.300936 -0.372432
-0.503617 -0.876132 -1.061725
-1.098375 -0.751874 -1.102612
-1.071609 -0.147409 -1.147511
-0.483174 -0.210069 -1.195971
0.108673 -0.229732 -0.578966
0.134257 -0.170452 -0.589187
0.209384 -0.140367 0.686715
0.190925 -0.215264 1.299178
0.853722 -0.322263 1.249547
0.172713 -0.337298 1.239188
0.193285 -0.251623 0.571547
0.221748 -0.184895 0.539608
0.228433 -0.231294 2.381138
1.522544 -0.335926 2.370500
1.515759 -0.376060 2.415739
1.540593 -0.353274 2.490318
1.582058 -0.382861 2.527306
1.682774 -1.774138 2.511045
1.651999 -1.908046 2.487408
1.622778 -1.933240 2.502139
1.635679 -1.867200 2.530884
0.995922 -1.178641 2.525796
0.988352 -1.916202 1.835525
0.349253 -1.311320 1.796571
0.335084 -1.302285 1.812045
0.343360 -1.272308 1.213750
1.017316 -0.672750 1.209484
1.029089 -0.759913 1.153222
1.011889 -0.819656 1.112371
1.008118 -0.789249 1.138117
1.018135 -0.707124 1.167317
1.018376 -0.651046 0.512714
0.980727 -0.645866 -0.173841
1.588682 -1.301245 -0.856960
1.576759 -1.243212 -0.836461
1.589950 -1.190451 -0.797204
1.596455 -1.182118 -0.806831
1.560285 0.117070 -0.852902
1.526053 -0.498142 -0.865865
2.147729 -0.473593 -0.834376
2.169035 -1.059475 -0.793350
2.202854 -0.430175 -0.809809
2.158883 -0.450483 -0.857636
2.106825 0.816968 -0.205800
2.106401 0.804406 0.487174
2.148816 0.795844 1.203451
2.164251 -0.513647 1.197861
1.519469 0.077831 1.159369
2.133984 0.041568 1.138215
2.165186 0.055983 0.482846
3.515710 0.129521 0.478320
3.474829 -0.473487 0.443571
3.389204 -0.523694 0.407676
3.366484 -1.809797 0.399804
3.434261 -1.261889 -0.262654
5.833922 -1.222469 -0.264041
5.829680 0.020066 -0.287542
5.794706 -0.065825 -1.533791
5.786397 0.513820 -1.532353
5.815335 0.479540 -1.552969
5.187785 0.516045 -1.591891
5.165196 0.542169 -1.617508
4.484876 0.534071 -1.614825
4.478996 0.444127 -1.602469
5.184341 0.441530 -1.580004
4.581949 1.082349 -1.543238
4.558903 1.727171 -1.481305
4.518163 1.712378 -0.737378
3.373913 1.675933 -1.344900
3.443990 1.069479 -1.339311
4.711965 1.105750 -1.355754
4.650103 1.153550 -0.701496
3.999042 1.817239 -0.022535
4.019401 1.207320 -0.015318
4.062661 1.246508 0.585702
4.658251 1.306366 0.580738
4.561779 0.733681 0.608050
4.472737 0.782761 0.634167
4.476979 0.812978 0.616790
4.536713 -0.415929 0.555198
4.532772 -0.323469 0.492871
4.456894 -0.994833 0.460975
4.422170 -1.572610 0.433742
4.479676 -1.504440 -0.249136
4.550287 -2.155765 -0.293603
4.538398 -2.182509 -0.291769
4.471053 -0.918646 -0.245898
4.465431 -0.291956 -0.205992
4.542960 -0.333340 -0.815141
3.303299 -0.999638 -0.834192
3.288704 -1.033341 -0.826078
3.247756 -1.055141 -0.793958
3.271475 -1.069888 -0.765071
2.713277 -1.097582 -1.396737
2.747941 -0.519165 -0.710093
2.701238 -0.585342 -0.681111
2.643049 -0.652955 -0.647950
4.524242 -0.044482 -0.627544
4.558760 -1.257894 -0.643003
3.901564 -1.263220 -0.699564
3.220696 -0.648699 -0.775061
3.170291 -0.645997 -0.833691
3.179894 -1.209495 -0.868054
3.901312 -0.454837 -2.102549
3.952780 -1.011786 -2.148881
3.957632 -1.657862 -1.514158
3.958086 -1.744359 -1.459479
3.971980 -1.774726 -0.734587
3.996031 -1.703425 -1.407567
4.010026 -1.002228 -1.470704
4.012753 -0.987019 -0.895452
2.733666 -1.625388 -1.466750
2.065949 -2.293558 -1.391950
0.848267 -2.868202 -0.723566
0.255717 -2.199350 -0.702934
0.300031 -2.167355 -0.676746
0.319753 -2.288472 -0.598030
0.941210 -1.728441 -0.506129
0.327666 -1.712244 -0.472744
0.376340 -1.645322 -0.506723
0.413173 -1.639404 -1.194167
0.381252 -1.701887 -1.227798
0.305958 -1.736386 -1.223343
-0.342508 -2.334252 -1.221081
-0.307413 -2.856904 -1.242991
-0.268831 -2.885581 -1.271845
-0.861811 -2.987302 -1.284396
-1.514242 -3.042625 -0.654799
-0.862927 -3.010954 -0.658613
-1.473121 -1.662744 -0.678092
-1.454350 -2.398284 -0.056295
-0.271028 -3.097049 -0.115350
-0.342009 -3.112713 -0.138033
-0.365458 -2.400869 -0.112371
-0.353526 -2.371954 -0.067278
0.285665 -2.436889 -0.028978
0.255422 -2.526825 -0.623007
0.899075 -2.596059 -1.212864
2.816031 -1.957315 -1.162992
2.881163 -2.645490 -1.150478
2.232145 -2.673296 -1.198801
3.343878 -2.666472 -1.263196
3.945401 -2.605236 -0.050195
3.303046 -2.523665 -0.680159
2.645110 -2.474650 -0.027242
2.593602 -1.818778 -0.041748
2.577775 -2.478356 -0.049080
2.577467 -3.745119 -0.039460
2.594723 -2.433655 -0.032958
3.226288 -2.439286 0.557206
3.213665 -2.429966 0.500543
2.598465 -2.467425 0.444390
2.626335 -2.411546 0.417919
2.628808 -1.747222 0.431212
3.909627 -1.739564 0.451975
3.316282 -1.754691 0.450206
3.392069 -1.755447 0.419124
3.435626 -1.731165 0.402196
3.433584 -1.740618 1.048846
3.397844 0.057916 1.708136
2.771351 -0.633945 1.064611
2.824931 -1.273979 1.014373
2.857840 -0.634674 0.981168
1.557976 -1.340267 1.641023
1.551270 -1.392765 1.044312
0.994411 -1.413213 1.019963
1.079941 -2.095433 0.998829
1.113773 -1.411556 0.324808
1.093240 -2.058426 0.406807
1.046180 -2.066079 -0.117749
1.072653 -2.062039 -0.705478
1.124354 -2.127379 -0.751806
1.789423 -2.090591 -0.791898
2.418225 -2.088888 -0.775223
2.968065 -2.039557 -0.095272
2.307286 -1.954834 -0.095510
2.353630 -1.870058 -0.121797
2.379870 -2.472295 -0.114254
2.315540 -1.808546 -0.039627
2.222693 -2.425362 -1.276557
2.181259 -1.818556 -0.052256
2.179481 -1.810928 -0.109585
2.118306 -1.822266 -0.816006
2.050205 -1.231559 -1.469870
2.007813 -1.895193 -1.419134
1.398975 -2.481998 -1.410158
1.459205 -2.438347 -1.415423
1.465649 -1.836545 -1.389482
1.427171 -1.842555 -0.680173
0.800365 -1.861355 -1.904489
0.165255 -1.888341 -1.887335
0.209233 -1.904276 -1.913729
0.189593 -1.935419 -1.937066
0.118493 -2.544261 -1.925491
1.332856 -2.590175 -1.913997
1.356497 -3.300363 -2.545240
0.823100 -3.269668 -2.565832
0.860979 -3.245353 -2.554401
0.833404 -1.997048 -2.483018
0.183065 -1.988496 -3.083924
0.224362 -1.937135 -3.075828
0.909780 -1.898041 -3.083315
0.888782 -1.906363 -3.782639
0.150887 -1.934268 -1.902508
0.725967 -1.937250 -1.904855
2.644790 -1.902397 -1.923214
3.336022 -1.892267 -2.571134
4.516005 -1.919809 -1.928765
3.800226 -1.946987 -1.907781
2.540681 -1.944679 -1.888219
3.223175 -1.282821 -1.902348
3.255192 -1.266292 -1.953091
3.197807 -1.286726 -2.009581
3.119157 -0.049665 -2.052335
3.106659 -0.084040 -1.378822
3.164675 0.508376 -1.403325
3.206547 0.535696 -2.106844
3.188041 -0.796136 -2.163758
2.528383 -1.338365 -2.150659
2.583857 -1.297169 -1.468566
2.667696 -1.313332 -1.459171
2.703136 -1.367944 -1.482703
2.040976 -2.032337 -1.516330
2.041963 -2.713535 -2.124743
2.097880 -2.682718 -0.313845
2.133267 -2.647494 1.015473
2.103604 -3.227099 0.416229
2.090807 -2.564600 0.440551
2.087602 -2.533863 -0.801749
2.123632 -2.550153 -0.044493
2.132447 -2.548917 -0.039495
2.060288 -2.541486 1.267300
1.952096 -2.462905 1.277919
2.532336 -2.412534 1.280776
2.614059 -2.367061 1.272895
2.678243 -2.340504 1.262664
3.327281 -2.309201 1.258536
3.315681 -2.256414 1.264315
3.368447 -2.236332 1.298969
2.802048 -2.269934 1.907699
2.854670 -1.694565 0.720792
2.860889 -1.721190 0.720296
3.520927 -1.729577 0.699316
3.583295 -3.717330 0.681837
3.648732 -3.770528 1.303512
3.033175 -3.795952 1.246720
3.027385 -3.132217 1.170453
3.035796 -3.145049 1.118328
3.047766 -3.233466 1.130923
3.050213 -3.340268 1.173451
3.659093 -3.387435 3.101530
3.646919 -4.008616 3.073270
3.656195 -3.342157 3.062726
3.660754 -3.332415 3.070170
3.641234 -3.337857 3.047975
3.598390 -3.304077 2.973302
3.572507 -3.226949 2.911536
3.560678 -3.190316 3.605154
4.134282 -1.984033 3.690220
4.068617 -2.048871 3.739376
3.991934 -1.401464 3.723739
3.967197 -1.364150 3.085037
3.989195 -2.017201 2.526759
4.620528 -1.458415 2.557439
3.357301 -1.447214 2.519392
3.341018 -1.360660 1.147921
2.745201 -1.260262 1.078513
2.779884 -1.848261 1.121084
2.785629 -2.529941 0.606553
2.760619 -2.551637 1.261690
2.145239 -2.513983 1.223420
2.146355 -2.464122 1.180008
2.147554 -2.457287 1.189049
2.127702 -3.758286 1.189122
2.099713 -2.430957 1.100927
2.088908 -0.483495 0.968064
2.083925 -1.026685 1.583498
2.076673 -0.410511 2.962001
1.438152 0.142098 3.067944
1.997986 0.095130 3.083106
1.343156 0.102876 3.034328
1.339282 0.164428 1.762188
1.374816 -0.502541 1.803692
1.398472 -0.506164 1.771874
1.392562 -1.130977 1.654028
1.983603 -1.083186 0.933977
2.004961 -0.389997 0.923135
2.076515 0.230859 0.974351
2.730387 0.832635 1.608700
2.731889 -0.463099 1.535337
2.699886 -1.758292 1.482006
2.654888 -1.096849 1.505580
2.686517 -1.083436 0.957517
3.323047 -1.732093 -0.371968
3.308204 -1.722537 -1.082761
3.254982 -1.723189 -1.069255
3.218413 -0.456568 -0.990200
2.599117 0.154046 -1.563674
2.597654 1.365433 -1.523100
3.186227 1.356171 -1.480857
3.745092 0.067190 -1.405361
3.689841 -0.000114 -0.720944
3.673820 -0.040637 0.525493
1.856593 -0.017004 0.500657
1.285932 0.039870 0.462623
1.292263 -1.863570 0.448955
1.975645 -1.851373 0.450843
1.992753 -1.813650 0.436832
1.353782 -1.121197 0.420652
1.396151 -1.044500 0.426923
0.750113 -0.458112 0.456102
1.416743 -1.125745 -0.151262
1.442656 -1.099361 -0.173811
0.825404 -1.636876 -0.202875
0.870720 -2.877886 0.414100
0.887329 -2.869657 -0.816084
1.577333 -2.873245 -0.776007
1.612951 -2.823468 -0.760144
1.037380 -2.738778 -0.754234
1.039890 -2.729083 -0.728876
1.014491 -2.161887 -0.675830
