-1.358378 0.050326 1.406886
-1.418965 0.146362 2.527574
-1.500321 0.204071 2.585120
-0.865008 -0.408200 2.685287
-0.816355 -0.405691 2.704854
-0.803714 -0.380058 2.656128
-0.880257 -0.356081 2.663486
-0.967153 -0.375018 2.751494
-0.969118 -0.434706 2.831016
-0.880031 -0.483431 2.162591
-0.803394 -0.461016 2.083677
-0.807852 0.242309 2.068510
-0.857191 0.873542 2.814109
-0.870206 1.503207 2.918097
-0.828214 1.464016 2.972439
-0.812697 1.470747 2.964685
-0.868001 1.502894 2.962336
0.353832 1.490314 2.981015
0.364128 1.407747 3.602617
0.453525 1.331414 3.531861
-0.096488 1.326857 3.442881
-0.099871 1.386305 3.404530
-0.140771 1.415003 3.418119
-0.144087 1.380348 2.184748
-0.100448 0.693588 2.220428
-0.077007 0.732322 2.231626
-0.127847 0.788230 2.224890
-0.197451 0.771952 2.218770
-0.204284 0.713072 2.211812
-0.118415 0.692060 2.197534
-0.015002 1.359664 1.527708
0.021429 1.423029 1.504480
0.001024 1.452285 1.486538
0.008273 0.125204 0.124126
0.085586 0.132025 0.175455
0.770442 0.176590 0.230693
0.754881 0.181107 0.254536
0.676690 0.120088 0.258256
0.037348 -0.597624 0.239866
0.098472 -0.585366 0.187057
0.810460 -0.512331 1.957913
0.834691 -0.462501 1.887062
0.777957 -0.484106 1.830281
0.737720 -1.156191 1.181964
0.750059 -1.724785 0.575388
0.782823 -1.674800 0.626115
-1.170200 -1.665743 1.291728
-1.247771 -2.363832 1.311229
-1.320395 -2.397878 1.275400
-1.284180 -2.359253 1.217156
-1.170248 -1.632433 1.814349
-0.524751 -1.568999 2.385182
-0.585466 -1.580083 3.735770
-0.659883 -1.601040 3.706126
-0.661111 -1.575049 3.712050
-0.617574 -1.541188 3.154680
-0.620651 -1.577890 2.610099
-0.698159 -1.051567 2.620369
0.560517 -1.097407 2.568489
1.792088 -1.068014 1.914001
1.815800 -1.018546 1.270575
1.850422 -0.367979 1.893450
1.863527 -0.405866 1.858384
1.879156 -1.045062 1.882038
1.889642 -1.017402 0.670153
1.883382 -1.633857 0.764771
1.247763 -1.662913 0.815314
1.230053 -1.726311 0.810791
1.241774 -1.764057 0.806621
1.269202 -1.736539 1.427332
1.293533 -1.684199 1.428675
1.296906 -1.649897 1.398558
1.285423 -0.399951 1.385863
1.282730 -0.386159 1.439105
1.277814 -1.014387 2.144984
1.265736 -0.999644 2.195730
1.230519 -1.007959 0.922956
1.189194 -1.637000 0.933004
1.184377 -1.632812 1.576854
1.227043 -1.604196 0.959924
1.301112 -1.573241 -0.402911
1.352644 -1.551530 -0.521192
0.723644 -1.551969 -0.558681
0.737900 -0.284433 -1.145166
0.140556 -0.292290 -0.496056
0.173925 -0.292824 -0.528955
0.808243 -0.304539 -0.549027
0.788375 -0.332913 -0.484779
1.385552 -0.353282 -0.398909
2.009201 -0.346045 -0.403123
2.642632 -0.334486 0.747302
3.236201 -0.331403 0.679795
2.562017 -0.957398 -0.522171
2.541107 -0.946042 0.195798
2.535751 -0.948075 0.843952
2.505176 -0.983251 0.167888
2.463219 -1.677174 0.193015
2.442850 -2.950158 0.307756
1.814684 -2.927047 0.386109
1.846251 -2.905569 0.328856
1.831753 -2.929494 0.867387
1.790722 -2.980857 0.817274
2.439797 -3.010619 0.196581
2.489169 -2.397311 -0.413268
2.500678 -2.411051 -0.512393
3.842962 -2.453378 -0.591526
3.834527 -2.480824 -0.545507
3.237213 -1.836189 0.192704
3.298516 -1.173940 0.203834
3.312688 -0.576154 0.093421
3.292716 -1.886277 0.002666
3.290054 -1.907243 0.021954
3.973087 -1.899662 -0.551789
3.998911 -1.898547 -0.555360
3.962926 -1.923268 0.019832
3.905156 -1.951208 0.622550
3.904205 -1.951922 0.719175
3.952643 -2.567954 0.833145
3.379617 -2.597137 0.215693
3.373350 -2.637289 0.146154
3.367518 -2.653962 0.086320
3.426346 -2.626820 0.735672
3.510182 -2.591462 0.737058
3.543192 -1.981335 0.693779
3.513234 -2.608797 0.639026
3.483518 -2.613726 0.035297
3.503442 -1.956272 0.106810
3.531876 -0.635431 0.836328
4.143981 -0.627119 0.233566
3.484241 -1.295473 -0.377004
3.473926 -1.297983 -0.358681
4.157317 -0.043256 -0.325708
4.209929 0.667974 -0.318947
4.194859 0.706269 -0.340873
4.106229 0.048479 -0.362996
3.365036 0.002434 0.270061
3.350385 0.016204 0.311788
3.366747 0.059508 0.962538
3.347499 -0.652912 0.958849
3.288648 -0.723500 0.941710
3.933935 -0.743157 0.935595
2.724459 -0.667152 0.932046
2.823005 0.061081 0.916911
2.826003 0.083883 0.887200
2.119703 0.056165 0.853512
2.095385 0.068512 0.849573
2.145589 0.798090 0.253558
2.207786 0.863956 -1.560206
1.621486 0.839545 -2.173879
1.573469 0.776457 -2.144689
1.584116 0.128065 -2.136558
2.332893 0.200618 -1.539665
2.425438 0.256316 -1.521668
2.413837 0.235984 -0.876648
2.288108 0.208260 -0.276448
2.226967 0.761839 -0.327156
2.267514 0.086472 -0.327967
2.343985 -0.502342 -0.920696
1.687672 -1.162616 -0.873782
1.626617 -1.880550 -0.854495
1.583399 -1.913181 -0.860769
1.626503 -2.539131 -0.856870
1.726225 -1.872917 -0.203711
1.774208 -1.243697 -0.186535
0.413599 -1.271309 -0.148190
0.362189 -0.628292 -0.132180
1.025034 -0.650003 -1.339523
1.057867 -0.641079 -1.284962
1.102924 0.698943 -1.215724
0.525465 0.701627 -1.172931
0.542238 0.045036 1.380053
1.205883 0.053718 0.111917
1.227694 0.714630 0.126606
1.232717 0.748743 1.347385
1.226473 1.373344 2.539046
1.878176 1.353052 2.496114
1.851005 1.337720 2.522618
1.801316 1.333714 0.738818
1.740111 1.341094 2.015546
2.308210 1.324046 1.964294
2.266004 1.289718 1.908055
2.264577 0.666088 0.623988
2.945414 1.303238 0.679098
2.911694 1.334856 0.688047
2.830399 0.684973 0.669090
2.772592 0.017248 1.293636
2.782696 -0.034847 1.359974
2.800778 1.215852 2.662275
2.154551 1.229166 2.640865
1.405018 1.248990 1.993210
1.402194 -0.050812 0.026914
1.475435 -0.677938 0.670783
0.886822 -0.036992 0.676270
0.905816 -0.569596 1.243733
0.887707 0.185723 1.166813
0.897566 1.434919 1.121006
0.944207 0.730857 1.130849
0.988670 1.979014 1.151102
0.377201 1.984783 0.544636
0.338667 0.668005 0.529190
0.308436 0.661742 0.517649
0.328879 0.031067 1.837735
0.385413 0.038215 1.864077
1.033227 0.085491 1.872077
1.680344 0.117538 1.858439
1.008251 0.092903 1.150450
1.625325 0.040761 1.170028
1.653500 0.002145 0.557546
1.026503 0.002756 1.239977
1.006543 0.021174 1.239149
1.580461 -0.611674 -0.106826
1.531134 -1.221635 -0.135066
1.541947 -2.530033 0.466219
1.574579 -1.832447 1.089245
2.772058 -1.821384 1.045471
2.111720 -1.219476 0.979527
2.133273 -1.242728 0.936045
2.186685 -0.586719 0.269808
2.219980 0.072778 0.239946
1.568514 0.084035 0.198723
1.533984 0.710763 0.774670
1.554178 0.724299 0.768254
1.611749 0.760180 0.777186
2.278710 0.799471 0.794976
2.255019 0.818642 0.805113
2.221823 1.477364 0.836153
2.231947 1.478650 0.890111
2.881716 0.845262 0.953737
2.863398 0.816826 1.010623
2.812675 0.798409 2.349228
3.382435 0.177557 2.363709
0.947392 0.217373 1.758515
0.973068 0.246822 1.798879
0.317374 0.248362 1.810515
0.265817 0.236944 1.773500
0.822012 -0.410146 1.729234
0.226907 -0.394131 2.373491
-0.298548 -0.395671 2.386988
-0.890629 -0.411530 2.369825
-0.307808 -0.408464 2.317433
-0.310347 -0.382978 1.622461
0.999318 -0.355953 1.606145
0.468156 -0.348659 1.609379
1.091987 0.294863 2.219929
-0.176499 -0.412533 2.192570
-0.212821 -0.445483 1.567053
-0.212612 -0.491373 1.603887
-0.198783 -0.542317 2.932482
-0.169435 -0.577475 2.282490
-0.817209 -0.598206 2.266830
-0.300129 0.018903 1.619736
-2.248696 0.602549 1.634647
-2.227718 0.581556 1.645782
-1.588339 0.605121 2.268572
-1.602355 1.944951 2.223813
-1.662296 1.301679 1.572476
-1.689002 0.649972 2.213250
-2.321606 0.642283 2.234934
-1.008455 0.688395 2.203176
-1.028705 0.088919 1.481230
-1.073755 0.117326 0.770996
-1.070289 -0.547790 1.433347
-1.027217 0.119471 1.464845
-1.003960 0.208116 0.820678
-1.036336 0.221297 1.420765
-1.076513 0.805009 2.033557
-1.113032 0.084482 2.058449
-1.122674 0.046440 2.075409
-1.767405 0.073736 2.616114
-1.820587 0.742873 2.533635
-1.879909 0.071018 2.519747
-1.890986 -1.300596 1.916049
-1.883058 -0.674538 1.330729
-3.102505 -0.038587 1.305228
-3.765208 -0.028849 1.285223
-3.851299 -0.065583 0.710763
-3.237342 -0.096798 1.400285
-3.177594 -0.065704 0.099984
-3.117317 0.012563 0.062182
-2.501537 0.080642 0.046383
-2.542834 0.105337 0.083572
-2.544413 0.114037 0.126759
-1.895369 0.140878 0.137521
-1.865111 -1.711292 0.758570
-1.885294 -1.036701 0.826549
-2.590859 -1.055584 0.848626
-3.267555 -1.743214 1.511788
-3.254894 -1.125665 1.491456
-3.225780 -1.097291 0.789144
-3.225854 -1.073363 0.761886
-3.261680 -1.075383 0.797191
-3.301997 -1.088945 0.839130
-3.323904 -1.084208 0.851981
-3.340355 -1.072453 0.828008
-3.369847 -1.091371 0.805570
-3.424599 -1.140593 0.799993
-3.465558 -1.174864 0.148438
-3.466813 0.131467 0.725018
-4.714889 0.161519 0.654748
-4.700232 -1.079698 0.627982
-4.706892 -1.046558 0.671541
-4.709903 -0.372612 0.709530
-3.512435 -0.316112 0.107247
-3.493289 -0.280639 0.135348
-2.890831 -0.923385 0.175110
-2.337625 -1.579224 0.221608
-2.410324 -0.928992 0.243491
-0.492506 -0.892642 -0.411679
0.204015 -0.239862 -0.442270
0.215438 -0.876728 -0.443053
0.214869 -0.850602 -0.422485
0.237369 -0.827415 0.247328
-0.360684 -0.819671 -0.388596
-0.236073 -0.836486 -0.350175
-0.189462 -0.873057 0.251662
-0.845070 -0.915734 -0.358708
-0.857023 -1.615528 -0.427923
-0.845577 -0.309508 0.157511
-0.815127 0.275046 0.149110
-2.049367 -0.452360 0.184448
-2.058414 0.826665 0.181454
-2.069422 2.248611 -0.513162
-2.056791 2.959572 -0.522783
-2.041079 2.338358 -0.456689
-2.053496 2.242789 0.247130
-2.094581 2.831882 0.292229
-1.490542 2.206457 -0.335096
-1.484373 1.585163 -0.367543
-1.455468 2.867463 -0.356593
-0.169758 3.453608 -0.328257
-1.372443 3.498033 -0.347164
-1.395560 3.609256 -0.411139
-1.405327 2.404620 -1.803210
-1.417733 2.402085 -1.762625
-1.466861 3.016547 -1.703962
-1.532025 3.044041 0.208943
-1.567945 3.078563 0.172651
-0.899121 1.772284 0.145597
-0.833994 1.662761 0.123959
-0.750415 1.606368 0.754177
-0.679332 1.654733 0.723728
-0.633490 1.738953 1.368064
-0.604548 1.766554 1.396647
-0.596019 1.716244 1.402084
-0.602335 1.680910 1.388157
-0.624471 1.703739 1.387177
-0.651769 1.729845 0.744319
0.623647 1.684120 0.711090
0.682039 1.581467 0.624479
0.756453 1.543438 0.542834
0.776190 2.221120 1.189192
-0.511703 1.663811 1.223136
-0.528692 1.665500 1.248778
-0.552125 0.953044 1.281950
0.049179 1.559973 1.916860
-0.671688 0.272653 1.946125
-0.754430 0.229451 1.991204
-0.794170 0.149036 1.956442
-0.767044 0.718966 1.162451
-0.720719 0.733734 1.060577
-0.717167 0.160268 0.387085
-0.791119 0.166827 1.078231
-0.809494 0.130764 1.051504
0.501746 0.135559 0.377470
0.551682 0.188171 0.381239
0.522469 0.233993 0.438108
0.438520 0.222935 1.135768
0.418265 0.180455 1.731289
0.515620 0.173022 1.008225
0.616606 0.226288 0.984068
0.614226 0.268933 1.030704
0.542262 0.255228 1.066776
0.508574 0.232856 1.064578
0.567306 0.842178 1.073728
0.632056 0.873203 1.144580
0.617067 0.917735 0.643337
0.557692 2.837171 0.685883
0.545112 2.829131 0.649834
1.249393 2.772629 -0.035705
1.310356 2.151418 -0.653210
0.692318 2.213156 0.025716
0.685216 2.896515 0.024826
0.687911 2.887563 0.014069
1.987462 2.884192 0.032758
1.990314 2.936777 0.081576
1.347624 3.010154 0.128146
1.354094 3.036275 1.295131
1.357051 3.018351 1.252740
1.357451 3.002056 1.226947
1.355746 3.020968 2.530593
0.751283 3.047957 2.554227
0.786010 3.063149 3.186267
1.418046 3.072899 3.172874
1.392420 3.081468 3.819030
1.371492 3.094723 5.089192
0.710881 3.680049 5.164653
0.715471 2.462909 6.478785
0.709443 2.446942 4.628429
0.048276 3.072978 4.672291
0.007452 3.697699 4.729025
0.017491 3.096366 4.764842
0.067922 2.477700 4.150980
0.100817 3.136603 4.152166
0.090302 3.775785 4.166812
0.061379 3.799625 4.210536
0.061798 3.799354 3.643126
0.684165 3.130889 3.623551
0.677807 3.774755 3.571236
1.282678 3.791585 3.531617
0.631405 2.554554 2.905742
0.638262 2.540201 2.893698
0.015446 2.519994 2.865605
0.019393 2.524470 2.180316
0.621114 3.194354 1.587019
1.851770 3.146439 1.567710
1.876798 3.101382 1.510617
1.891611 3.043225 1.457677
1.904141 3.005431 1.436654
1.227819 2.999334 1.452638
1.211626 2.954151 1.465849
0.543778 2.934945 1.453812
0.506144 2.913306 2.031840
1.125781 3.568635 0.768625
1.139502 3.599211 0.208961
1.148570 3.627696 0.283748
1.134050 3.624498 0.290530
1.121980 4.233943 0.253055
1.141485 4.199485 0.244015
1.171239 2.292049 0.925916
1.175098 2.342153 1.002699
0.505972 1.749620 2.283289
0.511532 2.357263 2.236758
1.196644 2.323822 2.241742
1.251913 2.355894 1.696914
1.277587 1.786409 1.787266
1.275335 1.836160 2.445749
1.288096 1.829703 3.015097
1.333591 2.431542 2.993095
1.376112 1.836336 3.017457
1.388172 1.895408 3.034598
1.381212 1.957132 2.980472
0.744388 1.940847 2.279833
0.763872 1.938725 0.242686
0.767367 1.982719 0.880969
0.134505 1.376047 0.916216
0.116840 1.376246 0.929640
0.114614 0.051781 0.963804
0.130053 0.642786 0.955980
0.132617 0.646526 0.947634
0.115245 0.663340 0.901641
0.095089 0.620196 0.841998
0.082328 1.176843 -0.432756
0.085890 2.495670 -1.074997
0.745333 1.818408 -0.414332
0.756909 2.506244 0.257102
1.363774 3.178380 1.544826
1.368688 3.142109 2.177629
1.367274 2.492292 2.177817
1.342550 1.868596 1.536018
1.310935 1.272498 0.863098
0.675514 1.323652 0.819890
0.663751 1.973932 0.808151
0.022886 1.322741 0.214223
0.027447 1.340575 0.899303
0.660942 1.382971 0.929342
-0.001403 1.413156 0.923869
0.000554 1.402309 0.909776
-0.003410 -0.532228 1.569450
-0.010494 -0.534175 1.587984
-0.009453 -0.589423 0.945389
0.647399 0.719159 0.247984
0.664741 0.677668 -0.437837
0.024601 0.674680 0.207840
0.020723 0.615911 0.220961
0.692933 0.550847 0.220730
0.741808 -0.793646 0.847206
0.140413 -0.814680 0.781635
0.162167 1.090731 2.023477
0.174150 1.056093 1.351594
0.209653 0.328558 1.985187
0.272263 0.312154 1.961175
0.958605 -0.287963 1.937474
0.959716 -0.267200 1.281399
1.560343 -0.945078 1.996500
1.596517 -0.980953 1.424564
1.655994 -0.316902 1.436623
1.671443 -0.213238 2.032823
1.614767 -0.145019 2.019005
0.867114 -2.098202 2.669562
0.804868 -2.806337 2.061741
0.787480 -2.137252 0.826064
0.770950 -2.714981 0.172648
0.716389 -2.721011 0.178470
0.654999 -2.791525 0.231613
1.259930 -2.861058 0.309715
1.272761 -2.855167 -0.902221
1.263982 -2.160245 -0.294249
1.204712 -2.176563 -0.343087
1.125564 -2.285837 0.388104
1.083417 -1.702810 0.468920
1.092195 0.370361 0.458909
1.116326 0.997945 0.350079
1.116262 1.525810 0.270480
1.115369 0.804123 0.948388
1.142073 0.148372 1.068878
1.188398 1.528390 1.088240
1.233358 2.247864 1.589253
1.255753 2.281908 1.440614
1.266793 2.269481 2.145473
1.273896 2.280723 1.533281
1.287390 2.313846 2.127441
1.300916 2.321410 2.663960
1.294140 2.274327 2.623276
1.268799 2.211914 2.667065
1.243746 2.193142 2.729041
1.245070 1.593832 2.731257
0.674074 1.609863 2.670546
0.631424 1.599959 2.628105
0.554250 1.580408 2.638372
0.495912 1.559954 2.653912
0.485138 1.526732 2.006656
-0.773759 2.166972 1.962862
0.586889 2.139213 1.965527
0.554828 1.484001 2.006587
0.556748 1.527770 2.037354
0.579992 1.578132 1.294125
0.587314 2.248064 1.230188
-0.096049 2.315918 0.590822
-0.116042 2.999736 0.618725
-0.117656 2.410010 1.251987
-0.105773 2.383980 1.834317
-0.098791 2.360928 1.804412
-0.100036 2.342575 1.185172
-0.085741 2.313535 0.618151
-0.030591 2.264126 0.648784
-0.546504 2.229713 0.621659
-0.501988 2.226359 -0.047655
-0.497241 1.597025 -0.068964
-0.499683 1.576611 -0.076393
-0.488965 1.501700 0.517639
-0.463748 1.423940 -0.105329
-0.447688 1.379171 0.542366
0.813502 0.734221 0.555511
-0.453549 0.705873 0.538995
-0.445021 1.319080 2.575611
0.185221 1.332010 1.978671
0.223420 0.713859 1.336624
-0.456509 0.766779 1.345813
-0.530426 0.781771 1.974389
-0.609263 0.746230 1.983695
-0.660634 1.419336 2.027887
-0.688517 0.857316 2.002506
-0.065351 0.893337 1.372975
-0.112118 0.267095 1.359031
-0.142185 0.919476 0.279876
-0.128601 0.954829 -0.298320
-0.091164 1.008155 -0.273062
-0.077266 1.059485 -1.045317
-0.093909 0.414864 -1.113023
-0.111025 0.384866 -1.137495
-0.102649 0.344510 -1.720385
-0.062740 -0.945252 -1.127605
0.001996 0.402124 -1.168459
0.075528 0.409607 -1.790441
0.126027 1.050660 -1.758604
0.164070 1.672908 -1.704735
0.210678 1.610087 -1.701456
0.260202 1.575698 -2.928792
0.291397 1.521791 -2.335395
0.277562 1.444344 -0.950222
0.229010 1.413386 -0.884065
0.192535 1.979129 -1.479225
0.188151 1.966311 -0.877459
0.189767 1.975252 -0.863414
1.428617 1.970157 -0.796032
1.398617 1.317688 -0.744519
1.405655 1.301308 -2.665563
1.428731 2.062372 -2.078188
1.424654 3.360941 -2.098272
1.388498 3.395255 -2.076176
1.340100 2.131620 -2.068671
1.319092 1.490756 -2.103373
1.326826 2.141342 -1.585019
1.336763 2.221545 -1.579942
0.693665 2.298778 -1.580747
0.715240 2.328866 -2.262861
0.773391 2.347465 -2.338083
1.493269 2.379564 -2.423257
1.526416 2.416111 -2.468677
1.502143 2.444627 -2.485794
1.436191 2.416705 -2.506355
1.402931 2.345991 -2.528587
1.407526 2.275638 -1.257704
2.099175 1.615778 -1.239131
2.075096 1.060751 -1.229262
2.065941 1.676725 -1.888825
2.117449 1.596390 -1.930882
1.525637 1.509551 -1.941059
1.571005 1.485443 -1.932206
1.587163 1.505583 -1.955590
1.609871 1.513424 -2.024569
0.972415 0.221939 -1.451239
1.013587 0.165670 -0.803492
1.015728 0.825273 -0.783321
0.353963 0.859248 -0.163800
1.687566 0.871520 -0.181532
1.756082 0.857957 1.148082
1.822154 0.860665 1.222329
1.821691 1.452963 0.667860
3.028170 1.488863 0.704018
2.967569 0.821986 0.707205
4.170707 0.796285 0.744277
4.093313 0.802252 0.824172
4.048743 0.154539 0.903239
4.015130 0.148932 0.958047
3.320400 1.342925 2.173760
3.932313 1.379100 2.160098
3.945954 1.380571 2.817552
3.333812 1.371353 2.845793
3.382102 1.985118 2.835699
2.761455 0.741670 2.145142
2.070433 1.512990 2.099718
2.059187 2.216527 2.760048
2.101550 2.251879 3.454292
2.172279 1.577631 1.425131
2.216848 0.973239 1.361731
1.578184 0.985690 1.300053
1.590550 0.966923 1.304072
1.635128 0.926123 1.329890
1.673032 0.887425 1.964386
1.648480 0.900469 1.912570
2.230726 0.937676 1.910127
2.189795 1.551210 1.444578
2.193240 1.500271 1.512944
2.214138 1.434557 0.269153
2.226986 1.427300 0.248107
2.239220 1.449450 0.266898
2.276253 1.453588 0.323995
2.333359 1.443975 0.356480
2.992735 1.390168 0.338753
2.977423 1.422471 0.932455
2.949541 1.521415 1.610248
2.323659 0.976577 -0.255940
1.126513 0.984819 0.430247
0.465655 0.272291 -0.833276
0.456473 -0.402689 -0.862821
0.448120 -0.365139 -0.874390
0.475733 -0.315714 -1.553284
0.512476 -0.337453 -1.602149
0.503660 0.217319 -1.667973
0.440113 0.149053 -1.712279
0.371879 0.824798 -1.727810
0.350942 0.880923 -1.741461
0.350901 0.234343 -3.075650
0.327171 0.179836 -3.096950
0.283112 0.119248 -3.110122
0.913164 0.104843 -3.116307
0.975290 1.380698 -2.437766
0.410449 0.724627 -1.798211
0.422931 1.293478 -1.813491
1.015169 1.295252 -1.821692
1.608483 1.355523 -1.810491
1.604255 1.423677 -2.430252
0.997198 1.456076 -0.536069
1.006221 0.163669 -0.516124
0.987755 0.171744 -1.123175
1.002621 -0.403437 -0.345156
-0.211403 -0.398214 -1.014808
-0.185957 0.156957 -0.374675
-0.866328 0.104001 0.374114
-0.263719 0.086882 0.408262
0.239780 0.728041 0.407265
0.135421 0.793623 -0.262073
0.078632 2.114439 -0.196330
-0.504649 2.109761 -0.746763
-0.512669 2.102610 -1.325169
0.103040 0.900760 -1.368536
0.082684 0.911222 -1.407223
-0.535007 0.887923 -0.777889
-0.489762 0.850700 -0.113189
-0.489113 0.830795 -0.122330
0.107656 0.863525 -0.868891
0.749707 0.265446 -0.220464
0.789144 -0.302903 -0.171994
0.837715 -0.293610 -0.113569
0.872887 -0.286580 0.535916
0.897118 -0.253887 0.505841
0.919442 -0.217713 0.477486
0.962551 -0.832447 -0.156939
0.989717 -0.856025 -0.174302
0.956432 -0.895569 0.421439
0.899821 -0.219521 0.371584
0.871858 -0.160953 0.353297
0.247702 -0.779616 -0.245836
0.264388 -0.823187 -0.212330
1.508083 -0.288362 -0.207955
0.834948 -0.313542 -0.214166
0.891579 -0.294901 -0.208304
1.000345 -0.316306 -0.202546
1.059246 -0.389877 -0.871546
1.010081 -0.432236 0.350459
0.917658 -0.375115 0.331496
0.876473 -0.243720 0.335504
0.906639 -0.154588 0.363528
0.934060 -0.150130 1.679705
0.915376 -0.167705 1.705889
0.883642 0.514017 1.715741
0.895544 0.532617 1.096618
0.959346 0.488374 1.712450
0.989838 -0.231743 2.312855
0.299747 -0.271147 2.279352
0.204286 -0.240880 2.241474
0.151189 -0.193344 2.232088
-0.473587 1.737182 1.614771
-0.458350 1.691674 1.617922
-0.469507 1.624601 1.611147
-0.469969 2.167675 1.627389
-0.442943 2.155762 1.677715
-0.399595 2.123403 0.413976
-0.391305 2.746289 0.391086
-0.430308 2.722265 0.325290
-1.759586 2.086378 0.272339
-1.778649 2.127971 0.243947
-1.747515 1.502066 0.212638
-1.723786 2.140118 -1.112872
-1.734733 2.128734 0.048363
-1.745905 2.120461 0.066123
-1.711774 2.110688 0.745493
-1.646308 2.723686 0.749802
-1.638108 2.120238 0.092729
-1.714686 2.772258 0.087734
-1.807983 2.787817 0.106701
-1.833108 2.806424 0.097280
-1.793635 1.509060 0.096745
-1.762619 2.167897 -1.270351
-1.760041 1.501766 -1.199329
-1.741770 1.457606 -0.461445
-1.665289 1.410501 -1.713940
-0.955405 2.592613 -1.729900
-2.225203 2.560861 -2.347398
-0.966026 3.187497 -2.316641
-2.287545 2.571631 -2.308443
-2.293504 2.603159 -3.001856
-2.270221 2.639185 -3.055678
-2.265349 2.680465 -3.063222
-0.937656 2.687465 -3.014564
-0.958797 2.690826 -2.315789
-0.972190 2.709221 -1.667230
-1.643835 1.500972 -2.350759
-1.600057 1.491964 -1.711163
-1.600144 1.452350 -1.714402
-0.996082 1.468278 -2.342372
-1.071972 2.169022 -2.983820
-1.094597 2.833584 -2.989614
-0.415949 2.217005 -2.985890
-0.387294 2.808542 -4.218995
-0.394467 2.782313 -4.190109
-0.402013 2.760506 -4.159651
0.999778 2.720959 -2.917666
2.257220 2.647447 -2.927428
2.286569 1.980324 -3.598549
2.273302 2.001583 -3.619967
2.206692 2.680201 -3.618961
2.765558 2.688061 -3.631364
2.745505 3.307785 -3.670646
2.752598 2.031997 -3.722923
2.738345 2.085351 -3.750987
2.702135 2.142967 -3.754377
2.693146 1.515820 -3.134452
2.074153 0.827363 -3.187468
2.135161 1.400702 -3.257832
1.517069 1.412429 -3.914100
1.435822 2.148979 -3.266896
1.341132 2.189888 -3.246115
1.323239 2.178193 -3.236544
1.369368 2.132866 -3.240749
1.405602 2.112909 -3.223720
1.401892 2.131781 -3.193543
1.414954 2.128565 -3.170729
0.850833 2.661756 -3.222597
0.937831 2.552882 -2.638641
0.957157 3.146291 -2.605302
0.902048 3.152325 -2.559118
0.846683 3.163540 -1.943747
1.536695 3.131937 -1.962416
1.545069 3.067119 -2.608062
1.498367 3.654791 -2.513570
2.049544 4.296934 -2.432426
2.035039 3.724563 -2.448952
2.085966 3.723674 -3.133520
1.470020 3.050661 -3.756228
1.436375 3.678113 -3.676020
0.046794 3.694682 -2.349362
0.634052 1.971946 -1.745497
0.664508 2.609614 -2.404363
1.378006 2.556347 -1.130171
1.385009 3.144835 -1.646338
1.388939 2.562949 -1.582730
1.432480 2.002469 -1.590132
0.919745 1.985012 -1.065505
0.261410 1.876924 -1.107487
0.229950 1.175908 -0.403094
0.181973 1.178176 -0.349784
0.800484 1.912242 -0.411752
1.416197 1.905950 -0.496675
1.384055 1.166517 -0.498323
1.370542 1.088177 0.103296
0.133455 1.133843 1.558743
0.183057 1.248480 1.576523
-0.419631 1.281117 1.558871
-0.413248 2.462365 1.535767
0.218979 2.386465 1.538578
-0.421468 1.819635 1.559127
0.913151 1.944726 1.557093
0.216487 2.586414 1.562673
0.165560 2.503781 1.607618
0.148671 2.437350 2.281771
0.186098 2.498159 1.689394
0.228837 1.957175 0.463776
0.237105 1.985773 0.419527
-1.054224 1.895702 0.385409
-1.110700 1.210635 1.000101
-0.464045 1.255436 1.657886
-1.081810 1.976835 0.965146
-1.109417 0.711910 0.912967
-1.173135 -0.675770 0.901663
-0.551945 -0.712546 0.914318
0.112835 -0.671837 0.904932
0.221542 -0.618817 0.851241
0.324499 -0.638959 0.806597
0.388272 -0.019924 0.824699
0.421548 -0.059905 0.864588
0.450399 0.540406 -0.355159
0.480450 0.571970 -0.381427
0.512954 0.564268 0.253163
0.535075 -0.055013 0.287701
0.564805 -0.159913 -0.838934
0.616827 -0.133648 -0.842389
0.675643 -0.116416 -1.527136
0.721898 -0.063652 -1.522047
0.724195 -0.056098 -1.464374
0.656566 -0.025865 -1.418935
0.576906 0.697744 -1.414047
0.505408 0.050843 -1.412374
1.045879 -0.559323 -1.378570
1.033172 -0.531438 -1.331041
1.023700 -0.487185 -1.322196
1.028791 -0.451374 -1.346432
-0.263582 -0.464069 -1.345395
0.422571 -0.524896 -1.286735
-0.812765 -0.581844 -0.660062
-0.778391 -0.619855 -0.642689
-1.471340 -1.257453 -0.665319
-1.584316 -1.302412 -0.680727
-0.926459 -1.349978 -0.660413
-0.918980 -1.385695 -0.653161
-0.922290 -1.415353 -0.706106
-0.963377 -1.436933 -0.790570
-1.007371 -1.447361 -1.438897
-0.988379 -0.853479 -0.800925
-1.549614 -0.858261 -0.213718
-1.508886 -0.238943 -0.276403
-1.561111 -0.835373 -1.003221
-1.640670 -1.426633 -1.710406
-1.647842 -1.388154 -0.532669
-1.600675 -2.031877 0.083734
-1.539768 -2.007166 -0.631892
-1.598273 -1.305315 -0.700617
-2.321075 -1.253633 -0.737939
-2.273724 -1.213377 -0.710082
-2.147170 -1.833202 -0.636397
-1.474643 -1.846250 -0.606642
-1.559289 -1.870156 -1.211173
-2.364998 -1.888634 -2.517392
-2.353633 -1.894327 -1.177880
-1.574031 -0.433245 -1.134124
-1.539298 0.179368 -1.123579
-1.619056 -1.323167 -1.104294
-1.703625 -1.338118 -0.366547
-1.680941 -1.346738 -0.242325
-1.592950 -0.714847 -0.814750
-1.561868 -0.721852 -1.308581
-1.648726 -0.766627 -1.969799
-1.122659 -0.829273 -1.973337
-1.120995 -0.875718 -1.338059
-1.679513 -0.894913 -1.386150
-1.642937 -0.901000 -1.520428
-1.698755 -0.910952 -0.891362
-0.420767 -0.289873 -0.881528
-0.382461 -0.302076 -0.875987
-0.273278 -0.917285 0.468287
-0.190970 -0.896912 -0.897348
-0.199203 -0.902574 -1.550937
-0.247206 -0.923614 -1.531325
-0.247868 -0.929400 -1.519451
-0.209412 -0.272805 -1.558228
-0.213993 0.407787 -0.959274
-0.275916 0.402665 -0.965370
-1.603822 0.375869 -0.924628
-1.559555 0.983285 0.329553
-0.817965 0.990168 0.351696
-1.374322 0.994339 0.369908
-0.116237 1.647545 -0.899048
-0.844186 1.603450 -0.219572
-2.165827 1.557440 -0.796933
-2.696453 1.539564 -0.807856
-2.587155 1.578354 0.465388
-2.633677 1.639423 0.461940
-2.740746 1.683833 1.092509
-2.095927 1.044759 1.081596
-1.997452 1.057480 1.069265
-2.560694 1.790500 0.405432
-2.617307 1.806269 0.421583
-2.734292 1.806345 0.416544
-2.779878 1.189726 1.018440
-2.724928 1.194089 0.968723
-3.316506 1.216766 0.922996
-3.346022 1.264006 0.898944
-3.428171 1.314413 0.878890
-3.464158 1.352964 0.864909
-3.440166 1.350086 1.546849
-3.425894 1.305548 0.903750
-3.478548 1.258808 0.959420
-2.889714 1.214458 1.656264
-2.940476 1.181981 1.700167
-2.933489 1.149747 1.050224
-2.845763 1.751264 2.332979
-2.212150 2.380100 2.297375
-2.251843 2.401876 2.296463
-1.624779 2.442657 2.311753
-1.569725 2.469552 2.320136
-2.143842 2.467187 1.627520
-2.145924 2.477024 1.639404
-2.212902 2.486140 1.686117
-2.870056 2.475604 1.689243
-2.825260 3.099193 1.630312
-2.750687 4.442267 0.978200
-2.139201 4.472691 0.963196
-2.142829 3.923720 0.300248
-2.154034 3.977518 0.304125
0.999615 3.984986 0.367839
0.960463 3.970894 0.409238
0.918336 4.594420 1.077941
0.223791 4.601637 1.800682
0.871889 4.591336 1.792546
0.914914 4.566612 2.352299
0.948060 4.570113 2.275854
0.952072 4.618030 2.871834
0.933370 4.654294 2.930206
0.903071 4.672514 2.980678
0.872636 4.668190 2.342773
0.829470 4.675824 2.304538
0.793521 4.694549 1.095590
0.794129 4.670837 1.734933
0.180867 4.627777 1.774950
-0.397606 4.601261 0.432524
-0.384905 4.602287 0.966181
-0.398190 5.212893 -0.355918
-1.067791 5.805859 0.876572
-0.449833 5.775174 -0.378531
-1.163671 5.059564 -1.074671
-1.198381 4.463748 -1.108550
-0.588896 4.441005 -1.150872
-0.571848 4.394811 -1.172991
-0.558785 4.393126 -0.516903
-0.554057 4.442376 -0.546376
-0.522082 4.472657 -1.291754
-0.454304 4.449539 -0.608158
-0.388388 4.427163 -1.164827
-0.976070 4.452736 -0.419592
-0.973562 3.861226 -1.053219
-0.996853 2.515104 -1.039648
-1.010204 2.436646 -1.023710
-1.008177 2.356401 -0.976692
-1.027182 2.323538 -0.291036
-1.073253 0.384724 -0.988351
-1.110253 0.389235 -1.719988
-1.117398 0.395109 -1.738075
-1.097640 0.404051 -1.690887
-1.078662 0.397574 -0.351815
0.152599 0.395674 -1.000300
0.105469 -0.248926 -0.356626
1.367474 -0.283002 0.332660
1.338713 -0.362145 0.947585
1.359450 -0.364912 0.930662
1.385870 0.910539 0.888411
1.364286 0.914994 0.840842
0.043757 0.903825 0.097431
0.085396 0.926585 0.043878
0.198427 0.975817 -0.589015
0.272796 0.365872 0.069571
0.249087 0.360910 -0.558807
0.173215 1.618476 0.103059
-1.763047 1.623325 0.117160
-1.720093 2.208320 0.117130
-1.697647 2.167104 0.129849
-1.739111 2.124459 -0.548060
-1.795522 2.087355 -1.227457
-1.788228 2.068078 -1.252773
-1.705435 2.701749 -1.257974
