4.258367 2.706849 1.766579
4.267980 3.411026 1.735751
4.901581 3.468987 2.329119
4.883667 3.464125 4.254496
4.880779 3.448895 4.296897
4.259831 3.492550 4.288064
4.220569 3.582285 2.892235
4.179444 3.605718 1.557655
4.165911 3.510809 1.582356
4.169565 3.383622 1.622772
4.161061 3.367986 2.929951
4.120142 3.395721 3.438781
4.075706 3.401390 3.330636
4.056275 2.692449 2.674629
4.072175 2.020804 3.379418
4.087302 2.049619 4.056678
4.070630 2.741596 3.370238
3.410110 2.707704 3.337181
3.390692 2.574597 2.762884
3.394118 2.477230 2.839349
3.406396 2.495779 2.815513
2.755763 2.563783 2.697859
2.147530 2.594606 2.633687
2.116526 2.583494 3.357737
2.084619 2.624068 3.458379
1.412248 2.750494 3.483032
1.425018 2.870916 2.780539
1.433031 2.887750 3.453794
2.092907 2.824478 3.597071
2.092923 2.762368 3.709854
1.466697 1.507103 3.770093
1.537449 1.628276 3.649372
1.585792 0.371670 4.845991
1.576696 0.393324 3.647528
1.528644 0.386530 2.384113
1.502476 1.091771 1.747045
1.513200 1.204086 1.644990
2.153570 1.266610 1.620606
1.505475 0.557173 1.689823
2.107609 1.101696 1.101614
2.124198 1.051883 1.054278
2.147755 0.432829 0.312858
2.133292 0.445412 0.261467
2.071847 0.388157 0.296861
1.397333 0.349841 0.327215
1.372546 0.401396 0.300759
2.612406 0.464186 0.250438
2.591416 1.756127 0.290860
2.568090 2.312588 0.410209
1.960065 2.253424 0.495254
2.001737 2.232709 0.477854
1.390657 2.248419 0.375862
2.050270 2.269557 0.336347
1.440818 0.984028 0.351123
1.465685 0.985043 1.681744
1.487282 1.016848 2.299415
2.124719 1.074812 2.287410
1.509586 1.114109 2.337428
1.535762 1.087516 1.741030
1.580273 1.034672 1.751286
1.620967 1.014281 1.679019
1.647574 1.043917 0.992259
1.658889 1.063336 0.997869
1.045755 1.026033 1.009723
1.635607 0.986899 -0.282366
1.618661 0.997716 -0.990052
1.610427 0.401626 -1.008835
0.982881 0.422948 -0.298606
1.619942 0.391364 -0.217019
1.630487 1.013860 -0.252848
0.365924 1.017955 -0.353184
0.373753 1.061477 0.284549
-0.257933 0.450345 0.346550
0.330888 0.465045 0.386108
0.300816 0.462119 0.322954
0.291061 0.444776 0.248495
0.286382 0.446532 0.909610
0.305620 -0.182639 2.366975
0.313810 -0.170004 1.802920
0.320130 0.461204 1.764035
0.976273 0.433138 1.674392
1.622267 0.428572 1.634303
1.598392 0.455215 2.351756
0.952478 -0.150327 2.416397
0.952393 -0.127489 1.150630
0.958702 0.528120 1.093666
1.625680 -0.800774 1.070517
0.993394 -2.071258 2.422690
0.961282 -2.013369 2.438826
-1.548984 -2.625893 1.125352
-0.141223 -2.015789 0.541656
1.188107 -2.701869 1.102659
0.511610 -2.686344 1.072040
0.484591 -2.622880 1.095786
1.096386 -1.934849 1.125490
1.741976 -0.661193 1.680131
1.132608 -1.351086 1.655118
0.429825 -1.365484 1.645388
0.401844 -1.346498 2.317713
-0.845942 -0.662326 2.320987
-1.455814 -0.707259 2.976001
-1.437263 -1.472933 2.965167
-1.470146 -1.510094 3.610458
-0.880887 -1.500528 3.008524
-1.473436 -1.497969 3.001025
-2.021478 -0.874437 2.374836
-1.970421 -1.606031 2.439153
-1.972498 -1.623330 2.487316
-1.997001 -1.603872 1.815590
-2.596094 -1.603927 1.776379
-2.557906 -2.297352 2.385819
-2.587958 -2.329701 2.390769
-2.627384 -2.303240 2.386129
-1.438186 -0.263931 2.309151
-1.404488 -0.202799 2.210311
-2.040488 -0.829072 1.503253
-1.477511 -0.833921 0.221462
-1.540252 -0.140045 0.260319
-1.575159 -0.088473 -0.417820
-0.272629 -0.082755 -0.431243
-0.871334 -0.122754 -0.398691
-1.525790 -0.154505 0.329879
-1.571910 -0.143628 0.381886
-0.974397 -0.093658 0.371287
-0.987532 -0.057058 0.348175
-0.966441 -0.729332 0.364270
-0.981786 -0.753914 0.390174
-1.038203 -0.770315 0.944134
-1.085547 -2.055852 1.564242
-1.096126 -2.105210 1.517815
-1.088219 -2.152837 1.510333
-1.104698 -2.197237 1.508787
-1.156752 -2.230819 1.462084
-1.204638 -0.921834 1.377059
-1.213026 -1.563004 1.349399
-1.180362 -1.565612 1.341721
-1.744682 -2.252663 1.328187
-1.813820 -0.490528 1.281492
-1.833678 -0.543085 0.646017
-3.027877 -0.593992 0.630303
-2.972007 -1.288199 0.011993
-4.159588 -1.306916 -0.612233
-2.912781 -0.007193 -0.643676
-2.942813 0.014239 -0.662369
-2.918802 -0.009828 -0.618350
-2.876510 -0.039010 -1.174417
-2.823132 -0.010246 -1.132545
-2.180632 -0.614962 -1.136985
-2.216395 -1.221944 -1.143090
-2.234228 -1.255540 -1.139260
-2.198463 -1.316605 0.144143
-2.152496 -1.297748 0.163466
-2.147861 -1.201757 -0.472529
-2.189037 -0.547547 -0.483880
-2.205668 -1.276633 -1.098418
-2.167938 -1.351465 -1.753986
-2.080093 -0.678639 -1.127991
-2.092426 0.064006 -0.458853
-2.139669 0.123658 -0.407113
-2.150369 -0.560497 -0.401562
-2.116357 -0.609065 -0.414713
-2.686023 0.074735 0.197004
-2.696804 1.417748 -0.402288
-3.378799 1.428906 -0.368175
-3.328571 0.753724 0.269125
-3.307681 0.726203 0.234694
-3.364391 0.767735 -0.394186
-3.463324 0.850031 -0.380918
-3.531765 0.245411 -0.359641
-3.557254 0.203626 -0.365674
-2.311406 0.767581 0.199227
-2.372703 0.783248 0.159534
-2.457940 0.803382 0.170655
-2.507026 0.744214 0.219298
-1.848956 0.648811 0.240542
-1.823620 0.613029 1.480082
-1.850711 0.018138 0.894969
-1.899411 -1.741154 0.952426
-1.902445 -1.728418 1.006657
-1.847868 -1.768062 -0.266605
-3.039662 -1.785500 -0.271273
-3.073225 -1.689353 -0.229108
-3.113768 -1.008431 -0.150494
-3.153562 -0.367644 0.526983
-3.155931 -0.389061 -0.080833
-3.142005 -0.388845 1.175497
-3.155470 -0.352643 1.242583
-3.849331 -0.310183 1.884898
-3.880988 -0.302785 2.462075
-4.482067 -0.329153 3.723574
-3.778931 -1.031567 3.072553
-4.392343 -1.064583 3.110150
-4.999917 -1.103430 3.765647
-4.995474 -1.137466 3.687161
-3.739926 -1.146648 3.635934
-3.691688 -1.124560 2.366952
-2.356215 -1.107138 3.091132
-2.387446 -1.102906 1.805501
-2.413251 -1.098826 1.705642
-3.035309 -1.067318 0.375546
-2.355861 -1.020027 0.370350
-2.335514 -0.385396 1.054130
-2.363909 -0.411678 1.054590
-2.384614 -1.055413 0.991880
-2.368474 -1.048125 1.566701
-2.357792 -1.009893 1.568325
-2.404394 -0.974081 2.263137
-2.464177 -0.946451 2.243134
-3.134422 -2.154765 1.495627
-2.413907 -0.861115 1.389154
-2.397334 -0.829313 1.376811
-2.421720 -1.502788 2.066502
-2.443730 -1.585128 2.082252
-2.404642 -1.652341 2.043481
-2.329215 -1.662762 2.019619
-2.924390 -1.658463 1.409910
-2.985641 -1.039037 1.473030
-1.780725 -1.070650 1.497128
-1.766982 0.244530 1.470862
-2.358363 0.271598 1.447828
-2.351230 0.294483 1.459920
-2.406756 0.274428 1.485436
-2.427759 0.234395 0.874759
-2.367960 0.223308 0.206568
-2.929780 0.234529 0.909395
-2.962064 -0.410195 0.289206
-3.036415 -0.433941 0.939542
-3.048774 0.247549 0.920392
-2.370899 0.273920 0.914030
-2.332390 -0.339261 0.260396
-2.359197 -0.349686 2.114274
-2.393600 -0.370738 2.117427
-2.367669 -0.365881 2.093070
-2.291110 -0.340997 0.737072
-2.242737 -0.324142 0.788958
-2.270542 -1.025499 0.851390
-1.673512 -0.392844 0.857518
-1.672677 0.260943 0.814092
-1.631984 0.339900 1.420489
-2.262819 1.705029 2.690130
-4.227972 1.697946 1.491234
-4.238717 0.381678 1.492019
-4.209034 0.366828 1.481339
-4.157939 0.376262 2.166738
-4.143585 1.636419 2.238775
-2.909972 2.285010 1.697680
-2.273970 2.926563 1.663288
-2.292063 2.263534 1.656863
-2.307927 2.299126 0.986003
-2.977670 2.316776 1.004375
-1.049579 1.678705 0.980417
-1.045304 1.681544 0.895522
-1.707585 1.064430 1.431342
-1.719645 1.085948 2.055076
-1.736542 1.092140 2.080289
-1.733745 1.074596 2.077201
-2.349354 1.061389 0.718673
-1.036009 1.724571 1.333460
-1.054996 1.774532 1.949476
-1.749287 1.804626 1.348176
-1.810956 1.814718 0.719133
-1.819784 0.528657 0.018741
-1.803139 0.567584 -0.002232
-1.807575 0.596275 0.023966
-1.847020 0.593486 0.068686
-1.853215 0.565521 0.062726
-1.139384 0.552276 0.689955
-1.088921 -0.069726 0.119081
-1.087049 0.601558 0.221305
-1.109183 0.570915 0.888818
-1.098876 0.531706 -0.451041
-1.042793 -0.138318 -0.538710
-0.981668 -0.137834 0.074734
-0.339673 -0.109984 -0.532240
-0.316312 -0.140161 0.105414
-1.575662 -0.168203 0.009325
-1.524107 -0.851664 0.568463
-1.509126 -0.201729 0.575706
-1.517930 0.391163 0.653991
-1.531509 0.378764 0.032785
-0.880678 0.393484 -0.636749
-0.875086 0.424321 -0.726578
-0.888113 0.442076 -0.094505
-0.919508 0.430118 0.638902
-0.966927 0.421033 0.041064
-0.387778 -0.191191 -1.270332
-0.395792 0.480465 0.548124
-0.367642 0.454167 0.537322
-0.327539 0.413085 -0.064142
-0.309254 0.416211 -0.017535
-0.300981 0.461438 0.018336
-0.917205 0.504579 0.017870
-0.849053 0.485302 0.004318
-0.788709 0.436208 0.003230
-0.779327 1.066066 0.702611
-1.408700 1.113859 1.949788
-1.429882 1.141195 1.959146
-0.774105 1.081724 2.596652
-0.759080 1.012981 2.611737
-0.779847 1.029442 2.599640
-1.430817 1.111091 2.589618
-1.485469 1.156572 2.592115
-1.512456 1.808102 2.573619
-0.914571 1.752582 2.533653
-0.980563 1.804607 2.528162
-1.065822 1.939210 3.221232
-1.745848 2.006408 3.286232
-1.749017 1.319145 3.308483
-1.746416 1.243517 3.287728
-1.776663 1.257999 1.285959
-1.182420 1.357141 1.960066
-1.161226 1.425867 2.003964
-1.115369 0.747526 1.987261
-1.112520 1.320649 1.941177
-1.132661 1.314132 2.606762
-0.486863 1.987872 2.680212
-1.081305 2.639470 2.759121
-0.984473 1.921116 2.128490
-0.955578 1.848577 2.093653
-0.970272 2.477457 1.464172
-0.967056 2.498521 1.482790
-0.923022 2.500957 0.831091
-0.891428 1.831634 1.411662
-0.920643 1.819403 1.387420
-0.393496 2.480616 1.394715
-0.429349 2.497581 2.032355
-0.397482 2.465060 2.654364
-0.344282 1.762720 2.609670
-0.309076 1.760442 1.929002
-0.318892 1.798819 1.322579
-0.322009 1.831555 1.334099
-0.306344 1.822283 2.000536
-0.297484 1.804720 2.019694
-0.328343 1.170868 1.452439
-0.384562 0.600119 1.512407
-1.054839 0.642447 1.511716
-0.403155 0.644327 0.823311
-0.369875 0.638341 0.788434
-0.347329 0.663357 0.818809
-0.345890 0.714632 0.844672
-0.332020 0.136930 1.440619
-0.297598 0.780362 1.367706
-0.253259 0.802737 1.336407
-0.245801 0.841548 1.378054
-0.274361 0.874988 1.404502
-0.959513 1.508356 1.380350
-0.288827 1.448941 1.345300
-0.247617 0.118059 1.366155
0.958459 0.134860 0.793144
1.601984 0.800446 0.841609
2.901823 1.389222 0.809930
2.977712 0.776822 0.754468
3.040432 0.782315 0.754716
3.034078 0.825724 0.827992
1.683423 0.887722 0.872974
1.645100 0.913005 0.842065
1.657724 0.896368 -0.386710
1.669365 0.882257 -0.394337
1.640520 0.236370 -1.593667
1.612936 0.255618 -1.607890
1.667251 -0.475357 -1.701040
1.753635 -0.436176 -1.221317
0.520933 -0.440576 -1.314444
0.451348 -0.474140 -1.302668
-0.256509 -0.495796 -1.255830
-0.234447 0.129007 -2.465289
-0.186069 0.134585 -3.175465
-0.152636 0.122130 -2.563642
-0.831249 0.084772 -1.250649
-1.463360 0.044058 -1.219687
-1.379615 0.010321 -1.275912
-1.948568 0.574183 -1.394933
-1.370402 0.538334 -1.468932
-2.755872 0.494823 -1.432390
-2.828759 0.460909 0.063115
-1.530623 0.442424 0.107953
-1.542528 0.424196 0.102247
-1.566673 0.402519 0.109278
-1.577364 -1.531565 0.153857
-1.534856 -1.535086 -0.418003
-2.111829 -0.902504 -0.447170
-1.435686 -1.542678 -0.509841
-1.470278 -2.171201 -0.536067
-1.525337 -2.169585 -0.492138
-1.539390 -1.543949 -1.750467
-1.526492 -1.552194 -2.389567
-1.540582 -1.542047 -3.050267
-1.578485 -1.507337 -3.054961
-1.586478 -2.067194 -2.375050
-1.535216 -1.440471 -2.307036
-1.458744 -1.420881 -2.288610
-2.078453 -2.017798 -2.956861
-2.107295 -1.990106 -2.934885
-2.134681 -1.968853 -2.862909
-2.139830 -1.372027 -3.443708
0.402261 -1.417302 -3.441770
0.984129 -2.031484 -3.454262
0.929015 -1.407288 -3.423845
0.927462 -1.389251 -3.361416
0.979871 -1.403592 -3.330669
1.033811 -2.022156 -3.363325
0.428011 -2.027683 -2.787819
0.424126 -2.022045 -2.161227
0.410056 -2.025359 -1.537269
-1.490707 -2.068212 -0.331187
-1.513966 -2.751565 0.245250
-1.551667 -2.789419 0.208365
-0.246844 -2.744390 -1.638309
-0.223761 -2.668385 -1.575706
-0.178917 -2.649736 -1.542931
-0.787017 -2.684346 -2.181473
-0.767699 -3.350778 -2.184790
-0.773184 -3.329220 -2.164944
0.492860 -2.679210 -0.916519
-0.165230 -2.714725 -0.934264
-0.154108 -1.552080 -1.600183
-0.127360 -1.576597 -1.601707
-0.103112 -1.533104 -0.975093
-0.083172 -1.506946 -0.979669
-0.054977 -1.506116 -0.999555
-0.674923 -1.520799 -1.018558
0.008642 -1.499649 -1.008569
0.672603 -1.455277 -1.640235
1.263447 -1.453703 -1.663519
1.180343 -1.496222 -1.680932
1.122679 -1.528817 -0.429606
1.097603 -1.514663 -0.982669
0.474917 -0.865293 -0.972003
0.431610 -0.899597 -0.996820
1.021093 -0.916581 -0.987126
1.039317 -0.286551 -0.332794
1.087927 -0.210330 0.328604
0.464252 -0.182399 -0.981471
-0.269292 -0.221799 -0.394644
-0.310118 -0.258470 -0.435185
-0.304955 -0.250274 0.147081
0.332270 -0.252532 0.740545
0.303001 -0.327533 0.684889
0.247207 -0.431858 -0.735776
0.215811 -0.462397 -0.686165
0.230929 -0.397256 -0.627315
0.250625 0.973042 0.626522
-0.404888 0.942039 -2.663878
-1.762705 0.899106 -2.665375
-1.768307 0.923601 -2.643080
-1.122550 0.966022 -2.647679
-1.145966 0.917536 -3.284954
-0.540686 0.778076 -3.294512
0.056089 0.654673 -3.886271
0.040598 1.247365 -3.849921
0.078809 1.290725 -3.839950
-0.527376 1.300860 -3.841390
-1.140294 1.283121 -3.817174
-1.830238 1.292840 -3.771867
-1.782656 1.355479 -4.953654
-1.682570 1.401480 -4.980110
-2.252495 1.401427 -4.344561
-1.643624 1.369083 -4.321514
-1.020767 1.371835 -3.047589
-1.020156 0.810488 -3.020924
-0.370902 0.854793 -3.019391
-0.323257 0.882291 -3.029207
-0.333390 1.547500 -4.942221
-0.990997 0.976680 -4.288687
-0.354093 1.053976 -3.632157
0.275513 0.467723 -3.645856
0.283157 1.100784 -3.677410
0.233577 1.065454 -3.697542
0.810119 1.059656 -3.068434
0.821076 0.449886 -3.037429
0.861684 0.430183 -4.848339
0.852923 1.023440 -5.529847
0.791453 0.975895 -5.556141
0.740006 0.971389 -3.623564
0.074786 0.997750 -3.582167
0.098987 2.349554 -3.602948
0.761149 2.277266 -3.015770
0.744475 2.219486 -3.059932
0.082116 2.230995 -3.640731
0.775923 2.255338 -3.561632
-0.468926 2.240988 -3.563240
-1.054280 2.180000 -2.408643
-1.039169 2.141190 -2.407011
-0.374225 2.178488 -2.320982
-0.358868 2.248813 -0.352152
-0.336064 3.612013 -0.974100
-0.311168 2.308071 -1.725611
-0.287092 2.247625 -2.357662
-0.923347 2.271443 -2.305726
-0.930724 4.172608 -2.264881
-0.940197 3.014437 -1.675327
-0.935103 2.953955 -1.732987
-0.937031 2.889322 -1.761311
-0.970013 2.920257 -1.755644
-1.008929 3.002025 -1.756328
-1.023560 3.041328 -1.805680
-0.351088 3.033226 -1.277254
-0.326051 3.027081 -1.311803
-1.572223 3.079256 -0.684304
-0.967537 3.152806 -0.668372
-0.987101 1.910814 -0.669486
-1.600025 1.882390 -1.357773
-1.564623 2.480071 -2.015858
-1.553909 2.487860 -2.039295
-2.188543 1.866235 -2.050753
-2.221340 1.844344 -2.042745
-2.232763 1.802503 -2.022563
-2.223423 2.406078 -1.405536
-1.597190 2.422577 -0.093095
-1.620891 2.418545 -0.093931
-1.660336 1.739301 -0.069782
-1.671012 1.671215 -0.042624
-1.009645 1.012548 -0.045826
-1.596750 1.027498 -0.089713
-2.229312 1.009258 -0.113461
-1.613522 0.946663 -0.081515
-0.349095 0.894190 -0.030569
-0.354764 2.279905 0.620996
-0.339608 2.951502 0.627127
0.977240 2.949128 0.741976
0.365892 2.905288 0.817478
0.379210 2.883987 1.474464
0.347539 2.928702 1.483666
-1.490095 3.000963 0.839866
-2.789989 2.383588 0.810574
-2.779815 2.358623 0.213656
-2.766951 2.352348 0.246554
-2.751686 2.402639 0.241267
-2.754993 2.464434 0.213890
-2.802478 2.456947 0.203939
-2.176244 2.400438 0.812828
-2.247857 2.369224 0.807223
-2.297946 2.397776 0.770436
-2.331671 1.186051 0.715350
-2.378491 1.761706 0.672380
-2.428183 1.680324 0.669311
-3.071706 2.288181 0.686018
-3.710604 2.305895 0.705645
-3.706676 2.298688 0.729670
-3.710323 2.232903 0.763196
-3.039847 2.168324 0.800520
-3.059462 2.156974 0.808346
-3.686919 1.534248 0.778120
-3.687320 1.509554 1.961571
-3.720629 1.459343 1.296699
-2.382768 1.461716 0.661585
-3.029666 2.142916 0.661800
-3.035382 0.961745 0.661989
-3.030186 0.950542 0.667121
-2.331204 1.520111 1.302131
-1.659648 1.512745 1.328280
-2.327322 1.536060 0.697273
-2.387846 1.529001 0.638950
-2.435140 0.885480 0.587679
-2.426436 0.861089 0.601074
-1.141431 0.879540 0.636286
-1.205113 0.923790 0.645801
-0.649223 0.936576 0.022144
-0.032910 0.900569 0.073738
-0.026176 0.853778 0.134905
-0.035861 0.834885 0.129087
-0.083317 0.252606 0.053001
-0.127502 0.259575 -0.023800
0.492103 0.268320 0.555197
0.490627 0.921658 0.543084
0.483219 0.947694 0.495687
0.456232 0.996965 0.448440
0.434575 0.426226 0.472954
-0.202404 0.471247 0.555823
-0.153769 1.097375 0.604113
-0.101585 1.107506 0.564298
-0.068850 1.121117 0.490441
-0.108055 1.157940 1.777509
-0.070090 1.214607 1.130868
0.611224 1.251193 2.407167
0.680127 1.271547 1.735882
0.681266 1.315613 1.714060
1.273970 1.388359 1.748365
1.293827 1.452288 1.827298
1.355002 0.280605 1.271616
1.388480 0.265076 1.272975
2.002808 0.258661 1.237495
1.980945 0.275425 1.218480
2.019765 -0.350534 1.213260
1.474371 -0.364124 1.180777
1.506581 -0.388992 1.122483
1.502364 -0.379695 1.073033
2.697911 -0.332961 1.066108
2.135601 -0.922595 1.093411
2.166397 0.302194 1.116931
2.161567 0.251253 1.749917
1.504146 0.203910 1.131501
1.472585 0.189935 1.129642
1.472137 0.166166 0.488848
1.481526 -1.125193 -0.187953
2.095087 0.052957 -1.593988
2.691437 0.620289 -1.595611
2.063361 0.075809 -0.893867
2.088013 -1.115299 -2.042834
2.759986 -1.161071 -2.067257
2.774643 -1.875635 -2.717666
2.781439 -1.243316 -2.673863
2.782187 -0.025472 -2.594533
2.182411 0.575217 -2.574892
1.515797 0.497267 -2.637851
1.524055 -0.176458 -2.724054
2.161399 -0.095446 -2.748639
1.552033 -0.005702 -2.715364
1.536283 0.031860 -2.710938
2.114377 -0.007274 -2.757789
2.122459 -0.038012 -2.804556
2.136372 0.004412 -2.786242
2.108404 0.046862 -2.724628
0.171734 0.012718 -2.763880
0.108664 -0.052078 -2.828856
0.094595 -0.038027 -2.245923
0.111097 0.066890 -2.233699
-0.505950 0.793212 -2.149585
0.066816 0.808389 -2.088919
0.035186 0.134285 -0.787647
-1.277311 -0.503991 -2.100571
-1.262138 0.171099 -2.053880
-0.643961 0.816828 -1.418581
-1.306190 1.346887 -1.465245
-1.334864 1.885383 -1.581847
-1.317213 1.309437 -1.650453
-0.627741 1.365368 -1.615950
-0.575170 1.948987 -2.188167
-0.551370 1.888716 -2.222587
-0.537050 1.819590 -2.289231
-0.507493 1.799221 -2.269584
-0.470580 1.155738 -2.157745
-1.036991 0.497747 -2.073469
-1.029698 0.440612 -2.134900
-1.032178 -0.184709 -2.232621
-0.428233 0.435381 -2.227857
-0.406129 1.119765 -2.127868
-0.361875 1.165824 -1.411568
-0.314676 0.578006 -2.096336
0.357098 -0.029462 -2.737408
0.340230 0.591022 -2.057169
0.295762 1.830770 -0.690399
-0.318416 1.832529 -0.667843
-0.299619 0.586189 -1.394222
-0.308389 1.203573 -1.461921
0.282839 1.239460 -1.433249
-0.356458 1.242076 -0.682488
-0.295797 1.264595 -0.624555
0.381505 0.641516 -1.904428
0.333013 0.634481 -1.907808
0.215479 1.266786 -1.250099
0.111785 1.224779 -1.209640
0.679168 1.158881 -1.225664
0.644092 0.474245 -1.288431
-0.066219 -0.170549 -0.699009
-0.130950 1.803737 -0.671785
-1.393020 1.197561 -0.628812
-1.323548 0.540374 -0.633811
-1.273816 -0.044595 -0.074687
-1.280009 0.584653 -0.054318
-2.652317 1.229148 -0.665796
-3.269360 0.587249 -0.646616
-3.882287 -0.117646 -0.066357
-3.900051 -0.154216 0.500232
-3.908875 0.492321 0.493102
-3.881845 0.508761 -0.715823
-3.805583 1.170245 -0.104744
-3.108247 1.791385 -0.137680
-3.055181 1.197895 -0.167971
-3.643366 0.032294 -0.750703
-3.041995 0.020305 -0.693390
-1.698441 -0.641550 -0.689631
-1.690726 -0.111860 -0.721104
-1.096920 -0.767454 -0.754380
-1.172841 -0.809996 -0.732411
-1.195525 -0.799943 -0.678490
-0.511661 -0.758569 -0.032571
-1.097087 -0.711961 -0.655790
-0.449234 -1.321174 -2.009962
-0.503764 -0.697451 -2.015284
0.928512 -0.077858 -2.052471
0.319124 -0.065515 -2.074521
-0.309660 -0.053605 -2.060635
-0.365037 -0.072589 -0.703442
-1.060364 -0.103149 -0.154101
0.175337 -0.079002 -0.157928
1.475982 0.016662 -0.120528
1.502762 0.117125 -0.098648
0.842274 0.142471 -0.134135
0.822662 0.132574 -0.847862
0.818497 0.148062 -1.557013
0.815874 0.185191 -1.549099
0.774251 0.870923 -1.542034
0.703224 0.834955 -1.586164
0.656458 1.404729 -1.659993
0.025788 1.389196 -1.699458
0.040231 1.424828 -1.670179
0.014120 0.840192 -1.631083
-1.227768 1.421590 -1.631731
-0.634117 1.355683 -1.647521
-0.629419 1.309511 -1.646095
-0.621880 0.667122 -1.622136
-0.632716 0.642708 -1.612265
-1.263250 0.616339 -1.000153
-1.288516 0.599272 -1.055143
-1.270310 0.596283 -1.071402
-0.571175 -0.047625 -1.034010
-1.137457 -0.622363 -0.987264
-1.703166 -0.640378 -0.964143
-1.645707 -1.308202 0.308267
-1.585153 -1.360253 0.298081
-1.536327 -1.370967 0.272759
-1.514178 -0.764173 0.246574
-1.552426 -0.102452 0.223156
-1.561872 -0.076603 0.207960
-1.570795 -0.077031 0.201371
-1.565940 -0.694166 0.228521
-1.539531 -0.644513 -0.318405
-1.506349 -0.615542 -0.238852
-0.862753 -0.601050 -0.194355
-0.854543 -0.582319 -0.209906
-0.876766 -0.548658 -0.241477
-0.931229 -0.521033 1.003217
-1.003497 -0.519860 2.282873
0.212357 -1.154951 2.274348
-0.461355 -1.132825 2.272553
-0.449922 -1.114289 2.274647
-0.436804 -1.114834 2.282285
-0.437305 -1.128788 2.321342
-0.432319 -1.129775 2.384283
-0.415131 -1.138489 1.100244
-0.392698 -0.612798 1.100890
0.225368 -0.086870 1.753009
0.169796 -0.120799 1.747527
-0.511690 0.538001 1.771606
0.099988 0.564308 1.786121
-1.054742 -0.081000 1.782944
-1.010154 -0.104621 1.801603
-0.966051 0.535035 1.875456
-1.571100 0.578777 1.976858
-2.144557 0.638127 2.026256
-1.463050 0.629753 1.998521
-0.210384 0.553727 1.949947
1.041118 0.489725 0.531977
1.023992 0.520929 0.526497
1.020092 1.242170 0.526327
1.025944 1.246142 -0.153053
1.032390 0.528235 -0.169016
1.050754 0.534578 0.503979
1.074920 0.580274 0.521883
1.114123 0.647135 -0.145938
2.401094 0.015764 -0.217774
1.761328 -0.042316 -0.290040
1.698558 0.551535 -0.321698
1.637471 1.220132 -0.321253
1.636411 1.319827 -0.322746
1.678617 0.738214 -0.332289
1.710161 0.712371 -0.311601
1.689066 0.057624 -0.254805
0.358451 -0.456112 -0.215291
-0.260659 -0.393132 -0.214359
-0.214397 -0.425187 -0.241306
-0.225018 -0.520824 -0.261231
-0.310795 0.042609 -0.271573
0.870386 0.676243 -0.278519
0.830807 1.315405 -0.279522
1.533950 1.280404 -0.274379
1.544439 0.003114 -0.869185
2.149970 0.619981 -0.836227
2.101703 0.623604 -0.838741
1.389612 -0.030591 -0.869096
1.425848 -0.074548 -0.902220
1.452569 -0.121441 -0.298788
0.801839 -0.131440 -0.318982
0.732158 -0.092640 -0.379593
0.716184 -0.039192 -0.442130
0.762159 0.645736 0.307589
0.812310 0.669158 0.380899
0.814217 0.092422 0.425653
0.779645 0.774351 1.044018
0.776242 0.806514 1.018392
0.814855 0.810594 1.034171
0.859071 0.786853 1.084681
0.852505 0.754304 1.738797
0.794267 1.401452 1.076224
0.740644 0.766677 1.056903
0.720973 0.785710 1.748245
0.734671 -0.499285 1.833086
0.739065 -0.479094 1.875750
0.725234 -0.464503 1.211924
0.717667 -0.473697 1.176433
0.737295 -0.506571 1.814001
1.457719 -0.556284 1.834346
1.457753 -0.591538 1.834117
1.414553 -0.604041 1.803316
0.748141 -0.595353 1.762551
0.742723 -1.238954 1.751100
0.142918 -0.561556 1.775250
0.138820 -0.546660 1.780696
-1.078134 0.105845 1.748500
-1.059263 0.121237 1.707995
-1.037165 0.108057 1.694878
-1.047586 1.346462 1.717319
-1.095012 0.618491 1.736328
-1.109553 0.583003 1.732082
0.154954 0.574373 1.723660
0.178530 -0.056442 2.388705
0.190301 0.644694 2.449411
0.199113 0.076944 2.495928
0.266408 -1.179338 1.896796
0.360404 -1.169452 1.895535
0.418619 -1.153759 1.896573
0.407686 -0.560931 1.281365
1.023642 -1.246001 1.264268
1.036252 -1.954819 1.859299
1.057588 -1.948878 1.171903
1.048082 -3.088444 1.164700
0.995974 -3.646908 1.194344
0.950226 -4.277589 1.847303
0.959357 -4.331672 1.823927
0.987158 -3.753568 1.784591
1.626015 -3.769071 2.418033
1.617904 -4.375430 2.441011
1.605197 -4.425652 0.537659
0.321634 -4.486556 0.511649
0.320623 -4.491379 1.758096
0.378870 -4.439724 1.740311
0.459139 -4.393518 2.397253
0.441147 -4.382324 2.373456
0.416813 -3.713659 2.326220
0.409081 -3.655973 1.656252
0.472743 -2.945946 2.292662
0.577156 -2.963054 1.685477
0.021894 -2.409695 1.018108
-0.004264 -2.429009 0.978671
-0.044531 -2.395729 1.616453
-0.037093 -2.377106 1.636687
0.016134 -1.795147 1.676565
0.052251 -1.830994 2.284542
0.025607 -2.476631 2.265697
-0.019179 -2.436759 2.265492
-0.026616 -2.429814 1.079408
-0.006805 -2.473176 1.105273
-0.017102 -1.906007 1.109730
-0.084523 -1.875248 1.113739
0.472203 -1.797872 -0.115035
0.433994 -1.754633 -0.077344
0.440690 -1.751232 0.534111
0.442879 -1.724763 0.513646
0.406029 -2.341543 0.523594
0.359290 -2.312244 0.564656
0.343907 -2.355608 -0.031377
0.356362 -2.437189 -0.049382
0.352781 -2.485818 -0.073304
0.328268 -1.224592 -0.050271
0.303039 -1.221835 0.006009
0.305786 -1.249945 0.037941
0.336258 -1.272733 0.030366
0.371812 -1.265995 -0.616082
0.413904 -1.246224 -0.549871
0.455745 -1.237411 -0.459176
0.491286 -0.607343 -0.406503
0.506231 -2.501532 -0.414556
0.508621 -1.274321 -0.438974
0.523610 -1.258404 -0.429567
0.557647 0.043641 -0.410313
0.588148 0.084672 -1.034111
1.783466 0.113449 -1.077521
1.788129 0.117342 -1.131856
1.809122 0.093419 -1.136058
1.823685 0.072903 -1.090437
1.816160 0.719898 -0.406544
1.782250 0.706858 -1.055172
1.750358 1.283873 -1.127026
1.720049 1.230836 -0.551488
1.678900 1.228324 -1.147339
1.621239 1.275999 -1.118450
1.562950 0.698866 -1.143849
1.530952 0.734396 -0.587738
1.509008 0.722058 -0.602193
1.474872 2.536088 -0.542830
1.423401 2.537349 -0.473573
1.380356 1.894705 -1.102620
1.362422 1.891007 -1.800757
1.348632 1.864764 -1.233129
1.918770 0.635738 -1.235482
2.480369 1.295987 -0.588757
0.516640 1.307165 -1.245355
-0.067433 1.306877 -0.651061
0.002960 0.684138 -1.314567
0.020864 0.603804 -1.906327
-0.021587 0.562006 -1.849217
-0.041021 1.149697 -1.825485
0.013774 1.158351 -1.845810
0.087080 0.022250 -1.246359
0.066659 0.047626 -1.858451
0.031861 -1.758959 -1.836851
0.019887 -1.094858 -1.184106
0.079786 -1.705146 -1.194810
0.160284 -1.680570 -1.180770
0.182649 -1.689673 -1.132747
0.159715 -1.726225 -1.703023
-0.443350 -1.127347 -1.681749
-0.413160 -0.457523 -1.665425
-0.367587 -0.405302 -1.651230
-1.022017 -1.005668 -0.991093
-0.447326 -1.031477 -1.027320
-0.462757 -1.038300 -1.075235
-0.428413 -1.650523 -1.108339
-0.384811 -1.627805 -1.127183
0.872045 -1.669237 -1.160163
1.510608 -1.734352 -0.574914
1.533344 -1.749781 -0.577905
1.575086 -1.693439 -0.558346
1.590961 -1.644672 -0.560376
1.564210 -1.035588 -1.862296
1.542934 -1.077097 -1.281319
1.566322 -1.076682 -2.578390
0.986994 -0.439757 -2.560012
1.000339 -0.430328 -2.572199
0.969633 -0.470709 -2.619434
0.935070 -0.533182 -2.644853
0.935889 -0.544151 -2.611728
0.952378 -0.512385 -3.154566
0.296233 -0.470595 -3.133451
0.920576 -0.458752 -3.844271
1.557812 -1.717976 -3.884143
0.941288 -2.354939 -3.873228
0.979668 -2.344148 -3.210062
1.003801 -2.313693 -3.224705
0.347171 -2.302882 -3.866595
0.343715 -2.318936 -3.854618
0.367772 -1.671554 -3.784947
-0.256057 -1.695452 -3.733092
-0.290672 -1.690223 -2.512490
-0.346692 -1.669158 -2.556337
-0.371028 -2.324254 -3.193043
-0.342282 -2.932663 -3.151777
0.324949 -2.323518 -3.133147
-0.345701 -2.292034 -3.163218
-0.407037 -2.244141 -3.800416
-0.439287 -2.221085 -3.783945
-0.417597 -2.244275 -3.124898
-1.147994 -2.276755 -3.118015
-1.164083 -2.276195 -3.140565
-1.192582 -2.246676 -3.144630
-0.530101 -2.240153 -3.118206
-1.098477 -2.939068 -3.101484
-1.062781 -2.976733 -3.140661
-0.431433 -1.650585 -3.169869
-0.428635 -1.650012 -3.181087
-0.403521 -2.316747 -2.553287
-0.376103 -2.378718 -2.535651
0.252602 -2.421792 -3.227111
0.222009 -2.427044 -3.271604
0.201972 -1.200831 -3.259349
0.229440 -1.878590 -3.201186
0.286459 -1.907626 -3.183606
-0.322796 -1.881638 -2.589869
-0.303102 -1.230626 -2.624057
-0.288622 -1.201655 -3.188671
-0.280052 -1.205077 -4.367161
-0.283088 -1.196569 -3.726897
-0.299021 -1.830239 -3.118259
-0.300566 -1.776797 -3.097763
-0.921136 -1.105389 -3.624151
-0.938973 -0.521098 -2.984995
-0.956124 0.068063 -3.009899
-0.927755 0.075693 -3.071047
-0.854844 0.091455 -3.107289
-0.819811 -0.548782 -3.094837
-0.843185 -1.222316 -3.685774
-0.880908 -1.243539 -3.700204
-0.868613 -1.228608 -3.721982
-0.820295 -1.210035 -3.708094
-0.193281 -1.831794 -3.646256
-0.249946 -1.861465 -3.595583
0.317865 -1.891579 -3.003588
0.321757 -1.848978 -3.059763
0.973880 -2.464939 -3.109130
0.959597 -2.444723 -3.122007
0.885656 -2.444672 -3.127715
0.166716 -2.430762 -3.152421
0.130778 -2.401237 -1.933344
0.759894 -2.371782 -1.969901
0.082153 -2.397429 -1.972604
-0.010401 -1.804650 -1.967722
-0.716725 -1.829477 -1.985637
-0.040177 -1.806227 -2.034546
-0.003813 -1.121882 -2.088614
-0.016087 -1.139000 -2.738386
-0.049090 -1.152577 -2.733781
-0.039146 -0.573814 -2.727386
0.027600 -1.225167 -2.717221
0.092013 -1.220800 -2.680424
0.104259 -1.261503 -2.609475
-0.534359 -1.320889 -2.537312
-2.445700 -1.333521 -2.505833
-2.429862 -1.929771 -3.112085
-2.427713 -0.610382 -3.085554
