2.721323 4.187290 -3.671291
2.746343 2.908757 -4.343047
2.799570 2.905394 -4.382794
2.807673 3.465477 -3.818713
2.741623 4.067153 -3.209422
3.403248 2.158341 -3.194653
4.090569 1.521564 -2.516401
4.110901 1.514217 -1.932774
4.082945 2.120426 -1.991839
2.760666 1.501468 -2.639668
2.748588 1.524975 -3.267654
2.795024 2.193296 -2.563878
2.181841 3.411874 -2.525396
2.212163 3.385414 -2.540814
1.537220 3.376361 -2.547055
1.549777 2.722270 -3.163235
2.273527 2.707999 -3.124033
2.956248 3.279653 -3.124733
1.611801 3.282677 -1.909205
1.558527 3.334457 -1.961819
2.147158 2.179156 -1.969547
2.158469 2.186447 -2.611491
2.812150 2.131919 -2.612553
2.787729 2.055713 -2.634542
2.119776 2.642010 -2.002460
2.111302 2.054055 -1.970404
0.935473 2.693155 -1.946729
1.603873 2.664209 -1.952576
1.606910 1.968093 -2.600654
1.589431 1.981626 -1.955283
1.575195 2.017952 -2.597357
0.892953 1.311499 -2.593286
0.863016 0.649507 -2.596568
0.166316 0.664335 -2.570437
0.189281 0.685229 -3.132987
0.883168 2.016457 -2.494698
0.913506 2.017678 -2.518549
0.929296 2.028678 -2.563229
1.531230 1.366250 -1.905702
2.157071 1.393999 -1.858665
2.114280 0.781903 -1.235800
1.408116 1.423827 -1.315968
0.699700 1.449492 -1.386332
1.279779 1.462216 -2.025827
1.932123 1.464853 -1.985589
1.924358 1.465122 0.672527
2.605229 0.950121 0.004058
1.979745 1.023260 -0.036459
1.962450 1.084054 -0.075930
1.942676 2.361099 -0.721968
1.265720 2.339277 -0.688166
1.223445 1.685046 -0.730345
1.834546 1.110414 -1.379009
1.228638 1.118992 -1.410229
1.243330 1.070577 -0.770795
1.904237 1.004916 -1.275273
1.893773 0.394406 -0.554105
1.292616 0.463697 -0.581604
1.362936 0.524294 -1.292666
2.033695 0.529628 0.048944
1.400781 0.484642 -0.585064
1.945139 0.452971 -1.194112
1.285920 0.469944 -1.281053
1.304511 0.501308 -1.353201
2.561627 0.481940 -1.340944
1.862368 1.044116 0.006553
0.581062 0.366164 0.647239
1.261722 0.419046 0.557361
1.331930 0.490006 1.179478
1.341691 0.492211 1.222173
0.656017 1.043957 1.277161
0.627417 2.222700 2.542408
1.299627 2.197774 1.863660
1.377083 2.255110 1.227867
1.427333 0.994969 1.895459
1.452869 -0.401912 1.249664
1.505433 -0.446301 1.183647
1.612145 -0.423416 1.134348
1.710375 0.254486 -0.036930
1.107169 0.840566 0.067403
1.697670 0.743980 0.093265
1.662678 1.318572 0.047305
1.662863 0.066117 0.054554
1.654923 -1.138544 -0.513658
1.604416 -0.530843 -0.409754
0.899504 -0.626080 -0.401752
0.856038 0.569481 -0.468783
1.466070 0.031378 -0.497640
1.484819 1.337385 -0.457948
1.461776 0.053105 0.198179
2.086870 -0.036830 0.149122
2.056310 -0.062055 -0.597491
2.058973 0.616320 -0.707231
1.470124 0.085997 -0.747097
2.083736 -0.504858 -0.751614
2.075045 0.174527 -0.792695
0.824528 0.158411 -0.874830
0.903724 0.186579 0.404337
0.987497 0.167006 -0.243110
0.378203 0.766926 -0.243747
1.037878 0.720769 -0.240263
1.028410 0.034261 -0.233046
1.024283 0.028802 -0.213419
0.412099 -1.239383 -0.169322
0.397296 -1.222973 -1.970265
0.393149 -1.823202 -0.599560
0.422758 -1.795586 -0.554138
0.479674 -0.538089 -0.532616
-0.139111 -0.524531 -0.526421
-0.170635 0.672425 -0.513094
-0.239740 1.901322 -0.517173
0.363977 1.897439 -0.565095
1.004965 1.921108 -0.630480
2.183844 2.593866 -0.672308
2.766357 2.586637 -0.672175
2.048999 2.608139 -0.676321
2.060441 2.655230 -0.054993
2.134755 2.667758 0.581873
1.582195 2.622335 0.549974
1.575891 2.552711 0.516050
1.556666 1.972042 -0.799958
1.578988 3.229421 -1.510270
2.248946 3.266705 -1.509949
2.263758 3.257399 -2.121949
2.239253 2.623889 -2.804005
0.957815 2.692828 -2.154372
1.033748 2.745963 -2.120543
1.128123 1.507541 -0.868658
1.147079 0.841802 -0.915486
1.099977 0.770327 -0.323092
1.062953 0.763090 -0.360615
1.069291 0.784311 -0.314643
1.067420 0.135120 -0.239063
1.001737 0.050541 -0.221489
0.909365 -0.656951 -0.884547
0.859765 -0.040932 -1.487126
0.873349 -0.614926 -1.386354
0.899843 0.078231 -0.647137
0.261835 -0.535221 -0.652450
0.194555 -1.157062 -1.348275
0.788905 -1.803006 -1.358636
0.820120 -1.821539 -1.887034
0.998794 -1.845844 -1.792774
0.953084 -1.880790 -1.195630
0.963992 -1.926919 -0.608211
1.625465 -1.946348 -1.918758
1.709277 -1.922021 -1.849783
1.761558 0.696123 -1.859927
2.384198 0.730082 -1.277504
2.370398 0.755018 -1.316769
1.109341 0.726146 -0.692745
1.151200 0.045059 -0.667507
0.496834 -0.578031 -0.669358
-0.199169 0.053051 -0.030552
-0.215221 0.035720 -0.055646
-0.186843 0.016301 -0.693192
-0.144784 0.025241 -0.672694
0.518238 0.070141 -0.691767
0.528920 0.107765 -0.732617
-0.081762 0.767350 -0.749016
-0.065779 0.133988 -0.722981
-0.062924 -1.107827 -0.681228
-0.657763 -1.067544 -0.654150
-0.669183 0.793859 -1.314860
-0.697572 0.827261 -0.608598
-0.088437 0.868988 -0.557506
0.546873 0.313194 -1.857351
0.557778 0.326261 -1.876289
1.186156 -0.326087 -1.918239
1.169358 -0.320631 -1.932393
1.795292 -0.304875 -1.903206
0.576085 -0.317033 -1.870067
0.592051 -0.351856 -1.870372
1.837267 0.923210 -1.896207
1.807603 0.295922 -1.908531
1.807119 0.308895 -1.230823
1.165772 0.293645 -1.226684
1.175364 0.272071 -0.608442
-0.083672 0.282926 -0.642324
0.529373 0.976758 -0.654187
-0.101222 0.962880 -0.626643
1.200327 0.931157 -0.596391
0.553806 0.925517 -0.611188
0.545088 1.590802 -0.662871
0.527993 1.621720 -0.694403
-0.126694 0.964001 -0.045262
-0.194035 0.255530 -0.040590
-0.201881 0.248919 -0.107242
-0.201281 0.954918 -0.213988
-0.229556 0.974692 -0.264819
-0.269887 0.234303 -0.230059
-0.248541 -0.479376 -1.564967
0.494819 0.203414 -2.874339
1.185375 0.298407 -2.286279
0.535100 0.318532 -1.673361
-0.080876 0.254753 -1.632837
-0.065491 0.201916 -1.594832
0.007542 -0.412321 -0.370500
0.716434 0.219055 -0.471160
0.692913 -0.442533 -0.508864
2.560307 0.130938 -0.429712
3.823127 0.104607 -0.332290
3.853533 -0.470763 -0.322087
3.869461 0.796159 -0.354321
3.866351 0.785339 -0.337986
3.882415 2.043651 -0.257258
3.967886 1.407001 -0.213348
4.640970 0.783431 -0.270353
4.676591 0.735739 0.268640
5.288251 1.304028 0.240547
5.296518 1.934785 0.297216
5.277386 1.959828 0.351583
5.236770 1.995274 0.338030
5.199772 1.365508 0.289822
5.181195 1.388742 0.296258
3.859725 0.812263 -0.273925
3.853501 0.873500 -0.246214
3.848895 0.867359 -0.274476
3.846322 -1.040512 0.332466
4.524584 -1.053269 0.342229
3.116550 -1.032993 1.787063
3.044962 -0.441511 1.884296
3.029916 -1.117597 3.080112
3.694837 -1.164242 2.985408
3.690214 -1.200315 2.967937
3.032967 0.094540 3.032893
3.013310 0.083322 3.091721
3.082028 0.044431 3.685065
1.887205 1.257567 3.550057
1.953490 1.194162 3.445160
1.935873 1.176643 3.434128
1.252219 1.813142 3.465604
1.275607 1.798544 3.422969
0.704488 1.755772 3.925649
0.727213 1.093033 3.853923
0.683328 1.725392 3.892153
0.647017 1.754214 3.990126
0.675271 1.782117 3.393861
1.381592 1.780404 3.367267
0.135376 1.157077 2.711897
0.108805 1.776808 2.759031
0.076584 1.819246 2.232305
-1.172856 1.877887 1.635102
-1.158969 0.588570 0.982263
-1.189391 -0.092917 0.959989
-3.755168 -1.307138 0.379665
-3.758175 -1.902833 0.433253
-3.725937 -1.212102 0.438261
-3.714172 -1.229607 0.410014
-3.732774 -1.286129 0.402810
-3.749808 -1.318919 0.425672
-3.710904 -0.656040 0.435512
-3.650147 -0.620516 1.018260
-3.652060 -0.615671 1.597717
-3.710391 -0.638996 2.234718
-3.138469 -0.660290 2.274779
-3.109738 -0.010244 2.299992
-3.050336 0.000930 2.274303
-3.024650 -0.652694 2.230488
-3.051479 -0.046275 2.230027
-3.071806 -0.064230 2.279602
-3.053214 0.570883 1.692295
-3.021951 -0.036410 0.993671
-3.709245 -0.033826 1.609199
-3.769965 -0.027577 1.007468
-3.775113 1.333604 0.425193
-3.695198 1.359996 0.482321
-3.595549 1.418722 0.505232
-3.570160 0.852932 0.520399
-3.580028 0.888220 0.575230
-3.562530 1.577210 0.632182
-3.516868 1.600824 0.639903
-3.512276 1.643929 0.597297
-3.593633 1.687194 1.821187
-3.021575 1.698909 1.817705
-3.024118 1.685598 1.822213
-3.617654 1.678147 1.804385
-2.967084 1.684682 1.760005
-1.622361 2.335602 1.118758
-2.268734 1.631221 1.118897
-2.894645 2.252328 1.131685
-3.487395 2.227414 1.119066
-3.491254 2.233010 1.075893
-2.896296 2.225594 1.032972
-2.908571 1.515721 1.029966
-2.874310 1.504212 1.067298
-3.473056 1.536309 1.099492
-3.462816 0.257407 -0.295399
-4.110141 0.296374 -0.264412
-4.112368 0.292641 0.368141
-4.123235 0.867893 0.379641
-3.564518 0.884204 0.391299
-3.666344 0.928050 0.400841
-3.761077 0.939373 0.396376
-3.164997 0.895366 0.358960
-3.182421 0.847154 0.312212
-3.864584 0.854611 0.283133
-3.901803 0.894800 0.283972
-3.931344 0.899646 0.308873
-4.480270 0.838694 -0.296694
-3.264641 0.776132 -0.304822
-3.931913 0.768025 0.319020
-3.957102 0.786228 0.335600
-3.977853 0.766812 0.357781
-3.351575 1.894036 0.357365
-2.661882 1.886194 0.338301
-2.603955 2.579835 0.315295
-2.549979 2.654155 0.315809
-2.505681 2.659934 0.347389
-1.849404 2.634640 0.394869
-1.794257 2.647745 0.437461
-1.743929 2.685458 0.457998
-1.734370 2.698105 0.468645
-1.768640 2.669109 0.485147
-1.845251 2.641353 0.513862
-1.856859 2.664167 0.534295
-1.828204 2.719917 0.520834
-1.848905 3.424179 0.503275
-1.949865 3.402676 0.507064
-2.045817 3.369569 1.197539
-2.051677 3.375526 0.583514
-2.028990 3.420267 0.609784
-2.060464 3.457091 0.627084
-2.166355 2.854600 1.267151
-2.249065 2.842141 1.278169
-2.213123 2.205371 0.645230
0.395771 2.285337 0.622062
1.102629 2.356568 0.592826
0.465933 2.380257 1.212285
0.494292 0.996322 1.226587
0.571411 0.992331 0.610518
0.657653 0.354461 0.631406
0.699201 0.328486 0.672336
0.057291 -0.370890 1.271032
0.049487 -0.402349 0.647763
0.061194 -0.431175 0.013746
0.080507 -0.457017 0.016903
0.108522 -0.479398 0.652534
0.143211 -0.488384 0.620596
0.153680 0.136607 0.581759
0.105080 0.127181 -0.712141
0.068336 0.132547 -0.064324
-0.574047 0.160164 -0.060360
0.081865 -0.413241 0.566924
0.041755 0.228697 1.171649
-0.041069 0.227893 -0.140010
-0.065103 0.213193 0.498681
-0.005956 0.206822 0.519289
0.074698 0.219049 0.539332
0.745660 0.235501 -0.073812
0.696852 0.903780 -0.755942
0.673136 0.247246 0.489003
0.723038 0.214905 0.495663
0.777285 0.212615 -0.113651
0.743265 0.253465 -0.743447
0.652738 0.294565 -0.123123
0.618738 -0.344668 -0.126590
0.686704 -0.352559 -0.124079
1.436606 -0.356002 -0.135073
1.461502 -0.336537 -0.153673
1.486747 -0.313177 -0.162367
1.493916 -0.344155 -0.157295
1.485301 -0.334439 -0.135915
1.464836 -0.315782 -0.115207
0.825020 0.355298 -0.105211
0.836256 0.353093 -0.094550
0.171480 -0.315112 -0.080475
0.771866 0.900038 -0.067908
0.110189 0.195406 -0.088897
0.111120 0.129551 -0.115010
0.146711 0.675592 -0.116366
0.115065 0.650767 0.531143
0.625106 1.248011 0.563234
0.525515 1.186446 1.147873
0.542221 1.167559 1.121058
0.622923 1.907772 1.108610
0.636240 1.336628 1.113347
0.554813 1.364546 1.105673
0.489205 1.353827 1.055336
0.535838 1.361025 0.996769
0.610236 0.709021 0.971214
1.195648 0.830570 1.597485
2.412608 0.838142 1.615381
2.378015 1.448224 1.593857
2.398908 1.449568 1.552971
2.435779 1.517838 1.538906
2.424843 0.908949 1.572496
2.372210 2.224042 1.619718
2.925202 2.150021 1.632058
2.967105 2.106200 1.615022
3.053937 2.118939 0.363735
2.470367 2.132141 -0.200765
2.508268 0.847265 -0.140278
2.537307 1.428618 -0.112141
3.810946 1.451380 -0.103617
1.799815 1.494439 -1.221278
1.816788 0.852183 -1.769947
1.811734 1.527307 -1.711420
1.790357 0.920163 -2.327672
1.796642 0.927939 -2.365899
1.850136 0.944897 -2.411812
1.921924 0.964290 -2.438174
1.960293 0.976565 -2.441649
1.959547 1.005423 -1.803926
1.959778 0.427217 -1.799496
2.655397 0.488108 -3.038943
2.664451 0.547578 -2.997090
3.284718 0.584669 -2.954899
3.279332 -0.037999 -2.944075
2.654691 -0.051488 -2.319951
2.680433 -0.076269 -2.349856
2.721563 -0.757870 -2.359442
2.747302 -0.153106 -2.368163
2.741208 -0.201959 -2.401450
2.709314 -0.235851 -2.433891
2.685944 0.975027 -1.847329
2.682991 0.285471 -1.125345
2.044134 0.260139 -1.773946
1.388040 0.924864 -1.782471
0.750525 0.892246 -1.810609
0.760038 0.216042 -1.823785
0.776216 -0.373023 -1.828214
0.776890 -0.366343 -3.101951
0.754670 0.271235 -3.118516
0.717478 0.302861 -2.482423
0.686842 0.334868 -2.423686
0.655118 -0.244862 -1.759684
0.637686 -0.235723 -1.770092
0.596574 -0.247411 -2.442579
0.563270 0.406872 -2.481768
0.587420 -0.221796 -1.893355
0.664745 -0.819768 -1.944144
0.075402 -0.784003 -2.016355
0.034204 -0.125100 -2.079288
-0.041363 -0.116442 -1.472096
-0.070528 -1.380948 -1.474670
-0.055550 -1.333609 -2.108040
-0.069535 -1.302897 -3.342401
-0.128708 -0.039606 -3.388497
-0.179936 -0.750831 -2.837985
-0.147104 -0.781768 -4.070285
1.292712 -0.773664 -4.060015
0.699680 -0.774949 -4.029086
1.252530 -0.819455 -4.025432
0.528601 -0.888136 -3.462128
0.556726 -0.914588 -3.429713
0.612763 -0.883564 -3.353757
0.614432 -0.867396 -3.288146
0.561800 -0.920810 -3.283569
-0.147787 -0.991836 -3.309692
-0.096854 -0.997809 -3.314588
-0.018406 -0.954463 -3.263200
1.357942 -0.934389 -3.214183
1.336032 -1.591145 -3.220945
0.675875 -0.418858 -3.265155
0.691429 -0.412617 -1.399370
1.367479 -0.375608 -1.383951
1.362356 -0.359044 -1.357433
1.355034 -0.392798 -1.376294
1.398777 -0.438091 -2.044806
1.471932 -0.455886 -2.093554
1.518303 -0.431014 -2.090398
0.061956 -0.400216 -2.073580
0.708871 -0.402218 -2.092106
0.139178 -0.426156 -2.131457
0.187657 -0.434535 -2.132657
-0.476548 -0.415344 -2.092000
0.108718 -0.418424 -2.688189
0.111169 -0.473667 -2.714421
0.184266 0.679874 -2.774771
0.261416 0.645610 -2.802787
0.279598 0.694600 -2.783910
0.897092 0.752113 -2.747454
0.904590 0.742352 -3.308242
0.927946 0.685553 -3.295271
0.931728 0.662879 -2.687049
0.903616 0.691557 -3.221476
0.880838 0.702334 -2.558482
0.884611 0.653615 -2.581262
0.917035 0.594297 -1.949200
-0.357043 0.610615 -1.302299
-0.370021 -0.562110 -0.670221
0.270674 -1.874651 -0.672464
0.274496 -1.876280 -0.694235
0.261427 -2.516874 -1.343441
0.894733 -2.443290 -1.303023
2.118044 -2.371431 -1.253654
2.098588 -3.017427 -1.256487
2.109593 -3.696979 -1.924395
2.119372 -3.709352 -1.948342
1.474902 -3.657370 -1.913570
0.839959 -3.002563 -1.867740
0.891471 -2.990520 -1.871421
0.964982 -3.008498 -1.910305
1.004303 -2.994029 -1.919349
1.003397 -2.927005 -1.864680
0.983585 -2.875943 -1.789709
0.971030 -2.882529 -1.764587
0.964904 -2.930147 -1.806653
0.930034 -2.965351 -1.245569
0.876532 -1.723142 -1.281127
0.831460 -1.707463 -1.273165
0.207084 -1.674874 -1.899807
0.229916 -0.399661 -1.375592
0.241401 -0.395856 -1.460669
0.210731 -0.397866 -1.468762
0.769155 -0.383204 -1.397959
0.722245 -0.341782 -1.325458
0.720438 -0.318298 -1.326395
2.017868 -0.329670 -1.376738
0.720731 -0.344085 -1.403294
0.717926 -0.320403 -1.371887
0.763857 -0.265770 -1.339477
0.838788 -0.251824 -1.357903
1.555653 -0.292706 -1.381587
1.534998 -0.358891 -1.356188
0.815110 -0.395100 -1.271948
1.390227 -0.391440 -1.205673
0.744675 0.349156 -1.209884
0.081769 -1.059026 -1.247005
-0.003267 -1.102362 -1.280494
-0.063254 -0.483248 -1.955861
-0.726262 -0.430142 -1.348689
-1.284727 -1.675911 -1.398725
-1.271211 -1.709880 -1.403584
-1.301396 -1.764169 -1.361456
-1.351078 -1.128559 -1.303084
-1.398938 -1.106817 -1.269446
-1.439230 -1.128636 -1.246387
0.454168 -1.184035 -1.230968
-0.203569 -1.228173 -1.229780
-0.208123 -1.217547 -1.257553
-0.194702 -0.524020 -1.318420
-0.174561 -1.176838 -0.689626
1.761993 -1.183800 -1.946802
1.811109 -1.200534 -1.912241
1.797890 -1.211941 -2.559936
2.411027 -1.224931 -2.588986
3.005694 -1.238766 -1.949578
2.349427 -0.591508 -1.970606
2.346161 -0.577656 -2.651226
2.310317 -0.571102 -2.107009
2.193905 -1.248849 -2.194488
1.515316 -1.244900 -2.220411
0.921523 -1.226682 -2.175193
1.637592 -1.885277 -2.111453
1.648167 -1.906641 -2.098007
2.966703 -1.938907 -2.127432
2.936322 -1.951704 -1.519568
0.985039 -1.940828 -2.159054
0.387552 -2.577108 -2.164032
0.406790 -1.928748 -2.193763
1.029124 -1.941312 -1.574041
1.680796 -1.251335 -1.546590
1.741697 -1.171134 -2.144408
1.797650 -1.141385 -2.074933
2.425441 -1.124405 -0.758081
1.760926 -1.763818 -0.008688
1.736368 -1.128586 -0.578055
2.361835 -1.148666 -1.185181
2.425888 -1.158394 -1.189244
3.039127 -1.779959 -0.583353
2.412425 -1.755393 0.004376
1.793134 -1.747815 -0.682668
1.851416 -1.763264 -1.338700
1.899472 -3.065019 -0.692506
1.897951 -3.053170 -0.684868
1.869163 -3.036133 -0.002365
1.865997 -2.386864 0.045249
1.891646 -2.406705 -0.524606
1.247745 -2.419064 -0.543039
0.554423 -2.397754 -0.616215
1.833510 -2.359551 -0.680334
1.855815 -2.330634 -0.683443
2.572078 -2.313825 -0.643612
2.581919 -2.282044 -0.610557
1.827088 -2.248935 -0.603097
1.104262 -1.588079 -0.541508
1.110602 -1.612992 -0.447792
1.141395 -1.659718 -1.639510
1.102179 -1.049107 -1.666972
1.037518 -0.380758 -1.739386
0.394088 -0.360467 -1.752382
0.484267 -0.371634 -1.711579
1.933257 -0.385105 -1.669025
1.308863 -1.004698 -1.672342
1.266478 -1.551241 -1.666833
1.883520 -1.510559 -1.614410
1.927521 -2.171256 -1.555215
1.958706 -2.196353 -1.554246
1.264543 -2.197575 -2.859811
0.568234 -2.175577 -2.896881
1.828716 -2.157216 -2.902294
1.879526 -1.571091 -2.895450
1.924337 -1.565870 -2.905690
1.258867 -1.535392 -4.162833
1.192662 -1.508698 -3.573554
1.180177 -1.499679 -3.578720
1.222921 -1.513664 -3.580445
1.243156 -0.892659 -3.601100
1.840863 -0.897774 -3.635296
0.451921 -0.907086 -3.674610
1.750716 -0.927951 -3.073764
1.794764 -0.948051 -3.125828
1.842637 -0.943672 -3.152512
1.853104 -0.915845 -2.502590
1.842585 -0.895052 -2.485492
1.837748 -0.893933 -2.492154
1.841424 -0.907709 -2.517105
1.825189 -1.579152 -2.522220
1.770962 -1.592262 -1.873393
1.728697 -1.616667 -1.873459
0.456314 -1.638044 -1.918159
0.498578 -1.655241 -1.956810
-0.046809 -2.942436 -2.620564
-0.047371 -2.280087 -2.552543
0.489040 -2.287038 -3.154750
1.086526 -2.916381 -2.475654
1.095979 -2.920435 -3.221586
1.106738 -2.259454 -3.209420
1.056465 -2.898943 -3.786059
0.972595 -2.294742 -2.476410
0.956188 -1.645051 -3.236746
1.015791 -1.672972 -3.286761
1.062444 -1.692173 -3.276169
1.029653 -1.691799 -3.225053
0.342766 -1.059584 -3.197594
0.960785 -1.045433 -2.592824
0.978632 -1.042074 -1.327747
0.957349 -1.038419 -1.958763
1.536948 -1.031020 -1.974003
1.502483 -1.010365 -1.389405
2.813263 -0.349558 -1.458533
2.233061 -0.942203 -1.512137
2.256763 -0.302273 -2.174159
1.676204 -0.267859 -2.199064
2.283914 -0.226823 -1.626535
2.309893 -0.830807 -1.680529
2.977459 -2.063901 -2.353823
2.960904 -2.042672 -2.308012
3.566586 -2.016575 -0.991132
3.548895 -1.978247 -0.960742
3.600292 -1.916418 -0.965782
3.678852 -1.911154 -1.620604
3.736470 -1.920117 -1.586246
2.462066 -1.909676 -0.869451
2.492988 -1.904708 -0.822064
2.522979 -1.919647 -0.813409
2.518422 -1.937128 -1.477748
2.487066 -1.937710 -1.444500
2.464581 -1.923600 -0.727929
2.476210 -1.925544 -0.712149
2.492181 -1.934964 -2.045875
1.866200 -1.927730 -2.089162
1.914754 -1.858502 -1.489250
1.973952 -0.572836 -1.492527
2.001512 -0.570845 -1.489063
2.622786 -0.591752 -1.494642
2.558838 -0.601703 -1.499221
1.902203 -0.589440 -0.297048
3.162162 -0.594141 -0.246232
2.566846 -0.626774 -0.169652
1.283217 -1.282304 0.518236
1.286347 -1.925385 -0.103904
0.715973 -1.905761 -0.760706
0.184908 -1.910022 -0.776359
0.212176 -1.933603 -0.132963
0.160333 -1.942503 -0.735528
0.126415 -1.928903 -0.091727
0.150592 -1.913092 -0.704972
0.155872 -1.928196 0.605284
0.741097 -1.269500 0.018639
0.668980 -1.256102 0.045329
0.676520 -1.248032 0.650940
0.748632 -1.276481 0.605344
0.735713 -1.326141 -0.060579
0.673397 -1.331180 -0.087468
0.582288 -1.305343 0.593174
0.533446 -0.672377 0.651792
0.507934 -0.733952 0.664390
1.097634 -0.791335 0.674140
1.009115 -0.799314 0.731094
0.967344 -0.795071 0.810479
1.006770 -0.829880 0.846297
1.077390 -0.885834 -0.455656
0.464427 -0.900208 -0.503047
0.476930 0.399933 -0.491276
0.512855 -0.218422 -0.442229
0.576206 -0.229396 -0.408210
0.619321 -0.909237 -0.409381
0.614978 -0.899080 -0.398180
0.605904 -0.842105 -0.354837
0.006035 -0.777892 -0.319530
-0.577232 -0.743547 -0.323411
-0.543503 -0.113357 -0.372274
-1.169725 -0.057156 -0.404362
-1.140250 0.023695 -0.393352
-1.738441 0.075787 -0.374979
-1.067122 0.074716 -0.380681
-1.770569 0.069778 -0.408688
-1.802808 0.102129 -0.401771
-1.814031 0.145537 -0.990448
-1.808563 0.147876 -0.996085
-1.803001 0.110001 -1.065488
-1.797781 0.086020 -1.153553
-1.783668 -0.525420 -1.824743
-1.760341 -0.524788 -1.153311
-1.746692 0.052137 -1.135717
-1.764719 -0.006711 -1.806180
-1.815105 -0.032225 -1.834338
-1.870939 -0.011449 -1.816092
-1.310663 0.006342 -1.175910
-1.335594 -1.252924 -1.174987
-1.360011 -1.321507 -1.236674
-0.769537 -1.332584 -1.306940
-0.822693 -1.277805 -1.331331
-0.850028 -1.231254 -0.055399
-0.863993 -1.245309 -0.047263
-0.882099 -1.275061 -0.062874
-0.928783 -1.243541 -0.063623
-0.974756 -1.169188 -0.674566
-0.330406 -1.124400 -0.074061
-0.288389 0.150330 -0.087428
-0.226187 0.086724 -0.124947
-0.169501 -0.619627 -0.156586
-0.745408 -0.622699 -0.180786
-0.649051 -1.280512 -0.195560
-0.581323 -0.761044 -0.208515
-0.567221 -0.811967 -0.181500
-0.572731 -0.821295 -0.772082
-1.132072 -0.808253 -0.758938
-1.050206 -1.448496 -0.777735
-0.986369 -1.481982 -0.805708
-0.996888 -0.875785 -0.816559
-1.651937 -0.877321 -0.827253
-1.626823 -0.868517 -0.847583
-1.562587 -0.874183 -0.866472
-1.570764 -0.887111 -0.221909
-1.688095 -0.211187 -0.175848
-1.827795 -0.184965 1.149077
-1.894622 -0.142773 -0.023597
-1.903848 -0.100051 0.646519
-1.934296 -0.074922 0.683637
-2.011360 -0.059990 0.048181
-0.726410 -0.026890 1.303451
-0.716118 1.974063 0.690815
-0.677022 1.378522 0.717506
-0.650185 1.404655 1.354639
-0.648876 1.400563 1.359566
-0.651209 0.165455 0.783308
-0.626238 0.862922 0.845320
-0.580372 0.334440 0.904604
-0.531670 0.313642 0.912841
-0.515544 0.257698 0.206272
-0.529810 0.242796 -1.063098
0.077052 0.283512 -2.293424
0.077146 0.321560 -2.245964
0.087624 0.312286 -1.771850
0.078291 0.277986 -2.461873
0.039166 0.280154 -2.456658
-0.009685 0.346335 -2.413798
-0.040833 -0.222444 -1.743055
-0.044458 1.040170 -2.459600
-0.040512 1.008141 -2.545277
-0.045048 1.527706 -2.584584
-0.052101 2.126041 -2.578456
-0.044961 2.167626 -1.951387
-0.017204 2.179917 -3.267706
-1.251586 2.123028 -3.314763
-1.252433 2.071873 -3.321398
-1.892806 1.473658 -3.283848
-0.679712 2.178723 -3.255218
-0.693919 2.184122 -3.902025
-1.327275 2.122810 -3.930517
-0.675214 2.048796 -3.928569
-0.626388 3.306123 -3.881529
-0.590528 3.343488 -3.837721
-0.605273 2.747409 -3.167397
-0.641966 2.688086 -3.141056
0.008260 1.435849 -3.095608
0.014988 1.464001 -3.054648
0.011481 1.526148 -3.688895
-0.021020 1.563895 -3.040077
0.640587 1.544086 -3.667837
0.664231 1.519009 -3.643084
0.727700 1.537384 -3.633365
0.775171 1.574933 -3.639879
0.095217 1.597053 -3.643194
0.043146 1.607817 -3.634397
0.008129 1.652815 -3.626862
0.604843 1.099087 -4.215177
0.599683 1.156485 -4.239855
0.532388 1.179052 -4.900126
-0.180909 -0.081367 -4.922429
-0.190340 -0.757137 -4.299673
0.511320 0.510000 -4.323349
0.564315 1.062204 -4.361577
0.548540 1.028978 -4.373255
0.490598 1.014100 -4.343874
0.469846 0.987644 -3.022543
0.502048 0.946143 -3.029132
0.510042 0.944249 -3.056008
-0.185076 0.944732 -3.062878
0.446596 0.295609 -3.056037
1.718637 0.243963 -3.074594
1.816605 -0.409015 -3.121877
0.679285 -0.409237 -3.090099
0.711412 0.848341 -3.044507
1.306119 0.857399 -2.989749
0.584478 0.828778 -2.962587
0.621729 0.200816 -2.339197
0.035813 0.198577 -1.685177
0.017774 0.203818 -1.678697
-0.048032 0.804335 -1.681359
-0.083286 0.784392 -1.701985
-0.041559 0.782711 -2.355499
0.029970 0.812752 -2.380373
0.043274 0.857997 -2.347845
-0.020612 0.892473 -1.078417
-0.102455 0.898639 -1.695100
-0.138785 0.898381 -1.687419
-0.149957 0.904311 -1.039701
-0.184061 1.498415 -1.048208
-0.249601 1.486779 -1.692137
-0.321221 0.871859 -1.699021
-0.351227 1.433109 -1.675936
0.324661 1.457086 -1.652393
0.366225 0.887224 -1.657766
0.373604 0.891498 -1.679110
0.342008 0.839945 -1.665951
0.328678 0.157281 -1.629564
0.370348 -0.479980 -1.608208
0.430977 -0.476027 -1.643716
0.437229 0.077747 -1.719143
0.430367 -0.010085 -2.414238
-0.120124 -0.619006 -2.434268
-0.009349 -0.582786 -2.425144
0.076989 -0.541138 -2.434623
0.075646 -0.544283 -2.459509
0.032691 -1.254546 -2.470886
0.021987 -1.232245 -2.436780
0.055206 -1.163462 -1.700120
0.087549 -1.723946 -1.661801
0.096385 -1.758796 -1.672878
0.106504 -1.839219 -1.701463
0.131384 -1.190122 -2.343845
0.826698 -1.158363 -2.278412
0.226699 -1.119345 -1.599806
0.262194 -1.141494 -2.296434
0.904181 -1.181977 -1.706893
0.268260 0.275951 -1.713335
0.269607 -0.296102 -1.682622
0.294444 -0.260368 -2.298134
0.315937 -0.306715 -2.366016
0.304490 -0.388152 -2.447955
0.262687 -0.429043 -3.150641
0.252260 -0.422939 -3.154379
0.289196 -0.428472 -3.174802
0.308030 -0.464992 -2.551007
0.855779 -0.488940 -2.579301
0.791617 -0.472581 -2.550842
1.383153 -0.419129 -2.512438
1.384751 -0.415687 -1.858267
1.378661 0.160765 -1.901209
1.317483 0.779940 -1.923131
1.242549 0.768098 -1.353012
1.243322 0.786506 -2.569014
0.680352 0.797775 -1.912984
0.724915 0.778498 -1.922587
0.075034 0.757007 -1.903113
0.061394 0.790701 -1.870036
0.129340 0.873293 -1.871016
0.261212 0.318218 -1.291050
0.326543 0.283443 -1.335908
0.234019 0.197758 -1.953847
0.167731 -0.534373 -1.943755
0.192667 -0.545909 -2.000790
0.269915 -0.562219 -2.094504
-1.058959 0.050869 -2.127178
-1.109044 0.658873 -2.058138
-1.160082 0.651338 -1.991156
-1.161052 0.686398 -2.613868
-1.159251 0.712197 -2.705805
-2.539050 2.037777 -2.730653
-2.617123 1.311828 -2.660543
-2.039076 1.236202 -2.599688
-2.052113 1.175434 -1.410701
-1.413015 1.134991 -1.469596
-0.818133 1.146862 -0.831540
-0.822244 0.527790 -0.736566
-0.804814 1.139841 -0.672497
-0.775130 1.081282 -0.705874
-1.349415 1.704832 -0.767185
-1.384276 1.757030 0.484535
-1.427849 2.458590 0.548322
-1.437499 1.107403 0.583047
-1.410225 0.422604 0.548596
-1.390236 1.063100 0.528454
-1.392397 1.138996 -0.055483
-1.388435 0.546490 0.054502
-1.371111 0.494867 0.110037
-2.048545 -0.219845 0.074612
-1.466051 0.436825 0.015251
-1.526911 0.506349 -0.001067
-1.554851 0.510678 0.037889
-1.529628 1.574104 0.060469
-1.483366 1.471152 -0.622883
-1.430726 1.469458 -0.633693
-1.379654 2.822711 0.069377
-1.336635 2.825999 0.184287
-1.305707 2.089612 0.244906
-2.610021 2.030675 1.431092
-1.967157 2.665230 0.753633
-1.990482 3.412919 1.348905
-1.970327 2.766500 1.379479
-2.586706 2.723143 1.410030
-2.611242 3.951550 1.405935
-2.631422 4.018642 1.393600
-2.580684 4.098416 1.419194
-2.505200 2.898766 1.489300
-2.463907 2.894061 1.545223
-3.150928 2.908592 0.927217
-3.224403 2.970037 0.868431
-3.886511 3.045468 0.186644
-2.582652 3.690578 1.444835
-2.559718 3.702288 1.405627
-2.571860 3.711346 1.419234
-3.923064 3.083495 1.471923
-3.935359 2.476700 1.537390
-3.897881 2.481338 1.587373
-3.846342 2.461557 1.619371
-3.841514 1.832443 1.654823
-3.225873 1.819420 1.691148
-3.263093 1.832188 1.708119
-3.259184 0.504831 2.910126
-2.586640 0.506508 2.925083
-2.593756 0.499669 2.970319
-2.614938 0.507268 3.041554
-2.621978 0.530885 3.111998
-2.668645 0.522462 3.146788
-1.947795 0.468665 3.145150
-1.316346 0.434100 3.140366
-1.321784 0.456206 3.150211
-0.681143 0.488690 3.147707
-0.688473 0.465200 3.106369
-1.350672 0.399293 3.039000
-1.351104 0.352332 3.005210
-1.321341 -0.889701 3.028102
-0.621320 -0.230115 3.069148
-0.609399 0.391694 3.067602
-1.236909 0.971515 3.010347
-2.526796 -0.202711 2.952655
-2.517774 -0.173298 2.931818
-2.459934 -0.761115 2.933739
-1.136009 -0.112925 2.910929
-2.501192 -0.804998 2.853314
-2.610153 -0.205719 2.817474
-2.639162 -0.196339 2.853655
-2.576365 -2.030539 2.933131
-0.626612 -2.050027 2.967519
-0.680540 -2.116655 2.928488
-0.678266 -2.142364 1.668525
0.041162 -2.680944 1.638441
0.126609 -0.694157 1.622077
0.133881 -0.745093 1.610446
0.061034 -0.797833 1.590033
0.011224 -0.121388 1.560062
0.033870 1.218078 1.548629
-0.554319 0.558294 2.153518
1.396631 0.495383 1.604136
1.298221 0.447597 1.606123
0.612031 0.472588 1.573707
0.093636 -0.853033 1.533905
0.223349 -0.798026 1.514979
0.229874 -0.795744 0.893153
1.380266 -1.465869 0.329134
1.309684 -2.084601 0.362628
1.318709 -2.035905 0.381867
1.335864 -1.993824 0.393564
1.291112 -1.999001 0.407995
0.563748 -2.023901 0.417381
0.533323 -2.017210 1.628118
1.254847 -1.991360 1.576878
1.976818 -1.387693 0.885639
2.629893 -0.808066 -0.307318
2.556719 -0.221033 -0.902145
2.490101 -0.217093 -1.495917
1.861136 -0.813060 -1.476471
2.503978 -0.813557 -0.117196
2.519797 -0.837041 1.181977
2.483564 -1.487089 1.211695
1.794300 -1.483802 1.819994
1.823826 -1.459489 1.760952
1.880986 -1.492698 1.722967
1.888573 -1.497220 1.080053
1.842828 -2.155631 0.470290
1.795448 -2.178275 0.504028
1.788400 -2.177061 0.506600
1.821302 -2.159240 -0.102626
1.848538 -2.145144 -0.684043
