-1.852725 1.148601 -2.761885
-1.253751 0.460265 -2.755456
-1.259302 0.429319 -2.744410
0.653685 0.468882 -2.728512
1.262207 0.516877 -2.691211
1.874589 0.493243 -2.012119
1.862770 0.420917 -1.300870
1.904774 -0.231871 -1.281746
1.943663 -0.179574 -1.275079
1.315014 -0.130191 -1.264427
1.313097 -0.164312 -1.252337
0.740150 -0.238304 -0.626974
-1.130630 -0.252591 -0.659004
-1.754513 -0.212457 -0.700109
-1.727201 -0.197456 -0.724495
-1.721513 -0.281167 -0.732828
-1.057868 0.915526 -1.411708
-1.022044 0.910546 -1.473931
-1.003374 1.608177 -1.537484
-0.442748 1.027240 -1.570577
-0.506727 0.991671 -1.578412
-0.562678 0.979207 -1.591667
-0.589203 1.028363 -1.624789
0.055826 1.088883 -1.675397
-0.005964 1.098985 -2.343498
-2.020316 -0.230855 -3.002610
-2.680188 0.383208 -2.996305
-2.658274 -0.202520 -3.005087
-2.635078 -0.189506 -2.403735
-2.632414 0.390870 -1.763925
-3.299099 0.351081 -1.754491
-3.261279 0.367066 -1.741827
-3.866565 0.407042 -1.741657
-3.849554 -0.216335 -1.134306
-3.847941 -0.254176 -1.109145
-3.823152 -0.279233 -1.057466
-2.416735 0.365872 -1.012372
-2.353624 0.385680 -0.998889
-1.706571 0.368092 -1.001446
-1.754890 0.359166 -0.990529
-2.399764 0.399889 -0.967990
-1.064742 0.465980 -1.589656
-1.683272 0.498792 -0.959200
-2.336242 -1.485547 -0.950923
-1.060076 -1.506903 0.399818
-1.061375 -1.485543 -0.165967
-1.027156 -1.433890 -0.793849
-0.945861 -1.405823 -0.786931
-0.922090 -1.409764 -0.776568
-1.587830 -2.044783 0.426425
-1.577157 -2.012469 0.431777
-0.899857 -1.975232 1.072147
-0.235476 -0.713724 1.090224
0.443939 -0.720863 0.475252
-0.228682 -0.735339 0.460220
-0.279132 0.525395 0.429681
-0.318075 0.510408 -0.209374
-0.977524 1.141411 -0.837455
-0.974450 1.148580 -0.815780
-0.988814 1.145125 -0.832530
-2.284045 1.113295 -0.274039
-1.056876 1.067957 -0.281041
-1.048512 1.039537 -0.262517
-1.041592 1.041523 -0.216343
-1.058558 1.032784 -0.103683
-1.080428 0.996988 -0.138444
-0.457746 0.971260 0.484783
-1.114542 0.984058 0.540314
-1.150220 1.011798 0.598858
-0.543302 0.999346 0.602774
-0.568777 0.283894 0.570228
0.110142 0.265723 0.478757
0.747330 0.286988 -0.166753
0.027846 0.311329 -0.160450
-1.336311 0.300332 -0.176184
-1.348559 0.262796 -0.807956
-1.336254 -0.385847 -0.799249
-1.317055 -0.369809 -0.124788
-1.330526 0.300391 0.538509
-1.362802 0.316550 -0.083712
-1.347117 0.297379 -0.127301
-0.600759 0.283273 -0.173458
-0.525887 0.296127 -1.506333
-0.515806 -0.311109 -0.840449
-0.544955 -0.909388 -0.836630
-0.555252 -0.282322 -1.466620
0.670714 -0.299431 -0.894495
-0.627696 -0.284461 -0.923256
-0.641582 -0.240800 -0.902189
-0.060745 -0.224284 -0.263744
-0.093861 -0.922910 -0.876090
-1.373849 -2.144519 -0.913513
-1.386941 -2.134538 -0.942000
-0.762476 -2.083927 -1.572041
-0.800758 -0.908971 -1.525370
-0.181418 -0.971960 -1.510060
-0.165997 -1.026093 -0.912853
-0.751800 -1.008114 -0.915297
-0.737832 -0.960605 -1.477377
-1.366902 -0.961445 -1.421414
-1.318867 -1.007549 -1.396657
-0.626214 -0.363274 -1.408424
-1.230671 -0.317296 -1.431575
-0.542998 -0.254691 -1.424059
-0.480209 -0.244848 -1.402445
-1.066447 -0.286956 -1.388945
-1.014721 -0.305069 -1.402914
-0.352071 -1.396881 -0.168067
-0.372710 -1.329545 -0.187965
-0.360854 -1.295622 -0.188302
0.895473 -3.269439 -0.856809
2.108138 -3.302100 -0.192779
1.360591 -3.280108 -0.881953
2.500220 -3.238888 0.332325
3.146455 -3.210992 0.297982
3.172713 -3.254760 -0.374525
2.537020 -3.289823 -0.962070
1.825360 -3.332055 -0.945414
1.108945 -2.697940 -0.953899
1.249687 -2.119028 -0.960114
0.669465 -2.150566 -0.954211
0.032246 -2.199755 -0.947384
-0.629602 -2.859558 -0.972162
-0.060895 -2.867550 -1.031673
0.582343 -2.857726 -1.083872
0.638386 -2.861159 -2.359510
0.721711 -2.890607 -2.355566
0.084469 -2.909463 -2.387294
-0.546006 -2.906910 -2.444655
-0.594968 -2.898795 -2.472010
-0.566424 -2.250260 -2.460985
-0.488506 -2.271680 -2.461318
0.891406 -1.654771 -1.907175
1.503544 -1.620765 -1.960602
-0.436574 -1.558335 -1.953808
-0.438439 -1.504607 -1.902677
-1.036406 -1.483299 -1.862764
-0.942541 -1.454730 -1.865550
-0.900080 -1.417303 -1.864280
-0.930463 -1.397977 -1.820131
-0.960680 -1.422770 -1.770515
-0.944612 -1.476303 -1.769839
-0.914305 -1.507118 -1.831494
-0.949118 -1.505739 -1.885567
-1.679726 -1.511879 -1.876002
-0.538667 -1.548794 -1.822298
-0.558276 -1.577587 -1.793443
-1.141429 -1.555918 -1.810934
-1.117614 -1.511031 -1.828745
-1.159636 -2.152077 -1.165925
-0.602289 -2.195350 -1.813950
0.008394 -1.567256 -1.846970
-0.035340 -1.520498 -1.913678
0.488795 -1.458243 -1.907722
0.370410 -1.446153 -1.894672
0.288200 -1.481260 -2.481388
-0.349608 -0.852287 -2.427844
-1.458695 -0.806201 -2.387477
-1.300346 -0.737040 -2.347664
-0.539751 -0.726468 -2.924042
-1.776791 -0.773095 -2.219422
-1.751490 -0.804621 -1.574528
-1.708738 -0.798631 -2.231204
-1.694420 -0.791633 -2.264591
-1.743066 -0.828478 -2.275614
-1.813232 -0.883407 -0.955432
-1.809448 -0.915767 -0.941455
-1.719201 0.475781 -0.947817
-1.634891 0.437619 -0.972577
-0.988810 0.969296 -1.001670
-1.041937 0.960836 -1.011884
-1.076640 1.011545 -2.406824
-1.084652 1.046331 -2.417456
-1.141167 1.005430 -2.432502
-1.921956 2.214708 -2.464659
-2.042639 2.205477 -1.265272
-2.060817 2.234203 -1.265385
-2.014060 2.236142 -1.246927
-1.990793 2.192734 -1.225378
-2.011422 1.594648 -1.838954
-0.224306 1.621728 -3.790697
-0.181066 1.668809 -3.147925
0.501454 1.660297 -3.132650
1.084617 2.201184 -3.158171
0.311615 2.171387 -2.558060
-0.357414 2.190809 -1.928577
0.949925 2.211336 -1.926968
1.022684 1.568557 -1.887959
1.021936 1.521869 -1.833067
0.335810 1.518587 -1.790470
0.346562 1.556730 -0.505866
-0.168365 1.571235 -0.475224
-0.128304 0.225960 -1.128996
-0.196584 0.149475 -1.207275
-0.290684 -0.486125 -1.254375
0.326213 0.193893 -0.567345
0.385753 0.208156 -0.543806
0.421212 1.434418 -0.551646
-0.256988 1.395860 -1.211417
-0.299183 1.419818 -1.182608
-0.911820 1.489678 -1.129123
-0.824783 2.192429 -1.113654
-0.785277 2.215352 -1.158327
-0.834174 1.641496 -1.230116
-0.900066 1.691276 -1.260541
-0.900876 2.378511 -1.250125
-0.842102 1.790914 0.064544
-0.820136 3.002852 -0.610455
-0.878855 3.021500 -0.604598
-0.947066 3.696699 0.075869
-1.561837 3.713987 0.153265
-2.115180 2.410036 0.208583
-2.100116 3.698039 0.218370
-2.168970 3.679133 -1.763284
-2.248491 4.281413 -1.784155
-2.247921 4.221437 -1.747011
-2.839112 4.205373 -2.311449
-3.452461 4.235664 -2.938367
-2.291154 3.613505 -2.948728
-2.924457 2.969385 -2.932401
-2.269363 2.323844 -2.873684
-2.216478 2.371046 -3.437451
-1.550121 3.064609 -3.425082
-1.578407 1.743827 -3.463605
-1.577892 1.648189 -2.860349
-1.525572 1.630543 -2.941248
-1.477695 1.039245 -4.308847
-1.491912 0.495647 -3.638699
-1.548682 0.496430 -3.605037
-0.920532 1.101202 -3.616143
-0.902877 0.501177 -4.315653
-0.899511 1.261075 -3.679026
-0.933409 1.306176 -3.577343
-0.969632 0.628901 -4.113212
-0.965421 0.576068 -3.468739
-0.940974 1.812089 -3.524250
-0.957735 2.486448 -3.532392
-1.711392 1.924665 -4.099742
-1.129692 1.296490 -4.031088
-1.153860 1.247612 -4.038958
-1.166449 1.203555 -3.439049
-1.201896 1.862635 -3.453592
-1.228304 2.421390 -3.427996
-1.218082 2.370608 -3.415004
-0.515524 2.320332 -3.467927
-0.477809 2.293076 -3.567818
-1.877833 2.292974 -3.657066
-1.842187 1.712025 -3.694785
-1.807312 1.727670 -3.063660
-2.443986 1.772295 -3.047693
-2.445014 1.801719 -3.062097
-2.447522 1.780611 -3.087451
-1.745779 1.742165 -3.070327
-1.685351 1.743419 -3.001881
-1.637749 1.151464 -2.945683
-2.852970 1.185735 -2.950527
-2.869054 1.185626 -2.999085
-3.497841 1.176128 -3.007835
-3.452763 1.186836 -3.545110
-4.676130 -0.111585 -4.729383
-4.690844 -0.104282 -6.038249
-4.702997 -0.097639 -5.511132
-4.673125 -0.083198 -4.901250
-4.603996 0.566897 -4.883221
-4.542283 -0.080792 -4.890606
-5.178884 0.531140 -4.971823
-5.181748 0.558241 -5.072187
-5.171462 1.875214 -5.124383
-4.531877 1.859782 -4.525109
-4.549917 1.845674 -4.550737
-5.241423 1.821502 -3.984800
-5.305236 1.777716 -3.998645
-5.340543 2.984645 -3.974935
-5.329266 2.959363 -3.932633
-5.314471 3.586904 -3.268937
-5.346954 3.580375 -3.264209
-4.122554 3.568712 -3.241149
-4.201731 4.219557 -3.202482
-4.863190 4.234104 -3.824219
-4.852728 3.631088 -3.801215
-5.538528 3.010297 -4.398136
-5.620361 3.038387 -4.355264
-4.415258 3.101303 -4.322806
-4.441376 2.514594 -4.334237
-4.392528 2.510247 -4.400930
-4.956642 2.478351 -4.481035
-4.362779 2.476610 -4.514972
-4.418032 2.501625 -3.952059
-4.438479 2.506157 -4.038738
-5.680705 2.470773 -4.119696
-5.610974 1.754719 -4.727458
-4.253047 1.737147 -4.679325
-4.938211 2.406632 -4.647050
-4.958755 3.044146 -4.060271
-4.920098 2.991062 -5.337735
-4.838073 2.905037 -5.336498
-4.066936 2.916336 -5.287835
-4.739458 2.953490 -4.620934
-4.809031 2.973324 -5.215086
-4.821475 1.653110 -5.225532
-4.142973 1.637465 -4.616904
-4.132351 3.022902 -4.549265
-2.913297 3.050063 -4.460648
-2.867677 3.050413 -5.132560
-3.530027 2.338369 -4.545229
-2.894473 2.302182 -5.267908
-2.903558 2.316709 -5.249698
-3.613388 2.331820 -4.575535
-2.973995 2.956626 -5.258335
-2.982711 2.902216 -4.066465
-2.969130 2.892792 -4.057367
-0.993918 2.904468 -3.979882
-0.998483 2.920879 -1.985492
-1.003153 3.026562 -1.295341
-0.999965 2.304706 -0.686741
-0.975286 2.300566 -0.720385
0.402196 2.325935 -1.350868
-0.833152 1.021022 -1.297150
-2.090718 1.628254 -1.930817
-1.435647 1.587033 -3.229911
-2.729726 0.947925 -3.258270
-3.359302 0.962678 -3.235474
-3.320716 1.619210 -3.177514
-3.290361 0.347257 -2.482334
-3.274036 0.992019 -2.519690
-3.262007 0.369739 -1.934622
-3.241195 1.044284 -1.970408
-3.208062 1.690927 -1.940133
-3.185477 1.021534 -1.914739
-3.198028 1.028511 -1.316153
-2.580045 0.422889 -2.028664
-2.625863 0.411946 -2.664120
-1.995779 0.383365 -1.286520
-1.949802 1.057350 -1.215585
-2.611050 1.098827 -0.574678
-3.250166 1.130324 -0.630072
-3.278096 1.107591 -0.650940
-2.642379 0.439599 -0.598947
-2.599416 1.724267 -0.544612
-3.216473 1.699933 -0.549255
-3.279880 1.670156 -0.585002
-3.329799 1.628125 -1.234973
-2.693228 1.588578 -1.177968
-3.267140 1.575956 -1.129600
-3.961218 0.242520 -1.142244
-3.974285 0.265273 -1.198196
-3.953912 0.303320 -1.874074
-2.649596 0.332220 -1.205552
-2.626894 -0.292091 -1.181919
-3.246096 -0.278844 -1.202259
-2.605623 0.319069 -1.891493
-2.574053 0.307483 -1.259936
-2.528280 1.581988 -1.233992
-3.733366 0.271428 -1.231064
-3.777494 0.904478 -1.267359
-3.759359 0.951626 -1.315548
-3.008729 1.025638 -1.347659
-2.956312 0.490890 -1.371426
-2.380981 -0.189296 -1.400803
-2.422194 -0.206906 -2.067577
-3.069463 -0.188015 -1.401544
-3.097249 -0.783818 -0.761289
-3.118507 0.389166 -2.026427
-3.171333 0.917150 -1.409901
-3.234310 0.873675 -1.420150
-2.191893 0.927895 -2.070934
-1.541174 1.013450 -2.703532
-0.871530 0.432233 -2.679564
-0.257357 0.430131 -2.032227
-0.254304 -0.187734 -2.031610
-0.258934 -0.154309 -1.441082
0.403514 0.523963 -1.459050
-0.205528 0.459869 -0.805358
-0.160943 -0.329021 -1.376333
-0.145089 -1.652920 -1.380693
-0.171270 -1.632973 -1.404957
-0.857306 -0.281022 -1.397533
0.478202 -0.272792 0.529710
0.517394 -0.921432 0.562348
0.561190 -0.910420 0.537946
0.538228 0.977819 0.478741
1.087369 0.977337 0.452594
1.032284 0.950810 0.469897
0.414747 0.915768 -0.155568
0.390957 0.909305 -0.168747
0.953991 0.926326 -0.186071
0.851469 0.927543 -0.840402
-1.110604 0.939110 -0.829734
-0.431799 0.969535 -1.468414
-0.405047 1.026450 -0.809758
0.169446 1.060508 -1.502038
1.404691 1.642954 -2.706676
1.465275 1.629095 -2.725762
2.165634 1.015068 -2.796978
2.137568 1.656830 -2.842812
2.686541 1.672531 -3.466603
3.281472 1.671133 -3.430011
3.304959 1.686654 -3.451907
2.737886 1.721805 -2.885381
2.764584 1.748182 -2.934800
2.755422 2.381708 -2.919932
4.036508 2.331568 -3.488688
3.457305 1.040151 -3.506169
3.477346 0.359761 -3.543575
3.459585 0.364700 -3.524248
2.770217 -1.026212 -3.439994
2.744052 -1.010192 -3.367287
2.721671 -0.998483 -2.719970
2.076712 -0.970309 -3.406087
2.732505 -0.304373 -4.060886
2.745461 -0.227838 -4.017262
2.763321 -0.179132 -2.721425
2.753321 -0.167891 -2.793518
2.739618 -0.166970 -2.869384
2.749086 -0.132712 -2.865664
2.778470 -0.061461 -2.149761
2.807678 -0.013481 -1.484597
2.183389 -0.010069 -0.880745
1.584886 -0.029540 -1.600220
1.590529 -0.029696 -0.998423
2.265220 0.005913 -0.984533
2.341606 0.033375 -1.636897
1.748654 0.003682 -1.668833
2.337369 -0.084926 -1.699091
2.965329 -0.160907 -1.674004
2.970085 1.107240 -1.591429
2.997687 1.119728 -1.518513
2.971552 1.118067 -1.515344
2.226478 0.437361 -1.538601
2.144176 0.410969 -1.534954
2.119257 1.005600 -1.492683
2.133535 1.025399 -0.836972
2.115625 1.106957 -1.525670
2.684363 1.124096 -1.554356
2.638584 -1.339316 -2.179439
3.216461 -1.408124 -2.138526
2.000722 -1.394663 -1.495304
1.339206 -1.313265 -2.130536
0.752514 -1.272673 -2.082233
0.783108 -1.328877 -2.037292
0.810803 -1.418004 -1.403195
0.813098 -0.801778 -0.770879
0.800905 -0.760925 -0.775482
0.198872 -1.384806 -0.733033
0.866160 -1.487768 -0.655182
0.881521 -1.603050 -0.596664
0.872360 -0.994606 -1.219844
0.863012 -0.920041 -1.808977
1.500600 -0.873536 -1.716530
4.121474 -0.921200 -1.617103
4.136733 -0.993228 -0.944590
2.155828 -0.989783 -0.969147
2.157400 -0.922788 -0.988432
2.227243 -0.219746 -0.935995
1.663109 -0.282116 -0.872454
1.036307 -1.022388 -0.282481
0.996417 -1.027782 -0.366389
0.991043 -0.965899 -0.423558
1.639098 -0.913536 0.276372
1.678022 -0.921854 -0.300542
1.626884 -0.935508 -0.336199
1.569731 -0.900616 -0.429936
1.604755 -0.838501 -0.473681
2.367180 -0.818267 -1.039406
2.444264 -0.831501 -0.988742
3.631868 -0.824741 -1.023833
3.613594 -0.800608 -1.104362
3.626429 -0.800141 -3.060583
3.670182 -1.497558 -2.983135
3.693823 -0.869507 -3.552649
3.044756 0.402575 -4.222876
3.004643 0.417396 -4.260466
2.979115 0.384375 -4.256137
2.995652 0.307042 -4.220263
3.037752 0.272064 -3.635911
3.070230 0.305172 -2.963282
3.055352 0.349188 -3.001107
3.016425 0.315709 -2.991507
1.663233 0.243886 -2.952685
1.662117 0.194787 -2.949606
0.386772 0.207829 -3.018641
-0.254787 -0.411571 -3.173297
0.322826 -0.399956 -2.518478
0.327916 -1.044753 -3.193131
-0.253350 -1.035603 -3.227117
1.030713 -0.368598 -2.652636
0.391220 -0.944075 -3.315301
-0.265375 -0.931100 -3.275425
0.425423 -0.928988 -3.219877
0.479353 -0.917371 -3.198408
1.104066 -0.288510 -3.842077
1.076477 -0.285547 -3.857677
1.077428 -0.276206 -3.803705
1.138956 -0.271469 -3.105176
1.199206 -0.287311 -3.110537
1.840539 -0.322010 -2.508803
1.843123 -0.352128 -2.545727
1.842082 -0.968041 -3.183514
1.837128 -0.971611 -3.138214
1.818001 -0.973561 -1.863135
2.403833 -0.994635 -1.892770
3.038804 -1.023999 -2.605309
3.035837 -1.668817 -2.623398
3.050672 -1.668668 -2.611561
3.706509 -1.660435 -3.187171
3.708047 -2.320726 -3.225494
3.716683 -2.306528 -3.879726
4.383786 -2.263781 -3.844778
3.058799 -1.562653 -3.785467
3.004258 -1.525165 -3.751836
3.607764 -1.519673 -3.754676
4.233056 -1.498937 -3.092812
4.869812 -2.083661 -3.090399
4.245982 -1.423131 -3.094782
4.229725 -1.454918 -3.130603
4.205628 -0.220020 -3.178769
4.219918 -1.442106 -3.211299
4.259663 -1.401506 -3.210930
4.296348 -1.414392 -3.184302
3.679450 -1.467168 -3.161694
3.674538 -1.478348 -3.163148
3.678207 -2.076433 -3.180594
3.695537 -1.414925 -1.955409
3.085822 -0.219592 -1.947046
3.067140 -0.266793 -1.976636
3.002715 -0.798897 -2.035549
1.688954 -0.671853 -2.079301
3.032053 -1.223470 -2.087119
2.391139 -1.277031 -2.068873
1.711553 -1.991753 -2.057533
1.674991 -1.938079 -2.064294
2.293252 -1.232021 -2.076542
2.309338 -1.214194 -2.091631
2.337358 -1.302759 -2.113164
2.314598 -1.367718 -1.542927
2.294980 -1.341347 -1.578023
2.941281 -0.663622 -1.586934
2.339380 -0.100695 -1.566532
2.359698 -0.277339 -1.539224
2.977923 -0.382325 -1.533276
3.645193 -0.378883 -1.537070
4.319606 -0.338425 -1.529315
3.738328 -0.335861 -1.536588
3.738555 -0.358886 -1.573408
4.324241 0.275909 -1.620464
4.333705 0.386546 -0.991401
4.354984 0.499444 -0.969209
2.473481 0.529914 -0.969666
2.466859 0.489722 -0.998481
1.165032 -0.785530 -2.892969
1.778358 -1.368779 -2.848616
0.467581 -1.324111 -2.771357
1.080291 -1.321324 -2.760583
1.030325 -1.377220 -2.819649
0.976395 -0.759663 -2.896073
-0.282327 -0.770089 -2.927046
-0.255486 -0.150392 -2.246652
0.377590 -0.787320 -2.269281
0.315312 -2.124887 -4.272874
0.295814 -2.196922 -4.352200
-0.304878 -2.254645 -4.324257
-0.287093 -1.654800 -3.545400
-0.313861 -1.656654 -3.501228
-0.936651 -2.283731 -3.559011
-0.253644 -1.653718 -4.307941
0.465506 -1.659334 -4.304676
1.110632 -0.992742 -4.219922
1.065769 -1.616022 -4.166471
1.054810 -1.612880 -4.198415
1.153533 -1.610916 -4.247779
1.251986 -0.387155 -3.564963
0.645595 -0.390547 -3.444791
0.608258 -0.412785 -3.991731
0.587878 -0.431466 -3.326185
0.011224 -0.417055 -3.364298
1.354694 0.301024 -2.735521
1.967261 0.953607 -2.675694
1.929423 -0.991073 -3.280340
1.904478 -1.622848 -3.327507
1.933915 -2.231703 -2.138995
1.381057 -1.590310 -2.130365
2.007397 -1.618446 -2.680597
2.629012 -1.033397 -3.290919
1.342884 -1.069063 -1.414093
0.740012 -1.066462 -1.471217
1.379711 -1.051995 -2.110801
1.378196 -1.067162 -2.076443
1.355905 -1.745808 -1.511200
0.700018 -1.730015 -2.206923
0.000837 -1.677048 -2.257203
-0.005938 -1.656519 -1.573064
-0.010182 -1.071149 -0.890622
0.634581 -1.129637 -1.504481
-0.676553 -1.117734 -1.552133
-0.091338 -1.714664 -1.556639
-0.771370 -1.692624 -2.118678
-0.092380 0.188214 -2.037511
-0.058446 0.194968 -1.350398
-0.042612 0.264798 -2.001009
-0.060197 0.310855 -1.955839
-0.687375 0.292062 -1.885454
-1.310385 0.269530 -1.845432
-1.246020 0.291341 -1.222252
-0.618174 0.340519 -1.226751
-0.692370 0.335241 -0.560257
-1.396957 0.291178 -1.240996
-1.371433 0.905459 -0.678432
1.234769 -0.348130 -0.110494
1.837677 -0.298921 -0.105767
1.128786 -0.318421 -0.082167
1.057524 0.970090 -2.017272
1.084889 -0.436378 -2.094049
1.138066 -0.440103 -2.146832
1.110447 -0.429008 -2.150092
1.044652 -1.079806 -1.548162
1.042661 -1.088174 -1.609959
1.128925 -0.445589 -1.697264
1.197508 -0.416074 -1.730554
-0.080894 -1.005638 -1.678089
0.466433 -1.639189 -1.619477
0.470431 -1.021540 -2.251908
0.539558 -1.052679 -2.311300
0.619992 -1.084657 -2.336171
-0.059006 -1.098436 -2.283831
-0.094147 -1.092971 -2.211029
-0.048426 -1.068113 -1.521194
0.625543 -0.405431 -1.005885
0.652737 -1.025665 -1.010154
0.634553 -1.043348 -0.291584
0.001768 -1.009620 -0.824082
0.061974 -0.971459 -1.423698
0.118416 -0.962903 -1.434038
0.094098 0.280816 -1.440184
-0.597395 0.873617 -2.051359
0.676806 0.841942 -2.009703
0.682786 1.481778 -2.016717
0.656833 2.118863 -2.066226
0.590161 2.098390 -1.491438
1.159147 1.461193 -0.852810
1.189684 2.111615 -0.835382
1.230047 2.190407 -1.448172
1.209629 1.618752 -1.454003
-0.097135 1.007194 -1.459526
-0.117371 0.959871 -1.440872
-0.727840 0.936987 -0.168884
-0.740427 0.336643 -0.131951
-0.790844 0.373085 -0.103309
-0.821199 0.985572 -0.071767
-0.782997 0.948329 -0.028428
-0.717915 0.298008 0.663400
-0.691908 0.335652 0.704020
-0.685904 0.350806 0.089846
-0.651105 0.283520 -0.534185
-0.590775 0.191173 0.063111
0.068982 0.156696 -1.257327
-0.586309 -0.429714 -1.256685
-1.250167 -0.389434 -1.262672
-0.593136 -0.381577 -0.602665
-0.534373 -0.384886 -1.269197
-1.163150 -0.352183 -1.244056
-1.861377 0.368231 -0.650561
-1.906752 0.428376 -0.048069
-1.904204 1.696454 -0.119211
-1.907190 2.774220 0.485299
-1.971604 2.762041 -0.187222
-0.778326 2.168586 -0.205946
-0.827094 2.772152 0.382386
-0.188950 2.746452 -0.252696
-0.156414 2.764020 0.442846
-1.456299 2.748761 0.494658
-1.509268 2.748537 0.506687
-2.140548 2.761510 -0.197903
-2.081260 2.798733 -0.228787
-2.008263 2.842785 1.094704
-2.629412 2.245358 1.745414
-2.690638 1.621110 0.445256
-2.737126 2.269918 -0.204388
-2.707592 1.692949 -0.287401
-2.649336 1.774654 0.392499
-2.622456 2.461678 -0.214207
-2.637274 2.489208 -0.883385
-1.981385 3.121894 -0.276064
-1.921902 2.450697 -0.276775
-1.855328 1.870160 -0.281213
-1.853135 1.869212 -0.257984
-1.913667 1.866749 -0.257219
-1.951094 2.540720 -0.875993
-1.298090 1.227650 -0.229373
-1.246298 1.833445 -0.218741
-1.860702 -0.086274 -0.775406
-1.857142 1.191021 -0.739274
-1.850236 0.572209 -0.748465
-1.813190 -0.118299 -0.788282
-1.790658 -0.824819 -2.056413
-1.827059 -0.820326 -2.062766
-1.906401 0.504826 -2.059269
-1.294649 0.537624 -2.057215
-1.225347 1.761860 -1.405176
-1.206719 1.755976 -0.720028
-1.254187 1.132984 0.633557
-1.312858 1.147248 0.062426
-1.959958 1.107934 0.703271
-0.650518 1.046080 0.072272
-1.236047 1.027697 0.079109
-1.878272 1.038014 0.079653
-1.888414 1.030670 0.070483
-1.884916 0.324003 -0.574501
-1.201184 0.291450 -0.591356
-1.180023 -0.362343 0.057419
-0.583515 0.276884 0.702870
-1.190315 0.249159 0.074582
-0.560549 -1.089714 0.055737
-1.205974 -0.493543 0.652096
-1.190564 0.177916 -0.021245
-1.200595 0.221953 -0.046283
-1.231737 -0.440179 -0.065374
0.024437 0.210353 -0.082415
0.038216 0.205096 -0.093221
1.322840 1.508998 -0.086948
1.304047 1.594882 -0.075748
0.629114 1.647022 -0.064217
0.616363 1.657200 -0.060303
0.661517 2.316313 -0.715302
0.723050 2.366537 -1.385227
0.745735 2.433145 -1.426832
1.399254 2.453899 -1.473017
2.010394 1.788464 -1.500314
1.411308 1.797165 -1.509849
0.736890 1.847379 -1.513391
0.705857 0.609270 -0.893656
0.654157 -0.099005 -0.886875
0.616866 0.479935 -0.238759
0.632413 1.112637 -0.222436
0.656897 0.526173 -0.208745
0.642111 0.615822 -0.222165
1.284761 0.578008 -0.248524
2.526221 0.513072 -0.244210
2.481230 -0.160570 -0.838625
3.888382 -0.128401 -0.178185
3.837582 0.528483 -0.799121
3.820803 1.151517 -0.763333
3.848896 1.094900 -0.727875
3.884825 1.033744 -1.341633
3.911944 1.028312 -1.345423
3.947924 1.062945 -1.361734
3.996850 0.412763 -2.008336
4.037362 0.988243 -2.027480
4.035196 2.875725 -1.440393
4.016882 2.278817 -1.438890
4.019419 1.056166 -1.424244
4.038855 1.712262 -1.414868
4.054471 1.694561 -0.801923
4.656567 1.665424 -0.816199
3.363805 1.657939 -0.837317
3.382074 1.653868 -0.880695
3.389443 1.617701 -0.931368
3.365212 1.570302 -0.961608
2.670817 2.162244 -0.961008
3.256759 1.542678 -0.945366
2.582647 0.910113 -0.945292
3.200952 0.925816 -0.964204
3.881129 0.942927 -0.976726
3.910253 0.954527 -0.960065
3.341237 0.938642 -0.937243
3.398758 0.910488 -0.947342
3.445219 0.909238 -0.978867
3.487423 0.933157 -0.989644
3.502321 1.558197 -1.569632
3.481917 1.540266 -1.515956
3.452007 0.898621 -1.475064
3.445395 0.897239 -1.456691
3.467996 2.146950 -1.432131
2.876710 2.165505 -1.388374
2.878535 2.153801 -0.706411
2.868116 2.144217 -0.726126
3.450624 2.166742 -0.744801
3.463622 2.207831 -0.739322
3.465213 2.232479 -0.725823
4.650168 2.226716 -0.742053
3.335542 2.237678 -0.781965
3.295572 1.014023 -0.801789
3.315200 1.052307 -0.793116
3.363556 1.082185 -0.799612
3.378728 1.074293 -1.511886
3.368824 -0.204033 -1.575003
2.107516 1.057978 -0.937624
1.576626 1.072265 -0.896195
0.942483 1.064704 -0.883863
0.903259 1.049566 -0.907879
0.860885 1.058606 -0.899692
0.882637 1.094473 -0.831812
0.933050 1.744194 -1.378523
2.246640 1.101121 -1.367469
2.870318 1.073638 -1.414039
2.843788 1.717814 -2.765285
2.858175 2.348873 -2.099824
2.873784 2.326647 -2.044138
2.833798 2.283099 -1.370460
2.736076 2.253989 -1.416118
2.652020 2.270116 -1.405718
2.624016 2.319535 -1.346920
2.629725 2.356248 -1.322777
2.628019 1.730675 -1.365767
2.607339 1.710689 -1.420383
2.597751 2.345331 -1.404527
2.613573 0.426282 -1.336226
2.629796 0.396821 -1.359521
2.619742 0.358731 -1.363248
2.570322 0.323785 -1.955919
2.549718 -0.333002 -1.899356
2.531862 -0.343661 -1.834857
2.539974 -0.335464 -1.822650
2.564748 0.302971 -1.864421
1.299897 0.307203 -1.913751
-0.555306 0.277617 -1.275115
0.091122 -0.419063 -0.612390
0.160793 -0.454400 -0.638815
-0.919898 -0.458331 -0.670695
-1.543608 0.158277 0.559566
-1.571555 -0.480215 0.550588
-0.976302 -0.423345 0.533791
-1.623132 -0.366945 0.510424
-1.615899 -0.287702 0.505460
-2.896070 0.361653 0.531398
-1.684265 0.350387 -0.076959
0.085548 0.331978 -0.058422
-0.562616 -0.888946 -0.037224
0.633996 -0.204771 0.005158
0.623842 -0.241187 0.050500
0.597218 -0.921605 0.069842
0.551004 -0.352861 0.047176
-0.136402 0.295775 0.025619
1.131600 -0.264429 0.018171
1.785794 1.037424 0.009179
2.429619 2.350329 -0.025694
3.066007 1.700283 -0.069995
2.480884 1.081567 -0.714990
1.282987 1.122389 -0.695930
0.770849 1.138131 -0.696039
0.833079 1.787679 -0.730779
1.422311 1.180551 -1.355281
1.353740 1.219332 -1.916244
2.570306 1.287463 -1.322121
2.625363 1.344123 -0.764713
2.710176 1.359993 -1.452035
2.678499 1.369556 -1.452968
2.635369 1.302232 -2.708509
2.648865 1.292979 -2.673734
2.062498 0.675597 -1.412806
3.288494 1.282612 -1.405964
3.221851 1.249975 -1.325833
3.182199 0.604647 -0.641314
3.190627 0.614370 -0.616764
2.619764 0.642537 -0.674290
1.995659 0.639766 -0.715682
1.356466 0.587342 -0.676096
1.359889 0.535823 0.048044
1.409633 0.522721 0.057528
1.429093 -0.133367 0.012430
2.005751 -0.167548 0.013827
1.978326 -0.212623 1.327827
1.997858 1.028250 0.744356
2.028966 1.749137 0.098718
1.436116 1.173850 -0.003937
2.070461 1.175305 -0.077829
2.079457 1.783382 -0.073010
2.759726 1.723137 -0.043035
1.555631 1.740815 -0.050853
1.576842 1.102627 -0.086024
1.566071 1.013780 -0.093408
2.163231 0.901641 -0.063827
2.168176 1.468724 1.845652
2.819061 1.484465 1.821625
1.543864 1.517615 1.151828
1.506806 1.499230 1.094042
0.871541 1.439807 1.034709
0.290548 1.384041 -0.281371
0.940627 1.363864 -0.291599
0.903753 1.363477 -0.276851
1.526579 1.351191 -0.275414
0.318706 0.683043 0.320657
1.594375 1.369659 0.317752
1.598797 1.400449 -0.289963
1.584492 1.467068 -0.931878
1.594041 2.206377 -0.979923
0.957446 2.253614 -1.037085
0.987059 2.254948 -1.053275
0.973567 1.585990 0.185180
0.934956 1.591154 0.849815
0.253836 1.587208 0.892037
-0.388353 1.567869 0.934727
-1.044626 1.557179 0.998474
-1.071560 1.565680 1.025553
-1.110283 1.581791 0.424971
0.810940 0.957277 -0.212867
-0.437300 1.014984 -0.232878
-1.060247 1.053791 -0.223585
-1.066031 1.042650 -0.322245
-1.128260 1.068218 -0.956287
-1.875752 1.712058 -1.578910
-1.902343 1.758789 -0.262247
-1.877649 1.180924 0.395013
-1.226115 1.182084 0.383234
-0.590615 1.839001 -0.329701
0.018965 0.551132 0.259837
0.047273 0.584722 0.234066
-0.522299 1.185351 0.240837
-0.487342 1.117931 -0.391480
-0.498330 1.081233 -0.347993
-0.526763 1.089791 -0.277042
-0.513048 1.110517 -0.195894
-1.116224 1.083803 -1.401563
-0.473065 1.033923 -1.379371
0.094899 1.015560 -2.018365
-1.826263 1.035812 -2.060865
-0.517190 1.051500 -1.461426
-0.506038 1.019191 -1.485033
-0.528821 0.972826 -1.473659
-0.557644 0.289834 -1.437743
-0.545337 -0.360393 -1.406265
-0.510516 -0.361033 -1.393696
-0.486441 -0.361672 -1.406731
0.128959 -0.349982 -0.804769
0.137819 -0.322234 -0.864499
-0.455122 -0.276797 -0.949559
0.164241 0.438301 -1.030117
0.161905 0.495710 -1.091905
-0.415085 0.513119 -0.507889
-0.364482 0.489673 -0.522677
0.949633 0.446773 -0.507393
-0.340053 -0.230700 -0.485054
-0.361190 -0.228024 -1.050645
-1.644506 -1.482593 -1.021147
-1.580106 -0.853805 -0.431350
-1.582258 -0.898554 -1.692771
-1.629708 -0.917956 -1.707563
-0.402543 -0.872704 -1.051343
-0.921318 -0.810118 -1.046679
-0.818062 -0.193616 -1.686885
-0.790586 -0.921661 -1.649937
-1.439719 -0.996832 -2.243923
-0.208207 -0.985701 -2.182144
0.511155 -0.935665 -0.905066
-0.049455 -0.933596 -0.879371
-0.658449 -0.966596 -0.884716
0.541713 -0.969853 -0.220615
0.529923 -0.913739 -0.163659
0.587023 -0.252729 -0.100324
0.629203 -0.284819 -0.067055
0.599704 -0.347369 -0.679181
0.510096 -0.359718 -0.632238
0.441944 -0.328260 -0.594234
0.446687 -0.320229 -0.590680
0.468960 -0.341903 -1.893513
0.446310 -0.974002 -1.933020
0.384765 -0.915528 -1.976970
0.349512 -0.845212 -2.004076
-0.270699 -0.825194 -1.356628
-0.236752 -0.844327 -1.355629
-0.247976 -0.846202 -0.736360
-0.297010 -1.462197 -1.352144
-0.325844 -1.451425 -1.330065
-0.302410 -1.481600 -1.290948
-0.269671 -1.513084 -0.630556
1.066401 -1.501127 -0.594419
1.013626 -1.445851 -0.554351
1.003204 -0.792506 -0.516752
-0.263464 -0.816651 -0.480928
-0.262634 -0.860410 0.200835
-1.642422 -0.256716 0.246133
-1.680604 -0.245514 0.260937
-1.669942 -0.862936 -1.717012
-1.649202 -0.876389 -1.098901
-1.641409 -0.283958 -1.087163
-1.676077 0.348818 -1.074706
-1.056130 0.400922 -1.093266
-1.055446 0.452933 -1.153361
-0.446356 0.479805 -1.238175
-0.499858 0.483423 -1.316490
-0.522239 -0.164951 -1.372536
0.119653 0.489480 -1.418939
-0.543542 -0.123105 -0.126421
-1.842733 -0.096706 -0.128574
-1.208451 -0.115983 -0.814326
-1.190057 -0.161756 -0.790552
-0.544899 -0.171436 -0.770401
-0.558752 -0.149996 -0.764594
-0.559861 -0.127680 -0.766548
-0.548995 -0.790807 -1.346206
-0.537281 -0.806566 -1.331863
-1.160632 -0.788333 -1.338631
0.110867 -0.740439 -1.346636
0.801346 -0.707295 -1.336426
0.843654 -0.714319 -1.310175
1.523193 -1.352367 -1.311397
1.555110 -1.326616 -0.726125
0.969577 -1.296846 -0.758504
1.016251 -1.284128 -0.774150
1.028500 -1.276835 -0.794794
1.004751 -1.864850 -2.123878
