-1.339203 3.394746 2.768510
-1.994436 3.400499 2.778432
-2.001848 2.731841 2.728111
-1.353158 2.717656 1.973253
-2.008298 2.716195 1.975932
-1.372167 2.074907 2.699523
-0.737068 2.029647 2.734286
-1.367372 1.983981 2.001879
-2.014664 1.973565 1.923433
-1.403699 3.242445 1.303103
-0.747403 3.321647 1.333612
-1.420180 3.325915 2.045179
-0.752176 3.323612 2.068005
-1.433207 3.326997 1.396137
-1.458568 3.356112 1.427335
-0.806244 3.364806 1.479000
-0.763565 2.729351 0.863083
-0.718845 2.050313 0.848907
-0.714470 2.704982 0.813461
-1.376924 2.725840 0.145192
-1.392156 2.752731 0.148445
-1.388515 3.390819 0.801877
-2.026360 3.420692 0.808548
-2.076252 3.445717 0.805604
-1.519375 2.822451 0.829530
-1.543071 2.827767 0.875943
-1.544417 4.138590 0.904644
-0.903167 4.843479 0.883089
-0.935855 4.851778 0.834923
-0.956966 4.198328 0.814845
-1.579224 2.955058 0.829220
-0.861821 3.023483 0.850826
-0.862255 3.735394 0.264006
-0.900827 3.736283 0.289461
-0.279430 3.709340 1.561385
-0.234780 3.695556 1.586153
-0.179231 3.715944 1.585435
-0.803730 4.993480 2.800362
-0.178266 4.958163 2.738987
-0.160624 4.929837 2.702085
-0.093734 4.298912 2.680815
-0.043271 4.994011 2.664993
-1.344227 4.385229 2.652816
-0.768265 3.732925 2.089608
-0.808094 3.682608 1.534182
-1.417818 3.637349 2.152647
-2.098938 3.596113 2.135272
-2.803885 3.542495 2.074310
-2.881797 3.465164 2.019208
-2.248125 3.405331 2.606977
-2.848731 3.400715 2.032139
-2.236976 4.037411 1.999684
-1.729571 4.709536 1.321917
-1.776595 4.076525 1.357666
-1.085690 4.037986 2.019604
-1.687193 4.001617 2.722802
-1.692117 4.582089 2.680797
-1.702364 4.554265 2.586271
-1.647058 4.576939 2.530515
-0.867975 5.190476 2.517675
-0.767542 3.865556 2.482534
-0.770986 3.932334 1.805313
-0.805236 3.348166 1.176782
-0.120777 3.354918 1.263288
-0.035513 3.325104 1.391347
-0.667263 3.361921 1.457848
0.496218 3.395685 1.452343
-0.161542 3.416125 1.437070
-0.726514 2.801469 2.072562
-0.642043 3.383104 0.865603
-1.263943 3.469354 0.820287
-0.669821 2.327918 0.177365
-0.697358 1.793355 -0.448368
-0.649122 1.820404 -0.417961
-0.607434 1.797210 0.224202
-0.014438 1.779935 0.914276
0.505581 1.762903 0.323897
0.443045 1.742510 -0.305302
0.488146 2.339989 0.317056
0.538398 2.304607 0.250723
-0.116063 2.301558 0.166813
-0.190057 2.323245 0.123111
-0.214081 2.283290 0.732369
0.513904 2.278934 -0.472776
0.563228 2.284505 -0.456395
0.522468 1.667452 0.195422
-1.517213 1.052990 -0.393609
-1.504094 1.065544 -0.326001
-0.121895 1.061359 -0.314404
0.653179 1.671866 -0.373643
0.688586 1.699273 -1.061153
0.017142 1.739235 -0.453496
0.008445 2.382580 -0.442301
-0.565597 1.737651 -0.436373
0.120412 1.741557 -1.079562
-0.594155 1.759717 -0.383115
-0.657036 2.352739 -0.306878
-0.629695 2.286006 -0.258574
0.116757 2.258340 -0.284147
0.147651 2.272903 -0.316172
0.101445 2.956214 0.360398
-0.592327 2.928478 0.428894
-0.532374 2.230498 -0.191462
0.198763 2.231328 1.082923
0.181125 2.256027 0.387070
0.706288 2.271414 -0.228160
-0.639636 2.260905 -0.132177
-0.588806 2.917326 -0.106097
-1.795991 1.556756 -0.174182
-1.797030 1.568054 -0.234160
-1.832381 1.566544 -0.857319
-1.826018 1.574747 -0.805187
-1.190776 1.623627 0.530432
-1.814767 1.669807 1.129849
-1.228922 1.065567 1.072890
-0.625891 0.421987 0.420071
-0.629305 0.447342 0.460177
-0.625514 0.483449 1.039219
-0.649849 0.471405 1.599397
-0.670675 1.078237 2.831003
-0.647586 1.036891 2.838849
-1.239633 1.063134 2.816524
-1.263754 1.758884 2.787233
-1.336549 1.105974 2.805453
-0.106692 1.065493 2.849490
-0.130880 1.029354 1.663184
-0.747390 1.039920 1.671452
-1.340251 1.065658 1.664660
-0.102070 1.048683 1.050557
-0.117194 1.676302 1.053432
-0.081813 1.011408 0.353723
-0.669991 0.390741 -1.637522
-0.684886 0.412192 -1.039161
-0.104364 0.414583 -1.623567
0.522639 0.392951 -1.584717
-0.139800 -0.293724 -3.522549
-0.132328 0.292350 -2.228513
-0.793630 -0.380743 -0.966158
-0.820572 -0.381162 -0.949411
-0.828921 -0.400399 -0.961090
-0.815403 -0.436628 -1.688579
-1.482658 -0.459046 -1.748810
-1.531889 0.176731 -1.724663
-1.577211 0.210857 -1.647364
-1.604649 0.235730 -0.971252
-1.628498 0.224517 -0.976122
-0.996461 0.212143 -0.997052
-0.324287 0.228346 -0.972411
-0.268416 0.275494 -0.897365
-0.209300 0.312875 -0.166591
-0.180109 0.962703 -0.186728
-0.175083 1.617397 -1.512890
-1.371693 1.656259 -0.894232
-0.678981 1.724024 -0.851591
-0.654798 1.751526 -0.838119
-1.314194 2.377697 0.390045
-2.001723 2.322168 -1.032293
-2.002339 2.296480 -0.445100
-1.958290 1.661726 -0.444337
-1.905239 1.669831 -0.428537
-2.520288 1.008125 -0.423719
-1.917553 0.974144 -1.110568
-1.937029 0.317365 -0.443335
-1.942124 0.964011 -0.400715
-2.555401 1.645276 -0.351827
-1.930400 2.273227 -0.339184
-1.332388 2.247736 -0.375979
-0.755360 2.828405 -0.366079
-1.413301 2.107896 -0.348347
-2.031970 2.087931 -0.303880
-1.403666 2.092397 1.057312
-1.400652 1.415788 1.064327
-1.415698 0.731780 1.051931
-1.451716 0.717509 0.422924
-1.499687 0.742373 0.385466
-0.235988 0.776274 -0.289008
-0.224479 0.776609 -0.290910
-0.847329 0.747159 0.933262
-0.861218 0.721388 0.352509
-0.847619 -0.550469 0.357020
-0.788652 -0.575706 -0.243819
-0.714678 -0.625806 -0.168539
-0.691123 -0.653433 0.563969
-0.736719 0.664500 0.001727
-0.781576 0.718270 -0.074870
-0.775231 0.126309 -0.738892
-0.741042 0.785221 -0.727424
-0.730729 0.804937 -1.294548
-0.779526 1.449281 -0.620875
-0.784617 0.177210 0.659178
-0.729699 0.178613 0.639272
-0.667442 0.155093 -0.021444
-0.662437 0.154341 -0.013732
-0.726491 0.206816 -0.656810
-0.787858 0.254518 0.642732
-0.808677 0.242458 -0.107124
-0.808974 0.199337 0.454861
0.396969 0.202585 1.100303
-0.285694 -0.363372 1.771941
-0.318243 -0.321090 1.744398
-0.289852 -0.342983 1.704554
1.107774 -1.018023 2.996715
1.143682 -0.993584 2.370613
0.426643 -0.896907 2.383021
-0.305597 -0.210124 1.729395
0.277609 -0.223200 0.370919
0.928761 -0.266658 1.005877
0.939109 1.044365 0.382962
0.896316 1.085540 1.040396
0.865632 1.139075 1.033024
0.895073 2.421070 1.033895
0.960743 2.345690 1.091938
1.661939 2.305310 1.181346
1.588147 1.682543 0.591472
0.317354 1.707459 0.538821
0.321395 1.667371 0.484485
1.051841 0.265736 0.495896
1.078831 0.191626 0.543329
1.034582 0.169426 0.545214
0.398469 0.166464 1.784483
0.405546 2.011328 3.083913
0.433382 1.985260 3.781498
0.428932 1.987756 3.844700
-0.260501 0.703560 3.147830
-0.263493 2.065622 2.425326
-0.248910 1.330991 2.388586
0.355353 2.023264 2.450887
0.352390 0.894900 3.105434
0.325065 1.540973 2.389197
0.969883 1.484972 2.932858
0.983904 1.410706 2.947842
0.366617 1.416851 1.782051
1.038630 2.176832 2.501358
1.031980 2.240653 2.486242
0.366382 2.204385 2.426075
0.365306 2.140849 1.759387
0.363347 2.170602 2.432387
-0.291799 2.274488 3.090471
-0.901322 2.299615 3.050080
-0.897346 2.214719 1.736416
-1.585147 2.134942 1.769429
-1.606260 2.159465 1.857521
-0.938123 2.246379 1.923459
0.334933 2.262919 1.924371
0.275061 2.193469 1.895806
0.217270 3.397541 2.543597
0.834478 2.748250 2.590764
0.871675 2.824987 1.975139
0.886730 2.210584 1.946441
0.860239 2.161006 1.273535
0.821328 2.745150 1.307173
0.839635 2.154116 2.504115
1.557886 2.231613 3.162625
0.936932 2.257884 3.712863
1.525685 2.231528 3.683704
1.519016 3.475638 3.699308
0.884145 3.492818 3.729561
0.300695 2.864578 3.699792
0.312390 2.847241 3.618549
0.289707 2.818294 3.542680
-0.325501 2.820719 3.502678
0.363281 2.857269 2.874779
-0.284510 2.881107 3.512897
-0.301365 3.535007 2.877983
-0.292588 2.961265 2.241347
1.072439 3.629533 1.647926
1.097191 3.656259 2.312720
1.097971 3.654602 2.303290
1.082098 3.001781 2.291603
1.077247 3.012431 2.305015
1.079076 3.055901 2.343047
0.444620 2.475333 1.731008
0.428151 2.492626 1.106529
0.370699 3.684685 1.092478
0.327441 3.702480 1.041088
0.339893 2.417139 1.042758
0.373579 3.028012 1.626447
1.040292 2.942664 1.584386
1.014268 2.888428 1.526753
1.015267 1.589809 1.496308
1.672381 1.637946 2.189839
1.718945 2.223774 2.216205
1.688947 2.163309 2.905402
1.601720 2.163076 2.269698
2.770291 2.214674 1.615042
2.194072 2.247941 1.059933
2.259449 1.604819 1.740008
1.613404 0.955032 1.732010
1.541508 1.601358 1.694534
1.515676 1.623663 1.036611
2.824560 0.347686 1.084413
1.624623 0.362656 1.118917
1.579020 0.325475 1.114919
1.493959 0.357991 1.093368
1.455540 0.390224 1.758254
2.108825 0.406640 1.814409
2.126617 0.406152 1.831142
2.107172 -0.893838 1.774592
2.071958 -0.280135 1.688640
2.063629 -0.308745 1.649720
2.073445 -0.342384 1.058587
1.447633 -0.350922 1.074998
1.441210 1.010325 1.043189
2.697560 1.007242 1.652834
2.103164 0.987967 1.707379
2.147187 0.971667 1.829505
2.155280 1.631874 2.541016
2.146868 1.639717 2.510051
2.150078 0.972088 1.800105
1.590755 0.955307 1.778416
1.598319 0.982900 1.814217
1.546369 1.046418 1.820809
1.487285 1.082760 1.762095
0.835104 1.080790 1.705604
0.842863 1.073120 1.716169
0.837207 0.477890 2.443345
0.810964 -0.062838 3.071651
2.153578 -0.037920 2.410984
2.757547 -0.036609 3.024812
2.090397 -0.677605 3.007344
2.103478 -1.431994 3.005672
0.819834 -0.783370 1.747428
0.759086 -0.773181 1.088617
0.737995 0.517511 1.070220
0.158786 -0.160054 0.444054
0.222833 -0.200399 0.459820
0.234992 -0.236656 0.478325
0.813887 -0.252598 1.207548
0.815752 -0.247394 1.221886
0.879101 -0.219777 1.200283
0.277779 -0.172192 1.168057
0.932670 -0.131859 1.118711
2.180316 0.528310 2.502500
2.779066 0.543542 2.538208
1.483282 1.866974 2.533167
0.933597 1.949552 1.873871
0.976155 1.952068 1.894405
0.949826 1.218052 1.944167
-0.355939 1.145757 1.301678
-0.356765 0.549321 1.282177
-0.324048 0.590641 2.515464
0.293602 0.565160 2.500648
0.249289 1.155113 2.534858
0.851129 1.122787 2.556954
0.285521 1.788790 2.527418
-0.439637 2.370681 1.831499
-0.455536 2.301695 1.128043
-0.459710 2.244748 1.144846
-1.678688 1.608908 1.148750
-1.021112 1.657805 1.140368
-1.052694 2.360029 1.822108
-1.129900 2.388115 1.178136
-1.829322 2.403753 1.199519
-2.442069 2.435892 1.792410
-1.202572 2.465651 2.395805
-1.252018 2.422474 2.390780
-1.312468 1.690498 1.798556
-0.692098 1.635166 1.836508
-0.654175 -0.298867 1.812720
-0.628740 0.394292 1.771273
-0.670360 0.378063 1.788136
-0.044215 1.659665 1.868953
-0.100219 1.631961 1.917175
-0.111082 2.946042 1.876270
-0.103530 2.952103 1.810456
-0.117803 2.940593 1.797091
-0.133653 2.874942 1.826631
-0.116514 2.819418 1.824226
-0.065699 2.753142 1.770488
-0.617569 2.776170 1.703556
-0.583065 2.845263 3.021642
0.720248 2.892939 2.414939
0.735691 2.913859 2.392642
0.754920 2.931259 2.354411
0.779291 2.984284 2.334334
0.803923 3.041464 2.363449
0.818373 3.051623 2.413530
0.835382 2.998521 1.791195
0.889071 2.928230 2.393404
0.954048 2.915874 2.369394
0.987260 2.968431 2.403955
0.983573 2.356259 2.467107
0.979418 2.374711 2.475263
0.986793 2.367567 2.424212
1.002125 2.408937 2.389004
0.344426 2.508023 2.452689
0.335510 1.306865 2.556771
0.333672 1.259478 3.199639
-0.286049 1.175716 2.504787
-0.274698 1.147650 2.455538
-0.281803 1.823426 2.504892
-0.299497 1.857246 2.570503
-0.324829 2.462676 2.536892
-1.039180 2.428594 2.416304
-0.405035 2.475571 1.111990
-0.447369 2.560531 1.159688
-0.491923 1.923304 1.836033
0.117992 1.836532 1.774271
0.134938 2.392004 1.656798
0.138273 2.377529 1.599844
0.726802 2.395347 1.673001
0.744851 2.380058 3.646640
0.769759 2.333330 3.636618
0.781719 2.303613 3.551760
0.787569 2.329099 2.302363
0.800233 2.371893 1.663270
0.816084 1.752694 1.694164
0.817075 1.720619 1.710245
0.800606 1.705941 0.394248
0.798829 1.714546 0.345585
0.202403 1.720272 1.005596
0.232677 1.716467 1.723744
0.190869 0.454474 1.106996
0.095634 0.432612 2.348682
-0.628721 0.434666 2.314485
-0.597370 0.463506 2.307282
-0.572810 -0.163344 2.338644
-0.633242 -0.166751 2.375323
-0.729333 1.086517 2.397102
-0.742474 1.048762 2.391363
-0.003132 1.047895 2.383111
0.060943 1.074822 1.761383
0.027026 1.744584 2.350774
-0.652061 1.750898 2.317021
-0.046757 1.756247 2.284795
0.011376 2.416432 2.865110
0.078623 1.825131 2.849937
0.081265 1.856276 2.839281
0.040881 1.872412 2.114267
0.020887 1.857129 2.071638
0.051406 1.830648 1.496426
-0.572200 2.464407 1.554001
-1.208392 1.837945 0.970731
-0.598618 1.840607 0.954372
-0.606239 1.806744 0.914495
-0.556211 1.768017 0.900069
-1.136697 1.770525 -0.280470
-1.119731 1.812546 0.462807
-1.125837 1.221958 1.727422
-1.122237 1.241257 1.016853
-1.092710 1.859879 0.428852
-1.720105 1.859018 1.177549
-1.129649 1.881281 1.294278
-1.189196 1.908476 0.655867
-0.586040 1.297271 0.566447
-0.579331 1.299492 0.487534
-0.569311 1.960325 0.514208
-0.577341 1.979116 0.605642
-0.602705 2.024032 0.631647
-1.898916 2.073210 0.589129
-1.933704 2.069381 0.578705
-1.971131 2.016385 1.310667
-1.984824 1.313037 1.422258
-1.982407 2.567367 1.419748
-1.981490 3.793072 1.332614
-1.999739 3.730411 1.273199
-1.440160 3.656590 1.295664
-0.168979 3.603748 1.360231
-0.130143 3.595665 1.360907
-0.093065 3.617914 1.297647
-0.090974 3.613676 2.448545
-0.766129 3.576199 2.502835
-1.390235 3.564312 2.561353
-1.390685 3.592220 2.539700
-1.405607 3.636667 2.475592
-2.058106 3.019237 2.449748
-2.071765 3.659990 2.477578
-1.421665 3.700103 1.790733
-1.356904 3.777577 3.084351
-1.334623 3.847730 0.387480
-1.339761 2.530600 0.336176
-0.077272 2.509593 0.357319
-0.017747 2.477045 0.453145
0.008109 2.477669 0.533012
-0.033591 2.504789 0.533828
-0.062555 2.542500 -0.150408
0.616294 2.572385 -0.157759
0.677582 2.591703 -0.120457
0.690753 2.583892 0.556572
0.650875 2.530397 0.519492
0.636846 2.474466 -0.189351
0.107263 1.832027 0.507475
-1.113342 -0.015850 0.611580
-1.144613 0.639299 0.683911
-1.240474 0.599183 0.670442
-1.295123 0.569199 0.614926
-1.272063 0.594747 0.579959
-0.613553 0.637162 1.182785
0.051941 0.606898 1.137380
-0.003439 -0.173395 2.390141
-0.014933 -0.290389 2.936935
0.036743 -0.314401 2.888744
-0.505746 -0.280472 2.910802
0.102535 -0.288823 2.308749
0.723033 -0.356151 2.869217
0.731918 -0.383810 2.824624
0.792834 0.966188 2.839216
0.236234 1.078020 1.725628
-0.361053 1.113619 1.143390
-0.352617 1.037007 1.149192
0.260378 0.951298 1.163508
-0.252739 0.959265 1.211727
-0.182835 1.025281 1.865347
-0.847977 1.653555 1.834210
-0.290403 1.603148 1.796695
-0.327001 1.565452 1.177214
0.281752 1.616764 1.211868
-0.321121 1.688226 1.193303
-0.341747 1.665376 1.751021
-0.397884 1.548497 1.063212
-0.396577 1.468662 1.068533
0.280782 0.887784 1.086764
-0.300144 0.947965 1.060181
-0.323500 0.931869 0.987370
0.294077 0.842486 1.540938
0.280225 1.440972 1.547393
0.310528 1.535677 1.576178
1.007869 1.625943 1.565527
1.036089 0.356938 1.515435
2.290667 0.256066 1.483161
2.315446 0.199124 1.497526
2.371543 0.248768 2.174281
2.392721 0.952851 2.193584
2.355358 0.933877 2.189975
2.289080 0.848496 1.559605
2.241526 0.195377 2.245131
2.878147 0.273417 2.290985
2.889901 0.354224 2.327488
2.869810 0.322777 2.366114
2.169851 0.199514 2.378027
2.141706 -1.116593 3.029720
2.155490 -1.116819 3.049797
2.184648 -1.092138 2.406786
2.180806 -1.092202 2.402903
2.139134 -1.092666 2.421378
2.109297 -1.031586 2.477208
2.124919 -0.908880 2.522536
2.149613 -0.805023 2.551851
2.132771 -0.768891 2.555652
2.688313 -0.777942 2.563496
2.655351 -0.155688 2.593222
2.035898 -0.127871 2.590581
2.040793 -0.729350 2.568818
2.627524 -0.744604 2.518805
3.217232 -0.738791 1.853071
2.591904 -1.346952 1.897454
2.623660 -1.296414 1.908283
3.307144 -1.280891 1.899598
3.296561 -1.280564 3.120131
2.639569 -0.650898 3.097692
2.025005 -0.606885 3.137922
2.045082 -0.604710 3.142129
2.044165 -0.655109 3.086836
2.034287 -0.698019 3.008187
2.673584 -0.667196 3.028551
2.687397 -1.258610 3.142908
2.047123 -1.224851 3.201117
2.029287 -1.257354 2.517309
2.011190 -1.301790 3.091955
2.001520 -1.294321 3.097135
2.011655 -1.244517 2.513401
2.019419 -1.232523 1.887230
2.014944 -0.064710 1.803716
1.993402 -0.177148 1.728404
1.978686 -0.200097 1.727758
2.640463 -0.121683 1.777934
2.665536 -0.083210 1.140519
2.668438 -0.162928 1.691978
2.648253 -0.288069 2.264544
2.652370 -0.341747 2.250839
2.088053 -0.299633 2.288717
1.485346 -0.270023 1.024303
1.510692 -0.312337 0.939562
1.499485 -0.374035 0.886874
0.253652 -0.365147 0.953213
0.944862 -0.281494 -0.219996
0.962680 -0.221655 -0.172523
0.912668 -0.225502 -0.190313
0.841897 -0.240991 -0.197284
0.825710 -0.221597 -0.148037
0.203277 -0.183751 -0.105864
0.249717 -0.181190 1.088048
0.253457 -0.197418 0.422002
0.228092 -0.187760 0.382566
0.222129 -0.149963 -0.243170
0.897539 -0.117605 -0.217710
1.512566 -1.391970 -0.210832
1.474911 -0.809439 0.420953
0.832854 -0.783077 0.404918
0.890255 -0.743875 0.430945
2.174691 -1.375020 -0.151234
2.196044 -1.457318 -0.184285
2.186046 -1.487645 -0.279394
2.189744 -0.755241 -0.338131
2.211697 -0.706095 -0.310443
2.207341 -0.719364 -0.259380
2.150933 0.522046 1.017815
2.058827 0.517506 -0.423224
2.011943 -0.016240 -0.429327
2.015406 0.037492 -1.044734
2.018013 -0.022264 -1.004247
1.985992 -0.142399 -1.032668
1.934777 -0.200708 -1.071959
1.938030 -0.164696 -1.095224
1.973531 -0.780221 -1.733643
1.332268 -2.039842 -1.737210
1.293032 -0.148106 -0.411567
1.232503 -0.162171 -0.429019
1.219674 -0.145085 -0.414447
1.872915 -0.773550 -0.387958
1.876104 -1.402699 -0.373938
1.192457 -1.396610 -0.411074
1.153058 -1.390973 0.921800
1.812169 -1.376833 0.903470
1.215975 -1.986065 2.238910
1.898400 -1.354620 2.950479
2.516079 -1.322026 2.895563
2.472860 -1.314714 2.796878
2.458350 -1.881487 1.439946
2.490209 -1.829519 1.473574
2.526988 -1.764113 1.543311
2.525117 -1.097450 1.567039
2.509466 -1.126430 1.540245
2.539303 -1.171666 0.878877
2.606686 -1.176573 0.910266
2.656476 -1.142066 0.955730
2.649159 -1.129198 0.961416
2.619404 -1.163836 0.936250
1.396817 -1.215079 0.917437
1.465614 -0.569579 0.911982
1.512467 0.124063 1.547922
1.486253 0.120011 2.230046
0.788255 0.042298 2.215011
0.784592 -0.697810 2.198049
0.848553 -0.047775 1.522729
0.909225 -0.630982 2.215943
0.884658 -0.604089 2.221641
0.813742 -0.637883 0.940246
0.164826 -0.682467 1.577869
0.226282 -0.667477 0.358925
0.284459 0.015270 0.405605
0.251497 0.031343 -0.918656
0.164226 -1.272562 -0.969967
-0.473585 -1.390309 -0.994203
0.812139 -1.449242 -0.930756
0.900227 -1.417076 -0.210019
0.304145 -1.378962 -0.850481
-0.392045 -1.424630 -0.871141
-0.406784 -2.322102 -0.864397
0.275770 -2.336916 -1.496371
1.605818 -2.281735 -0.836640
2.255405 -2.202305 -1.503138
1.551479 -2.177780 -1.543999
1.507711 -0.902166 -1.548096
2.148417 -0.925582 -1.500910
2.196686 -0.246088 -0.844547
1.561742 -0.197062 -2.053525
1.497564 0.460757 -2.686944
1.465116 -0.797225 -3.267649
1.500719 -0.755591 -3.170020
1.536044 -1.368568 -3.126852
1.524759 -0.698994 -3.160124
1.476496 -0.706845 -3.220117
1.443316 -1.361316 -3.239762
0.803324 -0.770979 -2.557189
0.778100 -0.813262 -2.558561
0.717381 -0.858613 -2.575590
1.276303 -0.884220 -2.564597
1.250636 -0.878368 -3.156235
1.262770 -0.867862 -3.107244
0.603990 -0.872404 -3.075472
0.581112 -0.863575 -3.072713
0.571980 -0.833313 -3.104052
0.595686 -0.790899 -3.135109
0.015329 -0.783121 -3.162137
0.015227 -0.815845 -3.184671
-0.000383 -0.819437 -3.163841
0.013877 -0.766366 -3.127945
0.061983 -0.694348 -3.728185
0.104872 -1.826298 -3.101050
0.110426 -1.847217 -3.807130
0.118425 -1.837452 -3.820226
0.162517 -1.784772 -3.845603
0.218000 -1.744870 -4.515527
0.240039 -1.780428 -3.331412
0.219357 -1.860460 -2.750520
0.203809 -1.895309 -3.317206
0.223448 -1.872769 -1.987768
0.246786 -1.862997 -0.751587
0.217407 -1.904372 -1.479825
0.160172 -1.954552 -1.518158
0.133183 -1.957099 0.353556
-0.540167 -1.905129 0.429471
-0.542541 -1.285826 -0.140825
-0.577256 -1.302566 -0.173785
-0.602736 -1.380501 -1.497988
-1.208907 -1.428542 -1.468044
-1.183269 -0.783517 -3.277965
-1.169167 -0.740622 -3.161560
-1.182091 -0.736881 -3.764472
-1.870284 -0.778279 -3.817664
-1.819598 -0.782160 -3.854466
-1.736744 -0.704698 -3.813881
-1.012724 -1.194173 -4.441099
-1.040022 -2.410340 -4.501800
-1.075087 -2.481246 -3.958307
-1.071669 -2.518941 -3.993936
-1.620290 -1.865137 -3.326772
-1.609605 -2.452561 -2.024761
-1.651968 -1.906064 -1.459925
-1.687784 -1.963032 -1.501451
-1.661121 -1.390598 -1.506573
-1.593565 -1.382233 -1.496436
-0.316490 -1.379399 -1.526682
-0.333258 -1.412130 -1.553252
-0.343558 -1.473875 -1.528591
-0.326155 -1.522994 -1.471565
0.296381 -1.544867 -1.393898
0.274208 -1.539243 -1.994160
0.222123 -1.543579 -2.649404
-0.414777 -1.560775 -2.661681
-0.420444 -1.559143 -2.620618
-0.411857 -1.541877 -2.581911
-0.416901 -1.515474 -2.600116
-0.444061 -1.486271 -2.659578
-0.481065 -0.808130 -2.050593
-0.571425 -2.113434 -2.014480
0.083175 -2.086577 -1.957595
0.070302 -2.065220 -1.288098
0.700120 -2.036910 -1.310954
0.061712 -1.994495 -0.726761
0.704980 -1.382137 -0.758857
0.753311 -1.371175 -1.432048
0.837118 -1.360543 -1.429678
0.895250 -0.018765 -0.173064
0.257242 0.027486 0.433747
0.259207 -1.263312 1.087683
-0.321094 0.094004 0.446117
-0.282227 -0.004382 0.465451
-0.289259 -0.034178 1.092285
-0.334803 -0.004490 1.038799
0.879119 -0.004476 0.395270
0.872375 -0.062152 -0.221836
0.911904 -0.130724 0.427017
0.918333 -0.124085 0.425405
0.867626 -0.054911 0.419715
1.414413 -0.637932 1.089244
1.353004 -0.681738 1.113511
1.321225 -0.095695 0.495096
1.280307 -0.111056 0.481003
1.245589 -0.817429 0.467627
1.907912 -0.826624 1.126007
1.921001 -0.834519 1.116532
1.943581 -0.835105 -0.252870
2.619211 -0.833731 -0.327466
2.034664 -0.845594 -1.001721
2.106842 -0.864626 0.943543
2.158314 0.465378 0.903018
1.469149 0.464591 1.432869
0.774219 0.420550 0.035984
1.470815 0.355505 -1.221458
0.828098 0.321785 -1.823985
0.838633 -0.340698 -1.801758
0.774392 -0.262773 -1.846412
0.687964 0.459626 -0.596690
1.355134 0.455889 -0.570244
1.391516 0.439470 -1.105619
0.766106 0.466745 -0.484072
0.137125 -0.182734 0.133894
0.097687 -0.838048 -1.171068
0.745519 -0.884000 -1.165639
0.813177 -1.502764 -1.138364
0.892545 -2.084168 -0.496170
0.896019 -2.032311 -0.472303
0.848124 -1.977919 -1.050914
0.825345 -0.645815 0.223764
0.872514 -0.669630 -0.989830
0.947686 -0.641480 -0.937452
2.232078 -0.609576 -0.890673
2.197400 -0.598477 -1.519810
2.158207 -0.622728 -1.537344
2.851842 -0.660890 -1.577308
2.882768 -0.643805 -0.303963
2.872924 -1.888092 -0.323390
2.134224 -1.232447 0.302852
2.092138 -1.227563 0.262712
2.130511 -1.913524 0.221337
2.224761 -1.919188 1.466497
2.288648 -1.884117 1.417460
2.291458 -1.835660 0.070696
2.263823 -1.833361 0.069892
2.259548 -0.699450 0.092015
1.613508 -0.681063 -0.567579
1.580733 -0.623882 -0.604648
1.517425 -0.583458 -1.952123
1.469793 -0.587023 -1.227200
2.082453 -0.607471 -1.124103
2.102663 -0.601405 -2.427397
2.123789 0.070709 -2.431182
2.807083 0.079584 -2.414845
2.828745 0.048904 -2.355842
2.861386 0.638328 -2.272853
2.887995 0.671110 -2.971612
2.902944 0.742447 -3.039111
1.630704 0.774637 -3.058946
1.649515 -0.422266 -2.353144
1.695495 -1.109110 -2.305575
1.741361 -1.084814 -2.341728
2.427004 -1.053232 -3.054718
1.168538 -1.073322 -3.067042
1.193862 -1.134463 -3.019578
2.434743 -1.149857 -2.287186
3.056646 -1.090801 -2.280375
2.362030 -0.436622 -2.948455
1.711793 -1.059906 -1.602573
2.362878 -1.092568 -1.554584
2.358407 -1.079479 -1.524706
2.342061 -0.384124 -0.879334
1.678480 -0.384192 -0.235312
1.069813 -0.451030 0.401798
1.055467 -0.513716 1.029489
1.627241 -1.100845 2.936071
1.579282 -1.017407 0.350591
1.532136 -0.981831 0.950085
1.513728 -1.020524 0.970596
1.510297 -1.708163 0.937012
1.517385 -1.683343 0.849045
1.518774 -1.641591 0.219908
1.503930 -0.392806 0.262561
0.239326 -0.483749 0.294848
0.258645 -0.544194 0.250394
0.246914 -1.735680 -0.443983
0.218822 -2.333285 -1.064716
0.216342 -2.351532 -0.975042
0.247422 -2.409608 -0.269526
0.939366 -1.776008 -0.915232
0.944596 -1.769161 -0.346216
0.294653 -1.195427 -0.977510
-0.897845 -1.894412 -0.158330
-0.203566 -1.228412 -0.170098
-0.171545 -1.209107 0.371809
-0.193304 -1.144208 0.290540
-0.227080 -0.497320 0.337766
-0.231612 -1.203350 1.062816
-0.215788 -1.201643 1.053942
-0.225024 -1.806157 -0.290943
-0.266225 -1.714465 -0.316804
-0.951595 -1.691603 1.026404
-0.279489 -2.331551 0.416880
0.408291 -2.337451 0.979273
1.046565 -1.055596 1.520008
0.349572 -0.439213 0.843998
0.333209 -1.037391 1.562159
0.353184 -0.432166 2.251720
1.043139 -0.441723 0.894207
1.032745 -1.067141 0.170452
0.991456 -1.068878 0.161684
0.380590 -1.100532 0.276062
1.079190 -1.142103 -1.602158
1.118548 -1.144982 -1.658108
1.112010 -1.107647 -2.943782
1.099843 -1.084510 -3.574962
1.112298 -1.093537 -3.534428
1.140976 -1.731317 -3.549742
1.145553 -2.928898 -4.240554
1.111673 -2.837989 -3.664135
1.069302 -2.781138 -2.986319
1.061458 -2.811072 -2.908435
1.084004 -2.862297 -3.545758
0.447589 -2.846531 -2.317026
0.418676 -2.785254 -3.001157
0.332147 -1.552740 -3.001059
1.007305 -1.594604 -2.962458
1.660574 -1.652969 -2.317164
1.664410 -1.683363 -2.930439
0.340755 -1.692622 -2.954586
-1.057587 -1.712710 -2.951765
0.178874 -1.750566 -2.906324
0.157242 -1.785735 -1.617958
0.208531 -1.788744 -1.618646
0.220155 -1.775698 -1.652533
1.503821 -1.769016 -1.676282
1.451508 -1.786883 -1.039696
0.823758 -1.815161 -1.019360
0.884157 -2.433842 -0.350934
1.552869 -1.786107 -0.425594
1.592935 -1.744110 -0.493214
1.547836 -1.715816 -0.515768
0.848458 -2.299397 0.839707
0.874185 -2.269732 0.836401
1.607454 -2.233607 1.399126
1.645708 -2.197926 -0.031627
1.580212 -2.180674 -0.634896
0.824151 -2.168121 -0.577624
-1.087106 -2.784023 -0.561808
-1.626619 -2.783552 -0.609167
-0.224275 -1.565705 -2.549742
-0.283219 -0.262729 -2.549569
-0.353722 -0.282641 -2.551896
-1.690350 -0.354994 -3.195836
-0.954922 -0.409169 -3.180204
0.458343 -0.386567 -1.824309
0.408526 0.284392 -1.792526
0.322264 0.254088 -1.794117
0.313547 0.200068 -1.804789
-0.217292 0.204594 -1.102195
0.465338 0.285401 -0.417802
0.425082 0.347541 -0.419798
0.354782 0.324088 -0.464860
0.342996 0.260735 -0.505748
0.391932 0.257287 -0.500333
0.437160 -0.888500 -1.053755
0.421848 -0.856948 -0.420752
0.372926 -0.908734 -0.459159
-1.478189 -0.971461 -0.517425
-1.403813 -0.317084 -0.502626
-1.354076 -0.245224 -0.432226
-0.737368 -0.203156 -0.411694
-0.785834 -0.257221 -0.481201
-1.468143 -0.338876 -0.560667
0.400688 0.282184 0.060792
0.392517 0.354177 0.134770
-0.280686 -0.263260 -0.483303
-2.191337 -0.915763 -0.516272
-2.238844 -0.978102 0.089211
-2.896290 -0.322102 1.349322
-1.643766 -0.253198 1.418965
-1.692049 1.019605 1.436582
-1.753787 1.012081 2.004404
-3.095021 0.305131 1.989551
-2.462810 0.322248 2.043676
-3.171272 0.388043 2.122172
-3.227442 0.454799 2.157669
-2.564163 -0.839300 2.164531
-2.571510 -1.436467 1.584853
-1.901211 -0.800190 1.636849
-1.909330 -0.810728 1.679745
-1.190736 -0.816354 1.672652
-1.787803 -0.813717 1.634119
-0.611248 -0.815996 0.992510
0.003807 -0.213262 1.001913
-0.672918 -0.286045 1.021286
-0.657668 -0.326956 0.998229
-0.634927 -0.299569 1.586351
-0.651272 -0.254253 2.117463
-0.046107 -0.246766 2.081828
-0.736914 -0.289666 2.784073
-0.697078 0.363747 2.742896
-0.623034 0.405497 2.667915
0.663526 0.444991 2.640784
0.057981 0.433653 2.646368
0.639134 -0.263483 2.673768
0.668151 0.389039 2.665614
0.707793 0.449725 2.002941
1.328615 1.154053 1.360390
1.311148 1.137856 1.374741
1.940451 0.404784 2.053763
1.964848 0.384241 1.379308
2.021317 0.404238 0.743307
2.703916 0.395942 0.761827
2.672403 0.310858 0.167149
2.624561 -0.426920 0.240759
2.609172 -0.455822 -0.368703
2.642193 -1.010727 -0.373782
2.681839 -0.971664 0.255408
2.674384 -1.011028 0.248536
3.242750 -1.074879 0.248133
3.221633 -1.065717 0.227074
3.261714 -0.366444 0.213236
3.316275 -0.319037 0.827994
3.307141 -0.320190 0.789355
2.612617 -0.335226 1.408748
2.582038 -0.302244 1.426379
2.006497 -0.247723 1.456638
2.063180 -0.222052 1.446227
2.022397 -0.239794 1.403209
1.920122 0.389449 0.769855
1.887119 0.369598 0.143989
1.952943 0.347026 0.169375
1.994204 0.316405 0.818332
1.921078 0.898859 0.783718
1.158259 0.251911 -0.481546
1.119620 0.305865 -0.419352
1.188609 0.359803 -0.339460
1.898349 1.025959 -0.282901
1.852525 1.054053 -0.260776
1.181676 0.477566 -0.257225
0.561241 -0.096304 -0.258089
0.655797 0.519115 0.358985
0.676012 0.473435 0.947338
0.601010 0.444356 0.896598
0.531108 0.456848 0.871334
1.197969 -0.146999 0.886231
1.920356 -0.164845 0.927577
1.277165 0.389692 1.598739
1.233335 0.342035 1.594904
1.243028 0.974465 0.918836
1.317785 0.933171 0.960264
2.000552 0.880221 1.030354
1.973791 0.797250 1.079280
