-0.212062 1.227882 1.565490
-0.186962 2.346985 1.555594
0.433284 2.926316 1.569824
-0.198791 2.970258 3.452398
-0.209146 3.041615 3.461300
0.412733 3.030811 3.445487
0.430049 2.969401 3.430509
0.436397 2.325295 3.444755
0.430509 1.796372 3.459945
0.450625 1.846157 2.817627
0.500931 1.817437 2.783212
0.537840 1.760662 3.407462
0.528106 1.762980 3.443627
-0.778829 1.819199 2.844758
-0.774998 1.850790 3.499726
-0.108297 1.183825 3.498618
-0.096269 1.178897 3.519949
-0.127291 1.241484 2.887575
-0.795332 1.321853 3.529314
-0.787701 1.342809 2.853884
-0.102174 1.297897 2.836408
-0.087338 1.255112 2.851675
-0.792340 1.878096 2.862364
-0.852120 1.900491 2.824672
-0.227913 1.894991 2.773074
-0.213680 2.460324 2.764535
-0.228363 2.467276 2.796249
-0.906629 1.866708 2.808653
-0.951796 1.888893 2.759611
-0.924496 1.852100 2.707060
-2.168851 1.775760 2.719551
-0.888100 1.708221 3.419469
-0.919520 1.041242 3.457733
-0.968706 1.011703 3.431064
-0.375376 1.022148 3.395611
-0.354619 1.006048 3.405924
-0.360276 1.009674 3.438871
-0.401057 0.404368 3.435188
-0.418776 0.476015 2.102236
-0.999960 0.505845 2.076587
-0.911704 -0.141800 2.108044
-0.220950 -0.195566 2.798687
-0.233040 -0.203779 2.782745
-0.250156 -0.185823 2.112518
-0.221096 0.429851 2.101636
-0.183525 0.377180 2.126644
-0.204908 0.974173 2.151997
-0.901753 1.623663 1.498387
-0.363750 0.411698 0.823483
-0.957234 0.438017 0.188131
-2.195315 0.417337 0.232038
-2.215920 1.017439 0.248111
-1.661213 1.003652 0.207923
-2.321104 -0.276631 -0.455807
-2.331140 -0.885081 0.203849
-2.345301 -0.326865 0.276339
-2.382457 -0.355867 -0.310084
-2.413794 0.906892 -0.344904
-2.404281 0.938055 -0.397856
-2.350708 0.392713 0.240773
-2.299907 0.439575 0.303850
-0.930361 0.470913 -0.297727
-0.912476 0.487126 0.916713
-0.862758 0.495764 0.874506
-0.794415 0.518589 1.494128
-1.352773 0.552289 1.536446
-1.364228 0.577744 0.377784
-1.980728 2.479952 0.349395
-1.377476 2.989503 0.869937
-1.373619 1.096571 0.841468
-1.389517 1.113127 0.845769
-1.419454 1.117192 0.837169
-1.439236 1.088536 0.800132
-1.432687 1.067334 1.413852
-0.786132 1.735258 1.458023
-0.796966 1.772882 1.512473
-0.170400 2.439442 0.893982
-0.207498 2.421731 0.861407
-0.220802 2.421718 1.456518
0.420462 1.853672 1.461019
-0.164321 1.916905 0.864096
-0.171385 1.940020 0.867507
-0.811862 1.921885 0.856854
-0.773338 1.909128 1.505980
-0.740622 1.923095 1.554075
-0.720234 1.960141 1.610901
-0.098782 1.976328 1.626059
-0.096173 1.968251 1.648129
-0.072002 1.966905 1.034515
-0.038080 1.334163 1.065774
-0.013539 1.353935 1.067701
-0.658311 1.352164 1.056052
-0.648127 1.324706 1.067401
-0.645601 1.297044 1.120721
-0.663105 1.937367 1.172491
-0.694299 1.936021 1.176781
-0.723655 1.903970 1.155567
-0.738549 1.859412 1.140244
-0.749087 1.840738 1.142621
-0.762290 1.863773 1.124535
-0.122105 1.892301 1.062369
-0.104796 2.537528 0.983598
-0.695918 2.531234 0.949319
-0.667033 2.490262 0.965519
-0.648928 2.489859 0.966528
-0.621082 2.511309 0.926778
0.067411 2.494832 1.534516
0.083401 2.458842 1.528027
0.083726 2.440102 1.540432
0.105810 2.466434 1.506880
0.148443 2.511956 1.434582
0.172471 2.532358 1.995974
0.134432 1.874527 2.617933
0.066819 1.885375 2.651731
0.029361 1.918024 2.664441
0.013495 1.929080 2.647952
-0.022642 2.522258 2.020088
-0.102193 2.456135 2.051662
-0.145535 2.397927 1.420946
-0.126552 2.376050 1.426638
-0.093220 2.374152 1.389490
0.577915 1.695380 1.376992
0.533800 1.645324 1.434226
0.515657 1.622144 1.492674
0.537593 2.283501 1.500283
0.556802 1.653372 2.141133
-0.099333 1.624379 2.157849
1.124199 2.162706 2.217428
1.142313 2.128511 1.614017
1.184464 2.785515 1.565071
1.203883 2.827505 1.481840
1.161839 2.833991 1.458634
0.451930 2.196942 1.499693
0.487375 2.190971 1.531620
0.520019 2.286356 1.508517
1.158903 2.348064 1.458538
1.082412 1.724284 1.453342
1.008851 1.679735 1.490081
0.406679 2.329386 1.506924
0.437146 2.987858 1.471310
0.423176 2.378909 1.428729
0.344677 1.686467 1.431744
0.279445 1.034773 1.457441
0.298696 1.728593 1.468434
0.352558 2.444909 1.453637
1.020010 1.814636 1.440815
0.350589 1.764242 1.446478
0.287802 1.708614 1.448135
0.301379 2.320780 1.430719
-0.281254 2.320935 1.411154
0.394672 1.651419 1.416848
0.344519 1.588678 1.442866
0.301917 2.194042 1.471478
0.975869 2.268714 1.502300
1.054089 2.362001 1.553174
1.068470 2.382019 1.622625
0.997727 2.974877 1.691429
-0.297645 2.930694 1.737476
-0.921316 2.946871 1.775574
-0.893476 2.979051 1.824318
-0.923613 2.938113 1.853189
-0.975898 2.856126 1.836875
-0.317798 2.202895 1.810599
-0.285565 2.278230 1.826339
-0.265468 2.378540 1.874759
-0.331384 2.389090 1.897934
-0.405697 2.316351 1.869728
-0.406317 1.657443 1.834843
-0.341383 1.690448 1.840499
-0.296222 2.984480 1.857637
0.314401 2.940385 1.798873
0.960204 3.475471 1.671241
0.355543 0.317156 1.572531
0.465923 0.412055 1.553090
0.529709 -0.132636 1.576553
0.509353 1.101282 1.561520
1.112459 0.432683 1.509530
1.124456 0.415171 1.491984
1.154775 0.436423 1.532104
1.138398 0.465024 1.573844
1.065097 1.108796 1.550444
1.013768 1.685742 1.489876
1.036432 1.063127 1.456993
0.437428 1.164648 1.468832
-0.181688 1.245449 1.489524
-0.191181 1.246151 1.467989
-0.229424 1.208596 1.426212
-0.261210 1.859207 1.413690
-0.289067 1.930608 2.054151
-0.326162 2.578327 2.043177
-0.374487 3.159701 1.987106
0.215625 3.097833 1.938705
0.236377 3.124698 1.923219
-0.336280 1.939463 1.922343
-0.303126 1.983456 1.287872
-0.304344 2.640045 1.282366
0.924571 2.007680 1.303152
0.933142 2.014527 1.349317
0.929908 2.034816 1.401982
0.886216 2.644335 1.424369
0.840650 2.589092 1.425146
1.460307 2.549564 1.446608
1.490560 2.562827 1.488245
1.511594 2.593503 1.529840
1.499323 1.309417 0.250614
1.479572 1.298927 0.264737
1.497864 1.271372 0.262278
1.531516 1.268079 0.246657
1.536401 1.287188 0.224333
1.507217 1.272147 0.178158
1.477104 1.160434 -1.176468
2.139410 1.031640 -1.254878
2.183985 1.693965 -1.301228
2.209684 1.734072 -1.307171
2.198595 1.129845 -2.584062
0.897699 1.076716 -2.583930
0.945390 1.012257 -2.560408
0.356396 1.000033 -2.502082
-0.273207 0.386344 -2.438500
0.319987 -0.207756 -2.388628
0.336383 0.459590 -2.342818
0.407008 0.446044 -2.306708
0.498072 1.094198 -2.294166
0.547574 0.497924 -2.308556
0.539396 0.526240 -2.327962
-0.708118 -0.124546 -2.324968
-0.707750 0.477066 -1.673885
-0.718214 0.479546 -1.652633
-0.770841 -0.102649 -1.660803
-0.843802 -0.048794 -1.674617
-0.884203 0.575825 -1.661785
-0.857170 1.188813 -1.639525
-0.803417 0.501504 -1.652017
-0.155952 0.555512 -1.703537
-0.181170 0.626069 -1.756322
-0.195447 0.652695 -1.778319
-0.187863 1.268601 -1.166155
-0.846712 -0.657172 -1.192808
-0.896226 -0.012766 -1.861279
-0.953249 0.015289 -1.902974
-0.320096 -1.190807 -1.913308
-0.297504 -1.237811 -1.925624
-0.271825 -0.614846 -1.959784
-0.254451 0.615030 -1.975405
-0.240707 0.640879 -1.955724
-0.216757 0.593967 -1.906287
-0.869945 0.493104 -1.864746
-0.270964 0.443005 -1.859868
0.348142 -0.194823 -0.613964
0.349867 -0.157589 -0.592786
0.363592 -0.172969 -0.534958
-0.291914 -0.199024 -0.505198
-0.293815 0.436028 -0.505754
-0.286092 0.488169 -0.507859
-0.241474 -0.079863 -0.483502
-0.185973 -0.080733 -0.454095
-0.190091 -0.056907 -0.460435
-0.254400 -0.691608 -0.500633
-0.934723 -0.675820 -0.560294
-0.929914 -1.286297 -0.594219
-0.894452 -1.239528 0.660565
-0.253403 -1.192204 0.628785
0.339625 -1.159108 0.591394
0.368089 -1.728203 0.585145
0.439177 -1.715176 0.613244
0.488534 -1.742213 0.644139
0.478150 -1.789041 0.657681
-0.149880 -1.831990 0.660489
0.455286 -1.853886 0.667759
0.474694 -1.871524 0.690666
0.513499 -2.555517 1.352119
0.537393 -3.228788 1.988836
0.548295 -2.567408 2.015159
0.561974 -2.545530 0.765827
0.585291 -1.870305 0.157008
0.613705 -1.207619 0.186517
0.624716 -1.254841 -0.447737
-0.036841 -1.311483 -0.453006
-0.065557 -1.336472 -1.739715
-0.091744 -1.328824 -1.754291
-0.088053 -1.321167 -1.771561
-0.066273 -1.327689 -1.792802
-0.061780 -1.326488 -2.402187
-0.067290 -1.293658 -2.372732
-1.286930 -1.248497 -1.678610
-1.309455 -1.241301 -1.675466
-1.327570 -1.276481 -1.061441
-1.328012 -1.307207 -1.076965
-1.287753 -1.289329 -0.470226
-1.932766 -1.261382 2.036106
-1.919338 -1.274629 2.057337
-1.314372 -1.302498 2.680870
-0.688626 -1.282987 2.621437
-0.700783 -1.216671 2.602662
-0.069467 -1.838152 2.627672
-0.088110 -1.889933 2.632906
-0.126610 -1.318962 2.583826
-0.805028 -1.311848 1.880019
-0.853681 -1.244678 1.861433
-0.251026 0.084006 1.893750
-0.249476 -0.608161 1.919870
-0.248220 -0.662144 1.909106
-0.256612 -0.642772 1.884594
-0.256318 -0.563668 1.887020
-0.228768 -1.144228 1.924562
-0.199743 -1.162869 1.955184
-0.192223 -1.200599 1.954305
0.412303 -0.038217 1.940413
0.387029 0.684956 1.946603
0.386009 0.734928 1.976385
0.410937 0.781972 1.354137
-0.193348 0.807204 1.362708
-0.204139 0.817091 1.346733
-0.221891 0.836562 1.329287
-0.237971 -0.416837 1.328009
0.255316 -0.391801 1.322933
0.893066 -0.382637 1.302943
0.845055 -0.396602 1.938366
0.793614 -0.411766 1.932243
0.765004 -0.403947 1.944954
0.108635 -0.378311 1.965171
0.121320 -0.383852 1.981551
0.122474 -0.432562 1.336899
0.134604 -0.481462 1.969899
0.148480 -0.487989 1.969676
0.804400 -0.468756 1.978143
1.454583 -0.475062 1.299094
0.810270 -0.519651 1.276175
1.472025 -0.553253 1.250240
2.205782 -0.545423 1.239833
2.229420 -0.520733 1.247065
2.223938 -0.532173 1.239123
2.866529 -0.585940 1.193592
2.876410 -0.622228 0.519601
3.518544 -0.607001 1.167714
2.830869 -0.574577 1.169520
2.811463 -0.582326 1.800506
2.098551 -0.627293 1.787128
2.065357 -0.646167 1.787104
1.405477 0.712676 2.429061
0.758208 0.722417 1.805203
0.788552 0.719361 1.815752
0.814468 0.723038 1.775172
0.829592 0.736227 3.075532
0.833029 0.077660 3.075329
0.841453 0.072529 3.081949
0.873667 0.077345 1.801134
1.561421 0.112037 1.820904
1.577155 0.166218 1.811985
1.564215 0.199610 2.488756
1.551139 1.497220 2.493627
0.886379 1.544250 1.853515
0.902237 1.608975 0.662193
0.911452 2.279444 0.662540
1.555841 2.262487 1.353926
1.531634 1.599445 0.764294
1.504635 1.612094 0.823697
1.476606 1.657198 -1.084047
2.061057 1.682179 -1.121679
2.032215 1.641764 -1.135531
2.009471 1.609676 0.837679
1.998278 1.630797 0.914026
2.618239 1.666883 1.539146
2.615719 1.673183 0.901030
3.271161 1.619627 0.849637
3.288114 0.235415 0.840259
3.315683 -1.067123 1.495973
3.362324 -1.744301 1.477701
2.755641 -1.751504 1.410165
2.783790 -1.135311 1.348458
2.808828 -1.786951 0.106057
2.832822 -1.150212 0.135364
2.865210 -0.354187 -0.501316
2.894327 -0.295615 -0.511050
2.916567 -0.298407 -1.169224
2.311943 -0.364970 -1.148198
2.350031 -0.432849 -0.496527
2.347797 -0.422469 -0.529982
2.295161 -0.344584 -0.591180
2.241552 -0.926891 -1.249563
2.233459 -0.952196 -1.857146
2.835397 -1.006364 -1.197315
2.860435 -0.995874 -0.033307
2.786916 -0.927172 -0.093772
2.745299 -0.908858 -0.791643
3.378896 -1.578155 -0.808336
2.844121 -1.010647 0.392128
2.828044 -0.994545 0.326904
2.738086 -0.913635 0.255720
2.677941 -0.269094 0.219871
2.076946 -0.322270 0.248758
2.855208 -0.376374 0.891505
2.846392 -0.351059 0.898555
2.800341 -0.282918 1.523531
2.101322 -0.267912 1.550002
2.157457 -0.313421 1.591421
2.200139 -0.365687 2.928209
2.222551 -0.358953 2.285513
2.825746 -0.324468 2.862128
2.142164 -0.326222 4.191370
2.158724 -1.005298 2.942011
2.184654 -1.030250 2.326916
1.504243 -1.008261 2.314068
1.438963 -0.976598 1.699540
2.051732 -1.602173 1.035808
2.064781 -1.659171 1.709211
2.084064 -1.694085 1.063159
2.050944 -1.685091 1.030699
1.985904 -1.674927 1.014987
1.926894 -1.699362 1.040335
1.917342 -1.732087 1.079579
2.613094 -1.730415 0.469592
2.587873 -1.710363 0.442184
3.198953 -1.707091 0.446861
3.167540 -1.735010 0.491700
3.209015 -2.412493 0.522217
2.640348 -2.419654 0.507612
2.602958 -1.809876 0.464344
2.570132 -0.508686 0.456252
1.889878 -1.826329 0.477319
1.926137 -2.461686 -0.166972
1.309188 -0.557616 0.498055
1.339108 -0.578322 0.490018
1.300818 -1.179120 -0.113478
0.014405 -2.480493 -0.094502
0.050356 -2.481333 1.131115
-0.505183 -2.494357 1.153221
0.206094 -1.269447 1.143796
0.151666 -1.879891 1.111526
0.101357 -1.848865 1.098676
0.103769 -0.503078 2.356589
0.159095 -0.473459 2.993823
0.209251 -1.704768 2.993035
0.195062 -1.676870 2.964508
0.824427 -1.656808 2.936158
0.808590 -1.026802 2.928386
0.265706 -1.684103 2.312897
0.355727 -2.327213 2.280491
0.363001 -2.350857 1.638570
0.296038 -2.348443 1.641609
0.256190 -2.320208 1.659197
0.314503 -2.314037 1.654103
0.396782 -1.751516 1.621302
0.410076 -1.796677 1.600895
0.357672 -1.809188 1.618098
0.324421 -2.373904 1.010795
0.366802 -2.337844 0.978178
0.421411 -3.597835 0.939846
0.418613 -3.615993 0.301275
0.370639 -3.606432 0.326179
0.341523 -3.573362 0.365455
0.362775 -3.556659 -0.285903
0.398472 -3.568026 0.339370
1.016370 -3.588665 -0.264937
1.018866 -3.586607 -0.190952
1.022080 -3.585133 0.502133
1.029130 -3.621614 0.494009
1.027276 -2.365855 0.464562
1.638682 -2.392933 -0.733330
1.631912 -3.075094 -0.694736
1.631912 -2.446561 -0.692219
1.631232 -1.820758 -1.395739
1.051764 -1.214049 -1.413772
1.667591 -1.252573 -0.730482
1.702970 -1.926796 -0.090104
1.063017 -2.525650 -0.180475
1.029585 -2.528371 -0.269932
0.990470 -2.568980 -0.288721
0.987297 -2.604849 0.939821
1.005367 -1.349568 0.315458
0.989246 -2.569516 0.324789
0.933474 -1.852955 0.337379
0.907657 -1.870146 0.375444
0.945960 -2.589142 0.401284
1.015508 -2.611512 0.391221
0.433628 -1.967666 -0.288738
0.408749 -1.951199 -0.286458
1.009734 -1.989124 -0.273946
1.032162 -2.027590 -0.291255
0.437955 -1.993244 -0.319228
0.428398 -1.896215 0.284654
0.391932 -1.827754 0.313665
0.991816 -1.845425 0.329972
0.359883 -1.895513 0.291398
-0.246709 -1.902855 0.245779
-0.276943 -1.840743 0.228059
0.280637 -1.784206 -0.413518
0.266959 -1.796733 -0.454370
0.283844 -1.843455 0.084373
0.286247 -1.854592 0.050008
0.874979 -1.806615 -0.575115
0.822693 -1.754988 -0.562830
-0.397085 -1.755910 0.080017
-0.395781 -2.462595 0.057692
-1.010032 -2.489928 0.041559
-0.332122 -1.175945 -0.639024
-0.288653 -1.171337 -0.672880
-0.256471 -1.215485 -0.719422
-0.249574 -2.515104 -0.763511
-0.252231 -2.507866 -0.783824
-0.260688 -2.469461 -1.400301
-0.266664 -2.423707 -0.721657
-0.282553 -2.401087 -0.712788
-0.316301 -2.400719 -0.090867
-1.666348 -2.384555 -0.071829
-1.658099 -2.361210 -0.059279
-1.619660 -1.737371 -0.075437
-1.586588 -2.345116 -0.106641
-1.588185 -2.369143 -0.104015
-1.611597 -2.400939 -0.057582
-1.004655 -2.421394 0.001915
-1.002354 -2.417939 0.033041
-0.983257 -2.423212 0.040953
-0.979702 -2.451449 0.069040
-1.000572 -2.489755 -1.172358
-1.020083 -2.511930 -1.132425
-1.001473 -2.508635 -1.121646
-0.951137 -2.503972 -1.138972
-0.259165 -2.517336 -1.170510
-0.228172 -2.536311 -1.201471
-0.240714 -2.525565 -0.541358
-0.272848 -2.496207 0.094852
-0.270319 -2.481800 0.082047
-0.206449 -2.493530 0.068689
-0.145609 -1.234626 -0.564225
-0.144911 -0.601195 -0.578747
-0.182503 -1.148128 0.744493
-0.846046 -1.129659 0.738270
-0.784104 -0.557371 0.695734
-0.729121 -0.558063 0.643151
-0.109017 -0.535687 -0.036757
0.401678 -0.547024 0.003003
0.366615 0.027567 0.704583
-0.275449 0.006264 0.658900
-0.241187 -0.597637 0.621926
-0.922436 -0.551801 0.647848
-0.989375 -1.853899 0.697145
-0.972848 -1.870589 0.700233
-0.901146 -1.862517 0.682589
-0.881852 -1.848335 0.707272
-0.970865 -1.241841 0.781439
-1.081676 -0.638134 0.176672
-1.094886 -0.669603 0.846642
-1.033604 -0.057681 0.849790
-0.995849 -0.005692 0.249102
-1.031922 0.026096 0.209110
-1.072481 1.204164 0.222998
-1.016645 1.793494 0.184417
-0.907526 1.226737 0.179057
-0.223361 1.961808 0.819086
-0.931118 1.959146 1.434116
-1.012492 0.501768 1.384072
-1.006439 -0.215670 1.355489
-0.297952 -0.230275 1.370340
-0.260934 -0.214245 1.359850
-1.585839 0.404673 1.327448
-1.659516 0.377884 1.289743
-0.976000 0.392667 1.293486
-0.291013 0.470519 1.346884
-0.246226 0.553805 1.372111
-0.278913 0.582855 1.326430
0.288005 0.555583 1.276285
0.264429 -0.109797 1.284001
-0.323695 1.362257 1.349727
0.270402 1.386436 1.386195
0.231299 1.346389 1.362279
0.212315 1.286574 1.338623
0.234652 1.311312 -0.521534
-0.360148 2.007934 -0.439129
0.270578 2.050942 -1.013943
-0.368867 2.018941 -1.075121
-0.372453 1.321849 -1.141539
-0.367636 1.329920 -1.116983
0.251957 0.071921 -1.025082
0.849615 0.091115 -0.995152
0.189131 0.683616 -1.072018
0.192546 0.634465 -1.149315
0.225671 0.034420 -1.136200
0.871447 0.170819 -1.071315
0.829620 0.259879 -1.686130
0.794238 0.261955 -1.764849
0.179724 0.233895 -1.820491
0.173212 0.250142 -1.815441
0.109705 0.311324 -1.163621
0.030789 0.321460 -1.185734
0.028078 0.248821 -1.248056
0.113566 0.161831 -1.300772
0.191857 0.154645 -1.310217
1.522766 1.442607 -1.945183
1.506138 1.431648 -1.936670
1.523574 1.391892 -1.919866
0.940700 1.357706 -1.885523
0.946357 1.372175 -1.845695
0.894387 2.032019 -1.175465
1.421089 1.455632 -1.143104
1.442694 1.421750 -1.124691
1.553146 1.379821 -1.118957
0.928745 1.388991 -1.125282
0.897287 0.811260 -1.775002
0.825257 0.839158 -2.384331
0.798749 0.819887 -2.369990
0.821715 0.785887 -2.371178
0.810928 0.201757 -2.371461
1.370374 0.239584 -2.360847
0.111938 0.265188 -2.356272
0.070501 0.245861 -3.000229
1.482506 0.166789 -3.037937
0.912466 0.110767 -3.647078
0.945267 0.087310 -3.655702
0.379017 -0.513314 -3.663864
0.405582 0.119968 -3.677219
0.458157 0.087022 -3.664109
0.484380 -0.541677 -3.642005
0.467652 0.096424 -2.991729
0.433645 0.108835 -2.975137
0.429381 0.140718 -2.979052
0.465438 -0.493801 -2.980751
0.468802 -0.518343 -0.449742
1.135801 -0.536102 -0.425157
1.772386 -1.132779 -0.399786
1.778951 -1.061635 1.524672
1.761962 -0.383134 0.929740
1.718432 0.232901 0.939839
0.448367 -0.381872 1.530665
0.462251 -0.366682 0.893497
0.484240 0.245082 0.876943
-0.158470 0.302057 0.875439
-0.199968 0.267388 0.872783
0.567711 -1.694160 1.504154
0.596674 -1.750750 1.493707
0.633054 -0.455828 1.506856
1.248988 0.202713 1.529684
1.219892 0.769763 1.526576
-0.022004 0.743647 2.143893
0.613596 1.354214 1.405653
0.662973 0.762207 1.375267
0.683583 1.394249 1.383211
0.004988 1.402219 2.018365
-0.067806 0.745595 2.027390
-0.107262 0.739891 1.380218
1.235621 0.748342 0.751755
1.236635 0.774915 1.463250
1.163874 0.803044 2.165192
1.063953 0.858433 0.899936
2.296334 0.873859 0.840606
1.115323 0.873813 0.821373
1.103594 0.865420 0.821504
1.061194 0.859733 0.774833
1.020546 0.872479 0.063132
1.006944 -0.367527 0.027336
1.001979 -0.341538 0.704900
0.976450 -0.342482 0.758717
0.930578 -0.360300 1.391674
0.889956 0.914630 1.347790
1.513943 -0.485572 1.302332
1.518834 -1.186204 1.921028
0.897670 0.116421 1.947613
0.923472 0.138552 1.961803
0.325631 0.192045 1.929319
0.352499 0.234517 0.641587
0.383828 0.234683 0.689208
1.062997 0.226322 0.772738
1.096665 0.249616 0.815561
1.096378 -0.344066 0.807561
1.069846 -0.337454 0.807636
1.041230 -0.406719 0.862093
1.041457 -1.103099 0.921298
0.401056 0.162933 0.927666
0.405938 1.540342 2.816857
0.376607 1.551940 2.820431
0.325860 1.483021 2.850852
-0.267076 2.063027 2.855559
-0.236096 2.041174 2.809327
-0.235540 2.022857 3.349602
-0.309491 1.961006 3.344528
-0.403863 1.895342 2.795630
-0.412692 1.900566 2.825837
0.301799 1.969952 2.821156
0.346057 2.023663 2.166578
-0.320777 2.034006 1.493349
-1.041155 2.025759 1.503654
-1.042796 2.034511 2.158909
-0.980785 2.035009 2.163271
-0.935577 1.981875 2.128636
-0.972688 1.292761 1.568675
-1.038424 1.304966 1.595341
-1.040928 1.359548 2.211123
-0.379076 2.017495 2.849232
-0.287837 1.360526 2.155294
-0.266358 0.753730 2.114764
0.348866 0.811388 2.067226
0.328031 1.464535 2.663813
0.381598 1.438922 2.618522
1.066753 1.363838 1.942565
0.367296 1.324951 1.941400
-0.434240 1.361030 2.563176
-1.089123 0.832178 2.567919
-1.056189 0.838061 2.588521
-0.393360 0.814481 1.387660
-0.385301 1.464775 1.365693
0.211218 1.553108 1.335240
0.132966 2.239563 1.327370
0.806031 2.197733 1.350142
0.845925 0.174132 1.363060
0.885660 0.123187 1.360180
0.266107 0.143952 1.367385
-0.418127 0.200022 1.388533
-0.424103 0.213468 1.402887
-0.382269 0.175608 2.010819
-0.329058 0.151763 2.631649
-0.325573 0.788387 2.612330
-0.379476 1.431713 2.594098
-0.424136 1.392632 2.562236
0.233403 1.333937 2.519876
0.295324 1.282254 2.501066
0.328156 0.657720 2.514375
0.312533 -1.193394 1.284629
0.312583 -1.178820 0.639327
0.385535 -1.844206 1.338212
0.489583 -1.831379 1.405178
0.523637 -1.128514 1.434095
0.489145 -1.111565 0.125677
0.474436 -1.774299 1.331739
0.520803 -1.183212 1.974908
0.576425 -1.220724 1.995982
0.570858 -1.220689 2.008064
0.523075 -1.219596 1.343554
0.513553 0.029599 1.338546
0.569115 -0.565283 1.954819
0.608614 -0.535666 0.710587
0.561644 -1.170227 0.703120
0.469233 -1.202011 0.080676
0.410911 -1.263049 0.035646
0.394967 -1.293522 0.613385
0.356410 -1.939077 0.613745
1.485740 -1.943515 0.633399
1.399866 -1.996253 0.656120
1.402190 -2.043240 0.031261
1.482678 -2.005488 0.072592
0.895693 -1.912325 0.748507
0.902312 -1.867994 0.163702
0.276764 -1.907069 0.130006
0.301611 -1.971380 -0.545586
0.353467 -1.986841 -0.581536
0.362985 -1.978038 -0.569118
0.301761 -2.015534 0.116213
-0.397697 -2.099522 0.124783
-0.360180 -1.528282 0.126088
-0.248429 -1.477530 0.162290
0.454086 -1.416885 0.238755
0.471558 -1.421770 0.281644
-0.782075 -1.465920 -0.419630
-0.770589 -1.471348 -0.517854
-0.760642 -2.108939 -0.559881
-0.145469 -1.392896 -0.517122
-0.185950 -1.411633 -0.461425
-0.848466 -1.444567 -1.122758
-0.185912 -2.058557 -1.127611
0.494306 -1.967192 -0.496871
0.514963 -1.224724 0.240916
0.531667 -1.230288 0.296409
0.576793 -1.249175 0.259961
0.631027 -1.228265 0.174869
0.652186 -0.572197 0.134212
0.626167 -1.846101 0.806375
0.612976 -1.914871 0.841812
0.644802 -1.987946 0.846505
1.328041 -2.003644 0.222246
1.916952 -1.976424 0.271606
1.857707 -1.973104 1.015408
1.193165 -2.009113 1.078360
1.213018 -2.044711 1.055008
1.233316 -2.067116 0.988886
1.209051 -1.486541 0.963940
1.214495 -2.120397 0.359099
1.260223 -2.138753 -0.301318
1.330419 -2.139299 -0.327837
1.361157 -2.753771 -0.344627
1.336206 -1.430361 -0.318943
1.298734 -1.423662 0.334622
1.289049 -0.146110 0.352379
1.295906 0.490738 0.335971
1.257739 0.495976 0.306969
1.830070 0.477043 0.299185
1.813531 -0.179559 0.316083
1.849418 -0.169191 0.336039
1.889716 -0.119424 0.341192
1.867833 1.199606 0.340739
2.461855 1.192823 0.991244
1.796055 0.547664 1.014554
1.823403 0.556551 0.356808
1.851708 0.573760 0.946568
1.823746 -0.087787 0.877961
1.785611 -0.130482 0.835115
1.799441 -1.430448 0.804287
1.876070 -1.408064 0.762283
2.572717 -1.356830 0.720011
2.523968 -1.316379 0.710311
2.424415 -1.965624 0.730574
3.002677 -2.574833 1.348815
2.981842 -2.535845 0.704259
2.975057 -2.509528 0.664282
2.884622 -1.915454 0.655789
2.113118 -1.956309 1.290115
2.702291 -1.308258 1.291278
2.725978 -1.268620 -0.597907
2.743678 -1.236187 -0.596953
2.697839 -1.236125 -0.571964
1.995563 -1.232630 0.061991
1.342656 -0.602097 0.657487
1.397869 -0.552009 0.627624
2.069886 -0.538890 0.608063
2.060562 -0.578015 0.598197
1.441057 -0.645155 0.577198
0.839560 -0.697065 0.554656
0.947904 -0.722221 -0.053029
1.078023 -0.738750 -0.037448
0.481974 -0.742647 0.564486
1.119347 -1.403563 0.569982
1.127426 -1.408476 -0.033018
1.838900 -1.398932 -0.024457
1.254623 -1.383801 -0.011143
0.588252 -1.390062 0.587526
0.537118 -1.444502 0.555105
1.180142 -1.512552 -0.047418
2.539612 -1.565923 0.007108
2.601132 -1.589500 0.665596
1.904788 -1.591238 0.687609
1.845717 -0.975700 0.696356
2.462664 -1.011031 -0.555256
3.727336 -1.616555 0.122460
4.395561 -1.570072 0.144898
4.358366 -0.861073 0.102216
4.296513 -0.830612 -0.592782
2.449620 -0.801359 -0.604108
2.509297 -0.745695 0.070496
2.567684 -0.669504 0.115847
1.922073 -1.255249 0.101432
1.863406 -0.589567 0.054267
2.493112 -0.587923 0.052990
2.524495 -0.580076 1.368952
2.557233 -0.565099 0.787165
2.520490 -0.573634 0.788646
2.448868 -0.596022 1.393253
2.413476 -0.597809 0.750207
2.445642 -1.184808 0.873726
2.487301 -1.120318 0.896233
2.476493 -0.438386 -1.027853
3.026574 -0.452686 0.225212
2.387397 -0.492365 0.267816
2.456047 -0.519488 0.906983
2.513064 -0.563784 0.876714
1.871197 -1.205566 0.858389
1.153144 -1.868009 0.884949
1.162206 -1.870095 0.906668
1.194781 -1.840620 0.882427
1.776271 -1.798796 0.844555
1.714567 -1.809084 -0.427434
2.293847 -1.869712 0.274180
2.297531 -1.927996 0.395710
2.341644 -1.936182 1.016234
2.344461 -0.595938 -0.358764
2.298345 0.037084 -0.400087
1.615332 -0.012405 0.334581
1.637430 1.089122 -0.294548
2.280790 -0.179531 -1.028229
1.601700 -0.150511 -1.107804
2.666758 -0.137598 -1.067345
2.631380 -0.198093 -0.347045
3.305696 -0.250212 -0.309899
3.363925 -0.243708 -0.360674
2.788118 -0.823283 -0.444255
2.765119 -1.508082 -0.458067
1.601425 -2.150838 -0.412636
1.671614 -2.143776 -0.405288
1.719932 -2.115548 -0.449303
1.684694 -2.102886 -0.486359
1.601688 -2.121433 -0.454887
1.559761 -2.161296 -0.385787
1.589757 -1.550894 -0.372193
1.031614 -1.509494 -0.425806
0.359772 -1.450897 -0.502529
0.296600 -0.097075 -0.507439
0.234236 -0.056884 0.714422
0.868201 0.014562 0.702019
0.880025 -0.558285 0.671210
0.869502 0.138003 0.013576
1.462036 1.376684 0.047436
2.019477 1.268633 0.105507
2.018591 1.240842 0.139191
2.078636 1.279341 0.124906
2.133785 1.330825 0.100573
1.528541 1.349318 0.751019
1.497631 0.692392 0.763951
1.513453 0.684219 0.783743
1.584147 0.697539 0.799907
0.985626 0.704514 0.809534
0.973466 0.676355 0.803609
0.932245 0.651659 0.151937
0.937501 0.677268 -0.456866
1.001336 0.712268 0.185981
1.695240 0.737623 1.464668
1.685519 0.752590 2.036295
1.648505 1.355489 1.333233
2.320837 1.380896 0.746875
2.367191 1.390778 0.788916
1.075410 2.005342 0.799781
1.040699 1.352780 0.123556
1.006373 2.004314 0.132157
1.028899 2.010436 0.169368
1.086777 1.980325 0.210267
1.117373 1.940589 0.237520
1.127965 1.937562 0.237816
1.149617 1.990766 -0.372348
1.203627 2.680085 -0.348445
1.243136 2.699310 -0.314335
1.223476 2.673235 -0.289262
1.785840 2.634465 -0.291661
1.187639 2.637910 -0.315240
1.204168 2.648709 0.267888
1.217570 1.971921 0.251409
1.194658 1.325009 0.226608
1.159325 0.684770 0.182593
1.134263 0.712523 0.126637
2.402772 0.742939 0.085311
1.806774 1.358183 1.350835
1.773523 2.013553 0.715023
1.735849 1.975918 1.415758
1.709015 2.688169 1.448398
1.693546 2.705757 1.425670
1.672045 2.712193 0.762105
1.648860 2.714896 0.085206
0.303886 2.092161 0.736268
0.883553 2.719503 0.710667
1.463521 2.718637 1.295130
1.472921 0.177832 1.246262
1.475956 -2.368640 1.265871
1.459207 -1.125204 0.712162
1.435355 -1.773136 1.420169
1.442776 -1.778457 1.409107
2.099827 -2.415833 1.381901
2.099305 -2.410698 1.414055
2.085393 -1.653000 0.829242
2.067327 -1.091289 0.834307
2.053286 0.199708 1.441715
2.024849 0.207633 1.395124
0.720707 0.164081 0.758609
0.687881 0.103126 0.827190
0.661959 0.102920 1.504152
0.655362 0.126391 1.434155
0.642460 1.431180 1.366877
0.617982 2.079806 1.369898
0.594178 1.407696 1.382583
0.599550 1.396258 1.333781
0.628019 1.391952 1.244485
0.663730 1.359324 1.191305
0.696336 1.289796 1.211704
0.717551 0.618523 1.244104
0.737134 0.591493 1.244470
1.396292 -0.070297 1.855610
1.423443 -0.048809 1.868774
1.458400 -0.680851 1.925465
1.506439 -0.660345 1.955400
0.914695 0.587948 1.912588
0.941322 0.596611 1.840102
0.965288 0.618920 1.816081
1.007045 0.645125 1.856776
1.057894 1.318099 1.904016
1.065536 0.663744 1.904027
0.462463 0.013928 1.884027
0.456249 0.048905 1.897577
0.490782 0.101982 1.943216
0.525941 0.823422 1.328729
1.736035 0.822943 1.287403
2.319703 0.807499 1.225000
2.300714 0.197382 1.193448
1.680514 0.181814 1.189605
1.738956 0.773051 1.183900
1.094321 0.719525 1.183491
1.043129 0.688456 1.218781
1.025920 1.351067 1.279749
2.324772 1.359576 1.309888
2.368786 1.348500 1.288666
3.591390 0.034526 1.256709
3.525862 0.015905 1.253063
3.519389 0.040202 1.258896
2.932457 0.053193 1.232359
3.640275 -1.243063 1.188346
3.625164 -0.616920 1.176299
4.211438 -0.624962 1.811425
4.228799 -0.599203 1.273281
3.674316 0.687396 1.970223
4.361964 0.724541 2.546006
4.356049 1.406832 2.514334
4.344472 0.128387 1.831992
3.144987 -0.457524 1.845337
2.572717 -0.435252 1.846988
1.943318 -0.409844 1.817699
1.887880 0.254681 1.790709
1.842662 0.887455 1.802556
