-1.825636 -0.669576 -3.047531
-3.730585 -0.708278 -3.036836
-3.740878 -0.700062 -3.052693
-2.445948 -1.275133 -2.398882
-2.444770 -0.616633 -2.348733
-3.103557 -0.029590 -2.287103
-3.158157 0.570335 -2.273112
-2.574255 -0.052990 -2.302486
-1.975574 -0.001980 -2.329818
-2.000098 0.665860 -2.343826
-2.021549 0.002875 -2.355640
-1.391059 -0.040986 -2.416237
-1.346751 -0.030920 -2.484820
-1.930443 0.018975 -1.891080
-1.933743 0.038586 -2.496577
-1.323377 0.004655 -1.872564
-1.913046 -0.024722 -1.903239
-0.022804 0.642385 -1.956303
-0.035044 0.684138 -1.998206
0.535910 0.043340 -1.386479
-0.708749 0.037335 -0.142198
-0.047279 0.045373 -0.774428
-0.575402 -0.582095 -0.761550
-1.229085 -1.164082 -0.120939
-1.898488 -1.800067 -0.090302
-1.888178 -1.177168 -0.681183
-1.265289 -1.820737 -0.671237
-0.599731 -1.814855 -1.955048
-1.226861 -1.803595 -1.973251
-1.917075 -1.141643 -1.967478
-1.934146 -1.109986 -1.316390
-1.911821 -1.089677 -1.326711
-1.874538 -1.729440 -1.349729
-1.877088 -1.765732 -1.348607
-1.913988 -1.776250 -1.315905
-1.919673 -1.093318 -1.301051
-1.875556 0.869777 -1.334132
-1.829207 0.190655 -1.384737
-1.842824 0.205658 -1.423815
-1.259315 0.253132 -1.431970
-1.272192 0.293411 -1.431077
-0.601863 -0.353212 -1.446095
-0.573441 -0.337433 -1.457479
-0.604394 -0.294691 -1.442156
-0.645987 -0.226170 -1.399109
-0.628770 -0.177500 -1.367897
-0.586417 -0.173599 -1.377027
-0.594827 0.462454 -1.419166
-0.648300 0.492093 -1.477950
-0.671162 1.212317 -1.534315
-0.632118 1.248987 -1.580550
-0.602276 1.261204 -1.623810
-0.625670 0.556221 -1.671076
-0.664826 -0.127491 -1.702255
-0.651088 -0.115060 -1.693348
-0.574697 0.548158 -1.644171
-0.506452 0.534601 -1.607922
0.162621 -0.146705 -1.628182
0.126320 -0.144615 -1.680594
0.142744 -0.119204 -1.078049
0.228145 -0.088109 -1.067766
0.304521 -0.092730 -1.040816
0.302765 -0.135663 -0.444747
0.266738 -0.170267 -0.486946
0.285150 0.476083 -1.110609
0.354807 0.496618 -1.003676
0.393073 0.506263 -0.890485
0.328877 0.498400 -0.861653
0.217747 0.490692 -0.891877
1.440402 0.492705 -0.894780
2.741873 0.504159 -0.842644
2.806197 -0.117216 -0.799500
2.823298 -0.770165 -0.838306
2.803354 -0.832048 -2.164405
2.808410 -0.875658 -2.839411
1.566810 -0.867546 -2.788448
1.630355 -0.821860 -2.694845
-0.210206 -0.790091 -3.285334
-0.236407 -0.795674 -3.322822
-0.276465 -0.803755 -2.719823
-0.288153 -0.157391 -2.727172
0.338523 -0.098458 -2.715002
0.342608 -0.066176 -4.032169
0.356910 -0.091684 -4.113404
0.361008 -0.114386 -4.181249
0.373872 -0.069565 -2.904630
0.389174 0.030503 -2.234239
-0.234460 -0.559320 -2.194032
-0.243185 -0.557808 -2.200958
-0.277646 0.100334 -1.556057
0.925476 0.141131 -0.980650
0.890869 0.222512 -1.013809
0.843300 0.257033 -1.685433
0.798053 -0.392806 -1.765470
1.392150 -0.462641 -1.868681
1.379058 -0.476402 -1.898248
1.349764 -1.103241 -1.830206
1.305197 -1.081351 -1.760493
1.284934 -1.127991 -1.762484
1.972113 -0.543792 -1.788985
1.455138 -0.600920 -1.753723
1.503990 -1.269084 -1.652477
1.513032 -1.914649 -1.599520
1.546028 -1.331203 -1.647833
1.641400 -0.824338 -1.692085
1.707767 -0.879392 -1.614065
1.708860 -1.459893 -2.100022
1.666025 -1.388332 -2.019106
0.410797 -0.731375 -2.044293
0.408877 -0.792655 -2.064793
0.984456 -0.822384 -2.019982
1.539325 -1.390257 -1.976658
0.839738 -1.314155 -2.017345
0.825928 -1.343898 -1.511108
0.819582 -2.124657 -1.567461
1.383424 -2.844013 -1.503756
1.295282 -2.165844 -1.383047
1.218407 -0.729363 -1.416227
1.185711 -0.067347 -1.504354
-0.130569 -0.109336 -1.483953
1.142965 -0.776779 -1.971859
1.148186 -0.746460 -1.899229
0.549975 -1.321081 -1.985835
1.254342 -1.353581 -2.104234
1.252474 -1.463220 -2.105693
1.840440 -1.551263 -2.009366
1.201107 -2.208687 -2.605636
0.624861 -2.171871 -2.013424
1.229100 -2.175131 -3.328320
1.136091 -2.214923 -3.270868
1.099135 -2.900527 -2.540514
1.122906 -2.254953 -2.551512
1.153981 -1.599413 -2.648647
1.142637 -2.264257 -3.359571
1.756782 -3.551634 -2.710793
0.528029 -3.616757 -2.668576
-0.060180 -3.639610 -2.682399
-0.024913 -4.243953 -3.359854
-0.036213 -4.197102 -3.330087
1.174367 -1.597158 -3.252262
1.213713 -1.599388 -2.581939
0.034676 -1.602402 -2.632853
0.066274 -2.241415 -2.697678
0.091841 -1.596397 -2.695055
0.147729 -1.578680 -2.645844
0.215956 -2.201217 -2.643134
0.243275 -2.155509 -1.436100
-0.440682 -1.449319 -1.490879
-0.472274 -2.043445 -1.467660
0.159482 -1.980698 -1.407619
0.755738 -1.948419 -1.421498
0.739744 -1.946990 -1.485607
0.713495 -1.334589 -1.532588
0.776128 -1.365559 -1.523867
1.342162 -1.399567 -0.893188
1.342456 -1.431699 -0.937473
1.921323 -1.415101 -1.010455
0.076927 -1.359632 -1.035582
0.058633 -1.333554 -1.601706
0.626615 -1.375062 -1.584661
0.607223 -1.436727 -1.608384
0.627455 -1.435734 -0.991468
-0.499916 -1.395367 -0.996640
-0.453292 -1.397896 -1.001156
-0.425310 -1.460149 -1.036360
-0.418374 -1.523613 -0.420542
-0.396392 -1.513480 -0.440708
-0.363693 -2.054096 -1.029633
-0.342567 -1.984162 -0.981519
-0.359679 -0.723184 -1.617493
-0.384772 -1.396551 -1.022980
-0.378160 -2.678374 -1.028970
-0.339014 -2.622645 -0.367516
-0.322508 -2.630485 -0.341072
-0.305009 -2.700921 -0.381363
-0.292798 -3.388911 -0.461187
-0.872932 -4.008876 -0.486502
-0.211547 -4.610287 -0.412648
0.390403 -4.614722 -0.316150
-0.263592 -4.006337 -0.918934
-0.344809 -3.329113 -0.927044
0.191934 -3.247961 -0.891667
0.155310 -3.234490 -0.167677
0.143801 -3.960558 -0.102622
0.812832 -4.046236 -0.776401
0.797435 -2.123321 -0.194217
0.767657 -2.077250 -0.231206
0.127297 -2.060179 -0.830291
0.131979 -2.104253 -0.774346
0.759423 -2.127426 -0.124338
0.713568 -2.717339 0.455153
0.644437 -1.975524 0.410899
0.606737 -0.627197 -0.218407
0.654209 -0.702317 0.437583
0.712966 0.527619 -0.244699
0.110624 -0.057770 -1.644510
1.282838 0.560053 -2.285836
1.281557 0.541616 -2.258870
1.347887 1.169222 -2.251612
2.006352 1.806543 -2.876520
0.657064 3.139291 -2.886112
0.564689 3.849869 -2.860028
1.854940 2.579413 -2.829867
1.343756 1.888788 -2.846836
1.414047 3.168197 -2.281922
2.006762 4.473661 -2.953466
1.312497 3.827208 -2.936454
1.331064 3.837376 -2.912351
1.400031 3.858676 -3.503557
0.759173 3.252975 -3.465147
0.662139 3.271632 -3.429876
1.844588 3.291235 -3.401091
2.501001 2.695663 -2.806055
2.562746 2.046898 -2.844006
2.560667 2.046904 -2.881894
2.533731 2.694331 -2.241663
2.568035 2.700142 -2.277912
0.042554 2.066456 -2.304140
0.089187 2.068968 -1.631903
0.079127 2.033438 -1.566318
0.062405 1.980425 -1.536836
-0.540859 1.957954 -2.200796
-1.070541 1.980148 -1.620190
-0.425810 1.960048 -1.604398
-0.477934 1.890097 -0.923481
-0.529137 1.834403 -1.585112
-1.159093 3.068398 -1.604205
-0.542524 3.102497 0.845277
-0.570192 3.145628 0.882554
-0.034055 3.127802 2.231126
-0.144351 3.059757 1.640189
0.454812 2.413437 1.647702
1.119268 1.847876 2.273103
1.106395 1.897981 2.942575
1.061164 1.901608 2.974723
1.040680 1.902082 2.954492
0.406392 2.577193 2.246882
0.468855 2.658073 1.544903
0.483438 2.687857 2.181255
0.449133 2.642399 2.214903
0.429674 2.582956 1.594768
-0.147077 3.224564 1.603308
-0.102206 3.268201 1.617926
0.530405 2.688028 1.660029
0.515353 2.652991 1.045259
0.541572 2.613363 1.066807
0.605483 2.618199 1.033319
0.634375 2.645058 0.995599
0.590814 2.635756 1.016500
0.535775 2.566340 0.463917
0.521754 2.485968 0.516916
0.538358 2.452732 0.521253
0.499875 1.152600 1.120141
1.030048 2.475350 1.799414
0.973623 1.798930 1.869684
1.006639 1.130010 1.889519
1.083352 1.140355 1.839525
1.109179 1.227411 2.430284
1.091818 1.300762 2.452943
0.474631 0.055745 1.866878
0.564943 0.006895 1.882545
0.641076 -0.006375 -0.068952
0.647366 0.056849 -0.092662
0.623425 -0.451533 -0.109266
0.680163 -1.085945 0.518463
1.437295 -0.547815 0.507829
0.899790 -0.596999 0.472998
1.498869 0.020767 0.429242
1.478425 -0.566347 0.416160
0.826970 -0.574507 0.442704
0.220330 -0.021837 0.483329
0.220554 -0.078657 0.532703
0.169900 0.574133 1.186331
0.123509 0.649353 0.572763
0.132572 0.691951 -0.025353
0.156620 0.664107 -0.006142
0.146947 0.621203 0.648530
-1.175307 0.004250 1.938734
-1.222819 0.023378 2.532813
-1.238828 0.008057 1.884531
-1.248282 -0.026448 1.266105
-1.279108 1.916152 1.274682
-0.725589 1.958047 1.268912
-0.796200 1.382801 1.223919
-0.820617 2.036719 2.543401
-0.204287 2.033815 2.467881
-0.211907 3.175457 3.053213
-0.244818 3.169100 3.013144
-0.280834 3.799416 2.984134
-0.286940 3.813914 2.934664
-0.277938 3.826132 2.889454
-0.282634 3.831724 2.869854
0.335389 3.842816 2.870229
0.309558 3.870201 2.237149
0.318690 3.900824 2.236328
0.352210 3.906569 2.235328
0.398976 3.218286 3.468923
-0.203485 2.517358 3.465991
-0.815332 2.471182 3.433434
-0.813311 1.840379 3.410272
-0.793343 0.401474 2.129334
-0.747844 -1.006676 2.152182
-0.711279 -0.416422 1.543265
-1.961121 -0.920086 1.535290
-2.621875 -0.238925 1.518453
-2.603506 -0.910515 2.150241
-2.555220 -2.180243 1.545201
-3.141123 -2.184855 0.911272
-2.579707 -2.147807 0.901350
-2.011575 -2.136695 1.506848
-2.040157 -2.174969 0.856412
-2.050304 -2.190530 0.221901
-2.109137 -2.131392 0.228693
0.271446 -2.031345 0.828784
0.204922 -1.968743 0.158493
-0.469992 -1.964873 0.125972
-0.504600 -1.972491 0.119220
-0.549580 -2.599212 1.384053
0.057073 -2.572394 0.726297
-1.124326 -2.558144 2.065492
-1.096903 -1.308480 2.055494
-1.107409 -1.292258 0.867793
-1.118997 -1.822445 0.922201
-1.088318 -1.774248 0.963242
-0.347900 -2.354311 0.953823
-0.296586 -2.313515 0.938698
-0.271041 -2.275179 0.963994
-0.221044 -1.620111 1.028916
-0.127734 -0.992197 1.067563
-0.053154 0.242509 1.049789
-0.052161 0.191749 1.031658
-0.105726 0.169888 1.050167
0.481514 0.180547 1.087952
-0.129688 0.169295 1.092456
1.167422 0.199666 1.057067
1.773061 -0.440428 1.040028
1.037192 0.207488 1.678114
0.988437 0.169714 1.681352
1.658147 0.104829 1.658414
1.084706 -0.537109 1.622848
1.721679 -0.561349 0.297141
0.975850 0.026344 0.343631
-0.298499 -0.614692 0.400476
-0.285902 -1.800555 0.418382
-1.454952 -1.725731 0.398380
-2.071510 -1.652807 0.392812
-2.054054 -1.612158 1.737752
-2.048290 -2.903253 1.736831
-2.612217 -2.898001 1.704555
-2.558540 -2.941232 1.704564
-1.941763 -2.357727 1.766764
-1.950428 -2.362301 1.839105
-1.912654 -2.344174 2.490007
-1.240028 -2.329541 2.482442
-1.866944 -2.316174 2.507170
-2.554280 -2.302389 2.559605
-2.548323 -2.295339 2.571549
-2.462462 -2.314965 2.510850
-2.393355 -2.381840 2.451177
-2.416925 -2.454543 2.451866
-2.501453 -2.481182 2.482404
-1.226471 -2.461647 2.473981
-1.231659 -1.169842 2.425537
-1.255468 -1.182451 1.769522
-1.332207 -2.468892 1.801235
-1.412973 -2.438747 1.827592
-1.424128 -2.391490 1.797886
-1.960048 -1.759846 1.735126
-1.288684 -2.413117 1.118657
-1.294413 -2.451489 2.425029
-1.978914 -2.436860 3.058238
-1.989946 -1.770098 3.021314
-0.639851 -1.721885 3.572149
-0.011704 -3.613777 3.593509
-0.693489 -3.632364 3.630469
-0.088684 -4.265435 3.636498
-0.070177 -4.204723 3.606341
-0.648878 -4.116710 3.578159
-0.614162 -4.828687 3.577776
0.640194 -4.901990 3.586329
0.622653 -4.958026 3.575541
0.605553 -4.372129 3.562874
-0.041504 -3.679230 3.576301
-0.062753 -4.413759 4.223606
0.540474 -4.444259 4.866375
0.494995 -4.443224 4.850502
0.451814 -4.385324 4.197827
1.711610 -2.993844 3.558413
1.707724 -3.005021 4.158111
1.726322 -3.090014 2.861507
1.079658 -3.149496 2.841178
1.055706 -2.509057 2.835944
1.689292 -2.488662 2.864007
1.050533 -1.236425 1.666242
0.436714 -2.005553 1.675151
0.448722 -2.021256 1.666543
0.439259 -2.571283 1.024597
0.437695 -2.533991 1.036211
0.458530 -2.596481 1.060234
0.486774 -2.705472 1.065419
0.501200 -2.747708 1.759292
0.502432 -2.108755 1.786639
-0.807231 -2.109858 1.834924
-0.818729 -2.151576 1.223167
-0.837117 -2.165270 1.238454
-0.847458 -2.120841 0.596184
-0.857291 -2.081069 1.210278
-1.504469 -2.101201 1.860654
-1.540585 -2.152798 2.484016
-1.621039 -1.538952 2.414520
-2.211810 -0.861053 1.712724
-2.214828 -0.852546 1.695930
-2.255198 -0.786569 1.731774
-2.316104 -0.762495 1.122722
-1.694268 -1.370175 1.084623
-0.986342 -1.340010 1.037203
-0.936496 -1.358986 0.381030
-0.902056 -1.389055 0.472987
-0.888070 -0.101696 1.162153
-0.878921 -0.113411 1.064336
-0.855604 -0.125286 1.676559
-0.203438 -0.129193 1.670237
-0.180132 0.487639 2.317718
-0.176950 0.546358 2.348935
-0.192374 1.226954 1.654926
-0.193033 0.644249 1.633645
-0.164176 1.209806 1.653843
-0.118745 1.212264 1.723773
-0.089687 0.605405 1.767066
0.521648 0.607641 1.706021
-0.125878 0.584577 0.921749
-0.131880 0.597798 1.567025
-0.729763 0.662111 0.295547
-0.739696 1.350507 0.344273
-0.742197 1.363819 0.339511
-0.744318 1.950200 0.954188
-0.760410 1.937472 0.984458
-0.769205 0.649951 0.420512
-0.760162 0.599456 1.138599
-0.757909 0.511464 1.133843
-0.790304 0.456265 1.110877
-0.849200 0.481442 1.127648
-0.903279 0.524977 1.182324
-0.301886 0.528154 1.202842
-0.308347 0.490384 1.162615
0.295708 0.379891 1.114491
0.267540 0.358295 1.129767
-1.031870 0.991975 1.182762
-1.033808 1.570520 1.183474
-1.053670 2.080376 1.122696
-0.469456 2.017023 1.072974
-0.491756 2.023114 1.102808
-0.500015 2.071468 1.760562
0.114082 1.524239 1.769725
0.106677 1.547793 1.724598
0.110110 0.937356 1.722134
0.760487 0.402554 1.810124
1.496000 0.475372 1.912926
1.581738 -0.150643 1.943738
1.621887 -0.153815 1.920143
1.612310 -0.150209 1.935467
1.589161 -0.103580 2.013009
0.343582 -0.042670 2.715772
0.396416 -0.014786 2.700129
0.409355 -0.011568 2.642976
0.376581 -0.002082 2.639511
0.365635 1.232633 2.701352
0.414833 1.858881 2.740968
0.474610 1.855153 2.705877
0.484660 0.606457 2.649428
0.424356 0.590160 2.001537
0.355878 0.579309 2.034752
0.341967 1.221810 1.443061
0.369483 1.231617 1.378512
0.371650 1.224182 1.949903
0.336514 1.874670 1.928626
-0.290783 2.525723 1.950554
-0.227946 2.589320 1.954620
-0.136160 2.633781 1.903054
-1.357385 2.616153 2.461823
-1.364375 2.572962 2.461744
-1.374768 3.146337 2.547083
-0.044426 3.126290 2.582582
-0.028599 3.091737 2.571302
-0.038418 3.039387 2.533527
-0.058182 2.994004 2.520186
-0.060929 2.968797 3.173548
-0.041004 2.959097 3.235765
0.593634 2.926936 3.251763
0.561646 2.872731 3.233161
-0.095090 2.821209 3.228635
-0.124978 2.782922 3.253637
-0.139228 2.819641 3.252405
0.485851 2.799097 3.193235
-0.205187 2.110447 2.458138
-0.219871 2.127822 2.380095
-0.225055 2.840858 2.960365
0.434540 2.875406 3.569892
0.450435 2.873157 3.524538
-0.208201 2.860702 3.505739
-0.262681 2.855417 2.849620
-0.316588 2.855222 2.879660
0.328938 2.838690 2.219196
-0.374481 2.798366 2.211479
0.251455 0.890457 0.976322
0.184884 0.909516 0.363559
-0.499332 0.958978 0.364866
0.142768 0.966405 1.000951
-0.458681 0.268142 1.652294
-0.462764 0.215605 1.667534
-1.097715 0.218292 2.355861
-1.091972 0.240899 2.372137
-1.065799 0.203647 1.758512
-1.038429 0.106163 1.161771
-1.671099 0.044378 1.814446
-1.695967 0.077314 1.793708
-1.713995 0.145732 0.493021
-2.377638 0.174135 1.099802
-1.681462 0.171439 1.101861
-1.662652 0.197544 1.732581
-1.672117 0.258042 3.075153
-1.021622 -0.322770 2.413058
-0.994881 -0.336061 2.389270
-1.633603 -0.385187 2.361182
-2.287122 -0.406398 2.369982
-2.342063 0.228587 1.130464
-2.392230 -0.995562 1.146461
-1.751615 -0.374338 0.526749
-0.397383 -0.373049 0.541718
0.261206 -0.351434 0.614830
0.247156 -0.358548 2.013038
0.884166 -0.401805 2.695922
0.896023 -0.447468 2.708551
0.922572 -1.107130 2.096344
1.575612 -0.443873 2.140596
0.868114 0.724499 2.756246
0.825637 0.671173 2.088757
0.831154 0.678055 2.083668
1.551162 0.113801 2.091753
1.561673 -0.454393 2.113924
1.555382 0.142316 1.455964
2.142957 0.699512 1.433490
2.196951 0.061955 1.400797
2.236775 0.140444 1.379426
0.959656 -1.006935 1.352899
0.256514 -0.998252 1.308633
0.263103 -0.381162 1.264837
0.300665 -0.988890 1.222861
0.340246 -0.880608 1.211093
0.384420 -0.797868 0.606774
0.448068 -0.818001 1.245165
-0.087358 -1.460193 0.658304
-0.661584 -1.455805 0.707570
-0.007354 -1.383551 1.361034
-0.661077 -0.090881 1.370112
-0.680601 -0.139413 1.354952
-0.034403 -0.222303 1.321073
1.240127 -0.246649 1.846372
1.194508 -0.200676 3.067102
1.194715 -0.178859 3.717753
1.866019 -1.473346 3.074291
1.891329 -1.617517 3.062505
1.900308 -1.709677 2.406761
1.245215 -1.022022 3.695744
1.231034 -1.028466 3.671073
1.220444 -1.097098 3.649891
1.831960 -1.167620 2.457123
0.450615 -1.153209 2.471776
0.401422 -0.495956 2.484966
-0.224254 -0.459364 1.864856
1.150502 -0.498715 1.888927
1.193610 -0.535651 1.315948
1.854077 -1.845734 1.405440
0.552882 -2.406549 0.766317
0.565204 -2.373285 0.087681
0.562922 -2.384420 0.100431
-0.122032 -3.026169 0.172325
0.478590 -2.965770 0.227032
0.461732 -2.886186 0.858981
1.791068 -2.223605 0.188155
1.761113 -2.216813 0.196990
3.049404 -1.546868 0.255935
2.399740 -2.126093 -1.029620
2.402164 -2.098085 -1.083729
2.401435 -2.111671 -0.509699
1.707101 -2.152424 -1.799191
0.413586 -2.141299 -1.223810
-0.238317 -2.723739 -1.297576
0.463551 -2.720617 -1.353537
0.500608 -2.780520 -1.383848
0.508343 -2.172466 -1.392506
0.507518 -2.196891 -1.405266
0.533331 -1.514306 -0.790732
0.578939 -2.205465 -0.819723
0.615505 -2.250739 -0.795790
0.620540 -2.314699 -1.371153
0.598687 -2.322909 -1.317405
1.195933 -1.643314 -0.107313
1.207516 -1.689170 -0.132036
1.222999 -1.099016 1.191367
1.222737 -1.729259 1.212671
1.217794 -1.102249 1.253089
-0.065463 -1.760296 1.292058
-0.048026 -0.581379 1.285389
-2.055455 -0.576856 1.875667
-3.513116 -0.495594 1.239206
-3.540130 -0.446664 1.259495
-3.522036 -1.062187 1.298740
-3.525992 -0.454578 1.308854
-3.592545 -0.975744 1.291831
-3.646783 -0.249893 1.271116
-2.961722 -0.839611 1.289570
-2.172857 -1.497513 1.309874
-0.811859 -1.484750 0.713649
-1.369403 -1.434981 0.688464
-0.716973 -0.130120 0.655372
-0.707853 -0.126273 0.640499
-0.062676 -0.166726 0.645894
-0.046050 -0.274974 0.648680
-0.037133 -0.257875 0.638322
-0.028708 1.066821 1.227782
-1.292954 1.028364 1.231682
-3.242294 0.944296 1.246265
-3.227411 0.217079 1.255217
-3.281581 0.218151 2.488639
-3.983539 0.869975 2.476985
-4.008355 0.838064 3.103830
-4.002056 0.150072 3.123600
-4.023182 0.155510 3.130903
-2.712518 0.200541 1.816967
-2.710582 0.235098 1.808405
-2.696104 0.233394 3.136015
-1.305114 -0.401063 3.121276
-1.307898 -0.411640 3.118671
-0.654070 -0.403743 2.525656
-0.645582 -0.401627 3.135438
-0.650279 -0.407758 3.774771
-0.672356 0.239158 3.767189
-0.684837 0.239446 4.428605
-0.664351 0.264706 2.647931
-0.632370 0.293091 2.686907
-0.616925 0.944553 2.696427
-0.617185 0.971340 2.694395
-0.608569 0.959841 2.704987
0.664923 0.344768 2.715179
0.666726 0.411158 2.711586
0.643267 -0.185903 2.692685
0.621219 -0.186325 2.037260
0.629699 -0.180192 2.036084
0.658621 -0.760821 2.049286
0.672322 -0.719930 2.058293
1.245009 -0.125758 2.040854
1.213997 -0.187716 2.003475
1.194213 -0.233859 1.366984
1.170476 -0.235245 1.962149
1.760172 0.425440 2.601592
1.095808 1.051101 2.617296
1.076428 1.011772 2.010456
1.696350 1.634173 2.631640
1.684907 2.253657 2.696082
1.660179 2.223485 2.753736
0.985343 1.522801 2.763733
0.976814 1.463253 2.739620
0.970077 1.479709 2.746899
0.953691 1.514937 2.799296
0.288889 0.940984 1.598735
0.251685 0.937249 0.957695
-0.393201 0.942322 1.589138
-0.420852 0.372495 1.627404
-0.464036 0.465082 1.699887
-0.495225 -0.076890 1.762905
-0.466782 0.501185 1.749011
-0.402628 0.457100 1.666429
-0.371246 1.094992 0.982820
-0.387367 1.824120 0.966903
-0.385959 1.199437 0.979523
1.028367 0.566221 1.588669
0.417797 0.552352 1.572322
1.043200 0.594112 1.594094
1.001333 1.265195 0.351972
1.602298 0.589896 0.411388
1.623454 0.524495 0.398743
1.653017 0.472471 -0.267413
1.612015 -0.189097 -0.287961
1.513954 -0.163825 -0.289551
2.127811 -0.142789 -0.316350
2.793436 -0.128733 0.248789
2.811969 -0.115976 0.218854
2.778454 -0.105199 0.243244
2.730859 -1.358416 0.287759
2.742067 -1.385785 0.316072
1.454937 -1.423770 0.322596
1.491008 -0.792026 0.317658
1.483776 -2.093615 0.316449
1.468791 -1.451396 -0.942309
0.865804 -0.187455 -0.948970
0.890719 -0.176410 -0.321689
-0.433864 -0.175042 -0.301533
-0.446423 0.466825 -0.270670
-0.453498 0.459984 -0.871439
-0.410095 1.679865 -1.482786
-0.339293 1.643053 -1.437252
-0.281538 0.951039 -1.410105
0.397859 0.909730 -1.426789
1.699540 1.508065 -0.814412
1.755904 1.516221 1.149443
1.190752 1.517896 1.147788
1.208045 0.875481 0.468108
1.189780 0.903656 1.088018
1.822435 0.954979 1.027029
1.210409 0.339993 0.985498
1.886403 0.327651 0.287457
1.911696 -0.345430 0.260617
1.903527 0.289080 0.232909
1.883516 0.978114 0.194183
1.879063 0.995487 0.146238
1.879909 0.985234 -1.279819
1.858871 0.966840 -1.248595
1.806023 0.979975 -1.830757
1.749193 1.032725 -1.851150
1.727858 1.071896 -1.919493
1.738500 1.069072 -1.946674
1.746744 1.018552 -1.888637
1.723608 0.338010 -1.790594
1.683887 0.327818 -1.737782
1.659296 0.324608 -1.079064
1.657480 0.948443 -1.077480
2.299427 0.906427 -0.391259
2.238944 0.869203 -0.345935
2.165123 1.480007 -0.341449
2.151026 0.924054 -0.378024
2.849256 0.964142 -0.409731
3.548814 1.548917 -0.399853
3.535200 0.934336 -0.374898
3.477579 0.979814 -1.029682
2.148903 1.001157 -1.049624
2.183331 1.021754 -1.715315
2.859761 1.046747 -1.757359
1.466563 0.444087 -1.805134
1.438981 0.501807 -1.819045
0.815382 0.552042 -1.819529
0.249181 0.582216 -1.841495
0.303034 1.240077 -1.888231
0.311336 0.596652 -1.897816
0.308540 1.182202 -1.831982
0.973170 1.151501 -1.752445
1.018864 1.140441 -1.746103
1.015496 1.152731 -1.833114
-0.987720 1.175639 -1.921661
-1.002049 -0.086037 -1.918750
0.357373 -0.025473 -2.492884
1.068965 -0.031268 -2.506738
-0.267816 -0.121920 -2.617096
-0.322021 0.473485 -2.722924
-0.993636 1.097814 -2.075944
-0.291943 1.115632 -2.021165
-0.970363 0.437482 -2.029989
-1.098814 0.383549 -2.141909
-1.234992 -0.308625 -2.250904
-1.274407 -0.314003 -2.229405
-1.231557 -0.293175 -2.744336
-1.233121 -0.288082 -2.643150
0.149264 0.329746 -1.992506
-0.539846 -0.977512 -2.694605
-1.129972 -0.357617 -2.649226
-1.039624 -0.337969 -2.520347
-0.369242 0.339471 -2.416788
-0.408122 -0.299999 -2.436751
-0.458149 -0.340021 -2.517331
-0.416887 1.113849 -2.524865
-0.310875 1.083013 -2.446781
-0.252097 1.033826 -2.384343
2.341995 1.622958 -2.420618
2.966084 1.599750 -2.507064
3.021874 1.586301 -1.894315
3.116227 1.556847 -1.864304
3.780445 2.139101 -1.833217
3.711944 2.138605 -1.861355
3.643352 2.155593 -1.947074
3.047934 0.297491 -2.014880
3.113384 0.305523 -2.022581
3.117415 -1.745326 -1.364832
3.028774 -1.713850 -1.365450
2.283793 -1.660260 -1.410596
1.051741 -1.646526 -1.450128
1.097481 -1.672557 -1.445133
1.661232 -1.025390 -0.062716
2.858108 -0.947210 -0.020138
2.811539 -0.851782 -0.034580
2.842383 -0.802406 -0.741437
2.862843 -1.447975 -0.772433
2.804520 -1.455483 -0.750420
2.705388 -1.437193 -0.699042
2.664466 -1.430234 -0.669372
3.361365 -0.800349 -0.670468
4.620181 -0.847001 -0.665614
5.233805 -0.853307 -0.611805
5.189669 -1.424789 -0.510562
5.213980 -1.395527 -0.432824
5.302224 -0.760056 -0.404440
5.362205 -0.821380 -0.385366
5.333141 -1.496416 -0.336878
5.272038 -0.862758 -0.271029
5.273522 -1.492497 -0.235395
5.336233 -1.546720 0.393044
5.381940 -2.222967 -0.190370
4.042773 -2.914329 -0.218056
4.031101 -2.292490 -0.894127
4.058038 -2.273114 -0.897095
2.190180 -2.298389 -0.927250
2.220461 -2.987297 -1.592760
2.193937 -3.650790 -1.594502
1.544990 -2.925221 -1.585690
1.548370 -2.891007 -1.579251
1.574601 -2.926363 -1.604522
1.578773 -2.983780 -1.638560
1.549470 -1.734793 -1.664698
1.540012 -1.707169 -1.676856
0.369797 -1.672847 -1.657596
1.633872 -1.690395 -1.639726
1.655911 -1.736772 -0.954487
2.321839 -1.093572 -0.943949
2.324483 -1.106432 -0.939220
0.445129 -1.122334 -1.607528
1.054435 0.078462 -1.608470
1.029566 0.081087 -1.620594
0.300708 1.368323 -1.654923
-1.106508 1.350443 -1.691677
-1.112077 -0.509755 -1.720147
-1.063236 -0.486610 -2.991398
-1.023038 -0.433547 -3.660218
-1.024628 0.208758 -3.074369
-1.036832 -1.075074 -3.096566
-1.686754 0.159192 -3.112016
-1.038035 0.220729 -3.135590
-1.037111 0.290536 -3.154195
-1.059010 0.329599 -3.150130
-1.079416 0.333698 -3.750193
-1.045079 0.355991 -3.117189
-0.974804 0.391624 -3.132821
-1.572896 2.312356 -3.161341
-1.584738 1.721953 -3.175160
-1.603096 2.300325 -3.163226
-1.578663 2.273511 -3.148005
-0.893156 0.248827 -1.859092
-0.885518 -0.344557 -1.862264
-0.936139 -0.320619 -1.861723
-0.963001 -0.331483 -1.868571
-0.919568 -0.976447 -1.879102
-0.182572 -1.693384 -1.885488
-0.142526 -1.094912 -2.530681
-0.161807 -1.704667 -2.533672
1.792356 -2.937162 -2.529543
1.209343 -3.594420 -2.519679
1.255641 -2.996431 -2.515055
0.569001 -3.554755 -2.535127
-0.143151 -3.492704 -2.563349
0.504425 -2.819506 -1.936185
1.180940 -2.843398 -1.930135
-0.084243 -3.494269 -1.941145
-0.743096 -3.418211 -1.965237
-0.759056 -3.341449 -1.960335
-0.752534 -3.299357 -1.929852
-0.750200 -2.666153 -2.507914
-0.774746 -3.333175 -2.515408
-0.816610 -2.721921 -2.554835
-0.836224 -2.076359 -1.982844
-0.826548 -1.488928 -1.965640
0.446419 -1.519285 -1.949132
0.424193 -1.485942 -2.611254
0.398405 -2.064340 -2.027095
1.713665 -0.746121 -2.025679
1.668327 -0.108649 -1.994246
1.609078 -0.113102 -2.005688
1.570648 -0.079867 -2.072854
1.564679 -0.699091 -1.520112
1.570191 -0.680595 -0.876651
1.572474 -0.692167 -0.823265
1.581895 -1.947358 -0.799082
0.314327 -1.865709 -0.843541
0.382428 -1.814389 -0.896830
0.423918 -1.780510 -1.501447
0.401546 -1.774944 -1.448738
0.349811 -3.020639 -1.430461
0.328717 -2.406569 -1.474754
0.362959 -2.422709 -1.520204
1.016250 -2.460405 -1.503014
1.001031 -1.917148 -1.440561
0.977151 -2.612563 -2.038538
1.003532 -2.643045 -2.068933
1.069979 -2.647402 -1.467048
1.089121 -2.643433 -2.120727
2.293871 -2.038185 -2.104830
2.232172 -2.699892 -2.101116
1.576782 -2.733878 -1.454608
1.616172 -4.020135 -1.462580
1.636292 -4.037072 -1.449272
0.962688 -3.465336 -2.099849
0.947473 -2.873421 -1.430317
1.006367 -2.881099 -0.836575
1.103802 -1.642681 -0.859490
1.800286 -1.629414 -0.879806
2.446901 -1.652559 -0.907029
2.430594 -1.693220 -0.937016
2.446762 -1.720737 -0.955635
2.502060 -1.735818 -0.960361
2.559499 -2.383963 -0.961966
2.577431 -2.407379 -0.971320
2.560979 -3.697878 -1.596842
2.553129 -2.975757 -0.958924
0.628147 -2.920628 -1.602986
0.657989 -2.278766 -1.650499
0.019217 -2.328967 -1.709909
-0.677201 -2.947907 -1.735814
-0.706588 -2.280459 -1.087684
-0.063411 -0.405747 -2.304495
-0.069223 -0.396003 -2.299423
-0.083522 -2.258433 -2.313672
-0.789244 -2.872352 -2.315360
-0.830223 -2.804953 -2.295719
-0.856882 -2.717573 -1.616993
-0.230887 -3.306181 -1.638483
-0.243264 -3.320515 -2.342610
-0.260458 -3.329318 -2.350057
0.407766 -3.285383 -2.325357
0.430425 -2.583340 -2.304017
-1.396449 -1.942928 -2.297623
-0.722581 -1.975520 -2.234653
-0.708067 -2.613682 -2.199880
-0.051619 -2.008777 -2.163892
0.001050 -1.925679 -2.134979
0.017641 -1.879435 -2.139217
0.560419 -1.945141 -1.546538
0.507064 -1.370471 -1.545298
0.525623 -2.713437 -1.511515
-0.065061 -2.728595 -1.468839
-0.039170 -2.739708 -1.456004
-1.363945 -2.777455 -0.846509
-1.425082 -2.199900 -0.860329
-1.394491 -2.229727 -2.107666
-0.662205 -1.569361 -3.374808
-0.667020 -1.559070 -3.406770
-0.749332 -2.874959 -2.855138
-0.802634 -2.933603 -2.901304
-1.357222 -1.709186 -2.286943
-1.881060 -1.720444 -2.273026
-1.854889 -1.745556 -2.275575
-1.899339 -1.756086 -1.669395
-1.928788 -1.792956 -1.722925
-1.900697 -1.827125 -1.746768
-1.873086 -1.842304 -2.366135
-2.511108 -1.854911 -2.344042
-2.548455 -1.214293 -2.331016
-2.542108 -1.885386 -2.345571
-2.484750 -2.504222 -2.954991
-1.765980 -2.488902 -2.873025
-2.444406 -2.499352 -2.779288
-3.156416 -2.529244 -2.732794
-3.834194 -2.544234 -2.735978
-3.822636 -3.161521 -2.752897
-3.171543 -3.061295 -2.733414
-1.842369 -3.694590 -2.705125
-1.282810 -3.662640 -2.727887
-0.709274 -2.982026 -1.485374
-1.286107 -3.581721 -2.176515
-1.232181 -3.568921 -1.500494
-1.816572 -4.257634 -1.444932
-1.217347 -3.040325 -0.774678
-0.687480 -0.429138 -0.839715
-0.727947 -1.005211 -0.929061
-0.737844 -0.442595 -0.350788
1.190898 -0.504525 -0.950032
2.444833 -1.190416 -0.312527
2.430979 -1.173171 -0.913871
2.427470 -0.536992 -0.980152
2.437283 -1.252460 -0.260182
1.866802 -2.665042 -0.179461
1.230981 -2.692588 -0.106998
0.600748 -3.270565 -0.077640
0.623426 -2.589762 -0.099949
0.632969 -2.587265 -1.420784
0.639604 -2.563671 -1.397883
1.885270 -2.471191 -1.406956
1.856767 -2.989168 -1.439398
1.817110 -2.939571 -1.451719
1.183389 -2.297505 -2.678513
1.148859 -2.304353 -3.270496
1.094344 -2.280979 -3.248897
1.065768 -2.273540 -3.255297
1.079029 -2.288869 -3.264293
1.724546 -2.993009 -1.422111
0.480911 -2.354424 -1.432879
0.449697 -1.661823 -1.436638
0.398499 -0.968990 -1.478660
0.366605 0.240338 -1.513812
0.357936 -0.538395 -1.526290
0.336042 -0.602669 -1.493363
0.283949 0.665323 -1.431666
0.220025 0.621367 -1.394437
0.194599 -0.101939 -1.412249
