-3.597180 -1.489519 0.000660
-3.631990 -2.079195 0.036731
-3.620122 -2.129473 0.065982
-4.210272 -2.184420 0.682181
-4.227813 -2.158027 0.654788
-4.236091 -3.326787 0.649816
-4.229939 -2.705436 1.320738
-4.224896 -2.131449 1.332116
-3.630809 -1.533469 1.287319
-3.654288 -1.525067 1.198801
-3.639029 0.574185 1.745075
-3.599141 0.527366 2.401382
-3.562403 -0.153697 2.425166
-3.550386 0.533576 1.814783
-2.901495 1.258186 1.166978
-2.880131 1.292780 1.112477
-2.855233 1.841126 0.399048
-3.480206 1.772497 -0.238926
-3.514924 1.787348 -0.231580
-2.920676 1.865422 -0.293778
-3.513712 1.894694 -0.386788
-3.453057 1.827903 -0.419624
-3.428940 1.740255 -0.365237
-3.464738 1.727468 -0.301889
-3.514692 1.763610 -0.302395
-3.509441 1.757354 -0.333480
-3.450955 1.665523 -0.318407
-3.423399 0.934583 -0.262766
-3.469885 0.969210 -0.247823
-3.563490 1.042227 -0.950889
-2.969264 1.054717 -1.007063
-2.952951 0.995958 -1.018451
-2.946709 -0.362577 -0.350585
-2.993406 -0.345996 -0.942988
-3.064636 -0.314987 0.442508
-2.447022 -0.351731 1.073024
-2.388572 -0.441596 1.144691
-3.009697 -0.441792 1.184472
-4.384030 0.924919 1.148190
-5.048597 1.010801 0.457589
-5.012030 0.982299 -0.135220
-4.917140 1.525497 -0.100022
-4.867603 1.456825 0.525175
-4.902064 1.472002 0.530836
-3.709862 1.507711 0.554897
-3.640807 0.850429 0.606522
-3.536623 1.423565 0.070766
-3.505903 0.804131 0.077613
-3.571836 0.879496 0.044437
-3.632731 0.962590 0.021606
-3.585465 0.982549 0.009398
-2.228430 0.940650 -0.031379
-2.193555 0.915611 -0.097398
-2.211000 0.936669 -0.728388
-2.196941 0.961933 -0.717278
-2.134654 0.948588 -0.040778
-2.088927 1.530491 -0.032874
-2.108344 1.518811 -0.075316
-2.167975 0.314892 1.154846
-2.179429 0.336935 1.142923
-2.126101 0.336973 0.492344
-2.092171 0.321554 1.139640
-2.114781 0.300523 0.496099
-0.836665 0.268875 -0.150527
-0.823008 -1.110486 0.489002
-0.807747 -1.128168 0.531260
-0.238022 -1.094021 0.545527
0.878386 -1.045846 0.524585
0.838288 -2.366428 0.496856
0.899607 -2.341876 0.486688
0.984084 -2.927088 0.473709
0.314653 -2.931762 0.417995
-0.999665 -2.963743 0.331453
0.261767 -2.984129 0.292971
-0.316217 -3.575030 0.324922
-0.907036 -2.906977 -0.888069
-0.914722 -2.912487 -1.502000
-0.954353 -2.938593 -1.524683
-0.965126 -2.938928 -0.891082
-1.567282 -2.904854 -0.834739
-2.246048 -2.863223 -1.602872
-2.298380 -4.157525 -1.646521
-2.358793 -4.173540 -1.705038
-2.383741 -4.168687 -1.680228
-2.364624 -4.142377 0.357224
-2.354049 -4.120071 0.402673
-1.736512 -4.141352 0.377859
-1.784199 -4.185644 -0.271613
-2.196369 -4.208695 -0.245873
-2.167413 -4.184219 -0.195474
-2.161726 -4.132803 -0.192721
-1.591686 -4.104315 -0.252150
-1.675934 -2.796260 -0.272107
-3.028024 -2.842988 -0.842306
-2.981111 -2.859282 -1.367672
-2.309840 -2.835229 -1.371916
-3.714524 -3.478100 -1.461920
-3.688542 -3.492837 -1.508622
-2.948328 -3.504740 -1.470226
-2.956167 -3.463470 -1.452573
-3.018485 -3.391087 -0.261602
-3.061363 -3.345529 -0.360102
-3.017908 -4.005857 -1.024334
-2.286387 -4.032391 -0.956920
-2.243029 -3.373699 -0.934778
-2.898323 -3.335154 -1.639061
-2.303766 -3.326673 -1.687905
-2.304870 -4.012794 -1.652036
-2.275879 -4.045018 -2.848152
-2.288721 -3.378117 -3.500700
-2.334049 -2.001408 -3.578612
-2.362706 -2.006368 -4.300038
-2.960835 -2.069368 -3.038550
-2.925822 -2.123679 -2.970781
-2.922554 -1.515496 -2.274355
-2.943423 -1.504935 -2.228387
-2.967324 -1.519696 -2.185824
-2.985757 -1.555053 -2.108847
-2.428585 -2.243486 -2.008012
-2.511103 -2.233597 -1.947610
-2.571348 -2.240639 -1.967857
-2.585432 -1.572586 -2.033843
-2.567728 -1.580202 -2.675268
-2.560331 -1.577040 -2.657868
-2.547460 -1.582381 -2.628152
-2.519853 -1.603186 -2.614645
-2.491380 -1.617736 -2.625733
-2.480339 -1.605352 -2.601213
-2.511615 -2.805421 -2.615138
-2.556190 -2.800679 -2.635445
-3.209184 -2.834261 -2.660127
-3.160677 -3.484703 -1.431176
-3.097512 -3.486459 -1.481952
-3.098018 -3.455301 -2.158461
-2.486271 -3.450916 -2.196376
-2.456900 -4.159554 -2.158133
-1.731614 -4.172588 -2.784304
-1.054927 -4.120917 -2.810089
-1.086204 -3.417463 -2.877751
-1.144971 -2.759510 -2.933769
-1.153989 -2.788193 -2.971016
-1.100542 -2.803169 -2.994866
-1.049129 -2.140072 -3.002579
-1.051589 -2.109484 -2.989841
-1.074956 -2.144157 -2.952143
-1.043916 -2.790192 -2.907652
-0.951324 -2.799196 -3.467198
-1.522814 -3.997566 -4.045262
-1.556443 -2.780355 -4.011343
-2.913517 -3.484959 -3.998282
-2.955435 -4.154788 -3.330663
-2.928566 -3.466234 -3.992171
-2.893955 -2.798201 -3.990702
-2.325533 -2.812947 -3.957655
-2.386965 -3.555748 -3.894202
-2.380000 -3.614297 -3.847379
-2.296781 -3.606525 -3.171029
-2.231377 -3.574845 -3.152939
-2.276394 -3.601466 -3.116985
-2.372157 -2.353776 -1.817758
-1.753343 -2.374930 -2.487256
-0.523475 -1.689849 -2.520394
-0.488188 -1.634412 -1.914497
-0.494878 -1.626591 -1.919834
-0.545663 -2.920873 -1.272745
-1.194281 -2.957564 -1.263687
-1.173408 -2.923888 -1.250181
-1.108522 -2.864162 -1.247296
-1.107489 -2.203366 -1.274266
-1.132674 -2.251387 -1.319619
-1.140487 -1.652008 -0.692758
-1.102074 -2.232560 -0.710920
-1.050553 -2.159657 -0.714542
-1.041403 -2.145605 -0.733294
-1.673604 -2.807295 -0.738257
-1.644248 -2.833380 -1.333262
-1.573941 -2.171148 -1.239895
-2.107491 -2.105399 -0.542647
-2.096509 -2.706654 -0.515439
-2.780387 -2.731569 0.115804
-2.792137 -1.470880 0.138764
-2.782232 -1.443634 -1.163705
-2.796789 -0.098323 -1.780448
-2.837929 -0.137115 -2.394228
-2.241977 -0.169058 -2.371407
-2.206097 -0.166226 -2.342077
-2.161678 -0.156073 -2.933864
-2.186307 -0.804676 -2.909099
-2.919039 -0.895450 -2.906587
-2.970633 -0.965208 -2.941752
-2.292553 -1.619179 -3.000032
-2.234206 -1.585589 -3.052488
-2.250046 -0.955520 -3.097558
-2.310836 -1.014554 -3.131040
-2.315887 -1.681769 -3.162435
-1.585684 -1.656662 -1.146513
-0.293098 -0.975165 -1.122403
-0.247917 -1.616098 -1.807016
0.374536 -1.649874 -1.845869
-0.277644 -1.635485 -1.841283
0.397901 -1.568931 -1.162498
0.468145 -1.498895 -1.145808
0.507237 -1.463056 -1.802096
0.442553 -2.103515 -1.842258
0.372950 -2.088163 -1.807388
0.382912 -2.039732 -1.700293
0.434392 -1.361179 -1.601699
0.443439 -1.361815 -1.576866
0.409110 -0.740335 -1.580577
0.374987 -0.049464 -0.253982
0.362161 0.558040 -0.793124
0.351200 0.574383 -0.744064
-0.894244 0.580178 -0.826135
-0.873080 -0.095033 -0.962622
-0.840819 0.571193 -1.658581
-0.839839 0.588180 -2.271707
0.476869 -0.085022 -1.625120
0.455515 -0.125124 -1.055873
0.505537 -0.156772 -2.423441
1.188566 -0.159630 -3.128087
1.179878 -0.139204 -2.512439
2.379331 -0.124052 -2.541664
2.326218 -0.132443 -2.606064
2.321049 -0.147271 -3.341071
2.344000 -0.156480 -2.103463
2.348711 -0.152960 -2.082990
2.305806 -0.159829 -2.038529
2.266672 0.506899 -1.407810
2.287701 -0.154477 -1.467529
2.335957 -0.162910 -1.481588
2.359978 -0.099220 -1.418327
2.332752 0.620542 -1.338253
1.125961 0.044813 -1.311770
1.124670 0.133624 -1.321305
1.152933 0.171531 -1.914153
2.415489 0.177382 -1.849667
2.396133 0.175906 -1.786662
2.357832 0.192186 -3.071997
2.333140 0.201624 -3.058614
2.325816 0.181140 -3.018919
1.726519 0.152496 -2.955945
1.690632 0.139085 -2.913841
1.667695 0.158678 -2.914233
1.675224 0.176556 -2.940128
1.063821 0.165812 -2.948603
1.697881 0.145747 -2.943546
1.027543 -0.481137 -2.330338
1.003142 -0.477113 -1.073110
0.988117 -0.486086 -1.765787
0.334546 -0.498063 -1.765374
0.292698 -0.491827 -1.778714
0.225235 -0.471421 -1.837372
0.170558 -0.446235 -1.260020
0.151783 -1.752204 -0.683427
0.156280 -1.750507 -0.085841
0.150016 -1.778262 -0.749034
0.112836 -1.149553 -0.801777
-1.199438 -1.155836 -0.859701
-1.213440 -0.485237 -0.870356
-1.222670 -0.481507 -0.834008
-0.599543 -0.482759 -1.993918
-1.228380 -1.094118 -1.969088
-1.198298 -1.053775 -1.971746
-1.809129 -1.053310 -3.309274
-1.772379 -1.096776 -3.286502
-1.743313 -1.147504 -3.259062
-1.713322 -0.534410 -3.265822
-1.652747 -0.533612 -1.376425
-1.589308 0.060256 -1.958019
-1.556447 -0.620366 -1.951902
-1.558170 -0.606885 -1.952761
-0.249497 -0.535900 -2.017494
0.431476 -0.452825 -1.471116
0.442850 -1.080907 -0.168658
0.440783 -1.132927 1.145851
1.068390 -1.183409 1.113401
0.397686 -1.191755 1.770007
0.398623 -1.172457 1.791905
0.379170 -1.210579 1.830449
0.323799 -1.286335 1.177506
0.269786 -1.310027 1.196374
0.258622 -1.259686 1.233197
0.273897 -1.207197 1.288858
2.108341 -1.247762 1.332056
2.079274 -1.351281 0.741912
2.050946 -1.454515 0.779842
2.068018 -1.490144 0.825261
2.101072 -1.503003 0.865690
1.517804 -1.554538 0.889496
0.883347 -0.958560 2.122521
0.885715 -0.333171 2.103513
0.931173 -0.275486 2.063901
-0.266089 -0.201677 2.015269
-0.262351 -0.815762 1.988326
-0.297629 -0.836927 1.998849
-0.323623 -0.838427 2.019427
-0.287809 -1.449386 2.009203
-0.238971 -1.385262 1.979756
-0.237845 -1.368608 3.180331
-0.270492 -0.731366 3.218743
0.289699 -0.709030 1.997221
0.269297 -0.641069 1.382959
0.899032 -1.219815 1.382384
1.511412 -1.209671 1.385545
1.483501 -1.246426 1.433068
1.439917 -1.263348 0.897114
1.438755 -1.212286 0.914651
1.487316 -1.156335 0.894501
1.545990 -1.186565 0.270675
0.256838 0.650564 0.947909
0.218765 -0.039361 0.967894
0.188787 0.610928 0.923532
0.228175 1.243138 0.840448
0.299525 0.014608 0.798013
0.323789 -0.033286 1.470539
-0.329083 -0.092483 1.520379
-0.324864 0.525515 0.863690
-0.280159 1.166730 0.841748
-0.878267 1.144934 0.827953
-0.898189 1.089518 0.852001
-0.941190 1.043724 0.882937
-0.954540 0.383832 0.858203
-0.945380 1.108051 0.113473
0.291664 1.146475 0.592046
0.894426 0.499450 0.571605
0.872034 -1.461169 0.577237
0.893031 -2.711739 0.554357
0.930809 -2.695516 0.482129
0.927057 -2.674143 1.003543
0.888550 -2.677906 1.564674
0.838823 -2.045560 1.601299
0.830934 -2.035916 2.265638
0.837308 -1.995777 2.214698
1.484797 -1.948132 2.139318
0.861613 -1.938482 2.119304
0.864331 -1.959158 2.221229
1.572169 -1.980846 1.622385
1.611305 -1.958877 1.635880
0.406489 -2.524012 1.631141
0.386914 -3.122447 1.645780
0.309035 -2.517584 2.297977
0.304655 -1.905270 2.287869
0.967461 -2.496109 2.242737
1.013103 -2.423785 2.211797
1.041092 -2.341143 2.854844
1.065586 -3.037165 1.703373
1.124157 -3.104382 1.746434
0.548760 -3.112394 1.750741
0.573768 -3.063259 1.728621
0.557868 -2.358821 1.704937
1.105372 -3.682819 1.691806
1.674264 -3.763986 1.613214
1.629474 -4.455203 1.605085
0.952514 -3.826206 1.606128
0.950157 -3.139496 2.259839
0.969583 -3.851976 2.973684
1.645214 -4.619823 3.024694
1.631190 -4.034386 3.049797
1.616471 -2.756562 3.063603
1.661085 -1.472269 2.473474
0.405992 -1.514757 1.857742
0.366253 -2.246272 1.839428
0.334774 -2.290264 1.804182
0.347322 -1.670666 1.784114
0.408647 0.302939 1.788753
0.458819 0.286708 1.805599
-0.149609 0.279374 1.814144
0.434333 -0.433740 1.808674
1.607032 -0.472566 1.813632
1.642988 0.205009 1.830983
1.670454 -0.411892 0.575453
1.659716 -1.621924 1.136982
1.643070 -1.543398 1.050478
0.994542 -3.506581 0.371410
1.052903 -2.801988 0.376978
1.090343 -1.536790 1.672392
1.749081 -2.113752 1.654621
1.734383 -2.089757 1.596522
1.745661 -2.820351 1.575459
1.772937 -3.459227 1.596134
1.150317 -2.773030 2.252196
1.148741 -2.759758 2.198019
0.476205 -2.757941 1.528905
0.488473 -2.799702 1.551908
-0.728106 -3.476487 1.613803
-0.730276 -4.827176 1.638322
-0.760292 -5.424164 2.274271
-0.801570 -4.782953 2.259426
-0.798802 -4.799944 2.287237
-0.829605 -4.797658 2.276672
-0.870980 -4.766280 2.271306
-0.900374 -4.751551 2.238696
-0.229017 -4.780603 2.245020
-0.889159 -4.144171 2.304040
-0.900873 -2.870490 2.356762
-0.920024 -2.853965 2.349282
-0.245240 -2.862835 1.682417
-0.232129 -2.895357 1.009958
-0.218598 -1.642248 1.050228
-0.892630 -1.628785 0.433289
-0.915599 -2.288647 1.034971
-0.893202 -2.291638 0.964791
-0.834567 -2.274412 0.930776
-0.112691 -2.898506 1.604697
-2.153542 -2.229060 1.616385
-2.100254 -2.205142 1.569677
-2.009406 -2.170718 1.516059
-1.308782 -1.530452 1.514239
-1.325422 -0.873811 2.188413
-1.990722 -2.130896 2.199031
-0.773059 -2.134812 2.180497
-0.716750 -2.751077 2.819883
-0.712756 -2.724781 2.831991
-0.135471 -2.722674 3.516778
-0.166460 -2.117526 3.518486
-0.118123 -2.758477 2.882205
-0.067707 -2.110815 2.890723
-0.102237 -3.318140 2.257274
-0.196203 -1.371115 0.964213
-0.257184 -2.661565 0.977929
-0.237307 -3.287050 0.997080
0.380852 -3.225474 1.633638
-0.233401 -2.519544 1.649030
-0.280797 -1.870093 1.005869
-0.293727 -1.266508 1.024510
-0.255272 -1.290387 1.709283
-0.235994 -1.268833 -0.209713
-0.285905 -1.253404 -0.230292
-1.021606 -1.298636 -0.319782
-1.085748 -1.385918 -0.360404
-1.093895 -0.152713 -0.344482
-1.091088 -0.138694 -0.306225
-0.468525 -0.744970 0.985770
-0.508722 -1.441221 1.607727
-0.518265 -1.508092 0.286282
-0.486177 -2.216973 0.941897
1.497851 -2.200831 0.967411
0.829053 -2.184455 1.587038
0.791468 -0.218840 1.536048
0.766638 -0.251415 0.853594
0.783685 0.412337 0.271514
0.839987 0.497115 0.319908
1.555619 -0.103174 0.308669
1.578077 0.485978 0.872267
1.583177 1.091370 0.852322
0.958096 0.471065 1.513091
0.958379 0.547691 2.256730
1.600448 0.565105 2.289858
1.574453 0.511852 2.289499
1.555445 1.786065 2.312177
2.840267 1.826354 1.139760
2.812450 0.696218 1.225706
2.816403 1.339201 1.250876
2.866242 0.587580 1.236774
2.910467 -0.070907 1.246870
3.519383 0.640156 1.293256
3.470448 0.090074 1.948095
3.436374 0.091291 2.533111
2.135203 -0.622561 2.471012
1.493494 -0.666121 2.459550
1.461902 0.038719 1.831815
0.804577 0.057828 1.873888
1.473635 0.039971 1.195096
1.560423 0.002148 0.470404
1.655374 -0.640785 0.437588
1.683287 -0.608699 0.484773
1.639882 -0.584564 1.829618
1.581994 0.644294 2.453265
1.567430 0.535743 2.412631
1.558947 0.448127 2.425863
1.517357 1.179972 2.496745
1.487704 1.148727 2.558487
2.187372 1.783044 2.564483
2.274780 1.785832 1.921263
2.344116 2.458648 1.914697
1.691061 2.473820 1.934047
1.661503 2.488687 1.946273
-0.302094 0.562857 1.931493
-0.291735 -0.004300 1.909488
-0.296749 0.014627 1.269626
-0.322402 -1.331729 2.004135
-0.325736 -0.703996 2.006326
-0.863043 0.597225 1.988388
-0.764239 0.610771 1.956048
-0.694738 1.253152 1.926414
-0.693997 1.220645 2.501014
-0.724737 1.228377 2.483967
-1.320483 0.652661 1.194580
-1.289085 1.342159 1.226079
-1.974856 1.348063 1.260653
-2.042781 1.292995 -0.007112
-2.094239 0.639899 0.072367
-2.068168 0.681094 0.128758
-1.370441 0.693812 -0.461054
-1.380028 1.284622 -0.472060
-2.057280 0.581563 -0.487667
-2.111123 0.541435 -0.465999
-2.103019 -0.102604 0.228509
-3.322419 -0.066406 -1.029663
-3.358814 1.118091 -0.998438
-2.192022 1.013679 -0.329074
-2.203161 1.590099 -0.306012
-2.858430 1.620006 -0.965440
-2.855733 1.711585 0.909398
-2.873233 1.760445 0.838767
-2.885673 2.397760 1.388726
-2.281764 1.108973 1.971526
-2.269221 1.173439 1.895128
-2.274837 0.607295 1.845231
-1.679289 2.584172 1.841713
-2.318811 2.515429 1.221636
-3.591656 1.793365 1.210178
-2.974568 2.399339 1.147507
-2.972730 3.070081 1.100433
-2.965346 3.087387 1.754553
-2.954152 2.434414 1.750674
-3.588196 2.424855 1.094525
-3.602598 1.886951 1.648952
-3.633009 1.949413 1.000334
-2.457626 1.926826 0.417557
-1.898370 1.826122 0.488813
-1.312133 1.104653 -0.716740
-0.034264 1.720647 -0.085287
-0.027339 1.748233 -1.284654
0.638905 1.736356 -1.203687
0.006150 1.062587 -1.184272
0.566040 1.093323 -1.254935
0.540635 0.546140 -0.097068
0.567425 0.595119 0.569539
0.593446 0.621809 0.628690
-0.057759 0.584014 1.840888
-0.772419 1.859601 2.440057
-0.792979 2.515420 2.416322
-0.741931 1.917499 1.842063
-0.681450 1.911093 3.167517
0.569178 1.926813 3.147935
0.550834 1.963683 2.427800
0.580372 1.972333 2.440215
1.293828 2.539804 2.455974
0.706814 2.512911 3.115695
0.690789 3.153064 1.836628
0.674372 2.490864 1.795138
0.704242 2.439304 1.761005
0.754667 2.385745 0.521693
0.164619 1.203724 -0.120579
0.811446 1.267477 -0.155561
0.841222 1.304842 1.138312
1.507326 1.888257 1.091851
0.939402 1.818093 1.087211
0.912569 2.419832 1.756217
0.869501 2.476781 1.747370
1.484906 1.860146 1.723760
1.522971 1.815012 1.737544
1.522049 1.182197 0.512601
1.477282 1.846769 0.536256
1.452485 1.311091 0.546129
1.495831 1.359235 -0.081165
1.559843 1.313264 -0.090768
1.561960 1.916427 1.242003
1.509417 1.922318 1.265773
1.473587 1.948796 1.922128
1.493138 1.322076 1.935864
0.254801 1.274598 1.926311
0.202812 1.914171 3.132168
0.158266 1.302662 3.155366
0.172148 0.728679 3.195767
-0.380511 0.747921 3.209062
-0.371829 1.346270 3.187326
-0.404938 1.939928 2.522276
-0.416798 1.898000 1.907298
-0.392394 2.499194 1.966039
0.906489 2.485202 1.990799
-0.397116 3.661191 0.757293
0.193284 4.285939 1.367597
0.192335 3.648985 1.391102
-0.406059 3.672753 1.427203
-0.383892 3.724143 1.397219
-0.424238 4.386826 0.686944
-0.457013 4.377799 0.641628
0.841496 4.322226 0.039414
0.861900 4.281883 0.064592
0.895708 4.901558 0.041441
0.902651 4.282409 0.000357
-0.367461 4.283984 -0.002572
-0.326796 4.280440 -1.225907
1.519068 4.281721 -1.831102
1.549487 4.282428 -1.852396
1.562694 4.297478 -1.913050
1.542280 4.299002 -1.946817
1.498304 4.267895 -1.929463
2.086156 4.227918 -1.911237
2.100002 4.185300 -1.930921
2.104083 4.173552 -3.305434
2.074324 4.183260 -2.673899
1.402320 4.185769 -2.613365
1.389509 4.169302 -2.617865
1.411032 3.506173 -2.057322
1.432157 4.166807 -2.178118
1.420157 4.856934 -2.225651
1.395039 4.871148 -2.205317
1.411154 4.852223 -2.205693
1.460787 4.830798 -2.253077
1.494448 4.852647 -2.944156
1.480898 4.308123 -2.911210
2.077457 3.690270 -2.828952
2.103236 4.904906 -1.557242
1.542539 4.883231 -0.278379
1.584667 4.301943 -0.325157
1.565710 3.698056 -0.327261
1.517611 4.295007 -0.272882
1.509584 4.236469 -0.224409
1.538046 4.206333 -0.230530
0.905850 4.214712 -0.900151
0.251420 4.209544 -1.525768
0.205162 3.574098 -2.069198
-1.071899 3.537251 -2.035496
-1.664578 4.136730 -0.781102
-0.980998 4.181499 -0.851616
-0.965928 4.224616 -0.896886
-0.996343 4.234778 -0.923309
-0.997550 4.204199 -0.950594
-0.914129 4.233419 -0.960832
-0.809824 4.284311 0.316429
-0.774187 3.654011 0.344728
-0.811546 3.614771 0.380557
-0.202281 4.206731 0.407720
-0.156078 4.214845 -0.252892
-0.103862 2.341555 0.385931
-0.126494 2.322504 1.021816
0.410836 2.907352 1.014022
0.374668 1.580336 1.023635
0.411218 1.576527 1.053021
0.447007 1.624128 1.692870
0.410349 1.650556 1.022696
0.327741 0.978447 1.016693
0.280347 0.944683 1.681778
0.912943 0.918062 2.987835
0.925210 0.920124 2.963378
0.877984 1.563676 1.766971
0.817067 1.559646 -0.372540
0.820977 2.221408 -0.377798
1.508312 2.265528 -1.616121
2.180130 2.328322 -1.570534
1.554876 1.747084 -1.548072
1.538193 1.771481 -1.558136
2.162348 1.789083 -1.572544
2.205426 1.794676 -2.167036
3.433458 1.791423 -2.162039
2.812302 1.135016 -2.245800
2.827274 0.469242 -2.328510
2.857080 0.489392 -2.342833
2.891753 0.494611 -1.023656
2.902886 0.484228 -0.345187
2.265592 0.412163 -0.376841
2.867182 0.376823 0.808518
0.924130 1.628012 0.795184
0.876613 1.606916 0.815815
0.834259 1.569596 0.814438
0.812049 0.884719 0.757766
1.434738 2.112843 0.704793
1.372502 2.095874 0.736072
1.336051 1.491088 0.147612
1.358272 1.513544 0.838466
1.413778 2.132716 -0.389291
1.431155 2.079197 0.885222
1.405411 2.689223 -0.397259
1.405600 2.679255 -0.976390
1.473658 2.045292 -0.930156
2.216198 1.378281 -0.301113
2.249445 1.355018 -1.615253
2.219524 1.380007 -2.273870
2.205412 1.438109 -2.243309
2.256677 1.499447 -2.207578
1.662823 1.529381 -2.191348
1.641342 2.181928 -2.190647
1.578279 1.531332 -2.197864
0.890898 1.540077 -2.203121
0.945711 1.553348 -2.200368
1.632661 0.253054 -2.834050
1.611738 0.863828 -1.477712
1.575205 0.834682 -1.505725
1.580702 0.816435 -1.520800
2.265938 2.106909 -1.492628
2.287748 2.124809 -0.766354
2.249306 2.118946 -0.735513
2.196417 2.076028 -0.162503
2.190456 1.363707 0.448897
1.626497 1.312877 1.117793
1.665426 1.955113 0.519689
1.645121 1.967061 1.157796
2.253953 2.678069 1.114990
2.250142 2.704621 1.092618
2.278908 2.734951 1.131633
2.288180 2.768772 1.178773
0.291858 2.819667 1.160818
0.232685 2.892620 1.090653
-0.426215 2.953170 0.417307
-0.404936 2.958750 0.454451
-1.066907 2.933295 0.485317
-1.090724 2.942854 1.714224
-1.096697 2.322780 1.660913
-1.042280 2.364550 1.642628
-0.966787 2.350100 2.319965
-0.948842 2.940115 1.660420
-0.982476 2.938648 0.974716
-1.016216 2.957709 0.293419
-0.995807 3.590815 0.287418
-1.563612 3.546990 0.325179
-1.540968 3.511945 0.343764
-1.560688 2.824174 0.326088
-1.585234 2.855742 0.309982
-0.205656 2.880488 0.338262
0.533438 3.513990 -0.241348
0.590386 3.535094 -0.214865
0.573152 2.918012 -0.240211
1.185535 2.335540 -0.276085
1.193617 1.755234 0.997835
1.264357 3.051650 1.014643
1.304315 3.072691 -0.225873
1.269352 3.085496 0.385740
1.215858 1.806424 0.339466
1.229309 2.414201 0.328372
0.647228 2.370802 -0.325599
0.663071 3.009382 0.295323
0.613151 2.319775 0.249152
0.561908 2.286356 0.211494
0.567899 2.897069 0.198253
-0.060752 2.885832 0.849371
-0.077183 2.882055 1.521052
-0.135144 2.878583 0.881970
-0.183451 3.534089 0.878175
-0.185395 3.550360 0.876456
-1.432477 3.514163 0.888026
-1.455846 3.518495 1.541810
-1.502128 3.525361 0.338900
-0.906311 2.963303 0.337163
-0.914055 3.015916 0.333250
-0.920377 3.038182 -0.332519
-0.946865 3.659293 -0.324584
-0.353289 3.665050 -0.322353
-0.385006 3.687677 -0.328264
-0.368585 2.405049 -0.330025
-0.323960 2.361312 -0.329956
-1.544965 2.271545 -0.967845
-1.551053 1.583267 -0.966362
-0.870390 0.986272 -0.974535
-0.844853 1.024028 -0.981036
-0.201127 1.032436 -0.995435
-2.109553 0.986637 -0.369271
-2.134607 0.932171 -0.370885
-2.175143 0.918549 -0.353490
-2.852055 0.932912 -0.325124
-3.473326 1.516256 0.330825
-3.478363 1.478305 0.308163
-2.883645 0.792388 0.290924
-2.896490 0.807127 0.301560
-1.038203 1.502532 0.323309
-0.326331 1.534188 -0.936498
0.318249 1.524375 -0.956458
0.297027 0.200079 0.325628
0.274055 -0.985942 0.362389
0.916011 -0.285214 0.394384
-0.354560 -0.254552 0.404591
-0.343927 -0.251989 0.418764
-0.346390 -0.914181 0.460784
-0.327232 -0.314570 0.505407
0.403277 0.337632 0.506928
0.481303 -0.251719 0.474701
-0.145692 -0.260605 -0.185592
-0.163501 -0.902990 -0.204663
-0.192801 -0.255556 -0.210203
-0.804447 -0.263261 0.459579
-0.779157 0.366070 -0.200004
-0.790524 -0.287508 -0.192906
-0.204982 -0.264826 -0.190166
-0.239840 -0.250513 -0.193460
-0.216461 -0.278488 -0.193237
-0.155296 0.301375 -0.174634
-0.132211 -0.383352 -0.161037
-0.171817 0.252473 -0.174151
-0.214814 0.240980 -0.204198
-0.213719 0.188472 -0.202531
-0.175562 0.123674 -0.157915
-0.149036 0.741076 -0.129778
-0.158647 0.167062 -0.137112
-0.180081 0.196751 -0.157260
-0.160938 1.473817 -0.144254
-0.090086 2.074889 -0.104166
-0.040920 2.055020 -0.110164
-0.060379 2.072544 -0.162351
-0.127197 2.115330 -0.193123
-0.177295 2.780950 -0.923193
-0.161965 2.787843 -0.904420
-0.133651 2.786700 -0.967214
-0.147134 2.805044 -1.025223
-0.184647 2.831009 -1.007089
-0.172903 2.838222 -0.939702
-0.097240 2.832695 -0.930480
-1.912485 2.843521 -1.031821
-1.886066 2.884447 -1.157772
-3.182464 2.926452 -1.177877
-3.150859 2.949741 -1.084796
-3.073204 2.952797 -0.388719
-2.418020 2.943224 -0.433629
-3.054491 2.941135 0.153271
-3.691501 2.962371 0.187465
-3.644513 2.993760 0.313628
-3.574260 3.001218 0.395208
-3.549821 2.982776 0.347785
-1.660140 2.305940 0.262753
-1.068936 2.988563 0.262911
-1.027144 3.028647 0.360188
-1.030792 3.052106 0.442373
-1.066790 3.034691 0.433118
-1.140076 3.007087 0.377575
-1.864569 3.007553 0.375225
-1.934731 3.026474 1.788723
-1.965741 3.033098 1.761455
-0.762056 3.007505 1.663688
-0.839776 2.313447 1.605759
1.652688 2.310179 1.652019
1.628173 2.325469 1.734674
0.425680 2.997762 1.756231
1.044593 2.288225 2.356283
0.422466 2.251069 2.343098
0.402695 2.244165 2.402147
0.399514 2.222352 2.463782
0.457141 2.225436 1.200267
0.514268 2.191653 0.532865
0.515174 2.158581 -0.116704
-0.110403 2.175110 -0.076881
0.524761 2.846568 -0.020926
1.222306 2.876916 0.004035
1.258311 2.850333 0.002238
1.234615 2.786414 0.005451
1.208459 0.766593 0.638174
0.568157 1.385975 0.638224
-0.662509 2.012575 0.600636
-0.656290 1.975790 0.005347
-0.684431 1.275740 -1.331262
-0.682157 1.232393 -0.672646
-0.642986 1.248858 -0.683903
-1.234793 1.941275 -0.085143
-1.212966 1.967508 -1.405007
-1.234505 1.297832 -2.800001
-0.604161 1.281298 -2.853688
-0.586323 1.303897 -4.108997
-1.160796 0.700135 -4.107975
0.056274 1.354023 -4.047078
0.002697 1.334316 -3.336247
1.377803 1.337555 -3.329782
1.355983 1.391696 -3.356493
1.354704 1.464638 -2.784401
1.342472 1.493890 -3.424958
0.025260 1.483190 -3.412452
1.266849 1.485766 -3.449213
0.622826 1.513273 -2.842744
0.642225 1.527126 -1.627284
0.658560 1.493971 -2.253883
0.642539 1.452283 -2.134887
1.257720 1.445168 -2.133897
-0.042546 0.840382 -2.136934
-0.036682 1.500389 -2.111576
-0.006019 1.523523 -3.383314
0.022239 1.519381 -3.361226
0.034415 0.226290 -3.383110
-0.590281 0.856358 -2.755451
-0.578290 0.861912 -2.124544
-0.597528 0.834554 -2.099295
-0.628131 0.131135 -1.422795
-0.653682 0.093700 -1.443351
-1.274592 0.751072 -2.091500
-1.292847 0.770292 -2.727198
-1.303840 0.116591 -2.814037
-1.300601 1.376910 -2.846256
-1.278105 0.733118 -2.902201
-1.245054 0.752743 -2.300205
-1.229501 -0.513025 -2.948929
-1.241766 0.748901 -2.933582
-1.266355 0.069336 -3.529356
-1.300853 1.301624 -3.455072
-2.002296 1.291016 -3.402797
-2.712216 1.302749 -2.751524
-2.744593 0.047619 -2.732234
-2.059960 0.044604 -2.107288
-1.994565 0.662326 -2.084629
-1.939702 -0.608084 -2.071359
-2.558999 -1.200940 -2.056349
-2.526707 0.051275 -2.032551
-2.464764 0.695995 -2.682769
-1.803858 0.097441 -2.702944
-1.892641 0.132634 -2.723406
-1.436843 0.753531 -2.725237
-1.549310 0.128518 -2.717808
-2.173788 0.124588 -2.732095
-1.495816 0.173553 -2.775947
-1.480832 0.192429 -2.176687
-2.733540 0.208212 -2.178967
-3.352781 0.214533 -2.149802
-3.288942 0.802139 -1.498694
-3.244403 0.776316 -1.560499
-3.296553 2.598293 -1.585682
-2.781484 1.976595 -2.181520
-2.832556 1.968679 -2.678665
-2.190439 1.965264 -2.655232
-2.157921 1.986297 -2.700749
-2.153553 2.020918 -2.762228
-2.143954 1.432825 -2.766880
-2.078327 1.446339 -2.727370
-1.994743 1.452819 -2.717838
-3.237896 1.480041 -1.539725
-2.668519 0.858088 -1.572095
-2.659335 0.874303 -1.529950
-2.658389 1.514383 -2.110393
-2.059178 1.552895 -2.118014
-1.254182 1.575324 -2.188942
-0.681502 0.919159 -1.595754
-0.660944 0.893037 -2.217080
0.004618 0.859301 -2.196680
-1.379529 0.840927 -2.233495
-1.412761 0.826365 -2.303281
-0.163919 1.433533 -2.956686
1.110997 1.389197 -2.881109
1.122688 1.368364 -2.823582
1.077941 1.385384 -2.835420
0.988150 1.414594 -3.475966
0.945635 1.415531 -3.503043
0.985035 2.015417 -3.467527
1.032423 2.629587 -3.428799
-0.357600 2.637555 -3.451169
0.910557 2.022130 -3.509534
0.888063 2.003677 -3.528635
0.333614 1.386103 -3.485179
0.990908 1.422194 -3.440342
0.913467 1.463733 -2.140863
0.797930 2.177496 -1.631177
0.772162 1.558652 -1.738382
0.831765 1.590619 -3.053679
0.240180 2.216712 -3.058677
0.172193 2.200333 -3.076775
0.082949 2.832812 -2.545736
0.096526 2.819690 -1.900324
0.181199 2.186897 -1.255406
0.225341 2.182398 -1.820084
0.183220 3.446911 -1.818700
0.134267 2.037487 -3.080705
-0.502034 0.750822 -3.058173
0.850735 0.726576 -2.994053
0.904761 0.017426 -2.957407
0.906493 -0.031851 -2.962394
0.287682 -0.036303 -2.957376
0.305407 -0.639894 -2.909513
-0.289071 -0.636133 -0.943100
-0.257952 -0.643080 -0.951324
-0.870964 -0.621098 -0.289798
-0.852609 -0.575400 0.347631
-0.197936 -0.551789 -0.256592
0.424623 -0.576640 0.384105
-0.183903 -0.611618 0.351324
-0.160046 -0.613509 0.327867
-0.132140 -0.593841 1.010216
-0.139347 0.030308 1.052870
-0.821974 -0.638010 -0.234084
-0.187920 -0.665835 -0.217918
-0.137654 -0.646354 -0.185593
-0.102734 -0.613268 0.460399
0.485360 -0.603415 0.408763
-0.165712 -0.620618 -0.937944
-0.156462 -0.616017 -0.309862
-0.090213 -0.590020 -0.294863
-0.074105 0.048560 -0.252303
-0.098141 -0.574375 -0.234404
-0.121441 -1.209300 -0.263799
0.514619 0.056169 -0.295829
0.490234 0.069806 -0.920898
0.487093 -0.557181 -0.889746
0.434636 0.089643 1.019084
1.006808 0.083488 0.298535
1.004895 -0.577641 0.241917
1.667891 -0.659011 0.253562
1.065993 -0.695337 0.915368
-1.535465 -0.671951 0.886979
-0.947144 -1.301085 1.424071
-0.901886 -1.279323 2.033443
0.394935 -1.298958 3.292965
1.032546 -1.901903 2.728044
0.924992 -2.470061 2.752201
0.884238 -2.447109 2.157594
0.978131 -1.830323 2.187865
2.321838 -1.306062 2.205664
1.689574 -1.934337 2.177137
0.402939 -1.894954 2.122904
0.409346 -1.835571 2.082969
0.501215 -1.178844 2.078046
1.190866 -1.878402 1.476265
1.168092 -1.866216 1.435292
0.493735 -1.826010 2.027436
0.489891 -1.173028 1.402445
1.178580 -1.860853 1.443918
1.255360 -1.286089 -0.568729
