2.420220 -3.784234 -1.661772
2.989700 -1.814679 -1.717980
2.936262 -1.901717 -1.723979
2.880211 -1.908990 -1.694176
2.833400 -1.868040 -1.706564
2.810096 -2.530975 -1.741621
2.816978 0.042465 -1.767638
1.583869 -0.008401 -1.758631
1.591671 1.394998 -1.767282
1.600857 0.810264 -1.842257
1.625688 1.464189 -1.943116
1.035836 0.196089 -1.997784
1.042822 0.180232 -2.000777
1.038237 -1.680038 -2.007630
1.054318 -1.663667 -2.027789
1.111014 -1.705276 -2.025071
1.175375 -1.748709 -1.983751
1.198493 -1.153497 -1.942111
-0.132547 -1.099238 -1.938195
-0.109341 -0.436537 -1.973585
-0.058003 -1.121922 -2.003194
-0.043794 -1.124347 -1.966231
-0.112745 -1.097607 -2.583980
-0.207834 -1.077354 -2.535922
-0.250535 -1.113033 -2.478318
-0.227046 -1.193375 -2.413721
-0.189203 -1.286249 -2.351778
0.421371 -1.296508 -2.312754
0.409213 -0.652567 -2.298248
0.438890 -0.032403 -2.322364
0.488912 -0.074720 -2.374242
0.517949 -0.080440 -2.429570
0.494083 -0.050202 -2.461746
0.456294 -0.017378 -1.201565
0.452115 -0.639283 -1.181051
0.476742 -1.296944 -1.151670
0.518053 -2.575227 -1.708652
0.542868 -2.548306 -1.672260
-0.061602 -3.150097 -1.658774
-0.043947 -3.089356 -1.676988
-0.629712 -2.400868 -2.359177
-0.655129 -1.731064 -2.397043
-0.714506 -1.745809 -3.046915
-0.770704 -1.729204 -1.073301
-0.800793 -1.725004 -1.023565
-0.197483 -1.780201 -0.980394
-0.257860 -1.844190 -0.908144
-0.319527 -1.886612 -0.814242
-0.322392 -1.936455 -0.747328
-0.291606 -1.943208 -0.730280
-0.290611 -1.949619 -0.761735
-0.356588 -1.973116 -0.796340
-0.416149 -1.974988 -0.802328
-0.413136 -1.952722 -1.434725
0.296399 -1.959768 -1.407080
0.333501 -2.027388 -1.418299
0.341012 -2.104528 -0.785305
0.994368 -2.122058 -0.812843
1.067433 -2.070901 -0.809733
1.135802 -2.028536 -1.459467
0.505665 -1.405794 -1.506319
0.451470 -2.030959 -1.594987
1.002602 -1.955043 -1.662945
0.950108 -1.862238 -1.020269
0.920335 -2.421177 -0.978432
1.540673 -3.058726 -0.970142
1.544206 -3.080517 -1.007081
1.551973 -3.063218 -1.029754
1.551126 -3.024627 -0.997025
1.539940 -2.389459 -0.958736
1.523004 -1.782364 -0.418495
1.495774 -1.778906 0.175931
1.454390 -1.728798 0.144208
0.802262 -0.413663 -0.489006
0.779555 -1.093215 -0.485826
0.795733 -1.147781 -0.506751
0.845040 -1.209839 -1.146171
1.517369 -0.580789 -0.526799
1.542641 -1.250539 -0.528341
0.896602 -1.300920 -0.532587
0.925721 -0.667477 -0.547489
-0.356992 -0.661665 -0.557669
-0.362069 -0.632946 -0.552933
-0.371713 -0.633476 -0.532533
-0.384022 -0.658296 0.753988
-0.377152 -0.670939 0.153576
-0.348624 -1.989834 0.170584
-0.322994 -2.004430 0.160345
-0.301995 -2.051353 0.139352
0.413450 -1.472869 0.125141
0.434438 -2.099618 -1.189832
1.083379 -2.667261 0.142576
1.009169 -1.992073 0.072009
0.299883 -1.998093 -0.641939
0.258988 -2.611968 -1.368194
-1.002754 -2.592807 -1.356096
-1.021431 -2.594384 -1.374931
-1.034953 -2.636904 1.186503
-1.024857 -2.075312 1.206497
-1.623905 -2.086082 1.275280
-1.606416 -2.070434 1.318013
-1.615908 -2.068498 1.955731
-1.633256 -2.087025 1.931273
-1.623818 -1.437498 1.932563
-0.964686 -1.426804 1.962196
-0.958134 -0.762389 1.986985
-1.597713 -0.756133 1.976767
-1.605143 -0.769245 1.976225
-1.579230 -0.776227 2.019024
-1.556392 -0.746488 2.066675
-0.947723 -1.984356 2.062799
1.460323 -1.932411 0.109749
1.450471 -0.666656 0.062362
1.472685 -0.650486 0.037362
1.475652 -0.601516 0.023729
1.440617 -1.210580 -1.240295
1.419008 -1.220806 -1.272543
1.433767 -1.269115 -0.666843
1.450602 -1.302165 -0.657191
1.440499 -1.285788 -0.645524
1.426839 -1.244842 -0.645213
1.454753 -0.602540 -0.627356
1.510677 -0.635576 0.036653
1.547834 -0.667502 0.060305
1.537897 -0.663360 0.060613
1.519032 -0.647459 0.054039
0.174364 -0.665504 1.227992
0.196866 -0.721004 1.283004
0.194958 -1.430554 1.322601
0.157351 -1.415857 1.303702
0.818674 -1.373560 -0.044077
0.215269 -1.994027 -0.063041
0.849828 -1.363917 -0.046587
0.845828 -2.020237 0.593764
1.467443 -1.999644 -0.087406
2.076198 -1.970260 -0.153927
2.059941 -0.651059 1.109870
2.032725 -1.290361 1.176861
2.017079 -1.308516 1.232336
2.018955 -1.307242 -0.024998
2.032714 -0.645569 -0.698293
2.050843 -0.657234 -0.039660
2.719681 -0.692146 0.012537
4.035132 -1.374407 0.029870
4.077865 -2.003942 0.011219
4.094284 -2.042601 0.640000
3.441370 -2.095096 0.690006
3.453352 -2.112013 0.743588
3.478234 -2.040363 0.759810
3.483415 -1.377758 0.747069
3.450225 -1.379806 0.094624
3.421973 -1.401070 0.132958
3.416701 -1.380416 0.132940
2.786592 -1.950263 0.080919
2.738074 -1.863027 0.031333
2.670077 -1.844427 0.054912
1.946966 -1.871111 -0.489656
1.970274 -1.861647 -0.436792
2.002315 -1.792047 -0.466357
2.001920 -1.088862 -0.519270
2.000280 -1.102609 -0.510468
2.048615 -1.159901 -1.096018
2.118383 -1.829812 -0.429074
2.144738 -1.789826 -0.529669
2.133427 -1.076251 0.016872
2.147660 -2.390728 0.684995
2.193366 -2.444601 0.779982
3.513228 -3.111030 0.800082
3.497873 -3.740630 0.740370
4.121226 -3.085893 0.712305
3.462911 -1.816562 0.787367
3.459045 -1.837765 0.874692
3.496482 -1.874909 0.883918
3.445932 -1.908540 -0.514663
3.388711 -1.929901 -1.859424
3.362625 -1.964337 -1.805349
3.357387 -2.029898 -1.732545
3.333200 -1.444890 -1.727278
2.071171 -1.482970 -1.161006
2.055159 -1.479221 -1.204230
2.076381 -1.440319 -1.162828
1.482662 -1.393450 -0.490357
0.163388 -1.374114 -0.486708
-0.433811 -1.984108 -0.545774
-0.390718 -1.960981 0.069305
-0.360188 -1.309884 0.064132
-1.016788 -1.912061 0.092448
0.828049 -1.936798 0.083162
0.842268 -2.597688 0.010623
0.877902 -2.609788 -0.692276
1.549320 -2.567251 -0.679982
1.566801 -2.526419 -0.613365
1.579873 -3.145654 -0.581898
1.612039 -3.172823 -1.234465
1.057094 -3.184760 -1.269639
1.070950 -3.166145 -0.592371
1.639257 -3.139340 -0.481585
1.598286 -2.516563 0.793929
1.565088 -2.536247 0.797730
1.534673 -1.896867 0.780751
1.492513 -1.199141 -0.493685
1.445123 0.110877 -0.428678
1.407961 0.121097 -0.386749
1.382750 -0.506883 -0.406728
0.718715 -1.123648 -0.463436
0.700267 -1.105266 -0.483914
0.692982 -1.089694 -0.462636
0.690526 -0.452469 -1.087042
0.681846 -0.434978 -1.152753
0.667476 -1.721268 -1.244949
0.682489 -1.700490 -0.656489
0.120152 -1.722800 -0.652964
0.155927 -1.100597 -0.020930
0.760237 -1.130055 -0.067627
0.737331 -1.114522 -0.139998
0.742677 -1.097059 -0.143884
1.400285 -0.454007 -0.086220
1.395149 0.866376 -0.032133
1.367899 0.785423 -0.044986
1.345037 0.800852 -1.435626
1.376820 0.833122 -1.460167
1.436562 1.442098 -1.379422
0.253040 1.339407 -1.290057
0.238550 0.610623 -1.304337
-0.418832 0.662656 -0.748339
-0.348794 0.751773 -0.750780
-0.279168 -1.269949 -0.021444
0.373590 -2.024766 0.054029
-0.273129 -2.072186 -0.627782
0.374707 -1.470946 -0.726344
-0.196092 -1.483036 -0.771111
-0.815219 -1.506664 0.535583
-0.825611 -1.513293 0.591965
-0.834567 -2.724439 -1.269829
0.348897 -3.314877 -1.302182
-0.240377 -3.870200 -1.887048
-0.269304 -3.810902 -1.811535
-0.367060 -3.776980 -0.451365
0.202369 -3.746351 -0.414091
0.243950 -3.703388 -0.414592
0.315216 -4.341235 -0.405595
0.307286 -4.346033 -1.015245
1.476565 -4.393962 -0.979057
1.464397 -3.153823 -0.343286
0.887217 -3.151543 -0.366010
-0.309909 -3.151027 0.203973
-0.282316 -3.179418 0.819548
-0.308718 -2.607315 0.868855
-0.295159 -1.986536 0.301821
-0.214198 -1.997450 0.282360
-0.111704 -2.037699 0.864794
-0.732538 -2.083393 0.820812
-0.783354 -2.110510 0.844756
-0.848046 -2.108760 0.260431
-0.845229 -2.088671 0.277324
-1.429208 -2.053092 0.256157
-1.435771 -2.643094 0.259894
-1.509054 -2.624069 0.326288
-0.313077 -1.989204 0.408215
1.050236 -2.621121 0.416027
1.084133 -2.626477 -0.259431
1.066446 -2.021410 -0.313103
0.396790 -2.688524 -0.312005
0.358280 -0.138700 -0.303108
0.375203 -0.118710 -0.344182
0.394909 -0.045848 -1.050010
0.375166 0.629849 -1.068478
0.358031 0.600388 -1.036735
0.384924 1.194411 -0.376084
0.444040 0.570004 -0.395107
0.494388 0.606734 0.253366
0.535369 0.605318 0.261901
0.558641 -0.060394 0.957362
0.573445 -0.089713 0.394491
-0.057876 -0.051616 0.404060
0.628568 -1.380255 0.398692
1.285112 -1.310109 0.436917
1.287599 -1.249987 1.126645
1.301171 -1.233707 1.170246
1.932169 -1.236922 1.153510
0.716214 -1.227282 1.107066
0.716194 -1.211859 1.094423
0.702241 -1.220212 1.115984
0.681829 -1.261357 1.722725
1.867057 -1.294475 1.025882
1.802290 -1.272572 0.295533
1.729925 -1.213399 -0.349482
1.682533 -1.180317 -0.309443
2.290229 -0.608010 0.359402
2.915879 -0.646018 0.316503
2.928202 -0.656030 0.253777
2.940389 -0.670158 -0.992619
2.318724 -0.716874 -1.019560
1.725537 -0.791674 -1.069694
1.068159 -1.482330 -1.121925
0.396994 -0.790331 -1.152555
0.365467 -0.712142 -1.166449
1.663247 -0.685760 -1.822933
1.069460 -0.719501 -1.834158
1.058077 -1.368293 -1.207117
1.666411 -1.340390 -1.175113
1.668814 -1.329028 -1.111801
1.713320 -1.368991 -0.409499
1.100585 -1.420935 -0.399513
0.434863 -2.065242 -0.386829
0.372554 -2.009044 0.271186
0.947543 -1.291689 0.345207
1.594902 -0.737686 0.388170
1.601325 -0.766121 0.390960
2.215989 -0.739803 0.412683
2.187848 -0.669794 0.476308
2.194550 -0.638426 -0.130427
0.955501 -0.049326 -0.159505
1.624862 -0.086404 -0.237369
1.590338 -0.715970 -0.266717
0.898496 -0.672656 -0.225595
0.241353 -1.271234 -0.183354
0.256373 -0.666089 -0.202131
0.241186 -0.715474 -1.516258
2.084104 -0.742636 -2.721297
2.800018 0.489136 -2.684496
2.845537 0.442602 -2.692087
2.222224 -0.253974 -2.736041
2.233818 -0.260208 -2.759695
1.582287 -0.254962 -2.728498
0.296237 -0.252795 -2.686443
-0.377735 1.032761 -2.080281
-0.399502 0.415296 -2.135785
-1.013845 0.444677 -2.186468
-0.991291 0.427223 -2.176148
-0.328897 -0.269991 -1.549801
0.883944 -0.311969 -1.609652
0.208217 -0.293113 -0.452207
0.182174 -1.477689 -0.549858
1.503196 -1.490200 -0.533492
2.079193 -1.485902 -0.466790
2.047681 -0.853942 -0.438195
3.259270 -0.783408 0.154625
2.615756 -0.747370 0.148697
2.641887 -0.773771 0.201624
3.295857 -0.166200 0.246581
2.069398 -0.155187 0.227312
2.081228 -0.091875 0.164236
2.103730 -0.696336 0.157671
1.503291 -0.697677 0.217803
0.850131 -0.106196 0.273655
0.837885 -0.086451 -0.915293
0.791779 0.610103 0.288984
0.762870 -0.026613 -0.285385
0.802387 -2.095454 -0.240387
1.552274 -1.477151 0.338708
1.641997 -1.491991 0.267504
1.665848 -2.141062 0.225571
1.649516 -3.495182 0.270933
1.015429 -4.126220 -0.282030
1.067333 -4.099584 -0.272088
1.731443 -4.062193 -0.286616
1.662667 -3.432574 -0.257666
2.222298 -2.848901 -0.164940
2.235135 -3.499152 0.514616
2.303197 -3.449453 0.526097
2.331581 -3.434229 0.497861
2.293164 -3.434530 1.125453
1.591589 -2.814013 1.179089
1.615657 -2.790455 0.639092
1.672263 -1.528232 0.607045
2.941296 -0.832894 0.546584
2.865104 -0.800340 1.181677
2.159899 -0.815143 1.246254
2.181599 -0.759004 1.267732
2.256919 -0.733880 1.187209
1.011167 -1.343065 1.085446
1.628669 -1.379365 1.063510
1.637722 -2.141985 1.121598
1.012072 -2.189887 1.159704
1.687370 -2.137569 1.114084
1.661662 -2.045270 -0.171932
2.269939 -2.014516 -0.156278
1.582008 -3.319238 -0.064919
1.572236 -3.326443 0.001137
2.223069 -3.272377 -0.025690
2.212453 -3.251682 -0.080107
1.602111 -3.336586 -0.667047
1.642307 -2.815862 -1.167099
1.677204 -2.860639 -1.077312
2.336137 -2.782241 -1.074963
2.349583 -2.737409 -1.123674
2.359101 -2.745734 -1.135420
2.363170 -2.763617 -1.100306
2.366875 -2.074078 -1.075448
2.373620 -2.586552 -1.117228
1.191172 -2.540498 -1.203132
0.574518 -1.963461 -1.254579
0.579238 -1.990186 -1.251910
0.572434 -1.938958 -1.246974
0.568103 -0.585214 -1.275534
0.570860 0.769573 -1.324713
1.205773 2.066932 -0.729528
1.193255 2.665494 -0.758146
1.180282 2.679484 -0.791584
1.179656 2.676962 -0.834048
1.193140 3.290470 -0.868401
1.200138 2.631157 0.327748
1.186137 2.597014 0.319088
1.170576 2.545286 -0.272245
0.516233 3.133157 -0.274635
1.146714 3.118850 -0.855189
2.499421 3.127486 -0.814918
2.462306 3.128061 -1.353661
1.827616 3.119033 -0.718457
1.852274 3.101171 -0.699427
1.883834 3.093746 -0.667393
1.865701 3.712652 -0.604911
1.804376 3.679144 -0.561211
1.771000 3.644190 -0.578054
1.788664 3.646461 -0.627389
1.816426 3.676979 -0.627554
2.432153 3.061067 -0.554470
1.748729 3.073600 -0.496878
1.701277 3.066985 -0.529429
1.720998 2.529824 -0.615916
1.768275 1.928850 0.000740
1.758863 1.932586 0.043503
1.698869 1.291388 0.107556
1.656752 1.302954 0.095918
1.680757 0.654849 -0.643678
2.350589 1.894927 -0.063542
2.305659 1.894134 -0.064977
2.841280 1.880259 -0.060567
2.807394 3.214967 -0.115717
2.847280 2.645689 -0.200118
2.892217 1.996748 1.057327
2.882113 2.589785 1.021491
2.215992 2.567216 0.398346
2.233739 3.249892 -0.844789
0.979634 3.265173 -1.500326
1.711841 3.233042 -0.866361
1.718216 3.184937 -0.861487
2.270943 3.197055 -1.437409
2.247818 3.278444 -1.393631
2.282693 3.350096 -1.385200
2.322043 3.347084 -1.396502
2.310685 2.659312 -1.384581
2.262623 3.277917 0.603816
2.239002 3.992421 0.660533
2.265499 4.005588 0.635565
2.298941 3.936182 1.197455
2.296083 3.877587 1.177119
2.267107 3.912834 1.230157
2.257620 3.404204 1.270792
2.288741 2.830345 1.228218
1.132983 2.816242 0.500046
1.119359 2.143655 0.464333
1.071375 2.126508 -0.104581
1.040248 0.259641 0.563971
1.056566 0.903494 0.534041
1.075381 1.485195 -0.161851
1.053717 -1.018432 -1.462391
1.018619 -1.039361 -0.818574
0.383032 -0.956565 -0.796740
0.432449 -0.203449 -0.797514
-0.182515 -0.198420 -1.440953
-0.190611 -0.199990 -1.405113
-0.222292 -0.907603 -1.371814
-0.224923 -0.318022 -1.358917
-1.442172 -0.944556 -1.366302
-1.412916 -1.607309 -1.353875
-1.420175 -1.697978 -1.313125
-0.790110 -1.124710 -1.311438
-1.404294 -1.060380 -0.723784
-0.760371 -1.618746 -0.750808
0.545597 -1.627750 -0.732167
0.535035 -2.353341 -0.066218
0.508208 -2.374652 -0.075092
0.498121 -2.373205 -0.119028
0.498213 -2.409335 -0.140249
0.485247 -2.500768 -0.114536
0.446692 -2.569664 -0.092155
0.421431 -1.884993 -0.125191
0.442326 -1.844865 -0.166892
1.117884 -1.839602 -0.153265
1.144059 -1.867644 0.538061
1.132534 -1.890072 0.587699
1.104477 -1.879611 0.595670
1.095806 -1.838965 -0.608905
1.115929 -1.855313 -1.206856
1.138447 -1.908652 -1.756263
1.135286 -3.211067 -1.686755
1.119427 -3.179021 -1.027115
1.119582 -3.113432 -1.655103
1.146053 -3.078887 -1.634352
1.169308 -3.112921 -1.562565
1.150376 -3.159771 -2.167955
0.506690 -3.155573 -1.536315
0.484503 -3.123783 -1.555491
-0.129185 -3.114181 -2.234607
-0.122406 -3.152639 -0.326339
1.046457 -3.179804 -0.331456
1.050682 -3.167864 -0.364787
1.076633 -2.490537 -0.426672
1.120769 -2.450153 -1.099518
1.152016 -2.458902 -1.101270
1.146815 -3.125248 -1.092969
1.744630 -3.139245 -1.099638
1.764632 -3.121687 -1.119053
1.809811 -2.471747 -1.111947
1.876315 -1.861108 -1.076444
1.894447 -1.897185 -0.382976
3.765493 -2.536427 0.852447
3.774338 -2.474567 0.824832
3.159949 -2.416256 -0.495294
3.139529 -3.065585 0.154539
3.068458 -3.126711 -0.487801
2.426560 -3.176533 -0.507073
2.418328 -3.160857 -1.210484
3.720192 -3.144115 -1.214349
3.726265 -3.173074 -1.168889
3.697684 -2.614088 -1.764078
3.680760 -2.675557 -1.796688
3.078692 -3.292076 -1.853818
2.476919 -3.229556 -1.890789
2.464435 -2.508013 -1.245907
3.034937 -1.285828 -1.940444
3.012813 -1.337863 -1.305633
3.045656 -1.944755 -0.698906
2.485328 -1.861812 -0.709703
2.492474 -2.446190 -1.339692
2.463030 -2.520362 -0.053685
1.860860 -2.575842 -0.603868
1.904457 -2.524439 -1.179339
1.940913 -3.051328 -1.154617
3.199965 -2.358443 -0.533586
3.777390 -2.412326 0.167831
3.768403 -2.487835 -0.345153
3.181000 -2.473152 -0.383047
3.205099 -2.394856 -0.407045
3.183008 -2.361029 -1.098413
1.958738 -1.071346 -1.116310
1.950334 -1.758249 -0.488825
1.961218 -1.732611 -0.457602
1.965098 -1.684156 -0.475852
1.955428 -1.028087 0.092324
1.968569 -1.755786 0.705092
2.015803 -1.827808 0.751244
2.634333 -1.819731 0.780201
2.646654 -1.131848 1.398760
2.611667 -0.479014 0.715927
2.576001 -0.527606 0.688119
1.932743 -0.561361 0.719821
1.932758 -0.545293 1.412538
1.912381 -1.132577 1.445221
1.272168 -1.111592 0.825987
1.289891 -1.113168 0.797902
1.962980 -1.743492 0.852517
1.337422 -2.989314 0.912872
1.308066 -2.929469 0.920247
1.275492 -2.897972 0.866587
1.291579 -3.540660 0.802054
1.980117 -3.532009 0.772524
1.982428 -3.502086 0.766791
0.738986 -3.467851 0.737802
0.756005 -2.816517 0.674320
0.164172 -2.837892 0.612816
0.202329 -2.837788 1.251727
0.210112 -2.812271 1.309979
0.198744 -2.149473 1.297923
-0.451253 -2.162978 0.597821
0.170973 -2.783369 0.532006
1.324025 -2.789944 1.150483
2.001709 -2.194004 1.793283
2.045973 -2.210142 0.527634
2.080402 -2.860823 0.518235
2.110140 -2.897040 0.518808
2.113239 -2.980780 1.182690
2.079959 -2.982945 1.226869
2.049040 -2.961141 -0.074134
2.012166 -2.940245 -0.744836
2.557320 -2.319818 -0.108071
2.512255 -2.292852 0.549185
1.816680 -2.269288 0.554424
1.831108 -1.614427 -0.079220
1.866096 -2.267672 -1.216898
1.904057 -2.263846 -1.206759
1.910610 -2.243678 0.079369
1.912169 -2.804703 0.052917
2.565380 -2.115422 0.054591
2.580779 -1.462499 0.010795
2.578419 -2.757569 -0.054343
2.568006 -2.136536 -0.108683
2.577873 -2.790186 -0.113115
2.606788 -3.504680 -0.087934
2.656001 -2.988308 -0.658502
2.701299 -3.053256 -1.278667
2.122345 -1.832003 -1.860143
2.118801 -1.849203 -1.794182
2.676413 -1.190165 -1.760376
2.604628 -1.146938 -1.783736
3.822401 -1.113870 -2.484123
3.747710 -1.094595 -2.533130
3.070702 -1.097535 -2.551510
3.048591 -1.119245 -2.534193
3.066266 -1.810976 -1.903355
3.098828 -1.884206 -1.893858
3.052755 -2.572438 -1.900867
3.035426 -1.885414 -2.541306
3.616668 -1.818332 -2.583848
3.599019 -1.788286 -1.995466
2.987776 -1.132959 -2.684959
3.527073 -1.102468 -2.784160
2.844594 -1.025686 -3.482232
2.171204 -0.975008 -2.800408
1.585826 -2.937952 -2.148244
1.635020 -3.672777 -1.579024
2.262522 -3.682999 -1.065571
2.194146 -3.013992 -1.677144
2.124259 -3.525404 -1.643827
2.121522 -3.506247 -1.659734
1.465283 -3.515480 -1.704251
1.439718 -2.855084 -1.716588
1.400565 -2.843005 -1.683275
1.420647 -2.867152 -1.641725
1.508606 -2.936599 -1.630426
1.603628 -3.009901 -1.613615
0.995968 -3.037789 -0.907156
1.620804 -3.034483 -0.842665
2.246813 -3.044591 -0.820577
2.872720 -3.051758 -0.860666
2.248874 -3.064594 -2.170985
2.229879 -3.042893 -2.139513
1.615763 -2.354275 -2.083737
2.227195 -2.352084 -2.068013
1.620863 -2.996926 -2.786588
1.671547 -3.009409 -2.764824
1.718053 -3.006274 -2.731987
1.727841 -3.639947 -2.658803
2.320323 -3.582877 -1.312474
2.876872 -3.534848 -1.357203
2.841558 -2.874127 -1.415426
2.832651 -2.850002 -0.799154
2.821192 -3.435064 -1.415643
2.798217 -3.413063 -1.398144
2.156365 -3.444191 -1.422423
1.550108 -3.513790 -1.459693
1.585849 -3.567336 -1.457436
0.960306 -2.929677 -1.416829
0.294157 -2.282639 -0.741951
0.220386 -2.307909 -0.737581
0.815675 -2.350091 -0.078281
0.822394 -2.374671 -0.699055
0.811898 -2.358532 -0.695660
0.168830 -1.691281 -0.701933
0.201014 -2.351129 -0.694755
0.925757 -1.751072 -0.675558
1.626044 -1.780484 -0.681642
1.664901 -2.408203 -1.365524
1.672633 -2.378546 -0.772976
1.666229 -2.340290 -0.759761
1.655419 -2.297968 -0.737587
1.622852 -1.612334 -2.031797
1.588481 -3.471303 -2.046943
2.195922 -3.456143 -2.053907
1.656360 -3.469105 -2.028048
1.122547 -2.859590 -2.016074
1.153988 -2.244734 -2.062439
0.514574 -2.901220 -2.142153
-0.112182 -2.929944 -2.189307
1.155782 -2.951249 -2.175537
1.734730 -2.946666 -2.809687
2.316334 -3.553237 -3.436207
2.861740 -3.557389 -3.444761
2.848338 -3.613031 -4.093321
2.904193 -3.682437 -3.394237
2.955288 -2.389559 -2.746523
2.959848 -2.386764 -2.741401
2.950551 -1.743503 -2.755554
2.976517 -1.758983 -2.742089
3.019168 -1.753971 -2.698409
3.013170 -1.677535 -1.426863
3.531940 -0.285410 -1.412259
3.466308 -1.464463 -1.399547
3.467968 -0.856898 -2.004983
4.726770 -0.833911 -1.313148
4.749012 -0.736892 -1.278713
4.742732 -0.634415 -1.274958
4.749448 -0.614843 -1.287239
4.794981 -0.649384 -1.303450
5.490269 -0.080491 -1.314471
5.478495 -0.678240 -0.711689
5.422555 -1.232925 -1.368238
3.509409 -1.252776 -2.074083
3.529773 -1.312151 -2.099490
2.931379 -0.092894 -2.115888
3.575573 -0.116642 -0.813677
3.560939 0.468791 -1.517716
2.321673 0.402684 -0.903930
3.001477 0.334330 -0.968110
3.038495 0.311495 -0.972861
3.016342 0.339676 -0.960619
2.944795 0.435552 -0.932529
2.889585 -0.825188 -1.559208
2.865863 -0.821824 -1.623458
3.484232 -0.794827 0.226969
3.451193 -0.745626 0.234339
2.757433 -0.731245 0.242266
3.380928 -1.402509 0.198568
3.416924 -2.116463 0.109351
3.454958 -2.095765 0.093898
3.447592 -1.425476 0.170167
3.384879 -2.007656 -0.357640
3.329948 -2.024243 -0.351709
3.331737 -2.677589 0.876732
3.425624 -2.650805 0.227597
3.444140 -1.961075 1.650166
3.451821 -1.974324 1.711042
2.838067 -2.043685 1.674403
2.875876 -2.119780 0.974751
2.892369 -1.531696 0.370617
2.884200 -1.503606 0.427117
2.849591 -1.453651 1.102626
2.822670 -1.425519 -0.868794
3.424208 -1.412125 -1.579291
3.418833 -1.389737 -0.941184
3.424817 -1.354490 -0.252409
2.810336 -2.604271 0.347078
2.209756 -2.646035 0.855973
2.227651 -2.704852 -0.463272
2.218670 -2.810614 -0.471509
2.148790 -2.786124 -0.476611
2.140347 -2.781059 0.169782
2.156952 -2.807134 0.133613
2.774816 -4.118658 -0.477222
2.760216 -3.482283 0.835425
2.758275 -2.835326 2.151588
2.782636 -2.857375 2.727239
2.798978 -2.875499 2.680954
2.777869 -2.877329 2.706241
2.107176 -2.871121 2.138249
2.069071 -2.873479 2.817045
2.046986 -3.516306 2.148030
2.012465 -3.498078 2.172974
2.588882 -3.463033 2.230781
2.558471 -3.428783 1.674432
2.580698 -3.407487 1.690764
2.630009 -2.716969 2.920135
2.669150 -2.676910 2.855074
3.297173 -2.642720 2.258813
3.313313 -3.251018 2.279629
3.360090 -3.199134 2.271325
3.395058 -3.775878 2.247890
3.405083 -3.714184 2.237753
3.402621 -3.690151 0.996144
3.419859 -3.703647 1.019452
3.466377 -3.070946 1.677562
3.500298 -3.040585 1.659936
3.507194 -3.032419 -0.835527
3.495569 -3.647556 -0.856593
3.486489 -3.676416 -0.238037
3.469120 -3.073786 -0.214139
3.425510 -3.056444 -0.176819
3.371642 -3.070735 -0.772873
3.333146 -3.101898 -0.787974
3.964382 -2.456669 -0.797667
3.969446 -2.433045 -0.781514
3.344931 -2.418086 -0.781683
3.374310 -2.444045 -0.846169
3.412967 -2.478934 -0.949012
2.800640 -2.476852 -1.691721
2.799497 -1.844251 -1.687319
3.443104 -1.841860 -2.307389
2.872293 -1.889330 -2.323337
2.917369 -1.928544 -1.711119
2.953618 -1.925305 -1.705533
2.961454 -1.937248 -1.685821
2.943031 -2.015778 -1.695521
1.630634 -2.115310 -1.740834
1.037091 -1.570190 -1.788650
1.058708 -0.240317 -1.154718
1.024849 -0.241132 -0.459872
0.970312 -0.267008 -1.072576
0.945405 -0.280547 -1.083417
0.949852 -0.270805 -1.781955
0.946079 -0.256345 -1.732475
0.920221 -0.279603 -1.666238
0.904749 -0.322446 -1.644317
0.936208 -0.313288 -1.065245
0.977394 -0.265711 -1.107698
0.982410 -0.838298 -1.714908
0.955411 -0.856400 -1.684696
1.558482 -0.856009 -1.687285
1.550393 -0.801192 -1.724560
1.547319 -0.754365 -1.733690
1.536269 -0.765511 -1.692874
2.174232 -0.817274 -2.264256
2.191529 -0.834680 -1.051001
2.245862 -0.782304 -1.107095
2.290317 -0.748767 -1.144310
1.643984 -0.769189 -1.764399
0.977385 -0.799598 -1.765437
0.947468 -0.772008 -1.802543
0.283449 -0.699090 -1.858798
0.267135 -1.290605 -3.085628
1.523533 -1.332596 -3.011966
1.494251 -1.403846 -2.960486
0.217347 -1.424663 -2.998496
0.288189 -1.391004 -3.710761
0.345387 -1.374404 -3.721628
1.636961 -1.395685 -3.672285
2.243485 -1.392137 -3.654324
1.638531 -1.335219 -3.035334
1.672014 -1.272819 -3.088656
1.663317 -1.275972 -2.383701
1.602408 -1.328112 -2.302428
1.558541 -1.361030 -2.956510
1.577062 -2.599562 -2.323686
1.615719 -2.577344 -2.324724
0.950682 -3.199890 -2.252298
1.528774 -3.194096 -2.780845
1.486414 -3.183656 -3.469161
1.505475 -3.168719 -4.884947
0.895747 -1.936297 -4.857906
1.470075 -1.973749 -4.756679
1.375736 -2.041936 -4.007548
0.710443 -2.084856 -4.026778
0.133999 -2.075509 -4.073342
0.196544 -2.055179 -4.049207
0.823483 -2.080517 -3.329625
0.771349 -2.136331 -3.341962
1.392947 -2.159275 -4.102394
2.104258 -1.496268 -2.948276
2.172814 -1.470357 -2.931077
2.825458 -1.530036 -2.898236
2.804117 -1.615506 -2.935259
2.810066 -1.621996 -3.030067
2.245505 -1.550768 -3.077281
2.953246 -1.500141 -3.041750
2.962645 -1.525627 -2.988342
2.923028 -1.540965 -2.338246
2.889837 -1.454453 -2.367879
1.628016 -1.316821 -2.357889
1.635899 -1.261685 -0.960439
1.601944 -1.318694 -0.927104
1.538993 -2.710324 -1.645362
1.484482 -2.662281 -1.709610
0.842410 -2.612472 -1.718779
0.195193 -2.624390 -1.705215
0.805803 -3.281015 -1.714676
0.138061 -3.292499 -1.750179
0.123878 -3.254047 -1.767311
0.136669 -3.237212 -0.551824
0.159781 -3.298884 0.729606
0.171953 -3.399232 0.111371
0.781082 -3.440641 0.718540
0.142366 -4.043411 0.650187
0.122518 -4.013632 0.640059
-0.528973 -4.028830 0.680494
-0.524455 -4.037511 0.047550
-0.511358 -1.962510 -0.007350
0.169380 -1.875481 -0.045272
0.843696 -1.205860 -0.015525
0.863749 -1.890548 -0.616791
0.889954 -1.942922 -0.621290
0.265104 -1.925137 -0.685077
0.299818 -1.218965 -0.719368
0.296017 -0.552206 -0.686462
0.265212 -1.200290 -0.635079
0.245874 -1.198190 -0.633740
0.259210 -1.135925 -1.240230
0.278351 -1.072201 -1.259095
0.259823 -1.059023 -1.217857
0.223930 -1.090401 -1.132818
0.230656 -0.513643 -1.084756
0.286178 -0.518644 -1.089766
0.318525 -0.544547 -1.097387
0.285338 -0.608692 -1.064958
0.238335 -0.684485 -1.642574
0.216876 -0.091597 -1.660651
0.216505 -1.307730 -0.364589
0.203966 -1.910665 -0.301206
0.173681 -1.908103 1.021705
0.187790 -1.939587 1.032936
0.257545 -1.968510 0.995329
0.329524 -0.069926 1.638126
0.342711 -0.086480 1.652856
0.328614 0.571874 1.012673
0.360837 -0.085285 0.965095
0.397581 -0.135179 0.310463
0.383433 0.524452 1.539658
0.314097 0.499135 1.537562
0.902599 1.149757 -0.965637
0.322310 1.177118 -0.350440
0.408857 1.821662 -0.373074
0.445962 1.803175 -0.980824
1.047576 1.781394 -1.640261
0.390936 1.777140 -1.671268
-0.184032 1.792257 -1.714253
-0.133509 1.801310 -1.729503
0.460709 1.789100 -1.695796
0.987187 1.086725 -1.026700
0.926790 -0.179344 -1.008013
0.951406 -0.168360 -1.006120
1.004339 -0.806076 -1.005254
1.011648 -0.798993 -0.985725
0.360473 -0.796691 -0.290584
-0.926985 -0.794777 -0.284443
-0.838718 -0.114025 -0.268175
-0.810393 -0.110327 0.399278
-0.871095 -0.123664 0.431910
-0.933725 -0.156301 0.440386
-0.921547 -0.172307 0.440774
-1.594439 0.455153 0.441521
-1.534131 0.478951 0.439391
-0.923786 0.489694 1.085044
-1.532232 0.498881 1.046137
-1.519254 0.526595 0.378542
-1.508677 0.564721 0.385350
-1.486316 0.601328 1.628445
-1.462502 0.617273 1.597517
-2.105463 0.610986 0.917984
-2.128776 0.573052 0.914986
-1.501561 1.179997 0.978051
-1.485540 0.534257 1.045411
-0.770347 -0.076893 0.393440
-0.741045 -0.060807 0.358555
-0.752753 -1.358246 -0.278977
0.516494 -1.407620 -0.232534
0.489567 -2.858776 0.432940
0.471890 -2.001246 1.054709
0.455381 -1.987104 0.355560
-0.812808 -2.066686 -0.306943
-1.555651 -1.523877 0.349556
-1.584450 -2.189822 0.383546
-1.592110 -2.138482 1.044117
-1.615336 -1.466821 1.004654
-1.653593 -0.854345 0.979320
-1.683808 -0.905821 0.997624
-1.696542 -0.908142 1.024914
-2.344897 -0.874053 1.028735
-2.370084 -0.874966 1.018025
-1.756451 -0.944821 1.027106
-1.751751 -1.024689 1.067613
-1.704438 -1.731677 -0.127058
-0.957273 -1.708557 -0.102646
-0.917693 -1.686849 -0.119189
-0.905504 -1.701961 -0.146356
-1.484759 -1.710057 -0.143412
-1.417225 -1.683544 -0.097688
-1.346713 -1.646348 0.585175
-0.683070 -1.642392 0.573279
-0.691951 -1.672881 0.544725
-0.667907 -1.703692 0.590997
-0.583498 -1.720469 -1.336964
-0.496153 -1.710117 -1.292754
-0.495113 -1.011553 -1.289559
-1.213445 -0.975634 -1.930995
-1.249464 -1.586188 -1.886869
-1.225183 -2.248779 -1.841382
-1.204077 -2.257434 -1.849857
-1.266934 -2.243220 -1.914004
-1.378008 -2.199121 -2.002072
-1.425170 -2.160068 -2.015959
-1.375523 -2.157013 -2.013574
-1.332938 -2.170359 -2.048172
-1.379175 -1.490216 -1.469090
-1.470604 -2.084400 -1.482112
-1.519877 -2.601361 -1.435551
-0.330304 -1.968378 -1.378588
-0.329640 -1.986499 -1.358898
-0.369931 -1.981221 -1.367071
-0.404145 -1.918157 -1.368196
-0.370435 -1.843379 -0.719085
-0.292560 -2.446346 -0.726967
-0.250240 -2.470425 -0.750919
-0.270292 -2.485058 -0.769006
-0.287577 -2.427476 -0.132766
-0.252727 -2.353323 -0.102932
-0.204884 -2.349355 -0.077390
-0.197192 -2.400348 -0.062060
-0.209411 -2.432416 -0.704009
-0.185913 -1.770181 -0.694414
-0.132154 -1.737889 -0.080910
-0.106087 -1.781912 -0.140429
0.432367 -1.866890 -0.816644
0.383223 -1.880595 -0.830559
0.368964 -1.800843 -0.824713
0.384386 -1.728808 -0.839177
0.387381 -1.739732 -2.161104
0.354897 -1.796814 -2.135653
0.327376 -1.814661 -2.734447
0.343521 -1.144087 -2.714220
0.383578 -1.122334 -2.748807
0.396219 -1.168053 -2.783415
0.373192 -1.232339 -2.776713
0.367079 -1.223538 -2.742261
0.412127 -1.176168 -2.718521
0.478176 -1.803377 -2.727425
0.506246 -1.870334 -2.742882
0.487794 -0.695113 -2.750956
0.489475 -0.025262 -2.759742
0.550579 0.015614 -4.066951
0.620239 0.049086 -3.476508
