-2.009528 -1.277989 1.382784
-3.160238 -1.264841 1.397847
-2.472775 -1.229311 1.395853
-1.820966 -1.205700 0.061251
-1.179685 -1.212367 0.088968
-1.192398 -1.221767 0.082691
-1.157043 -1.201016 0.069275
-1.123792 -1.172777 -1.100065
-0.532015 -1.172746 -1.030992
-0.602286 -1.193893 -2.350750
-0.638771 -1.208508 -2.351168
-1.235735 -1.201357 -1.745790
-1.843101 -1.190002 -2.395390
-1.838391 -1.829159 -1.752430
-1.206252 -1.833508 -1.773467
-0.514027 -1.830651 -1.815722
-0.461894 -1.812006 -1.845087
0.806459 -1.196234 -2.507000
1.468717 -1.206629 -2.504655
1.474100 -2.500491 -1.256271
0.891778 -2.500727 -1.305358
-0.330777 -2.488159 -1.331223
-0.308159 -2.462760 -2.006841
0.393204 -1.245370 -2.030058
0.423508 -1.220940 -2.076023
0.386164 -1.214367 -0.809771
0.324496 -1.249303 -0.140997
0.912278 -1.288949 -0.125041
0.954054 -1.296788 1.211740
0.954081 -1.275910 1.163069
0.222697 -1.276373 1.154995
0.155103 -0.067429 1.238324
0.795131 -0.663488 1.980959
0.845607 -0.599083 1.993823
0.806404 -1.187622 1.934904
0.703260 -1.188718 1.929077
0.630985 -1.216367 2.015821
0.642549 -0.624754 1.445470
0.691433 -1.196536 1.458640
0.707515 -1.788169 1.388395
1.312453 -1.209297 1.341119
0.684994 -1.288119 1.374830
-0.526247 -1.275927 1.424674
0.170533 -1.251964 1.402557
0.187009 -1.270439 1.312384
0.153223 -1.322958 1.253970
0.117317 -0.750359 1.904824
0.112706 -0.154981 1.961618
0.123142 -0.184995 1.978788
0.111137 0.987986 1.942594
-0.537839 0.398262 1.298459
-0.550148 0.396908 1.352830
-1.868332 0.408336 1.424934
-1.859303 -0.223577 1.454659
-1.837619 0.388154 1.380318
-1.813500 2.270642 1.316353
-1.794003 2.271276 0.033831
-1.159017 2.276987 0.774918
-0.520880 2.262252 0.817744
-0.545752 2.240655 -0.552284
-0.558028 2.244200 -1.217576
-0.574102 1.019067 -1.178715
-0.574732 1.058052 -1.105668
-0.586557 1.055042 -1.078233
-0.583472 1.009824 -0.445018
0.070159 1.612313 -1.148879
0.687603 1.626885 -1.708285
0.054675 1.682049 -1.572911
1.882048 1.690456 -0.920415
1.831987 1.644307 -0.925111
1.812686 1.598275 -0.917935
1.846602 1.605332 -0.872109
1.895440 1.653378 -0.841120
1.903499 1.657745 -0.885430
1.248722 0.960602 -0.962728
0.623895 1.509400 -0.373216
0.650152 1.525831 -0.341817
0.686658 2.839547 0.901805
0.703886 2.850118 0.267531
0.701810 2.854401 0.217676
0.710459 2.860650 1.489960
0.739529 2.876479 1.547759
0.770042 1.680295 1.564660
0.773930 1.679428 0.825447
0.756842 1.670250 0.728481
0.757918 1.649090 0.697754
0.785416 1.624283 1.326653
-1.062400 1.599836 0.766238
-1.657110 1.586373 -0.553696
-1.013625 1.596947 -0.558162
-1.076340 1.596818 0.110518
-1.008043 1.562209 0.148988
-0.987684 1.511554 0.137135
-0.995477 1.482328 0.075566
-0.400661 1.488820 -0.661665
-0.436733 1.495054 -0.703716
-0.448150 1.459999 -0.041008
-1.692458 1.397312 -0.027038
-1.640088 1.368387 -0.020823
-2.874353 0.774061 -0.011157
-2.882882 0.813390 0.019580
-3.484294 0.799534 0.059613
-4.062545 0.749325 0.066984
-3.371120 1.368762 0.682454
-3.366233 1.411927 0.647815
-3.375873 0.848027 0.647837
-1.538513 1.437369 0.706833
-0.906491 1.374547 0.783903
-0.898263 1.367921 0.841475
-0.907585 1.430653 0.860456
-0.912801 1.503867 0.860914
-0.882551 2.753646 0.869414
0.365951 2.744395 0.862554
0.981262 2.776410 1.442102
1.581696 2.846888 0.721214
1.542921 2.895336 0.665189
1.508980 2.873856 0.677985
1.480222 2.824608 0.725278
1.450743 2.820487 -0.533099
1.444125 2.881172 -0.569396
1.461258 1.667770 -0.606729
1.482717 2.889647 0.038387
1.530972 2.862287 0.707748
2.207884 3.465642 0.682488
2.196059 3.519380 -0.014771
1.516811 3.542871 0.000078
1.503036 4.152734 0.044146
1.530640 4.134517 -0.571035
1.561294 4.145501 -0.549442
2.168330 4.176143 0.123477
2.151290 4.175442 0.149163
2.183052 4.135381 0.192338
2.269030 4.088977 0.202101
1.708039 4.075101 0.163989
1.668379 4.099846 0.754110
1.538688 4.123265 0.735890
1.511046 4.116530 0.743704
1.554784 4.728385 0.734224
1.595424 4.709679 0.701571
1.560381 4.725788 0.670185
1.488451 4.096415 0.004947
1.491898 4.099860 -0.005078
1.546369 4.086201 -0.033691
2.269593 4.086107 -0.056965
2.218778 3.487625 -0.057989
2.088839 3.531091 -0.709807
0.742512 3.538398 -0.736772
0.801814 3.522270 -0.777137
1.488502 2.255493 -0.778341
1.414055 1.606213 -0.750098
1.335705 1.573015 -0.751310
1.397100 1.529545 -0.812586
1.557374 1.495230 -0.893319
1.651087 1.493606 -0.910496
1.628175 1.546747 -0.872569
1.571002 1.614745 -0.205679
1.592475 1.644516 -0.256514
1.660351 2.250263 -0.311123
1.662971 2.218996 -0.286718
1.612554 2.211511 -0.204270
1.609920 2.852658 -0.161259
1.696115 2.810544 -0.190490
1.775743 2.111530 -0.202434
1.764420 2.107054 -0.131889
2.322839 2.163539 -0.031255
2.286531 2.859188 0.017129
2.289024 2.860290 -0.002815
1.655630 2.834174 -0.019613
1.586626 2.840079 0.638166
1.527964 2.874765 0.672875
1.543130 2.880539 0.662993
1.609060 2.824394 0.616198
1.644440 2.758701 0.601858
1.603412 2.086993 -0.000535
1.551289 2.117984 -0.636059
1.546986 2.751253 -0.654256
1.558213 2.733731 -0.028872
1.521243 2.115758 0.002033
2.055880 2.745849 0.075829
2.040075 2.774354 0.778133
2.090869 2.140728 0.746709
2.145714 2.064136 0.706474
2.156400 2.670437 0.728876
2.115378 2.618376 0.787671
1.457319 1.372035 0.814951
2.080752 1.356457 0.806605
2.048037 1.341091 0.808732
1.992071 1.362661 0.852935
1.940960 1.426417 0.913767
1.923941 1.480655 0.933976
1.929339 1.490803 0.905049
1.339496 1.473417 0.865774
1.375325 1.474522 1.503050
0.751257 0.843632 0.869618
0.703788 0.285383 1.543604
0.593558 0.917478 0.881387
0.563498 0.932224 0.795627
0.562116 0.942364 1.411704
0.544232 0.945530 1.416952
1.781861 0.951069 0.795767
1.798362 1.606858 0.754092
2.469219 1.614690 1.940208
3.219955 1.601961 1.936035
3.269846 1.580539 2.662229
3.272135 0.366343 2.670829
3.250336 1.036238 2.669011
3.254686 1.055033 2.704811
3.308319 1.051625 2.786792
2.747181 1.021936 2.853476
2.752919 1.003219 2.845764
1.445572 1.012425 2.812134
1.577449 1.013496 2.831474
1.707667 -0.299488 2.909617
1.098175 -0.343375 2.963006
0.463789 -0.364312 0.993551
0.477180 -0.369453 0.948203
0.558268 -0.375622 0.944287
1.202826 -1.008870 0.976680
1.747206 -1.651245 0.336906
1.644226 -1.689203 -0.421121
1.639025 -1.696029 0.155826
1.715328 -1.672978 0.134836
2.354873 -1.660046 -0.457874
2.901231 -1.709491 -0.420469
4.036131 -1.783845 -0.451885
4.027158 -1.810235 0.768212
4.039661 -1.771965 0.118974
3.382810 -1.729425 0.783603
3.303122 -1.768263 0.820694
3.269853 -1.855789 2.053362
3.942329 -1.895249 1.990057
2.741564 -1.849062 0.683730
2.724764 -1.801188 0.061606
2.690538 -1.842118 0.067731
2.707195 -1.928790 0.669780
2.768134 -1.349567 0.649945
2.799643 -1.270549 0.011542
2.761773 -1.156108 0.050443
2.707300 -1.107009 0.713177
2.706215 -1.123389 0.678457
2.764692 -1.116160 1.266942
2.824187 -1.049636 0.644933
2.832094 -1.007128 0.703776
2.814316 -0.434693 1.378926
2.822700 -1.116071 1.362766
2.857469 -1.146377 1.375430
2.198492 -1.094050 2.114921
2.093603 -0.444915 2.158563
2.607561 -0.441735 1.498102
3.248813 -1.101924 1.469959
3.296588 -1.148551 1.454816
3.317391 -0.529929 0.784458
2.019465 -1.133287 1.414855
1.989773 -1.142170 1.359171
1.993580 -1.865773 1.311133
1.989377 -1.932359 0.657680
1.934088 -1.277169 0.658716
2.459407 -1.213139 0.661905
2.413421 -3.143011 0.647208
3.064384 -3.162592 0.626093
2.504352 -2.522560 0.606211
2.553538 -2.475150 -0.101768
2.564962 -2.393837 -0.140925
2.585009 -2.988656 1.162399
2.642327 -2.992662 1.154764
2.088875 -1.730371 1.120671
2.729402 -1.695073 1.078232
2.655416 -1.613799 1.076379
3.232992 -1.549206 1.122696
3.249716 -2.144265 1.180701
3.299991 -1.523428 1.213329
2.717089 -0.922376 1.232157
2.715082 -1.560033 1.266088
2.738377 -1.583082 1.305423
2.138693 -2.247630 1.309888
2.799890 -1.661961 1.277743
2.815808 -2.304123 1.255102
2.201686 -2.288003 1.270523
2.194958 -2.270548 1.282689
2.828583 -2.941399 1.237946
2.864827 -2.318888 1.158154
2.910565 -2.943455 1.116833
2.935636 -2.947774 1.138978
2.286813 -2.971851 1.150345
2.273138 -2.330154 1.102570
2.253199 -2.360011 2.335928
1.524669 -2.383160 2.351042
2.056170 -2.389793 2.423405
2.633728 -2.382103 2.459608
3.218030 -2.371473 2.433698
3.226950 -1.736982 2.397550
3.251782 -1.738541 2.416423
3.245052 -1.746079 2.466243
3.225381 -1.738385 2.460617
3.219392 -1.086021 2.400359
3.859216 -1.725950 2.360665
5.093201 -1.746053 1.773079
3.182883 -1.732626 1.805577
3.095808 -1.676769 1.809074
2.397323 -0.994146 1.200639
2.426326 -1.586202 1.190026
1.878236 -1.584569 1.205401
1.892431 -1.565369 1.207637
1.881051 -0.274501 1.169861
1.883164 -0.251973 1.133535
1.298697 -0.855690 2.365389
0.645738 -0.868575 2.372027
0.588823 -0.843301 3.024172
0.514137 -1.405732 3.031363
0.480501 -1.319847 2.442751
1.156458 -1.278707 2.487252
1.178131 -1.305182 2.509309
1.154157 -1.346507 2.456687
1.019542 -1.350459 2.370939
1.036705 -0.740072 2.318136
1.092046 -2.018669 2.292819
1.099518 -0.873596 2.283712
1.048127 -0.901510 2.237043
1.030684 -0.890309 2.198861
1.044476 -0.902613 2.184435
1.107980 -1.548825 2.175017
1.784739 -1.624547 2.145924
0.551272 -1.049981 2.119468
1.196761 -1.671089 2.125546
0.665935 -1.678708 2.148059
0.745666 -1.704644 1.521365
0.106571 -1.091537 1.500646
0.705924 -1.648683 1.517461
1.233648 -1.590923 2.211961
1.851944 -1.572524 2.257595
1.248013 -1.578574 2.258930
1.268005 -0.300529 2.249091
1.270282 -0.884236 2.282631
0.592119 -0.867882 2.331720
0.611372 -0.877352 2.318555
0.644849 0.364264 2.230938
0.628349 -0.200738 2.156682
0.560764 -0.131344 2.159374
0.499406 -0.720138 2.204990
0.483607 -0.726573 2.214973
0.505148 -0.116124 2.170376
0.508544 -0.047642 1.506911
0.483236 -0.026281 1.581547
-0.161812 -0.067842 1.653279
-0.130335 -0.127973 1.630644
-0.079186 0.478657 1.554754
-0.082129 1.079400 1.541764
-0.138390 0.443578 1.617244
-0.179241 0.437693 1.062342
0.475904 0.443785 2.284303
0.516861 0.470248 1.600424
0.509243 -0.143756 1.629684
0.471524 -0.178891 1.748069
0.435790 -1.453747 1.829363
-0.817241 -0.825395 1.795036
0.491135 -0.783337 1.725511
0.518790 -0.740352 1.728495
0.507156 -0.755030 1.799522
0.482094 -0.791728 1.832473
0.463350 -0.786978 1.779532
-0.199268 -0.740442 1.728735
-0.218633 -0.094399 1.775308
-0.226690 -0.756015 1.879725
-0.215675 -0.808338 1.916695
-0.185226 -0.177760 2.478929
-0.152717 -0.128926 2.419685
-0.768626 -0.106362 2.449215
-0.775253 -0.728609 2.518308
-0.780224 -0.751722 2.529043
-0.782360 -0.742471 2.462190
-0.797828 -0.712073 1.756058
-0.825455 -0.687709 1.785328
-0.827238 -0.688933 1.857652
-0.784807 -0.750568 1.878558
-0.115630 -0.767830 1.822939
0.006880 -0.742931 1.737063
0.044759 -0.693683 1.777456
0.614975 -0.666666 1.272274
1.200008 -0.666725 1.271725
1.803846 -1.273581 1.773414
3.072168 -1.284360 1.738898
3.066805 -1.291704 1.786442
3.032480 -1.303434 2.453583
2.418769 -1.329292 2.447661
1.879484 -1.994900 2.410019
2.010078 -0.757501 2.408565
2.139495 -0.681865 2.436313
0.871772 -0.628411 2.443504
0.855629 -0.639276 2.423908
1.470899 -1.276986 1.796854
1.492189 -1.264162 1.816425
1.533661 -0.589671 1.827195
0.253309 -0.565819 1.815932
0.256860 -1.240870 1.801791
-1.028796 -0.678809 2.443953
-1.633916 -0.057839 1.852758
-1.588103 -0.017184 1.892994
-1.582801 -0.015159 2.555528
-1.643533 -0.056480 2.590733
-1.743213 -0.707259 3.293201
-1.822602 -1.331263 3.295996
-1.848313 -1.299283 3.266650
-2.473235 -1.289347 3.820888
-2.480636 -1.315695 3.781359
-2.512346 -0.747575 4.370001
-2.529897 -0.770268 3.681294
-3.128812 -0.763126 3.594777
-2.443995 -0.766744 4.236783
-1.162925 -0.805352 4.258407
-1.838105 -0.837373 4.273491
-1.885618 -0.829747 3.572834
-1.241202 -0.811305 3.538014
-1.219900 -0.813596 4.173762
-0.547861 -0.833220 4.188199
0.021147 -1.464572 2.983832
1.200605 -1.436409 2.353566
1.211761 -1.401408 1.737233
0.021129 -1.415884 0.484970
-0.003845 -1.463849 1.142639
-0.691688 -1.483527 0.495441
-0.765198 -1.460835 0.497311
-0.777760 -1.451491 0.509132
-0.769448 -1.534486 0.490578
-0.776915 -1.592604 1.090811
-1.442071 -1.594183 1.049363
-1.411974 -1.546677 1.038180
-1.317815 -1.515449 1.049234
-1.165988 -1.508790 0.373494
-0.535393 -1.555586 0.965291
-1.927023 -1.571154 0.960549
-1.945762 -1.552511 0.362065
-1.919775 -1.525344 -0.256627
-1.867661 -1.499058 -0.290683
-1.362017 -1.444230 0.315726
-1.429257 -1.365442 -0.929554
-1.979735 -0.127915 -0.898789
-1.906019 -0.106270 -0.888045
-2.532553 -0.127215 -0.913386
-1.941493 -0.155752 -0.314309
-1.381034 -0.176031 -0.308402
-0.790581 -0.180976 -0.296375
-0.810320 -0.181125 -0.321527
-2.057934 -0.186199 -0.393236
-2.125126 -0.819544 -1.059360
-2.168125 -0.833534 -1.060115
-2.165576 -0.826219 -1.692331
-1.494504 -0.805492 -1.107610
-2.808181 -0.800330 -1.110158
-3.462958 -1.438695 -1.070127
-3.477998 0.395545 -0.997881
-4.154635 0.370262 -0.945611
-4.163384 0.995087 -0.930560
-4.180616 1.001876 -0.925125
-4.212717 0.345590 -0.900924
-4.871323 0.331560 -0.865320
-4.164245 0.310035 -0.844048
-4.754900 0.287773 -0.822652
-4.692930 0.290919 -0.779807
-4.009468 0.300016 -0.719761
-3.986519 0.297898 -0.676117
-3.322953 0.287764 -0.672238
-3.325152 -1.559400 -0.684702
-4.032990 -1.480125 -0.704310
-4.032162 -1.390156 -0.722114
-4.010864 -1.370868 -1.403118
-2.685856 -1.417264 -1.446141
-3.253221 -1.454105 -0.836788
-3.203107 -1.439189 -0.841651
-3.178522 -1.420683 -0.827702
-3.168477 -1.460964 -0.833857
-1.882039 -1.522127 -0.872920
-2.536703 -1.538619 -0.914065
-0.714798 -1.476585 -0.952724
-0.130051 -1.414694 -1.588548
-0.172243 -1.426813 -1.609018
-0.175286 -1.469442 -1.626876
-0.147636 -1.475181 -1.609827
1.172119 -0.806581 -1.559771
1.200124 -1.407971 -0.873965
-1.380079 -0.790089 -0.873644
-1.321677 -0.815500 -0.903092
-1.287372 -0.811934 -0.917766
-1.316033 -0.169127 -0.332590
-1.360564 -0.743498 -0.353412
-1.362842 -1.428120 -0.417911
-0.682812 -1.459900 -0.479751
-0.687569 -1.480789 0.176375
-0.115503 -1.503175 -0.434834
0.565734 -1.544530 -0.436105
-0.574438 -2.198808 -0.470378
0.734004 -2.233215 -0.507151
0.118303 -2.239367 -0.528590
-1.232896 -2.259648 -0.547429
-1.269948 -2.316319 0.069520
-1.237009 -3.559723 0.061699
-1.200916 -3.557701 -0.525496
-1.220529 -2.889335 -1.168033
-1.884284 -2.850716 -1.169492
-1.850299 -2.227979 -1.151133
-1.751809 -2.188665 -1.785605
-3.067686 -1.488106 -1.131767
-3.151055 -1.451484 0.188610
-3.199905 -1.454002 0.804031
-3.144018 -1.458358 0.832016
-4.287147 -2.048254 0.241940
-4.964407 -1.986886 0.913066
-5.018389 -1.963427 1.488874
-5.016075 -1.991242 2.761505
-4.272291 -2.019389 2.071801
-4.152674 -1.998111 2.107118
-4.117390 -1.967466 2.763601
-4.140909 -2.002058 2.738591
-2.928879 -2.093447 2.693956
-1.600990 -2.165433 2.120325
-1.537318 -2.153252 2.784513
-1.511656 -0.835669 2.796642
-1.654270 -0.785527 2.776685
-2.890667 -0.790644 3.410510
-2.183365 -0.764476 3.416948
-1.531449 -0.045791 3.443742
-1.589205 0.052931 3.474681
-1.659692 0.059195 2.858027
-1.680523 -0.001499 2.893630
-1.036476 -0.017681 2.924705
-1.637066 0.059840 2.941911
-1.096399 0.151061 2.321382
-1.187955 -0.469933 1.706133
-1.228262 -0.530929 1.720210
-1.228456 -1.886684 1.711916
-1.267131 -1.839833 1.696685
-1.335273 -1.832055 1.693181
-1.382168 -1.284178 2.342358
-1.363706 -1.396527 2.349171
-1.298188 -2.080809 2.320894
-2.514239 -2.629974 2.283792
-2.505147 -2.601591 2.258297
-3.078473 -2.627902 2.256735
-2.987789 -3.241070 2.862939
-2.932323 -3.184580 2.798810
-3.536879 -2.440269 2.751119
-3.558553 -2.374681 2.746091
-3.602348 -2.399845 2.774743
-3.609622 -2.462055 2.160047
-3.643258 -2.476328 2.149275
-3.670317 -2.438636 2.138377
-3.059857 -2.432516 2.166211
-3.057871 -2.480141 2.219803
-3.646543 -1.903350 2.242420
-1.653559 -1.901052 2.237340
-2.304304 -1.871298 2.238845
-1.662453 -3.127168 2.866903
-1.725315 -3.192270 2.904311
-1.765101 -3.268669 2.329816
-1.806853 -3.286851 2.347176
-2.428083 -2.595248 1.756892
-2.393903 -2.570379 2.398156
-2.372548 -2.625364 2.414682
-2.379352 -2.696901 2.398825
-3.013352 -2.063759 1.738953
-3.694719 -2.012604 1.710705
-3.824420 -2.036648 1.697389
-3.893471 -1.462105 1.674546
-3.344613 -2.155996 1.653770
-3.385770 -2.152703 1.652661
-4.054569 -1.433817 2.296572
-4.068643 -1.358256 2.324296
-3.434315 -1.328237 2.317612
-2.818143 -1.350190 2.297969
-2.823029 -1.383197 2.317561
-4.064072 -1.394045 1.759567
-4.071899 -1.389226 1.787735
-3.430692 -1.407282 2.340519
-3.461692 -2.067454 2.950169
-3.481324 -2.133691 3.000325
-4.080479 -1.463578 3.067416
-4.644415 -1.416982 2.470842
-4.575670 -1.389574 2.417096
-4.525662 -1.417111 2.964224
-4.517433 -1.459618 2.924616
-3.997906 -0.845534 1.724485
-2.729449 -1.462814 1.729972
-2.729872 -2.152890 2.353935
-2.786185 -2.208264 2.343542
-1.570407 -2.260720 1.745883
-1.579313 -2.265437 1.850230
-0.936811 -2.239128 1.273246
-0.247659 -2.226917 1.241901
0.363073 -2.246190 1.217103
0.928687 -2.266201 0.659295
0.915663 -2.274030 0.701552
0.961101 -2.214735 1.324307
1.005611 -2.243614 1.256675
1.029930 -2.891225 1.808752
-0.299209 -2.302957 1.149683
-0.274907 -2.290697 1.815044
-0.215077 -2.257239 2.464674
-0.176434 -3.546462 2.410751
0.400570 -2.914449 1.732286
0.366006 -3.509134 1.723905
0.378638 -3.482300 1.746426
0.430293 -3.486806 2.376611
2.297090 -3.486580 1.740471
2.941186 -3.463296 1.731083
2.925931 -3.423057 1.770560
3.562123 -3.371162 2.442871
3.580661 -2.686949 2.484339
3.574105 -2.630851 1.241124
3.555898 -2.574189 0.584112
2.925509 -2.554539 1.222119
2.977546 -2.579990 1.805655
3.021455 -2.608963 1.810944
2.975868 -2.608332 1.164722
2.948162 -2.603840 1.112562
2.932485 -1.920786 2.348896
2.918242 -2.002911 1.744477
2.890658 -2.047341 1.780237
2.839837 -1.983913 1.139759
2.787116 -1.232153 2.361303
2.140085 -1.927033 2.377467
2.145419 -1.428572 2.435350
2.829831 -1.536161 2.485979
2.823394 -1.478314 2.496510
1.534433 -0.104564 2.481620
1.547551 -0.747674 1.895875
1.583638 -0.781616 1.973828
0.412157 0.563536 2.003414
0.449384 1.309609 0.680922
-0.184320 1.370632 1.271920
0.460386 0.659755 1.266099
0.458471 0.564462 1.283572
0.440719 0.534295 1.831942
0.405282 -0.679210 1.124670
0.375101 -0.712606 1.718766
0.355402 -2.030156 1.772208
0.359586 -1.451571 1.844935
1.051719 -0.090662 1.217102
0.422682 -0.023634 -0.078563
0.398944 0.585252 0.471459
0.362231 -0.148447 0.497999
2.308225 0.477253 1.166375
2.350034 1.161365 0.467033
1.688158 1.174592 0.314334
1.627086 1.139628 0.287625
-0.245189 1.093356 1.008231
-0.128242 0.448559 1.725098
0.002876 0.484019 1.714876
0.034199 0.470145 1.026410
0.005523 0.400085 0.332461
0.039306 -0.321928 0.380082
-0.498204 -0.939095 0.418335
-0.445937 -0.277181 1.610581
-0.513808 -0.312418 1.535804
-0.625104 -1.003008 0.910077
-0.632808 -0.975097 1.593207
-0.535655 -0.866264 1.661909
-0.470395 -0.745915 1.662979
-0.511487 -1.352646 1.625814
-0.590376 -2.044252 1.618550
-0.607397 -1.385144 1.650754
-1.220295 -1.367341 1.030572
-0.069765 -1.345731 0.983211
-0.188349 -0.734478 0.945315
-0.304143 -0.119175 0.966092
-1.626145 -0.785678 1.004777
-1.598099 -0.761560 1.003975
-1.593238 -0.068591 0.966508
-1.623246 -0.699576 0.936802
-1.643364 -0.143920 0.294199
-2.244388 -0.868838 0.282054
-2.238204 -0.866029 0.239382
-2.899886 -0.229143 0.196572
-2.957206 -0.275038 0.190649
-2.992562 -0.994745 0.217536
-2.986916 -0.975254 0.245429
-2.961485 -0.241205 0.246969
-2.940931 -0.141485 0.842760
-2.923480 -0.076200 -0.534241
-2.904318 -0.059286 -0.499042
-2.894550 -0.076873 -0.464023
-2.901427 -0.105692 -0.456093
-2.914353 -0.114734 -0.458027
-2.272026 -0.112507 -0.444876
-1.661444 -0.749681 -0.413679
-1.657865 -1.404235 -0.370445
-1.639710 -0.748523 -0.346480
-0.940544 -1.335058 -0.308034
-0.867311 -1.284845 -0.334616
-0.815624 -1.280430 -0.936288
-0.800236 -1.331899 -1.500886
-0.808392 -1.405959 -2.130043
-0.817472 -2.063218 -2.787997
-1.486859 -2.072150 -2.794989
-0.909859 -2.068836 -2.780909
-0.324943 -2.076974 -2.789060
-1.595354 -2.073908 -2.845398
0.351405 -1.470742 -2.913166
-0.301617 -1.430301 -2.249932
-0.929678 -1.418511 -1.558420
-0.926866 -1.473019 -1.501897
-0.251279 -1.579569 -1.472806
-0.275478 -0.385570 -1.453850
-0.309416 -0.382820 -2.063681
-0.289591 -0.365428 -1.403169
-0.261165 -0.397384 -1.406776
0.364776 -0.442580 -0.832156
0.389087 0.831793 -0.884753
0.427873 0.906685 -0.900866
0.455492 0.969738 -0.269890
0.447165 0.943469 -0.247309
0.404255 0.867875 -0.248457
-0.287390 0.832110 0.379955
0.316960 0.887075 -0.271443
0.916979 0.947247 -0.266148
0.903830 0.929531 -0.896291
0.909204 0.879364 -0.920468
0.260077 0.899487 -1.576072
0.282307 1.021739 -2.245802
-0.215205 0.548936 -2.256087
0.495160 0.554236 -0.402481
-0.138849 -0.159576 -1.031683
-0.176037 -0.197336 -0.399768
-0.212791 -0.140303 -0.406673
-0.178416 -1.363357 -1.022259
-0.158813 -0.731606 -1.616803
-0.831192 -0.781363 -1.570102
-0.195047 -1.422903 -1.575735
-0.166216 -1.346803 -1.631378
0.530772 -1.271332 -1.648215
0.567747 -1.260735 -0.966718
0.576439 -1.933203 -0.278991
0.533893 -1.957126 -0.286191
0.467123 -0.676182 -0.329854
0.421217 -0.624855 -0.335800
0.404623 -1.218189 -0.890220
0.379340 -1.201405 -0.869683
-0.322656 -1.176651 -0.954757
-0.324979 -0.537886 -1.030012
0.394221 -0.515059 0.262577
-1.452681 -1.126704 0.952455
-2.092444 -1.163072 0.990857
-2.796288 0.063923 0.301098
-2.186807 -0.561667 0.235550
-2.240254 -0.606343 0.227795
-2.286596 0.030292 0.256540
-2.342456 -0.044189 0.255494
-2.378442 -0.022856 -1.045094
-2.363631 0.043002 -1.048175
-2.307880 0.071682 -1.011800
-2.265336 1.185403 0.332300
-2.244315 1.128236 0.335998
-2.230257 0.513948 0.365519
-1.571680 0.594419 -0.223611
-1.591998 0.680668 -0.192430
-1.638103 0.718462 0.391831
-1.012998 0.744177 0.359567
-0.977337 0.804811 0.392734
-0.900676 0.932487 0.467839
-0.841879 0.957061 0.474146
-1.443167 0.935077 0.390624
-2.052006 1.623954 0.974319
-1.382331 -0.206213 0.341482
-1.336783 -0.191942 1.677900
-1.999681 1.052167 1.030013
-2.041918 0.438410 0.963379
-0.938341 0.493272 0.325434
-0.930806 0.533792 0.364119
-0.881507 1.142743 1.038098
-1.434301 1.086589 1.625303
-1.391969 1.690816 1.559904
-1.351320 1.631430 1.544836
-1.330397 0.927715 2.846967
-1.327690 0.201810 1.568063
-1.343946 0.112582 0.957720
-1.375640 1.299377 2.202584
-0.194612 0.018688 1.583398
-0.172846 -0.018251 2.268851
-0.133950 1.160352 2.254474
-0.087095 2.326864 3.440803
-0.688114 0.983249 2.761810
-0.631343 0.361599 2.767479
-0.617374 0.339957 2.190577
-1.865237 0.309162 2.867252
-1.897804 -0.330005 2.246918
-1.948593 0.250765 2.237311
-1.998894 -0.350278 1.058064
-2.014287 0.395928 1.107421
-2.610699 1.591372 1.728121
-3.214923 -0.339569 4.774645
-3.161923 -0.990259 3.480946
-3.127242 -2.925091 2.292255
-3.106838 -2.931486 2.326845
-3.097917 -2.931859 2.301483
-2.536891 -2.919208 2.240381
-2.577673 -2.234022 2.207208
-2.600548 -1.596771 2.810221
-2.572144 -1.604213 3.431758
-2.537904 -1.560519 3.418141
-2.552624 -1.512041 3.393269
-2.591329 -1.469951 3.384387
-2.624708 -1.469788 3.384849
-2.641490 -0.857899 3.386565
-2.029706 -0.806363 3.371326
-2.111657 -0.710517 3.361841
-2.187314 0.016206 3.398932
-2.218452 0.034773 2.239152
-2.209499 0.034651 1.657841
-2.217800 -0.577492 1.686943
-0.926259 -1.167794 1.063911
-0.930806 0.713551 1.089777
-1.576826 0.616812 1.098593
-0.888662 -0.097747 0.471853
-0.320342 -0.752291 1.123975
-0.377429 -0.728328 1.141890
-0.381698 -0.737718 0.542695
-0.335072 -1.446191 0.554314
-0.290949 -1.474404 1.154331
-0.292941 -1.472794 1.102011
-0.932159 -1.475067 1.716570
-0.890119 -2.178447 1.725942
-0.194311 -2.862805 1.711880
0.487115 -1.616548 1.675368
0.454779 -0.974411 1.645739
0.515858 -0.353996 2.903826
0.505821 -0.392730 3.552776
0.490043 -0.355465 3.527768
1.063391 -1.036784 3.461719
1.009932 -0.994873 3.410954
2.348754 -0.988228 4.058919
2.331867 -1.015481 1.415400
1.702408 -1.033925 1.355470
2.346852 -0.407469 0.666104
1.030921 0.941540 0.627519
0.973821 0.238297 -0.033632
0.923554 -0.512706 -0.011016
0.930422 0.060476 0.007698
0.341554 1.361487 0.016656
0.398463 1.357888 0.027732
-0.185797 1.266484 0.718302
0.420417 0.570284 0.799409
0.441868 -0.087205 0.224488
0.490217 0.590026 0.253227
1.198574 -0.071925 0.276409
0.545164 -0.139501 0.318583
-0.157878 -0.170630 2.435018
0.382808 -0.118369 2.444885
0.416732 -0.034753 2.389678
-0.183697 0.000229 2.335522
-1.486586 -0.025630 2.330924
-2.134311 -0.636674 2.965340
-2.781323 -0.536558 2.250106
-1.462685 -0.430925 2.837122
-0.799218 0.887304 2.802493
-1.511540 0.237117 2.814610
-1.582928 0.264493 2.836419
-0.369398 0.963363 2.817161
-0.306814 1.714794 2.772056
-0.223365 1.716134 2.739491
-0.196375 1.646308 2.734836
-0.221305 1.643670 2.737652
-0.229305 1.114501 2.712287
-0.177287 1.811177 2.050761
0.505944 1.836978 -0.394834
0.485640 1.789580 -0.371006
1.754512 1.217900 -0.343340
1.691530 0.649066 -0.358910
2.345872 0.644288 -0.383010
2.401112 1.219290 0.964450
2.995184 1.167808 1.632059
2.935480 1.155081 1.657547
2.908450 1.786028 1.656693
2.288041 1.797319 0.970298
2.345739 1.773437 0.997229
2.340494 1.740330 -0.850770
2.298713 1.728624 -0.817433
1.069690 1.727000 -0.860450
2.258197 1.691904 -0.894476
2.932652 1.617329 0.432307
2.947138 1.547486 -0.188472
2.928914 1.526356 -0.839594
2.904941 1.546461 -1.487701
2.910101 1.579609 -2.098351
2.920088 0.394335 -2.175796
2.883674 -0.226724 -2.185303
3.458477 -0.842679 -2.172773
3.425334 -0.842086 -2.182573
3.450036 -1.473718 -2.216674
3.471507 -1.442030 -2.870314
3.436193 -1.414189 -1.596084
3.392881 -1.418104 -0.341071
3.369090 -1.424406 -0.389893
3.366883 -1.387070 -0.429331
3.359266 -1.312215 -0.411394
2.009364 -1.265076 -0.362231
1.401087 -1.276645 0.282155
0.780715 -1.311414 0.271254
0.774264 -0.677314 -0.959138
0.764469 -0.654583 -0.936397
0.755310 -0.662963 -0.927686
0.735217 -0.710647 -0.951301
0.692692 -0.752110 -1.571512
0.659441 -0.123144 -0.865556
0.650086 -0.090810 -0.850095
0.665998 1.094910 -0.819959
0.677653 0.462584 -1.443690
0.661474 0.464952 -1.470604
0.619415 0.459886 -1.507781
1.234648 0.465033 -1.545102
1.824158 0.481604 -1.575075
1.828278 1.102932 -1.594619
3.131877 0.453453 -1.580358
3.116693 0.462095 -0.280284
2.453754 0.487955 -0.239475
1.837136 0.531536 -0.219272
2.502910 0.583875 -0.216661
2.545141 0.009214 -0.202500
2.573277 0.008957 -0.181877
2.594299 -0.033158 -0.181825
2.611518 -0.084792 -0.849501
2.638728 -0.127305 -0.896806
2.040326 0.508382 -2.189057
1.453002 -0.234729 -1.552113
2.130383 -0.285885 -0.274068
2.147840 -0.310327 1.636753
1.506570 -0.293782 1.592835
0.180880 -0.246665 2.186681
0.154558 0.433525 2.207372
0.136559 0.440490 2.242152
0.757154 0.436434 2.233870
1.365917 1.131640 2.190522
1.318661 2.444901 2.158765
1.300719 2.445367 2.177074
1.298480 2.392260 2.213332
1.280448 2.361436 1.561100
0.646196 2.385484 1.554076
1.876088 2.423495 1.548187
1.860528 2.417912 1.564072
1.854127 1.735469 0.982437
1.208467 0.344725 0.987482
1.209890 0.368325 1.626678
1.202978 1.067926 2.855544
1.194295 0.462303 2.183788
0.534719 0.445941 2.171624
0.569890 0.421281 2.772083
0.612214 0.431731 3.311813
0.604375 0.494163 3.322817
0.564809 0.549165 4.017783
-0.037778 0.560782 3.399733
-0.027283 -0.048536 3.361062
0.000138 -0.078906 3.345212
0.001514 -0.064069 2.723655
0.617010 0.630057 2.735814
0.631420 0.643268 2.703978
0.043558 0.605458 2.045635
0.068038 0.557393 2.084449
0.059808 0.562856 0.804998
0.072806 0.618475 0.877540
0.104564 0.000293 -0.398057
0.125779 0.600890 -0.408824
1.455802 1.194908 0.218189
1.410372 1.214814 0.218579
1.395896 1.286663 0.252260
1.415412 1.351725 0.294773
1.432721 1.352949 -0.368265
0.773237 1.315990 0.279872
-0.459450 1.318917 0.269602
-0.473225 1.392068 0.257838
-1.075894 1.477214 0.880727
-0.430705 0.298421 2.137877
-0.449745 0.293932 2.140476
-0.453841 0.292176 2.736876
-0.423381 0.322147 2.659288
-0.375798 -0.303504 2.639960
-0.357200 -0.353455 3.316732
-1.554668 -0.436492 3.933541
-1.541786 0.115814 3.344884
-1.514384 -0.511268 2.765550
-0.858404 -0.512894 2.134485
-0.250164 -1.158517 2.180529
-0.265188 -1.169423 2.207654
-0.284047 -1.151874 2.222293
-0.280763 -1.111114 2.239368
-0.252301 -1.088798 2.265351
-0.235553 -1.095502 2.919917
-0.238079 -1.113533 2.892558
-0.262580 -1.112095 2.859744
-0.305638 -1.068592 2.856250
-0.974212 -1.645125 2.863718
-1.071659 -1.018673 2.846361
-1.834255 -1.012216 2.810317
-1.877095 -0.343981 3.411980
-1.869442 -0.287241 3.417119
-1.871123 -0.250870 3.429181
-1.873441 -0.258183 4.045666
-1.889517 -0.294117 4.021609
-1.885470 -0.314929 4.034739
-1.877862 -0.280497 3.450644
-2.550539 0.383374 3.467659
-2.007154 1.020648 4.105601
-2.088319 0.991256 4.104147
-1.400820 0.962711 4.132384
