-3.905820 2.602081 -1.588817
-3.921164 2.538937 -1.621711
-4.555729 2.452630 -1.608364
-3.951719 1.139123 -1.570710
-3.947468 1.168240 -2.137148
-3.922091 1.218679 -1.511753
-3.911108 1.217934 -1.554678
-3.932933 1.179309 0.438284
-2.741369 1.159387 0.436293
-2.748107 1.170645 0.398217
-2.099611 1.180371 0.348155
-2.089022 1.150060 0.334805
-2.066554 1.118763 -0.313840
-2.040357 1.127127 -0.285268
-2.019178 1.168420 -0.266588
-1.989502 1.214751 -0.926598
-1.937364 1.229646 -0.949354
-1.881908 1.229293 -0.312514
-1.846137 1.878881 -0.866256
-1.833604 1.243208 -0.812332
-1.833290 1.874289 -1.441051
-1.818739 1.873601 -1.465371
-1.798597 1.271313 -0.257070
-1.795045 1.274401 0.339086
-1.817834 1.268884 1.037347
-1.848124 1.270028 1.093902
-1.850233 1.291584 1.083846
-1.822700 0.642174 1.073137
-1.792325 0.643297 1.125975
-1.825525 0.620467 1.231948
-1.889430 0.604712 1.246715
-1.900919 1.245248 1.182576
-1.853826 1.257887 1.085110
-1.818649 1.254270 1.078378
-0.470159 1.224025 1.139457
-0.488752 1.203471 1.144302
-0.480962 1.230094 0.422639
-0.433663 1.284526 -0.951396
-1.004155 1.319538 -0.957815
-1.013581 1.295454 -1.530430
-1.045858 2.518913 -1.497584
-1.064117 2.519694 -0.903774
-1.046889 2.591186 -0.993813
-1.026231 2.022356 -1.026148
-1.028309 1.981866 -0.999571
-1.043581 1.916960 -1.612272
-1.834088 1.920477 -1.673296
-1.802981 1.999609 -1.729732
-1.741151 2.049954 -1.696558
-1.706135 2.013871 -1.600943
-1.714177 1.961650 -0.927475
-1.733480 1.973699 -1.588441
-1.724215 2.043956 -1.646372
-1.690992 2.071907 -1.646824
-1.669092 2.033121 -1.611338
-1.679496 1.993592 -2.271077
-1.726326 2.016598 -2.350421
-1.780961 2.773968 -1.786079
-1.822426 2.808269 -1.131425
-1.835044 2.766859 -1.066436
-1.822732 2.050847 -0.430342
-1.830202 2.054782 -0.480497
-3.144160 2.745080 -0.526177
-1.864242 3.453935 -0.505978
-1.862052 3.432068 -0.459594
-1.827663 2.701607 0.822657
-1.795610 2.672371 0.795347
-1.779134 3.378558 0.177139
-1.798144 4.044943 -0.424767
-1.816051 4.014309 -0.366268
-1.802480 3.952527 -0.947347
-1.765054 2.617347 -0.906487
-1.731128 3.327530 -0.881510
-1.745706 4.010292 -0.254853
-1.785275 3.346761 0.382585
-3.098611 3.235864 0.365798
-3.081164 3.241130 -0.278217
-3.055986 3.340582 -0.255629
-3.105077 3.437215 -0.920221
-3.213695 3.436596 -1.581379
-3.277625 3.351463 -2.186548
-3.262375 3.880994 -0.877954
-3.230204 3.937929 -0.263933
-3.258266 3.334737 0.383024
-3.277544 3.323491 -0.328287
-3.272910 3.872021 0.270956
-3.198589 3.821602 0.917886
-3.139429 3.886591 0.949976
-3.141015 3.967767 0.952766
-2.531014 4.604826 0.233601
-2.520886 3.841984 0.809183
-3.126333 3.777586 0.826668
-3.116212 3.130877 0.861001
-3.140785 3.194737 1.493311
-1.896919 3.168482 0.788275
-1.828239 3.068773 1.409541
-1.761080 2.390208 0.829262
-2.370169 1.061232 0.883660
-2.398787 1.146008 0.214384
-2.407079 1.194371 0.174384
-0.483514 0.550052 0.193825
-0.530199 0.532751 0.926127
-0.589053 1.212345 0.982737
-0.564367 1.339258 0.995971
-0.479079 1.403691 0.400696
-1.043068 1.979513 0.443265
-0.428476 1.340911 0.489716
-0.451223 2.053548 0.501350
0.173519 2.731596 -0.166876
-1.088808 2.727240 0.453694
-1.111528 2.642869 0.435061
-1.201906 2.595297 1.755376
-1.895461 2.667480 2.350460
-1.831619 2.789057 2.331794
-1.761023 3.471239 2.311241
-1.785875 2.113850 1.578311
-1.904937 1.450871 1.514028
-1.989642 2.161921 0.830953
-1.985557 3.492268 2.100083
-1.971862 3.452108 2.056727
-1.369054 2.731672 1.990001
-1.447427 1.461809 1.922758
-2.075849 1.420933 1.872264
-0.672801 2.137660 1.850133
-0.575759 2.118497 1.819829
-0.584720 2.018988 1.821676
-1.310934 1.959555 3.178242
-1.294908 1.991567 2.560561
-0.601961 1.398435 2.586595
-0.587792 1.383427 2.663628
-0.635704 0.668592 1.440855
-1.299785 0.017953 1.458561
-1.227983 0.089318 0.078395
-1.136959 -0.461737 0.683824
-1.110218 -0.454933 0.721656
-1.145489 -0.518229 0.144865
-0.539689 -0.530470 0.143239
-0.534833 -0.448677 -0.511192
-0.523045 0.260689 0.091063
-1.127708 0.889790 0.084954
-1.177735 0.107661 -0.580871
-2.466914 0.084482 1.452386
-2.469153 1.432154 1.375187
-2.417225 2.154221 1.304307
-1.752633 0.802882 1.979731
-2.341335 1.429577 2.039584
-2.341857 1.430072 2.058527
-2.309454 2.098384 2.636493
-1.653472 2.757825 2.593291
-1.653558 2.761547 2.626436
-1.744041 0.831273 2.036357
-1.765105 0.829163 2.050716
-1.728252 0.859482 2.007402
-1.678627 0.897670 1.983909
-1.653502 0.907490 2.040302
-1.651528 0.876823 2.759493
-1.628997 0.165008 2.153497
-1.567862 1.465659 2.767320
-1.517161 0.838286 3.396304
-1.530585 0.831396 3.443954
-1.583700 0.789148 4.091850
-1.609881 0.094155 2.787883
-2.187445 0.093527 2.717722
-1.554520 0.118594 2.654776
-1.594163 0.733591 2.000411
-1.629430 0.669606 2.683704
-1.627652 0.608983 2.005478
-1.585651 0.618510 1.978176
-1.547672 0.654332 1.943616
-2.832907 0.641854 1.924892
-2.872719 0.032741 1.914554
-2.892629 0.600324 1.893535
-2.886377 0.654146 1.863736
-2.887322 1.997205 1.830071
-2.908858 0.825452 1.837939
-2.944835 0.782933 1.883687
-2.955538 1.315935 2.521781
-2.932859 1.313704 2.556448
-4.259775 1.354145 2.580368
-4.297027 0.743666 2.628921
-4.329871 0.686735 3.330261
-3.660609 0.649400 4.031999
-3.580861 1.250957 4.661584
-3.543143 1.885284 4.656322
-3.552898 1.261705 4.682206
-3.561513 0.566067 4.697667
-3.527114 0.529089 4.685034
-3.505285 0.508858 4.661214
-3.544726 1.166498 4.655663
-3.625456 0.508171 4.669212
-2.991217 0.514443 4.668987
-2.975758 0.515639 4.658753
-1.009512 -0.120339 4.656182
-1.048655 0.512619 2.600514
-0.524626 0.522959 3.871030
-0.541456 1.154617 3.858025
-1.131331 0.512763 3.217451
-0.489676 1.096750 3.222390
-0.546711 0.425439 3.237675
0.104939 0.436709 3.257183
0.138149 0.472554 3.934798
0.160001 1.116825 3.286938
0.124918 1.109164 2.642947
-0.577020 0.461012 2.675572
0.092156 0.491864 2.707651
0.154500 0.504022 2.718466
-0.438194 0.485824 2.113152
-0.441588 1.086466 2.134526
-0.414371 1.070353 2.166904
-0.329446 1.080788 2.799375
-0.268798 1.128138 2.179527
-0.297090 1.816443 1.509416
-0.453500 1.891713 1.479598
-1.115189 1.939995 2.781008
-0.370963 1.967106 2.745574
-0.326352 2.604071 2.748496
-1.012271 2.624008 2.753680
-2.338926 2.619325 2.134925
-2.332081 2.585021 2.162139
-1.588372 2.567337 2.168082
-1.511117 2.609403 2.788305
-1.514990 2.693263 2.793517
-2.186597 2.759907 2.144901
-2.144038 2.769860 2.114833
-0.786455 2.749745 2.051151
-1.330716 2.745723 1.361334
-2.031259 3.283492 1.347483
-2.123906 3.280349 1.359343
-2.164124 3.249760 2.079405
-1.487956 3.243471 2.053840
-1.450622 3.300861 2.050598
-0.787918 3.390512 2.071355
0.448637 3.442912 2.085491
0.445688 3.449246 1.429021
0.479483 3.428261 1.388308
0.503886 3.417693 1.364776
-0.780047 3.412151 1.381643
-0.792176 4.636698 0.783886
-0.776084 4.678702 0.789850
-0.754440 4.654693 0.764702
-0.723708 4.644700 -0.466947
-0.689587 4.651346 0.798479
0.496152 4.660110 0.822140
0.509377 4.677455 0.782725
0.527060 4.669720 1.340607
0.534683 4.657067 1.314315
0.523329 4.632775 1.344001
1.799884 4.599145 1.380521
1.803086 4.572898 2.036179
1.786112 4.550852 1.399918
1.738845 3.947335 1.431227
2.292341 3.980166 1.504802
2.248535 2.744790 1.543624
2.266124 2.742615 2.147175
2.310350 2.766632 2.037230
2.326090 3.456263 1.967228
2.306647 3.460445 1.975038
2.306747 5.349054 2.707014
2.975740 4.728545 2.727465
2.997687 4.727691 2.146521
2.964544 3.481109 1.531960
2.901326 2.829774 0.988468
2.854479 2.783808 1.022084
2.843013 2.782989 1.627415
2.873664 2.833984 2.154770
2.923757 2.225239 2.079715
2.960111 2.216156 2.744768
2.990414 0.900855 2.797296
3.027425 0.864708 2.818810
3.061097 0.248084 3.442492
3.042045 0.306070 3.467513
2.367381 0.290381 3.529213
2.281561 -1.083007 4.856078
1.037758 -1.098077 4.092398
1.008501 -0.424182 3.984031
0.984687 -0.408007 3.279069
0.944368 -0.449688 3.226494
0.905304 -0.526465 3.241903
0.901405 -0.526467 3.272724
0.930127 0.193142 3.291651
0.935272 0.242910 3.302609
0.879813 0.245101 2.066060
1.434162 0.249781 2.096071
1.383054 0.286844 2.114831
1.407082 0.318478 2.105605
0.855408 0.927760 2.078207
0.883037 0.836574 2.061525
0.897159 0.771508 2.083269
0.949750 0.774660 2.132997
1.050089 0.795973 2.173542
0.492145 0.775058 2.173232
0.488591 1.998501 2.153970
0.451361 2.030141 2.810315
0.446446 2.073246 2.803356
0.487506 2.078364 2.766169
1.155145 2.041794 2.053462
1.125041 1.373251 1.987579
1.086552 2.050592 1.976136
1.076968 2.104121 2.700778
1.102568 1.499055 2.081546
1.104944 0.867357 2.086326
1.056790 0.896906 2.077944
0.992079 0.310330 2.056436
0.952909 -0.239329 2.650371
0.943675 0.371737 2.646650
0.938045 0.318231 2.653653
0.934555 0.280319 3.281720
0.940570 0.303463 3.300495
0.956614 0.336066 3.337710
0.957972 0.312543 2.768377
0.942675 0.243808 3.388655
2.273646 0.198537 3.351928
1.645944 0.218172 3.285775
1.610748 0.233283 3.231072
1.558169 0.170223 3.207377
1.562800 0.692715 3.208945
1.660933 0.634519 3.208612
1.774197 1.321112 3.214168
1.801473 0.778540 3.253748
1.747581 0.765681 2.716615
2.358159 0.705774 2.744766
2.395849 0.711666 2.718781
2.423795 0.193629 2.690055
2.354540 0.268244 2.700951
1.604560 0.842245 2.716053
1.553796 1.359232 1.427558
2.252791 1.338425 1.409606
2.347660 1.385249 1.434740
1.668164 1.441791 2.770041
1.583330 0.225972 1.531764
0.884224 0.196696 1.500828
0.896226 0.867915 1.468763
1.552552 0.924370 1.481776
1.513971 0.956184 0.200217
1.424094 1.549858 0.799106
1.398086 1.483731 0.769362
0.819128 1.442702 1.394259
0.925844 0.813853 1.412893
0.957645 1.448490 0.126711
0.931451 1.456294 0.135613
0.322224 1.468518 0.723603
0.373633 0.849147 0.657873
0.410985 0.865166 0.634152
0.369903 1.518550 0.653232
0.319844 0.302050 0.656712
0.329087 0.292661 -0.045573
0.385582 1.008043 -0.109192
0.437951 1.025602 -0.099042
1.076648 1.658334 -0.055026
0.461206 1.638259 -0.038587
0.473786 1.634120 -0.051785
0.504659 1.670883 -0.033591
0.527741 1.713395 0.030625
0.514880 2.299961 0.094103
0.487452 2.235047 -0.524119
0.477907 2.178279 -0.531878
-0.123225 1.544682 -0.516105
-0.102793 1.540973 -0.474694
-0.103335 1.521246 -0.458249
-0.105660 1.503512 -0.462708
-0.096814 1.528882 -0.456788
-0.082692 1.587846 -0.432531
-0.072567 2.891124 -0.418515
-0.060717 2.870834 -0.418874
-0.050379 2.833157 -0.391061
0.540529 2.830585 -0.394276
0.511383 2.213180 0.238309
0.502384 2.175462 1.470761
0.527407 2.126030 1.412842
0.541864 0.840889 1.396946
1.701558 0.886299 1.435878
1.640044 0.928999 1.458332
1.629101 1.545325 2.021563
1.671809 1.491984 1.981002
1.694160 1.447779 1.997063
2.302785 1.438583 2.048797
2.267270 1.424927 2.072091
2.881257 0.122668 2.038534
2.943787 0.080841 1.996682
4.224848 -0.554608 2.015759
4.182779 -0.528666 2.067583
4.100591 0.119747 2.050648
4.065635 0.111778 0.717554
4.096471 0.096792 0.674644
4.127746 -0.515128 0.115310
3.483794 -1.094715 0.168476
2.836224 0.227166 0.134016
2.875469 -0.393718 -0.633148
2.962706 -0.396090 -0.010042
3.011062 -0.372667 0.027486
2.993390 0.312258 0.676894
2.281000 0.375028 0.614923
2.254964 0.381594 -0.147111
2.284401 0.346508 -0.162939
2.337313 -0.330488 -0.112253
2.372742 -0.307246 -0.709140
1.722518 -0.276534 -0.119261
1.758038 -0.285391 -0.159637
1.825501 -0.324320 -0.129588
1.264387 -0.343074 0.588757
1.856250 -0.969294 0.651774
1.193004 -0.341530 0.652610
1.802144 -0.389084 0.627672
1.807189 -0.450467 0.633257
1.797707 0.194950 0.668252
1.742138 0.815193 0.721103
2.282399 0.165606 1.979677
2.268944 0.165582 1.951482
1.673536 0.168503 1.956088
2.340055 0.194604 1.987380
2.938999 -0.425326 2.008985
2.898920 -0.394840 1.355021
3.521325 0.273031 1.965605
3.564857 0.249441 1.976891
3.607284 0.838630 2.000181
2.989182 0.824675 1.998070
2.358253 0.818781 1.351010
3.058931 0.810077 1.319300
1.832922 2.052733 1.318200
1.846391 2.023766 1.343236
1.158945 1.359538 1.361367
1.134380 1.375462 1.947095
1.132125 1.401768 0.730242
0.504986 0.780852 0.734427
0.506547 1.995623 1.321575
0.472127 0.706561 1.354562
1.676473 0.107780 1.380959
1.628911 0.795082 1.382700
1.606413 0.821996 2.013316
2.241525 0.800249 2.025041
2.809938 0.163826 2.025929
2.729056 0.845910 1.400055
2.685171 0.898746 1.370809
2.074813 0.891259 1.367776
2.086004 0.809597 1.389080
2.087852 0.146737 1.421980
2.100805 0.758137 0.785007
2.786350 0.795434 1.448460
2.167164 0.778685 1.463214
2.164638 0.703443 1.501889
1.508091 0.656380 1.545800
0.768702 1.282926 1.565600
1.425942 1.320126 1.553498
2.054654 1.923219 1.540278
1.461083 1.250261 1.552939
0.923557 0.621175 1.567744
0.979295 0.681057 1.547376
0.997694 0.788447 1.492530
-0.290217 0.855967 -0.486383
-0.290233 0.203967 0.122251
-0.262291 0.202603 -0.507870
-0.257832 0.258062 0.081207
-0.311398 -0.306972 -0.625302
0.973629 -0.269139 -1.257296
1.010126 -0.293287 -0.600865
1.093183 0.379670 -0.636558
1.161367 0.384030 -0.678171
-0.114467 0.437978 -0.700123
-0.171465 0.467795 -0.072845
0.451785 -0.199497 -0.064900
0.472804 -0.265940 -0.057425
0.463216 0.977720 -0.056971
0.386937 2.179045 0.598647
0.928746 2.900737 1.146349
1.564033 2.227339 0.477900
1.600227 2.783568 1.145398
0.979509 2.728204 1.169671
0.944923 2.743459 -0.032431
0.922190 2.160019 -0.715273
1.574753 1.549885 -0.782383
0.352931 1.497099 -0.758824
0.346775 1.491896 -0.662763
0.319638 1.546208 -0.650680
0.319754 1.605740 -1.402733
0.378038 1.594829 -0.786170
-0.243862 2.790968 -0.122555
-0.243623 2.724052 -0.700023
-0.243852 2.718582 -0.692639
0.427389 0.892700 -0.064054
0.453807 1.513616 0.561969
1.102986 1.458802 0.610523
0.441216 2.045926 0.656310
1.115691 2.079115 0.632737
1.156259 2.133465 1.227925
1.193725 2.119900 1.218097
1.207148 2.047073 1.274120
1.216384 2.002594 1.321088
1.239032 2.030734 0.700243
0.642393 2.073611 0.691593
0.627290 2.687896 0.707729
0.583220 2.630722 0.749671
0.549729 2.594266 0.765030
0.535170 2.622150 0.734789
0.524260 2.659673 1.295770
0.503733 2.635970 1.300616
1.120538 2.564412 1.354229
1.122429 1.904708 0.134998
0.516608 1.906952 -0.510557
0.509922 1.292938 -0.508514
1.090226 1.932224 0.165598
1.070660 1.896285 0.817521
1.692345 1.893594 0.804147
2.286439 2.601554 0.117934
2.248624 2.680803 0.058968
2.232196 2.705996 0.028595
1.615378 2.666972 0.020719
1.645298 2.631780 0.012138
1.682779 2.044747 -0.006482
1.696747 2.101994 -0.014352
1.707038 2.106472 0.012447
1.737409 2.063901 0.682119
1.774750 2.650631 -1.179282
1.791315 2.031130 -1.210071
2.395126 2.062704 -0.683379
2.374760 2.032860 -0.669750
2.404139 1.343842 -0.640103
2.472370 1.898444 -0.632930
2.527216 1.869521 -0.644774
2.529093 1.853076 -0.628010
2.529715 1.815501 -0.572002
1.940884 1.792092 -0.520688
2.007328 2.455407 -0.533606
2.022400 1.900748 -0.587194
1.973458 1.968416 -0.610720
1.929044 1.994864 0.038804
1.915440 1.996212 0.040001
1.289411 1.383661 0.001092
0.648456 2.043766 -0.030143
0.566452 2.060593 -0.007855
1.119420 2.055664 1.286679
1.090592 2.059317 2.583891
1.085825 2.086604 3.813291
1.052985 2.137142 3.804023
0.985337 2.180825 3.822745
0.938645 2.206534 3.814479
0.965631 2.217489 3.764691
1.031970 2.220960 3.716171
1.059574 2.855839 3.725683
1.050079 2.860762 3.785110
1.063681 2.854790 3.814896
1.133355 2.823862 3.794910
1.869081 2.188607 3.161403
2.528991 2.194383 3.827759
2.521844 2.231221 3.863281
2.538785 2.219466 3.859752
2.589807 2.765139 3.825146
2.626367 2.694867 3.795516
2.628117 2.039328 3.796069
2.624753 1.419495 3.185611
2.624678 1.415776 3.166393
3.868317 0.754802 3.768275
3.864008 0.733509 3.146742
3.234489 0.770031 3.180305
4.507044 0.815185 3.194960
4.492299 0.799973 3.189605
4.465397 0.734996 3.188887
4.479018 0.689056 2.591479
4.547352 0.701871 2.589456
4.595497 0.726637 2.560301
4.566295 0.694408 1.330397
4.502881 0.634727 1.338396
5.128677 0.627969 1.322836
5.158102 1.350865 1.288947
5.145881 1.419219 1.271425
5.070746 2.063860 1.296780
4.992708 1.345561 1.337783
4.360988 1.330051 1.351176
4.427292 1.383551 1.930415
4.449759 1.425962 1.915700
3.738162 1.409531 1.282064
3.674342 1.371618 1.313753
3.694010 2.021037 1.950706
4.384657 2.077485 1.926846
4.384225 2.107302 1.265060
3.645266 2.089242 1.285364
3.563176 2.050657 1.279137
3.569451 2.032548 0.615818
3.617628 1.389333 0.578618
3.604106 0.783996 -0.085322
3.490514 0.764964 -0.048358
3.377709 0.754497 1.869387
4.020173 0.769868 1.848132
4.691512 0.779553 3.142185
4.694618 0.766507 1.890190
4.642092 0.751664 2.501938
4.635723 0.747263 3.116573
4.732175 1.385494 3.090710
4.194969 0.107850 2.434799
4.190489 0.083183 2.431063
4.100805 0.085602 1.764355
4.693587 0.096335 1.764502
4.752036 0.729494 1.765458
4.814683 0.670085 1.762939
4.802391 1.326476 1.748681
4.756608 1.372297 0.523130
4.163843 1.424476 0.512310
4.284698 1.430067 -0.139918
3.095808 1.391815 0.485486
3.045732 1.380032 0.462518
2.937166 1.428897 1.101685
2.876983 1.478169 1.111876
2.880263 2.076984 1.126494
2.863461 2.028758 1.139942
2.793918 1.419855 1.142722
2.745163 1.485353 1.144637
2.798397 1.545717 1.143617
2.918167 0.881884 1.797595
2.993990 0.866893 1.799900
2.982243 0.901790 2.432129
1.559206 0.979372 2.458697
2.207232 0.440624 1.251769
2.236546 0.427044 1.281795
2.220860 0.383916 1.270872
2.162185 1.033504 1.222300
2.152606 0.436079 1.176492
2.246106 0.454844 0.511426
2.370071 1.061417 -1.425160
2.410309 1.013701 -1.446488
2.363024 1.017561 -1.454852
1.702334 1.062838 -1.491451
1.724086 1.071726 -2.133184
2.378875 0.359054 -0.862758
2.357284 0.295173 -1.517021
2.281524 0.294152 -1.542928
2.249009 -0.282016 -2.229786
1.664305 -0.280244 -1.618989
0.556333 0.939747 -1.571701
0.564796 1.533591 -0.884358
0.498355 1.555310 -2.168043
0.443427 1.570539 -2.230131
0.457360 1.555832 -1.575602
0.515935 0.840609 -1.497347
1.150943 0.803935 -1.467050
1.106217 0.823692 -1.522320
1.728188 0.205900 -1.563790
1.163765 0.203146 -1.513060
1.256081 0.156724 -1.423571
1.250472 0.107693 -1.430184
1.140301 -0.582894 -0.272249
1.040529 -0.593500 -1.610096
1.038021 -1.194781 -0.284740
1.077825 -1.821284 -0.216022
1.049284 0.053471 0.409912
0.952204 -1.125856 0.335852
0.891573 -1.055323 -0.337949
0.933297 -1.027228 0.964404
1.014289 -0.433404 1.671361
1.034940 -0.460178 1.001448
0.993247 0.163519 0.926263
1.571307 0.163541 -0.364844
1.556381 0.715697 -0.955055
0.947939 1.311515 -0.249568
0.978308 1.314984 -0.940707
1.599455 1.338920 -1.023172
1.539010 1.347912 -1.022154
1.512089 -0.416550 -0.921943
1.540405 -0.413829 -0.850746
1.566072 -0.412409 -0.877889
1.548688 -1.043653 -0.924433
1.503210 -1.071794 -0.904902
1.468323 -1.098534 -0.843120
1.474770 -1.122322 -0.832566
1.517672 -1.149150 -0.879417
1.561620 -0.553466 -0.900731
1.559728 -0.549942 -0.855085
1.513759 0.037665 -1.439245
1.474348 -0.014351 -0.787794
1.495399 1.208669 -0.828966
0.280407 0.585493 -0.192532
0.265500 -0.048498 -1.523556
0.233416 -0.076915 -1.524131
0.219437 -0.131783 -1.553486
0.254485 -0.144540 -1.600636
0.315574 -0.092664 -0.997339
0.357955 0.590395 -0.982757
-2.191335 0.592168 -1.598039
-2.153374 0.528252 -2.778936
-2.811276 0.471520 -3.415776
-2.847009 0.463130 -3.414659
-2.873832 0.467983 -3.389983
-2.223809 0.424718 -3.380355
-1.656944 1.021811 -3.405558
-1.677109 1.672996 -3.445035
-1.709002 1.747667 -3.475466
-1.715170 1.209653 -3.498211
-1.026857 2.434321 -3.540008
-1.629723 2.382688 -3.580986
-1.618375 2.367456 -2.963833
-2.864295 2.423483 -2.979999
-2.928282 2.482548 -3.006088
-2.963221 1.826244 -3.025383
-2.967043 2.398749 -3.012153
-2.975330 2.406029 -2.988593
-3.012264 3.120178 -2.982883
-3.033440 3.215887 -2.990034
-3.002108 3.236367 -2.977642
-2.957193 3.182007 -2.935750
-1.695895 1.887219 -2.892761
-1.730002 1.903611 -2.227745
-1.732248 2.587724 -2.242946
-1.698729 2.552464 -2.902459
-1.675148 3.694660 -2.873386
-1.698790 3.625764 -2.859976
-1.723445 3.633962 -2.882421
-1.692415 3.696111 -2.897288
-1.627507 3.709284 -2.865533
-1.610145 3.651396 -3.437650
-2.243464 3.590646 -2.745512
-1.728143 3.591564 -2.756379
-0.406092 3.613322 -2.792015
-0.385393 3.577533 -2.818469
-0.422800 3.491529 -2.828123
-0.502527 3.454363 -2.219422
-0.544113 2.317905 -2.238568
-0.541692 2.394114 -2.241793
-0.532707 2.400352 -2.243616
-0.556405 1.142559 -2.246346
-0.594754 1.788056 -2.247872
-0.622543 1.853852 -0.992451
-0.645152 1.883796 -0.990694
-0.656029 1.255373 0.324506
-0.661538 1.201075 0.303538
-0.661028 1.183608 0.272554
-0.664254 1.203795 0.280518
-0.662259 1.231043 0.310582
-0.634704 1.245763 0.326785
-0.587989 0.678556 0.319551
-0.542508 0.716426 -1.005631
-0.532123 0.117695 -0.977581
-0.540922 0.121940 -0.921276
-0.515543 0.090560 -0.884038
-0.444895 0.049003 -0.895779
-0.365238 0.005562 -0.941779
-0.337211 0.575732 -0.973483
-0.354815 0.552314 -0.959684
-0.359967 0.560992 -0.938490
-0.322959 0.613695 -0.916471
-0.280437 0.670047 -0.895468
-0.286423 0.686935 -0.887341
-0.340523 0.662708 0.514628
-0.377949 0.622822 0.460599
-0.345251 0.604650 0.410768
-0.862268 0.593623 0.421873
-0.821531 -0.029538 -0.201747
-2.159129 -0.018702 -0.197089
-2.197633 0.044269 -0.247461
-2.170577 0.129369 -0.276831
-2.096481 0.191580 -0.246227
-2.048460 0.213003 -0.204282
-2.089303 0.226643 -0.222202
-2.162769 0.253374 0.347708
-2.172508 0.263682 0.311369
-2.112563 -0.377912 0.348579
-2.068434 -0.377900 0.417570
-2.111959 -0.342183 0.445489
-2.179271 -0.283876 0.433046
-2.190319 -0.252302 0.428407
-0.910212 -0.259870 0.464660
-0.834224 0.356064 0.508871
-0.835748 0.324737 0.515387
-0.881691 0.279501 0.487777
-0.880209 1.453338 0.453034
-0.793104 1.400543 0.448889
0.466227 1.386783 0.478678
0.432290 1.420010 0.508903
0.346676 1.472555 -0.722163
0.304040 1.516323 -0.719648
0.351111 1.528872 -0.699022
0.389986 1.515494 -0.668187
-0.369809 1.497995 -0.651075
-0.446078 1.472653 -0.016594
-0.453374 1.437478 1.227908
-0.404021 1.384023 0.560921
-0.398772 2.023733 -0.118463
-0.486433 2.044155 0.522970
-0.580551 2.087923 -0.846929
-0.582899 2.153217 -0.769833
-0.515382 1.522967 -0.705843
-0.484617 1.501147 -0.710208
-0.523232 1.448609 -0.753374
-0.531658 1.410863 -2.048139
-0.452635 1.385378 -1.409541
-0.350990 1.319518 -1.402592
-0.319380 1.229668 -1.419555
-0.369643 1.834463 -1.420766
-0.406320 1.878330 -1.371472
-0.378093 1.956296 -1.291225
-0.336339 1.987636 -1.238244
-0.343710 1.946114 -1.240490
0.231748 1.887771 -1.270142
0.233984 1.242329 -1.292966
-0.338346 1.292891 -1.318450
0.353429 1.324465 -1.345466
0.321450 1.308180 -1.364399
-0.444157 1.890021 -0.699378
-0.507523 1.957358 -1.297687
-0.501885 2.098672 -1.256444
-0.472278 2.217950 -1.267354
-0.476152 2.235762 -1.300586
-0.520450 2.177292 -1.287499
-0.557129 2.146359 -1.254318
-0.537282 2.842358 -1.282134
-0.471525 2.851734 -1.366586
0.253310 3.445688 -1.425994
-1.019251 3.399528 -1.387953
-1.105110 3.418986 -1.302588
-0.521155 3.505507 -1.267964
-0.456785 2.338966 -0.691442
-0.995636 2.966831 -0.726381
-0.980308 2.943790 -0.712850
-0.992873 2.940117 0.513924
-0.950744 3.591780 0.452070
-0.854765 3.592181 0.360699
-0.803021 2.951353 -0.962460
-0.862117 2.273254 -1.004398
-0.947241 2.287609 -1.003030
0.391581 2.348344 -0.994088
0.396536 2.382437 -1.011008
0.415451 2.344754 -1.043627
0.393091 2.266249 -1.050174
-1.528127 2.208257 -1.642501
-1.524212 2.182441 -1.654925
-1.474629 2.145978 -2.349359
-1.427214 2.075706 -2.405372
-1.440730 2.606431 -1.023929
-1.491046 2.598773 -0.966725
-0.834804 2.638993 -1.595560
0.601597 2.667658 -1.591029
0.607478 2.661956 -2.983083
1.892389 2.647882 -2.924222
1.924565 2.655886 -2.220370
1.994458 2.681069 -0.956876
2.031813 2.683320 -1.017783
2.012548 2.667510 -1.038147
1.284769 2.669563 -0.970232
1.255342 2.715110 -0.882600
1.256171 2.783738 -0.871725
1.242695 2.812617 -0.915193
1.199428 2.798672 -0.923467
1.146411 2.770327 -0.871786
1.143708 2.756424 -0.831831
1.185248 2.753632 -0.874209
1.214582 2.724601 -0.941541
1.202431 2.683114 -0.959518
0.576654 2.666425 -1.586228
0.558512 1.461621 -1.581284
0.539718 0.911373 -1.028283
0.501942 0.948756 -2.332509
0.459797 0.941093 -3.576081
0.447175 0.943212 -3.534681
1.100673 0.988314 -3.578125
1.161611 1.038933 -3.648562
1.207386 1.001701 -3.661021
1.225786 0.899007 -2.304364
1.223891 0.858307 -2.299587
1.208004 0.938018 -2.372369
0.543150 1.041319 -2.420564
0.502308 1.046156 -2.378255
1.103573 0.348746 -3.603408
1.058814 0.298727 -3.542763
1.035864 0.324956 -3.554118
0.358857 0.345980 -3.560695
1.066318 0.270139 -3.496998
1.097347 0.143437 -3.392246
0.471697 0.085211 -2.711503
0.499123 0.141746 -2.780772
-0.764937 0.211497 -2.842599
-0.145714 0.802880 -2.819275
0.429076 0.719037 -2.743663
1.075900 0.701175 -2.733182
-0.232977 0.758624 -2.815554
-0.234046 0.765781 -2.868834
-0.873971 0.673064 -2.179926
-0.763863 0.578008 -2.114243
-0.736214 0.602012 -0.633479
-0.741146 -0.658275 -1.488106
-0.761286 -0.655368 -1.540042
-0.778648 -1.330413 -1.476031
-1.400570 -1.345877 -1.385618
-0.757444 -1.281027 -1.406379
-0.748366 -1.233571 -1.491836
-0.730927 -0.655483 -1.476561
-0.709249 -0.746728 -1.358670
-0.669326 -0.784590 -1.268995
-0.625455 -0.731018 -1.325452
0.565292 -0.665736 -1.430088
0.550693 -0.662152 -0.789418
0.539150 -0.697134 -0.668438
0.529468 -0.703324 -0.585779
0.505107 -0.650962 -0.668420
0.465753 -0.597726 -0.789038
0.450597 -0.591085 -0.777945
0.464568 -0.618295 -0.664384
0.484528 0.039704 0.004764
0.473229 0.073784 -0.747588
-0.225959 0.126676 -0.844582
0.401653 0.155192 -0.802461
0.404267 0.137595 -0.699719
0.419889 0.110601 -0.703665
0.389695 0.109155 -2.032573
0.325343 -0.509749 -2.124458
0.291891 -0.515539 -2.065504
0.331180 -0.533230 -1.339805
-0.915287 -0.534367 -0.744371
-0.890468 -0.517261 -0.858503
-0.919578 -0.495163 -0.908737
-0.943980 -0.491699 -0.845105
-0.909024 -1.139070 -0.795098
-0.862800 -1.166984 -0.836840
-0.874276 -1.191942 -0.929548
0.376948 -1.229384 -1.592873
0.359324 -1.272927 -1.516313
0.442973 -1.292431 -1.453903
0.493946 0.597497 -1.499280
0.445115 0.637802 -2.825455
0.969789 0.105169 -2.853835
0.942797 0.137766 -2.743921
0.981172 0.770782 -2.642751
2.317878 0.807940 -2.628734
2.325360 0.863325 -2.031643
2.302730 0.279636 -1.994690
2.283241 0.886210 -1.910538
2.316391 0.892919 -1.858674
2.403552 1.512399 -1.238479
2.463748 1.555648 -1.300494
2.439343 0.972467 -1.954910
2.370443 0.993573 -1.927458
2.346831 1.654902 -1.366259
2.389678 1.678045 -1.375839
2.413398 1.708223 -1.987387
2.348478 0.345963 -1.982192
2.244714 0.359077 -1.366367
2.223240 0.376588 0.555636
2.288841 0.375483 0.503597
2.316111 0.360325 0.471189
2.231836 -0.277944 0.468730
2.112877 -0.305508 -0.207188
2.081178 -0.353145 0.443107
2.122577 -0.404169 0.464923
2.118132 -0.440428 -0.107208
2.030917 -0.473459 -0.077943
1.958686 -0.516383 -0.089429
1.986224 -0.538955 -0.708537
2.075953 -0.516315 -0.071169
2.112333 -0.455949 0.551953
2.073588 -0.417320 0.565209
2.049139 -0.419273 0.513912
2.091846 -0.410164 0.460406
2.159325 -0.367415 0.443495
2.157460 -0.323274 1.077087
2.102954 -0.315271 1.067357
2.076081 -0.321487 1.052446
2.097500 -0.291006 1.699507
2.111074 -0.216983 1.701993
2.059389 -0.154637 2.276160
1.364995 -0.782081 2.203019
1.956209 -0.810290 2.124692
2.621731 -0.827349 2.107964
1.994664 -0.836653 2.740616
1.954908 -0.874314 2.083018
1.919097 -0.934864 2.039538
2.530865 -0.984476 1.403844
2.543723 -0.999026 1.478397
1.919437 -0.998160 1.561912
1.905032 -1.008336 2.250678
1.904187 -1.030521 2.225246
1.924467 -1.051004 2.181695
1.936055 -1.074040 2.187926
1.932393 -1.124707 1.559974
0.593730 -1.183097 1.554713
0.651550 -1.201615 2.211883
0.716057 -1.162218 0.819864
0.699979 -1.134717 1.413535
0.637273 -0.538112 1.443766
0.618707 0.054394 1.464394
0.652261 0.064146 1.460286
0.670548 0.756172 1.455294
0.615605 0.775076 1.472814
0.531113 0.063472 1.513666
0.491893 -0.017425 1.524648
0.506286 0.647088 1.472577
0.506162 0.751144 1.405394
0.450042 0.797348 1.385256
0.391438 0.081491 1.426770
0.385869 0.027955 1.468981
0.422598 -0.574370 1.459421
0.448696 -1.125036 0.229108
-0.889257 -0.468296 0.271666
-0.247374 -1.184616 0.322080
-0.185722 -1.896413 0.950133
-0.118047 -2.520684 0.868190
-0.109253 -2.451823 0.809169
-0.154397 -1.780140 1.466052
-0.166802 -1.826801 0.912660
-0.118887 -1.227710 0.940381
-0.079058 -1.197490 0.908863
-1.404863 0.098208 0.873417
-1.475479 0.056970 0.866382
-1.465550 -0.000311 2.181089
-1.391743 -0.009722 1.500409
