0.992385 -1.657285 -0.627759
0.987698 -0.400554 -0.597918
1.626235 0.825483 0.701346
0.979130 2.031334 1.334933
0.969237 2.655601 1.339710
1.626129 2.594556 1.349928
1.625756 2.553039 0.745071
1.611202 2.539748 0.106507
1.567959 2.528753 0.088561
1.534726 1.315396 0.682965
1.531315 2.059515 0.672442
1.529052 1.427395 0.085257
1.518082 1.448121 0.133133
1.501934 0.805397 -0.508281
0.869077 1.484211 -0.547817
0.884416 1.535520 -0.579233
2.162611 2.219696 -0.582477
2.110275 1.575142 -0.576627
2.025618 2.212551 -0.550137
1.984858 1.587345 -0.604092
1.988148 2.304457 -0.664039
1.975245 2.352385 -0.691956
2.566264 1.655091 -0.682957
2.537499 0.981090 -0.664224
2.566042 -0.337145 -0.666006
2.615842 -0.303334 -0.050066
2.640763 -0.291537 0.563124
2.640453 -0.333479 0.586864
2.633067 -0.378722 0.620038
2.631442 0.309674 0.598697
2.626628 -0.262466 -0.085351
1.970493 -0.881861 -0.120202
1.965344 -0.877988 -0.081934
1.983780 -0.887243 0.002939
2.670088 -1.517268 1.335514
2.725197 -1.473773 0.028181
2.770954 -1.471346 -0.015410
2.114717 -1.501246 -0.659809
2.105231 -1.519781 -0.646452
2.739537 -1.484297 -0.668339
2.747112 -1.467602 -0.149633
2.739292 -1.493015 -0.223090
2.697104 -0.211285 -0.239785
2.663259 -0.223718 -0.211883
2.671179 -0.240669 -0.202741
2.693894 -0.303060 -0.252024
2.680964 -1.030317 0.273790
2.622010 -1.063788 0.228670
1.928038 -1.038235 0.237620
1.914347 -1.004413 0.268908
1.913891 -1.020198 -0.333131
1.888392 -1.717217 -0.371071
1.837197 -1.060172 -1.638161
1.806743 -1.011801 -2.267367
1.832944 -1.016114 -2.235996
1.886929 -1.737244 -2.239383
1.914822 -1.798451 -2.270560
1.905093 -1.778349 -2.935748
1.896421 -1.060600 -2.949412
1.909934 -1.050725 -2.922085
1.914259 -0.475784 -2.892197
1.891090 -0.487270 -2.885074
2.473033 -0.418366 -2.878182
1.828369 -1.014928 -2.831915
1.842614 -1.072524 -2.777947
2.544304 -1.837507 -2.080147
2.572003 -1.871953 -2.109471
2.578235 -1.813394 -2.144088
2.557275 -2.412461 -2.133225
2.545452 -2.457286 -2.118669
2.559902 -1.329326 -0.899728
2.581736 -2.589132 -0.913736
1.930825 -2.552293 -1.503513
1.903132 -2.526048 -2.146397
1.911061 -2.550062 -1.528652
1.973026 -3.229401 -1.531350
2.043716 -3.219219 -1.549923
2.066722 -3.226612 -1.548944
2.042873 -1.948123 -1.510467
2.025141 -1.956313 -2.093844
2.671137 -1.973061 -2.107604
2.680837 -1.967982 -2.740881
1.975412 -1.924760 -2.768772
3.182999 -1.875415 -2.118051
3.156167 -1.864308 -2.123107
3.163496 -1.898738 -2.141427
3.784366 -0.625813 -2.165604
3.760309 -0.653585 -2.180135
3.750177 -0.659051 -1.548890
3.757393 -0.654245 -1.536824
3.777970 -0.662953 -1.542370
3.761178 -0.675174 -2.841119
3.740478 -0.098917 -2.152254
3.777875 -0.060965 -2.117768
3.864879 -0.031247 -2.129238
3.349144 -0.052447 -1.556584
3.382955 0.544271 -0.936737
3.425093 0.507398 -0.902074
3.499616 -0.204951 -0.880923
2.916194 -0.203334 -0.887925
2.924078 -0.185947 -1.494461
2.883048 -0.151272 -2.091035
2.868815 -0.118288 -3.332530
4.211434 -0.081371 -3.329143
2.492396 -0.033185 -3.365689
2.392484 -0.005976 -3.411703
2.303564 -0.037512 -3.433998
2.302754 -0.091112 -3.448724
2.339358 -0.087782 -3.467332
2.314644 -0.039018 -2.870758
2.233048 -0.660066 -2.267347
2.169291 -1.322824 -2.244779
2.773949 -1.347849 -0.986520
2.798278 -1.295862 -0.975471
2.772256 -1.207471 -0.979155
2.718920 -1.199754 -0.963319
1.443870 -1.282893 -0.933670
1.464835 0.052033 -1.551469
1.517742 -0.572630 -1.573725
1.528938 -0.539736 -1.603235
0.854115 -0.544217 -0.965411
0.822978 -0.580361 -0.905035
0.831756 -0.587184 -1.528931
1.439189 -0.546150 -1.530627
2.048927 -0.497805 -1.517080
2.049653 0.152307 -1.548233
2.049445 0.114783 -2.759300
2.059857 0.084030 -1.597202
2.088521 0.095557 -2.823734
2.129834 0.741380 -2.799336
2.162388 -0.585105 -2.745681
2.160366 -0.623990 -2.694473
2.121777 -0.624099 -2.672432
2.089723 -0.558067 -2.641726
2.681244 -0.502053 -2.579988
2.075339 -1.154937 -2.521673
2.053952 -1.228311 -2.505847
2.024611 -1.269601 -2.523684
1.997870 -2.548998 -1.834497
1.988430 -2.523796 -1.171308
1.984368 -3.153443 -1.745945
1.965452 -3.135933 -2.408887
1.937739 -2.473994 -1.858938
2.515808 -2.418812 -1.894233
2.522898 -2.425684 0.600880
1.930882 -2.481754 1.198269
2.528458 -2.506448 1.191620
2.539390 -2.516957 1.139912
2.594076 -2.514911 1.809415
2.631822 -2.539372 1.865404
2.665178 -0.687191 1.920392
2.671753 -0.041078 1.922232
3.313352 -0.036478 0.650561
2.761545 -0.682213 0.627785
2.827227 -0.676182 0.642795
2.852510 -1.367351 0.670500
2.241092 -0.776226 0.674826
2.290770 -0.791039 0.659613
2.381942 -0.760236 0.653453
1.756318 1.774288 1.875619
1.737081 1.727027 1.869148
1.042383 1.681118 1.864070
1.660610 1.700635 1.846182
1.662329 -0.024296 1.823224
1.663445 -1.302371 1.804236
1.633398 -0.693097 1.118261
1.597194 -0.712012 1.801836
1.614983 -0.643026 1.807112
2.289148 1.914760 2.403934
2.313344 1.873496 2.418388
2.885629 2.413053 2.458189
2.825209 1.791485 2.512144
2.802157 1.934464 2.553835
2.803608 0.826690 2.545286
2.784809 0.824417 2.551494
2.738649 0.758663 2.547082
2.109227 0.088450 1.907415
2.115551 0.158716 1.919018
2.127799 -1.070668 1.944078
2.095636 -1.157174 1.950946
2.030290 -0.674348 1.936950
1.974079 -0.707356 1.915398
1.946562 -0.626939 2.494786
1.929799 -1.168855 2.478747
1.904706 -1.196765 2.445579
0.656325 -1.254863 1.803897
0.655301 -1.250802 1.796275
0.058329 -1.198458 0.570450
1.333731 -1.188666 0.577417
1.378526 -1.253770 0.605875
1.376885 -1.331719 0.000861
2.011747 -1.339091 -0.015911
1.979649 -0.671497 -0.040456
1.303936 -1.273152 -0.073053
1.933529 -1.295886 0.560211
1.255719 -1.296151 -0.053341
1.266848 -0.585218 0.612971
1.318536 -0.550038 0.614146
1.381377 -0.569001 0.582380
1.402329 -0.621960 0.570053
1.388287 -0.020406 -0.077204
1.380611 -0.043178 0.573527
1.399051 -0.059285 0.544958
0.792234 -0.707036 -0.104485
-0.411152 -0.708026 0.543775
-0.445121 -0.666300 0.592920
-0.432392 0.588707 0.631213
-0.369055 -0.096136 0.630935
2.258869 -0.745880 0.616116
2.933800 -0.062373 0.608072
2.246856 -0.056091 0.586273
2.189883 -0.068961 -0.079333
2.171672 -0.064124 -0.099304
2.152917 -0.033494 -0.083671
2.098589 0.001209 -0.017516
2.012380 0.010241 0.058692
1.964795 -0.612442 0.104595
1.963949 -0.589937 0.756501
1.971762 -1.215663 0.805618
2.586111 -0.547831 0.842905
3.200172 -0.569150 0.834473
3.209688 0.081913 0.789078
3.219783 -0.520519 0.745135
3.205463 -0.506308 0.724837
2.547993 -0.509965 0.735649
2.546492 0.094025 0.753397
2.582777 0.072741 0.747426
2.609589 0.071497 0.712255
2.624655 0.060977 0.677919
2.016310 0.654270 0.654921
2.056607 0.607749 1.261114
1.384219 0.597499 1.818188
1.942271 0.564934 1.739173
1.860042 0.573739 1.691025
3.680944 0.538455 1.703126
3.673461 1.712179 2.324500
2.998702 1.707767 2.337761
3.582642 1.705851 2.947151
3.547393 1.059805 2.366410
3.567920 1.027236 2.398183
3.577873 -0.200722 2.410209
3.530213 -0.171597 2.365516
3.454449 -0.106933 2.308531
3.436150 -0.074541 2.916777
3.496969 -0.094774 2.998165
3.565161 -2.060849 2.424380
3.586991 -2.018656 2.434012
2.958275 -2.002103 1.844492
3.637353 -2.038935 1.855729
3.710595 -2.095819 1.241289
3.116892 -2.111248 1.214452
3.113060 -2.084645 1.130488
3.070235 -2.726336 1.056493
3.061489 -3.382831 1.043196
3.093202 -3.401008 1.071965
3.128309 -3.391019 1.082803
3.125506 -3.371038 1.066523
3.107755 -3.384252 1.053920
3.134338 -3.403567 1.071808
3.193005 -2.710602 1.090901
3.250658 -2.672177 1.692484
3.895905 -2.656038 1.643753
3.846130 -2.021802 1.586498
3.785761 -1.985253 1.565316
3.770449 -1.933349 1.606442
3.824246 -1.908474 1.667623
3.903475 -1.905820 1.684344
3.948512 -1.898570 1.661542
3.962676 -3.110807 1.651561
3.990416 -3.100848 1.672414
4.062732 -3.096131 1.676511
3.493601 -3.723560 1.623966
3.470573 -3.722688 0.971792
3.371783 -3.740884 0.995387
3.306366 -4.382272 1.092993
3.321940 -5.574822 1.170806
3.359751 -5.592660 1.179605
3.336340 -5.625401 2.524526
3.258804 -5.657175 1.981571
1.933154 -5.684860 2.077902
1.285028 -5.715456 2.106781
1.317467 -5.737481 2.099615
1.299165 -5.132904 2.131562
1.241792 -6.382272 2.214892
1.216236 -6.379198 2.281973
1.233870 -6.401741 2.923317
1.259950 -6.427063 2.927950
3.089385 -6.424960 1.663275
2.476926 -6.407108 1.684127
2.542594 -6.402237 1.646341
3.262060 -7.065675 1.563754
3.908171 -6.449230 1.482367
3.857931 -6.415993 1.428606
3.819884 -6.389438 1.394502
4.496594 -6.385848 0.037658
4.518808 -6.422959 0.030584
3.821569 -5.879397 -0.021026
3.809339 -5.903156 -0.082911
3.838686 -5.883021 -0.111303
3.906334 -5.846779 -0.109469
3.960125 -5.214742 -0.117602
3.940209 -5.241386 -0.154390
3.265728 -5.223942 -0.795619
2.702824 -5.161804 -0.773284
2.717973 -4.511030 -0.688677
2.736226 -5.173638 -1.216387
2.720932 -5.249661 -0.566545
2.695285 -5.253595 -0.559671
2.683851 -5.177733 0.049047
2.718878 -5.106023 0.063927
2.784015 -5.113113 0.067034
2.804157 -5.134144 -1.194241
2.772955 -5.076066 -0.645695
2.732214 -4.347708 -0.697006
3.311354 -4.309060 -0.679219
3.306460 -4.994191 -0.628679
2.662185 -5.036843 -0.605603
2.645150 -5.633388 -0.620360
2.634892 -5.567470 -0.645317
2.671694 -4.909103 -0.662688
3.392649 -4.350862 -0.688787
2.791110 -4.341170 -0.726050
3.411351 -4.902122 -0.769039
3.371260 -5.488399 -1.384619
4.584097 -5.510610 -1.946332
4.002586 -4.915703 -2.503958
4.022421 -4.895646 -2.442057
3.991005 -5.483889 -2.412392
3.971668 -5.508495 -2.417678
4.014700 -4.384948 -2.415513
3.471558 -3.805864 -2.383153
3.531702 -3.748253 -2.358610
3.521493 -4.366582 -2.369178
3.497750 -3.828222 -1.245434
4.167504 -2.677209 -1.268108
3.573954 -2.722229 -1.265157
3.497885 -3.315303 -1.213648
3.413184 -3.268372 0.130449
3.351674 -3.291015 0.129328
2.735534 -2.764604 0.706809
2.131545 -3.421696 0.667636
3.393673 -2.780621 0.683613
3.330185 -2.764629 0.710516
3.272550 -0.228615 0.684862
3.259880 -0.909610 0.646814
3.925746 -1.526983 0.672179
3.909702 -1.494007 0.777512
3.228814 -0.236121 1.440785
3.194623 -0.852719 1.460419
3.230374 -0.875081 0.832114
3.925055 -0.862633 0.813539
3.947444 -0.840849 0.832022
3.914903 -0.255118 0.845800
3.875644 -0.254534 0.819295
3.885673 -0.845655 0.788385
3.928653 -0.837629 0.811132
3.944356 -0.837435 0.247702
5.068115 -1.462724 0.303505
5.019858 -2.755475 0.305779
5.062450 -2.730965 0.271577
5.742583 -2.718986 0.250102
5.108265 -2.117035 0.262830
5.050234 -2.741516 0.271083
5.020791 -3.387260 0.241081
5.066835 -3.350885 0.205301
4.509010 -1.389166 0.208271
3.895920 -1.441025 0.887246
4.465656 -2.798056 0.941533
3.234436 -2.156937 0.967945
3.285516 -2.119231 0.975059
4.001923 -2.142420 1.622141
4.030578 -2.222444 1.647551
4.565268 -2.266499 1.654413
3.273673 -2.235214 1.651702
3.343364 -2.184331 1.666213
3.440459 -2.188240 1.703837
3.461261 -2.232934 1.113826
3.377552 -2.238048 1.118720
3.352490 -2.179927 1.111350
3.405475 -1.487778 0.483271
3.458339 -1.533402 -0.171805
2.821347 -1.591037 -0.207699
3.377194 -1.580046 -0.240839
2.710102 -0.908260 -0.258969
4.027615 -0.869699 -0.265962
2.781056 -0.875632 -0.273496
2.152047 -0.871127 -0.885247
2.109971 -2.091676 -0.872651
2.094321 -3.906084 -0.835932
2.748117 -3.877870 -0.820053
2.135711 -3.879601 -0.836114
1.461148 -3.203751 -1.533897
1.450829 -3.796975 -0.253453
2.681976 -3.759882 -0.247587
2.706175 -3.758757 -0.905208
2.700851 -3.803057 -0.287132
2.671762 -3.834186 -0.325757
2.647194 -3.825127 -0.353052
3.235309 -3.818092 -0.924693
3.232540 -3.865362 -1.631221
3.221629 -3.937353 -1.669795
3.205389 -3.974147 -1.698893
3.189513 -3.966020 -1.049289
5.105803 -3.335968 -1.061523
5.121803 -3.376284 -2.323698
4.495085 -3.437328 -3.619456
4.526387 -3.434290 -2.947147
4.565561 -3.381954 -2.940323
4.580093 -3.373595 -4.117163
4.565864 -3.415657 -4.722914
5.182505 -4.070202 -4.688794
5.163793 -4.064329 -4.658242
5.155026 -2.122543 -5.287197
5.126060 -2.744818 -5.229395
5.081731 -3.371351 -5.151612
5.035593 -3.371633 -5.082029
5.015136 -2.700856 -5.073914
5.652016 -1.419075 -5.124560
4.293424 -1.346820 -3.898203
5.628400 -1.341038 -3.891856
5.616043 -1.382998 -3.321164
4.966483 -1.391248 -2.807628
5.632499 -1.978982 -3.535416
5.049065 -2.548019 -3.540637
3.831365 -2.560534 -3.489496
3.854629 -1.956986 -0.961867
3.222977 -1.897804 -2.246151
4.539086 -1.149068 -2.917588
4.574083 -1.088186 -3.513537
4.597487 -1.128163 -4.123350
3.926024 -1.802448 -3.491766
3.908972 -2.352056 -3.555026
5.184350 -2.288216 -3.562554
4.558737 -1.666493 -2.856846
3.899547 -1.752886 -3.435310
3.886752 -2.432343 -2.741005
3.885630 -1.808309 -2.110413
3.896046 -3.613386 -2.595742
4.542425 -1.782451 -3.800536
4.492478 -0.590009 -3.809532
5.718120 -0.644317 -3.251709
5.738978 -3.199067 -2.666735
4.480831 -3.200559 -2.673032
4.513570 -2.618795 -2.661678
4.512434 -2.684838 -2.742152
5.126422 -2.720178 -2.790814
5.160902 -3.301764 -2.098918
5.203607 -2.583030 -2.060278
4.021633 -0.668669 -3.343355
3.986033 0.605954 -4.030453
3.980610 -0.130265 -5.370944
2.817361 -0.169060 -4.091891
2.184092 0.494855 -3.431172
2.128614 0.547696 -3.420900
2.122986 -0.074550 -4.095934
2.166831 0.511041 -3.496891
2.183667 0.555835 -3.454965
0.809484 0.685434 -3.392348
1.358677 1.452164 -3.385328
1.342909 0.217563 -3.444079
1.381462 0.152863 -3.483380
1.389664 0.126174 -3.459565
1.968406 1.426345 -3.405459
1.894881 0.865260 -2.794548
3.242424 0.838409 -3.403065
3.298311 2.027510 -2.828743
3.394357 2.066385 -2.784334
2.814191 3.336952 -2.733506
2.805749 3.400819 -3.303182
2.803897 2.741085 -3.976447
2.866980 2.655256 -3.991965
2.956290 2.607075 -3.960093
2.385688 1.975485 -3.926946
2.394287 1.953698 -3.935321
2.390676 1.888663 -3.956404
2.385684 1.809497 -3.374783
2.424636 1.782785 -2.094022
2.418522 1.821577 -2.664280
2.374376 1.905257 -2.666347
2.322963 1.967997 -2.683688
2.309134 1.969286 -2.069747
2.314042 1.952701 -1.422909
2.295709 1.932798 -0.825958
2.262096 1.910154 -1.512448
3.465779 1.871774 -0.926986
3.475831 1.831801 -0.947730
3.505339 1.837010 -0.357105
2.193758 1.893298 -0.405440
2.217454 1.965027 -1.696210
2.238819 1.384130 -2.371519
2.222269 1.418570 -2.385843
2.804562 1.455818 -1.752941
2.146910 0.199658 -1.766540
2.148862 -1.070906 -2.415632
2.151192 -1.135097 -1.797454
2.139023 -1.138757 -1.781208
1.512875 -1.059429 -1.134887
1.557910 -0.983652 -1.132195
1.596191 -0.970802 -1.127783
3.361053 -0.976307 -1.731577
3.335688 -0.920811 -2.301973
3.379341 -0.833198 -2.250065
3.424357 -0.838332 -2.211100
2.216081 -0.934883 -2.825424
2.776339 -1.023316 -1.546896
2.699314 -0.352654 -1.512704
2.134080 -0.272122 -1.450441
1.590619 -0.231096 -2.002746
2.245675 0.392641 -1.339487
2.162907 0.372967 -1.327710
2.096440 1.717648 -1.328824
2.146640 1.782680 -1.316953
2.239937 1.072364 -1.311237
2.238796 1.595450 -1.357664
2.127783 2.143366 -1.446851
2.039728 2.828772 -1.506679
1.466512 2.850771 -0.882250
1.531119 2.826308 -0.842311
1.536782 2.108258 -1.466634
1.475042 2.095823 0.359009
1.432062 2.154138 0.303268
1.455551 2.865508 0.282946
1.494330 1.504691 0.882692
1.492864 0.742808 0.826025
1.462041 0.712770 0.772768
1.447701 1.411092 0.764071
1.462425 1.410945 0.223582
1.488006 0.722132 0.876501
1.508325 0.717484 0.929883
1.523622 0.758470 -1.477985
1.517469 0.822061 -1.457685
1.506316 0.242111 -1.444828
1.503958 -1.118987 -0.842100
1.517513 -1.164767 0.490119
1.555599 -0.525934 0.503447
0.969181 -0.527341 0.505606
0.985844 -0.561455 -0.151335
1.609525 -1.262248 -0.122744
1.658784 -0.643422 -0.075204
1.719599 -0.632454 -0.040707
1.737553 -0.628349 1.168841
0.499495 -1.311542 0.536529
0.517809 -0.693394 0.503775
0.566939 -0.037207 0.431815
0.618812 -0.681014 0.350829
0.633226 -1.335511 0.311814
0.005386 -1.331575 0.994956
-0.000522 -1.305978 1.720782
-0.003289 -2.524289 1.112254
-0.020650 -2.500040 1.124353
-0.042557 -2.545368 1.139247
-0.042777 -2.585428 1.164092
-0.039037 -1.923235 -0.082100
-0.043094 -1.861227 -0.167428
-0.054436 -1.850825 -0.249124
-0.066196 -1.220473 -0.959790
-0.056203 -1.195672 -0.982931
-1.359881 -1.137512 -0.992878
-1.400518 -1.092633 -0.956545
-1.438718 -1.084454 -0.900481
-0.790289 -1.720147 -0.828054
-0.787821 -1.709534 -0.844556
-0.796670 -1.708324 -0.238370
-0.790314 -1.718904 -0.291693
-0.753787 -1.711058 0.352763
-1.367826 -1.027445 0.311794
-1.310070 -0.984233 0.277809
-1.287746 -1.623462 1.611673
-1.291596 -1.625603 1.691512
0.533546 -1.607958 1.783293
0.535009 -1.571210 1.211361
0.508741 -1.557819 1.203695
0.481727 -1.580317 1.209586
1.790492 -2.177199 0.569794
1.828057 -1.557317 1.210112
1.838661 -1.556517 1.163438
1.790336 -0.296918 1.795714
3.068564 -0.366378 1.819637
3.080941 -0.401124 1.225588
3.086613 0.256014 1.300893
3.035859 -1.074506 -0.494430
2.961245 -1.109247 -0.508173
2.312762 -1.144006 0.058014
2.365876 -0.490032 0.033911
2.405442 -0.475610 0.039108
2.381696 -0.471778 0.699043
2.337984 -1.091577 1.364791
2.361075 -1.702546 1.369354
2.422512 -1.661820 0.768926
2.436092 -1.629186 0.848677
2.370445 -1.643973 0.928871
2.308128 -1.632158 0.958334
2.322096 -0.981229 0.952694
2.364819 -0.985645 1.554821
2.369823 -0.379334 0.306556
2.329445 -0.388380 0.304899
2.328560 -0.383302 0.284200
2.402809 -0.376045 -0.394084
2.478572 -0.372660 -0.385913
2.477345 -0.370486 -0.982994
2.424644 -0.376928 -2.318383
3.020381 -0.382251 -2.311711
3.068644 -0.383570 -1.694496
3.115550 -0.379429 -3.658130
3.121407 -0.980202 -3.722158
3.098641 -0.955520 -3.183449
3.100326 -0.937971 -3.220182
3.133912 -0.916218 -3.236142
3.143600 -0.874254 -3.234169
3.088307 -0.832690 -3.221996
2.369156 -0.825693 -2.524185
2.346207 -0.838103 -1.291796
2.374674 -0.841088 -1.264237
2.386720 -0.844330 -1.287068
2.413714 -0.864091 -1.329509
1.785265 -2.145751 -2.041996
0.470234 -2.780966 -2.049293
0.520075 -2.781268 -2.037107
1.837847 -3.447425 -2.032203
1.815181 -2.867645 -2.039258
1.811517 -2.259332 -3.240093
1.756106 -2.252038 -2.573013
2.360551 -4.049176 -2.559222
3.044653 -2.168731 -1.989319
2.470516 -1.555686 -2.047254
3.103832 -1.501452 -2.076456
3.079536 -1.396533 -2.073324
3.694791 -1.328560 -2.079132
3.713720 -1.341742 -2.098401
3.698029 -1.387023 -2.114035
4.254419 -1.401760 -2.090611
2.886145 -1.390154 -2.042445
0.953726 -0.784301 -2.009880
1.013093 -0.818977 -1.993839
0.423182 -0.846272 -1.982365
0.428656 -0.838203 -1.960408
-0.169096 -0.821268 -1.932476
-0.087988 -1.460602 -1.305624
-0.043646 -1.526707 -1.293781
-0.093780 -0.994282 -1.301429
-0.185995 -1.033738 -0.706029
-0.896090 -1.065080 -1.335385
-1.493218 -1.081484 -1.326501
-1.436901 -1.100448 -1.323887
-1.422746 -1.122118 -1.339290
-1.420010 -0.461154 -1.359479
-2.035084 -0.423382 -1.382653
-1.370184 -1.014656 -1.411836
-2.725454 -1.006268 -0.810654
-2.175183 -1.049300 -1.471759
-2.254175 -1.087778 -0.209393
-2.244377 -1.715257 0.433558
-1.530617 -1.674067 0.423328
-0.277258 -1.642916 -0.251542
-1.566625 -1.657327 -0.250620
-1.540559 -1.670904 -0.224092
-0.820863 -1.013194 -0.212170
-0.757413 -0.961158 -0.209576
-0.091123 -1.583148 -0.922271
-0.817924 -1.614813 -0.292061
-1.501334 -1.647275 -0.280557
-1.499005 -1.644273 -0.262398
-1.492909 -1.625318 -0.277507
-1.511947 -1.580759 -0.318570
-1.531657 -1.564244 -0.335066
-2.777311 -1.535265 -0.302333
-1.447876 -0.878837 -0.277403
-0.728676 -0.820235 -0.307138
0.509441 -0.783555 -1.030802
0.404628 -0.795750 -1.664026
0.298237 -0.845320 -1.609175
0.248773 -0.882054 -1.539862
0.236117 -0.894167 -1.508673
0.180195 -0.897746 -0.879488
-0.515125 -1.553823 -0.874588
-1.095652 -1.610250 -1.472273
-0.971266 -1.618102 -1.447990
-0.205238 -1.618205 -1.461873
-0.152376 -1.128025 -1.501681
-0.850559 -1.785538 -1.519203
-0.218663 -1.178298 -1.501176
-0.159830 -0.543688 -2.746655
0.596307 -0.525738 -2.090177
-0.716448 -1.801981 -2.100406
-1.358923 -1.801467 -2.100034
-1.993664 -1.187060 -1.477558
-1.900231 -1.189169 -2.080694
-1.130786 -1.177409 -1.499867
-1.768480 -0.552700 -2.176776
-1.849252 -1.189373 -1.582353
-1.283244 -1.189913 -2.233050
-1.330409 -1.200553 -2.219781
-0.669347 -1.235393 -2.836419
-0.678045 -1.260568 -0.370427
-2.006267 -0.605957 -1.575556
-2.654247 -0.579796 -1.516979
-1.954562 -0.563291 -1.448921
-1.256274 -0.552504 -0.761374
-1.902574 -0.528033 -0.714220
-1.956884 -1.132274 0.575379
-2.087582 -1.124796 0.621868
-0.839458 -1.140482 0.014238
-0.853762 -1.166397 0.056248
-0.832097 -1.166296 0.743094
-2.744220 -1.784387 0.725700
-2.042774 -1.764692 0.725833
-1.993520 -1.773676 0.746313
-1.316205 -1.803347 0.753721
-2.610292 -1.811847 0.117212
-3.260782 -1.795517 0.085708
-2.607621 -1.786175 0.076842
-2.621566 -1.817068 -0.521741
-3.287773 -1.207159 -0.541165
-3.277481 -1.246025 -0.592362
-3.927615 -0.634781 -0.049588
-3.278226 -0.653286 -0.074341
-3.280947 -0.686782 -0.069548
-3.915200 -0.722140 -0.075163
-3.230706 -0.744439 -0.117128
-1.940533 -0.747925 -0.163748
-1.996381 -0.743347 -0.159836
-1.391221 -0.744474 -0.118283
-2.066375 -0.744319 0.552124
-2.034700 -0.734059 0.507544
-2.011746 -0.695820 0.437512
-2.037374 -0.645272 0.406200
-1.524705 -0.613182 -0.182892
-0.854232 -0.602332 1.101066
-0.133391 -0.590472 1.721669
-0.740408 -0.563971 1.078359
-0.098211 -0.547322 1.086894
-0.080103 -0.556320 0.456569
-0.027831 -0.582085 1.107410
-0.002225 -0.615852 2.337613
-0.034898 -0.655748 2.298913
-0.082459 -0.713365 2.261577
-0.717306 -0.779847 2.274420
-0.019094 -1.468265 1.161252
0.025502 -1.495892 1.207084
-0.650022 -1.503407 1.204025
-0.708446 -1.501206 1.830702
-0.712648 -1.480648 2.515363
-1.370711 -1.443349 2.583851
-1.383813 -0.757915 2.645244
-1.444947 -0.733936 2.658993
-1.506421 -0.713280 2.006728
-1.514698 -0.675683 1.401127
-1.470057 -0.632469 0.852207
-0.210763 -0.607537 0.245606
0.467678 -0.619403 0.803084
1.143065 -0.638318 0.725557
-0.141153 -0.625575 0.724107
-0.787840 -0.593291 0.162378
-0.802898 -0.585487 0.164252
-0.150430 -0.626313 0.733041
-0.777306 -0.668332 0.689663
-0.733957 -0.673932 1.388843
-0.694222 -0.663444 1.418713
-1.287123 -0.680864 2.024205
-1.240446 -0.728938 1.955321
0.132773 -0.758505 2.548761
0.159501 -0.748380 2.570683
0.146725 -0.720124 1.277364
0.062769 -1.998283 0.597992
0.710925 -2.064522 0.534321
1.316773 -2.109900 0.546428
1.905342 -2.113108 -0.035036
1.230746 -2.081528 -0.020788
1.219022 -2.100634 -0.711981
1.907729 -2.154012 -0.802219
1.981607 -1.513185 -0.801772
1.998526 -1.467638 -0.103769
1.275380 -1.413862 -0.080948
1.187918 -1.419358 -0.123883
1.784699 -1.458770 -0.136654
1.813184 -1.471537 0.546107
1.785076 -1.442594 0.624443
1.733448 -1.417216 1.320970
1.106108 -1.437777 1.288261
1.168402 -1.466997 1.900144
1.835802 -1.455043 1.960083
1.816664 -1.410329 1.451051
1.732460 -1.397052 1.504203
1.670670 -1.438707 1.465676
1.666639 -1.482821 1.431839
1.657057 -1.491967 1.462905
2.251808 -1.487351 0.838877
1.582065 -1.511877 1.471678
2.179879 -1.549544 1.381338
2.282999 -1.543279 0.099587
2.390115 -1.469997 0.119253
3.016248 -1.382815 -0.490675
2.950433 -1.351023 -0.485896
3.670563 -1.365928 -0.524213
4.327223 -1.359003 -0.537056
4.342291 -1.300772 -0.509072
4.278982 -1.247919 -0.494767
2.968062 -0.643365 0.110632
2.976970 -1.278119 0.039441
3.052241 -0.621203 -0.613962
3.101894 -0.538929 -1.838767
1.193431 -1.128769 -1.779505
1.148542 -1.131425 -1.137565
-0.065810 -1.143396 -1.161847
-0.007839 -0.477812 -1.138892
-0.010859 -0.437852 0.178166
-0.095249 -0.427512 1.450600
0.500062 -0.464366 1.996931
1.167396 -1.198628 1.310260
1.225150 -1.195600 1.930860
1.241182 -1.163351 1.254802
1.220895 -0.483351 1.221426
1.227508 -0.518819 1.181291
1.296228 -0.534454 1.242079
1.383465 -0.526320 1.291095
2.066769 -0.533193 1.346834
2.032718 -0.583858 1.340828
0.723496 -0.638737 1.978327
1.406872 -0.653248 0.777904
0.831177 -1.278077 1.416721
2.112300 -1.320863 0.102579
2.093552 -1.385810 0.683280
1.457122 -1.397039 0.674845
0.849725 -1.346233 0.110345
0.897081 -1.302112 0.185615
0.911919 -3.117692 0.188137
0.879250 -3.145292 0.139538
0.836748 -4.436173 0.112013
0.809054 -5.072790 0.803303
1.408621 -3.771272 0.832331
1.377556 -3.811402 0.771957
1.345115 -4.425882 0.656212
0.703821 -5.058061 0.622211
0.695743 -4.382703 -0.462537
0.685746 -4.394781 -2.340284
0.678123 -3.122029 -2.327507
1.296234 -3.147966 -4.264967
1.280392 -3.195789 -4.263205
1.262683 -3.834048 -4.194187
1.236237 -3.223466 -4.141641
1.223846 -3.289546 -4.796888
1.232775 -2.622727 -4.866664
0.012470 -1.303523 -4.930085
-0.583424 -2.574916 -4.909709
-0.537678 -1.922964 -4.170766
-0.499059 -2.002162 -4.165867
-0.504576 -1.347428 -3.672808
-0.530292 -1.936432 -3.121731
-0.547404 -1.915856 -3.089656
-0.549388 -1.959213 -2.376084
0.023021 -2.000082 -1.735832
-0.054356 -1.328331 -3.062008
-0.713829 -1.282170 -3.089524
-0.688700 -1.281243 -1.791756
-0.601438 -1.321957 -1.726425
-0.566032 -1.350708 -1.680077
-0.017553 -1.349380 0.163785
-0.661836 -2.588341 0.805478
-0.619520 -2.612522 1.439911
-0.564390 -2.670087 0.859762
-0.581971 -2.720756 0.210201
-0.670430 -2.733793 0.810118
-0.743148 -3.336717 0.799472
0.594184 -3.333321 1.396002
0.635429 -3.356162 1.455422
0.630285 -2.752785 1.502448
0.572114 -2.768454 0.887147
0.522444 -2.760323 0.912126
0.534696 -2.753034 0.281688
0.568595 -2.774851 0.330580
1.163653 -2.811386 -0.290605
1.121263 -2.815830 -0.315723
1.109590 -2.783089 -0.349743
1.168744 -2.753676 -0.348092
1.253678 -2.130779 -0.313181
1.304484 -1.481092 -0.288517
0.723711 -2.124024 -0.310536
0.744432 -2.062317 -0.328785
0.787140 -2.017554 -0.951459
0.807097 -2.007321 -2.182011
0.797414 -1.996262 -2.221267
0.779074 -1.953108 -3.477049
0.771946 -1.895604 -3.484485
0.797624 -1.858617 -3.438277
0.206575 -1.831489 -2.782101
0.239253 -2.414796 -2.819097
0.243486 -3.014898 -2.863430
0.865667 -1.770481 -2.231024
0.836681 -1.785339 -2.181004
0.820026 -2.422346 -2.190399
0.782270 -3.070610 -2.324591
0.713893 -3.083404 -2.398080
0.661313 -3.733850 -0.504855
0.660895 -3.740666 -0.450615
0.713854 -3.732655 -0.429225
1.417735 -3.741670 -0.456657
0.835071 -3.785822 -0.458095
0.790361 -2.555364 -1.023857
0.811172 -3.198381 -0.269039
0.243721 -2.530962 -0.269125
0.236934 -2.489100 -0.998120
1.935082 -2.481052 -1.043857
2.561938 -1.931797 -1.011865
2.589391 -2.568445 -0.971725
1.962399 -3.120431 -0.989796
1.965342 -3.047260 -1.017571
1.299359 -2.407609 -0.364727
1.898000 -2.453843 0.343064
1.877181 -3.763292 -0.226925
1.838588 -3.718632 -0.299058
1.777377 -3.678694 -0.384659
1.725617 -3.082601 -0.360576
2.352487 -3.730035 -0.301696
1.792905 -3.709595 -0.305126
1.874453 -3.662013 -0.364875
1.957846 -3.027713 -0.362626
2.644220 -3.064264 -0.279583
2.704755 -3.135154 1.102147
2.749975 -3.190234 1.067307
2.165900 -3.195566 0.327069
2.172124 -1.915599 -0.338300
2.152938 -2.578090 -0.319727
2.145728 -3.208405 0.959997
1.518129 -3.199866 0.928147
0.890465 -3.144278 -0.371820
0.902672 -3.094145 -0.289429
2.149056 -2.414996 -0.240111
1.471412 -2.442545 -0.238015
1.471596 -1.793383 -0.277154
1.436268 -1.757938 -0.300615
0.202547 -1.736973 0.321700
-1.084446 -2.400821 0.982682
-1.771237 -2.415574 1.561334
-1.776823 -1.772522 1.518840
-1.747109 -1.768798 1.536725
-1.697380 -3.073119 0.935576
-1.037441 -3.148010 1.594090
-0.370354 -2.573700 1.549513
-0.367237 -1.279435 1.479158
-0.381867 -1.342333 1.449899
-0.401937 -2.067985 1.451844
-0.423594 -2.097053 0.189554
-0.445438 -2.076481 -1.041135
-0.463658 -1.437107 -1.681755
-0.466670 -2.095409 -2.241190
0.206512 -2.765983 -2.200442
0.225246 -2.757141 -0.959093
0.234521 -2.081535 -0.942332
-0.441230 -2.715433 -0.903080
-0.483797 -2.738605 -0.855533
0.093646 -2.751360 -0.846055
0.043381 -2.725119 -1.489665
-0.623054 -2.054506 -1.538036
-0.646211 -2.011616 -1.545458
-1.327473 -1.980265 -1.533805
-0.704428 -1.951404 -1.539487
-0.668313 -1.902599 -1.562702
-1.243436 -1.834132 -1.592712
-1.198962 -1.801868 -1.594025
-1.208655 -1.809226 -1.575379
-1.245516 -1.823962 -1.554598
-0.008523 -1.162160 -2.198572
0.017619 -0.518215 -2.229871
0.056040 -0.523931 -2.233083
0.058572 -0.551039 -0.925597
0.033265 -0.579744 -0.936647
0.035234 -0.573694 0.254879
0.098295 -0.547498 0.268265
0.173346 0.085321 0.306915
0.184176 0.061107 0.329483
-0.505561 0.052686 0.321090
-0.565135 -0.588441 -0.348944
-0.554515 -0.582205 -0.346964
-0.510104 -0.574954 -0.332962
-0.503410 -1.187080 -0.345176
0.091934 -1.800199 -0.386679
0.064746 -1.732872 -0.414587
0.091488 -1.690481 -0.392442
0.126109 -2.343158 -0.362368
0.109430 -1.726272 -0.386347
0.040153 -1.712850 0.180575
0.002926 -1.040306 0.144414
0.023702 -0.346651 0.177525
0.042391 -0.375997 0.233486
-0.615972 0.227373 -1.044036
-0.650154 0.243564 -1.048520
-1.279301 0.300993 -1.035910
-1.220117 1.594991 -0.988307
-1.176595 0.887017 -0.925953
-0.529415 0.841468 -0.221150
-0.580619 1.456876 -0.191251
-0.599243 2.148128 0.461388
-0.590513 1.540878 0.477856
-1.290620 2.107862 0.486033
-1.349570 1.436001 0.481471
-1.384740 0.844214 0.488297
-1.388570 0.271364 -0.127406
-1.388532 0.317203 -0.131536
-1.414764 0.910214 -0.813894
-1.422813 0.882265 -0.866883
