1.630862 0.254067 -0.163406
1.625774 -0.380431 -0.739513
0.286602 0.194075 -0.106258
0.230657 0.160777 -0.067817
0.186221 0.190054 -0.050375
0.159155 0.892139 -0.081338
0.123906 1.605580 -1.310783
0.082442 1.656683 -0.680388
0.057004 0.495089 -0.658742
0.077317 0.560655 -0.645599
-0.493174 0.613016 -0.033576
0.127889 0.639416 -0.040106
0.128843 -0.011461 -0.005767
-0.482603 -0.036888 0.070528
-0.479481 -0.061742 0.130173
-0.447531 0.533319 -1.084686
0.201150 -2.021337 -0.500385
0.213058 -1.410635 -0.515555
0.201720 -1.412340 0.086935
0.198926 -2.035767 0.048639
0.205692 -3.239949 -0.014564
0.217979 -2.621524 -0.044573
1.539327 -2.030256 -0.004651
1.504359 -3.291470 0.054863
1.464090 -4.438022 0.713599
1.436550 -4.423966 0.712814
0.811109 -4.401272 0.094486
0.769706 -4.352909 0.136426
0.085933 -4.284582 -0.476754
0.692480 -4.856561 -0.486978
0.108935 -4.853132 -1.143503
-1.790613 -4.829425 -1.765830
-1.773612 -4.827977 -0.523564
-1.749092 -4.812774 -0.478122
0.148039 -4.819347 -0.458260
0.845835 -4.227265 0.140881
0.861273 -3.670255 -0.543724
0.189140 -4.293767 -0.574490
0.194080 -3.607824 0.038050
1.475709 -3.595730 -0.008580
0.813317 -3.636350 0.555870
0.131447 -3.663210 1.106992
0.086463 -2.996158 1.108202
0.097480 -2.948580 1.152401
0.151653 -2.996568 1.823329
0.111751 -3.684911 1.777658
0.015838 -4.371653 1.742544
-0.697966 -4.296656 1.768831
-0.716113 -3.589708 2.447993
-1.269400 -2.968213 2.468980
-1.277159 -3.069346 1.187198
-0.567763 -2.510014 1.136461
0.027587 -1.822106 1.157047
0.087151 -1.780634 1.222348
0.185327 -2.474521 1.889125
0.855195 -2.604961 1.884118
0.796937 -2.639211 1.878672
0.744915 -2.605301 1.915011
0.121820 -2.593106 1.981418
0.833589 -2.641336 2.017579
0.807064 -2.682937 1.385394
0.741533 -2.647444 1.368910
-0.566274 -1.274795 1.382273
-0.503944 -1.862284 1.407430
-1.064354 -1.899622 0.093662
-1.057291 -1.927053 0.122161
-1.129187 -2.528678 0.738887
-0.541097 -2.486245 0.739724
-0.498723 -2.464218 0.736636
0.169170 -1.804142 0.600101
0.127535 -1.771848 0.523286
0.042889 -1.707844 0.487341
-0.002844 -1.655817 1.130614
0.038026 -1.029877 0.475883
-0.483306 -1.046283 0.425560
0.182655 -1.043141 0.348204
0.149952 -1.027454 0.321223
0.132763 -1.659372 0.344973
0.161027 -1.738479 0.344749
0.157533 -2.430459 0.274242
1.376830 -2.437139 0.206576
1.332240 -2.424410 0.224917
1.320311 -1.796539 0.928741
1.323270 -1.828605 0.965830
0.697103 -1.833482 0.927015
0.025994 -0.560254 2.077790
-0.637822 -0.555056 2.086752
-0.604783 -0.567453 2.783558
0.080280 -1.156290 2.820455
-0.570364 -1.120950 2.826044
0.065696 -1.078595 2.216533
-1.223468 -1.042565 2.290519
-1.201405 -1.019987 2.349673
-0.574012 -1.664949 2.979584
0.722137 -2.286863 2.310153
1.314831 -2.294733 2.318659
0.646767 -2.297424 2.356463
0.681232 -2.294948 2.989980
1.993321 -2.296579 2.942682
2.639467 -2.948489 2.287531
2.593300 -2.954550 2.325996
3.179897 -2.921379 1.732342
3.235264 -2.883591 1.716752
3.300049 -2.272334 1.668779
2.717594 -2.334807 1.657579
2.729229 -2.356524 2.324347
2.760077 -1.689903 2.293636
2.816261 -1.065946 2.212123
2.847937 -1.110585 2.155262
2.812430 -1.143663 2.798712
2.114986 0.830134 2.213267
2.121060 0.904065 2.200059
-0.365786 0.960844 2.166729
0.288597 0.948952 1.539033
0.846748 1.538939 1.584007
0.804010 1.532439 1.601247
1.461092 1.548836 1.548842
1.457996 1.526914 1.490568
1.426555 1.459466 1.499776
1.367918 1.410437 1.556121
1.317932 1.417567 2.164986
0.637335 1.441078 2.129099
-0.009487 1.427825 2.770837
-0.005170 1.385454 2.128498
0.013180 1.362199 2.161973
0.028581 1.987696 2.153261
0.040285 0.740151 2.720929
0.077187 0.701380 2.682294
-1.168191 0.671202 2.687253
-1.802840 0.685812 2.720546
-2.389514 0.726842 2.104451
-2.435183 0.754775 2.120754
-3.050092 0.776579 2.146560
-2.998904 0.819044 2.177025
-2.983516 0.883304 2.205324
-3.009230 0.925331 2.794013
-3.678653 1.561559 2.763662
-3.668258 2.165818 2.723899
-3.627527 2.161477 2.717342
-3.636447 2.180803 2.756993
-3.710641 2.183649 2.815520
-3.759379 2.153815 1.008973
-3.720609 2.753364 0.980877
-1.752640 2.145706 0.944483
-1.746263 2.187173 0.943517
-1.793707 2.214200 1.565782
-1.830724 2.210742 1.532644
-1.828583 2.214307 0.837048
-1.215354 2.256900 0.781970
-1.248131 2.320706 0.779188
-1.288245 1.693523 0.821264
-1.898268 1.655109 0.844631
-1.854858 1.636156 0.837017
-1.819617 1.660995 0.839769
-1.176197 1.691549 1.507967
-1.837191 1.690118 1.580313
-0.600416 1.671459 1.618048
-0.589845 2.244979 2.226286
0.634557 2.285544 2.835329
-0.032768 2.960889 2.833710
-0.037091 3.543243 2.948205
-0.615792 3.493930 2.337990
-1.156145 3.466699 2.348811
-1.125373 3.487603 3.613078
-1.128062 3.522688 3.609893
-0.409965 2.283269 2.972676
-0.351728 2.260738 2.968394
-1.657253 2.870331 2.946184
-1.665570 2.908196 2.339933
-1.683318 2.948254 2.366337
-0.972662 1.603737 0.523852
-0.911671 2.202415 0.556660
-1.530304 1.552157 1.780624
-1.500783 1.560153 1.792509
-1.471297 1.587679 1.192534
-1.368026 0.970449 1.191492
-1.959649 0.955764 1.183677
-3.223087 0.937223 1.165126
-3.230235 0.937737 1.770559
-3.208206 0.314585 1.094482
-3.171185 0.323305 1.080774
-3.145917 0.285009 1.060097
-3.147181 0.239382 1.000532
-3.156921 0.234834 1.548373
-3.154401 0.269749 0.804948
-3.744335 0.288465 1.992423
-3.078082 0.268420 1.952352
-2.480651 0.892277 2.007422
-3.160308 0.247163 1.991494
-3.231729 0.268160 1.985200
-2.614695 0.256881 1.968616
-3.953256 0.193695 1.966295
-3.984105 1.297891 2.657434
-4.028378 1.275936 2.018514
-4.156545 1.296362 2.656199
-4.172558 1.311480 1.350475
-4.171679 1.278473 1.397218
-4.789254 0.550669 1.397966
-4.843399 0.513344 0.745037
-4.897263 0.524081 0.043818
-3.617484 0.545876 -0.609675
-3.614796 1.784020 0.020731
-3.593878 1.810476 0.042981
-2.924679 3.000938 -0.540632
-2.915186 3.017459 -1.229889
-2.220235 2.418035 -1.239316
-2.144478 2.476084 0.092668
-2.083915 3.167475 0.110745
-2.732861 2.534210 0.082492
-2.766844 3.192830 0.604157
-2.118585 3.794199 0.562809
-2.083868 3.791682 1.870940
-2.686810 3.768526 1.915311
-2.666579 3.111767 1.916465
-2.660817 2.428073 2.452558
-1.972509 2.445041 2.432535
-1.928933 3.104640 2.448998
-1.926288 3.089902 1.838590
-2.619650 3.090870 2.434710
-2.697842 3.120534 2.406200
-2.145086 2.485720 2.423556
-2.142020 1.233369 2.469114
-2.083417 1.207107 2.499649
-2.144792 1.185759 2.501809
-1.557533 1.803741 3.121520
-1.478989 1.822643 2.483641
-1.399357 1.167112 2.480939
-1.388179 1.098977 3.757484
-1.419420 1.047898 3.717597
-1.430960 1.043154 3.716250
-1.415518 1.032184 3.730783
-1.415199 0.986763 3.743420
-1.476165 2.816770 3.752560
-1.527522 2.203156 3.821807
-0.844565 1.589213 3.191752
-0.779624 1.627629 2.536346
-0.747481 1.011708 3.092141
-0.172519 1.686559 2.440013
-0.226257 1.717240 2.440631
-0.240998 1.105527 1.823619
-0.813103 1.110317 1.844409
-0.837364 1.127935 1.846509
-0.899183 1.136834 1.861048
-0.924118 1.175268 1.917672
-0.847859 1.245325 1.948148
-1.416999 1.305547 3.264623
-2.649295 1.313149 3.258609
-2.653229 1.285088 3.250793
-2.654539 2.529715 3.231471
-3.233378 1.279676 3.222556
-3.860301 1.274629 4.480806
-3.866967 1.262856 4.497453
-3.886567 1.261745 4.510787
-3.906282 0.629920 4.513842
-3.922681 -0.574368 4.520799
-3.934523 -0.624648 3.884414
-3.289670 -1.267318 3.888519
-3.278857 -1.283063 3.905055
-3.274755 -1.290550 4.512838
-3.288473 -0.024844 4.489271
-3.913416 -0.036927 4.492355
-3.922093 -0.628015 3.868230
-3.896667 -0.585450 3.840862
-3.878559 -0.566486 3.791366
-3.252992 -0.592373 3.743403
-3.882447 -0.658403 3.075401
-3.873741 -0.707227 3.051182
-4.449926 -1.357504 3.030988
-2.641852 -0.704972 3.024420
-2.691169 -0.734719 3.027938
-2.728354 -0.793600 3.025904
-2.098681 -0.804584 1.870092
-2.050579 -0.750719 1.901523
-2.042929 -0.067465 1.959252
-2.078490 -0.729892 2.014402
-2.710510 -0.798918 2.045145
-2.696526 -0.174017 1.425046
-2.101873 -0.156309 0.207477
-2.152465 -0.716941 0.305836
-2.250780 -0.749479 0.347899
-2.311708 -0.812334 0.359265
-2.313448 -0.232076 0.359202
-2.312315 -0.169031 1.600369
-2.970317 -0.120672 1.614479
-2.992315 -0.136001 1.560231
-2.949946 -0.173472 1.473892
-2.873429 -0.174048 1.430542
-3.443341 -0.140041 2.092826
-3.469338 -0.715321 2.087518
-3.496092 -0.717971 2.024032
-2.856021 -0.708993 1.339815
-2.829316 -0.672037 1.413796
-2.843590 -1.248926 1.476000
-2.872625 -0.596278 1.478221
-2.841227 -1.226689 1.399872
-2.132375 -1.224651 1.339457
-0.799347 -1.209407 1.380046
-0.824391 -1.201550 1.450187
-0.277539 0.045327 1.449929
-0.271990 0.044193 1.383573
-0.252857 -0.583784 1.325354
-0.875345 0.085769 0.744358
-0.951564 -0.556931 1.410030
-1.003028 -0.560452 1.374695
-0.998475 -0.543702 1.275019
-0.973867 -0.514434 1.851634
-0.948191 -1.722030 1.870631
-1.568654 -1.090381 0.613670
-2.212957 -0.462819 0.574557
-2.265459 -0.471853 0.529839
-2.310275 -0.494647 0.551874
-2.338152 -1.156774 -0.659026
-2.352881 -1.188055 0.023822
-2.372068 -1.203505 -0.003156
-2.370111 -1.198515 -0.054705
-2.342225 -1.220070 -0.064365
-2.897145 -1.267140 -0.052955
-2.795330 -1.303588 0.607491
-2.074675 -1.302331 0.601201
-2.013521 -2.546305 -0.035084
-1.988525 -2.571016 0.037189
-2.642478 -3.212717 0.113597
-2.643448 -2.583876 0.144921
-2.641957 -3.163483 0.116333
-2.654794 -3.117657 0.072660
-2.688676 -2.485220 0.047323
-2.715675 -2.492048 0.033449
-2.707472 -2.473174 0.018978
-2.679622 -3.093632 0.605623
-2.019258 -3.110910 0.606835
-2.704249 -1.893867 0.641912
-3.388436 -1.914213 0.681740
-3.417820 -1.899895 0.688919
-2.182649 -1.898145 1.340847
-2.183012 -0.675611 0.724435
-2.220142 -0.740362 0.714068
-2.237187 -0.116696 0.697295
-2.808050 0.569206 0.673681
-2.728528 0.555863 -0.026641
-3.314555 0.512385 -0.012207
-2.733636 0.452832 0.042810
-3.432516 0.429458 0.098060
-2.832259 -0.179230 0.759323
-2.821574 -0.137689 1.366835
-3.495365 1.103019 0.760152
-2.295391 1.063447 0.132476
-2.327427 1.046226 -0.487915
-2.317964 1.076381 0.083986
-1.712922 0.472884 -0.588256
-1.107414 1.113870 -0.575805
-1.164838 0.463339 -1.216177
-0.605923 -0.210994 0.002732
-0.641548 -0.230348 -0.034869
-0.656407 -0.221459 -0.037506
-1.296733 -0.233443 -0.660509
-1.331673 -0.268221 -0.725198
-1.356352 0.378818 -0.812584
-1.357320 0.404292 -3.401420
-1.337130 0.432697 -2.728302
-1.315515 0.419596 -2.090709
-1.315515 0.385296 -2.095228
-1.337556 0.369952 -2.125594
-1.353664 0.347804 -1.508139
-1.321935 0.317323 -1.483020
-1.258824 0.289315 -1.455540
0.125562 0.941695 -0.716473
0.140021 0.985825 -0.735851
0.121140 1.004296 -0.141934
-0.505129 1.005324 1.056151
-0.490604 1.028470 1.072405
-1.701157 1.704948 1.109377
-1.743201 1.777308 1.136442
-1.798454 1.780432 1.139517
-0.597900 1.750244 1.169812
-1.835009 1.759001 1.239535
-1.835243 1.822351 1.300442
-1.848423 0.657462 1.308822
-1.868032 0.658873 0.688992
-2.490530 0.624785 0.702431
-2.497600 -1.280326 0.739744
-1.881563 -1.837260 0.773999
-1.882467 -1.775707 1.393601
-1.886439 -1.820595 0.778497
-2.486837 -1.910736 0.806175
-1.856190 -1.952794 0.839766
-1.792071 -1.942851 0.225702
-1.751434 -0.065880 0.149856
-1.139402 -0.084818 -0.528015
-1.161560 -0.139831 -1.186151
-1.144116 -0.173246 -0.611343
-1.082425 -0.172583 -1.225506
-1.689033 -0.855880 -1.804420
-1.677689 -0.882108 -1.160573
-1.650007 -0.901485 -1.786954
-0.954826 -0.867773 -1.762859
-0.245328 -0.788126 -1.759360
-0.192238 -1.339656 -1.087521
-0.199201 -1.274487 -1.091128
-0.844834 -1.864626 -1.724185
-1.434431 -1.850030 -1.743198
-0.733783 -1.840339 -1.736844
-0.723639 -2.443802 -1.098802
-0.205173 -2.444249 -1.068254
-0.217231 -2.458024 -1.080373
-1.406765 -1.824088 -1.083651
-0.773573 -1.810889 -2.336947
-0.817950 -1.158344 -2.252938
-1.526390 -1.754130 -2.264635
-1.570801 -1.753519 -0.504580
-1.576688 -1.169885 -0.550489
-0.325918 -0.575735 -1.197323
-0.345651 -0.596902 -1.168441
-0.342115 -0.612377 -1.139072
-0.288646 -1.300298 -1.119477
1.612865 -1.307771 -1.095009
1.610139 -1.313863 -1.073219
2.819813 -1.299219 -1.701869
1.698447 -1.258116 -1.686434
1.725499 -1.217807 -1.023406
1.086506 -0.608888 -1.001047
1.741989 -0.680601 -0.314730
1.136070 -0.791643 -0.276378
1.132859 -0.856695 -0.240053
0.503678 -0.849085 -0.224042
0.429807 -1.506128 -0.227362
0.428184 -1.567981 -0.255892
-0.148628 -1.630185 -0.285814
-0.126273 -1.630669 -0.953008
-0.135335 -1.592164 -1.004843
-0.797370 -0.898424 -1.675477
-0.841517 -0.953155 -1.044349
-0.847655 -0.995577 -1.066986
-0.818013 -1.613489 -1.115936
-0.780698 -1.566427 -1.868004
-0.128845 -1.556450 -1.934043
-0.144324 -0.889252 -1.963311
-0.171349 -0.819352 -1.907335
-0.815561 -0.070053 -1.967365
-0.210928 0.006105 -1.434568
-0.773236 0.009740 -2.757929
-0.119690 -0.004989 -2.072347
-0.131322 -0.602043 -2.058426
-0.801682 0.038305 -1.438107
-0.866755 0.037373 -1.444393
-0.177202 0.017141 -0.155597
-0.156992 0.002060 -0.812540
-0.825710 0.013917 -0.806357
-0.915282 0.039554 -0.813603
-0.991820 0.665681 -0.822227
-1.003575 0.646877 -0.824861
0.219668 0.587888 -0.824237
1.512213 0.521824 -1.447330
1.489589 -0.158474 -1.402927
1.532793 -0.152229 -0.711115
-0.332566 -0.149485 -0.030226
-0.274605 -0.170234 -0.050843
-0.271438 0.444683 -0.062042
-0.281143 0.464055 -0.668778
-0.256050 -0.103850 -0.598154
-0.208216 -0.071999 -0.566267
-0.194728 -0.075349 -0.584602
-0.231901 -0.092464 -0.577420
-0.269200 -0.083424 -0.501165
-0.258258 -0.132574 0.234000
1.737845 -0.759048 0.239387
2.349812 -0.096156 0.165000
1.616039 -0.057167 0.131330
1.601701 0.607833 0.192235
2.903094 0.636950 0.269253
2.898022 0.661555 0.240349
2.832720 0.637375 1.441301
4.097427 -0.039179 1.473945
4.132725 -0.693648 1.569868
4.218646 -0.709522 1.631758
4.262476 -0.712268 1.597664
4.220237 -0.120512 1.523182
4.160050 -0.153566 1.487700
2.197420 -0.131224 1.499963
2.264919 -0.076885 1.501956
2.322606 -0.073328 2.084671
1.111441 -1.380457 2.073930
-0.270649 -1.420996 1.458292
-0.883921 1.185980 2.130650
-0.788525 1.202722 2.143299
-0.129922 1.816283 2.130390
-0.222097 0.541352 2.115771
0.292457 0.559568 2.108819
0.881073 -0.099981 2.113371
0.869857 -0.111577 2.118327
0.840104 -0.179728 1.487457
0.773305 -0.231096 1.516978
0.745210 0.408175 0.923878
0.805924 0.423916 1.585151
0.893535 -0.240651 1.592045
0.913838 -0.235120 1.575699
0.849180 -0.180669 1.541258
0.783058 -0.128609 1.500851
0.775078 1.129785 1.455983
0.787584 1.732486 1.402215
0.768608 2.491132 1.353561
0.083509 2.488239 1.315543
0.095328 2.483252 0.724084
0.172633 2.494511 0.732465
0.244879 1.913285 0.156414
0.923759 1.949718 -0.485009
0.896893 1.965330 -0.504896
0.928809 1.331763 -0.492431
0.364900 0.708407 -0.456905
1.037579 0.712406 -0.430735
1.633327 0.731028 0.223011
2.823458 0.728998 0.218471
2.850561 0.699677 0.235950
2.237665 0.641760 0.268810
2.237203 0.605954 0.297440
2.204409 0.630006 0.314458
2.205762 1.296194 0.978156
2.242204 -0.103058 1.013449
2.250125 -0.109410 1.020013
2.207708 -0.086654 0.993521
2.164038 -0.032397 0.978088
2.814089 0.000978 0.997188
2.814814 0.613290 -0.251385
1.523090 0.527722 -0.275991
0.833277 1.093741 -0.326121
1.450483 1.047656 -0.987098
1.334952 1.060571 -0.960823
0.754043 1.115590 -0.338561
0.129480 1.147499 -0.379344
0.130223 1.148616 -0.440825
0.798634 0.460794 -0.447238
0.877443 -0.260127 -0.392423
0.928590 0.441321 0.295519
0.926555 0.445116 0.306885
0.914094 1.118581 0.302735
0.359168 1.709948 0.325686
0.453845 -0.254196 0.379928
0.521049 -0.183259 0.407217
0.509221 0.646044 0.370918
-0.122311 0.054557 0.318078
-0.143363 0.144949 0.318962
0.467423 -1.098225 0.368052
1.046699 -1.856708 0.396346
1.646921 -1.208969 0.365990
0.948764 -0.508396 0.329683
0.310950 -0.499816 0.363323
0.327529 -0.553813 0.444536
1.623792 -1.283220 0.480684
1.633494 -1.268182 -0.163929
1.623071 -0.537316 -0.873601
1.601084 -0.491998 -0.891443
2.250407 -0.563484 -0.880531
2.224122 -0.664027 -0.872635
2.206491 -0.694503 -0.894769
2.197708 -0.663097 -0.910331
2.205188 -0.665564 -0.890536
2.220255 -0.715417 -0.840564
2.247268 -1.374153 -0.184931
1.610171 -1.336525 0.464994
1.603648 -1.250418 0.452777
0.287426 -1.219124 -0.202102
0.250685 -1.254742 -0.172172
0.237916 -0.653808 0.497477
0.866513 -0.656852 0.470615
-0.366525 -1.948110 0.455621
-0.370288 -1.985481 -0.174100
-0.376454 -0.737704 -0.124762
-0.998047 -0.111953 -0.116328
-0.972644 -0.095483 -0.151476
0.310046 -0.712298 -0.178917
0.271851 0.534655 -0.169909
0.259292 1.207868 -0.157673
0.908659 1.182684 -0.199704
0.320119 1.134604 -0.275570
-0.912863 1.116568 -0.306537
0.947460 2.425009 -0.271885
0.311910 2.459191 0.398139
0.375833 2.446664 0.394877
1.016702 1.773879 0.371887
0.997990 1.133080 0.372929
0.945366 1.195104 0.394731
2.155907 1.227007 0.393893
2.208823 1.181736 0.331858
2.252528 1.098824 0.257421
2.239068 1.063815 0.233817
2.214118 -0.788731 1.511761
2.205109 -0.800789 1.539226
1.593313 -0.174822 1.556068
0.975648 -0.213282 1.570198
0.310629 -0.221518 -0.273261
1.552364 -0.169804 -0.236098
2.186673 -0.118814 -0.820202
2.233937 -0.126603 -0.838244
2.281111 0.441389 -0.258616
2.259993 0.400492 -0.285783
2.190084 0.428618 -0.282496
2.139890 0.497542 -0.265651
2.139428 1.197217 -0.241853
2.144118 1.221414 -0.212082
2.092996 1.247483 -1.999673
2.015943 1.299626 -1.954718
1.388482 1.343483 -1.930432
1.416392 0.690734 -1.331414
1.435675 0.615989 -1.351113
1.370924 0.515782 -1.350287
1.923763 0.468633 -1.331560
1.239580 1.168426 -1.311803
1.906374 1.195309 -1.297692
1.910206 1.181780 -1.881491
1.849126 1.784229 -1.842409
1.793227 1.783156 -1.816960
1.838166 1.799522 -1.837772
2.582361 1.815599 -1.916286
1.435800 1.803816 -2.000736
0.787216 1.766226 -2.026172
1.341074 1.741309 -2.011389
1.392050 2.380052 -2.011410
1.509600 2.415966 -1.398259
1.580728 2.446198 -1.425836
1.560202 1.245554 -2.055545
0.906974 0.650367 -1.371713
0.968293 0.106179 -1.390053
1.060806 0.141840 -1.482516
1.727706 -0.551616 -0.293060
1.671772 -1.265247 -0.337371
2.257836 -1.308490 -0.337261
2.270433 -1.287111 -0.335909
2.302442 -0.639895 -0.353261
2.956583 -1.243289 -0.370840
2.295240 -1.235006 -0.350981
2.913898 -1.209152 -0.298324
2.877190 -1.182986 -0.270974
2.295696 -1.193971 -0.308281
2.383519 -0.605835 -0.378906
2.379924 -0.668293 -0.407180
1.758312 -0.708454 -0.986231
1.759504 -0.123908 -0.930677
1.775136 -0.098650 -0.899493
1.779793 -0.668862 -0.880626
1.766955 -0.603765 -0.843576
1.753318 0.660339 -0.172705
1.759402 1.295089 -0.149092
1.775403 0.099474 -0.184403
1.787353 -0.475108 -0.247555
2.381335 0.124375 -0.276246
2.397310 0.099426 -0.252465
1.810304 0.692077 -0.220224
1.797152 -1.911688 -0.861294
1.765852 -1.884203 -2.114542
1.747326 -1.811311 -2.131543
1.757589 -1.770294 -0.904194
1.769435 -2.395344 -2.201286
2.372267 -1.862556 -2.251659
2.354334 -2.476498 -2.322412
3.017203 -1.887615 -2.368511
3.027233 -1.957746 -2.365122
2.434794 -2.035346 -2.902962
1.789364 -2.099171 -2.889870
-0.734670 -2.030098 -2.909987
-0.746759 -1.420518 -2.940077
-0.079744 -1.405360 -2.937850
-0.075315 -1.411305 -2.903983
-0.072991 -2.069908 -2.878856
-0.785388 -1.451337 -2.885373
-0.805007 -1.476820 -2.898586
-0.113183 -0.851476 -2.877486
-0.075216 -0.857099 -2.821696
-0.747626 -0.849590 -2.771311
-0.748224 -0.827307 -3.420097
-1.411298 -0.787144 -2.825917
-1.416597 -0.716412 -2.801076
-1.416663 -0.644381 -1.434405
-1.440153 -0.605765 -1.459504
-1.488607 -0.683681 -1.544532
-1.509822 -1.329040 -1.603350
-0.880535 -1.351932 -1.597645
-0.171342 -1.977843 -1.586991
-0.181634 -1.293040 -1.620223
-0.828715 -1.251128 -1.668764
-0.857613 -1.922686 -1.655958
0.385213 -1.960961 -1.600980
0.346839 -1.284056 -1.587226
-1.026694 -0.612854 -1.654376
0.126030 -1.315624 -2.368074
0.087013 -1.438494 -2.341941
0.134528 -1.564913 -1.626124
-1.071188 -1.599496 -2.236924
-0.442909 -0.399381 -2.241713
-0.469983 0.279371 -2.232723
-1.071934 -0.378976 -2.175018
-1.009180 -0.416448 -2.737278
-0.975099 -0.408698 -3.371445
-0.910016 0.245466 -3.383613
-0.926696 0.242278 -2.119035
-0.890532 -0.456012 -2.075394
-0.811900 -0.539825 -2.051591
-1.403727 0.073488 -2.677408
-1.402770 -0.503524 -2.675712
-1.403687 -0.425145 -2.639856
-1.384564 -0.953557 -2.580582
-1.374350 -1.539915 -2.561747
-1.400840 -1.521957 -1.972608
-1.429525 -1.510405 0.477308
-1.440892 -1.494770 -0.728905
-0.826134 0.445218 -0.687453
-1.521846 0.491503 -0.732825
-2.152973 1.148534 -0.809296
-1.492115 0.522331 -0.826655
-0.792471 0.519157 -0.786421
-0.766943 1.157007 -0.782364
-0.790386 1.165162 -0.853214
-1.417741 1.110083 -1.440797
-0.042574 1.636988 -0.828016
-0.015332 1.580069 -0.812442
-0.699780 1.598245 -0.857798
-0.139198 1.643977 -2.188412
-0.157132 1.642881 -2.209729
-0.068787 0.967044 -1.571493
0.040621 0.973107 -1.560295
0.711335 1.064102 -2.213975
0.646655 1.160364 -2.255381
0.560880 1.177375 -2.257651
1.766341 1.135382 -2.215382
1.787114 1.117433 -2.177690
1.122024 1.166965 -1.555335
1.039458 1.226936 -1.540196
1.651076 1.250058 -1.513737
1.691598 1.235958 -0.870397
2.416838 1.248154 -1.469444
1.118020 1.325620 -0.849038
0.430229 0.092197 -0.849510
0.438229 0.105897 -0.841423
0.455658 0.058946 -0.149610
0.469039 0.000402 -1.393374
0.460284 -0.014680 -1.368820
0.454422 0.007653 -1.432544
-0.154657 0.656406 -1.435729
-0.120461 0.630997 -2.040955
-0.113171 0.596424 -2.021929
-0.764269 0.596220 -2.004025
0.431783 0.627542 -2.019964
0.446702 0.639901 -2.067269
-0.189212 0.619057 -1.506397
-0.248773 1.151856 -1.495690
0.271394 1.154577 -1.473293
0.233869 1.214639 -0.828262
-0.389148 1.289561 -0.230752
-1.008313 1.305133 -0.864050
-1.022103 1.321180 -0.843371
-1.046932 2.008144 -1.455385
-1.036981 2.625220 -1.466282
-0.999371 2.617392 -1.490184
-0.986808 2.602940 -0.261880
-1.030985 2.620976 0.433362
-1.097122 2.000404 1.090215
0.123259 2.016614 1.115106
0.155727 3.235718 1.131332
0.184711 2.641652 1.769339
0.176411 2.641024 1.790253
0.163737 0.789466 1.790612
0.192931 0.729358 1.780328
0.233338 0.641829 1.199574
0.823000 0.532315 1.212280
0.792493 1.631252 1.221650
0.762013 1.568069 1.218065
2.103557 1.558164 1.212130
2.096724 0.412127 1.218997
2.056918 0.400312 1.242769
2.015705 0.403352 1.259834
2.007198 0.421762 1.253280
2.025285 0.423850 1.247586
2.014861 0.385284 1.264873
1.977490 0.340258 1.289311
1.946616 0.341062 1.914450
1.953096 0.388538 1.885512
1.997270 1.069171 1.864994
2.028738 1.105961 1.874325
2.034578 -0.064422 1.903514
2.054406 0.000273 0.656992
1.461289 0.048208 0.623107
1.522348 0.079574 -0.010244
2.191929 0.624130 -0.004961
2.243384 0.597085 -0.629359
2.266236 0.619149 -0.645237
1.678914 0.654026 1.178234
1.700630 0.096095 -0.052042
1.717176 0.105984 -0.024775
1.700400 0.727091 -0.011811
1.633349 0.147334 -0.007239
1.575427 0.220360 -0.007824
1.567211 0.242774 -0.002283
1.587476 0.230369 0.644007
1.592656 0.253613 0.028180
1.557736 0.312753 -0.014881
0.255296 -0.288920 -0.043751
0.262247 0.294144 0.594704
1.511848 0.959882 0.604969
1.487092 1.047008 0.606294
1.422760 -0.142977 0.609947
2.064527 -0.131312 -0.009703
2.066959 -0.154754 0.022167
2.084481 0.468050 0.020100
2.084385 1.775229 -0.005934
1.416238 1.757744 -0.676308
2.072830 1.688187 -0.673852
2.099133 1.622255 -0.679920
2.112435 1.633149 -0.701099
2.097605 1.679934 -0.709539
2.707970 1.671748 -0.677601
2.719822 1.593841 -0.632727
2.715047 2.164260 -0.624772
2.686598 1.602525 -0.033691
2.657642 0.979745 -0.066795
2.045041 0.928077 -1.931571
2.707122 0.852498 -1.957421
2.736480 0.848504 -0.782634
2.739939 0.901918 -0.189277
1.420861 0.922209 -0.750462
1.416231 -0.333035 -0.686399
2.057478 0.244538 -0.661920
2.111297 -0.962401 -0.705839
2.102315 -0.929799 -0.758998
2.105700 -0.959234 -0.778466
1.448783 -1.028738 -0.768128
2.090302 -1.081402 -0.764752
2.126682 -1.124979 -0.770537
2.163278 -0.476905 -0.736465
2.198392 -0.492161 -0.654590
2.176464 -0.493782 -0.565915
2.169287 -0.515801 -0.540198
2.188393 1.281782 -1.842411
1.572269 1.265335 -1.893566
0.944075 1.934015 -1.922370
0.884919 1.295170 -0.658528
0.861704 1.294202 -0.686106
0.881137 0.621248 -1.959571
0.882280 0.615243 -3.285705
0.840651 0.638853 -3.250510
0.785010 1.964261 -3.206035
1.415434 1.988698 -3.208298
1.434298 1.941988 -2.641923
1.444186 1.886918 -2.715118
1.430888 1.904065 -2.771355
2.043447 1.977476 -0.909417
2.037637 2.010720 -0.943474
1.999090 1.965496 -0.976475
2.016580 1.919150 -0.974959
2.628420 1.950577 -0.930445
1.952882 2.014939 -0.872458
1.932143 2.022102 -0.200191
1.937662 1.953001 -0.830202
3.203647 1.896154 -0.164006
2.589175 1.913925 0.457727
2.548328 2.560957 0.476987
2.515842 1.869310 0.497629
2.498775 1.769030 0.491680
3.757698 1.706906 -0.675360
3.743451 1.714451 -0.661841
3.083416 1.747642 -1.283323
3.646251 1.751212 -0.639365
3.605392 1.716238 -1.937379
3.589414 2.341403 -1.344198
4.794624 1.733556 -1.355239
4.756240 1.783054 -1.948169
4.745441 1.800380 -1.927819
4.709536 2.435569 -1.954481
4.714226 2.999603 -1.989011
4.701599 3.630179 -2.630450
4.655284 3.666260 -1.972097
6.416795 3.676468 -1.978206
6.417584 3.080557 -1.415107
6.465548 3.068317 -1.472752
6.536293 3.100756 -0.824616
7.193376 2.515246 -0.788661
6.594927 2.551153 0.412535
7.225365 2.555211 0.371618
7.232890 2.554242 0.366345
7.862965 1.958408 -0.233625
7.229927 2.043229 -0.166253
6.605370 0.890024 -0.155281
6.586773 2.182551 -0.203425
6.580158 2.171630 -0.232554
5.945838 2.165930 0.411252
4.736909 2.162071 0.434447
4.754527 2.138745 1.717360
4.776805 2.726896 1.677461
4.798792 2.705950 1.673121
5.416449 2.703091 1.707939
4.179373 2.691834 1.728728
3.578490 2.663593 1.688237
1.673252 2.626948 1.613240
1.679161 2.582552 1.578734
-0.834386 1.895924 1.596204
-0.843858 1.861615 1.618663
-0.156317 1.854341 2.274258
-0.156320 2.490414 2.257530
-0.188704 2.530617 2.269337
-0.209609 2.571944 1.008890
-0.221027 2.622602 1.082179
0.430565 2.684641 1.154673
-1.569739 2.729778 1.190174
-1.578903 2.734110 0.565067
-1.557659 3.350008 0.554570
-1.525107 3.350565 1.246698
-1.498751 2.747804 1.284633
-1.488962 2.788223 1.289398
-1.496683 2.840639 1.249033
-1.505029 2.881479 0.536844
-2.853257 2.900166 0.528327
-2.863286 2.897533 0.554949
-2.844681 4.102783 -0.711825
-2.804707 4.116720 -0.822661
-2.765653 4.070427 -0.928483
-2.744433 3.950328 -0.359585
-2.733613 4.454592 -0.298871
-2.728429 3.103659 -0.263743
-2.727384 3.102422 -0.299345
-2.746012 3.096508 -0.354950
-2.784875 3.038005 -0.336877
-3.436765 3.586677 -0.890706
-3.443394 2.976360 -0.857871
-4.023156 3.048492 -0.291948
-3.358890 3.052680 1.503689
-3.369453 1.056387 1.478068
-3.398162 -0.299381 1.547389
-3.410038 -0.277113 1.652903
-3.390324 0.412886 1.086173
-2.117699 -0.197279 0.445534
-2.150352 0.408711 0.456550
-2.824854 0.989940 0.524061
-3.490649 1.072347 -0.600040
-3.406561 1.192438 -0.619926
-3.321262 1.211523 -0.707709
-3.318932 1.148857 -0.777734
-3.378000 1.141620 -0.779913
-3.419732 1.250223 -0.739895
-2.132981 0.750213 -0.724242
-0.148548 0.751473 -0.761888
-0.230786 0.667325 -1.428260
-0.327871 0.623761 -1.444924
-0.338284 0.673708 -1.442513
-0.877750 0.735150 -1.454687
-1.435972 0.700804 -1.498992
-1.486957 0.616241 -1.532618
-1.557534 2.527339 -1.530170
-1.558504 3.203597 -1.491223
-0.228920 3.270702 -2.067126
-0.223121 3.271354 -2.059622
-0.303111 1.367012 -2.071195
-1.009698 1.322495 -0.838180
-0.953806 1.332553 -0.879677
-0.857610 1.359247 -0.264850
-0.161486 1.335963 -0.240568
-0.796058 1.286127 -0.826056
-0.818035 1.254690 -0.802657
-0.132738 1.895206 -1.982539
-1.422117 1.939522 -1.242220
-1.500870 1.966745 0.164400
-1.601512 1.960365 0.168231
-1.628086 1.924617 0.098164
-1.589179 1.892253 0.059254
-1.551136 1.876857 0.095459
-1.556326 1.876189 2.082642
-0.341187 1.881646 2.688133
-0.317862 1.885238 2.675382
-0.275423 1.910950 2.682481
-0.313193 1.330753 2.081455
-0.365810 1.412589 2.111902
-0.368185 0.162427 2.071086
-0.285696 0.169406 1.986300
-0.183939 0.192749 0.671354
-0.135139 0.868034 0.669473
-0.114043 0.258697 0.076784
-0.058035 0.249440 0.690768
0.028145 0.219097 0.636017
-0.587665 0.818245 -0.022879
-0.655923 0.810445 0.016267
-0.084207 0.210151 0.019696
-0.085924 0.821754 -0.059904
0.009627 0.161751 -0.171283
0.023215 0.779877 -0.222593
-0.020294 0.792918 -0.875468
-0.035579 0.799707 -0.871608
-0.603952 0.774548 -0.227736
-0.549327 0.745391 -0.248074
-0.594452 1.373491 2.254884
-0.710650 1.409935 1.675967
-0.766456 1.458311 0.494625
-0.728683 0.217379 1.660416
-0.682945 0.246185 1.621840
-0.709811 1.576925 1.590931
-0.760657 2.832124 0.361188
-0.711712 2.863633 -0.300954
-0.593712 2.205907 2.140301
-0.542648 1.530261 2.751436
-0.615002 1.495539 2.750320
-1.365938 1.501320 2.770982
-1.370267 1.508198 2.141202
-1.292261 1.506807 1.448227
-0.593763 2.166753 2.055623
-1.966814 2.183764 0.838171
