-0.780841 0.311311 -1.108053
-0.782434 0.306044 -1.117242
-0.811873 0.303713 -1.092869
-0.864672 0.279705 -1.040329
-0.893719 0.235986 -0.989690
-0.879784 -0.417751 -1.618026
-0.858460 -0.408605 -0.993521
-0.874222 0.232051 -0.976052
-0.893036 0.266715 -0.960315
-0.880560 0.297176 -0.966830
-0.841599 -0.811031 -1.002191
-0.177334 -0.727201 -1.057713
-0.176274 -0.683315 -1.085565
-0.173819 -0.687263 -0.430296
-0.137004 -0.031481 0.813091
-0.083909 0.013482 -1.218466
-0.064559 0.100832 -1.208132
-0.735816 -0.504846 -0.560952
-0.750646 -1.846341 -0.581406
-0.095656 -1.802743 -0.584795
-0.104077 -2.990464 -0.561180
-0.159656 -3.557521 -0.521161
-0.869541 -3.590731 -3.041781
-0.896307 -3.648211 -3.035795
-0.254256 -3.691448 -3.049649
-0.907006 -3.033290 -3.064696
-0.942518 -2.428654 -3.051067
-0.966360 -2.436524 -3.675136
-1.565115 -2.442966 -3.053539
-2.234597 -1.839322 -2.458581
-2.266971 0.087683 -2.498765
-2.308007 1.300937 -2.499602
-2.320374 1.253157 -1.833749
-1.643044 1.180480 -2.474804
-1.614747 1.139492 -3.151639
-0.287836 0.494645 -3.855812
-0.334957 0.523145 -4.527776
-1.673145 0.522723 -3.245460
-1.638281 0.516082 -2.648557
-1.639606 1.181047 -2.068996
-1.728784 1.224584 -0.793569
-1.814378 1.237707 -0.786933
-1.801904 1.188510 -0.777654
0.247916 1.122867 -0.138014
-0.393188 1.078999 0.547369
-1.052888 1.069029 -0.084846
-1.095882 1.053002 -0.158970
-1.110889 1.005972 -0.188997
-0.997831 0.343270 -0.166173
-0.311265 0.960478 -0.103698
-0.380856 0.992843 0.592363
0.233353 0.364333 -0.030144
0.284239 0.312544 -0.656969
0.359514 0.247863 -0.565265
-0.270031 0.238523 -1.100066
-0.329262 0.290954 -0.387144
-0.366019 -0.294870 -0.400844
1.570869 -0.297586 -0.399411
0.983379 -0.263985 -0.358177
0.340264 -0.190071 0.356422
0.318630 -0.078502 0.401658
0.954180 -0.042852 0.437382
0.385838 0.502096 -0.142939
-0.163565 0.499686 0.580117
-0.119315 0.579181 0.610498
-0.143692 0.664177 -0.018950
-0.169740 0.675989 -0.056052
-0.177559 0.648141 -0.107600
-0.164051 1.267986 -0.827084
-0.807813 1.347723 -0.238295
-0.155259 0.794786 -0.261069
-0.147353 0.795884 -0.276247
-0.110188 0.741672 0.307795
-0.054048 0.711992 0.975301
-0.007611 0.730428 0.961198
-0.000142 0.756794 0.953726
-0.008124 0.736054 1.548966
-0.013517 0.684608 1.473173
-0.009033 0.756226 1.389013
0.004204 0.789863 0.051787
0.006286 0.827008 0.642094
-0.648476 0.127963 1.298662
-0.036024 0.079828 1.308535
-0.046402 0.059994 1.322644
-0.037660 0.079791 1.369219
-0.669544 0.101605 1.441694
-0.045815 0.707563 0.855951
-0.089049 0.739318 0.838942
-0.117504 0.760273 0.802703
-0.088769 0.182317 0.791800
-0.702908 0.179555 2.112466
-1.348119 0.121511 1.481937
-0.787446 0.062578 1.447722
-0.176051 0.035867 1.455157
-0.767270 0.036073 0.882727
-1.384546 0.626220 0.278114
-0.799522 1.219783 0.264897
-0.827056 1.209725 0.843508
-0.830129 1.231705 0.806876
-0.790389 1.288450 0.201953
-0.771667 1.341225 0.194053
-0.814632 1.370459 0.131876
-0.875906 1.384431 0.704109
-1.563673 2.016493 0.670969
-1.535085 2.047204 0.669043
-0.883973 1.449700 0.628365
-0.938668 1.459300 0.571505
-1.591271 1.468869 0.510908
-2.209456 0.878293 0.484477
-2.134825 0.923713 0.479462
-2.768379 0.955780 0.468520
-2.806120 0.956933 0.449867
-3.490564 0.928493 1.111678
-2.874566 1.517325 1.166165
-2.846277 1.505043 0.595960
-2.842032 1.493970 0.620745
-2.876595 1.497680 0.579173
-2.935534 1.508720 0.522018
-2.957209 0.869360 1.143732
-2.919726 0.890179 0.556409
-2.880602 2.181012 1.204007
-2.887713 2.207487 1.155960
-2.930816 2.207918 1.103119
-2.309659 2.183551 1.122359
-2.264326 2.156044 1.144352
-2.239241 2.145485 1.831924
-2.278284 2.148365 1.127675
-2.330114 2.140924 1.084120
-2.305758 2.105150 0.496475
-2.218076 2.076575 -0.079266
-2.818242 2.069180 -0.078772
-2.771496 2.076514 -0.135683
-2.162460 2.110426 -0.164444
-2.121088 1.438893 -0.154519
-2.071108 2.026046 0.501647
-2.662789 1.355793 0.477933
-3.363005 1.353482 1.722514
-2.798345 1.347430 2.338471
-4.048254 1.928490 2.989692
-4.022005 1.919775 2.941733
-4.029434 1.965760 3.532889
-4.065349 2.032770 3.545306
-4.082860 2.074326 2.411130
-4.061708 2.074619 1.772497
-4.037447 2.086089 1.843717
-4.059963 2.140437 1.917737
-4.104844 2.832737 1.970838
-4.119030 2.818129 2.621992
-5.278796 2.774982 2.599911
-5.914749 2.756235 2.573651
-4.677763 2.797794 2.565894
-4.011951 2.813722 2.586237
-4.640510 3.411040 2.051344
-4.016342 3.368082 1.438359
-4.042652 3.381426 0.787617
-4.091399 3.403017 0.778941
-4.104074 3.363921 0.790051
-4.084155 3.284630 0.772699
-3.409679 2.617100 -0.541019
-3.454264 2.632687 -0.569512
-3.489687 2.040995 -0.588625
-3.471797 2.004418 -0.618341
-3.443808 1.945017 -0.644515
-3.451173 1.911417 -0.628203
-3.489640 1.911556 -0.567168
-3.507487 1.900932 -1.126112
-2.822183 2.515467 -1.110082
-2.104139 2.479444 -1.141931
-2.118744 1.817029 -1.179371
-2.136678 1.200276 -1.200285
-3.396264 1.190632 -1.872002
-3.955930 1.166335 -1.901535
-3.893093 1.145491 -1.939029
-3.880794 1.126630 -1.962273
-3.253614 1.112093 -1.346971
-2.575822 1.104302 -1.305945
-2.546347 1.761803 -1.270725
-2.538512 0.546288 -1.269378
-2.563795 0.602588 -2.524539
-2.606453 0.031213 -1.960996
-2.021763 0.073050 -1.969424
-2.722696 0.100506 -2.561290
-2.763865 0.136444 -2.553426
-2.792703 0.163982 -2.584067
-2.797264 0.182878 -2.610171
-2.792224 0.191481 -2.575321
-2.195231 0.814996 -2.499316
-2.239709 0.853883 -1.831048
-1.639637 0.896140 -1.863860
-1.660328 0.931151 -1.262901
-1.642886 0.930278 -1.265712
-1.633732 0.895290 -1.863729
-1.654288 0.842890 -1.813934
-1.665959 0.787399 -1.827322
-1.623269 0.158852 -1.852596
-2.196878 0.125874 -1.835241
-2.788859 0.080858 -1.804587
-2.856133 0.651800 -1.738841
-3.561855 0.079061 -1.729865
-3.568809 0.137982 -1.116772
-3.548288 0.160278 -1.182431
-2.901642 0.138633 -1.186154
-2.938028 0.107380 -1.193277
-2.949181 0.109406 -0.543479
-2.909487 0.137064 -0.528777
-2.853553 0.138401 -0.520516
-2.856224 0.115822 -0.530144
-2.938435 0.112515 -0.557175
-3.012092 1.343609 -0.575522
-3.011161 0.794593 -0.553567
-2.942797 0.823241 0.069963
-2.897882 0.810564 -0.533312
-3.505573 0.807030 -1.250015
-4.168203 0.818265 -1.275610
-4.088444 0.788561 -1.201157
-3.963967 0.698334 -1.075510
-3.914526 0.600928 -1.002560
-3.969040 0.558221 -1.036521
-3.450284 -0.075015 -1.097584
-3.430219 0.570024 -0.458939
-3.368893 0.562163 -0.422659
-3.356350 0.562783 -1.013779
-3.397291 -0.060990 -1.069926
-3.402040 -0.066746 -1.106981
-3.330904 -0.099245 -1.052162
-2.029493 -0.149182 -2.701066
-2.026357 -0.199882 -2.660373
-2.091971 -0.235916 -1.460951
-2.753408 -0.248926 -0.840901
-1.464025 -0.226676 -0.831219
-1.415111 -0.174829 -0.156158
-2.040131 -0.116003 -0.150615
-1.467067 -0.081738 -0.185149
-0.895497 -0.073556 -0.214404
-0.880723 -0.061255 -0.193380
-0.882085 -0.041973 -0.144925
-1.569171 -0.033465 -0.113593
-1.631098 -1.302080 -0.134299
-1.005898 -0.643016 -0.175117
-1.602931 -0.655857 -0.186936
-1.602848 -0.640528 -0.172775
-1.631278 -0.605577 -0.166648
-1.652420 0.678986 -0.189888
-2.273777 0.021728 -0.858101
-2.236263 -0.615480 -0.845028
-2.223229 -0.622443 -0.798112
-2.219882 -0.651904 -0.762555
-2.189764 -0.692574 -0.764868
-2.140870 -1.341085 -0.789353
-1.477388 -1.358529 -0.799667
-1.507691 -0.700684 0.455647
-1.547892 -0.696583 1.067916
-1.546409 -1.228507 1.034134
-1.517512 -1.190341 1.041133
-0.853639 -1.189642 1.090262
-0.894869 -0.599811 1.134602
0.357646 -0.580165 1.121120
0.378794 -0.547236 1.059567
0.402502 -0.576885 0.995615
1.024467 -0.641265 0.946445
0.333711 -0.673765 1.501676
0.317312 -0.653788 0.827510
0.351433 -0.627120 0.766147
0.387882 0.675714 0.749331
0.382900 1.231821 0.786913
0.380271 1.833784 0.839253
0.404310 1.870544 0.847243
0.457911 1.869697 0.798720
0.482358 1.807026 0.742444
0.448637 1.754509 0.714736
0.409868 1.759689 0.699467
0.390513 1.792625 1.289209
0.388610 1.805961 1.844188
0.366513 1.800272 1.818921
0.320076 1.815071 1.861369
0.291230 1.839138 1.936244
0.288057 1.838037 1.962567
0.297602 1.802441 1.911217
0.290131 1.765652 1.840069
0.276416 1.132635 1.802911
0.290436 1.133449 1.793712
0.325209 1.117727 0.577163
0.345512 1.103571 0.537005
-0.304895 1.117647 0.541416
-0.321419 1.769705 0.602167
-0.307721 1.769447 0.685769
-0.235679 1.739497 0.742653
-0.241635 1.716682 0.760199
-0.917899 1.108390 0.767189
-0.914088 1.122104 0.778615
-0.867824 1.120739 0.791045
-0.177595 1.127012 0.790877
-1.512133 1.154896 1.402742
-1.534112 0.566101 1.405296
-1.524023 0.582840 0.776805
-2.149374 0.569967 1.443396
-1.474202 0.549481 1.475777
-0.242672 0.545266 1.515828
-0.926461 0.555233 1.531302
-1.510184 0.549173 1.493729
-1.483742 0.536394 1.433071
-0.826757 0.540573 0.793397
-0.150419 0.561730 0.789067
-0.191646 0.580234 0.800920
-0.191631 0.582403 0.802987
-0.872118 0.558633 0.814288
-0.868230 0.512107 0.839303
-1.513531 0.483469 0.871443
-1.517926 0.485298 0.892793
-0.871432 -0.127908 0.874492
-0.889587 -0.140210 0.826719
-0.906591 0.480773 0.772788
-0.888022 1.070263 0.743921
-0.832954 1.113666 0.754958
-0.789497 1.813093 0.789003
-0.188949 1.824839 0.820928
-0.795746 1.792811 0.179985
-1.462459 1.773902 0.162487
-0.787498 2.479931 0.151735
-0.164170 3.159217 1.425256
-0.162542 3.152067 1.396200
-0.189392 2.474367 1.347381
-0.214329 2.463906 1.305659
-0.210314 2.512461 1.302365
0.443731 1.959060 0.135993
0.454646 2.498253 0.201160
1.137565 2.446139 0.253784
1.076412 2.462667 0.276779
1.043486 1.329282 0.269522
1.044072 0.729519 0.248718
1.045443 1.373906 0.886629
1.039645 0.793421 0.901089
0.386792 -0.420813 1.539590
0.423060 -0.331903 1.515298
0.497453 0.310541 0.866932
-0.068632 0.295231 0.910069
-0.723926 0.916829 0.972317
-1.385738 -0.919445 0.971782
-1.376025 -0.960589 0.888377
-1.347903 0.843348 0.148952
-1.343265 0.791679 0.760504
-0.716787 0.818780 0.131075
-0.747358 0.199790 0.072536
-1.381765 0.174519 -0.015534
-1.349406 0.139185 -0.046255
-0.701662 0.169512 0.011447
-1.392761 0.899525 0.090683
-1.437379 1.516560 -0.520547
-0.763156 1.460646 -0.580691
-0.108968 2.049572 -0.623008
-1.402402 2.084626 -0.592701
-1.413182 1.521539 -1.174611
-0.772032 1.527506 -1.164869
-0.776119 0.839265 -1.190119
-1.404453 0.845449 -1.179343
-1.377900 0.907884 -1.112873
-1.364521 0.941840 0.197881
-1.375390 -0.313338 0.186210
-0.736829 -0.379516 0.112484
-1.389942 -0.394733 0.070988
-0.733697 0.238052 0.088331
-0.699369 0.239126 0.108755
-0.693637 -1.721431 0.080684
-0.700998 -1.047323 -0.568263
-1.320846 -0.996179 0.053045
-1.284064 -0.953603 0.110473
-1.269478 -0.966923 -0.478182
-0.679480 -1.014650 0.104813
-0.758020 -1.041449 0.044056
-1.458625 -1.035670 0.030844
-1.453534 -1.033832 0.043279
-0.788645 -2.311045 0.017239
-0.801651 -2.346783 -0.041546
-0.828772 -1.701874 -0.057418
-0.824417 -1.058872 0.633374
-0.779413 -0.414414 0.724102
-0.746234 -0.463333 0.762256
-0.760161 -0.535042 0.755281
-0.803254 -0.583988 0.768757
-0.823983 -0.615315 2.032041
-1.444811 -0.660781 1.426456
-0.763641 -0.732140 1.406472
-0.758841 -0.783641 1.369777
-1.408746 -0.777353 1.376402
-0.757828 -0.726136 2.089727
-0.074807 -1.335546 1.536687
-0.037164 -1.978315 1.540405
-0.716546 -1.992106 1.522036
-0.783847 -1.980324 1.526605
-0.854804 -1.954180 2.170327
-2.748478 -1.959162 2.150293
-3.384860 -1.982196 2.092280
-2.105061 -1.982897 2.053778
-2.099673 -1.936254 2.062178
-2.127091 -1.872804 2.087646
-2.114540 -2.473452 2.086309
-2.053827 -3.060164 2.064526
-2.020662 -2.439845 2.060977
-2.076893 -2.432385 2.062654
-2.170637 -1.826279 1.402740
-1.497286 -1.889002 1.369044
-1.458021 -2.583734 1.343034
-1.437737 -2.623480 1.346967
-2.148821 -2.617306 1.368503
-2.174002 -2.600338 1.389809
-2.137394 -2.588184 1.401455
-2.717013 -2.598909 1.415186
-2.695818 -2.629729 1.423168
-3.378595 -3.907235 1.413236
-3.452886 -3.920603 1.396404
-3.417202 -3.297024 1.379392
-2.066199 -3.326933 1.351627
-2.009953 -3.366578 1.304361
-2.044746 -4.012483 1.263510
-2.084330 -3.995013 1.257452
-1.388863 -3.951206 1.284957
-1.288420 -3.938684 0.667916
-1.241039 -2.762459 0.659849
-2.593307 -2.819180 0.660881
-2.674827 -2.839485 1.323010
-2.675867 -2.828822 1.340523
-2.620998 -2.831918 1.318244
-2.600268 -2.840196 1.272781
-2.645158 -2.834964 0.624752
-2.680492 -2.809617 1.272760
-2.656735 -2.779075 0.687643
-2.605823 -2.106317 0.697730
-2.616022 -2.106896 1.319110
-2.683664 -2.779326 1.356157
-2.718314 -2.788644 1.401479
-2.688299 -3.464491 1.422362
-1.964685 -3.495236 1.418596
-1.969746 -3.468566 1.412422
-1.992197 -3.407406 1.417559
-1.334558 -3.354099 1.420967
-1.290673 -3.317202 0.252876
-1.267543 -1.996678 0.274007
-1.314708 -3.324848 0.316119
-1.389698 -3.254240 -0.278619
-2.083238 -2.601295 -0.296968
-1.981018 -1.388828 -0.322033
-1.997066 -0.716071 -0.320927
-2.057073 -0.679443 -0.321264
-2.107779 0.553271 -0.361741
-2.108057 0.545328 -0.436518
-2.086375 -0.691596 -0.475661
-2.128080 0.008734 -0.451226
-1.557970 0.670291 0.216526
-1.651917 0.641281 -0.467507
-2.315445 0.614943 -0.515087
-2.306894 0.627465 -0.506640
-1.693301 1.313080 -0.458601
-0.471868 0.041237 0.765184
-1.117190 -2.558251 0.714015
-1.686262 -1.968500 0.655642
-0.874090 -1.941756 0.665107
-0.151683 -2.546881 0.733636
-0.752719 -1.944428 0.779644
-1.891635 -1.982144 0.767594
-1.858507 -0.783251 0.749332
-2.472628 -1.429571 0.762754
-2.484199 -1.406754 0.788991
-2.512366 -0.246640 0.781635
-2.518818 -0.302981 0.735945
-3.065059 -0.330894 0.703929
-2.366591 -0.357824 0.711064
-1.734673 -0.355386 0.725310
-1.708028 -0.346527 0.703615
-1.707410 -0.907382 0.667069
-1.729891 -0.256846 0.675772
-2.412133 -0.212395 0.719882
-2.457955 -0.171530 0.742090
-2.468076 -0.146320 0.717763
-2.504856 -0.140945 0.694159
-2.566718 -0.148352 0.718070
-2.612656 -0.158847 0.761290
-2.585465 -0.156578 0.776107
-1.925290 -0.128886 1.944740
-1.925240 -0.105561 1.941054
-1.982026 -0.111699 1.958271
-2.024874 -0.141979 1.957423
-1.997700 -1.453199 1.929854
-3.246883 -1.471282 1.240531
-3.261013 -1.489914 1.241850
-3.300082 -2.154167 1.869906
-3.281429 -1.584294 1.880774
-3.807057 -0.944047 1.878431
-3.728960 -1.521635 1.221277
-5.017674 -0.847573 1.223368
-5.078112 -0.208852 1.227717
-5.729951 0.346961 1.243597
-5.119896 1.029620 1.272046
-5.112701 1.042260 2.582679
-5.136243 1.623726 2.583200
-5.192645 1.545199 3.214769
-5.233285 0.249250 3.218037
-5.225285 0.865897 3.226455
-5.200618 0.918055 2.590689
-4.573057 0.324746 2.590665
-4.599870 0.321560 2.611928
-3.351484 -0.264770 2.655583
-3.374444 -0.213649 1.446590
-4.029381 -0.187927 1.478924
-4.041850 0.429029 1.490137
-4.653939 0.358070 0.219024
-4.647940 0.319180 0.238929
-4.640722 0.336911 0.252158
-4.641493 0.381691 -0.378408
-4.646684 0.409853 -0.405734
-3.340702 0.407798 -0.423506
-4.028312 -0.196972 -1.685347
-4.068723 -0.175953 -1.694770
-3.440368 1.005638 -1.704238
-3.452723 0.938600 -1.710632
-3.448686 0.872388 -1.067942
-3.426716 0.842450 -0.413029
-3.441987 0.839958 -0.454042
-3.430004 -0.410442 0.196108
-3.378298 -0.427217 0.792391
-3.340657 0.195466 0.731288
-4.008907 0.220140 0.699793
-4.040248 -0.401672 -0.626960
-4.038701 0.283551 0.088691
-4.002369 0.289341 -0.545347
-4.589992 0.921971 0.659326
-4.587447 0.945778 0.061752
-4.560918 1.662219 0.091512
-5.097645 1.057313 -0.552067
-5.041695 0.381563 -0.564023
-5.069167 0.357079 0.073185
-5.141665 0.372456 0.075344
-5.831223 0.404837 0.726664
-5.832219 0.404590 0.725319
-5.216104 0.374822 0.031727
-5.236169 -0.312299 -0.606822
-5.266124 -0.301084 -0.592552
-4.600281 -0.340115 -1.168702
-4.565932 0.240431 -0.505853
-4.555910 0.180435 -1.197697
-3.329943 0.162618 0.079305
-3.418117 0.177092 0.105868
-3.471061 0.168104 0.148772
-3.454591 0.156625 -0.462870
-2.196280 0.141198 -1.075616
-2.190311 0.145928 -1.050705
-2.163586 0.158540 -1.006879
-1.448157 0.148398 -0.959982
-1.368636 0.126297 -0.935398
-1.325654 -0.503880 -0.942548
-1.313866 -0.455450 -0.955310
-1.312504 -0.413572 -0.957353
-1.309196 -1.650326 -0.949461
-1.958680 -1.595320 -0.945291
-1.949363 -0.963804 0.267414
-3.207035 -0.984660 0.299075
-3.227184 -1.060354 0.329418
-3.873715 0.112454 -0.299338
-3.901662 -0.542070 -0.317411
-3.921329 -0.516976 -0.324832
-3.949496 -0.507900 -0.333452
-4.012404 -0.512889 -0.373605
-4.083974 -0.484080 -0.436798
-4.114516 -1.034149 -0.471205
-2.778731 -1.600335 -0.458103
-2.738367 -1.630459 0.178413
-3.383385 -1.690689 0.147572
-3.375327 -1.701100 0.116491
-2.678957 -0.305447 0.125597
-2.631877 -0.313838 0.147586
-1.955152 -0.335042 -0.514423
-2.679330 -0.337606 -0.544350
-2.049933 -0.297773 0.081899
-2.045575 -0.222064 0.716884
-2.017005 -0.204849 0.732398
-2.027494 -0.257185 1.996611
-2.056052 -0.308002 1.363404
-2.047205 -0.304583 0.175140
-2.005452 -1.566930 0.254759
-1.356797 -1.609134 0.927527
-1.423404 -1.639921 0.931810
-2.135870 -0.422945 0.903597
-2.138530 -0.399774 0.901951
-2.096236 -0.369360 0.934755
-2.093273 -0.362107 0.960184
-1.529762 -0.394587 0.951381
-2.179988 -0.433030 0.926987
-2.785629 0.140879 0.935764
-1.395000 0.119813 0.957693
-0.135053 0.132903 0.289065
-0.187351 0.806851 -1.016358
-0.225952 0.850660 -1.069872
-0.221598 0.875719 -2.327137
-0.210960 0.275303 -2.350608
-0.242810 0.946340 -1.750494
-0.909855 0.312088 -2.409588
-0.902690 0.293201 -1.804424
-0.850171 0.847728 -1.767326
-0.815818 1.467820 -1.723714
-0.834110 1.469053 -1.692183
-0.863130 1.471741 -1.687804
-0.879730 0.860372 -1.696631
-0.904609 0.877547 -1.695864
-0.965632 0.912357 -0.493953
-1.042258 0.284607 -0.489271
-1.080619 0.251244 0.184051
-1.085260 0.200421 0.207915
-1.076344 0.752211 0.218834
-1.078326 0.741804 0.231682
-1.075595 1.385406 0.257062
-1.053419 2.010605 0.265329
-1.040839 2.021890 -0.373734
-1.054427 0.821278 0.197056
-1.086085 0.869933 0.807071
-1.087284 0.273755 0.772823
-1.060069 0.273712 0.754507
-1.022101 0.266102 0.088479
-0.984016 0.261646 0.093384
-0.947803 0.275012 -0.525364
-0.900046 0.940347 -0.535780
-0.873291 0.936796 -0.530239
-0.880123 0.944826 -0.513438
-0.901051 0.968282 -0.497657
-0.902697 1.000696 -0.503648
-0.877850 1.021297 -0.514930
-0.846165 1.017041 -1.101830
-0.811608 1.003256 -1.049053
-0.147437 1.000685 -1.596134
-0.739476 1.041306 -2.229154
-1.361261 1.092165 -2.912542
-1.352428 1.704072 -2.932855
-0.723665 0.432498 -2.924958
-0.750096 0.452688 -2.913660
-1.428959 0.470298 -2.917789
-1.479468 0.442208 -2.915119
-0.871301 0.385476 -2.234460
-0.871513 0.345381 -2.208207
-0.843291 -0.876740 -2.195793
-0.810775 -0.877608 -2.273134
-1.417594 -0.909902 -1.674959
-0.742532 -0.955756 -1.697203
-0.707937 -0.981934 -1.710818
-1.327170 -0.332782 -1.722643
-1.332692 -0.272577 -1.107707
-1.353582 -0.838906 -1.128607
-1.367902 -0.869147 -1.138499
-1.345130 -0.935759 -1.123309
-0.613546 -1.524988 -1.101093
-0.586616 -0.858148 -1.107969
-1.270354 -0.826974 -1.125675
-1.293739 -0.840065 -1.120597
-1.304540 -0.864821 -1.071813
-1.293139 -0.844999 -1.018614
-0.687119 -0.789448 -1.657980
-0.666734 -1.404579 -1.679095
-0.663130 -1.412110 -1.689253
-1.396476 -2.061165 -1.664184
-0.786930 -2.063221 -0.377251
-0.778943 -1.412865 -0.389535
-0.732821 -1.417678 -0.421766
-1.351225 -1.438195 -0.436048
-1.390603 -1.447415 -0.425754
-0.797428 -1.445932 -0.421350
0.516025 -1.444307 -0.433769
-0.103899 -0.800615 -0.455636
-0.088345 0.457468 -0.472353
-0.112144 0.458880 -1.105971
-0.151688 1.158215 -1.108943
-0.151904 1.115326 -1.121702
-0.109282 1.060044 -1.133619
-0.073694 1.034264 -1.133135
-0.741280 1.038908 -1.118068
-0.805734 1.030638 -1.111047
-0.852497 1.000633 -1.121053
-0.202172 0.979331 -1.120907
-0.194653 0.330608 -1.093858
-0.229027 0.349936 0.257666
-1.551633 -0.999181 0.917596
-1.547231 -1.078813 0.857729
-1.483911 -1.144669 0.825067
-1.415869 -1.127394 0.856941
-1.398128 -1.085588 0.898975
-1.395649 -1.099628 0.873613
-1.354342 -0.476110 0.786342
-1.917326 -0.449756 0.732822
-1.847974 -0.351090 0.758485
-1.838410 0.350144 0.777518
-1.851158 -0.336753 0.789956
-1.187895 0.202628 2.022854
-1.725705 0.164594 0.775347
-1.034841 0.201036 0.829151
-1.053543 0.220419 0.893724
-1.094748 0.179931 0.264468
-1.116959 0.144026 0.197934
-1.100008 0.167745 0.162635
-1.085105 0.215891 0.193930
-1.736156 -0.433256 0.908921
-1.130906 -0.481072 0.930228
-1.133246 -0.531395 2.081528
-1.728968 -0.547474 2.063744
-1.777491 0.692275 2.093293
-1.835582 0.726459 2.159170
-1.874088 0.734559 2.186457
-1.885262 0.730533 2.147077
-1.890075 0.193541 2.129811
-1.912928 0.237448 2.156907
-1.934902 0.238595 2.203152
-1.926476 0.230854 0.924172
-2.542211 0.241783 0.872281
-1.861178 0.890287 0.853233
-0.611179 0.158263 1.512074
-0.644434 -0.554062 1.522363
-0.659550 -0.568027 1.511903
-0.653187 -0.510160 0.876504
-0.640204 -1.123394 0.280277
-0.639691 -1.142665 0.336215
-0.634206 -1.158317 -0.289224
0.053302 -0.474875 -0.336549
0.085093 -0.394401 0.216619
0.100739 0.255232 0.806209
-0.531004 0.162450 0.793633
-1.210091 1.569132 0.777814
-1.869293 1.611559 1.406822
-1.253272 1.649580 1.396091
-1.943305 2.328718 1.426240
-1.387338 2.338158 1.477988
-1.427376 2.397931 1.493285
-1.460679 2.459571 0.170371
-0.815957 2.454821 -1.092674
-0.817008 2.374405 -1.042915
-1.465588 2.312241 -0.363639
-1.432804 2.322376 0.273862
-1.389372 2.344386 -0.386927
-1.347022 2.317005 -0.355375
-1.316467 1.637350 -0.325813
-1.973134 0.983396 -0.313125
-1.958136 -0.355622 -0.312349
-1.295944 -0.298221 0.412703
-1.288013 -0.257890 0.446446
-1.280060 -0.277395 0.495845
-1.902480 -0.991468 0.531521
-2.514787 -0.989962 0.535439
-3.172647 -0.911162 -0.136682
-2.530395 -1.502857 -0.152061
-3.182443 -0.854873 -0.164433
-3.194343 -0.880045 -0.181306
-3.207787 -0.881426 -2.069239
-2.580750 -0.864634 -3.305592
-1.929434 -0.217344 -3.258594
-1.895324 -0.232509 -3.238451
-2.530716 -0.267454 -3.254874
-2.548483 -0.340139 -3.269271
-2.529644 -0.418016 -3.272882
-1.818055 -0.470434 -2.642213
-2.426477 -0.479328 -2.727312
-2.436292 -0.476369 -2.705357
-2.469574 -0.525613 -0.772846
-1.856683 -0.619131 -0.785719
-1.830070 -0.691934 -0.179229
-1.805180 1.373192 -0.237946
-1.813093 1.422770 0.325862
-1.832546 1.423269 0.293079
-1.828931 0.742055 0.965382
-2.427111 0.745261 0.998071
-2.432588 0.818314 -0.293828
-2.481143 0.932969 -0.970322
-2.529747 0.999943 -0.934702
-2.549389 1.655723 -1.555542
-1.290803 1.655048 -1.560100
-1.997154 1.712885 -1.619374
-2.036397 1.089458 -1.632504
-2.030203 1.724882 -1.565401
-1.986684 0.952836 -1.491976
-1.338476 0.882781 -1.510839
-1.363562 0.883862 -1.588191
-1.382841 1.564560 -0.946872
-1.356523 1.557234 -0.867431
-1.311167 1.494050 -0.166775
-1.306199 1.455007 -0.221893
-0.694661 2.108698 -0.344184
-0.697440 0.815138 -0.377134
-0.656739 0.765633 -0.280648
-0.618519 0.701925 -0.183147
-0.631225 -0.587449 0.443966
-1.297853 -0.580573 1.038096
-0.620096 -0.526493 0.998538
-0.538653 -0.451470 1.056296
-0.493770 -0.401080 1.793488
-0.511607 0.269089 1.100869
-0.525010 0.303441 1.043847
-0.466362 0.326479 1.031783
-0.383419 0.339627 0.437248
-0.373648 0.332752 0.488103
-1.089336 0.341044 0.487699
-1.752758 0.376023 1.087094
-1.066060 0.418386 1.089040
-1.013092 -0.153852 1.112807
-1.021578 -0.136550 1.761284
-1.083637 -0.120796 1.048963
-1.112940 -0.117614 0.972662
-1.057872 -0.137083 0.964115
-1.003227 -0.177877 1.660522
-1.031389 1.035585 1.663390
-1.131127 0.412641 1.598719
-1.191764 0.397516 1.554164
-0.483005 0.363544 1.556260
0.244572 1.600541 2.158742
0.267370 1.605089 2.106102
0.206205 1.638474 2.056633
-0.539305 1.637793 1.363547
-0.501121 1.583783 0.704239
-0.438177 2.152589 2.010758
-0.446816 2.155871 1.992253
-0.523181 2.202747 2.014418
-0.584148 2.243985 2.059884
0.026872 2.263541 2.090218
0.044055 2.954066 2.080799
0.150133 3.064475 1.476871
0.689712 2.574530 0.918036
-0.012820 2.616653 0.959884
0.032849 2.592573 0.281455
0.080556 2.599506 0.221743
0.097035 2.640416 0.228201
0.727541 2.678277 0.277080
-0.568184 1.257527 1.577514
-0.578521 1.253879 -0.444858
-0.582313 1.309855 -0.515147
-1.202143 0.736914 0.181379
-1.852541 0.738574 -0.309571
-1.849643 0.673258 1.639476
-1.859734 0.611287 0.312259
-1.229774 0.583264 -0.368998
-1.253372 1.147239 -0.274502
-0.631651 0.423995 1.763882
-0.673589 -0.992234 1.805499
-0.726198 -1.045452 1.055325
-0.758432 -1.055327 0.993630
-0.761175 -1.029400 0.459077
-0.753478 -1.034078 -1.381443
-0.760284 -1.089903 -0.765607
-0.782454 -1.148507 -0.837159
-0.803799 -1.191010 1.107804
-0.800467 -0.589291 0.492901
-0.791902 -0.656390 0.417014
-0.814536 -0.719957 -0.215660
-0.861747 -0.710143 1.699467
-0.315784 -0.630983 1.627886
-0.975932 -0.544089 1.623142
-0.972298 -0.524465 1.673153
0.290053 -0.529494 1.103052
0.291183 -1.114127 1.088239
-0.316120 -1.069595 1.019878
-0.282724 -1.060493 1.565468
-0.249479 -1.757732 1.573128
-0.870812 -2.462402 2.864011
-0.876890 -2.408084 2.844334
-2.140943 -1.623513 2.794731
-2.092164 -2.178020 3.401938
-2.024426 -2.132211 3.406402
-1.999776 -2.100044 3.461572
-1.364535 -2.051100 3.495021
-1.345697 -1.375510 3.452326
-1.293623 -0.766399 2.713119
-1.245960 0.450838 2.079495
-1.241477 -0.219623 0.936036
-1.372555 -0.234137 0.990066
-1.412167 -0.213157 1.001877
-0.721678 -0.146337 1.007794
-1.379956 -0.720591 1.706411
-1.419753 -1.289941 1.810854
-2.151117 -1.237717 1.259547
-1.501106 -0.536381 1.298613
-0.165446 -1.179667 1.267598
-0.155130 -0.580866 1.247205
-0.809400 -2.014884 0.030163
-0.851574 -1.315519 0.721339
-0.231321 -0.666386 0.725931
-0.218673 -0.655348 0.652516
-0.849970 -0.668922 1.238035
-0.852581 -1.335747 0.051733
-0.827321 1.230777 0.144350
-0.783752 1.279245 0.768226
-1.390388 1.865487 1.971616
-0.786254 1.757604 1.930213
0.513492 1.706354 1.967184
0.463200 1.771029 1.318994
0.457045 1.209779 0.612201
0.466952 0.580605 0.539603
0.447882 0.562504 0.543901
0.418424 0.625172 1.229195
0.424461 1.379964 1.864447
0.460995 1.403700 1.815413
0.495296 0.655980 1.761817
0.506733 0.542646 1.107565
0.509860 0.527381 1.161556
0.524232 1.199775 1.154294
1.201104 1.187572 1.736730
1.229203 0.475148 2.378742
1.247792 -0.167093 2.408353
1.284488 0.544505 1.811985
1.321582 -0.022075 1.784944
0.702799 0.586425 1.725640
1.337383 0.459365 1.676239
0.719883 0.384757 1.695471
0.729647 -0.227979 2.430182
0.106686 0.481138 2.404909
0.715770 1.065470 1.661680
1.335078 0.364318 1.617012
1.325275 -0.235880 1.643265
1.341426 -0.113543 2.882259
1.340184 0.654558 2.868859
0.666244 0.668469 2.184354
0.621193 0.597953 2.149597
-0.034795 -0.090600 2.178199
0.609304 -0.056145 1.586506
0.616921 -0.020416 0.899489
0.589418 0.568525 0.803209
0.544214 1.166645 0.742224
-0.105034 0.507424 0.745187
1.187099 -0.621677 0.743594
-0.147218 -0.586610 1.990924
-0.757625 -1.879719 1.963070
-0.781541 -1.907864 1.956497
-0.832618 -1.970779 0.663838
-0.866713 -1.412380 0.698427
-1.542348 -1.468280 0.740965
-1.535696 -2.136945 1.983659
-0.264509 -2.758991 1.949209
-0.298589 -2.092891 1.267168
-0.958019 -2.064727 1.346850
0.386341 -0.135301 2.090955
0.387352 -0.096130 2.165312
1.072022 -1.363108 1.576217
1.045570 -1.394121 0.372356
1.037860 -1.471296 1.083655
1.055460 -0.860025 -0.154720
1.105883 0.957864 -0.193634
1.165599 0.435758 0.908259
0.571270 0.490387 -0.462143
1.212749 0.473577 0.204268
1.229296 0.447450 0.249789
1.246536 -0.175406 -0.366687
1.257986 -0.749844 -0.407975
1.253572 -0.088037 -0.451198
1.217274 -0.187275 -1.086610
1.169392 -0.949115 -1.041922
1.155281 -0.932366 -1.698678
1.803006 -0.194717 -1.205320
1.790207 -0.158898 -1.338644
1.752403 -0.880121 -0.633889
1.709487 -0.331967 -1.148862
1.048370 -0.368173 -0.372082
1.661077 -0.352025 -0.404456
1.658318 0.289216 -0.462114
1.649670 0.886278 -0.456104
1.021504 0.791957 -0.407833
1.054010 0.101957 0.191451
1.127869 0.820419 0.835082
1.186189 0.868117 0.785009
1.189475 0.286901 0.101078
-0.135279 0.955303 0.141763
-0.758901 0.366117 -0.457727
-1.374332 -0.239173 -1.724359
-1.375481 -0.255742 -1.690557
-1.435421 -0.282833 -1.679445
-1.491331 1.008719 -0.392707
-1.469901 0.929461 -0.461834
-1.396647 0.917368 -1.113206
-0.741076 0.928710 -0.442768
-0.722794 0.975581 0.158031
-0.707261 1.721887 0.104062
-0.655874 1.731522 -0.572003
-0.608898 1.700056 -0.528592
0.653932 1.667001 0.250836
0.598682 2.321630 0.317901
0.564634 2.310405 0.295939
0.599614 0.335671 0.247100
0.657680 0.282118 2.082669
0.692319 0.263775 2.754790
0.697753 0.309880 2.769259
0.053625 0.379554 2.736113
0.079557 0.415578 1.991801
0.744191 1.087703 1.302982
0.717244 1.081630 1.333950
0.647521 1.115825 1.999497
0.589636 0.573532 0.750811
0.581027 -0.042578 0.763058
0.590437 -0.697887 0.128215
-0.056834 -0.700170 0.107836
-0.660429 -1.252106 1.404825
-0.655214 -1.136108 1.372807
-0.636027 -1.735191 1.367165
-0.625892 -1.770154 1.374906
-0.640338 -1.821464 1.383707
-0.669641 -1.829034 1.392287
-0.675657 -1.820120 1.420309
-0.644419 -1.240263 1.462126
-0.582435 -0.685243 2.142650
-1.189269 -0.726056 2.139713
-1.148190 -1.319271 2.130810
-1.775176 -0.659643 2.803391
