-1.010503 -0.361500 4.797453
-0.945083 -0.428696 4.751792
-0.902397 0.124945 4.159963
-0.278883 0.717318 4.905064
-0.306372 0.672432 5.600201
-0.324295 0.634476 3.066128
-0.308581 0.602836 3.070751
-0.289470 0.595601 3.070584
-0.282646 -0.043738 3.143167
-0.958837 1.240281 3.103679
0.340761 0.511263 3.015063
0.330482 0.455508 2.939297
0.334200 0.421904 2.914531
1.036635 0.428447 3.516243
1.031483 0.481482 3.494145
0.991925 0.493260 2.866235
0.940291 1.763879 2.280627
0.905659 1.200354 2.284515
0.911427 1.233655 2.874814
0.320652 0.579761 2.869471
0.312705 -0.060814 2.852022
0.259867 -0.050085 3.475918
0.218934 -0.595653 3.458164
0.242882 0.087035 3.447556
-0.305099 0.110545 3.458044
-0.303680 0.745386 3.500881
-0.354772 0.755563 3.563171
-0.371383 0.803074 3.619806
-0.321344 1.491390 3.647818
-0.882736 1.469942 3.636195
-0.865427 1.405925 3.619671
-1.568390 1.366923 3.007991
-1.563006 1.383854 3.017523
-2.127685 1.402489 2.386481
-1.456492 1.364678 2.368487
-1.473636 1.315034 2.357960
-2.197489 1.327984 1.732158
-2.164516 1.391698 1.759592
-1.477255 1.424399 1.750543
-2.087772 1.383767 2.369071
-2.114064 1.327958 2.302823
-1.473995 1.337300 2.265809
-0.859156 0.148532 2.853854
-0.900825 0.207526 2.234037
-0.988588 0.208084 2.245164
-0.376277 0.168458 2.255389
-0.404520 -0.420781 2.271574
-0.379696 -0.349637 2.286225
-0.339186 -0.307568 2.285291
-0.299136 -0.345595 2.827305
-0.259122 0.209737 2.777624
-0.876625 0.213218 2.736685
-0.855748 -0.956791 2.732809
-0.846019 -0.929736 2.129681
-0.849224 -0.968034 2.159102
-0.852356 -1.659654 2.165750
-0.864040 -1.629378 1.481569
-0.849188 -2.895092 1.479524
-0.812154 -2.845015 1.466669
-0.774260 -1.622259 1.425450
-0.812901 -1.650925 1.363483
-1.456720 -2.273411 0.662590
-1.510388 -2.211946 1.314930
-1.533984 -2.142641 1.999333
-2.187189 -2.129839 2.048307
-2.260359 -2.153571 2.087363
-2.977267 -2.155517 1.463829
-2.997699 -2.103649 1.480603
-3.573521 -2.049089 1.491841
-3.554760 -1.429226 2.121096
-3.609354 -2.786945 2.774101
-3.021448 -3.512368 2.775588
-1.819584 -2.934983 2.777975
-2.413668 -2.967759 2.809028
-1.084360 -3.628949 3.551805
-1.109058 -3.636237 3.629606
-1.132035 -3.643548 2.415100
-1.139880 -3.631121 1.759846
-1.069508 -3.595768 2.978207
-1.057751 -2.912081 3.000474
-1.764922 -2.917556 3.649632
-1.822508 -2.275773 3.619507
-1.174237 -1.655378 3.535954
-1.193807 0.274046 3.519349
-0.510305 -1.720842 2.952819
-0.480169 -2.304325 2.385674
-0.452023 -2.286819 1.734098
-0.437593 -1.643110 1.720952
-1.030931 -1.618052 1.744384
-1.032435 -1.581971 0.422103
-1.024610 -1.576734 0.432264
-1.035255 -1.622987 0.401973
-1.093132 -1.068010 0.358853
-1.816958 -1.096836 0.341272
-1.882497 -1.084222 0.986368
-1.879532 -1.061431 1.679754
-1.829441 -1.691990 1.037499
-1.793615 -0.462360 1.067121
-2.387811 -0.445578 1.109956
-2.389017 -0.413730 1.144028
-1.710583 0.220008 1.774022
-0.531893 0.225872 1.706772
-1.165310 0.215784 1.646709
-1.137138 0.217147 1.698415
-1.135094 0.249157 1.108969
0.294301 -0.359734 0.393092
0.248442 -0.324902 0.994342
0.269624 -0.314016 0.374081
0.876067 0.322466 -1.418985
0.892611 -0.263424 -1.421233
1.520408 -1.513192 -0.904042
0.792556 -0.902529 -0.388798
0.757262 -1.583015 -1.681896
0.079517 -1.625469 -2.281086
0.077329 -1.618594 -1.642940
0.033634 -0.971232 -1.718795
0.624325 -0.953917 -2.331649
1.199857 -0.965245 -2.314750
1.228571 -0.321306 -4.121037
1.273869 -0.924035 -4.140034
1.266945 -0.902513 -2.989530
1.207103 -0.900529 -3.021372
0.490308 -0.322430 -2.883670
0.489778 -1.562619 -3.513988
0.513246 -1.495369 -4.221585
1.193485 -1.467957 -4.277348
1.839962 -2.124636 -4.299114
1.151879 -2.087275 -4.245369
2.430383 -2.002295 -3.482099
2.471580 -1.303989 -3.495588
2.501951 -1.356625 -3.552294
2.498804 -1.418952 -2.976876
2.499770 -1.420664 -2.962954
1.877103 -1.372559 -2.907819
1.901877 -1.397776 -2.864259
0.668750 -1.494578 -2.226468
-0.035140 -1.565099 -2.230758
0.529183 -0.918632 -2.215379
0.549876 -1.497246 -2.193033
0.579033 -1.514455 -1.531543
0.566043 0.273016 -1.530293
0.530379 0.236110 -1.530736
1.176913 1.467345 -2.178072
0.607287 0.870001 -2.180320
0.643445 0.901657 -2.181256
0.628798 0.864769 -2.802036
1.244130 0.816232 -3.428368
1.912621 0.840877 -3.375422
1.948861 -0.310887 -2.756550
1.948762 0.318776 -3.423082
1.916555 -0.358504 -4.081412
2.524630 -1.053168 -4.059335
2.532517 -1.691523 -3.439682
1.916666 -1.701844 -2.824718
0.658628 -0.414713 -2.192586
0.618363 -1.066623 -2.202786
0.592779 -1.087876 -2.224409
0.581747 -1.677396 -2.886994
-0.078510 -1.590675 -2.252867
-0.087806 -0.869660 -2.245589
-0.075810 -0.233960 -1.644822
-0.039545 0.379166 -2.288231
-0.683431 0.384113 -2.295198
-0.125084 -0.214868 -2.298255
-0.152898 -0.158793 -1.704508
-0.141271 0.510623 -1.112840
-0.117092 -0.211389 -1.127497
-0.133629 0.382359 -1.101885
-0.181088 1.044059 -1.145905
-0.204492 1.743419 -1.798205
-0.154221 1.725493 -1.825524
-1.323743 1.654166 -2.421051
-0.668796 1.584996 -2.393221
-1.332966 0.911137 -2.405095
-0.702682 0.231256 -1.725040
-0.039511 0.223404 -1.785377
0.602970 0.223703 -1.757058
-0.034008 -1.001655 -1.686742
-1.282973 -1.026545 -1.050552
-1.269480 -1.010978 -1.117129
-1.213075 -0.315652 -1.176544
-1.174097 0.364142 -1.784686
-1.188287 0.366540 -1.060680
-1.221017 0.356987 -0.360311
-0.608514 -0.276069 -1.658565
-0.582505 -0.862134 -1.716306
-0.572018 -0.792915 -1.086885
0.034841 -0.192783 -1.022193
0.008184 -0.235058 -0.935300
0.022264 -0.258132 -0.255905
0.060456 1.092426 -0.282048
0.071533 1.177562 -0.910566
0.056943 1.177014 -0.894165
0.053985 1.111352 -0.836972
0.069921 0.395920 -0.808682
-0.573941 0.373714 -0.851917
0.018651 1.650988 -0.922871
0.003025 1.009749 -1.577412
-0.577508 0.969857 -1.544289
0.151310 0.924280 -0.893794
0.217449 0.342221 -0.958623
1.511041 0.419887 -1.027735
0.831266 1.108636 -1.631420
0.838152 1.150839 -1.555764
1.531645 1.161659 -0.863521
1.575607 1.855948 -0.907593
0.335505 1.896903 -0.313730
0.326989 1.905322 0.314691
-1.577079 2.545428 0.357115
-1.601570 2.507476 0.373789
-2.212158 1.826040 0.322711
-2.220304 2.461452 0.225307
-2.241177 2.438013 0.167481
-1.669485 2.424306 0.185987
-1.732688 3.043974 0.213794
-1.133829 3.027246 -0.466665
-1.158158 2.340304 -0.545260
-0.578217 1.702700 -0.609134
0.003019 1.717287 -0.604162
-1.282203 1.729353 -0.557265
-0.046360 2.396045 -0.550066
0.564051 1.089019 -0.596438
-0.065644 1.075799 -0.616248
-0.096000 1.756867 -0.552265
-0.811819 1.823748 -1.058401
-0.204158 2.497858 -1.005395
0.435399 1.795354 -0.362581
0.466859 1.729488 -0.358280
0.459933 1.755246 -0.296438
1.033440 1.773059 -0.224914
0.362337 2.430066 -0.896088
0.386820 2.337783 -0.977687
0.417527 2.927209 -1.030341
0.445498 3.634562 -0.992818
0.436762 3.053876 -0.930551
-0.200397 1.767353 -0.943552
-1.962702 2.961226 -0.354486
-2.542672 3.514473 -0.391900
-2.556073 2.310352 1.601912
-2.597769 2.935359 1.573305
-2.567301 2.877497 1.507919
-1.198046 2.779702 1.451318
-1.769744 2.725403 1.431897
-2.361289 2.744216 1.431391
-2.418455 2.784652 1.433483
-2.410932 2.138647 1.433555
-2.979380 2.115922 1.459687
-1.722149 2.102512 1.501034
-1.034518 3.417622 1.519402
-1.066966 3.415181 1.529618
-0.457591 3.389575 1.551465
0.877463 3.378843 1.602096
0.912212 3.411456 0.995874
0.894958 3.473651 1.024197
0.865620 4.768110 0.415280
0.873811 4.762334 0.487293
0.918101 3.545288 0.568838
0.947528 2.923508 -0.033100
1.562049 2.913742 0.592718
0.198401 2.888304 0.593684
0.157121 2.859445 0.609765
0.165926 2.842796 0.608644
0.170448 2.836849 0.557749
-0.515400 2.851982 1.817904
-0.552074 2.890117 2.428250
-0.554119 2.322640 2.455462
-0.510230 2.376639 2.476866
0.128522 1.779788 2.429261
1.318513 2.409523 1.696734
0.664796 3.024397 2.285785
0.665631 3.019838 2.275398
0.697688 3.043902 2.253064
0.136612 3.680615 2.181842
0.140805 3.735822 2.122085
0.110900 3.780234 2.122514
0.101252 2.520736 2.163538
0.140003 3.203242 2.183583
-1.645863 3.256088 2.165628
-1.684221 3.274521 2.161309
-1.755636 3.854606 2.195816
-1.781914 3.141664 2.224305
-1.112648 3.110807 2.202177
-1.083850 3.792637 2.167985
-1.112644 3.856052 2.185619
-1.158965 3.843072 2.242901
-1.139531 3.769623 1.651427
-1.053313 2.511580 1.656889
-0.986161 1.292551 0.383597
-0.991103 1.335868 0.397922
-1.030991 1.951639 0.397853
-0.419580 1.882419 0.361066
-0.351670 2.447196 0.308964
-0.298677 2.482166 0.275695
-0.325656 3.172180 0.916873
-0.390117 3.187987 0.302810
-0.407815 3.159748 0.287150
-0.357594 3.150951 0.268046
-0.299920 2.554341 0.277195
-0.324467 2.612245 1.650914
-0.403194 2.617063 1.685825
-0.433693 1.939753 2.287205
-0.389746 1.858433 2.823277
-0.978306 3.160648 3.399074
-1.015449 2.602636 3.383498
-1.090399 2.633623 3.421471
-1.113863 2.530660 3.436391
-1.072390 1.112057 3.398453
-1.037235 1.089694 2.710219
-1.071542 2.406253 2.761457
-0.508633 3.029467 2.212934
-0.515750 2.923955 2.189419
-0.481103 3.524116 1.429516
-0.463019 2.899544 1.375249
0.134498 2.296219 1.430814
0.112043 2.954805 1.520627
0.119645 2.905135 1.531218
0.151164 2.887855 1.477393
0.165158 2.942407 2.113697
0.143435 3.012768 2.161440
0.124696 3.014432 2.188665
0.120574 2.946019 2.111596
0.125089 2.913820 1.989765
1.328503 2.954565 1.933739
1.308831 3.000635 1.974525
1.307221 2.989773 2.031606
1.303454 2.330688 2.030224
1.286404 1.696764 1.989093
1.251281 1.107333 1.970801
1.232494 1.152637 2.623204
0.005573 1.785800 2.635626
0.010155 1.715934 2.596404
0.633260 1.687955 2.527045
0.597635 1.716578 3.133862
0.626957 1.742244 3.139596
-0.564306 1.721957 2.532757
0.109438 1.673258 1.971270
0.703457 1.655737 1.330913
0.701086 1.049256 0.720109
1.346981 1.081870 1.432525
1.376743 1.087681 1.491283
1.374968 1.068817 1.508589
1.355276 1.059365 2.761730
0.709669 1.083188 2.048181
1.356423 1.122977 3.405213
1.339561 2.438110 3.484556
1.929992 1.832589 3.516036
1.883100 1.833650 3.552700
3.130020 1.859372 3.584520
3.112935 1.224070 3.595646
1.120333 1.245958 3.586738
1.095888 1.870408 3.553265
1.081469 3.138623 3.513767
1.075788 3.782219 3.486674
1.081705 3.765201 4.127330
0.478079 3.710562 4.163999
0.430071 2.992173 4.208650
0.427481 2.960739 4.264528
0.423822 2.954555 4.292202
-0.172213 4.259421 4.300579
-0.166990 4.234821 4.278382
-0.780218 4.224525 4.247059
-0.769480 4.236803 4.238632
-0.747736 4.234366 4.229803
-0.735661 2.250589 4.214326
-0.728375 2.195035 4.204977
-0.720948 2.168648 4.214059
-0.707579 1.589198 4.240754
-0.689862 1.658505 4.233406
-0.695070 1.672473 4.171291
0.551065 1.643165 4.076117
0.509701 2.332493 3.994915
0.483455 2.409055 3.957603
0.492727 2.434876 2.686437
0.515699 -0.146881 2.614755
-0.085309 -0.214291 2.570554
-0.062281 -0.186610 2.611122
-0.024701 -0.124917 3.324800
0.025682 -0.767595 2.708402
-0.620299 -0.845486 2.016182
-3.206465 -0.189835 1.369390
-3.849943 -0.137441 0.157788
-3.875925 -0.095068 0.167124
-3.852069 -0.771328 0.082741
-3.816317 -0.842676 -0.639669
-3.794523 -0.220251 -0.655123
-3.197979 -0.185577 0.067380
-1.232692 -0.154110 0.132357
-0.589785 -0.805418 -1.183517
-0.607149 -0.832919 -1.276429
-0.617920 -0.859029 -1.272690
0.010357 0.472695 -0.556127
-0.615307 -0.175837 -0.551996
-0.619563 -0.793052 0.614399
-0.619067 -0.242440 0.558017
-0.587972 -1.511705 -1.365126
-0.533693 -1.508666 -1.284872
-0.470422 -2.131124 -1.198418
-0.434840 -2.105960 -1.808964
-0.420055 -2.137551 -1.828257
-0.401231 -1.559363 -1.817957
-0.382111 -1.562374 -1.758855
-1.017654 -2.157497 -1.695435
-1.057543 -2.125950 -1.698123
-1.746622 -2.137211 -1.136120
-1.743345 -1.536344 -1.177436
-1.720404 -1.511859 -1.153100
-2.376673 -1.457151 -1.070905
-2.406360 -1.410948 -1.019482
-2.431548 -1.427449 -1.670602
-2.436115 -0.868890 -1.754398
-2.445493 -0.854150 -1.799482
-2.467750 -0.786424 -1.111221
-2.495739 -1.385679 -1.087628
-0.597714 -1.417917 -1.130194
-0.573383 -1.456539 -1.220170
-0.530029 -1.427250 -1.269509
-0.518538 -0.717944 -1.227365
0.133245 -1.365047 -1.163829
0.113426 -0.732352 -1.175199
0.114513 -1.382986 -1.239693
0.115264 -1.354989 -1.275128
0.093475 -1.293388 -1.909318
0.067648 -1.300201 -1.850194
-0.524370 -1.365533 -1.866491
-0.473747 -1.372170 -1.949312
-1.081548 -1.343756 -1.992072
-1.088813 -1.333480 -1.930019
-1.111854 -1.341058 -1.842435
-1.105706 -2.553829 -1.857733
-1.089988 -1.861070 -1.959897
-1.110594 -0.489983 -2.032692
-1.187203 -0.467714 -2.019333
-1.283918 -0.486709 -0.674992
-1.327047 -0.481279 0.541462
-0.709310 -0.430425 1.051615
-0.702574 -1.018219 1.005137
-1.365599 -0.998039 1.680827
-1.417899 -1.018909 1.697093
-1.419133 -1.702898 1.669757
-1.391777 -1.018302 1.631996
-1.391702 -0.359947 1.638501
-1.429738 -0.360898 1.680006
-1.469769 -1.081731 1.086907
-0.860452 -1.125712 0.481975
-0.793988 -0.465509 -0.248259
-0.727383 -0.433613 -0.262960
-0.689462 -0.465865 -1.498365
-0.667095 -0.549747 -0.799049
0.681015 -0.591695 -0.768750
0.050643 -0.564244 -0.754607
0.061343 -0.523574 -0.061362
0.037481 -0.540853 0.092930
0.616617 -0.609362 0.147374
0.603366 -0.629440 0.695140
0.603976 -0.548649 1.266409
0.609235 -0.447726 1.885466
0.593721 -0.429826 3.217463
0.578879 -0.478764 3.826061
0.560309 -0.484869 3.858001
0.522902 -0.417773 4.518750
-1.406258 -0.368315 4.518186
-2.616041 -0.401974 3.854672
-2.653659 -0.483897 3.839315
-2.758432 -0.501822 3.813976
-2.855065 0.770699 3.756649
-2.875525 0.831589 2.383666
-2.867108 0.794306 1.725266
-2.241016 0.706261 1.757034
-2.961485 1.332986 1.147066
-2.979228 1.363329 1.241074
-2.917433 1.375426 1.269670
-2.848984 0.653289 0.650893
-2.848719 1.199900 1.274501
-2.907671 1.179886 1.275365
-2.935121 0.603903 1.260352
-3.534318 0.645194 1.227033
-3.464258 1.835835 1.789164
-3.461473 1.773500 1.756268
-3.530891 1.731490 1.773237
-3.544857 2.368976 1.808049
-3.448703 2.355912 1.794316
-3.313150 1.685774 1.121107
-3.258292 1.668215 1.106628
-3.284840 1.666856 1.076998
-2.613447 1.699966 1.030556
-2.550310 2.398542 0.985124
-1.831514 2.435273 1.605528
-1.825583 2.430402 0.320582
-2.518542 2.428639 0.381061
-2.537108 2.450720 1.062517
-3.086097 2.484347 1.114034
-2.352443 3.154997 -0.072678
-2.979408 3.161108 -0.030476
-2.398321 2.515089 1.262956
-2.441484 2.516815 0.537251
-2.417884 2.532382 0.480846
-2.385724 2.541250 0.471064
-3.042417 1.902647 1.131163
-3.127850 1.874878 1.153653
-3.169475 1.865192 1.144781
-2.478482 1.858341 1.129795
-2.459937 1.832142 1.150050
-2.520203 1.787190 1.167875
-2.607932 2.391337 1.777995
-2.034437 1.755873 1.646378
-1.418836 0.994605 0.908859
-1.434835 1.023974 0.943918
-1.480284 0.395742 1.036678
-1.493193 -0.214569 1.075247
-2.139726 1.020682 1.040763
-2.063934 1.619784 0.959497
-1.305741 1.637468 1.637167
-1.287504 -0.211306 1.693433
-1.904275 -0.184958 1.650724
-1.271360 0.475456 1.526843
-1.219120 1.089966 1.428757
-1.228386 1.053448 1.427011
-1.938587 1.054234 2.123403
-1.958152 1.737814 2.098070
-1.893038 1.754630 2.649508
-2.435150 1.704920 1.953774
-2.432853 1.633595 1.971564
-1.869544 1.622601 1.379699
-1.866856 1.657688 0.680674
-1.813948 1.672397 1.252036
-1.168108 1.622078 1.189581
-1.242710 1.563662 0.549495
-1.990288 0.959943 0.597085
-2.670931 1.638510 0.641293
-2.658004 2.370826 0.693735
-3.331598 1.788579 0.775145
-3.387470 1.109312 0.864765
-3.459715 1.742834 0.930790
-3.439711 3.055165 0.935975
-3.349359 3.113823 0.898647
-1.335374 2.462059 0.884545
-1.354436 1.716558 0.903624
-0.037923 1.659502 1.585062
-0.600133 2.293915 2.272914
-0.613893 2.386023 2.268164
-2.574687 1.722506 1.691608
-2.527220 1.636575 1.712662
-2.477036 2.198611 1.702708
-2.456206 2.886494 1.641737
-2.458582 2.935522 1.555874
-2.464554 2.925244 1.486530
-1.884330 2.887209 1.451425
-1.889938 2.859975 1.458246
-1.276687 2.914533 1.488709
-1.303840 3.005078 2.151457
-1.320399 3.070075 2.172693
-1.323582 3.070222 2.202130
-1.333495 2.388644 2.232130
-0.088022 2.462070 2.218883
-0.112174 2.507551 4.120733
0.510957 2.521910 4.072675
0.499387 1.823995 4.085467
0.480551 2.413998 4.809887
-0.818245 2.386515 4.847670
-0.818392 2.396600 4.848902
-1.386424 1.751910 4.877472
-0.692195 1.085792 4.942164
-1.317302 1.689066 4.993742
-2.573387 1.666906 4.376374
-1.185189 1.677786 4.327319
-0.487362 2.306856 4.297263
-1.753450 1.664465 4.317862
-1.824602 2.192177 4.368175
-2.497655 2.090066 3.785050
-2.434699 2.051708 3.773899
-1.696142 2.081097 3.087849
-1.669534 0.865388 3.107260
-1.694747 0.797131 3.119483
-2.347060 0.724302 3.093049
-1.615282 0.109611 3.049414
-0.902712 0.208780 3.022781
-0.937595 -0.360149 3.013289
-2.330679 -0.995442 3.009007
-1.187004 -0.349966 2.997567
-1.139884 0.329676 3.003220
-1.076280 1.002692 3.020549
-1.117571 -0.232866 3.014612
-0.668808 -0.910088 2.979376
-0.694928 -0.315725 2.947596
0.682622 0.377259 2.939456
0.686934 0.407275 2.932357
-0.773706 0.419295 2.917023
-0.901305 0.393901 2.902217
-0.955962 0.335781 2.915371
-0.898803 0.284275 2.341803
-0.854931 0.265420 2.409859
-0.903141 0.267210 1.158809
-0.989155 0.264273 1.158413
-1.010159 0.242138 1.141538
-0.954201 0.217251 1.151540
-0.279052 0.212707 -0.060027
-0.343113 -0.433449 -0.028239
-0.422543 -0.386773 -0.031392
-1.661977 -0.980579 -0.050427
-1.555052 -0.967940 -0.060805
-1.519268 -0.926090 0.552978
-1.585841 -0.904403 -0.091924
-2.304163 -0.854761 -0.099122
-2.293161 -0.813817 -0.092119
-2.218283 -0.153641 -0.086380
-2.162077 -0.151749 -0.099367
-2.836355 1.193923 -0.125404
-2.847713 1.205299 -0.150228
-2.789741 1.878844 -0.155825
-2.070245 1.861941 -0.167001
-2.032261 1.786638 -0.190008
-2.003465 2.332796 -0.193980
-1.954392 1.678585 -0.161773
-0.587087 2.356988 0.442335
-0.571197 3.029526 -0.206787
-0.565202 1.708279 -0.253801
-0.571136 1.644445 -0.271673
0.050090 1.648179 -0.864613
-0.588492 -0.240947 -0.852778
-0.607769 -0.890323 -0.258887
-0.613273 -0.881629 0.343296
-1.195800 -0.866316 0.347635
-1.132389 -0.195465 1.025036
-0.497178 -0.168805 1.689343
0.055826 1.129629 1.721284
-0.015670 -0.138017 2.399720
-0.644976 -0.102681 2.407444
-1.838851 0.549276 2.375978
-0.630395 0.520944 2.346930
-1.315603 0.516212 2.369435
-1.349778 0.566370 2.430108
-1.319068 0.633144 2.471815
-0.627194 0.666515 2.461538
-0.606060 0.684514 1.756613
-0.665204 0.726619 0.544548
-0.727497 0.761419 1.903485
-1.372446 1.445902 1.936992
-1.322156 1.433402 1.913753
-1.331661 2.028571 1.882288
-2.730321 1.985683 1.893455
-2.734829 1.941192 1.935839
-2.645855 1.320271 2.554679
-2.550507 1.336168 2.544146
-2.574737 1.378596 2.522550
-2.657799 1.409475 2.534345
-2.677890 1.387488 3.200374
-2.606560 1.332679 2.545261
-1.256030 1.288178 2.530170
-0.696375 1.267413 2.520504
-1.410304 1.256142 2.524759
-1.375081 1.216074 2.547422
0.027377 1.146430 2.575451
0.747076 1.109758 2.600783
2.009409 1.147650 2.626611
2.636161 1.222086 1.988311
1.343664 1.242692 1.998457
1.393413 0.579574 1.337494
0.801402 0.544389 2.651870
0.752315 0.557458 2.616448
0.690805 0.606957 2.608749
0.679267 0.614025 2.625176
0.773708 0.561750 2.633401
0.162935 0.510368 2.642598
0.129580 1.793453 2.658428
0.104341 1.852013 2.662810
0.132611 0.618148 2.646245
0.166995 0.643045 2.603969
0.133103 1.846512 2.557882
0.053824 1.771409 2.524478
0.621146 1.792544 2.516399
0.658858 1.209090 2.514547
0.716572 1.199241 2.510592
0.718920 0.541368 2.530289
0.671792 0.507184 2.555643
0.022381 0.554087 2.558434
-0.558034 0.594665 2.524328
0.107035 1.859781 1.847569
0.085251 1.800380 3.241064
0.029410 1.173039 3.270572
-0.005961 1.239348 1.933857
0.002089 1.294647 2.586825
-0.640445 1.297069 1.987111
-1.960067 1.277592 1.363294
-3.222668 2.635744 2.013499
-3.221596 2.654928 2.021769
-2.587124 1.981975 3.303613
-2.593641 0.643122 3.228977
-0.667536 0.632894 2.502490
-0.689483 0.648510 2.509451
-0.684423 0.658002 2.537566
-0.659864 0.020222 2.529182
-0.626980 0.713087 3.744742
0.057703 1.447517 3.763448
0.120357 1.513993 3.808975
-0.454921 0.887458 3.810862
-0.437186 0.884619 3.758563
0.143635 0.892834 4.322372
0.105248 0.892728 3.675302
0.069002 0.893325 3.731272
-0.559234 0.870991 3.761901
-0.592581 0.886541 3.738751
-0.019415 1.505031 3.717335
-0.620291 0.868661 3.738489
-0.601316 0.870546 3.796628
-1.191723 1.471355 1.941571
0.136810 1.415987 2.519428
0.104596 0.767131 2.449493
0.078272 0.759900 2.457372
0.065254 0.737015 2.561350
-0.587075 -0.621137 2.654519
-1.914776 0.009162 2.666170
-2.570682 0.026986 2.642815
-2.597974 0.039546 2.654109
-2.574712 0.642900 2.082988
-2.483297 0.025212 2.086111
-2.370377 0.021590 2.575202
-2.938703 0.653031 2.470098
-2.940198 1.284335 2.480832
-2.334617 0.595714 1.937670
-2.303576 0.540107 2.006334
-2.883500 0.533862 1.982919
-1.570882 0.577535 2.578081
-1.634105 1.247994 2.601658
-1.622066 1.222507 2.669269
-1.546299 0.583569 2.657598
-1.529208 -0.033195 3.857775
-0.969884 1.297809 3.774891
-1.063647 1.310683 3.788329
-0.439086 1.240388 4.513375
-0.409589 1.154957 4.530909
-1.083949 0.501511 4.490099
-1.180334 1.168371 4.450393
-0.598753 1.162389 4.471227
-0.574555 0.498157 5.146192
-0.506161 0.452197 5.109347
-0.500373 -1.503388 4.998313
-1.191789 -1.440637 4.924670
-1.195216 -2.006502 4.310910
-1.150610 -1.386680 4.422684
-1.114626 -0.734448 4.474665
-1.134720 -0.654755 4.447376
-1.174511 -0.565522 3.779040
-0.552208 -0.527143 3.806789
-0.498952 -0.533555 4.446558
-0.469214 -1.192718 4.418860
-0.487831 -0.494847 4.994227
-0.495662 -0.455938 4.969879
-0.462890 0.806902 5.021015
-0.431199 0.761792 4.478340
-0.444339 0.730701 4.518652
-0.506336 0.749741 4.547821
-0.533779 2.102086 3.936646
-0.479925 2.761678 2.618528
0.216152 2.769511 2.619250
0.225632 2.791940 2.633068
0.186267 1.534581 3.936841
0.817115 1.590973 3.949210
0.877472 0.967531 3.956807
0.333066 1.618742 3.969593
0.349368 1.610529 3.999372
-0.248673 2.313620 4.046829
-0.270073 2.355187 4.100784
-0.238781 2.371608 2.863484
-0.191713 1.695522 2.860630
-0.203221 1.648652 2.851649
-0.267566 1.628791 2.854873
0.329504 2.246455 2.865476
0.323687 2.237604 2.855949
0.347338 2.199056 2.173300
-1.501825 2.161292 2.162448
-1.554607 2.769442 2.181636
-1.598325 2.774636 1.596807
-1.611753 3.439806 1.610034
-0.409272 2.786877 0.352583
-0.443745 2.092687 0.351673
-0.504148 2.067142 0.374810
-0.545567 2.686297 2.251105
-0.545865 2.020486 2.239652
-0.500573 1.356297 2.177300
-0.457500 1.324358 2.143638
-0.477005 1.311564 2.183730
-0.537789 1.992940 1.663695
-0.587317 1.408940 1.669297
-0.605443 0.726369 3.486515
-0.623707 0.002288 3.443475
-0.652149 0.569061 3.452449
-0.668583 0.534200 4.643137
-0.652524 0.530337 3.973479
-0.602437 1.806937 5.147971
-0.565689 1.782575 5.122993
0.071904 1.172008 5.783287
-0.615779 0.546590 5.828454
-0.662150 -0.006731 5.188673
-0.682736 0.042860 5.127126
-0.679188 -0.598433 5.142310
-0.673198 -0.643672 5.218607
-0.675041 -0.637137 5.227811
-0.661132 -0.015180 5.139731
-0.617064 0.678745 5.062631
0.051950 0.050488 5.085976
0.055242 -0.572197 5.161735
-0.638742 0.021369 5.175238
-0.721577 -0.509520 5.131638
-1.347973 -0.516483 5.095646
-2.017765 0.046367 5.121425
-2.665730 -0.634549 5.159261
-2.040635 -0.678287 5.128437
-1.415193 -0.094803 5.056658
-1.341042 -0.127801 5.019022
-1.284046 1.720006 5.053599
-0.650408 1.726205 5.100253
-0.691180 2.371144 5.713579
-0.690706 1.786048 6.298023
-0.644566 1.827321 6.297311
-0.617134 1.184428 6.320775
-1.263373 1.187973 5.120623
-1.268349 1.199869 5.075325
-1.886865 1.225498 3.736298
-1.807646 1.251108 3.703233
-1.772528 1.281400 3.736881
-0.547254 1.305514 3.763077
-0.623101 1.338953 3.731856
-2.021405 0.727462 3.684184
-2.018226 -0.536060 3.693437
-1.389610 -0.567974 3.747996
-0.778302 -0.621344 3.761302
-0.805817 -0.013918 2.456653
-0.783427 -0.067554 1.797512
0.519148 0.472764 2.410380
0.535694 -0.152266 2.450794
1.178500 0.531939 2.461623
1.150892 -0.107137 1.211530
0.509324 0.494662 1.182204
0.513429 1.744939 1.841695
0.525070 1.173226 1.947810
0.543320 1.198209 1.982514
1.161130 0.561031 1.941892
0.562640 1.165125 0.613625
1.232847 1.162758 0.629995
1.265461 0.553688 0.046981
1.283905 1.210621 0.063648
1.291951 -0.043447 0.033828
1.283435 -0.648917 0.012920
1.264528 -0.666013 0.054059
1.269647 0.619101 0.148404
1.285155 0.630174 0.175566
1.290063 0.620632 0.134309
0.626578 0.564497 0.691867
-0.568241 1.801961 0.673437
-0.534956 1.126682 0.701144
0.688381 1.784656 0.107948
0.639600 2.475163 0.082610
1.227736 3.095336 0.038110
1.240424 3.058157 0.658922
1.238884 2.411296 0.698792
1.187488 2.437636 0.735474
0.541119 1.862341 0.106800
0.547288 1.834124 -0.586377
0.589537 1.784451 -0.586790
1.230500 1.752018 -0.527463
1.209581 2.360065 -0.475171
1.204875 2.370233 -1.118418
1.210525 1.134948 -1.174471
-0.038725 0.493485 -1.172483
0.624943 1.048076 -0.472972
0.644825 1.009548 0.230688
0.680125 1.631946 0.833207
0.700796 2.226449 0.779162
0.053678 2.192538 0.173948
0.661603 2.165349 0.234564
0.632646 2.150011 0.282100
0.594771 2.145450 0.284514
0.559505 2.151254 0.284914
0.519423 1.528618 0.319469
0.441466 1.549226 0.370315
-0.157121 0.255386 -0.994380
-0.184560 0.216661 -1.039363
-0.159635 0.776738 -1.712847
-0.138131 0.812131 0.090767
-1.433029 -0.501180 0.108165
-0.854720 -1.035175 -0.498353
-0.866740 -1.058089 -0.502814
-0.829223 -1.076400 -0.528291
-0.813782 -0.441159 -0.537117
-0.859303 -0.356850 0.126040
-0.916317 -0.961507 -0.500534
-0.912590 -1.019227 -0.527937
-0.843068 0.209915 -0.566994
-0.771879 0.283315 -0.591052
-0.765185 -0.277141 -0.588361
-1.440189 -0.236004 -0.571887
-0.832224 0.412233 -0.557282
-2.070205 0.395734 -0.542303
-2.063243 1.082363 -0.516988
-2.107570 -0.176957 -0.484041
-1.543763 0.460477 -0.471776
-1.557754 1.060367 -0.497585
-1.504611 2.293483 0.104402
-2.084430 2.286442 0.718068
-2.062718 1.687820 1.291502
-2.081634 1.634340 1.293001
-2.081089 2.225262 0.085008
-2.067690 2.218787 0.112797
-2.699505 2.158263 0.142439
-2.740066 2.154429 0.166274
-2.794393 2.184222 0.766259
-2.827955 2.185481 1.382540
-2.844745 3.399867 0.747660
-2.836359 3.449092 0.728004
-2.821080 3.555359 0.680735
-2.808699 4.906066 0.017731
-2.823118 4.303561 -0.593708
-2.853936 3.705686 -0.533212
-2.871473 3.720230 0.130921
-2.879202 3.742613 0.085937
-2.876641 3.758494 0.705589
-2.887892 3.762981 0.071759
-2.896873 3.781294 0.095759
-2.862722 3.801042 0.727026
-2.798861 3.828714 0.656596
-2.761425 3.828677 0.607069
-2.784691 3.801597 1.476709
-2.827224 3.766951 1.529296
-2.844205 3.132308 1.594643
-2.175538 2.470118 1.600521
-2.183484 3.058038 1.543390
-2.210331 2.956765 2.745450
-2.222966 3.619249 3.364841
-2.864018 3.658346 4.642599
-2.820097 3.073468 3.998976
-1.519675 3.707879 3.919731
-2.237540 3.699066 3.246581
-2.942106 3.683211 3.283667
-3.012314 3.046883 3.338820
-3.057789 3.009669 3.328644
-3.078821 2.995872 3.275635
-3.102433 3.609482 2.650509
-3.117400 3.113271 2.647087
-3.097831 2.523247 2.625684
-3.047299 2.573873 1.279788
-3.652985 3.164547 1.252072
-2.981576 2.575819 1.923269
-2.991891 2.544944 1.970305
-3.005838 2.473780 1.999498
-2.996305 2.406389 2.617144
-2.349879 2.360889 2.600774
-2.381155 2.975151 1.951187
-2.413564 3.557317 1.995324
-2.401160 3.519635 2.564151
-2.337621 4.160388 2.539723
-2.279269 3.614449 1.891501
-2.272603 4.246621 1.901925
-2.305141 4.854804 1.921873
-2.319787 4.182942 2.623106
-2.291242 4.198338 1.989792
-2.273471 4.222420 1.362763
-2.297630 2.932452 1.373408
-2.333625 2.259318 2.006603
-2.973637 1.655696 1.358629
-1.629344 0.469702 1.946024
-1.550481 0.508728 1.935464
-1.554732 0.509346 1.928438
-2.266103 0.502218 1.921486
-2.338691 0.481624 1.938642
-1.706496 0.440330 0.754388
-1.719596 0.369074 0.777085
-1.096707 0.284254 1.369405
-0.490472 0.233192 1.336625
-1.080007 0.209890 1.316014
-0.987153 0.821084 1.311984
-0.326737 0.806556 -0.102141
-0.336955 1.430935 -0.081432
-0.997143 1.504017 -0.061576
-1.001788 0.880213 -0.026366
-0.375699 0.883610 0.042349
-0.388426 0.876559 0.765996
-0.411520 2.095415 0.810660
-0.397567 2.138190 1.497919
-0.330927 1.473559 1.525089
-1.559410 0.813764 1.549610
-1.509812 0.817416 0.896051
-1.488388 0.864473 0.873005
-1.471913 1.590914 1.487681
-2.056490 2.268907 1.516672
-2.689974 2.223337 1.553026
-2.096742 2.189405 2.202849
-2.118968 2.195750 2.176494
-1.459153 2.892610 2.142154
-1.414260 2.928873 2.116084
-1.370517 2.934399 1.451967
-0.779332 2.934002 2.044082
-2.059110 2.962682 1.380802
-1.377738 3.011103 2.044223
-1.409704 3.038042 2.074741
-1.464332 3.665531 2.084102
-1.509369 2.333313 2.075898
-1.507755 2.907250 3.375142
-1.490312 2.909682 3.366682
-1.488724 2.945169 3.370713
-1.473172 3.620238 3.358491
