-1.754346 2.224753 3.758766
-0.469977 2.228918 3.720023
-1.065130 2.218956 3.629647
-1.083933 2.197220 3.556714
-0.467433 1.516589 3.522913
-0.475435 1.492792 3.494753
0.203143 2.154725 3.425029
0.202798 2.186453 3.329313
0.150997 2.211947 3.256919
0.704580 1.540943 3.224205
0.675929 1.515003 3.212532
0.679949 2.766788 3.202792
0.644298 2.122002 3.193093
-0.113589 2.100001 3.189655
-0.228941 2.025214 3.211269
-0.241403 1.993521 3.248717
0.473286 1.978375 4.539564
0.524273 1.977598 4.536145
-0.131743 1.966334 3.876716
-0.176204 1.923311 3.873756
-0.132741 1.863226 2.682377
-0.691557 1.819527 2.684515
-0.666196 1.806851 2.666432
0.546131 1.792337 2.053978
0.501514 1.761947 2.101983
1.178362 1.753072 2.778290
1.279304 1.810403 2.782084
1.356704 1.353987 2.738786
2.056340 1.374308 3.880946
2.060485 1.304454 3.909921
1.453860 1.796737 3.971181
1.513768 1.919707 3.997698
1.554096 0.775414 3.964867
2.198399 1.455081 3.957848
2.157029 2.673856 4.007410
0.864392 1.967013 4.078872
0.837025 2.026410 4.097030
0.838605 2.123745 4.724939
0.863724 2.173861 4.032558
0.205198 2.145432 4.717907
0.218353 2.100985 4.762767
-0.450278 2.092964 4.774611
-0.437626 2.110605 4.736410
-1.057021 2.801602 5.305272
-1.058874 2.738997 5.314191
-1.090348 2.696178 4.102747
-1.128013 2.708120 4.112048
-1.146193 2.030011 4.069474
-1.155823 2.016508 3.997743
-0.516527 1.355050 5.183017
-0.532579 1.365626 5.155404
0.075526 1.377672 5.133776
0.057527 2.012900 5.106353
0.066888 0.676549 3.131235
0.104449 0.038083 3.133392
0.141444 0.715645 3.803041
0.152072 0.734858 3.836273
0.143083 0.743992 3.861630
0.164141 0.761262 2.618857
0.229226 0.790728 3.266262
0.283333 0.813642 3.270047
0.288102 1.453358 3.299129
0.275835 1.421450 4.000565
0.296400 0.760676 3.381572
0.954153 0.770625 4.716267
0.977044 1.431571 4.752135
0.936566 1.429889 4.802640
-0.384114 1.432651 3.592079
-0.410987 0.790350 4.233246
-0.381639 1.475017 4.845208
-0.333630 1.498666 4.795287
-0.342192 0.859521 3.547345
-0.361799 0.819982 2.887045
0.216126 0.138806 2.871168
0.252374 0.132104 2.241391
0.296082 0.767507 2.261052
0.304246 0.743764 1.630566
-0.967658 0.718186 1.644199
-0.358451 0.711305 1.660786
-0.965060 0.737176 1.665038
-0.948589 0.757094 2.299887
-1.554681 0.751371 1.667953
-1.588381 0.733861 1.666251
-2.190037 0.719843 1.707257
-2.184089 0.717724 1.747162
-1.575085 0.713638 1.112507
-1.620882 0.077826 1.084558
-1.023419 0.087919 1.705171
0.284940 0.105223 2.301175
-0.305976 0.128916 2.280413
0.324052 0.146399 1.557407
0.288917 0.155208 2.094314
0.864678 0.146251 2.098489
0.847284 0.785582 2.780199
0.875361 0.760528 3.447799
0.893558 0.729048 3.459012
1.516908 0.697530 2.819232
1.499185 0.678884 2.841862
1.502790 0.676698 1.600063
1.528029 -0.568279 2.234660
1.532307 -0.571104 2.750023
2.797116 -0.564407 2.717325
2.743629 -0.548116 2.111933
2.724248 -0.538248 0.233965
2.126950 -0.555975 0.197881
0.858589 -0.590391 -1.623210
0.801526 -0.610995 -0.989487
0.734398 -0.581720 -0.929554
0.660358 -0.539506 -2.198230
1.951430 -0.531196 -3.542487
1.980810 -0.552953 -1.804233
1.974192 -0.566132 -1.156061
1.324146 0.747046 -1.123044
0.698747 0.766290 -0.507564
0.670453 0.740615 0.134320
0.676037 0.699671 0.199514
0.076974 0.693614 -2.110210
0.046544 0.711729 -1.465277
0.647534 0.715554 -1.500644
0.629987 0.695741 -2.802727
0.723621 0.680179 -2.844006
0.764852 0.689031 -2.187335
0.740851 0.683407 -2.163856
1.372869 0.637815 -1.566980
1.426844 0.567293 -0.993938
1.457671 1.697372 -0.994603
0.778368 1.698641 -0.955519
0.657484 1.693140 -0.298397
0.600327 1.029876 -0.374767
-0.030172 0.973553 -0.413417
0.004879 0.968440 -1.080443
-0.032358 1.026381 -0.401225
-0.093846 1.058540 -0.420033
0.539405 1.014317 -1.117076
0.590488 0.948496 -0.453468
1.253447 1.610513 -1.010520
1.196677 1.698571 -0.358191
1.101780 1.110185 -0.364148
1.060463 1.115307 -1.024470
2.326656 1.114456 -1.022618
2.383711 1.158923 -0.377777
2.394810 1.222599 0.239045
2.365132 1.239423 0.192186
1.714104 1.216355 -0.482155
1.777719 1.215681 -0.472099
1.853800 1.255405 -0.462980
2.481460 1.295546 -1.054640
1.830961 1.288148 -1.014474
1.132244 1.266880 -1.034574
1.792719 0.651799 -1.685955
1.795744 0.691095 -1.042207
1.761261 0.697246 -0.968251
2.363688 0.653472 -0.340246
2.991658 0.617751 0.832515
2.986019 0.630241 0.812941
2.292905 0.676446 0.806528
2.229847 0.702767 0.837609
2.200633 0.683826 1.452401
2.207097 0.662796 0.841648
2.219699 1.271535 2.147392
2.883895 1.276690 2.244846
2.913520 1.276744 1.693507
3.651775 0.666256 2.274715
3.742049 0.642920 2.226571
3.175449 0.615348 2.222692
3.211746 0.616829 2.261880
1.302985 1.241249 1.675400
1.320548 1.275392 2.276681
0.059269 1.298674 2.261907
0.013709 1.289600 1.677425
-0.018026 1.271167 1.080367
-0.022718 1.267781 0.471727
-0.035331 1.279812 0.418973
-0.083189 1.285381 -0.263054
-0.142063 1.274809 0.324019
-0.177714 1.274206 0.285080
0.451864 1.285229 0.222173
-0.184958 1.299532 0.770733
-0.207432 1.301895 0.763693
-0.254089 1.295112 0.806330
-0.317960 1.290241 -0.370978
-0.313442 1.282936 -0.337538
-0.905869 1.277228 -0.337501
0.388665 1.272723 0.882207
0.426551 1.273160 0.260953
0.471945 1.271777 0.871647
0.510705 1.269207 2.089131
-0.087493 1.861148 3.339492
0.577267 1.897304 3.383693
-0.013800 1.323805 3.396693
0.007667 0.009658 4.661437
0.616700 0.041561 5.233105
0.623418 1.338340 4.592752
1.265346 1.346773 4.549692
1.314695 1.335742 2.713660
1.308321 1.309889 2.675382
1.272352 1.301345 2.657519
1.232214 1.321266 2.702854
0.601457 1.344968 3.405580
0.594543 1.363638 3.502925
0.588047 1.386383 3.527490
-0.028140 1.430487 2.888451
-0.019875 1.494510 2.204227
0.017609 1.543832 2.163327
0.079895 0.258504 1.489732
-1.128448 0.251238 1.423458
-1.089368 0.857941 0.188709
-1.072637 0.907879 0.176463
-1.052601 0.955226 -0.985435
-1.029697 0.986585 -0.325741
-1.019227 1.027818 -0.331721
-1.030348 1.072095 -0.354132
-1.047988 1.108460 -0.967238
-1.058190 0.488278 -0.324943
-1.051722 0.481526 -2.080153
-1.029547 0.456911 -2.110276
-0.352563 1.056214 -1.539689
-0.326840 1.005366 -1.513106
-1.641218 1.013527 -1.477532
-1.662262 1.699871 -1.480837
-1.674711 1.711752 -1.506071
-1.697672 1.692776 -1.452219
-1.753913 1.656097 -0.809403
-1.825936 1.609853 -0.748787
-1.851877 1.563142 1.774466
-1.824875 1.526837 2.349671
-0.625644 1.493691 2.327623
-1.258891 1.475250 2.333979
-1.322047 1.481763 1.735682
-1.356601 1.508701 2.243650
-1.332284 1.557038 2.180119
-0.685255 1.610262 2.176963
-0.092053 0.986842 2.227851
-0.770013 0.950663 1.681500
-0.785121 1.551920 2.908011
-0.707265 1.558999 2.861847
-0.625444 0.373823 1.583757
-0.637361 0.356079 1.575390
-0.701186 0.326676 0.948283
-0.724262 0.322082 0.953787
-1.257995 0.342771 0.343791
-1.191619 0.340140 -0.279837
-1.242454 0.284075 0.475738
-1.333353 0.219340 0.569879
-1.342932 -1.157850 0.609165
-0.634361 -1.162310 0.589848
-0.579739 -1.191390 0.526082
-0.604078 -1.861887 1.054574
-0.636934 -1.297080 1.040030
-0.608003 -1.282178 1.082491
-0.523984 -1.271975 1.037632
-0.450262 -1.323926 1.623905
-0.462334 -1.420269 1.065941
0.105635 -1.464444 1.158099
0.718007 -1.447515 1.224705
0.155644 -1.440079 0.535789
0.206380 -1.467127 -0.189662
0.201100 -1.502855 -0.229345
0.160122 -0.866984 0.414328
0.123939 -0.790321 1.107405
0.123124 -0.774919 0.408104
0.141481 -0.816466 0.387681
0.160641 0.443650 0.426247
-0.438368 -0.189129 1.157764
-0.432394 -0.173403 -0.117895
-0.406965 1.135231 0.389656
-0.400832 1.078325 -0.375148
-0.418825 0.433724 -0.423499
-0.430747 0.521193 -0.433699
-1.062421 1.216736 0.178208
-1.070658 1.157223 0.161091
-1.698003 0.515339 0.201156
-1.673265 0.549763 -0.436933
0.210518 2.586304 0.279462
0.253076 2.540080 0.280987
0.241906 2.449297 0.828569
0.201197 2.409521 0.788378
0.200943 2.454671 0.793301
0.930618 3.133720 0.809184
0.982170 2.463717 0.222607
0.316430 2.424055 0.229495
-1.013084 2.442109 0.890442
-1.620357 2.547203 -0.297312
-0.287432 2.658051 -0.894024
-0.852308 2.678488 -0.280461
-0.862752 2.638546 -0.973213
-0.225112 2.050900 -1.001292
0.442773 2.120659 -0.995077
0.499437 2.808827 -1.629639
0.520277 2.809708 -0.960978
0.470389 2.782419 -0.970911
0.423551 2.804647 -1.656497
0.440727 2.859835 -1.662594
-0.125727 2.242547 -0.366997
0.545298 1.555197 -1.044428
0.547097 1.478879 -1.056916
0.560251 1.466657 -1.052556
0.009580 2.762206 -1.039504
-0.578111 2.729040 -1.017682
-0.594945 2.047100 -1.633844
-0.065538 1.348062 -1.629596
-0.095195 2.013835 -0.379432
-0.062706 2.070920 -0.343207
-0.014252 2.057406 -0.289044
0.639474 2.042857 -0.875217
0.610436 2.626771 -0.890322
0.569972 2.676438 -0.918410
0.533052 2.704746 -0.946319
0.500279 2.652127 -0.991888
0.443379 2.593346 -1.036369
0.352855 2.615822 -1.061225
0.295403 2.717145 -0.389531
0.290502 2.788219 1.533801
0.310500 2.778188 0.849129
-0.328786 1.521668 1.462943
-0.381386 1.531405 1.449825
-0.422184 1.589190 1.440902
-0.425758 1.598366 1.445055
-0.408126 2.170903 2.105005
-0.428552 2.104233 1.506852
-0.477226 2.720799 1.527947
-0.490049 2.796574 1.567472
0.196308 2.223226 2.198901
0.290575 2.178308 1.573290
0.342547 2.717635 1.563861
1.555825 2.701427 1.000143
1.573913 2.103456 1.059038
0.987915 2.080965 0.483679
1.659921 2.005642 1.157066
1.016419 3.190585 1.134440
0.969322 3.162080 1.131354
0.962901 2.543449 1.774786
1.011402 3.180211 2.391549
1.079384 2.552486 2.311916
1.116511 2.542448 2.204305
1.121068 1.954844 2.131394
1.767144 2.008024 2.135388
1.790232 2.021427 1.595863
1.796966 2.605315 1.616619
2.378005 1.997653 1.598682
2.306118 2.077214 1.588716
0.966900 2.167347 1.619713
0.956292 2.201295 -0.303383
0.318163 2.190112 0.239240
0.312192 2.184403 0.171250
0.320481 2.204925 0.135518
0.346510 2.201813 -0.490912
1.625661 1.510366 0.833596
1.614680 1.458763 0.826589
0.931565 1.409705 0.812495
0.910163 1.381704 0.239818
0.931105 1.375197 0.891807
1.616895 1.375224 0.924374
1.667501 1.375941 0.901588
1.065164 1.365317 0.876509
1.074037 1.329322 0.881051
1.096051 1.286968 0.894939
1.780692 1.256027 1.526344
1.787355 1.237102 1.536209
1.710633 0.581629 1.564458
1.611194 0.574958 1.615737
0.945474 0.612293 1.658088
0.979049 0.686749 0.393138
1.000825 0.086200 0.376115
0.966470 1.505662 0.967243
0.922589 1.515267 0.379741
2.145078 1.533937 1.062765
2.196592 1.550490 1.718797
2.178148 1.543440 1.722564
1.483066 1.501000 1.718971
1.413901 0.805032 1.696961
1.426604 0.836559 1.672266
1.505020 0.903359 1.660875
1.566947 2.209904 1.664359
1.582481 2.154131 2.307061
2.232020 0.773461 2.264224
2.308639 1.370966 2.239147
3.038334 1.982022 0.971228
3.066429 2.525604 1.000400
1.741469 3.082533 1.004134
1.049986 1.097620 1.006623
1.107858 1.703927 1.039941
1.145141 2.405040 1.094473
1.120276 1.106982 1.729411
1.687933 -0.164993 1.699442
1.691181 0.491860 1.679958
1.735858 0.549546 1.065518
1.739387 0.607955 1.714121
1.661053 0.042642 1.731844
1.549978 -0.589075 1.061952
1.471908 -0.076330 1.014139
2.080615 -0.591739 1.004744
2.773779 -1.143199 1.028724
2.721239 -0.440116 0.392353
2.663706 -0.384178 0.894289
2.579437 -0.355994 0.249434
2.648776 -0.368094 -0.941958
2.743601 -1.054352 -0.886980
2.128722 1.344603 -0.248330
1.409192 1.292854 0.377347
2.035501 0.662384 0.347484
2.069253 -1.237528 0.343720
1.472859 -2.052147 -0.284520
1.519742 -1.415527 -0.293574
2.834742 -1.379874 0.372240
2.252915 -2.567257 0.380686
1.658563 -2.576847 0.389948
1.665529 -2.621503 0.420452
0.440094 -1.333579 0.475007
0.469582 -1.292798 -0.117058
0.485838 -1.242960 -0.110881
0.437370 -1.903683 -0.138104
0.949989 -1.929932 -0.160722
0.221676 -1.915701 0.493150
0.259953 -1.841479 0.537612
0.312102 -1.113414 1.875203
0.275553 -1.765253 1.873887
0.166761 -1.824628 1.865626
0.117731 -1.203496 1.889964
0.202058 -0.574732 1.933911
0.310121 -1.143737 1.344307
0.301890 -2.431946 1.361656
0.201246 -3.161882 0.645607
0.769624 -3.198847 0.022405
0.852618 -2.498561 0.081426
0.942472 -2.452934 0.129181
0.893348 -2.460240 0.130121
0.736390 -1.929215 0.119837
0.022947 -1.989411 0.153897
0.094257 -1.987900 0.825919
0.205400 -1.966484 0.831274
0.221548 -1.981516 0.751174
-0.462881 -2.035458 0.651748
-1.132305 -2.062870 1.233501
-1.657420 -2.034200 1.308057
-1.543933 -1.992019 1.343325
-0.944388 -2.006658 0.651527
-1.042274 -2.087838 0.602948
-1.092920 -2.163517 0.635230
-1.029141 -3.422205 0.708941
-0.942449 -2.721720 1.944373
-0.946381 -3.973792 1.227546
-1.020166 -4.003847 1.169368
0.331661 -4.005036 1.175809
0.352168 -3.921691 1.215301
0.345458 -3.812566 1.814067
0.279384 -3.156173 1.763853
0.195143 -2.572709 1.743724
0.779940 -1.971862 1.763137
0.808578 -1.893334 2.403092
0.837172 -2.456069 2.334814
0.820260 -2.457175 2.239810
0.795180 -2.513322 2.194721
0.182268 -2.531233 2.184888
0.229044 -2.489573 2.151806
0.230128 -2.473533 2.079865
0.141829 -2.543385 1.995745
0.036646 -2.639192 2.030789
0.644041 -2.680925 2.090530
0.673111 -1.456727 2.104089
0.684130 -1.466689 2.055118
0.643330 -1.517873 2.032151
0.608021 -0.825326 2.068130
0.615359 -0.804700 2.114047
0.635425 -0.175088 2.118457
0.622022 -0.144503 2.089596
1.191282 0.498907 2.129523
2.489026 1.077558 2.240677
3.154374 1.064975 2.318803
3.180006 2.284038 2.291775
3.179221 2.314124 2.215194
3.163088 2.356388 1.611156
3.177944 2.390097 1.644150
3.224777 2.438245 2.221453
3.250405 2.502954 2.137475
3.218055 1.896625 2.095630
3.152493 2.535825 2.178798
3.139291 2.491298 2.291237
3.789275 1.828905 2.318866
4.469133 1.831528 2.265178
3.208788 2.470649 2.874118
2.500394 2.462280 2.281210
3.188133 3.123647 2.324350
3.272514 3.191507 2.300529
2.668507 2.653708 1.588877
2.633937 3.294177 1.530370
3.209816 3.271976 0.910131
3.262662 2.599610 1.630653
3.354407 2.579436 1.682459
3.399110 2.559608 0.496703
2.730092 2.528606 -0.161885
2.712917 2.513238 -0.176398
2.760121 2.553415 -0.187546
2.826545 2.623345 0.490224
0.889326 2.661406 0.457278
0.190270 2.649025 0.416874
0.108562 2.618280 0.405751
1.381420 2.605209 0.441508
2.089620 2.604505 1.768325
2.801228 2.585759 1.794486
2.202125 2.552545 1.136244
2.188076 2.567314 0.435364
2.217283 2.018868 0.386300
2.288180 0.221221 0.388790
1.660292 0.257900 0.378449
1.587110 0.241058 0.356408
1.504011 0.856944 0.361350
2.099686 1.478586 0.392127
2.770130 1.506290 1.033410
2.778609 1.472375 1.023482
3.517675 1.371561 0.994338
4.133487 1.286017 0.979396
4.074942 1.865635 0.972382
3.359712 1.874821 1.597917
3.343497 1.858589 1.571081
3.350921 1.810836 0.949120
3.313107 0.563483 -0.278637
1.988592 0.550192 0.400859
2.559423 0.558482 0.436748
2.574247 0.559091 -0.194886
2.629079 0.530724 0.415217
2.030570 0.495567 0.397852
2.022807 0.496640 0.378328
1.988371 1.184518 0.339797
1.395297 -0.590250 0.278639
2.046423 -0.558764 0.237172
1.360137 -0.566471 0.845296
1.932205 -0.563914 1.560743
2.490075 -0.552300 1.626689
2.478300 -0.565502 1.660155
1.853535 -0.605997 1.674616
2.495277 -0.637299 1.675194
2.496955 -0.617490 1.654840
2.463910 0.053090 1.609442
2.409924 0.074468 1.555143
2.371363 0.075586 1.544579
2.370629 -1.834579 -0.306501
2.384076 -1.826175 0.412136
2.376784 -1.870651 0.463717
1.746798 -1.954895 0.495688
1.775576 -2.624833 0.535147
1.859555 -2.597302 0.564145
1.985448 -2.536108 0.564311
2.039237 -3.118697 1.174879
1.353435 -3.115606 0.522115
0.678657 -2.468238 1.157140
0.700801 -2.378875 1.225937
0.754242 -2.298230 0.704072
0.735213 -2.317694 0.758985
0.669367 -2.416160 0.775362
0.644942 -1.191764 1.401501
0.714471 0.147466 1.435528
0.790548 0.219762 0.843552
0.770388 1.415293 0.784044
0.043992 1.400233 1.317493
-0.014467 1.386799 0.712054
0.018008 1.420540 0.732093
0.684355 2.710565 1.432381
0.626505 2.680024 1.422143
0.551504 2.583178 1.402194
-0.050044 2.518127 1.388308
0.049079 2.542807 1.359822
0.093819 1.392483 1.295253
-1.207369 1.399781 1.207277
-0.614166 1.342903 1.140293
0.028318 1.952834 1.133524
0.094335 2.003841 1.153580
0.100944 2.055383 1.156628
0.016853 1.358849 1.143465
1.823441 1.278118 1.144442
1.902390 1.243693 0.518119
1.357319 1.283643 0.521854
1.372842 0.692074 0.458767
1.315889 0.705472 0.375253
1.950487 0.699328 0.357430
1.382615 0.723032 0.413491
1.431858 1.440614 0.457735
1.361779 1.472520 0.442887
1.248480 1.441070 -0.195422
1.227158 1.396670 -0.160565
1.901796 1.389902 0.517455
1.949903 1.416264 -0.088683
1.923549 1.439654 -0.172121
1.885555 1.439504 -0.257172
1.261242 1.445356 -0.260094
1.934771 1.475895 -0.836042
1.878918 2.141881 -1.413358
1.759797 2.104226 -1.426839
0.432748 2.050768 -1.411694
0.469953 1.360259 -1.335026
1.197849 1.365180 -1.258166
1.243923 1.353769 -1.272035
1.880855 1.947279 -1.347515
1.889087 1.938531 -2.062305
1.303076 1.360966 -2.061709
1.359403 1.418671 -2.019700
0.081841 1.408064 -1.337895
0.644887 1.331974 -1.364771
0.581140 0.623053 -2.009168
0.581278 1.281192 -2.555276
0.639834 0.696026 -3.147143
0.041057 0.046555 -3.123634
-1.200389 0.016340 -3.209559
-0.549369 0.046414 -3.252504
-0.514288 0.147442 -3.227965
-0.503102 0.233201 -2.553102
-1.179371 0.219539 -2.565214
-2.537499 0.782430 -3.778339
-2.546466 0.762417 -3.780943
-2.513802 1.402060 -3.782139
-2.476305 1.440761 -3.820809
-1.841749 1.410846 -3.897382
-1.851333 1.364659 -3.965016
-1.843423 1.375404 -3.985075
-1.823817 1.457345 -3.990317
-1.233973 1.515525 -3.972083
-0.674297 1.495098 -3.956111
-0.090280 1.458810 -3.927812
-0.098078 1.474890 -3.886244
-0.095303 1.535818 -3.859513
-0.746796 1.561782 -3.891585
-0.789579 1.545554 -3.349004
0.359605 1.520187 -3.381510
0.322354 1.541097 -3.963875
0.332818 1.601462 -3.928126
1.042482 1.626513 -4.515884
0.391890 1.607210 -4.458176
-0.355503 1.567680 -4.394718
0.281568 2.194003 -4.327571
0.313083 2.197050 -4.280493
0.387128 1.567118 -4.299747
1.035447 1.557040 -3.709148
0.995244 1.529032 -4.421792
0.999473 1.501191 -4.407113
1.086527 1.484354 -3.719186
1.190477 2.120830 -4.350229
0.580287 2.096584 -4.375849
0.512114 2.053153 -4.361429
0.473768 1.393486 -4.289205
1.137324 1.390548 -4.229097
1.201881 1.406582 -3.626992
1.203690 1.416472 -3.703322
0.521391 1.397250 -3.736716
1.773452 1.370498 -3.722684
1.869582 1.347589 -3.712526
1.960050 1.923356 -3.181183
2.572967 1.907577 -3.891806
2.489359 -0.060155 -3.892894
2.435132 -0.100345 -3.855104
1.863589 -0.124754 -2.665152
1.910827 -0.107473 -2.698204
1.891318 -0.063861 -2.088293
1.807290 -0.028860 -1.527515
2.397806 0.637959 -1.560387
2.412694 0.643636 -1.577063
2.466562 1.344526 -1.586198
2.437064 1.362326 -1.599204
2.330796 1.359342 -1.604480
2.252488 -0.029255 -1.596225
2.266073 -0.041953 -1.573635
1.041173 0.002631 -2.186393
1.034426 0.730730 -2.202301
0.976419 0.764974 -2.242447
0.903114 0.742239 -2.262921
1.644643 0.081614 -2.237011
1.732756 0.054363 -2.195877
1.716915 -0.599653 -2.175587
1.614987 -0.597369 -2.174345
0.891720 -0.601808 -0.904866
0.904675 -0.589402 -0.882013
0.952564 -0.551484 -0.859772
1.604525 -0.508418 -0.880896
0.855453 -0.490490 -0.926877
1.459204 -0.499744 0.983879
2.181027 -0.505225 0.994109
1.605656 -1.140198 0.402239
1.596821 -0.477670 -0.259723
1.529773 -0.456329 -0.274116
1.490367 -0.463374 0.370350
1.515874 -0.465657 0.424581
0.866703 -0.443968 -0.179960
1.514222 0.247927 -0.205510
0.849839 0.266244 0.351066
0.899453 0.918620 0.329088
0.976419 0.933332 -0.312647
1.742597 0.936765 -0.302733
1.759845 0.938525 -0.279552
1.125217 0.953866 -0.263508
1.780959 0.967422 -0.837590
1.806565 0.961408 -0.837069
1.834854 0.948933 -0.858896
1.824816 0.319008 -0.281826
3.138533 0.338828 -0.286871
3.161460 1.007202 -0.896979
3.219538 1.002837 -0.887271
2.605261 0.977523 -0.877225
2.587208 0.952102 -0.870504
2.547014 0.304776 -0.849137
2.529528 0.316655 -0.823175
1.898972 0.315855 -0.207665
2.522760 0.301547 0.449943
2.502864 0.291329 1.071192
2.483740 -0.364364 1.064740
3.111573 -0.361664 1.734835
3.158384 -0.356266 1.116729
3.191935 -0.355554 1.102306
1.886607 -0.363527 0.385248
1.842296 -1.055709 0.337174
1.810474 -1.075547 0.351365
1.814315 -1.094872 1.071950
1.838072 -0.472946 0.463856
1.217491 -0.462230 -0.278266
1.190096 -1.081384 -0.365657
2.447331 -1.098657 -0.365720
3.118650 -0.477835 0.372561
3.156267 -1.153360 -0.276025
1.925188 -1.155643 -0.342974
2.533488 0.116964 -0.405380
2.513575 0.083593 -0.376385
2.531424 0.061559 -0.288805
2.570522 0.072431 -0.262819
1.930315 -0.577594 -0.328908
1.925861 -0.578472 -0.372506
1.933375 -1.234862 -0.310424
0.659793 -1.241842 0.460530
0.663210 -1.223003 0.491868
0.645574 -1.203118 1.032751
-0.005855 -1.223482 0.995946
-0.039447 -1.259870 1.051666
-0.060315 -0.615499 1.127498
0.616015 -0.597264 1.120741
0.616180 -1.253088 1.037731
0.611549 -1.277549 0.321819
0.628101 -0.645507 0.328667
0.020991 -0.645107 0.357972
1.307673 -1.277398 0.338514
1.296472 -1.288626 0.264263
1.278015 -1.326947 0.205135
1.284471 -0.063754 0.219497
1.305904 -0.038155 0.266619
1.294832 -1.239580 0.262846
0.590857 -1.826522 0.190798
-0.792418 -1.809995 0.124914
-0.818639 -1.181356 0.136927
0.519810 -1.197538 0.190621
0.516117 -1.832643 0.201783
0.442715 -1.795892 0.154759
0.372406 -1.774188 0.128143
0.369970 -1.140904 0.176371
0.391551 -1.781997 0.253326
0.371591 -1.775985 0.268938
0.316452 -1.779629 0.218329
0.300655 -1.773077 -0.508927
0.367500 0.186746 -0.479868
0.442107 -0.491022 -0.415205
0.455450 -0.527213 -0.377134
1.091485 -0.554373 -0.362495
1.136285 -0.558123 -0.323697
0.619799 -0.548106 -0.254996
0.677030 -0.557993 -0.186791
0.653697 0.706392 -0.157709
0.611422 0.707415 -0.166254
0.636212 0.757068 -0.170043
0.700640 0.822279 -0.155977
0.713662 0.835808 -0.147250
0.662206 0.792887 -0.157953
0.608796 0.126796 -0.741826
0.633586 0.134173 -0.729999
0.698370 0.155924 -0.707124
0.711966 0.141956 -0.692231
0.656524 0.090718 -0.055802
0.600248 0.693904 0.566967
0.603160 1.297540 0.533005
0.641722 1.277497 0.498017
0.669853 0.547136 0.452724
0.667936 0.489899 0.407186
0.659762 1.112353 0.384948
2.011242 1.099929 0.393268
2.045882 1.115269 0.411589
2.069271 0.481083 0.425480
2.055498 1.194070 0.441931
1.343328 1.234533 0.451028
1.298384 1.280386 0.446305
1.273178 0.677731 0.430623
1.265426 0.675917 0.417952
1.256190 0.663214 1.070624
1.243656 0.657756 1.072511
1.237079 0.664153 1.077297
1.233313 0.654900 1.091890
1.243292 1.317702 1.114312
1.247300 1.363260 0.501374
1.221589 1.423041 0.502099
1.172929 2.104488 1.117607
1.135481 2.105461 0.480039
1.825528 2.112226 0.488842
1.865593 2.151305 -0.106513
1.223162 2.193353 0.518188
2.446591 1.530796 -0.042749
2.364662 1.489176 -0.634830
2.375602 0.191234 -0.614309
2.399929 0.229450 -0.015937
2.388018 0.285701 -0.033775
2.985217 0.309255 -0.020986
2.969277 0.284240 -0.592492
3.019790 0.266597 0.032999
4.395712 0.278607 0.024267
4.435160 0.284194 0.031928
4.487220 0.254069 -0.566205
4.515757 0.203084 0.655640
3.880528 0.180645 1.257949
2.604440 -0.470846 1.256600
2.568034 -0.475784 0.611418
2.552895 0.798423 1.197439
3.790629 0.763750 1.858962
3.152468 0.799323 1.845727
3.145287 -0.482423 1.811280
3.800060 -1.134199 1.819972
4.527151 -1.216219 1.881118
3.370752 -0.610660 1.913417
3.386780 -0.565942 0.632878
3.370867 0.072513 0.599354
3.390506 0.033408 0.524561
4.086893 -0.010343 0.465512
4.121862 0.008742 0.452135
4.103865 1.303469 0.443403
4.075875 1.993080 1.031160
4.099356 1.948818 0.982715
4.151028 1.259676 0.966100
3.526965 0.581473 0.991524
3.490613 0.575283 1.013588
3.443068 0.571099 0.995408
3.427532 -0.071619 0.897503
3.430910 0.446395 0.847724
2.758913 0.444726 0.832563
2.724378 -0.050876 1.393627
3.375713 -0.030753 1.347177
3.422970 0.560938 1.308744
3.460909 -0.754986 1.328314
3.467401 -0.728069 1.400777
3.458450 -0.023853 1.468117
2.789608 -1.297511 1.510536
4.167370 -2.602786 2.144222
4.170370 -2.632347 2.176108
4.771134 -1.323145 2.207133
4.724606 0.085966 2.220784
5.388276 0.093369 2.237369
4.744080 0.076222 2.281222
4.737560 0.037762 2.345350
4.710996 -1.276281 2.389523
4.708844 -1.298871 2.397599
4.735243 -1.345801 2.411763
4.680261 -1.411218 2.459317
4.655431 -1.453734 1.911969
3.929011 -1.436131 1.314088
3.872649 -1.395103 0.585772
3.849089 -0.746812 0.548844
3.226055 -0.781210 0.595313
1.203780 -1.473463 0.636198
1.222462 -1.440693 0.597814
1.231913 -1.413157 -0.117429
2.557911 -0.840612 -0.112008
2.545005 -0.912903 -0.037584
2.504149 -0.875129 -0.002664
2.470847 -0.845235 -0.072978
1.183346 -1.441366 -0.155610
1.234478 -1.458244 -0.126124
1.297802 -1.482803 0.621079
1.338225 -1.466148 0.688989
0.684025 -2.048621 0.686911
0.710830 -2.041954 0.689361
0.736881 -2.701806 0.750754
0.736834 -2.723098 0.806180
1.315332 -2.066137 0.785724
1.274653 -1.989455 0.702280
1.254729 -2.578713 0.011380
1.251828 -2.555346 0.698768
1.261875 -2.531318 0.737029
1.277788 -2.463069 0.718143
1.290534 -1.159575 0.031752
1.316212 -1.171353 0.039850
1.985739 -1.240598 -0.486979
1.974939 -1.301023 -0.453198
1.969635 -1.311661 -0.503639
-0.017260 -1.298289 -0.596190
-0.685773 -1.298737 -0.638779
-1.295999 -1.314771 -0.005651
-0.572015 -0.697539 -0.604264
-0.524376 -0.671243 -0.648883
-0.495654 -0.658302 -0.683211
-0.473578 -0.704612 -0.661337
-0.441542 -0.797975 -0.619796
0.236697 -0.872564 -0.607923
0.244545 -0.893748 -0.628818
0.215878 0.303260 -0.070613
-0.431211 0.316039 -0.079801
-0.395675 -0.274277 -0.098826
-0.316692 -0.863613 -0.125311
-0.255447 -2.040722 -0.144362
-0.212869 -1.424973 -0.158893
-0.169030 -2.090249 -0.168510
-0.110897 -1.567652 0.387954
1.149335 -1.634294 0.392130
1.138802 -2.280482 0.419089
0.417868 -2.245424 0.437277
0.345032 -2.229999 0.423161
0.316791 -2.256797 0.379531
0.994626 -2.285912 0.362346
0.350905 -2.283353 1.721197
-0.295228 -0.383464 1.768280
0.389653 -0.430452 1.761662
-0.219522 -0.495934 1.712212
-0.204070 0.111046 1.694660
-0.199782 0.153347 1.750583
-0.858206 0.212393 2.405918
-0.242900 0.246975 2.399412
-0.885549 0.270941 2.354802
-1.519728 1.714665 1.719043
-1.528701 2.385737 2.421465
-0.888296 2.385509 2.466915
-2.137307 2.368185 2.436065
-2.127464 1.794481 2.987369
-2.760200 1.838719 2.989037
-2.787691 0.587617 3.054753
-2.801061 -0.031776 1.923941
-2.821426 -0.038494 1.926237
-2.830520 -0.029470 1.893841
-2.841176 -0.014246 1.892842
-2.227001 0.568094 1.939125
-2.228509 0.609961 1.964379
-2.220905 0.598308 1.936703
-1.568380 0.577772 1.278863
-0.917632 0.545478 0.686314
-0.932340 0.512007 1.339433
-0.975017 1.143880 2.021245
-0.401836 1.146255 1.413031
-0.441747 2.361461 1.365402
-0.475472 1.099276 1.372057
-1.153749 1.092508 1.437069
-1.167915 1.118815 1.475623
-1.792218 1.779645 1.456981
-2.393222 1.809835 1.429778
-2.381959 0.550460 1.430817
-2.442600 0.507179 1.462429
-3.107113 1.114791 1.471760
-3.145582 1.182762 1.426038
-3.160097 1.236212 1.352564
-3.158208 2.504013 1.308747
-3.165011 1.884518 1.313207
-1.917626 1.942591 1.314051
-1.886260 2.030297 1.268073
-1.191161 2.045395 1.186915
-1.172056 1.971683 1.148300
-1.174292 2.529658 1.185392
-1.189068 2.556532 1.229159
-1.204000 3.239516 1.202258
-1.216515 3.249435 1.119948
-1.221453 3.206508 1.081159
-1.216260 3.185438 1.108273
-1.186755 3.231140 1.789598
-1.141331 3.289049 1.749816
-1.091892 0.699997 2.278471
0.256380 -0.551228 2.263188
0.290535 -0.568038 2.287542
0.329074 0.625741 2.318060
0.358158 -0.500753 2.298150
-0.304416 -1.176041 2.235760
-0.303338 -0.460814 2.196268
-0.308782 -1.059059 2.207078
-0.307723 -1.618404 2.231136
-0.301841 -0.957476 2.209701
-0.303075 -1.003389 2.152203
0.371726 -1.070041 2.123790
0.353452 -1.739823 2.139995
0.334624 0.192961 2.162127
0.316290 0.208706 2.136702
0.294683 -0.465803 1.451282
0.278152 -0.478712 1.431054
0.281687 -0.414529 1.428839
-0.336342 -0.973907 1.412541
-0.302537 -0.961291 1.367918
-0.283519 -0.391002 1.337299
-0.274199 -0.459197 1.357056
-0.263743 1.345081 1.396122
-0.244117 1.362291 1.413462
-0.234467 1.359044 0.766131
-0.260982 1.338968 0.775672
-0.313341 0.773398 0.823635
-0.355634 0.814745 0.872195
-0.363004 0.845831 0.888198
0.869620 0.855782 0.876864
0.877976 0.849007 0.889119
0.866621 0.827462 0.928239
0.827110 0.781296 0.966210
0.779539 1.380819 0.974648
0.750299 1.368971 0.974683
0.755606 0.744883 0.975260
0.766692 0.786239 0.963774
0.766814 0.807906 0.947824
0.755061 0.812270 0.935123
1.399676 0.830087 0.917336
