-1.421439 -1.856285 -0.249221
-1.360715 -1.843260 -0.844899
-1.295376 -2.497995 0.432233
-1.272797 -2.455949 0.379133
-1.281930 -1.781364 0.319481
-1.267029 -1.760697 0.303366
-1.214669 -1.764754 0.296456
-1.176776 -2.384692 0.909850
-1.187529 -2.382250 0.880399
-1.212385 -2.377661 -0.362890
-1.189897 -1.783278 0.360669
-1.122098 -1.791150 -0.879086
-1.065638 -1.190031 -1.468148
-1.053365 -1.173875 -0.786853
-1.066018 -0.555988 -0.796056
-1.074763 -1.202125 -0.826809
-1.079421 -1.225082 -0.765770
-1.094102 -0.057163 -0.084435
-1.123638 -0.101406 -0.708149
-1.144482 -0.096258 -0.814274
-1.145349 -0.049882 -0.865405
-1.140051 -0.018611 -0.847508
-0.544333 1.217003 -0.206366
-0.508841 1.216313 0.377595
-0.457805 1.250998 -0.974225
-0.444005 1.343913 -0.959061
-0.471113 1.425765 -0.250527
-0.486843 1.438857 -0.229617
-0.468333 1.409289 -0.300370
-0.439159 1.404422 -0.368825
0.719401 1.464577 -1.614891
0.686395 0.254997 -1.558957
0.661348 0.263315 -1.543121
0.659048 -0.331191 -0.987713
0.672324 -0.308277 -1.640933
0.055249 -0.261384 -2.227973
0.010231 -0.222045 -1.513032
-0.023853 -0.835814 -2.764457
-0.020249 -0.876127 -2.806603
0.008061 -0.906510 -2.850346
0.028739 -0.278316 -2.832898
0.053936 0.373503 -2.768559
-0.530070 0.386957 -2.115994
-0.474758 0.370595 -0.796481
-0.430745 0.373909 -0.825677
0.182808 -0.779576 -0.797229
0.142163 -1.349795 -0.730264
0.110887 -1.349132 -0.706742
0.721069 -1.421748 -0.767458
0.074262 -1.481394 -0.855608
0.031926 -1.475959 -1.592642
-0.000962 -0.821688 -1.574747
-0.000250 -0.846462 -1.576827
0.019862 -0.244439 -0.966280
0.024622 -0.231543 -1.633660
0.005385 -0.154046 -1.615513
-0.007805 -0.103734 -1.586299
0.630767 -0.797539 -2.221878
0.656834 -1.511209 -2.256607
0.038816 -1.497357 -1.624658
0.052651 -2.073381 -1.627219
0.094355 -2.678621 -0.987815
0.164722 -2.725578 -0.987557
0.231267 -2.739715 -0.990908
0.271282 -2.649465 -1.624267
0.293052 -2.534360 -1.583543
0.317006 -1.883367 -1.537543
0.337902 -1.950536 -1.509733
0.331475 -0.764904 -2.144597
-0.379471 -0.719982 -1.545780
0.210212 0.550224 -0.953708
-0.416450 -0.074230 -1.646454
-0.441092 -0.165972 -3.546100
-0.478901 0.459726 -3.532772
-0.520894 0.539230 -3.510305
0.038559 1.259905 -3.464300
0.607187 2.486374 -3.388935
0.571198 2.396385 -3.311585
0.556546 2.356365 -3.270659
-0.679795 3.012254 -3.283950
-0.694390 3.050345 -3.306406
-0.700838 3.643013 -3.291874
-0.678972 3.603302 -3.240034
-0.633361 3.641898 -2.596139
-0.597759 3.058158 -2.597396
-0.604889 3.068337 -2.589357
-0.622696 1.704234 -2.548649
-0.610999 2.258053 -2.482294
-1.167071 2.267955 -1.809979
-1.161764 2.900537 -1.837010
-1.202576 2.219714 -1.189739
-1.227150 2.155342 -1.884187
-1.195190 1.540708 -1.247727
-0.499874 1.593813 -1.232273
-0.486996 1.604160 -1.221803
-0.520459 1.595365 -1.242275
-1.164652 1.521514 -1.272508
-1.145896 1.530167 -1.277610
-1.126318 2.895196 -1.279620
-1.133505 2.892121 -1.307380
-0.530606 2.859208 -1.360868
-0.534907 1.562669 -1.412709
-0.519508 2.204099 -0.799024
-0.490925 2.873954 -0.782642
-0.476656 2.870155 -1.417194
-0.500776 2.834133 -0.793476
-0.516551 2.164362 -0.792365
-0.516103 2.160647 -0.760806
-0.511623 2.219326 -0.739106
-0.527788 1.525940 -0.069446
0.617349 1.457865 0.555062
0.569924 2.048212 -0.070702
-0.089564 1.366197 -0.062756
0.572402 1.359183 -0.058696
-0.031922 0.701882 -0.055396
-0.686402 1.327030 -0.687686
-0.087926 1.966071 -0.693725
-0.086139 1.391692 -1.335922
-0.042183 2.043720 -0.718975
0.014469 2.023480 -1.369869
0.034878 2.004451 -1.390542
0.032628 2.019160 -1.430385
0.034463 1.452706 -2.101525
0.067988 0.827378 -2.148520
-0.487044 0.849883 -1.545296
-0.457308 0.893132 -1.501233
-0.441633 0.939990 -1.479124
-0.442440 0.319201 -1.502619
-0.434215 1.544748 -1.530528
0.205580 0.872155 -2.165061
0.220126 1.515431 -2.094680
0.221769 1.527693 -2.060027
0.206579 2.156909 -2.080339
0.189231 3.427062 -2.076064
0.204517 3.414882 -1.293095
0.884070 2.175216 -0.576854
0.921628 2.210498 -0.582693
0.302766 2.206140 -0.673878
0.292469 1.469883 -0.100715
0.303933 0.777152 -0.076604
0.320627 0.138571 -0.680502
0.321079 0.846528 -0.703204
0.305807 0.840835 -0.731586
-0.907503 0.790021 -0.781297
-0.895278 0.765632 -1.355926
-0.873532 0.797159 -1.311285
-0.864608 0.831323 -1.347574
-0.871659 1.435409 -0.822324
-0.897037 1.359750 -0.903979
-0.292074 1.318639 -0.906164
-0.321613 1.348412 -0.870297
-0.350538 1.399987 -0.859752
-0.372022 1.392940 -1.519894
-0.400679 2.019520 -0.152171
-0.423682 2.038390 -0.059555
-0.429046 1.479536 0.009793
-0.422736 1.521236 0.013526
-0.410466 1.503170 -0.001335
-0.436336 0.812564 0.026483
-0.484366 2.156766 0.682720
-0.520118 1.610682 0.723453
-0.530263 1.666381 0.738424
-0.522963 1.084942 0.775325
-1.181633 1.091588 0.845347
-1.179388 1.114550 -0.385451
-0.515807 1.801705 0.868718
0.179966 1.787443 1.450819
-0.414153 1.733797 1.383532
-0.454227 2.307504 1.371680
-0.488670 2.279156 0.794787
0.137561 2.250440 1.405512
0.183080 2.212921 0.726962
0.190276 2.195725 0.725178
0.144956 2.801796 0.788088
-0.495422 2.802069 -1.050177
-0.432549 2.141343 -1.038697
-0.380901 3.341261 -1.653613
-0.409990 3.293751 -1.668130
-0.470553 1.376941 -1.678291
-0.469041 1.365814 -1.707970
0.264093 2.571410 -2.379467
0.945691 2.530978 -2.401689
0.246807 3.212870 -1.736229
0.807332 3.303265 -1.693504
1.448294 3.367933 -1.675725
1.547277 3.366571 -1.677275
1.594832 3.348064 -1.660498
1.547735 3.368685 -1.623081
1.504084 4.012242 -1.602723
-0.506441 3.392417 -1.612353
-0.438526 3.365103 -1.624435
-0.408408 3.343737 -1.628543
-0.448473 2.775287 -1.622838
-0.484440 3.456598 -1.602819
-0.429156 3.476244 -2.246008
-2.154131 3.463437 -2.243117
-2.092677 3.451080 -2.245619
-2.092994 3.437188 -2.250505
-2.079236 3.412482 -2.260776
-2.008220 2.070000 -2.277698
-1.308484 0.826857 -2.297419
-1.329472 0.142507 -2.320907
-1.981696 0.709530 -2.334873
-1.968680 0.676362 -2.323516
-1.887113 1.267521 -2.302531
-1.828636 1.264229 -2.283134
-1.844018 1.231188 -2.254164
-2.547243 1.181806 -2.207930
-2.529405 -0.710064 -0.899631
-2.472279 -0.694854 -0.291616
-2.462401 -0.662326 -1.007725
-1.889259 -0.656679 -1.051650
-1.936599 -0.701159 -1.058685
-1.924982 -0.747590 -1.066781
-1.891058 -0.754137 -0.509889
-1.892714 -0.718302 -0.564523
-1.945470 -0.675260 -0.568803
-1.991541 0.582298 -0.514474
-1.996820 0.544099 -0.527068
-1.999074 0.558348 -0.598959
-1.416658 0.635521 -0.663160
-1.492534 0.094065 -0.665117
-1.527643 -0.528473 -0.654605
-0.279252 -0.546405 -0.687129
-0.253143 -0.520725 -0.722741
-0.888310 -0.438164 -1.294712
-0.885382 0.270614 -0.590804
-0.852366 0.272960 -0.523563
-0.145732 0.229748 0.057727
-0.099944 0.200698 0.013884
-0.730208 -0.440730 -0.568409
-0.131962 -0.466986 -0.507317
-0.100884 -0.535422 -0.506886
-0.062678 -0.610311 -0.578361
-0.047508 -0.656560 -0.029562
1.271703 0.528464 0.002363
1.257312 1.144380 0.069974
1.227035 1.042683 0.072509
1.216355 1.004336 -0.000333
0.637513 0.982311 -0.063649
0.648530 0.413105 -0.055750
0.612910 0.463515 -0.026907
0.556531 1.116013 -0.054265
0.509021 1.748510 -0.114546
0.483162 1.152248 -1.343752
0.448620 1.242499 -1.282839
-0.809391 1.317376 -1.229517
-1.416602 1.431827 -1.847040
-1.443776 0.889883 -1.866940
-1.456706 0.921327 -1.239174
-1.464793 0.960636 -1.180330
-1.466449 2.301808 -0.502997
-1.471957 2.316877 -0.507566
-2.139634 2.255838 0.648797
-2.162786 2.188588 0.589177
-2.806978 2.187607 1.235304
-3.408617 1.627780 1.246698
-3.363659 1.633184 1.203790
-3.349367 2.183257 1.124144
-3.378413 2.111977 1.060946
-3.410128 2.770656 1.059304
-2.793209 1.531471 1.091189
-2.771129 1.500814 1.071194
-2.770172 2.066489 0.999044
-2.824799 2.027397 0.932832
-2.894916 2.032941 0.941047
-2.919633 2.043268 0.993282
-2.879941 2.013692 1.009685
-1.626356 1.973127 0.337503
-1.612049 3.191587 0.287205
-2.216314 2.615148 0.310652
-2.188829 2.619876 0.370347
-2.143642 2.571315 0.376113
-2.124780 2.532735 0.309447
-2.145672 2.546885 0.236499
-2.190624 2.590107 -0.390756
-2.147354 1.332260 0.299460
-2.130406 1.328393 0.352335
-2.122710 1.333213 0.997554
-2.140266 0.742696 0.962636
-0.900557 0.792793 0.997986
-0.895191 0.831211 1.670870
-2.090043 1.440177 1.704163
-2.127854 1.408949 1.658377
-2.169465 1.395305 1.592375
-2.174586 0.812260 0.357798
-2.158579 0.730715 1.069859
-2.162429 0.116603 0.518727
-2.187424 0.084217 1.147141
-1.538470 0.035634 1.125686
-1.521314 0.003341 0.523945
-1.479702 0.001188 0.599793
-1.464554 -0.000327 0.637856
-1.464487 -0.034664 0.610165
-1.449039 -0.725122 1.816853
-1.413025 -0.750191 1.784058
-1.387237 -0.719895 3.001465
-2.051119 0.589922 3.648533
-2.080544 0.610076 3.660594
-2.099656 0.632855 3.646739
-2.087981 0.074006 3.636294
-1.481553 0.092158 2.343852
-1.507721 0.103177 2.383719
-1.534138 0.109827 1.746604
-1.527362 0.124425 1.717020
-1.498944 -1.044021 1.695583
-1.487287 -1.669566 2.368052
-0.880041 -1.650917 2.402982
-0.879193 -1.634722 1.757571
-0.239334 -0.995024 1.119908
-0.198103 -0.997352 1.111924
-0.175253 -1.001690 1.165136
-0.809764 -0.988592 0.599989
-1.460348 -0.964483 -0.043382
-1.444244 -0.326260 -0.090434
-2.048964 0.303333 1.819978
-1.439785 0.320460 1.866253
-1.478985 -0.323496 1.245820
-0.845884 -0.319006 1.213612
-0.832491 -0.405257 1.180637
-0.844370 0.237020 1.218864
-1.522412 1.499018 1.292050
-1.573064 1.492467 1.942373
-1.564708 0.858266 2.466691
-1.549785 2.056661 2.390714
-0.935170 2.678705 3.037122
-0.965536 2.685789 3.106223
-0.962897 2.731600 1.890798
0.901540 2.127838 1.832426
0.974030 2.770560 1.810316
0.977356 2.741234 1.883250
0.925098 3.342097 2.002761
0.249003 2.737151 2.062156
0.264863 2.120317 0.760985
0.318028 2.716632 0.731318
0.317661 2.656343 0.773672
0.283394 2.586261 0.227204
1.509444 2.578095 0.942012
1.551717 3.875143 0.922225
1.675351 3.905382 0.860846
1.710139 3.923182 0.219777
1.719377 3.901283 -0.962868
1.112291 3.852914 -0.947967
1.192206 3.804114 -0.351504
1.261577 3.765634 -0.430180
0.659143 3.695315 -1.119400
-0.029839 2.270907 0.845110
-0.051665 2.240691 2.142620
-0.035723 2.281611 2.022123
0.002410 2.338381 1.940131
0.026564 2.330162 1.914387
0.030913 2.299178 2.571315
0.043806 2.313161 2.578186
0.103973 2.382299 2.533199
0.180989 2.416900 1.871476
0.208242 2.356731 2.551008
0.167240 2.294493 1.962355
-0.510886 2.321549 1.944497
0.073108 2.427608 1.893599
0.103917 1.857323 1.864181
0.143444 1.818174 1.887070
0.127430 1.779950 1.936921
0.659393 1.814232 1.953250
0.640251 1.213212 1.931899
0.660932 0.529433 1.917607
0.677034 1.036928 1.922998
0.633693 0.979533 1.926020
0.550052 -0.170182 1.285628
0.478577 0.513204 1.196306
0.454888 0.516631 1.186604
0.463212 0.448554 1.830602
0.459603 0.395997 1.866517
-0.172429 0.401644 1.225735
0.525746 1.057720 1.200896
0.587993 1.010521 0.638974
-0.013481 0.928718 0.675154
-0.675846 0.903639 1.300708
-0.709609 1.562634 1.239464
-0.719942 1.623186 1.197488
-0.102391 1.628096 1.178128
-0.161208 1.011033 1.227213
-0.226023 1.097514 0.657398
-0.861553 1.238482 0.664395
-0.196758 1.303467 0.633111
-0.812531 0.612732 1.296835
0.393999 0.539384 2.595778
0.372750 0.574307 2.618585
0.350096 0.062417 1.979258
1.575959 0.106163 1.896334
0.328018 0.028417 1.862732
-0.299297 -0.039720 1.909062
0.977459 0.001345 1.954282
1.031684 0.086346 1.941748
0.451244 -1.300593 2.544742
0.479615 -1.427279 2.554820
-0.149164 -0.229012 3.263065
1.154366 -0.200405 3.302593
1.145305 -0.793950 1.969982
0.479120 -0.827273 1.307398
0.467324 -0.280782 1.991594
0.435549 0.330360 2.106561
1.065487 -0.228296 0.890053
2.296157 -0.123126 0.848252
2.284930 -0.122593 0.830351
1.065985 -0.192194 1.502512
0.386207 -0.196702 1.571118
0.999955 -0.098120 1.542004
-0.152886 0.000926 1.450721
-0.172422 -0.630445 1.420610
-0.186919 -0.666416 2.775111
-0.161310 -0.630419 2.844992
-1.355745 -0.514065 2.186740
-0.615668 -0.416801 2.756304
-0.080133 0.227847 3.378040
-0.053465 1.420397 3.441662
-2.483351 0.153239 2.868434
-2.448072 0.213250 2.146877
-1.803063 0.859637 2.042034
-0.655887 0.859736 2.017775
-1.309047 0.823983 2.729074
-1.273043 0.192337 1.497051
-1.195673 0.228888 1.484946
-1.174925 0.885949 1.440034
0.011012 0.850748 1.445680
-0.028840 0.782183 -0.432142
-0.016722 0.712223 0.225028
-1.200478 0.688859 0.217312
-0.617578 0.671046 -0.440363
-1.341482 0.631070 -0.464933
-1.420616 -0.046536 -0.476930
-1.377055 -0.085337 -0.477971
0.582439 -0.715596 0.101040
0.626082 -0.734656 0.042087
-0.061091 -0.763151 -0.022971
-0.800014 -0.797607 0.610859
-0.750649 -0.816451 -0.004423
-0.651529 -0.802380 -0.033297
-0.648343 -0.771737 -0.089909
-0.768395 -0.738274 -0.057375
-0.878663 -0.711164 1.148053
-0.180339 -0.684734 0.582846
-0.078788 -1.285226 -0.049788
-0.070316 -1.271028 -0.054374
-0.856159 -1.266718 -0.039192
-0.320615 -1.273577 0.016034
-0.286759 -0.671161 -0.573157
-0.197551 -0.636848 -1.235147
-0.205800 1.197988 -1.248650
-0.335758 1.223134 -0.594279
-1.078020 1.240034 -0.577522
-1.053838 1.257099 0.066269
-0.957078 1.261898 0.633263
0.377619 -0.006960 0.606009
0.345618 0.002520 0.625857
1.024669 0.004256 0.014859
1.118820 0.661948 -0.590612
0.550831 0.682421 -0.629441
1.141258 0.727100 -0.611778
2.314006 0.150179 -2.467183
0.331900 -0.540148 -1.819457
0.988434 0.036379 -1.788419
1.043738 -0.613651 -1.766123
1.054422 -0.634230 -2.366021
1.034748 -0.622628 -1.114221
1.682949 -1.247636 -1.126593
1.743910 -1.251910 -1.757497
1.801906 -1.259624 -1.735655
0.437680 -1.260590 -1.766477
0.414696 -1.246562 -2.430899
-0.328160 -1.236079 -2.466892
0.948435 -1.252329 -2.459646
1.642781 -1.276728 -1.859106
1.661877 -1.286626 -1.295888
0.328565 -1.258369 -0.724223
-0.333018 -1.215207 -0.726950
0.341329 -1.186202 -0.707629
0.983161 -1.785586 -0.709775
1.655247 -1.784733 -0.126395
1.589564 -1.753927 -0.798698
1.519949 -1.741924 -0.791100
1.503663 -1.756012 -0.782409
1.544088 -1.134443 -0.142098
1.601729 -1.121712 -0.765670
1.009402 -1.102790 -1.411212
1.000686 -1.105986 -1.375889
0.411167 -1.129939 -1.353823
0.439709 -1.140579 -1.321916
1.074325 -1.122393 -1.885891
1.021189 -1.119198 -2.471815
0.951995 -1.157695 -2.442834
1.552819 -0.562419 -2.454633
1.523227 -0.568886 -1.808360
2.776812 -0.534686 -1.764243
3.392217 -0.517095 -1.700611
3.388412 -0.541095 -1.083466
1.533752 -0.575316 -1.153454
0.858716 -0.565078 -1.200368
1.458978 0.085570 -1.160431
0.772366 0.111049 -1.100163
0.087297 0.087620 -0.499574
0.058646 0.043531 -0.609557
0.081798 -0.586280 -1.265921
0.128293 -1.182036 -0.580250
0.165245 -0.552970 -0.509274
0.195284 -1.159278 -0.514274
0.226048 -1.200315 -0.583573
0.260138 -1.193742 -1.231446
0.268904 -1.131309 -1.200589
0.241199 -1.074975 -1.182641
0.197069 -1.071066 -1.226406
0.822140 -0.470844 -0.686724
0.827839 -0.481141 -0.069683
-0.410691 -0.442732 -0.023511
-1.013537 -0.988624 0.018703
-0.988373 -0.992441 0.004706
-1.594248 -1.027527 -0.048261
-1.594462 0.174979 -0.062159
-0.946523 0.192447 -0.030467
-0.974239 0.189592 0.644992
-0.418767 0.145022 0.000095
-0.454478 0.737185 -0.687479
-0.421274 0.746800 -2.469101
-0.334959 -1.088188 -2.446988
-0.255512 -1.046860 -2.436538
-0.209903 0.227167 -3.092539
-0.172459 0.184303 -5.004505
-0.136259 0.172328 -4.364916
0.567834 0.216925 -4.952566
1.186652 0.282138 -4.324379
1.137221 0.300589 -3.756023
1.093228 0.285997 -4.446062
-0.131428 0.316803 -4.447427
-0.105843 0.405068 -4.393424
-0.098895 -0.164004 -3.693376
-0.730289 -0.814508 -3.692793
0.518532 -0.868258 -4.315927
0.533538 -0.875965 -4.316010
0.596267 -0.194137 -3.034901
0.648612 -0.128259 -3.038234
0.626628 -0.147671 -3.063820
0.537828 -0.209866 -3.740663
1.092777 -0.243497 -4.369386
1.092516 -0.221522 -4.345285
1.106201 -0.207470 -3.031213
1.096065 -0.272891 -3.688247
1.067785 -0.390410 -3.702533
1.709449 -1.093953 -3.724880
2.355012 -1.090586 -3.695026
2.382817 -1.071818 -3.711476
2.392169 -1.108996 -3.072709
1.750142 -1.169008 -1.778079
1.731286 -1.775862 -1.764229
1.723387 -1.708768 -2.417861
1.722242 -1.007779 -3.021580
1.717356 -1.037140 -2.335279
1.721721 -1.094582 -1.661674
1.705321 -1.103749 -0.354811
1.679952 -1.043374 -1.023605
1.660853 -0.976193 -0.411223
1.652391 -0.958103 -0.385350
1.638460 -0.961593 -0.934651
1.607936 -0.916370 -0.279268
2.216526 -0.830259 -0.326958
1.588583 -0.782463 -1.012365
0.960770 -0.822021 -0.991231
0.960586 -0.890645 -0.232679
2.179535 -0.909336 -0.217320
2.160594 0.332938 -0.284217
2.125827 -0.298384 -0.331776
2.147408 -0.996389 -0.950362
2.834420 -1.044338 -0.870951
3.445481 -1.023261 -0.844706
2.743865 -0.978523 0.285757
2.716529 -0.988436 0.286115
1.473186 -1.048771 0.378074
1.491640 -1.063957 0.463729
1.455515 -1.016859 0.422862
1.399210 -0.356414 0.291725
0.775072 -0.399339 0.187986
0.169966 -0.450709 0.198214
0.171869 0.199628 0.221977
0.831181 0.285313 -0.498129
0.806625 -0.309400 0.002107
0.163758 0.280787 -0.697564
0.226838 0.261185 -0.685120
0.303450 0.329096 0.024757
0.981270 1.657046 0.637486
0.968249 1.009149 0.498850
0.957067 0.912270 0.457331
0.963879 0.884647 1.154367
0.315968 0.961456 1.243265
0.295170 2.238553 1.248912
0.879051 0.442909 1.847252
0.220810 1.008778 0.544042
-0.399564 1.005730 0.036342
-0.385735 1.052588 -0.534561
-0.370970 0.497050 -0.513888
-0.384121 1.076583 -1.209866
-0.422711 1.041362 -1.211553
0.163504 1.053679 -0.500713
0.157974 0.512209 -1.112747
0.157681 0.540735 -0.479538
0.118005 0.517971 -0.533589
0.660158 0.473371 0.087377
1.215169 -0.796309 0.109687
2.491681 -0.164988 -0.590910
1.925712 -0.194220 -0.652358
1.941514 -0.249745 -1.332993
1.225196 -0.283740 -1.318914
1.159465 -0.278752 -0.080369
0.566500 1.023095 0.530554
0.665986 1.006286 0.537354
0.697970 0.987282 -0.718482
1.876975 1.607627 0.006746
1.815747 0.404822 1.311000
1.235145 0.413597 1.255327
1.363842 -0.231529 1.262445
1.374709 -0.275539 1.316499
1.282089 -0.313707 1.355217
1.218681 -0.312923 1.354013
1.272359 -0.269980 1.350899
1.364694 -0.233874 1.395021
2.003804 -0.821468 1.490268
1.913135 -0.807585 1.550677
1.864331 -0.783719 1.531338
1.284777 -0.760562 1.488623
1.377063 -0.774905 1.496116
1.387020 -1.420969 0.912658
1.313588 -1.463553 1.001597
0.607292 -1.475503 1.696547
0.655047 -1.457923 1.707323
0.752648 -1.456587 1.717130
0.188443 -2.013549 1.132937
0.172086 -1.991006 0.555298
-0.467346 -2.007437 0.513482
0.218746 -2.052364 0.441150
0.305958 -2.107016 0.408927
0.333079 -1.530997 1.111537
0.284226 -2.850383 0.500969
2.079626 -2.914177 0.477392
2.075107 -3.573298 0.453434
2.122738 -3.577185 1.109115
2.764780 -2.917249 1.152604
2.725333 -2.931590 1.174281
2.698508 -2.968528 1.175369
2.712980 -3.001248 0.510757
2.748368 -1.169939 -0.861128
2.759450 0.081290 -0.838865
2.097250 0.077051 -0.845089
0.838294 -0.519604 -0.874451
0.847074 -0.498336 -0.314082
0.857149 0.171744 -0.269789
0.846286 0.219343 -0.229378
0.845344 0.242698 -0.249455
0.869912 0.229171 1.001033
0.891556 0.200084 2.921291
0.883113 -0.454388 2.262521
0.872042 -0.477219 2.864039
1.511523 -0.489644 2.800796
1.514083 -0.505848 2.743302
0.859867 -1.135046 3.360105
0.802373 -1.077185 3.391950
0.784060 -1.607503 3.399155
0.807870 -1.557992 3.963540
0.182345 -1.552272 4.554107
0.165352 -1.560433 3.932371
0.145236 -2.180337 3.972509
0.165996 -2.180258 4.610568
0.214390 -2.167333 4.570568
0.237760 -2.762105 4.535904
0.195586 -2.767461 3.924919
0.139604 -3.354816 3.959198
0.132610 -3.283622 3.937830
0.158692 -2.619862 3.873668
0.161625 -2.606475 3.155178
0.129386 -3.234950 3.192287
0.109255 -2.594020 3.242774
0.117182 -0.711097 2.585092
0.114132 -0.697745 2.520500
0.068083 -0.719154 2.503756
0.013113 -0.170205 2.558566
0.003647 -0.213175 3.811824
0.026338 -0.209336 3.778938
0.016376 -0.791188 3.736182
-0.017763 -0.775879 3.746472
-0.017253 -0.824221 4.499926
0.027397 -0.883417 3.233008
0.053121 -0.262588 3.171563
0.677423 -0.243621 3.091257
0.020956 -0.850940 3.080926
0.033897 -0.867791 3.754934
0.061189 -1.496150 3.779193
0.661438 -1.454112 3.750837
0.632625 -1.401063 3.095736
-0.606426 -1.393561 3.779811
-0.562825 -1.451921 4.479428
-0.537551 -1.530305 5.137262
-0.547146 -1.568620 5.707024
-0.546552 0.250095 5.076570
-0.527178 0.233531 4.502309
-0.515686 0.214745 4.571366
-0.531721 0.888228 5.239075
0.073478 0.319561 4.602109
-0.540743 0.397813 4.640267
-0.501131 0.436927 4.057929
0.155221 0.425618 4.076018
0.775328 0.387395 3.431569
0.788147 0.356242 3.416740
0.187292 0.342079 4.101249
0.204313 0.328368 4.130186
0.840013 0.968446 3.477707
0.236094 0.995879 3.494049
0.243744 0.401887 3.534102
0.264473 0.449887 3.634494
0.296643 -0.177612 2.994634
0.327032 -0.175547 3.058594
0.358426 -0.171211 3.670392
0.398910 -0.194664 4.317602
0.429754 -0.232582 4.307490
1.058954 -0.250751 4.286100
0.426110 -0.221468 4.828200
-1.578673 -0.169874 5.346523
-1.581996 -0.768069 5.359241
-1.586031 -0.163198 4.774517
-1.584484 -0.145203 4.808929
-1.582657 -0.117193 4.781187
-1.593732 -0.726562 4.723704
-1.570186 -0.798471 4.071095
-1.569073 -0.875890 4.115667
-0.908068 -0.310438 4.153920
-0.930545 -0.298046 4.149959
-0.967934 -0.190049 4.140832
-0.987656 0.448542 4.182178
-0.352033 -0.156959 3.602959
-0.980562 -0.086854 3.639770
-1.615155 -0.637922 4.254927
-0.324356 -0.663102 4.220913
-0.332225 -0.721108 4.181785
0.310101 -0.093436 3.549746
-0.929725 -0.019581 3.539465
-0.951306 0.028465 4.137371
-0.991149 0.012731 4.119427
-1.014237 -0.669106 4.762476
-0.373978 -0.633671 4.141267
-0.386064 -0.583832 4.746449
-0.407495 -1.233617 5.344120
0.186928 -1.346532 5.284000
0.792270 -2.104437 5.255449
0.844551 -0.899552 5.270793
1.490952 -0.878126 4.642927
0.845400 -0.266905 4.606755
1.394206 -0.326490 3.967909
1.352002 -0.336122 4.012195
1.304000 -0.257494 4.068077
1.336475 -0.168325 4.084536
1.310210 0.437786 4.068849
0.615988 0.383331 3.455366
0.605027 0.947539 3.468957
0.659106 0.974913 2.179854
0.708030 1.037471 2.183521
0.695404 1.065653 2.165454
1.311579 0.404578 2.157490
1.311579 0.362806 2.786611
2.015266 0.381369 2.804424
0.762502 0.393283 2.127570
0.734269 -0.831987 2.108089
0.711235 -1.531723 2.079327
1.381332 -0.895529 1.465368
1.432062 -0.882431 1.469671
1.437461 -0.890774 1.456312
1.385153 -0.933657 2.050015
1.338376 0.222553 3.302202
0.672964 0.215306 3.324363
0.681144 0.259613 3.962649
0.639652 0.940055 3.943375
-0.085024 0.259179 3.242423
-0.102787 0.202550 2.556819
-0.036088 0.795729 2.549886
0.036449 0.163352 2.565375
0.663419 0.202332 2.571148
0.633346 1.463847 1.928469
0.615956 1.479054 1.944564
1.296058 1.510297 2.006183
1.332050 1.559908 2.088847
0.651434 1.602062 1.495531
-0.038310 0.986839 1.508218
0.592954 0.325147 1.510094
-0.047253 0.302898 2.180022
-0.005569 -0.357736 1.631937
-1.319054 0.250830 1.632138
-1.381801 0.230359 1.552520
-0.790781 0.223584 1.528407
-0.115861 0.845350 0.916325
-0.124131 1.518262 1.587787
-1.443870 1.532004 2.839640
-0.239561 0.900128 2.164251
-0.237136 0.304197 3.394149
-1.512382 0.333207 2.816618
-2.753523 0.329198 2.261456
-2.763931 0.313524 2.248499
-2.767939 0.311253 3.400403
-2.716502 0.323743 3.386796
-2.639435 1.010923 4.031777
-2.602964 1.627631 4.088115
-2.610836 1.641459 4.748936
-3.274994 0.372909 4.744715
-3.215605 -0.254288 4.767666
-3.131130 -0.211078 4.159063
-3.074937 -0.200595 4.782564
-3.057567 -0.215723 3.488600
-3.062694 -0.269237 4.724242
-3.056239 0.351993 4.120911
-3.065057 0.367335 4.786818
-3.130975 0.361771 4.759962
-2.548632 -0.908984 4.687094
-2.589620 -0.936195 4.644926
-2.578489 -0.914668 4.659330
-1.270480 -0.239574 4.680950
-1.295717 -0.880613 4.651276
-2.578467 -0.301440 2.715628
-2.601165 -0.362839 2.744268
-1.958062 -0.392238 3.457476
-1.327475 0.246159 3.449126
-1.353392 2.143965 2.783916
-0.749892 2.140500 2.799992
-0.042665 1.460450 3.477535
-0.002711 1.466625 3.524325
0.012506 1.507913 4.152673
0.030563 1.538725 3.490614
-1.206517 1.506420 3.478715
-1.181116 1.418761 3.493856
-1.177454 1.327523 2.867307
-1.199016 1.277607 2.248981
-1.849093 1.270005 3.417429
-2.445510 1.274355 4.078585
-1.801198 1.279051 4.096402
-1.116744 1.296617 4.109091
-1.119667 1.346588 3.428408
0.118173 0.773648 3.447991
-1.194720 -0.424243 3.475554
-2.516214 -0.466881 0.391158
-2.466299 -1.134932 0.371827
-2.418378 -1.076577 0.359640
-3.075697 -1.050762 1.026558
-2.490492 -0.404053 0.951081
-2.474499 -0.411693 0.884574
-2.422482 -0.405325 0.824751
-2.383859 -1.015950 0.201961
-2.437129 -0.965734 0.889109
-2.501472 -0.343950 0.912144
-1.866563 -0.393142 0.174260
-1.842741 -0.465750 0.098521
-1.854517 -1.114291 0.773176
-1.928119 -0.547869 0.820363
-1.994876 -0.564061 0.806389
-2.009191 -0.571679 0.722194
-2.655515 -1.130443 1.283550
-2.698266 -1.737527 0.667306
-2.781338 -0.412390 -1.223181
-0.932232 1.443647 -1.251536
-0.875245 1.438098 -1.330642
-0.826724 1.408789 -1.327928
-0.827759 1.349963 -0.633698
-1.500999 1.949336 -0.574912
-0.810049 1.341208 -0.620209
-1.418603 -1.137834 -0.669876
-1.369142 -1.094282 0.063413
-0.746391 0.120304 0.163173
-2.024279 0.747225 0.177213
-1.997478 1.434674 0.768816
-1.951119 2.764473 0.070854
-1.294539 1.539255 0.119161
-1.343966 1.435332 0.182229
-1.366836 1.388832 0.163448
-1.981540 1.461592 0.753869
-1.298827 0.926323 1.382472
-1.301617 0.316690 1.450674
-0.676760 0.938295 1.538257
-0.652774 0.978359 1.551973
-0.620115 1.082528 1.527355
-0.624701 1.151106 1.534386
-0.688491 1.058292 2.213593
-0.751880 0.892755 1.604662
-0.076750 0.805205 0.952045
-0.024680 0.843348 1.559887
-0.000515 0.906645 2.151980
-0.676695 0.892864 2.184077
-1.314822 0.834243 2.248324
-1.278103 0.827933 1.671508
-1.238591 -0.338744 2.244304
-1.891229 0.386330 2.781906
-1.290720 -0.328731 2.134406
-1.328362 -0.436080 1.545053
-0.660394 -1.146324 1.556844
-0.623827 -1.076195 1.503578
-0.615312 -0.995096 1.422361
-0.633323 -0.352408 1.388326
-0.639431 -0.359217 0.162048
0.007865 -0.337584 0.815861
0.033717 -0.301898 1.390613
0.629035 -1.572607 0.644310
0.570979 -2.236804 0.639619
1.169868 -2.248687 0.667845
1.131785 -2.861199 1.329016
1.129915 -2.154591 1.914541
1.142348 -2.099773 1.846681
-0.159342 -1.447826 1.872820
-0.145011 -0.790034 1.951308
-1.381763 -0.710805 3.272963
-1.361740 -0.650784 3.249581
-0.770383 -0.667200 3.231836
-0.816918 -0.751827 3.225686
-0.846115 -0.812347 3.870917
-0.858163 -0.187981 3.908217
-0.852282 -0.151013 3.263797
-1.457773 -0.765601 2.603518
-1.453918 -2.072914 3.213911
-2.087002 -2.046166 3.890185
-2.669358 -1.973125 5.173923
-2.616176 -1.912339 4.522723
-1.951045 -1.887275 4.506953
-1.288055 -1.975873 5.149851
-1.271221 -0.854279 5.147669
-1.293512 -1.469849 5.133027
-2.522844 -2.075301 5.111249
-2.529441 -0.809436 4.443796
-2.537715 -0.779202 5.100336
-2.535616 -0.709471 5.099515
0.052481 -1.269014 4.468434
-0.551023 -1.244062 4.452067
-0.487034 -1.309318 3.821071
-1.066404 -0.785895 4.491345
-1.122185 -0.828804 4.557168
-0.564495 0.371473 3.903436
-0.575193 2.248101 3.234271
-0.565041 1.608219 3.276489
0.053694 0.451274 2.728832
-0.657184 -0.169769 2.760530
-0.695839 0.482860 2.725251
-0.676250 1.111628 2.693346
1.271644 1.648652 3.325966
1.283885 1.584578 3.325875
1.255934 1.559835 3.263690
1.220800 1.549238 3.865632
1.220278 2.161692 3.195763
1.253446 2.161387 3.244588
1.280725 0.964976 3.938679
1.269595 0.426886 3.907927
1.253723 0.483102 3.227308
1.271855 0.470456 3.251331
1.299297 -0.217338 3.310645
1.285007 0.365566 2.674729
1.214098 0.357424 2.652639
1.138202 0.345864 2.633457
1.112576 0.291545 2.022499
2.390609 0.292794 2.062182
1.768746 0.353413 2.063274
1.783032 0.459201 2.025325
2.984524 -0.154753 0.081557
3.026045 -0.197904 0.677977
3.085933 -0.907659 2.017951
3.103113 -0.945994 2.669584
3.095614 -0.308695 2.678875
3.074131 -0.328282 2.006579
3.072215 -0.346363 2.002190
3.099773 -0.358810 2.032014
3.132952 -0.296161 2.720187
1.784406 -0.200088 3.351187
2.446112 -0.178566 2.635950
1.879953 -0.232101 1.975734
1.934397 -0.285252 3.356276
1.972206 0.343597 3.421806
2.610231 1.602914 2.773700
2.624685 1.615125 2.705556
2.624960 1.001018 3.301572
1.978058 0.999813 0.721954
1.939042 1.051809 0.723383
1.913106 0.512553 0.057648
1.913296 0.541760 1.985602
1.926467 -0.106852 1.363882
2.654647 0.535304 1.997692
2.651928 0.562546 1.457761
2.618305 0.573301 2.057188
2.588209 1.215080 1.381615
2.575007 1.208108 2.053103
2.555463 1.226505 2.766551
3.146413 1.238980 2.798047
3.084801 1.966157 2.773540
3.065541 0.776961 2.067784
3.085866 0.796658 2.091621
3.093673 0.811209 1.563498
3.062533 0.167877 2.303089
3.662646 0.765388 2.948957
4.289039 0.750539 2.939762
4.307243 0.117811 3.617579
4.290888 0.804122 4.290685
3.599373 0.840024 3.619973
2.233500 0.180143 3.549773
2.278287 0.178519 3.517460
2.349663 0.810173 3.531182
