-0.359923 0.383267 3.761544
-0.363092 -0.228314 3.207120
-0.395870 0.403650 2.590151
-0.422409 0.377917 2.576667
-0.417493 0.320830 1.857139
0.265615 0.901698 1.881115
0.282086 0.911248 1.946969
1.592557 0.937829 1.975382
1.618196 0.969981 2.607932
0.994926 0.986440 2.528147
1.043497 0.358710 2.477545
1.710785 0.388365 2.496233
1.741825 0.434897 2.550050
1.728642 0.507716 3.186515
1.707539 0.556902 5.047047
1.726622 1.217851 4.952032
1.783631 1.240125 4.296694
1.847274 1.290154 3.740856
1.874249 1.993012 3.766696
2.549555 1.356378 2.396046
2.578916 0.634335 2.387474
2.621327 -0.057954 2.442714
2.634653 -0.673591 1.205277
2.594365 -0.630520 1.272966
2.532398 -0.653915 1.275770
2.497505 -0.755780 1.288269
2.514233 -0.828532 0.703142
1.881806 -0.148730 1.422753
1.866525 -0.701535 2.095222
1.812148 -0.709727 1.424166
1.756844 -0.796241 0.789889
1.741619 -0.205514 0.166965
1.759259 -0.127417 0.174936
1.768786 -0.005833 0.734253
2.369898 1.213321 1.265651
2.342830 1.158756 1.824879
2.375021 1.097686 1.193501
2.435915 1.749030 1.849210
1.829006 1.803696 0.606332
1.825209 1.797239 1.807043
1.843183 1.738771 1.814742
1.906551 1.670257 1.236155
1.939374 1.691512 1.278380
1.908186 1.762560 -0.058857
1.213095 1.797113 0.552883
1.191442 1.139831 -0.078313
0.650098 1.133106 -0.058819
0.652201 0.537437 -0.697224
0.629848 0.603059 -0.731196
0.633201 0.648626 -0.116284
0.049053 0.642218 0.492539
0.059735 -0.022573 -0.824039
-1.109137 0.015213 -1.449631
-1.102830 0.095146 -1.442328
-1.063112 0.760157 -1.438455
-0.414857 0.753536 -0.232007
-1.052133 0.707580 -0.232417
-1.022259 0.703829 -0.802334
-0.996712 1.442323 -1.394960
-0.370854 2.068364 -1.378072
-0.364561 2.013782 -2.011698
-0.391056 1.948934 -2.651528
-1.023900 0.628940 -2.641927
-0.399558 0.672536 -2.632959
0.284448 0.704195 -1.987596
0.320453 0.663889 -3.265078
-0.304711 0.590990 -3.290987
-0.333767 0.551054 -2.684023
-0.337219 0.549667 -2.637905
-0.944324 0.547589 -2.584959
-0.907231 0.516154 -3.825050
-1.569761 0.485131 -3.854394
-1.605257 0.487310 -2.570688
-0.986119 0.526759 -2.605413
-0.988126 0.555410 -1.970801
-0.957917 -0.667441 -0.689595
-1.595681 -0.697139 -0.654088
-1.609839 -0.695590 -0.669713
-2.269289 -0.655656 -1.915921
-2.298098 -0.628235 -1.269868
-2.301329 -0.634467 -1.199979
-2.289703 -0.634779 -0.521755
-2.333820 -0.603872 -0.564430
-1.703835 -1.143280 -0.642055
-1.742870 -1.078913 -0.664334
-1.722653 -1.060325 -0.642051
-1.661443 -1.069126 -0.643547
-1.742975 -0.497600 -0.679230
-1.738890 0.143643 -0.696109
-1.749508 -0.536580 -1.229216
-0.539940 -0.596050 -1.732785
-0.503028 -0.645512 -0.425099
0.157396 0.017535 -0.424160
-1.167065 0.023051 -0.450807
-1.132444 0.012763 -0.436572
0.299310 -0.011225 -1.038858
0.371780 -0.049317 -1.067384
0.418772 -0.101321 -1.112837
0.386769 0.458231 -1.134730
0.357753 -0.191641 -1.104502
1.749737 0.434330 -2.918762
1.708549 0.443476 -2.925770
1.634867 0.440056 -2.334906
1.579747 -0.214764 -2.381863
1.576518 -1.371677 -3.043780
2.232330 -1.294700 -3.120469
2.174770 -1.255404 -1.974255
2.075862 -1.263317 -2.028258
1.994528 -1.286913 -1.373386
1.986993 -1.268117 -1.933759
2.015803 -1.223749 -1.937050
2.024130 -2.495833 -1.361064
2.007453 -2.470568 -1.375835
2.010244 -3.061339 -1.941367
0.780885 -3.052982 -0.630990
0.836140 -2.420302 -0.593922
0.857656 -1.721055 0.030311
0.834314 -1.726481 0.011426
1.425392 -0.478242 0.027013
1.461842 0.128345 1.292129
1.535031 0.113888 1.321238
0.981441 0.108930 1.311519
0.985743 0.721426 1.287489
0.966285 -0.575341 1.291228
0.975621 -0.571698 1.312942
0.385669 -1.189591 0.729303
0.348822 -1.157160 0.736950
0.884698 -1.105241 0.705480
0.817017 -1.068648 -0.001342
0.778863 -1.074914 -0.042216
0.732680 -1.706232 -0.020386
-0.549507 -2.265742 0.072813
-0.610693 -2.191644 0.099694
-0.669480 -1.523240 -1.175263
-0.671766 -2.730788 -1.821035
-0.663493 -2.730884 -1.784268
-0.674724 -3.347979 -1.733230
-0.697278 -2.687591 -1.723253
-0.691853 -2.673906 -1.770838
-0.645112 -2.701505 -1.808760
-0.609078 -2.731062 -1.797596
-0.595775 -2.113003 -1.111850
-1.248072 -2.093665 -0.413894
-1.206112 -0.920728 0.220372
-1.159401 -0.973246 -0.469450
-1.151100 -1.034949 -0.473432
-1.166733 -1.048068 -0.442798
-1.169368 -1.031601 0.234094
-1.167843 -0.447383 0.202058
-1.181862 -0.512327 -0.514832
-0.616036 -0.579595 0.093957
-0.635363 -0.596704 0.067459
-0.655224 0.042111 0.697138
-0.695840 0.030411 0.048061
-0.744900 -1.299175 0.002452
-0.777868 -1.978241 0.566138
-0.788878 -2.007305 0.540115
-0.798275 -2.640431 0.518529
-1.489197 -3.276061 0.492261
-1.510614 -3.314484 0.462290
-1.469568 -3.318056 0.459461
-0.743885 -2.658695 0.472241
-0.686107 -2.642648 0.469891
-0.050811 -2.670622 0.461217
-0.051133 -2.125075 0.452002
-0.047218 0.321442 0.503981
-0.035720 0.350594 -0.087440
-0.049188 -0.217792 -0.080866
-1.305611 -0.227574 -0.092114
-1.327586 1.008950 -0.076432
-0.702310 1.025069 -0.038052
-0.653861 0.456404 -0.009152
-0.617725 0.509668 0.005025
-1.204378 0.512429 0.026584
-0.592862 -0.153423 0.068172
0.035868 0.472821 0.112367
-0.512687 1.114959 0.130183
-0.528610 3.017338 0.121168
-0.546698 2.337058 -0.521296
-1.193253 0.997564 -0.501803
-1.187502 0.381745 -0.481208
-0.498012 1.104842 0.143069
-0.471239 1.142503 0.152500
-1.075876 1.796705 0.140843
-2.256021 1.176119 0.773167
-2.260129 1.212735 0.752555
-1.051933 0.058983 0.712797
-1.068935 0.052932 0.686041
-1.091979 0.005976 0.656746
-0.482580 -0.606867 0.632675
-0.468049 -0.573065 0.607212
-0.435806 -0.552355 0.602211
-0.434532 -0.581601 -0.552638
-1.068815 0.035997 -0.529638
-1.080867 0.057595 0.753469
-1.700615 0.070050 1.364935
-1.711834 -0.600651 1.381857
-1.764847 -0.688373 0.799014
-1.820440 -0.735013 0.823098
-1.212162 -1.976434 0.208952
-1.156078 -1.919710 0.248996
-1.089184 -1.904058 0.296292
-0.471401 -1.302914 0.346238
-1.098552 -1.294560 0.379607
-1.086227 -1.863105 0.391611
-1.063528 -1.820607 0.376053
-0.436232 0.011752 1.569660
-0.468834 -0.732776 1.536011
-0.522349 -0.784694 0.875821
0.020288 0.557494 1.541836
-0.548487 1.250119 1.566896
0.165452 1.860927 1.540825
-1.096766 1.187169 1.495533
0.114765 0.607203 1.498523
0.079707 0.702786 0.247839
-0.572413 0.747265 0.279184
-0.588064 0.687906 0.206672
-0.667111 0.597855 0.082637
-0.769189 -0.093345 0.030958
-0.797853 -0.050422 -0.555069
-0.121053 -0.003789 -0.506134
-0.733176 -0.002446 -0.555889
-0.762845 0.621786 -0.029936
-0.795871 0.647602 -0.019795
-0.769143 0.642114 0.083744
-0.715214 0.031317 0.150455
-1.323370 0.650522 0.782172
-0.742337 0.623962 0.082698
-0.773203 0.608314 -1.161521
-0.733285 0.612379 -1.093558
-0.652589 0.644223 -1.704848
-0.584088 0.695905 -1.767503
-0.537938 0.747459 -1.882230
-0.503334 1.398161 -1.233715
-1.105944 0.732276 0.149735
-1.679856 0.705323 0.157225
-1.067013 -0.564829 0.118671
-0.446790 -0.579160 0.068023
-1.750692 -0.646597 0.055426
-1.754443 -1.342936 0.074778
-1.743955 -0.747840 0.085843
-1.084717 -0.046217 0.678641
-1.037665 -0.678609 1.849029
-1.038987 -0.720072 1.893298
0.118861 -0.132872 1.263824
0.102117 0.498836 1.313051
0.097389 0.511584 0.644279
0.057052 0.497860 0.621377
-0.030967 -0.202499 0.621747
0.495207 -0.203975 0.664802
-0.140224 0.518896 0.713051
-0.119388 0.570385 1.342009
-0.097553 0.607883 3.215055
0.539086 0.650556 2.594182
0.531620 0.077899 2.674214
0.526209 0.747160 3.366363
0.480796 0.755914 4.000967
0.466503 0.740340 4.598989
1.072320 0.106585 3.960329
1.073342 0.764506 3.410687
1.115800 2.083960 3.430842
-0.060940 2.107732 2.794269
-0.643671 2.120103 2.751346
0.044230 2.147139 2.745744
-0.563299 2.186326 2.742061
0.096140 2.212029 1.470253
0.096055 1.575890 1.437871
0.093549 2.804390 1.474558
-0.548849 2.806340 1.513878
-1.115742 2.207086 2.129418
0.207378 2.238999 3.973052
0.268686 1.605322 3.949070
0.901998 2.228465 3.373472
0.974513 2.198424 4.033057
0.983289 2.182603 4.619848
0.932843 2.175499 4.614444
0.892707 2.144154 5.265760
0.890385 2.732919 4.652321
0.887641 2.695904 4.643567
0.841008 2.054173 4.002348
0.757774 1.446765 3.964866
0.707098 1.447104 3.935848
0.717775 2.057247 3.919288
0.754682 2.034988 3.903537
0.748774 0.103008 3.885243
0.687296 0.149340 3.296606
0.642003 -0.432706 2.669903
1.311034 -0.456659 3.278592
1.331045 -0.478730 3.306751
1.318223 -0.455314 2.731448
1.293938 -0.400395 2.707483
1.318967 -0.362301 2.076461
1.394780 0.269815 0.934266
1.469236 -0.403852 1.586854
2.619575 -0.485281 0.330583
2.002948 -0.461278 -0.300445
2.031303 -0.441794 -0.275089
2.064748 0.161019 -0.270385
2.067517 -0.564337 0.356540
2.036030 -0.607042 0.354420
0.764930 0.036838 -0.867471
0.182425 0.084441 -0.906746
0.887326 1.260945 -0.960458
0.893749 -0.676977 -1.578335
0.204237 -0.666952 -2.162316
0.193508 -0.629463 -1.541229
0.231735 -0.598858 -0.960816
0.271821 -0.606348 -1.006888
0.242113 -0.646479 -0.397731
0.175204 -1.299883 -1.614871
0.169218 -1.272366 -0.960416
0.212600 -1.239480 -0.996072
0.243389 -0.589748 -1.059684
0.809546 -0.590395 -1.698195
0.750896 -0.567853 -1.659287
0.749743 -0.542191 -1.652761
0.787219 -0.550019 -1.714550
0.811303 -0.636141 -1.133173
0.781905 -0.699759 -1.789117
0.751630 -0.725946 -1.743058
-0.630126 -0.717976 -1.094149
-0.565259 -0.705336 -1.152809
0.066428 -0.698774 -1.208284
-0.006656 -0.666620 -1.213491
0.552515 -0.013423 -1.184922
-0.031646 1.321987 -1.180043
-0.029100 1.325169 -2.514664
-0.106460 2.540822 -3.167693
-0.187602 2.524066 -3.156053
-0.822583 2.539365 -3.740900
-0.774306 2.573829 -3.159866
-0.741702 3.244371 -3.150529
-0.761063 3.280260 -3.137283
-0.805303 3.331403 -3.801988
-0.829232 2.755369 -3.824830
-0.833225 2.820139 -3.844684
-0.838146 2.837006 -3.162770
-1.483137 2.159989 -3.121737
-1.480241 2.095712 -2.487900
-1.460698 2.046786 -1.851849
-1.453877 1.409130 -1.861333
-1.459902 1.406720 -1.836263
-1.452511 0.735145 -1.163184
-0.794847 0.709927 -1.151718
-0.745882 1.360670 -0.505220
-0.067118 2.019406 0.117921
-0.081464 2.662871 0.115576
-0.066063 1.935310 0.108116
-0.017163 1.850294 0.094448
0.013870 2.465127 0.081224
0.009871 3.122573 0.029851
-0.005007 2.500318 -0.631092
0.007941 1.829499 -0.664195
1.320509 -0.068857 -0.676607
1.913092 -0.044828 -0.659105
1.884288 0.027557 -0.618698
1.882458 0.034804 -0.604567
1.911022 -0.028025 -0.614165
1.899923 1.194843 -0.631526
1.840687 1.175192 -0.005791
1.799539 1.193188 0.005217
1.170073 1.803506 -0.605485
1.169255 0.496787 0.046612
-0.088901 -0.187485 0.053918
-0.150731 0.460314 0.094685
0.489413 1.758820 0.776025
0.537598 1.741295 0.808953
-0.061666 1.696449 0.810944
-0.072248 1.686448 0.798503
0.547261 2.391622 0.125352
-0.021460 2.471153 0.084009
0.620599 1.863530 -0.580802
-1.297969 1.871797 -0.602331
-0.674555 1.895201 -0.614505
-0.660178 1.334520 -1.210488
-0.583798 2.043016 -1.182513
-0.495544 2.059409 -1.740590
-0.449934 2.023479 -2.299474
-0.430392 1.981419 -2.260612
0.875314 1.988132 -2.256176
0.919572 2.019168 -2.246533
0.934033 2.018640 -2.228557
0.901519 1.985169 -0.965924
0.858758 1.334106 -0.971053
0.856038 1.343646 -0.381159
0.866869 1.968641 0.931511
0.849020 1.907703 1.565473
0.810463 1.218322 2.210733
0.816912 1.205341 2.183931
0.869618 2.006034 0.851319
-0.387611 2.014934 1.409106
0.228266 2.033484 1.381568
0.165593 2.039695 0.775260
0.112521 1.426602 0.116002
0.793760 1.447074 0.656991
0.846311 1.446457 1.279852
0.848061 1.429898 1.276005
0.135748 1.430498 1.246929
0.787894 2.066602 1.234296
0.808962 2.064019 1.770788
0.833709 2.042906 2.374927
0.837349 2.009072 1.799789
0.182232 1.997248 1.193614
0.818323 2.033994 1.181981
0.174635 2.078193 1.130964
0.192423 2.114958 1.710937
-0.504772 2.128388 1.062243
0.142694 2.139269 0.463733
0.138722 2.740096 0.457828
0.148886 2.720135 1.770114
0.128350 2.658758 1.127262
-1.103729 2.580718 1.151766
-1.164667 1.942324 0.603190
-1.178354 1.359391 0.680477
-1.149670 1.357691 0.702568
-1.147976 1.299943 0.683507
-1.787276 1.224692 0.682720
0.032565 1.213824 -0.603390
0.005802 1.277902 0.065428
0.009838 1.328621 0.095639
-0.557781 1.308655 0.142539
-1.194280 1.257174 -0.453109
-0.611849 1.245802 -0.416012
-0.609059 1.285046 -0.979096
-0.602118 1.298668 -0.911354
-1.176735 1.248432 -0.878652
0.167047 1.808420 -0.933631
0.809904 1.780805 -0.997419
0.234908 1.797602 -1.010152
0.185526 1.810332 -0.959480
-0.415595 1.796525 -0.905536
0.198006 2.990451 -0.908151
0.207108 2.982974 -0.925327
0.144301 3.011655 -0.925740
-0.540164 3.044067 -0.924707
-0.455893 3.054024 -0.936941
0.829037 3.038896 -0.320217
0.883408 2.430682 -0.373263
-0.405509 2.458179 0.165347
0.194617 1.230862 0.134737
0.203455 1.861354 0.748721
0.265233 1.833476 0.733693
0.291684 1.809177 1.326482
-0.403532 1.162886 1.294243
-1.711491 1.165312 1.321145
-1.691881 1.809687 1.328488
-1.607274 2.459691 1.320318
-1.558163 2.463359 3.179560
-1.583527 3.113258 2.497116
-1.617696 3.075421 2.484856
-1.573648 3.048314 2.500539
-0.847770 3.053605 2.527754
-0.841199 1.793338 2.555976
-0.961849 2.445950 2.603081
-1.040643 1.183477 2.635125
-1.684655 1.208888 2.641131
-1.023117 1.866962 2.630876
-1.089812 1.911375 2.616234
-1.168602 1.261890 3.265919
-0.558349 1.232684 3.230518
-0.505704 0.650630 3.194419
-1.043414 0.680772 3.171916
-0.426108 0.692766 3.160523
-0.491358 0.647619 2.543563
-0.513573 0.583145 2.523341
-0.499319 -0.072546 1.833575
-0.469725 -0.628525 1.802736
0.117512 0.041783 1.787384
0.079455 1.163094 1.776376
0.073968 1.065027 1.743445
0.115198 1.727500 1.701621
0.153755 1.807293 2.318885
0.152159 1.873828 2.976573
0.123852 1.867516 2.989007
0.115265 1.841682 2.998043
0.144463 1.890902 2.992366
0.174644 2.005072 1.745072
-0.463153 2.063833 1.773584
-0.523414 2.013260 1.800330
-0.557583 1.939493 1.805837
-0.545497 1.954257 1.787158
-1.144970 2.021229 1.775380
-0.549538 2.040470 1.145274
-1.236121 1.970315 1.165346
-1.244251 1.897316 1.165164
-0.568113 1.921260 1.140683
-0.411914 2.011489 1.120078
0.143687 1.419033 1.126611
0.058075 0.715142 1.146206
-0.542282 0.599041 0.516781
-0.439687 -0.059681 0.510410
-0.378770 1.210347 0.493140
-0.414362 1.221599 0.516943
-0.493529 0.560848 2.510725
-1.168739 -0.159024 1.855013
-1.098659 0.462822 1.802391
-0.989547 -0.092411 1.739732
-1.000146 -0.676840 1.735849
-1.056844 -0.740097 1.114664
-1.059623 -0.825220 1.163298
-0.992731 -0.839287 1.155713
-0.336724 -0.131947 1.121392
-0.347239 -0.105713 1.137446
-1.816216 -0.143239 1.187938
-1.854542 0.425474 1.220468
-1.205204 0.436483 1.207681
-1.206320 0.506301 1.170111
-1.234943 -0.790202 1.150534
-1.277190 -0.842152 1.824280
-2.588274 -0.222507 1.860820
-1.946058 0.448319 1.884946
-1.937177 0.475177 1.821080
-1.297006 0.466461 1.835423
-1.271205 0.392983 2.447588
0.042928 0.321357 2.442908
-0.562999 0.316616 1.782816
0.030852 0.357294 1.811741
0.048712 0.349632 1.829111
-0.492276 0.271888 1.808990
-0.497737 0.205963 1.795890
0.728006 0.207911 1.831920
0.679564 0.241343 1.891429
0.730977 0.237111 1.915263
1.499628 0.207127 1.907600
2.731780 0.215278 1.837683
2.612070 -0.314625 1.840293
2.529888 -0.198788 1.898787
2.533652 -0.149806 1.919267
1.985810 0.467721 1.860596
2.534339 0.468423 1.126286
2.417352 1.849670 1.119956
2.345344 1.912278 -0.012436
1.719797 1.930059 0.037561
2.381300 1.242201 0.018906
2.375508 1.240030 0.596345
2.303246 1.247210 1.247548
2.878076 1.878232 1.934649
2.912716 1.833768 2.009337
2.974626 1.814647 2.046794
2.353008 1.183097 2.020209
2.292875 1.164671 1.318740
1.634105 1.122067 0.718690
1.640417 1.096898 0.132155
2.300323 1.119632 0.762629
2.333893 1.145292 0.711481
1.705497 2.435589 0.639648
2.362294 2.391504 0.612084
2.962890 1.736702 0.640644
2.995054 1.746800 1.360907
2.391515 1.088236 1.375187
2.394372 -0.270364 1.341849
2.378641 -0.313094 1.321161
1.136440 -0.275604 1.415601
1.171401 -1.526844 1.484649
0.598139 -2.114397 1.497475
1.264575 -2.119755 1.453086
0.629397 -2.140206 2.064679
1.271073 -2.132414 2.087778
1.320339 -2.090782 2.143701
1.383993 -2.061309 2.158433
1.391941 -2.084118 2.143007
1.341964 -2.136527 1.468563
1.293339 -2.128221 1.468258
1.297220 -2.031065 2.794531
1.326749 -1.319206 2.802610
1.317968 -0.024282 2.753754
1.273253 -0.106824 3.371751
1.225069 -0.752964 3.326524
1.808525 -0.721916 3.342787
1.775831 -0.660017 4.011422
2.373388 -0.668130 3.990435
0.458600 -0.753782 3.342164
0.455713 -0.175919 3.308685
0.479252 0.458890 3.360205
-0.171923 0.557229 2.777861
-0.117475 0.590490 2.753990
-1.308961 -0.124249 2.674535
-1.295287 -0.192273 2.639350
-1.307392 -0.178546 2.679875
-1.335004 -0.114087 2.716711
-1.349457 -0.072888 2.040753
-0.763591 -0.128159 1.949273
-1.454821 -0.144054 1.921205
-0.862591 -0.062490 2.607441
-0.866267 0.034277 3.279726
-0.862738 0.049577 2.561487
-0.230688 -0.665291 2.470199
-0.251684 -0.688672 2.469840
-0.288678 -0.040488 2.546116
-0.329578 0.607459 2.587432
-0.986246 0.543719 2.527136
-1.004500 1.068656 1.798448
-1.018384 1.662602 1.816783
-1.009480 2.331683 1.902729
-0.968186 2.371435 1.940173
-0.909473 2.362178 1.873183
-0.210386 2.317516 1.791452
-0.174183 2.317327 1.147650
-0.140185 2.356006 3.123445
-0.719522 2.395718 3.109523
-0.698811 1.775440 3.022570
-0.726888 1.762859 2.972107
-0.128499 1.787975 2.436191
-0.093650 1.849079 3.071128
-0.017407 1.922535 3.052687
0.034744 1.980435 1.812927
0.048633 2.676010 1.853540
0.678550 2.733818 2.582985
0.713039 2.786865 2.619952
0.732511 2.819908 1.933733
0.696993 2.181036 1.935399
-0.029323 1.553786 1.373471
-0.056656 1.606204 1.405573
-0.583406 2.227288 1.407014
-1.169389 2.207209 1.412960
-0.522180 2.857689 1.454598
-0.553684 2.895431 0.283964
-1.819474 2.905004 0.324745
-1.163383 2.850153 0.357543
-1.782368 2.782393 0.974580
-1.181143 2.107037 1.647965
-1.254604 2.752151 1.636043
-1.294603 2.729114 1.609446
-1.914925 2.062761 1.589203
-1.894121 2.024922 0.906533
-1.901807 2.038548 0.896975
-1.916697 2.069595 0.890051
-1.891390 2.696791 0.301614
-1.851237 2.656107 0.310958
-1.226896 1.970418 0.260367
-1.215493 1.946950 0.226142
-1.817443 2.604747 0.176143
-1.800739 2.527848 0.157953
-1.797535 2.454627 0.169580
-1.197792 2.422340 0.188113
-1.206123 2.439494 0.282284
-1.180698 2.454409 0.195813
-1.140608 2.433674 -1.137965
-1.096978 2.406838 -1.063517
-1.155944 2.401710 -1.023141
-1.209191 2.424393 -1.110871
-0.051129 1.834886 -1.175052
-1.305453 1.144627 -1.154868
-1.342422 0.439064 -1.061862
-1.388132 0.434531 -0.995889
-0.751149 0.480507 -1.012387
-0.708739 0.529259 -2.285900
0.573789 0.547987 -2.890429
0.566693 0.549238 -2.237922
0.538796 1.198746 -2.260737
0.528455 1.254591 -2.319605
-0.103630 1.303571 -2.350917
-0.099241 1.303540 -2.926086
-0.736445 0.630166 -2.898095
-0.738870 1.276340 -2.900441
-0.090689 1.321490 -1.759574
-0.051375 1.371027 -1.734148
-0.028734 1.371494 -1.738613
-0.017585 1.356786 -1.056424
-0.013970 1.358856 -0.387125
-0.004248 1.376450 -0.428484
-0.015096 0.695559 -0.465079
-0.698450 0.649908 -1.093071
-0.712780 -0.064078 -1.079148
-0.728433 -0.092940 -1.096030
-0.118466 -0.115499 -1.131765
-0.109176 -0.766210 -0.482836
-0.098304 -1.412783 -0.474295
-0.107806 -0.100193 -1.149709
-0.117449 0.511155 -1.177718
0.515718 0.492144 -1.216351
0.546090 0.470248 -1.226080
-0.063048 -0.156192 -1.194683
-0.093785 0.463325 -1.780273
-0.096551 1.077531 -1.768255
-0.065769 1.064459 -1.787776
0.560734 1.068759 -1.219203
0.524522 1.078030 -1.205851
-0.169188 1.716297 -1.182725
-0.842780 1.691956 -1.191945
-0.192645 1.023607 -1.229830
-0.747287 0.988811 -1.259610
-0.751937 1.615930 -1.205390
-0.809989 1.621279 -1.151642
-0.826757 1.652732 -1.141310
-0.159449 1.693736 -1.770387
-0.710669 1.721275 -1.203340
-0.728906 1.113100 -1.793102
-0.817260 1.144164 -1.726841
-0.860407 1.176852 -2.334713
-0.811832 1.185541 -1.764709
-0.126609 0.520757 -0.569196
-0.119703 0.504261 0.067161
-0.751595 -0.146684 0.143611
-0.776749 -0.124796 0.196670
-0.713658 -0.093199 0.199483
0.001968 -0.064520 0.200751
-0.010506 -0.062206 -0.390250
-0.093580 -0.078606 -0.323393
-0.136004 -0.076652 -0.919641
-0.088595 -0.065991 -0.266061
-0.037432 1.196210 -0.306729
-0.069703 1.144686 -0.304020
-0.146788 1.112754 -0.274599
-0.167463 0.512929 -0.233397
-1.416310 0.576713 -0.208370
-1.291179 0.595573 -0.218325
-1.233891 1.181142 -0.250802
-1.308807 1.155296 -0.281050
-1.409887 1.162819 -0.296609
-1.409975 -0.106671 -0.312596
-1.347977 -0.093264 -0.372104
-0.073141 -0.111701 -1.113750
-0.733520 -0.127320 -1.183810
-0.769409 -0.110447 -1.195170
-0.704155 -0.061247 -1.163858
-1.178116 -0.021559 -1.155571
-1.123565 -0.023178 -1.185779
-1.186867 -0.043370 -1.882013
-1.260425 -0.060798 -1.912450
-1.251273 -0.068133 -1.908683
-1.868255 0.561384 -1.314739
-1.243397 1.156868 -1.359132
-1.336617 1.158292 -1.398464
-2.024889 1.174575 -0.140043
-1.996666 1.837974 -0.109790
-1.928581 1.852388 0.554306
-1.928103 1.862891 0.594284
-1.992492 1.248896 -2.652444
-2.067509 1.263680 -3.255203
-2.641691 0.612390 -3.194917
-2.578748 0.583220 -3.153675
-3.171493 -0.082240 -1.851533
-3.203428 -0.102047 -1.853043
-3.206199 -0.118336 -1.861698
-2.453985 -0.119256 -1.855823
-2.393176 -0.092914 -1.164679
-2.445019 0.586475 -0.491972
-2.523388 0.592469 -0.484144
-2.563732 0.580212 -0.530230
-1.899669 0.576488 0.090735
-1.821880 0.017324 0.087632
-1.795885 0.040616 0.682098
-1.808293 0.029527 0.597178
-1.849717 -0.028997 0.534410
-2.458861 -0.726944 0.529052
-2.384353 -0.734217 0.550298
-2.367245 -0.732554 -0.060216
-1.185144 -0.761641 -0.663187
-1.261299 0.438382 -1.264040
-1.214035 -0.813066 -1.189951
-1.844949 0.497456 -1.124128
-1.212299 0.515844 -1.091507
-1.299630 -0.117727 -1.080781
-0.709022 -0.217272 0.216934
-0.043932 -0.213452 0.210516
-0.596830 -0.159361 -0.981127
0.066975 -0.071365 -0.924220
0.656327 -0.046442 -0.888424
-0.544881 -0.661286 -0.902586
0.666828 -1.868425 -0.927613
0.005645 -1.832102 -0.937658
-0.620748 -1.838784 -0.955714
-0.668826 -1.879887 -0.340282
1.148748 -1.914432 -0.388563
1.171592 -2.588685 -0.419001
1.211584 -1.905205 -1.063446
0.606678 -1.946620 -0.477311
0.640533 -2.006652 -1.123513
0.659606 -2.052580 -1.757375
1.332719 -1.370436 -1.749054
0.691193 -0.730133 -2.324468
0.699867 -0.792688 -1.708047
-0.627443 -0.849990 -1.634744
-0.650522 -0.851864 -1.539102
-0.645167 -0.809125 -1.457168
-0.602668 -0.792607 -2.642767
0.096680 -1.410710 -1.314308
0.109119 -1.438288 -1.286039
0.100751 -1.426810 -1.272658
0.756311 -1.364225 -1.864179
2.006750 -1.307735 -1.847541
2.002938 -1.296971 -1.872961
1.963614 -0.703394 -2.574980
1.265688 -0.710968 -2.625646
0.631649 -0.693483 -2.643745
0.040163 -0.681784 -2.650400
0.717598 -0.696274 -2.694246
-0.496364 -0.096987 -3.437575
0.124000 -0.090672 -3.481309
-0.485957 -0.745649 -2.080101
-0.469142 -0.734712 -2.119249
0.112266 -0.734559 -0.959907
-0.460575 -0.747456 -1.000756
-0.447223 -1.387266 -1.562208
0.233633 -1.375822 -1.498899
-0.358350 -0.737729 -1.496210
0.255074 -1.329745 -1.539804
0.234599 -1.334463 -1.557718
0.830811 -1.356754 -1.532090
1.430016 -1.996622 -2.766971
1.386092 -1.983701 -2.774687
0.681505 -1.959399 -2.815424
0.656599 -1.347823 -1.585410
1.318657 -2.011758 -0.911896
1.348296 -2.041682 -0.916256
0.083612 -2.030718 -0.965595
-1.172245 -1.393304 -1.032248
-1.196232 -0.743764 -1.056691
-1.235905 -0.754549 -1.031345
-1.231889 -1.362626 -1.639170
-1.255592 -0.731845 -2.275144
-1.897599 -0.702791 -2.333510
-1.859331 -0.720344 -2.356886
-1.788199 -1.375702 -2.321574
-1.757190 -1.397868 -1.673341
-1.858429 -0.762182 -1.760820
-1.904928 -0.743771 -1.879873
-1.272701 -0.763304 -2.503381
-0.002450 -0.793400 -1.802037
-0.560060 -0.806492 -1.758969
-0.656053 -0.754310 -1.784431
-0.080774 -0.714125 -1.205706
-0.050456 -0.731980 0.147937
-0.005258 -1.409310 0.152479
-0.018193 -1.391999 0.089126
-1.296159 -1.342156 0.623742
-1.998718 -1.322496 -0.700296
-1.943497 -1.353499 -0.065863
-1.285436 -1.368533 0.568953
-1.358853 -0.684107 -0.718159
-1.449061 0.037655 -0.720184
-1.449675 0.059612 -0.673613
-0.722230 0.030426 0.052839
-0.013079 -0.593339 0.083455
-0.697312 -0.593306 0.059270
-0.735883 -0.592829 0.037777
-0.717951 0.017119 0.043131
-0.689211 -0.065819 0.046240
-1.373586 -0.127104 0.006938
-2.691666 -0.765945 -0.033380
-2.751265 -0.755500 -0.015149
-0.827335 -0.771617 0.049059
-2.021374 0.535693 0.066795
-1.965762 0.532998 0.640194
-1.976418 -0.042391 -0.021945
-1.979986 -0.037811 -0.025430
-1.939755 -0.125597 -1.311464
-1.900321 1.019312 -1.375800
-1.918349 1.630827 -1.474832
-1.910890 1.019747 -0.857297
-1.927823 1.023730 -0.766428
-1.845899 1.003507 -1.313431
-1.141290 0.997621 -1.992781
-1.091093 1.017555 -1.443135
-2.354617 1.031630 -1.466778
-1.665053 1.634212 -1.397057
-0.996202 1.603862 -1.959471
-1.623776 2.218196 -1.989700
-1.645899 2.857025 -2.045033
-1.696718 2.213057 -0.688740
-1.709293 1.570131 -1.255037
-1.037835 1.570247 -1.205493
-0.973573 0.909759 -0.586997
-0.309355 0.942289 -1.847755
0.303010 0.969648 -1.135005
0.308130 0.962833 -0.400777
0.307173 0.294240 -1.064639
0.290165 1.610154 0.860585
-0.365363 1.640083 0.873847
-0.369040 1.653794 1.521106
-0.402192 1.644406 1.523516
-0.451789 1.654430 1.514044
-0.487506 1.707440 0.909742
-0.490893 1.767368 0.354363
-0.485412 1.824429 -0.253151
-0.491133 1.821019 -0.221151
0.143423 1.178165 -0.212795
0.114783 1.852708 1.608661
0.730625 1.926643 1.531072
0.704889 0.628144 1.462348
0.647643 0.635865 2.077619
-0.718242 1.252770 2.047267
-0.743333 1.257196 2.026287
-0.732763 1.277417 2.616076
-0.746701 1.287951 2.644958
-0.798640 1.264993 3.329273
-0.855632 1.234921 3.376205
-0.877263 1.230225 3.389584
-0.869198 1.214021 3.361291
-0.885855 1.165142 2.725470
-2.163266 1.111170 2.706334
-2.153021 1.715295 2.687972
-2.108468 1.702378 2.054786
-1.394127 1.672798 2.068000
-1.364423 1.630063 1.456153
-1.365271 0.981154 0.791966
-0.777247 1.012339 1.456407
-0.110326 1.066042 0.784209
-0.635177 1.068180 0.747369
-1.218948 0.395496 1.374423
-1.793344 0.375217 1.348477
-1.749576 0.393664 1.913988
-1.723213 1.753186 0.646604
-1.032622 1.164425 0.688403
-1.029518 1.117926 0.755024
-1.746846 1.085023 0.793563
-1.788602 1.127759 0.833354
-1.801390 1.201992 2.077368
-1.781031 1.204599 2.107417
-1.775673 1.136613 1.524543
-1.784682 1.096261 1.540064
-1.788573 1.130611 2.144768
-1.779862 1.175985 2.090789
-2.986066 0.481803 1.419253
-2.987025 0.401306 0.827975
-1.079071 0.343611 0.875862
-1.135666 0.345824 0.880651
-0.462316 0.361797 0.859768
-0.384949 -0.310817 1.506279
-0.344238 0.219398 1.547091
-1.044259 -0.404386 1.557348
-1.099894 -0.982611 0.860594
-1.086364 -0.297917 0.793555
-1.071833 -0.318449 0.780026
-1.060584 -0.352929 0.829919
0.144532 -0.327456 0.876518
0.127672 -0.272422 0.869235
-0.478539 -0.254630 0.841654
-1.757591 0.377547 1.500478
-0.530624 0.368328 1.533884
-0.533929 0.412539 2.139654
-0.504455 0.474341 1.411580
-0.469780 0.528906 1.995864
-0.484091 0.538532 1.378972
-0.520807 0.534950 1.424479
-0.535097 0.552504 1.444897
0.101189 0.578105 1.440824
0.091470 -0.029600 2.084119
0.705869 -0.051063 2.138449
0.007539 -0.678919 2.197364
-0.033279 -0.644560 2.184167
-0.072542 -0.621624 1.510235
-0.139835 -0.649005 1.522642
-0.240745 -2.011489 1.575535
0.346960 -2.018032 2.228216
0.337106 -1.345161 1.600270
-0.948760 -0.119239 1.597956
-0.973137 0.458489 1.646001
0.241249 0.418211 2.923917
0.255787 1.105224 2.940808
0.304552 1.132472 1.633247
0.355296 1.120626 1.578302
0.364039 1.723988 2.212571
0.366097 1.685204 1.586527
0.403755 2.298635 1.554266
0.453617 2.312216 0.864025
1.055268 2.307709 1.523536
1.043860 2.297452 1.574469
1.074681 2.295475 1.630287
1.143087 1.715922 1.034627
1.806211 1.753803 -0.867841
2.436739 1.772591 -0.867333
3.009846 1.066857 -0.896448
2.991927 0.418289 -0.301530
3.655028 0.463063 0.928150
3.675927 0.499861 0.881926
3.629689 -0.164538 1.487269
2.930713 -0.206173 1.466025
2.254496 -0.869862 1.461997
2.266728 -0.846264 1.458776
2.261790 -1.433744 1.431604
2.206209 -0.819741 2.019831
2.816681 -0.840864 1.994468
2.832286 -0.851454 2.003919
2.916149 0.444894 2.020738
2.982303 0.459040 2.019923
2.992392 1.087714 1.357869
2.997163 1.062836 1.362076
3.049952 1.081826 1.402765
2.463372 1.136698 1.437414
3.123800 1.182364 1.421060
3.042194 1.183164 1.364630
2.391688 0.507512 0.670208
2.455770 0.532498 0.018823
3.205665 0.566822 0.002912
1.922730 0.549867 -0.000299
1.909320 0.476864 0.009653
1.936956 -0.205272 0.030404
1.376875 -0.179928 -0.559348
1.441770 -0.150888 0.186860
1.435656 0.398492 0.236941
1.414759 0.287075 0.227897
0.776235 0.236709 -0.412238
0.823382 0.943021 -0.469965
0.848916 0.993064 0.126128
0.828680 1.589251 0.129408
0.803209 1.507889 0.134871
-0.374606 1.489523 0.113729
-0.379990 1.536972 0.092940
