0.749887 3.377803 -2.082280
0.788243 2.772176 -1.462722
-0.563056 2.834582 -1.490754
-0.569810 2.920151 -1.506169
-0.486785 4.231459 -2.120027
-0.382046 3.506280 -1.455073
-0.374363 3.414784 -1.431184
-0.449711 3.390478 -1.449210
-0.503833 3.419876 -1.491896
0.109308 2.789706 -1.522519
0.138825 2.735665 -0.312346
-0.517335 2.667826 -0.330252
-0.035270 2.012804 -0.340569
-0.115950 2.043747 -0.329429
-0.100927 2.696877 -0.929702
-0.070406 2.620745 -0.236052
-0.127499 1.082039 0.400341
-0.236412 1.078528 0.411467
-0.286274 2.469315 0.396303
-0.231805 2.448516 1.000674
-0.181289 1.753179 0.415418
-0.231458 2.353128 0.373507
-0.334914 2.969232 0.306555
-0.357258 2.353197 0.238256
-0.262187 2.367218 -0.426838
-0.191179 2.318521 0.207472
-0.236643 2.289815 0.861951
-0.325666 2.980723 -0.444846
-0.331757 2.456885 -0.479064
-0.249621 1.229743 0.156684
-0.193827 1.143773 0.192845
-0.210336 1.681126 0.200297
-0.223402 1.710274 0.182073
-0.138129 2.427278 0.177987
-0.003366 2.429721 0.800149
0.057787 2.382718 0.856773
0.038042 1.132810 0.873000
0.015202 1.830279 0.858775
0.042337 -0.021588 1.478932
-0.555850 0.009382 1.483636
-0.568627 -0.005319 0.136990
-0.606524 0.555372 0.084799
-0.610404 0.551840 -0.596120
-0.568241 2.477759 -0.561088
-0.539421 1.821026 -0.527758
-0.566837 1.196296 -0.523309
0.019300 1.198971 -0.498843
-0.027238 1.204367 -0.485923
-0.065417 1.891107 -1.063640
-0.120643 2.549604 -1.033109
-0.191518 2.559010 -1.708379
-0.238410 1.894109 -1.757996
-0.228230 1.816640 -1.728440
-0.194915 1.168544 -1.651130
-0.166709 1.188400 -0.989961
-0.149495 1.205903 -1.674098
-0.132128 1.167865 -1.703793
-0.104259 1.125713 -1.664662
-0.080956 1.810800 -1.587097
-0.064548 0.645444 -2.249063
-0.069608 0.703401 -2.351430
-0.077454 0.032649 -2.438565
-0.067507 -0.060581 -2.422462
-0.042571 0.554863 -1.739763
0.008974 -0.675238 -1.092365
-0.536793 -0.585675 -0.510505
-1.114091 -0.586361 0.091696
-1.793239 -1.268044 0.153167
-1.204064 0.016766 -0.420333
-1.192938 0.081920 -0.435639
-1.195684 0.132963 -1.716089
-1.229929 0.776094 -2.392688
-1.258439 1.308394 -1.674210
-0.627210 0.645060 -1.591726
-0.562796 0.692217 -1.579057
-0.508238 0.730627 -1.619983
-0.495466 0.711860 -1.623087
-1.832388 0.670536 -2.787556
-1.849258 0.674267 -2.197736
-1.836339 0.732033 -2.263503
-1.846312 0.153834 -2.361087
-1.261636 0.121374 -2.408845
-1.293382 0.083540 -2.379613
-1.288437 0.051389 -2.359557
-2.466310 -0.564295 -1.737846
-2.449313 0.139687 -2.428731
-2.442291 0.186921 -2.425941
-2.434896 0.193934 -1.765635
-2.418992 0.833213 -1.742374
-2.418739 0.855762 -0.555070
-2.422808 0.896602 0.029036
-2.415454 0.923066 -0.642168
-2.397546 0.894817 -1.830659
-2.385525 0.857050 -1.815724
-2.382793 0.868096 -1.821832
-1.093379 0.913432 -1.823148
-1.075502 1.623972 -1.783467
-1.090644 1.610867 -1.712887
-1.157192 1.599483 -2.302421
-0.051759 1.604161 -2.933713
-0.081200 1.609657 -2.950221
-0.039053 1.598547 -2.977848
0.015088 1.570158 -3.005884
0.008839 1.539129 -3.047663
-0.018384 2.162919 -3.770911
0.627262 2.132567 -3.826789
0.692636 1.420781 -3.831080
0.713224 1.388374 -3.809239
0.648220 0.701242 -3.807766
0.588659 1.334574 -3.823528
0.620610 1.341337 -3.816118
0.705488 0.720245 -3.780292
0.748399 0.713274 -3.134947
0.723580 0.699409 -2.517366
0.717780 0.669951 -2.578066
0.792386 2.015350 -1.258442
0.292032 1.451983 -2.513878
0.307362 1.434046 -1.872648
0.236420 1.428948 -1.860324
0.185382 1.474740 -0.500269
0.217730 1.509271 -1.070741
0.280510 2.764740 0.129552
0.289398 2.725615 0.100847
0.908555 2.738520 0.091582
0.895143 2.798925 0.111345
0.924419 1.531779 0.761156
2.152779 1.489945 0.733668
2.163038 0.833692 0.701393
2.154746 0.867838 0.027366
2.142801 0.918968 0.714067
2.147776 0.912880 0.074733
2.158925 0.227243 0.058253
2.164264 -0.430098 0.055851
2.162569 -0.434668 0.079631
2.795091 -0.413199 1.420459
2.794156 -0.410191 0.762681
2.760211 -0.432081 0.708578
2.128882 -0.440292 0.009070
2.083460 -0.404604 -1.260973
2.062271 -0.353381 -1.234043
2.657394 0.296520 -1.260916
2.600219 0.303361 -0.657636
3.845678 0.304578 -1.252146
3.170232 0.347604 -1.203777
3.190804 0.418010 -1.198122
2.559416 0.468933 0.710363
3.212439 0.465090 1.280963
1.900862 0.503059 1.261960
1.232637 0.480810 0.038256
1.247659 -0.140065 1.344110
1.262798 -0.122214 0.674316
0.628795 -0.150532 -0.646926
0.630481 2.827095 -0.598782
0.000769 2.790428 -0.522751
0.043112 2.784976 0.143494
0.153280 2.788775 1.436731
0.170040 2.777287 1.460742
0.786345 2.759090 1.523137
0.153241 2.738029 1.597866
0.200877 2.715855 1.642893
0.877256 2.686075 0.976344
2.171743 3.315020 0.978333
2.179447 3.301260 1.025449
2.220396 2.639962 0.448803
0.992456 3.346637 -0.733272
0.982638 3.372519 -0.754351
0.939822 3.380565 -0.108284
0.908916 3.389163 1.183677
0.905953 3.410889 -0.059857
0.891580 3.422266 1.202265
0.856653 3.384229 1.177476
1.478590 2.029145 0.584509
1.474317 1.969638 1.255895
1.488717 1.974065 -0.059053
1.495673 2.006859 0.542652
1.433522 2.027348 -0.151264
1.344256 2.040556 -0.721705
1.299587 2.077454 -1.352641
1.300762 2.131597 -1.315807
1.295352 1.500238 -0.054349
1.278471 1.472982 -0.738949
1.866186 1.428281 -0.721725
1.292424 1.419876 -0.705542
1.355534 1.455818 -1.398197
1.392025 1.501442 -1.467213
2.012358 2.147959 -0.207201
1.986976 2.155497 -0.217136
1.962899 1.551817 -0.215436
1.938348 1.618626 -0.245855
1.314395 1.666101 -0.304281
1.306210 1.644895 0.964105
1.312917 1.587412 0.960648
1.330492 1.545372 0.968150
1.342850 2.187688 1.611027
1.326629 2.206750 0.968942
1.286282 2.215639 0.960014
1.252935 1.581078 0.317732
1.883123 1.580938 0.363612
1.197907 1.584575 0.414170
1.831653 1.591716 -0.196978
2.476045 1.597131 -0.782083
3.122437 0.319630 -0.097927
3.187438 0.265079 -1.377737
1.935364 0.234184 -1.379698
1.320280 0.268030 -1.414049
1.360821 -1.019522 -2.035818
2.016287 -0.963794 -1.423470
2.668350 -0.268089 -1.426608
3.303313 0.365718 -1.425326
2.623861 -0.310903 -1.407548
3.286517 -0.277795 -1.379434
3.300457 -0.209319 -1.971279
2.681646 -0.182234 -2.597447
2.134795 -0.190273 -2.012364
0.806360 -0.881245 -2.020958
1.431110 -0.882788 -2.019839
1.393825 -0.854146 -2.033564
2.688414 -0.833521 -2.049458
0.819441 -0.857997 -2.029632
0.813775 -0.898782 -1.957688
0.802108 -0.268641 -1.890313
0.075188 0.392552 -1.866008
0.799081 1.047679 -2.518855
0.276942 1.075144 -3.761144
0.997174 0.404383 -3.719564
0.349506 0.378941 -3.078848
-0.353957 -0.231613 -3.106013
0.233213 -0.173087 -3.152547
0.813593 -0.742916 -3.145617
0.129795 -0.105604 -3.081318
0.756656 -0.750003 -3.031422
1.366113 -0.060099 -1.811348
1.980521 -1.235271 -1.870127
2.033052 -1.265031 -1.206059
2.089238 -1.977765 -1.149739
2.106171 -2.017676 -1.780532
1.443162 -2.647210 -1.833210
0.740178 -1.977992 -1.888189
1.353434 -2.652589 -1.878506
2.580069 -1.395952 -1.811000
2.563708 -0.807240 -1.766670
2.556031 -0.124769 -1.783715
2.570088 0.562208 -2.462048
2.620106 0.511442 -3.071353
2.054901 -0.189596 -3.678438
1.445667 -0.187264 -3.707769
2.099041 -0.133617 -3.763513
2.092578 -0.108320 -3.798295
2.078802 -0.129953 -3.791835
2.702527 -0.130127 -3.764119
2.670382 -0.054427 -3.764396
1.995406 0.059390 -3.790861
2.005377 0.723397 -3.170650
1.994600 0.712478 -2.561442
2.598910 0.689677 -2.548992
2.573021 0.708337 -2.580441
1.926383 0.745169 -2.638312
1.891201 0.734236 -3.320980
1.246596 1.227372 -3.306591
1.218691 1.207994 -3.279289
1.196269 1.229058 -3.298010
1.187794 1.251826 -3.345677
0.580284 0.579351 -2.689327
0.606464 0.533250 -2.013466
0.012924 0.481386 -2.661931
-0.009196 0.455086 -2.718866
-0.039372 0.464745 -2.797968
0.618627 0.480659 -2.822723
0.662941 0.477677 -1.605368
0.655225 1.112694 -1.575294
0.600242 1.139261 -1.571457
0.593665 0.569204 -1.571652
0.660425 0.606337 -1.557768
0.075914 0.588426 -1.529007
-1.143040 -0.074656 -1.501265
-1.174780 0.466279 -2.119370
-1.139437 0.409527 -2.114167
-1.037048 0.346501 -2.095497
-0.959651 0.890652 -2.051738
-0.990056 0.278076 -2.014313
-2.362105 0.301000 -2.617639
-2.316154 0.327276 -2.622136
-2.196482 -0.293148 -2.602900
-2.114146 -0.289728 -1.945482
-2.149509 -0.278101 -1.932791
-2.219173 -0.246657 -1.948942
-1.604449 -0.272316 -1.351067
-0.919129 0.922048 -1.961485
0.404576 0.260692 -2.561611
0.996492 0.288941 -1.313008
0.952877 0.350119 -1.947122
0.951559 -0.795820 -2.568709
0.990375 -0.794307 -1.894869
1.029811 -0.785158 -1.853665
0.385003 -0.222016 -2.484726
0.368282 -0.220379 -2.514272
0.352905 -0.273194 -2.566928
0.376464 0.283905 -2.588255
0.372098 0.235196 -2.575330
0.339044 0.271796 -2.572914
0.327943 0.342547 -1.968801
0.335130 0.372711 -1.981960
0.354174 0.378255 -1.962329
0.340807 -0.219448 -1.270450
0.313537 -0.161103 -1.253145
-0.310894 -0.132361 -0.630513
-0.303983 -0.160789 -1.299755
0.960949 -0.227866 -1.323866
0.315467 -0.883160 -1.333998
0.267483 -0.866274 -1.337975
0.223823 -1.392710 -1.338708
0.240200 -0.699355 -1.344818
0.311086 -0.659035 -1.347227
0.366460 -0.618585 -1.333347
0.383012 -0.596113 -1.919210
0.979654 0.048222 -2.561511
1.006231 0.008424 -2.578850
1.033598 -0.674032 -1.347776
0.407792 -0.691061 -1.349782
0.354596 -1.373281 -1.323902
0.285612 -1.389391 -1.307952
0.254805 -1.389988 -1.316218
0.253981 -2.596470 -0.710699
0.252685 -2.550113 -0.690249
0.237255 -2.520660 -0.666197
-0.422142 -3.208458 -1.297452
0.177753 -2.673050 -1.947005
-0.487622 -2.702004 -2.549226
-0.505334 -2.685052 -2.536456
-0.518551 -2.661884 -2.546967
-0.560711 -2.689105 -2.568653
-1.251022 -2.700770 -2.572679
-1.280092 -2.650254 -2.575641
-1.289515 -1.225521 -1.930772
-1.297699 -1.168015 -1.963770
-1.958923 -1.235591 -1.995500
-1.320418 -0.022293 -1.995771
-1.327506 -0.054563 -1.349774
-1.322542 -0.016721 -1.356113
-1.305775 1.249950 -1.376869
-1.300073 1.802349 -1.384880
-1.294548 2.393943 -1.367836
-1.291424 1.781387 -2.548735
-1.947278 1.894369 -1.162011
-1.280889 0.720219 -1.210112
-0.653482 1.301623 0.009070
-0.662767 1.856078 0.017999
-0.667686 0.578708 -0.614728
-0.671633 -0.021376 -0.649290
-0.673414 -0.643278 -0.674476
-0.665334 -0.027557 -1.262195
-0.651711 -0.058713 -1.811798
-1.300800 -0.034564 -1.795741
-1.970443 0.009626 -1.837869
-1.343446 0.671500 -1.868470
-0.730986 -0.689372 -1.838685
-0.754743 -0.804849 -1.803893
-0.790561 -0.818553 -2.451528
-0.822645 -1.500420 -2.513238
-1.448681 -1.502596 -3.189513
-1.424458 -0.866828 -3.146046
-1.386963 -0.271982 -3.140457
-0.734491 -0.940738 -3.186558
-0.717596 -0.944146 -3.917909
-1.362809 -0.946405 -3.930058
-0.724405 0.371547 -3.880625
-0.203594 0.995553 -3.860970
-0.242294 0.319572 -3.929008
-0.887519 0.234083 -4.021681
-0.886502 0.251310 -3.382844
-0.894706 0.253177 -2.650837
-0.905120 0.229779 -1.301345
-0.897753 -0.404646 -1.374076
-0.820362 0.272898 -1.464227
-0.790804 0.344621 -1.443768
-0.779875 -0.318140 -1.360040
0.466584 -0.381168 -1.347210
1.107131 0.229254 -1.442380
1.754249 0.251811 -1.515206
2.385515 0.323108 -0.826024
2.375631 0.331209 -0.767314
2.379932 0.274219 -0.765105
2.422858 0.271075 -1.425902
2.471640 -0.265090 -0.209616
1.271627 -0.178671 -0.233158
1.286308 -0.853041 -0.252551
0.665118 -0.933981 -0.275766
0.065633 -0.331883 -0.310713
0.094040 -0.268915 -0.346148
0.127981 -0.235174 -0.362577
0.155360 -0.307911 0.240005
0.169456 -0.386733 0.282822
-0.481163 -0.379529 1.613609
-0.449947 -0.306270 1.636184
-0.411982 -0.288112 1.639269
0.752973 -0.366358 1.606390
0.762785 -0.420527 1.570399
0.765610 -0.977136 0.948391
0.749445 -0.246838 0.950867
0.726858 -0.240991 1.569258
0.714891 -0.354103 1.534368
0.720208 -1.022114 0.888505
0.717761 -0.317708 -0.344516
0.698805 -0.244802 -0.328120
0.708779 0.332034 -0.366521
0.761304 -0.439412 -0.429382
1.462149 -0.543952 -0.463017
1.449337 -0.521301 -0.457154
1.401264 -1.025668 -0.471879
1.385201 -1.020734 -0.504772
1.408396 -1.126795 -0.514653
1.420735 -0.584029 -0.483218
2.019046 -0.526602 -0.437901
1.960893 -0.402141 -0.423240
1.954529 -1.024840 -0.440008
1.986329 -1.743171 0.171071
2.624092 -1.194630 -0.475070
0.715552 -1.108440 -0.488856
0.718609 -0.958904 -0.514427
0.098455 -0.929689 -0.532432
0.098688 -1.033387 -0.537885
0.087806 -1.725511 0.122234
0.075430 -1.002863 0.777615
0.058500 -0.888575 0.776749
0.030295 -0.901024 0.756857
0.017722 -1.028168 0.730792
0.017976 -1.082257 0.698662
0.035401 -1.583454 0.661154
0.053885 -1.457208 0.627932
0.073133 -1.454356 1.232698
0.096954 -1.548406 1.802215
0.113011 -0.961934 1.811586
0.754806 -0.898445 1.836942
1.373096 -0.236620 1.872524
0.670771 -0.895070 2.552493
0.666316 -0.996291 2.571673
0.698276 -1.005987 2.562390
0.732271 -0.912870 2.536571
0.733789 -1.451398 2.516271
0.737690 -1.486965 3.126289
1.428380 -0.972458 3.112119
1.450757 -0.998300 3.093558
0.812327 -0.983055 2.482621
1.449607 -1.008847 1.911877
1.423851 -0.450851 1.913664
1.419884 -0.523829 2.508482
1.439460 -0.519688 3.127764
1.468793 -0.474126 3.125534
1.504279 -0.436144 3.103302
0.266109 -0.421425 3.637773
0.343934 -0.407696 3.590653
-0.224321 -0.384493 3.603924
-0.201253 0.242567 2.339861
-0.202450 0.215065 3.629672
-0.210879 0.182867 3.591048
-0.237885 0.186529 3.580165
0.343274 0.216097 3.630989
0.336794 -0.367094 2.448476
0.999629 -0.376218 3.070427
0.978734 -0.398589 2.403580
0.916425 -0.411794 2.412860
2.719922 -0.426881 2.482498
2.691580 -0.452336 1.913916
2.689696 -0.474287 1.944631
2.686359 -0.469048 1.952805
2.663639 -0.422384 2.597201
2.675521 -0.368345 2.629225
2.747474 -0.946666 0.846749
2.808857 -0.933997 2.108136
2.796185 -1.507799 2.104511
1.557553 -1.437105 2.765408
1.546208 -1.406456 2.779602
2.191705 -1.447665 2.799272
0.800613 -1.509500 3.463096
1.329555 -1.535701 2.870868
-0.605192 -0.877453 2.879394
-1.213504 -1.526845 0.878009
-1.200275 -1.545464 0.850949
-1.236954 -2.177156 0.814952
-1.354382 -2.124513 0.775375
-1.383115 -1.450204 0.750923
-1.387793 -2.167138 0.758401
-1.400984 -2.222961 0.793534
-1.430980 -2.871798 2.119613
-1.475275 -0.984092 2.135198
-1.494361 -0.316851 2.119525
-0.799359 -0.357614 2.083313
-0.778921 -0.959653 2.039890
-0.786460 -1.494940 2.658305
-0.809612 -0.736015 2.596668
-2.061074 -0.768266 3.181349
-3.269612 -0.873446 3.153247
-3.916588 -0.932127 3.143145
-3.974261 -1.554341 3.150219
-4.030425 -0.857283 3.152992
-4.013419 -0.872749 3.127948
-3.943430 -0.949011 3.085171
-3.267369 -1.625078 3.081337
-3.281451 -1.594259 3.120424
-3.297976 -1.555925 3.114237
-3.253054 -1.596463 2.470246
-3.837769 -2.314727 2.462718
-3.866257 -2.397595 2.492101
-2.641469 -2.406259 2.536402
-1.339324 -2.376665 3.208447
-1.277649 -2.376310 2.479268
-3.069481 -1.761705 1.738262
-3.627474 -1.757695 2.365588
-4.249572 -2.348805 2.337458
-4.250897 -2.323863 2.345658
-4.246940 -2.329425 2.324672
-4.243483 -2.962539 2.944177
-5.516335 -2.924399 2.329548
-5.551870 -2.250601 2.364600
-5.562941 -2.236456 2.377684
-5.557766 -1.620734 2.358363
-5.564708 -2.223649 2.355037
-4.924239 -2.170747 1.739733
-3.603121 -0.815101 1.832210
-2.969735 -0.814219 1.911914
-3.636468 -0.863072 1.931345
-3.738406 -0.887711 1.900691
-3.805382 -0.851497 1.885092
-3.192077 0.488954 1.900301
-2.553415 0.515565 1.879659
-2.566107 0.509107 1.796247
-2.608139 0.519511 2.360550
-2.602431 -0.062897 2.970160
-2.534445 -0.534858 3.014944
-3.074990 -0.476311 3.046051
-1.798955 -0.503558 3.016456
-1.190308 -0.550078 2.962878
-1.177295 -0.547311 2.957135
-1.188128 0.143131 2.366076
-1.814557 0.148531 2.403005
-0.584232 -0.547410 1.799810
-0.563656 -0.000348 3.019694
0.121337 -0.573838 3.061592
-0.448347 0.752138 1.939158
-0.524560 0.754575 1.385974
-0.555072 0.065338 1.373664
-0.551106 0.657381 1.937806
-0.575487 0.617599 1.916330
-0.015818 -0.027009 1.318881
-0.076089 -0.029890 1.332744
-0.068897 -0.047475 1.316394
0.585414 -0.117356 -0.057172
0.591299 0.563160 -0.048271
1.154278 0.636706 -0.012249
1.110713 0.712820 0.610480
1.155160 0.753443 0.569735
1.851157 1.342863 0.532262
2.459244 1.328359 0.525970
2.350230 0.699837 0.525824
2.274865 0.722154 0.526689
2.309334 1.359104 1.875360
2.385574 1.339603 1.932075
2.401263 1.336627 1.343395
2.328075 1.369676 0.026972
1.004376 1.389495 -0.036791
1.060559 1.357265 -0.067444
1.789585 1.275953 -0.051784
1.785425 1.189289 -0.651932
1.077908 0.483670 -0.012331
1.022378 0.446606 -0.040747
0.382197 0.394878 -0.066350
0.392512 1.021694 -0.070165
0.399838 1.031947 -0.077253
0.395150 1.703837 -0.075483
1.038970 1.072415 -0.690934
1.082912 1.065298 -1.318536
1.090699 1.096809 -1.325863
1.083859 1.118202 -1.313920
1.114200 -0.197116 -1.249791
1.175161 -0.218164 -1.178335
1.190811 -0.235846 -1.168001
1.151238 -0.208030 -1.212865
1.122868 1.188302 -2.484550
0.526991 1.239899 -1.817873
0.626401 0.537017 -1.799873
0.674957 0.468264 -1.847749
0.058524 0.439359 -2.530346
0.048412 0.525181 -2.533793
0.079831 0.553760 -2.489460
0.127814 -0.135699 -1.830603
0.713538 0.465825 -2.543722
0.643219 1.133514 -1.986070
0.606635 -0.063424 -2.012779
0.669804 -0.002649 -1.996990
1.431709 -0.019558 -2.018680
1.428707 0.566682 -1.433760
0.093626 0.567192 -0.811292
0.076380 -0.018799 -0.761515
-0.506794 0.670496 -0.063152
-0.430659 0.630349 -0.672112
-0.447164 0.574619 -0.716121
-0.540795 -0.052924 -0.730337
-0.014066 0.003420 -0.676410
-0.042971 0.039223 -0.636034
0.623815 -0.002666 -0.684139
-0.021422 1.189282 -0.751880
-0.741540 1.202197 -0.760016
-0.761686 1.270248 -0.700860
-0.149940 1.922402 -0.031804
-0.116359 1.266743 0.626305
-0.078360 0.648651 0.617830
-0.099118 1.304660 0.650270
-0.159687 2.003246 0.093145
1.090640 1.457933 -0.560952
1.111315 1.441091 0.078520
-0.100123 0.149681 -0.618943
-0.121255 0.840354 -0.628793
1.112953 0.330423 -0.599125
1.114138 -0.276789 -1.174034
1.132633 -0.299475 -1.797937
0.529319 -0.294142 -1.131695
0.529970 -0.872077 -1.128912
1.154454 -1.480694 0.194033
1.144022 -1.583254 0.205257
1.148001 -2.349194 0.209507
0.504534 -2.414279 -0.468801
0.503942 -2.365330 0.148737
1.078648 -1.710742 0.169743
1.061482 -1.129851 0.245539
1.051231 -1.185432 0.296106
1.037537 -1.151861 0.265228
1.020089 -1.090246 0.183713
1.024332 -1.088817 -0.476631
1.063083 -0.546184 0.192714
1.102530 -0.606913 0.838707
0.487348 -1.833916 1.359010
1.141295 -1.783448 1.232455
1.130082 -1.182420 1.231982
1.131981 -0.605430 1.345378
1.167516 -1.893358 1.364923
1.168118 -1.848282 0.669266
1.139285 -2.412304 0.562361
1.725143 -1.810302 -0.066665
1.758064 -1.860310 -0.009300
1.807840 -2.490438 0.596015
1.853589 -2.466732 0.514216
1.847901 -1.854204 -0.114796
1.216014 -1.920781 0.562980
1.187758 -2.577968 0.679653
-0.073664 -1.943256 0.736406
-0.115656 -1.903179 0.123516
-0.190426 -1.306662 0.715892
0.273357 -1.933101 0.123578
0.246026 -1.971555 -0.410798
-0.327641 -1.979506 -0.414496
-0.244347 -2.621249 -0.448267
-0.225588 -2.650059 0.127044
-0.799923 -2.698640 0.150942
-1.492059 -2.706128 0.189769
-1.533298 -2.667000 0.857024
-1.548922 -2.032048 0.215725
-1.578820 -1.460882 0.205058
-1.604138 -1.515419 0.202373
-2.895160 -1.503149 0.200440
-2.809158 -2.084432 0.833856
-2.727255 -2.077995 0.831757
-2.033330 -2.100073 0.831816
-2.016922 -2.073153 0.832866
-2.015925 -2.639350 0.851338
-2.029605 -1.940846 0.890841
-2.083305 -1.319557 0.918833
-1.505755 -1.391036 1.559424
-0.901291 -2.031391 1.573876
-0.858247 -1.979052 1.596130
-0.807162 -1.984109 1.617352
-0.791126 -2.076517 0.979082
-1.418172 -2.157363 0.978590
-1.396783 -1.496738 0.356332
-2.055554 -1.419491 0.402942
-2.072873 -1.384269 -0.129672
-2.101716 -0.778331 0.553224
-0.952683 -1.441946 1.175453
-0.949362 -0.725895 1.183545
-0.927404 -0.658935 1.187162
-0.916374 -0.663713 1.190660
-1.528402 -0.714716 2.468381
-1.480658 -1.376314 2.433734
-1.442475 -1.323093 2.399377
-2.102713 -1.282208 2.408697
-2.183153 -1.304942 3.090286
-2.227039 -1.315834 3.147575
-2.226693 -0.622034 2.516090
-2.197374 -0.592031 2.474935
-2.156964 0.051441 2.454520
-2.105260 -0.024350 3.095899
-2.040130 -0.052340 1.861692
-1.985359 -0.011073 2.515316
-1.313335 -0.677123 2.482836
-0.717814 -0.723907 3.095266
-0.736238 -0.792814 2.475192
-1.950800 -1.414637 1.189753
-1.932977 -1.354722 1.183207
-1.922550 -2.599885 1.170187
-1.914430 -2.637262 1.758823
-1.891379 -2.668531 1.165402
-2.480430 -1.976771 1.146774
-2.453287 -1.915238 1.092097
-2.470059 -1.920848 1.087511
-2.558968 -1.330248 0.446561
-2.590764 -2.000537 -0.788304
-1.306097 -0.696108 -0.784108
-1.282651 -1.273081 -0.196891
-1.291149 -0.657994 -0.220171
-1.293288 -1.348093 -0.185621
-1.250458 -1.339194 -0.147113
-1.183332 -1.277472 1.142128
-1.175577 -1.245508 1.115624
-1.237746 -0.645735 1.114373
-1.300476 -2.004162 1.151077
-0.678903 -2.683565 1.181803
0.002984 -2.638157 1.184524
0.032019 -1.934519 1.190162
-0.569557 -1.924265 1.226606
-1.183195 -2.595728 2.558193
-1.731484 -1.931914 1.948881
-1.665856 -1.897080 3.200981
-1.658852 -1.225469 1.901885
-2.979243 -1.913998 0.698934
-2.974456 -2.005907 0.680884
-2.313963 -2.067071 1.866899
-2.372419 -1.418921 1.865166
-2.402329 -1.405459 1.856367
-1.749845 -2.045654 1.828442
-1.757733 -1.422054 1.782027
-3.038301 -1.446647 1.054365
-2.472586 -1.474291 1.665909
-2.533656 -1.514130 1.631373
-2.572332 -1.559096 1.045355
-2.601284 -0.975557 1.610628
-2.648847 -0.937550 1.631420
-2.696559 -0.899788 1.719007
-2.726900 -0.281666 1.724066
-3.355030 -0.254115 1.714069
-2.740264 -0.842344 2.289897
-2.786221 -1.390942 1.720016
-3.505049 -1.374465 1.062811
-1.570257 -1.391546 1.063777
-1.519676 -1.422130 1.748137
-1.486474 -0.766707 1.114028
-1.488727 -0.746512 1.147230
-1.438112 -0.727145 -0.170028
-1.356893 -0.724281 -1.465685
-1.292557 -0.740080 -1.476563
-1.323571 -0.733563 -0.099694
-1.441108 -0.078674 -0.125817
0.980830 -0.033023 -0.168062
0.370713 -0.620578 -0.171906
0.435961 -0.657289 0.531601
-0.247819 -0.050488 0.543410
-0.302717 0.581138 0.510916
-1.599976 0.001667 0.476660
-1.477390 0.011658 0.491191
-0.708516 -0.007517 -0.105635
-0.729943 -1.294783 -0.118978
-1.484856 -1.277224 -0.171691
-1.544721 -1.254081 -0.207280
-2.126875 -1.242320 -0.805149
-2.069643 -1.254180 -0.740207
-2.078216 -1.916252 -0.755411
-2.112957 -1.884658 -0.828087
-2.779021 -2.396048 -0.872369
-4.559268 -1.691560 -0.204757
-3.807011 -1.677960 0.483319
-1.960341 -2.312829 0.463202
-0.780527 -2.284346 0.406863
-0.213844 -2.257044 -0.253975
-0.869514 -2.272934 -0.210274
0.463216 -1.734601 0.480613
1.100034 -1.846292 0.452714
0.411345 -2.561240 -0.203310
-0.325424 -2.562445 -0.802266
-0.328695 -3.232022 -0.725129
0.356028 -3.264342 -0.675007
-0.160065 -3.279625 -0.668624
0.465990 -3.227328 -1.340152
-0.250489 -3.146582 -1.379251
0.361523 -3.109190 -1.347879
0.320136 -3.114275 -0.667600
0.956929 -2.464203 -0.653415
1.594031 -2.408411 -1.321256
1.620756 -2.336224 -0.043531
0.373516 -2.334144 0.619471
0.408837 -2.353817 0.638149
0.458961 -2.315574 0.595704
0.514288 -1.581321 0.521359
0.517482 -1.522911 0.486015
0.449898 -0.921109 0.514040
0.368802 -1.637339 0.547495
0.350647 -1.026087 0.546559
-0.194612 -0.993121 0.524384
-0.161978 -1.007429 0.519676
-0.176994 -1.759194 -0.105998
-0.828772 -1.857328 -0.102335
-0.167882 -1.852032 -0.137846
-0.081060 -1.782688 -0.195755
-0.037704 -1.768798 -0.228077
-0.098513 -1.836807 -0.227366
-0.179088 -1.877040 0.368536
-0.192141 -1.831930 0.353225
-1.356179 -1.768531 0.319369
-0.705564 -2.419195 0.309164
-0.089976 -2.501000 0.332091
-0.123941 -2.541828 0.358656
-0.764969 -1.851098 0.355587
-0.705565 -1.773883 0.331578
-0.687286 -1.745130 0.972464
-0.718599 -1.771708 0.957521
-0.753701 -1.781794 0.303641
-0.771233 -1.736011 0.319793
1.215005 -1.030071 1.659117
0.545331 -1.010763 1.710835
0.521028 -1.698624 2.384937
1.170997 -1.745158 2.392929
1.196166 -1.731981 1.117820
0.557202 -1.689237 1.117047
-0.075111 -1.679103 1.112476
2.523418 -1.719613 1.108386
1.944921 -1.780383 1.098953
1.963880 -1.164776 1.090265
1.900671 -1.165182 1.100792
1.855252 -1.788022 0.474108
1.298867 -1.803177 0.508008
2.034699 -1.836450 0.515615
0.778237 -2.524876 0.472421
0.697703 -2.562461 0.418966
0.664539 -1.337564 1.070900
0.767373 -1.296217 1.090718
0.905611 -1.273526 1.098743
-0.547395 -1.298054 1.065859
-0.637288 -1.340803 -0.209726
-0.677727 -1.337232 -0.160923
-0.629322 -1.288819 0.588539
-0.565081 -1.921208 1.297036
-0.536808 -1.928920 1.267408
-0.572595 -1.302331 1.272498
0.011753 -1.264157 0.677839
-0.642193 -1.187983 0.759899
0.044449 -1.769801 0.796786
0.101802 -1.735752 0.768049
0.112850 -2.995648 0.754555
0.063054 -2.296542 2.102756
0.576228 -1.606359 1.551168
0.569705 -1.573217 2.198982
0.614841 -1.575335 2.750376
-0.574674 -2.196030 2.020534
-0.587385 -2.175953 1.960165
-0.632470 -0.930679 1.940288
-0.637853 -0.965619 1.937584
-0.588282 -1.010367 1.932390
-1.205322 -1.632225 1.921673
-1.201270 -1.594733 1.912233
-1.252037 -1.566217 1.905605
-1.284420 -0.963376 1.251912
-1.940430 0.270417 0.606625
-2.539002 0.283792 0.578450
-1.255703 0.322809 0.545476
-1.261227 -0.306451 3.105976
-1.232554 0.273374 1.179459
-1.837687 0.848041 1.213169
-1.811113 0.234726 1.258661
-1.857490 0.886843 1.287226
-1.878106 -0.387273 1.292115
-1.282189 -1.075250 1.303172
-2.578523 -1.082118 1.322853
-2.603367 -1.704943 1.974467
-0.748629 -1.688895 1.959045
-0.792642 -1.715863 1.262613
-0.784600 -2.390314 1.225295
-0.730400 -1.792093 1.217184
-1.368372 -1.824900 1.225317
-1.384105 -1.868687 2.429537
-0.126343 -1.918293 2.419777
-1.450301 -1.946092 2.429287
-2.136442 -1.933620 2.456185
-2.158210 -1.948639 2.525898
-2.212474 -1.993018 2.504655
-2.259717 -2.058388 2.459133
-1.619239 -2.109597 2.413288
-1.555712 -2.133529 2.384397
-0.888560 -2.141513 2.383695
-0.915740 -0.911809 2.392534
-1.611406 -0.947932 2.379146
-1.013256 -0.949280 2.350631
-0.975775 -0.902835 1.665009
-0.957613 -0.845394 3.058131
-0.969258 -1.446478 3.087730
-0.275561 -1.433996 3.022530
-0.213305 -1.420578 3.009570
-0.142313 -1.411999 3.023009
-0.820608 -0.765766 3.066640
-0.804684 0.429611 3.093947
-1.438203 0.436009 3.077414
-1.412126 0.452630 3.701491
-4.082250 0.467825 4.376084
-3.510920 -0.149995 1.268379
-3.531190 -0.737509 1.310777
-2.893992 -0.711938 0.654731
-2.830832 -1.359388 -0.002062
-2.826527 -1.373956 0.014764
-2.829542 -1.373685 0.112419
-2.800362 -1.349713 0.776060
-2.747571 -1.318300 0.763988
-2.701083 -1.285768 1.361791
-2.729273 -1.255296 0.677121
-2.788919 -1.837842 1.420562
-2.810504 -1.816217 0.800423
-2.797972 -1.789877 0.771912
-2.094964 -1.164479 0.115537
-2.083138 -1.798126 0.124334
-2.104390 -1.193273 0.167768
-1.377696 -1.871806 0.197359
-1.951110 -1.874508 0.178256
-1.902334 -0.601202 0.119625
-1.221355 -0.578115 0.071574
-1.249563 -0.589769 0.683584
-1.260907 -1.230140 1.298050
-1.242505 -1.829042 1.272173
-1.197925 -3.018664 1.236284
-1.153103 -2.389174 1.223756
-1.769497 -3.056282 1.860705
-0.505367 -3.058753 1.868567
-1.113631 -3.001669 1.838864
-0.475030 -2.951094 1.163224
-0.491382 -2.316452 1.143681
-0.530284 -2.330911 1.157502
-1.246376 -2.939749 -0.079184
-1.297370 -2.861847 0.538194
-0.679097 -2.840627 0.499329
-0.685909 -2.904548 0.492475
-0.694580 -3.013391 0.531374
-0.072951 -3.073936 0.573013
-0.734018 -3.070178 0.585487
-0.713508 -2.432761 -0.099096
-0.720028 -2.486950 -0.078483
-1.448779 -2.541402 -0.072288
-1.490312 -2.531354 -0.103758
-0.779764 -2.471784 -0.151049
-1.436530 -2.455652 0.430157
-1.438203 -3.670417 -0.228925
-0.756711 -3.721795 -0.264004
-0.763508 -3.728936 -0.278927
0.496805 -2.447257 -0.294413
0.512722 -2.421780 -0.290703
0.511865 -2.453146 -0.299820
0.489588 -2.477514 -0.328006
1.105170 -2.447191 -0.362417
0.472404 -2.382802 -0.359843
0.465016 -2.350485 -0.319111
0.443147 -2.363074 0.329420
1.063562 -2.384346 0.298287
1.081306 -2.406411 0.908915
0.456125 -2.431008 0.918446
1.768827 -2.465983 0.970463
2.430597 -2.500004 0.984948
2.994318 -2.515722 0.944713
1.668622 -2.523927 0.275675
0.334408 -2.526184 0.306252
-0.332387 -2.513736 -0.255550
0.303809 -1.812566 0.397951
0.341815 -1.784026 0.383848
-0.991792 -1.813527 0.376565
-0.332162 -1.867238 0.433772
0.338521 -1.884140 0.515618
0.984049 -1.861880 0.546154
0.976984 -1.840106 0.523345
0.365151 -1.859610 0.510958
0.410795 -1.874771 0.546427
0.465230 -1.843109 0.595285
0.501767 -2.421091 0.596175
0.497265 -2.359119 0.547730
0.491785 -2.363064 1.155173
0.519201 -2.418371 0.512589
0.573303 -1.162072 1.186240
0.636942 -1.186735 1.176082
-1.285895 -1.233337 1.782697
-1.284059 -1.281389 1.740187
-1.278645 -1.292826 1.089698
-1.285140 -0.632381 1.129940
-1.301597 -1.199215 1.151985
-1.316610 -1.189042 1.138937
-0.699645 -0.588007 1.124230
-0.694710 -1.257502 1.149401
-1.328669 -1.276950 0.551483
-1.309148 -1.301431 -0.041611
-1.288105 -1.378998 -0.047237
-0.052036 -1.471827 0.626776
-0.096178 -0.915787 0.095916
-0.767613 -0.865654 0.793028
-0.109382 -0.824778 0.832610
-0.079512 -0.856469 0.815833
-0.065816 -0.926660 0.801833
-0.735848 -0.947863 0.816357
-0.755213 -0.910951 0.823968
-0.093170 -0.896644 0.786655
-0.722586 0.327216 1.373883
