0.895757 0.284661 -0.983137
0.911796 0.199715 -0.979753
0.244576 0.120081 -1.615395
-0.353689 0.103657 -0.479937
0.946993 1.375133 -1.131531
0.999573 1.364882 -1.656085
0.989902 1.298547 -2.213608
0.288956 1.247834 -1.581091
0.244996 0.629825 -1.598792
0.889091 0.720547 -0.925639
1.564324 1.397703 -0.877448
1.534836 1.309462 -0.793725
0.873394 1.220676 -2.116051
0.220348 1.233444 -1.583364
0.904375 1.999707 -2.161152
1.623121 2.030673 -1.403142
0.989674 1.316311 -1.309174
0.942397 1.280258 -1.921935
0.245419 1.329662 -1.951342
0.921730 0.780982 -1.965009
0.949703 0.859225 -1.946594
0.939773 0.843761 -2.545119
1.531347 1.455014 -2.557863
1.506415 1.450619 -3.320680
1.543288 1.512375 -3.406092
0.985852 0.285105 -4.026735
1.029343 0.223161 -3.967924
1.028332 0.129705 -5.241304
1.001187 0.086641 -5.202963
0.985049 0.118306 -4.595099
0.987378 0.165004 -4.619952
0.985610 0.153865 -4.656028
0.974215 1.495998 -4.037787
0.966493 1.450354 -2.101156
0.321457 1.417839 -2.728935
0.984390 2.629905 -2.104763
1.634469 2.654743 -1.463991
2.296177 3.297143 -1.415118
2.313611 2.637834 -2.029070
1.663376 2.595075 -0.595238
2.296272 2.635527 -0.022110
1.656708 2.707376 -0.109608
2.255086 2.733279 -0.807464
1.648489 2.690990 -1.387972
1.000971 2.640092 -1.941302
1.640373 3.267653 -1.271836
1.631629 2.645768 -0.045916
1.641870 1.207861 -0.047753
1.667624 1.086137 0.037871
1.674225 1.029767 0.147857
1.651841 1.095761 0.133906
1.614414 1.210161 0.618306
1.591608 1.248883 0.496058
0.368827 1.208243 0.507403
0.341404 1.178820 -0.049434
0.282386 1.224838 -0.046684
0.242993 1.307987 -0.127060
0.238891 1.329289 -1.399415
0.234134 0.000538 -1.333951
0.191506 -0.046971 -1.257421
0.141561 -0.005994 -1.289089
0.132807 0.724744 -0.782638
0.176316 0.730905 -0.864353
0.226181 0.692123 -1.459185
0.260937 0.668368 -1.399161
0.277752 0.681795 -2.587647
-0.286881 0.683679 -2.613019
-0.217756 0.644906 -2.627275
-0.752495 0.614455 -2.621687
-1.383112 0.616540 -3.249719
-0.730596 0.644085 -3.287256
-0.085222 0.032916 -3.320565
-1.249043 0.020130 -3.330617
-1.208252 0.018192 -3.328611
-1.217556 0.626917 -2.677318
-0.592993 -0.564729 -2.678386
-0.569791 -0.538352 -2.032214
-0.548591 0.088047 -2.013232
-0.572060 -0.561467 -1.411114
-1.931829 -0.577575 -1.390496
-1.355996 -0.559459 -1.394376
-1.366538 -1.161454 -2.032069
-2.597792 -1.153217 -2.045252
-2.634107 -1.178975 -2.074545
-2.107809 -1.196373 -2.758420
-0.875429 -1.182867 -3.418342
-0.864231 -1.165533 -2.741432
-1.513196 -0.560872 -3.393892
-1.536442 -0.579806 -1.486548
-0.919637 -1.219947 -1.482028
-0.945476 -1.774973 -0.227419
-0.944526 -1.743732 0.407152
-1.581848 0.175753 -0.246048
-1.570306 0.214368 -0.228002
-0.903882 -0.380607 0.405782
-0.881788 -0.361576 0.431787
-2.137469 0.260885 0.439515
-2.116057 0.876462 0.438232
-1.486578 0.911217 0.447593
-0.806560 0.941982 1.674060
-1.391113 0.317398 1.677740
-2.025595 0.931857 1.649792
-0.785975 0.922567 2.242196
-0.131083 2.298889 2.235367
0.565196 2.315362 2.258687
0.580207 2.267786 0.338853
-0.088260 2.214521 0.343304
-0.091280 1.571237 0.357043
0.555074 1.541408 1.035072
0.562155 1.551002 1.038839
0.564926 1.512635 0.362637
0.565855 1.474497 0.365659
0.556494 1.479630 0.391257
-0.108487 1.510406 0.420740
-0.120417 1.517735 0.406406
-0.114328 1.470474 -0.214620
-0.091874 1.414773 -0.779411
-0.084352 1.388423 -0.742685
-0.111436 1.399112 -0.751659
-0.138044 0.231188 -0.782890
-0.125657 -0.477799 -0.776454
-0.074173 -0.495424 -0.726261
-0.045932 -0.512576 -0.696216
-0.076453 -0.542892 -0.722609
-0.115908 -1.187084 -0.779897
-0.104654 -1.220282 -0.195935
-1.328350 -1.256968 -0.831400
-1.344402 -1.305742 -0.165920
-1.391897 -2.584300 -0.188405
-1.408172 -2.569452 -0.269722
-1.380988 -2.536691 0.340065
-0.720562 -2.528916 -0.267589
-0.775572 -2.543243 0.401973
-0.217120 -2.545173 0.403217
-0.208519 -2.511545 0.996707
-0.786105 -2.467131 1.622720
-0.142060 -2.434422 1.015188
-0.161441 -2.429747 0.451762
-0.789766 -2.426589 2.475549
-0.098075 -1.737862 1.904126
-0.697782 -1.701945 1.934202
-0.672540 -2.980970 1.954210
-1.321729 -3.621731 1.374724
-0.058318 -3.635031 2.036344
1.287484 -3.648742 2.074944
1.317202 -3.089821 2.050735
1.205630 -3.145744 1.991401
1.132732 -3.174039 1.949513
0.546015 -2.494355 1.937694
0.584232 -2.484435 1.916672
1.157281 -1.889124 1.851653
1.082953 -1.316934 1.760762
-0.202791 -1.954903 1.718701
-0.210975 -1.935685 1.720507
0.406078 -1.916173 1.063738
0.402297 -1.932468 0.396894
0.352971 -1.959153 -0.276010
-0.237615 -1.948213 -0.306813
-0.179261 -1.901611 -0.303353
-0.104732 -1.856695 -0.965094
-0.095084 -1.859719 -0.999684
0.497758 -1.754355 -1.018017
-0.177174 -1.146676 -1.035669
-0.714318 -0.493833 0.223285
-0.679796 0.191234 0.221623
-0.700578 -0.452168 -0.478992
-0.109021 -0.485695 0.171882
-0.112862 -0.472642 0.184881
-0.057142 0.236168 0.172987
-0.022237 -0.363758 0.148532
-0.055653 0.190614 0.144487
-0.125675 0.134810 0.167342
-0.138299 0.105248 0.175394
-0.097464 0.748915 0.778613
-0.065986 0.762175 0.757089
-0.070845 0.190013 0.775315
-0.085622 0.185042 0.807432
-0.714805 0.243574 0.803225
-0.076788 0.885961 0.783500
-0.044980 0.909464 0.800104
-0.639610 -1.173598 -0.463437
-0.059445 -0.573305 0.840580
-0.689967 -0.543932 0.789912
-0.691125 -0.512458 1.389950
-0.708443 0.060334 2.062213
-0.077786 -0.027359 0.788481
-0.075521 -0.066394 0.163275
-0.093547 -0.011045 0.156585
-0.138254 0.038883 -0.450358
-0.776453 -0.665534 -1.666985
-0.791513 -0.767457 -1.006566
-0.796183 -0.817322 -1.662418
-0.826001 -0.771358 -1.696182
-0.895590 -0.722432 -1.070370
-0.300090 -1.366816 -1.017905
-0.265703 -1.423705 -0.339690
-0.172959 -2.094779 -1.008476
-0.112444 -2.022931 -1.027304
-0.137627 -1.323738 -0.371263
-0.174554 -0.632723 -0.322778
-0.141292 -0.705483 -0.339595
-0.065137 1.144278 -0.455254
-0.687367 1.203299 -1.199798
-0.746978 1.234093 -1.254428
-0.810517 1.170508 -0.002467
-0.785807 1.084519 0.030281
-1.332254 1.761871 0.656799
-1.271845 1.869295 0.640101
-1.308680 1.941620 0.021470
-0.779778 1.228880 -0.544048
-0.807020 1.757704 -0.479313
-0.780349 1.761992 -0.449741
-0.783378 1.818510 -0.449515
-0.867091 1.823197 -0.468712
-1.604004 1.080454 -0.475538
-1.595767 1.007307 -1.089061
-1.498966 1.023283 -1.056190
-1.424047 1.098721 -0.357175
-2.069535 1.133323 -0.324963
-2.142996 1.072991 0.322167
-2.180626 0.994532 -0.943837
-1.531232 1.035503 -0.941699
-0.877454 1.089677 -0.958565
-0.299258 1.123022 -1.020527
-0.368106 1.077625 -1.103201
-0.368367 1.025438 -1.800631
0.971149 1.077030 -2.463299
1.019416 1.209793 -2.474850
1.012256 1.941965 -2.483522
0.979136 2.555530 -1.868008
0.310450 1.822835 -1.894428
0.308225 1.164593 -0.613494
0.901165 1.238791 -0.614972
0.875671 1.306845 -0.597756
0.876578 1.277404 -0.567987
0.908970 1.834803 -0.547281
-0.454970 1.206789 -0.556419
-0.475299 1.247713 0.083936
-0.499536 0.635459 -0.545316
-0.472619 -0.035108 -0.499190
0.216951 1.178748 -0.452319
0.205661 1.187139 -0.455844
0.112849 1.231317 -0.501973
0.045558 1.862485 -0.521909
0.737073 1.837077 -0.472348
0.803245 1.827563 -1.050489
0.779369 1.856820 -1.044378
0.027418 1.893360 0.226572
-0.648048 1.923226 -0.446532
-1.175633 1.933064 -1.042373
-1.110073 3.163927 0.315134
-0.568733 3.149034 0.337105
-0.660265 3.147551 0.283903
-0.693541 3.156951 0.233582
-0.571782 3.150079 0.239044
-0.421918 3.133619 1.637724
0.207960 3.141331 1.025699
0.149482 3.170264 1.674464
0.157637 2.557761 2.319149
0.263734 2.590231 1.008589
0.352951 1.961548 -0.292397
0.308920 0.656963 0.345500
0.193822 2.501570 0.361542
0.167678 2.500955 0.368029
0.906307 3.145330 0.270411
1.014815 3.098255 0.217183
0.995890 3.716929 0.231792
0.904962 3.748065 0.300791
0.873307 3.802128 0.341340
0.918936 3.820913 0.902231
0.985347 3.791272 0.203940
0.937912 4.445431 0.216809
0.820989 4.463558 0.276582
0.766944 4.480828 0.306711
0.202941 4.455087 0.280581
0.284540 5.042975 0.266313
0.273003 5.024956 0.307977
0.194798 4.393025 0.369391
0.156322 4.401717 0.979521
0.208859 3.742315 0.912470
0.261376 3.122411 0.229134
-0.422983 3.163077 0.227739
-0.535891 3.207857 0.251881
-0.604045 3.179906 0.851230
-0.557679 4.992322 0.800281
-0.480311 3.639950 0.183880
0.174387 3.052851 0.219333
-0.530289 3.139331 0.253549
-0.566705 2.550680 0.863926
-0.533800 2.557363 0.183397
0.137509 1.379104 0.170238
0.083511 1.466858 0.218624
-0.032238 2.142601 0.279040
-0.101634 2.102657 0.299463
-0.065476 2.046587 -0.975250
-0.004395 2.053156 -1.036959
-0.005153 2.099451 -1.042028
-0.061438 1.518285 -1.661418
-0.097223 1.587784 -1.690528
-0.058111 1.599878 -1.766974
0.010815 0.972997 -1.826762
0.033628 1.637047 -3.050568
-0.658068 2.829878 -2.975702
-0.679942 2.756829 -2.284596
-0.620847 2.689352 -2.302463
-0.524872 2.595738 -2.330143
0.124913 2.573709 -2.308794
0.133146 3.226557 -2.288206
0.137059 3.247711 -2.318014
1.374505 3.312239 -2.380468
1.381637 3.379576 -2.399920
1.368989 3.396672 -3.634220
0.748903 3.379838 -3.579892
1.346667 3.380058 -3.577600
1.366500 3.395616 -2.391156
1.371704 2.103873 -2.366426
0.746208 0.849551 -1.708515
0.142519 0.836156 -1.749172
0.158761 1.561016 -1.840290
0.171741 0.951075 -1.199143
0.157007 0.940048 -1.176230
0.122505 0.907601 -1.152298
0.095136 0.902924 -1.157578
1.387552 0.942856 -1.818264
1.380936 0.901304 -1.790058
1.355745 0.162559 -1.730824
0.723102 1.410261 -1.056273
0.119673 1.420981 -0.410702
0.159175 2.095069 -0.418530
-0.437365 2.167248 -0.403331
-0.448845 2.184804 0.287488
-0.407348 2.168517 0.334957
0.300743 2.843509 -0.295188
0.347397 2.285752 -0.310737
0.914637 2.299538 0.303789
0.876820 2.274442 0.981779
0.301726 2.218163 0.408815
0.392882 0.896091 -0.256060
0.430900 0.873617 -0.970769
0.388762 0.878679 -2.332503
0.355070 1.512509 -1.732768
-0.255844 0.814760 -1.734646
-0.182256 0.773408 -0.500541
-0.177953 0.736742 -0.579327
-0.238690 0.735655 -0.618913
-0.277332 0.743444 -0.612645
-0.263342 0.716180 -0.609973
0.409819 0.673531 -0.616164
0.376806 1.939111 -0.618253
0.324668 2.005393 0.667610
0.326432 2.058085 0.678745
0.369410 2.047744 0.674761
0.371326 2.016790 0.691850
0.316345 2.030968 0.069606
0.291503 2.073583 1.321842
0.340624 1.446707 1.907449
-0.201975 1.401635 1.851949
-0.210550 1.375794 1.199444
-0.264399 1.409777 1.176484
-0.277684 1.462791 1.805200
-0.216156 2.077382 1.829551
-0.209991 2.679026 1.870498
-0.235481 2.653780 0.618140
-0.306072 1.306557 -0.011149
0.308825 1.303814 0.019253
0.386228 1.266231 -0.593723
0.445076 1.219132 0.061869
0.416365 1.214049 0.070374
0.361538 1.258345 0.696740
0.376304 1.295924 2.048077
-0.169200 1.303831 3.308773
-0.123358 0.700415 3.335117
-0.185262 0.752682 1.500904
0.338877 0.808506 0.199772
-0.270369 0.821428 0.846129
-0.210841 1.417737 0.854422
0.402476 1.413066 0.875639
-0.275868 0.056665 0.893019
-0.359511 0.073878 2.207153
-0.368591 0.066166 2.199836
-0.324621 0.071652 2.841176
-0.337074 0.112519 3.487599
-0.425569 0.151375 3.466154
0.143017 0.143264 4.557976
0.784108 0.108567 4.523840
0.880319 1.408566 3.359757
0.916028 1.399556 2.116434
0.875539 1.354039 1.391368
0.224230 1.312287 0.666065
0.263607 1.316908 0.004295
0.334994 1.337382 0.120571
0.347023 0.685543 0.228055
0.284465 0.636549 -0.401022
0.228604 1.232153 -0.473111
0.249647 1.239492 0.103971
0.308293 1.275620 0.110984
0.304154 1.283713 0.112310
-0.406526 1.872377 2.010210
-0.510909 1.824257 2.005805
-0.544688 1.179805 2.047807
0.140972 1.193321 1.510045
0.105486 0.542403 0.408418
0.036345 0.494588 0.414086
-0.673107 -0.844644 0.373400
-0.658363 -0.822565 0.337072
-0.624857 -0.789510 0.317364
-0.628141 -0.766827 0.277969
-0.669130 -0.768701 0.204222
-0.692093 -0.773395 0.086297
-0.695445 -0.753715 0.104498
-0.700766 -0.714377 0.172460
-0.741930 -0.052024 -1.054984
-0.794784 -0.059198 -1.671564
-0.824495 -0.073427 -0.423986
1.111308 -0.041020 -1.029077
1.117120 0.034686 -1.618780
1.105936 0.086403 -1.621430
1.772588 -1.224811 -0.983501
1.784976 -0.635280 -1.012122
1.799982 -1.257664 0.263182
1.803110 -1.175084 -0.307348
1.150159 -0.476426 0.942039
1.124168 -0.480675 0.917073
1.100028 0.106793 0.874796
1.090006 0.088557 0.883211
1.095196 0.765253 0.928895
-0.157609 1.391980 1.540622
-0.746906 0.716739 0.836820
-0.085399 0.632011 0.771257
-0.043658 -0.022811 -0.514407
-1.212593 -0.036944 -0.466110
-0.568523 -0.031941 0.874314
-0.539944 -0.047318 0.874962
0.117933 -0.084333 0.882730
0.106088 -0.098120 1.561881
0.115922 -1.394679 1.566188
0.156986 -1.389296 1.526066
0.219316 -1.372643 1.454734
0.271749 -1.363908 0.841461
-0.906767 -1.378286 0.913032
-1.583842 -1.397544 0.999866
-1.589083 -2.043271 2.347919
-1.597056 -2.000906 2.986353
-1.625198 -1.962164 2.371810
-1.010751 -1.302379 2.383421
-1.073929 -1.979175 2.974252
-1.100369 -1.991733 2.907771
-2.341814 -1.967225 2.829796
-2.324478 -1.941253 2.775654
-2.964542 -1.962828 2.775745
-2.993984 -2.035545 2.798922
-3.022649 -2.079272 2.809186
-3.027239 -2.061821 2.776765
-3.016677 -2.013123 2.126247
-3.022561 -2.647991 2.121628
-3.039402 -2.038630 2.121303
-3.051189 -2.053438 0.820548
-2.363364 -0.721948 0.743821
-1.698360 -0.656579 2.016748
-1.059796 -0.629433 1.974207
-1.746356 -0.673173 2.620147
-1.807515 -1.353094 2.663917
-1.850624 -1.307714 2.670481
-1.842143 -1.205136 2.637263
-1.794503 -1.132896 1.982825
-1.753915 -0.504091 2.021031
-1.743827 -0.535475 2.104428
-1.732589 -0.550453 2.139633
-1.686084 -1.179142 2.121733
-0.358846 -1.179284 0.759510
-0.930431 -1.227004 0.744613
-0.948301 -1.285047 0.066771
-1.006746 -1.911184 0.706906
-1.032544 -1.212662 0.655832
-1.003423 -0.497064 1.245316
0.305904 -0.473953 1.886526
0.274939 -1.156924 1.915379
-1.033963 -1.184679 1.924109
-2.294836 0.170895 3.813859
-2.255527 0.889223 2.443161
-2.279622 0.889197 3.126147
-2.377216 0.830603 3.127842
-1.879042 0.800677 3.800032
-1.949379 0.217001 3.210755
-1.954155 0.265385 3.822423
-1.957818 0.874917 3.833248
-2.631547 0.816788 1.915050
-2.664866 0.792411 1.305030
-3.211481 0.824140 1.347490
-3.784562 0.860507 1.988296
-3.726190 0.842505 1.373551
-3.772563 0.784336 0.083726
-3.853023 0.768553 0.138627
-2.646381 -0.455538 0.824391
-1.876657 -1.051291 -0.328938
-1.838054 -1.728468 -0.340354
-1.889769 -1.798157 -0.943217
-1.923187 -1.193516 -0.272229
-2.475520 -1.156586 -0.211117
-2.319547 -1.084074 -0.244982
-2.258092 -1.035304 -0.308143
-2.328987 -1.667199 -0.319663
-2.395382 -2.897685 -0.280197
-2.369481 -2.828300 0.382459
-1.760430 -2.131628 1.623679
-1.781671 -2.127795 0.876893
-1.862087 -2.148200 -1.097016
-1.845514 -2.190192 -0.437559
-0.410077 -2.232202 0.281871
0.910356 -1.582962 -0.360187
0.851445 -1.571699 -1.601473
-0.503571 -1.550047 -3.426762
0.735013 -1.552309 -3.340627
0.756475 -1.578397 -2.644968
0.732973 -2.239922 -3.276153
0.655341 -2.227489 -2.676530
-0.608202 -1.568997 -2.732116
-0.574093 0.397891 -3.357663
-0.484273 0.330910 -2.116123
-0.431029 0.254024 -2.771800
-1.038168 0.234961 -2.750146
-1.665853 0.281630 -2.727058
-1.622359 0.318323 -2.716084
-1.557532 0.286621 -2.091958
0.310351 0.228896 -2.116755
0.294990 0.205200 -1.530289
2.198157 0.220060 -1.539365
2.223047 0.212305 -1.579887
2.284907 0.153014 -1.625521
2.329526 0.103802 -1.682128
2.310787 0.110935 -2.235635
3.487073 0.168634 -1.600651
2.840199 0.216910 -2.234350
2.840283 0.219199 -2.892561
2.844709 0.224270 -2.901069
2.794201 1.604076 -2.916063
2.717258 1.642581 -2.335008
2.715129 0.984279 -2.994921
0.905054 1.583850 -3.067295
0.973594 1.544903 -2.479606
1.001020 1.560130 -3.058958
-0.295492 0.970825 -2.378107
-0.302130 1.006121 -1.142802
-0.272678 0.358862 -1.200845
-0.227898 -0.937687 -1.213920
0.411690 -0.948150 -1.205860
0.375304 -0.307596 -0.643323
0.326474 -0.311752 -0.729707
0.316792 -0.983204 -0.759143
0.349256 -1.051118 0.547922
0.993171 -1.073571 -0.630182
0.977066 -0.378952 -1.228506
0.951681 -0.313493 -1.285974
1.577939 0.369052 -1.314514
1.584900 0.367732 -0.609359
0.927028 1.000288 -1.180552
0.902651 1.669444 -1.238128
1.517861 1.696584 -1.373331
0.860974 1.073789 -1.453868
0.228626 1.044198 -1.407010
-0.389422 1.683620 -0.668342
-0.395286 0.485650 -0.654935
0.191269 -0.104991 -0.709672
-0.447409 1.125823 -1.372792
-0.433533 1.086690 -1.309336
0.204296 2.387464 -3.195477
0.221999 2.437025 -2.527124
0.239697 1.821239 -1.913003
0.269426 1.741398 -2.006476
-0.327964 1.641844 -2.046810
-0.283518 1.614842 -1.995308
-0.263125 0.975952 -1.308444
-0.908988 0.970657 -1.303955
-0.921881 0.911665 -1.349243
-0.923414 0.873249 -1.953674
-0.912827 0.902050 -1.848314
-0.908518 0.952993 -1.752782
0.360322 0.269973 -1.773215
0.325384 0.197524 -2.500874
1.568128 0.142572 -1.884947
1.584303 0.799821 -3.061250
2.209536 0.833976 -0.496663
2.160594 0.828089 -1.106558
1.527473 0.805238 -0.445468
1.516841 0.811725 0.236914
1.531117 1.486035 0.337242
1.558003 0.868988 -0.214567
1.586629 0.840149 -0.862664
1.594515 0.791200 -0.305751
1.585873 0.764154 -0.355988
0.972597 1.433432 0.945181
0.976419 0.785492 0.982468
0.947708 0.779823 -0.282926
0.894654 0.743985 -0.362770
0.856517 1.349513 0.814006
0.876814 0.063170 2.071853
0.295212 0.111603 2.115666
0.321218 -0.478787 2.089240
-0.335883 -0.462460 2.004213
0.296868 0.826884 1.947886
-0.968548 0.859780 0.747891
-0.916708 0.891281 -1.752435
-0.283349 -0.354292 -1.094326
-0.320782 -0.328152 -1.136155
-0.355813 0.340060 -0.443184
-0.341439 0.352750 0.281457
-0.299106 -0.299992 1.030645
-0.282803 -0.317038 1.032842
-0.309474 -2.904140 2.231632
-0.338562 -2.913808 0.855944
-0.343639 -2.925224 0.847203
-0.332156 -2.291903 2.091989
-0.326126 -2.306882 2.732354
-0.329887 -2.331925 2.073470
-0.330479 -2.355313 2.083277
-0.962444 -2.368144 2.813740
-0.920806 -2.378833 1.596349
-1.508277 -1.746090 2.293361
-0.868555 -3.047322 2.278212
-0.875540 -3.034173 2.893336
-0.882099 -2.345836 2.250259
-0.881490 -2.301784 3.498573
-1.510565 -2.280721 3.447257
-1.548430 -2.269582 3.389323
-0.989263 -1.008283 3.373479
-1.044762 -0.306050 2.718236
-1.080830 -0.240552 2.735283
-0.459863 -0.855532 3.443112
-0.475800 -0.851003 2.794356
-0.490434 -0.175238 1.494215
-0.500071 -0.142292 2.807226
-0.542407 -0.802608 3.416309
-0.495978 -0.849196 3.360729
-0.491348 -0.901067 1.991295
-0.534003 -0.915956 1.896126
-0.571234 -0.914536 1.819367
-0.547646 -0.937662 1.782338
-0.489990 -0.975589 2.420972
-0.446429 -0.997170 3.079851
-0.446708 -0.989292 3.079392
-1.704542 -0.998815 3.087860
-1.666331 -1.666898 3.128001
-1.589663 -1.708315 2.561046
-2.856659 -1.701407 1.884244
-2.883124 -1.012062 1.829790
-2.928403 -1.000041 1.814811
-2.287614 -1.684865 2.481087
-2.251551 -0.323018 3.179643
-1.602084 0.340695 3.203563
-1.653306 1.000576 1.922487
-1.039649 0.992827 1.928341
-1.028074 0.977856 1.961406
-0.986060 0.986302 1.978086
-0.965051 1.013312 1.928097
-0.972319 1.025765 0.580578
-0.971789 0.369961 0.484388
-0.942365 0.370675 1.073091
-1.564737 0.400892 1.084330
-1.582495 1.053229 1.094323
-1.630776 1.011673 0.462915
-2.300035 0.226065 0.442368
-2.891500 0.186237 0.458412
-2.842669 0.195278 0.513204
-2.152433 0.192193 0.550011
-2.141703 0.151552 -0.107880
-2.111567 0.123193 0.513589
-2.050554 0.156826 -1.455726
-2.016372 0.210811 -1.443039
-2.035770 0.868725 -1.401650
-2.057114 0.813869 -0.721236
-2.036794 -0.464034 -0.026546
-1.988665 0.196254 -0.033982
-1.947722 0.239230 -0.668637
-1.348977 0.230257 -1.338166
-1.360064 0.190351 -1.939364
-1.371878 0.193432 -1.250849
-1.390625 0.268939 -1.285972
-1.421436 0.340686 -1.292165
-1.470142 0.339073 -1.232885
-0.318941 0.291644 0.155485
-0.377600 0.283845 0.846187
-0.430617 0.324447 0.803903
-0.468850 0.340037 0.052110
-0.488244 -0.355795 0.054572
-0.476758 -0.434605 0.772576
-0.448156 -0.440891 0.162674
-0.439648 -1.052434 -0.498986
-0.451556 -0.986967 -0.530846
0.172061 -0.302875 0.139548
0.206764 -1.000121 0.218388
0.217636 -0.987732 0.286022
0.184026 -0.951103 -0.429202
-0.515208 -0.927623 -0.517868
-0.530977 -0.289604 0.134571
-0.500678 -0.299553 -0.476304
-0.466896 -0.256439 2.210723
-1.079075 -0.184937 2.222120
-1.083080 -0.130321 2.164328
-1.044524 -0.110467 2.137378
-0.996724 0.494531 2.216827
-0.963941 0.502171 2.352048
-0.971521 0.500523 2.422396
-0.987500 0.467994 2.384058
-0.965599 0.404870 2.954682
-0.922418 0.363689 3.668174
-0.896075 1.044143 3.768695
-0.917501 1.082636 3.813676
-0.951424 1.733378 3.751179
-0.952777 1.763623 3.050131
-0.904573 1.807602 2.446086
-0.845074 1.859534 2.528858
-0.833657 1.857823 2.544453
-2.130831 1.806525 1.745903
-2.074298 1.751104 2.270100
-1.983688 1.747849 3.531819
-1.938643 1.788421 3.541141
-1.970878 1.818355 3.506453
-2.657483 1.816551 3.411559
-2.683886 1.818678 3.342644
-2.655768 1.257351 3.365168
-2.630741 1.324393 4.791012
-2.662278 1.330537 4.234601
-2.702273 1.262189 4.186919
-2.044196 1.196489 4.109829
-1.959455 1.207183 4.095314
-1.904301 0.635863 4.135247
-1.945280 1.939271 4.156943
-2.019793 1.895047 4.122878
-1.386949 1.860569 3.431966
-1.339516 1.910744 3.468288
-1.334311 1.999897 3.532168
-0.801171 1.376970 3.561528
-0.856028 1.326316 2.928582
-0.815663 1.909965 0.378216
-0.718632 1.221111 1.660191
-0.045244 1.217246 1.042309
-0.087243 1.140688 1.017765
0.502863 1.021511 0.308000
-0.120792 0.953440 0.225587
-0.698527 0.972100 0.831739
0.576301 0.995272 0.813656
0.532201 0.954668 0.117187
1.118594 0.879354 0.061082
1.131974 1.548656 0.663379
1.190583 1.590210 0.664028
1.863870 1.602628 0.665857
1.820646 0.873992 0.633478
1.772557 1.432442 0.615414
1.781157 1.408027 1.298201
1.824473 1.469235 0.125809
1.180343 0.880005 0.140242
1.153271 0.851181 -0.576998
1.741886 1.467188 -0.667362
1.746596 0.825263 -0.661887
1.131417 0.196457 0.034502
1.175696 0.790070 -0.567416
1.195868 0.729548 -0.579922
1.210259 0.652632 -0.573790
0.598677 0.635184 -1.181136
0.030475 0.685700 0.197025
-0.583337 0.730452 0.199537
-0.647991 0.091982 0.161942
-0.716402 0.062314 0.125003
0.479907 0.063373 0.119892
0.521064 0.106123 0.138108
0.504938 0.146954 0.779287
0.451712 0.145955 0.781549
0.399713 0.774670 0.773166
0.392591 1.406644 0.181752
0.402380 1.471447 0.261553
0.372280 1.543502 -0.325069
0.301858 2.203726 -0.339232
0.236260 2.159151 0.234707
0.235307 2.775489 -0.399458
0.260487 2.778022 -0.337150
0.272245 2.112417 -0.290779
-0.372901 2.097469 -0.310204
-0.938256 2.701596 -1.011338
-0.881544 2.658753 -0.971033
-1.496834 2.033853 -0.878638
-1.494151 2.089723 -0.842023
-2.140653 2.121717 -1.537099
-0.310535 2.132177 -0.337017
-0.316365 1.515733 0.308499
-0.329146 1.541475 -1.518720
-0.343724 1.583099 -1.555868
-0.348999 1.608708 -1.610414
-0.338503 1.592396 -1.623288
0.303151 1.567563 -1.543840
0.338079 1.579018 -1.456432
0.364168 1.623852 -0.843141
1.015138 0.400148 -0.944684
1.002124 -0.201733 -1.011623
0.322657 -0.211671 -0.996413
0.320251 -0.210096 0.283551
0.359332 -0.196825 0.256730
0.416093 -0.198468 -0.479626
0.460313 -0.235353 -0.528044
0.488316 -0.287294 -0.516607
0.505723 0.348360 -0.489815
0.525575 0.355113 -0.516287
0.538690 0.360354 -0.586062
1.181047 0.339081 -0.624754
1.141793 0.301434 -1.265178
2.294505 0.273838 -1.864831
2.947784 0.248514 -1.324903
2.968405 0.205433 -1.429806
3.600806 0.137092 -1.480851
3.592813 0.692884 -1.459118
2.902661 0.655115 -1.424664
2.248891 0.634274 -0.776540
2.287379 0.630571 -0.142334
2.325550 0.628268 -0.767728
2.315440 0.028851 -0.731056
2.266355 0.072491 0.014859
2.222314 -0.522739 -0.647992
2.227790 -0.496717 -0.671597
2.252970 0.165417 -0.678936
1.589497 0.187721 -0.674500
1.571523 -0.461801 -0.665616
1.551709 -0.450248 0.612918
1.556853 -1.089894 1.132661
2.234428 -0.395525 1.108382
2.210836 -0.378560 1.084338
2.145504 -0.361468 1.661010
1.397183 -0.359683 1.642742
0.734076 -0.378669 1.603664
0.741084 -0.411928 1.559856
0.740586 0.265508 0.927282
0.108746 0.281878 0.967261
0.110703 0.288896 1.035490
-0.495597 0.277599 1.080138
-1.060533 0.275320 1.765426
-1.058371 0.323504 3.159309
-0.412822 0.386639 2.009202
0.197290 0.418598 2.107446
-1.056207 0.412234 2.166988
-2.412499 0.402587 2.161284
-2.424342 0.430414 1.464937
-1.759860 0.471433 2.175222
-1.771286 1.133718 2.882554
-0.505250 1.125794 3.545671
-0.495771 1.094974 2.839667
-0.503433 1.105185 2.773418
-0.480344 1.162540 2.768653
-0.506107 1.214410 2.780946
-1.232356 0.517647 2.091086
-1.259902 0.463854 1.977972
-1.237110 0.466719 1.910997
-1.184960 0.536450 1.950417
-1.152432 0.590456 2.018496
-1.156254 0.547999 2.014423
-1.160700 0.456618 1.958763
-1.127223 0.422409 1.337915
-1.097541 1.644254 1.400562
-1.126745 1.657281 1.454909
-0.527369 1.590978 1.439838
-0.589525 1.492642 1.396609
-0.008822 0.830112 1.413610
0.005526 0.874024 2.130580
0.003841 0.915941 0.930754
-0.638804 0.878702 1.603329
-0.611201 0.811316 2.815500
-0.529460 0.796732 2.815456
-0.458177 0.842640 2.842578
-0.443982 1.491375 1.674848
-0.464669 1.475644 1.658213
0.124382 0.814785 2.846959
0.128981 0.830420 4.128016
-0.459098 0.908431 4.786935
0.840280 0.961983 4.187769
0.888337 0.953715 2.912947
0.973693 0.926747 2.874817
0.387876 0.929781 2.801136
0.341774 0.953256 2.750765
0.296028 -0.280531 2.748439
0.320112 0.876660 3.367677
0.360172 0.808056 3.322240
-0.321135 -0.394400 2.582767
-0.430672 -0.379774 2.542608
-0.490435 0.809453 2.567166
-0.437095 0.778790 2.613223
-0.343789 0.120868 2.617714
0.288979 0.109296 2.587231
0.240303 0.076259 2.592449
0.237591 0.017066 2.657580
0.953342 -0.051411 2.721245
1.011127 0.549338 2.717995
0.985154 0.528200 2.056424
0.928859 0.530513 1.452255
0.934011 0.555673 1.509359
0.997298 0.581405 0.841073
1.035424 0.609412 0.877708
1.014918 0.630489 0.911384
0.980597 0.020432 0.919754
0.990577 0.038500 0.907292
1.025531 0.044112 0.896453
1.034989 0.043690 1.507867
2.196230 -0.556040 1.504293
2.143359 0.059799 2.123994
1.577680 0.064523 2.094997
1.635971 0.071281 2.726952
1.662940 0.077492 2.733293
1.639813 0.067658 2.750495
1.624125 0.070043 2.755708
1.651477 0.091693 2.748127
1.695604 0.105012 2.748759
2.278885 -0.518839 2.117340
1.700013 -0.555223 2.131805
0.387329 -0.566479 2.125468
0.373329 -0.523127 0.161884
0.373987 -1.056867 -1.124218
0.408455 -1.008993 -1.090558
0.487130 -0.993759 -1.105022
-0.119469 -0.980765 -1.138839
-0.135159 -0.940615 -1.126361
-0.166090 -0.882067 -1.068226
-0.176087 -0.837513 -1.047918
-0.168993 -0.827179 -1.100976
-0.167060 -0.846312 -1.163674
-0.166387 -0.869999 -1.137422
-0.164982 0.442568 -1.058196
-0.141817 -0.197180 -1.041420
-0.105205 -0.157219 -1.114951
-0.702997 1.751348 -0.535906
-0.712288 1.732483 -0.475957
-0.750608 1.031865 -1.003755
-0.793888 1.625715 -0.992200
-0.227908 1.632064 -1.705500
-0.236379 -0.176543 -1.747331
0.378651 0.485569 -1.683526
0.329731 1.037095 -0.957552
-0.945419 0.989534 -0.362122
-0.900481 0.976754 0.743433
0.386704 0.996468 0.055439
-0.250215 0.983503 0.135670
-0.992224 0.915497 -0.379621
-2.303503 0.827146 -0.401961
-2.315279 0.775661 -0.516398
-2.297628 1.383682 -0.569470
-2.310297 2.018884 -1.163771
-2.357914 1.971208 -0.447744
-2.361185 1.924231 0.140057
-2.300195 1.941586 0.045181
-1.586442 2.001709 0.018110
-1.598625 2.021611 -0.537818
-0.478677 1.968171 -0.467235
-1.090484 1.885853 -0.487459
-1.033956 1.835549 -0.542242
-0.992760 1.831355 -0.556680
-0.996221 1.833582 -0.520788
-1.010321 1.809747 0.798116
-0.970147 1.782556 0.740957
-0.926454 1.813078 0.690562
-0.945255 1.901103 0.706129
0.220088 1.958266 0.759918
0.161400 1.934871 0.770907
1.428042 1.868986 0.038658
1.425596 1.848506 1.359816
1.429416 1.263986 1.377603
0.742917 1.284973 1.392145
0.683993 1.254124 1.388630
0.060635 1.203694 1.379722
0.721729 1.214617 1.391535
0.158927 1.275912 1.412475
-1.208398 1.323326 2.634294
-1.231011 1.333445 2.033261
-2.445956 1.321121 2.069311
-2.397794 1.333727 2.119880
-2.353621 0.700230 2.138540
-1.704201 0.722073 2.113912
-1.696079 0.735772 1.446270
-1.669593 0.751185 1.444531
-2.248654 0.799156 1.456116
-1.654726 0.884447 1.463825
-1.069044 0.986535 2.092758
-1.108631 1.049728 0.868196
-2.312555 1.663733 2.134428
-2.325572 1.635943 0.894718
-2.344950 1.619095 1.517228
-1.732115 2.224276 1.493028
-2.310683 2.221646 1.470413
-2.290368 2.205587 1.493569
-2.296237 1.570034 1.536791
-2.311165 1.581627 1.548860
-2.305209 1.630866 1.524122
-1.110007 1.673353 1.503729
-1.123400 0.427199 0.883156
-0.539440 0.367326 0.931805
-0.529434 0.300376 0.940273
-1.074421 0.265401 0.897701
-1.007773 0.261071 1.505266
-1.586464 -0.368599 1.516349
-1.594362 -0.363451 0.917029
-1.602643 -0.340304 0.931316
-0.968641 -0.291130 0.918726
-0.986030 -0.247817 -0.328396
-0.442941 -0.237250 -0.292064
-1.102699 -0.256453 0.383198
-1.698531 0.359704 -0.881613
