0.823967 0.643039 0.405188
0.806643 0.615251 -0.210036
0.126505 0.618935 0.428179
0.078213 0.641400 1.664565
0.681481 0.656239 2.273218
0.044803 0.649644 2.262629
0.049350 0.622358 2.259350
0.044990 0.590009 2.272790
0.023520 0.544644 2.243217
0.006904 0.511227 1.633629
0.008158 0.479073 1.614469
0.018399 0.432317 1.619228
-0.636653 -0.193046 1.672231
-0.674516 -0.177624 1.702058
-0.702717 -0.141354 1.666868
-0.705161 -0.124532 0.996256
-0.017240 0.521552 -0.234316
0.000160 0.495099 -0.831014
0.013781 0.471712 -0.810604
0.020664 0.459928 -0.845402
0.021720 0.456086 -0.869961
0.027996 -0.203927 -0.836084
0.671268 -0.199066 -0.786600
0.680583 -0.176728 -0.791654
0.010164 0.436187 -0.863334
-0.005496 0.449243 -0.902049
0.008487 0.414753 -0.851674
-0.597898 0.377175 -0.784913
-0.550178 0.372477 -0.134954
-0.551482 0.381234 0.454276
-0.570625 0.392321 -0.237633
-1.203826 -0.200763 -0.244842
-0.513076 -0.863879 -0.223977
-0.479048 -0.863465 -0.258018
-0.496623 -0.846446 -1.650112
-0.516254 -0.832493 -1.690996
-0.482253 -0.837211 -1.686963
-1.691689 -0.217825 -1.046831
-1.645420 -0.871612 -1.072465
-2.285233 -0.867391 -1.106818
-2.312437 -0.830480 -1.739377
-2.307708 -0.797763 -1.700269
-2.299682 -0.173091 -1.651951
-2.324442 1.723924 -1.621089
-2.339109 1.744325 -1.611816
-2.309995 2.363888 -1.607533
-2.245717 2.373930 -1.596215
-2.264960 2.371474 -1.566406
-2.267713 1.121920 -2.207624
-2.222096 1.103900 -2.203945
-2.141460 1.091758 -2.208147
-2.109066 1.093676 -2.192668
-2.139910 1.097775 -1.505852
-1.524216 0.476689 -2.082231
-1.464059 -0.125960 -2.725946
-0.775182 -0.122766 -2.138934
-0.776484 -0.116602 -1.540711
-0.858124 -0.111217 -2.127323
-1.542206 0.482958 -2.092799
-1.480234 -0.163331 -2.110288
-1.392155 -0.194734 -2.164319
-1.384248 -0.183611 -2.196553
-1.454305 -0.169808 -2.156087
-1.497525 0.447323 -2.711546
-1.463239 -0.156532 -2.722244
-1.417468 -0.145270 -1.556047
-1.450535 -0.105944 -1.583984
-1.546081 0.534175 -0.880542
-1.604249 0.522833 -2.105879
-1.590616 1.139742 -1.503281
-1.544053 1.169290 -0.872217
-1.528749 1.203391 -2.080010
-1.557434 1.187182 -2.696040
-1.584517 1.154431 -2.632612
-1.591221 0.567888 -3.299017
-0.936820 0.636901 -3.349520
-1.584222 1.304285 -3.359388
-1.609848 1.295884 -2.661446
-1.642296 0.635621 -1.995799
-1.674360 0.002231 -2.018791
-1.680624 0.647487 -2.686852
-1.673758 1.262999 -2.666965
-1.674128 0.604473 -1.975856
-1.682543 0.579354 -1.947469
-0.371763 0.624461 -1.303008
-0.985807 1.342156 -1.334848
-1.640427 0.822417 -1.326815
-1.660414 0.197782 -1.312488
-1.662880 0.166447 -1.938560
-2.998903 0.159915 -2.626993
-2.969724 0.120704 -2.660620
-2.297057 -1.062409 -1.277837
-1.586019 -1.720539 -1.247192
-1.550683 -1.772384 -1.301269
-1.510104 -1.807959 -1.373757
-1.519636 -1.815569 -1.429585
-1.492381 -1.806924 -2.046384
-1.498547 -1.813002 -2.005517
-1.518943 -2.459362 -2.034850
-1.513351 -2.520567 -2.136958
-1.489577 -2.563816 -0.949172
-1.477826 -2.567477 -0.882473
-2.680961 -2.570847 -0.790422
-3.331001 -2.609211 -0.795582
-2.700600 -2.662850 -0.886614
-2.690374 -2.675034 -0.321210
-2.708707 -2.640045 0.359506
-2.764595 -2.620657 0.426946
-2.164183 -2.654728 0.410146
-2.195062 -2.702007 0.357514
-2.189293 -2.685578 1.019907
-2.193369 -2.628126 1.080528
-2.220539 -2.035364 0.486715
-2.253041 -2.094134 0.478726
-2.258306 -2.718082 -0.162692
-2.246748 -3.298539 -0.171166
-2.246568 -3.219337 -1.412763
-2.255538 -3.199992 -1.387022
-2.264739 -3.218250 -1.386720
-1.620643 -3.851769 -0.784829
-1.632482 -3.771249 -0.783784
-1.665692 -3.714308 -0.804396
-2.345250 -3.750955 -1.400908
-1.712704 -3.827428 -1.393126
-1.685087 -3.223108 -2.052807
-1.674205 -3.186136 -2.042150
-1.700638 -3.781085 -0.704072
-1.735676 -3.831706 -1.945701
-1.757442 -3.942271 -1.976952
-1.766532 -2.112458 -1.323565
-1.803298 -2.729467 -1.320153
-1.884708 -2.693309 -1.321275
-1.966871 -2.729833 -0.686388
-2.623506 -2.830340 -1.999490
-2.611593 -2.253041 -2.017748
-2.618198 -3.416976 -1.383443
-1.398513 -3.284541 -1.328901
-2.071234 -3.878120 -1.984868
-2.088182 -3.906654 -1.357933
-2.061303 -3.377244 -0.734093
-2.039284 -2.682651 -1.357969
-2.047078 -3.182414 -1.379161
-1.470355 -3.142691 -0.753531
-1.488889 -4.514923 -0.739531
-3.358717 -4.568180 -0.096498
-3.906836 -4.556361 -0.091603
-4.449417 -4.527070 -0.046026
-3.859028 -3.902635 -0.641064
-3.827189 -2.633948 -0.591050
-3.739518 -2.679800 -0.562951
-3.672356 -2.655065 -0.542005
-3.702308 -2.612968 -1.141504
-3.800809 -2.637683 -1.149319
-3.209150 -2.720149 -1.173435
-4.458217 -2.115727 -1.188578
-4.431027 -2.095046 -1.182869
-3.797608 -2.062725 -1.189123
-3.835629 -2.093051 -1.214147
-3.170374 -2.133106 -1.920011
-3.121447 -2.755632 -2.570722
-3.107733 -2.723481 -2.575479
-3.176063 -2.704587 -2.590297
-3.261902 -2.702371 -2.625665
-4.477387 -2.720887 -2.654996
-5.125981 -2.719068 -2.657999
-5.148581 -2.021114 -2.005194
-5.205538 -2.675067 -1.984238
-5.914274 -3.320485 -2.014550
-5.894917 -3.900494 -2.029264
-5.839890 -4.475891 -1.403725
-5.819520 -4.424719 -1.371725
-5.215048 -3.768846 -1.349512
-5.224695 -3.753889 -1.328923
-5.177047 -3.720969 -1.998090
-5.099224 -4.360424 -0.053242
-5.077427 -3.696123 -0.675115
-5.105523 -3.083287 -0.669557
-4.499908 -3.704885 -0.651398
-4.468986 -3.689538 -0.622523
-4.409497 -4.332457 -0.597515
-4.379501 -4.342390 -0.588014
-4.390566 -4.373184 -1.227403
-5.059659 -4.388637 -1.206416
-5.028124 -4.387647 -1.192984
-4.966868 -4.387064 -0.632154
-4.947285 -3.763323 -0.704928
-4.972716 -3.779849 -0.740821
-5.633360 -3.753118 -0.730610
-5.606305 -3.713388 -0.702902
-4.954907 -3.069337 -0.734532
-4.280988 -4.297824 -0.808020
-4.320272 -4.293333 -0.828708
-3.670255 -3.021263 -0.798592
-4.224246 -3.022965 -0.763468
-3.493370 -3.014936 -0.800191
-3.496524 -2.355573 -0.881449
-3.525020 -1.710700 -0.883237
-3.523486 -1.751065 0.524504
-3.492802 -2.443653 -0.658848
-3.477957 -2.459469 -0.685940
-3.442319 -3.115208 -1.349222
-3.450056 -3.151866 -1.297780
-3.424387 -3.195111 -1.165096
-3.388201 -3.215389 -1.692740
-3.392133 -3.213640 -3.009830
-3.434667 -3.207963 -3.084496
-3.484253 -3.215796 -3.076505
-3.504305 -3.245652 -2.999247
-3.521626 -2.632857 -1.662671
-2.931083 -2.627858 -2.296616
-3.569317 -3.854295 -2.374842
-2.936664 -3.835609 -1.140210
-2.911043 -3.827457 -1.084636
-3.514584 -3.818466 -2.378546
-3.532912 -3.163649 -1.194725
-3.588120 -1.852309 -0.658924
-3.596838 -1.805708 -0.686520
-4.189242 -2.446970 -0.645620
-2.937125 -1.838854 -0.631014
-2.946889 -1.837018 -0.681455
-2.943725 -1.841788 -0.090356
-2.902184 -2.438213 -0.085164
-2.827988 -1.258342 -0.033900
-3.428568 -1.278049 -0.667119
-2.791468 -1.291934 -0.110044
-3.438619 -1.315070 0.465667
-3.436742 -1.344961 0.458261
-4.049393 -1.374474 1.204402
-4.039451 -2.043454 1.246919
-3.425341 -2.064607 0.590640
-3.442111 -1.460194 0.563495
-3.429038 -0.819531 0.551623
-3.386582 -0.183964 1.214832
-3.337302 -0.134701 1.251153
-3.298500 -0.109704 1.255607
-3.285993 -0.116076 1.248165
-3.293017 -0.108229 1.263018
-3.294050 -1.305664 0.684174
-3.280639 -1.258516 0.706795
-3.277994 -1.260435 -1.252650
-3.304776 -2.589203 -1.265408
-3.343796 -2.576219 -1.283566
-3.349047 -1.894837 -1.935522
-2.662607 -1.858362 -0.623467
-2.647524 -2.472447 -0.685117
-3.316299 -2.535872 -0.094416
-3.372831 -1.323362 -0.112206
-2.769118 -1.266835 -0.083842
-2.779240 -1.248690 -0.052721
-2.778903 -1.322486 -0.040767
-3.444634 -1.415044 -0.005289
-3.453059 -1.413332 0.066896
-3.445376 -0.677138 0.144067
-2.782104 -1.177977 -0.464597
-2.764067 -1.818574 0.149526
-3.390579 -1.229924 0.123298
-4.024108 0.067385 -1.027072
-3.409273 0.144399 -0.994874
-2.809516 -0.422260 -1.002003
-2.829134 -0.412393 -1.031193
-2.817555 0.175080 -1.031779
-2.780789 0.846799 -0.357599
-2.110008 -0.389737 -1.082508
-2.720979 -0.331217 -1.115117
-2.704303 -0.317951 -1.190702
-2.656255 -0.995941 -1.237103
-3.205844 -1.010995 -1.229350
-2.570950 -0.405225 -1.207735
-2.601006 -1.087589 -1.201394
-2.622335 0.211721 -2.498987
-2.603347 0.204987 -2.482743
-2.561661 -0.419389 -2.462737
-2.542499 -1.095694 -2.461073
-3.190347 -1.174990 -2.488302
-2.635652 -1.171644 -2.518483
-2.613939 -1.171862 -3.803619
-3.236700 -1.146434 -3.168941
-3.246490 -1.201642 -3.197319
-3.289245 -1.821437 -3.850310
-3.315164 -1.804511 -2.489586
-2.653700 -1.100340 -2.454206
-2.619804 -0.372950 -2.442973
-2.628717 -1.687952 -1.145477
-3.327132 -1.718170 -1.185914
-4.000619 -1.727967 -1.807585
-4.026967 -1.706535 -1.792929
-2.660923 -1.699804 -1.789261
-3.339085 -1.105241 -1.829355
-2.772903 -1.187245 -1.887199
-3.468090 -0.610008 -1.911251
-2.816824 -0.600888 -1.903366
-2.773671 -1.231571 -1.223572
-2.747013 -1.278982 0.075930
-2.798464 -0.696037 -1.296497
-2.894721 0.549053 -0.074952
-2.926261 0.599975 -0.137202
-2.214389 0.646558 -0.839405
-2.146492 0.640124 -0.892044
-2.855695 0.607766 -0.292434
-2.951059 0.628591 -0.240992
-2.328098 0.717106 -0.186915
-2.889431 0.776514 -0.173435
-2.813512 0.764312 -0.165969
-2.831416 0.737021 -0.126614
-2.903978 0.165401 -0.664946
-2.906844 -0.352355 -0.649949
-2.825811 0.333629 -0.677838
-2.755400 0.345618 -0.704051
-2.766149 0.338122 -0.680850
-2.194144 0.381179 -1.241685
-2.179790 0.443385 -1.186504
-2.110895 0.437887 -1.157959
-2.059506 0.355189 -1.125754
-2.070000 0.926783 -1.080309
-2.098326 0.297131 -1.055010
-2.083972 0.333767 -1.073301
-2.034653 0.332738 -0.476204
-0.712115 0.264408 -0.497530
0.576444 0.205529 0.220172
0.544152 0.224024 0.251972
0.486557 0.256295 -0.425424
0.472393 0.841288 -0.451890
1.697996 1.389832 -0.460727
1.651912 0.736495 -1.667015
0.981604 0.137081 -1.065075
-0.305586 0.815111 -1.111784
-0.315687 0.818927 -1.159503
-0.329282 0.777529 -1.170300
0.301953 0.788764 -1.165327
-0.347981 0.859916 -1.190824
0.278333 0.900693 -1.228204
0.280125 0.852461 -1.255369
0.289461 0.123626 -1.244622
0.952938 0.118386 -1.218765
0.981484 0.192758 -1.221173
0.986329 0.250905 -1.238721
-0.294855 0.230602 -1.253888
-0.295867 0.185937 -1.242230
0.354001 0.200432 -1.207716
0.391809 0.890647 -1.184211
0.403906 0.915341 -1.187027
1.003373 0.862080 -1.214080
0.987720 1.439081 -1.233391
0.329084 1.418364 -1.237967
0.340054 1.443103 -1.867550
-0.286118 1.456575 -1.851186
-0.291123 2.090071 -1.873592
-0.309369 2.094160 -1.913842
0.321572 2.158689 -1.287526
-0.250687 1.585593 -1.286955
-0.240259 1.600382 -1.289203
-0.250444 2.188187 -1.332329
-1.592707 2.157235 -1.382913
-1.589460 2.148319 -0.797933
-2.245011 2.141386 -0.756842
-2.838610 1.496757 -0.708986
-2.203898 1.490831 -0.705999
-2.853336 0.852986 -0.714254
-2.204324 0.258266 -1.332171
-2.150906 0.302084 -1.259437
-2.108740 0.319848 -1.192246
-1.451969 0.304267 -1.173042
-2.115630 0.917758 -1.183534
-1.468760 0.888800 -1.183898
-1.435770 0.847021 -1.163405
-0.764302 -0.348380 -1.161997
-0.806197 -0.384740 -1.213407
-2.071210 0.207822 -0.653871
-2.084753 -0.357121 -0.704392
-2.101844 -0.336822 -0.708794
-2.122664 0.297912 -0.715514
-2.759302 0.293310 -1.444373
-2.742226 0.283175 -1.492688
-2.715092 0.880425 -1.496929
-2.694825 0.860232 -1.457969
-2.078137 0.852678 -1.423615
-2.695693 0.830977 -1.430912
-2.739790 0.137665 -1.456178
-2.108475 -1.188455 -0.080754
-2.160648 -1.715539 -0.059177
-1.603332 -0.484541 -0.010289
-1.656535 0.838143 -0.595875
-1.621980 0.780040 -0.615613
-2.852385 0.687299 -0.653758
-2.201082 0.651381 -0.671186
-1.594550 0.668881 -0.660048
-1.633813 1.328114 0.016646
-2.249098 0.614593 -0.013627
-1.569365 0.523018 -0.627847
-1.584963 0.572890 -0.610004
-1.061591 0.679587 -1.235924
-0.520873 0.728896 -1.218770
-0.524915 0.701498 -0.617064
-0.464016 0.658799 -0.612319
-0.441733 1.364224 -0.577403
-0.489843 1.436003 -0.518954
-2.474717 1.416665 -0.480005
-1.843316 -0.576773 -1.116102
-1.780884 -0.633784 -1.087129
-1.104035 0.071832 -1.000084
-1.153863 0.832967 -0.893443
-1.206947 0.206370 -1.431238
-0.521840 0.180913 -0.216788
-0.454391 -0.457141 -0.253105
0.233743 0.261391 0.338762
0.183693 0.954274 1.621577
0.104312 0.940415 1.600970
-1.122608 0.890439 1.536448
-1.109353 0.874685 1.471522
-0.526986 1.553385 1.457473
0.076574 1.605778 1.481503
-0.580692 1.612088 1.498594
0.125507 0.982603 1.463452
0.834819 1.005064 1.393502
0.230277 1.714605 1.349290
-0.962530 1.141433 1.351154
-1.577423 1.129431 1.352759
-1.564398 1.052410 1.321304
-1.571821 0.997860 1.284898
-0.337158 1.008074 -0.598200
-0.948500 1.024366 -0.523460
-2.816493 1.643785 -0.477359
-2.193018 0.906639 -1.151607
-2.838600 1.447161 -1.210781
-1.470268 2.136409 -1.248793
-2.683617 2.217522 -1.210079
-2.688153 2.225946 -1.209404
-2.776560 1.539059 -1.249872
-0.284854 0.853753 -1.255401
-0.311725 0.888930 -1.205046
-0.282903 1.611282 -0.507917
-0.299638 1.589192 -0.511789
-1.052890 1.506842 -0.577910
-0.435522 1.478884 -0.630190
0.285705 1.573177 -0.641968
-0.930792 1.700018 -0.635461
-0.923963 1.722465 -0.659816
-0.998720 1.638946 -0.696193
-1.073124 0.974236 -0.672610
-1.714597 1.069635 -0.602317
-1.634140 2.488874 -0.544601
-1.633569 2.490814 0.716501
-1.667946 2.389425 0.710782
-1.654391 1.633088 0.722354
-0.917992 1.666750 0.743605
-1.539230 1.729703 0.738655
-0.931982 1.722452 0.696638
-0.994360 2.250239 0.655558
-1.021517 1.641612 0.667663
-1.677659 0.477474 0.045329
-1.036388 0.527555 0.064206
-1.074911 -0.132508 0.051397
-1.093946 -0.221695 0.631372
-1.052580 -0.895000 0.640288
-0.991381 -0.894050 0.655047
0.275133 -0.260072 0.038340
0.250308 -0.918894 0.017835
0.229041 0.296809 -0.003795
0.239419 -0.384313 0.012186
-0.368091 -1.674062 0.047034
-0.389565 -1.680229 -1.320460
-1.054265 -1.054305 -1.306438
-1.089821 -0.492158 -1.327037
-1.716295 -0.551909 -0.666261
-1.655478 0.045622 -0.000471
-1.601592 0.733184 0.032117
-1.590205 0.773006 0.067109
-2.178806 0.109957 -0.524205
-2.193109 0.064908 -0.501039
-2.184552 0.736112 -0.486372
-1.483998 0.776163 -0.473895
-1.441148 0.797850 -0.464167
-1.424379 0.748778 -0.451971
-1.476136 0.006877 -0.436920
-2.077481 0.036576 0.810622
-1.987888 -1.188157 0.781622
-1.913713 0.165596 1.339434
-1.898400 0.176664 1.916503
-1.918209 0.194969 1.914728
-1.947789 -0.430500 1.891620
-1.346810 -0.468042 1.168833
-1.373143 -1.211661 1.132673
-1.407775 -1.268249 1.129626
-0.135564 -0.595852 1.235214
-0.119109 -0.600786 1.246270
-0.077338 0.029844 1.232234
-0.024120 0.708990 1.205776
0.018260 0.752142 1.201001
0.025141 0.819034 1.223964
-0.652648 0.832815 1.259974
0.444234 1.438852 1.304006
-0.212888 0.111808 0.716108
0.455331 -0.538743 0.710579
-0.223508 0.155051 0.694311
-0.250464 -0.402775 0.707102
-0.247371 -1.073182 0.112069
-0.202888 -0.469134 0.742314
-0.774639 -1.041173 0.713493
-0.747814 -1.063521 0.685436
-0.801648 -1.762655 0.692496
-0.264429 -1.198107 0.696074
0.359232 -1.199454 0.041098
0.377489 -1.158371 -0.076849
-0.266014 -1.122064 0.583516
-0.303392 -1.115760 0.646542
-0.315411 -1.109858 0.696386
-0.872013 -0.405682 0.655765
-0.158935 0.266933 0.580948
1.121957 0.278274 0.575892
0.467325 0.345687 0.013744
2.315579 0.356698 0.050448
2.323547 0.973335 -0.018464
1.682853 0.973258 -0.118313
1.711165 0.947829 -0.114185
1.691178 0.929533 -0.010985
1.085313 0.965858 0.055778
1.133508 0.436782 0.013381
-0.107780 1.732046 -0.062157
0.523852 1.019212 -0.068422
0.481375 0.334526 0.028992
1.059393 0.313966 0.040983
1.653162 0.321822 -0.025384
1.617888 0.939110 -0.085051
1.584023 0.861938 -0.043381
1.583916 0.805184 0.059689
1.625171 0.815710 0.134965
0.467432 0.855117 0.126616
0.496379 0.863456 -0.561009
0.488550 0.190244 -1.178555
1.095845 0.822447 -1.148339
1.117174 0.160354 -1.145000
1.114629 0.134570 -1.134546
1.699254 0.106020 0.712655
3.011838 0.092404 2.651761
3.016351 0.083503 2.663049
2.476483 0.078936 2.645785
1.873150 0.101188 2.600725
1.859566 -0.486665 2.582153
1.832577 0.789178 2.592383
2.447630 0.803397 2.601618
2.425356 0.827361 2.551179
1.731245 0.846120 2.502958
1.616656 0.222362 1.871204
1.528350 0.183899 1.881122
1.504842 0.135329 1.887736
1.528019 0.106076 1.865015
1.544673 -0.508407 1.863576
1.551498 -0.529554 1.295179
0.982681 -0.528052 1.346586
0.346977 -0.483945 1.367446
0.362702 -0.425276 2.001144
1.014648 -0.393355 2.003532
1.004196 -0.415200 2.034064
1.651347 0.817926 2.047948
1.023581 0.790374 2.031601
1.061507 0.787437 2.003625
1.118255 0.797441 2.004815
1.153708 0.808279 1.378580
1.169557 1.445842 1.355734
0.478219 1.443686 1.282343
0.459406 1.454704 1.207133
-0.197979 2.120078 1.845230
-0.246272 2.142843 2.511520
-0.946493 2.128401 2.509029
-0.299581 2.074182 2.474237
-0.284479 2.024616 2.447024
-0.248588 2.652400 3.064026
0.400405 2.705027 3.087574
-0.244689 1.489468 1.790886
-0.276917 1.510968 1.777121
0.357839 1.489458 1.740102
0.359985 1.470568 1.731715
0.342389 1.477040 1.795555
0.310479 1.468339 1.852793
0.293717 1.397548 1.843078
-0.254767 1.271114 1.814311
-0.160827 1.185678 0.532050
-0.721286 1.206524 0.610470
-0.692964 -0.004642 0.671482
-0.658648 0.040662 0.662194
-0.609037 0.013061 0.625774
-0.571412 -0.011414 0.615833
-0.627988 0.016122 0.017397
-0.666780 0.041718 0.038707
-0.075955 0.005376 0.007883
-0.050883 -0.093089 -0.658197
-0.029017 -0.141032 0.567598
-0.039927 -0.073503 -0.047388
-0.055386 0.051335 -0.018276
-0.039391 0.126625 -0.045054
-0.024700 0.107059 -0.106536
-0.050833 0.100398 -0.153642
-0.111487 0.154497 1.078149
0.478827 0.221430 1.100249
0.467103 0.213299 1.089152
0.474526 0.116441 1.047718
0.453909 0.050441 0.425558
0.412419 0.075239 0.485174
0.395377 0.208448 0.562488
0.406323 0.194456 0.562542
0.407076 -1.161211 0.498179
0.392819 -1.257718 0.461122
-0.267285 -1.225319 1.165753
-0.238937 -1.167750 1.238690
-0.162374 -0.489617 1.218819
-0.074612 -0.538442 1.132916
-0.018473 -0.552656 1.098596
0.014137 -0.508104 1.777445
-0.573659 -0.467062 0.623220
0.116315 -0.482578 0.602082
0.742045 -1.144057 0.507493
0.722296 -1.127644 1.087707
0.077384 -1.069920 1.143371
0.077992 -1.052091 1.214209
0.090337 -1.106349 1.801377
0.092398 -1.176680 1.736701
0.086033 -1.199968 1.764624
0.093910 -0.554620 1.865311
0.108407 -0.561601 1.965043
-0.515790 -1.233307 1.953278
-0.568964 0.028062 1.866525
-0.630002 0.051263 2.479286
-0.673225 0.081281 1.876330
-0.689984 0.057609 1.899475
-1.284425 0.672772 1.828517
-1.244934 0.684284 1.725768
-1.769633 0.726675 1.739860
-1.721056 1.336695 2.497025
-1.730786 1.262203 2.525863
-1.711571 1.205049 2.477562
-2.344879 1.217332 1.813545
-2.382307 1.269393 1.811938
-2.431667 0.629234 1.854584
-2.451923 0.604711 1.244450
-2.424047 0.623884 0.019118
-3.571875 1.342951 -0.023956
-4.139477 1.407245 -0.023397
-4.135501 1.396563 0.005603
-4.142371 1.349178 -0.010874
-4.156251 1.984370 -0.060798
-4.166193 2.023172 -0.094895
-4.184521 2.053720 -0.727337
-3.636169 2.056703 -0.663647
-2.423912 2.746879 -0.660889
-2.452551 2.796472 -0.034374
-1.841774 3.561498 -0.750427
-2.443960 3.571595 -0.726901
-1.135990 4.741952 -0.051087
-1.179482 4.685145 -0.081874
-1.258187 4.042940 -0.111236
-1.316176 4.026335 -0.106904
-1.345289 3.980846 -0.081823
-1.368589 3.333558 0.002526
-0.132630 3.344060 -0.622212
-0.151715 3.374585 -0.610025
-0.123690 2.837305 0.015677
-0.076751 2.800915 0.045270
-0.055729 2.748067 0.038354
-0.047384 1.485595 0.002959
-0.034842 1.416602 0.007944
-0.643013 1.345617 -0.585285
-0.667118 1.311570 0.090715
-0.694184 1.326567 0.103703
-0.685731 0.089343 0.669319
-0.642485 0.113188 0.649608
-0.593688 -0.496372 0.642329
-0.577553 -0.465259 0.612083
-1.923192 -0.427720 -0.724419
-1.351123 -1.073855 0.509785
-1.369952 -1.136649 0.513964
-1.994306 -0.544653 0.553037
-2.021157 -0.558936 0.579188
-2.059772 -1.189988 0.584190
-2.100992 -1.229770 0.581298
-2.794695 -0.657465 0.607411
-2.790438 -0.577145 0.650321
-2.756633 0.072536 0.653637
-2.709881 0.096085 0.601006
-2.689815 0.093945 0.554499
-2.706781 0.083254 0.568377
-2.742142 0.086190 0.623498
-2.774898 0.083330 0.665806
-2.815149 0.072073 0.644342
-2.226196 0.072942 0.583362
-2.297277 -1.066505 0.557510
-2.331325 -1.713698 0.583639
-2.949468 -1.707643 0.596194
-2.898922 -1.067043 0.534165
-3.481247 -0.416318 0.428854
-3.477149 -0.437018 0.397495
-3.485126 -1.141099 0.453620
-2.272959 -1.210387 0.513020
-1.626647 -0.612220 0.493553
-1.635174 -0.643216 0.433628
-1.647434 -0.638195 0.424804
-1.622887 0.565745 -0.157231
-1.557356 0.573604 0.496075
-1.492443 0.564556 0.425857
-0.888237 -0.077180 -0.879407
-0.905016 0.554709 -0.256566
-0.291343 0.591039 -0.222534
-0.925578 1.253920 -0.182093
-0.930358 1.256022 -1.427003
-0.955429 1.247565 -1.433084
-0.966862 1.268469 -1.410412
-0.907023 0.092881 -1.358150
-0.843687 0.179094 -0.688006
-0.807295 0.200866 -0.698859
-1.437254 0.187689 -0.729909
-1.482120 0.197307 -0.075041
-1.513497 0.237239 -0.023987
-2.132461 0.235492 0.020935
-2.115481 0.164794 0.032541
-2.154383 0.100379 0.043353
-2.165661 0.118134 0.078260
-2.124876 0.185219 0.113611
-1.470901 -0.438747 0.119343
-1.436208 -0.480464 0.082717
-1.425124 -0.507597 0.057406
-0.142212 -0.483058 0.078583
-0.121237 -0.461604 -0.512422
-0.746606 -0.499363 -1.167487
-0.774986 -0.575613 -1.219576
-0.795134 -0.603742 -0.636973
-0.756078 -0.563530 -0.620873
-0.697296 -0.525589 -0.600439
-0.660037 -0.548040 -0.617517
-1.273103 -1.292884 -0.664394
-1.268579 -1.306946 -0.661766
-0.620931 -1.276892 -0.628519
-0.624819 -1.247869 -0.587309
-0.669526 -1.861239 -0.573653
-0.739343 -1.901925 -0.561176
-0.795055 -1.908732 -0.526536
-0.787662 -1.172691 -1.135323
-0.122923 -1.124399 -2.443212
-0.123060 -1.087187 -2.441047
0.477586 -1.078165 -1.827247
-0.166564 -1.097154 -1.891966
1.109470 -1.136619 -1.909589
1.102048 -0.584315 -1.921381
1.038898 -0.630117 -1.927882
0.327703 -0.681627 -1.917031
0.302156 -0.718200 -2.541920
0.946445 -0.728295 -2.538539
0.957477 -0.707218 -2.512919
0.905204 -0.663237 -2.518932
0.865781 0.013370 -2.523148
0.894897 0.019129 -2.524874
0.944762 -0.000432 -3.150472
0.282541 -0.015394 -3.140321
0.202192 0.001066 -4.312143
0.170892 0.023371 -4.256750
0.876850 0.030108 -4.236643
0.313689 0.037724 -3.617449
0.313439 0.087922 -1.017131
0.249394 0.161420 -1.031549
0.232487 0.186288 0.152541
0.984173 0.149194 -0.523278
0.387741 0.103663 -0.573420
0.369492 0.091133 -1.808769
-0.261613 0.080707 -2.418234
1.030993 0.033774 -2.994172
1.066535 -0.033715 -2.983152
0.430274 -0.678435 -2.962051
0.396214 -0.649465 -2.323498
0.345856 -0.614008 -2.347952
0.353040 -0.616482 -2.395598
0.413548 -0.653107 -2.429436
0.459792 -1.303298 -2.434973
0.448390 -1.267950 -3.667022
0.413835 -1.231335 -3.700122
0.399364 -1.241569 -4.395525
0.395135 -1.290619 -3.722900
0.378728 -1.301851 -3.052441
0.341915 -0.621854 -3.064119
0.295711 -0.540894 -3.116668
0.270967 -0.516909 -3.150676
-0.328035 -1.208563 -3.129415
-0.292352 -1.241971 -3.739240
-0.283867 0.694600 -3.127967
-0.314771 0.109584 -3.146375
0.910563 0.082420 -3.124545
0.940891 -0.586778 -3.057594
0.937850 0.022176 -2.999340
0.884778 0.078559 -3.657385
0.828084 -0.530261 -3.678485
0.826058 -0.586657 -4.219218
0.860683 -0.630993 -3.538152
0.885791 1.244365 -2.784091
0.884161 1.872874 -3.409662
-0.434692 1.840073 -3.430327
-0.386769 1.744858 -3.387810
-0.369534 1.695289 -3.285596
-0.396074 1.719107 -2.627222
-0.451926 1.741702 -1.337045
-0.500515 1.718143 -1.378672
-0.534543 1.685612 -1.407293
0.059366 1.709311 -1.990769
0.031339 2.417586 -1.980277
0.023312 2.416611 -2.034987
-0.587638 2.358063 -3.319039
-0.002689 2.311735 -3.339364
-0.053190 2.327500 -3.300832
-0.074728 2.349922 -2.656541
-0.072326 2.992776 -3.300699
-0.669773 2.962643 -3.352661
-0.699100 2.982369 -3.369344
0.537242 1.842690 -3.335638
0.594573 1.882886 -2.695731
-0.631729 1.841273 -2.104983
-0.564204 1.767679 -2.817208
-0.541937 1.751557 -2.837156
-0.522346 1.797240 -2.816995
-0.485717 1.829306 -2.192592
-0.454787 1.155429 -1.583547
-0.442222 1.116588 -1.618881
-0.443149 1.139126 -1.622166
-0.448748 0.534655 -0.999558
-1.701224 0.535084 -1.643782
-2.289660 0.503621 -1.686687
-2.220699 0.498558 -2.328028
-2.176319 0.530077 -1.668725
-1.534120 0.575959 -1.643866
-2.858512 0.563628 -1.639398
-2.920046 1.116796 -1.628844
-2.978237 1.730689 -1.594563
-2.997182 1.746247 -1.556321
-2.966116 1.728938 -1.546784
-2.911819 1.675136 -1.565371
-2.855917 2.273556 -1.567684
-2.804015 2.234381 -1.541240
-2.144706 2.180278 -1.510493
-2.764034 2.122335 -2.185873
-2.760657 2.104961 -2.218587
-2.796085 2.137974 -1.552155
-1.545526 2.190905 -1.535849
-0.963979 2.199949 -2.192618
-0.960688 2.172806 -2.248149
-0.948859 2.813677 -0.969060
-0.928176 2.838608 -0.375015
-2.169432 2.837642 -0.392726
-2.746478 2.190758 0.192033
-2.733592 2.727912 -1.081362
-2.128607 2.149761 -1.048565
-2.143273 2.231327 -0.352692
-2.178330 2.289570 -0.298760
-2.213266 2.263732 -0.278162
-2.206598 2.199642 -0.339276
-1.529855 2.174702 -0.398816
-2.127912 2.190242 -0.397070
-2.130847 2.182827 0.308875
-2.145174 2.110627 -0.336025
-2.157302 2.027404 -1.001565
-2.822044 2.021533 -1.034902
-2.858675 2.091031 -1.017936
-2.914570 2.151274 -0.338864
-2.945351 2.141972 1.501438
-3.572676 2.105507 1.420829
-3.490519 0.857540 1.347693
-3.403558 -0.368430 1.941917
-3.367310 -0.350756 1.353882
-3.379350 -1.615893 0.756928
-3.396823 -1.642878 0.110089
-3.435365 -1.645045 0.084322
-4.080185 -1.594919 -1.150636
-4.121916 -0.867845 -0.486153
-3.546200 -0.796603 0.186139
-3.533462 -0.786368 0.131278
-3.433049 -0.171902 0.696448
-3.326449 -0.210210 0.683533
-2.023537 -0.224247 1.320969
-2.062728 0.381523 1.949142
-1.409519 0.330637 0.709759
-1.442965 0.277113 1.304295
-0.849408 0.253302 1.292082
-0.929119 0.280588 0.742012
-0.982907 -0.958806 1.424421
-1.659345 -0.928914 0.795519
-1.645905 -1.583989 1.397613
-0.950377 -1.585280 0.735043
-1.592466 -1.554721 0.750844
-1.578360 -2.162475 0.200246
-1.569946 -2.167934 -1.091705
-2.867483 -1.569118 -1.103228
-2.333271 -1.568781 -1.780804
-1.771895 -0.849119 -1.807479
-1.783134 -0.807156 -1.164109
-1.763372 -2.006360 -2.421336
-1.760555 -2.002007 -2.412371
-1.779731 -1.968039 -2.431032
-1.768106 -1.927200 -1.789394
-1.071772 -1.943521 -1.766309
-0.350793 -2.005594 -1.759821
-0.378101 -2.045279 -1.812458
-0.467693 -1.391459 -1.217184
0.073214 -1.376788 -1.209325
-1.798210 -1.414107 -1.855143
-1.763461 -1.462820 0.100460
-1.118918 -2.116174 0.061123
-1.131942 -2.727251 0.013960
-1.117308 -1.457168 0.050745
-1.697033 -1.518538 0.086912
-1.023995 -1.573824 0.085761
-1.056344 -0.930124 -1.191259
-1.139135 -0.917166 -1.156819
-1.202468 -0.930948 -1.106137
-1.216539 -0.304191 -1.115406
-1.871549 -0.321717 -1.105173
-2.526538 -0.299380 1.553149
-2.539716 -0.270202 1.517856
-1.826147 -0.244303 0.799431
-1.164058 -0.208395 0.059234
-1.149832 -0.172571 0.701423
-1.133522 -0.148832 0.085114
-0.468464 -0.141075 0.741223
-0.430222 -0.135548 1.390359
-0.412630 -0.117316 0.097353
-0.412099 -0.105613 0.172593
-0.418069 -0.104889 0.225666
0.199452 -0.081301 1.492776
0.811076 -0.077808 1.408745
0.187521 0.575834 1.957591
0.218739 0.562200 3.254150
-0.378437 0.554103 3.299137
0.218201 0.550760 3.332479
0.212770 0.533570 2.068923
0.220372 0.499579 1.401737
0.226454 0.464987 1.409418
0.221073 0.450164 1.399964
0.218154 -0.200162 2.018326
0.242471 -0.184711 1.358444
0.271638 -0.174427 1.942858
0.285891 0.452118 1.907108
0.282650 0.436226 1.885356
0.276444 0.408618 1.268034
0.272821 0.387001 1.296987
0.252282 0.972221 1.313744
0.230850 0.945613 1.320367
0.853123 0.909229 1.304051
0.897141 0.197252 1.272257
1.577072 1.420263 1.248502
1.560428 1.422600 1.845721
1.535673 2.070578 1.858265
1.552740 2.097817 1.900869
1.576576 2.134723 1.319414
1.551397 2.160019 1.411480
1.488876 2.154186 1.502772
1.457057 2.153700 1.560398
1.485560 2.840397 1.566094
1.521979 2.232639 0.852774
1.523139 2.240115 0.840108
1.500480 2.822049 0.862201
1.490546 4.005569 0.867583
1.516680 3.446121 0.844539
1.548455 3.514981 0.843892
1.554725 3.491697 0.908044
1.554554 4.023606 0.312327
1.579017 4.617021 0.300810
1.627431 4.646140 0.235059
1.664430 4.689404 0.184633
1.672879 3.979158 0.192537
1.676568 3.874604 0.236311
1.692628 3.829075 0.228232
1.716326 3.936788 2.108817
1.706354 3.441969 2.133913
1.642240 4.707866 0.904102
1.579548 4.639733 0.999364
1.568053 4.583138 0.974816
1.587173 4.617725 0.927873
1.569770 4.690570 0.335238
1.498652 4.061623 0.427659
1.444676 4.009811 0.518199
1.445096 3.312436 -0.115909
1.457461 2.724236 -0.150294
1.426799 2.779783 -0.129692
1.366710 2.802149 -0.057749
1.351643 2.787787 -0.003442
1.401221 2.770388 -0.032897
1.456085 2.783569 0.561246
1.463959 2.855885 0.531641
1.456370 2.938330 0.554979
1.453760 3.004472 0.574967
1.493769 3.019789 0.544520
1.496053 3.012632 1.718105
1.470766 2.407186 2.349379
1.464136 2.452560 2.367037
1.489365 3.115360 3.024936
1.531974 1.793219 3.624242
2.237868 2.285581 3.579074
2.877590 2.218066 3.554181
3.502611 2.237648 3.563683
2.824080 2.310321 2.941141
3.446608 2.954122 2.963570
3.473961 2.283216 2.986782
4.139791 2.905000 2.373008
4.165280 3.577598 1.707025
4.180052 4.231211 1.703674
4.859850 2.848827 1.070238
4.894990 2.737368 1.760434
