-1.654129 2.715305 -1.229597
-1.016385 2.142139 -1.182277
-1.091447 1.546266 -1.774967
-2.366156 1.556832 -1.815558
-2.323619 0.249388 -0.638031
-2.303759 0.213649 0.643984
-2.332313 -0.451873 -0.015753
-1.058669 0.208207 -0.094714
-2.364589 -0.420730 -0.161884
-2.977343 -0.414814 -0.820488
-2.947113 0.212805 -1.438858
-2.939487 -0.396969 -1.403076
-2.927245 -0.375613 -1.441385
-1.700752 -0.336356 -1.486533
-2.315193 -0.331488 -0.826643
-2.308512 -0.378378 -0.796977
-2.312623 -0.407091 -0.161152
-2.306762 -0.378521 -0.223082
-2.277243 -0.957615 0.417862
-1.585539 -0.302653 0.448922
-1.590429 0.315388 -0.124317
-1.636910 1.559712 -0.151235
-1.680782 1.593679 -0.200515
-1.687049 1.669520 -0.190708
-1.676585 1.042771 -0.136797
-1.691011 0.353755 -0.125636
-1.721249 0.874323 -0.821895
-0.475147 0.200878 -1.547609
-0.437235 1.445817 -0.914855
-0.372785 1.467180 -0.232453
-0.347836 1.482251 0.435573
-0.376018 0.903223 -0.246925
-0.413151 0.989527 -0.837497
-0.404327 2.322614 -0.171621
-0.368097 1.690520 -0.199234
-0.368270 1.633277 -0.223454
-0.439314 1.583013 -0.298493
-0.533655 1.545909 0.304812
-0.561327 1.514081 0.328122
-0.522042 2.122557 0.396317
-0.495099 1.516482 0.431496
-0.546334 1.566571 -0.172120
-0.634493 0.936657 0.417515
-0.022256 1.559610 0.467132
0.006353 1.568604 1.133674
0.077687 1.576501 1.138585
0.066552 1.549004 0.452380
-0.045476 1.470373 0.405000
-0.044833 0.753804 -0.905574
0.047495 0.766828 -0.879048
1.404830 0.183422 -0.894062
1.433293 0.238027 -1.524594
0.783822 0.248660 -1.575679
0.732002 0.882472 -0.894001
0.720788 0.272148 -0.877854
0.754394 -0.364011 -0.925503
0.779387 0.949398 -1.651777
0.765958 0.215093 -1.090097
0.742413 0.138732 -1.107247
0.757849 -0.489733 -0.437461
0.834443 -0.408919 -1.112681
0.360431 0.342839 -0.544042
0.349130 0.354260 -0.598339
-0.362969 0.936445 -0.545158
-0.388460 0.310857 -1.124604
-0.361835 0.308338 -1.755646
0.314206 0.886384 -1.159809
0.335477 0.750014 -0.494674
0.319885 0.026009 -1.052511
0.312440 0.693101 -1.038677
-0.300485 0.775441 -1.038065
-0.279366 1.467186 -1.027361
-0.948646 2.667014 -1.011818
-0.997128 2.711841 -1.005142
-1.042490 1.513901 -1.658846
-1.054248 1.529456 -1.077537
-1.046021 1.469618 -1.668730
-1.012979 1.407379 -1.672594
-1.693049 1.435091 -1.671234
-2.219737 0.892604 -1.664706
-2.215809 0.954110 -1.661704
-2.212365 0.933482 -1.664701
-1.570236 0.893154 -1.680205
-1.592941 0.263351 -1.695450
-2.263817 -1.601602 -1.642939
-2.250459 -1.588404 -2.263494
-2.230135 -1.691489 -2.277005
-2.224184 -0.497235 -2.315883
-2.232229 0.151604 -1.725065
-1.610115 0.205479 -1.701768
-1.565293 0.196828 -2.266042
-1.546218 -0.514621 -2.261435
-1.564822 0.061540 -2.274637
-1.607164 0.103306 -2.249829
-1.640025 0.820110 -1.538074
-2.267003 0.792779 -2.139525
-1.584307 0.676190 -2.137085
-1.587318 0.605471 -2.790127
-1.600590 1.948286 -2.768024
-1.597376 2.045437 -2.103379
-2.875880 2.047883 -2.041369
-2.874165 1.361268 -1.999493
-2.899714 0.745629 -1.343156
-2.313200 1.450845 -1.353530
-1.708637 0.872117 -2.000317
-1.709459 -0.442399 -2.031307
-1.708889 -1.164648 -1.426290
-1.710591 -1.180161 -1.450266
-1.700786 -0.476349 -1.513113
-1.675066 0.205803 -0.941539
-1.663328 0.175855 -0.966370
-1.691317 0.170334 -0.945088
-2.383676 0.205411 -0.920724
-2.432073 -0.341587 -0.292272
-2.434674 1.623375 -0.341398
-2.432442 0.224552 -0.344405
-2.469463 -0.425091 -0.928223
-2.508249 -0.480226 -0.879849
-2.479627 -0.515253 -0.889083
-2.402850 0.122734 -0.307158
-2.357610 0.087193 -0.265267
-2.395001 0.068625 -0.156912
-2.470869 -0.603198 -0.090837
-3.176973 -1.254534 -0.110889
-3.155785 -1.258075 0.458922
-3.130498 -1.254150 -0.124362
-1.839188 -0.588462 -0.075021
-1.857227 -0.574546 -0.066433
-1.823066 -0.002288 0.538003
-1.760939 -0.569220 0.504811
-1.720568 -0.555004 0.479329
-1.725304 -1.187162 0.460434
-2.378795 -0.584301 0.419084
-2.367929 -1.120403 0.950313
-1.701469 -1.103226 0.894991
-1.683382 -0.488391 0.862493
-1.708378 1.377163 -0.371659
-1.733377 1.379441 -0.340122
-1.100138 1.409616 0.335385
-1.066185 0.745280 0.353293
-1.053847 0.077398 1.040081
-1.101553 -0.592653 1.077676
-1.826226 -0.553695 1.089755
-2.521757 -0.482523 0.408854
-2.496626 -0.434714 0.385897
-2.472679 -0.440168 1.036841
-1.847613 -0.460226 0.397392
-1.171518 0.207110 -0.262444
-1.135300 0.884448 -0.268112
-1.075222 0.879369 -0.261788
-1.066326 1.475224 -0.234026
-1.119699 1.438127 -0.153442
-0.490431 1.453717 -0.189133
-1.125265 0.851411 -0.214690
-1.095477 0.901487 -0.221420
-1.122507 0.920592 -0.239606
-1.163109 0.901613 -1.596172
-1.766780 0.884403 -1.640526
-1.116357 0.891816 -2.201645
-1.106457 0.263692 -2.149737
-3.197375 -0.409357 -1.532081
-3.233839 -0.458345 -1.573427
-3.155398 0.160806 -1.577667
-3.039150 0.201719 -1.517294
-3.002418 0.290066 -0.889546
-3.047203 0.341174 -0.930360
-2.410012 0.930001 -1.002741
-1.686857 0.883124 -1.033032
-1.581034 0.879453 -0.996280
-2.192979 1.564962 -0.949850
-2.249790 0.908339 -0.298114
-2.294002 0.189709 -0.312225
-1.618949 0.121455 -0.952473
-1.548925 0.120309 -0.927529
-2.152029 0.169263 -0.932298
-2.189922 -1.117892 -0.977255
-1.599981 -0.538505 -0.374865
-1.622560 0.055139 -0.406726
-1.627425 0.691680 0.271277
-1.651786 0.688184 0.947131
-1.700380 0.016023 0.988354
-1.737471 -0.668796 1.066568
-1.107099 -0.069823 1.133541
-1.131648 -0.054505 1.148601
-1.122128 -0.675817 1.139902
-1.085236 -0.654848 1.135929
-1.035317 -0.646846 1.720739
-1.063182 -0.684506 1.662273
-0.429609 1.232344 1.589581
0.200069 1.186390 1.574192
-1.043375 1.796705 2.247332
-1.027959 1.789412 2.314257
-0.377541 2.514414 2.310187
-0.344009 2.572979 3.533049
-0.941872 2.568973 3.568308
-0.917755 0.657313 3.018025
-0.314371 0.648062 2.406520
0.346607 1.369149 2.312272
-0.282237 0.751506 2.205919
-0.288440 0.725626 2.822121
-0.325169 0.682871 2.883884
-0.349594 0.705375 2.908041
-0.361333 0.763724 2.876804
-0.377002 0.190573 2.239463
-0.390057 0.158754 2.280592
-1.050684 0.103669 2.321479
-1.053911 0.092278 2.298033
-0.422517 0.720573 1.601003
-0.457478 0.061770 1.573334
0.131107 0.045626 1.599847
0.131094 0.058287 1.633218
0.126769 0.107810 2.270373
0.761128 0.125782 1.035764
0.798047 0.056198 1.061888
0.227363 -0.000485 1.680345
0.233412 -0.042275 1.650495
0.852583 -0.058820 1.617506
0.855032 0.566025 0.968669
0.873090 0.517142 1.611893
0.895339 1.124548 1.631731
0.880783 1.779690 1.037171
0.840908 1.161131 1.053090
0.804411 1.144593 1.108933
0.799564 1.132223 0.551579
0.819128 1.144138 0.564976
0.820569 1.167580 -0.115490
0.807829 1.823034 -0.784410
0.809318 1.801088 -0.086023
0.842979 1.135486 -0.117230
0.880850 1.125919 0.439795
0.870629 1.118855 0.375925
0.828482 1.115470 0.974854
0.797353 0.504134 0.958152
0.805987 1.123276 0.964809
0.833167 1.144899 1.588844
0.824505 1.173686 1.554292
0.792730 1.841727 1.520978
0.779179 1.808928 1.495415
0.807009 1.757103 1.480895
1.504791 1.084425 1.484141
1.478364 1.101831 1.482885
1.422759 2.366222 1.487641
1.367889 2.363575 2.134846
1.351082 1.700759 0.932167
1.344502 1.707644 0.319855
0.649928 1.126958 -0.319850
-0.034101 1.096101 -0.280761
-0.031184 1.033525 0.322489
0.032229 0.985461 0.327507
0.095197 0.963434 -0.260153
0.114186 1.587140 0.401483
0.764705 3.495113 -0.270359
0.752270 4.129297 1.014451
0.788904 4.125985 1.002664
0.830509 4.106533 1.022053
0.839921 4.070171 1.006115
0.825817 4.035951 0.934107
0.841907 4.040127 0.864693
0.246564 4.075031 0.874521
0.328165 3.434692 0.293105
0.357312 3.395379 -0.303324
0.346584 3.333824 -0.319896
0.975593 3.381235 0.330814
1.027874 2.075514 -0.266509
0.457298 2.143419 -0.219953
0.458038 2.775768 -0.243269
-0.879051 3.984725 -0.295085
-0.865376 3.972374 0.347402
-0.840601 3.407660 0.379300
-0.823562 3.471329 0.404914
-0.846263 3.465104 0.375319
-0.878167 3.385830 0.329050
-0.877872 4.023249 0.315753
-0.186610 4.105004 -0.305774
-0.189838 4.170661 -0.301760
-0.236049 4.141167 -0.313906
-0.273780 4.071764 -0.304856
-0.257383 4.080785 0.363174
-0.216213 4.165176 0.373507
-0.219640 3.543738 0.378131
-0.275200 2.114931 0.387069
-0.290194 2.064399 0.397478
-0.235739 3.340710 0.416113
-0.181531 3.416349 1.044426
-0.198434 3.441493 1.020612
-0.263736 3.371147 0.998572
-0.275142 2.643516 1.646633
-0.201942 2.666297 1.613759
-0.132075 2.098801 0.861083
-0.150572 2.058507 0.810682
-0.216476 1.985556 0.842555
-0.224408 1.959378 0.922909
-0.160684 3.318180 0.976120
-0.107166 4.041737 1.623747
-0.121371 4.058963 0.951954
-0.158239 4.016035 0.963795
-0.763865 3.995133 1.643283
-0.696860 4.058421 0.404249
-0.667262 4.112922 0.397624
-0.709519 4.719024 0.393839
-0.767674 4.019419 -0.163984
-0.163219 3.353114 -0.057431
-0.150447 3.396444 -1.226994
-0.156825 3.440675 -0.585510
-0.184060 2.777851 -0.654385
-0.195754 2.715571 -0.670461
-0.174475 2.704124 -0.629766
-0.150156 3.424142 -0.627789
-0.169328 2.241135 -0.701772
-0.210220 1.562820 -0.738315
-0.229158 1.516574 -1.354693
-0.228481 1.513761 -1.260085
-0.239945 1.553302 -1.201783
-0.272271 1.549698 -1.231805
-0.919566 1.487599 -0.632021
-0.901703 1.433975 -0.598928
-2.106233 2.072154 0.727153
-2.100962 2.146331 0.725374
-2.105900 2.169142 0.002748
-2.104202 2.775278 -0.010856
-2.097976 2.745987 0.730859
-2.111342 2.787671 0.815703
-2.149387 2.871217 0.162829
-0.978998 3.521955 0.093193
-1.032315 4.132042 0.682039
-1.062644 4.141121 2.014319
-1.073468 3.553347 1.401785
-1.078117 3.587239 0.683404
-1.093233 3.557523 -0.055088
-1.100235 3.511451 0.600320
-1.087703 3.500306 0.670745
-1.062303 2.909648 0.070776
-1.662365 2.913794 1.235518
-1.669937 2.882437 0.542603
-1.689442 2.859570 0.562590
-1.695526 2.870228 1.268459
-1.671633 2.302588 1.253885
-1.648040 2.316163 1.152324
-1.643003 2.316213 1.113920
-1.635738 2.351279 1.206632
-2.874415 2.408755 1.358807
-2.865483 2.457357 0.797893
-2.860819 2.474312 0.744425
-2.855102 1.833779 0.047178
-2.852584 1.851036 0.072739
-2.256310 -0.520773 0.138197
-2.259281 -0.486273 0.120591
-2.258627 -0.505589 0.011746
-2.260075 -0.566766 1.212008
-2.273109 -0.605522 1.838490
-2.293799 -0.616082 1.895824
-2.299207 -0.642415 1.884923
-2.285720 -0.721484 1.780401
-2.269292 -0.807714 1.664800
-2.270005 -0.826103 1.638180
-2.289156 -0.211632 1.682868
-2.306773 1.077037 1.690077
-2.311109 1.691216 0.360990
-2.307200 1.676047 1.560153
-2.305470 1.694603 1.602908
-2.307147 1.742617 3.002439
-2.306946 1.793791 1.855014
-2.303987 1.806746 1.201366
-2.302898 1.174320 1.148058
-2.303020 0.621377 1.803772
-2.296539 0.662064 0.629738
-2.286778 0.661215 0.670921
-2.288081 0.642084 -0.694636
-2.302534 0.660073 0.503791
-2.304727 0.692358 0.487684
-2.274615 1.982820 0.529248
-1.595581 1.888354 1.235866
-1.572035 1.169975 1.247166
-2.218135 1.181981 1.202172
-2.212868 1.215002 1.827321
-1.517947 1.167923 2.428183
-1.450303 1.067189 1.779928
-1.446596 1.572821 1.715929
-2.143940 1.650528 1.669130
-2.184369 1.077124 1.685647
-1.500434 1.047344 1.108790
-1.426577 0.968946 1.178645
-2.041220 1.554947 1.221913
-2.728146 1.004324 1.243049
-2.751762 2.308851 1.245248
-2.712927 2.257470 1.889723
-2.675079 2.183250 1.859417
-3.356157 2.201780 1.826525
-0.781977 2.315898 1.830584
-0.817595 3.044578 1.865831
-0.788793 2.327741 1.913438
-0.785626 -0.338288 1.320506
-0.213283 0.332968 0.747162
-0.318284 -0.273292 1.465261
-0.359906 -0.287215 1.471127
0.318684 -0.320892 1.457574
0.325810 -0.973821 1.412803
0.273076 -0.945962 0.761226
0.221260 -0.922552 1.411280
0.234320 -0.934203 1.393951
0.272870 -0.951647 1.384343
-0.317986 -0.934513 1.419481
-0.332437 -0.898798 1.496840
0.246554 -0.891583 1.568116
0.252415 -0.910923 2.183180
0.266164 -0.929868 2.161833
0.269399 -0.921769 2.778560
0.272658 -0.287395 2.767659
-0.336268 -0.302387 2.154944
-0.989449 -0.327836 1.498708
-1.614745 -0.336831 1.484039
-1.627289 -0.321992 0.903638
-1.657263 -0.947019 0.937422
-1.054275 -0.966972 0.958672
-1.688170 -0.990034 0.309024
-1.706143 -1.006232 -1.024247
-1.736862 -1.019861 -0.396502
-0.520228 -1.060854 -0.413637
-0.527962 -1.114590 -0.409515
-0.532969 -1.133174 -0.394603
-0.537160 -1.109295 -0.383243
-1.169054 -1.076673 -0.376077
-0.547480 -1.076623 -0.380337
0.084170 -1.077686 -0.390454
-0.525446 -1.021974 0.186364
-0.508064 -0.912250 0.168015
-0.477491 0.982286 0.163076
0.185426 0.964047 0.153964
-0.455668 0.329130 0.130935
-0.453955 0.376690 0.748617
-0.429875 -0.220937 0.720113
-1.051583 -0.858514 0.089196
-1.049271 -0.218425 0.106300
-1.075909 -0.205541 0.741518
-0.444492 -0.140661 1.364745
-0.440180 -0.752990 1.333622
0.248979 -0.780217 0.647085
0.260097 -0.828723 0.640790
-0.384462 -0.856504 1.287169
-0.395858 -0.854599 1.941227
0.279117 -0.251024 1.936837
0.308105 -0.305511 1.296884
0.316959 -0.368326 1.339295
0.284199 -0.402762 0.748182
-0.423990 0.195283 0.740080
-0.413689 0.779077 0.040913
-0.341145 0.738132 -0.031625
-0.272208 0.703727 0.621360
-0.917378 0.060766 0.681087
-0.944443 0.126166 0.702590
-0.911094 -0.461991 0.664794
-0.825422 -1.095192 -0.015571
-1.411833 -0.463060 0.022825
-2.035322 0.829412 -0.553962
-1.491594 0.906759 0.106767
-1.503749 0.949483 -0.596357
-1.448882 1.575839 -1.321126
-2.003005 1.562740 -1.289410
-1.364034 -0.248095 -1.184042
-1.394684 -0.197583 -0.437087
-1.417325 -0.173103 -1.105472
-1.396688 -0.205147 -1.127053
-1.354746 -0.248342 -1.081332
-1.347110 -0.882696 0.969628
-1.387936 -0.834300 1.043971
-1.442761 -0.177462 1.015906
-1.457388 -0.215757 0.944738
-2.049636 -0.950338 0.935612
-1.354166 -0.984447 0.987101
-1.320480 -0.288311 1.024573
-1.320112 -0.904275 0.973691
-1.326278 -0.936099 0.248648
-1.319431 -0.994308 0.222662
-1.313199 -0.985148 0.864708
-1.311212 -0.902871 0.903103
-1.329263 -0.835409 0.201563
-1.349892 -0.864718 0.748916
-1.347542 -0.944642 0.662536
-0.709325 -0.981754 0.674418
-0.704674 -0.292791 0.141080
-2.104125 -0.256960 0.165399
-2.116215 -0.314463 0.098021
-2.122611 0.282275 0.028801
-2.141928 0.279436 0.042030
-2.818999 0.354308 -0.506881
-2.843957 -0.237397 0.121978
-2.848291 -0.243182 -0.663461
-2.808131 -0.275193 -0.727466
-2.772823 0.361603 -0.662974
-2.773282 1.011020 0.075122
-2.788561 1.646326 0.780842
-3.414992 0.961270 0.753966
-3.352433 0.891266 0.109658
-2.686134 0.238230 -0.481125
-2.709061 0.247806 -0.397132
-3.404959 -0.429880 -0.405198
-3.456384 -0.491925 -1.140010
-1.509961 -0.553167 0.025228
-1.483503 -0.548800 -0.526153
-2.058683 -1.156874 -0.495208
-2.022144 -1.173407 0.151655
-2.036002 -1.244670 0.132646
-2.064663 -1.284349 -0.534580
-2.065606 -1.237736 -0.554227
-2.049938 -1.843994 -0.563716
-1.389266 -1.151506 -0.576983
-2.023318 -1.162071 -0.594402
-1.378620 -1.149559 -0.606952
-0.713597 -1.092953 -0.616946
-0.666525 -1.062224 -1.231282
-0.611478 -0.386456 -1.202330
-0.587408 -0.439572 -1.156396
-1.247883 -1.113673 -1.128586
-0.651630 -1.121581 -1.138850
-1.256532 -1.141368 -1.162619
-0.536552 -1.160328 -1.170658
-0.576906 -1.140932 -0.463073
-0.626138 -0.433260 -0.457386
-0.660349 -1.029323 -0.484904
-1.288568 -1.053054 -1.191107
-1.238743 -1.085514 -1.214073
-1.214335 -1.052397 -1.790604
-1.847479 -1.598979 0.171660
-1.881154 -1.545270 0.183564
-1.872560 -2.197091 0.148891
-1.845729 -2.194734 -0.543341
-2.519462 -2.125459 -0.515415
-2.566609 -2.026840 -0.468441
-2.590400 -1.998349 0.220485
-2.557522 -2.053809 -0.423781
-2.515850 -2.115814 -0.431615
-2.523092 -2.114593 -0.402951
-2.564537 -2.101023 -0.943060
-2.591129 -2.131606 -0.883264
-3.183220 -2.217075 -0.881965
-3.192933 -2.298544 -0.928853
-3.227833 -2.318303 -0.965035
-3.272362 -2.308737 -0.957024
-3.287441 -2.341254 -1.594845
-2.624999 -2.404955 -1.589038
-2.597661 -2.435109 -1.613246
-2.603082 -2.418790 -1.641735
-2.638092 -2.406481 -2.844663
-2.683501 -3.056075 -2.848720
-2.717834 -2.451309 -2.849411
-2.735654 -2.442003 -2.867569
-2.749275 -1.798385 -2.906155
-2.768517 -1.799382 -2.300507
-2.765166 -1.847567 -2.980092
-2.724408 -1.880690 -2.331451
-2.672981 -2.505652 -2.289875
-2.655330 -2.456734 -2.256983
-2.683046 -2.469905 -1.616418
-2.707169 -2.535982 -1.626893
-2.683550 -2.568503 -1.047492
-2.638047 -3.188475 0.178133
-2.631752 -2.527610 0.205731
-2.678051 -2.571899 0.187183
-2.093321 -2.624524 0.150487
-2.723199 -2.593216 0.155684
-3.272473 -2.490236 0.844064
-3.244244 -3.041925 0.270238
-2.076880 -3.063424 0.901677
-2.108422 -3.772191 0.897522
-2.667300 -3.764256 0.249673
-2.608553 -3.726521 0.319058
-2.656226 -3.145669 0.358867
-2.074790 -3.257389 -0.285578
-2.079823 -3.344476 -0.368957
-2.016800 -3.341799 -0.432376
-1.917599 -3.299315 -0.412469
-1.885034 -3.305814 -0.358900
-2.558657 -3.358498 -0.367300
-2.648057 -3.381982 0.167039
-2.700457 -1.479642 0.089871
-1.385484 -1.453223 0.111475
-1.438896 -1.439364 0.218073
-1.512962 -2.032069 0.832991
-2.198755 -1.384945 1.386679
-1.495579 -1.354251 1.344696
-1.436731 -1.333635 0.128695
-1.421276 -0.700143 -0.387758
-0.813384 -1.326336 -0.930830
-1.428194 -1.286976 -0.330751
-0.741599 -1.247111 -0.354212
-1.327724 -1.875908 -0.950336
-1.941717 -1.891325 -0.928792
-1.974789 -1.901323 -0.943564
-1.957920 -1.879273 -1.010659
-2.541563 -1.867557 -1.060184
-2.459569 -1.908935 -1.044641
-2.430140 -1.348231 -1.002964
-2.438611 -0.723837 -1.008573
-2.416386 -0.705103 0.804528
-2.976602 -0.679552 0.133948
-2.957791 -0.694366 0.760970
-3.009061 -2.046166 1.370874
-3.091777 -2.047834 1.354889
-3.119933 -2.024416 1.314009
-3.066134 -2.627835 0.644720
-3.004651 -1.970173 0.665180
-3.026023 -1.982569 0.711356
-3.099548 -1.951330 0.749339
-3.116977 -1.889725 0.782633
-2.443019 -1.829934 0.831198
-2.424705 -1.799423 1.541595
-2.501323 -1.767829 1.641837
-2.599438 -1.083242 2.394038
-2.594320 -1.658515 2.427162
-2.491145 -1.634276 2.434457
-1.822197 -1.012991 2.467272
-1.839708 -1.049037 2.524230
-1.854865 -1.080086 2.552633
-1.782176 -1.101079 2.527974
0.173675 -1.129381 2.486125
0.187544 -1.173936 3.133910
0.115276 -1.859629 1.186463
-0.601945 -1.200754 1.186061
-0.579322 -1.190393 1.133098
-0.515530 -1.201748 1.074103
0.124475 -0.618340 1.091204
0.083864 -0.678929 1.802721
-0.623600 -0.703505 1.819962
-0.611449 -0.686720 1.760585
-0.578635 -0.670759 1.660907
-0.599624 -1.381629 1.656792
-0.675396 -1.447601 2.345810
-0.735194 -1.455369 2.327305
-0.785609 -0.711645 1.011043
-0.755259 -0.658117 0.968790
-0.732079 -0.040702 1.010160
-0.727569 -0.094342 1.667270
0.649339 -0.112601 1.640992
0.668453 -0.083042 1.595837
1.346386 -0.064445 1.604776
1.978648 -0.740518 1.655975
1.344128 -0.806470 1.059760
1.946783 -0.801545 0.444550
1.955776 -1.362155 -0.214439
1.997186 -0.666892 -0.192334
2.030639 -0.662395 -0.150770
2.029451 -0.046653 -0.146108
2.009487 -0.061560 -0.168586
0.765334 -0.057197 -0.170694
0.766489 -0.697050 -0.785930
0.740289 -0.733302 0.478981
-0.625784 -0.092283 -0.789566
-0.634208 -0.071277 -0.831492
-0.665597 -0.636591 -0.872860
-1.371677 -0.576231 -0.893372
-0.753257 -0.562188 -0.915154
-1.387719 -0.579935 -0.954445
-1.348279 -0.597534 -0.987977
-1.333838 -0.596007 -0.996839
-1.354575 -0.581240 0.286973
-1.364339 -0.601725 -0.332719
-1.341260 -0.639165 -1.034102
-1.313971 -0.641484 -0.401519
-2.012366 -0.593619 -0.446376
-2.066662 0.748061 -0.460110
-1.476189 0.763174 -0.454581
-1.464038 0.741790 -1.055904
-1.464894 1.351315 -1.053255
-0.894441 1.353994 -1.059400
-0.953499 1.353845 -1.040346
-0.263470 1.335469 -1.675866
-1.529505 1.326159 -1.015653
-1.489041 0.030784 -1.029281
-1.501656 0.061859 -1.720240
0.480921 0.104167 -2.375408
0.522843 0.157872 -2.341105
0.575148 0.201111 -2.307744
0.608354 0.216782 -1.635724
0.619885 0.833345 -1.644843
0.625048 0.825813 -1.639068
0.640954 0.805604 -1.638787
0.666194 0.808607 -0.969923
0.687135 0.847670 0.366172
0.019608 0.880608 0.336538
-0.614966 -0.948017 0.314201
-0.611756 -0.308946 0.956519
-0.608222 0.290897 0.944514
-0.618773 -0.402735 0.926038
-1.818766 -0.424469 0.901265
-1.265682 -0.450005 0.881360
-1.944727 -0.470664 0.887833
-1.962475 -0.458903 0.926771
-2.623257 -0.412028 0.975374
-2.683314 -0.342529 0.370696
-2.740434 -0.967303 -0.241553
-2.769154 -0.967159 -0.191534
-2.772754 -0.319532 -0.784375
-2.724527 1.573469 -0.719338
-2.768010 1.594452 -2.045718
-2.781496 2.185503 -2.026743
-2.743616 2.133723 -2.016663
-3.315179 0.843271 -2.038637
-3.342023 0.891493 -2.045504
-3.377046 0.932450 -2.051523
-3.348495 0.907491 -2.057543
-3.289417 0.224342 -2.704595
-3.263430 0.151594 -2.705800
-3.292763 0.844190 -2.697599
-1.290179 0.848537 -2.665337
-1.952402 0.146201 -1.375528
-1.913049 -1.255489 -0.780225
-0.660079 -1.265332 -0.807002
-0.682653 -1.196747 -0.821218
-0.074458 -1.152493 1.106171
-0.073161 -1.859524 1.123543
-0.062176 -3.211210 0.457945
0.580391 -2.629406 1.060321
1.177535 -2.583146 0.371957
0.513484 -1.840849 -0.217204
-0.107392 -1.870753 -0.832554
-0.099228 -1.286266 -0.849592
0.521290 -1.302726 -1.494880
0.478655 -1.250600 -1.514648
0.449571 -1.191536 -0.818984
-0.162810 -1.186499 -0.813755
-0.126712 -1.227184 -0.846945
0.507558 -1.246448 -1.535889
0.466009 -0.563028 -1.508249
-0.204693 -0.498413 -2.087895
-1.444560 -0.470242 -1.446438
-1.399976 -1.175327 -1.468501
-1.408193 -1.214025 -0.869562
-1.474691 -2.466004 -0.882791
-1.539585 -1.805365 0.383260
-1.548942 -1.812117 -0.971040
-1.541903 -1.841840 -0.994781
-1.571877 -2.502365 -1.023143
-1.626800 -2.469164 -1.701810
-1.647820 -2.458201 -1.703127
-1.604208 -2.472855 -1.041755
-1.543804 -1.760251 -0.354419
-1.514093 -1.686491 -0.376553
-1.518568 -1.578924 -0.397652
-1.509743 -1.542080 0.236453
-1.471447 -1.602180 0.224415
-1.440642 -1.667744 0.253443
-2.074444 -0.304171 0.317187
-2.105448 -0.222485 -1.606699
-2.104787 -0.228766 -2.232004
-2.062317 -0.987494 -1.580687
-2.017128 -1.011663 -1.578892
-0.695092 -1.513052 -0.226823
-0.708419 -1.364757 -0.180598
-0.713234 -0.714005 0.461552
-0.713383 -0.825724 0.435995
-1.348447 -0.919235 -0.162944
-1.404360 -0.890931 -0.122852
-0.811488 -0.814500 -0.109792
-0.836357 -0.834303 -0.140131
-0.815685 -0.957235 1.098646
-1.435624 -1.045103 1.069555
-1.425679 -1.003388 1.816006
-1.421822 -0.883827 2.404088
-2.008595 -0.821735 1.077540
-1.966507 -0.863996 0.407916
-1.935053 -0.924506 0.437178
-1.935677 -0.911061 0.515888
-1.934234 -0.849197 0.569202
-2.593541 -0.833810 -0.062311
-2.551962 -0.884681 -0.060126
-2.541252 0.354484 -0.649240
-2.584682 0.356809 -0.580633
-1.980826 -0.932358 -0.569268
-2.010504 -0.864296 -0.608745
-2.007934 -0.856720 -1.240497
-2.014893 1.066619 0.082817
-2.060746 1.046935 -1.188894
-2.105681 0.349231 -1.175549
-3.341124 0.405506 -1.179161
-3.362221 0.444537 -1.159614
-3.365700 0.434535 -0.481523
-3.341208 0.406398 -0.445052
-3.316920 0.385353 -0.486432
-2.109127 0.374708 -0.578433
-2.122900 1.078551 -0.636255
-2.124532 0.441872 -1.958224
-2.100916 0.427731 -1.993671
-2.069310 0.391820 -1.425308
-2.067410 -0.908567 -1.455288
-2.715932 -0.252605 -1.417088
-2.719303 -0.241996 -1.356221
-2.693577 -0.230994 -1.348815
-2.661210 -1.532675 -1.374001
-2.670772 -0.877879 -0.718532
-2.719800 -0.830475 -1.284663
-2.764274 -0.813392 -1.229900
-2.763207 -0.835088 -1.858892
-2.742256 -0.856068 -1.865155
-2.744148 -0.836551 -1.835858
-2.775636 -0.783025 -1.791708
-3.450582 -1.423696 -1.799209
-3.434974 -2.776013 -1.877359
-3.369842 -2.799536 -1.967646
-3.327698 -2.789820 -1.388285
-3.360144 -2.786088 -2.757672
-3.432033 -2.829883 -2.715661
-3.447129 -2.906541 -2.708739
-3.364867 -2.941784 -1.475168
-3.275034 -2.919430 -2.177238
-3.269106 -1.613344 -2.169092
-3.312811 -2.226031 -2.111368
-3.305074 -3.565520 -2.716525
-3.228030 -3.572202 -2.726900
-2.527001 -3.548997 -2.750464
-2.521214 -3.542633 -2.131767
-1.905970 -2.906148 -2.051512
-1.920338 -2.949428 -1.960350
-2.517479 -2.956094 -1.938331
-2.464538 -3.583203 -1.985727
-2.439430 -3.561628 -2.031386
-1.170821 -3.576035 -2.019443
-1.145685 -3.593849 -2.583423
-1.091946 -3.582345 -2.567313
-1.056704 -2.928398 -2.623362
-1.064554 -2.897391 -1.375167
-1.117133 -2.893159 -1.412133
-1.173174 -2.897993 -1.382218
-1.864676 -2.879514 -1.336727
-1.871969 -2.845530 -1.338611
-1.886857 -2.824680 -2.665000
-1.918217 -3.469755 -2.673385
-1.941739 -3.472905 -2.610219
-1.935354 -3.468235 -3.142907
-1.904159 -2.184634 -2.523791
-1.875010 -2.191094 -2.581885
-1.884655 -2.253789 -2.596860
-1.929354 -2.277739 -2.552265
-1.961637 -1.579792 -2.507922
-1.941761 -1.532334 -1.883930
-1.888110 -1.547537 -1.936123
-1.851124 -1.590742 -1.321079
-1.855165 -1.576716 -1.287867
-1.854875 -1.527461 -1.381241
-1.148837 -1.508957 -1.451014
-1.733268 -1.535167 -1.523755
-1.726096 -2.179687 -1.512651
-1.796759 -2.763434 -1.437349
-1.870834 -2.718327 -1.376833
-1.877952 -2.725738 -1.382127
-1.837941 -2.757804 -1.422422
-1.808754 -2.762490 -1.433025
-1.829501 -2.733809 -1.395642
-1.865313 -2.722548 -1.366475
-1.853657 -2.741416 -2.024370
-1.812250 -2.771442 -2.078123
-1.798435 -2.777902 -1.432999
-1.846562 -2.767646 -1.393035
-1.924056 -2.774691 -1.335073
-1.965799 -2.192948 -1.312093
-1.962194 -2.224918 -1.331429
-1.348112 -0.794697 -1.342373
-1.370421 -0.827618 -1.347363
-1.411751 -0.852198 -1.950205
-1.417945 -0.809064 -2.014480
-1.395656 -0.092605 -1.488724
-1.391546 -0.052372 -2.166088
-1.415788 -0.734904 -2.794208
-1.458287 -0.790931 -3.412935
-0.842218 -0.771400 -2.725789
-1.429082 -0.717649 -2.717224
-1.412641 -0.719934 -0.839143
-1.378549 -0.780165 -0.872662
-0.696688 -0.813811 -0.853043
-0.662249 -0.769006 -0.813667
-0.652502 -0.722552 -0.807637
-1.328442 -0.753528 -1.484633
-0.694415 -0.833588 -0.290164
-0.718467 -0.859166 -0.855695
-0.729078 -0.801750 -0.776305
-0.763603 -0.768745 -1.394711
-0.799935 -1.443998 -0.142460
0.510904 -1.516324 -0.174078
-0.077093 -1.537318 0.466969
-0.015296 -1.497007 0.491709
-0.654819 -0.849425 -0.109897
-0.659019 -1.471978 0.482065
-0.646577 -1.537251 -0.208161
-2.503049 -1.552494 -0.196361
-2.487112 -1.511797 0.495749
-3.129599 -0.864178 0.517891
-3.121369 -0.847945 0.480569
-2.407562 -0.848410 0.438358
-1.681757 -0.828795 1.089078
-1.649525 -0.794573 1.131763
-1.664232 -0.762295 1.816352
-1.670214 -0.751172 1.750133
-1.654095 -0.771245 1.695436
-1.646545 -0.796218 1.054472
-1.072090 -0.810622 1.117584
-1.146266 -0.808142 -1.493097
-1.178090 -0.796259 -1.559480
-1.158354 -0.793584 -0.957978
-1.134098 -0.802994 0.391885
-1.145563 -0.804984 0.493953
-1.171609 -0.782638 0.484185
-1.188535 -0.757891 0.368780
-1.205475 -0.775464 0.287136
-0.608873 -0.826384 -0.298217
-0.615186 -0.861048 -0.192057
-0.620556 -0.859520 -0.194047
-0.628577 -0.855704 -0.918382
-0.634766 -0.893234 -1.004060
-0.619839 -0.948042 -0.292996
-1.180406 -0.967318 -0.194140
-2.429770 -0.934573 -0.195282
-3.079300 -0.904546 -0.303311
-2.478779 -0.920870 -0.376381
-2.493048 -0.952279 -0.308003
-2.477838 -0.950668 -0.195975
-3.731113 -0.905634 -1.532690
-3.735078 -0.869454 -1.616506
-3.738811 -0.877476 -1.041046
-3.725764 -0.891464 -1.022412
-3.701351 -0.852957 -0.950540
-3.697016 -0.770217 -0.915652
-3.731217 -1.975260 -0.946992
-3.771616 -2.013731 -1.589284
-3.176845 -2.051716 -1.548782
-3.178879 -2.024646 -0.824912
-2.578378 -1.960531 -0.778628
-2.627961 -1.953322 -1.451660
-1.371787 -2.024255 -1.475314
-1.409610 -2.081007 -1.436380
-1.432976 -2.094449 -0.724382
-1.451972 -2.084243 -0.694255
-1.484399 -2.116250 -0.714469
-1.511019 -2.188013 -0.733941
-1.526324 -2.233831 -0.701010
-1.532389 -2.244172 -0.651371
-1.524208 -2.225111 -0.036065
-1.497957 -2.227075 -0.093996
-1.447699 -2.257927 -1.459081
-1.412405 -2.273553 -1.476112
-2.049373 -2.245064 -2.083353
-2.040694 -1.512193 -2.682324
-2.661610 -1.488478 -2.689274
-2.632396 -0.875083 -3.381253
-3.955695 -0.899206 -3.407563
-3.994173 -0.916435 -2.786523
-4.022191 0.312310 -2.785968
-3.990834 0.316451 -2.190344
-3.927973 0.296822 -2.244998
-3.922094 0.229417 -2.310310
-3.964813 0.159299 -1.721979
-3.976930 0.153942 -1.735470
-3.318923 0.204255 -1.734295
-3.262975 0.238325 -2.370913
-3.938168 0.207411 -2.399093
-4.037949 0.172276 -2.379926
-3.397795 -0.403133 -0.964267
-3.326491 -0.348728 -0.914134
-3.289577 -0.311845 -1.524581
-3.358464 -0.311034 -1.541806
-2.821789 -0.306874 -1.535345
-3.446849 -0.260474 -1.475795
-3.324939 -0.207413 -2.633112
-3.219087 -0.192037 -3.176654
-3.213582 -0.221491 -3.161497
-3.247593 -0.899314 -3.147676
-1.954490 -1.431559 -3.114361
-1.859839 -1.389881 -2.457456
-1.794731 -1.381991 -3.111765
-1.797075 -1.422834 -3.169348
-1.819785 -1.470084 -2.560660
-1.804242 -1.461650 -3.127659
-1.766384 -1.406657 -1.783859
-1.750549 -1.362117 -1.210440
-1.762030 -1.360072 -0.658631
-1.131056 -2.044718 -0.691370
-1.131170 -2.015868 -1.284584
-1.776597 -1.275940 -1.897196
-1.769620 -1.203676 -1.937705
-1.745801 -1.184771 -2.624846
-1.716860 -1.197385 -2.002235
-1.703061 -0.038845 -1.947231
-1.698960 -0.018643 -2.613681
-1.697898 0.008144 -2.579568
-1.713554 0.008187 -2.616420
-1.744655 1.284719 -2.640529
-1.783324 1.257802 -2.040519
-3.107925 0.000485 -1.970277
-3.075322 -0.016349 -1.965114
-3.013284 -0.020570 -1.383542
-2.347575 -0.031686 -1.366812
-2.352125 -1.472530 -1.948968
-2.352993 -1.512460 -1.252278
-2.340875 -1.520067 -1.258844
-2.346919 -1.495395 -1.273510
-1.760915 -1.457815 -0.005061
-1.831223 -1.438933 -0.585926
-2.533905 -1.424818 -1.203076
-2.507199 -1.400300 -0.613449
-2.470156 -1.358052 -0.657820
-3.774764 -1.315976 -0.045125
-3.823923 -1.873812 -0.040391
