0.524530 -1.137257 -1.773899
1.179692 -1.185060 -1.788201
1.149061 -0.471903 -1.793841
1.173379 -0.397540 -1.757267
1.223937 -0.386121 -1.050653
1.232526 -1.087239 -1.026460
1.196350 -1.090613 -1.043258
1.879945 -0.994405 -1.049833
2.544158 -0.264900 -1.011455
2.561580 -0.268741 -1.615516
1.888218 -0.316228 -1.629316
1.858778 -0.311086 -1.672275
1.872543 -0.241035 -1.656608
1.927133 -0.218229 -1.573047
1.984918 0.342367 -1.513640
1.998775 -0.335250 -1.537133
2.614304 -1.510376 -1.582320
1.964587 -1.470634 -1.554420
2.047821 -0.884826 -1.471203
2.102937 -0.951045 -1.442662
1.472778 -1.625428 -1.513147
0.800330 -0.982393 -1.570572
1.509580 -0.938276 -0.851483
1.540434 -0.956541 -0.130254
1.533144 -1.007119 -0.136144
1.491697 -1.663110 -0.213871
1.473056 -1.629924 -0.269596
2.149819 -0.978364 0.380914
0.175432 -1.022907 0.427987
0.153897 -1.717242 0.448887
0.141717 -1.757384 0.423530
0.193783 -2.354137 1.058148
-0.414188 -2.329618 1.106750
0.240853 -2.356799 1.178172
0.160402 -2.408769 1.210214
0.795098 -2.433041 0.526842
0.835228 -2.389512 0.522142
0.830201 -2.965584 -0.097377
0.755589 -2.305911 -0.037791
0.054396 -2.331728 -0.025613
0.073605 -2.347025 0.037485
0.137832 -2.320056 1.283170
0.172139 -2.881640 1.296761
0.791415 -2.286469 1.322344
-0.508292 -2.308637 0.711464
-0.482108 -3.581987 -0.537308
-0.448136 -3.566522 -0.550052
-0.443623 -2.907463 -0.550841
-0.483832 -2.890343 -0.552293
-0.541231 -2.292451 -0.576553
-0.600661 -2.889938 -0.609978
-1.239364 -3.510206 -0.010237
-0.577684 -3.478365 -0.004832
-0.554063 -3.457544 0.014001
-1.831005 -3.437652 0.007853
-0.589451 -3.482829 -0.012253
0.092933 -3.512050 -0.723500
0.083129 -3.476096 -0.723052
-1.199000 -2.771416 -0.701959
-1.189697 -3.375400 -0.697133
-1.182400 -2.231261 -0.056906
0.158479 -2.283658 -0.071369
0.217454 -2.239103 -0.036436
0.267293 -2.162144 0.046329
0.275012 -2.814902 0.078846
0.269553 -2.914617 0.081205
0.299788 -1.677862 0.698487
0.361639 -1.662538 0.074891
1.053411 -1.004104 0.096136
0.355915 -2.229987 -1.172236
0.319893 -2.852043 -1.146614
1.533420 -2.235157 -1.822827
2.261060 -2.181076 -1.806228
1.701181 -3.370919 -1.766132
1.739324 -3.955465 -1.096236
1.051658 -3.308454 -1.116916
1.034569 -3.302613 -1.173899
1.055239 -3.272073 -1.215821
1.050048 -3.213519 -1.206389
0.365458 -2.530191 -1.822150
0.289655 -2.531189 -1.206027
0.268110 -1.297112 -1.872785
0.330975 -1.322052 -1.232939
0.388716 -2.605610 -1.180498
0.370941 -2.621703 -1.123496
0.941971 -3.277033 -1.116821
0.929214 -3.303099 -1.794435
0.985619 -2.681847 -1.799406
1.033913 -2.683264 -1.763765
1.015274 -2.696112 -1.723919
0.320575 -2.713800 -1.712445
-0.349259 -2.720354 -1.718516
-0.313396 -2.726610 -1.719239
-0.123181 -2.736221 -1.712195
-0.734262 -2.746225 -1.722280
-0.756840 -2.733951 -1.752752
-0.781301 -2.697554 -1.782393
-2.689254 -2.636383 -1.814202
-2.672707 -1.955237 -1.836720
-2.735156 -1.244350 -1.840653
-2.829650 -1.191342 -1.828082
-1.008951 0.148007 -1.801882
-0.393719 0.134617 -1.794667
-0.398626 0.086925 -1.808688
0.232281 0.040725 -1.822558
0.216645 0.023480 -1.818829
-0.455229 0.016864 -1.794778
-0.465228 0.007213 -2.446541
-0.465360 -0.646403 -2.493102
-0.458681 -0.638710 -1.876916
-1.726672 -0.623135 -1.251780
-1.728034 -0.642664 -1.237883
-1.721163 -0.702562 -1.257034
-1.062050 -0.154261 -1.306792
-1.013988 -0.177640 -0.110123
-1.596176 0.465895 -0.095760
-1.581298 -0.140403 -0.071865
-2.216618 -1.434807 -0.755552
-2.217491 -1.409929 -0.821815
-2.196452 -1.325796 -0.821784
-2.203330 -0.595248 -0.776765
-1.587772 -0.591279 -0.758171
-1.655920 -0.616942 -0.805054
-1.664066 -1.232122 -0.856912
-1.004943 -1.170910 -0.209216
-1.004698 -1.133756 -0.789340
-1.061432 -1.158454 -1.404887
-1.111392 -1.826142 -1.445549
-1.723923 -1.823682 -1.497970
-1.679758 -1.128553 0.418923
-1.014887 -1.096133 0.483310
-1.055154 -1.117282 0.512664
-1.060060 -1.143286 0.495862
-0.986870 -1.128236 0.495170
-0.917159 -1.093410 1.835900
-0.911919 -1.103885 1.870995
-1.600620 -1.178110 1.890024
-1.630636 -1.248648 1.898301
-1.590825 -1.257286 1.336803
-1.582860 -1.227106 1.372849
-1.014764 -1.224806 0.771019
-1.796769 -1.246062 0.790960
-1.812868 -1.246465 0.794929
-1.733608 -1.805286 0.801676
-1.693469 -1.165293 0.808177
-1.752903 -0.576462 1.441487
-1.177350 -0.024472 1.429860
-0.518365 -0.698226 1.420836
-0.458388 -0.680849 1.415457
-0.473024 -0.657004 1.404820
-1.797903 -0.646789 1.396193
-2.452089 -0.631296 1.392169
-2.434353 0.031976 1.407543
-2.394904 0.069802 2.034341
-2.382352 0.076644 2.024722
-2.399363 0.063153 2.007588
-3.050444 -0.583929 1.370485
-3.041655 -0.555415 1.376145
-3.049325 -0.554942 1.393972
-3.089669 0.081659 1.423642
-3.775900 -1.220053 1.448962
-4.446321 -1.197392 1.446238
-4.463808 -1.153496 1.428109
-4.482688 -1.156872 0.796548
-4.480864 -0.583287 0.816169
-4.455940 -0.654336 0.830326
-4.441885 1.227936 1.449796
-4.471849 0.614383 1.412482
-4.515343 1.226654 1.394825
-3.878036 1.830573 1.382739
-3.861539 1.807097 1.341174
-3.876318 1.162684 1.277633
-3.312400 1.189164 1.223357
-3.371136 1.178456 1.869046
-2.683355 1.137926 1.876006
-2.606328 1.774521 1.873975
-2.564325 1.203206 1.845745
-2.596236 0.617524 1.810894
-2.633483 1.268992 1.809963
-2.621541 0.640750 1.833393
-2.578617 -0.610257 1.862334
-2.574317 -0.579822 1.207881
-3.261195 -0.548783 1.226874
-2.645731 -0.561016 1.275819
-2.008165 -1.194867 1.974729
-2.564801 -1.218786 2.045195
-2.519916 -0.643450 1.452057
-2.507072 -0.016146 2.091193
-3.109146 1.177073 2.109103
-3.074978 1.780951 2.127737
-3.053609 0.528451 2.128988
-3.076414 0.497342 2.756538
-3.107750 1.056287 2.752750
-2.457124 0.990541 2.781182
-2.422852 1.586518 2.828486
-1.774447 1.626184 1.590685
-1.784186 1.659708 2.215051
-1.787333 1.664374 2.242188
-1.745072 1.687033 2.258592
-1.677068 1.747687 2.249215
-1.637084 1.819588 2.214559
-1.637891 1.840980 2.188701
-1.634948 1.217645 2.204041
-1.613183 1.213946 2.241408
-1.582650 0.648653 2.268855
-2.222195 0.738711 2.278748
-2.202074 0.777051 2.309771
-2.167065 0.164931 2.377276
-1.517850 -0.458345 2.425431
-1.503412 0.212448 3.099965
-2.166282 0.225018 3.026333
-2.199764 0.176936 3.634986
-2.246637 0.100700 3.652140
-2.306799 0.050716 3.670040
-2.378118 0.056355 3.633876
-2.447158 0.681568 3.565007
-2.467051 0.687057 3.544931
-2.452938 0.677820 2.900509
-2.441723 0.676083 2.891860
-3.072375 0.690220 2.810198
-3.093936 1.347842 2.685947
-2.478473 1.352220 2.604451
-2.479408 1.350050 2.586539
-3.102324 1.342130 2.563148
-3.133846 1.327759 2.513230
-1.930439 2.569878 2.475913
-1.897739 2.602127 1.129568
-1.845496 2.643817 1.117319
-1.814717 2.659051 0.501100
-1.790312 2.007626 0.480346
-1.748430 1.983034 0.466155
-1.709206 3.235695 1.078764
-1.695636 3.237508 1.086512
-1.713552 3.813386 0.518800
-2.375554 3.734678 -0.035175
-2.427803 2.434269 -0.004879
-2.430741 2.426073 -0.651124
-2.383635 2.465726 -1.208037
-2.345052 0.597853 -1.165156
-2.329358 0.621965 -1.138669
-2.308960 1.241317 -0.562096
-2.287656 1.191286 -0.630567
-2.270832 1.156979 -0.671989
-2.278031 0.475178 0.697138
-2.287172 0.480281 1.417139
-2.260538 0.465414 1.406105
-2.203363 -0.127533 1.360147
-1.502000 -0.079187 1.332117
-1.444225 0.635954 1.355739
-2.043311 0.661821 1.393973
-2.668419 0.656811 1.392763
-2.673636 0.647734 1.382796
-2.701596 1.259626 1.393497
-2.741674 1.247075 1.460105
-2.776783 0.557849 1.544318
-2.147350 -0.075484 1.561848
-2.141828 0.542314 0.849843
-1.522142 0.560112 1.447802
-1.522644 0.544677 1.494896
-1.524657 0.505387 1.567086
-1.536362 0.502171 1.584993
-1.570382 0.553670 0.931609
-1.604208 1.206914 0.891967
-1.000406 0.574870 0.917536
-0.989636 -0.087998 0.983362
-1.622844 0.050240 1.013798
-1.627593 0.796464 0.986410
-0.336839 0.248866 2.236350
-0.288471 0.253801 2.226797
-0.258958 0.232929 0.989493
0.362622 -0.428837 -0.225927
-0.278888 -0.425995 0.325681
-0.260839 -0.430170 0.867308
-0.245646 -0.463984 0.239711
-0.895248 -1.116310 0.242551
-1.552111 -1.106914 0.252269
-0.905845 -0.504296 0.187939
-0.258053 -1.155844 0.122759
0.366851 -1.204829 0.142790
0.350202 -1.260842 0.185085
-0.376133 -2.514250 0.863155
-0.456824 -1.276289 -0.401257
-0.524476 -1.922221 -1.125232
-0.562373 -3.866123 -1.126976
-0.580280 -3.905304 -1.111857
-1.208651 -2.604064 -1.103238
-1.225445 -1.363370 -1.719402
-0.606882 -1.416796 -1.720259
-0.604238 -1.488239 -1.718565
-0.573765 -2.755365 -1.711731
0.089709 -2.082678 -1.703921
-0.581766 -2.681152 -1.697329
-0.624906 -1.462317 -1.707617
-0.617360 -2.101795 -1.725744
-0.564750 -2.070703 -1.748907
-1.145974 -1.342429 -1.779512
-1.182256 -3.182930 -1.797629
-1.860866 -3.210989 -1.815418
-2.466443 -3.220784 -1.827543
-2.387282 -3.170736 -1.856123
-2.321296 -3.095084 -1.890523
-2.318778 -3.061955 -1.908829
-1.702786 -2.451362 -1.925646
-1.695533 -3.127792 -1.281755
-1.621575 -3.110664 -0.737599
-1.564122 -2.510503 -0.795218
-1.607406 -2.522897 -2.069855
0.122533 -2.564459 -2.062365
0.757414 -1.994580 -2.079856
0.796957 -0.711977 -2.131049
0.825389 -0.740991 -2.793178
0.801027 -1.381117 -3.442789
0.127322 -1.960473 -3.420420
0.111034 -1.981204 -3.435073
0.149479 -1.434317 -3.463362
-0.486374 -0.793018 -3.459269
0.100418 -0.729490 -4.055797
0.051343 -0.750181 -4.041629
0.035543 -0.196678 -4.049780
0.065378 -0.238271 -4.053574
1.413765 -0.807577 -4.025398
0.746288 0.473840 -2.681255
0.099601 0.494574 -2.670427
0.100470 1.072042 -2.028607
1.384866 0.435343 -2.651092
1.437764 0.468721 -1.319650
2.096617 0.508987 -1.304469
2.048866 0.512150 -1.292875
2.026796 -0.099503 -1.291544
2.064541 -0.092569 -1.282696
2.125638 -1.241734 -1.256987
0.836223 -1.913504 -1.225019
0.811931 -1.941223 -0.555355
0.812366 -1.324039 -0.565372
0.868902 -1.931554 -0.572473
0.936126 -1.905651 -1.830826
0.308356 -1.280422 -1.247306
0.972733 -1.317229 -1.286731
0.952620 -1.990874 -1.319166
1.659477 -1.975596 -1.971855
1.724423 -1.944123 -2.593853
0.354740 -1.919756 -2.594198
0.274774 -1.916428 -2.624614
0.270037 -1.927575 -2.641393
0.339831 -1.913925 -2.624557
0.391067 -1.873133 -2.600619
0.973483 -1.842010 -2.598479
0.904806 -1.854681 -2.630868
0.903409 -0.651289 -2.652530
2.203379 -0.670748 -2.646933
2.277724 -0.646699 -1.976307
1.635228 -0.607499 -1.977993
0.988142 0.012089 -2.015606
0.341047 -0.654514 -2.052160
0.412805 0.003416 -2.068291
0.469164 0.076059 -1.395400
0.459955 0.137788 -0.756286
0.433067 0.758585 -0.769197
0.444185 0.070160 -0.765950
1.105307 0.060915 -0.754399
1.163061 0.104855 -0.754444
1.186051 0.118383 -0.768007
1.803266 0.691897 -0.786109
1.798305 -0.575645 -0.792224
2.445631 -0.536094 -0.779288
0.645423 -0.411911 -1.361729
0.569590 -0.428102 -2.640700
1.134708 0.130682 -2.615091
1.076652 0.766318 -2.617205
1.059576 0.185030 -2.596428
1.056684 0.200888 -2.531816
1.037297 0.894707 -2.468564
1.665281 1.492562 -2.462499
1.637583 0.153086 -2.498628
0.971423 0.162294 -2.632925
0.985209 0.187176 -2.649434
0.944899 0.201502 -3.369395
0.868809 -0.461698 -3.412405
0.812401 -1.145149 -2.767655
-0.401762 -1.179793 -2.785936
-0.398797 -1.180537 -2.758931
-0.442957 -1.187143 -2.730562
-0.505531 -1.266790 -3.948847
0.808986 -0.733983 -3.323414
1.527221 -1.396397 -3.320073
1.580700 -1.323314 -3.315304
1.554671 -1.862035 -3.987101
1.465283 -1.253565 -2.708670
1.392306 -0.709382 -3.406456
1.385659 -0.748877 -3.368559
1.395088 -0.051485 -4.663180
1.977762 -1.831113 -5.256310
1.903212 -2.477814 -4.581597
1.194718 -1.896181 -5.210820
0.612531 -1.869144 -5.833763
0.694164 -2.380635 -5.859831
0.733634 -2.284953 -5.879669
0.710655 -2.279956 -5.882590
0.688177 -1.709884 -5.871268
0.704841 -1.723285 -5.178297
0.109435 -1.698895 -5.174639
0.149579 -2.312492 -5.139782
0.151318 -3.023500 -5.068846
0.136698 -2.439497 -5.003172
0.123449 -2.473926 -4.994246
0.123452 -3.101395 -5.037458
0.124494 -2.438051 -5.077499
0.120325 -2.463239 -5.077339
0.777776 -2.508918 -5.057404
0.736043 -2.545130 -3.205210
0.724860 -2.574880 -3.252103
0.743294 -1.993940 -3.285842
0.782063 -2.042888 -3.275404
0.143809 -2.745120 -3.258399
0.146371 -2.755232 -3.302771
0.160768 -2.726821 -3.393782
0.191405 -2.686671 -3.486877
0.240788 -2.652348 -3.518645
0.281949 -1.429185 -3.495148
0.312101 -2.012396 -2.785488
0.345977 -1.969907 -2.716251
0.379319 -1.958388 -2.717775
-0.242523 -1.951235 -2.765189
-0.256201 -1.912262 -2.766821
-0.262128 -1.850219 -3.268060
-0.246920 -1.791421 -3.207323
-0.237116 -1.745533 -3.236029
0.373846 -1.700655 -3.307416
0.306459 -1.656240 -3.305852
0.283286 -1.632835 -2.588650
0.309883 -1.646038 -1.889451
0.349118 -0.391936 -1.946878
0.345553 0.242689 -2.043974
-0.333978 -0.419111 -0.801729
-0.374892 -0.482221 -0.736172
-0.387536 -1.169794 -0.700409
-0.373794 -1.163248 -0.743881
-0.382061 -1.149973 -0.808805
0.893219 -1.188612 -2.019662
1.448566 -1.260119 -1.900316
1.480893 -1.308706 -1.833441
1.549934 -1.298351 -1.857080
1.559969 -0.628792 -1.892784
1.536694 0.060243 -1.242563
1.450273 0.049392 -1.144322
1.447833 0.040366 -1.106381
1.496500 0.082261 -1.150499
1.492989 0.155078 -1.206452
1.423663 -0.417043 -1.190084
0.091762 -0.436499 -1.150182
0.136956 -1.679792 -1.164483
-0.472810 -1.685489 -1.232610
-0.512593 -1.679278 -1.296772
-0.598484 -2.297331 -1.300353
-0.632312 -1.721725 -1.267563
-1.231207 -0.547120 -1.259824
-1.187594 -1.220569 -1.310092
-0.566588 -1.254661 -1.385016
-1.231375 -1.243272 -1.409887
-1.909241 -1.248287 -1.373946
-1.869360 -1.307174 -1.351693
-0.561505 -0.761225 -0.724343
-0.583390 -1.468922 -1.433292
-0.655475 -1.471750 -1.438645
-0.069163 -1.495176 -1.380816
-0.024272 -1.551770 -1.350695
0.019383 -2.238386 -1.379386
-0.607373 -2.226637 -1.444359
-0.668471 -2.131226 -1.463691
-0.673783 -2.054048 -1.419336
-1.855510 -2.047011 -0.742575
-1.133160 -2.059387 -0.749517
-1.762865 -2.030989 -0.813926
-1.217757 -1.946362 -0.839636
-1.261956 -1.894570 -0.795872
-1.235591 -1.242698 -0.777911
-1.776173 -1.252781 -0.796296
-1.811256 -1.204128 -1.496450
-1.243058 -1.086187 -1.522030
-1.274924 -1.047749 -0.857073
-1.230605 -1.106750 -0.149109
-1.182823 -1.829118 -0.180042
-1.935343 -1.819186 -0.265008
-1.965245 -1.079169 -0.266328
-1.374758 -0.452991 -0.180023
-1.350996 -0.511250 -0.121057
-1.937114 -1.264241 -0.156989
-1.903818 0.019534 -0.869539
-1.880855 0.142788 -0.839225
-1.845334 -0.411528 -0.745549
-3.097607 -0.446345 -0.701497
-3.054969 -0.556889 -1.402158
-2.392221 0.002298 -0.813758
-2.987754 0.070108 -0.814506
-3.645541 -3.121653 -0.750880
-3.681250 -3.186284 -0.727169
-3.685004 -3.297725 -0.767689
-1.719520 -2.695803 -0.787185
-2.344767 -2.637482 -0.735222
-1.738892 -2.599126 -0.634667
-1.785318 -2.051189 -0.583114
-1.170629 -0.918162 -0.593937
-0.508662 -1.577246 -0.602238
-0.540901 -0.950139 -1.193515
-1.246612 0.355740 -1.122939
-1.342282 0.298564 -1.108932
-1.402059 0.269461 -1.138430
-1.414936 0.311534 -0.494506
-1.402588 -0.850088 -0.466953
-1.403984 -0.863938 0.213877
-2.071039 -0.876426 0.204025
-2.654562 -0.904454 0.143081
-2.587745 -0.890627 0.084043
-2.529496 -0.852653 0.072117
-3.208884 -1.508917 0.091000
-3.230068 -1.544290 0.095244
-1.315633 -2.214520 0.053549
-1.268116 -2.201135 0.002889
-1.219681 -2.124592 -1.317206
-1.224451 -2.042978 -1.291240
-1.887040 -1.404241 -1.236195
-3.187889 -1.427553 -1.246047
-3.190876 -1.436272 -1.307394
-3.193472 -1.409664 -1.339641
-3.259734 -1.385971 -1.305752
-3.309937 -1.412881 -1.258812
-3.296373 -0.883717 -1.917579
-2.022757 -0.264044 -1.990029
-1.390616 -0.239319 -2.022259
-1.428149 1.123138 -1.963558
-0.831061 1.088828 -1.865071
-0.849340 1.673401 -1.825182
-0.876923 1.604547 -1.851822
-0.892232 1.582447 -1.877086
-0.222767 1.592321 -1.856350
-0.207040 0.960389 -1.819613
-0.842060 0.975356 -3.151557
-0.840499 1.017808 -3.205275
-0.818238 1.696822 -3.247430
-0.794430 1.707416 -3.264176
-0.161944 1.690759 -3.245442
-0.836421 1.014528 -3.240910
-0.213481 2.264546 -3.282818
-0.184175 0.974486 -2.741197
-0.131962 0.961685 -2.803494
-0.744969 0.982165 -2.816809
-0.136330 1.019859 -2.818171
-0.741262 0.420826 -2.852365
-0.666245 -0.191367 -2.918621
-0.591311 -0.161716 -2.952134
-1.201389 -0.748395 -2.902660
-2.477332 -0.130668 -2.839008
-1.817430 0.424607 -2.185184
-1.718632 0.339535 -2.249531
-1.642802 0.308501 -2.957899
-1.642348 0.343964 -2.945234
-1.682531 0.392949 -2.920673
-1.063557 -0.193366 -2.939002
-1.008029 -0.816717 -2.380844
-0.366768 -0.766707 -3.021000
-0.402578 -0.725347 -2.967827
-0.463967 -1.393239 -2.279715
0.174423 -0.833903 -2.253998
0.222399 0.378321 -2.945586
0.838915 0.999171 -2.990590
0.209907 1.050056 -2.989999
0.191466 1.049053 -2.343602
0.793314 1.015052 -2.333530
0.176037 -0.186044 -2.354325
0.180856 -1.347646 -1.706602
-0.455348 -1.314754 -1.007818
-0.501819 -1.390665 -0.897030
-0.537357 -1.485220 -0.864675
-0.537912 -0.871870 -0.876588
-0.505626 -0.819920 -0.253568
-0.477307 0.440683 -0.865107
-0.461942 0.374667 -1.452451
0.145197 0.307223 -2.090080
0.168513 0.319510 -1.507243
0.214711 -0.211861 -1.529220
0.256017 -0.182459 -1.540782
0.936414 -0.247887 -1.518839
2.218520 0.275367 -2.078106
2.261920 0.248775 -2.079045
2.308524 0.255432 -2.129317
2.354490 0.247197 -2.167345
1.732663 -0.406028 -2.139650
2.958465 -0.406723 -2.081045
2.943017 -0.418923 -2.049657
2.935144 -0.974706 -2.076576
1.705375 -0.924621 -1.443050
1.053932 -0.242449 -1.382190
-0.263225 -0.222443 -1.324208
-0.974975 -0.227569 -0.689804
0.306365 -0.878114 -1.330653
0.280020 -0.872063 -1.325104
0.897948 0.408250 -0.687531
0.878120 0.432329 -1.332278
0.901633 -0.800918 -1.347178
0.925649 -0.104091 -0.719806
-0.301521 -0.070604 -1.921506
-0.327943 0.601824 -1.290922
-0.329177 -0.062991 -1.318348
-0.310142 -0.134118 -1.963794
-0.303344 -0.187111 -2.012168
-0.344705 -0.816610 -1.426434
-0.377554 -0.138584 -2.117215
-1.021916 -1.437813 -2.761774
-1.034877 -0.277427 -2.742861
-0.464598 -0.360135 -2.716102
-1.176628 0.314968 -2.096714
-1.251934 -0.874228 -2.136022
-0.654403 -0.882699 -2.174578
-0.664584 -0.367598 -2.180751
1.838501 -0.420359 -2.781713
1.185668 0.301516 -2.813147
1.168955 0.365162 -2.246922
0.575128 0.288357 -2.241756
0.600875 0.200300 -1.539990
0.009772 0.807184 -1.495208
-1.165462 0.858730 -1.506534
-1.770201 0.310013 -0.923630
-0.414709 0.930384 -1.531702
-0.355159 1.523445 -1.477382
-0.342286 1.502943 -1.474940
-0.344765 1.549297 -2.188152
-0.333829 1.576983 -2.890254
-0.285948 0.300002 -2.879120
-0.268892 0.285648 -2.182442
0.312920 0.317570 -2.146844
0.294179 0.976528 -2.784145
0.951251 1.030915 -2.777716
1.621965 0.364981 -2.716989
1.000785 -0.274370 -1.997865
0.936630 -0.279270 -1.993438
0.287692 -0.895445 -1.427640
1.003809 -0.919022 -2.068072
1.131136 -0.974660 -2.022314
0.484097 -1.663489 -1.292982
0.436434 -1.693678 -0.651829
0.444486 -1.046461 -1.274941
-0.090404 -0.422789 -1.293152
0.598334 -0.440742 -1.285990
0.551440 -0.463610 -1.250014
0.463992 -0.462549 -1.239108
0.449725 1.419296 -1.905537
1.166401 1.457120 -3.244400
0.554131 1.526342 -3.241879
-0.114115 1.577203 -2.504369
-0.195456 0.965707 -3.068594
-0.227390 0.947245 -3.082442
-0.195024 -0.257764 -3.170223
-0.179696 -0.828979 -1.884878
-0.233846 -0.803221 -0.604734
-0.292998 -0.820074 0.015641
-0.940654 -0.145223 -0.030722
0.416828 -0.109157 -0.781969
1.012810 0.535176 -2.143272
0.935322 1.155867 -1.437640
0.905294 1.117263 -1.399298
-0.296075 1.105716 -2.021258
-0.250703 1.151826 -2.720582
-0.285334 1.814240 -2.053975
-0.362482 1.798740 -2.695148
-0.360004 1.757860 -2.684566
-0.297388 1.755168 -3.366460
-0.931453 3.113975 -4.052969
-1.629143 3.766925 -4.709632
-1.017444 3.098262 -2.692210
-0.962854 1.240616 -2.623618
-1.567849 1.298742 -1.982591
-1.586586 1.230503 -2.032769
-1.689993 1.211598 -2.095130
-1.126698 0.618451 -2.090759
-1.753431 0.638890 -1.391499
0.822335 0.627726 -2.020771
1.506889 0.599899 -2.728553
1.446103 -0.080235 -2.735874
0.106021 -0.729540 -2.061348
0.174415 -0.140111 -1.972208
0.270158 1.049873 -1.915587
-0.348348 1.009644 -2.622882
-1.027542 1.618282 -3.333245
-1.132778 1.631710 -2.643636
-0.422981 1.641314 -3.256427
0.247652 1.626188 -3.206539
0.209336 2.272293 -3.885628
0.786994 2.261285 -3.884735
0.773163 2.257689 -3.836753
0.832367 2.237057 -2.461763
0.216019 2.199838 -2.416021
1.519983 2.172468 -2.423290
1.458297 2.156241 -2.468140
1.411515 2.136831 -2.517409
0.121974 2.114781 -2.555642
0.099529 2.118690 -2.590670
0.063385 2.160106 -3.275986
0.732904 2.818921 -3.263547
1.387135 2.197892 -3.871165
2.032884 2.223259 -3.857657
2.031481 2.265821 -3.876809
2.013166 1.660329 -2.604916
2.013553 1.722711 -2.585597
0.755167 2.385988 -1.928246
1.431470 2.362024 -1.967748
0.214229 2.372197 -1.987251
0.246457 2.430445 -1.978799
0.274333 2.519459 -1.975092
0.339256 2.492347 -1.380596
1.056563 2.447223 -1.409106
1.091866 3.104269 -1.420894
2.283541 3.164313 -1.400392
2.842953 2.514826 -1.372684
2.817485 1.841908 -1.380214
2.828385 1.761692 -0.763567
2.816311 3.001726 -1.458409
2.766072 3.089064 -1.412784
3.366214 1.855422 -1.367149
2.746675 1.165883 -0.695327
2.802546 1.090956 -0.756069
3.496557 1.122243 -1.445911
2.844668 1.223615 -1.408015
0.808346 1.266819 -1.364165
0.788030 0.602661 -0.762825
0.810279 0.536669 -0.820916
0.181467 0.557043 -0.211108
-0.488123 0.609180 -0.813206
0.128017 0.602962 -0.783724
1.454161 2.365025 0.472814
1.544932 1.657578 0.421030
1.568627 1.087835 0.422413
2.113607 1.105063 1.157248
2.714227 1.051874 -0.063959
2.047625 1.678120 -1.893271
2.058174 1.655283 -1.986034
2.009974 1.680420 -1.321934
1.920601 2.299706 -2.590566
3.108094 4.204117 -2.576381
3.151074 3.578941 -2.623329
4.440799 1.549331 -2.006910
3.823085 2.262870 -1.991384
3.789890 2.429433 -1.943259
3.105169 2.447212 -1.930394
3.726891 2.452753 -1.946277
4.367488 2.458046 -1.966929
3.714860 2.466103 -1.974654
3.654085 2.476397 -1.972314
2.989482 2.492378 -1.993609
3.041059 2.508993 -1.357273
3.106633 2.533089 -0.708368
3.138236 2.548344 -0.706837
3.140733 3.198258 -0.705604
2.488076 3.165987 1.710055
2.493319 3.133101 1.078638
2.503772 3.113409 1.102387
2.496230 3.745185 1.152740
1.797179 3.075384 0.511090
0.547203 3.086658 0.554807
0.582253 3.130103 -0.038328
0.661993 3.182873 -0.649650
0.704002 3.236621 -0.636614
0.680355 3.297716 -1.291974
0.631637 3.346239 -0.036393
1.229627 3.355292 -0.631645
1.249695 3.323856 0.054968
1.246251 3.302308 0.059187
1.196084 3.325977 0.641125
1.135598 1.465284 0.613779
0.491887 1.515950 0.603957
-0.739096 1.524495 -0.641785
-0.702282 1.525409 -0.673386
-0.760237 1.554365 -0.731544
-1.450239 1.576310 -0.802732
-1.427135 2.136417 -0.830086
-1.360031 2.035719 -0.803125
-0.722640 1.944274 -0.775769
-0.765943 1.929609 -0.163045
-0.795272 1.953158 0.393677
-1.415150 1.921120 0.375310
-1.354275 0.587518 1.048284
-0.678815 0.503138 1.131040
-1.341541 1.163156 0.489748
-1.348157 1.210500 0.428811
-0.652734 1.207270 -0.206132
-0.685893 1.164503 -0.094372
-0.736918 1.173805 0.006953
-0.786068 1.275507 -0.632692
-0.767802 1.387856 -0.079313
-1.310974 1.413329 -0.695225
-1.280019 2.026337 -0.620452
-1.296327 2.008810 0.069425
-0.702240 2.034381 0.634915
-0.663937 2.043650 0.553814
-0.616466 1.991031 0.572070
-0.592028 1.916459 0.665948
-0.615049 1.245124 0.051846
-0.650780 1.295764 -0.007619
-0.636864 0.729095 -0.079689
-0.560254 -0.516037 -0.062993
-0.506344 -0.494036 0.622605
-0.522210 -0.472345 1.840797
-0.574090 -1.792319 1.094691
-0.583187 -1.854408 1.024977
0.092075 -1.909153 1.062052
-0.549661 -3.189033 1.140756
0.643666 -2.600133 0.521189
-0.055603 -2.616171 0.494528
-0.086237 -2.638452 0.508385
-1.392404 -2.650029 0.586269
-1.999440 -2.641944 0.620710
-2.058305 -3.255826 1.848606
-2.798124 -1.994519 1.125352
-2.800291 -2.075402 1.102943
-2.764238 -2.128426 1.158944
-2.769982 -2.133707 0.572637
-2.817864 -2.121587 0.549628
-2.852234 -0.872206 0.515291
-2.820151 -1.502257 0.585690
-2.763764 0.485748 0.037364
-2.065582 -0.734247 0.049029
-2.090333 -0.676546 -0.005713
-2.099786 -0.053016 -0.066567
-2.076751 -0.073349 -0.055420
-1.442236 -0.043678 0.619002
-0.824829 0.013416 1.264631
-0.863552 1.366886 0.615003
-0.265895 0.756194 0.584877
-0.245329 0.736934 0.627893
-0.231760 0.740486 0.718006
-0.252078 1.418082 1.369464
-0.273047 2.077471 1.339552
-0.856088 2.050298 0.637855
-0.806430 2.002656 0.653477
-0.799468 1.982826 0.120308
0.413727 1.993241 0.836628
1.061889 0.718212 0.812045
1.114066 0.691175 0.159992
1.172724 0.683746 0.802168
1.144173 0.716227 0.842648
0.391113 0.111652 0.842411
0.335781 0.721331 0.781527
-0.324020 0.014598 0.718571
-0.290407 -0.012186 0.705403
-0.308815 -0.002158 1.375725
-0.339765 0.002234 0.741797
-0.340276 -0.039109 0.718872
-0.288462 -0.103966 0.682491
-0.231902 -0.123036 0.704491
-0.208752 -0.108476 1.934207
-0.204798 0.505371 1.922730
1.155747 0.450859 1.899904
1.187152 0.416119 1.299892
1.870902 0.422536 1.313967
1.842076 0.423373 1.332475
1.827744 1.085145 1.354622
0.623045 1.064397 1.375895
0.629519 1.082956 1.398005
0.621318 0.549465 1.417712
0.624394 0.604536 0.781826
0.655811 -0.025459 1.392697
1.332234 -0.699716 2.050971
1.307275 -0.682448 0.839887
1.242620 -0.659289 0.882007
1.199376 -0.679142 1.516333
1.199321 0.587172 0.903830
-0.063553 0.524616 1.477518
-0.103581 0.502467 0.810529
-0.181351 0.506641 1.410927
-0.226335 0.493343 2.011108
-0.210698 0.512115 1.965359
-0.192881 1.790703 1.350448
-0.242880 2.453292 1.955814
-0.308687 3.063090 1.377511
-0.313883 3.026342 1.401773
0.968793 2.982658 2.028358
1.593816 3.621980 2.008572
1.555080 3.614673 1.995080
1.535001 3.622280 2.007438
1.571524 3.016080 2.010961
1.634504 2.394905 1.995966
1.646261 2.397403 1.383181
1.609754 1.700378 0.130047
1.603851 1.686823 0.148067
1.642803 1.688855 0.809792
1.682334 1.066746 0.172671
1.658676 1.734539 -0.443494
1.605484 1.739317 -1.151540
1.600935 3.637107 -0.567342
1.664228 3.714877 -0.594575
0.471595 3.789567 -0.599852
0.456379 2.497503 -1.213293
0.382520 1.830103 -1.226128
0.343753 1.822494 -0.574762
0.378359 1.841124 -0.567998
0.420642 1.827872 -0.581494
0.413255 3.041099 -0.647054
0.372362 3.604906 -0.648883
0.368948 3.604687 -0.655470
0.419735 3.652217 -0.063422
0.464420 3.676925 -0.105450
0.455174 3.674847 -0.102782
0.414458 3.669653 -0.697178
0.402726 3.679037 -0.614345
0.422070 3.675811 -1.200193
0.430827 2.993394 -0.564579
0.427949 2.957121 -0.567187
0.429403 3.611302 -0.539946
0.437956 3.626067 -0.560434
0.455927 2.354626 0.696390
1.108779 2.362205 0.617207
1.119067 2.367877 0.563754
1.113795 3.004368 0.587689
1.115103 2.997052 -0.000466
1.119195 2.970975 0.033543
1.128838 2.924578 0.650195
1.147656 2.891490 0.619872
1.176749 2.182353 -0.030570
1.191771 2.225949 0.034245
1.193525 2.281267 -1.162688
1.218517 1.681935 -1.718805
1.246954 1.724031 -1.731909
1.255446 1.783957 -1.770314
1.232223 1.811840 -1.796318
-0.055810 1.798945 -1.192879
0.595262 1.736250 -1.198428
1.284545 2.347125 0.012481
0.689880 2.348111 -0.673305
1.322303 2.392834 -0.694250
1.319985 1.102770 -0.659568
0.082371 1.070947 -0.001525
0.140346 1.754654 -0.035089
0.167603 2.481066 0.500656
0.154830 1.917697 0.453943
0.159201 1.841413 0.468035
0.214539 1.700095 1.118913
-0.346319 0.308664 1.085529
-0.325252 0.366290 -0.237102
-0.383374 0.395371 -0.243558
-0.454324 0.359225 -0.159059
-0.528477 0.313961 -1.445820
-0.516816 0.338179 -0.791138
-0.517836 0.415326 -0.831648
-0.557330 0.454079 -0.210283
0.036700 0.397668 -0.813792
0.028332 0.319755 -1.389126
0.707765 -0.335179 -1.395613
1.357203 -1.507153 -1.416181
0.641673 -0.881244 -0.730807
0.556553 -0.912322 -0.644734
0.525701 -0.888441 -1.220229
-0.070271 -0.793443 -1.237956
-0.044353 -1.343210 -0.621484
-0.071300 -1.929168 -0.596348
0.548475 -1.957126 -1.220660
0.560451 -1.325111 -1.266417
0.015608 -1.316547 -0.687048
0.070504 -0.051779 0.457480
0.048686 -0.088045 0.461062
-0.002546 0.543222 0.473217
0.000191 0.577519 0.426524
0.074854 1.282421 0.352717
1.371942 1.318611 0.317304
1.376880 1.306493 -0.331907
-0.007871 1.257314 0.299120
0.028339 1.784938 0.225986
0.069062 1.708593 0.162947
-0.579164 0.397187 0.166480
-0.612952 0.951350 0.264950
-0.659224 0.927661 0.954330
-0.701427 0.933541 0.959146
-0.740376 0.371092 0.964637
-1.419313 -0.867691 0.970061
-1.441924 -2.164355 1.019623
-1.463582 -2.174820 2.332688
-1.485640 -2.165632 1.683930
-1.497385 -2.159185 2.266910
-1.497039 -2.164098 2.879916
-1.509002 -1.458692 2.926758
-1.538516 -1.384982 1.686469
-1.559200 -1.966201 1.701395
-0.921394 -1.232260 0.422217
-0.215237 -1.197060 1.018262
-0.206497 -1.191083 0.479330
-0.188768 -1.218111 0.469258
-0.150535 -1.908514 1.038576
-0.113286 -1.347097 0.989703
-0.112254 -0.236269 0.977459
-0.136866 0.398685 1.004511
-0.149099 0.417876 1.035608
-0.128282 -0.207194 1.037320
-0.102084 -0.179532 1.012396
-0.099965 0.461397 0.987784
-0.108463 0.462001 0.985780
-0.100029 -0.178139 0.986606
-0.067885 -0.222335 0.969639
-0.049239 -0.270774 0.926939
-0.067995 -0.316206 0.892722
-0.113989 -0.331150 0.920265
-0.139008 0.379682 0.376014
-0.115544 1.071999 -0.775595
