2.138082 0.805042 2.216601
2.157108 0.848466 2.202846
1.559832 0.849591 2.240740
1.558885 0.226301 1.595868
2.183285 0.223315 1.569726
2.141791 0.267252 2.850781
2.092123 0.322240 2.888838
2.063994 0.318328 2.352074
2.049429 -0.404405 2.968642
2.670621 -0.484360 2.927310
3.851110 -0.495931 2.880794
3.826523 -0.467642 3.484063
3.195361 -1.128058 2.881129
3.162021 -0.537745 2.870287
3.154320 -0.597462 3.435572
3.806696 -1.254154 2.108458
3.854730 -1.235311 2.125912
2.657877 -1.237724 2.163134
2.681549 -1.290172 2.142138
2.710364 -0.691736 2.082036
2.717186 -0.706265 2.041264
2.695241 -0.700503 2.062838
2.007877 -0.693059 2.096948
1.959701 0.579418 2.667216
1.934014 0.609856 2.635285
1.922444 1.305255 2.056911
1.910987 1.335684 2.767227
1.890015 1.349086 2.822168
1.867808 1.369022 2.818639
1.868170 1.419423 2.773080
1.890995 2.097733 2.737211
1.921165 2.117028 2.754118
1.321936 2.127215 2.791875
1.346016 1.509880 2.169487
1.362003 1.572416 2.782825
1.377956 1.615366 2.144068
1.401324 2.252176 2.163243
0.797148 1.616243 1.539083
0.829130 1.616267 0.869570
0.858079 2.879607 0.820500
0.871861 2.887126 1.374274
0.866306 2.243389 1.340618
1.457807 2.220937 0.720501
1.428794 2.217787 0.696492
1.411439 2.245924 0.667736
1.390245 2.255242 1.333177
1.352862 1.590079 1.361866
1.310004 0.902573 1.379418
1.292466 0.879829 2.047390
1.313942 0.268888 1.933470
1.334707 0.263824 1.255889
1.323353 0.190876 0.692722
1.282318 0.110035 0.723422
0.620094 0.719363 0.743184
0.632775 0.747628 0.766664
1.305019 0.750520 0.810381
1.905530 0.695662 0.150418
1.194383 0.633998 0.767789
1.176530 0.633823 0.777285
1.865536 0.690210 0.175911
1.251574 0.699000 0.177247
1.276067 0.626787 0.789333
1.305797 0.537050 1.421090
1.345467 0.511709 1.455887
1.370486 -0.713716 1.500774
1.360243 -0.712791 1.540578
1.321519 -0.785516 1.556557
1.297464 -0.876795 1.553783
1.298545 -0.878623 2.242717
0.638987 -0.787407 2.230708
0.620603 -0.709869 2.849089
-0.027179 -0.719753 2.869426
-0.049711 -0.170373 2.895833
-0.028867 -0.781702 1.663115
0.582738 -1.377310 1.709938
0.529418 -1.297515 0.462040
0.479735 0.004695 0.484276
0.473666 -0.072704 -0.771432
0.493866 -0.087934 -0.796938
0.502031 0.020185 -0.858852
0.493231 0.144451 -0.931039
0.502359 0.153434 -0.986164
0.554315 0.051113 -1.007770
1.234141 0.641223 -1.012265
1.846910 0.709700 -1.017714
1.212131 0.818359 -1.685571
1.208131 0.822154 -0.463875
2.424830 0.736437 0.245215
1.850365 0.717438 0.287165
1.890772 0.804524 0.299549
1.921987 0.881700 -1.635655
1.290176 0.857928 -1.649389
0.688461 0.782308 -1.607644
0.114283 0.764112 -0.926789
0.147533 0.826347 -0.890332
0.165680 0.879146 -2.108495
0.783832 1.430253 -2.079513
0.759373 0.758402 -2.020713
1.352340 0.767099 -1.383324
0.697632 0.822589 -1.420374
0.687090 0.203631 -1.547018
0.702580 0.182828 -2.200100
0.731474 0.158694 -1.577695
0.754652 0.166777 -1.566111
0.769708 0.844374 -0.952797
0.789814 1.498766 -0.338821
0.816911 1.477225 -0.306644
0.235724 1.437208 -0.278681
0.204793 1.408416 -0.308341
0.810115 4.014503 -0.392893
0.776257 4.003234 0.130746
0.747771 5.225069 0.144756
0.723845 3.903411 0.183942
0.695304 3.274616 0.180367
-0.543585 3.888902 0.821395
0.034894 3.255603 0.871801
0.012092 1.964539 -0.301381
-0.615489 0.675423 0.366910
-0.620487 0.648477 -0.294307
-0.639741 0.636857 0.276222
-0.673789 0.649012 0.250723
-0.702895 0.676215 0.258988
-0.703195 0.710755 1.485430
-0.685119 0.749523 1.468192
-0.682756 0.788315 0.892569
-0.711350 0.812521 -0.260388
-0.110613 0.219401 -0.166948
-0.126265 0.822351 -1.973004
-0.094353 0.191674 -2.001982
-0.140391 -0.406802 -3.251171
-0.230615 0.232297 -2.627697
-0.322073 0.226796 -1.997306
-0.995040 0.189783 -4.531559
-1.033024 0.169370 -5.182267
-1.060504 0.171663 -4.500364
-0.459116 1.399271 -4.409634
-1.109627 1.389696 -4.358771
-1.094036 0.098544 -3.769761
-1.055736 0.042435 -3.145691
-1.047611 0.023100 -3.171612
-2.345701 0.037623 -3.835017
-1.694780 0.031262 -3.904460
-0.980800 0.000512 -3.999122
-0.862077 -0.024881 -4.047317
-0.189559 -0.003101 -4.060754
-0.179309 0.660585 -3.435146
-0.171749 0.702748 -2.746604
-0.126421 0.085055 -2.769916
-0.082440 0.653980 -2.135576
-1.384533 0.682971 -1.519436
-1.439447 0.736183 -1.553625
-1.477662 0.745752 -3.517958
-0.822663 -0.601139 -2.344235
-0.812385 -0.621234 -2.368479
-0.203597 -0.593419 -1.071931
-0.265073 -0.552628 -1.648758
0.359502 -0.562655 -1.619301
0.433041 -0.613539 -0.998196
-0.183391 -0.632422 -1.001058
-0.218417 -0.601830 -1.022474
-0.300586 -0.575992 -1.016127
-0.345737 -0.600083 -0.412244
-0.330973 -0.642764 0.166313
-0.314944 -0.639322 2.013753
-0.324310 -0.587851 0.799369
-0.347547 -0.543613 1.487302
-0.319077 -0.549499 1.511488
-0.238942 -0.570918 1.492460
-0.170849 -0.542927 1.463992
-0.150206 0.142134 1.475478
0.414076 -0.451274 2.159007
0.421746 0.133080 2.126997
0.476021 -0.563784 2.045915
0.534666 -0.596876 2.011879
1.183000 -1.231709 2.075462
1.186099 -0.636517 2.160402
1.216456 -0.680254 1.553978
1.267768 -0.710786 2.132095
0.654950 -0.708084 2.100375
0.640078 1.125926 2.148546
0.612970 1.063421 1.005926
0.646222 0.991817 0.994634
0.649632 0.353959 0.913590
0.016333 0.364447 0.220639
0.632832 0.341954 1.505966
1.228620 0.282731 1.586409
1.163700 0.890455 0.940934
1.109877 -1.088282 0.881138
1.059600 0.232878 0.215876
1.664335 0.280336 0.261955
1.611726 0.305337 -0.274350
0.294821 0.321077 -0.333894
0.278183 0.338405 -0.424935
0.285463 -0.317618 -1.069327
0.961930 -0.301695 -1.040165
0.999574 -0.269024 -2.244409
1.630374 -0.214626 -2.268639
1.625789 -0.166164 -2.890004
1.625678 -0.755816 -2.296178
1.640924 -0.745830 -2.300769
1.669774 0.690176 -2.329699
2.336569 1.371224 -2.400271
2.329445 1.341791 -1.841695
2.314139 1.272598 -1.827648
1.676565 -0.035325 -1.786178
1.699914 -0.061276 -1.139705
1.712297 -0.066884 -1.128955
1.734478 0.543137 -1.077271
2.358843 0.541946 -1.000364
2.359160 0.531409 -0.969435
2.390238 1.179995 -1.008956
2.421463 1.174695 -1.693192
2.434224 1.177506 -1.691452
2.438110 1.175184 -1.036430
3.102816 0.528930 -1.034717
2.542467 0.531814 -1.074855
2.607696 0.574636 -1.067022
2.633229 0.649038 -0.976853
2.633583 0.712541 -0.207031
2.636584 0.077374 -0.212395
2.030486 -0.600713 -0.277661
2.031349 0.797331 -0.305177
1.392654 0.823191 -0.262032
1.405257 1.486437 -0.224861
1.425531 0.865653 0.392834
1.442104 0.841459 -0.334843
2.080927 0.814054 -0.981635
2.079279 0.165855 -0.913443
2.693835 0.212428 -0.853876
2.701802 0.234129 -0.875681
2.168455 0.227521 -0.941833
2.192976 0.891969 -0.326589
2.836566 0.881269 0.314561
2.841857 0.880605 0.317192
3.480585 0.219737 -0.942124
2.832968 -0.430681 -0.991423
2.794250 -0.460930 -0.990866
3.394414 -0.457386 -0.359565
2.789922 -0.433299 -0.962620
1.429106 -1.050664 -0.324841
1.389472 -1.070626 0.281672
0.724962 -0.454485 0.873904
1.326316 -1.649269 1.462365
0.045806 -0.440323 1.402892
-0.592006 -0.433671 1.387367
-0.648805 -1.035123 1.405059
-0.723742 -1.037704 0.789429
-0.781383 -1.012836 0.152296
-0.194740 -0.983293 0.161348
-0.223942 -0.966079 0.202675
-0.273775 -0.958584 0.268699
-0.319498 -0.954090 0.864412
-0.331774 -0.947189 0.797645
-0.307429 -0.956447 0.773954
0.319690 -0.359593 1.397180
0.300329 -0.340492 0.811480
0.285793 -0.339814 0.185301
0.288091 -0.322047 -0.431945
1.519435 -1.519435 -1.047663
2.126450 -1.566008 -0.998968
2.071057 -1.613034 -1.638692
2.029768 -0.398053 -1.072117
1.421585 -1.031049 -0.531885
0.200787 -1.033764 -0.552696
1.496908 -1.037841 -0.525245
1.489055 -0.376063 0.172040
0.282705 -0.344547 -1.051516
0.330147 0.285864 -1.084713
0.972779 0.931034 -1.724235
-0.295131 0.311115 -2.344311
-0.926601 0.292487 -2.964499
-0.897434 -0.305705 -2.334061
-0.839885 -0.288099 -1.046374
-0.754453 0.343324 -0.436768
-0.751108 -0.284136 0.204672
-0.763977 -0.301281 -0.465066
-0.123440 -0.289036 -0.501718
0.503055 0.329902 -0.535402
0.501133 0.342225 0.096833
0.493981 -0.273044 -0.533527
0.488119 0.300969 -0.518594
0.504855 0.919172 -0.502680
0.552475 0.935663 -0.419249
0.638234 0.942691 -1.057940
-0.557447 0.921830 -0.438154
-0.565347 0.884047 -0.471001
-0.600177 0.858501 -0.489524
0.028901 0.847159 0.128131
0.028305 0.850739 0.138883
-1.244648 0.849113 0.143349
-1.265032 0.831624 0.203823
-0.631380 0.832690 0.883435
-1.289814 1.511208 0.303023
-1.299575 1.539348 0.311112
-1.305020 1.549950 0.301562
-1.287527 0.193421 0.298047
0.133177 0.207463 0.301470
0.071637 0.858791 -0.968181
0.585450 1.492185 0.235913
0.501672 0.827746 0.900709
0.542768 0.843191 1.526802
0.623619 0.866018 1.560809
0.616720 0.879703 1.568677
0.521885 0.209811 0.908425
0.469919 0.847493 0.863775
1.119419 1.496275 1.489203
1.202044 2.071280 1.537823
1.219845 2.037726 0.972690
1.160745 1.396702 0.282225
0.505609 1.410227 0.290574
1.906395 2.065251 0.993968
2.593875 2.058427 -0.236481
2.623264 2.026341 -0.198546
1.943004 1.358387 0.411922
1.949568 1.311586 0.379870
1.380407 1.262232 0.371652
1.427741 1.230840 0.392437
1.387215 1.219899 0.391457
1.353324 1.220278 0.356858
1.313243 1.212519 -0.957651
1.328008 1.208707 -0.973324
1.370503 1.229632 -0.327552
2.074333 1.258272 0.320361
2.073625 1.280195 0.307692
1.492050 1.286896 0.306399
1.510143 0.645699 0.332467
1.507862 0.047638 0.358336
1.468574 0.066260 -0.258781
1.408347 0.078702 -0.289800
1.977329 -0.565863 -0.292149
2.597161 -0.610613 -0.900460
1.972016 -0.662562 -0.276001
2.606281 -0.045536 0.293722
1.278181 1.187820 -0.378745
0.709593 1.164178 -0.384947
1.319601 0.451541 -1.645928
1.997580 0.389631 -1.655629
1.330868 1.666855 -1.636738
1.276620 2.332006 -1.659841
0.586469 2.367998 -1.652480
-0.073259 2.344954 -1.642915
-0.080205 2.289519 -1.004500
0.551814 2.286832 0.164510
0.543569 2.353934 0.117324
0.545870 2.410356 0.129607
-0.059140 2.399103 0.848714
-0.058374 2.359315 0.876946
-0.061289 2.381482 0.879892
-0.029692 2.469872 0.255131
-0.029832 2.539631 1.513498
0.582800 2.542067 2.139481
0.574148 1.843715 2.156009
0.583441 1.836927 2.169292
1.219808 1.854118 2.179304
0.603128 2.507609 2.188868
-0.027980 2.431108 1.614293
-0.029806 2.328078 1.639602
-0.025813 2.266202 1.007118
-1.251980 2.255757 0.340206
-0.607723 2.258989 0.340466
-0.636192 2.253021 0.984619
-1.246249 2.246288 1.009054
-1.239772 2.260039 1.023209
-2.472286 2.280822 1.012700
-1.825750 2.274839 0.404065
-1.823868 2.240494 0.449847
-1.844142 2.208075 0.510823
-1.873151 2.200829 0.531337
-1.267702 1.595115 0.510811
-1.280011 1.650064 -0.125899
-0.008541 2.312008 -0.131588
-0.012665 2.307264 -0.127852
0.010352 2.300295 0.478338
0.667756 2.929505 1.091559
0.103293 2.940873 1.676402
-0.471668 2.920499 0.444540
-0.463351 2.881179 0.522698
0.142878 2.842119 0.550282
0.151627 2.841234 -0.115658
0.710955 2.878480 0.454721
0.074692 2.923450 -0.201856
0.058218 2.967805 -0.164526
0.064460 2.997438 0.485188
1.314757 3.010659 0.411392
1.370628 3.019041 0.355680
0.077146 2.426940 -0.219306
0.101214 1.170507 0.450536
-0.530431 1.153936 0.371409
-0.557931 0.510642 0.320887
0.032261 0.521341 0.266146
0.032278 1.165234 0.257329
0.058201 1.162406 0.256713
0.065431 1.134472 0.859750
0.038934 0.469633 0.802199
-1.238888 0.439984 -0.455965
-1.192168 0.397379 -0.433713
-1.761588 0.357893 -0.393718
-1.123732 0.951198 -0.373071
-0.551984 0.947697 -0.379766
-0.594001 0.949851 -0.379020
0.020416 0.942828 -0.345974
0.653110 0.982390 -0.314032
0.041559 1.593972 -0.319833
-0.543089 1.013599 -0.357018
-1.142930 1.015609 -1.612270
-0.483386 0.997138 -1.590270
-0.452948 0.993328 -1.539742
-0.447441 1.005054 -1.513854
-1.080915 0.400907 -1.513771
-1.115599 0.455022 -1.508383
-0.485896 0.511025 -2.131157
-0.480852 0.568176 -1.484217
-0.478877 0.597759 -2.130749
-0.464996 -0.023085 -2.149656
-0.444550 -0.006746 -2.766116
-2.330591 -0.005158 -2.726597
-2.290437 -0.003956 -2.059857
-2.257512 -0.012867 -2.044185
-2.243703 -0.007190 -2.055030
-2.264874 0.009116 -2.678676
-2.311761 0.616073 -2.055908
-2.361158 0.610896 -2.052509
-2.387251 1.236138 -2.074323
-1.146171 0.558780 -2.110998
-1.142114 1.147775 -2.124880
-1.142889 1.093763 -2.102812
-1.143698 1.063308 -2.064005
-1.767269 1.051526 -2.025321
-1.100271 1.037808 -1.983998
-2.459359 1.024461 -1.960750
-2.492864 1.026001 -1.962790
-1.933695 1.056559 -2.644942
-1.949681 1.084925 -2.639708
-1.903828 1.058447 -2.020639
-1.838686 0.999287 -2.587187
-1.803201 0.957337 -1.981484
-0.523031 0.324239 -1.965632
-0.499698 0.916643 -1.239933
-0.459728 0.263827 -1.195560
-0.445505 0.940368 -1.210968
-0.494528 0.942034 -1.266748
-0.567359 0.303045 -0.702400
-1.257623 0.325114 -0.719837
-1.225483 0.320713 -0.721311
-1.190209 0.313769 -0.734251
-1.210502 0.307532 -0.767083
-2.484817 0.310239 -0.799541
-2.473524 0.310604 -2.004479
-2.449422 0.928849 -1.969760
-2.448822 0.921397 -1.361011
-1.836573 0.909486 -0.798606
-1.895273 0.908962 -0.858282
-1.906968 0.923153 -0.885588
-1.879603 0.947266 -0.275173
-1.850143 0.359253 -0.282051
-0.516562 0.991353 -0.914590
-0.475271 0.992556 -1.526729
-0.430242 0.384649 -2.093084
-0.423498 0.418280 -2.031517
-0.437187 0.453045 -2.007707
-1.687824 0.457536 -2.040891
-1.674658 0.456891 -2.086639
-2.918676 0.462869 -2.721267
-2.874186 1.113347 -2.685444
-2.802323 1.116130 -2.685103
-2.736006 1.066913 -1.407463
-2.710683 1.016187 -1.441339
-2.041538 0.999793 -1.422223
-2.044971 2.236349 -1.365649
-2.696818 3.458803 -1.349259
-2.729347 3.433911 -2.075124
-3.416918 3.420995 -2.149481
-1.534475 3.428503 -2.145353
-1.533691 2.807750 -0.166239
-1.544519 2.800385 -0.175456
-1.575133 2.801939 -0.894274
-2.253226 2.817368 -0.941664
-2.256105 2.830774 -0.902714
-2.233063 2.849435 -0.827469
-2.227730 2.875707 -0.820256
-2.900279 2.899288 -0.900373
-2.922818 2.896734 -0.999223
-2.292392 2.868632 -1.041718
-2.272512 2.856566 -1.035136
-2.895672 2.854415 -1.051050
-2.931600 2.839718 -1.120944
-1.803633 2.787744 -1.170229
-1.776436 2.727587 0.122562
-2.363682 2.089410 -0.473388
-2.377483 0.835520 -0.426726
-2.409826 0.835568 -0.442417
-1.808021 0.832909 0.166052
-1.773552 0.876743 0.158510
-2.427726 0.956846 0.191217
-2.421694 1.014964 0.256037
-3.064107 1.039524 0.300251
-3.023917 1.054597 -0.363965
-2.345026 2.271237 -0.983964
-2.351732 2.300464 0.411347
-1.744648 2.291497 0.503133
-2.383356 2.247611 -0.753269
-2.377767 2.210087 -0.748152
-2.428073 2.232208 -0.775193
-1.881439 2.271484 -1.407470
-1.964172 2.263942 -1.365763
-2.613432 2.208264 -1.368062
-2.577294 2.153360 -1.426150
-1.911216 2.163308 -1.480038
-1.909123 2.772407 -2.068238
-2.495407 2.770010 -2.013968
-1.796402 2.719352 -1.996923
-1.769647 2.697914 -2.036806
-1.764894 2.773127 -2.742651
-1.755959 2.880003 -2.100260
-1.734509 2.922702 -2.050711
-1.702390 2.903037 -2.052517
-1.679630 2.880973 -1.456594
-1.660588 3.531821 -1.485563
-0.990176 3.588601 -0.110151
-0.968121 3.617569 -0.023119
-0.949091 3.597083 -0.010016
-1.600218 2.339020 -0.076601
-1.623240 2.258041 1.080765
-1.645962 0.919735 1.133094
-1.643608 0.898000 1.222873
-1.612256 1.587105 1.214568
-1.593060 1.598508 1.735372
0.287685 1.546232 0.391359
0.305844 1.479868 0.403527
-0.249410 0.800167 0.469154
-0.867151 0.829311 1.107545
-0.913272 1.476382 1.027257
-0.962509 1.402910 0.964507
-0.345160 1.970239 0.981214
-0.962594 1.309284 1.037123
-1.593787 1.345151 1.012077
-2.937678 1.354891 0.948694
-2.901748 1.959943 0.244824
-2.847428 1.293754 0.262313
-2.823670 1.312420 0.309692
-2.228398 2.016037 0.320388
-2.274627 2.015762 0.295727
-2.293038 1.978267 -0.352746
-1.616955 1.948387 0.294785
-2.270591 1.945957 0.315616
-1.644901 1.953356 0.321083
-1.632451 1.934904 0.316654
-1.593811 1.910480 0.317550
-2.174476 1.908925 0.323975
-0.895390 1.931113 0.341410
-0.301551 1.319067 -0.273625
-0.355943 1.304402 1.622374
-0.376790 0.681115 1.606749
-0.351664 0.646843 1.569817
-0.932067 0.637893 3.432104
0.347410 0.631543 4.071379
0.420010 0.606180 4.088702
1.121389 0.591755 4.105808
1.163371 -0.057492 4.114782
1.169434 -0.020136 2.849215
-0.050479 -0.623072 2.877744
-0.035580 -0.591496 2.902018
-0.006386 -0.559100 2.836784
-0.619842 -0.539582 2.785302
0.031130 -0.521253 2.180053
0.112308 -0.484252 1.601571
-0.386401 -0.418513 1.657836
-1.003049 -0.377776 1.715856
-1.026144 -0.326692 1.749065
-1.049713 -0.272613 1.764979
-0.437911 -0.221991 1.802970
-0.439391 -0.152717 1.854058
-0.481470 -0.160980 1.860140
-1.144010 -0.188763 1.802003
-1.141296 -0.279543 1.731673
-1.057722 -0.895976 2.356000
-2.283876 -0.891496 2.376305
-2.340065 -0.311241 2.373102
-3.722412 0.353919 2.326124
-3.755299 0.335061 2.282276
-3.742840 0.983710 2.271826
-3.190614 0.995994 2.276300
-3.847518 0.984131 2.265124
-3.873582 0.949005 1.601855
-3.799607 0.908854 1.578265
-3.704196 0.908971 1.006252
-3.063947 0.940050 1.067131
-3.722653 1.553532 1.099394
-3.751697 1.586618 1.134394
-1.307091 1.634966 1.717148
-1.307573 1.690357 1.740247
-1.370382 1.722214 0.446938
-1.423047 1.722515 0.427224
-1.392299 1.700461 0.987542
-0.711250 1.664643 0.913848
-1.295026 2.262964 0.250686
-2.662283 1.608970 0.281843
-2.657530 1.599678 0.290817
-2.617114 1.591289 0.251389
-1.979871 1.582896 0.219837
-2.049321 0.345555 0.242761
-1.486594 0.347151 0.297107
-1.478299 -0.862810 0.326822
-1.408346 -0.275977 0.953963
-1.348709 -0.282098 0.910025
-1.327025 -0.257249 0.905815
-1.974664 -0.225522 0.968432
-2.587966 -0.226750 1.034040
-2.588433 -0.249845 1.042050
-2.639734 -0.241090 1.019099
-2.135016 -0.215889 1.022387
-2.187218 -0.209947 1.090891
-0.915129 -0.261199 1.174696
-1.484435 -0.321952 1.200162
-1.466604 -0.333090 2.432508
-1.455388 -0.303597 2.434739
-1.411520 -0.276374 2.444227
0.065736 0.288844 2.464247
-1.298942 0.235993 2.471157
-1.313920 0.221925 2.444483
0.076529 0.244838 2.415196
1.339515 0.244268 2.405943
1.371006 0.196622 3.049705
1.391625 0.134094 3.045774
-0.006756 -0.529808 3.035122
1.403097 -1.179084 2.371849
1.428378 -0.493939 2.390193
0.820793 -1.772125 2.419056
0.226805 -2.412044 2.447702
-0.387483 -2.367851 2.476020
0.244059 -2.362154 2.486775
0.233527 -2.390744 2.471307
0.231287 -2.406432 2.440045
0.261676 -2.419637 1.800042
0.307423 -2.435101 1.816561
0.337044 -1.819536 1.832483
0.342575 -1.812426 2.459835
0.336581 -1.774168 2.434607
0.333379 -2.374443 2.429335
-0.273349 -1.760527 2.444558
0.259813 -1.789672 2.439550
0.185457 -1.800528 2.394137
0.771513 -2.405126 2.323635
0.768714 -2.433837 2.272591
0.764234 -2.469973 2.238167
0.119414 -2.483633 2.201539
0.081756 -2.462556 2.147475
-0.579836 -2.427568 2.097254
0.056128 -1.805450 0.912746
0.699045 -1.783549 0.907139
0.043197 -1.756342 0.903882
0.649687 -1.736340 0.907113
-0.586099 -1.736812 0.916736
-0.591606 -1.765259 1.537719
-0.620295 -1.769875 1.560774
-0.659512 -1.744154 1.601689
-0.665513 -1.724948 2.293195
-0.018867 -1.726592 2.307197
0.009404 -1.744865 2.300901
0.001257 -1.735463 1.083491
-0.641762 -1.691899 1.129249
-0.674474 -1.668158 1.160302
-0.703662 -1.697266 1.139052
-0.049120 -1.744418 1.110051
-0.115790 -1.752719 1.125149
-0.126440 -1.723827 0.549533
-0.808089 -1.710748 -0.064325
-0.778238 -1.740831 -0.112524
-0.055861 -1.144890 -0.190237
0.022139 -1.149939 -0.228054
-0.526399 -1.119433 0.378276
0.095899 -1.102230 0.387835
0.062885 -1.114673 0.315919
0.080370 -1.136947 0.225518
0.141848 -1.146152 0.216218
-0.494096 -1.143714 2.152944
-1.722277 -1.138274 2.801492
-1.006811 -1.130253 2.065006
-2.189918 -1.111569 1.298326
-2.098652 -1.064026 1.914436
-1.453446 -1.639979 1.964888
-1.514002 -1.595020 1.998315
-1.593510 -1.582616 1.960029
-1.621012 -1.591733 1.308385
-1.597563 -1.586158 1.347838
-0.266086 -1.562525 2.028088
0.248829 -2.205703 1.404250
0.880211 -2.856668 0.714977
0.932998 -2.858666 0.663031
-0.293080 -1.536423 1.324443
0.323260 -1.490247 1.361431
1.549738 -0.152051 2.006243
0.145315 -0.203581 1.380104
0.170613 -0.302498 1.397039
-0.563674 -0.345306 2.051848
-0.621372 -0.314381 2.067989
-1.222851 -0.300840 2.070926
-1.209616 -0.362983 1.416383
-1.131636 -0.429112 2.076171
-0.489845 -0.411217 1.477313
-0.504552 0.236732 0.263012
-0.565909 0.239766 0.258459
-1.878598 0.175720 0.230232
-1.876353 0.136243 0.858088
-1.849877 0.170694 0.878839
-1.819513 0.202917 0.908359
-1.811067 0.153456 0.305082
-1.798506 -0.609255 0.292440
-1.753606 0.033407 0.272158
-1.677708 0.105840 0.279836
-2.927870 0.159174 0.889591
-2.894930 0.114123 0.920471
-2.918002 0.027597 0.931196
-2.925597 0.035307 0.929332
-2.880980 0.124296 2.177040
-3.497590 0.156528 2.256150
-3.496545 0.072716 2.334261
-3.527914 -0.014971 2.349897
-2.885159 0.034463 2.949747
-2.855141 0.162680 2.946170
-2.829338 -0.389468 1.698013
-2.872861 -1.121279 1.732967
-2.977359 -0.544561 3.034357
-3.059161 -1.076067 3.018287
-3.065918 -0.938316 2.400383
-2.395746 -0.889776 1.758424
-2.395775 -0.937723 1.760105
-1.232331 -0.959470 1.705680
-1.271874 -0.234213 1.646622
-1.266775 -0.152446 0.945734
-1.220973 -0.827372 0.920790
-1.194797 -0.889450 0.883156
-1.220426 -0.912273 0.203217
-1.269177 -0.863395 -1.045280
-1.892254 -0.820010 -1.016182
-1.835394 -0.853871 -0.996118
-2.440137 -0.933183 -1.008371
-3.670847 -0.982382 -0.412982
-3.699143 -0.965060 -0.415860
-3.694912 -0.931898 -0.427690
-2.376657 -0.941169 -1.066317
-2.342731 -0.984811 -1.082559
-1.717789 -1.013582 -1.061523
-1.769138 -1.645211 -1.015855
-1.831985 -1.595092 -0.990763
-1.871687 -1.551236 -0.983243
-1.851641 -1.533979 -0.979151
-1.840487 -1.542617 -0.964323
-1.875863 -1.551197 -0.956496
-1.943020 -1.544176 -2.181321
-1.962738 -1.522476 -2.223339
-1.922354 -1.507180 -2.233182
-1.890713 -0.857013 -1.607477
-1.940072 -0.860944 -1.582575
-1.410500 -1.495355 -1.559924
-2.142442 -1.477405 -2.151763
-2.125205 -1.455021 -2.084874
-2.730409 -0.840099 -2.022636
-2.131249 -0.885241 -1.982081
-2.173903 -1.540511 -1.961291
-2.758821 -1.529944 -1.333884
-2.035052 -1.506151 -1.347554
-0.740179 -0.877661 -1.991024
-0.779905 -0.889671 -1.369326
-0.808815 -0.882610 -2.032890
-1.400021 -0.226258 -1.410167
-1.403575 0.405449 -2.054813
-2.043317 0.383473 -2.712438
-2.063177 -0.231302 -2.753601
-2.080326 1.027207 -2.778571
-1.450147 0.390810 -2.772309
-1.420244 1.030756 -2.769848
-1.431645 1.003707 -3.466659
-1.430933 1.591488 -3.511156
-0.836776 1.606294 -2.244173
-1.462421 1.620757 -1.551999
-1.448014 1.621571 -2.148840
-1.430254 2.859444 -1.490386
-1.413244 2.880017 -0.885871
-1.402256 2.900790 -0.884418
-2.732509 2.871721 -0.863939
-2.689229 2.823000 -1.553298
-2.549399 2.800539 -1.571753
-2.527412 2.810464 -0.280147
-2.505060 2.818126 -0.290333
-2.517174 2.810857 -0.322868
-2.515918 2.818815 -0.364000
-2.523418 2.240066 -0.372243
-2.554292 2.284334 -0.336105
-2.018807 1.059986 -0.299261
-2.067971 1.063823 0.350696
-2.052895 1.080204 0.314858
-1.427706 1.105175 0.304448
-0.185956 1.111657 0.353474
-1.504228 2.356540 0.400369
-1.527861 2.294769 0.386777
-2.169106 1.620118 0.336253
-1.502392 1.655633 0.332678
-2.731110 1.030251 -0.230772
-2.705485 0.942900 -0.158631
-2.684869 0.864070 -0.111521
-2.666867 0.854465 -0.146407
-2.641600 0.874318 -0.137435
-3.255275 0.854842 -0.727224
-3.241340 0.794978 -0.692773
-2.055220 0.768745 -1.398431
-2.064593 0.817689 -1.463259
-2.038584 1.532244 -1.452046
-1.989792 1.534616 -1.380226
-1.365793 1.477681 -1.357497
-1.393085 1.448225 -1.408674
-0.771308 1.484303 -0.804326
-0.783202 1.533210 -0.766097
-0.780374 1.531475 -0.693923
-1.471273 1.481717 -0.681797
-1.536639 1.459584 -0.723142
-1.600260 1.497412 -0.729890
-1.615643 2.801309 -0.645555
-1.597286 2.814847 -0.559209
-1.597346 2.820118 -0.561717
-1.644875 2.207927 0.670724
-1.700870 2.235408 1.293170
-1.756266 2.234073 1.374207
-1.776522 2.219638 1.444937
-1.781768 2.226230 1.436904
-2.401176 2.268769 1.378852
-2.430405 2.311654 1.346547
-2.411798 2.337746 0.702024
-2.345349 2.363049 0.724944
-2.276596 2.369700 0.689391
-2.249748 1.788419 0.637704
-2.243358 1.849176 0.647122
-1.544973 1.861782 0.713789
-1.471565 1.858788 0.749405
-1.416007 1.864907 0.728577
-1.401394 1.878695 0.701412
-2.047766 1.894068 0.723570
-2.009150 1.904906 1.405370
-1.343262 1.911879 0.781558
-1.303678 1.932676 0.734163
-1.331935 1.944100 0.708073
-1.999343 1.930303 0.714168
-2.019797 1.903348 0.709790
-2.045520 2.565362 0.686005
-2.104352 2.580298 -0.641947
-2.183067 2.584818 0.015112
-2.247942 2.571501 0.035952
-1.648655 2.559339 0.010233
-1.640499 2.580430 -0.041962
-1.023555 2.620502 0.535419
-1.040434 2.637138 0.499483
-1.058818 1.951467 1.661619
-1.714431 1.942256 0.952961
-1.072885 1.956619 0.906319
-1.078427 1.964761 0.925701
-0.475245 1.946234 0.988609
-0.474533 2.574686 1.040459
-0.996597 1.911418 0.442594
-1.577909 2.580646 1.119063
-1.512508 3.220829 1.188879
-1.482773 2.487142 1.243371
-0.833189 2.413935 1.221871
-0.778337 2.380756 1.157945
-0.759808 2.357415 1.151642
-0.812563 2.319679 1.228050
-1.514360 2.274599 1.291919
-1.566486 2.254256 1.267527
-1.527576 2.263029 1.200060
-1.447704 0.977968 1.173918
-0.768114 0.948789 1.194733
-0.764521 0.916260 -0.047328
-1.490708 0.932222 -0.128032
-1.458449 0.979815 -0.214177
-1.454456 0.392112 -0.219086
-1.526102 0.348444 -0.144368
-1.672925 0.332916 -0.718240
-1.758138 1.700968 -0.699196
-1.124327 2.449099 -0.705126
-0.480000 2.414050 -0.679367
-0.480629 1.622975 -0.628042
-0.513340 1.614829 -0.600668
-0.511352 1.702979 -0.618735
-0.477642 2.453153 -0.035717
-1.098316 2.379046 -0.029173
-1.140208 1.544410 0.019683
-1.173895 1.502345 0.076954
-1.167198 2.294098 0.113572
-1.787721 2.371695 0.129121
-1.735997 2.364141 0.144500
-1.034904 2.925528 0.814809
-1.011752 1.742155 0.785443
-0.980496 1.799146 0.070858
-0.939166 1.844431 0.002717
-0.251358 1.818914 -0.022302
-0.253507 1.789679 0.008793
0.390505 1.154704 0.064397
-0.919080 1.251081 0.116883
-0.892517 1.360021 0.156752
-0.858123 1.411755 0.207770
-0.847870 1.466442 0.243014
-0.853718 1.504468 0.230941
-0.854378 1.559508 0.177849
-0.844542 1.582594 1.319196
-0.832870 1.541416 1.315162
-0.248271 1.493452 1.334229
-0.284727 1.496817 1.359132
-0.971300 1.558360 1.374079
-1.000765 1.624875 1.362162
-1.007105 1.626674 2.602160
-0.359204 1.577706 2.632583
-0.988129 1.538618 2.644799
-1.021085 1.554423 2.627889
-1.055495 1.582170 1.914109
-1.049127 1.540476 1.914502
-1.643285 1.455943 1.979082
-1.621410 1.405324 2.048326
-1.628002 1.447300 2.058290
-1.611991 1.519134 2.007033
-1.554920 1.521308 1.366343
-1.492928 1.457557 1.370292
-1.494017 2.027687 1.387499
-1.537212 2.038099 1.361484
-1.560359 2.058505 1.277308
-1.550957 2.603663 1.233004
-1.548368 1.895493 1.953942
-0.394722 1.829193 2.638657
-0.411299 1.834504 2.090371
-0.357326 1.864572 2.048072
-0.275356 1.834300 2.010171
-0.248469 2.416011 2.036867
-0.937884 1.779008 2.083532
-0.978707 1.775943 1.428509
-0.301768 2.374809 1.376532
-0.306468 2.323704 1.349360
-0.373877 2.271562 1.390305
-1.143645 2.286663 1.454292
-0.509699 2.351909 1.468579
0.165991 2.398968 1.451693
-0.441293 2.382064 1.438204
-0.494052 2.326271 1.446461
-0.570295 2.949562 0.218007
-1.257058 2.951752 0.797125
-1.221743 2.936361 1.412174
0.085762 2.217156 1.393939
0.029912 2.166100 1.403042
-0.662399 2.795786 1.400535
-1.242621 2.867090 1.353657
-1.129938 1.652548 1.895780
-1.025201 1.623292 0.698151
-0.988934 1.592313 0.649387
-0.982098 1.615970 0.006102
-0.950861 1.668871 -0.029724
-0.890808 1.681219 0.583244
-0.875822 1.651875 0.595144
-0.916414 1.642424 0.603662
-0.952943 1.069404 0.604065
-0.923833 1.159451 -0.061912
-0.837539 1.819286 -0.693032
-0.769913 1.803765 -0.688474
-0.761146 1.786232 0.534923
-0.785884 1.786961 0.519597
-0.805371 1.785310 -0.125838
-0.828273 1.744197 1.051225
-0.903196 1.691754 1.018683
-1.029835 1.677172 1.664111
-1.132970 1.698060 2.355092
-1.149137 1.733907 2.381745
-1.096329 1.750066 2.376553
-1.071082 2.338199 2.359854
-1.087992 2.346187 2.377442
-1.107653 2.346722 1.751131
-0.495493 2.329831 1.160918
-0.506775 2.291079 1.119258
-1.160770 2.270144 -0.197788
-1.183376 2.284523 0.412324
-1.188549 2.305068 0.546879
-0.558638 1.684893 0.601787
-0.508658 1.679479 0.609004
-1.641760 1.696399 0.623811
-1.554983 1.724741 -0.618370
-1.506549 1.713223 -0.551797
-1.509767 2.315661 -0.550693
-1.530457 2.278032 -0.625516
-1.539934 2.288202 -0.034149
-0.918883 2.328030 -0.053870
-0.940603 1.700250 0.602370
-0.950384 1.711290 0.026243
-0.926987 1.736354 0.019298
-1.507876 1.777259 0.649400
-2.148826 1.777581 0.660851
-2.202155 1.713895 0.677855
-2.279283 1.640816 0.026046
-2.335884 1.628604 -0.029516
-2.371236 1.029820 -1.327436
-2.401680 0.997235 -1.382901
-2.412924 0.923069 -1.374792
-1.743628 0.881771 -1.319590
-0.438790 0.935749 -1.255931
-0.384620 1.006106 -0.596550
-0.341560 0.989155 -0.583047
