0.632472 0.043042 -3.530339
0.579668 0.059578 -4.144280
0.527115 -0.509554 -3.515992
0.525984 -0.447827 -3.431954
0.540723 0.205141 -3.977985
1.139971 0.203179 -3.977768
1.068251 -0.454018 -3.989842
1.017093 -0.435139 -3.998655
1.021956 -0.433404 -4.623025
1.647494 -1.676939 -4.621076
0.981066 -1.064389 -5.242781
0.247830 -2.329433 -5.260133
-0.440990 -2.958101 -5.234646
0.258849 -2.945894 -5.175916
0.265575 -2.921522 -5.126959
0.903787 -2.912441 -5.120060
0.863650 -2.957053 -5.136709
0.866048 -3.021007 -5.128149
0.898850 -3.063298 -3.800091
0.905357 -3.057485 -3.132236
0.882275 -3.029052 -3.154178
0.852467 -3.654799 -3.170180
0.851821 -3.645048 -3.153326
0.266016 -3.620832 -3.116039
0.902846 -3.549562 -3.094428
0.866399 -3.482191 -3.107923
0.845045 -2.843957 -3.117999
0.863608 -2.890411 -3.117259
0.231524 -1.641872 -3.123130
-0.422833 -1.655670 -3.142915
-0.448475 -1.633607 -3.167611
-0.461214 -1.621988 -3.838754
-0.443880 -1.648453 -3.824574
-0.430140 -1.657791 -3.805159
-0.441319 -1.609950 -3.788433
-0.442980 -1.551945 -3.787354
-0.392215 -1.566339 -3.798412
-0.274931 -1.644313 -3.811785
0.396248 -2.365391 -3.807267
-0.253381 -2.390796 -3.146385
-0.242258 -2.396360 -3.131925
-0.166402 -2.437839 -3.764091
-0.075291 -2.502336 -3.743973
-0.040628 -3.180762 -3.710069
-0.705303 -3.117228 -4.298582
-0.710193 -3.724562 -4.242381
-0.674786 -2.485863 -4.211668
-0.041087 -2.543981 -4.217315
-0.059688 -2.579901 -2.954120
-0.123636 -2.581865 -2.954265
-0.093831 -2.588249 -2.959176
-0.744747 -2.619304 -0.591066
1.146045 -2.621599 -0.633072
1.145532 -2.567812 -0.665480
1.758467 -2.486964 -0.017824
1.110957 -3.077386 -0.006919
0.494088 -3.067122 -0.021359
0.494373 -3.048905 -0.066890
0.468264 -3.026840 -0.766610
0.457711 -3.012139 -0.780682
0.490462 -3.024876 -0.787500
0.549339 -3.065286 -0.820830
-0.079251 -3.736103 -0.220596
-0.093892 -3.737267 -0.224931
-0.100883 -3.725050 -0.186055
0.537198 -3.746981 -1.368786
0.556371 -3.806808 0.438747
0.519202 -3.188716 -1.501517
0.432670 -3.165831 -1.504831
0.382627 -3.123716 -0.834661
0.399543 -3.114132 0.441765
0.426426 -3.143539 0.419540
0.402870 -3.165693 0.376185
0.344465 -3.163876 -0.864397
0.307887 -3.136103 -0.819148
0.300665 -3.769158 -0.149992
0.297650 -3.798458 -0.183256
0.278460 -3.825440 -0.850707
0.258566 -3.167863 -1.484178
-0.389354 -3.800899 -0.809319
-0.352448 -3.798391 -2.039047
0.378810 -3.832503 -2.127527
0.443257 -4.491601 -2.206086
-0.096059 -4.456367 -2.197937
-0.706017 -3.752715 -2.159903
-0.033015 -3.724627 -1.559365
-0.019678 -3.741257 -1.620458
-0.018074 -4.338930 -1.647240
-0.045073 -3.614888 -1.615374
1.158378 -2.890343 -2.212629
1.132279 -3.485077 -2.234354
1.141589 -3.520460 -1.000313
0.514844 -4.180348 -1.613079
-0.059295 -3.522924 -1.585584
-0.051675 -2.849808 -0.922682
0.528149 -2.893524 -1.518627
0.531291 -2.953614 -1.484006
0.523303 -2.942004 -1.453844
0.493545 -2.874064 -1.439470
1.094557 -3.479627 -0.122373
1.093512 -4.856358 -0.099212
1.107730 -4.297520 -0.690587
1.762493 -3.661068 -0.063966
1.769097 -3.678760 -0.684056
1.771542 -3.743567 -1.982506
1.093135 -3.834379 -1.357023
1.079659 -3.863309 -1.356469
1.061986 -3.810424 -1.411919
1.050899 -3.741301 -0.739589
1.045033 -3.729240 -0.779667
1.033156 -3.747390 -1.437872
1.019237 -3.725699 0.536024
1.016170 -3.689804 0.534923
1.024029 -3.694463 -0.763862
1.026431 -3.749809 -0.746946
1.028149 -3.789066 -0.094223
1.037816 -3.760373 -0.112708
1.071146 -3.700040 -0.129880
0.520756 -3.676234 0.512563
0.539046 -3.694403 0.468381
0.540609 -3.702966 0.401033
-0.049607 -3.677095 0.361264
0.666000 -3.655876 0.397408
0.704763 -3.697038 0.476881
0.041225 -3.777980 0.526015
0.033852 -3.831926 0.518616
0.039581 -3.821177 0.504359
0.067597 -3.790252 -0.102932
0.081176 -3.137355 0.599839
0.067453 -3.149198 0.614905
0.675902 -3.144891 0.587341
0.702219 -3.786647 -0.044967
0.735380 -3.752784 0.021524
0.719425 -3.101963 0.113637
0.665103 -3.116191 0.149270
0.628298 -3.100043 0.741947
0.641371 -3.056904 0.681757
0.674214 -3.022054 0.658203
0.651508 -3.025072 0.657220
0.581067 -3.037449 0.620651
1.162489 -3.026872 -0.103798
0.579659 -3.011995 -0.137203
0.630043 -3.024697 -0.094568
1.219694 -3.071141 -0.656241
1.162596 -3.102264 -0.608436
0.456281 -3.083686 -0.623894
0.462073 -3.051211 -0.639142
0.504485 -3.050124 0.019692
0.486191 -3.090774 0.668148
0.984493 -3.110012 1.933229
0.915546 -3.078511 1.944571
0.936126 -3.054381 1.919670
1.001719 -3.080031 1.284442
1.676417 -3.135719 1.990950
1.646110 -3.172624 2.023016
1.618224 -2.503994 2.615857
1.653552 -1.153303 2.520418
1.719486 -1.141512 2.463675
1.755015 -1.783146 2.485186
1.126489 -1.748695 3.762342
1.105412 -1.679762 2.530593
1.107699 -1.643383 2.534943
1.110245 -1.656184 2.569280
1.093666 -1.686266 2.639009
1.052607 -0.352499 2.037305
1.014206 -0.335573 1.424836
1.001265 -0.365271 1.381502
0.977933 -0.413153 0.777172
0.954041 -0.417151 0.788251
0.951486 -0.372692 0.798996
0.996827 -0.346827 1.394359
0.420718 -0.372372 1.318722
0.447297 -0.404771 1.917919
-0.772109 -0.386673 1.944693
-0.112285 -0.334001 1.305808
-0.071714 -0.322183 1.263261
0.593393 -0.367353 1.197823
0.603763 -0.404431 0.559770
0.574347 -0.378254 0.606306
0.571595 0.304984 0.650059
0.647014 0.325851 0.079785
0.752754 0.313816 0.084126
0.138330 -0.355594 0.107871
0.070550 -0.342505 0.160893
-0.009139 -0.305063 0.201021
-0.028272 -0.272718 2.748080
-0.025205 -0.271231 2.709215
-0.084241 -0.295358 2.693742
-0.812757 -0.318453 2.725211
-0.276152 -0.324880 2.115631
-0.227947 -0.320609 2.147546
-0.158534 -0.350172 1.490090
-0.163755 -0.424210 0.903593
1.080853 -0.500368 -0.378967
1.067513 -0.521323 -0.360341
1.094761 0.167393 -0.394789
1.114483 0.188417 -0.439412
1.076211 0.164557 0.189929
1.011276 0.115391 0.224218
0.989938 0.110496 0.908385
1.035534 0.166357 1.560153
1.097620 0.209718 0.948551
1.116481 0.190623 2.241140
-0.129872 0.132463 2.321687
-0.137711 0.120372 1.746236
-0.124269 0.180431 1.736817
-0.119453 -0.429302 1.684662
-0.149765 -0.451691 1.642096
0.388825 -0.519824 1.614849
0.381113 0.100734 1.566781
0.397585 1.464494 1.504175
-0.212425 1.505608 1.470972
-0.212818 0.165585 0.863495
-0.195637 0.723358 0.874004
-0.157037 0.725404 0.843477
-0.128818 0.135718 0.812603
-0.130791 0.136321 0.804330
-0.157881 -0.524401 0.161841
-0.794738 0.732382 0.777500
-0.799404 0.753923 0.702282
-2.126466 0.769925 -0.575457
-2.129613 0.055686 -0.542465
-2.111396 0.066526 -1.190915
-0.841770 0.060901 -1.847944
-0.794872 0.721096 -1.261372
-0.179621 0.726858 -1.235263
-0.220411 0.703080 -1.167337
-0.255814 -0.590446 0.128110
-0.242760 0.712538 0.097570
-0.207557 1.382220 0.697350
-0.206713 1.367643 0.718435
-0.240804 0.693320 0.791203
-0.239434 -1.250131 0.841204
-0.190295 -1.218179 0.820242
0.491260 -1.176710 0.784958
0.482811 -1.174251 0.806065
0.432221 -1.204395 0.853717
0.404988 -1.190856 0.872321
0.403826 -1.121621 0.847845
0.407518 -0.442792 0.171564
0.405874 -0.460035 0.185383
0.423275 -0.499435 0.203998
0.469831 -0.490901 0.205247
0.502821 -1.078652 -0.486899
0.523319 -0.377936 -0.497521
0.545665 -0.404057 -0.485977
1.218871 0.180707 -0.488364
1.219476 -0.458656 0.727054
1.187369 -0.415864 0.701503
1.164335 0.245492 0.710491
-0.033759 0.208657 0.734553
0.002073 0.187567 0.748695
0.011212 0.787743 0.735992
-0.670514 0.793932 0.716244
-0.671676 0.109134 0.728210
-0.643153 -0.593705 2.056439
-0.625501 -0.013510 2.025871
-0.652520 0.001281 2.001329
-0.713198 0.016807 1.403763
-0.742429 -0.033554 0.861728
-1.359795 -0.095174 0.909712
-1.329390 0.597001 0.900388
-1.340177 0.646102 1.512641
-2.005327 0.703245 1.539055
-1.968521 0.664812 2.234591
-1.888678 1.279250 2.236966
-1.200390 0.648008 2.190037
-1.225925 0.728187 2.140758
-1.264910 0.101200 2.141150
-1.836763 1.340261 2.192413
-1.752292 1.330911 2.839588
-1.088044 0.763040 2.798744
0.173229 -0.485815 2.136678
0.176550 -0.474329 2.138813
-0.390347 -0.486113 2.174920
-0.339883 -1.093985 1.575354
-0.381654 -0.436772 0.881780
-1.108724 -0.389265 0.843635
-1.175406 -0.363636 0.866687
-1.181893 -0.360350 0.951023
-0.542021 -0.352425 1.004802
-0.573943 1.006070 0.997177
-1.269114 1.642534 0.319537
-1.938030 1.624350 -0.335137
-1.254865 1.601620 -0.300773
-1.196871 1.576681 0.332799
-1.198842 0.921038 2.693730
-0.634257 0.959455 2.640822
-0.663338 1.007127 3.891101
-0.613266 1.027686 3.924299
-0.530539 1.028948 4.625722
-0.456474 1.035366 4.637469
-1.075366 1.060961 4.597801
-0.411589 1.074661 2.624613
0.339326 1.054631 2.685154
-0.217872 0.364731 2.728146
0.385079 0.327459 2.744605
0.330160 0.341435 0.839006
0.275019 0.379141 0.839790
0.265204 0.401664 0.904521
-0.371339 0.386526 0.997950
-0.407341 0.351243 1.036416
-0.483103 0.987570 0.998538
0.772460 0.363561 -0.304599
0.796748 0.363299 0.361478
0.225193 0.317789 0.403735
0.219483 0.248719 -0.220733
0.090678 0.222777 -0.267671
0.029434 0.275585 0.373418
0.010462 0.355922 0.407866
0.711115 0.378751 0.435169
0.701567 0.338815 0.437016
0.685796 0.321958 1.091665
-0.596623 0.381465 1.124832
-0.581267 0.465258 1.801134
-0.597361 0.485478 0.501832
-0.631841 0.428718 0.496148
-0.026077 0.372917 0.460488
-0.016028 0.393165 0.414063
-0.030451 0.456176 -0.272552
-1.427122 0.459820 0.363701
-0.817529 0.389082 0.370994
-0.809125 0.328156 0.348370
-0.163499 0.329978 0.929958
-0.173709 -0.871277 0.903317
-0.160876 -0.915859 0.906155
-0.111144 -1.019994 0.900898
-0.063746 -1.098861 0.869743
-0.046249 -1.103552 0.843677
-1.312067 0.173007 0.192774
-1.826746 0.835587 0.232992
-1.782242 0.778666 0.901409
-1.771652 0.754971 0.873533
-1.132222 0.792473 -0.400068
-1.752183 0.834665 0.281765
-1.698199 0.821488 1.586804
-0.402015 0.777732 1.572328
-0.424058 0.779533 1.524753
0.203600 0.832015 0.813390
0.224193 0.867512 0.792840
0.250486 0.848189 0.237140
-0.385937 0.829033 0.967737
0.200751 0.870269 0.321020
0.155477 0.920129 0.313144
-0.509143 0.914501 0.296808
0.149386 0.870590 0.971576
0.151576 0.851980 0.900428
0.120927 0.880154 0.878175
-0.579500 1.525388 0.172384
-0.576108 1.485336 -0.506750
0.144500 3.982939 -1.140830
0.183354 4.003289 -0.391128
0.171641 4.051949 -0.404352
0.152119 4.047590 -0.470737
0.175737 3.990611 0.060557
0.230550 3.944622 1.315240
0.876736 3.951808 1.296976
0.184279 3.996230 1.255952
-0.464337 4.667515 0.607223
-0.450623 4.651911 0.577930
-0.401754 3.321025 -0.012229
-0.376946 2.049543 0.680715
-0.398383 2.070649 2.113106
-0.397868 2.035210 2.095656
0.218681 1.950540 0.661335
0.230782 1.898885 0.675769
0.865581 1.928304 0.728713
0.798627 2.613430 1.394168
0.746493 2.610709 0.776868
0.741113 2.586440 0.766225
0.759329 2.628559 0.167576
0.172955 2.725238 0.255215
0.171490 2.771469 0.306857
0.199568 2.754606 0.893672
0.245003 2.747272 0.184144
0.274463 2.794122 0.161342
0.260209 2.853859 0.173849
0.168799 2.861818 0.161521
0.175151 2.841635 0.107301
0.201488 2.257110 -0.573041
0.204003 1.671948 -0.539327
0.177999 1.751361 -0.445673
-0.414119 3.022196 0.218393
-0.420658 4.214753 -0.473556
-0.404601 4.130605 0.788670
0.162758 4.706920 0.807517
0.139784 4.714129 0.849586
0.114027 4.059630 0.192923
0.104525 3.994234 -0.420069
0.100099 3.948417 -0.393843
-0.510594 3.979903 -0.317319
-0.541251 3.420141 -0.270949
-0.560446 3.447643 -0.322072
-0.567796 3.411774 0.184433
-0.573009 4.007058 0.133129
-0.586341 4.640240 0.798951
-0.592041 5.320593 0.138766
-0.580560 5.291970 0.109561
0.052882 4.574337 0.112144
0.042856 3.889862 -1.718823
0.035067 3.912558 -1.635654
0.055593 4.646428 -2.227694
0.094495 5.319155 -2.904605
-1.790351 5.296976 -2.913197
-1.803948 4.616438 -2.255371
-1.798573 4.596340 -2.232700
-1.780779 4.635955 -1.570886
-1.769834 4.660234 -1.577850
-1.774336 4.651585 -1.548729
-1.778564 4.639517 -1.474492
-1.768017 4.692806 -2.055722
-1.760207 4.804167 -2.029772
-1.794701 4.892628 -2.034270
-1.873535 4.889799 -2.665991
-1.947447 4.829648 -1.992409
-1.980625 4.800688 -2.007812
-1.985705 4.821324 -2.051187
-1.990756 5.469319 -2.710536
-1.999339 5.452352 -2.049051
-1.996537 3.387423 -1.367861
-1.967727 2.170228 -1.375585
-0.619392 2.184282 -1.402070
-0.623290 1.566888 -1.419272
-0.660266 0.835791 0.475638
-0.676932 0.775581 0.407207
-0.067200 0.748601 0.315924
-0.638879 0.761371 0.254287
-0.602185 0.769001 0.236016
-0.603002 0.758639 0.234198
-0.586995 0.772122 0.223044
-0.536093 0.195365 0.776059
-0.505576 0.251176 0.181318
-0.543775 0.274536 0.223973
-0.612683 0.271809 0.283007
0.019539 0.279218 0.304811
0.039452 0.292069 0.258510
-0.586209 0.284894 0.219374
-0.613275 0.255594 -0.415409
-0.034203 0.229749 0.244032
-0.061441 0.223954 -0.350595
-0.039460 -0.411184 0.940226
-0.038785 -0.993217 1.585339
-0.105121 -1.054654 2.232355
-0.202180 -1.115153 2.285643
-0.250694 -1.163356 2.908180
1.071799 -1.847164 2.791143
1.093284 -1.922565 3.353136
1.069131 -1.366118 2.720355
1.018764 -2.006955 2.756849
1.002954 -1.965906 2.733168
0.392738 -1.301790 2.694489
0.419811 -1.327560 1.390743
1.065147 -0.053139 2.135880
1.018857 -0.045836 2.164195
-0.314378 -0.018472 0.761311
0.400746 -0.019233 0.064687
0.481273 -0.067858 0.063012
0.519622 -0.098827 0.808434
0.522055 -0.050765 0.856707
0.539562 0.033353 1.447916
0.011652 0.085156 0.199662
0.064810 0.082765 0.268828
0.062853 0.086612 1.067179
0.014104 0.141395 0.466204
-1.295786 0.192796 -0.258126
-1.273233 0.184876 -0.344480
-1.244921 0.124443 -0.392150
-1.247512 0.092941 -0.384124
-1.283145 0.148519 -0.347798
-1.324328 0.227431 -0.376535
-1.333953 0.238858 -0.445886
-1.321580 0.186520 -0.483130
-1.928456 0.170739 -0.444989
-1.938312 -1.062410 -0.394277
-1.964189 -0.985346 -0.415285
-1.330231 -2.194468 -0.500260
-1.301644 -2.283013 0.101506
-1.279457 -2.977877 0.120204
-1.297318 -2.901706 0.153865
-1.283644 -2.801866 0.160236
-0.649165 -2.794352 0.156513
-0.609684 -2.851021 1.397426
-1.209206 -1.502576 2.062439
-1.881671 -1.460729 2.708357
-1.865178 -0.760126 2.695085
-0.544138 -0.754668 2.676401
-0.490760 -0.810038 2.680197
-0.468579 -0.844961 1.993057
-1.092514 -0.823064 1.963961
-1.099080 -0.795561 1.970678
-1.067935 -0.807474 2.028176
-1.019917 -0.844525 2.102677
-1.014949 -0.864506 1.495496
-1.072760 -1.472766 0.860501
-1.114520 -1.463527 0.826927
-1.092142 -1.483572 0.854470
-1.053265 -1.516026 0.911953
-1.078598 -1.542446 0.921292
-1.155212 -1.552096 0.852178
-0.532670 -1.556545 0.177640
-0.523592 -1.561680 0.208505
-0.491877 -1.571149 -0.345790
-0.513243 -1.579669 -0.368252
-0.570970 -0.374544 -0.453523
-1.241007 -0.380473 -0.516250
-1.175148 -0.365651 -0.526840
-1.108528 0.277393 0.095797
-1.094014 0.281079 0.034658
-1.107148 0.904480 -0.057115
-1.099963 0.885774 -0.062697
-1.058683 0.891736 0.666287
-1.010026 0.273854 0.767778
0.312291 0.295370 0.787791
0.318762 2.134286 0.113866
0.300308 2.129714 -0.481770
0.295482 2.141253 0.205263
0.317855 1.512855 -1.015454
0.338203 1.497155 -1.051022
0.320327 2.106556 -1.094610
0.278884 2.106538 -1.044152
0.250987 2.129587 -0.944392
0.271340 1.526815 -0.898432
0.323922 1.553156 -0.934955
0.361755 1.574437 -1.614488
0.371115 2.232624 -1.578229
-0.307472 1.643562 -1.528575
0.359347 1.666184 -1.548272
0.396592 1.659744 -1.606276
0.414434 1.631493 -2.212300
0.406681 1.608098 -2.139965
0.387866 0.940214 -2.057447
0.379625 0.952347 -2.048409
1.024908 0.965469 -1.398311
1.035815 0.993919 -0.737437
1.026440 1.064220 -0.687474
-0.243588 1.093064 -1.358651
-0.256986 1.091150 -1.420037
-0.282014 1.070740 -0.782990
-0.320462 1.733587 -1.435419
-0.376256 1.742280 -2.051454
-0.440072 1.081539 -2.043372
-0.494099 0.391217 -1.419484
-0.489307 0.365680 -0.778487
-0.423838 0.352389 -0.736030
-0.355613 0.363002 -0.699983
-0.319937 0.363467 -1.345972
-0.933222 0.328482 -1.379296
-0.896769 0.303995 -0.753659
-0.876591 0.298474 -1.399633
-0.907893 0.290237 -0.795573
-0.971555 0.254181 -0.831373
-0.389294 0.209296 -0.835127
0.237700 0.195380 -0.812607
0.244714 0.214937 -0.789200
-0.369717 0.920503 -0.827289
-0.394391 0.948413 -0.262370
-0.396322 0.971895 0.367803
-0.394781 0.993175 -0.228689
-1.106235 0.385097 0.430032
-0.626603 0.377669 -0.281234
-0.727313 -0.269760 0.275664
-0.760259 -0.265540 1.448844
-0.750048 -0.264201 2.757607
-0.749650 -0.277817 3.436114
-1.390344 -0.270800 3.383952
-1.365070 0.403310 3.285779
-1.295815 -0.827838 3.254428
-1.232996 -0.795815 3.315784
-1.230421 -1.482786 4.046800
-1.285089 -1.497429 4.054050
-1.347754 -2.161721 3.983362
-1.372265 -2.169371 3.923765
-0.696156 -2.805905 3.292006
-0.688163 -2.842585 3.944925
-0.655962 -2.856255 3.908988
-1.220741 -2.176923 3.820708
-1.176809 -1.447717 3.790937
-1.160472 -1.388959 3.866593
-1.168334 -1.379477 3.992171
-1.195568 -1.398083 4.062098
-1.237644 -1.414758 4.056877
-1.271084 -1.418354 3.400533
-1.276819 -2.072683 2.775685
-1.246810 -1.463086 2.772753
-1.178939 -1.470314 3.971659
-1.113718 -1.427698 3.269112
-1.735583 -1.323270 3.229350
-1.725166 -1.227340 3.247796
-1.096786 -1.853926 3.287787
-1.109095 -1.871757 2.671728
-1.155026 -1.878497 2.678701
-1.189456 -1.858421 3.283193
-0.521877 -1.852792 3.265586
-0.489720 -1.881996 3.241557
-0.450342 -1.312140 3.209488
-0.408695 -1.303430 3.162191
0.268011 -1.237567 2.508420
0.296853 -1.168015 2.532187
-0.344901 -1.148245 3.255339
-0.398238 -1.170366 3.253817
-0.479431 -0.592330 3.287706
0.097795 -0.581492 2.057967
-1.829858 0.078055 2.088005
-1.791483 0.067261 2.743851
-1.106431 0.036128 3.348871
-1.073248 0.654075 3.253126
-1.704700 1.350886 3.874832
-1.666759 1.418779 3.924134
-1.625898 1.500099 3.956310
-1.644042 1.502611 4.035452
-1.098451 0.834723 2.796800
0.054835 0.809924 2.180466
0.021699 0.782114 3.473581
1.364289 0.131868 2.878445
0.743307 0.092330 2.871078
0.732846 0.049534 2.806498
-0.543597 0.056745 2.826047
-0.542998 0.086422 2.932263
-0.526304 0.123321 1.743823
-0.535154 0.145742 1.755880
0.013574 0.139505 1.746365
-0.084805 0.106308 2.405265
1.156472 0.057140 2.480083
1.170042 0.635882 1.243590
1.204692 0.570116 1.820318
0.613881 0.499625 1.110993
0.630849 0.470379 1.132386
0.675422 0.455812 0.544744
1.384863 0.439821 -0.072826
0.772398 0.418308 0.495459
0.727408 0.990296 0.463334
0.634055 0.990336 -0.138053
0.567043 0.352324 -0.085170
0.549395 -0.284016 -0.085388
0.551066 0.358087 -0.150951
0.549744 0.379003 -0.201357
0.549227 -0.241053 -0.835360
0.572950 -0.198182 -0.145407
0.588584 0.443445 -0.153966
0.564458 0.459363 -0.833588
0.500649 0.465686 -0.853905
0.418310 -0.137255 -0.152371
0.353845 -0.122595 -0.103560
0.970948 -0.123411 -0.721958
0.923160 0.484712 -1.422996
1.530402 -0.184367 -1.471509
0.912428 -1.466081 -0.874003
0.972792 -1.457812 -0.884946
1.016218 -0.203324 -0.341652
1.027290 -0.188382 -0.371613
1.007675 -0.163263 0.285792
0.375070 -1.401077 0.319429
-0.238628 -1.989202 -0.303503
-0.243662 -2.001876 -0.886187
0.381604 -2.050223 -0.873042
0.408676 -2.063773 -0.865157
0.471175 -1.387901 -0.858389
0.547634 -1.306395 -0.834391
0.605955 -1.263891 -0.794459
0.629537 -1.283870 -0.752165
-0.689520 -1.310072 -0.724358
-0.732975 -1.290596 -0.716286
-0.797089 -0.599898 -1.293577
-0.844163 -1.185225 -1.241311
-0.868469 -1.263299 -0.539514
-0.867771 -0.041887 -0.520774
-0.840226 -0.038294 0.038086
-0.168715 -1.252624 -0.017755
-0.122307 -1.221791 -0.037237
-0.114694 -1.915049 -0.031987
-0.144891 -1.380204 -0.061694
-0.184149 -2.040115 -1.341713
-0.201763 -0.598886 -2.016462
-0.206385 -0.589560 -2.018869
0.412458 0.711408 -1.353577
0.394498 0.680150 -0.702337
0.419483 0.033809 -0.716742
0.483685 0.053670 -0.775340
-0.082733 0.666207 -1.432811
-0.102656 1.856704 -1.406437
-1.436578 2.511485 -1.381623
-1.464743 2.478466 -0.788611
-1.435844 1.836351 -1.468714
-1.413438 1.839605 -1.512367
-1.446022 1.896109 -1.500001
-0.836378 1.891642 -1.465654
-0.794419 1.232636 -1.468003
0.593989 1.243770 -1.517754
0.633524 1.281520 -1.570907
0.608521 1.320025 -0.930669
0.571325 0.636924 -0.923725
0.560179 1.246447 -0.946549
0.546910 0.572301 0.304887
1.191301 1.211128 -0.409909
1.152129 1.175361 -0.410416
1.149736 1.753340 -0.391366
1.183757 3.081975 -0.377508
1.211540 3.076105 -0.370760
1.208933 2.373203 -0.373035
1.195546 2.337522 -1.020930
1.187966 2.942572 -1.003458
0.551059 2.968987 -1.003315
0.511174 3.015522 -0.996474
-0.142360 3.025774 -1.603443
-0.154652 3.009146 -1.616462
-0.132076 2.367165 -0.377099
-0.108877 1.773352 -0.371466
-0.090729 1.808042 -0.357230
-0.721189 1.806287 -0.371055
-0.709441 1.802533 -0.391122
-0.056932 -0.125908 -0.392330
-0.075384 1.212135 -0.364173
1.110259 1.901969 -0.330737
1.065166 1.880685 0.255989
1.704163 1.240704 -0.382741
1.706065 1.893575 -0.381108
1.694495 1.914722 -0.326533
1.695521 1.891560 -0.273602
1.737832 1.149418 -0.919592
0.569577 1.130692 -0.914377
-0.624786 4.504957 -2.146884
-0.685469 4.502993 -2.102004
-0.746160 3.829416 -1.436821
-0.764723 3.154495 -1.445897
-0.745953 3.195311 -1.488324
-0.117564 1.939328 -1.518431
-0.142364 1.965400 -1.516048
-0.171498 1.928108 -1.507919
-0.814075 0.704143 -1.506085
-0.780113 0.654694 -1.509680
-0.775858 0.665365 -1.494238
-0.804230 0.039569 -1.451426
-0.819309 0.009819 -1.423025
-0.784692 0.002768 -1.447752
-0.692420 0.048037 -1.508226
-0.637904 0.121152 -1.543669
-0.648477 0.152503 -0.941540
-0.674096 0.139411 -0.920649
-0.652500 1.402238 -0.919611
0.027631 1.464010 -1.515088
0.046664 2.105675 -1.513334
-0.009653 2.738204 -2.158835
-0.086728 2.017040 -2.159268
-0.088229 2.692223 -2.208835
-0.004155 2.126417 -2.294249
0.056064 2.246450 -2.370519
0.024967 2.245984 -2.407371
1.143511 2.145764 -2.395449
1.162259 1.412082 -2.384883
-0.000026 0.816822 -3.034621
0.100234 0.878668 -3.066052
0.741848 2.183668 -3.068248
0.659691 2.094292 -3.016980
0.612281 2.026014 -1.686734
0.647885 1.423438 -1.713143
0.716263 1.523260 -1.763661
0.110232 1.600475 -1.763404
0.037603 -0.342720 -3.015335
-0.017160 0.302820 -2.919226
-0.010566 0.290558 -2.908295
0.657502 0.279282 -2.984771
-0.043009 -0.404077 -2.991897
-0.115504 -0.453769 -4.170102
-0.166493 -0.505638 -3.531171
-0.173308 -0.531024 -2.308260
-0.155890 0.082453 -2.392520
0.460137 -0.564208 -1.197912
0.456802 0.052518 0.045510
1.152652 0.019778 0.140712
0.482790 -0.024230 0.180530
0.476702 -0.098578 0.141580
0.466462 1.114615 0.077160
0.453817 0.433422 0.069619
0.438239 -0.208273 0.135281
0.427014 0.404989 -0.422920
0.423506 0.383301 -0.400984
0.429530 0.381201 -0.399321
-0.226248 0.414608 -0.379439
0.464440 0.451672 -0.310756
0.471768 0.491970 -0.242120
0.461419 0.477848 0.426627
0.448893 1.043682 -0.253073
1.037124 1.057778 -0.285320
1.003613 0.456428 0.377062
1.591357 1.113822 -0.237676
1.520555 1.788180 -1.463811
0.797735 2.951931 -1.474867
0.784174 2.293493 -1.508496
0.774579 2.303088 -0.213312
0.750785 2.890199 -0.834675
0.722686 2.863419 -0.836953
0.729913 1.608393 -0.897478
0.768850 1.614964 -1.016142
1.417397 1.640356 -1.098706
1.359563 1.643429 -1.022748
1.289855 1.651551 -0.964804
1.278902 1.628226 -0.946191
3.231540 1.619983 -1.610617
2.064443 1.637575 -1.613835
2.150682 1.652320 -1.503114
2.186223 1.648126 -1.371537
2.214239 0.366729 -1.335612
2.291997 0.339359 -0.170317
2.376824 0.352931 -0.191028
2.410265 1.017171 -0.132520
2.996428 0.995422 0.583377
2.960818 0.309024 0.579137
2.994572 0.308125 0.539067
3.070363 0.375145 0.509037
3.131076 0.429673 0.550779
3.148225 -0.239195 0.614691
3.169493 -1.512217 0.633657
3.195869 -0.891545 0.593665
3.185711 -0.863423 0.548128
1.786020 -0.811622 0.504433
1.738051 -1.428754 -0.853308
1.715586 -1.458617 -0.877309
1.698670 -1.476199 -0.844734
2.285512 -0.205869 -0.815771
2.234166 -0.186573 -0.833464
2.214261 0.495786 -0.862743
0.942409 1.097949 -1.484009
0.974077 1.063745 -2.041450
0.948800 1.032648 -1.969112
0.887123 1.014112 -1.972702
0.175848 2.223371 -2.024969
0.182053 2.210439 -2.061787
0.808955 2.212028 -2.033125
0.773469 1.580367 -2.001259
0.082961 1.552653 -2.029952
-1.148004 1.527683 -2.085226
-2.418368 1.546613 -2.807655
-2.387247 1.601916 -2.157993
-2.443379 0.984238 -1.459639
-1.900803 0.958616 -1.466189
-1.935022 0.930301 -1.499493
-0.593214 0.971955 -1.539423
-0.586996 1.067446 -1.547111
-1.949297 1.122026 -0.907343
-2.032800 1.119338 -1.522197
-2.011005 0.480535 -0.921557
-3.829768 -0.131709 -0.946151
-3.774044 -0.122674 -0.329834
-3.769121 -0.145235 0.325738
-3.776975 -0.225385 0.371091
-3.735651 -0.289189 0.379807
-3.652277 -0.301338 -0.249612
-3.591883 -0.268827 -0.893546
-3.544458 1.025919 -1.480078
-2.968044 1.019995 -0.771684
-3.560155 0.970094 -0.770127
-4.117073 0.913436 -1.394106
-4.067037 0.931779 -0.780324
-2.735146 1.579494 -0.766158
-2.157696 1.530655 -0.113976
-1.541520 1.446820 -0.110380
-2.107443 2.019291 -0.761982
-1.471881 1.995179 -0.774311
-1.514203 1.968816 -0.762634
-1.579384 1.937390 -0.717337
-1.596614 1.927410 -1.328928
-1.555344 1.959144 -0.665149
-1.507020 2.679376 -0.692451
-1.501227 2.734732 -1.357924
-2.160485 2.097313 -0.725360
-2.171629 2.097131 -0.711574
-2.119660 2.091008 -0.703292
-2.069879 2.096125 -0.079926
-2.069169 1.457502 -1.362546
-2.092261 1.446609 -1.335355
-2.750872 1.441320 -0.658716
-2.713649 1.458185 -1.276011
-2.684165 1.481822 -0.650022
-2.107544 1.486166 -0.672171
-1.459302 1.481979 -0.654508
-1.456753 2.070192 -0.613694
0.377615 2.080854 0.060483
0.343209 2.767482 0.059573
0.284167 2.774030 0.088085
0.265899 2.763411 1.382109
0.310428 2.771608 2.029034
-0.287922 2.928444 2.009215
-0.284184 2.353634 1.351447
-0.309503 2.376194 0.787145
-0.285009 2.345641 0.149251
-0.224054 1.720682 0.096523
0.445337 2.363631 -0.607239
0.395605 2.432548 -0.631403
0.358818 2.445536 -1.877039
0.412955 3.056000 -1.855962
0.527151 3.615062 -1.891408
0.596075 3.631021 -1.951513
-0.042840 3.691579 -0.725817
-0.758078 3.715252 -0.699871
-1.339121 3.665597 -0.042059
-0.608288 3.603903 1.298407
-0.601873 3.606920 1.269058
-0.679785 3.680845 0.592619
-1.340727 3.746589 0.640643
-1.267825 3.751617 0.651560
-0.522278 3.734622 1.212573
-0.506521 1.970814 1.162565
-0.576181 2.059242 1.154651
-0.608310 0.737309 1.169629
-0.558922 0.747641 1.152483
0.142118 1.404059 1.104541
1.358037 1.417667 1.070533
1.259886 1.434654 0.420496
1.202813 1.449126 -0.180108
1.228736 1.460008 0.427510
1.279895 1.459162 -0.212080
1.284059 1.448344 -0.255744
0.559896 1.447487 -0.875960
0.540758 1.425677 -0.872258
0.568866 1.350935 -0.854112
0.589383 -0.591457 -0.894384
0.552922 -0.014531 0.404734
0.468849 0.014601 0.447749
-0.272234 0.049443 1.085303
-0.251184 0.015147 1.107050
-1.471028 0.525191 1.117371
-1.416558 1.152246 1.148794
-2.035038 2.473308 1.182809
-2.017369 1.163576 1.177407
-1.354689 -0.264487 1.149201
-1.969683 -0.351379 1.146420
-1.985253 -0.953405 1.164577
-2.030323 -0.867613 1.168219
-1.449606 -0.875067 0.493898
-1.462655 -1.618584 0.443630
-1.422963 -1.685573 -0.839056
-1.993100 -0.352553 -0.850083
0.596655 -0.204730 -0.915797
0.591944 -0.157996 -1.026098
0.528237 -0.237499 -1.091080
0.480501 -0.307920 -1.087374
0.494781 -0.246943 -1.076090
0.529327 -0.119813 -1.097093
0.508526 -0.083665 -1.186305
-0.135911 -0.173463 -1.157847
-0.763199 -0.281742 -1.094558
-0.679461 -0.298283 -1.059760
-0.591572 -0.238218 -1.081294
-0.596157 1.015542 0.136313
-0.660808 0.917512 1.429811
-0.678527 0.792714 1.434992
-0.618731 2.081890 1.438952
0.045332 2.129529 1.462995
0.001215 2.864537 1.520122
-0.068263 2.153092 1.590958
-0.060058 2.059159 1.001663
0.027681 2.011889 1.644588
0.083627 2.046021 1.607660
0.031375 3.375639 1.577929
-0.049876 4.045788 0.309331
-0.062503 2.730240 0.310616
0.624075 2.122068 0.321171
0.630119 1.607961 0.355558
0.553336 2.352213 -0.841834
1.134930 2.426857 -0.788753
1.154423 1.799038 -0.750877
1.242777 1.142927 -0.121569
1.290811 2.428232 -0.166750
1.238873 2.448203 -1.459533
1.170734 2.479069 -1.485895
1.156464 2.492345 -2.683061
1.181561 2.470562 -1.996068
1.807404 2.442256 -3.354617
1.738101 2.464763 -4.031188
1.696341 3.128487 -4.024493
1.730094 3.094308 -3.972840
1.800702 3.636167 -3.927602
1.826147 3.551834 -1.938943
1.782983 3.529535 -1.971840
1.740265 2.914929 -0.708600
1.757241 2.901232 -0.651642
1.796105 2.874892 -0.634345
1.147073 2.210156 -0.697257
1.086971 1.599247 -0.776279
1.046689 1.644071 0.416724
1.085802 2.241482 -0.719108
1.169565 2.872138 -0.703970
1.211602 2.879568 -0.771139
1.159216 2.923063 -0.845417
1.092781 3.477506 -0.843543
1.077591 3.542794 -1.399389
1.087651 3.617325 -0.709138
1.065951 3.697254 -0.761885
1.008980 3.755369 -0.823638
0.981777 3.754414 -0.818789
1.629029 3.711730 -0.767805
1.687194 3.007953 -0.746737
0.498087 4.287337 -0.758506
0.436016 4.296349 -0.814504
0.468550 4.275118 -0.802614
0.518975 3.601867 -0.746291
-0.094738 3.587518 -0.692761
-0.147347 3.015125 -0.673301
-0.188062 3.093178 -0.702148
-0.166271 3.726728 -0.756690
