-1.235982 -1.121351 -1.945515
-1.248898 -1.074969 -2.642471
0.053785 -0.333775 -3.234328
0.726178 -0.316295 -3.140668
0.027946 -0.346185 -2.477677
0.003598 -0.368684 -3.133167
-0.633080 0.257335 -3.790565
0.095565 0.269113 -3.089957
0.126099 -0.417891 -2.996710
0.114673 -0.482725 -1.620375
-0.619441 0.178586 -2.318395
-1.248550 0.260398 -2.387126
-0.584796 0.336205 -1.034466
0.076383 -0.283275 -0.365835
0.118115 -0.323338 -0.338884
-1.101201 -1.539306 0.329562
-1.076147 -2.087091 0.282040
-0.371458 -2.073282 0.261225
-0.311356 -2.128503 1.550818
-1.531080 -2.182305 1.519952
-1.537797 -2.168077 0.826198
-1.557630 -2.089323 1.406644
-0.987674 -2.060288 1.415559
-1.033765 -1.442421 0.146146
-0.401639 -1.476677 0.116976
0.183989 -1.472593 0.124732
0.834013 -1.461572 0.761659
0.831341 -2.167024 -0.613455
0.140842 -2.246721 0.048711
0.153959 -2.286101 0.062998
0.144715 -1.658382 0.076329
0.129044 -1.013562 0.071413
0.131895 -1.045911 0.665797
0.147780 -1.734796 0.702375
0.162251 -1.764966 0.792144
0.162723 -1.764342 0.840037
0.159145 -1.769921 0.838461
0.210008 -1.172734 -0.482395
0.251743 0.082776 -0.475240
0.253838 0.021252 -0.494087
0.855958 0.013662 -1.158683
0.822890 -0.574838 -0.527528
0.805886 -1.196178 -0.505278
1.422890 -1.209898 -0.540874
1.381967 0.050315 -0.619223
1.359746 0.081456 -0.674682
1.408145 -1.187683 -0.717898
1.422899 -0.580580 0.558494
-1.166120 -0.613314 0.589315
-0.563536 -0.611739 0.624474
-0.578996 0.094284 -0.664520
-0.550734 -0.523802 -0.689915
-1.152191 -0.558201 -1.373978
-1.168547 0.738310 -0.684176
-0.562987 0.723023 -0.596001
-0.560468 0.711948 0.061714
-0.497231 0.689714 0.002135
-0.430151 0.655114 -0.054808
-0.432757 1.301403 -0.046367
-0.491835 1.332114 0.037802
-0.533977 1.373453 0.026348
0.084703 0.074691 -0.064994
0.765571 0.057324 -0.141054
0.743140 0.061059 -0.122660
0.697250 0.103278 -0.709261
1.900390 0.140478 -0.706823
0.632342 0.119890 -0.755197
0.028879 0.050662 -2.725459
0.031863 0.646913 -2.069007
0.018689 1.316381 -1.358081
0.021002 1.995495 -2.023332
0.060404 2.023219 -2.052719
0.734851 1.378523 -2.724094
0.751535 1.333963 -2.054200
0.744203 1.968485 -2.046432
0.751201 2.056744 -2.070229
0.788715 2.077046 -0.179408
0.843291 2.042020 -0.177934
0.883096 2.016128 -0.188536
0.891624 2.083571 -0.821858
0.876924 2.187136 -1.433570
0.863049 2.203879 -0.115581
0.873009 2.132470 -0.117056
0.909865 2.078701 -0.122251
0.923956 2.137697 -0.123770
0.878119 2.238972 -0.126695
0.802613 2.259196 -0.136887
0.758728 1.572894 -0.163301
0.766789 1.551872 -0.170449
0.786093 1.624443 -0.171877
0.182327 0.515439 -0.178547
0.160529 1.206131 0.392120
0.160863 1.142196 0.375301
0.202669 1.071465 0.388905
0.247690 1.085311 0.415007
0.257355 1.145680 1.091229
-0.392866 1.765378 1.043112
-0.407536 1.059392 1.051491
-0.405238 1.642880 1.116917
-0.398413 1.044708 0.558150
-0.399703 1.121798 0.512791
-0.429314 0.483306 0.440656
0.185437 0.419420 0.456230
0.171054 0.983177 1.166359
0.169660 1.648689 1.234621
0.156621 1.680709 1.829976
0.126522 1.658632 1.164116
0.105002 2.254313 1.793535
0.094838 2.239604 1.200820
0.052378 1.638896 1.236189
-0.552374 1.672921 1.206911
-0.575077 1.695113 1.148653
-0.596110 0.372984 1.123711
-0.602628 -0.276059 1.129456
-0.598643 -0.235592 1.134641
-0.594675 -0.196662 1.109512
-0.597287 -0.185206 1.070900
-0.592777 -0.198338 1.642335
-1.257268 -0.832033 1.035513
-1.250573 -1.422170 1.118214
-0.637306 -0.751832 1.154732
0.006397 -0.132138 1.161556
-0.000634 -0.185916 1.152274
-0.011694 -0.883860 1.780846
-0.032830 -0.921603 1.819257
-0.050057 -0.283287 1.856417
-0.032141 -0.303750 1.853555
0.013997 -0.951771 1.813273
0.045211 -0.967839 1.789843
0.050638 -0.936753 1.834852
0.046875 -0.938578 3.224700
0.060951 -0.936540 3.256263
0.078485 -1.614549 3.236111
0.105316 -1.656821 1.859326
0.099088 -2.295244 1.883112
0.102100 -2.297521 1.929718
-0.522040 -2.327128 0.008746
-0.516010 -2.392616 0.007948
-0.542844 -1.774923 0.047360
0.052051 -1.113433 0.094271
-0.632176 -1.089011 0.092565
0.033365 -0.461623 0.060516
0.032260 -1.148171 1.392438
0.002301 -1.165265 1.384117
0.004054 -0.471656 0.738295
0.058348 0.246282 2.085647
0.740719 0.290873 0.842350
0.755633 0.968157 0.785263
0.047544 -0.265915 0.752289
0.001541 -0.203783 0.774782
-1.253484 -0.775560 0.802075
-1.226846 -0.739053 0.791601
-0.570706 -2.680071 1.410694
0.065977 -2.135852 2.055013
-0.611625 -2.122978 0.643551
-0.552786 -2.653909 0.643117
-0.429979 -3.277667 0.624147
0.244914 -3.292894 0.580494
-0.361452 -3.289069 0.535084
-1.088039 -3.243270 1.157466
0.169633 -3.201227 -0.173581
-0.438343 -2.597343 -0.137049
-0.385284 -0.724578 -0.109081
-0.398920 -0.172157 -0.133359
-0.431030 -0.211900 -0.155418
-0.391160 -0.872259 -0.128582
-0.283406 -1.485871 -0.079909
-0.210151 -1.487566 -0.046096
0.496752 -0.813930 -0.045585
0.427433 -2.115185 -0.047545
0.397104 -2.757099 -0.693453
0.419964 -3.359143 -0.678332
0.441860 -3.394843 -0.688935
0.437763 -3.446190 -0.724841
0.412724 -3.462849 -0.763415
0.468185 -3.450175 -1.394689
0.539135 -3.435011 -0.653556
-0.094640 -3.440904 -0.615508
-0.111660 -3.447634 -0.640846
-0.166406 -2.760186 0.012035
-0.214860 -2.126520 0.079113
-0.251916 -0.868102 0.176438
-0.280836 -0.889454 0.205282
0.358786 -0.882640 0.142287
0.361323 -0.868234 0.085628
0.390986 -0.865123 0.763007
-0.275109 -0.866535 0.846219
0.421251 -1.473179 0.874728
-0.250743 -1.436289 0.188635
0.336767 -1.434564 0.135720
-0.285477 -1.485302 0.177518
0.982693 -1.563136 0.228691
0.973553 -2.262761 0.846724
0.363075 -3.555413 0.720537
0.410624 -2.274110 -0.015635
0.429120 -2.897541 0.622046
1.062861 -1.016909 0.651584
0.436274 -0.990007 0.653050
-0.152429 -0.265748 0.635387
-0.816718 -0.248637 0.645397
-1.538693 -0.300542 0.675629
-0.374881 -0.376157 0.686161
-0.336044 0.207811 -0.631550
-0.865391 0.246045 -0.671765
-1.420687 -0.417835 -0.672155
-0.786815 -1.034766 -1.988876
-0.173568 -0.368066 -2.072908
-0.808989 0.337798 -0.839062
-2.009525 0.398047 -0.152725
-2.047650 0.396052 -0.076162
-2.180728 0.331345 -0.084104
-1.616493 0.270566 -0.818723
-1.571264 -0.342408 -0.844850
-1.501473 -0.320240 0.503771
-2.202342 -0.326398 1.215214
-2.933869 -0.371157 1.199971
-2.990047 -0.387712 -0.151408
-1.627314 -0.347703 -0.183163
-0.909640 -0.298575 0.529451
-0.933765 -0.311848 1.809495
-1.060057 0.263780 2.456636
-1.770998 0.199232 2.419448
-1.113954 -0.483272 2.417195
-1.033073 0.187478 2.466026
-1.055955 0.201314 2.496860
-1.763445 0.221465 2.455700
-3.079146 0.277402 2.379730
-2.949723 2.242102 2.342320
-2.171568 2.272332 2.381533
-2.148498 1.674646 2.444284
-0.931283 1.659341 2.414943
-0.303011 1.628689 2.370962
-0.248142 1.540020 2.386225
-0.815770 2.779240 1.848283
-0.821516 2.818562 1.208775
-0.228050 2.878498 1.185822
0.965274 2.910895 1.794945
1.587933 2.923555 1.143204
1.574358 2.922332 1.183822
2.816257 2.355327 0.535979
2.793625 2.341351 0.547525
2.150222 2.878771 1.160545
1.450152 2.830656 1.193390
1.454488 1.573260 2.487753
0.817924 0.943366 2.487447
0.840798 0.986348 0.649359
0.840582 1.024081 0.651709
1.398395 0.458345 0.720207
2.039075 0.484390 1.360209
1.465426 1.142384 0.729486
2.096125 -0.811446 0.665280
1.452688 0.515504 0.667393
0.817968 0.511840 1.350002
2.019377 0.491356 2.015963
2.657246 0.488177 1.950828
3.320475 0.512669 1.263560
2.693661 0.555513 1.277585
3.280432 0.595740 1.370618
3.242770 0.617523 1.414660
3.216253 0.623981 0.738161
1.952826 0.599105 0.658830
1.944662 -0.057880 -0.022398
1.921546 -0.101653 2.047042
2.529388 -0.117966 2.773302
1.324745 -0.114714 2.774259
0.689055 -0.126000 2.727767
0.678274 -0.158583 2.093271
0.677092 -0.766475 2.162382
1.310259 -0.758301 2.214351
1.327826 -0.156507 2.193061
1.361795 -0.188134 2.123467
1.414193 -0.201622 2.099202
1.455034 -0.202775 2.148642
0.812855 -0.223298 2.197619
0.818843 -0.238991 4.141694
0.202349 -0.214579 3.447902
-0.435414 -0.143999 3.456213
0.186554 -0.080199 2.876792
0.149448 -0.077388 2.898086
0.105276 0.556233 2.198865
-0.569797 0.537176 2.763922
-0.580897 1.176713 3.355297
0.051355 1.154328 3.342180
-0.000013 1.095960 3.342993
-0.044000 1.038174 2.702115
-0.068052 1.032907 2.670481
0.574474 1.088692 2.649940
0.553278 1.147972 2.640569
0.544297 1.166888 3.175938
-0.685867 1.158812 3.136047
-0.675779 1.794045 3.081956
-0.645776 1.828646 3.032105
-0.611734 1.212719 3.000406
-0.592546 0.566528 2.998232
-0.588066 0.559302 2.408135
-1.225618 0.576717 2.426846
-1.192060 -0.028269 1.778028
-1.167143 -0.631688 1.108305
-1.165366 -0.632825 1.125633
-1.163467 -0.639492 1.168228
-1.123979 -0.005359 1.184125
-0.433739 1.210020 1.794609
-0.373389 1.190639 1.807270
-0.367086 1.809672 1.861727
-0.394793 0.535974 1.930740
-0.422292 0.531186 2.635463
-0.430828 1.209039 3.262898
-0.450044 1.214440 3.300541
0.167563 1.216126 3.320124
-0.533981 1.214965 3.311643
0.710707 1.209504 3.276714
0.747203 1.849399 3.867598
0.796511 1.118991 3.863087
0.817447 1.700363 4.530076
0.798077 1.726907 4.545743
0.773089 1.757152 4.549580
0.768835 1.139862 3.944614
0.775221 1.127920 3.932064
0.765475 0.485305 3.925939
0.737013 -0.180831 3.264180
0.722220 -0.803916 3.257135
0.738571 -0.777049 3.240726
0.201333 -1.429784 3.250377
0.235537 -1.419867 3.304195
0.174987 -1.385731 2.747546
0.155977 -1.346264 2.202576
0.768010 -1.334228 1.561400
0.751187 -1.353315 1.577539
0.713855 -0.738037 1.621585
0.667593 -1.356766 2.334050
0.650579 -0.731489 2.314227
1.324372 -0.766693 1.651061
0.708409 -0.832401 2.330818
0.714209 -0.873461 2.379578
0.734147 -1.486401 3.098001
0.776276 -1.489833 3.064030
0.813561 -0.249991 2.984336
0.806111 -0.905959 2.936679
0.779375 -0.288819 2.947891
0.774139 1.075947 3.602897
0.145903 1.071693 3.565932
0.183433 1.029619 3.478635
0.197527 1.012324 2.765874
0.209924 0.393422 3.374366
0.242501 0.428212 4.051822
0.278387 0.404208 5.244037
0.290401 0.382658 5.212475
0.270452 0.459642 5.209413
0.256676 0.437884 5.221798
0.892355 -0.247927 5.241285
0.869838 -0.316537 5.263644
0.819455 -0.982631 3.970585
0.774199 -0.358167 3.983732
0.782952 -0.389399 3.994367
0.805883 -0.439526 4.024856
0.774824 -0.465476 3.429956
1.338982 -0.451117 3.456091
1.298376 -0.430504 3.439966
1.970897 -0.465267 3.419880
1.988178 -0.513537 3.443299
1.943120 -1.181127 3.478440
1.878121 -0.551551 3.459178
1.877119 0.144865 3.386961
0.741097 -0.464893 3.326203
0.158608 -0.454731 3.332074
0.139038 -1.061528 3.353561
0.108844 -0.998880 4.643836
0.114645 -0.331513 4.590499
0.146402 -0.959185 4.558943
-0.509765 -0.980804 4.563220
-0.576457 -0.375724 4.558908
-0.623957 -0.349700 3.885487
-0.618708 -0.338762 3.841545
-0.597915 -0.380204 4.437257
-1.272311 -0.424908 4.447627
-1.874459 -0.419895 4.454686
-1.846948 -1.064860 5.093241
-1.236681 -0.457733 4.497623
-0.596769 -0.528671 4.520225
-0.607224 -0.581641 3.902490
-0.585667 -0.593986 3.937179
-0.506766 -0.595343 3.971602
0.776745 -0.605890 4.602153
0.801622 -1.278980 4.566685
0.780412 -1.237345 4.526832
0.794047 -1.161663 4.504078
0.850830 -1.091613 5.786073
2.137393 -0.365020 4.535045
2.085063 -0.991827 4.541242
0.730335 -0.976815 4.563536
0.679388 -1.570750 3.958461
1.328325 -1.570320 3.940031
1.341396 -1.597172 3.877046
1.314996 -0.992150 4.435143
0.664682 -1.015236 4.458135
0.026262 -1.039859 4.489355
1.378233 -1.056320 3.898256
0.781981 -0.387377 3.903597
0.755562 -0.411926 3.972511
0.709950 0.159304 4.081800
1.936203 0.096175 3.504315
1.942461 0.063407 3.455285
1.954309 0.079709 2.702061
1.959083 0.124225 2.674000
1.971793 0.160751 2.690721
1.369991 -0.432966 2.677445
1.393110 -0.427363 3.290992
1.390690 -0.354382 3.291269
1.358593 0.355796 2.693397
1.326104 0.387431 2.776230
1.303257 0.390959 2.798351
1.932381 0.415045 3.426805
1.283633 -0.214176 3.398684
1.267414 -0.196632 3.373448
1.259213 -0.210145 3.324932
1.257617 -0.233900 3.271594
1.872691 -0.918334 3.261385
2.489300 -0.911957 3.298306
2.442191 -0.222794 3.338269
2.409144 0.398664 3.356130
2.430882 0.356258 4.005383
2.487701 0.329075 3.418003
1.853574 0.323208 3.481632
1.838486 0.329980 4.133396
0.036493 1.617114 4.094081
-0.527654 1.594131 5.306745
-0.487658 1.589514 5.367516
-0.517330 1.615983 6.114272
-0.590374 0.989086 5.585281
-1.227064 0.986971 5.592996
-0.636094 0.962415 5.593809
-0.619955 0.935760 5.622360
-0.651361 1.566735 5.624397
-0.706838 1.559687 6.162393
0.512264 0.296701 5.404952
1.171873 0.899375 5.349845
0.606143 0.199106 5.364491
0.653258 0.166333 5.409378
0.606241 0.784270 6.033908
0.597164 1.395099 4.718184
0.643173 1.343582 4.751457
0.688952 1.294719 4.138365
0.119776 1.270452 4.104942
0.121760 1.275652 3.323903
0.132369 1.942075 3.194215
0.096106 1.950018 3.802912
0.079761 1.946617 4.469448
0.043419 1.961895 4.486729
0.634124 2.010132 4.494266
0.606060 2.081166 4.535152
-0.797829 1.490023 4.627144
-0.842681 1.516194 4.037583
0.485111 1.518219 3.996334
0.520417 1.538896 3.867109
-1.448177 1.567775 3.771592
-1.497353 1.577876 3.758090
-1.513106 1.550575 5.701973
-1.505237 1.530764 5.735404
-1.451455 1.503521 4.539146
-0.146489 1.490832 4.568303
-0.168783 1.493523 3.992229
-0.865392 1.484925 4.053387
-0.206622 2.092723 4.018539
0.511124 2.075195 3.339970
-0.042954 2.066207 3.372570
-0.106858 2.078945 2.832093
-0.701147 2.751664 2.878504
-0.714646 1.587805 2.255006
-0.057372 1.527826 2.264111
-0.618773 1.526866 2.357885
-0.602135 1.557150 2.480628
-1.226640 1.608257 1.874248
-0.628229 1.633390 1.826577
-0.617296 1.616853 1.796088
0.678016 1.581357 0.536020
1.285311 0.969752 0.539512
1.255347 0.999961 1.104656
1.233332 0.358923 2.355659
1.249418 0.283715 2.371409
1.280796 -0.423941 3.071438
1.286861 -0.434538 3.134962
1.264929 0.271411 3.112281
1.244418 0.176117 3.056058
1.249984 0.145822 3.049329
1.267692 0.117093 3.700996
0.591229 0.149825 5.029959
1.207976 0.208567 4.995219
-0.132570 0.218380 4.970306
-0.051634 0.182844 4.373857
-0.030151 0.151628 4.450921
-0.035654 0.185135 4.510113
-0.026363 0.254165 3.210131
0.003192 0.292473 3.223064
0.023948 0.899410 3.241785
0.020084 0.886213 3.248439
0.004781 -0.292809 2.570771
0.020259 -0.226296 1.877366
0.056452 -0.217420 1.825832
-0.464569 -0.274150 1.817266
-1.084279 -0.318255 1.845423
-0.450306 0.367948 1.184380
0.945750 0.437878 1.798677
0.952090 0.467798 1.745139
0.929838 1.079250 2.350770
0.895270 1.044790 2.295602
0.882986 0.398151 2.219895
0.887656 0.432373 2.194413
0.881166 1.083842 2.230889
0.835035 0.408973 1.653364
1.401917 0.402892 2.323019
0.748296 0.457884 2.318692
0.777450 0.538291 2.327018
1.453436 0.567556 1.110739
1.418833 1.148529 1.122731
1.379008 0.462977 1.085331
0.726051 0.457852 1.679622
0.123943 -0.775760 1.676567
0.158214 -0.786725 2.341033
0.183075 -0.838024 1.722467
0.207125 -0.871505 1.731222
0.259480 -0.868203 0.475625
0.340725 -0.192935 1.113103
0.413252 -0.199152 1.108157
0.433270 -0.888755 1.102049
0.379017 -0.928612 1.685024
-0.287281 -0.946255 2.203847
-0.271261 -0.931618 2.144250
-0.241836 -0.927204 1.543484
-0.255012 -0.929818 1.615851
0.323886 -0.924347 1.670152
-0.317392 -0.903745 1.665392
-0.276632 -0.862687 1.679577
-0.848830 -0.209563 1.722533
-0.873303 1.653521 1.756991
-0.949031 1.625308 -0.156947
-0.994589 1.579373 -0.252761
-0.316249 1.569909 1.002187
-0.266993 1.585152 1.050044
-0.290175 1.580243 1.761423
-0.375215 1.543672 1.759924
0.200785 2.746907 1.110210
0.314904 2.767300 1.145121
0.426255 2.808579 1.194283
0.421643 3.427017 1.835439
0.303620 3.346990 1.780678
0.210633 3.269201 1.119920
0.232484 3.270688 0.508088
0.295319 2.691420 0.568892
0.275140 2.710851 0.585541
-0.433065 2.661215 0.542306
-0.469073 2.608140 1.152068
-0.375753 2.630785 1.191488
-0.251464 3.339384 1.196903
-0.895316 3.377768 1.128594
-0.991316 3.344807 1.052246
-0.460970 3.288265 1.055201
-0.445009 3.290917 1.093580
-0.372240 4.038501 1.726650
-0.369359 4.104871 1.090287
-0.456945 4.106653 -0.051597
-0.567787 3.446797 0.035453
-0.522583 3.467766 0.094486
-0.438989 2.205217 -0.576679
0.895891 2.234848 0.047215
0.789469 2.217866 -0.561634
1.368308 2.192625 -0.520569
1.382577 2.208202 -0.548580
2.031479 2.262581 -0.613495
2.634866 1.650127 0.014068
1.934006 1.607781 -1.179638
1.308645 1.548271 -1.108923
0.720525 0.910643 -0.492386
0.821702 0.953822 -1.775891
0.834357 1.002567 -1.844947
1.423187 1.001623 -1.849417
0.720342 0.322860 -2.472067
0.722161 0.329120 -2.542141
0.765851 -0.262810 -2.667298
0.705106 0.415809 -2.710879
0.628693 0.387965 -1.357277
0.632176 0.340826 -1.280868
1.348524 0.318262 -1.301963
1.442042 0.312987 -1.371660
0.760185 -0.367765 -1.389198
0.690375 0.255286 -1.347010
0.665043 -0.427777 -1.308688
0.684110 0.226538 -0.139250
0.674567 0.239767 0.424764
-0.037031 -1.036766 0.462336
-0.105024 -0.433158 0.562683
-0.051417 -0.446878 0.623401
0.758339 -0.431674 0.607505
1.479200 -0.420341 0.595509
1.513132 0.781790 1.880792
0.892944 0.739970 1.932762
0.896118 0.736779 1.945162
0.911401 0.785339 1.900907
0.900950 0.830504 1.874350
0.846263 1.484125 1.932705
0.780658 0.836474 2.002365
0.750435 0.184833 1.999951
0.778572 0.183723 1.292977
0.830024 0.235784 0.626013
0.825300 0.255053 0.656885
0.759525 -0.372196 0.650882
1.329510 0.335027 0.560717
1.319782 0.421201 0.441618
1.334590 -0.155923 0.382065
1.320807 -0.129744 0.415335
-0.085982 -0.124519 0.436227
-0.767454 -0.108568 0.381488
-0.768895 -0.746335 0.307637
-0.680261 -0.738504 0.284578
-0.614318 -0.757227 0.317086
-0.590252 -0.787011 0.985805
-0.594579 0.481109 0.941307
-0.598879 0.496973 0.872111
-0.605963 0.508750 0.862908
-1.159333 0.492008 0.927852
-1.159757 -0.230529 1.657045
-1.154632 -0.279050 2.313791
-1.113955 -0.301662 2.289104
-2.325484 -0.308351 2.294292
-2.288314 -0.335670 2.977291
-2.260893 -0.390515 3.043860
-2.249928 0.240648 2.389298
-0.378496 -1.675519 1.699575
-0.381090 -1.632110 1.679737
-0.386358 -1.604283 1.725324
-0.391831 -1.594237 1.810872
-0.379932 -2.225013 1.159694
-0.386381 -2.176473 1.109531
-0.421737 -2.161067 0.494464
-0.450894 -2.189013 1.231207
-1.738327 -1.576671 1.297949
-1.723418 -1.572056 -0.606486
-2.349371 -1.528733 0.002114
-2.391134 -0.845543 0.004881
-2.412881 -0.820450 0.085991
-2.375493 -1.475752 0.183006
-2.326883 -1.462885 0.191633
-1.700663 -2.063248 0.134470
-1.769926 -1.357847 0.114953
-1.145155 -2.048936 -1.135512
-1.128968 -2.125581 -1.795708
-1.132521 -2.196309 -1.911747
-1.179491 -2.221069 -2.016054
-1.219302 -2.231976 -2.027542
-1.805835 -1.608190 -1.975494
-1.757446 -1.682083 -1.947112
-1.079164 -1.742207 -1.981247
-0.448459 -1.124348 -1.353427
-1.081280 -1.127837 -1.334864
-1.073329 -1.160441 -0.662827
-1.044454 -1.239950 -1.299616
-0.361892 -1.291711 -0.738748
-0.330845 -1.267643 -0.727586
-0.333864 -1.201097 -0.653414
-1.006972 -1.154074 -0.610893
-1.026131 -1.150032 0.034830
-1.029494 -1.161050 0.069810
-1.032727 -1.157083 -1.139603
-1.051952 -1.103851 -0.527860
-1.727761 -1.028736 -0.577588
-2.340254 0.305955 -0.622357
-2.913547 -0.339022 -0.637572
-2.886046 2.140688 -1.261737
-2.874428 2.168965 -1.274955
-3.522348 2.822765 -1.939926
-3.523575 3.412325 -1.952083
-3.515788 4.024563 -1.979264
-3.515753 3.997454 -2.016599
-2.897535 3.362355 -1.389560
-2.329117 2.748003 -0.767688
-2.361932 2.720159 -0.787883
-2.354501 2.653191 -0.808095
-2.344185 3.280301 -1.461421
-1.172071 2.047578 -1.435212
-1.228132 2.070059 -2.049266
-1.231135 2.715573 -2.674587
-1.195963 2.680764 -2.694494
-1.188563 2.648249 -2.708238
-1.223575 3.267904 -1.441177
-1.247673 3.891674 -1.412852
-1.871070 3.839663 -1.401085
-2.449251 3.780115 -1.403262
-1.782161 3.755982 -1.391301
-1.823477 2.539264 -1.333769
-2.504500 1.933161 -1.256338
-1.820866 1.940841 -1.195475
-1.781112 1.937663 -1.174764
-1.768531 1.949068 -1.166761
-1.782154 1.977568 -1.138302
-1.778418 2.649046 -1.113561
-1.113901 2.661625 -1.134443
-1.089410 2.680736 -1.205173
-1.098755 2.727292 -1.260218
-1.120882 2.786361 0.066212
-1.123553 2.836032 0.098254
-1.115088 2.868296 0.095424
-1.127285 2.896638 -0.578749
-1.156423 2.922136 -1.270797
-1.167571 2.913920 -1.291828
-1.153005 2.857713 -1.289543
-1.135425 2.776253 -1.311106
-1.139575 2.719955 -1.357949
-1.162177 2.691433 -0.741265
-1.806976 2.651136 -0.736870
-1.788353 2.590446 -0.050728
-1.784170 2.551361 -1.252274
-1.825516 2.559570 -1.239655
-1.874638 2.577131 -0.586614
-1.283256 2.562479 -0.621968
-1.294496 2.519518 -0.648951
-1.318552 2.500018 -1.937738
-1.344883 2.526600 -1.294651
-1.345149 1.918268 -1.966032
-1.307743 1.944148 -1.991527
-1.268613 1.939798 -1.976310
-0.599719 2.602522 -1.254260
-0.611514 3.274682 -0.021564
-0.615751 3.309286 -0.043045
-0.588612 2.717043 -0.064042
-0.571471 3.277895 -0.046028
-0.582717 3.270731 -0.669949
-0.598130 2.644338 -0.003237
-0.563864 2.644201 -0.670890
-0.500328 2.608495 -0.701593
0.167266 1.925968 -0.706215
0.150280 1.920545 -0.029147
-0.529060 1.937059 -0.034045
-0.508171 1.292432 -0.064570
-0.463920 1.287517 -0.089403
-0.439045 1.924129 0.515937
-0.438789 1.943327 0.511854
-0.429861 1.971208 0.485125
-0.410527 1.986806 0.446387
-0.407261 1.998389 0.431309
-0.434601 2.005501 0.459885
-0.467611 1.995694 -0.116122
-1.770436 1.977646 -0.713187
-1.761881 1.973153 -1.363744
-1.765984 1.361274 -1.373665
-1.787894 1.356967 -2.025785
-1.811615 1.976306 -2.020204
-1.823540 1.971444 -2.045395
-1.827263 1.366042 -0.851147
-1.184929 1.411847 -0.894802
-0.565238 1.421020 -0.862659
-0.597997 2.030125 -0.779751
0.023154 2.024158 -0.726934
0.034047 2.048659 -0.085697
0.038377 2.077143 -0.115911
0.008519 2.075735 -0.120975
-0.024696 2.061285 0.485088
-0.015645 2.054753 0.417043
0.034704 1.379868 0.281364
0.064844 2.041651 0.171799
0.053903 2.700627 0.177962
0.030623 1.512706 0.265780
0.032744 2.166880 0.322681
0.063058 0.968384 0.298914
0.708098 1.006478 -0.367084
0.062659 0.387706 -0.355343
0.045432 0.383060 -0.325740
0.048466 -0.268112 0.295578
0.061143 0.341593 0.239371
0.061702 0.342411 0.854952
0.049060 -0.246025 0.264608
0.036717 0.986910 0.380801
0.029286 1.013306 0.486076
0.014665 1.040229 1.136730
-0.011315 1.062336 1.127253
-0.040257 -0.279429 1.142979
1.176988 -0.310392 0.508474
0.571970 -0.346692 0.463359
0.021560 -0.373155 -0.293378
0.612082 -0.371349 -0.400939
1.219568 -0.351083 0.237383
1.208957 0.900381 0.933185
1.230508 1.525332 0.956457
-0.016632 1.487985 0.928394
-0.013702 1.454074 0.928141
-0.010218 1.428253 1.609965
0.016964 1.371435 1.652158
0.057383 1.332389 0.365148
0.065848 1.928028 0.237441
0.027472 1.950397 1.427476
-0.655896 1.990184 1.487982
-0.651473 2.023913 1.574557
0.669904 2.048157 0.984165
1.307889 1.441046 0.953431
0.678031 2.108921 1.655775
0.653683 1.484059 1.765651
0.667835 1.460534 1.165306
0.692241 2.033408 1.678760
1.289210 1.372838 1.565838
1.244091 1.411521 1.559643
1.239272 1.441990 1.624386
1.912730 1.418499 1.643761
1.936193 -1.179975 1.598257
1.921371 -1.178136 1.585032
1.909514 -1.144586 1.665996
1.941421 -1.141800 1.761103
1.985213 -1.199905 1.763034
1.978436 -0.642151 1.685391
1.920176 -0.672846 1.016667
1.216038 0.607572 1.050915
1.244927 1.297246 0.496304
1.949608 0.041378 0.539641
1.953716 0.654186 -0.103381
0.622971 1.306881 -0.092039
0.597164 1.429786 -0.036885
0.626085 0.890738 0.019923
1.335402 0.891269 0.015643
0.080948 0.808435 -0.699037
0.004338 0.775685 -0.732956
-0.088097 1.463079 -0.698846
-0.706784 1.516637 -0.678901
-0.637977 1.497766 -0.636790
-0.581842 0.154575 0.624495
-0.608369 0.174630 1.235782
1.234521 0.269623 1.250256
1.279669 -0.278751 2.502735
1.347474 -0.239417 2.513228
1.361235 -0.284237 2.450885
1.325446 -0.300124 2.364723
1.294710 -0.271077 2.326588
1.313147 -0.236901 2.344450
0.692948 -0.236278 1.763851
0.692825 -0.863982 1.731774
0.668421 -0.215713 1.637647
1.312474 -0.860635 1.632839
1.327905 -2.116770 1.660441
1.377256 -2.129518 1.627534
1.409408 -2.784806 1.556331
1.398327 -2.185316 1.496940
1.365214 -2.233238 1.503862
1.354540 -2.289503 1.537588
1.382192 -1.643553 0.902208
1.411665 -1.653311 0.893364
0.704491 -1.035772 1.617771
0.658876 -1.021764 1.092376
0.633937 -1.644749 1.172441
0.662465 -1.622847 0.550147
0.708610 -1.622040 1.723300
0.702084 -1.629749 1.694182
0.648754 -2.295802 1.033927
0.611008 -1.654046 1.799153
0.640197 -1.613897 1.824655
-0.522281 -1.566813 1.798120
-0.529261 -1.530190 1.772747
-0.588682 -1.509621 1.768198
-0.635749 -2.115901 1.757166
-0.619641 -2.100192 1.079638
-0.576167 -2.095743 0.996243
-0.573201 -2.117121 1.589212
-0.610779 -2.160189 1.560185
0.766283 -2.192863 1.566638
0.782599 -1.626408 2.205965
0.829268 -0.940244 2.865787
0.867275 -0.951219 2.865082
0.857990 -2.848285 2.864089
0.811903 -2.245217 3.432744
2.707241 -1.595139 2.707446
2.739767 -1.623370 2.703340
2.099670 -2.290928 2.708954
1.416757 -0.406004 2.065192
2.012233 0.226656 2.017379
1.977731 -0.400201 1.985071
1.987265 0.240581 2.061294
1.992959 0.260630 1.522181
1.957696 0.295014 2.196127
1.911612 0.329107 2.122038
1.891442 0.363229 2.722245
1.247878 0.403003 2.767235
1.269856 0.439371 2.807897
0.645092 1.110921 3.395479
0.617700 1.108650 3.327399
0.615920 1.083181 3.349338
0.668153 1.054450 3.442524
0.727022 1.655149 3.493218
0.727736 0.983598 3.457468
0.665877 0.331106 2.761005
0.628815 1.633118 2.761596
0.657229 2.294353 2.780400
0.698333 2.327143 2.756389
0.092227 1.684953 3.364298
0.009466 2.331473 2.668769
-0.031202 2.360907 2.084121
-0.004129 2.994062 2.102938
0.081446 2.984919 2.102093
-1.322497 1.684231 2.097745
-1.363027 1.679780 1.485837
-1.340011 0.466713 1.524066
-0.666718 -0.104963 1.524933
-0.625314 -0.124831 2.746393
-1.935225 -0.178247 1.982883
-1.962732 0.412502 1.398385
-1.314812 -0.842369 1.480605
-1.268756 -0.843534 1.486401
-1.238245 -0.826706 0.776349
-1.246168 -1.493814 0.759458
-1.257223 -1.477791 0.799341
-1.894846 -1.460138 1.521413
-1.249158 -2.069861 1.469484
-1.255734 -2.054219 1.414371
-1.919932 -2.053558 1.381814
-1.943839 -1.398045 1.387192
-1.966168 -1.408011 2.067820
-1.988241 -1.402447 1.386212
-0.634618 -1.367620 0.688305
-0.642636 -1.967896 0.661154
-0.658455 -2.588470 0.670461
-0.003136 -2.592296 0.684412
0.029361 -2.594827 0.688983
0.070558 -2.611775 0.689790
-0.552043 -2.672782 0.707755
0.062240 -2.157846 1.384231
0.044643 -2.282881 1.427902
0.085391 -2.367847 1.459442
0.157552 -1.753481 2.107592
0.193725 -1.784558 1.474918
0.166339 -1.240234 1.481412
0.135873 -0.637356 1.461968
0.162656 -0.617046 1.437230
0.842037 -0.607723 1.418042
0.882210 -0.620226 1.407451
1.484360 -0.675310 1.393963
0.805760 -0.730287 1.372555
0.822340 -0.741516 1.362882
0.219343 -0.079999 1.362551
0.838001 -0.025243 1.960439
1.445449 0.030691 1.311316
1.416472 -1.136934 1.270993
0.825336 -1.065092 0.629516
0.898343 -0.981281 0.050632
0.892769 -0.920138 0.663097
1.456832 -0.852625 0.620659
1.451425 -0.868132 0.594710
1.534018 -0.859911 0.628692
1.602364 -0.813416 0.638628
1.581835 -0.756483 1.241335
1.516573 -0.708772 1.201327
1.508485 -0.684935 1.865887
1.569409 -0.660860 3.190991
1.596443 -0.631477 3.225325
1.538541 -0.615105 2.573200
1.461950 -0.642962 1.350691
0.792768 -1.372366 0.754897
0.870669 -1.457615 1.452981
0.906241 -1.485539 1.491156
0.852188 -1.441842 1.477819
0.771792 -1.381431 0.806428
0.745355 -1.367950 0.185419
0.118400 -1.379722 0.243554
0.138886 -1.365664 -0.388580
0.103853 -0.689118 -0.429700
0.073713 -0.711476 -0.471692
0.104530 -1.450048 0.831954
0.175500 -1.545753 0.897978
0.212846 -0.962508 0.895952
0.206457 0.233007 0.812466
0.219963 -0.407493 0.732293
0.286623 -0.429711 0.094222
0.359206 -0.470523 0.139778
0.374433 -0.499852 0.145663
0.985936 0.152388 -0.560358
1.010650 0.130188 -0.594227
1.089440 1.286372 -0.589667
1.160165 1.230069 -0.563494
1.173415 0.524318 -0.578647
1.155551 0.527597 -1.244028
1.156591 0.570528 -1.298425
1.166550 0.043323 -0.612869
1.150115 0.098635 -0.578548
0.478671 0.133675 -0.557438
0.443418 0.158025 -1.232455
0.449102 -0.479285 -1.249700
0.482115 -0.475521 -1.258598
0.503103 -0.492615 -1.238676
1.136999 -0.517118 -1.209600
1.130087 -0.498237 -1.188237
1.122793 -0.412429 -0.518395
1.093073 -0.315594 -0.504632
1.038544 -0.915950 -0.459658
-0.287885 -0.910235 -0.438457
0.321418 -0.889195 -0.414225
0.287752 -0.190651 -0.458939
1.489720 -0.165241 -0.465202
1.437534 -0.205133 -0.514101
1.412682 -0.247445 0.043660
1.438718 -0.254128 0.611628
1.490535 -0.222640 1.303268
1.516683 -0.193688 1.337047
1.508276 -0.198920 1.360235
0.855660 -0.868691 1.386764
0.901037 -0.859736 1.428222
-0.263633 0.366917 2.169606
-0.250897 0.399978 2.214774
