0.328037 2.595182 -1.542763
1.018028 2.586232 -1.472199
1.667616 3.230506 -1.462437
1.642554 3.261196 -1.506301
1.617854 2.646660 -0.893563
2.295377 2.665766 -0.871933
1.669402 2.670593 -0.833154
1.617403 2.682521 -0.857084
1.552377 3.306319 -0.955761
1.520262 3.336540 -1.023117
-1.023206 2.745090 -2.280048
-1.020245 2.163359 -0.285823
-1.027161 2.231380 -0.275656
-1.036589 1.098672 -0.335330
-1.040994 0.515463 -1.026188
-1.040701 -0.144268 -0.980710
-1.063057 -0.158841 0.384616
-2.395075 1.067073 0.382094
-3.048193 0.455112 0.307238
-3.053364 1.121454 0.253850
-3.057244 1.165937 0.271365
-3.736406 1.817753 0.956909
-3.141558 0.542622 0.300636
-3.156614 0.529649 0.236306
-2.528262 0.510239 -0.366443
-3.180159 0.498085 -0.993211
-1.993633 0.494746 -1.675063
-1.418243 -0.846190 -1.774326
-1.443625 -0.866959 -1.864080
-1.481578 -0.897035 -1.867357
-0.920385 -0.929426 -1.814478
-0.939121 -2.811930 -0.575173
-0.907204 -2.880039 0.033562
-0.864848 -2.904410 -0.001837
-0.209680 -0.995895 -0.587172
-0.205997 -1.664299 -0.557405
-0.749144 -1.688830 -0.575387
-1.288761 -1.004814 -0.616128
-2.517376 -0.963564 0.002196
-2.503388 -0.898205 0.054575
-1.269544 -0.268475 1.379822
-1.247178 -0.306465 0.141036
-1.177465 -0.344132 -0.457938
-1.112219 -0.328038 0.243149
-1.100615 -0.281593 0.919459
-1.123803 -0.244333 1.537870
-1.130209 1.081486 2.106404
-1.765765 0.459956 2.029816
-1.121851 0.458658 1.365666
-1.816479 0.452038 1.397548
-1.863808 0.443804 1.411417
-1.848181 0.423882 1.375747
-1.106358 0.419894 0.712814
-1.028640 -0.233147 0.753555
-1.623235 -0.240086 0.195477
-1.604297 -0.230082 0.227283
-2.199985 0.435113 0.172254
-2.140921 0.400943 0.107877
-2.101427 0.970422 0.128452
-3.368347 0.276261 0.211197
-3.340364 0.252885 0.259380
-3.342993 0.856791 0.206936
-2.103794 0.826443 -0.503679
-2.112037 0.174762 0.873980
-2.731244 0.232202 1.519979
-3.393045 -0.363481 1.509317
-2.736299 -0.304121 0.110601
-2.716061 0.345116 0.079801
-2.117198 0.406858 0.132877
-2.117455 0.464132 0.204009
-2.085441 -0.146642 1.585410
-2.062427 -0.135215 1.558901
-2.716406 -0.121871 1.592772
-2.798171 -0.685883 1.647660
-2.241846 -0.654534 1.648863
-1.624535 -0.650903 1.584556
-1.637226 -0.028048 1.535512
-1.695730 0.591446 0.959555
-1.756742 0.593821 1.600641
-1.723156 0.593143 0.975628
-1.055971 0.571419 0.288906
-1.651394 0.543026 0.271452
-1.697793 0.528209 -1.061654
-2.359538 0.528657 -1.656873
-2.350004 -0.126076 -1.002053
-2.298396 -0.129789 -0.366061
-1.644902 0.502110 -0.334597
-2.302772 0.524161 -0.281211
-2.326309 0.548530 -0.249024
-2.909585 0.552817 -0.254331
-2.864057 1.157089 0.375625
-2.848680 0.520692 0.402396
-2.878839 0.510522 0.426019
-2.904900 0.485265 0.422221
-2.875774 0.452600 0.409227
-2.814972 1.068414 1.042247
-2.783549 0.417648 1.072965
-2.154110 -0.222306 1.086247
-2.144189 0.427986 1.056501
-1.507252 1.084333 1.014915
-0.257320 1.063838 0.996535
-0.270295 2.269566 0.968030
-1.546478 0.982346 0.334415
-1.540676 0.310964 0.316306
-1.540634 -0.317373 1.607283
-1.539089 0.324061 1.006840
-2.761760 0.290791 0.992351
-2.758277 -0.367796 0.946091
-2.730929 1.611408 0.893629
-2.706278 1.685960 0.252134
-2.711950 1.703006 0.231451
-2.148995 2.341893 -0.431153
-2.217229 2.277351 -2.294941
-2.268711 1.663987 -2.277627
-2.306938 1.073004 -2.278941
-2.954111 1.074511 -2.320163
-2.977042 1.644732 -2.372019
-2.957303 1.036334 -2.422820
-3.523366 0.452283 -2.466565
-3.486755 1.059971 -2.509127
-3.502166 1.037184 -2.542412
-3.525132 1.003045 -2.522624
-2.918383 1.604112 -1.142511
-3.558142 1.647267 -1.082671
-2.913497 1.062350 -0.432433
-2.291003 1.048583 0.181987
-2.264117 1.017409 0.151643
-2.207674 0.409874 0.125242
-2.140189 1.773298 0.734618
-2.734796 1.830198 0.058465
-2.739057 1.174903 -0.637998
-2.750946 1.123384 -0.607751
-2.741707 -0.115344 0.144027
-1.515556 -0.065604 0.190157
-2.171493 -0.656215 0.187563
-2.181356 0.517764 0.161563
-2.143737 0.462503 -0.508328
-2.707753 0.473030 0.146170
-2.044453 0.521749 0.121737
-2.057300 1.168441 0.078088
-1.414203 1.127351 -1.222335
-1.387355 1.717992 -0.482691
-2.661629 1.737048 0.236170
-2.064538 1.762395 0.286380
-1.479318 1.746472 0.285473
0.447443 2.342263 0.303357
0.466290 2.337545 0.345188
1.719008 1.737700 0.354096
1.683979 2.407475 0.326337
1.664667 2.404323 0.299871
1.674473 3.041612 0.313200
2.339944 3.046558 -1.414063
1.673115 3.069996 -1.368294
1.635007 2.427986 -0.682229
1.639641 2.322044 -0.653295
1.667813 2.286410 -0.632559
1.682017 0.994952 -0.646014
1.026374 1.012085 -0.698186
0.992201 0.990907 -0.756420
0.382902 1.541964 -0.761908
1.105847 1.507625 -1.356939
-0.045097 2.772020 -1.313711
-0.695638 2.776712 -1.894801
-0.703675 2.750830 -2.497797
-0.674241 2.106229 -2.477002
-0.633350 2.131988 -2.468469
-0.621416 2.185887 -2.505307
-0.017968 0.939349 -2.581884
-0.029891 0.909345 -1.360300
0.662229 0.843359 -1.342828
0.709620 0.827183 -1.326776
0.713404 0.864723 -1.337126
0.643242 0.908146 -1.344917
0.568823 0.907985 -1.303970
1.149061 -0.357843 -1.266548
1.155555 -0.324323 -0.652037
1.143084 -0.925172 -0.769644
1.083896 0.324597 -0.869320
1.025517 0.304884 -0.264374
1.634436 0.909521 0.371101
1.641836 0.878426 0.326090
2.253387 1.521392 0.279982
1.607885 1.532510 0.304330
1.598410 0.883198 0.951532
1.645789 1.481368 0.989819
2.352012 1.520366 -0.244360
2.399987 1.546936 -0.276732
1.788461 1.570921 -0.294424
1.158348 1.564941 -0.277865
1.176180 1.527158 -0.887491
-0.038295 1.498275 -0.256613
-0.008617 1.515069 -0.197928
-0.008573 1.553655 -0.724231
-0.037975 1.562912 -0.649442
-1.334125 1.541784 -0.017452
-0.723163 0.927898 -0.615597
-1.397835 1.599080 -0.628618
-0.176699 1.629065 -0.653700
-0.220115 0.991367 -0.032347
0.362774 0.944051 -0.717320
0.305838 0.905511 -0.685003
0.258831 -0.281446 0.663747
-0.383723 1.015303 1.335138
-0.352167 1.603814 0.667416
-0.948969 1.565144 0.659219
-1.598971 1.583204 0.679173
-1.630976 1.613264 -0.555658
-1.637779 0.996653 -1.326018
-1.610707 0.989570 -0.875172
-1.580337 0.977720 -0.959382
-1.582705 1.005515 -1.559999
-1.589845 1.049876 -1.551657
-1.547496 1.102309 -2.228989
-1.481981 1.758998 -1.685798
-1.447013 1.757492 -1.035704
-1.468903 1.797294 -1.013874
-0.845357 1.204030 -1.041862
-1.460165 0.592370 -1.106561
-1.408025 0.577044 -0.495333
-2.040644 1.198013 0.184859
-2.088703 0.623339 -0.343338
-2.108911 -0.613850 -0.295376
-1.416220 -0.572946 -0.295364
-2.030188 -0.568344 -0.299814
-2.043819 -0.587935 -0.891818
-1.378603 -0.590497 -0.867898
0.000889 -1.253407 -1.568426
0.668463 -1.240927 -1.674105
0.657643 -0.642303 -1.733627
0.631448 0.635299 -1.714667
1.252815 0.006899 -1.663890
1.286659 0.596927 -1.638312
1.301677 0.582549 -1.647645
1.277013 0.596319 -1.637750
0.615651 -0.640188 -1.586761
3.118750 -1.947614 -0.938791
3.090723 -0.728284 -0.959246
3.706354 0.449431 -1.022780
3.692976 1.131559 -1.706836
3.698744 1.176235 -1.669475
3.725016 1.190539 -1.023223
2.402166 0.517823 -1.017822
1.177752 0.547558 -1.596839
1.239240 1.187134 -1.555755
1.306210 1.254218 -0.928300
1.993450 1.300031 1.622214
1.904997 1.264389 1.577242
1.900907 -0.691533 1.513054
1.304031 0.603032 2.115231
0.698316 0.600803 2.139376
1.345866 0.650410 2.140976
2.580817 0.687117 2.138471
3.191194 0.662790 1.558878
3.213390 0.596258 1.667742
3.863401 0.548922 1.139630
3.793022 0.544670 1.178297
3.051100 0.526886 1.151760
3.029763 0.461844 1.132084
3.750868 0.368758 0.535792
3.762837 0.313088 0.586382
1.775097 0.970823 1.848792
1.071576 1.042772 1.777380
1.049948 1.070452 1.769207
1.061806 1.065728 1.828789
1.047333 1.068105 1.857980
0.339546 1.095897 1.236089
0.299268 1.099405 1.754127
0.313770 0.427783 1.737703
0.363526 0.939010 1.738018
-0.241819 0.876794 1.678465
-0.901416 0.892665 1.577001
-0.919093 0.954351 1.517740
-0.947701 1.000230 2.188577
-0.314787 1.006130 2.278547
-0.311957 1.634278 2.309934
-0.310533 1.039371 2.295719
-0.912083 1.086142 2.306388
-1.604966 0.419536 1.732211
-1.596388 0.341320 1.808329
-0.921822 0.289349 1.809658
-0.916807 0.318176 1.767448
-0.336349 0.392470 1.745003
0.864204 0.431152 1.762095
0.889463 0.425140 1.775462
1.589512 0.449271 1.746134
0.977912 0.505806 1.698521
0.319552 -0.091269 1.054526
-0.382993 -0.136202 1.670079
-0.334011 1.661170 2.900691
-0.253013 2.283103 2.889187
0.391154 2.294368 3.496261
0.350957 2.282320 3.460634
0.317033 1.641743 2.822653
0.359627 1.648701 2.830494
0.443135 1.700142 2.833807
0.490760 2.919829 1.560618
0.476666 2.839415 1.486590
0.481070 2.777719 1.467270
0.534342 2.803658 3.306287
-0.059705 2.861122 4.613175
-0.663385 2.862304 4.673802
-0.614245 2.801863 4.690492
-0.001287 2.778095 4.693039
0.585354 2.848953 4.713616
-0.705634 2.297112 5.406403
-1.362378 2.322822 4.147694
-0.746215 1.587679 4.104941
-0.750994 2.138882 4.082749
-0.744156 2.115924 4.105601
-0.717103 1.514107 4.162801
-0.717458 1.492623 3.582989
-1.377135 1.411606 4.251652
-1.462290 1.968950 3.627622
-2.142154 1.344855 3.626117
-1.526805 0.786414 3.630782
-1.499409 0.852680 3.621270
-0.844155 1.494456 3.616325
-0.251743 0.208793 3.618616
-0.289029 0.800566 3.620399
-0.332313 0.199644 2.381015
-0.323941 0.233106 3.026752
0.303838 0.260318 3.080139
-1.022492 0.246762 2.449377
-0.501224 0.212256 3.063346
-1.183304 0.896359 3.062329
0.040245 0.369129 3.083016
0.036425 1.033257 3.084938
-1.279754 0.388654 2.491285
-0.641455 1.031033 2.457380
-1.881436 1.074114 2.486208
-1.254689 1.108166 1.930062
-0.599808 -0.146461 1.948161
-1.223411 -0.178536 1.875746
-1.845769 0.448449 0.500971
-1.852475 0.479192 1.126321
-1.195216 -0.688008 1.132774
-3.065742 -0.679864 1.113921
-3.625143 -0.131212 1.058378
-3.573136 -0.151878 1.015356
-2.893438 -0.142560 0.435880
-1.569488 -0.166321 0.494944
-0.240228 1.103912 0.505156
-0.838755 0.991813 1.737018
0.347594 0.952517 1.665210
0.936778 0.953829 1.045039
0.339531 0.917233 0.425134
0.975327 0.838397 0.458967
1.658482 0.174697 1.080109
-0.315927 0.165786 0.394997
-0.305434 0.174457 0.426012
-0.311807 0.778438 0.509204
0.344046 0.736445 0.546406
-0.306693 0.704883 0.480726
-0.283721 0.744904 0.383782
-0.263554 1.446024 0.348595
-0.279516 1.441372 0.367904
-0.297052 1.430276 0.380023
-0.282270 0.303308 -0.873715
-0.239029 -0.199261 -0.929883
-0.213915 -0.127017 -0.949871
0.381706 -0.123642 -0.921398
0.367437 -0.135389 -0.889310
0.381741 -0.115946 -0.904666
0.433508 -0.719134 -2.345813
0.458839 -0.734342 -3.569128
0.434240 -0.775539 -3.552272
0.419965 -0.797224 -3.539020
0.454238 -0.149358 -3.514055
0.510637 -0.129115 -3.485250
0.546185 -0.130906 -4.131539
-0.723863 -0.776698 -4.137969
-0.734264 -0.786714 -4.141289
-1.372201 -0.783975 -4.123724
-1.362144 -0.800021 -3.485222
-0.110665 -0.208658 -3.507743
-0.140290 -0.790127 -3.535284
-0.155622 -0.760267 -3.512407
-0.136154 -0.076278 -3.444848
-0.773941 -0.053231 -3.405826
-0.783322 1.068487 -2.760170
-0.802558 1.028355 -2.791587
-0.148190 0.393402 -3.403262
0.509724 -0.185290 -3.466547
0.481222 0.449897 -3.480931
-0.778581 0.407886 -2.882740
-0.837933 -0.999856 -2.926451
-0.827490 -0.989032 -2.282885
0.522929 -0.964873 -2.922539
0.514358 -0.953183 -2.346075
-0.893877 -0.970570 0.082426
-0.921305 -0.984895 -0.604297
-0.860392 -1.007912 -0.605074
-0.756891 -0.973941 -0.580864
-0.803440 -0.925764 -0.555073
-1.580543 -1.503625 -1.143085
-1.612648 -1.502959 0.143607
-1.571306 -0.820712 0.767272
-0.251015 -0.782846 0.799386
-0.925192 -0.736843 0.821935
-0.982582 -0.717138 0.214601
-1.633633 -1.374321 0.192309
-1.557244 -1.370981 0.190344
-1.490099 -0.757121 0.220875
-1.488229 -0.735254 0.255485
-1.536424 -1.934103 0.842775
-2.170888 -1.959629 0.826168
-2.139743 -1.316668 0.802220
-2.093444 -1.361101 0.793086
-2.129774 -1.389595 0.779175
-2.823251 -2.694100 1.357051
-3.491079 -2.683739 1.295946
-2.107311 -2.720681 0.642990
-2.640977 -3.409617 -0.013763
-2.658772 -3.388671 -0.016620
-3.357899 -3.315757 -0.651796
-2.718669 -3.282310 -0.042981
-1.359401 -2.668516 -0.711720
-1.337490 -2.715203 -0.699343
-1.349204 -2.719021 -0.681157
-1.352085 -2.696307 -1.310110
-1.340304 -2.726850 -1.317498
-1.361418 -2.803989 -1.953433
-1.969062 -2.849024 -1.351824
-2.585514 -2.816365 -1.914974
-2.580195 -2.140748 -1.272014
-1.927334 -2.147135 -0.643367
-1.943595 -0.916368 -0.659630
-2.555432 -0.943115 -0.694872
-2.551268 -0.248239 -0.750785
-2.551167 -0.792565 -0.785284
-1.389820 -1.983843 -0.784683
-0.745417 -2.022981 -0.759212
-0.689537 -2.026183 -0.747387
-0.636975 -1.348890 -0.126038
-1.267899 -1.287833 -0.136005
-1.240525 -2.496923 -0.130905
-0.554349 -2.527497 -0.746076
0.114742 -3.190947 -0.046238
-0.564505 -2.473981 -0.628542
-0.568753 -1.799267 -0.597841
-0.560682 -2.400585 -0.562784
-0.502546 -2.417627 -1.115916
-0.525716 -1.774576 -1.096872
0.674226 -1.086819 -1.662596
0.006538 -1.051876 -0.957212
0.041008 -1.704461 -0.892578
0.708686 -1.751170 0.287010
2.003881 -1.141739 0.290038
1.291710 -1.112999 0.264721
1.278023 -1.107779 0.339601
1.294745 -2.395902 0.389959
0.637995 -2.465791 1.050173
-0.019207 -1.853386 1.019654
0.572246 -1.804247 0.347359
1.880831 -1.791405 0.940916
1.322130 -1.878720 0.942881
0.734241 -1.312378 0.898711
0.049325 -1.283821 0.815331
0.733227 -1.818359 0.763835
0.101065 -2.453288 0.168361
-0.536025 -1.850934 0.154033
-1.189978 -1.931441 0.710767
-0.566724 -1.280804 2.609032
-0.535442 -1.250832 2.604380
0.786213 0.600913 1.949265
0.766337 0.543314 2.629626
0.036398 0.541730 2.651774
1.280584 -0.068099 2.022096
0.633917 -0.029595 2.015356
0.659714 0.622429 2.039582
0.597182 0.584842 2.670136
1.128156 -0.072775 2.684855
1.047246 -0.012036 2.676258
0.431640 -0.613844 2.692550
0.459018 -0.640074 2.700616
-0.227312 -0.677622 2.672791
0.275206 -0.634503 2.028941
1.461882 -0.542259 1.387410
0.904271 -0.487524 1.404408
0.318137 -0.534580 1.406858
0.282150 -0.556164 1.985597
0.789119 0.075648 1.960967
0.729132 0.087686 1.884906
0.160686 0.691091 1.903475
0.195727 1.293929 1.341179
0.779263 1.266726 1.320708
0.728737 -0.606504 2.009402
1.336764 -0.598429 1.976638
1.406620 -0.620096 2.023312
1.473816 0.045720 1.417765
1.474913 0.059898 2.054901
0.117991 -1.169410 3.248585
0.118129 -1.840665 3.240526
-1.096727 -1.838524 3.930326
-0.473515 -0.525027 3.319455
-0.499612 -0.536271 3.312598
-0.535848 -1.182474 3.286486
-0.508995 -0.610424 3.311759
-0.450697 -1.238137 2.782681
-0.401205 -0.577123 3.469988
1.596515 -1.192792 3.468966
2.210235 -1.208196 3.471934
2.204983 -1.242790 2.894291
1.141989 -1.257703 3.614209
1.262589 -1.243505 3.637897
2.450880 -1.305980 4.951350
2.425926 -2.064728 3.696060
2.413144 -2.137147 3.696514
2.454460 -2.137718 3.701323
1.859068 -2.074164 4.346137
1.224305 -2.020925 3.070384
1.188579 -2.013558 3.117169
1.121766 -2.016620 3.164777
1.069999 -1.993580 1.844812
1.666387 -1.944529 1.835764
1.643334 -1.930625 1.820141
1.660425 -1.966436 1.823955
1.700880 -2.017423 0.514844
1.744689 -2.016848 1.148167
1.766193 -0.694974 1.166927
2.427520 0.000904 1.175121
2.402242 -0.036581 1.177572
1.732936 -0.070207 1.171688
3.605616 0.559062 1.154788
3.574600 0.567110 1.136559
2.920239 2.444243 0.515064
1.705840 2.991723 0.495158
1.773577 1.659207 0.441224
2.476659 2.257837 0.372469
2.487554 1.646876 -0.332784
1.842806 2.301765 -0.370964
1.186796 2.273342 -0.410076
1.788643 0.450638 -0.457464
1.740719 -0.148437 -0.499489
1.003353 -0.139443 -0.516942
1.553627 0.506307 0.792712
0.299161 0.475308 0.196026
0.976538 -0.192833 0.201113
1.012278 -0.791144 0.193364
1.008828 -1.357124 0.198858
1.002343 -0.656375 -1.028804
0.999899 -1.298964 -0.962028
2.181205 -1.946730 -0.924148
2.765741 -1.917198 -0.308319
2.688029 -1.884850 -0.310090
1.998243 -0.635819 -0.880446
1.392885 -0.723628 -0.761015
1.451323 0.471397 -0.666886
3.504061 -0.210486 -0.641200
3.492664 0.491117 -0.658939
3.480217 0.486863 -0.646596
2.837609 -0.872273 -0.589175
3.390644 0.433382 -0.570538
3.327477 0.424542 -0.013353
3.298850 0.442354 2.513019
4.001198 0.428881 2.457908
4.061565 0.343167 1.825141
2.814480 0.244006 1.863880
4.083409 0.202577 1.864032
4.124269 0.890071 1.820347
2.899673 0.971530 1.140804
2.912699 1.036252 1.134016
2.848368 1.067877 1.138901
2.811901 1.117084 1.095948
2.781272 1.814093 0.427682
4.042812 1.852626 0.394327
4.086784 1.832666 1.599792
4.760348 1.770214 1.617202
5.426156 2.359804 1.618114
4.766804 2.368559 1.615827
4.781605 2.425515 1.628883
3.522422 1.269213 1.645150
4.164392 -0.031317 1.626052
4.130561 -0.041093 1.563602
1.431495 -0.711432 1.526781
1.436891 -0.704625 1.546023
0.822133 -0.693545 1.575565
1.504781 -1.976992 1.570844
0.941898 -2.013079 0.954963
0.964095 -2.646453 0.979021
0.950570 -2.610534 0.995966
0.893495 -2.568990 0.962420
0.173021 -2.546420 0.888445
0.184345 -3.163661 0.840034
-0.512043 -2.482921 0.842633
-0.492810 -2.474184 0.857779
0.066648 -2.496494 0.840301
0.038390 -1.209185 0.830386
0.057442 -0.599732 0.883123
0.112414 -0.591212 0.977283
0.137013 -0.586719 1.045409
-0.563300 -0.609850 1.030343
-1.255232 0.007086 1.604991
-0.617388 1.313794 2.252252
-0.592300 2.611771 2.297803
-0.596363 1.927273 2.972309
-1.874884 1.867901 2.939309
-1.870470 1.835733 2.882030
-1.843096 1.816350 2.189735
-1.809817 1.775050 2.235096
-0.511203 1.100782 2.879371
-0.522333 1.102708 2.855539
-0.549363 1.163712 2.776193
-0.565268 1.225907 2.707576
-0.565613 1.237048 2.677136
1.354751 1.805098 2.648367
1.342239 1.796177 2.604864
1.325607 1.819234 2.578827
1.338017 1.832002 2.584603
1.393198 1.208108 2.623017
2.071662 0.573026 2.049827
2.099841 0.005094 2.060107
2.080293 0.087960 2.730552
1.425508 0.167194 2.054809
1.441327 0.195112 2.043619
1.481137 0.170370 2.031960
1.513000 0.148588 2.032601
1.519624 -1.082282 2.063191
0.847103 -0.428145 2.114654
0.914665 -0.442620 2.146599
-0.267166 -0.467621 1.457514
-0.219924 -1.129292 1.455212
1.036275 -0.484238 2.173181
1.017636 -0.466204 0.929916
0.944731 0.155835 0.902192
0.315392 0.156056 0.874259
0.340950 0.156838 0.875014
1.700674 0.131247 0.865908
1.713541 1.300028 0.892947
1.754472 1.260997 0.936180
1.167349 1.245896 0.962609
1.163808 0.607619 1.013945
1.726441 1.291057 1.045699
1.657874 1.914154 1.035463
0.338826 1.878059 1.025051
0.353273 1.267107 1.047998
1.005909 1.278060 1.081063
-0.270191 1.280837 1.081502
0.382108 2.480317 1.061273
-1.427052 1.825835 1.057404
-0.150202 1.242957 1.090685
0.447663 1.949519 1.113104
-0.220735 1.984617 1.066626
0.363835 2.583801 0.988571
-0.283120 1.297589 0.943779
-0.326075 1.299807 0.951170
-0.337634 1.354241 0.946623
-0.311972 2.016242 0.892717
-0.951377 1.998666 0.825009
-0.305696 1.360348 0.790429
0.313713 1.394486 0.790547
0.298353 1.492742 0.781261
0.267462 0.927233 0.743023
0.212510 0.895297 0.709760
0.180127 0.853227 0.717298
-0.443124 0.867384 2.087915
-0.416614 0.918982 2.740388
-1.067113 0.932328 2.718994
-1.018860 1.522620 2.731232
-1.572129 1.473825 2.168075
-0.253524 1.481600 2.248159
-0.223836 0.915032 2.269101
-1.570702 0.951717 2.240447
-1.651842 1.551540 2.242294
-1.648447 1.475657 2.295369
-0.909698 0.841155 2.342914
-0.894231 0.857383 2.325309
-0.350527 0.862248 1.668785
-0.338512 1.438330 1.683169
-0.290305 1.391576 2.401526
-0.196178 1.392201 2.474802
-0.789585 1.434167 2.473397
-1.511810 0.831008 3.052640
-1.575491 0.174621 2.380545
-1.576144 0.120778 2.381919
-1.532678 0.111998 2.383616
-1.517181 -0.474920 1.712911
-1.551409 -1.087713 1.677714
-1.560159 -0.499709 1.664157
-1.490769 -0.496502 1.677734
-1.381282 0.168344 1.700378
-2.000675 0.196203 1.709438
-2.027488 -0.442186 2.347171
-2.065812 0.201432 2.316926
-2.083550 0.183635 2.285444
-1.467502 0.822553 1.629410
-1.482210 0.836449 1.651695
-1.511435 0.801239 1.647204
-2.154711 0.137591 1.604508
-0.920793 1.414592 0.238189
-1.531539 1.454448 0.273482
-1.559655 1.466003 0.275619
-1.609018 1.447004 0.206396
-1.663531 2.122118 0.141272
-0.465150 2.149823 0.157449
-0.506009 1.525160 0.235882
-0.537363 1.535544 0.284643
0.117356 1.518887 0.233405
-0.471496 1.499638 0.161639
-0.407641 0.810145 0.163733
-0.977381 0.794061 0.226251
-0.943487 0.788430 0.253675
-0.926109 1.451135 1.494833
-0.917376 1.457214 2.054546
-0.925555 1.490630 2.046752
-0.947162 1.495243 2.107131
-0.957477 2.154992 2.818721
-0.926245 2.147922 2.785918
-0.860421 2.124789 2.724744
-1.399207 0.828765 2.732481
-2.011609 1.439334 2.177789
-1.360700 2.038921 1.575114
-1.328618 1.997765 2.163661
-1.317987 1.376490 2.115759
-1.336301 0.072608 2.146147
-1.362414 0.707009 2.221194
-2.598745 0.718759 2.262444
-2.578437 0.085634 2.840430
-2.550296 0.062117 1.473258
-2.525688 0.019485 2.171514
-2.509877 -0.650987 2.235241
-2.520104 -0.685918 2.250831
-2.551692 -1.347038 2.223883
-2.611853 -0.108800 2.241305
-2.674449 -0.091854 2.316410
-3.342822 -0.057897 2.395245
-2.770185 0.581374 2.396741
-2.814143 0.572174 2.338833
-2.841512 0.574802 2.303056
-2.825765 0.621020 2.308297
-2.798316 0.635533 2.311972
-2.809101 -0.008358 2.249804
-2.855685 -0.032202 2.844094
-2.270762 -0.031447 2.815603
-2.285404 -0.622082 2.821087
-2.307796 -1.874894 2.140796
-1.692435 -1.875735 2.111963
-1.703691 -1.891192 2.098154
-2.318436 -1.905702 2.096232
-3.529594 -1.916078 2.073901
-3.454721 -1.919756 2.030793
-4.018410 -1.926432 2.019753
-3.979232 -1.925339 0.705107
-3.973541 -1.908250 0.762476
-2.757182 -1.876403 1.382039
-2.789078 -1.842109 1.347110
-2.795923 -1.836950 1.342072
-2.784232 -1.846213 0.751531
-2.799893 -1.852125 1.448112
-2.840797 -1.842671 2.719138
-2.865295 -1.208396 2.664938
-2.848971 -1.844562 2.014891
-2.827083 -1.848574 1.467607
-2.186549 -1.830495 0.868233
-2.867332 -3.011685 -0.472198
-2.877580 -2.978429 -0.481481
-2.840614 -2.977047 -0.429448
-2.132929 -2.991213 -0.974635
-2.130736 -3.004549 -0.958836
-2.154525 -3.006872 -0.357500
-1.558630 -3.011144 0.241117
-1.514244 -3.026964 0.250987
-1.471794 -1.817751 0.298845
-1.462360 -1.841477 0.276173
-1.463963 -3.079762 0.234332
-1.443785 -3.078277 -0.368138
-1.401834 -3.075465 -0.985134
-1.380634 -3.068573 -0.974166
-1.391321 -2.394977 -0.350108
-1.417088 -3.002635 -1.028682
-1.440560 -2.979917 -1.047394
-1.439695 -3.619025 -1.043001
-1.422246 -3.611758 -0.393324
-1.406124 -3.579634 -0.365553
-1.393440 -3.529173 0.950065
-0.780131 -2.852380 0.985378
-0.782779 -2.855306 0.372146
-0.780553 -2.270734 0.389993
-0.778991 -2.261504 0.427206
-0.786634 -2.220204 0.497391
-1.421820 -2.201355 0.547463
-1.438990 -2.225567 1.801156
-1.448869 -2.238019 1.810702
-1.449719 -2.203063 1.865809
-1.435471 -3.448588 1.943505
-1.420844 -3.431699 1.957333
-1.422553 -3.445790 1.893730
-1.419212 -2.184699 1.828536
-1.406101 -2.174321 1.180859
-1.404740 -1.534265 2.492319
-1.428303 -0.878121 2.446024
-1.462753 -1.518041 2.341313
-1.468090 -1.525429 2.266662
-1.444959 -1.532727 2.273610
-2.128615 0.350186 2.311880
-2.133768 0.367116 2.291936
-2.168920 0.379071 2.233405
-2.131097 0.378036 1.577624
-2.061087 0.381805 0.970064
-2.070999 -0.260870 0.997477
-0.840391 -0.282513 -0.252417
-1.536880 -0.291793 -1.465550
-0.922077 0.311977 -1.462375
-0.862711 0.304556 -1.421011
-0.171480 0.285108 -1.358296
-0.829189 -0.390254 -1.324480
-0.826256 -0.373420 -1.338558
-0.769159 -0.973537 -1.372997
-0.068520 -0.968810 -1.361976
0.451981 -0.968564 -0.664550
0.352872 -0.954300 -0.607402
0.281318 -0.243617 -2.494059
0.881755 -0.215694 -3.136067
1.514271 -0.226807 -2.502583
1.496099 0.369625 -1.860482
1.468886 0.394068 -1.870580
0.838747 0.450112 -1.891951
1.487687 0.480979 -1.250846
2.136695 1.057749 -1.236899
2.692747 0.987780 1.235601
2.024757 0.360661 1.221716
2.013642 0.395725 1.814103
0.690141 0.420892 1.768385
1.338226 0.389279 2.415613
1.390391 0.344984 2.450798
0.171361 0.355130 2.423588
0.189107 -0.243550 2.344690
0.145286 -0.202271 1.047991
0.747800 -0.207459 1.069754
0.761362 -0.221258 1.102296
0.766181 0.454381 1.074631
0.694813 0.488884 1.005795
0.601610 0.517833 0.977924
-0.022380 0.520962 1.070195
0.120070 1.115994 1.105598
0.220337 1.103850 1.081442
0.236255 1.102521 0.368659
0.184834 1.087586 0.358419
0.140129 1.061916 1.056790
0.153932 1.053779 1.126251
0.165925 1.067035 1.116678
0.135049 1.079401 -0.834415
0.083732 1.071780 -1.448546
0.066466 1.053629 -1.384742
0.744339 2.248314 -1.316317
0.840346 2.269635 -1.316844
0.879343 2.270937 -0.722301
1.469324 2.233774 -1.343375
1.432525 2.219954 -0.657574
1.447665 3.532040 -0.607284
0.846277 3.599103 -0.626601
0.850896 3.590624 -0.674016
0.826237 4.159897 -0.660443
0.827191 3.426123 -0.589891
2.191733 3.419986 -0.552496
2.272172 3.488761 -0.574292
2.301049 3.475372 -1.226740
2.296991 3.402018 -1.185623
2.288192 2.716726 -1.137383
2.264501 2.771995 -1.160365
2.231069 2.238118 0.005651
2.177167 2.274194 -0.052554
2.792730 2.217752 -0.048911
3.440140 2.171025 0.603983
3.429364 2.202646 0.599020
3.456776 2.262828 0.563078
3.466500 1.650176 -0.088289
3.472193 1.589564 -1.358793
3.467699 1.578738 -0.736948
4.696268 1.683487 -0.743930
4.656785 1.153917 -0.006938
4.599931 1.176927 -0.577365
4.543908 1.781056 -0.524184
3.905856 1.785728 0.095893
5.150002 1.233216 -0.634993
5.867305 1.297064 -1.297734
5.882599 1.896228 0.032612
5.188078 1.802820 -1.223335
5.174871 1.777258 -1.242210
5.883027 1.870259 -0.617172
5.893726 1.973131 -0.603950
5.867239 1.977222 -0.528887
5.812035 1.912940 0.100513
3.871410 1.875149 0.021639
4.554756 1.915486 -0.671794
4.586285 1.980593 -0.695757
3.989428 1.993980 0.614820
3.963937 1.952203 0.663564
3.882112 1.912737 0.038259
3.791554 1.943360 -0.643141
1.854217 2.007196 1.277451
3.139464 2.025236 0.701909
3.121581 1.994155 0.128592
3.083255 1.962892 0.140720
3.682351 1.966961 0.124984
3.731042 1.975824 0.123716
3.790466 1.954899 -0.516678
4.422820 1.913741 -0.535341
4.389729 1.215245 -0.528125
3.714279 1.221271 -0.485310
3.741741 1.235019 0.209490
3.770869 1.238262 -0.422671
3.788470 1.243728 0.204912
3.784098 1.910875 0.185625
2.510570 1.909011 -0.481629
3.835514 1.899764 -0.505426
3.897209 1.902794 0.724638
3.295284 1.230282 1.301964
3.251896 1.227598 1.224359
2.528052 1.231877 2.506256
2.516091 1.869700 1.846655
2.587757 1.901015 3.750588
3.252785 2.575123 4.441909
3.265121 2.545838 4.414969
4.486995 1.838649 4.335928
4.557416 1.830097 4.298474
4.689458 2.537768 3.723231
4.784399 2.574899 3.801560
5.423064 2.557522 3.832237
5.371790 2.530321 3.143136
4.731730 2.544435 4.380721
3.523702 1.985120 3.115734
3.571502 2.020126 3.820261
3.544659 2.005330 3.181166
3.466300 1.973128 2.457322
3.425805 1.975640 2.445169
1.013600 2.010727 1.875777
1.012355 2.008196 1.930830
0.944068 0.690090 1.924695
0.871818 0.639247 1.887184
1.502861 0.631861 1.905895
0.204789 0.650832 1.962093
-0.400934 1.288059 1.960411
-1.014505 1.249211 1.888572
-1.017946 1.241790 1.831275
-1.036047 1.283007 2.490106
-1.642075 1.347497 2.545712
-1.645312 1.384123 2.552541
-2.255315 0.744227 2.531229
-0.983640 0.763903 1.929152
-0.328433 -0.631029 1.381098
-0.351747 -0.616773 0.115970
-0.388002 -0.602265 0.745552
0.244797 -0.576803 0.663546
0.284023 -0.551346 -0.652860
0.280424 -0.546073 -0.568742
0.850285 -0.560853 0.184095
1.398595 -0.574456 0.195304
1.366774 -0.573105 0.165530
1.973772 -1.245062 0.187853
3.239433 0.190572 0.269070
3.854392 0.154179 0.302396
3.223833 0.095158 0.239391
3.221611 0.070123 0.971253
3.209630 0.084860 0.931353
2.645684 0.708187 0.946673
2.719989 0.066302 0.339647
2.140943 -0.553836 0.325896
2.105292 -0.591594 0.278384
2.039140 -0.578270 0.234182
2.024651 -0.592690 0.221853
2.060242 -0.606329 0.845620
2.069165 -0.587210 0.846237
0.751463 -0.536400 0.803785
0.690383 0.085953 1.364467
1.359399 0.017871 1.331727
1.403572 -0.055783 1.367057
2.673855 -0.068436 1.414292
2.641645 0.643642 1.392521
2.581281 0.636729 1.341864
3.113944 0.564828 1.354358
3.083340 0.487776 1.443707
3.070607 0.474106 1.522288
2.412625 0.519301 2.110158
2.407613 -0.087376 2.052081
2.427054 -0.132713 2.059815
3.722156 -0.208268 2.155121
3.150199 -0.244179 2.236857
3.161544 -0.231064 2.218177
3.157083 -0.205619 2.159738
2.522666 -0.204065 2.162803
1.221410 -0.207112 2.241417
1.843590 -0.179453 1.674493
1.297413 -0.744503 1.607949
1.305501 -0.683867 1.496373
3.166409 -0.652555 1.463374
3.181916 -0.653178 1.515410
3.177133 -0.668643 0.917564
3.168595 -0.005871 0.834479
3.189527 0.039465 0.755410
3.228800 0.725206 0.766699
3.238252 0.757236 0.822075
3.219807 0.784522 0.827537
3.213123 1.476468 0.764867
3.258000 0.856917 0.707069
3.322203 0.874630 0.702224
3.354896 0.853329 0.710227
3.942459 0.812713 1.912829
2.675524 0.771595 2.498247
2.702010 0.071204 2.539277
