-0.967154 0.513836 0.378376
-0.953100 0.433736 0.421187
-2.112767 0.399287 0.389542
-2.125404 0.415183 -0.335154
-0.939597 0.411837 -0.366408
-1.537711 0.355901 -0.312829
-0.816734 0.279734 -0.265462
0.393525 0.246909 0.351862
0.366862 0.272771 0.275346
0.336186 0.291605 0.228324
0.304245 0.256185 0.252449
0.296648 0.194559 0.260938
-0.297789 1.444427 0.814279
-0.302482 1.483523 0.717664
0.292662 1.509279 0.679274
0.966102 1.494368 1.351578
1.014302 0.792843 0.733757
1.011703 0.800074 1.348946
0.396105 -0.401973 1.321547
0.413825 -0.387101 1.321039
0.453004 -0.447523 1.369590
0.457431 -0.532801 1.385540
0.425662 -0.544973 0.700880
-0.219301 -0.491437 0.659170
-0.182252 -0.436844 0.688884
0.444159 -0.448353 0.757122
0.430519 -0.478679 0.770355
1.010197 0.179781 0.722604
0.364993 0.254125 0.695255
1.511773 0.295087 0.717186
1.475889 0.255160 0.750084
2.000228 0.210262 0.716954
1.945603 0.867621 0.631427
1.322113 0.933785 1.228956
1.292435 0.982489 1.225225
1.243594 0.965590 1.261474
1.207547 0.934021 1.259528
1.199195 0.942356 0.549573
1.205870 0.991715 0.521633
1.210880 1.023674 -0.090628
1.216467 1.014478 0.584370
1.233941 0.991363 0.615258
1.268338 2.337338 -0.010763
1.306227 2.982641 0.583051
1.308639 2.982021 0.540933
1.898835 2.966527 0.621099
1.899770 2.965326 0.661105
1.954419 1.722701 0.001834
2.022067 1.106357 1.176300
1.428257 1.682770 1.225152
1.434978 1.639076 1.961086
0.204930 1.037900 1.423506
0.223057 0.404744 1.401313
0.188767 0.415198 1.965498
0.121130 0.354357 1.992161
0.065605 0.305451 1.443751
0.066346 0.321251 1.490165
-1.179272 0.363351 1.441573
-1.175848 0.359223 2.021549
-1.167805 0.309665 1.426454
-1.155260 1.540216 1.527540
-1.131799 1.545539 0.928832
-1.114895 1.568061 0.876782
-1.122931 2.259074 0.796425
-1.135323 2.282978 0.775907
-1.173599 2.310225 0.805109
-1.833701 2.318034 0.795543
-1.194635 2.308270 1.410062
-1.189840 2.277775 0.065789
-1.831613 2.265440 0.104731
-1.834428 2.287009 0.160425
-1.813273 2.300875 -0.441871
-1.126542 2.301660 -0.454587
-1.071819 2.310078 -0.450936
-1.710535 2.358589 -0.442156
-1.760246 2.411584 0.207387
-1.781054 2.409268 0.836212
-1.753892 0.972690 0.811862
-1.054720 0.284194 0.163155
-1.713383 0.336367 0.759153
-1.776357 0.408149 0.735135
-1.814112 -0.213526 0.700360
-1.140537 -0.244452 0.672787
0.248939 -0.257986 0.650268
-0.344180 -0.240597 0.647912
-1.085642 -0.856390 0.660735
-1.144164 -0.883548 -0.584703
-0.436029 -0.931644 -0.612408
-0.376428 -0.959613 -1.287556
-1.079163 -0.353255 -1.272867
-1.180176 0.290016 -0.616546
-1.212589 -0.346037 -0.617763
-0.488596 -0.350430 -1.345533
-0.449074 -1.009651 -1.349386
-0.468533 -1.019261 -1.337932
-0.504737 -0.990065 -1.332552
-0.485541 1.040147 -1.322557
-0.427151 0.421850 -1.898196
-0.394576 -0.978399 -1.258738
-0.434065 -1.591642 -1.262889
-0.499117 -1.578588 -1.273705
-0.493316 -0.877006 -1.920304
-0.409626 -0.840198 -1.260042
-0.350483 -0.833515 -0.594615
-0.379576 -0.852077 -1.198050
-0.430541 -0.190724 -1.187161
0.201701 0.489173 -1.164521
-0.399648 0.501382 -1.124695
-0.369419 -0.169651 -1.068330
-0.422675 -0.157691 -0.443419
-0.476647 0.579573 0.172749
-1.057101 0.683597 0.167762
-0.996308 0.710763 0.198065
-1.002937 0.656795 0.246364
-1.080427 1.988689 0.255100
-1.126863 1.996665 0.241675
0.730741 1.999828 0.246050
0.791384 1.946106 0.285381
0.797466 1.850941 0.331246
0.747174 1.795989 0.319343
-0.460560 1.792828 0.253689
-0.383676 1.181041 -0.490280
-0.312925 1.137340 -0.526879
-0.306153 0.462897 -0.530569
-0.332719 1.080073 -0.526972
0.299975 1.114016 0.177070
0.360517 0.496432 -0.431550
0.380740 0.454247 -0.401819
0.346036 1.007074 -1.093237
-0.292351 1.008192 -1.123874
-0.247785 1.064269 -1.166154
-0.182848 1.102907 -1.852435
-0.184529 1.096212 -1.911756
-0.247916 1.090314 -1.314666
-0.289932 1.141022 -0.661672
-0.267853 1.213984 -0.618686
1.048040 1.248839 -1.251304
0.996150 1.229391 -1.320779
0.929717 1.208435 -1.395323
2.113595 1.209639 -1.405062
0.946573 1.198662 -1.377857
0.952345 1.141687 -1.387249
0.281428 1.047217 -1.438898
-0.379638 0.985509 -1.458821
-0.357542 0.987052 -1.398533
-0.360569 1.029860 -1.320646
0.228073 0.429372 -1.318244
0.139499 0.441205 -1.374928
0.106583 0.441185 -1.399441
0.135840 1.697088 -1.353542
0.155788 1.657619 -1.313603
0.121571 1.636196 -2.582172
0.088082 2.287727 -2.637978
0.120928 2.294288 -2.610668
0.731986 2.268434 -3.200782
0.747456 1.566619 -2.516288
0.075108 1.586507 -2.558705
0.047167 1.651804 -3.217346
0.070533 1.698801 -3.142434
0.129759 1.030962 -3.052120
0.177913 1.018677 -2.374763
0.193927 1.721711 -1.828313
0.188747 2.419990 -1.892354
0.831011 2.420428 -1.852610
0.843198 2.379475 -1.788490
0.864476 2.352103 -2.486597
1.503713 2.372098 -2.596552
1.522144 1.758121 -2.638510
0.955135 1.760334 -2.535002
1.034230 1.728776 -2.424345
0.459494 2.363664 -2.454481
0.478558 2.364682 -2.540899
0.496310 2.338093 -2.579821
0.523027 2.283490 -3.166308
0.551705 2.236195 -3.128072
1.215529 2.231168 -4.495386
1.202963 2.240354 -4.615814
1.812028 2.240235 -4.643400
1.836903 2.231489 -4.551733
1.877804 1.628300 -3.205336
1.878540 1.656728 -3.245875
1.826995 1.668638 -3.285617
1.755919 1.647047 -2.564685
1.727610 1.620584 -2.420002
1.729083 1.642697 -2.340638
1.726941 1.698486 -1.733981
1.711484 1.722019 -1.762470
1.696470 1.706805 -1.708858
1.097791 1.693135 -1.612788
1.153195 1.732288 -1.581001
1.765497 1.726896 -2.257262
1.786293 1.714016 -2.297362
1.783622 1.655729 -2.294969
1.773814 0.999791 -2.262059
1.741869 1.634842 -2.271713
1.075888 1.673287 -2.979872
1.042181 1.671495 -3.018948
1.029159 1.613118 -3.013044
1.035078 1.567432 -2.980150
1.043223 1.597116 -2.980605
1.055403 2.269754 -3.016161
1.060160 2.918093 -3.038473
1.071858 2.878621 -3.039221
1.076638 2.211926 -3.034264
1.054202 1.592844 -3.057048
0.998444 1.675335 -2.404121
0.955880 1.093895 -2.396927
0.975404 1.693134 -1.686450
1.681130 1.057268 -1.621722
1.695728 -0.157401 -1.619805
1.659195 0.562591 -1.656589
1.655197 0.574605 -1.643408
1.712214 1.152899 -1.566545
1.747886 0.462643 -1.499264
1.706431 -0.686606 -1.547592
1.055483 -0.631089 -2.343904
1.074582 -0.642268 -2.368347
1.156835 -0.692486 -2.276000
1.196044 -0.686844 -2.170697
1.733336 -0.604797 -2.206219
1.667650 0.685348 -2.299109
1.662930 1.242582 -2.946242
1.115766 1.151743 -2.269394
1.122612 -0.101090 -2.165442
0.473932 0.578879 -2.200879
1.008126 0.626320 -1.613174
-0.281011 0.566683 -1.668091
-0.245393 -0.151296 -1.620994
-0.211444 -0.776128 -1.584128
-0.219705 -0.708209 -1.616412
-0.245026 -0.048675 -1.685624
-0.216552 -0.112797 -2.324370
-0.159635 -0.817892 -1.618675
-0.122549 -0.172205 -1.558977
-0.133200 -0.056988 -1.560006
-0.164764 0.666045 -2.264784
-0.165179 1.282662 -2.309343
-0.147639 0.587087 -2.312893
-0.771342 1.257938 -1.676438
-0.766779 1.339572 -1.085362
-0.780290 1.372883 -1.795698
-0.802489 1.316494 0.044180
-0.835332 1.251530 0.093898
-0.849131 0.621993 1.340045
-0.849281 0.660212 1.332342
-0.225354 0.648856 1.339077
0.381692 0.575720 1.378269
0.371164 0.537464 0.106852
-0.235371 0.590101 -1.128988
-0.184015 0.665998 -1.142060
-0.269987 0.671604 -1.145961
0.329383 0.608707 -1.776512
0.349006 0.582100 -1.759420
0.397292 0.642277 -1.751786
0.436580 0.710729 -2.417148
0.436073 0.694564 -3.069907
0.421872 0.638842 -3.087029
0.411663 0.049981 -3.103731
1.081180 0.793761 -1.251540
1.099317 0.843518 -1.957388
0.429129 0.802086 -1.961505
1.083240 0.745060 -2.003640
1.079126 0.772626 -0.801647
1.111336 2.051612 -0.816799
0.482430 2.108468 -1.495114
-1.369261 1.429251 -0.887158
-2.650136 1.382502 -0.902666
-2.005708 1.378080 0.418842
-2.594739 1.414771 0.377970
-3.311534 1.420231 0.372442
-3.353224 0.731677 -0.238800
-3.351686 0.643268 -0.219838
-0.681440 0.611028 0.972413
-0.638484 0.638596 0.365208
-0.627500 1.268182 0.463977
-0.634882 1.221232 0.499352
-0.616770 1.142723 1.108213
-0.553208 1.116038 0.390037
-0.491442 1.793771 0.322873
-0.501623 1.782757 0.947845
-0.572474 1.712635 0.974210
-0.625858 2.908145 1.014633
-1.271903 2.897747 1.026186
-1.258970 2.941579 0.371292
-0.611360 2.991433 0.393843
-0.661866 2.990450 0.452897
-1.928050 2.957847 1.119387
-1.265438 2.315399 0.448189
-1.234567 1.691241 0.386624
-1.267757 1.716503 -0.851734
-1.974993 1.092019 -0.147114
-2.645304 1.066277 -0.114422
-1.369712 1.067538 -0.151646
-1.345551 1.096350 -0.212602
-1.343549 1.126768 -0.235182
-1.356906 1.129152 0.420141
-1.363608 1.730001 0.399372
-1.351681 1.681980 0.305129
-1.339914 1.639597 0.216762
-0.732574 1.618296 0.214627
-2.047241 1.602823 0.277904
-1.473870 1.562654 0.306545
-1.522320 1.510692 0.275136
-1.521114 2.106141 0.251060
-2.725019 2.819649 0.289751
-2.085016 2.876389 0.346770
-2.113892 2.888323 0.345608
-2.136545 2.211050 0.287061
-2.122074 2.217790 0.869156
-2.089341 2.264128 0.891291
-2.088388 1.055536 0.309172
-0.777768 1.045128 0.299948
-0.819048 1.032226 0.864118
-0.810621 1.048972 0.844421
-1.415742 1.689644 0.864247
-1.418497 1.720929 0.881769
-1.482936 1.719260 0.880428
-2.197640 1.701948 0.230445
-2.186507 1.689432 0.260129
-2.109932 1.698265 0.289459
-2.069613 1.070877 0.309055
-2.109715 1.098212 0.327290
-2.170063 0.536896 0.351171
-2.150157 0.561338 1.000446
-2.082133 -0.104391 0.967577
-2.056616 -0.097244 0.937921
-2.081288 -0.074467 0.953508
-2.108210 -0.060080 1.002486
-1.420156 1.237750 1.029677
-1.360149 1.144383 1.038498
-0.095371 1.756821 1.070620
-0.121840 1.797162 -0.167917
-0.188261 1.872783 -0.108380
-0.197159 1.224407 -0.075515
-0.806795 1.217195 -0.068453
-0.145439 1.229661 -1.896286
-0.211568 1.270601 -1.810140
-0.291003 1.298802 -1.794778
-0.296947 1.925009 -1.853867
-0.260856 1.859190 -1.319760
-0.262353 1.834919 -1.299752
-0.331479 1.215839 -0.580575
-0.404923 1.236385 -0.541944
-0.413537 1.224961 -0.588419
-0.376193 -0.072010 -0.004856
0.249121 1.166197 0.002626
0.213488 1.156984 -0.600210
-0.411339 1.128498 -0.585161
0.216478 1.095083 0.568762
0.290988 1.086822 0.542176
-0.261172 1.051344 -0.065402
-1.453639 1.689451 0.011673
-1.499458 1.676744 0.746437
-1.513868 1.004484 0.746689
-1.484455 1.000337 0.057683
-1.471918 0.994130 0.671967
-0.825511 0.965625 0.681605
-0.855115 0.290267 0.018640
-0.839882 0.283369 -0.040107
-0.799741 0.319663 -0.095873
-0.786717 0.343037 -0.073442
-0.808132 0.976068 0.008308
-0.828149 0.957057 0.048239
-0.820009 0.965836 0.015422
-0.800625 1.012920 -0.663173
-0.795112 1.676936 -0.668913
-0.827976 1.013364 -1.295494
-0.880570 0.963094 -1.989497
-0.901694 2.234698 -1.453819
0.392774 2.264073 -1.515715
-0.211451 2.272273 -1.485630
-0.206753 2.929053 -1.406612
-0.190575 2.271401 -1.389892
1.123485 2.289617 -0.802191
0.557367 2.334087 -0.131687
0.612142 2.346169 -0.078958
1.256518 2.312446 -0.025632
1.230524 1.665616 -0.058024
1.210228 2.363094 -0.134879
0.609002 2.386455 -0.148823
0.625757 2.970727 -0.726787
0.611247 2.949443 -0.672758
1.258250 2.959593 -0.688892
1.289461 2.966540 -0.752466
1.373728 2.956451 -1.418104
1.429576 2.296444 -2.766097
1.411170 2.280476 -2.163343
1.967596 2.288848 -2.192651
1.926256 2.955558 -2.224738
1.301034 3.591760 -2.224043
1.281939 3.584260 -1.574621
1.223481 2.996332 -1.531572
1.231659 3.035822 -1.509994
0.579967 3.046235 -1.510893
1.255877 3.062576 -0.835721
1.277493 3.080466 -0.782126
0.611077 3.082622 -0.753856
-0.063854 3.719910 -2.013222
-0.081715 3.712309 -2.013068
0.541901 3.709623 -1.986366
-0.142447 3.689974 -1.946626
-0.863604 3.656542 -0.624478
-0.901356 3.631348 -1.267948
-0.257511 4.245216 -1.288384
-0.178833 4.293873 -1.285102
-0.199941 3.705172 -1.281678
-0.898934 3.676676 -1.288927
-1.556308 3.587391 -0.637854
-0.913413 3.586037 0.005750
-0.271870 3.635585 0.008473
-0.976832 3.645140 0.002987
-1.657261 3.579097 0.613122
-1.005981 3.505460 0.601222
-0.338251 3.495887 0.598567
-0.299011 2.889203 0.603462
-0.901129 2.899635 1.246159
-0.224081 2.856325 1.237434
0.450184 2.811041 2.562919
-0.175623 2.823745 1.934238
-0.170809 2.855391 2.568485
-0.787591 2.862587 2.562841
-0.762402 3.482232 2.557736
-0.066861 2.800210 2.564053
-0.010834 2.806168 2.593458
0.034984 2.804721 1.986642
0.058553 2.796838 2.004281
0.057249 3.427405 2.019761
0.054028 2.756468 2.043773
0.039548 2.753566 2.646054
-0.004936 2.118121 3.339938
-0.071481 2.087200 3.310704
-0.112381 2.707606 3.278071
-0.098198 2.686381 3.267592
-0.078500 2.691647 3.256408
0.535106 2.704923 2.616649
1.103434 2.715382 2.613879
2.384011 2.721350 2.622366
2.433594 2.730102 2.643318
1.828874 2.100286 2.650230
1.761046 2.111310 2.638100
2.294466 1.461610 2.017615
2.275176 2.104439 2.025209
1.706253 1.486027 2.045842
1.090771 2.122467 2.065539
1.056898 2.170789 2.068552
1.595928 2.185863 2.053711
1.603401 2.828147 3.311927
1.066477 2.857888 3.317732
1.072677 2.909498 2.671024
1.013386 2.920844 2.641392
1.582698 1.576459 3.255953
1.005930 1.525826 3.246104
1.753205 2.141615 3.254882
1.794945 2.196782 3.247906
1.776572 0.952166 3.214451
1.781238 1.516689 3.198010
1.848125 1.477827 3.214780
0.536828 0.851404 3.218163
0.551781 0.288634 3.203714
0.542903 0.895606 2.545478
0.559268 0.172953 3.208848
0.611326 0.746127 3.255329
0.646475 0.751235 3.263930
1.279771 1.384671 3.260979
1.251825 0.689472 3.238730
1.264263 0.626165 3.884515
0.046366 1.288844 2.676835
0.084999 1.983005 3.307587
0.694181 2.039074 3.264285
0.628907 2.037922 3.859150
-1.381203 2.018167 3.865455
-2.636652 2.032446 3.896166
-2.575159 2.070925 3.905182
-0.528573 2.091940 3.863079
-0.605235 2.703308 3.822786
-0.677136 2.695772 3.829431
-1.915176 2.735447 2.586546
-1.222158 2.809616 2.542269
-1.209711 2.876903 2.480960
-1.310518 2.258994 1.825541
-2.094714 2.236041 1.868640
-2.128726 3.510369 1.240886
-2.738738 3.518447 1.212305
-2.113565 4.786224 1.134800
-2.216484 4.708686 1.731617
-2.312386 5.322451 1.789540
-1.659691 5.337180 1.177754
-1.572302 4.777973 0.555199
-1.523095 4.807663 1.159332
-1.587284 4.102138 2.494171
0.171596 4.071544 2.593828
-1.032232 4.093342 2.622743
-0.901960 4.793588 2.549961
-0.208765 4.795161 2.480887
0.367901 4.750999 1.247551
0.307944 4.703263 1.319222
0.357200 3.418862 0.079142
0.434963 3.500280 0.706134
0.432850 3.554777 0.724399
0.340310 4.150696 2.126083
0.267408 4.118100 2.174439
0.292712 4.140098 2.152682
0.366841 3.550446 2.029555
0.397428 2.895333 1.363568
0.370079 3.447128 1.331615
0.353340 3.388842 0.694120
1.014534 3.409304 0.683734
1.055672 3.473580 0.662168
0.401806 3.493542 0.664572
0.329149 3.435602 0.683781
0.959676 4.004702 0.681526
0.415048 4.011797 0.662497
0.487202 4.681765 0.655037
0.520840 4.672922 0.022827
0.516383 4.611456 0.025435
0.553620 3.970268 0.023722
0.591651 4.022734 0.062400
1.260818 4.720102 0.121410
1.257485 4.115456 0.198013
0.580431 3.492898 0.854119
0.577981 2.885723 0.191378
0.602765 2.929817 0.835388
0.625640 2.971121 0.871978
0.628453 2.954719 0.878754
0.623565 2.900573 0.812117
0.614473 2.867952 0.082714
0.605944 2.900887 0.062283
0.592931 2.952937 0.102850
-0.099656 3.589055 0.775694
-0.155419 3.572102 0.746463
-0.233423 3.573794 1.336270
-0.280830 3.594896 1.310353
-0.289364 3.578973 1.308305
-0.285992 3.527278 1.270527
-0.307755 3.493431 1.178759
-0.339181 4.182283 1.110338
0.319365 3.520838 1.144714
0.302214 3.494283 0.576272
-0.329700 2.848319 0.592708
-0.396136 2.854054 -0.091551
0.196465 2.874876 -0.115792
-0.502056 2.853683 -0.095854
-0.476387 3.428878 -0.099948
-0.438307 3.382609 -0.142963
-0.442974 3.423020 -0.197258
-0.457738 4.186373 0.414799
-0.441187 4.228175 0.456058
-0.400494 3.536745 -0.154200
0.261650 3.554992 -0.141816
-1.060647 4.946570 -0.158608
-1.111690 5.021555 -0.162328
-1.745142 3.712572 -0.129241
-1.690673 3.665446 0.554037
-1.663171 3.641196 1.884579
-1.679732 3.652185 2.560703
-1.686243 3.039555 1.886463
-1.007231 3.040991 1.877359
-1.593834 2.989719 1.914914
-1.602224 2.954250 1.985112
-1.665996 2.977834 2.017551
-1.717690 3.011109 2.004822
-1.081608 3.610783 2.612213
-1.060121 3.520491 1.954335
0.243923 3.465077 1.344043
0.866076 3.465493 1.316852
0.862315 2.914220 1.228859
0.956083 2.932067 1.149043
1.640991 2.927460 1.144091
1.608965 2.959634 1.183533
0.334452 2.327035 1.190512
0.355995 3.751351 1.153629
0.428056 3.738430 -0.144179
0.470344 3.732429 -0.110109
0.456671 4.386121 0.540787
1.088564 4.379681 0.539902
1.140202 4.330266 0.523036
0.588530 3.664562 0.534545
-0.039378 3.676344 0.589387
-1.348442 3.695871 -0.019623
-1.412280 3.070188 -0.011491
-2.037499 3.625352 -0.010492
-2.036592 3.589894 -0.635007
-2.039214 2.963632 -0.594881
-1.414498 2.298976 -0.580209
-1.439589 2.233490 -0.589629
-1.431199 2.165052 0.010132
-1.376080 2.161841 0.017359
-1.344997 2.829887 0.029153
-1.378894 2.835770 0.013642
-2.081552 2.824504 -0.004955
-1.516479 4.109882 0.677280
-1.486695 3.523804 0.744623
-2.131191 2.921404 0.795564
-2.135266 2.933239 0.785935
-2.148054 2.927482 0.763726
-2.138171 2.956804 0.787449
-1.493729 3.627805 0.849584
-1.504478 3.649634 1.478506
-1.551650 2.938163 1.434038
-1.607003 3.581629 1.408019
-2.269441 4.951229 0.803970
-2.267116 4.986147 0.866196
-2.255919 4.987107 0.852002
-2.230550 3.661787 0.768044
-2.189496 3.641983 0.699822
-1.504137 4.325467 0.083544
-1.490310 4.366436 0.100805
-1.515494 4.353524 1.316063
-1.545752 4.315406 1.197764
-1.559127 3.671520 0.494002
-1.562791 3.694399 0.524986
-0.301245 3.710913 0.584136
-0.305787 3.691835 0.549694
-0.251121 3.000620 0.443772
1.699700 2.372349 0.393215
1.750138 3.003998 0.441699
1.731780 2.995322 0.492194
1.698825 2.956831 0.444502
-0.151363 2.921832 0.353617
-0.744815 2.261759 0.342432
-0.748438 2.869723 0.432074
-0.791697 2.834104 0.501705
-0.199255 2.815956 -0.192739
-0.765962 2.220659 -0.268362
-0.055445 2.260016 -0.264484
-0.011782 2.273543 -0.197884
-0.624773 2.258272 -0.177093
-0.642933 1.627402 -0.224358
-0.662360 1.631468 -0.271252
-0.041466 2.941868 -0.241264
-0.066452 2.961972 -0.165985
0.484213 2.958794 0.533350
0.427834 2.321674 0.512115
0.428803 2.992819 0.477422
0.487299 3.042702 0.511682
0.542384 3.065051 0.564932
0.533484 2.434750 0.560188
0.495533 2.391290 -0.183517
1.079771 2.395214 -0.245283
1.095797 2.431602 0.417363
1.109756 2.431572 0.454420
1.093517 2.397391 0.430101
1.074355 3.007955 0.334688
1.092017 3.063682 0.267764
0.542358 3.101669 0.926103
0.597823 3.119552 0.921114
0.002456 1.170384 0.854268
1.263475 0.513320 0.753751
1.862077 0.541212 0.722124
1.204408 1.210572 0.774082
1.180732 1.208515 0.828083
0.540805 1.198701 0.829298
1.136139 1.226897 0.807418
1.770332 1.281289 0.835718
1.787058 1.930264 0.891329
1.799987 1.907409 0.904563
2.442112 1.918272 1.531650
2.454739 2.566361 1.518591
2.451920 2.580121 0.909477
2.427855 2.561795 0.983630
1.788262 3.185696 1.019727
2.378446 3.236942 1.013962
1.169925 2.654638 0.369273
1.172472 2.077541 0.429795
-0.752030 2.074920 1.106969
-0.753749 2.065106 1.082151
-0.151789 2.717092 1.042109
-0.151323 2.777983 1.651475
-0.154882 2.152093 1.667444
-0.174085 2.050078 1.650244
-0.153723 2.586444 1.597887
-0.122284 2.636190 1.579251
-0.735977 2.087762 1.608155
-0.751007 1.429701 1.629918
-1.374211 1.327019 1.626298
-1.337448 1.250969 1.599924
-0.696840 1.284122 1.592755
-0.688275 2.026776 1.585315
-1.297771 2.069790 1.546586
-1.292637 2.026281 1.494776
-0.636700 2.019193 1.469179
-0.571136 2.094250 0.828103
-0.546349 2.172406 0.248504
-1.186289 2.172926 0.236474
-0.605516 2.692235 0.235408
-0.594272 2.622872 0.263218
-0.579656 3.273408 0.875586
-0.605452 3.326923 0.849677
-0.670621 3.313467 1.429956
-0.709452 3.224800 1.444869
-0.705625 3.164328 1.461132
-0.676884 3.807252 0.831720
-0.711029 3.882972 0.813164
-0.767957 3.898414 0.762459
-0.792681 3.884882 1.374013
-0.767840 3.917650 1.370420
-1.402670 3.994578 0.719784
-1.424195 4.051497 0.696243
-1.468030 4.031728 0.648945
-1.482347 3.989970 1.279482
-1.447262 3.987434 0.642268
-1.428101 4.648312 0.676593
-1.445119 3.991865 0.695996
-1.462786 3.947168 0.707785
-1.444141 3.927698 0.730620
-2.028053 3.298741 0.125019
-2.043186 3.307828 0.134386
-2.098889 3.254121 0.134449
-2.155896 3.167394 0.141580
-2.165821 3.134618 0.176512
-2.129128 3.181117 0.221921
-2.111586 3.249922 0.255381
-2.126530 3.906169 0.290204
-2.139443 3.226215 -1.021191
-2.094685 1.971990 -0.984339
-2.012378 0.176549 -0.345123
-1.965302 0.886499 -0.373510
-1.970924 -0.392178 -0.390241
-0.727889 -0.431244 -0.382718
-0.714946 0.184712 -0.388066
-0.668756 0.233412 -0.443674
-0.617336 0.970950 -0.509934
-0.587021 1.001166 -1.139811
-0.593679 0.966800 -1.103378
-0.604015 0.925117 -1.091134
-0.571425 1.539308 -0.522807
-1.112178 2.218584 -1.185553
-1.053539 2.202860 -1.172020
-0.437677 2.133592 -1.122399
-0.480083 2.064080 -1.727494
-1.794266 2.065609 -1.775929
-1.763367 2.116793 -1.839477
-1.742896 2.123980 -1.860860
-1.174171 2.049865 -1.831392
-1.272330 1.976299 -1.796266
-1.301261 1.999143 -1.215035
-1.238972 2.098421 -1.259058
-1.171792 2.156226 -0.653625
-1.179309 2.097827 -0.613533
-1.250553 2.014672 -0.562792
-0.639621 1.400473 -0.547301
0.001117 1.523088 -1.233805
0.076735 0.924981 -1.272949
0.070255 0.874608 -1.268398
-1.397084 0.785084 -1.218121
-0.840790 0.762249 -1.166230
-0.769964 0.813503 -1.160916
-0.679831 0.834901 -1.186470
-0.677369 0.763252 -0.556646
0.516519 0.670477 -0.512590
0.524456 0.677089 -0.458778
0.575370 0.804619 -1.096156
0.593434 0.919021 -1.104651
0.544994 0.957016 -1.128899
0.456524 0.955511 -1.145557
1.737785 0.968494 -1.146609
1.726831 1.001459 -0.491563
1.768702 0.382961 -0.504797
1.787617 0.350728 -0.536128
2.370404 0.341967 -0.549947
2.357590 0.970929 -1.130825
2.391244 1.014161 -1.081424
2.421605 1.065087 -1.046958
2.398114 1.073140 -1.049645
2.334817 1.024850 -1.710795
2.297244 0.967245 -1.667643
2.310784 1.615688 -2.218311
2.341692 1.662337 -2.160589
2.334601 1.654360 -2.165477
2.289556 1.588075 -2.207025
2.256202 0.888106 -2.226310
2.874105 0.951828 -2.208413
1.592544 2.358294 -2.189107
0.926934 1.744791 -1.574301
2.138832 2.264811 -1.629345
2.101982 0.276998 -1.661232
1.452394 0.949345 -1.662350
1.420518 0.975361 -1.038530
1.408718 0.914997 -1.671971
1.422421 0.812366 -1.689501
0.860886 0.752809 -1.687044
0.873776 0.110609 -1.672053
0.876662 0.128495 -1.647684
0.882291 0.129259 -1.631373
0.910705 -1.722648 -1.620091
0.961905 -1.705273 -1.599430
0.994113 -1.044943 -1.568438
0.993211 -1.042471 -1.524575
1.618444 -1.070686 -1.488768
1.654834 -1.092928 -0.842791
1.729632 -1.099092 -0.832633
1.800077 -0.453931 -0.838838
1.821708 -0.455543 -0.854728
1.821889 -0.456606 -0.223370
1.240330 -1.075423 -1.561363
1.271773 -1.642662 -1.611804
1.275224 -1.610082 -1.642660
1.222256 -1.597572 -1.643691
1.768113 -1.602577 -1.648754
1.754119 -1.614111 -1.686469
1.156133 -1.621444 -1.732260
1.143185 0.283737 -1.743748
1.113950 0.315162 -1.718429
1.094511 -0.310062 -1.693332
1.072523 -0.312386 -1.680266
1.038749 -0.315285 -1.656583
1.015526 -0.292831 -2.248231
1.029035 -0.264872 -2.189945
1.029260 -0.269411 -2.170644
1.025847 -0.895559 -2.180100
1.002961 -0.925058 -1.538710
0.993699 -0.925669 -1.508130
1.674925 -0.908095 -1.482682
1.709637 -0.906011 -1.481353
1.709960 -0.263229 -1.499004
0.440759 -0.278210 -1.506185
0.440982 -0.279878 -1.488794
0.449210 -0.884520 -1.484112
0.454467 0.352743 -1.519592
0.427472 1.010436 -1.572672
-0.261628 0.944176 -2.212029
-0.297364 0.355594 -1.560035
0.332855 0.376638 -1.535761
0.359330 1.034502 -2.190977
0.357396 1.691114 -2.207901
0.341202 1.718377 -2.176875
0.351183 1.733722 -2.121496
0.382452 1.099440 -2.107352
0.390568 1.109576 -2.135546
0.342740 0.468166 -1.500155
0.298661 0.441626 -1.453137
0.300220 1.026027 -1.399679
1.599311 1.003854 -1.399847
2.247545 1.632819 -1.444596
2.196771 2.228926 -1.457412
2.167924 1.573507 -1.417025
2.207492 1.530639 -1.385890
2.917672 2.113897 -1.426352
2.914877 2.087504 -1.511671
2.860906 0.829136 -1.563113
1.590648 0.815396 -1.567459
1.027984 1.995013 -1.572527
1.070889 0.739185 -1.631567
1.040157 0.113291 -1.716163
0.999276 0.165780 -2.394524
1.042076 -1.035796 -2.395271
1.124886 -1.012828 -2.392248
2.395478 -0.991810 -2.424897
2.326573 -2.262929 -2.476051
2.269503 -2.236711 -2.502518
2.301974 -2.858254 -2.473976
2.364581 -2.831554 -2.429588
2.362460 -1.565421 -2.412364
2.931120 -1.538679 -1.747159
2.906481 -1.518044 -1.739039
2.959309 -0.237048 -1.693947
3.016968 -0.206759 -1.651766
2.997369 -0.169049 -1.649788
2.926099 0.481817 -1.691329
2.903039 0.489559 -1.089443
3.582414 0.485781 -1.075154
3.629007 0.509362 -1.054689
3.601702 1.188402 -1.061085
3.526608 -0.115571 -1.088388
3.489962 -0.175460 -1.095596
3.513629 -0.235240 -1.051923
3.547319 -0.211714 -0.414617
2.898195 -0.173150 -1.722546
2.844694 -0.788017 -1.801799
2.807065 -1.501766 -1.826856
2.814238 -0.870264 -1.822095
2.843963 -0.825427 -1.861506
2.841373 -0.753868 -1.939728
2.802513 -0.740444 -1.963354
2.110717 -0.210206 -1.249943
2.131664 -0.936020 -1.164505
2.154156 -0.944922 -1.168331
2.135935 -1.505972 -1.221750
2.093030 -0.897772 -1.209598
2.083372 -0.300280 -1.131760
2.125486 -0.340473 -1.098210
2.148897 0.300743 -0.521710
2.110247 0.373537 -0.546576
2.061359 0.401715 -0.478322
2.095469 0.370038 -1.021049
2.181237 0.358701 -0.992618
2.212173 0.410356 -1.699119
2.152794 0.481036 -1.742293
2.078542 0.526782 -1.723873
2.084816 -0.132952 -0.411482
2.133352 0.541721 -0.445399
2.119746 0.612250 -0.536136
2.653172 0.048013 -0.569532
2.561834 0.076845 -0.525300
2.597228 -0.572814 0.144710
2.700806 -0.547340 0.128936
2.749153 0.130455 0.734058
2.697391 0.744602 0.729835
2.642066 0.113868 0.737390
2.664726 0.757083 0.707373
2.726696 0.149007 0.648115
2.737054 1.485348 0.601194
2.678537 2.138940 0.576773
2.637999 2.125261 0.569373
2.093657 2.046418 0.576924
2.176399 3.261090 -0.033351
1.589160 2.623171 0.009171
1.546625 2.639160 -0.602965
1.495735 2.587711 0.011978
0.873523 2.512278 -0.064510
0.917860 2.485309 -0.682208
0.917991 2.507459 -0.639027
0.854425 3.153632 -0.633447
0.794063 3.156254 -0.613006
2.082770 1.913989 -0.528701
2.102460 2.474965 -0.402690
2.102308 2.461245 0.919761
2.057657 3.080945 2.216079
2.013127 3.031550 2.171220
2.005208 1.668663 2.126094
2.020580 1.618759 2.123326
2.007387 1.002012 2.129999
1.959953 1.007512 2.097575
1.937939 1.010036 2.067414
1.339136 0.999123 2.091566
1.395269 0.993672 2.809321
1.428625 0.980472 2.895337
1.441022 0.343406 2.899594
1.466777 1.522073 2.833747
1.526989 1.489667 3.426369
1.601676 1.493988 3.386366
2.277861 1.516010 3.986507
2.272991 1.541456 3.273942
1.628653 1.574832 3.213960
1.655108 2.200618 3.196129
1.717856 1.589631 1.985979
1.756169 2.198622 1.410326
1.137045 1.535104 1.413582
1.105792 1.529894 1.366757
1.692876 1.533031 1.933489
1.756955 1.533583 1.927212
1.805077 1.525110 1.963433
1.164265 0.875018 1.979109
1.125583 0.932012 2.622659
-0.140708 1.013688 2.646062
-0.103975 1.054356 2.741604
-0.085139 1.010120 2.869209
-0.100852 0.930291 2.924388
-0.138380 0.886712 2.890711
-0.161925 1.559938 2.848175
-0.156759 2.931866 2.153324
-0.791875 2.862929 2.183774
0.528220 2.268382 2.168115
-0.799565 2.364312 2.104342
-0.810221 2.475347 3.320654
-0.800220 1.891796 3.354529
-0.771444 2.462719 2.753288
-0.771080 2.425799 2.725534
-0.805474 1.806684 2.653200
-0.820711 2.410814 3.167282
-0.145962 2.996183 3.130915
-0.072737 2.976394 3.113522
-0.059954 2.312811 3.095435
-0.120891 1.029618 3.084662
-0.192168 1.094259 3.116141
-0.211598 -0.083809 3.171886
-0.831633 -0.047273 3.207314
-0.859606 -0.738783 3.197794
-0.943919 -0.818509 3.190383
-0.357098 -0.209446 3.212886
-0.353586 -0.190991 3.826289
0.334440 0.491079 4.471370
0.315621 0.502279 4.429759
-0.396636 0.487537 4.424842
-0.415012 1.827708 4.458216
0.259331 1.928223 4.485374
0.308762 2.651964 4.483468
0.979082 1.260724 2.593525
0.945030 1.197249 2.604983
0.935334 1.841351 2.598217
0.969545 1.870234 2.585715
1.019476 1.881041 2.588274
1.056760 1.865469 2.602658
-0.211944 1.218540 2.622898
-0.205315 1.240094 2.646876
-0.165654 1.291976 2.661679
-0.737953 0.764878 2.668436
-0.708102 1.408623 1.458364
-0.726440 0.774162 1.503783
-0.763599 -0.498851 1.546038
-0.781009 0.099163 1.543646
-0.105170 0.117899 1.504350
-0.118791 0.128127 2.794470
-0.160959 0.111289 2.797173
-0.245689 0.100154 2.806171
-0.278059 1.383112 2.788994
1.006728 0.823802 2.740426
0.986972 1.478753 2.692665
0.963745 0.851596 2.673497
0.939121 1.942359 2.664481
