-1.532516 -1.347631 -0.702957
-1.501315 -0.156360 -1.372236
-1.438687 0.395351 -1.366946
-3.406962 0.428387 -1.361037
-3.447584 1.102052 -1.361891
-3.456019 1.095234 -1.373185
-2.794032 1.040783 -1.371579
-2.813834 1.051359 -1.352283
-2.871051 -0.093128 -1.340331
-2.937119 -0.022641 -1.347433
-2.341916 0.567009 -1.365128
-1.695776 0.516606 -2.000136
-1.701392 0.494646 -2.008854
-1.679936 -0.107904 -2.016547
-0.277768 -0.077799 -2.033533
-0.251147 -0.109230 -2.651902
-0.198874 -0.184771 -2.644515
-0.831986 -0.825516 -2.027434
-0.831708 -0.817121 -2.033647
-0.836638 -0.141781 -1.395601
-2.696092 -0.146645 -1.392917
-2.694565 -0.167041 -2.020480
-3.919207 0.476956 -2.009130
-2.608908 1.153616 -2.040282
-2.580288 0.492618 -0.115648
-3.191197 0.462416 -0.151731
-3.185742 0.441977 -2.067368
-2.559488 0.453407 -2.005752
-2.561360 0.471994 -1.980472
-2.503975 0.453368 -2.600996
-2.467280 0.415945 -1.973877
-2.452036 -0.871845 -0.686680
-1.825721 -0.863482 -0.700399
-1.829412 -0.905284 -0.751548
-1.798720 -0.303751 -0.148615
-3.072312 -0.337505 -0.170190
-3.738360 -0.995079 -0.174831
-3.783778 -1.031685 -0.179381
-4.455076 -1.049484 0.452920
-4.429719 -1.021369 0.455205
-3.759303 -0.974938 0.480184
-3.113050 -0.340759 1.135997
-2.550037 -1.001197 -0.147030
-1.859976 0.316066 -0.153321
-1.210424 0.353158 -0.167542
-1.197350 0.388876 0.491510
-1.200449 1.019267 0.483255
-0.562213 0.983168 0.472119
-0.549880 1.613654 0.465816
0.129992 1.055426 1.108204
0.142469 1.119998 1.126944
0.146093 0.472590 0.467075
0.154666 0.439841 -0.183962
0.171591 0.439105 0.448937
0.186394 0.476181 0.378512
-0.461999 -0.112084 0.323053
-0.457583 -0.143571 0.275712
-0.442864 0.455722 1.408891
-0.452940 0.466631 0.732807
-0.456742 -0.125435 0.710351
-1.089334 0.529018 0.107959
-1.085729 0.497762 0.135717
-1.112458 -0.777689 1.428437
-1.131448 -1.399464 1.395921
-1.115791 -1.435553 1.401579
-0.482191 -1.485852 0.833010
0.132033 -1.516793 0.223426
0.110595 -1.522918 1.506422
0.134271 -1.493278 1.518478
-0.458834 -1.462602 1.577103
-0.447525 -1.467146 1.016481
-0.460237 -1.480625 1.085338
0.196152 -0.240725 0.424573
0.247837 -0.198557 1.043398
0.254731 -0.227147 1.060001
0.797035 -0.272222 1.146461
0.103717 -0.302100 1.210525
0.103102 -0.280154 1.836284
0.120013 0.396235 2.463831
0.112020 -0.239680 3.157795
0.081169 -0.251763 3.208749
0.061346 -0.263900 3.215343
0.084460 0.398284 3.176407
-0.513961 0.415358 3.143832
-1.136106 1.038168 3.152828
-1.166335 1.618772 3.183815
-1.772882 1.600846 3.184390
-1.746362 1.632422 3.782548
-1.077792 1.654753 3.158647
-1.061658 1.629798 3.185975
-1.053953 0.974439 3.218843
-1.032056 1.651623 3.216305
-0.999250 0.379192 3.179643
-0.350941 0.345781 2.505881
-0.334572 0.278363 2.471068
-0.326053 0.878730 2.467499
0.288291 1.564011 2.470712
-0.888751 1.593789 1.147798
-0.920711 0.911266 1.137916
-0.408533 -0.379061 0.519723
-0.421063 -0.361077 1.147726
-0.421652 -0.318707 1.189407
-0.444089 -0.286350 0.598816
-0.477626 -0.289765 0.569681
-0.500304 -0.302933 0.547543
-0.501632 -0.299645 1.830644
-0.507094 -0.916610 1.855738
-0.539046 -0.889610 1.863966
-1.226785 -0.891170 1.833669
-1.252204 -0.907334 2.414292
-1.850986 -0.899434 2.430455
-1.852706 -0.864638 2.419318
-0.681363 -0.851987 2.362817
-1.321442 -0.877631 2.300780
-1.274212 -0.917188 2.271825
-1.246785 -0.929570 2.264391
-1.252184 -0.299390 2.240054
-1.261162 -0.288020 2.198471
-1.222616 -0.299639 2.169993
-1.157286 -0.308133 1.533672
-1.132964 -0.295029 1.517607
-0.520768 0.925748 1.480072
0.092338 1.478026 1.444427
0.103373 0.862299 1.427590
0.140166 1.457974 1.402499
0.140675 1.452737 1.353618
-0.526669 2.064754 1.304498
-0.550992 1.508418 1.307000
0.109497 0.902882 1.998172
0.123656 0.206661 2.053512
0.095516 0.202987 2.085068
0.024356 -0.447291 2.106068
-0.042079 0.177736 2.153775
-0.691495 -0.496247 2.233079
-0.666447 -0.553928 2.264752
-0.665078 0.082437 2.252124
-0.693869 -0.494427 2.241021
-0.715684 -1.112361 2.259564
-1.973305 -3.682782 2.294062
-3.150969 -3.645286 2.324808
-3.751431 -3.603521 2.334194
-3.777746 -1.624531 1.716662
-3.795626 -1.571273 1.745721
-2.493535 -1.578374 2.422052
-2.420821 -1.040621 2.415002
-1.708076 -1.150533 2.368980
-1.138836 -1.206322 2.948236
-1.177968 -1.190085 3.553475
-0.521221 -1.179736 2.903595
-0.464189 -0.519636 2.892273
-0.432766 0.143890 3.546221
0.134828 -0.434447 3.562911
-1.359227 -0.362896 2.990421
-0.774670 -0.352799 3.052054
-0.757415 1.443313 3.080110
-0.679200 1.438043 4.394549
-0.711350 0.859118 4.354995
-0.800351 1.574054 4.395856
-0.804588 2.229935 3.155824
-0.701602 1.562148 3.132251
-0.624840 1.601999 2.427974
-0.664634 1.707964 2.386934
-0.747345 1.777127 2.430849
-0.728335 1.129727 3.155000
-0.630349 1.031348 3.156512
-0.587152 0.978108 3.084055
-0.015525 0.997690 3.667711
0.550986 1.027628 3.691746
0.585391 -0.205170 3.731344
0.665463 -0.194562 3.711007
-0.633936 -0.755435 3.662518
-0.718149 -0.659540 3.656613
-0.793311 0.056490 3.718075
-0.755688 0.005921 3.776203
-1.899326 -0.056122 4.439181
-1.901591 -0.728179 3.764066
-1.278360 -0.730617 3.755589
-1.259627 -0.713965 3.106477
-1.172550 -0.706156 3.109033
-1.120402 -1.348542 3.106649
-1.162957 -0.652213 3.046594
-1.234463 -0.600911 3.012098
-1.254699 -0.601208 2.995636
-1.229683 0.600227 2.939920
-1.907572 0.471037 2.852696
-2.005982 1.609642 2.792569
-1.447998 1.558017 3.433912
-1.430755 1.524376 3.462981
-1.374887 1.494292 2.268726
-1.370766 2.153004 2.262743
-1.419081 2.243082 2.257734
-2.687973 1.058837 2.270887
-3.316757 0.539241 1.619743
-3.294087 1.207264 1.592186
-3.296973 1.163070 1.556658
-3.318497 0.449688 1.508548
-3.969500 0.371054 0.904986
-3.901004 -0.271725 -0.297411
-3.807295 -0.251017 0.348185
-3.766345 -0.261083 0.339830
-3.759520 0.317141 1.001888
-3.722430 -0.284022 -0.844000
-3.012532 -0.276330 -0.841412
-2.978704 -0.271773 -0.889872
-2.999718 -0.300120 -0.923729
-3.043510 -0.362736 -0.894279
-3.073620 -0.417055 -0.207915
-3.068515 -0.407332 0.413405
-2.383932 -0.355158 0.400657
-2.370068 -0.312239 -0.147350
-2.340903 -0.292760 0.594046
-2.947873 -1.484330 0.609538
-2.295320 -0.202564 0.579605
-2.337647 -0.138877 -1.351592
-2.361542 -0.123158 -1.364460
-2.350519 -0.185138 -0.712035
-2.995567 -0.863665 -0.722295
-1.766531 -0.814679 -0.744053
-1.798323 -0.696659 -0.752407
-1.812115 -0.612508 -0.732451
-1.794542 -1.232538 -0.101226
-1.772175 -0.630629 -0.108457
-1.797141 -0.600980 -0.133583
-1.839580 -0.531059 -0.151112
-1.862977 0.640390 0.480703
-1.185543 -0.057647 1.087926
-1.165363 -0.123816 1.692721
-1.190254 -0.129674 1.682133
-1.241624 -0.706986 1.694164
-0.614643 -1.328727 1.701594
-0.577746 -0.735963 1.667432
-0.539455 -0.759043 1.023485
-0.553300 -0.725934 1.007111
-0.585904 0.597073 1.037715
-1.182207 0.604470 1.073143
0.802672 0.533007 1.070718
0.848860 0.455419 1.063731
0.191238 -0.159543 1.094072
-0.489362 -0.136285 1.158763
0.163382 -0.114907 1.177366
0.857293 -0.118935 1.127871
0.881392 -0.096427 1.066827
-0.440086 -0.042657 0.438923
-0.491077 0.011238 0.436942
0.812358 0.623210 1.049712
0.206606 -0.058751 1.003748
0.219872 -0.083730 0.986731
-0.504886 0.524067 1.030453
-0.572105 -0.122686 1.086583
-0.581961 -0.791490 1.078130
-0.573785 -0.812765 1.637146
0.675553 -0.172723 0.949209
1.329046 -0.157597 0.928076
0.604902 0.497689 1.533197
0.561524 0.502217 1.485186
1.257239 0.497578 1.428807
1.950694 1.080669 1.423671
1.979200 0.361127 1.488761
1.959602 0.323987 1.560024
1.300386 0.344610 1.578288
1.925932 0.387411 1.565795
1.285627 -0.218290 1.590867
0.690579 -0.210743 2.325603
0.686812 0.448000 2.387649
0.660185 0.516398 1.749611
0.009624 0.010389 1.736312
0.048970 -0.045998 1.764438
0.081281 -0.152315 2.466343
0.719964 -0.815806 1.890018
0.670608 1.170857 1.879718
1.268352 0.002939 1.811794
1.296660 0.628303 1.748123
1.335713 0.602884 1.716762
1.996185 -0.745078 2.989704
1.944362 0.562473 2.938078
1.917670 0.581274 2.230399
1.950166 1.164737 2.848850
1.371849 1.093543 2.900283
1.378761 1.070636 3.595457
0.693480 0.495838 3.601639
0.694657 0.579893 2.281916
0.740564 0.592988 2.864522
1.424797 0.551287 2.873464
1.420253 0.535237 2.278122
0.755172 1.187192 2.260560
0.771156 1.210046 2.238773
0.825005 1.796655 2.927021
0.869665 1.691791 3.038106
1.502921 1.607165 2.493895
-0.484805 1.587477 2.535403
-0.481490 0.333080 2.527611
-0.425084 0.929007 3.137897
-0.412324 -0.343483 2.515178
-0.424284 -0.348794 2.466855
-0.454344 -0.303243 2.380051
-0.450479 0.323684 2.950588
-1.054336 -0.363606 2.972300
-1.666260 0.186736 3.040467
-1.725963 0.147278 1.856150
-1.778936 0.170543 1.230975
-1.766585 0.216106 1.248548
-1.736095 0.236009 1.964573
-1.740304 -0.423449 1.968951
-1.768572 0.239117 1.870210
-1.767463 0.925389 1.722683
-1.081548 0.317020 3.578150
-0.420142 0.264334 2.360782
-0.437577 0.837263 1.110514
-0.473671 -0.429409 2.392925
-1.799146 0.260525 2.389411
-1.778302 0.315401 1.156915
-1.778506 -0.349707 1.179542
-0.476867 -0.382151 1.144154
-0.503237 0.274343 1.072552
-0.482863 0.922299 1.676175
-0.475920 0.936117 1.036362
-0.522832 0.230016 1.051048
-0.572823 -0.485150 -0.181824
-0.560905 -1.104069 -0.145812
-1.120752 -1.057476 -0.114952
-1.061160 -1.006649 -0.674256
-1.044290 -2.251657 0.614926
-1.048539 -2.253612 1.252136
-1.658900 -2.224797 1.214088
-1.623157 -2.207083 1.180793
-2.936915 -2.206038 1.166766
-2.937517 -2.228960 1.144654
-2.984095 -2.263888 1.123871
-3.030052 -2.266456 1.103631
-3.036447 -2.228204 1.101651
-3.014988 -2.158022 1.113551
-2.993043 -2.729726 1.107166
-2.991735 -2.079871 1.076641
-2.994967 -2.063062 1.017880
-2.963313 -1.421263 0.959285
-2.912241 -1.424874 0.911305
-2.897421 -2.033406 0.269369
-2.287568 0.460436 0.273008
-1.711935 0.448137 0.299550
-1.700735 0.461585 0.334606
-1.652347 0.509642 -0.271760
-1.603642 1.861650 -0.250360
-1.589584 1.158689 -0.232243
-1.619679 1.112923 -0.227499
-1.642174 0.425909 0.382781
-1.646975 1.133834 0.349935
-1.629745 1.798997 0.973816
-1.680033 1.097790 0.969421
-3.042957 0.431223 1.013408
-3.077250 0.401845 1.082012
-3.004179 -0.240335 1.124873
-2.903100 -0.900317 1.157502
-2.890957 -2.112970 1.171429
-2.966079 -2.786984 1.145893
-3.669766 -2.816968 1.080981
-3.630217 -2.799205 1.014102
-2.909024 -2.756608 0.969194
-1.535091 -2.747459 0.947708
-1.619929 -2.071496 0.934454
-2.277434 -1.445625 0.922671
-0.761553 -1.381698 0.284469
-0.727845 -1.326356 0.335518
-0.736933 -0.016154 0.399215
-0.752265 -0.652100 0.404037
-0.727652 -0.664618 0.333737
-0.691762 -0.639390 1.538449
-0.090235 -0.599057 1.535265
0.462686 0.681148 1.568146
1.068083 0.636926 1.590018
0.472831 0.607571 1.602651
1.156808 -0.003912 1.647050
1.169282 -0.636146 1.735367
-0.321036 -0.634837 1.808723
-0.995005 -1.967211 1.199643
-0.937228 -2.019121 1.138389
-0.834276 -0.780987 1.088777
-0.824910 -0.157987 1.080194
-0.931722 -0.147613 1.718337
-1.028524 -0.158679 1.681105
-0.994263 -0.820644 1.651067
-0.892710 0.465509 1.682626
-1.487606 -0.720294 1.751128
-1.549582 -0.662896 1.764522
-1.602949 -0.038350 1.698937
-1.553875 -0.072392 1.614416
-1.460496 -0.639973 2.203741
-0.813492 -0.608179 2.243424
-0.906688 -1.205483 2.245003
-0.352251 -1.241795 2.197956
-0.967889 -1.306992 2.176917
-1.559371 -1.349020 2.243913
-1.571245 -0.748238 2.329430
-1.630945 -0.747142 2.337454
-1.658458 -0.759447 2.269815
-1.620722 -0.817587 2.227290
-1.582263 -0.877021 2.904333
-1.629713 -0.888859 2.977629
-1.738867 -0.865755 2.356468
-1.810579 -1.507574 2.324786
-1.786597 -0.954259 1.733650
-1.730595 -1.019705 1.809572
-1.733774 -1.031880 1.883057
-2.412003 0.239110 1.859094
-2.416158 1.525862 1.752126
-2.343367 1.504206 1.070688
-1.660300 1.468533 1.095614
-1.642603 1.471315 1.151296
-1.676579 1.542575 1.158544
-1.689992 2.258686 1.141756
-1.642305 2.290181 1.180516
-2.205831 2.290242 1.270986
-1.560791 2.321000 1.322028
-1.576253 2.401548 1.266037
-1.588546 2.469123 1.146439
-2.214340 1.772781 1.065355
-2.844849 1.082993 1.052727
-2.247076 1.054127 1.662958
-2.279164 1.117472 1.649778
-2.299944 0.568255 1.014401
-2.309156 0.581850 0.392700
-2.312199 0.528173 1.067196
-2.321101 0.499283 2.931456
-3.000063 0.550716 2.950413
-3.016147 0.614404 3.583787
-3.052599 1.218119 2.908489
-3.110522 1.140170 2.918787
-3.172170 1.094796 2.929226
-3.200042 -0.147833 2.899989
-3.201827 -0.050527 2.854556
-2.519911 -0.012040 2.850458
-2.502737 0.620389 2.882258
-2.474706 0.565882 2.898413
-1.764037 -0.697566 3.545657
-1.726643 -0.691745 3.481590
-1.687724 0.684159 2.817644
-1.668833 0.625885 2.159309
-1.685995 1.201063 2.132067
-1.704632 1.180715 2.057950
-1.689434 1.210967 2.008403
-2.332488 0.600159 2.048354
-2.314426 1.218187 2.128015
-2.336607 0.509628 2.156246
-2.354148 0.481151 2.131825
-1.065489 0.521195 2.137509
-1.033303 0.590322 2.215423
-1.065668 0.604127 2.295204
-1.157497 0.545165 2.290675
-1.212121 1.171783 2.219146
-1.176632 1.230030 2.187822
-1.130029 0.667497 1.620312
-1.155959 0.720682 2.262450
-1.219238 1.939067 2.214440
-1.238560 1.901825 2.767725
-1.190810 1.938041 3.353229
-1.154013 2.005253 3.364734
-1.194910 2.014809 3.382165
-1.276956 1.950729 3.349579
-1.298050 1.872720 2.647690
-1.232642 1.858969 2.009981
-1.827114 1.898098 2.028483
-1.850129 1.280101 2.054734
-1.899049 0.627513 2.061521
-1.898848 0.530098 0.753877
-1.847908 0.466623 0.071032
-1.812318 0.481058 0.698042
-1.837982 0.518705 0.748707
-1.897087 1.099550 0.824570
-1.913303 1.002515 0.213938
-1.875330 0.946935 -0.486209
-1.851215 0.987847 -0.521547
-1.201539 1.075263 0.116701
-1.251696 1.118402 -0.449150
-1.260748 1.098054 0.218496
-1.224718 1.060591 0.181391
-1.193361 1.053685 0.158607
-1.210666 1.715405 0.178070
-1.244418 1.730810 -0.395728
-0.602682 1.691387 -0.406720
-0.568906 1.046255 -0.456219
-0.554250 1.050253 0.177108
-1.221798 1.778968 -0.386255
-1.277925 1.847981 -0.307192
-1.299351 1.841701 -0.292465
-1.273475 1.804562 0.306299
-1.247195 1.809453 0.935557
-1.267193 2.492780 0.379893
-1.309335 1.919219 0.415208
-1.331948 1.259459 2.216236
-1.332952 1.227387 1.494529
-1.941808 0.621022 1.478341
-1.983616 0.684589 0.912864
-1.398260 0.694523 0.302605
-1.413513 0.635467 0.256171
-1.374222 0.597783 0.204457
-1.338273 0.621431 0.215453
-1.340857 0.653555 0.920464
-1.354123 0.639166 -0.301550
-0.719162 -0.043720 -0.342185
-0.683791 0.589130 -0.992419
-1.919073 0.647679 -0.327558
-1.926914 0.101375 -0.278971
-1.951463 0.097229 -0.265688
-1.943493 0.651338 -0.271202
-1.881006 0.568981 0.364350
-1.814726 0.603733 0.382011
-1.792248 0.646975 0.378077
-1.827273 0.643694 0.334502
-2.470193 0.611231 -0.391501
-1.873270 -0.644654 -0.427051
-1.275130 0.040976 -1.033224
-1.258906 0.112503 -1.019527
-1.924115 -0.466870 -1.033108
-1.957912 0.110378 -0.414378
-1.956819 0.049831 -0.373351
-1.907388 0.057244 -0.328558
-2.524506 0.104776 0.329509
-0.669391 0.144046 1.575249
-0.737204 -1.128673 0.222685
-0.785453 -1.171331 2.107853
-0.773405 -1.826011 2.132473
-0.721198 -2.499201 2.138845
-0.696701 -2.511125 2.108646
-0.727424 -1.904805 2.103722
-0.749066 -1.937843 1.540994
-0.699908 -2.584900 2.239355
-0.607092 -1.939021 2.923562
-0.558721 -2.609279 2.864685
0.068626 -2.601558 2.798320
0.044592 -2.594141 2.782442
0.077931 -1.309883 2.776664
0.138160 -1.354832 2.107467
0.755674 -0.812578 2.048249
0.053412 -0.785034 2.033385
-0.007008 -1.420857 2.062639
-0.009300 -1.424215 2.740247
0.021996 -0.870787 3.390811
-0.612814 -0.923490 3.337936
-0.656535 -0.936913 2.657628
-0.663922 -0.882964 2.671313
-1.317444 -0.865673 2.664752
-1.927724 0.349720 1.986510
-1.955320 -0.315735 2.000738
-2.004535 -0.357055 2.070747
-2.025548 -0.375803 2.152439
-1.996535 0.209660 1.585143
-2.609929 -0.484763 2.209746
-2.657050 -0.519770 2.211604
-2.046921 0.760809 1.634747
-2.045570 0.229659 1.673304
-2.003986 0.288903 1.642993
-2.002921 0.243953 1.569065
-2.051596 0.882294 1.557863
-2.734727 0.903400 1.652299
-2.715974 0.970851 1.755908
-2.044069 0.363205 1.764533
-2.043321 0.370612 0.418715
-2.103298 0.389781 0.420633
-2.151714 0.435919 0.485013
-2.142451 0.484289 0.520210
-2.774440 0.485385 0.471078
-3.423833 0.405184 0.390858
-3.453099 0.396760 0.380578
-3.456945 0.448487 1.747281
-3.428345 0.496320 2.487903
-3.392138 1.144060 2.461761
-2.738932 1.101544 2.370874
-2.731276 -0.818614 2.316877
-2.712984 -1.365936 1.687436
-2.681592 -0.638930 1.698564
-2.648144 -0.667152 1.023017
-2.626210 -0.729025 0.939643
-2.599723 -0.089473 -0.375317
-2.561947 0.577461 0.322348
-2.524367 -0.046365 0.382320
-2.500462 -0.087149 0.370368
-2.498961 -0.137537 0.315435
-2.512759 0.457351 0.906283
-2.524355 0.505105 0.947112
-2.515327 0.555722 0.959989
-1.250226 0.547143 1.518446
-0.606889 0.502589 0.805831
-0.647476 1.733428 0.792310
-1.335019 1.756456 0.855044
-1.364313 1.785830 0.909328
-1.399046 1.104350 1.573408
-0.805351 2.473661 1.539489
-0.839552 2.511028 1.533478
-0.850667 1.925593 1.551852
-2.094745 1.226435 1.528762
-2.049704 1.811517 0.786723
-2.663480 3.067184 0.717361
-2.701234 3.705507 0.133364
-2.696876 3.040318 0.214734
-2.638355 2.926499 0.272379
-2.582090 3.579589 0.922798
-2.587618 4.311871 1.548340
-1.974630 3.023980 1.530969
-1.974994 3.064850 1.504241
-2.532625 2.414808 1.448089
-1.832851 1.707510 1.370628
-1.859708 2.360323 1.327002
-2.568963 2.436031 1.339652
-2.617294 3.096185 0.769204
-0.672063 3.130299 2.014819
0.635073 1.910944 2.020174
0.578878 2.622194 2.039539
1.140468 2.686732 2.704574
1.066907 2.028402 2.710058
1.079033 1.984214 1.335667
1.141619 1.907735 1.317961
1.146109 2.486228 1.355269
1.077136 2.476822 1.401019
1.003381 2.510102 1.430975
2.251082 2.540751 1.466851
2.302339 3.768315 1.530627
2.287091 4.415233 1.599801
2.183903 4.457289 1.630290
2.113559 3.867586 0.932230
2.178459 3.901784 1.504389
2.273088 3.887104 0.852847
2.270111 3.278423 0.879637
2.191071 3.280396 1.553384
1.482221 3.316978 1.565107
1.528813 3.331118 1.584321
2.218933 3.304447 1.618786
2.139197 2.630033 1.639771
1.998931 2.652720 1.615925
1.949757 2.675410 1.541286
2.653468 2.660826 1.461591
2.112786 3.215561 1.413115
2.117643 3.177664 1.393307
1.995914 3.154811 1.390825
1.383525 3.144849 1.397245
1.509037 3.138686 1.418837
2.227076 2.519176 1.453702
2.160621 2.528719 1.483097
1.361369 2.518801 2.780880
2.626013 3.161005 2.133514
2.644569 3.144805 2.043035
4.129469 3.119243 1.981545
1.557346 3.065192 1.356962
1.479075 3.002612 1.411717
1.521404 3.111204 1.439146
1.635079 4.372119 2.099057
1.039607 4.423009 2.098919
0.986067 4.480533 2.153826
0.950391 3.289541 2.229299
1.646056 3.291916 2.248411
1.110532 3.937995 2.206586
0.487481 3.962659 2.176376
-0.116761 4.005052 2.222081
-0.084736 4.058994 2.313891
-0.007749 3.442181 2.379911
0.053472 3.500190 1.095359
0.053374 3.593710 1.139289
0.021401 3.690801 1.849066
0.596278 3.114126 1.282692
1.234066 3.115667 1.252500
1.253376 3.749847 -0.104617
1.266892 3.752548 -0.169871
0.631067 4.425883 -0.780965
-0.692422 3.779754 0.539419
-1.337416 5.043794 0.494217
-1.307215 5.017352 0.417304
-1.279393 5.019433 0.997299
-1.280721 5.056296 1.022918
-1.306852 4.437364 1.021803
-0.709454 3.765786 0.939874
-1.327009 3.663358 1.460720
-1.308068 3.584876 1.422308
-1.931342 2.950375 2.097902
-1.951432 2.952663 2.755440
-1.331565 2.916796 3.999987
-1.926936 3.501958 3.967218
-1.231152 2.889557 3.988680
-1.220390 2.982662 3.400639
-0.658250 3.052472 3.432344
-1.306484 3.040540 3.422811
-1.306165 3.621861 3.420887
-1.931929 2.937441 3.459899
-1.959655 2.946829 4.178777
-1.335961 2.960902 4.253176
-1.940128 2.941856 3.642409
-1.929523 3.543098 3.026562
-1.874976 2.903133 2.376240
-1.831108 2.946446 1.728361
-1.845054 2.971203 1.764556
-1.213589 2.960284 1.794812
-1.228765 2.889066 1.801348
-1.203886 2.766684 2.423196
-1.191589 2.758757 2.379070
-1.220782 2.760733 2.355497
-1.235276 3.400880 2.359633
-1.837826 3.377835 2.350159
-1.076043 2.687033 2.318453
-1.704050 2.696804 2.971585
-1.759460 2.743165 2.970882
-2.511569 2.794024 4.839976
-2.533062 2.793311 4.889505
-2.499809 1.410153 4.833650
-2.498421 0.171249 4.158900
-3.143204 0.236761 4.183996
-3.171253 0.370001 4.277872
-3.132061 0.455590 3.692496
-3.035393 -0.210474 3.673352
-2.960602 -0.236591 3.636428
-2.949074 -0.180888 3.048502
-2.296265 -0.072867 3.719680
-2.303308 0.607164 3.777897
-2.267817 0.514076 3.668682
-2.252650 0.415418 3.585662
-2.272630 -0.235473 3.601295
-2.317883 -0.136317 3.670641
-2.366674 -0.094072 3.677678
-2.394949 1.040050 3.721315
-2.395702 1.564691 3.646828
-2.390073 1.558596 3.004379
-2.409228 1.630983 2.372040
-3.090279 2.305212 3.009259
-2.458151 2.167633 2.402948
-2.433552 0.027926 3.078231
-3.051805 -1.270381 3.159911
-3.029388 -1.240822 3.267058
-3.056352 -0.595519 3.323530
-3.760043 -0.619830 3.328520
-3.739198 -1.264962 2.691791
-3.067152 -0.562680 2.737344
-2.398249 -0.498329 2.773881
-2.453432 0.157032 2.756150
-2.500201 0.101107 2.703180
-1.870075 -0.581496 3.330134
-0.530070 -1.170015 3.316812
-0.523405 -1.135099 3.990060
-1.202062 -1.129672 3.936812
-1.281129 -1.182137 3.871456
-0.626231 -1.243363 3.813902
-0.613025 -1.256705 4.383921
-0.601218 -1.239250 4.383424
-0.587982 -0.638040 4.322410
0.760613 -0.673632 4.287106
0.774692 -0.074793 4.306323
0.777636 -0.100953 4.368597
1.437567 -0.062786 3.763008
1.473417 0.004877 3.776056
0.841943 0.052710 3.799424
0.793571 0.045274 3.208532
0.737711 -0.616261 3.232421
0.721375 0.032506 3.831242
0.752597 1.405430 3.788890
0.787459 1.411646 3.784478
0.799677 1.342411 4.436317
0.810400 1.267200 4.468177
-0.418738 1.272853 5.139028
-0.409427 1.971957 5.134459
-0.429423 0.132557 5.147282
-1.138536 0.780398 5.158320
-0.512456 0.082030 5.124209
-0.518439 0.749947 5.030702
-0.525432 0.772189 4.942037
0.085092 0.723205 4.927385
0.100836 0.673701 4.958326
-0.556433 0.638099 4.286395
-0.582258 0.015296 4.229551
-0.008252 0.067876 4.841978
0.635090 0.099646 4.200762
0.050150 0.110553 4.217316
-0.577929 0.783050 4.167147
-1.240683 0.173678 4.121228
-1.241244 -0.463990 4.098896
-1.860738 -0.471073 4.176839
0.763946 -0.481088 4.241808
0.766949 -0.464936 4.282284
0.773923 -0.437596 4.275433
0.734269 -0.411955 4.256205
1.971418 -0.389134 4.267582
1.321612 -0.344969 4.295638
0.645921 -0.281462 4.316574
1.258615 -0.260805 4.258714
0.598004 -0.300423 4.832668
0.582649 -0.363319 4.832165
-0.013958 0.219285 4.851229
-0.012381 0.200111 4.228840
-0.058761 0.202023 3.549345
-0.072118 0.207254 3.545942
0.596418 0.834974 3.589303
0.653549 0.838658 3.627045
0.676788 0.843277 3.624726
1.324608 -0.477623 4.201995
0.734943 -0.531974 4.835774
1.466743 0.702724 4.903126
1.523224 0.625596 4.309232
2.158330 0.550132 4.317574
1.481534 0.494349 3.622504
1.456812 0.494971 3.615179
0.188122 0.535768 3.650741
0.194939 1.161286 3.684250
0.158791 1.165977 3.665316
-0.540476 -0.190125 3.632585
-0.565026 -0.160208 3.642404
-0.544548 -0.125368 3.709847
-0.526072 0.515559 4.473365
-0.555125 0.448753 4.497557
-0.555263 -0.855129 4.466343
-0.597059 -0.797737 3.775808
0.047039 -0.103385 3.776658
0.069897 -0.079876 4.478342
0.060851 -0.123060 4.549473
-0.646467 -0.746951 4.562524
-0.657066 -0.676130 2.696106
0.039165 -0.589371 2.746639
-0.469175 0.050067 2.102808
-0.409649 -0.014668 2.100803
-0.414013 -0.033676 2.678984
-0.408575 0.046771 2.671537
-1.010848 0.146014 2.089467
-0.950890 0.152772 2.112705
-0.938042 0.067422 2.103731
-0.331632 0.012399 2.717035
-0.327141 0.052494 2.704637
0.362700 0.107953 2.044761
0.417182 0.719978 2.013715
-0.214644 -0.050470 2.597238
0.281406 -0.102124 2.543214
-0.394981 -0.053263 2.527578
0.276481 1.302977 1.919138
0.275453 1.252700 0.716298
0.211239 -0.111513 1.300198
-0.471758 -0.152046 1.285692
-0.460946 -0.103802 1.849459
0.218878 -0.072079 1.824956
0.263646 -0.123131 1.121025
0.247418 -0.785335 1.072967
0.221817 -0.790568 1.068659
0.246262 -0.731587 0.441342
-0.310264 -0.069589 0.483230
-0.295617 -0.648339 0.515922
-0.327063 -1.252818 1.215649
-0.343467 -1.225554 1.300614
0.879233 -0.551691 1.351569
0.955610 -0.529827 1.321642
1.013673 0.119371 0.639870
1.012538 0.125116 0.627314
0.977255 0.776728 0.656622
0.332179 0.810727 0.651515
0.370045 1.487206 0.580379
-0.925482 1.474485 1.130209
-0.994779 1.426762 2.417724
-1.055694 2.035367 2.542818
-1.047773 1.437445 2.565475
-0.371039 1.401410 0.545248
-0.342143 0.697339 0.450857
-0.354025 0.677328 0.449062
-0.395652 1.312206 1.133744
-0.417441 1.319729 1.148690
-0.426891 1.954610 1.085197
-0.432206 1.966968 1.031975
-0.460947 1.985536 1.070270
-0.506499 2.004862 1.162795
-0.520228 2.003828 1.208246
-1.104548 1.977363 0.522203
-1.064084 1.964449 1.113059
-0.425175 1.311311 0.436084
-0.445329 1.309963 1.146994
0.210107 1.283050 1.202791
0.215187 1.258344 -0.114377
0.219505 1.264752 -0.148313
0.823684 1.276080 -0.132923
0.768976 1.259956 -0.076196
-0.530215 1.206340 -0.680625
-1.149375 1.148266 -0.089745
-1.044750 1.117511 0.525046
-0.978264 1.077863 -0.790207
-0.390167 1.019443 -0.795108
-0.467637 0.972497 -1.364103
-0.462801 1.654487 -1.374999
-0.367837 2.299041 -1.403077
-0.294469 1.675753 -0.767880
0.309859 1.683258 -0.787688
-1.072186 1.674656 -0.707586
-1.067115 1.044091 -0.711981
0.291794 1.031306 -0.777101
-0.892727 1.019254 1.026173
-1.550273 1.021763 0.325185
-1.626718 1.037517 0.343741
-1.686988 1.064521 0.363861
-1.672417 1.099470 0.334803
-1.627611 1.140170 0.274814
-2.961145 0.518147 0.234004
-2.339716 0.542915 -0.345918
-2.403396 0.543163 -0.321052
-1.765686 1.170843 0.283603
-1.749060 1.130361 0.256802
-2.379900 1.113558 0.250112
-3.086461 1.109863 0.288974
-2.544267 -0.182446 0.359047
-1.970395 1.009982 0.408248
-2.662003 2.347818 -0.222294
-2.649203 2.303564 -0.254112
-2.663590 2.284666 -0.271984
-2.069125 2.298824 -0.256261
-1.446920 2.318587 -0.255779
-2.081499 2.315142 -0.295826
-2.015976 1.627836 -0.347258
-1.988309 1.599133 -0.356019
-1.390796 1.590533 0.307943
-1.434019 1.619065 1.700518
-1.429175 1.672650 1.766143
-0.720205 1.704371 1.713975
-0.061515 1.698567 0.362179
-1.337417 1.685376 -0.296007
-1.353571 1.712320 -0.296569
-2.556319 1.778418 -0.979687
-1.861927 1.824859 -0.383762
-2.462587 1.807247 -0.415961
-2.475823 1.766750 1.555709
-2.514059 1.786407 1.626824
-1.918062 1.867809 1.637624
-1.911812 1.929972 1.602688
-0.650603 1.922398 1.588006
-1.260853 1.892935 1.626168
0.071482 1.911721 1.659661
0.718928 1.976639 0.376387
0.759828 2.010346 0.322960
0.821052 1.974980 0.291253
0.870366 1.929127 0.315193
0.885255 1.932312 0.341974
0.897666 1.982760 0.325169
0.276114 2.029158 0.919186
0.343292 2.683192 0.895533
-0.911056 2.657094 0.924575
-0.288386 2.643677 0.935912
-0.293667 2.666865 0.889012
-0.274421 2.693418 0.847419
-0.243866 3.288500 1.529268
-0.242149 3.217760 0.968095
-0.297154 3.156317 0.993130
-0.358205 3.155287 0.928012
-1.001211 2.542026 1.507363
-1.633429 2.527506 1.545004
-1.633040 2.462071 0.321433
-1.685919 2.399511 0.268930
-1.071639 2.392024 0.159471
-1.063416 2.415020 0.756634
-1.642484 2.408922 0.191075
-1.593914 2.345993 0.267835
-0.949739 2.270554 1.513447
-0.939189 2.240468 0.822399
-0.933021 2.252674 0.845037
0.329266 2.253918 -0.348494
-0.316820 1.596360 -0.294825
-0.940611 1.571416 -0.318985
0.312692 1.589853 -0.311739
0.295297 1.614814 -0.225323
-0.366663 1.589167 -0.124513
-0.372306 2.182867 -0.092987
-0.356806 2.186726 -0.114283
-0.366264 2.234530 -0.120652
-0.424624 2.279808 -0.082731
-0.492902 2.287949 -0.050199
-0.510495 2.286232 -0.080423
-0.477273 1.659231 -0.152324
-0.460197 1.691525 -2.115971
-0.492107 1.706291 -2.120529
-1.153057 2.952948 -2.120579
-1.100871 2.906619 -1.506018
-1.641968 1.688863 -1.539972
-2.258041 1.716712 -1.540225
-2.312859 1.711160 -1.480488
-2.356857 1.664459 -1.404422
-2.331112 1.601109 -1.360777
-2.925669 1.561925 -1.348711
-2.948741 1.548432 -1.342565
-2.999917 1.525354 -0.034176
-3.009337 1.479574 -0.645914
-2.959782 2.048933 -0.667789
-2.928080 2.035406 -1.299644
-1.750355 2.073358 -1.305245
-1.799357 2.118596 -1.314116
-1.807346 2.143706 -1.955208
-1.775821 2.145755 -1.331036
-1.758839 2.160330 -1.317397
-1.782724 2.201598 -1.935471
-2.430973 2.236753 -1.303929
-2.401167 2.233930 -1.316382
-2.344886 1.575004 -1.292895
-1.685659 0.369092 -1.257351
-2.363199 0.391904 -1.248345
-1.123437 0.420939 -1.277228
0.069616 0.412564 -1.306228
-0.575965 0.381956 -1.290580
1.314483 0.349658 -1.269664
0.634673 0.326489 -1.288519
0.575327 0.285051 -1.359591
0.575327 0.892503 -1.422131
1.833092 0.213990 -1.427905
1.805876 0.209591 -2.057008
1.747540 0.218059 -1.437289
1.738580 0.203591 -1.475175
3.068112 0.172650 -1.503787
2.474609 0.146159 -1.477026
