2.026756 -1.619616 -0.790966
1.956878 -1.678929 -1.439600
1.929293 -1.749722 -0.817209
1.956264 -1.163287 -0.833851
1.980912 0.829278 -1.473407
1.957160 0.166574 -1.463075
1.903434 0.107055 -1.442722
1.879382 0.054673 -0.164037
1.885111 0.085520 -0.186598
1.880261 0.037294 1.064012
1.842433 1.254266 0.422344
1.795332 0.597211 0.470896
1.787511 0.634157 1.103591
1.834299 0.028794 1.067731
1.890382 -0.558044 1.083122
1.905272 -0.506553 1.145704
1.891059 0.785658 1.833532
1.891027 0.163441 2.500055
1.922367 0.215927 1.857042
1.936944 0.836377 1.243597
2.523719 0.797717 1.927108
3.117812 0.786671 2.500839
1.790001 0.826787 2.379161
2.448236 0.850488 2.327770
3.071512 0.795775 2.387734
3.040436 0.808852 4.403107
1.726440 0.182142 4.381639
1.741521 0.184047 3.001308
1.768405 1.405195 3.022112
1.748434 1.321961 3.054064
1.687411 0.595780 3.040515
1.648269 0.551523 1.665360
1.666460 1.155871 1.584253
1.712346 1.134154 0.935301
1.731186 1.112982 1.690531
1.730189 0.497136 1.790610
1.765341 -0.829676 1.815837
1.834653 -0.155531 1.802174
1.867328 1.108742 1.814652
1.836536 1.078494 1.198959
1.794375 0.429601 1.246724
1.805864 0.417270 1.222432
1.854962 0.409308 1.143432
1.234713 -0.126472 1.073729
1.240886 -0.104991 1.099520
1.248568 -0.029971 0.423562
1.288614 0.055402 0.394220
1.338726 0.103060 -0.312443
1.345939 0.124876 -0.341088
-0.014767 -0.461344 -0.318732
-0.078189 -1.052767 -0.889146
-0.132282 -1.656499 -0.291798
0.511332 -1.677417 0.285777
0.517695 -1.084536 0.257954
1.156291 -1.026021 0.274874
1.133402 -1.038174 0.293699
1.106438 -1.055230 0.288008
1.113564 -0.420027 0.952832
1.788856 0.841796 0.990668
1.129475 0.170758 1.052408
1.093495 -0.514473 0.458391
0.448999 0.095434 0.463799
1.123555 0.098148 -0.188188
1.192339 0.777675 -0.192456
1.253905 0.747524 -0.174409
0.649369 0.061191 -0.132722
0.649676 -0.588618 -0.093526
0.649697 -0.605378 -0.735749
0.012888 0.031546 -0.050960
-0.007731 0.678029 -0.029839
0.590839 0.723630 -0.662251
1.144697 0.075837 -0.069175
0.532527 0.078940 -0.099644
1.192376 0.745305 1.829549
1.220585 1.422966 2.502841
1.221321 0.805365 1.882782
1.218771 0.790641 2.496399
1.239935 -0.552382 2.471696
1.266582 -0.560969 2.471080
2.542447 0.107722 2.450662
2.479036 -1.200844 1.776598
3.051136 0.016097 2.304971
3.035851 -0.593400 2.260180
3.054836 0.128880 2.951944
3.076821 0.187634 2.963023
3.087059 -1.093952 2.953946
3.097417 -1.100994 2.954342
1.827084 -0.462965 2.361591
1.230398 -0.443728 3.024456
1.231649 0.182893 3.044751
1.860196 -1.140734 2.394194
1.838829 -0.480338 2.951259
1.210539 -0.467549 2.233534
1.285991 -0.471085 2.834940
1.988589 -0.499750 2.854579
2.030986 -0.523121 2.256793
1.408177 -1.206448 2.948034
1.444079 -1.177232 2.417882
2.068691 0.097701 2.513434
2.069575 -0.555810 1.325219
2.031249 -0.541945 1.366908
1.327429 -1.119474 1.361501
1.967503 -1.052111 1.347376
2.679356 -1.632083 1.341004
2.730290 -1.651075 2.650959
2.742455 -0.443794 2.637600
2.732156 -0.474931 2.020152
3.425955 -0.471703 3.310384
3.455571 -0.476493 3.307478
3.460047 0.142592 2.618446
3.421035 0.111503 2.579848
2.692408 0.111132 3.220399
2.698469 0.142166 3.841701
2.727398 0.152053 4.418563
2.729334 0.133979 4.926385
2.712874 0.096459 4.887011
2.710671 0.092802 4.257428
2.695348 0.725552 4.305247
2.652135 0.709221 4.980077
3.192911 0.700651 4.969115
2.442160 0.715961 4.972327
2.441649 0.762568 4.347584
3.158499 1.454433 4.979276
1.269014 1.480368 4.266678
1.279032 1.487369 4.164878
0.656246 0.863055 4.104967
2.060465 0.846254 4.125440
2.706836 0.804573 4.174469
2.071929 0.142905 3.583675
2.011120 0.798085 2.424142
1.970790 0.808413 2.444668
2.596161 0.823903 2.430810
2.546980 -0.465072 2.361284
2.518379 -0.453081 1.680455
1.880971 -0.477115 1.639050
2.527994 -1.801935 1.653820
2.573357 -1.787346 1.678552
1.922170 -1.801237 1.681766
1.194159 -1.879360 1.071964
1.131349 -1.967384 0.505125
1.150515 -1.355019 1.157989
0.544580 -1.277716 1.133565
0.531654 -1.202999 1.045430
1.107562 -1.183241 0.961186
2.351724 -1.816372 0.920117
1.780716 -1.167040 2.143990
1.853181 -1.115416 2.091705
2.499592 -1.104607 2.028937
1.750303 -1.142138 1.399101
2.366037 -1.166055 0.876197
2.387555 -1.778060 0.298465
2.430350 -1.070423 1.485814
2.428619 -1.668202 0.796372
2.392853 -0.996596 0.781849
1.750119 -0.979013 0.808175
1.828243 -0.251759 2.068100
1.898505 0.967805 2.013603
1.896766 0.924986 1.351211
1.846650 0.844732 0.793617
1.819165 0.807745 0.903813
1.853136 1.429453 0.257842
1.909617 1.432809 0.153697
1.939372 1.404401 0.729280
1.926581 1.370874 0.709978
1.929478 2.038726 0.707249
0.762987 2.054746 0.636258
0.839014 2.033554 0.531470
0.864883 1.938610 0.520179
0.820934 1.846110 0.643673
-0.545639 1.814083 0.801621
0.052562 1.171197 0.238532
0.060944 1.156244 0.224879
0.064933 1.128462 0.222906
0.001341 -0.737411 0.277308
-0.091991 -0.685113 0.322866
-0.115372 -0.651485 0.309113
-0.024039 -1.888890 -0.334467
0.066517 -1.927108 -0.298272
0.036001 -1.315485 -0.193839
-0.074653 -1.318441 -0.102717
-0.114757 -1.944117 -0.085547
-0.022636 -1.957207 -0.117458
0.102604 -1.948552 -0.129110
0.124514 -1.885495 0.497771
0.119278 -1.832096 -0.128136
0.191777 -1.218618 0.461634
0.324898 -1.887284 0.410627
-0.246134 -0.654287 0.403532
-0.246031 -2.045109 0.442748
-0.268684 -2.061947 0.503112
-0.228158 -0.740987 0.528287
-0.825770 -0.683772 0.483520
-0.824813 -0.029529 1.023108
-0.890329 -0.000550 0.362061
-0.935289 0.010263 0.332555
-0.907821 0.034631 0.287005
-0.860158 0.026012 0.246114
-0.238406 0.610608 0.253557
-0.294212 1.208505 -0.328478
-0.334306 0.584858 -0.269712
0.322463 -0.685028 -0.252391
-0.294720 -0.009559 -0.247859
-0.321742 0.055639 -0.233832
-0.368278 -0.525530 -0.234455
-0.369272 -0.438314 -0.908253
-0.325260 -0.387102 0.268101
-0.296553 0.233599 0.251262
-0.299945 0.216909 -0.293319
-0.281053 0.209777 -0.204473
-0.215687 -0.470815 -0.197446
-0.145031 -0.487231 -0.918788
-0.122011 -0.570257 -0.902672
-0.140043 -0.552108 -0.811041
-0.149764 -1.096856 -0.775638
-0.140687 -0.379459 -0.874004
-0.799579 0.943180 -0.994309
-0.872784 0.290099 -1.009307
-0.960843 0.191104 -0.936120
-0.374205 0.098298 -0.904099
-0.388893 0.706499 -0.971544
-0.417120 0.719770 -1.052315
-0.492230 1.436469 -0.405409
-0.569200 1.389907 -1.641322
-0.598451 2.017830 -0.995404
-0.588057 2.106514 -1.086158
-0.603290 1.521904 2.017391
-0.658052 1.474634 1.378586
-0.691952 2.020682 1.416976
-0.660201 1.945063 1.454629
-0.572466 0.087656 1.499756
-0.500698 0.118114 0.877416
-0.491479 0.080982 0.967602
-0.503094 0.046031 1.011989
-0.461867 0.686309 0.314026
-0.372399 0.765644 0.923776
-0.320553 1.456207 0.893713
-0.345674 1.370854 0.880876
-0.390120 2.474610 0.191169
-0.396517 2.404438 0.155552
-0.372815 1.781767 0.152134
-0.367405 0.550239 0.197282
-0.404294 0.442791 0.852550
-0.461963 0.386764 0.833037
-0.493999 0.413264 0.772733
-0.497414 0.502242 1.431321
-0.510332 0.576849 1.458986
-0.539131 1.204158 1.458940
1.353623 2.383136 2.036825
1.329089 2.331884 1.961813
1.347244 1.778218 1.949676
1.393172 1.858387 1.387857
2.080039 0.537836 0.744991
2.104072 0.502556 0.739765
2.118979 0.534197 1.359580
2.139931 1.281492 1.392822
1.515059 1.355510 1.426423
0.263661 2.020038 1.414728
0.267138 1.333103 2.031906
-0.394320 2.629388 1.989479
-0.433860 2.721811 1.983849
-0.431180 2.810777 2.014633
-0.379825 2.813393 1.400418
-0.341093 2.780567 0.755890
-0.357963 1.500589 -1.217244
-1.001712 0.907413 -1.168016
-0.987632 0.976501 -1.803390
-0.345451 0.333098 -1.857860
-0.338336 -0.321743 -1.260386
0.263011 -0.321528 -0.600390
0.220965 -0.263105 -1.197049
0.237021 -0.202384 -1.168387
-0.334310 -0.229635 -1.173012
-0.301199 -0.947730 -1.197536
1.536114 -0.928423 -1.183614
1.501421 -0.223440 -1.158341
0.871587 -0.203087 -0.517424
0.899378 -0.252980 0.009524
0.248069 0.287588 -0.057537
0.172119 0.881857 -0.074395
0.685811 1.538422 -0.041021
-0.001323 0.871171 0.006728
0.018799 1.485117 0.032611
0.048154 1.447664 0.057759
0.008735 2.084507 0.089260
-0.060885 1.356086 -0.510711
-0.074962 1.376562 -0.521072
0.607746 0.733258 -0.567641
0.628900 0.786665 -0.611762
0.598119 0.134169 -1.236349
-0.070532 0.114139 -1.210347
-0.079622 0.139530 -0.537583
-1.280602 -0.454668 -1.130574
-1.189935 0.186090 -3.713026
-1.182610 0.140786 -4.264303
-0.557439 0.142625 -4.228902
-0.541120 0.803953 -3.598018
-0.499300 0.862354 -3.634673
-0.461320 -0.416016 -4.280494
-0.475305 -1.146585 -4.291392
0.144183 -1.215829 -4.300734
0.134975 -0.611348 -4.329274
1.479890 -0.583258 -4.357490
0.199060 -0.537509 -4.335448
0.861898 -1.131618 -4.272122
0.865094 -1.107636 -3.614989
1.515109 -0.446059 -3.024740
0.851803 -1.103282 -2.445932
0.841996 -0.421184 -2.479784
0.821089 0.182461 -1.864881
0.850906 0.753106 -0.617544
0.885315 0.729977 -0.626992
0.910120 0.724631 -1.308570
0.234189 0.715118 -0.692978
0.890642 0.681399 -0.680053
0.927299 0.625216 -0.683596
0.361062 0.579239 -0.735473
-0.268388 0.571037 -0.798251
-0.327771 0.577325 -1.423145
0.248643 -0.690713 -1.397158
0.239282 -0.057291 -1.370132
0.295791 0.521329 -0.744170
0.343712 -0.164631 -0.745797
0.339880 -1.425062 -0.659537
0.292467 -0.742246 -0.585765
0.286823 -0.744280 -0.574421
0.351019 -1.425905 -0.633383
1.056036 -1.447545 -1.314845
2.851907 -0.694608 -1.272427
2.775424 0.011809 -0.589802
3.377449 0.038022 -0.568503
3.326762 0.683570 -0.614120
2.139773 -0.556825 -1.287890
0.903285 -0.588661 -1.207774
1.433213 -0.591497 -1.134308
1.977338 -0.578178 -1.160891
1.934602 -0.590908 -3.064458
1.941300 -0.016857 -1.812748
1.366483 -0.092570 -1.757822
1.336322 -0.134120 -1.058463
1.874013 -0.139539 -2.362510
1.192567 -0.146755 -3.648124
0.038514 -0.184238 -3.654484
-0.526326 -0.220693 -3.589077
-2.363750 -0.211453 -3.524349
-2.917785 -0.812531 -3.538608
-2.902508 -0.782463 -3.609093
-2.872372 -0.800486 -3.631745
-2.794793 -0.813776 -2.953177
-2.709169 -0.788064 -2.901215
-2.069325 -0.751446 -3.609199
-2.109375 -1.414350 -3.039153
-1.482839 -1.453112 -3.079210
-1.443862 -2.064072 -3.053848
-1.377414 -1.373675 -3.719731
-0.763911 -1.934232 -3.814920
-0.835557 -1.324607 -4.575140
0.407583 -0.718679 -3.321125
1.008361 -0.700209 -3.257288
1.045594 -0.660964 -3.223038
0.383345 -0.647585 -3.241052
-0.325445 -0.709420 -3.250160
-0.348209 -0.785199 -3.190099
-0.318935 -1.451487 -3.121850
-0.263177 -1.397438 -3.129166
-0.893109 -1.380404 -3.816941
-0.279921 -1.450243 -3.887158
-0.324331 -0.890678 -3.882628
0.318545 -0.903267 -3.853226
-0.303910 -1.521569 -3.862147
-0.308015 -2.115267 -2.600188
0.280488 -2.126480 -1.973941
0.211558 -2.130319 -1.302924
0.209818 -2.072882 -1.898140
0.268116 -1.375014 -1.948795
0.303664 -1.375456 -3.322055
0.275946 -1.444238 -2.734583
0.215992 -1.484113 -1.424196
0.186637 -1.466530 -1.407085
-0.459327 -1.447551 -1.386855
0.185815 -0.862358 -1.991110
0.178453 -0.910393 -1.919899
0.134597 -0.908565 -1.853720
0.098547 -1.502611 -1.836024
0.111359 -2.147835 -2.495045
0.134051 -1.563662 -1.914218
0.127436 -1.641041 -1.924295
0.082375 -1.675935 -0.637437
0.057270 -1.647712 -0.651037
-0.531427 -1.622295 -0.647001
-0.483331 -1.615019 -0.638014
-0.457975 -1.000043 -0.639184
-0.479677 -0.978207 -0.633925
-0.470815 -0.927024 -0.621566
-0.415728 -0.890091 -0.618459
-0.369492 -0.900395 -1.247628
-0.384701 -0.908236 -0.660938
-0.449778 -0.279159 -0.686885
-0.475430 -0.250000 -0.687462
-0.430755 -0.230035 -1.352113
-0.380129 -1.471874 -0.069057
-0.391910 -1.485247 -0.103465
-0.450676 -0.890346 1.898209
-0.463760 -0.927803 1.903617
0.247435 -1.514423 1.932461
0.903382 -2.145351 1.925451
0.164029 -1.510849 1.856788
-0.632172 -1.557601 1.796346
-0.715454 -1.579972 1.836708
-0.672513 -1.559830 1.947146
-0.610268 -1.552949 -1.223643
0.674908 -0.229060 -1.229732
0.576575 0.380407 -0.625103
0.561452 -0.247410 -0.586245
1.343175 0.350645 -0.531902
1.453805 1.623965 0.118852
2.070321 0.424945 0.080478
1.959352 1.023895 -1.192046
1.247533 0.973571 -1.850181
1.290571 0.979912 -1.822604
1.355374 1.024423 -1.796503
1.335264 1.072212 -1.786750
1.948675 0.458120 -1.779013
1.324666 -0.787030 -1.790143
1.413548 -0.763256 -1.840367
0.828229 -2.108939 -1.899884
0.803427 -1.513779 -1.943358
0.705257 -1.549235 -1.949599
0.641989 -0.896854 -1.945805
0.675358 -0.879986 -1.956046
0.724947 -0.900946 -2.600839
0.712964 -0.926888 -3.819903
0.653411 -0.258402 -3.737240
0.621550 -0.842460 -4.341231
1.275368 -0.801986 -4.344015
1.317860 -2.017481 -3.755411
1.310904 -2.075267 -3.796590
0.598831 -2.115900 -3.159059
-0.122266 -2.100523 -3.103644
0.573109 -2.063787 -3.106031
0.011298 -2.700014 -3.111828
-0.608727 -2.710487 -3.094867
-0.605282 -3.257951 -3.056231
-0.594720 -4.478426 -3.047963
0.090643 -4.428669 -3.106166
0.138441 -4.448027 -3.193088
0.158179 -4.521933 -3.244464
1.390568 -4.553063 -3.256750
1.373983 -4.508924 -1.381494
1.372183 -4.444276 -1.400510
2.029044 -4.449182 -2.030601
2.011903 -3.844406 -2.648379
1.978460 -1.865350 -3.242938
1.949661 -1.804482 -3.241465
1.959565 -1.762104 -3.307531
2.021481 -1.809386 -3.498558
2.041897 -1.894899 -3.547242
2.016386 -1.922133 -3.459138
1.967859 -4.468003 -3.486732
1.947885 -4.483299 -3.500365
1.260437 -4.518566 -3.472609
1.270958 -3.255363 -3.411270
1.256382 -3.179877 -3.352491
1.866104 -3.071744 -3.325429
1.867937 -3.052316 -3.316535
1.900673 -3.123929 -3.987162
2.583947 -3.162856 -2.134681
2.557343 -3.108183 -2.174345
3.160193 -3.051269 -2.191098
1.888588 -3.080913 -1.514137
1.916229 -3.156424 -1.437591
2.563611 -1.867700 -1.385170
1.238092 -1.791355 -1.404083
1.180010 -1.750924 -1.425748
1.168754 -1.167446 -1.393129
1.217840 -1.268455 -1.340257
3.204799 -2.547394 -2.018152
3.192966 -2.513937 -2.094628
1.852564 -2.525351 -2.148352
2.489016 -2.610891 -2.105774
2.545851 -1.446070 -1.994105
1.942904 -1.395990 -1.933645
1.910157 -2.499293 -1.972493
1.842300 -1.804681 -2.023379
2.456852 -2.493396 -2.022027
2.482992 -2.532633 -1.389111
2.500287 -2.470764 -1.410290
3.160462 -3.017815 -1.415734
3.122654 -2.998868 -1.414886
3.130394 -3.061342 -1.360084
3.189362 -3.101602 -1.893135
2.615273 -3.043854 -1.820378
2.644750 -1.785245 -1.785203
2.616729 -2.427229 -1.162122
2.597954 -1.877667 -1.127637
2.624905 -1.940779 -1.135998
2.665079 -1.920107 -1.194514
2.672323 -2.547162 0.048800
2.631105 -2.591178 -0.561582
2.596770 -2.682689 -0.504754
2.608546 -2.716438 -0.463540
2.634088 -2.663539 -0.446741
2.023775 -2.611977 -0.432524
1.975900 -2.646575 0.224816
1.265548 -2.744794 -0.438758
1.231005 -2.135465 0.737692
1.215187 -2.076381 0.665989
1.196714 -2.020096 1.322524
1.165755 -2.067723 1.947924
1.811544 -2.184758 1.264747
3.068878 -2.887581 0.581135
3.117801 -2.800347 -0.674140
3.184907 -2.718906 0.016370
3.226750 -2.105402 0.619466
3.868574 -2.238365 0.536066
3.898385 -2.269269 2.317167
3.914003 -2.192424 2.340322
3.920471 -2.141816 1.747683
3.914740 -0.916783 1.749566
3.919059 -1.011295 1.088314
3.261983 -0.986904 1.096641
3.280403 -0.211375 1.795716
3.288840 -0.126485 1.861707
2.669363 -0.127874 1.867311
2.664086 -0.793002 1.828735
2.687617 0.479430 1.806972
2.707481 0.550369 1.819549
2.683708 0.565342 3.175333
2.631925 0.523409 2.494535
2.597927 0.508831 2.414556
2.009682 0.551284 2.388847
2.005992 -0.643839 2.446659
1.972570 -0.639215 2.525308
1.928267 -0.660145 2.549782
1.894155 -0.661612 2.517355
1.880514 -1.288872 3.106992
1.873901 -0.622529 2.461897
1.838350 -0.028887 1.903574
1.809283 -0.124223 2.587791
1.813806 -0.163321 2.534765
1.832480 -0.146720 2.529210
1.197680 -0.806563 3.272826
0.494680 -0.860816 4.054784
0.517420 0.951247 4.729257
3.144984 0.964048 3.411092
3.196271 1.658689 2.073563
2.502092 2.301239 2.030257
2.477510 2.902666 1.453544
2.516300 2.203115 2.112962
1.944383 2.194817 1.494550
1.952293 2.241241 1.459182
1.883091 1.652495 1.457051
1.850623 1.740369 1.528394
1.899922 -0.206681 1.589274
2.571235 -0.158965 1.572113
2.532470 -0.765764 1.488167
2.404855 -0.777976 2.067303
1.674692 -0.795265 2.713967
1.706081 -0.832421 2.209868
1.748751 -0.796256 1.545069
2.368296 -0.740571 2.162497
1.056589 -1.354971 2.134856
1.098916 -1.399855 0.903224
1.181252 -0.753696 0.882203
1.885511 -0.810108 -0.393843
1.881744 -0.198592 -0.451175
1.870267 -0.278142 -0.517073
1.229325 -0.321789 -1.179870
1.920034 -1.001835 -1.192088
3.180639 -0.962706 -1.187947
3.166943 -0.952547 -1.188803
1.925958 -0.296503 -1.792314
1.947061 -0.963886 -2.376666
2.634403 -2.111034 -1.773946
2.666776 -1.457849 -1.139240
2.023489 -1.505222 -1.180662
2.013529 -1.573542 -1.244615
1.996184 -0.959297 -0.675542
1.385338 -1.600474 -1.291835
1.430030 -0.930736 -1.245753
2.117265 -0.291805 -0.580417
2.154293 -1.604019 -0.590125
1.535065 -0.268750 -0.012445
1.561622 -0.261479 0.009236
1.607540 0.373983 0.044948
2.256561 -0.312954 0.017673
2.228083 -0.332094 -0.703025
0.297951 -0.323529 -1.351818
0.227140 0.272302 -1.315895
0.207465 0.249899 -1.211990
0.230687 -1.568558 -1.142999
0.229405 -1.529643 -1.142293
0.169219 -1.463547 -1.799231
1.330837 -0.802693 -1.776190
1.326490 -0.826490 -1.719586
1.997681 -0.258838 -1.688970
1.995074 -0.250458 -1.730347
1.928967 -0.235875 -1.806820
1.872212 -0.256272 -1.830755
1.899564 0.339466 -2.396497
1.973317 0.352289 -2.339858
2.605169 0.440651 -2.344624
2.566894 0.549609 -2.400236
1.932924 0.600914 -2.436076
2.010789 0.587700 -2.430183
2.111222 0.578114 -1.802595
0.863168 0.613328 -1.832143
0.818850 0.655884 -0.569333
0.799138 0.662663 -1.281169
0.846895 0.624054 -1.255397
0.887996 0.603275 -1.169188
0.857649 0.649838 -0.460122
0.793658 0.729674 -0.473355
0.750027 0.771881 -0.494341
0.106576 0.735203 -0.465035
0.137701 -1.277080 -0.396410
0.694461 -1.315751 -0.359417
0.607605 -0.683725 -0.369199
0.535324 -0.691557 -0.385307
0.509721 -1.385121 -1.023961
0.487729 -1.449362 -0.960820
0.438987 -1.444191 -0.916025
0.392135 -1.386994 -1.542069
0.998776 -1.344900 -1.540008
2.287167 -1.355460 -1.542959
3.014035 -1.383644 -1.561181
3.023063 0.432991 -1.597874
2.331275 0.456549 -1.620467
2.339131 0.523184 -1.625114
2.357176 0.546597 -1.620722
1.751446 0.510906 -1.612465
1.751597 0.524644 -1.581595
1.754291 0.560443 -0.845645
1.768823 0.631640 -0.830389
1.786677 0.665993 -2.190712
0.610544 1.242953 -2.236619
0.011159 1.190622 -2.239544
-0.000843 1.175121 -2.226684
0.026179 1.811442 -2.234924
0.053052 1.780967 -1.607233
-0.573496 1.736528 -1.616393
0.020415 2.310775 -1.590098
0.011940 2.289710 -0.272525
-0.593784 2.308391 -0.288375
-0.568567 1.736487 -1.642680
-0.568201 1.093850 -1.667820
-1.198759 1.051154 -1.640541
-0.557854 0.335391 -1.618468
0.097829 0.303941 -1.625229
0.716834 2.267593 -1.635999
-1.316916 2.252544 -1.597151
-0.723471 2.882235 -1.533053
-0.733089 2.184390 -1.508049
-0.057614 2.199834 -0.876870
-0.723879 2.273464 -0.950289
-0.718862 2.896364 -0.978514
-0.099313 3.564407 -0.972987
-0.092852 4.179174 -0.346887
-0.108191 3.479061 -0.416274
-0.766323 3.524284 -0.467902
-0.792938 4.223572 -0.429274
-0.801755 4.248879 0.205899
-0.816671 3.576638 -0.443953
-0.804337 2.932780 -0.500360
-0.806171 3.628709 -0.537112
-1.444769 3.048710 0.107201
-0.816060 3.067883 0.124113
-1.432831 3.035273 0.118005
-0.801696 1.770941 0.125870
-0.160592 1.786952 -0.441187
-0.132666 2.437190 -2.263372
-0.770611 2.433149 -0.988150
-0.762787 2.453802 -0.993981
-0.080856 2.510028 -0.972476
-0.040764 2.570577 -1.560516
-0.037653 3.257745 -0.898984
-0.053648 1.298473 -0.904852
0.575159 0.682471 -1.564689
0.601665 0.083513 -1.593419
1.852463 0.125247 -0.363979
1.781045 1.377456 0.248368
1.714231 1.375871 -0.398965
2.368449 2.659411 -1.079858
2.417593 2.734955 -0.472682
1.852871 3.405008 -0.452521
1.822482 3.358868 -0.453858
1.811023 3.273805 -0.537670
1.856473 4.524935 -0.002235
1.903179 5.158563 -0.053952
1.887284 5.095787 0.619454
1.152366 5.018817 0.647636
1.096105 4.999683 0.666420
1.113238 3.806850 0.696360
1.146201 3.320097 0.750329
1.126404 3.384995 0.202869
1.062205 1.424011 0.232301
1.043304 0.822150 0.217029
1.094630 0.223927 0.186055
1.133672 0.232779 0.183620
1.091646 0.135784 0.203058
1.008959 -0.550154 0.212074
0.990255 -1.771853 -1.133702
1.038052 -1.723473 -1.124465
1.734334 -2.337456 -1.097304
1.050002 -1.704306 -1.082122
1.036898 -1.051073 -1.065985
1.737918 -0.356512 -1.696310
1.812278 -0.351084 -1.716897
1.836707 0.252240 -1.761493
1.826554 0.161186 -1.819116
1.829762 2.013646 -2.455627
2.514679 2.057740 -2.419245
1.880028 2.087802 -2.985524
1.866099 2.057302 -4.245828
1.854248 2.655327 -4.241174
1.213830 2.692011 -4.238206
1.235300 2.739023 -4.225144
1.249203 2.703036 -3.590109
1.250367 1.307703 -2.310879
1.270037 0.568244 -2.315480
1.936445 0.553271 -2.293165
1.971871 -0.057501 -1.616676
1.993570 -0.035990 -1.592306
0.587272 -0.053729 -1.581526
0.598149 -0.059592 -1.565358
0.619956 -0.655905 -1.547823
0.642522 -0.584333 -1.569662
0.650509 -0.553145 -1.646873
0.654605 -1.213492 -1.112479
0.652150 -1.204311 -1.156415
1.278712 -1.193112 -1.154216
1.881983 -1.135062 -1.154592
1.232667 -1.144158 -1.179036
1.215396 -0.549480 -1.184513
1.177743 -0.519452 -1.135719
1.137937 -1.107564 -1.079694
1.131072 -1.084664 -1.059634
1.150806 -1.136166 -1.080777
1.164044 -1.862045 -1.095951
0.508201 -1.926057 -1.067822
0.497871 -1.302746 -0.411111
1.155255 -1.292493 -0.404323
1.189259 -1.299070 -0.442621
1.204530 -1.323702 -0.463108
1.183727 -1.941880 -0.434454
0.536564 -1.909077 -1.038043
0.559578 -1.892100 -1.045106
-0.029299 -1.923534 0.177895
0.642382 -1.345260 1.973441
1.267634 -0.742622 3.214575
1.240888 0.542586 3.251811
1.235702 -0.061388 3.225574
1.223660 -0.711164 3.156915
1.182659 -0.037942 1.924821
1.105259 -1.880367 1.335439
1.053082 -1.215354 1.378718
1.066703 -1.206299 1.343181
1.110491 0.045692 1.311154
1.128128 -1.288007 1.303729
1.090586 -1.269187 1.332964
1.055736 -1.916945 1.350859
1.066952 -1.261229 0.674823
1.706645 -1.252586 0.696204
1.677112 -2.517045 1.367774
0.971422 -1.857289 1.417110
0.925105 0.667793 1.445365
0.978654 0.063048 1.452101
1.070683 0.709477 1.444617
1.110672 1.327215 1.404782
0.487252 0.036642 1.974009
0.472184 0.727748 1.954469
0.497163 0.118378 1.984748
0.536622 0.119820 1.416071
0.551509 -0.498029 2.086356
0.533413 -1.160363 2.132087
0.498898 -1.150407 0.918419
-0.144141 0.174943 0.979195
-0.079454 0.109679 0.338505
-0.007710 -0.554845 0.958717
0.029043 0.090889 0.893589
0.020154 0.769033 0.873210
0.006387 1.402741 0.931543
0.004758 1.357851 1.009806
0.662090 0.670374 0.400862
0.637706 0.680339 -0.197052
0.586683 0.755772 -0.173193
0.560158 0.753978 -0.122729
1.183965 -0.645553 0.489310
1.292779 0.608865 0.415739
1.336336 0.625437 0.329757
1.924257 0.011061 0.304462
2.590076 -0.663244 -0.304848
2.583600 -0.681066 -0.306205
2.586911 -0.656483 0.278200
2.571114 0.031356 0.240851
2.520655 0.076218 0.230167
2.477591 0.712062 0.234102
2.495288 1.346033 0.207715
2.551897 1.359697 0.137363
2.602705 0.784333 0.073561
1.969251 1.463858 0.046296
1.936512 1.469307 0.058056
1.903370 1.457441 0.709902
1.896519 1.482596 0.775405
1.890061 2.130182 0.807686
1.856876 1.455725 1.450361
1.830775 1.418438 1.483046
1.851270 1.430888 1.472062
1.919368 2.098084 1.431458
1.354383 2.110228 1.439435
1.416713 2.087355 1.429269
2.106588 2.054533 1.396601
1.444314 2.061473 1.349915
0.163791 2.098037 1.364727
-0.464926 1.445140 0.773525
0.798786 0.677201 0.812420
0.758230 0.626280 1.413864
0.125450 1.279702 0.786275
-0.477444 0.637470 0.799751
-0.435072 0.037695 0.807188
-0.359595 0.058105 1.385370
-0.361114 0.062371 1.350911
-0.360835 -0.525347 1.411113
-0.341010 -0.494549 0.822891
-0.315235 -1.104384 1.495393
-0.305126 -0.436005 1.524437
-0.333003 -0.451251 1.509316
-0.376429 -1.120217 0.886999
-0.391683 -1.117734 0.905884
-0.369195 -0.451257 0.912298
0.989070 -0.431323 0.892660
0.965506 -0.461226 0.841118
0.861607 -0.512303 0.811524
0.736441 -0.544188 0.853122
0.753895 -0.548824 0.936819
0.824130 -0.555276 1.620724
0.801549 -1.191967 1.621119
0.089907 -1.212524 1.603288
0.053984 -0.614160 1.601715
0.118870 -0.571783 1.618700
0.848439 -0.503600 2.217922
0.850186 -0.467500 0.986373
0.776618 -0.491966 0.949151
0.086017 0.114647 0.958402
0.145735 -0.521358 0.388435
0.829808 -0.521909 0.418617
1.403958 -0.519719 0.385979
0.716786 -1.183697 0.310070
0.715061 -1.198950 0.250677
0.779709 -0.574599 0.229505
1.449230 -0.529195 0.215352
1.409020 -0.480702 0.166349
1.324971 -0.489821 0.094303
1.288310 -0.537122 0.064127
2.581035 -1.181596 -0.530099
3.179956 -1.118119 -1.098255
3.146930 -0.396044 -0.479511
2.512941 -0.380100 -0.549450
1.893624 -0.343571 -0.582808
1.958028 -0.317960 -1.189807
3.285587 -0.869416 -1.176923
3.298240 -0.202161 -1.216543
2.661305 0.398072 -0.622785
2.053561 -0.860448 -0.623616
2.095250 -0.862200 -1.211005
2.134571 -0.174076 -0.540257
1.497047 -0.124998 -1.176183
1.432052 0.505988 -1.228071
1.459458 -0.051871 -1.276735
1.544020 -0.653393 -0.666313
2.163223 -1.264205 -0.687822
0.791397 -0.609829 -0.720992
0.729239 -0.635733 -0.761804
0.711396 -1.320731 -0.777145
1.945015 -1.987091 -2.066312
1.890492 -1.363604 -2.039013
1.156296 -1.356464 -0.715944
1.154005 -1.370324 -0.743687
1.875669 -0.792543 -0.781306
2.591624 -0.846978 -0.799433
3.247591 -0.238761 -0.786848
1.884271 -0.242839 -0.768730
1.873823 -0.242250 -1.407675
0.648596 -0.274884 -1.386245
1.359058 -0.936226 -1.332928
2.020796 -0.918851 -1.236352
0.716927 -0.882754 -1.146003
0.722811 0.500106 -1.101583
0.791877 1.753171 -1.089300
1.509920 1.057865 -1.706217
1.508615 1.710604 -1.685028
0.789987 0.364085 -1.669793
0.718391 1.015715 -1.676467
1.339865 1.012778 -1.688642
1.339263 1.022854 -1.666637
0.652979 1.096123 -1.598286
1.216804 1.196810 -1.542119
1.158885 -0.054309 -0.892247
1.173983 -0.718131 -0.903003
1.811548 -0.122267 -0.276219
0.429374 -0.129410 -0.287893
0.335220 -0.129690 -0.303250
0.318958 -0.164387 1.506626
-0.259305 -0.828017 1.490390
-0.217086 -0.184985 1.506458
-0.252804 -0.125532 0.291600
-0.271608 -0.100781 -0.273068
-0.201384 -0.134345 0.367150
0.586710 -0.181124 -0.275671
0.621036 -0.205719 0.335525
0.539899 -0.223670 0.927110
0.464807 -0.281291 0.252272
0.495527 -0.370253 0.853227
0.589573 -0.428180 0.834832
0.604720 -0.429421 0.849583
1.174940 -0.405742 0.911565
0.450682 0.223142 -0.274199
1.164207 0.178418 -0.246825
1.289758 0.153805 -0.270502
0.686875 0.166181 -0.318543
0.626946 0.826682 -0.361185
-0.804153 0.787774 -0.387074
-0.781817 0.721300 -0.414048
1.152924 2.555470 0.173377
0.538056 2.017322 0.163200
0.484158 1.491351 0.189425
0.402046 1.529143 0.875560
1.062767 0.889997 0.274666
1.146944 0.914507 0.235050
1.181200 0.977447 0.177165
1.118854 1.021326 1.432251
1.017119 0.978639 1.436414
1.617177 0.235300 1.450469
2.277403 0.195945 0.819891
2.317438 -0.402932 0.849732
1.654848 -0.366222 0.903452
2.253284 -0.401120 -0.311984
2.239515 0.744493 -0.258791
1.042953 0.727920 -0.225085
1.139985 1.399623 -0.198781
0.546113 1.422821 -0.189219
0.545606 2.001589 -0.195166
0.506908 1.938200 -0.221488
0.527285 2.554712 -0.938625
-0.051229 2.604533 -0.946439
-0.009351 2.644376 -0.946197
-0.011775 2.011151 -2.237237
-0.027458 3.246239 -2.246382
0.586373 3.866585 -2.219262
0.576288 3.860370 -2.829248
0.539813 3.278233 -2.211932
0.488863 2.674028 -2.275347
1.056789 2.713252 -2.324458
0.990563 2.145522 -1.682896
0.934405 1.646265 -2.295567
0.913418 1.082216 -2.922839
1.553211 0.492261 -2.908267
1.579333 0.521508 -2.906548
1.590976 0.558181 -2.924928
2.240777 1.240869 -2.967478
2.282232 1.252476 -1.746056
2.354471 1.238079 -1.772979
2.404726 1.209379 -1.772205
0.516239 0.551160 -1.769140
-0.121138 0.526206 -1.765070
-0.128564 0.488416 -1.735909
0.568534 -0.239486 -1.667612
-0.053316 -0.301116 -1.603479
-0.053795 -0.990650 -1.579907
-1.372134 -0.351990 -1.618243
-1.416003 -0.372169 -1.681251
-1.464541 -0.404571 -1.712566
-0.874239 -1.748705 -1.720775
-0.901051 -1.750702 -1.744371
-0.924431 -1.730778 -1.784785
-0.327778 -1.697945 -1.797597
-0.333675 -2.303571 -1.765930
-0.962642 -2.276598 -1.717757
-1.007665 -2.249701 -1.697171
-0.998218 -2.239146 -1.709028
-0.335204 -2.243113 -1.740188
0.302755 -2.237674 -1.780610
0.298423 -2.865244 -1.822734
0.298083 -2.863203 -2.487437
0.257304 -2.855222 -2.479971
0.210017 -2.829052 -2.445736
0.208410 -2.794928 -1.223844
0.251279 -2.163403 -1.205441
0.301213 -2.194449 -0.565542
0.312878 -2.253133 0.108482
-0.349188 -2.297458 0.133464
-0.321885 -1.717530 0.117381
-0.291273 -1.107163 0.062220
-0.293805 -1.177219 0.031868
-0.337598 -1.232556 0.073544
-0.374358 -1.237689 0.127871
-0.972689 -1.214171 0.785826
-0.932642 -1.198644 0.759350
-1.501356 -1.188488 0.763500
-1.476475 -1.180624 -0.393106
-1.445127 -1.860787 -2.226969
