-0.407694 1.558631 -0.568990
-0.461310 0.923088 0.082850
-0.506573 0.861321 0.096894
0.052879 0.860984 0.061422
-1.220207 0.903295 0.004498
-1.288283 0.910102 -0.042864
-1.335006 0.868756 -0.071739
-1.347829 0.212132 0.576288
-1.354083 0.936058 0.572358
-0.153730 1.027810 0.594639
-0.173225 1.053422 0.635681
-0.165688 0.389386 0.655365
-0.114371 -0.287186 -0.007574
-0.077252 -0.234054 -0.047320
0.554065 0.465202 -1.366419
0.523462 0.440415 -1.360023
0.529432 0.381103 -1.386616
-0.069443 0.995919 -1.402253
-0.058113 0.981927 -1.346415
-0.085943 0.983229 -1.866399
-0.117016 0.988633 -1.794275
-0.108753 0.985326 -1.823767
-0.080321 0.959101 -1.873474
0.549367 1.523732 -1.871644
1.135379 0.843473 -1.863073
1.108308 0.779333 -0.480401
1.116488 0.733318 -0.597417
1.128463 1.937227 -0.655884
0.490462 1.959337 -0.615708
-0.143548 1.951439 0.718125
-0.106705 1.922984 0.711368
-0.046970 1.923996 0.654957
-0.040223 1.960874 0.660943
-0.694005 1.969645 0.743601
-0.089100 1.944481 0.808391
-0.658449 1.928321 2.033107
-0.634475 1.966819 2.014564
-0.676031 2.675515 2.046354
-0.122579 2.696303 2.109933
-0.127721 2.709689 1.534646
-0.030559 3.402122 1.535164
0.058548 2.836986 1.514072
1.259838 2.899875 1.505809
1.208473 4.135053 1.499282
1.834276 4.089526 2.047002
2.579765 4.067553 1.981081
2.652695 4.095381 1.941390
2.641514 4.135209 1.950989
2.580599 4.141072 1.971723
2.572325 4.133988 1.979350
2.660235 4.149309 1.982985
2.752704 4.198924 1.970997
2.097829 6.141125 1.944671
0.027894 4.883584 2.519520
-0.017112 4.842153 2.483799
-0.021900 5.437150 2.477253
0.604906 5.455397 0.627818
1.185906 5.466843 1.265833
0.462479 5.445666 1.263853
-0.204357 5.418220 1.268610
-0.155187 5.420946 0.654696
0.533778 5.452049 0.681902
-0.753289 4.818689 0.715416
-1.412035 4.793598 0.094820
-1.385164 4.780344 0.095117
-0.063879 4.824037 0.096249
-0.042698 4.903457 0.144111
0.588613 4.939163 0.197665
0.541149 4.929095 0.206195
0.560685 3.634482 0.179861
0.661823 3.668434 0.147913
1.340157 3.071674 0.135349
1.369145 3.043479 0.120645
0.072876 2.991985 0.045371
0.682406 2.323181 -0.069076
0.744624 1.098883 -0.151033
1.405962 0.483895 2.564930
0.716191 0.496290 2.560242
1.280064 0.528490 2.561109
1.301224 0.550854 2.563412
2.015384 0.527628 2.576332
2.653391 0.486377 3.238813
1.990677 0.466647 3.270507
1.334983 0.473778 3.266039
1.322047 0.472523 3.881296
1.323228 0.416613 3.896083
1.297536 0.332479 2.030334
1.897642 0.283565 1.382851
2.465403 0.300842 1.370770
3.077109 -0.249395 0.732686
3.738458 -0.279201 0.807854
3.165655 -0.348025 0.876465
3.229968 -0.395859 2.183600
3.242036 -0.371421 2.122776
2.573404 -0.323396 2.757457
2.616185 -0.321564 2.803116
2.017725 -0.348172 2.199515
0.696824 -0.353654 0.889888
1.229884 -0.953159 0.830704
1.174414 -0.936161 0.153024
0.571574 -0.330702 0.902935
0.629409 -1.671149 0.954082
1.255633 -1.660084 0.274734
1.191268 -1.635762 0.219450
0.470470 -1.623290 0.862510
1.096835 -1.628737 1.557121
0.443620 -2.258734 1.571356
1.696836 -1.585016 1.512337
1.574905 -1.555604 1.446080
0.864665 -2.828038 0.244870
1.569205 -2.828522 0.276906
1.652819 -4.004435 0.251389
1.035374 -2.648826 0.201263
0.399656 -2.648712 -1.116349
1.800903 -2.679895 -1.087198
1.264480 -2.709528 -1.099401
1.982470 -2.090365 -1.795372
1.977780 -2.096973 -1.844359
1.928229 -1.470720 -0.572784
1.909482 -1.467617 -0.543393
1.925855 -2.090883 -0.584110
1.950334 -2.089627 -0.641172
1.311344 -2.087631 -0.008432
1.267611 -2.111302 0.028398
1.279342 -2.757848 -0.580110
0.660531 -2.133452 -1.290630
0.642450 -1.517756 -1.347920
1.801905 -0.869475 -1.328892
2.341556 -0.889471 -0.653706
2.292870 -0.900359 -0.616342
2.960242 -0.828317 -0.657907
2.375637 -0.138465 -0.680534
1.712761 -0.119915 -1.256802
1.709029 -0.723763 -1.179094
1.135633 -1.361765 -1.157116
1.234032 -1.390348 -1.191851
-0.714279 -1.383052 -1.197363
-1.467425 -0.713084 -1.133537
-1.517744 -0.740132 -1.696679
-1.513077 -0.777787 -1.699932
-1.478290 -0.784040 -0.522945
-0.850808 -0.144833 -0.547741
-0.205864 0.501802 -0.516295
-0.211639 1.127597 -1.126616
0.384597 1.748024 -0.514943
-0.228705 1.732383 -0.517695
-0.198046 1.061995 -0.472989
0.452964 1.040528 -1.033820
1.067698 1.662639 -1.031442
1.013387 1.608515 0.259037
0.993030 1.587107 0.270827
1.009674 1.601607 0.302540
1.023944 1.616497 0.295675
1.023888 1.616707 0.238182
1.016086 1.014506 0.195282
0.367767 1.080055 -0.438166
0.370270 1.804783 0.240296
-0.869429 1.791521 0.887320
-1.518684 2.427911 0.848827
-2.224788 1.761766 1.474170
-2.260680 1.776983 1.503070
-2.250200 1.781185 1.525821
-2.226208 1.741825 1.509655
-2.225246 1.702569 1.477563
-2.249356 2.322857 2.069680
-2.900978 3.008752 2.100856
-2.864400 3.728572 2.126541
-2.868266 3.024097 1.438529
-2.269760 2.961771 1.371110
-2.299666 2.309688 1.934508
-2.253947 2.366948 1.922256
-2.186175 3.649212 1.901768
-2.164837 2.344697 1.857605
-2.161620 2.305170 1.796801
-2.130432 2.330316 1.757752
-2.034219 3.021354 2.388416
-1.947038 2.435476 1.781548
-1.943695 0.554003 2.457090
-1.986350 0.543942 1.788534
-1.329265 1.180721 1.176476
-1.241784 1.205480 1.181067
-1.167143 1.212091 1.192432
-1.198317 1.162957 1.817942
-1.267955 -0.183173 1.843806
-1.269469 0.382916 1.906705
-1.201386 0.338712 1.928747
-1.182279 0.968033 1.920974
-0.651140 0.927406 1.899315
-1.434461 0.894101 1.911292
-1.473810 0.886467 1.966150
-2.063602 0.898911 1.378027
-2.046820 0.912879 0.833409
-2.100222 0.901108 1.464399
-2.174452 0.871797 2.078352
-2.215783 0.846408 1.432174
-2.213834 0.269943 0.867186
-2.190595 0.948161 0.885696
-2.187981 0.330712 0.891347
-2.214349 -0.332313 -0.296443
-1.622140 0.358767 -0.220916
-1.602681 -0.211035 -0.158608
-1.528415 -0.116335 1.099468
-1.452032 1.198642 1.060690
-1.431028 2.454692 0.320074
-1.449885 1.810923 0.270005
-1.445376 1.853781 0.235077
-1.396214 1.875757 0.225456
-1.987985 1.820748 0.227306
-2.016066 1.732257 0.220080
-2.085300 1.707198 0.178833
-0.888590 1.741036 0.785209
-0.878041 1.770167 0.740305
-0.862498 2.407946 0.705432
-0.889999 2.371203 0.666283
-0.957213 0.496600 0.611114
-1.002808 1.116310 0.562086
0.238366 1.137231 -0.094089
0.250071 2.440470 -1.234277
0.229477 3.062775 -1.830533
0.176539 2.442871 -1.787010
-0.454039 2.508750 -1.765520
-0.421945 1.923536 -2.352064
-0.387200 1.319629 -1.764445
-0.384705 1.278296 -1.794508
0.872330 2.490765 -1.799806
0.900220 2.482472 -1.797616
0.330364 2.459265 -1.203953
1.586942 2.376223 -1.174216
1.595319 2.890940 -1.145064
0.998710 2.837418 -1.711855
1.646980 2.865876 -1.091237
1.653542 2.295428 -0.460286
1.653855 2.271596 -0.481963
1.680548 2.205030 -0.501873
1.754473 3.472492 -0.538206
1.831758 2.831257 -0.588803
1.208903 2.837154 -0.620099
1.209195 2.829701 -0.601872
1.229005 2.810334 0.113413
0.622111 2.799311 0.157043
1.300262 2.150920 0.196917
1.229435 2.175895 0.225108
0.554195 2.207580 -0.428106
-0.129342 1.592273 -0.451003
0.477180 0.933586 -0.490805
0.450904 0.882841 0.132947
1.009793 2.107425 0.123659
0.262607 2.084143 0.121957
-0.342047 2.048007 0.135704
-0.904232 2.004696 -0.442447
-0.242631 1.993826 -0.420734
0.941200 2.040075 0.215465
0.861581 2.105830 -1.101737
0.896417 1.508222 -0.517821
2.175599 1.482317 -0.547070
2.196873 0.818732 -1.157837
2.195663 0.824293 -0.464194
1.597712 1.441102 -1.100589
1.674419 0.238285 -1.720852
1.753338 1.536685 -2.349702
1.793446 1.550838 -2.319878
1.802384 1.614372 -2.293679
1.805267 1.092259 -2.309615
1.802461 0.468831 -3.034130
1.785874 1.067326 -3.113210
2.379505 1.061433 -3.153762
2.312614 1.070051 -3.140223
2.290161 1.079970 -2.491757
2.323485 1.075538 -2.475932
2.362208 1.061835 -2.461096
2.349736 1.678687 -2.416131
1.635508 1.682288 -1.140722
2.267847 2.324252 -1.757751
1.644621 1.689602 -1.780923
1.653062 1.695727 -1.820473
1.630666 2.298369 -2.442498
1.607094 2.258455 -1.771585
1.639280 2.215512 -1.717190
1.732120 2.188757 -1.696934
0.472532 2.164004 -2.338211
0.467684 2.126952 -1.134646
0.382271 2.105121 -0.437728
0.944405 1.473217 -0.412172
0.372668 2.073750 -1.735117
0.426909 2.075973 -1.801085
1.681429 2.659252 -1.217254
2.922120 2.636609 -0.581908
2.939370 2.651645 -0.579354
2.393205 3.320640 -0.588025
2.489923 3.972049 -0.577629
2.505952 3.993248 -0.539619
1.110601 3.388661 -0.503686
1.114030 3.453795 0.816533
2.475221 2.294353 0.126915
1.138870 2.333568 0.123682
1.131877 3.009810 0.179519
0.530252 3.025223 -0.427813
0.630734 3.032005 -0.481157
0.690997 3.690834 -0.554101
0.667971 3.683151 -0.554654
0.616465 3.654708 0.106954
0.615574 3.621057 0.113981
0.650324 3.608825 0.582618
1.271715 2.966142 0.561555
1.169577 3.605808 0.618724
1.089501 3.585417 1.925437
1.755187 3.539231 1.919480
1.838861 2.874656 2.525717
1.247420 2.842026 2.541425
0.529598 3.442869 1.943682
0.489541 3.413755 1.988229
0.534089 2.766878 1.982870
0.596783 2.784995 1.979110
-0.093172 2.808942 3.298414
-0.169383 2.831252 3.383432
-0.228814 2.866053 4.055113
-0.192544 2.911705 3.977716
-0.103910 2.978805 3.875475
-0.699186 2.969376 3.853287
-0.741816 2.960721 3.894134
-0.792030 2.362419 3.899704
-0.750094 2.428785 3.821311
-0.685384 1.844497 3.741160
-0.696769 1.233297 3.180119
-1.423233 1.227672 3.251685
-2.111880 1.237520 3.273621
-0.845925 1.258397 3.221806
-0.235473 3.175988 3.168187
-1.527866 3.068993 3.185733
-1.580296 3.609793 1.372291
-2.819187 3.007058 1.399955
-2.787025 3.026606 1.411495
-2.739540 3.625801 1.440882
-2.744563 4.232346 1.500651
-2.804138 4.849484 1.552112
-2.832804 4.836363 1.569498
-2.781085 4.846782 1.552776
-2.066286 4.791418 2.160638
-2.055707 4.720609 2.150774
-0.839910 4.046991 1.514437
-1.495852 2.891515 1.481869
-1.459303 2.958023 2.069777
-1.416105 2.950736 1.475760
-2.094725 2.925823 1.509540
-2.182674 3.570007 2.131114
-2.226814 4.281975 1.488950
-2.869633 3.637161 1.500682
-2.824127 3.578504 2.099979
-2.843743 1.716552 2.709688
-2.923513 2.414902 2.685664
-2.967602 1.801758 1.454919
-2.943352 1.789587 1.450142
-2.923701 1.774057 0.826741
-2.972091 1.827528 0.846601
-3.057244 1.934991 0.295892
-3.086653 1.372318 0.355191
-3.042003 1.330879 0.407668
-2.998524 0.616473 0.423789
-3.002630 0.619890 1.072026
-3.013170 1.304478 1.057021
-2.327635 1.299994 1.053593
-2.229392 1.231513 0.447142
-2.815725 0.571965 0.407438
-2.848708 0.578025 0.340090
-1.639163 0.599544 0.296630
-1.632731 1.235496 0.279981
-2.216112 1.821082 0.262741
-0.957322 1.767773 0.209103
-0.999115 1.756648 1.366889
-1.002974 -0.125722 1.331817
0.278473 -0.119362 1.332945
0.319048 -0.155185 0.706209
0.308502 0.437481 1.924250
0.266390 0.426912 1.311729
0.253782 1.052278 0.649856
0.268608 1.091182 0.679736
0.286566 1.081327 0.705680
0.293104 1.039758 0.715437
-0.323540 1.028518 0.738487
-0.263554 1.052166 0.100442
-0.191800 1.055395 0.122721
-0.135602 0.355890 0.773171
-0.100928 0.307434 0.760805
-0.079749 0.315401 0.767364
-0.063957 1.012448 0.797087
-0.692265 0.414291 0.807900
-0.060350 0.416701 0.786606
-0.054647 1.049025 1.404610
-0.025337 1.049476 1.424059
0.007981 1.059949 1.455969
0.021603 1.060073 1.468663
-0.593358 1.032938 1.456677
-0.608349 0.367377 1.445889
-0.637080 0.332106 1.461634
-0.662060 -0.281719 1.484933
-0.681481 -0.911116 2.100645
-0.710143 -0.287923 2.080366
-0.735973 -0.289359 2.682702
-0.131657 -0.931391 2.689810
-0.111940 -0.926838 2.697627
-0.095507 -0.903730 2.705357
-0.106436 -0.890447 2.077059
-0.133859 -0.905585 2.681274
-0.160043 -0.302333 2.668261
-0.168404 -0.302441 2.002352
-0.170827 0.340396 1.986643
-0.188932 0.360616 1.972283
-0.234962 0.992850 2.617855
-0.284626 1.000474 2.597440
-0.311433 1.019733 2.584636
-0.328673 1.055299 2.583719
-0.359905 0.470454 3.828340
-0.424548 0.445621 3.838739
0.139025 0.363728 3.839762
0.103220 0.376691 3.837647
0.114135 0.410862 2.640594
0.128538 1.082353 2.669386
0.110682 0.442765 2.085909
0.077512 -0.756822 1.428582
0.064600 -0.695698 1.441965
0.087390 -1.275283 2.124604
0.118250 -2.471607 2.152216
0.118127 -1.186951 2.190173
0.091152 -1.857042 2.197750
-0.550456 -1.842458 2.166092
-0.485916 -1.819724 2.126674
0.207355 -1.803044 2.110251
0.838705 -1.802274 2.115957
0.787917 -1.826346 2.115238
0.121210 -1.190800 2.124183
0.159230 -1.212184 2.153608
0.193414 -1.227868 2.202335
0.836606 -1.249399 1.605037
1.451567 -1.288062 1.617056
0.765897 -1.306921 2.253259
0.186735 -1.287330 2.273501
0.914385 -1.255233 2.276872
0.932475 -1.236005 2.244391
0.900870 -0.610831 2.191444
0.222819 0.028584 0.868478
0.271212 -1.157244 1.499476
1.550387 -1.108839 1.550722
1.558809 -1.087314 1.550609
1.529439 -0.469927 1.493416
1.517239 -0.450470 1.466180
2.221465 -1.002918 2.131203
2.250026 -0.946733 2.799330
1.638277 -0.325949 2.141155
0.957586 -0.353717 1.484375
0.304533 -0.363569 1.489562
0.940360 -0.967037 2.196372
0.924754 -1.003328 0.403747
1.527382 -1.702858 0.462317
2.130833 -1.800500 1.097519
2.121088 -1.844272 1.106462
2.139735 -1.214272 1.123835
2.132118 -1.245909 1.119003
2.100848 -1.944100 1.099561
2.094430 -1.996207 1.093695
2.141055 -2.010171 0.522847
1.561378 -2.017601 0.548710
1.587574 -2.056788 0.524939
2.207395 -2.115501 -0.138572
2.241469 -2.153182 -0.773019
2.299586 -2.106053 -0.771356
2.335856 -2.083462 -0.181452
1.677942 -1.470291 -1.494005
1.683498 -1.498293 -1.537092
2.983970 -2.125883 -1.555009
2.393906 -2.088221 -0.882584
1.766653 -4.002907 -0.273775
2.982436 -4.004353 -0.337842
3.595394 -4.050766 -0.349127
4.262130 -2.832547 -0.310483
3.643762 -2.824560 0.294581
2.969613 -2.140688 1.518263
3.491580 -2.096790 1.461073
3.440724 -1.469915 1.449383
3.446640 -2.119769 1.497778
3.425220 -2.080713 1.507193
3.325660 -2.679584 1.463762
3.205308 -1.963500 1.384289
3.162385 -2.568825 1.412673
2.566361 -3.198958 1.473161
2.568737 -2.517409 1.486727
2.507304 -2.460965 2.074382
2.457059 -2.425236 2.049546
1.886986 -1.795169 1.416510
2.598642 -1.806165 0.777198
2.626130 -0.524649 0.757806
2.593404 -0.517317 0.730139
2.567814 -0.539025 0.722211
3.245537 -1.218979 0.738636
3.338978 -1.274718 0.740161
3.370091 -1.946484 0.716890
3.329646 -1.946717 0.692775
3.322216 -3.207387 0.692545
3.396185 -3.858454 1.955077
3.497310 -3.882168 1.969905
3.534219 -3.893213 1.971706
3.501748 -3.266190 2.627996
4.097593 -3.267933 2.626562
3.502722 -2.669250 2.645363
2.272234 -3.359138 2.669955
2.267804 -3.304991 2.684989
1.584395 -3.876713 2.036815
1.516757 -3.807927 2.011843
1.527072 -4.362905 0.114457
1.579987 -3.744068 -0.553184
1.578726 -3.767502 -0.545784
1.523878 -3.783014 -0.502503
0.255149 -4.454093 -0.453968
0.882464 -4.488001 -0.453072
0.341606 -4.518747 -0.497467
0.377803 -3.876802 -0.506939
1.026820 -3.926964 -0.478457
1.015533 -3.928285 -0.457634
1.085760 -4.607831 0.800942
1.775835 -4.055145 1.388770
1.790448 -4.742623 1.407947
1.752998 -4.770109 2.113460
1.730607 -4.170709 2.157545
1.750797 -2.978578 2.800344
1.757602 -3.025900 2.164243
1.733722 -3.031184 2.174803
1.706529 -3.000057 2.169290
1.071823 -3.605412 2.772490
1.093798 -3.576980 2.725552
1.056824 -3.560996 2.690759
0.991449 -3.537548 2.699213
0.956759 -3.510359 2.721035
0.952932 -4.808299 2.736349
0.908699 -3.603340 2.758624
0.865872 -3.603610 2.789388
1.449193 -3.570490 2.167609
1.432133 -2.838986 2.144316
1.440038 -3.491398 3.392103
1.448964 -3.486969 2.731736
1.423599 -3.501659 2.723316
1.407416 -2.812208 2.716570
1.441761 -2.801438 2.678025
0.880806 -2.194235 1.399762
0.911904 -2.229743 1.396567
0.227731 -2.218151 1.406001
-0.395524 -2.133732 1.387006
-0.936363 -2.044982 1.341598
-0.847273 -2.026571 1.308438
-0.800872 -2.082851 1.304702
-0.243153 -0.879165 1.304070
-0.266227 -0.831852 1.289739
-0.875648 0.519362 1.295709
-0.237109 0.466206 1.340643
0.372618 0.419698 1.407350
0.962085 0.497074 1.424742
0.352478 0.589088 1.386649
0.392757 1.247178 1.354414
0.435800 0.590993 1.365623
0.425395 -0.117952 1.384885
0.369334 -1.309410 0.089229
0.323731 -1.249529 0.002189
0.311238 -0.655833 -0.024474
0.305899 -0.766633 -0.489917
0.254793 -0.839971 0.174268
0.186045 -0.866858 0.157381
-0.446759 -0.822883 1.321436
-0.416081 -1.454226 1.324636
-0.385587 -1.484545 0.772773
-0.390397 -1.499663 0.812142
-0.410169 -1.453054 0.769250
-0.400454 -1.397260 0.701827
-0.390856 -1.374604 0.706573
-0.410742 -1.446544 0.776635
-1.079801 -1.492731 0.831015
0.240932 -0.866736 0.807184
-0.349160 -0.859801 1.998346
0.253947 -0.879249 2.005099
0.876742 -0.938990 2.015879
1.588736 -0.925284 1.360147
1.677257 -0.872235 2.599626
1.086786 -0.834845 2.605874
1.683706 -1.440947 2.616442
1.626676 -1.487822 2.620407
2.357443 -1.516204 2.015635
2.400512 -1.528852 2.023125
2.392997 -1.562559 2.019205
3.663902 -1.628865 1.998569
2.965117 -1.690175 1.952346
2.989699 -1.710519 1.924913
3.042300 -1.709256 3.247211
3.040682 -1.735783 3.273529
3.599949 -1.798934 3.273080
3.518117 -1.857471 3.859330
3.482187 -1.878575 3.196021
3.486846 -1.874323 3.198785
2.163361 -1.874563 1.887743
2.130314 -1.254182 1.836091
2.108851 -1.255337 1.780282
3.406535 -1.269818 1.744643
3.419505 -1.228336 1.738235
4.087151 -1.806976 1.110648
4.739180 -2.452801 1.771993
3.404077 -2.442825 1.162476
2.761026 -1.137813 1.191323
2.775705 -1.745878 1.818155
3.423130 -3.037093 1.822844
3.426873 -3.052340 1.819635
2.820208 -3.038592 1.811702
2.829799 -2.996699 1.797415
2.832039 -2.957306 3.009478
2.173483 -2.956301 3.023739
2.175500 -2.975266 3.076225
2.155732 -2.980471 2.540838
2.131727 -2.961180 2.577742
2.115263 -2.945674 2.573929
0.905984 -2.964037 2.559177
0.885971 -2.362174 2.566060
0.849904 -1.725442 2.588003
0.837840 -2.327384 2.570746
0.850759 -2.293331 2.519564
0.866668 -2.285604 3.122767
0.870390 -1.650912 3.140329
0.877731 -1.645988 2.576239
0.920163 -1.627495 2.577369
1.605162 -1.622542 1.871919
1.677889 -2.289125 2.461138
1.045955 -1.150760 2.460201
-0.210650 -1.178464 3.141433
-0.158292 -1.146999 2.457700
-0.077914 -1.126166 2.405297
-0.048075 -1.158353 2.357977
-0.086686 -1.839364 3.633068
-0.120497 -1.823018 4.335040
-0.083853 -1.765405 3.752323
-0.019082 -1.746464 2.469617
-0.028656 -1.146023 3.083418
-0.127750 -1.195922 3.160048
-0.859550 -0.553364 3.933022
-0.230174 -1.147292 4.582492
-0.226885 -0.568379 4.552089
-0.308579 -1.912497 4.509715
0.205026 -1.952128 4.533651
0.155616 -1.279677 4.588201
0.208730 -1.242831 3.950877
0.287966 -1.914384 3.876977
0.307035 -1.392839 3.849817
0.892676 -1.412322 3.895511
1.577525 -0.623647 3.967100
1.079197 0.048991 4.656315
1.785552 0.027699 3.983991
1.784204 0.010547 3.944261
1.121054 0.065867 4.619597
1.123924 0.161795 4.048017
1.197375 0.191124 4.050274
1.267873 0.135516 4.005203
1.262186 0.076606 3.991643
1.216414 0.100562 4.047000
1.232853 0.798828 4.098556
1.937255 0.827872 4.091101
2.640151 0.112820 4.044739
2.569351 0.062232 3.333054
2.442708 0.083989 3.417866
2.382532 -0.433010 4.109967
3.067862 -0.419923 3.477959
2.448725 -0.437858 2.836269
1.791844 -0.451510 3.514164
-0.113611 -0.395340 3.612854
-0.109706 0.254979 3.673428
-0.081755 0.251052 3.667175
-0.082224 0.190263 2.975453
-0.120015 0.147065 3.610326
0.513846 0.187770 3.667033
0.542059 -0.390415 4.338483
0.597364 -0.394787 3.050032
0.650818 -0.458163 2.376441
0.039907 -0.491436 3.008348
0.091757 0.179582 3.012292
0.840810 -0.404254 3.017028
0.882097 0.237487 1.662628
0.851917 1.471571 0.918649
0.812546 0.815414 0.912602
0.830804 0.863145 0.885855
0.869279 0.919278 0.891622
0.846211 0.913608 0.890009
0.768567 0.845803 0.872655
0.072417 0.790745 0.855315
0.734291 0.796315 0.861305
0.808645 0.194200 0.882558
0.809391 -0.435424 0.896220
0.751652 0.183386 0.883222
0.713525 -0.454753 1.452885
-0.609882 -0.431178 1.455962
-1.241157 -0.367626 1.492670
0.081142 -0.321894 1.539729
0.666747 0.318738 1.569888
-1.258917 0.319630 1.568551
-1.212157 0.951687 2.200459
-1.166187 0.973399 2.182137
-1.172362 0.982232 2.182055
-1.214649 0.330131 2.199733
-1.281118 -0.344627 2.191218
-1.300094 -0.377296 2.153651
-0.048145 -0.394909 2.106824
-0.085123 -0.399824 2.102557
-0.151220 -0.402124 2.134009
1.030171 -1.063607 2.136763
1.110887 -1.065785 2.102907
-0.072517 -1.072395 2.047310
-0.030451 -0.472565 2.026613
-2.052933 -1.124401 2.039402
-0.825233 -1.144982 2.047704
-0.782740 -1.150668 2.051092
0.558085 -1.162258 2.046418
-0.056883 -1.168952 1.423774
-0.115193 -1.157806 1.426113
-0.130209 -1.121523 1.468450
-0.009397 -1.070241 1.514705
0.168618 -0.405197 2.195649
0.245084 -0.393952 2.199662
-0.418152 -0.388787 2.787864
-0.455130 0.255292 3.417234
-0.409387 0.265050 3.427633
-0.341688 -1.000245 3.450477
-0.993498 -0.407125 2.856165
-0.439984 -0.411977 2.873261
-1.012257 -1.687286 2.888253
-0.942473 -1.644244 2.913772
-1.511705 -2.232943 2.950351
-1.527975 -2.212346 2.967327
-2.234833 -2.232574 2.955129
-1.631537 -2.263749 1.618218
-1.635517 -2.281779 1.627391
-2.259733 -1.673422 0.976689
-2.276104 -1.717543 0.912454
-2.286217 -1.783742 0.837648
-2.254496 -1.203346 0.801483
-2.205297 -1.177034 0.802130
-2.199545 -1.776353 0.795278
-2.234809 -1.127424 0.748695
-2.943465 -1.164051 0.703484
-2.292078 -1.854447 0.714906
-1.775725 -1.877815 1.390522
-1.783530 -0.626730 1.417264
-1.789221 -0.636551 1.412275
-1.770239 -0.668037 1.412630
-1.114137 -1.324848 1.453562
0.240679 -1.960454 1.519820
0.240600 -1.891283 1.567027
0.188573 -1.815927 1.565424
0.133111 -1.787993 0.954512
0.109991 -1.808459 0.974890
0.103788 -1.824614 1.020187
0.079793 -1.833140 2.343670
0.052849 -1.867714 2.357058
0.080944 -1.231151 2.295168
0.161750 -1.274969 2.224531
0.888942 -1.252414 1.585894
-1.062720 -1.170925 1.649520
0.174497 -2.453201 1.657605
0.194579 -2.430989 1.579599
0.226708 -2.408626 1.497031
0.204652 -2.370698 1.520321
-0.511917 -2.339096 1.624033
-0.523412 -2.352068 1.671246
0.208721 -2.390768 1.622363
0.328184 -2.415760 1.561010
0.357496 -2.411374 1.588889
0.297965 -0.585857 1.677264
-0.374156 -0.617554 2.310074
-0.336048 -0.653779 2.258545
0.401598 -0.661901 2.210869
0.399019 -0.644516 2.242074
0.303059 -0.633936 2.318435
0.227088 -0.657152 2.353912
0.240375 -1.329762 2.342315
0.927808 -1.328871 2.317354
0.908388 -0.669288 1.052714
2.132387 -0.657880 1.091129
2.116062 -1.276277 1.118805
2.148071 -1.278883 1.123045
1.552434 -0.645356 1.094663
1.508910 0.007255 1.075231
0.754837 0.012819 1.089579
0.762099 -0.629263 1.109832
0.809774 -0.011273 1.106937
0.182928 0.665070 1.050720
0.153622 0.697519 0.988418
0.137133 0.063640 0.964518
0.175517 -1.216475 0.961192
0.222803 -1.215595 1.523490
0.210632 -1.185429 0.879454
0.152885 -1.151226 0.890257
-0.491329 -1.151755 0.294195
0.792997 -2.453541 0.931075
0.815379 -2.482589 0.326169
0.139299 -2.466874 0.338511
0.112414 -2.443778 0.348323
0.118007 -2.446064 0.345410
0.166532 -2.455804 0.325784
-0.456684 -2.450315 2.234871
-0.495297 -2.415268 2.197515
0.079753 -2.389007 2.209125
0.062717 -2.399649 2.883000
0.094980 -2.433762 1.723460
0.116201 -1.816537 1.681347
0.111033 -1.815279 1.012241
0.107186 -3.058091 0.993896
0.146701 -3.064929 0.994102
0.883758 -2.461602 0.957484
0.929298 -2.453303 0.865333
1.535539 -3.070401 -0.568307
1.469848 -3.093164 -0.567919
-0.388423 -3.132347 -0.533199
0.246119 -3.160228 -0.532733
0.217339 -3.169888 0.097586
-0.448906 -3.181246 0.123521
-0.453150 -3.215381 -0.427992
0.198215 -3.252474 -0.391092
0.197378 -2.055465 -0.428512
0.204822 -2.010410 -0.506552
0.214740 -2.594105 -0.547088
-0.422924 -2.637912 -0.517991
0.200379 -3.303195 -0.485036
0.178863 -3.274015 -0.493843
-1.139958 -3.201015 -0.504966
-1.790280 -3.178914 -0.476263
-1.806695 -3.242231 -0.334004
-1.163455 -3.290964 0.341106
-1.161559 -3.220113 0.289561
-1.151417 -1.812130 0.217772
-1.783145 -1.765244 -0.394635
-1.753061 -1.830177 -0.354329
-1.737678 -1.894242 0.981706
-1.725387 -1.878852 0.339808
-1.704692 -1.834581 0.361895
-1.679474 -1.849994 0.417119
-1.665578 -1.921271 0.456133
-1.710348 -1.956208 0.437561
-1.044620 -1.909263 -0.880951
-0.991379 -1.851468 -0.310092
-1.552332 -1.882038 -0.946764
-1.523105 -1.973035 0.279957
-0.853148 -1.368725 -0.386873
-0.869682 -0.708331 0.222494
-0.870043 -0.705401 0.184654
0.432434 -0.768918 0.803379
0.409474 -0.851033 0.165354
0.368907 -1.472029 0.176915
0.353779 -1.383042 1.470500
-0.917259 -1.325185 1.430917
0.374559 -0.775712 1.428328
0.382322 -0.834752 1.438530
0.349942 -0.821307 0.801266
0.304131 -1.366980 0.816345
0.273606 -1.321192 0.833638
-0.379046 -1.361059 2.032669
-0.438148 -2.052607 2.034107
-0.506997 -2.051399 2.060821
0.098528 -1.992346 2.060493
0.113637 -1.309375 2.016359
0.160870 -1.324474 1.953633
0.181190 -1.350641 1.937637
0.172509 -0.693963 1.347414
0.156472 -1.256165 1.368400
0.161536 -1.252649 1.331726
-0.373178 -1.317551 2.500223
-0.379644 -1.359621 2.490186
-0.932840 -1.392841 1.308890
-1.572232 -0.746385 1.311582
-1.494351 -1.388982 1.238673
-0.142581 -1.399965 0.547645
1.111320 -2.034117 0.578655
0.475691 -2.024559 1.288881
0.481149 -2.001215 1.309494
0.483955 -2.659727 1.297892
0.459530 -2.030453 0.690602
0.403522 -2.053154 0.780704
-0.910751 -2.724473 2.190843
-1.523978 -2.699573 2.257761
-2.126966 -3.303310 2.247716
-2.132750 -3.277169 2.237560
-0.911132 -3.870222 2.278642
-1.601499 -3.861906 2.333213
-1.558762 -3.873796 1.749015
-1.487123 -3.892983 1.718170
-0.851884 -3.897510 1.704868
-0.918326 -3.850982 2.378391
-1.602164 -4.523333 1.764938
-0.894642 -3.881660 1.737588
-0.790863 -3.245885 1.673237
-0.766463 -3.867971 2.244883
-0.859168 -4.446149 2.243786
-2.252312 -4.467601 2.255021
-2.255901 -3.855944 2.264741
-2.176347 -3.240701 2.285577
-2.119665 -3.902045 2.925439
-2.171475 -3.278005 2.926197
-2.265925 -2.025996 3.517918
-2.898173 -1.404404 3.444369
-0.968475 -0.725987 2.769733
-1.544451 -1.310586 0.787224
-1.566591 -1.911531 1.417584
-1.634488 -1.918197 1.311302
-1.665249 -3.138674 1.915791
-1.632821 -2.546458 1.911612
-1.589039 -2.572755 1.933267
-1.570933 -2.618298 1.282274
-1.003427 -2.659447 1.255710
-0.331597 -3.329523 0.601808
-0.288098 -3.338421 1.873387
-0.900949 -3.349666 1.874394
-0.882139 -3.366339 1.228969
-0.249237 -3.377334 1.177332
-0.218721 -3.385201 1.820354
-0.204379 -3.408056 1.879260
-0.224307 -3.438196 1.193165
-0.256464 -2.841754 0.567870
0.370548 -2.829309 0.594895
-0.270012 -2.810379 1.262458
-0.280247 -2.798505 1.293898
-0.320451 -2.787617 0.616029
-0.364452 -2.767429 -0.071234
0.230263 -2.726692 0.496099
0.216387 -2.683383 1.748253
0.181452 -1.450664 3.737950
0.115301 -0.218576 3.081067
0.054959 0.376054 3.058054
0.025837 0.344465 3.077497
0.030450 0.342720 3.156883
-0.589510 0.331720 0.734099
0.033043 -0.983794 0.694873
0.029518 -1.001512 0.624788
-1.180029 -0.351306 1.258184
-1.778016 -0.929803 1.312737
-1.808483 -0.919343 1.982118
-1.833674 -0.953248 1.946909
-1.812759 -0.985070 1.285152
-1.765365 -0.907258 1.364820
-1.108723 -0.874519 1.469178
-1.107735 -0.229728 1.488436
-1.093028 -0.247334 1.405564
-1.034882 -0.259519 1.933711
-0.962393 -0.220383 1.934137
-0.935583 -0.746997 1.968167
-0.966096 -0.735041 1.937530
-0.988042 -0.787117 1.200125
-0.338985 -2.085500 1.821510
-0.299337 -2.103733 1.870169
-1.552143 -2.117640 1.915617
-1.588029 -2.157248 1.879493
-1.618021 -2.197302 1.784926
-1.608148 -1.572305 1.699493
-1.583936 -1.537949 1.667617
-1.601626 -1.514828 1.646420
-1.659157 -1.530427 2.253534
-1.076969 -0.911664 2.789674
-1.724202 0.249369 1.423669
-1.728935 0.260267 0.811255
-1.746736 0.274002 0.833743
-1.770745 0.249475 0.211241
-1.769535 0.195108 0.205265
-1.139832 0.163001 0.251633
-0.504636 0.804902 0.271724
-0.507520 0.895422 0.293411
-0.494864 0.342443 0.290614
-0.474745 0.355917 1.490061
-0.466853 0.343883 1.476335
-0.473260 -0.254946 0.839118
-0.453095 -1.452930 0.844387
-1.693063 -0.800516 0.862071
-1.039224 -0.877480 0.295725
0.173587 -0.936128 1.031869
0.166147 -0.889071 1.052853
0.182644 0.473052 -0.994897
0.204364 0.521829 -1.026906
0.218626 -0.179107 -1.670017
0.160870 -0.248799 -1.653824
-0.518613 -0.218991 -1.018560
0.162149 -0.145324 -1.054323
0.206075 0.504334 -0.505485
0.233355 0.403286 -0.507895
0.227890 0.318525 -0.448683
-0.411116 0.342515 -0.387444
-0.358210 0.422988 -0.375867
-0.305725 0.451325 -1.038266
-0.299397 0.370614 -1.033514
-0.324702 0.295017 -0.359030
-0.315411 -0.361619 -0.333033
-0.254823 -0.324012 -1.015952
-0.203484 -0.350672 -1.071314
-0.214375 -0.434062 0.257088
-0.892059 -0.482192 -0.308199
-1.483656 -0.452299 -0.254758
-1.421603 0.252811 -1.565376
-0.115605 0.259672 -1.624617
-0.136221 1.494524 -1.632769
0.494194 2.767296 -1.590853
0.478767 3.414391 -1.567747
0.441647 2.739435 -1.597565
0.385030 2.651272 -1.637961
0.333197 2.616875 -1.615994
