1.821555 -2.159746 -0.640031
1.821226 -2.181974 -0.592624
1.218377 -2.183148 -0.592372
1.915467 -2.165378 -0.623261
2.549808 -2.157127 -1.278122
2.540043 -0.892957 -1.889336
1.916968 -0.285959 -1.245456
1.933420 -0.272729 -1.266467
1.973122 -0.201393 -0.679233
2.008675 -0.185129 -0.733881
2.003701 -2.038025 -0.745773
1.999057 -1.426525 -0.763720
1.383645 -2.018132 -0.822400
0.768286 -1.366040 0.377595
2.048669 -1.975046 0.339785
2.023228 -1.367471 0.342732
2.013551 -0.739177 1.044870
2.033933 -0.686809 1.035910
2.064152 -0.651078 1.000949
2.066466 -0.651427 1.006834
2.060076 -0.644020 1.076873
2.084292 -1.197137 -0.925181
2.125461 -1.082357 -0.905299
2.152293 -0.424341 -0.907279
1.504881 -0.436607 -0.896914
1.472687 -0.425120 -0.843634
3.412227 -1.064428 0.469399
3.387941 -1.076273 0.501257
3.354574 -1.167124 -0.204675
2.706806 -1.896452 1.074196
2.073213 -1.938573 2.308149
2.084680 -1.929840 2.312433
2.676071 -1.283224 1.642544
2.623961 -1.293391 1.594343
1.940005 -1.315410 0.346652
0.637753 -2.597072 0.356418
0.607457 -2.589061 0.368900
0.558333 -2.577892 0.362388
0.520933 -2.588724 0.323275
0.531920 -2.609754 0.276431
0.558824 -3.828208 0.256772
0.572065 -3.151581 0.257815
0.549285 -2.494884 0.238792
0.518541 -2.508655 0.809108
1.830004 -2.512041 0.777235
1.843316 -1.819057 -0.490482
1.823648 -2.439065 -0.450973
1.761105 -2.410487 -0.421225
1.724425 -3.063497 1.481698
1.760544 -2.444247 1.474445
1.808564 -2.494604 1.464301
1.818507 -2.507962 2.143489
1.778296 -1.896017 2.160224
1.750925 -3.231987 1.563983
1.764540 -1.929240 2.176144
2.378097 -1.896329 2.176914
2.342281 -3.139474 2.207686
1.690116 -3.129817 2.273292
2.931766 -3.145015 2.982265
2.956963 -2.520219 2.996932
2.391586 -1.915959 2.980828
2.451142 -1.871077 2.957055
2.469277 -1.216564 2.942619
2.460082 -1.869475 2.943767
2.454032 -2.543162 2.948373
2.465720 -0.572391 2.941316
2.468293 -1.126087 2.281194
2.427093 -1.047521 2.290821
2.368193 -1.074484 2.312619
1.169235 -0.493874 2.331107
1.209169 -1.165114 1.659972
1.235924 -1.231143 1.611838
1.208351 -3.300954 2.204711
1.172379 -3.360154 2.803004
1.150740 -2.729855 2.818396
1.145967 -2.683270 2.198519
0.490471 -2.642812 2.175184
-0.158436 -2.626309 2.160980
-0.145183 -1.351223 2.177512
-0.101232 -1.320922 2.191279
-0.067770 -1.972399 2.160989
-0.074235 -2.013509 2.094259
-0.081430 -2.018669 2.055004
-1.406897 -1.991913 2.675321
-1.377317 -1.959999 3.286218
-0.244226 -1.942872 3.282307
0.306217 -1.945212 3.276693
0.912790 -1.950053 3.289658
1.551687 -1.955067 3.326441
1.090128 -2.003841 3.345459
1.147467 -2.681338 3.314024
1.127864 -2.808151 3.275377
1.087606 -1.034449 3.282040
1.087598 -0.399714 3.337517
1.116546 -1.034420 3.395209
1.753993 -1.032967 2.819343
1.713526 -2.259905 2.868654
1.691488 -1.590090 2.909718
1.021467 -1.573049 2.927809
1.073690 -1.589650 2.979248
0.437968 -2.241057 2.946861
0.440834 -1.684588 2.937975
0.397983 -1.712840 2.954419
0.367634 -1.038337 2.361911
-0.272919 -1.029040 1.712578
-0.271368 -0.406665 1.692380
-0.265432 -0.991450 2.326717
-0.273132 -1.593238 2.337056
1.108818 -1.580096 2.324902
1.164678 -2.846411 2.272605
0.608880 -2.883869 2.207227
0.644454 -2.285754 2.178632
-0.049465 -2.309717 2.182757
-0.076710 -2.331287 2.202149
-0.058406 -2.997671 2.225046
-0.028395 -2.946864 2.257251
0.604162 -2.848523 1.664857
-0.159239 -1.484759 1.710752
-0.164411 -0.168737 1.744535
0.577611 -0.789048 1.741667
1.310691 1.042784 2.349727
0.010862 0.983158 2.313758
-0.074516 0.925169 1.698706
-0.134624 0.905604 1.751976
-0.105310 0.925321 1.821294
-0.052561 0.328938 1.850045
2.433274 -0.267810 1.834291
1.041042 -1.505139 1.834126
2.341292 -1.464157 1.869295
1.785692 -1.421593 1.872115
1.198516 -2.043476 2.451483
1.157112 -1.437374 2.334603
1.667222 -2.213902 2.261238
2.293213 -0.833710 2.256418
2.988060 -1.477937 2.273848
3.008391 -1.445582 2.834999
3.650978 -0.776082 2.182509
3.567983 -0.161451 2.190254
2.958036 -0.129259 2.235418
3.645714 -0.077264 2.253802
4.283441 1.263724 2.221785
3.597037 1.214975 2.180627
2.311864 0.496256 2.183376
2.902443 0.476232 2.252914
2.898271 0.482170 2.316191
2.886508 0.462465 2.344548
2.226917 -0.157920 2.375356
2.193002 -2.162369 2.428867
2.178377 -1.476516 2.466345
2.161568 -0.835783 2.481648
2.136811 -1.464209 1.768498
2.127993 -2.056636 1.713686
2.145466 -2.069167 1.691596
2.828949 -2.110627 1.675197
3.432626 -2.104370 1.629233
3.465911 -1.474161 1.589558
3.556266 -2.057939 1.595465
3.657908 -2.679600 1.646841
3.715985 -2.703177 1.049632
3.032658 -2.723235 1.010955
3.008049 -2.088297 0.962712
3.040659 -2.753933 0.295682
3.018849 -2.089452 0.971619
3.027971 -2.098218 0.307864
2.993835 -2.107756 0.287283
2.980822 -2.096506 0.301018
3.712739 -2.048770 0.365952
3.802303 -1.980177 1.091098
3.839340 -2.568497 0.468682
3.798636 -2.530401 -0.241323
3.748639 -2.529205 -0.283918
3.747571 -1.339982 -0.932502
3.744871 -1.346441 -0.941851
3.690338 -1.347725 -0.346352
3.607814 -1.359659 0.248465
3.590723 -1.385440 0.276231
3.655760 -2.062648 0.339289
3.719594 -2.668003 -0.256984
3.068444 -2.670889 -0.963256
2.372716 -2.656314 -0.383290
2.956970 -2.660635 -0.413023
2.956421 -2.698018 -0.418540
2.951120 -2.067359 -0.434717
1.009932 -2.078004 -0.481911
0.995482 -1.417973 -0.502463
0.993671 -2.071917 -0.467735
1.693598 -2.108889 -0.407634
2.418655 -2.112317 -0.370061
2.460640 -2.058679 -0.377860
2.474892 -2.003405 -1.040899
1.809981 -0.718750 -1.018582
1.820498 -1.366764 -0.358061
1.851673 -1.356645 -0.339621
1.883493 -1.996281 -0.364276
1.886765 -2.007838 -0.384071
1.866260 -2.051012 0.279802
1.867691 -2.088068 1.622956
1.236778 -2.064224 1.695181
1.234555 -2.677711 1.710961
1.177272 -2.634115 1.026533
1.088666 -1.974701 0.991143
0.369289 -1.968087 0.974887
0.369332 -1.953605 2.296291
0.375931 -1.937263 2.279551
0.359699 -2.588742 1.555907
0.330312 -2.615788 1.544273
0.316155 -1.969358 1.592731
0.323776 -0.683741 1.666986
0.980535 -0.613968 1.706430
0.321042 -0.544139 1.688373
0.307942 -0.506765 1.004919
0.304294 -0.508894 0.349211
0.315407 0.104691 0.356239
0.973739 0.098338 0.993719
0.980652 -0.554332 0.987325
0.349416 -0.574274 0.990139
0.365539 -0.632692 1.680097
1.041747 -1.321600 1.690501
-0.263434 -1.295801 1.698737
-0.285970 -1.232454 1.724464
-0.914944 -0.559738 1.762175
-0.895622 -0.621917 1.160103
-0.875099 -0.664705 1.149629
-0.922585 -0.618638 0.466574
-1.601156 -0.549465 0.451092
-1.569406 -0.584074 1.070445
-1.503080 -0.687325 1.687746
-1.474420 -0.719379 0.964706
-1.499965 -0.616113 0.884447
-1.510135 0.163020 0.836221
-0.119287 2.074745 0.170544
-0.064739 2.014603 0.114000
-0.097828 1.986921 0.047607
-0.175008 2.039691 0.006559
-0.197403 2.069997 0.651599
-0.149963 1.996120 0.037229
-0.084034 0.624936 0.102357
0.519171 0.599729 0.132524
0.446168 0.651194 0.162276
0.400043 1.323544 -0.370632
0.383596 1.242304 -0.282206
0.361247 1.155904 -0.256552
-0.324755 1.166422 -0.280468
-0.400287 1.214316 -0.275503
0.832961 0.003912 -0.185150
0.865604 -0.095997 -0.737467
0.310261 -0.168614 -0.724608
0.984084 -0.132148 -0.774195
0.983339 -0.048391 -0.800922
1.637065 -0.007915 -0.768980
1.047808 -0.013622 -0.745815
1.063577 -0.013711 -0.821604
0.395876 0.637678 -0.944428
0.386498 0.683255 -0.382184
0.411702 0.681092 -0.330746
1.727681 0.631978 1.018213
1.734794 -0.023440 0.963902
1.126935 -0.025590 2.190314
1.119461 -0.018111 2.198362
1.101353 -0.021608 2.251846
1.092459 -0.021216 3.519096
1.103297 -0.017429 3.502471
1.115005 0.003838 4.691267
1.079641 -1.217664 3.457016
1.021465 -1.229098 3.495932
0.996175 -1.239121 3.493614
1.004787 -1.255102 3.473215
1.008095 -0.674782 3.524675
0.972449 -0.723233 3.563348
0.946868 -0.739468 3.538240
-0.274768 -0.721949 3.440436
-0.228204 -0.687153 3.338710
-0.874639 -0.644925 3.301778
-0.941616 -0.614040 3.300508
-1.616522 -0.607521 3.290221
-1.575430 -0.609827 3.839828
-0.877125 -0.616102 3.831797
-0.870017 -1.287399 3.876652
-0.928387 -3.175262 3.931051
-0.335883 -3.163389 4.635434
-0.334139 -2.452671 4.556246
-0.322405 -2.401352 4.492093
-0.345580 -3.012070 4.485797
-0.987765 -2.982124 4.527330
-0.978156 -2.321264 4.573314
-0.950364 -2.355793 3.296138
-1.617029 -2.393668 3.319625
-1.049978 -1.182006 3.372418
-1.063800 -1.184774 3.434409
-1.019117 -2.475538 2.789196
-0.965729 -2.505878 3.394280
-0.973529 -2.516860 2.692059
-1.025889 -1.875031 2.677700
-1.048138 -2.551704 2.701725
-1.005855 -2.598061 2.737951
-0.955871 -2.641596 2.746371
-0.978796 -2.667727 2.718083
-1.717536 -2.731077 2.665277
-1.098488 -2.732998 3.281158
-1.689041 -2.685536 3.881347
-1.649821 -2.590727 3.181123
-1.690247 -3.141886 3.156746
-1.776926 -3.068771 3.143773
-1.180308 -3.049569 3.807250
-1.149177 -1.789123 2.585620
-1.116239 -1.144211 2.631812
-0.533498 -1.150038 2.640591
-0.605116 -0.542967 2.618696
0.035451 0.135339 2.599303
0.093491 0.148285 1.949114
0.153555 0.145525 1.950856
0.177699 -0.550756 2.559812
0.201476 -1.241103 0.093454
0.311829 -1.933088 0.118501
0.404549 -2.008657 0.174324
0.465296 -0.783657 -0.413621
-0.155540 -0.209579 -0.436628
-1.414452 -0.273917 -0.453696
-1.463904 -1.565046 -0.454024
-0.742522 -0.923460 -0.452493
-0.710165 -0.241869 -0.469130
-1.381811 -0.225872 -0.493344
-1.471226 -1.453710 -0.492602
-0.878466 -2.118271 -0.474987
-0.886981 -0.882915 -0.463717
0.369795 -0.869598 -0.472943
-0.403754 -2.111279 -0.492854
-0.510576 -2.098139 -1.113503
0.104357 -1.412635 -1.117179
0.144646 -0.741914 -0.521203
0.163483 -0.709693 -0.532744
0.776422 -0.680248 -0.553206
0.759410 -1.338668 -0.545073
0.146087 -0.159221 -0.511116
0.194697 -0.171068 -0.473069
0.223163 -0.751924 -0.463093
0.835492 -1.380310 -0.481609
0.829204 -1.377875 -0.496693
0.880195 -0.731674 -0.505752
0.984512 -0.681743 -0.518012
1.072243 -1.305139 -0.551932
1.092263 -1.314227 -0.582323
1.066672 -0.759231 -0.582697
1.062353 -1.457406 -0.568208
1.088764 -0.885646 -0.551244
1.089302 -2.179222 -0.550390
0.384178 -1.579783 0.014194
0.305168 -1.015838 0.641562
0.295628 0.237786 0.640014
0.373587 -0.980465 1.961427
0.459783 -1.507527 1.991141
0.465310 -1.579250 1.975860
0.424064 -1.605566 1.941605
-0.179644 -1.616220 1.336858
-0.126561 -1.582507 1.403034
0.510383 -1.504255 1.444103
0.437045 -1.474773 1.405655
0.371591 -2.074855 1.346604
0.403017 -2.635329 1.348419
0.497081 -2.538822 1.412812
0.541315 -2.496632 2.092613
0.496300 -1.840208 2.072740
0.442859 -1.248443 2.060257
0.446803 -1.277445 2.102206
0.459335 -1.290927 2.164880
1.657427 -1.328977 2.175725
1.555544 -1.361736 2.129549
1.494622 -1.983546 2.070022
1.514522 -1.930457 2.028989
1.538922 -1.881011 2.005721
2.154706 -2.534006 1.961423
1.435406 -2.549464 1.900375
1.447045 -2.563212 1.871523
0.875119 -3.198311 1.888696
0.895846 -3.219343 1.911917
0.179607 -2.524505 1.913540
0.121070 -2.518805 1.915469
0.172546 -2.463562 1.941372
0.949357 -2.376236 1.969697
1.025076 -2.980536 1.966529
1.034966 -2.312187 1.937277
0.404807 -2.971828 1.932847
2.441540 -2.403089 1.970120
2.510431 -1.819161 1.999273
3.154315 -1.860761 3.232044
2.462261 -1.243394 3.196852
1.771443 -1.226894 3.214019
1.793481 -1.203684 3.257145
1.803977 -1.210042 3.250212
1.804810 -1.233522 3.182567
1.768276 -1.254687 3.123247
1.759359 -0.029365 3.135246
1.140206 -0.699751 3.186201
1.165412 -0.697243 3.203352
1.105388 -0.053401 3.163940
1.003723 0.482238 3.780841
0.951121 -1.510528 2.482851
0.982794 -0.843750 2.525316
1.692741 -0.133205 3.188045
1.702915 0.470014 2.502481
1.682590 -0.249519 2.460129
1.689978 -0.335077 2.461095
1.742527 -0.941006 2.487758
2.430235 -0.877316 1.113669
2.417572 -0.838553 1.116561
3.006597 -0.263774 1.096199
2.311084 -0.895887 1.053903
2.976086 -0.839035 1.035861
3.040249 -0.070045 1.079229
3.081723 -1.291515 1.141690
2.473505 -2.643314 1.150402
2.493272 -2.601670 0.464679
2.511240 -3.186394 1.049976
1.960465 -2.457258 1.035183
1.964576 -2.422797 1.054783
1.936711 -3.121528 1.083931
1.269577 -3.834837 1.117056
1.281140 -3.839611 1.154242
1.945966 -2.574949 1.206505
1.247083 -2.616744 2.561633
1.227529 -3.955498 2.549571
1.235494 -2.720126 2.562902
1.246628 -2.731886 2.576058
1.223941 -1.533889 2.565772
2.450848 -0.896268 2.545497
2.336142 -2.086587 1.290526
1.673365 -2.058186 0.703740
1.683903 -0.205675 0.749851
1.679547 0.446814 0.768923
2.274438 0.462463 0.115828
3.527374 0.404855 0.758732
2.916437 -0.862225 0.733623
0.404187 -0.914175 0.039507
1.025788 -0.932189 0.669994
0.986622 -0.891968 1.291415
0.295528 -0.860351 1.299518
0.925376 -0.250470 2.554004
0.970938 -0.287692 2.552278
1.000747 -0.273039 2.528563
0.333506 -0.899286 2.486818
0.304620 -0.878565 2.455304
-0.345332 -1.517127 1.801572
-0.282397 -1.540516 1.128711
0.412920 -1.527214 1.106148
0.401468 -2.114197 1.099872
1.074754 -1.449560 1.121933
1.069860 -1.448623 1.138976
1.083037 -1.992041 1.138522
1.091324 -1.961742 1.136755
1.078532 -1.958230 2.489954
1.741015 -1.958917 1.970402
1.125962 -1.941127 1.991953
1.189770 -1.912143 1.965044
0.506156 -1.228032 1.938945
-0.165449 -1.241789 1.979937
-0.226931 -1.280247 2.658015
-0.285665 -1.902469 3.347672
-0.299572 -1.888852 2.706219
-1.690175 -1.871867 2.723750
-1.706363 -1.870244 3.380622
-0.406338 -1.850800 2.878415
-0.435792 -1.800246 2.873363
-0.406597 -1.094172 2.839480
-0.381372 -0.471258 2.820601
-1.073072 -1.120028 2.827852
-1.174659 -1.762196 3.484002
-1.232069 -1.734135 4.116391
-1.184409 -1.718102 4.108704
-1.107311 -1.071141 3.406657
-1.724221 -1.078765 3.359941
-1.150868 -1.088310 3.948382
-1.124285 -1.139193 2.725410
-1.030079 -1.883180 2.106255
-0.952724 -0.670836 2.114812
-0.954858 -0.109712 3.335516
-0.385757 -0.727678 2.149289
-0.401839 -0.774189 2.189694
0.965884 -0.829405 2.877214
1.013038 -0.829883 2.839323
1.022355 -1.404031 2.195201
0.988827 -1.393563 1.530694
0.928147 -1.442319 1.526314
2.200593 -2.722671 2.162144
2.204537 -2.700534 1.575691
2.202715 -2.650045 1.600253
1.487077 -2.645440 2.181518
1.428592 -2.703687 2.191491
2.122070 -2.734027 2.201427
2.179365 -1.489238 0.391862
2.203657 -2.062443 -0.323732
2.180367 -2.025649 -0.396270
2.139802 -2.687128 -0.419587
2.145388 -2.698943 -1.012240
2.833958 -2.043460 -0.995101
1.488757 -1.996678 -0.418463
1.420962 -2.623196 0.183234
1.365521 -2.675748 0.183652
1.387457 -2.713054 -1.019982
1.448088 -2.716687 -1.026553
1.460661 -2.694925 -1.029020
0.191152 -2.691966 -1.068919
0.163989 -2.699542 -1.058175
-0.431099 -2.027396 -1.007121
-0.398165 -1.993080 -0.971292
-1.054669 -1.983637 -0.959354
-1.112637 -2.014219 -0.331158
-1.135119 -3.278764 -0.338829
-0.437739 -3.276322 -0.981238
0.286858 -2.646253 -0.980586
0.296016 -3.246051 -0.368937
0.251128 -3.903539 -0.407049
0.217304 -3.885557 -0.415058
0.238764 -4.459912 -0.404284
0.275435 -3.123924 -0.428403
0.264040 -3.118927 -0.460056
-0.443697 -2.515733 -0.504180
-0.479045 -3.139060 -1.219489
-0.470817 -3.110943 0.026393
-0.443872 -2.441511 0.637707
-0.454530 -2.474310 0.642499
-0.509334 -3.174416 0.615767
-0.551190 -3.199934 0.565490
-0.560887 -3.180714 1.149228
-0.556717 -2.506905 1.117542
-0.579178 -2.539202 1.116123
-0.621979 -3.247012 0.493367
-0.636062 -3.246613 0.481254
-0.613316 -2.535835 -0.206137
-0.577910 -2.534816 -0.158777
0.093075 -2.600723 -0.725781
0.730729 -2.676761 -0.705130
0.783747 -2.687437 -0.070121
0.845243 -3.309428 -0.091637
0.895251 -3.246605 0.575551
0.935398 -3.232997 0.615328
0.981757 -3.855350 0.075013
1.030206 -2.503389 0.717291
0.417888 -1.840005 -0.575436
0.421867 -1.197955 -1.905332
0.424985 -1.244806 -1.914108
0.446579 -1.259849 -1.910058
0.469713 -1.211531 -2.560397
0.471824 -1.147647 -1.946195
0.463984 -1.126208 -1.300445
1.112734 -1.146638 -1.246356
1.128850 -1.141997 -1.177491
0.469351 -1.075418 -1.165500
0.418890 -1.021921 -1.204662
0.373546 -0.392634 -1.814965
-0.356048 -1.100780 -2.450414
-0.359680 -1.106039 -1.135760
-1.022365 -1.077886 -1.141438
-0.401633 -0.399332 -1.763402
0.200904 -0.389038 -1.790173
0.180770 -1.001290 -1.751641
1.530367 -0.955196 -1.701706
1.532924 -1.583813 -1.702421
0.868134 -0.899968 -1.845086
0.830413 -1.556896 -1.878863
1.480578 -1.572089 -1.916179
1.540012 -1.581965 -1.950703
1.563293 -2.248685 -1.986695
0.253083 -0.996837 -2.025322
0.261626 -0.369307 -2.053230
0.322921 -0.329159 -0.748274
0.387478 -0.287291 -1.391623
0.396760 -0.925132 -2.059089
0.998281 -1.577052 -2.070703
0.953025 -0.955132 -1.441944
0.964814 -0.964309 -1.395903
1.008433 -0.973768 -1.394260
1.023409 -2.258991 -1.407695
0.997236 -2.275067 -1.385389
1.629473 -1.637590 -1.325635
1.651313 -1.594710 -1.297196
1.698633 -0.300862 -1.314355
2.380456 -0.890961 -1.298576
2.990253 -0.889094 -1.218198
2.932286 -0.293542 -1.131510
2.899940 -0.324407 -1.110958
2.901285 -0.986396 -1.727651
2.926415 -1.034994 -1.099068
2.299286 -1.081464 -2.270872
2.348629 0.140978 -1.068315
2.401361 0.172388 -1.138416
2.437134 0.131410 -1.203482
2.448582 0.139437 -0.558090
2.441875 0.161953 -0.525820
1.767591 -0.442761 -0.537568
1.141351 -0.446909 -0.583661
1.821131 -0.439137 -0.016598
1.835306 -0.417895 0.005196
1.197652 -0.406369 -0.582999
-0.089672 -0.430530 -0.602512
0.605037 -1.768058 -0.639472
1.317748 -1.176690 -1.278968
1.908280 -1.791198 -1.232314
1.206864 -1.757802 -1.180434
1.773807 -2.346688 -1.152765
1.764750 -1.096481 -1.133720
1.752323 -0.472366 -1.097036
1.706141 -1.087299 -1.032309
1.646032 -1.103010 -1.619470
1.625479 0.118773 -1.606170
1.655035 -0.546817 -1.612511
1.696156 -0.550420 -1.614697
1.707267 -0.535287 -1.598916
1.678878 -1.150904 -1.600257
1.671007 -0.478461 -1.616393
1.714938 -0.409517 -1.650013
1.788617 0.276471 -1.687925
1.218009 -0.365347 -1.712370
1.223892 -0.402643 -1.737676
1.243468 0.188508 -1.165074
1.966383 0.174461 -1.206347
2.052648 -0.469351 -1.249602
1.426091 -0.499309 -1.265401
1.384703 -1.153786 -1.250718
1.340882 -0.457569 -1.222065
1.346246 -0.389466 -1.236161
1.384849 -2.260847 -1.281925
0.077618 -2.275634 -1.303056
0.027220 -2.930182 -1.279556
-0.005159 -1.659394 -1.251713
0.026783 -2.286767 -1.287359
0.091277 -2.308310 -1.342928
0.103632 -2.359365 -1.350919
0.050708 -1.760406 -1.312508
0.010700 -2.938579 -1.288219
0.670428 -2.851644 -1.335044
0.686816 -2.849939 -1.410427
0.675502 -2.916439 -0.800168
0.650724 -2.291054 -1.418166
0.663191 -1.666359 -0.776221
1.353969 -2.334081 -0.810145
1.381983 -2.425625 -0.182008
0.756956 -2.491278 0.448648
0.759642 -1.863311 0.507080
0.760175 -1.820600 -0.028447
0.741319 -1.213792 -0.042291
1.327689 -1.224338 -0.082863
0.631500 -1.182012 -0.088448
0.595528 -0.441688 0.625680
0.588459 -1.059094 0.670885
0.556483 -1.082794 0.044114
0.500908 0.162158 0.059969
0.458510 0.820869 -0.550912
0.458642 0.898851 -0.468849
-0.167021 0.314303 0.214131
-0.179310 -0.278841 0.241015
2.249552 -0.213754 0.250876
2.249932 -0.143460 1.568118
1.654618 -0.106236 1.571225
1.675606 -0.692496 2.203259
1.671183 -0.691602 1.513783
1.676817 -0.694796 2.777327
1.717536 -0.676564 2.116589
1.759965 -0.618761 2.115180
1.760902 -1.893456 2.743578
1.751583 -1.221115 2.743129
1.769529 -1.126091 3.353263
1.826210 -0.434178 3.319037
2.488212 -0.397937 2.680862
2.468425 -1.047786 2.676711
2.449127 -1.085825 2.669761
2.460223 -1.129121 2.658892
2.469178 -1.177667 3.261502
2.409375 -1.225702 3.284781
1.667596 -1.258449 3.314995
2.259624 -0.661522 3.323367
2.270929 -0.637892 3.316762
2.321060 0.020457 3.316383
2.340157 -0.016247 1.499285
2.960018 -2.007215 2.127170
2.973805 -2.051661 2.132418
3.045429 -2.082388 2.141049
2.516432 -2.108827 2.153889
2.539339 -1.485898 2.172352
2.527692 -1.489566 0.868540
1.902793 -1.463899 0.282862
2.007476 -1.426399 0.870219
2.114353 -1.369271 0.215570
2.148878 -0.024675 -0.418078
1.472012 -1.355117 -0.390570
2.686212 -2.025189 -0.377294
2.756543 -1.380319 0.246491
2.801092 -1.397602 0.223282
2.759848 -1.418682 0.244369
2.675253 -2.035734 0.902677
2.651940 -2.059808 0.894919
2.707821 -0.779721 0.180634
2.747658 -0.741233 0.743024
2.719360 -0.084899 0.748327
2.660505 -1.400055 0.796135
2.659844 -1.403219 2.079824
2.709351 -0.731507 1.405119
3.341167 -1.981352 1.408435
3.283743 -1.988767 1.491389
3.857821 -2.018269 1.595804
3.866842 -1.394787 1.626734
3.932406 -0.722874 1.588196
3.951697 -0.675219 1.567485
4.518339 -1.310787 2.264056
3.860006 -1.998126 2.328166
3.881317 -2.013620 1.685448
3.943747 -1.353812 1.665631
3.945323 -1.362356 1.678160
3.174370 -2.016419 1.079636
3.078254 -2.677260 1.170377
2.433873 -2.692392 1.195391
2.449000 -2.018411 1.132724
2.409048 -1.986829 1.049193
2.338701 -1.363383 1.654534
2.296406 -1.390658 1.642607
2.874313 -0.709908 1.591144
2.832831 -0.711778 1.499868
2.194319 -0.762245 1.423808
2.131769 -0.814633 1.401926
2.756646 -1.468189 0.777961
2.796400 -1.456546 0.795877
2.809045 -0.786923 0.786810
2.786622 -0.113131 0.158023
2.789879 -0.078544 1.405790
2.853452 -0.702337 -1.042462
2.921341 -1.323027 -1.021214
2.929598 -0.700232 -0.375941
2.893244 -0.758884 0.289249
1.648800 -1.471226 -0.364105
1.719913 -1.549873 -0.355111
1.805452 -2.222708 0.271506
1.832761 -1.586720 0.226927
1.191843 -0.878504 0.188661
1.202822 -1.469301 -0.488580
0.009661 -2.100589 -1.164195
0.697125 -2.105011 -1.181844
-0.534085 -1.451397 -1.191258
0.072555 -1.422250 -1.185130
0.063689 -2.083117 -1.814556
-0.530672 -2.169995 -1.800520
-0.516642 -0.960803 -1.807073
0.092684 -0.955978 -1.813933
0.079104 -0.228513 -1.804978
-0.523339 -0.785206 -1.779905
-0.475318 -0.819698 -1.758306
-0.457570 -0.884813 -1.745260
-1.106870 -0.268298 -1.734087
-1.113087 -0.871498 -1.091529
-1.743722 -0.902751 -1.053226
-1.692996 -1.657466 -1.036003
-1.679160 -1.128146 -1.040432
-1.697203 -1.137161 -1.055844
-1.723458 -1.707445 0.138378
-1.738840 -1.655726 0.153883
-1.096870 -1.698648 -1.073779
-0.477248 -1.138835 0.097006
-0.491681 -1.772226 -0.471036
-0.522168 -1.755774 0.276122
-0.529366 -1.775378 0.310435
-0.501369 -1.833947 -0.397980
-1.121324 -1.265306 -1.057294
-1.762287 -1.237080 -1.046341
-1.782273 -1.152904 0.285199
-1.800432 -1.746580 -1.036670
-1.805817 -1.679407 -0.518278
-1.143565 -1.647067 -0.558255
-1.809301 -2.245870 -0.533916
-1.833821 -3.646516 -0.507372
-1.847998 -3.660041 0.070085
-1.202051 -3.677689 -0.590064
-1.204566 -3.739335 0.676095
0.132476 -3.782022 0.069402
0.732509 -3.098810 0.118486
0.705273 -2.994221 0.124307
0.714447 -2.905229 0.093160
0.737972 -2.875800 0.097312
0.722059 -2.871425 0.170972
0.679398 -2.851600 0.250874
1.285019 -1.563744 0.256968
1.310479 -1.565007 0.823903
1.351567 -1.625474 0.209448
1.373663 -1.678580 0.268302
1.379737 -0.325269 -0.265163
1.389454 -0.232680 -0.259889
1.419591 -0.803639 -0.311604
1.462225 -0.125672 0.303548
1.485565 1.110633 -0.304716
1.495948 0.489033 -0.273293
0.907018 1.061065 0.340361
0.302378 1.007715 0.260069
0.322538 0.935103 -0.453305
0.320663 0.243825 0.208862
0.311791 0.263626 0.233561
0.939401 0.937771 0.865787
0.929073 0.909141 0.198601
0.895464 0.888567 -1.112737
0.845174 0.875585 -1.086432
0.816806 0.258108 -1.090155
0.823809 0.909371 -0.503592
0.845774 0.832960 -0.539375
0.188913 -0.429438 -1.159108
0.182899 0.181089 -1.147367
0.191015 -1.002996 0.728410
0.853631 -0.349164 1.345439
0.855044 -0.378834 0.693268
0.836547 0.296575 0.086441
0.829873 0.346248 0.119381
0.223779 -0.310826 -0.972202
0.245721 -0.349385 -0.367855
0.862053 -0.404605 0.283433
0.242754 -0.413729 0.327049
0.895985 0.286776 -0.268181
-0.310334 -2.281534 -0.898132
-0.300524 -2.321295 -0.927099
-0.335924 -2.306941 -0.931802
-0.375253 -2.852988 -0.908407
-1.008468 -2.818706 -1.545813
-0.972819 -2.862626 -1.582838
-0.969689 -2.925926 -0.958206
-1.631676 -2.933846 -1.599764
-0.406169 -2.922337 -1.552811
-0.366465 -2.943472 -1.528099
0.251768 -3.011825 -1.551720
0.192818 -3.033060 -1.573333
0.125601 -2.967552 -1.565010
0.103121 -2.914687 -2.767200
0.120851 -2.914002 -2.169505
0.102528 -2.955336 -2.216500
0.017728 -2.971528 -2.212117
0.580921 -2.945048 -2.161820
0.589506 -2.265271 -2.136673
0.658484 -2.310053 -2.189721
0.672649 -3.038027 -2.253511
0.603868 -3.056678 -1.003174
0.550686 -3.035114 -0.964094
1.204276 -3.026604 -0.320947
1.282951 -1.809357 -0.959011
1.315105 -3.117636 -0.948361
0.639530 -3.093560 -0.912041
0.624567 -3.037061 -0.897163
0.054706 -3.040670 -0.944449
-0.484409 -3.094217 -1.650151
-1.079767 -1.936731 -1.664588
-1.103577 -1.884167 -1.033258
-1.756013 -1.797840 -1.044359
-1.055833 -1.778072 -1.100234
-0.340874 -1.812201 -1.126568
-0.314685 -1.821215 -1.105635
-0.983183 -1.765963 -1.092234
-1.003969 -1.693751 -1.137589
-0.345848 -2.924035 -1.201409
-0.295813 -2.974238 -1.206063
-0.938095 -3.018210 -1.157963
-0.384160 -3.016884 -0.520441
-0.435050 -2.356864 -0.562478
-0.427281 -2.381243 -0.582547
-0.412180 -1.769494 -0.528698
0.829588 -1.163382 -0.454868
0.761273 -1.812839 0.197048
1.335758 -0.597599 0.157260
1.317729 -0.629295 0.161325
-0.621360 -1.324945 0.222409
-0.008321 -1.372816 0.244104
-0.679356 -1.392774 0.189436
-1.341519 -0.751763 0.132270
-1.306253 -1.361066 0.131540
-2.530305 -1.366280 0.198918
-2.537843 -1.981025 0.862385
-2.588082 -0.808886 0.806527
-2.615556 -0.783219 0.763834
-2.579687 -0.769719 1.423555
-3.180716 -0.796077 1.466329
-3.175043 -0.162604 0.821963
-3.229185 1.190626 0.791591
-3.283649 1.224809 0.782208
-3.261724 1.211656 0.200968
-2.602693 0.510970 0.893519
-2.594154 -0.219409 0.910564
-2.677794 -1.500315 1.528591
-2.771976 -0.840029 1.519938
-2.773794 -0.766775 1.563901
-2.720436 -0.121624 1.627594
-2.062641 -0.138923 1.055811
-2.777652 -0.797285 0.417515
-2.850657 -1.362048 -0.219756
-2.831437 -1.281535 0.396962
-2.749302 -0.618131 1.737689
-3.320850 -0.673661 1.738094
-3.360593 -1.385167 0.423183
-2.795951 -1.338224 0.395771
-2.813629 -1.916120 0.387402
-2.771453 -1.862288 0.385917
-2.747846 -2.513038 0.385852
-2.784319 -1.914693 0.398100
-3.476254 -1.868761 0.425211
-2.870222 -1.794853 0.431261
-2.823814 -1.757730 0.396754
-2.183201 -1.789467 0.370072
-1.555285 -1.781827 0.384128
-1.591390 -2.460964 0.401566
-2.248914 -2.473077 1.629121
-2.188278 -3.169806 0.948728
-2.159250 -2.590984 0.953121
-1.490507 -2.578401 0.289957
-0.239841 -3.175012 0.347292
-0.849395 -3.139862 0.302160
-0.795895 -2.473053 0.236017
-0.768101 -2.475857 0.263575
-0.146174 -2.476623 0.351015
-0.138112 -1.837579 0.353991
-0.106634 -2.507694 -0.381019
-0.747373 -1.873809 -0.451234
0.573745 -1.894641 -0.394550
0.535154 -2.533127 0.354768
-0.141042 -1.778916 0.395224
-0.177727 -1.112052 -0.304813
-0.195342 -0.482972 -0.372775
-0.203014 -1.235648 -0.337114
1.090989 -0.647183 -0.905278
1.143955 -0.682426 -0.899636
0.565940 -0.638444 -0.988655
-0.042806 -1.216716 0.875168
-0.776821 -1.932241 0.185771
-0.735918 -2.606267 -0.420742
-0.105382 -2.602559 -0.397471
0.515346 -2.520226 -1.074401
0.440697 -2.446233 -1.121866
0.438064 -1.832571 -1.152985
0.513023 -1.926497 -0.511538
0.598932 -1.992469 -1.111543
0.630110 -2.598733 -1.096737
-0.045440 -2.539109 -1.086281
0.004611 -2.554793 -0.459465
0.068310 -2.623826 -1.052535
0.082567 -2.642930 -0.996813
0.019075 -2.568583 -0.926829
-0.054087 -2.487242 -0.221345
-0.063746 -3.153512 0.443462
-0.041504 -3.239691 0.452334
-0.716935 -2.039679 0.482728
-1.354296 -2.035050 1.188742
-0.129944 -1.986260 1.242254
1.192893 -1.972939 1.235825
0.643518 -1.367997 1.202182
0.009311 -2.027737 0.567719
-0.049663 -1.986031 1.262351
0.558433 -1.917250 1.285489
-0.066897 -1.893728 1.244891
0.014357 -1.924076 0.543780
-0.558887 -1.958205 0.518999
-1.192389 -1.954327 1.145375
-1.821216 -1.912168 0.513320
-1.108519 -1.879760 -0.783118
-1.047375 -1.867023 -0.817449
-2.341126 -1.857496 -0.839209
-1.794349 -1.854824 -0.208230
-1.775345 -1.851981 -0.189999
-0.500052 -1.848076 -0.797896
-1.147410 -2.475855 -0.095641
-0.566170 -1.848260 -0.039848
-0.627123 -1.880509 0.668911
-1.255539 -1.907982 0.077841
-1.224668 -1.922666 0.108906
-1.205722 -3.168307 1.365817
-1.221159 -3.136059 1.314906
-0.595941 -2.508716 1.953019
-0.612204 -1.877427 1.317462
-0.654818 -3.122352 0.675531
-0.689786 -3.109823 0.671174
-0.741105 -3.097100 0.642320
-0.739255 -2.474950 0.615787
-0.686957 -3.144958 0.604222
-0.015593 -3.186044 0.587042
0.653567 -4.484479 1.840114
0.067209 -4.474554 1.141771
0.137996 -3.833676 1.104104
0.834243 -3.824109 1.084255
1.436925 -4.437286 1.067125
1.415885 -3.755827 1.054365
1.417079 -3.082694 1.066447
2.122063 -2.407900 1.768924
2.164382 -2.418314 1.137601
2.190585 -2.402857 0.465010
1.508576 -3.049310 0.418666
0.892923 -3.020429 0.375598
0.892008 -2.406797 0.382913
-0.328425 -1.113548 -0.226918
0.276232 -1.139976 -0.207370
0.240208 -0.482454 1.005405
0.216471 -0.475770 1.659808
-0.421853 -0.494080 1.726467
0.291822 -0.534675 1.792542
0.322649 0.111464 1.141981
0.299361 0.094022 1.050616
-0.376468 0.734916 1.003693
-1.669567 1.362180 1.047253
-1.606411 0.730139 1.087237
-0.293164 0.089793 0.439375
-0.315685 0.113424 0.360193
-0.332553 -0.538838 0.356131
-0.946987 -1.180151 0.463898
