-1.291372 1.589325 -0.505227
-2.546115 1.562823 -1.171266
-2.482963 0.880468 -1.199508
-2.465413 0.877175 -1.225561
-2.539273 0.906324 -0.590403
-1.962882 0.924004 -0.527083
-1.359824 0.913106 -0.458691
-1.351542 0.258909 -0.429949
-2.012539 0.282236 -1.075455
-2.028100 0.319462 -1.749417
-1.489786 -0.273067 -1.176514
-2.161607 -0.265443 -1.208798
-1.507604 -0.919387 -1.253090
-2.197278 -0.928415 -1.317056
-1.574465 0.314212 -1.333236
-3.053383 0.929456 -1.294201
-2.520793 0.940623 -1.872822
-2.560250 0.959460 -1.216136
-2.540227 0.960110 -1.274197
-3.138602 0.937578 -1.316953
-3.065778 -0.361227 -1.359667
-3.063718 0.250133 -1.386739
-3.103173 0.246597 -1.419288
-3.127271 0.190557 -1.458699
-3.755071 0.737761 -1.455074
-2.473806 0.711583 -1.394110
-2.507716 0.720390 -1.298008
-2.560498 0.722873 -1.235359
-1.839699 0.689982 -1.877864
-3.054555 0.651115 -1.907684
-3.591955 0.647394 -2.527256
-4.168967 0.675415 -2.537949
-4.792440 0.690332 -3.170935
-4.197027 0.672454 -3.221873
-3.577261 0.636300 -3.273466
-3.590050 0.613179 -3.886964
-3.635336 0.620863 -3.873728
-3.670077 0.635709 -3.851778
-2.985079 0.646049 -3.206618
-2.933890 0.650908 -3.272145
-2.878238 -0.556998 -3.940253
-2.859378 -0.513394 -3.951621
-2.874259 -1.070760 -3.953875
-2.891187 -1.702326 -3.993394
-3.573364 -1.707468 -4.061175
-2.966602 -1.723207 -4.080353
-2.357919 -1.710440 -4.031798
-2.379563 -1.681107 -3.969957
-1.721897 -1.674277 -3.957746
-1.011059 -2.340493 -3.335545
-1.600659 -2.357848 -3.337069
-0.855756 -1.691656 -3.281724
-0.158108 -1.656376 -3.236364
-0.162354 -1.645533 -4.557245
-0.843137 -0.435410 -4.589665
-0.849046 -0.428534 -4.570353
0.512578 0.240570 -3.880173
1.181678 0.232514 -3.815825
1.174236 0.220760 -3.786901
-0.111101 0.205913 -3.762306
-0.112054 0.182021 -3.707167
-0.115234 0.152206 -3.623433
-0.139418 0.745897 -3.586446
-0.164974 0.729244 -3.618068
0.480237 0.703155 -3.646184
-0.231020 0.675546 -3.640735
0.345961 -0.561189 -3.611353
0.267359 -0.582619 -2.370281
-0.361526 -0.634291 -1.110468
-0.308201 -0.704094 -0.412451
-1.571902 -0.742202 0.279274
-0.970301 -0.734991 -0.430494
-1.017793 -0.721647 -0.513957
-0.335210 -0.735200 -0.586040
0.367688 -0.770692 0.073095
0.399507 -0.788938 -0.580242
0.371233 -0.781453 -0.551250
0.325159 -0.786440 -0.537082
-0.337530 -0.820017 -0.496788
-0.253268 -1.491993 -0.427195
-0.173013 -1.466034 0.887041
-0.155349 -1.411881 0.197330
-0.173098 -1.383293 0.156213
-0.156433 -2.014003 -1.845733
0.556258 -2.004876 -1.801826
1.263032 -2.603547 -1.746304
0.580909 -2.527721 -2.375913
-0.690659 -2.519573 -2.423784
-0.691535 -2.532367 -2.442589
-0.668797 -2.532489 -1.781489
-1.279473 -2.483079 -1.748758
-2.534262 -2.430436 -1.791359
-2.549098 -2.422409 -2.538879
-1.929079 -2.444783 -1.961070
-0.072985 -2.452775 -2.014308
-0.724213 -2.421314 -2.029229
-2.049832 -2.380525 -2.010999
-2.090024 0.114857 -2.608059
-0.825722 0.071238 -1.905936
-1.441616 0.051692 -1.869305
-2.069324 0.067674 -1.234393
-2.048353 0.085154 -1.929417
-1.417926 0.061014 -1.959775
-1.458335 0.023332 -2.638896
-1.486435 -0.629562 -2.648843
-1.455166 -0.601989 -1.380576
-2.044055 -1.194801 -1.364932
-2.044885 -1.223292 -1.315483
-1.415434 -1.280771 -1.253853
-2.075148 -2.568156 -1.206017
-2.683644 -2.572003 -1.180954
-3.242328 -1.930823 -1.151827
-3.254604 -1.979835 -1.733185
-2.723512 -2.057752 -1.727491
-2.791076 -0.071422 -1.725567
-1.524666 -0.738507 -1.733116
-1.486749 -0.758101 -1.741054
-0.810133 -0.776829 -1.120498
-0.853506 -0.798142 -1.114668
-0.949368 -0.791012 -1.093801
-0.274050 -0.067086 -1.078180
-0.205830 -0.657608 -1.088837
-0.182188 -1.330511 -1.134485
-0.225982 -1.982456 -1.176983
0.395796 -1.964562 -1.182402
0.395566 -1.936255 -1.169293
0.462319 -1.287872 -1.174526
0.524878 -1.339440 -1.204148
0.525335 -2.040942 -1.204844
0.484153 -1.385495 -1.781432
1.778316 -1.338247 -1.719358
1.825031 -1.335141 -2.384397
1.228564 -1.390785 -2.444813
1.213360 -1.446438 -2.497221
1.159814 -0.815610 -2.488501
0.508170 -0.169285 -2.450899
0.568404 -0.827485 -1.778249
-0.037374 -0.873235 -1.814230
-0.045443 -0.873845 -2.450891
-0.108351 -0.816051 -3.611552
-0.136422 -0.768485 -3.542174
-0.120167 -0.770599 -3.497581
-0.107716 -0.773446 -3.494214
-0.785113 -0.740119 -3.502439
-0.821701 -0.694694 -3.508218
-0.815103 -0.096895 -2.909912
-1.418743 -0.130596 -2.918398
-1.397061 -0.151641 -2.902365
-0.746088 -0.114506 -2.859518
-0.129050 -0.052883 -2.818512
-0.104809 0.576695 -2.804709
-0.071696 0.544079 -2.779804
-0.078304 -0.706494 -2.735591
-0.107427 -0.646438 -2.701805
-0.113124 -0.577811 -2.053795
-0.751328 0.105232 -2.126500
-0.746211 0.045695 -2.184522
-0.782058 -0.004767 -4.083215
-0.826292 0.740844 -2.763787
-0.856583 0.776517 -2.753645
-0.208445 0.758175 -2.777575
1.028228 1.952310 -2.843698
0.888906 1.379394 -2.807281
0.827765 2.015186 -2.762053
0.811177 1.337627 -2.791737
0.216369 1.926778 -2.882996
-0.463331 2.556288 -2.947593
0.143438 2.569849 -2.946426
0.149104 2.592288 -2.928997
0.167319 2.598641 -2.310664
-1.137230 2.561503 -2.351982
-1.174066 1.920447 -3.021873
-1.183785 2.521186 -2.405335
-1.164406 2.526116 -2.399831
-0.504162 3.195273 -2.427605
-1.092868 3.171379 -2.453196
-1.725723 3.856093 -2.455914
-1.697202 3.906632 -2.431001
-1.661367 3.943193 -1.212233
-1.633940 2.689316 -1.182965
-0.992462 3.168556 -1.164703
-0.993783 3.146863 -1.157202
-0.977058 3.208410 -1.142749
-0.949707 2.631777 -1.130157
-0.927236 3.862674 -1.136589
-0.933785 3.805214 -0.593063
-0.957228 3.792233 -1.226161
-0.987070 3.841652 -1.207529
-1.600788 3.253513 -1.765171
-1.554566 3.781900 -2.945518
-1.549164 3.648512 -2.942408
-1.600923 3.560586 -2.945546
-1.000105 2.956733 -2.934222
-1.007514 2.967774 -3.548138
-0.984499 2.953874 -3.541807
-0.996062 2.976169 -3.554917
-1.045610 2.986003 -3.559979
-1.688279 4.293990 -3.550624
-0.978268 3.059676 -4.168272
-1.541941 3.641173 -3.536626
-2.143090 3.577212 -2.924150
-2.157979 2.922712 -2.925049
-2.147317 2.929755 -3.519064
-2.720794 0.386319 -3.469187
-2.682068 0.358128 -3.421564
-2.732797 -0.345802 -3.429834
-2.808477 -0.348074 -4.043613
-2.805239 0.360242 -4.027468
-2.737293 0.397124 -3.384287
-2.074610 0.422915 -3.397846
-2.111702 0.427578 -3.415619
-2.147734 1.047859 -3.435685
-2.145819 1.042104 -3.436447
-2.130412 1.052600 -1.528802
-0.946981 0.378605 -1.526819
-1.046702 0.350934 -1.549378
-1.753861 0.323933 -1.573409
-1.764513 0.345218 -1.575176
-1.760199 1.027275 -1.569042
-1.139067 1.066805 -1.584460
-1.168877 1.039367 -1.632678
-1.151473 0.996724 -1.670274
-0.484653 1.666200 -0.363388
-0.469184 1.119613 -1.686443
-0.481910 1.164835 -1.648297
-0.471665 1.818739 -2.303490
-0.422488 1.798911 -2.287576
-0.389778 1.819082 -1.612716
-0.412978 1.864682 -1.596447
-1.058734 1.879194 -1.681012
-1.016224 1.841173 -1.685646
-0.947158 1.788915 -1.688026
-0.941441 1.766426 -1.022199
-0.996758 1.770482 -1.021515
-1.019582 2.387031 -1.024845
-0.958271 2.364773 -1.055395
-2.176544 2.348771 -1.054884
-2.199848 2.345747 -0.384992
-0.986552 2.327627 0.279701
-0.936926 2.300146 0.257397
-0.842331 2.256521 0.233945
-2.064071 2.240115 0.242253
-0.874472 1.575614 -0.396130
-0.914114 2.124483 -0.983335
-0.926818 2.068868 -0.362140
-0.884052 2.060431 -1.026116
-0.164224 2.069453 -1.680300
-0.846499 2.045426 -2.265763
-0.892982 1.981701 -2.276104
-0.889580 1.296175 -2.332156
-0.844029 1.307217 -2.394204
-0.822893 0.695741 -2.413301
-0.876315 0.672258 -1.752904
-0.944796 1.269008 -1.741002
-0.279017 1.247545 -1.764655
-0.225799 1.306752 -3.011120
-0.205071 1.396293 -2.973912
0.953930 2.081813 -2.934336
0.851195 2.076818 -2.939351
0.832990 1.441932 -2.995605
0.852236 1.494928 -2.398821
0.833404 1.539395 -3.600916
0.775746 1.531187 -3.557964
0.744606 1.490981 -2.241414
0.769879 1.480911 -2.883048
1.427802 1.533563 -2.274362
1.426489 1.591189 -2.241074
1.385483 1.600363 -2.217742
1.373180 1.554742 -1.038195
2.071787 0.879242 -1.115839
1.539075 0.894408 -1.135032
0.948262 0.931329 -1.065757
0.944517 0.920687 -1.011483
0.964371 0.864402 -1.044806
1.632322 0.219735 -1.102699
1.711722 0.309170 -1.090556
0.989563 0.415911 -1.608978
0.919992 0.445845 -1.541512
0.260885 0.418674 -1.565548
0.298979 0.417863 -0.351604
0.957768 0.458189 -0.343755
0.920233 0.478149 -0.322722
0.857462 0.451110 -0.345718
1.527158 1.049735 -1.023951
1.601791 1.044442 -1.073473
0.395110 1.059869 -1.090845
0.302011 1.058544 -0.462949
-1.040181 1.663535 -0.459554
-1.009102 0.981474 0.181544
-0.914296 0.319549 0.196236
-0.886428 0.304955 0.200898
-0.934171 0.286440 0.179208
-0.953884 0.272594 -0.479984
-0.888552 0.885044 -0.482522
-0.800741 0.910113 0.186337
-0.782171 0.907855 0.182118
-0.822895 0.879262 0.187795
-0.843549 0.874354 2.146035
-0.818176 0.931830 2.778064
-0.798287 1.001587 2.779689
-0.816855 1.005971 -0.414265
-0.845098 0.950024 -1.083937
-0.216734 0.919404 -1.086824
-0.186023 0.972748 -1.077864
-0.164315 0.436379 -1.689432
-0.162737 0.405408 -1.650079
-0.162199 0.311286 -1.617526
-0.143211 0.282343 -1.618928
-0.121683 0.352443 -1.630476
-0.133267 0.419500 -1.645772
-0.152205 0.983818 -1.669257
-0.138473 0.893241 -1.701681
-0.100128 0.857731 -1.741844
-0.073923 0.879934 -0.500441
-0.080489 0.901990 0.090783
-0.103438 0.861661 0.055192
-0.113727 0.231724 0.031571
-0.105739 0.237364 0.057352
-0.105749 0.260442 0.780138
-0.130469 0.270406 0.783904
-0.161069 0.242347 0.755337
-0.795138 1.586563 0.051199
-0.791023 1.041840 -1.145438
-0.793767 1.023108 -1.123170
-0.817297 0.982005 -1.089135
-0.858809 0.974140 -1.076836
-1.533088 1.031463 -1.714493
-1.533272 1.661539 -1.694799
-0.919640 1.094949 -0.365393
-0.258722 1.069326 -0.298324
-0.303424 1.072431 -0.290561
-0.281853 1.114544 -0.348077
-0.231047 1.136147 -0.407248
-0.214320 1.126481 -0.409454
-0.884387 1.118937 -0.362192
-0.861350 1.145920 -0.343797
-0.110740 -0.087451 -0.376749
-0.015754 0.482725 -0.418069
-0.005580 -0.858271 -0.426977
0.591893 -0.866861 0.238270
-0.055922 -0.833976 -0.423955
0.664769 -0.820718 -0.505789
0.720704 -0.857187 -0.578647
0.084490 -0.900974 -0.581470
0.736052 -0.909541 -0.535555
0.746498 -0.895611 -0.520096
0.119997 0.963547 -1.201204
0.154459 -0.371873 -1.195896
0.124847 -0.437557 -0.500050
0.047662 -0.424574 -0.450518
0.004629 -0.986093 -1.098631
-1.990963 -0.955718 -1.157220
-1.966768 -0.976789 -1.177295
-0.686398 -0.985623 -1.792552
-0.710425 -0.942870 -1.750871
-1.372707 -0.892944 -1.761926
-2.040039 -0.913341 -1.803997
-1.393504 -0.370210 -1.814363
-0.742211 -0.414551 -1.779164
-0.749417 -0.379641 -1.756021
-1.422428 0.910540 -3.018589
-1.441931 0.939854 -1.882038
-1.411439 0.933509 -1.967278
-1.374839 0.951646 -1.940141
-0.768222 1.620488 -2.578544
-0.821268 1.062240 -1.904078
-0.872350 1.054679 -1.328258
-0.854759 0.996476 -1.890497
-0.843540 0.981614 -2.507889
-0.870806 1.018086 -3.135580
-0.949121 1.033460 -3.120169
-1.674380 0.994981 -3.114696
-1.686073 0.951707 -3.140194
-1.671747 0.964080 -2.564834
-1.675290 0.985899 -1.889807
-1.706863 0.958301 -1.809194
-1.724250 0.276715 -1.134073
-1.708072 0.223372 -1.119939
-1.694215 0.226222 -1.776995
-1.035977 0.244878 -2.349849
-1.038966 0.244480 -2.315242
-1.669073 0.230503 -1.667854
-1.627540 -0.954776 -0.537133
-3.562581 -0.899887 -1.241246
-2.948846 -0.863856 -1.282151
-2.273282 -0.285595 -0.584140
-2.273221 -0.339174 -0.566044
-2.271909 0.266524 0.054021
-2.286184 0.273405 -1.260441
-2.330840 0.272248 -1.253289
-1.781137 0.235024 -0.605133
-1.819398 -0.417583 -0.644501
-1.825325 -0.396214 -0.084158
-1.800847 0.889883 -0.831000
-1.179063 0.901550 -0.844773
-1.829066 0.882552 -0.806421
-0.511928 0.889822 -0.150972
-0.444515 0.932397 -0.126243
0.262697 -0.231171 -0.728522
-0.471983 0.390192 -0.698780
-1.196069 -0.226046 -0.679112
0.711526 -0.770766 -1.296760
0.169266 -0.085370 -1.313386
-0.394574 -0.718223 -1.333814
-0.407233 -0.755630 -1.322726
-0.470277 -0.769745 -1.892351
-0.447480 -0.745447 -1.196601
-0.369407 -0.745810 -1.157343
0.333921 -0.805440 -0.542650
0.324704 -0.870210 0.116913
0.257802 -0.869162 0.109467
0.266304 -0.816148 0.092919
-0.279244 -0.147238 0.051830
0.396963 0.448274 -0.033038
0.395432 -0.841826 -0.100662
-0.252950 -0.158894 -0.093617
-0.266643 -0.101688 -0.018260
0.409655 -0.094174 -0.586522
0.482009 0.466512 -0.606503
0.474926 0.428119 -0.681626
0.405510 0.435953 -0.716831
0.382172 -0.170439 -0.066029
-0.836528 -0.174347 -0.074424
-0.777352 -0.213583 -0.179507
-0.771399 -0.233498 -0.284641
-0.816319 -0.229484 -0.904052
-0.828055 -0.222337 -0.762540
-0.159111 -0.244786 -1.905299
-0.118995 -0.293013 -1.332001
-0.146882 -0.315785 -1.435127
-0.231552 -0.899382 -1.443978
-0.280513 -0.847430 -1.361555
-0.260008 -0.220071 -1.339494
-0.229681 -0.210951 -1.452112
-0.256357 -0.809960 -1.615373
-0.305180 -0.816708 -2.236688
-0.954828 -1.451945 -2.693654
-0.893530 -0.865268 -3.245268
-1.490258 -1.499943 -3.337228
-1.505267 -1.533382 -3.481189
-1.532271 -1.546447 -3.486665
-2.123834 -1.526029 -2.053343
-3.425720 -1.494936 -1.348377
-3.395532 -1.478841 -2.076590
-3.391901 -1.503643 -2.102410
-2.732294 -0.937663 -3.466934
-2.090379 -1.588641 -3.346126
-2.074272 -0.990631 -3.203138
-2.089947 -1.010319 -2.564345
-2.119613 -0.411619 -1.936421
-2.785775 -0.454560 -1.888300
-1.522901 -0.457436 -1.832851
-1.510321 -0.415552 -1.850508
-1.529097 -0.363167 -1.302047
-0.935116 -0.977468 -1.326273
-0.904654 -1.594246 -1.862787
-0.831329 -0.987022 0.616270
-0.142452 -0.964731 -0.089646
-0.166167 -2.147009 0.576861
-0.180147 -2.155281 -0.024166
-0.141490 -2.176884 -0.590010
-0.084653 -2.812722 -0.608632
-0.090686 -2.785528 -0.052784
0.451327 -3.420106 -0.104740
0.407560 -4.047216 -0.043639
0.421219 -4.067426 0.055091
0.461811 -3.503301 -0.677433
0.463049 -3.558109 -1.290260
0.424404 -3.610747 -1.938477
-0.214003 -2.977152 -1.778456
1.083509 -2.997811 -1.024686
0.486748 -3.626371 -1.066167
-0.128666 -3.666778 -1.244942
-0.169308 -3.075860 -1.336666
-1.450005 -3.049302 -1.247963
-0.847998 -2.392038 -0.511407
-0.801646 -3.022844 -0.523259
-0.815042 -3.040994 -0.555722
-0.857427 -3.023780 -1.145989
-0.872034 -2.968506 -1.042189
-0.234157 -2.928350 -1.621773
-0.206612 -2.932789 -2.404043
-0.222500 -2.939250 -0.673347
-0.273931 -2.883320 -0.707487
0.318783 -2.798145 -0.671331
0.963111 -2.111579 -0.652805
0.353983 -1.455285 -0.049877
0.330900 -1.456712 -0.677348
0.897456 -0.791433 -1.223948
0.892245 -1.447535 -1.155297
0.923033 -1.486802 -1.197317
0.945252 -1.540109 -1.345304
0.990228 -1.563762 -2.751960
1.538584 -1.557110 -2.123417
0.855885 -0.949021 -1.457372
-0.445791 -0.319447 -1.457790
-1.078406 -0.331704 -2.114156
-1.750098 -0.339953 -2.098991
-1.147573 -0.374504 -0.101959
-1.152194 -0.416913 -0.037540
-2.894726 -0.440118 -0.680828
-2.913495 -0.449827 -0.094175
-2.927823 -0.465565 1.234432
-2.296796 0.110906 2.462709
-2.278540 0.103542 2.459316
-2.893562 0.129354 1.768503
-1.690964 0.191829 0.568635
-1.030189 0.160762 -0.024265
-0.986952 -0.497947 0.724088
-0.989697 -0.497133 0.805419
-1.639884 -1.658064 0.753625
-1.649805 -1.651715 0.669724
-1.609496 -0.475021 0.617650
-0.967420 -0.512158 0.624127
-0.360579 -1.117511 0.005748
-0.403304 -0.411827 0.020336
-0.386762 -0.380229 -0.590064
-0.310790 -0.406369 -1.187264
-0.257916 -0.431397 -1.762384
-0.284347 -0.386743 -1.731347
-0.992609 -1.563691 -1.746780
-0.360311 -2.128332 -1.164557
-0.334652 -1.545770 -1.876562
-0.981814 -1.568329 -1.947033
-1.034950 -2.164214 -1.382837
-1.095214 -0.890080 -2.031509
-1.093847 -0.270590 -2.044145
-0.395009 -0.308663 -1.419857
-0.355803 -1.628474 -1.431583
-1.634473 -0.296517 -0.117591
-1.684365 0.945282 -0.765201
-1.688805 0.961036 0.456991
-2.266494 -0.381768 1.634388
-2.222017 -0.429597 0.937266
-2.224612 -0.406628 0.282186
-2.240885 0.983684 0.348618
-2.868569 0.987368 1.082970
-2.190072 0.937111 1.131692
-2.124171 0.897178 1.174970
-0.874715 0.918795 1.231998
-0.873555 0.973977 1.924159
-1.452753 1.593707 3.243712
-2.092728 1.576570 3.219703
-2.099365 0.966788 3.161336
-2.135366 2.898129 3.164985
-1.019876 2.935385 3.238105
-1.030771 2.353543 3.322204
-1.030608 2.323267 3.379816
-1.033675 0.940432 2.799661
0.139454 0.945777 2.821823
0.791106 0.965826 2.850658
0.775814 2.221623 2.836984
0.769434 2.169056 2.764361
0.762328 2.108069 2.039958
0.759330 2.095385 1.368580
-0.510266 2.118377 1.354738
-0.518288 2.115760 1.939955
-0.483892 2.050699 1.940496
-0.422453 1.989743 2.609740
-0.372340 1.383527 2.645205
-0.358348 1.450729 2.658093
-0.345576 2.093689 2.635515
-0.310670 2.041787 2.603550
-2.058754 1.998409 2.594525
-2.037020 2.031051 2.583717
-2.079131 2.096519 2.551085
-2.113495 2.109707 2.514297
-2.082924 2.050635 2.506974
-2.011562 2.006772 2.532012
-1.979664 2.042498 2.508797
-1.368682 2.110346 3.137688
-1.377500 2.112253 3.108449
-1.339484 2.038222 3.086557
-1.286815 1.984676 3.091242
-1.914997 2.008469 3.086908
-1.950183 0.802958 3.067558
-1.968365 0.801449 3.044862
-1.934933 0.757598 1.731364
-1.881231 0.738951 1.835742
-1.831974 0.772575 2.551754
-1.796788 0.799469 1.912407
-1.785778 0.769710 1.248103
-1.797774 0.074279 0.587901
-1.829716 0.053783 0.628106
-1.870700 0.072602 1.321785
-1.918780 0.093610 1.283252
-1.959478 0.101603 1.226554
-1.378111 0.119226 1.856940
-1.382079 -0.547733 3.178008
-1.382832 -0.498279 3.226751
-1.383537 -0.487391 1.927641
-1.376183 -0.511614 1.852357
-1.386339 -0.529377 0.520744
-1.420610 -0.511045 1.191156
-1.462765 -0.495048 1.172519
-1.473016 -0.510275 1.078388
-0.789696 -0.524773 1.004368
-0.759856 -0.502527 0.414174
-0.755059 -0.447272 0.508694
-0.754274 -0.434242 0.555066
-0.065375 -1.740206 0.525256
-0.009631 -1.777426 0.503258
0.018457 -1.763623 0.529057
-0.666129 -1.716917 0.605383
-0.703588 -1.702175 0.631188
-0.725220 -1.712335 0.603743
-0.743393 -1.033152 0.576150
-0.764666 -0.296518 0.592098
0.513226 -0.227917 0.617014
1.129287 -0.195781 0.607578
1.099890 -0.874535 0.573369
1.062727 -0.879105 0.537758
1.073469 -0.873429 0.513804
1.069974 -0.865887 0.487238
1.051781 -0.213439 0.457471
-0.269572 -0.245567 0.441445
-0.321462 0.437876 1.048799
-0.330440 0.407688 1.686823
-0.301076 1.015855 1.692614
-0.278287 0.429705 1.715581
-0.290317 0.455111 1.758657
-0.311442 -0.234230 1.791197
-0.929416 -0.290666 1.789321
-0.913351 -0.320768 1.774347
-0.917934 -0.310346 1.785121
-0.949035 1.021245 1.825868
-1.617690 0.328119 1.869105
-1.628957 0.298664 1.263636
-1.615579 1.765512 1.244186
-1.618164 1.763090 1.213948
-1.664918 1.756373 1.215726
-1.715900 1.721210 1.237446
-1.735558 1.661721 1.235965
-4.258651 1.595042 0.572142
-4.846139 2.218222 1.809612
-4.880476 2.224854 1.863901
-4.923754 2.244404 1.943242
-4.332353 2.217029 1.337886
-4.277633 2.140702 1.291657
-4.191522 2.706019 1.279603
-4.778226 2.025819 1.333002
-4.159291 1.972741 1.384071
-4.200135 1.888798 1.370249
-4.203273 1.803481 1.311014
-4.191654 1.780825 1.283167
-4.200282 2.513911 1.303126
-4.890740 2.574492 1.334704
-4.903874 1.915408 1.329502
-4.867236 1.910092 1.293229
-4.178434 1.313209 1.277728
-4.155675 1.988589 1.291324
-4.146941 2.674221 1.307641
-4.130884 2.660716 1.292766
-2.836350 1.349746 0.018437
-2.856944 0.769856 0.041125
-2.234226 0.828704 0.081506
-2.851292 0.868434 0.104970
-2.221635 0.844879 0.741799
-2.247562 0.257834 0.708634
-1.614289 0.908083 0.068141
-1.576022 1.028650 -0.610362
-1.536051 1.606539 0.616417
-2.133678 1.552359 0.648757
-0.856357 2.165633 0.688280
-0.849616 0.976843 0.697479
-1.484578 1.008119 0.664903
-2.695099 1.032992 0.625022
-2.063480 0.423264 1.237716
-2.745666 0.440930 1.258287
-2.752821 0.430371 1.266154
-2.065100 -0.212710 1.239698
-2.609512 -0.244835 1.208870
-1.986996 0.305285 1.190483
-2.010445 0.869454 1.804463
-2.678496 0.837022 2.447889
-2.629306 0.260253 0.586707
-2.624263 0.298569 -0.032260
-2.040155 -0.298447 -0.685126
-2.068600 -0.911342 -0.055939
-2.697755 -0.917781 -0.657102
-2.707190 -0.904853 0.028262
-1.403304 -0.292813 0.043226
-1.440368 0.289982 -0.591060
-0.873515 0.875374 -0.590526
-0.308918 1.487576 0.662779
-0.360461 2.156235 0.637788
-0.395996 2.206888 -0.003976
-1.067177 2.225090 -0.022638
-1.082251 1.599588 -0.016678
-1.115767 1.595479 1.899642
-2.420893 1.597918 1.849005
-2.415531 1.573181 1.781336
-2.390821 0.891745 1.744044
-2.380227 0.853922 1.746844
-1.710313 -0.533212 1.755074
-1.726393 -1.788445 1.741010
-2.345657 -1.749460 1.711968
-2.285603 -2.342946 1.705224
-2.262144 -2.349856 1.668614
-2.879859 -2.345638 1.708926
-2.911977 -2.324244 1.712938
-2.900733 -2.329520 2.283655
-2.931060 -1.690668 2.218015
-3.610923 -1.109493 2.218662
-3.669525 -1.115193 2.281347
-3.702644 -1.707113 0.361375
-4.302397 -1.700108 0.350538
-3.662788 -1.690443 0.329379
-3.051539 -1.679360 0.329781
-3.109974 -1.675709 0.377036
-3.765160 -2.346305 0.441816
-3.741486 -2.378273 -0.149057
-3.030864 -2.389224 -0.149640
-1.135850 -2.385609 -0.159163
-1.831180 -3.009276 -0.131227
-2.442134 -3.003418 -0.095651
-1.127909 -2.963566 1.275846
-1.077575 -2.908485 0.632398
-0.454465 -2.871471 1.920207
-1.072601 -2.925776 1.971525
0.156743 -2.931912 1.987189
0.232944 -1.555861 1.942074
0.290875 -1.570451 2.504936
0.908658 -1.600845 3.084898
0.273269 -1.625478 3.059235
-0.347279 -1.636170 1.778058
0.337925 -1.635128 1.771210
0.376643 -1.632745 1.782946
-0.282164 -1.616989 2.443764
0.346478 -1.594802 2.491228
-0.232913 -0.304991 3.139406
-0.155951 -0.308270 2.486235
0.502654 -0.338883 1.864129
0.442655 0.230996 1.902304
2.261136 1.453488 3.243859
1.553287 3.323926 2.646251
1.558777 3.917275 1.391368
1.558613 3.904092 0.773231
2.158561 3.932927 0.177621
1.484294 3.956233 0.819355
1.478441 3.363591 0.764466
0.912582 2.759370 0.774276
0.947627 2.739881 0.220979
0.914906 2.752357 0.252618
0.854686 2.764749 0.243488
1.429482 3.371167 -0.387189
1.431714 2.684794 -0.392226
1.431872 3.325828 -0.411180
1.411427 3.346303 -0.472980
0.749649 3.349189 0.104517
0.756757 3.320254 0.063002
1.436640 3.280616 -1.215127
1.442092 3.263097 -1.212262
1.412088 3.271542 -1.860186
1.376226 2.662384 -1.855215
0.729446 2.641324 -1.832286
0.727728 1.975531 -1.199608
1.981517 1.338480 -1.236815
2.003480 1.347376 -1.925847
2.039055 1.338770 -1.932710
2.060510 1.329296 -1.933022
2.666284 1.338354 -1.935770
2.656697 0.746283 -0.660950
2.053334 0.748735 -0.670860
1.375158 0.723657 -1.213454
1.985756 0.715958 -1.201748
1.386604 0.749125 -0.544236
1.463766 0.763943 -0.570111
1.558910 0.059144 0.589582
1.625817 -0.591012 0.545196
2.259437 0.073862 -0.639432
2.288848 0.139217 0.029623
2.313818 0.154473 -0.583590
1.691645 -0.501315 -0.566533
1.665076 0.081498 -0.515975
1.613565 0.107388 -0.452429
1.590227 0.121626 -0.425606
1.609300 0.063746 -1.711654
1.645596 -0.019144 -1.749634
1.672927 -0.042678 -1.717667
1.702129 0.015072 -1.637863
1.741325 -0.504633 -0.975786
1.781592 -0.511848 -0.366318
1.787102 -0.545437 0.240978
2.352343 -0.525926 0.258010
2.299731 1.491926 -0.374499
2.306562 1.511206 -1.024946
2.376865 1.505535 -1.125124
2.464132 1.492723 -1.237637
2.547113 1.491125 -1.283821
2.619455 1.509512 -1.253513
2.679749 2.151799 -1.242856
2.015372 2.142314 -1.924231
1.956425 2.117512 -2.542165
0.646565 2.098404 -3.182112
1.160904 2.094427 -3.151013
1.122631 2.083295 -3.163826
-0.151080 2.054463 -2.619357
-0.163802 2.013889 -2.675516
-0.173737 1.980313 -3.322152
-0.812668 1.959214 -2.692179
-0.830217 1.933199 -3.357952
-0.877747 1.909104 -2.706708
-0.926814 2.542472 -2.708625
-1.620286 2.567214 -2.672944
-1.690257 2.604670 -2.630947
-1.169523 2.624757 -2.609459
-0.611811 2.634435 -2.626399
-0.594478 2.649318 -2.648855
-0.521393 2.666727 -2.633498
-0.494234 2.672170 -2.603913
-0.487000 2.641707 -3.247172
-1.076613 2.604961 -2.579179
-1.046308 2.597384 -3.253356
-1.037460 2.619995 -3.265616
-1.073848 2.636833 -4.507283
-1.141015 2.625830 -3.888104
-1.187124 2.634622 -2.003309
-1.812587 2.676426 -2.060157
-1.725475 2.720517 -2.734966
-1.649134 2.739239 -2.048905
-1.620090 2.734625 -2.038937
-1.620806 2.736891 -0.801293
-0.957931 2.740933 -0.234727
-0.978205 1.403853 -0.239276
-0.393538 1.375438 0.467270
-0.454032 1.365555 0.511272
0.778470 1.395808 0.520202
0.815667 1.423468 0.442907
1.459409 1.418310 1.119011
1.482109 1.401386 1.161662
1.519349 1.403101 1.223657
1.581422 1.411359 1.253738
0.988720 1.372005 1.239883
-0.393702 1.283593 0.642658
-0.439327 1.204158 0.680551
-0.471001 1.186936 0.719493
-0.437299 1.231372 1.363173
-0.375903 1.267737 1.289096
-0.334694 1.263463 1.809872
-0.955990 1.908466 -0.195888
-0.866716 3.180193 0.424570
-1.335083 3.189679 1.054394
-1.249902 3.205067 0.370426
-1.245327 3.194067 0.952954
-1.301964 2.521587 -0.844863
-0.717769 3.209576 0.450989
-0.140591 3.282090 1.700488
-0.168787 2.678488 -0.253959
1.077447 2.649663 -0.267252
1.089683 2.603669 -0.860687
0.528917 3.217968 -0.135719
0.589131 2.593684 0.535723
-0.036099 2.550565 -0.804119
-1.245798 2.470385 -0.169998
-0.715327 1.170478 0.531725
-0.783509 1.236283 0.552005
-0.171222 1.340666 -0.068832
-0.149110 0.786510 0.570681
-0.152099 0.749793 -0.786697
-0.099905 0.672300 -0.836832
-0.610344 0.706786 -0.867217
-0.537440 2.052539 -0.875234
-0.532953 2.007738 -0.217566
0.037835 1.917628 0.452589
-0.010887 1.280071 -0.204912
-0.657769 1.362906 -0.818070
-0.737152 2.063521 -0.127108
-0.851856 2.047411 0.545961
-0.939976 1.306063 0.545436
-0.308197 0.596509 0.532209
-1.463351 0.626198 0.505541
-0.021901 0.653693 0.512773
-0.032690 1.234718 1.136856
-0.064062 0.477903 1.143039
0.595754 1.041568 -0.159311
1.189265 1.721253 -0.134554
0.488293 2.444670 0.573874
1.037961 1.824766 0.599913
1.656117 1.773113 -0.049131
1.730371 1.739909 -0.078392
1.171340 1.789217 -0.105988
1.176047 2.506306 0.518314
1.157173 2.538746 0.508506
0.508665 1.860583 0.491211
1.114162 1.844363 0.481234
1.760607 1.900960 0.502636
3.056942 2.004130 0.530345
1.224054 2.062014 0.527954
1.887453 2.034934 0.498922
1.301423 1.967933 0.475280
0.713725 1.935770 1.831867
1.336719 1.941159 1.804093
1.342723 1.919427 1.750702
1.343674 1.848058 1.704633
1.333318 1.777332 1.705500
1.312742 1.775770 1.738668
-0.106916 1.845401 1.100404
0.487742 1.903900 0.425930
0.455286 1.203857 0.396631
-0.848871 1.163890 0.419190
-1.505118 1.157672 0.459144
-0.876754 1.187904 1.085815
-0.878257 2.513015 1.003757
-0.876478 2.501156 0.941980
-0.859462 2.488684 0.312909
-0.847290 2.526321 0.379031
-0.831068 2.598257 0.388419
0.541111 2.646883 0.326667
0.571354 1.391459 0.290010
-0.090233 1.381961 0.973515
0.561376 1.404217 0.386471
0.566694 1.425436 0.380061
1.167265 1.415220 -0.313779
1.175577 2.037461 -0.329028
0.552910 2.001752 0.372032
0.545718 1.402803 0.423099
0.537684 2.013394 -0.258244
1.125132 2.011906 -0.304135
-0.836260 0.102489 0.374344
-0.252707 0.077650 0.454410
-0.919498 0.721972 0.503538
-0.953913 0.719548 0.489572
-1.605689 0.716103 0.473594
-1.582691 0.709074 0.507679
-1.561318 0.707867 1.180902
-1.555999 0.724500 -0.116743
-1.542056 0.763178 -0.846736
-0.891288 0.801748 -0.880388
-0.875227 0.808015 -1.486799
-0.887913 1.401868 -1.461521
-0.906578 1.385713 -0.816036
-0.888206 1.407169 -0.838552
-0.833970 0.801777 -0.809853
-0.782687 0.748394 -0.125354
-0.764610 1.263934 -0.103297
-0.767090 1.235382 -0.143475
-0.759502 1.270575 -0.186804
-1.365817 0.646077 -0.804446
-0.775144 0.604902 -0.767946
-1.486934 0.548578 -0.109810
-2.176073 0.543968 -0.122008
-2.208975 0.579005 -0.102852
-2.211005 0.581478 -0.051697
-2.197478 0.531296 0.628202
-2.157874 0.493994 0.643661
-2.086990 1.176102 0.630193
-0.724449 1.249760 0.614468
-1.360377 1.280467 0.579433
-1.313916 1.873287 0.533643
-1.247669 1.844769 0.515731
-1.824775 1.880197 0.546486
-1.834172 1.917180 1.189463
-1.853948 1.890102 1.192583
-1.837608 1.813026 1.173287
0.793165 1.763581 1.800033
0.785616 1.773255 3.655563
1.952275 1.790740 2.992771
1.900198 1.775525 2.950029
1.905814 1.740949 2.294098
1.919191 1.731153 2.275959
1.861818 2.391881 1.633060
1.755148 2.412321 2.290965
1.709769 2.396198 2.235568
1.770188 2.348933 2.818073
1.860332 2.309603 2.788151
2.514157 2.318758 2.780554
1.827210 2.372454 2.736885
1.230800 2.426771 2.659408
1.872782 2.437090 2.623641
1.361716 2.418662 2.668523
1.362900 2.430313 2.061372
1.309168 2.481659 2.084406
1.310124 2.537121 2.069799
2.675861 2.525800 2.088937
2.749321 2.459217 2.166131
2.763085 3.010312 1.592036
2.721000 3.048759 1.608836
2.089894 3.133849 1.591308
2.139878 3.162971 0.972869
2.187078 3.106810 0.429521
0.860275 3.040846 0.504786
0.770220 3.041873 -0.066151
0.712308 2.471725 -0.745086
0.733252 2.462451 -0.128210
0.784620 2.372284 -0.114836
0.185568 1.676637 -0.113449
0.155540 1.687815 -0.181182
0.161851 1.761653 0.383878
0.223734 1.798207 0.362576
0.262650 1.778106 1.056284
0.233696 1.766322 1.120987
0.176914 1.802596 1.140711
0.168490 1.847558 1.141485
-1.001228 1.849832 1.146245
0.979462 1.809559 0.508752
0.980000 1.774743 0.499253
0.308825 1.781049 0.460717
-1.041740 1.809615 -0.850586
-2.375461 1.195545 -0.186513
