2.882087 -0.132061 -1.781632
2.993010 -0.678616 -2.475854
3.050435 -1.864026 -3.140550
2.382195 -1.177840 -3.137906
2.338239 -1.863278 -3.743791
2.348680 -1.896889 -3.683951
1.746785 -2.504858 -3.633485
1.770401 -2.454438 -3.637727
1.723406 -2.423863 -3.651057
1.012919 -2.457703 -1.026293
1.640680 -2.530656 0.868332
1.672466 -2.543243 0.855716
1.701790 -2.462455 0.816415
1.679940 -2.378990 1.405778
1.630071 -1.736720 1.392297
1.602594 -1.834971 1.452275
1.618356 -1.318605 1.480544
1.639875 -1.323687 1.531932
1.641031 -1.301342 1.517439
2.319830 -0.046719 1.457470
2.358267 -0.142199 0.134128
2.337235 -0.188752 0.116472
2.983091 -0.130285 0.057065
2.991134 0.557358 -0.014828
2.370337 1.209090 -0.717942
2.410069 1.151797 -0.723209
2.417920 0.492627 -0.041856
2.411964 -0.114540 0.015932
2.404222 -0.061811 0.733446
2.405736 -0.089290 1.320476
1.767367 -0.059958 1.289927
0.469886 -0.632605 1.279406
0.508689 0.122959 1.884103
0.488554 0.155437 1.857391
1.084559 0.126588 1.823782
1.040211 0.090002 1.819191
1.064612 0.083108 1.857116
1.070064 0.089083 1.294279
0.391102 0.072510 0.668175
0.977836 0.677084 0.610788
1.674488 -0.587134 1.169779
2.405657 -2.441580 1.161458
1.761695 -2.424242 1.189816
1.035277 -2.413976 1.145428
0.973340 -1.744263 1.074533
0.994014 -1.027281 1.064320
1.050767 -1.630432 1.142303
1.035195 -1.651500 1.231570
0.943529 -1.675170 1.895977
1.543968 -0.415057 1.887405
1.581879 -0.369471 1.908722
2.250056 -0.358005 1.989139
1.568269 -0.387240 1.422173
1.477676 -0.408679 0.773928
2.682076 0.233814 0.072065
1.438876 -0.352074 0.719257
0.210997 -0.358202 0.812370
0.862731 2.076482 0.887915
0.148924 2.017169 0.861204
1.494695 1.995794 0.754934
0.872503 1.997844 0.684807
0.932965 1.964078 0.701582
0.931165 1.905104 1.970476
0.893607 2.493770 1.878515
0.893213 2.507664 1.743992
0.945103 2.520342 1.710045
0.975053 1.842928 1.788991
0.939750 2.435715 2.499906
0.879656 2.419272 2.482414
1.456404 1.796205 2.429602
2.088435 1.187600 1.818729
2.105059 1.159409 1.902038
2.087671 -0.119818 1.269022
2.709613 -0.050508 0.591766
2.708615 0.049715 0.529430
2.748268 -0.531973 -0.029588
2.797472 -0.534340 -0.534093
3.448667 0.079509 -0.495736
3.435201 0.118066 -0.543494
2.802463 0.136256 -1.248114
1.475642 1.268311 -0.566366
1.517126 1.193571 0.112514
2.183952 1.199336 0.084098
1.579988 1.282004 -0.635440
0.279625 1.328376 -0.671681
-0.344184 1.316611 -1.234247
-0.317729 1.294481 -1.158973
-0.307989 1.326307 0.060591
-0.343154 1.371108 -0.612962
-0.404723 1.356386 -0.576423
-0.457425 1.278769 -1.140412
0.163678 1.230714 -1.712082
0.140300 0.705138 -1.742054
0.116012 0.766280 -1.801545
0.104482 0.760611 -1.800366
0.120807 0.709469 -1.671606
0.807686 0.134234 -2.273154
0.851285 0.188941 -0.375835
0.215051 0.242554 -0.435308
0.299034 0.223271 -0.476128
0.359739 -0.476773 -0.459960
0.340035 -0.493461 -0.458471
-0.304555 -0.433426 0.127920
-0.285087 -0.380014 0.036028
-0.266460 -0.397287 0.653576
-0.276744 0.225567 0.678204
0.296616 -0.397198 0.701981
0.273544 -0.303532 0.658801
0.271603 -0.237334 0.588357
0.245564 -0.255318 0.577318
0.178157 -0.298369 0.644184
-0.533028 0.401952 0.076605
0.088425 0.450186 0.068256
0.118467 0.469455 -0.617491
2.004603 0.436792 0.619561
1.935907 0.398206 0.713047
1.848380 1.041207 0.193845
3.058529 1.077129 -0.432177
3.094744 0.471602 0.127496
3.145429 0.471924 0.112893
3.148635 0.449463 0.275797
3.810759 0.442108 1.050259
3.211800 0.446947 -0.877581
3.297347 0.426793 -2.365238
3.345792 -0.805623 -2.403240
3.323975 -0.802132 -2.371553
3.270019 -0.782167 -2.350231
3.231548 -0.736719 -3.049615
3.224738 -0.682645 -3.122584
2.081329 -0.665544 -2.503220
2.652385 -0.691881 -3.115555
2.563163 -0.736063 -3.107217
0.723285 -0.778645 -2.531123
1.393681 -0.809843 -2.656549
1.433453 -0.837201 -2.717156
1.454988 -0.856959 -2.050049
1.462726 -0.244252 -1.397074
0.852043 0.973100 -0.814614
1.483034 0.896225 -0.889568
0.252934 0.829046 -0.857464
-1.050922 0.832739 -0.725925
-1.066717 1.476123 -0.626154
-1.042464 1.470745 -0.643194
-0.976943 2.065544 -0.717743
-2.107579 1.417775 -0.695047
-2.048004 1.462809 -1.234589
-2.657642 2.129248 -0.460527
-1.347033 2.784168 -0.547943
-1.352231 2.810993 -0.624595
-0.826326 2.226779 -0.566897
0.262780 2.294206 -0.423067
0.228743 2.328280 0.280100
0.898839 1.653699 -1.043209
0.901023 2.175494 -1.100861
0.881414 2.205702 -1.693695
0.880603 1.569672 -1.574568
0.904783 0.931157 -1.569704
0.934927 0.838363 -0.369783
2.122883 0.754015 -0.451747
0.912644 0.747890 -0.422948
0.850079 0.781439 0.250435
1.436476 -0.513617 -0.363257
2.061429 0.059375 -0.435472
2.110049 -0.011970 0.202256
1.590680 -0.021777 0.240549
1.027444 0.007752 0.258727
1.050870 0.030873 0.203630
1.063796 -0.629991 -0.513351
1.114211 -0.630340 -0.548515
1.173847 -0.611566 -0.553469
0.558338 -0.580417 -1.881673
-0.156929 -0.561766 -2.561321
1.009326 -0.579313 -2.544885
1.082564 -0.617361 -3.124979
1.171459 0.623155 -3.708705
-0.081966 1.276634 -3.706243
-0.133294 0.698005 -2.359948
-0.208709 0.083965 -2.384748
0.440126 -1.210404 -2.355148
0.483211 -1.212319 -2.294709
1.139844 -1.823356 -2.271902
3.583461 -3.092196 -2.295811
4.092177 -3.089239 -2.291805
4.042992 -3.071404 -1.597199
4.064051 -3.019215 -0.823536
3.445961 -2.300184 -0.156263
3.455159 -2.266587 -0.213477
3.406051 -2.268269 -0.258248
4.083983 -1.595546 -0.249666
3.472521 -1.545890 -0.183132
3.517487 -0.857843 0.492427
3.506352 -2.169228 0.444019
3.430898 -1.016881 -0.205939
3.350242 -2.235801 0.413866
3.307687 -1.538691 0.433241
3.279818 -0.951796 0.436050
3.257758 -1.001962 0.404188
3.229741 -2.274721 -0.879608
3.192628 -2.258044 -1.540044
3.823271 -2.272916 -1.500361
3.813770 -1.101452 -1.508719
3.836143 -2.398039 -1.525193
4.494569 -1.707570 -1.563847
5.681454 -1.649164 -1.567033
4.979082 -2.320882 -1.522634
4.377794 -1.737382 -1.492346
5.113827 -2.911523 -2.149649
5.174527 -3.491079 -1.540628
3.266594 -2.917954 -2.206967
2.046088 -2.918005 -1.541950
0.795954 -2.316781 -1.488472
0.847321 -2.962512 -1.485003
0.848051 -2.916490 -1.523395
0.763845 -2.865525 -1.546902
0.695895 -2.246295 -1.541174
0.124493 -2.277421 -1.568591
0.868195 -2.284137 -1.034700
0.904875 -2.244206 -1.117212
-0.430557 -2.219833 -2.370134
0.181420 -2.253817 -2.977148
0.227450 -3.020481 -2.928962
0.283745 -3.675499 -2.329944
0.238460 -3.663775 -2.347239
0.779801 -3.657391 -3.009300
1.327062 -3.684099 -3.000399
1.365806 -3.042371 -2.980505
1.423783 -3.033045 -1.732469
2.031762 -1.621566 -1.769497
1.973521 -0.999539 -2.444278
1.963652 -1.023782 -1.818328
2.019248 -1.667411 -1.155302
1.416340 -2.277936 -1.139907
1.392990 -1.618475 -1.183674
0.110152 -1.576697 -1.248063
-0.561049 -0.367563 -1.280911
-0.513523 -0.397864 -1.267152
-0.425160 -0.356254 0.067477
-0.385520 -0.282070 0.053240
-0.394361 -0.246993 -0.007150
-0.404255 -0.289719 -0.026719
0.880777 -0.342638 0.037774
1.592743 -0.319528 -1.168014
2.191829 0.394906 -1.175357
1.489081 0.429558 -1.242377
1.468889 -0.292282 -1.255080
1.491341 -0.333457 -0.566841
1.537353 -0.268861 -0.513132
1.545911 -0.181917 -0.568713
1.509442 -0.185671 -0.667872
1.463640 -0.275107 -1.326300
1.456718 -0.319946 -0.584006
1.468235 -0.258405 -0.489870
2.091227 -0.217923 -0.505821
2.041328 -0.272959 -0.567165
2.635836 0.257996 -0.553310
2.656137 0.217323 -0.467410
2.723431 0.274083 -0.421804
2.104669 -1.665535 0.146373
2.118869 -1.676248 0.709145
1.486422 -1.712667 0.720861
1.539613 -1.692491 0.823130
1.597077 -1.613460 0.884064
1.590944 -0.920375 0.830527
1.523421 -2.188220 0.752967
2.145710 -2.214421 0.765881
2.153098 -2.194941 0.253241
2.858857 -2.157216 -0.288546
2.236873 -2.143989 -0.322182
2.262671 -2.236180 0.845549
2.284332 -2.248106 -0.426392
2.310812 -2.241618 -0.358308
3.634472 -2.216390 -1.623357
3.556180 -2.201725 -1.654084
3.488993 -0.942237 -1.710475
3.462978 -0.981844 -1.722234
2.788330 -0.998979 -1.088637
2.190676 -0.993349 -1.100707
2.867304 -2.311584 -1.152510
3.522926 -2.309090 -1.197196
4.179797 -2.339515 -1.187427
4.184941 -2.393917 0.105642
4.177747 -2.439234 0.100669
2.927413 -1.856637 0.061772
2.270184 -1.871053 0.027590
2.257321 -1.884456 0.011455
2.269888 -2.518857 -0.000207
2.925291 -1.863353 -0.004916
2.951683 -1.822120 0.628825
2.954863 -1.800779 0.645650
2.285280 -2.445893 0.662002
0.975434 -2.465527 0.675735
0.387210 -2.454272 0.077005
0.417596 -3.042339 0.060036
0.407326 -3.048849 -0.579453
0.378392 -3.088332 0.061671
0.367196 -3.086991 -0.591604
0.389454 -3.630897 -0.608159
1.688863 -2.997827 -0.646999
1.055032 -3.657571 -0.661875
1.040756 -3.679702 -0.646661
1.042090 -2.396583 -0.615868
1.059501 -1.135219 -0.587368
0.414746 -1.120726 -1.195083
1.005323 -1.129881 -0.518745
0.303999 -1.134664 0.156083
0.287450 -1.068220 0.164435
0.911002 -1.654716 0.141492
-0.327330 -2.304969 0.119487
-0.348805 -2.342101 0.122353
-0.357093 -1.683245 0.125325
-0.333963 -1.660427 0.094176
-0.310382 -1.652524 -0.627857
-0.318398 -2.301580 1.343553
-1.605541 -1.740155 1.322979
-2.234559 -1.761240 1.256344
-1.619684 -1.750579 1.205317
-1.044238 -1.076263 1.201604
-1.684752 -1.084439 1.899860
-1.662876 -1.106533 1.916789
-1.636604 -1.123107 1.870016
-1.631186 0.100210 1.180352
-1.645505 0.703817 1.185685
-1.649804 0.714177 0.584611
-1.634796 0.731339 0.599125
-0.946484 0.753389 -0.098907
-0.953250 0.766500 0.524895
-0.949413 0.775508 1.226870
-0.900155 0.794433 1.274806
-0.827902 -0.427150 1.261842
-0.770404 -0.430262 1.859835
-0.739296 -0.468074 1.816708
-0.722697 -0.521261 1.824927
-1.348566 -0.563454 1.851843
-1.337269 0.049822 0.548438
-0.719925 0.664114 0.484458
-0.767162 1.993398 1.154222
-0.126510 0.655197 1.199823
-0.109277 0.002365 2.526903
-0.081718 -0.006704 2.554579
-0.067949 1.273290 2.530878
-0.059335 0.642620 1.870957
-0.064877 0.588969 1.274249
-1.295215 -0.134940 1.397431
-1.312676 0.477505 0.889190
-1.336770 1.172834 0.263108
-0.723590 0.565957 0.903513
-1.377256 -1.356853 0.273617
-1.341523 -1.373278 0.323156
-1.273594 -1.334337 0.978781
-1.211565 -1.270761 0.937015
-1.190120 -1.251308 0.848548
-1.188121 -0.690626 0.794461
-1.181055 -0.733777 0.863093
-0.520381 -0.703968 0.917941
-0.513369 -0.628314 0.923360
-1.186081 0.063501 1.497163
-0.594377 0.041381 0.813509
-0.590191 -0.642760 1.447738
-1.149600 -1.237380 1.483491
-1.050368 -1.167229 1.469115
-1.008625 -1.135059 1.392320
0.221867 -1.165025 0.666774
0.203758 -1.190732 0.681843
0.232098 -1.166264 0.736587
0.248001 -1.111936 0.764054
-1.073137 -1.069335 0.070478
-1.115735 -0.438285 0.014044
-1.131344 -0.447620 -0.017522
-1.115986 -1.703803 0.620232
-1.726481 -1.703284 -0.043010
-1.081681 -3.025429 0.514199
-1.060074 -3.049053 -0.157324
-1.069816 -3.100255 -0.169829
-1.100279 -1.288252 -0.170665
-1.121552 -1.241519 0.483916
-1.126224 -1.182354 1.067689
-1.137902 -1.171048 0.419110
-1.186690 -1.845997 0.927529
-1.877704 -1.831436 1.592792
-2.518615 -1.763641 1.612962
-1.275411 -1.691314 1.611589
-1.262788 -1.047588 1.599219
-0.655921 -1.721691 2.234067
-0.687578 -1.752685 1.720773
-0.681483 -1.761463 1.185762
0.006511 -0.469612 -0.127789
-0.001860 -1.145484 -0.109721
-0.064504 -1.185032 -0.084990
0.461018 -1.231479 -0.041009
0.401883 -0.588605 0.020937
0.396338 -0.571325 0.068827
0.415511 -0.504920 0.060732
0.413985 -1.166878 1.326974
1.028620 -1.227004 1.346307
1.007110 -1.222411 1.390689
1.020175 -1.202143 2.011068
1.708150 -1.165265 1.924669
1.070456 -1.131439 1.849409
1.678179 -0.470101 2.489029
1.645555 -0.476503 2.498047
1.641880 0.173259 1.802108
1.028295 0.178375 1.119775
1.077439 0.160645 1.110529
-0.140772 0.124814 1.730898
-0.175046 -0.561482 1.750890
-0.210420 -1.139661 2.463285
-0.199780 -0.446080 3.148328
-1.407378 -0.440001 3.181530
-1.380861 -0.460025 3.205965
-2.067708 -0.454981 3.220739
-2.058857 -0.421990 3.241399
-1.990732 -0.408547 3.284316
-1.896903 -0.441533 3.335067
-1.854571 -0.496861 2.725315
-1.883775 0.090253 2.017226
-1.918815 0.135561 1.979149
-1.249088 -1.068759 2.658813
-1.218978 0.165946 3.322485
-1.238549 1.386558 2.638285
-1.965254 0.741592 2.545291
-1.373909 0.785251 2.511651
-1.379067 0.803054 3.158814
-1.369876 0.769454 3.840679
-1.391366 0.698912 3.841364
-1.443624 0.672824 2.526135
-0.844058 0.731823 2.532766
-0.845850 0.765959 1.884841
-0.832502 0.738026 1.876275
-0.210024 0.660962 1.882717
0.426866 -0.017788 1.938646
0.428411 0.015698 2.581041
0.454035 0.050179 2.575534
0.490182 0.031397 2.582808
0.502450 -0.028529 0.665358
0.491687 -1.282516 0.723116
-0.129795 -1.228382 0.747248
-0.104267 -1.167598 0.737115
-0.749815 -1.173862 0.741491
-0.755302 -1.242454 0.791176
-1.424415 -0.608766 1.438295
-1.433438 -0.586852 2.041303
-0.771206 -0.569748 2.644605
-0.762108 -1.262352 2.025088
-0.783150 -1.328394 2.099777
-0.816870 -1.338166 2.184814
-0.831881 -0.620381 1.594814
-0.830511 -0.544524 2.254114
-0.160666 -0.533189 2.264673
-0.186617 -0.569776 2.945938
0.413601 -0.561890 2.330907
0.372003 -0.503732 2.342469
0.375177 -0.456569 2.345101
0.402815 -0.463327 1.735742
0.405504 -2.353143 1.784895
0.400363 -2.352339 1.803094
0.421682 -2.338612 2.448807
-0.161315 -2.334504 1.773518
-0.129217 -1.707614 1.769082
-0.148068 -1.722640 1.746799
-1.449195 -1.719095 2.347115
-2.107296 -0.455762 1.708880
-2.093926 -1.050081 1.071448
-1.427983 -1.031086 1.119316
-1.430066 -0.437349 1.142828
-1.433946 0.115071 1.781104
-1.423064 -0.536346 1.111319
-1.406143 -0.522110 1.708808
-1.407517 -0.508504 2.370610
-2.051940 -1.166552 2.258808
-1.416888 -0.584219 2.163882
-0.816517 0.046230 2.111423
-0.855569 0.083714 4.062936
-0.893001 0.119397 4.045190
-0.888262 0.108767 3.379775
-1.524619 0.738157 2.708980
-1.503240 0.759645 2.720507
-0.842059 0.215929 3.405791
-0.831288 0.258516 3.393196
-0.169569 -0.387069 3.347706
-0.138024 -0.422472 2.656581
-0.139975 -0.398908 1.961043
-0.156556 -0.335965 1.982591
-0.766479 -0.314122 1.991769
-0.734395 0.884662 2.016919
-0.704221 0.832139 2.065504
-0.697554 0.813433 2.112000
-0.700420 0.806242 2.777968
-0.685991 0.768302 0.861903
-0.652951 0.697861 1.528230
-0.642453 0.647454 1.505707
-0.676703 0.650783 1.449537
-1.351270 0.674386 2.058312
-1.348446 -0.546429 1.484274
-1.303724 -0.591824 2.190934
-2.648671 -0.596762 3.446161
-2.678530 -0.553255 3.432172
-2.691140 -0.533229 0.805290
-2.044084 -0.572224 2.037301
-2.003748 -0.631567 3.970891
-1.362049 -0.635597 3.246609
-1.377550 -0.585615 3.165999
-1.392025 -0.546464 3.759812
-1.392584 -0.552903 4.379851
-2.026472 -0.570159 3.039760
-2.018532 -0.536448 3.014864
-2.674609 -0.473810 2.371250
-2.685158 -0.455791 2.358302
-2.675268 -0.506118 2.379427
-2.649068 -0.564623 1.744248
-2.622338 -0.568132 1.749399
-2.623888 -0.532925 1.119540
-2.674390 0.132954 0.499624
-2.712169 0.110111 0.560046
-2.711389 0.742808 1.290264
-2.688003 0.765379 1.313266
-3.329787 0.811150 1.353482
-2.114157 0.831142 0.766172
-2.168485 0.142823 1.431539
-0.255291 0.097946 0.772717
-0.195508 0.088894 0.707288
-0.142310 0.122391 0.671105
-0.155948 0.800380 1.308156
-0.223972 0.801986 1.327774
-0.244049 0.771758 1.329880
-0.177612 0.758335 1.336562
-0.086386 0.151851 2.004255
-0.071318 0.788972 2.087765
-0.126160 -0.494115 2.766281
-0.135949 -0.527404 2.715152
-0.056693 -0.537360 2.632797
0.025421 -0.503390 3.270570
0.668371 -0.464206 3.898676
0.601383 -0.461380 2.670438
-0.059163 -0.491934 3.270834
0.002890 -0.506274 2.010188
0.706144 -0.478258 1.466381
0.714381 -1.102553 1.539902
0.680815 -1.111845 0.870690
0.689052 -1.143540 0.739152
0.085768 -1.147733 0.615710
0.128136 -1.737810 1.173974
0.098668 -1.702321 1.189417
0.038007 -1.701321 0.493748
0.020095 -1.717152 0.390461
0.038370 -1.716338 0.329785
0.031185 -1.702821 0.989368
-0.035087 -1.722865 1.124106
-0.107119 -1.789238 1.162488
-0.119098 -1.866021 1.144902
-0.101414 -1.894985 0.409792
-0.733893 -1.884321 0.404885
-1.471206 -1.897604 1.039295
-0.860912 -2.536639 0.468289
-1.475809 -2.572040 -0.157687
-2.051038 -2.552645 -0.136349
-1.443996 -2.512055 0.678336
-1.502533 -1.832092 0.755384
-1.525526 -0.620269 -0.457912
-2.660993 -1.273282 0.208255
-2.574139 -0.587781 0.186989
-2.546449 -0.528545 0.809718
-2.581616 -0.497231 0.822847
-2.603888 -0.483132 0.782655
-3.189507 -0.461062 0.068075
-3.131813 -0.405717 0.692238
-3.128002 -0.349016 3.204586
-2.528866 -0.320993 1.965439
-3.164975 -0.309684 2.575870
-2.469037 -0.298875 2.511207
-2.383498 -0.285120 2.469533
-2.348475 0.319252 1.828603
-2.359044 0.907979 1.810366
-2.359313 0.244575 1.106895
-2.315095 0.226766 1.690536
-2.266441 0.224052 2.386241
-2.266063 0.185479 2.480408
-2.317734 0.122662 1.905240
-2.368538 -0.571752 1.912675
-3.000907 -1.741479 1.895068
-2.362915 -1.044606 1.912673
-2.380763 -1.060186 1.947091
-2.423979 -1.105406 1.340265
-1.764114 -1.114255 1.313545
-1.735610 -1.063916 1.293315
-1.079642 -1.020647 1.326838
-1.113549 -1.056157 1.422693
-1.151406 -1.122048 1.479826
-1.175910 -1.129434 0.859796
-1.188579 -1.060435 0.926425
-1.198083 -0.986958 0.948256
-1.838580 -0.358163 0.905832
-1.800193 -0.400583 1.500963
-1.738297 -1.047452 2.138946
-2.317349 -1.012448 2.186038
-2.313429 0.274417 2.235361
-2.331815 -0.407978 1.619259
-2.345516 -0.437859 1.596172
-2.357527 -0.425199 0.946276
-2.378096 -0.392083 0.942890
-2.409242 -0.984730 0.927003
-2.419363 -1.013219 0.241307
-2.394613 -1.054051 -0.469113
-2.347679 -1.068420 0.139837
-2.309803 -1.063065 0.162908
-0.981583 -0.453149 0.826619
-0.984201 -0.455685 0.173485
-0.981704 0.192353 -0.533969
0.204449 0.885181 -0.562026
0.183721 0.273355 0.030980
0.789974 0.336717 0.062703
0.756189 0.358755 0.102559
1.339553 -0.289143 0.118962
3.126372 -0.331867 0.721765
2.533921 -0.350362 -0.535735
1.876004 -0.343012 0.159859
1.866902 -0.379141 1.517022
1.861765 -0.466660 1.507060
0.625156 -0.535477 1.432133
0.001518 0.128994 1.426592
-0.030283 0.164495 2.735436
0.548555 -1.758387 2.156916
0.499551 -1.202373 2.111106
0.517109 -1.912738 2.034059
1.194587 -1.894550 2.003880
1.180582 -1.836277 2.052332
0.509931 -1.840701 2.109808
0.499634 -1.894975 0.738731
0.528529 -1.909585 0.669603
1.195072 -1.861013 0.642126
2.468711 -1.837261 1.334581
2.369591 -1.891174 1.368871
1.716794 -1.954962 1.336101
1.765793 -2.579002 0.643318
1.799982 -2.558574 1.272574
1.165743 -2.591344 2.019641
1.164031 -2.681416 1.434897
0.543501 -2.731911 1.430721
0.560052 -2.099413 1.388434
0.494432 -0.839166 1.378855
1.713689 -0.864669 1.408103
1.682964 -0.946725 1.400201
1.707825 -0.971062 1.984759
1.746716 -0.916511 0.702476
1.748910 -0.899029 0.701141
1.737795 -0.991025 0.123059
1.747568 -1.089088 -0.492087
1.791203 -1.065727 -0.538525
2.442737 -0.971496 -0.597981
2.475580 -0.968905 -0.617040
1.860521 -1.686305 -0.588791
1.882547 -2.393116 -0.585177
1.885776 -2.353796 -1.262065
1.899780 -1.661590 -0.663059
1.894406 -1.669159 -0.640059
0.599683 -2.402764 -0.582635
0.601320 -2.414289 -0.561945
0.606945 -2.332544 -0.592974
-0.021663 -2.248806 -0.632963
0.624953 -2.235108 -0.631433
0.648050 -2.233070 -0.573074
0.671230 -2.762012 -0.520755
0.675223 -2.648125 -0.519182
0.659229 -2.568995 -0.566590
0.635300 -2.579862 -0.591969
-0.022305 -2.612179 -0.557878
-0.056734 -2.584880 0.156975
-1.433458 -2.494305 0.185767
-0.835780 -2.437692 0.815083
-1.532767 -2.469559 0.793272
-1.544119 -2.525158 0.813189
-1.527306 -1.853533 2.088761
-1.486114 -1.143510 2.125262
-1.456223 -0.472392 2.086534
-0.191861 -1.840964 2.027736
-0.187262 -1.917816 2.003759
-0.195496 -0.676331 2.012209
0.427483 -0.627731 1.974164
0.411473 -0.600042 1.884140
0.405046 0.676626 1.822171
-0.193098 0.653937 1.843909
-0.099641 0.667958 1.911442
-0.033703 0.714940 1.266729
0.665468 -0.511680 1.163351
0.682744 0.101270 1.172534
0.057962 0.109562 0.583021
-0.563990 0.141824 0.603268
0.120321 0.194259 2.388690
0.121363 0.230433 2.334586
0.723302 0.241453 1.690143
0.697827 0.910726 0.476404
0.717584 1.544888 0.526804
0.097671 1.536434 1.153676
0.080497 0.893639 2.340692
-0.610260 0.266086 1.665163
-0.648156 0.248411 1.689888
-1.910356 0.834889 2.352354
-1.261683 0.829090 3.003166
-1.312448 0.184859 2.333512
-0.744832 0.794105 2.331267
-1.404793 0.810928 1.705382
-1.367139 0.777233 1.759177
-0.050158 0.066402 1.776082
-0.029551 -1.381064 2.414394
-0.655452 -0.779724 1.730191
0.608062 -0.755328 0.495551
-0.706850 -0.744028 0.477970
-0.701812 -0.130108 0.474041
-0.683765 -0.171291 -0.138702
-0.686922 -0.181740 -0.131310
-0.732151 -0.168086 -0.144296
0.522023 0.497670 -0.167144
0.487442 0.454635 -0.191981
0.473929 1.080103 -0.213909
-0.826975 1.115685 0.449633
-0.882460 0.518298 -0.246206
-0.947698 0.551838 -0.282635
-1.614270 -0.111686 -0.313572
-2.252823 -0.788567 1.004090
-2.282969 -0.789266 1.012781
-1.078282 -0.781653 0.343122
-1.111378 -0.123514 -0.290064
-1.096077 -0.146159 -0.945450
-1.051561 -0.148105 -0.301825
-1.019083 -0.789593 -0.300740
-1.017659 -0.791276 0.334193
-1.006892 -0.803545 0.912653
0.347369 -0.804060 0.342856
0.453164 -0.786205 0.350599
0.495404 -0.793985 0.359773
-0.144548 -0.828843 0.403303
0.490307 -0.222464 0.461808
0.559260 -0.224059 0.500141
-0.006437 -0.206827 0.509624
-0.007411 -0.210148 0.510140
-0.040746 -0.882310 0.520847
-0.043843 -1.553467 -0.180313
0.003797 -1.532961 -0.157678
0.687893 -0.892292 1.123958
0.660341 -0.918343 1.763848
1.220550 -0.296000 1.767097
1.181540 -0.321173 1.753024
1.194499 -0.333723 1.111038
1.835986 -0.353960 1.706870
0.545009 -0.959868 1.687075
1.148061 -0.357120 0.449314
1.166335 0.327176 1.165578
1.233138 0.347604 0.565435
1.285304 0.329695 0.550447
1.278559 0.290977 0.540891
1.249074 0.271224 0.556274
1.269168 -0.352735 -0.088898
0.101845 -1.583978 -1.377837
-0.465004 -0.973324 -1.423022
-1.082986 -1.620070 -1.422991
-1.078865 -1.610902 -1.397471
-1.030482 -1.548492 -2.014179
-0.975310 -1.491258 -2.074142
-0.970216 -1.503327 -2.128931
-1.005536 -1.560831 -1.512176
-0.413994 -2.818481 -1.498953
-0.397572 -2.789636 -1.513333
-0.371477 -2.787265 -1.568334
-0.362985 -2.815955 -1.597280
0.258027 -2.194201 -0.213792
0.261073 -2.134769 -0.790012
0.920708 -0.848270 -1.418309
0.912819 -0.841543 -0.811851
0.230578 -0.884495 -0.794241
0.186156 -0.886759 -0.084369
0.145809 -0.820816 -0.637959
0.115752 -0.765465 -0.659408
0.091433 0.446176 -0.680088
0.073451 0.406799 -1.393852
0.068559 -0.205150 -0.748089
0.066954 -0.145281 -0.694317
-1.152011 -0.138424 -0.054945
-1.179679 -0.209649 -0.094846
-1.190895 -0.281783 -0.123341
-1.184823 -0.883785 0.533307
-1.135846 -0.844336 -0.089362
-1.146468 -0.846748 -0.105913
-1.821112 -0.889585 -0.829527
-1.800383 -0.908652 -1.588397
-1.770986 -0.877368 -0.955015
-1.761819 -0.840147 -0.280297
-1.772269 -0.852248 -0.357178
-1.779167 -0.892004 -0.417693
-1.773047 -0.908091 0.247953
-1.785073 -0.884835 0.301483
-1.177089 -0.208478 0.374692
-1.240081 -0.225439 0.394179
-1.297278 0.471452 0.369858
-1.318610 0.465270 0.364641
-0.641461 -0.814735 1.711427
-0.632154 -0.796976 1.772812
-1.938739 -0.809148 1.786411
-1.920128 0.485113 1.151466
-1.896093 1.057846 0.551612
-1.876920 -0.922404 -0.045892
-1.884035 -0.915096 0.033018
-1.922077 -0.920947 0.057523
-1.961477 -0.936775 0.035685
-0.723945 -0.936312 -0.586062
-0.079355 -0.913138 -0.556660
-0.061502 -0.890043 -0.522414
-0.058252 -0.884935 -1.184557
0.588284 -1.509463 -1.850201
0.552189 -1.502555 -1.865052
-0.075210 -2.101643 -2.461846
-0.055075 -2.070815 -3.080944
-0.054900 -2.046981 -3.090372
-0.082250 -2.013115 -2.475133
0.556916 -2.599348 -2.487518
0.596872 -1.959665 -2.488805
1.311481 -1.333161 -1.844788
0.084691 -0.742891 -1.895100
0.060650 -1.341032 -1.932642
0.068579 -1.375492 -1.292505
0.783974 -1.415660 -1.254719
-1.101709 -1.434922 0.617289
-0.545438 -1.425741 0.613354
-0.641641 -1.410569 -0.054956
-1.364878 -1.411716 0.531691
-1.326521 -1.406467 -0.107646
-1.306351 -0.724343 -0.114476
-1.368345 -1.985419 0.490593
-1.451232 -1.970951 0.471431
-2.097725 -2.005802 0.447127
-2.041850 -2.051318 0.442979
-2.017969 -2.051680 0.481985
-3.294958 -2.002847 1.133516
-2.077206 -1.961874 2.423362
-1.411688 -1.952728 3.034945
-1.364862 -1.959633 2.998198
-1.321033 -1.956534 2.367875
-1.960957 -1.951309 2.364430
-1.363612 -1.423176 2.336057
-1.361266 -1.473592 1.657038
-1.936522 -2.770259 1.670119
-0.676833 -2.780274 2.367823
-0.675197 -2.763232 1.754403
-0.710748 -2.738693 1.781169
-0.095846 -2.734916 1.132453
-0.086127 -2.763054 1.131087
-0.107203 -3.441040 1.162553
-0.695273 -2.822536 2.462404
0.514263 -2.822291 2.445961
-0.740506 -2.191144 2.400152
-1.355034 -2.213844 2.389244
-1.370733 -0.931366 3.042762
-1.448736 -0.224495 1.870110
-0.254878 -0.112650 1.261591
-0.316808 -0.043366 1.834335
-0.334534 -0.061608 2.414092
0.295945 -0.093195 2.432276
-0.392713 -0.722376 1.155244
0.248117 -0.703969 1.140268
0.264765 1.182828 1.078572
-0.975400 1.110514 1.710394
-0.953976 1.081468 1.764559
-0.335301 -0.644283 0.512747
-0.372783 -0.599538 0.456391
-0.366294 -0.590626 0.395345
-0.951354 -0.595401 0.383283
-0.273044 -0.598977 0.387799
0.382920 -0.621926 0.358676
0.433018 -1.318988 0.303464
-0.107397 -1.361228 0.268313
-1.308519 -1.377451 0.916019
-1.317065 -0.769884 3.429556
-1.954477 -0.769926 2.773907
-1.344863 -1.373474 2.752176
-2.014512 -1.345246 2.763929
-1.996947 -1.315453 2.814549
-1.979450 -1.333706 2.187105
-2.639874 -1.403331 2.819257
-2.657162 -1.460422 2.142971
-2.004409 -1.470328 2.140831
-1.969149 -1.469226 0.167529
-1.979864 -1.501008 0.218737
-2.043258 -1.536940 0.244558
-0.849250 -1.525390 0.893769
-0.825931 -2.135307 0.863932
-0.806670 -2.080466 0.910888
-0.221388 -2.084674 0.361222
-0.234141 -1.478501 -0.256209
-0.221781 -1.512713 -1.547641
-0.185167 -1.537907 -1.514160
-0.172279 -1.567583 -0.831062
-0.200116 -1.593933 -0.778828
-0.232788 -1.591373 -1.387120
-0.240172 -1.561544 -1.397620
-0.228902 -1.518952 -0.756874
-0.239807 -1.475676 -0.704503
-0.266023 -1.451423 -0.646475
-0.226331 -1.445230 -1.244997
-0.193339 -1.467712 -0.643696
-0.772528 -1.509969 -0.053125
-0.731640 -0.943015 -0.064788
-0.753700 -0.941430 -0.704893
-1.435200 0.306481 -0.741675
-0.799180 -0.929722 -0.800689
-0.165253 -0.226961 1.045340
-1.442762 -1.414763 1.043014
-2.137215 -0.747772 0.463752
-2.137793 -0.747152 0.499615
-2.706584 -0.205065 -0.154339
-2.655681 -0.268878 -0.193132
-1.387289 -0.933617 -0.194174
-1.403641 -0.947872 0.460857
-1.410860 -0.943600 0.499901
-1.388835 -0.888045 1.105285
-1.381124 -0.808297 1.093994
-1.423142 -1.995539 1.751777
-1.470179 -2.643930 1.812646
-1.465249 -2.648443 0.596320
-1.390692 -2.606142 -0.660081
-1.314077 -2.570166 -0.658000
-1.282596 -2.039560 -0.033649
-1.276855 -2.114348 0.579276
-1.254543 -2.123529 0.619251
-1.201818 -2.692816 0.640057
-1.185516 -1.368538 0.630355
-1.253270 -1.420146 1.274835
-1.352141 -1.511044 1.949309
-1.393821 -1.532744 1.989247
-1.983571 -1.510930 1.997077
-2.532079 -1.546475 1.968228
-3.233166 -0.394076 1.933147
-2.576742 -0.479495 2.587339
-3.235593 -0.468549 2.637259
-3.290055 -0.379645 2.668987
-3.332762 -0.296054 2.672918
-3.334763 -0.278837 2.022205
-2.710411 -0.877126 2.013513
-2.737983 -0.845752 2.001788
-1.555089 0.502069 2.010070
-2.179742 0.527786 1.982493
-2.118745 0.526091 1.964241
-2.038846 0.523715 2.572707
-2.016407 -0.071735 2.597130
-2.055555 -0.676637 2.585669
-2.081832 -0.665212 2.581641
-0.800822 -0.662394 2.619569
-0.790097 -0.035623 2.690449
-0.777408 -0.083613 2.709950
-0.749981 -0.764758 3.971986
-0.701072 -0.838590 3.889290
-1.283968 -0.893716 2.596660
-1.276340 -0.925591 2.629541
-1.283494 -0.962682 2.649955
-1.288321 -0.995906 2.648342
-1.310724 -0.997448 2.649256
-1.364623 -0.963891 2.693628
-2.090937 -0.927383 2.782878
-2.112241 -0.917191 2.842856
-1.443262 -0.923061 3.454375
-1.392065 -1.544807 2.790467
-1.385087 -1.502886 2.819380
-1.350746 -1.435543 2.855415
-0.685786 -1.377566 2.880493
-0.707176 -1.345258 2.897004
-0.765623 0.412096 2.883187
-1.449910 0.442753 2.866330
-0.219202 0.504576 2.223132
0.362998 -0.086323 3.502363
0.355897 -0.127493 3.518912
-0.246686 -0.177540 3.484329
-0.207357 -0.207020 3.424399
0.416778 -0.172999 3.382620
0.381056 -0.078877 3.387751
0.363418 -0.065196 3.389918
0.373101 -0.098062 3.335064
0.360774 -0.107518 3.247808
0.309588 -0.046092 2.551649
-0.378161 0.640790 2.578902
-0.404580 1.891052 3.288959
0.256113 1.177984 3.264731
1.505402 1.147194 3.846666
2.123891 1.827982 3.817914
2.734520 2.556944 3.224273
3.318420 2.554668 3.299548
2.686111 1.286680 3.317130
2.737065 1.279186 2.623375
2.780462 0.604170 1.954283
3.426868 0.638925 1.981644
3.445851 1.860811 1.387286
2.191075 1.809985 1.378506
1.014742 0.536874 1.336694
1.692681 0.566441 1.957222
1.719135 0.012423 2.009509
1.090621 0.047257 2.084539
1.066551 0.042038 1.479051
1.059521 0.011911 1.465706
0.435463 -0.672625 1.465202
1.064298 -0.700164 1.489627
1.029730 -0.118905 2.137036
0.991067 -0.763257 2.715504
0.371755 -0.196586 2.644608
0.389881 -0.862421 2.632889
