-1.434699 3.608841 3.339609
-2.030815 4.209703 3.355936
-2.021470 4.215785 3.419658
-2.703033 4.793750 3.502537
-2.757799 4.765248 5.384706
-2.797364 4.713961 5.366866
-2.812720 4.662076 5.349567
-3.479903 4.658962 5.365375
-2.956948 4.711427 5.387661
-3.544151 4.757281 5.387399
-3.508951 3.533406 4.141050
-2.830419 3.520699 4.124832
-2.825028 3.533267 3.523417
-2.883002 2.918505 4.215898
-2.989096 3.580869 4.235699
-3.021564 2.860458 4.179396
-3.019984 2.756516 4.743658
-3.016794 1.415387 4.695000
-3.024518 1.462066 4.671485
-3.012011 0.269033 4.633845
-2.959988 0.851332 4.559869
-4.069187 -0.418770 4.490008
-3.379390 0.910479 4.481364
-3.409388 0.323356 4.507332
-3.475036 0.364613 5.794282
-3.527016 0.313970 5.160772
-3.529668 0.245662 5.179659
-3.514843 0.246416 5.222397
-3.514761 0.936158 4.624098
-3.519992 0.950792 4.627717
-3.500754 0.903096 3.996682
-3.450084 0.860193 4.005001
-3.394557 0.872408 3.394290
-3.356142 0.899167 3.396149
-3.358797 0.253898 2.077660
-3.379139 0.824244 2.081837
-3.392236 0.770593 2.121386
-2.787548 0.789928 2.152338
-2.748563 1.459888 2.137576
-2.710434 0.877382 2.097603
-2.667102 0.856187 2.068822
-2.626025 0.848609 2.068279
-3.237305 0.908529 2.080458
-3.211167 0.991842 1.421200
-3.229079 0.977851 1.399698
-3.893467 0.902486 1.386431
-3.933524 0.837423 1.404677
-3.931409 2.710236 0.820924
-3.896826 2.079271 1.509007
-3.870122 2.692085 1.525558
-3.862226 2.646137 2.100288
-3.278556 2.650113 2.059475
-3.256206 2.678781 2.052358
-2.586067 2.052662 2.082569
-2.608516 2.604777 2.770336
-2.669491 2.548891 2.703295
-2.737443 1.908980 3.243274
-3.392187 1.936630 3.235061
-3.377896 1.915476 3.286871
-3.339887 1.884877 2.671164
-1.999279 1.869209 2.605017
-1.982563 1.920995 2.538073
-1.986948 1.981479 2.542435
-1.980381 2.002181 2.601808
-1.963650 1.962631 2.601098
-1.961732 0.727380 2.546451
-2.630774 0.091523 2.522661
-2.681533 -0.532556 2.553672
-2.696452 0.138595 2.597110
-2.016344 0.146576 2.590596
-1.923311 0.152976 2.545469
-1.853838 0.183913 2.521092
-1.837648 0.885090 2.510692
-1.853038 0.956983 2.494546
-1.863806 0.994200 2.460490
-1.854463 0.964037 2.440606
-1.868210 0.974990 2.437467
-1.938384 1.591972 2.418620
-2.042685 1.617406 2.409846
-2.089136 1.617972 2.423470
-2.093640 1.578144 2.449052
-2.096060 1.544683 2.453501
-0.914727 1.549175 2.427875
-1.522911 1.570323 2.401039
-1.517647 0.918482 2.391618
-1.507082 0.887446 3.031986
-0.886466 0.836680 2.408601
-1.532779 0.784963 2.390400
-1.530942 1.437582 2.390159
-1.526105 1.447530 2.415376
-0.898737 1.451411 2.434542
-1.441894 0.771529 2.427047
-1.357443 0.754059 2.402921
-1.284071 1.388627 2.382104
-1.284588 2.103166 2.369316
-1.298461 1.488955 4.280939
-0.669800 0.742948 4.280930
-1.244430 -0.012631 4.307160
-1.212962 1.198483 4.330112
-1.225802 1.182251 4.312070
-0.606428 1.208075 4.273792
-0.573352 1.203623 4.274365
-0.497291 1.169775 4.281292
-0.453981 -0.074871 4.253069
-0.474109 -0.667241 4.207601
-0.518180 -0.595550 4.208954
-0.520213 -0.598711 4.267253
-1.125135 -0.646068 4.290942
-1.111274 -0.658032 4.254664
-1.852627 -0.590378 4.844630
-2.563251 0.151324 4.863110
-1.917554 0.159312 6.243990
-2.541524 0.101291 6.259126
-3.856613 0.091001 5.553948
-2.543887 0.164293 5.482141
-2.575757 0.237543 4.834344
-2.605068 0.228370 4.875007
-2.000572 0.184735 4.868217
-2.026961 0.200366 4.831259
-1.427669 0.268079 3.031160
-1.419750 0.327601 3.061429
-1.406742 0.920458 2.445685
-1.413260 0.861435 2.398755
-1.405175 0.826253 2.965862
-1.365884 1.471177 2.974175
-0.694435 1.468965 2.996839
-2.051164 1.443944 2.988745
-2.033376 1.406940 3.564049
-1.973540 1.394269 3.555273
-1.921091 0.750619 4.221349
-2.526844 0.796185 4.246975
-2.536753 0.783097 4.233352
-2.536591 0.739712 3.572206
-1.893446 0.736816 3.590593
-1.232802 0.790927 3.630192
-1.882452 0.827579 3.659852
-1.924183 0.794124 3.670375
-1.940681 0.758585 3.685695
-1.931511 2.093160 3.714796
-1.925154 2.175691 3.747368
-1.930877 2.196330 3.761319
-1.317291 2.120128 3.761518
-1.311832 1.385646 3.189468
-1.299172 1.433802 3.223491
-1.298822 0.930878 3.246580
-1.318093 0.928793 3.224999
-1.346486 0.860771 3.201879
-1.341993 0.214604 3.823320
-1.343649 -0.329260 3.259696
-1.345713 0.458539 1.914367
-2.031612 0.469626 1.918411
-2.051997 -0.226846 1.907616
-2.003270 -0.290475 1.903844
-1.955344 0.371270 1.918804
-2.570190 0.436146 2.555963
-2.596195 2.341401 2.541469
-2.584442 0.982580 2.532683
-2.533844 1.594147 2.543307
-3.179530 1.684143 2.002946
-3.194863 1.776845 2.029126
-3.211431 1.755620 2.026911
-1.833753 1.643282 1.390543
-1.787871 2.223907 2.024443
-2.449702 2.262554 2.680275
-1.814698 2.938720 2.712592
-1.871406 2.254059 2.710237
-0.665216 2.156337 2.704795
-1.886868 2.083405 2.726435
-1.881575 1.428644 3.430218
-1.232315 1.521812 3.438698
-1.227738 1.559312 3.376507
-1.189563 1.505145 3.298032
-1.136898 1.448622 3.283204
-1.114532 1.479297 3.321261
-1.131036 1.570426 2.674662
-1.140963 1.626878 3.233169
-1.115098 0.947401 3.152051
-1.107058 1.444064 2.529291
-1.787742 0.786699 2.564891
-1.858590 0.870043 1.935189
-3.168102 1.594078 1.877211
-3.105037 1.559856 1.831500
-3.056369 2.117162 2.524432
-3.092509 2.093320 2.638911
-3.174810 1.542744 2.716556
-3.215286 3.427378 4.031696
-3.190924 2.774414 4.036752
-3.177763 2.075430 4.056403
-3.214723 2.055468 4.102277
-2.634150 2.037647 4.123817
-3.257668 1.990400 4.112954
-3.171934 2.518471 3.445996
-3.091460 1.840207 3.440237
-3.075518 1.181502 3.452745
-3.107829 1.186731 3.444727
-3.118504 -0.038092 3.407348
-3.082787 1.245804 4.002189
-3.058057 -0.009424 3.946390
-3.093006 0.050835 2.467938
-3.165146 0.059233 3.857476
-3.181817 0.091132 3.823620
-3.121117 0.111886 1.831182
-3.064312 0.146800 1.790617
-3.071676 -0.435570 1.800298
-2.452908 -0.351367 1.865747
-2.450449 0.319120 1.915547
-2.437555 0.304148 1.872935
-2.459536 -0.376666 1.783349
-2.523076 -0.394708 1.747130
-2.556907 1.511364 1.785474
-2.534808 1.490815 1.814867
-2.502270 2.685707 1.761867
-2.498965 3.258282 0.986337
-2.516227 2.603096 0.975632
-2.513069 3.306689 1.053243
-3.165108 3.332001 1.111587
-2.544581 3.297395 1.070358
-2.568619 3.246467 -0.280445
-3.850706 3.239899 0.329078
-3.825239 3.279258 0.421966
-3.782030 3.328769 0.468569
-3.099517 3.284691 0.422762
-3.087758 3.831569 -0.259816
-3.058834 4.525133 0.376731
-3.011306 5.189214 0.494630
-2.367579 3.321297 0.568272
-2.408484 3.347455 0.560110
-1.792273 2.730620 1.901806
-1.123591 1.549079 1.882834
-0.435541 1.503634 1.864388
-1.051768 1.474601 1.866292
-1.037468 1.472070 1.875155
-1.647671 1.469615 1.848969
-2.255621 0.185416 1.805545
-2.207013 1.391247 1.765843
-2.211246 1.406148 1.775574
-2.248193 1.475381 3.158193
-2.287223 1.548805 3.161136
-2.303332 1.556829 3.121244
-2.319257 1.514349 3.065128
-2.357901 1.472458 4.288529
-2.383592 1.452019 4.282813
-2.360743 2.055410 3.665114
-3.573478 1.986102 3.647733
-3.551910 1.939880 2.376721
-3.578478 1.972465 2.384404
-3.609272 1.448570 2.412853
-3.606714 1.507751 2.455126
-2.932160 1.477252 2.493492
-2.945485 1.421347 1.880884
-3.642059 2.004243 1.894101
-3.651398 3.288591 1.906651
-2.294912 3.879407 1.930090
-2.286673 3.805212 1.945442
-2.325010 4.383598 1.936648
-1.724112 4.392824 1.912814
-2.389666 3.879066 1.892927
-2.406060 3.263246 2.520512
-2.464116 3.260470 2.516377
-2.557362 3.244474 2.501655
-2.618278 2.624471 2.475010
-2.618212 2.599180 2.445543
-3.259900 2.565689 2.446535
-3.277313 2.533354 2.460851
-3.299159 2.533637 2.467393
-3.274082 1.277044 2.474667
-3.219801 1.294223 2.488690
-3.204398 1.334831 2.526995
-3.248737 0.716357 2.572130
-3.902862 0.751135 2.602243
-3.872803 0.755584 1.359912
-3.172116 0.743327 1.402976
-3.828141 0.727327 1.439108
-3.247387 0.706500 1.441113
-2.619480 0.671292 1.421464
-1.954705 0.631248 1.423236
-1.873817 0.629784 1.435983
-1.867800 1.338154 1.452520
-1.934245 1.384779 1.469141
-1.960634 1.414238 1.486005
-1.888146 1.427882 1.511607
-1.806490 1.447732 2.162895
-1.805976 1.466801 2.127219
-1.846005 1.474669 2.076888
-1.814188 1.451651 2.022181
-1.059615 1.409445 1.967509
-0.973230 1.389069 2.548442
-0.975289 1.402072 1.876611
-1.024243 1.424726 1.876387
-2.921303 1.417833 1.923013
-2.858838 1.401759 1.348718
-2.807912 1.401357 0.723517
-2.829581 1.423885 0.698206
-2.867649 1.449441 0.677270
-2.841036 1.435922 0.687382
-2.786101 1.416438 0.702522
-2.797098 1.426836 0.699954
-2.868911 1.467447 0.690319
-2.302534 1.496446 0.693258
-2.299849 1.490741 0.738751
-2.274295 1.481221 0.786704
-2.299269 1.497394 0.801315
-2.340561 1.545860 0.108975
-2.991786 1.575996 0.074833
-2.948074 1.557138 0.058814
-2.297264 1.529824 0.692212
-2.341878 2.179055 0.689060
-1.806302 2.850537 0.665970
-1.845064 2.880455 0.024861
-2.435257 2.890050 0.022347
-2.476442 2.887748 0.048438
-2.546396 2.897544 0.675422
-2.592806 2.922053 0.655025
-1.432712 2.936737 0.594488
-1.462721 2.912719 0.534883
-1.471783 2.855558 0.522994
-0.861581 4.091540 -0.098311
-0.820250 4.049513 -0.096241
-0.792759 2.819253 -0.100702
-0.799343 2.818746 -0.097563
-1.442384 2.808541 0.052665
-1.445495 2.138987 0.084221
-1.411045 2.112807 1.467520
-1.381866 1.479821 1.460637
-1.397727 1.506555 1.392409
-1.434843 1.532778 1.355099
-1.436176 0.915705 0.782679
-0.132125 0.914637 1.519771
-0.089863 0.944467 3.456520
-0.111396 0.971653 3.444747
-0.787947 0.953630 3.413783
-0.810441 0.910384 3.396040
-0.779149 0.884679 3.395688
-0.659187 0.915632 3.368933
-1.285393 0.954402 2.657317
-1.294012 0.955292 1.346368
-1.245391 0.949570 1.935443
-1.172807 0.984539 1.939690
-0.548096 1.046336 1.934467
-0.617730 1.067585 1.895500
-0.675351 1.054339 1.857792
-1.307537 1.046637 1.846287
-0.623651 0.424162 1.908571
-0.634000 0.467190 1.869934
-1.892134 0.469449 1.827219
-1.866322 0.419586 1.813114
-1.163608 -0.239270 2.485855
-1.088324 0.374896 2.511815
-1.101241 0.413333 2.527409
-1.160227 0.416188 2.545821
-1.177725 -0.858676 2.572062
-1.785208 -0.876541 2.566890
-0.474620 -0.860514 2.530734
-0.497523 -0.843293 1.863147
-0.548487 -0.870208 2.460340
-0.549428 -0.901295 2.483851
-1.110152 -0.877500 2.496749
-1.049100 -0.816333 3.102027
-1.053851 -1.434045 3.060723
-1.087176 -1.464757 3.051183
-0.419679 -0.867571 3.720084
-0.370577 -0.841087 2.389790
-0.357776 -0.803634 2.334103
-0.429182 -0.818980 2.258205
-0.517964 -0.255197 2.240870
-0.531615 -0.320000 2.273445
-0.467243 -0.326189 2.279414
-0.430202 0.900213 2.241532
-0.482002 2.142706 0.381161
0.030653 2.072095 0.390656
-0.629966 2.062098 0.407785
-0.592322 3.411844 1.058952
-0.585331 3.444254 0.434015
-0.613070 3.388249 0.429400
-0.681056 3.292531 0.437358
-0.643141 2.592854 0.438246
0.081620 1.888111 0.420289
0.125961 1.861946 0.390311
0.059156 2.484084 0.369621
1.260714 2.474796 1.015255
1.890225 2.506864 0.990631
0.703701 2.552127 1.582139
0.729028 2.581331 1.563759
0.721373 2.608689 0.937819
0.727538 2.656315 0.947088
0.772862 2.699902 0.948873
0.815825 2.703696 0.936153
0.818707 2.665766 0.924211
0.780774 2.644964 0.938554
0.078969 2.700660 0.967188
0.059991 2.804474 0.980216
0.045253 2.868916 0.974500
0.033608 1.621414 0.387108
0.022144 1.575374 -0.232642
-0.554360 1.590478 1.162581
-0.570608 1.655489 1.185634
-1.196828 1.700031 0.514290
-1.813016 1.674239 0.470174
-1.814495 2.258081 0.491404
-1.818951 2.263961 0.544136
-1.837658 2.306190 1.157522
-1.858634 1.664963 1.096726
-2.537205 0.961199 1.072239
-1.943071 0.301275 1.122471
-1.985890 0.332536 1.181465
-2.007463 0.366289 -0.216691
-2.002830 0.347089 -0.290380
-1.390512 0.298636 -0.314160
-1.397175 0.283228 0.351732
-1.373565 0.969817 0.455940
-1.406459 1.014292 0.435776
-0.796593 1.013109 0.325389
-0.778072 0.973273 0.818262
-1.390324 0.947338 0.813117
-1.436880 0.994248 1.479194
-0.842388 1.066620 0.848207
-1.485747 1.076568 0.798083
-1.457717 0.385017 0.768844
-1.435297 0.318926 1.361020
-0.793252 0.307480 2.021978
-0.780294 0.338898 1.416657
-1.374288 0.361213 1.393791
-1.329202 0.347447 2.001939
-1.311849 0.319120 2.019237
-1.311270 0.938522 2.067529
-1.300191 0.952517 1.504577
-1.267511 -0.296856 1.533584
-1.225237 -1.002524 3.373527
-1.194768 -1.014882 2.724151
-1.174672 -1.046286 2.150222
0.089063 -1.071184 2.174560
0.708483 -1.052972 2.169235
0.713850 -1.625814 2.110225
0.707499 -2.865632 1.401874
0.686341 -2.822620 1.337073
0.661201 -2.810663 1.350073
0.652537 -2.789679 0.786543
0.028038 -2.761444 0.256173
0.024027 -2.756000 0.240454
-0.016977 -2.808399 0.242052
-0.077841 -2.872480 0.309056
-0.109124 -3.510761 0.389246
-0.102077 -3.486182 0.394137
-0.093070 -3.451674 0.317196
-0.102781 -3.462761 0.253928
-0.117708 -2.866129 0.269557
-0.109370 -2.908325 0.317025
1.205809 -2.934885 0.882332
1.264512 -2.297985 0.807640
1.301757 -2.986195 0.734198
1.291880 -3.661208 2.034014
1.260176 -3.683803 2.038089
0.639911 -3.676603 2.016989
1.985947 -2.987533 1.951602
0.783557 -2.986842 0.705391
-0.504853 -1.764955 1.977479
-0.539745 -1.771938 2.036433
-0.499747 -1.199226 2.122107
-0.433677 -2.494497 1.534142
-0.408238 -1.891221 1.520364
-0.430386 -3.181359 1.492041
-0.433510 -3.186744 0.859858
-0.375015 -3.199395 0.892859
-0.327770 -3.295451 0.931701
-0.344680 -3.880558 0.952789
-0.393291 -3.856981 0.974022
-0.409597 -2.622700 1.002056
-0.388817 -1.370095 1.675388
-0.376583 -1.356564 1.730020
-0.384482 -1.331593 1.760938
-0.401144 -1.321362 1.761119
0.229776 -1.328119 1.738311
0.244318 -1.336757 1.711094
-0.403024 -1.914396 1.668458
-0.427498 -1.862845 1.628217
0.176037 -1.213473 1.605274
0.138875 -1.817801 1.594622
0.136650 -2.487325 2.243608
0.162078 -2.477643 2.242731
0.170791 -3.782785 2.256673
0.149570 -3.797456 2.285522
0.126444 -3.827078 2.325687
0.127312 -3.832880 2.346644
0.119533 -3.772855 2.309937
0.082099 -3.696127 2.248427
0.613633 -3.692056 2.211646
0.584184 -3.712643 1.556778
0.606392 -3.714678 1.581922
0.050350 -3.680325 1.600000
0.067609 -3.040797 1.612852
1.274674 -2.448980 1.638964
0.620218 -1.230493 1.695802
1.232652 -1.224236 1.736503
1.268480 -1.813678 1.738454
0.682069 -2.442812 1.710007
0.625808 -2.512581 1.093570
0.587216 -3.218726 1.131543
1.249935 -2.554090 1.150391
1.324653 -2.519028 1.124680
0.718502 -3.200521 1.074538
0.667160 -3.262196 1.086655
0.016225 -3.962438 1.779397
0.059241 -3.935140 1.806846
0.766007 -3.837059 0.454522
0.164157 -3.768202 0.387637
-0.501637 -5.047429 0.392952
0.106549 -4.443189 0.432058
0.191940 -4.429175 0.418579
0.296266 -4.362106 1.550024
0.319632 -4.341581 0.903150
0.263230 -4.374605 0.244903
0.217992 -3.804651 0.897426
0.247161 -2.515783 1.594140
1.534317 -2.499453 0.280324
1.496699 -3.101682 -1.038151
1.401157 -3.639907 -1.029870
1.351056 -3.618691 -1.024868
1.388610 -3.593488 -0.988857
1.439741 -3.577865 -0.998241
1.424948 -3.565007 -0.991252
1.347244 -2.203980 -0.374795
1.292409 -2.189592 -0.395732
1.300232 -2.161636 -0.418041
1.313007 -2.119516 -0.438585
1.279447 -2.071205 0.841979
1.233420 -2.035467 0.828560
0.657085 -2.036608 0.170230
0.734198 -2.071729 0.155813
0.807710 -2.089395 0.799177
0.836717 -2.071412 0.826464
0.834508 -2.070398 0.854583
1.467811 -2.101424 0.861480
1.524161 -1.467746 0.854251
1.547837 -1.431258 0.176061
1.509319 -1.339590 0.820712
1.462543 -0.647400 0.832613
1.478081 -0.654472 0.831572
1.528121 -0.684691 0.823827
1.554261 0.581420 0.831852
1.534880 0.612460 0.889589
1.501681 0.659513 0.328541
0.859703 0.691819 -0.337437
0.863214 0.692612 0.284260
0.857395 0.689425 0.921838
1.425434 0.738878 -0.366213
1.373751 0.782670 -0.330781
1.361906 0.762095 -0.346529
1.404316 0.669579 0.200771
1.467761 1.184481 0.159476
0.869178 1.171063 0.213736
0.831118 1.166858 -0.368465
0.783196 0.490650 -1.066158
0.789531 0.424546 -1.183612
0.832374 0.396735 -1.240347
0.842165 0.428923 -1.849084
0.781164 0.476953 -1.180607
0.708078 0.484551 -1.178345
0.703846 0.416247 -3.010641
1.414680 0.344752 -2.976837
1.421585 0.323892 -2.919894
1.342950 0.367925 -2.889961
1.250567 0.428160 -2.927233
-0.046347 0.407564 -2.996073
-0.003373 0.337165 -3.027044
0.029701 0.305172 -3.025884
0.641908 -0.887924 -1.741366
1.241519 -0.812106 -1.116233
1.284180 -0.832926 -1.068511
1.355927 -0.924252 -0.348730
0.740103 -0.989364 -0.312392
0.714799 -0.946059 -0.308429
0.050840 -0.856978 -0.340812
0.125008 -0.817219 -1.019945
0.194003 -0.853095 -0.419915
0.212308 -0.905794 0.205233
0.196898 -0.884482 -0.437874
0.825722 -0.211292 0.195522
0.862308 -0.143855 0.225726
0.896187 -0.124445 -0.418228
0.875787 -0.170506 -0.442874
0.821045 -0.202956 -0.419376
0.792609 0.425781 -0.417588
0.805385 0.496390 -0.420466
1.468495 0.547766 -0.434749
1.408396 0.524907 -0.445516
1.326687 1.105870 0.225940
1.291436 1.139048 0.262687
1.309303 1.182878 0.280438
1.315892 0.582196 -0.336310
1.282919 0.541930 -0.969617
1.269373 0.522808 -0.959804
1.322045 1.837071 -0.947423
1.414843 1.204474 -0.293297
1.475851 1.236350 -0.370400
0.279043 1.233212 -0.355955
0.294950 1.264880 -0.986011
-0.310331 0.676702 -0.965932
-0.240547 0.682644 -0.951993
-0.217645 0.624754 -0.292757
-0.244784 1.247408 0.290477
-0.258364 1.245331 0.274517
-0.235381 0.562184 -0.295284
-0.205605 0.535524 -0.908823
-0.216741 1.810050 -1.505237
-0.263380 1.771977 -1.499542
-0.301025 1.841100 -2.123852
-0.324939 3.143070 -2.112964
-0.345391 1.712330 -2.085913
-0.390436 1.016777 -2.058897
-0.442292 0.978385 -2.679882
-0.458757 0.285073 -2.681591
-0.453512 0.300561 -2.715913
-0.442017 0.318820 -1.399411
-0.441885 0.327455 -0.794994
-1.738780 0.324120 -0.859118
-1.742329 0.314853 -0.941583
-1.755175 0.314020 -0.340722
-1.752403 0.937135 -0.316934
-1.734646 0.939457 -0.297228
-1.714446 1.611649 -0.344647
-1.710093 1.623771 0.184110
-1.715000 0.988918 -0.503991
-1.679989 1.041103 0.782559
-1.628940 1.088607 0.785949
-1.609224 0.479863 0.150973
-1.623599 0.496024 0.135686
-1.647544 1.139870 0.133467
-1.650314 1.138059 -0.461463
-1.652970 1.760898 -0.428765
-1.671611 1.745316 -0.402134
-1.691779 1.083464 -0.402716
-1.690657 1.756794 -0.424871
-1.669006 1.811470 -0.437961
-1.660499 1.885720 -1.651829
-1.662553 1.911995 -1.650166
-1.655231 1.882595 -1.666200
-1.646770 1.176605 -1.695313
-1.654530 1.137268 0.263852
-1.695132 1.120739 0.908141
-1.738789 1.100478 0.927664
-1.740687 1.060430 0.917966
-2.336401 1.038510 1.514299
-1.670181 1.071017 1.503257
-0.449297 1.143981 2.720290
-0.461193 1.195477 2.747299
-0.389450 1.187940 2.118049
-0.316194 -0.075677 1.471944
-0.307795 -0.047439 1.455061
-0.350842 -0.009251 0.797627
0.278835 -0.017574 0.795648
0.331993 -0.061981 0.749431
0.404422 -0.080992 0.703259
0.410702 -0.056187 1.294535
0.350051 0.602440 0.707920
0.328857 0.569449 0.722741
0.382383 0.537421 0.676008
0.427177 -0.175878 -0.000326
0.399249 -0.201988 -0.024252
0.331215 -0.172966 0.621662
0.330783 0.486673 1.208731
0.412158 -0.202711 1.142775
0.471821 -0.216891 1.123753
0.435828 -0.188118 0.561448
0.361846 -0.130312 0.642583
0.360415 -0.109003 0.678491
0.416713 -0.151677 1.316237
0.429856 -0.208211 1.370138
0.358336 -0.227803 0.840746
0.277925 -0.827891 0.927289
0.285800 -0.798305 0.922581
0.349667 -0.163654 0.871934
0.373474 -0.207824 1.468265
-0.931255 -0.243093 1.515882
-0.963989 -0.234192 0.937257
-0.955784 -0.204582 2.188465
-0.933043 -0.199569 2.158603
-0.941105 -0.219190 2.139977
-0.982400 1.028939 2.152313
-1.014609 1.027875 2.151421
-1.009843 1.067768 1.473849
-0.991619 1.105153 1.382985
-0.997479 1.102917 0.708825
-1.028248 1.058462 1.342780
-1.058546 1.030123 1.322719
-1.069465 1.050469 1.279999
-1.072917 1.067203 1.264428
-1.093730 -0.229363 1.273523
-1.130783 -0.940527 0.748823
-1.159690 -0.315452 0.768998
-1.162970 0.973838 0.720729
-1.143341 0.995736 0.700976
-1.118687 0.988414 0.760284
-1.107009 1.576580 0.826579
-1.115100 1.539648 1.512317
-1.135013 1.546920 1.460046
-1.152175 1.570982 2.065118
-1.168085 1.587395 0.803583
-1.179714 1.585919 1.553849
-1.184716 0.952736 1.568220
0.119606 0.979453 0.894932
0.136181 1.684207 0.199751
0.155303 1.709783 0.846408
0.173768 1.725543 0.228355
0.189104 1.729563 0.891203
0.183499 1.738708 0.217381
0.173712 1.761527 0.222256
0.177732 1.773832 0.243772
0.209641 1.765153 -0.349244
0.241077 3.077456 -0.301461
-0.406240 2.439962 0.364049
-0.399778 2.446968 0.341729
-1.010646 2.401511 0.934911
0.282226 2.349151 0.907506
0.253524 2.327644 0.930682
0.184508 2.325599 -0.312424
0.117887 2.953112 -0.295154
0.707382 2.936310 -0.281300
0.706798 2.931260 -0.245560
0.700064 2.945563 -0.187066
0.052154 2.955670 -0.153025
0.046178 2.943051 1.066244
0.064905 3.597589 1.012783
0.087599 4.224374 1.011451
0.716270 4.257805 1.731852
-0.526740 4.284728 1.808805
-0.510595 4.303891 1.186521
-0.474091 4.339150 1.229548
-1.067844 3.763363 0.700658
-1.048018 3.817673 0.166404
-2.310815 3.822066 0.779729
-0.970970 3.773946 0.056336
-0.928489 3.727851 0.038322
-0.892304 3.724626 -0.555417
-0.899185 3.738565 0.765644
-0.931435 3.725992 0.092019
-0.954186 4.953712 -0.631901
-1.591420 4.360385 -0.024838
-1.586506 4.464801 0.054101
-0.949285 4.499984 0.834207
-1.606907 3.813019 0.805139
-1.621541 3.742500 0.719613
-1.631608 3.723262 -1.270130
-1.019114 3.726896 -1.258055
-1.031605 3.705438 -0.535798
-1.028736 3.618825 -0.503362
-1.012810 3.579385 -1.826498
-0.981140 3.619744 -1.887224
-1.612223 3.662968 -0.580304
-1.575665 3.636246 0.726524
-1.581658 3.577947 0.131874
-1.622898 3.563625 0.011401
-1.651837 3.571118 -0.104227
-1.660380 4.182546 -0.760192
-1.679032 3.521324 -0.697614
-1.730562 2.865763 -0.074054
-3.078160 3.595863 -1.416993
-2.455588 3.667357 -2.143663
-2.465073 3.064360 -0.837703
-2.457353 3.068571 -0.732708
-2.458433 3.718044 -0.680378
-2.477681 3.740820 -0.739725
-2.494563 3.120302 -0.807406
-2.505662 3.138075 -1.445648
-2.500276 3.750468 -1.967953
-3.149607 4.374703 -1.912481
-3.133831 4.439252 -1.255123
-3.097382 4.483944 -0.649605
-3.053234 4.465226 -0.628284
-3.016762 4.406742 -1.841848
-2.362771 5.041920 -1.826734
-2.377960 3.821215 -1.260822
-2.416417 2.542039 -0.630259
-2.453447 1.866469 -1.231619
-1.848324 2.451369 -2.503891
-1.871157 2.512850 -3.121874
-1.877811 1.263013 -3.090882
-1.868483 0.611145 -2.472241
-1.848172 0.521675 -3.095821
-1.840309 0.455690 -2.509101
-1.838535 -0.181413 -2.503341
-1.839513 -0.140386 -2.467107
-1.847350 -0.165821 -1.787843
-1.221855 -0.883622 -2.392886
0.108926 -0.934297 -3.031274
0.142033 -0.898853 -2.362393
0.163638 -0.820608 -2.301722
0.190078 -0.804056 -1.633023
0.230972 -0.841934 -1.636947
0.262809 -0.205486 -1.667012
0.274227 -0.153538 -1.087517
0.255419 -0.740152 -1.078121
0.237983 -0.740859 -1.071441
0.230812 -0.776111 -1.098044
0.242424 -0.766926 -1.771761
0.271879 -0.702665 -2.402943
-0.327405 0.034065 -2.370388
0.322796 -0.565626 -2.363381
0.335714 0.619264 -2.409016
-0.265607 0.591057 -1.841835
-0.260168 -0.039610 -1.871072
-0.277863 -0.081890 -1.864870
-1.638216 0.472816 -1.864938
-1.667127 0.426456 -1.899156
-1.705003 0.440030 -1.930484
-1.081830 -0.127982 -1.287644
-1.043209 -0.087506 -1.230507
-1.673752 1.187636 -2.415064
-1.689980 1.203069 -2.412174
-1.724369 1.222514 -1.697275
-1.738014 1.820563 -1.675128
-1.718424 1.823002 -1.626880
-0.485140 1.788597 -1.622551
-1.120998 1.719883 -1.679921
-1.763619 1.672652 -1.710500
-1.778889 1.032657 -1.660398
-2.449359 0.484713 -0.931194
-3.113799 0.499280 -0.896194
-3.162976 0.477823 -1.578939
-2.566503 0.459028 -1.614995
-2.617552 0.476349 -1.596178
-2.636610 0.511122 -1.573233
-2.630268 0.474449 -0.979946
-1.949602 -0.217646 -1.691133
-1.919628 0.358879 -1.755739
-1.889356 1.716788 -1.724169
-1.237080 1.756706 -1.676443
-1.187838 1.788596 -1.687702
-1.155310 1.796662 -1.731890
-0.475351 1.798650 -1.135942
-0.456457 1.842743 -1.096771
-0.421584 1.904572 -1.085575
-0.368899 3.154213 -1.133942
-0.334226 3.167265 -1.183967
-0.961351 3.163878 -1.793974
-1.625155 5.026373 -1.765012
-1.627997 5.056720 -1.782871
-1.629231 5.076282 -1.822493
-0.360432 5.056958 -1.807731
-0.389541 5.015596 -0.488274
-0.409845 4.354539 0.140029
-0.423868 4.368978 0.094387
-0.436647 5.026565 0.061185
-0.468234 5.007361 0.090940
-0.503276 4.948831 -0.487298
-0.536180 4.889789 -0.496864
-0.568918 3.699110 -0.562382
-1.234821 3.706923 -1.236039
-2.487394 2.484081 -1.148148
-2.506451 1.842597 -1.661581
-1.885458 1.885623 -2.294667
-1.318755 2.003178 -2.371402
-1.392530 0.822595 -2.430598
-1.438132 -0.620455 -1.766774
-1.438992 0.579484 -1.762457
-1.426673 0.538118 -1.817985
-1.429283 -0.079423 -1.899991
-1.447275 -0.026936 -1.936809
-2.122451 -0.047585 -1.911683
-2.128598 0.483730 -1.897717
-3.419350 0.421977 -1.945758
-3.450946 0.428620 -2.022584
-2.847804 0.436431 -2.048226
-2.844057 -0.882566 -2.020072
-2.793308 -0.954434 -2.017824
-2.728394 -1.025600 -0.694543
-3.303300 -1.054466 -0.717367
-3.269300 -0.384844 -0.069932
-3.223901 -0.390578 0.654888
-3.170300 0.179124 0.679731
-2.495773 0.193653 0.668465
-2.483710 0.277215 -0.582907
-2.501618 -0.278596 -0.574011
-2.525123 -0.267501 -0.540238
-2.517631 -0.901945 -0.531887
-2.465899 -0.916689 0.092854
-2.405586 -0.875743 1.337330
-2.396710 -0.810537 0.653014
-2.437809 -2.009524 0.667669
-2.476387 -2.007864 0.705061
-2.457870 -1.971384 0.727418
-2.438031 -3.184148 0.729136
-2.494902 -2.463102 0.736870
-2.583842 -3.781960 -0.551826
-2.600728 -3.148654 -0.517932
-1.843448 -3.200934 -0.498176
-1.757658 -3.204995 -0.544499
-1.779691 -3.154396 -0.616885
-1.851503 -3.114462 0.635571
-1.845689 -3.118691 0.645281
-1.750326 -3.152986 0.670468
-2.300246 -3.135065 1.857934
-2.379573 -2.448995 1.833303
-2.479424 -3.008160 1.853377
-2.478593 -3.076144 1.934290
-3.006962 -3.841617 2.007719
-2.883859 -3.934821 2.001440
-2.890057 -3.929546 1.944248
-2.283442 -3.875819 0.644610
-2.253595 -3.870450 0.621925
-2.156519 -3.908558 0.628821
-2.105123 -3.915817 0.626238
-2.165854 -3.167096 -0.030511
-2.245550 -4.389346 -0.055462
-2.242871 -4.408164 1.241880
-2.167897 -4.451779 1.974207
-2.123875 -3.911678 2.687035
-2.163432 -3.291476 2.701072
-2.231224 -3.264035 2.684723
-2.250586 -3.247873 3.326581
-2.214484 -3.849958 2.668336
-2.204173 -3.229439 2.654405
-2.243132 -3.830573 3.255965
-2.321844 -4.499204 3.243744
-2.332820 -4.530544 3.283305
-1.627052 -3.978657 3.339686
-1.588812 -2.022164 3.364209
-1.617131 -1.431100 3.355684
-1.048814 -0.690559 3.964327
-1.045742 -0.597982 3.943934
-0.980401 -0.024801 3.933083
-0.960231 -0.050187 3.924173
-1.685508 0.635761 3.267190
-1.141566 0.710177 3.230944
-1.146531 0.767027 3.253662
-0.428723 0.727837 3.288421
-0.430069 1.235138 2.072977
-1.753240 1.785138 2.063836
-1.816795 1.807365 2.026161
-1.801563 1.899928 1.993771
-1.755991 1.951456 1.977860
-1.766023 1.930767 1.969499
-1.832926 1.235861 1.931035
-2.518240 1.250332 1.878683
-2.541319 0.688909 1.866111
-2.525553 0.710898 1.913287
-2.531208 -0.023810 2.570393
-2.588493 -0.862508 2.551013
-2.644673 -0.763639 3.087131
-2.637051 -0.670753 3.045980
-2.578921 -0.653442 3.654660
-2.526687 -0.719700 3.039059
-2.550391 -0.758137 3.004350
-2.618560 -0.686831 2.963421
-2.657511 -1.249903 2.972953
-3.255842 -0.003633 3.035190
-3.201691 -0.114900 3.094284
-3.192459 0.475683 1.822601
-3.232602 0.565046 1.797451
-3.259783 0.666312 1.793606
-3.202912 0.046474 1.818095
-3.113823 0.111532 1.823966
-3.081001 1.334125 1.790566
-2.489573 0.716129 1.153966
-3.179010 2.096632 1.172904
-3.191917 2.075157 0.013094
-3.177141 1.985341 0.093264
-2.535208 1.903664 0.129176
-2.574706 1.926438 1.363833
-3.273141 2.632334 1.381510
-3.243669 2.006258 1.429397
-3.178221 2.013793 1.444844
-3.133271 2.637588 0.809916
-3.138584 2.644032 0.776199
-3.178142 2.659605 0.157601
-3.195033 2.643672 0.233758
-3.195214 3.238493 0.957873
-3.195362 2.534018 0.964066
-3.214908 0.573567 0.953091
-2.592440 -0.003375 0.967604
-2.579200 0.009943 -0.228719
-2.549860 -0.635493 -0.901332
-2.518424 0.690595 0.294377
-2.522292 0.739609 0.944768
-2.568873 -0.514047 0.960179
-2.606719 -0.582724 1.001627
-2.623894 -0.074704 1.025761
-2.613488 1.848825 1.025495
-2.620391 3.156241 1.655763
-2.652265 3.190871 2.917431
-2.665075 3.224354 2.896359
-2.657176 2.596971 2.858502
-2.635453 3.310533 2.811898
-2.637067 1.441993 2.762453
-2.678268 1.464811 2.722950
-2.730653 2.073862 2.707216
-2.779021 1.965146 3.324827
-2.796846 1.285235 3.326837
-2.777302 1.309943 3.948465
-2.736248 1.346713 3.291730
-2.686963 1.936587 3.295085
-2.649696 2.604620 3.308120
-2.623875 1.333829 3.311123
-2.596314 0.200620 1.355167
-2.554666 0.212941 1.338473
-2.523694 1.368526 1.332438
-3.155904 1.232051 2.001610
-3.169827 1.180852 2.030607
-3.177530 1.231922 2.068705
-3.141820 1.287968 2.080985
-3.103845 1.300477 2.067874
