started at  Thu Apr 9 19:22:28 PDT 2020
hostname:  sh02-10n42.int
finished making input files at  Thu Apr 9 19:26:44 PDT 2020
srun: Job 65162663 step creation temporarily disabled, retrying
srun: Step created for job 65162663
srun: Job 65162663 step creation temporarily disabled, retrying
srun: Step created for job 65162663
srun: Job 65162663 step creation temporarily disabled, retrying
srun: Step created for job 65162663
srun: Job 65162663 step creation temporarily disabled, retrying
srun: Job 65162663 step creation temporarily disabled, retrying
srun: Step created for job 65162663
srun: Step created for job 65162663
srun: Job 65162663 step creation temporarily disabled, retrying
srun: Step created for job 65162663
srun: Job 65162663 step creation temporarily disabled, retrying
srun: Job 65162663 step creation temporarily disabled, retrying
srun: Job 65162663 step creation temporarily disabled, retrying
srun: Step created for job 65162663
srun: Step created for job 65162663
srun: Step created for job 65162663
srun: Job 65162663 step creation temporarily disabled, retrying
srun: Step created for job 65162663
srun: Job 65162663 step creation temporarily disabled, retrying
srun: Job 65162663 step creation temporarily disabled, retrying
srun: Step created for job 65162663
srun: Step created for job 65162663
srun: Job 65162663 step creation temporarily disabled, retrying
srun: Job 65162663 step creation temporarily disabled, retrying
srun: Job 65162663 step creation temporarily disabled, retrying
srun: Job 65162663 step creation temporarily disabled, retrying
srun: Step created for job 65162663
srun: Step created for job 65162663
srun: Step created for job 65162663
srun: Step created for job 65162663
srun: Job 65162663 step creation temporarily disabled, retrying
srun: Job 65162663 step creation temporarily disabled, retrying
srun: Job 65162663 step creation temporarily disabled, retrying
srun: Job 65162663 step creation temporarily disabled, retrying
srun: Job 65162663 step creation temporarily disabled, retrying
srun: Job 65162663 step creation temporarily disabled, retrying
srun: Step created for job 65162663
srun: Step created for job 65162663
srun: Step created for job 65162663
srun: Step created for job 65162663
srun: Step created for job 65162663
srun: Job 65162663 step creation temporarily disabled, retrying
srun: Step created for job 65162663
srun: Step created for job 65162663
srun: Job 65162663 step creation temporarily disabled, retrying
srun: Job 65162663 step creation temporarily disabled, retrying
srun: Step created for job 65162663
srun: Job 65162663 step creation temporarily disabled, retrying
srun: Step created for job 65162663
srun: Step created for job 65162663
srun: Job 65162663 step creation temporarily disabled, retrying
srun: Step created for job 65162663
srun: Job 65162663 step creation temporarily disabled, retrying
srun: Job 65162663 step creation temporarily disabled, retrying
srun: Step created for job 65162663
srun: Step created for job 65162663
srun: Job 65162663 step creation temporarily disabled, retrying
srun: Step created for job 65162663
srun: Job 65162663 step creation temporarily disabled, retrying
srun: Step created for job 65162663
srun: Job 65162663 step creation temporarily disabled, retrying
srun: Job 65162663 step creation temporarily disabled, retrying
srun: Step created for job 65162663
srun: Step created for job 65162663
srun: Job 65162663 step creation temporarily disabled, retrying
srun: Step created for job 65162663
srun: Job 65162663 step creation temporarily disabled, retrying
srun: Job 65162663 step creation temporarily disabled, retrying
srun: Step created for job 65162663
srun: Step created for job 65162663
srun: Job 65162663 step creation temporarily disabled, retrying
srun: Job 65162663 step creation temporarily disabled, retrying
srun: Job 65162663 step creation temporarily disabled, retrying
srun: Job 65162663 step creation temporarily disabled, retrying
srun: Step created for job 65162663
srun: Step created for job 65162663
srun: Step created for job 65162663
srun: Step created for job 65162663
srun: Job 65162663 step creation temporarily disabled, retrying
srun: Job 65162663 step creation temporarily disabled, retrying
srun: Job 65162663 step creation temporarily disabled, retrying
srun: Job 65162663 step creation temporarily disabled, retrying
srun: Job 65162663 step creation temporarily disabled, retrying
srun: Step created for job 65162663
srun: Step created for job 65162663
srun: Step created for job 65162663
srun: Step created for job 65162663
srun: Step created for job 65162663
srun: Job 65162663 step creation temporarily disabled, retrying
srun: Job 65162663 step creation temporarily disabled, retrying
srun: Job 65162663 step creation temporarily disabled, retrying
srun: Step created for job 65162663
srun: Step created for job 65162663
srun: Step created for job 65162663
srun: Job 65162663 step creation temporarily disabled, retrying
srun: Job 65162663 step creation temporarily disabled, retrying
srun: Job 65162663 step creation temporarily disabled, retrying
srun: Job 65162663 step creation temporarily disabled, retrying
srun: Step created for job 65162663
srun: Step created for job 65162663
srun: Step created for job 65162663
srun: Step created for job 65162663
srun: Job 65162663 step creation temporarily disabled, retrying
srun: Step created for job 65162663
srun: Job 65162663 step creation temporarily disabled, retrying
srun: Job 65162663 step creation temporarily disabled, retrying
srun: Step created for job 65162663
srun: Step created for job 65162663
srun: Job 65162663 step creation temporarily disabled, retrying
srun: Job 65162663 step creation temporarily disabled, retrying
srun: Job 65162663 step creation temporarily disabled, retrying
srun: Step created for job 65162663
srun: Step created for job 65162663
srun: Step created for job 65162663
srun: Job 65162663 step creation temporarily disabled, retrying
srun: Step created for job 65162663
srun: Job 65162663 step creation temporarily disabled, retrying
srun: Job 65162663 step creation temporarily disabled, retrying
srun: Job 65162663 step creation temporarily disabled, retrying
srun: Job 65162663 step creation temporarily disabled, retrying
srun: Job 65162663 step creation temporarily disabled, retrying
srun: Job 65162663 step creation temporarily disabled, retrying
srun: Job 65162663 step creation temporarily disabled, retrying
srun: Job 65162663 step creation temporarily disabled, retrying
srun: Job 65162663 step creation temporarily disabled, retrying
srun: Job 65162663 step creation temporarily disabled, retrying
srun: Step created for job 65162663
srun: Step created for job 65162663
srun: Job 65162663 step creation temporarily disabled, retrying
srun: Step created for job 65162663
srun: Job 65162663 step creation temporarily disabled, retrying
srun: Step created for job 65162663
srun: Job 65162663 step creation temporarily disabled, retrying
srun: Step created for job 65162663
srun: Step created for job 65162663
srun: Step created for job 65162663
srun: Step created for job 65162663
srun: Step created for job 65162663
srun: Step created for job 65162663
srun: Step created for job 65162663
srun: Step created for job 65162663
srun: Step created for job 65162663
srun: Job 65162663 step creation temporarily disabled, retrying
srun: Job 65162663 step creation temporarily disabled, retrying
srun: Job 65162663 step creation temporarily disabled, retrying
srun: Step created for job 65162663
srun: Step created for job 65162663
srun: Step created for job 65162663
srun: Job 65162663 step creation temporarily disabled, retrying
srun: Job 65162663 step creation temporarily disabled, retrying
srun: Job 65162663 step creation temporarily disabled, retrying
srun: Step created for job 65162663
srun: Step created for job 65162663
srun: Step created for job 65162663
srun: Job 65162663 step creation temporarily disabled, retrying
srun: Step created for job 65162663
srun: Job 65162663 step creation temporarily disabled, retrying
srun: Job 65162663 step creation temporarily disabled, retrying
srun: Job 65162663 step creation temporarily disabled, retrying
srun: Step created for job 65162663
srun: Step created for job 65162663
srun: Step created for job 65162663
srun: Job 65162663 step creation temporarily disabled, retrying
srun: Job 65162663 step creation temporarily disabled, retrying
srun: Job 65162663 step creation temporarily disabled, retrying
srun: Job 65162663 step creation temporarily disabled, retrying
srun: Step created for job 65162663
srun: Step created for job 65162663
srun: Step created for job 65162663
srun: Job 65162663 step creation temporarily disabled, retrying
srun: Step created for job 65162663
srun: Step created for job 65162663
srun: Job 65162663 step creation temporarily disabled, retrying
srun: Step created for job 65162663
srun: Job 65162663 step creation temporarily disabled, retrying
srun: Job 65162663 step creation temporarily disabled, retrying
srun: Job 65162663 step creation temporarily disabled, retrying
srun: Job 65162663 step creation temporarily disabled, retrying
srun: Job 65162663 step creation temporarily disabled, retrying
srun: Step created for job 65162663
srun: Job 65162663 step creation temporarily disabled, retrying
srun: Step created for job 65162663
srun: Step created for job 65162663
srun: Step created for job 65162663
srun: Job 65162663 step creation temporarily disabled, retrying
srun: Step created for job 65162663
srun: Step created for job 65162663
srun: Step created for job 65162663
srun: Job 65162663 step creation temporarily disabled, retrying
srun: Job 65162663 step creation temporarily disabled, retrying
srun: Job 65162663 step creation temporarily disabled, retrying
srun: Job 65162663 step creation temporarily disabled, retrying
srun: Job 65162663 step creation temporarily disabled, retrying
srun: Step created for job 65162663
srun: Step created for job 65162663
srun: Step created for job 65162663
srun: Step created for job 65162663
srun: Step created for job 65162663
srun: Job 65162663 step creation temporarily disabled, retrying
srun: Step created for job 65162663
srun: Job 65162663 step creation temporarily disabled, retrying
srun: Job 65162663 step creation temporarily disabled, retrying
srun: Job 65162663 step creation temporarily disabled, retrying
srun: Step created for job 65162663
srun: Step created for job 65162663
srun: Step created for job 65162663
srun: Job 65162663 step creation temporarily disabled, retrying
srun: Step created for job 65162663
srun: Job 65162663 step creation temporarily disabled, retrying
srun: Job 65162663 step creation temporarily disabled, retrying
srun: Job 65162663 step creation temporarily disabled, retrying
srun: Step created for job 65162663
srun: Job 65162663 step creation temporarily disabled, retrying
srun: Job 65162663 step creation temporarily disabled, retrying
srun: Job 65162663 step creation temporarily disabled, retrying
srun: Job 65162663 step creation temporarily disabled, retrying
srun: Job 65162663 step creation temporarily disabled, retrying
srun: Job 65162663 step creation temporarily disabled, retrying
srun: Step created for job 65162663
srun: Step created for job 65162663
srun: Step created for job 65162663
srun: Step created for job 65162663
srun: Step created for job 65162663
srun: Step created for job 65162663
srun: Step created for job 65162663
srun: Step created for job 65162663
srun: Job 65162663 step creation temporarily disabled, retrying
srun: Step created for job 65162663
srun: Job 65162663 step creation temporarily disabled, retrying
srun: Job 65162663 step creation temporarily disabled, retrying
srun: Step created for job 65162663
srun: Step created for job 65162663
srun: Job 65162663 step creation temporarily disabled, retrying
srun: Job 65162663 step creation temporarily disabled, retrying
srun: Job 65162663 step creation temporarily disabled, retrying
srun: Job 65162663 step creation temporarily disabled, retrying
srun: Job 65162663 step creation temporarily disabled, retrying
srun: Job 65162663 step creation temporarily disabled, retrying
srun: Job 65162663 step creation temporarily disabled, retrying
srun: Step created for job 65162663
srun: Job 65162663 step creation temporarily disabled, retrying
srun: Step created for job 65162663
srun: Step created for job 65162663
srun: Job 65162663 step creation temporarily disabled, retrying
srun: Step created for job 65162663
srun: Step created for job 65162663
srun: Step created for job 65162663
srun: Step created for job 65162663
srun: Step created for job 65162663
srun: Step created for job 65162663
srun: Job 65162663 step creation temporarily disabled, retrying
srun: Step created for job 65162663
srun: Job 65162663 step creation temporarily disabled, retrying
srun: Job 65162663 step creation temporarily disabled, retrying
srun: Job 65162663 step creation temporarily disabled, retrying
srun: Step created for job 65162663
srun: Step created for job 65162663
srun: Step created for job 65162663
srun: Job step aborted: Waiting up to 32 seconds for job step to finish.
srun: Job step aborted: Waiting up to 32 seconds for job step to finish.
srun: Job step aborted: Waiting up to 32 seconds for job step to finish.
srun: Job step aborted: Waiting up to 32 seconds for job step to finish.
srun: Job step aborted: Waiting up to 32 seconds for job step to finish.
srun: Job step aborted: Waiting up to 32 seconds for job step to finish.
srun: Job step aborted: Waiting up to 32 seconds for job step to finish.
srun: Job step aborted: Waiting up to 32 seconds for job step to finish.
srun: Job step aborted: Waiting up to 32 seconds for job step to finish.
srun: Job step aborted: Waiting up to 32 seconds for job step to finish.
srun: Job step aborted: Waiting up to 32 seconds for job step to finish.
srun: Job step aborted: Waiting up to 32 seconds for job step to finish.
srun: Job step aborted: Waiting up to 32 seconds for job step to finish.
srun: Job step aborted: Waiting up to 32 seconds for job step to finish.
srun: Job step aborted: Waiting up to 32 seconds for job step to finish.
srun: Job step aborted: Waiting up to 32 seconds for job step to finish.
srun: Job step aborted: Waiting up to 32 seconds for job step to finish.
srun: Job step aborted: Waiting up to 32 seconds for job step to finish.
srun: Job step aborted: Waiting up to 32 seconds for job step to finish.
srun: Job step aborted: Waiting up to 32 seconds for job step to finish.
slurmstepd: error: *** JOB 65162663 ON sh02-10n42 CANCELLED AT 2020-04-09T22:06:36 ***
slurmstepd: error: *** STEP 65162663.2280 ON sh02-10n42 CANCELLED AT 2020-04-09T22:06:36 ***
slurmstepd: error: *** STEP 65162663.2281 ON sh02-10n42 CANCELLED AT 2020-04-09T22:06:36 ***
slurmstepd: error: *** STEP 65162663.2284 ON sh02-10n42 CANCELLED AT 2020-04-09T22:06:36 ***
slurmstepd: error: *** STEP 65162663.2285 ON sh02-10n42 CANCELLED AT 2020-04-09T22:06:36 ***
slurmstepd: error: *** STEP 65162663.2282 ON sh02-10n42 CANCELLED AT 2020-04-09T22:06:36 ***
slurmstepd: error: *** STEP 65162663.2286 ON sh02-10n42 CANCELLED AT 2020-04-09T22:06:36 ***
slurmstepd: error: *** STEP 65162663.2287 ON sh02-10n42 CANCELLED AT 2020-04-09T22:06:36 ***
slurmstepd: error: *** STEP 65162663.2283 ON sh02-10n42 CANCELLED AT 2020-04-09T22:06:36 ***
slurmstepd: error: *** STEP 65162663.2288 ON sh02-10n42 CANCELLED AT 2020-04-09T22:06:36 ***
slurmstepd: error: *** STEP 65162663.2289 ON sh02-10n42 CANCELLED AT 2020-04-09T22:06:36 ***
slurmstepd: error: *** STEP 65162663.2290 ON sh02-10n42 CANCELLED AT 2020-04-09T22:06:36 ***
slurmstepd: error: *** STEP 65162663.2291 ON sh02-10n42 CANCELLED AT 2020-04-09T22:06:36 ***
slurmstepd: error: *** STEP 65162663.2292 ON sh02-10n42 CANCELLED AT 2020-04-09T22:06:36 ***
slurmstepd: error: *** STEP 65162663.2293 ON sh02-10n42 CANCELLED AT 2020-04-09T22:06:36 ***
slurmstepd: error: *** STEP 65162663.2294 ON sh02-10n42 CANCELLED AT 2020-04-09T22:06:36 ***
slurmstepd: error: *** STEP 65162663.2295 ON sh02-10n42 CANCELLED AT 2020-04-09T22:06:36 ***
slurmstepd: error: *** STEP 65162663.2296 ON sh02-10n42 CANCELLED AT 2020-04-09T22:06:36 ***
slurmstepd: error: *** STEP 65162663.2297 ON sh02-10n42 CANCELLED AT 2020-04-09T22:06:36 ***
slurmstepd: error: *** STEP 65162663.2298 ON sh02-10n42 CANCELLED AT 2020-04-09T22:06:36 ***
slurmstepd: error: *** STEP 65162663.2299 ON sh02-10n42 CANCELLED AT 2020-04-09T22:06:36 ***
forrtl: error (78): process killed (SIGTERM)
Image              PC                Routine            Line        Source             
dftb+              000000000092B3E1  Unknown               Unknown  Unknown
dftb+              000000000092951B  Unknown               Unknown  Unknown
dftb+              00000000008C0854  Unknown               Unknown  Unknown
dftb+              00000000008C0666  Unknown               Unknown  Unknown
dftb+              000000000084F159  Unknown               Unknown  Unknown
dftb+              00000000008546BC  Unknown               Unknown  Unknown
libpthread-2.17.s  00007FE8315525D0  Unknown               Unknown  Unknown
libmkl_avx512.so   00007FE82CED8720  mkl_blas_avx512_d     Unknown  Unknown
forrtl: error (78): process killed (SIGTERM)
Image              PC                Routine            Line        Source             
dftb+              000000000092B3E1  Unknown               Unknown  Unknown
dftb+              000000000092951B  Unknown               Unknown  Unknown
dftb+              00000000008C0854  Unknown               Unknown  Unknown
dftb+              00000000008C0666  Unknown               Unknown  Unknown
dftb+              000000000084F159  Unknown               Unknown  Unknown
dftb+              00000000008546BC  Unknown               Unknown  Unknown
libpthread-2.17.s  00007FF4C99685D0  Unknown               Unknown  Unknown
libmkl_avx512.so   00007FF4C52EEA0F  mkl_blas_avx512_d     Unknown  Unknown
forrtl: error (78): process killed (SIGTERM)
Image              PC                Routine            Line        Source             
dftb+              000000000092B3E1  Unknown               Unknown  Unknown
dftb+              000000000092951B  Unknown               Unknown  Unknown
dftb+              00000000008C0854  Unknown               Unknown  Unknown
dftb+              00000000008C0666  Unknown               Unknown  Unknown
dftb+              000000000084F159  Unknown               Unknown  Unknown
dftb+              00000000008546BC  Unknown               Unknown  Unknown
libpthread-2.17.s  00007FA8F02535D0  Unknown               Unknown  Unknown
libmkl_avx512.so   00007FA8EBBD4C5B  mkl_blas_avx512_x     Unknown  Unknown
forrtl: error (78): process killed (SIGTERM)
Image              PC                Routine            Line        Source             
dftb+              000000000092B3E1  Unknown               Unknown  Unknown
dftb+              000000000092951B  Unknown               Unknown  Unknown
dftb+              00000000008C0854  Unknown               Unknown  Unknown
dftb+              00000000008C0666  Unknown               Unknown  Unknown
dftb+              000000000084F159  Unknown               Unknown  Unknown
dftb+              00000000008546BC  Unknown               Unknown  Unknown
libpthread-2.17.s  00007F2CEBB215D0  Unknown               Unknown  Unknown
libmkl_avx512.so   00007F2CE7587DD7  mkl_blas_avx512_d     Unknown  Unknown
forrtl: error (78): process killed (SIGTERM)
Image              PC                Routine            Line        Source             
dftb+              000000000092B3E1  Unknown               Unknown  Unknown
dftb+              000000000092951B  Unknown               Unknown  Unknown
dftb+              00000000008C0854  Unknown               Unknown  Unknown
dftb+              00000000008C0666  Unknown               Unknown  Unknown
dftb+              000000000084F159  Unknown               Unknown  Unknown
dftb+              00000000008546BC  Unknown               Unknown  Unknown
libpthread-2.17.s  00007F10134925D0  Unknown               Unknown  Unknown
libmkl_avx512.so   00007F100EE219BA  mkl_blas_avx512_d     Unknown  Unknown
