-2.049147 1.872693 0.288458
-2.050289 1.891649 0.360312
-1.368540 1.190617 0.392922
-1.362283 1.177263 0.995908
-0.732222 1.138264 1.508256
-0.735656 1.090429 0.822563
-2.023193 0.468840 0.808729
-3.311936 1.108919 0.769227
-2.669536 0.431078 0.661002
-2.724431 -0.261058 -0.085987
-1.499945 0.373534 -0.683291
-1.521391 0.423900 -1.230618
-1.522444 0.454265 -1.147629
-1.537951 0.431042 -1.152361
-1.586568 0.358731 -1.181906
-1.617207 -1.045487 -1.155899
-1.602593 -1.609936 -2.333886
-2.178549 -0.912815 -2.327798
-2.157351 -0.941910 -2.390293
-2.163854 -1.025113 -2.443403
-2.150178 -1.038372 -2.396658
-2.104707 -0.975243 -1.662610
-1.430014 -0.939725 -0.963257
-1.407437 -0.992080 -1.019725
-1.392008 -1.080483 -0.427874
-1.360632 0.098031 -0.471379
-1.999166 0.146044 -1.113863
-1.979679 0.197429 -1.112311
-1.973330 0.827117 -1.099208
-1.958701 0.759189 -1.744224
-1.946307 1.466054 -1.723883
-1.956203 1.483192 -1.043725
-1.990027 1.515896 -0.327231
-2.012116 1.539662 -0.947237
-2.008368 1.531494 -1.018878
-2.010422 1.495858 -1.046828
-2.039746 1.467072 -1.015150
-2.085993 1.471493 -0.996371
-2.114952 1.506772 -0.445413
-0.829532 1.508196 -1.162786
-0.164846 0.797773 -1.169190
-0.778937 0.761132 -1.105737
-0.137291 0.779886 -1.049130
-0.131362 0.208104 -0.408250
-0.122134 -0.408949 -1.093909
-0.742974 -1.063405 -1.760926
-1.342780 -1.157826 -1.716870
-0.717463 -1.764698 -1.040355
-1.365823 -2.313902 -0.377631
-1.341550 -3.455091 -1.014229
-1.301866 -1.631272 -1.605670
-0.689030 -1.643629 -1.536229
-1.282163 -2.200606 -0.846841
-1.285859 -0.901585 -0.239356
-1.946029 -0.244849 -0.278079
-0.749476 -0.299273 -0.935633
-0.728679 0.947525 -0.961220
-2.662190 -0.238866 -1.000420
-2.676217 -0.213393 -1.045446
-2.059222 0.418785 -1.061549
-2.069214 1.021368 -1.041576
-2.019439 0.410496 -1.029966
-1.970544 0.437306 -1.048283
-2.611280 0.444508 -1.077881
-2.636369 0.427934 -1.096709
-2.625337 1.051575 -1.115403
-2.589934 0.468984 -0.514244
-2.561758 0.469033 -0.557870
-1.350392 0.442186 -1.187124
-1.416786 0.413466 -1.792227
-1.434382 0.387522 -1.740777
-0.750018 0.346319 -2.959879
-0.706599 0.916082 -1.736635
-0.726243 0.856541 -1.716614
-0.756534 1.444274 -2.307622
-0.738166 0.831504 -1.644713
0.619209 0.204025 -1.663727
-0.584381 0.191845 -1.714463
-1.205672 0.838378 -1.087748
-1.790619 0.221668 -1.706025
-1.751444 0.258815 -1.016472
-1.750292 0.268202 -1.033284
-1.100150 0.870292 -1.053964
-1.085860 0.881599 -1.665448
-1.079017 0.929785 -1.637014
-1.090753 0.973639 -1.016693
0.129229 0.342297 -1.077898
-0.528404 0.360081 -0.517889
-1.202907 1.052657 0.073950
-0.585892 0.463000 0.068517
0.061952 -0.177469 0.065735
0.075544 -0.187280 0.065262
0.079210 -0.202737 0.061071
0.718242 -0.215528 0.037123
0.738588 -0.893515 0.009858
0.754945 -0.898174 -0.623725
1.375094 -0.374569 -0.599939
0.096028 -1.033475 -0.592726
0.105093 -1.076287 -0.619438
0.817773 -0.457977 -1.283186
-0.465391 -0.507557 -1.871601
0.146343 -0.542574 -2.353184
0.144695 -2.363128 -2.279377
0.168500 -3.008611 -1.682708
0.833820 -1.706060 -1.714487
0.870267 -0.558303 -2.947046
0.853209 -0.561631 -2.243933
-0.564613 -1.131874 -2.254983
-0.606719 0.194101 -1.677122
-0.635506 0.829167 -1.048633
-0.669466 0.810350 -1.661285
-1.348112 0.154368 -1.586397
-0.083183 0.190768 -0.907336
-0.097294 0.861459 -0.934569
-0.124911 0.818372 -0.946151
-0.163306 0.792685 -1.578324
-0.201514 -0.432797 -2.199503
-0.826556 -1.078343 -0.368816
-0.830961 -1.095402 0.218241
-0.851041 -1.107458 0.220395
-1.488049 0.178929 -0.367868
-2.086283 0.259201 -0.921907
-2.024492 0.309296 -0.910818
-1.960639 0.243777 -0.905625
-1.290224 0.230024 -0.878436
-1.247897 -1.097263 -1.519288
-1.200899 0.124512 -1.583883
-1.162498 0.133100 -1.037076
-1.167830 0.095563 -1.078746
-0.597663 -1.178645 -1.046936
-0.020807 -0.515584 -1.645957
0.000721 -0.414794 -1.667456
0.048891 -0.329112 -1.695903
0.053166 0.978512 -1.678727
-0.600508 0.970647 -0.979687
0.713651 0.997795 -1.636453
0.736798 1.053019 -1.715193
0.739977 1.065092 -1.798018
0.698827 1.009150 -1.863494
0.652373 1.605588 -2.486742
0.645546 1.622324 -2.490369
0.687296 0.446695 -2.522581
0.718607 1.146919 -2.520903
0.046375 0.498887 -2.448758
0.025704 -0.178983 -2.374480
1.326152 -0.824541 -2.371152
0.749831 -0.184474 -2.431889
1.381231 -0.191868 -2.492269
0.089159 -0.280618 -3.097875
-1.266336 -0.933001 -2.453089
-1.277502 -0.928441 -2.455173
-1.872305 -0.915805 -2.476567
-1.236658 -0.942498 -2.443735
-1.295664 -0.988723 -2.359988
-1.324668 -1.017812 -2.292691
-0.670306 0.872282 -1.649586
-0.590654 1.477254 -1.737137
-0.598377 1.437043 -1.773555
-0.664856 2.011019 -1.746891
-0.700102 1.980709 -1.097584
-0.011129 2.574397 -1.151665
0.024067 1.970647 -1.182863
-0.002349 1.364073 -1.118900
-0.672782 1.347776 -1.625414
-0.679327 0.671211 -1.593488
-0.640580 1.354649 -1.683419
-0.627918 1.395165 -1.759261
0.561360 0.740389 -1.750627
0.481251 0.728662 -1.706022
0.455538 1.349773 -1.732202
0.476875 1.380648 -1.209795
1.073264 0.791204 -1.253199
1.644680 1.486370 -1.196715
0.349089 0.836233 -1.111561
0.347041 1.485751 -0.476782
0.394962 1.519933 -0.533460
-0.275828 1.556841 -0.579885
-0.348342 2.230586 -0.558947
-1.036878 2.228081 -0.518078
-0.990436 2.237271 -0.522793
-0.962689 1.615295 0.695632
-0.994071 0.327153 0.683957
-1.018594 0.302925 1.345431
-0.971991 0.255805 0.759542
-0.904521 -0.991066 0.743088
-0.882416 -0.995161 0.689640
-0.918596 -0.387797 0.659920
-0.944097 -1.044860 0.658338
-1.560205 -1.091941 0.645998
-1.539393 -1.125528 1.234004
-1.547666 -1.143679 1.831603
-1.594517 -1.799398 1.854875
-1.615244 -2.427505 0.707201
-2.223127 -2.448425 0.785671
-1.559877 -3.092416 0.835540
-1.551089 -2.447163 0.209435
-1.591093 -2.463078 0.181795
-1.626816 -2.514469 -1.184990
-1.618455 -2.540737 -1.220844
-1.569661 -1.258144 -1.280828
-2.164620 -0.619671 -1.999052
-2.215169 -0.633249 -2.058486
-2.268870 -0.690631 -2.050375
-2.267350 -0.710646 -1.957322
-2.224944 -0.045366 -1.887656
-2.222623 0.613029 -2.520086
-2.265459 0.557185 -3.219639
-0.298480 -0.164443 -1.951684
-0.267471 -0.180354 -1.299046
-0.222124 -0.124863 -2.640683
-0.199190 0.511566 -2.722449
-0.192017 0.435653 -2.781524
-0.163996 0.384745 -2.732259
-0.764950 0.447300 -2.637721
-0.057992 0.558567 -3.225468
-0.068759 1.221067 -2.540636
-0.115291 2.437696 -2.544235
-0.168215 2.423993 -2.538197
1.128535 1.861594 -1.902642
0.503099 1.929673 -1.328804
1.150942 1.283757 -3.249738
1.143033 1.228488 -2.675948
1.138451 1.878277 -2.606173
0.506576 1.967745 -1.115276
0.468587 1.402045 -2.955868
0.403022 1.981634 -2.949259
0.348924 1.921588 -3.670534
0.330924 1.917143 -3.046959
-0.308933 1.969746 -1.770194
-0.313220 1.988824 -0.588365
-0.312059 1.942827 -1.278129
-0.281565 0.640738 -0.667250
-0.872959 0.675369 -0.678228
-0.852961 0.751291 -0.627183
-0.862977 0.180577 -1.197147
-0.885570 0.177721 -1.152551
-0.885990 0.148973 -1.144064
-0.884154 0.179708 -1.172514
-1.541550 0.197027 -1.207279
-1.550609 0.819023 -1.276575
-1.516755 0.150064 -0.644634
-1.443621 1.971063 -0.007241
-0.769056 1.932479 0.019003
-1.995519 1.954614 -0.568801
-1.429127 1.992851 -1.147737
-1.464428 1.368155 -1.108688
0.380527 1.325461 -1.718725
0.361948 1.314333 -1.716145
0.323377 0.709082 -1.771065
0.311029 1.968295 -1.860952
0.368423 1.910386 -1.309083
0.466364 1.824931 -1.375305
0.522553 2.407244 -1.401607
0.509168 2.434977 -0.777279
-0.147755 2.473253 -0.783627
0.529901 2.478450 -0.731943
0.543976 2.463045 -0.698768
-0.117233 3.694505 -0.671184
-0.190783 3.711215 -0.696631
-0.215761 3.726541 -0.761729
-0.171977 3.695585 -1.443212
-0.130462 2.328267 -1.471577
-0.746731 1.632793 -1.450914
-0.806360 1.676618 -1.426536
-0.831964 1.136738 -2.075611
-0.825859 1.132453 -2.065961
-0.833660 1.103456 -1.403350
-0.889927 1.142304 -0.671241
-0.990611 1.963308 -0.645881
-0.984712 2.669548 -1.348571
-0.934949 2.066778 -0.794068
-0.911484 1.436705 -0.799722
-0.289707 1.431903 -0.741919
-1.529417 2.076265 -0.699078
-1.519629 2.722153 0.520674
-1.501385 2.723283 0.467357
-1.513805 2.718541 -0.763638
-2.175880 2.718315 -0.049040
-2.172720 2.709273 -0.033170
-1.513733 2.711872 -0.113499
-1.525220 2.113580 -0.782170
-2.212388 2.099446 -0.716554
-2.213415 2.088793 -0.631239
-1.541221 2.078472 -0.621052
-1.547699 3.337835 0.604353
-2.264121 3.367871 0.008179
-2.330446 3.402921 0.714550
-2.341627 3.416685 2.069115
-2.312071 2.161907 2.039645
-2.328167 2.207926 1.364742
-2.398897 1.615304 0.714596
-2.436095 2.890899 0.772262
-1.183279 2.896209 0.803665
-1.100899 2.246353 0.778911
-1.088127 1.562348 0.169058
-1.127809 1.670796 -0.394858
-1.139394 1.644798 0.325879
0.196260 0.981066 0.305743
0.251966 0.972128 -1.012586
0.830001 0.967594 -0.438592
0.757321 1.578934 -0.393640
0.755972 1.514732 -0.348713
1.479854 1.456268 -0.368131
0.895320 1.411709 -0.405544
-0.463913 2.590148 -0.343467
-0.532236 2.604701 -0.229567
-1.225925 2.628037 -0.719750
-1.195747 3.292541 -0.717096
-1.144302 3.306952 -0.214554
-1.805680 3.296037 -0.284927
-1.812433 3.287984 -0.275931
-1.759163 4.533864 0.398240
-1.650158 3.849741 0.953244
-2.202373 1.994439 0.182756
-2.165361 0.764208 -0.434028
-1.540801 0.193092 0.338414
-1.512101 0.269887 -0.257488
-1.473372 0.940632 -0.318718
-1.472398 0.356519 0.152007
-0.830955 0.353378 0.055054
-0.870189 0.348090 -0.609666
-0.885478 0.345634 0.054746
-0.895410 1.579703 1.224665
-0.908759 1.542205 0.528448
-0.914427 0.906476 0.529730
-0.908896 2.200324 0.608502
-0.895831 2.225529 0.654381
-0.898120 1.609348 -0.074045
-0.903997 2.243304 -0.176713
-1.524274 1.626069 -0.833586
-1.489980 1.594609 0.451968
-1.464108 1.536428 -2.152055
-1.464072 0.834034 -2.784344
-1.455930 0.800572 -3.377850
-1.430672 1.411640 -2.046086
-1.400548 1.445585 -1.968463
-1.397347 0.852962 -1.931278
-1.416057 0.246407 -1.260545
-1.406270 0.294166 -1.963521
-1.369102 0.365408 -2.664430
-0.688752 1.610069 -2.020257
-0.702416 1.538095 -1.434390
-0.776197 1.466339 -2.073190
-0.798857 2.095048 -3.332459
-0.780828 2.750464 -3.861956
-0.772063 2.123915 -3.143623
-0.809825 1.458890 -2.414001
-0.844114 1.511696 -2.439821
-0.819733 0.380766 -3.723047
-0.785074 1.111374 -2.459592
-0.785346 1.062408 -2.563601
-0.845800 0.934376 -3.158898
-0.904931 0.903276 -3.789381
-0.933459 0.943590 -3.141486
-0.960714 1.599614 -3.790647
-1.022996 1.519188 -3.792389
-1.089367 1.479105 -3.794553
-0.440356 1.562759 -3.185868
-1.041218 1.693024 -2.006885
-0.378880 1.098698 -1.446966
-0.394225 2.236181 -0.143016
0.767455 2.204656 -0.130737
0.064081 2.233384 -0.784240
0.090469 2.276766 -0.236952
0.102889 2.262897 -0.222158
-0.578167 2.190610 0.525790
0.047633 2.147085 0.601115
0.055396 3.460021 0.545114
0.127309 3.505931 0.484267
0.199384 3.517142 0.520194
0.246418 3.475493 0.652660
0.276269 3.433471 -0.592978
-0.380029 2.768746 -1.275534
-0.365414 2.783379 -0.629676
-0.371123 3.415764 -0.557443
-0.369245 2.756971 -0.490329
-0.368739 1.439859 0.123672
-0.359955 1.456212 0.042406
-0.321412 1.528416 -0.010919
-0.265780 1.588475 -0.001098
-0.224465 1.587326 -0.012284
-0.232665 1.557384 -0.088267
-0.255423 1.541783 -2.116626
-0.242691 1.569797 -2.126891
-0.205512 3.467713 -1.433476
0.454442 3.457414 -2.017120
0.387733 3.419902 -2.037127
0.326151 3.428348 -2.076761
0.338610 3.508291 -2.068812
0.395127 3.575112 -2.035683
1.028743 3.572733 -0.713276
0.372434 3.528201 -0.139154
-0.963535 3.499467 -0.828826
-0.942202 3.494996 -0.802535
-0.886232 2.806879 -0.721844
-0.871377 2.749425 -0.660572
-0.926253 2.708116 -1.278826
-0.345118 2.725324 -1.295530
-0.317083 2.752105 -1.269323
-0.252303 2.750027 -1.831438
-0.221021 2.729606 -1.784147
1.076798 2.091692 -2.454397
1.032465 2.092096 -2.491807
1.055460 3.339807 -2.466505
1.742303 3.325698 -1.734824
2.386659 3.309400 -2.332428
2.316991 3.962867 -2.361352
2.268271 3.338538 -1.761862
2.272022 3.350889 -1.775435
2.279740 4.648093 -1.755430
2.868345 5.322704 -1.771059
2.780170 4.667725 -1.838215
2.732483 4.647032 -1.903725
2.088747 4.620904 -1.906675
1.493175 4.603110 -1.879651
2.128636 3.288317 -1.859704
2.049382 3.302130 -1.906294
1.998478 3.337523 -1.295571
2.002972 3.366619 -1.263588
2.026880 2.726278 -1.193198
2.015630 2.726159 -1.151968
2.650440 2.712501 -1.167126
2.674023 0.831611 -1.822555
2.727001 0.769079 -1.137807
2.764219 0.691069 -0.456187
2.757406 0.656252 -0.468949
2.749914 0.670441 -0.518023
2.122309 1.346468 0.089664
2.144564 0.755572 0.061051
0.901774 0.078833 0.038079
0.917053 0.033262 0.009646
1.537491 0.039586 -0.017752
1.516096 0.020782 -0.031481
1.517041 0.615724 -0.020702
2.172443 -0.699239 -0.006776
2.140571 -0.085173 0.001444
2.090928 -0.019495 0.022408
1.422687 -0.578441 0.608193
1.462050 0.068740 0.606033
1.528227 0.026058 0.004527
1.549926 0.020628 0.033022
1.518375 0.076182 0.046089
1.513743 -0.558376 0.027366
1.570969 -0.595310 -0.562840
1.644243 -0.000870 0.102959
2.303210 -0.643427 -0.485785
2.260476 0.030271 0.178349
0.922804 0.095441 0.148198
0.957568 0.072480 0.147258
1.031856 -0.639862 0.161385
1.068402 -0.641433 0.156828
1.027683 -1.226016 0.118939
0.973245 -1.208291 0.089150
0.960178 -1.894269 0.098893
1.646561 -0.673883 0.102550
1.627252 -0.668775 0.728305
1.546716 -1.239469 0.693374
1.479227 -1.261129 0.680769
1.497465 -1.316662 0.677214
1.549350 -1.342028 0.631636
0.929674 -0.699417 1.190193
0.263924 -0.684675 1.132836
-1.058645 -0.038381 1.140151
-1.066249 -0.069141 1.179794
-1.056656 -0.043910 1.188927
-1.042494 -0.594381 1.162970
-0.377495 0.662961 1.150658
-0.322521 1.295541 1.190597
-0.251504 -0.574648 1.249274
-0.836868 0.710404 1.892877
-0.797157 0.694775 1.219582
-0.762285 0.041782 1.208269
-0.733363 0.050127 1.261353
-0.081494 0.098010 1.331043
-0.065163 -1.126593 1.354717
-0.060279 -2.423293 1.359081
-0.049429 -2.411948 1.388606
0.600214 -3.620958 0.799746
0.619214 -3.548429 0.843012
0.612243 -3.554561 0.831846
0.645649 -3.616427 0.198023
-0.613692 -3.641544 0.180487
-1.256519 -2.936128 0.785149
-0.638695 -2.950807 0.776698
-0.644182 -2.399867 0.770285
-0.662846 -2.509911 0.759163
-0.649838 -1.930369 0.746169
-0.591240 -1.896405 0.764566
-0.524929 -1.269453 0.810158
-1.108071 -1.947703 1.487567
-0.524063 -0.167082 1.477816
-0.533421 -0.201887 2.086997
-0.531189 1.005211 2.106964
-0.546707 1.019176 2.168333
-0.606445 0.331155 2.202576
-0.685048 -0.276221 2.188828
-0.715825 0.442528 2.176847
-0.714029 0.522670 2.217398
-0.719195 0.542555 2.259027
-0.756978 0.521378 2.231199
-0.807114 0.499870 1.518977
-0.830490 -0.156652 1.481005
-0.854139 -0.778546 1.514473
-0.314229 -1.375540 1.549199
-0.366309 -1.964747 1.516515
-0.389797 -1.904949 1.450114
0.291181 -0.515113 1.423820
0.324375 0.161286 1.449514
0.962755 0.192670 2.099626
0.942389 0.206934 1.394845
0.922498 0.189257 1.310108
0.934931 0.137697 1.265781
0.941266 0.087142 1.262233
0.909616 -0.583532 1.253451
1.504018 -0.565813 0.562589
1.508030 -0.528541 0.539127
1.546550 -0.522187 1.888173
1.554106 -1.185106 0.609253
1.509053 -1.176043 1.224985
0.810067 -1.157117 1.228454
-0.407211 -1.154915 1.243148
-0.386730 -0.578772 1.911701
-0.454212 -0.008707 0.627559
-0.547897 -0.021140 -0.050402
-0.552477 0.022164 -0.014781
-0.495047 0.057990 0.060300
-1.105090 0.043637 0.118271
-0.524599 0.028185 -0.537189
-0.588026 0.029975 -0.560879
-0.546246 0.059063 -1.185664
-0.429684 0.077063 -1.105168
-1.033455 0.067834 -1.045937
-1.121281 -1.219656 0.172745
-1.217811 -1.266406 -0.500565
-1.202308 -0.555225 -0.473945
-1.090286 -1.728608 -0.416455
-1.029103 -2.347794 -0.403914
-1.093551 -2.372722 -0.456452
-1.141618 -2.387961 -0.514247
-1.090632 -2.316652 -0.540129
-1.008237 -1.538707 -1.199016
-2.824206 -1.505676 0.099086
-2.918485 -1.608178 0.048832
-3.020138 -1.691507 0.021755
-3.031176 -0.289206 0.013504
-2.381587 -0.214252 0.655686
-2.390183 -0.857574 0.677978
-3.077227 -2.139677 0.715710
-3.077740 -3.420325 0.758389
-3.008367 -2.799555 0.761261
-2.958116 -2.166157 0.112989
-2.322276 -1.531742 0.108979
-3.016538 -1.616063 0.145654
-2.984177 -2.368641 -0.474536
-2.882048 -1.719826 -1.137909
-2.149648 -1.716516 -1.158555
-2.816127 -3.046614 -1.783256
-2.203411 -1.943372 -1.724754
-2.139411 -2.038750 -1.688044
-1.382556 -2.070610 -1.716264
-2.057049 -1.405485 -1.766434
-2.141006 -0.735051 -2.407315
-2.239119 -0.750984 -1.734379
-1.665498 -1.433772 -1.718938
-1.652857 -2.094419 -1.760914
-1.693669 -2.693291 -1.808305
-1.815991 -2.637514 -1.799803
-1.937181 -2.622965 -0.477512
-1.320570 -2.672604 -0.453819
-1.901512 -2.101332 -0.496840
-2.532047 -2.121789 0.096433
-2.609120 -0.792477 0.084465
-2.695250 -0.190395 0.105959
-2.695673 -0.292726 0.125544
-1.962144 -0.386105 0.702058
-1.883883 -1.011370 1.343946
-1.880011 -0.961817 1.387029
-2.545838 0.311271 2.656751
-2.556498 -0.928925 2.640648
-2.518075 -0.904116 1.983932
-2.468804 -0.858327 1.969568
-2.482457 -0.178428 1.966610
-2.562067 -0.159139 1.956532
-1.324558 0.495626 1.938494
-1.357807 -0.118520 1.903142
-1.362323 -0.091547 1.877167
-1.349832 -1.363211 1.842281
-0.699766 -1.317815 1.827931
-0.127533 -1.268751 1.809268
-0.239362 -1.243600 1.778332
1.080999 -1.246768 1.160147
1.750841 -1.925528 1.157824
1.783399 -1.942862 1.132269
1.765235 -1.969253 2.336128
2.352062 -2.595558 2.317852
2.409187 -2.620750 2.331083
1.897198 -2.609790 2.354165
1.337934 -2.547505 2.368195
1.341468 -3.137040 1.759294
1.339719 -2.491211 2.454172
0.769528 -3.167660 2.516274
0.829268 -2.519645 2.550800
1.560270 -2.489807 2.563801
1.515321 -1.849252 3.244558
0.774144 -1.917259 2.649953
0.802475 -2.629923 3.954849
0.870558 -2.627493 3.940256
0.255464 -2.558572 3.909018
0.201944 -2.504680 3.907088
0.793781 -2.532871 3.930714
0.798753 -1.354172 4.561144
0.855547 -0.680561 3.918526
0.888137 0.063764 3.289275
0.863326 -0.504882 1.996427
1.498343 0.649253 2.012170
1.529117 0.572642 2.007523
1.601653 1.247694 1.971407
0.966111 0.705685 1.926432
1.601368 0.731471 1.914401
1.601621 0.080255 1.954930
1.644590 0.006949 2.671440
1.085580 0.027239 2.680460
1.718507 0.711578 2.663180
2.290050 0.707993 2.641878
2.237415 1.882168 1.893248
2.911171 1.838982 1.852296
2.275798 1.250685 1.816807
2.336433 0.697031 1.769843
1.652109 0.706155 1.713658
1.589168 0.688728 1.672262
2.178002 -0.588167 2.318563
2.189107 -0.543365 2.354695
2.242109 -0.491487 2.357421
2.882825 -0.488491 2.318016
2.789771 0.717224 2.290428
3.293015 0.749676 2.322758
3.278501 0.213159 2.353830
3.338484 0.899476 2.318497
3.362501 0.891918 2.249342
3.324243 1.497090 1.579723
3.294122 1.500661 1.630903
2.701330 1.522090 1.667433
3.426112 1.506324 2.303239
3.460379 1.457881 1.654241
2.807674 2.030277 2.299830
2.791146 2.720486 2.345844
3.493326 2.166795 2.341463
2.941492 3.410189 1.661790
2.977520 2.660820 0.985492
2.945456 2.604002 0.996098
2.264876 1.319284 1.032280
2.276459 0.087083 1.012221
2.307408 -1.186338 1.006274
2.263652 -1.201002 1.054106
2.187850 -1.236065 1.119960
1.508388 -0.620727 1.125747
2.139399 -0.632757 1.073173
2.161195 -0.636219 1.050367
2.188078 -1.274191 1.094748
2.807060 -0.642432 1.141081
2.111220 -0.655745 1.746709
1.443257 0.603282 1.639723
2.071518 0.618250 2.262383
2.100808 0.646843 2.329968
2.759524 -0.579850 1.802622
2.093538 -0.614345 1.784318
2.061858 -0.645040 0.403316
2.754453 -0.632426 0.333065
2.823911 -1.223440 0.381133
1.595440 -1.233036 -0.179812
1.578526 -1.265669 -0.177594
1.571231 -2.486596 -0.951606
1.008295 -1.886218 -1.035511
1.690606 -2.537665 -1.026102
0.404138 -2.548944 -0.970116
-0.319930 -2.563834 0.293955
-0.385918 -1.956194 0.238593
-0.385684 -1.957746 -0.424504
-0.358125 -1.970932 -0.367776
-0.353984 -1.997185 1.007675
-0.373952 -2.041399 1.711840
-0.395030 -2.087073 2.327547
-0.381339 -1.457915 2.314557
-0.350249 -1.462482 2.376796
-0.323622 -1.455519 2.465125
-1.001856 -1.411594 3.161749
-0.361647 -1.392012 3.169777
-0.322730 -1.368126 2.561118
0.390041 -1.330613 2.605339
0.422140 -2.541938 2.046441
-0.209873 -2.512230 2.058291
-0.246531 -2.523017 1.401896
-0.251315 -2.549446 1.389038
-0.250769 -2.542723 1.418162
-0.294801 -3.166179 1.430652
-0.385239 -3.146273 1.426636
-0.461733 -3.112916 0.715541
-0.471469 -3.067537 0.757042
-0.455506 -2.983301 1.455423
-0.465455 -2.920914 2.667627
-0.509705 -2.926327 1.985696
-0.539504 -3.588203 1.953120
0.106345 -3.612914 1.972055
0.123359 -2.349166 1.996507
0.072376 -1.700377 1.993169
-0.020529 -1.744730 1.978783
-0.059630 -1.784467 1.988890
-0.023199 -1.782497 2.070162
0.025949 -1.741880 1.465169
0.039886 -0.470043 1.454474
0.030215 -0.528750 0.769316
0.051490 -0.604649 0.748631
0.083923 -0.649749 1.377305
0.073724 -1.323168 1.318502
0.016365 -1.341868 2.540877
-0.022562 -1.358555 2.489705
0.005609 -1.353577 1.850045
0.059742 -1.302839 1.890680
0.075117 -2.515340 1.254852
0.057516 -2.516991 0.598491
0.732114 -3.202834 1.821547
0.153255 -3.198900 1.815735
0.190848 -2.559773 1.819640
0.179328 -2.540526 1.811307
0.163627 -2.550054 1.131362
0.186986 -1.883594 0.509628
0.233377 -1.771576 1.782755
0.259914 -1.683697 1.833788
0.250724 -1.687300 1.880804
0.234987 -2.444292 1.246431
0.238972 -1.861141 1.879985
0.260981 -2.524955 1.938884
0.267647 -2.523424 2.585669
0.844307 -2.567062 2.613720
1.424653 -2.630995 1.907035
1.406433 -2.630783 1.865800
1.391677 -2.552524 3.176917
1.360867 -2.471052 3.208347
0.040053 -2.475327 3.233565
0.672573 -1.867213 1.899088
0.089957 -1.885082 2.539212
0.128760 -1.206286 2.558158
0.135450 -1.825872 2.585311
0.111334 -2.516714 2.571879
0.116366 -2.565150 2.515939
0.145882 -2.542917 2.492150
0.835861 -2.424735 1.199158
0.175285 -2.316530 1.258942
-0.489591 -2.321830 1.251725
0.187111 -3.033833 1.194904
0.232167 -2.417294 -0.133122
0.897842 -2.371791 -0.113412
0.878159 -2.330775 0.527262
0.845301 -2.357919 0.440192
1.483426 -2.411268 -0.323084
1.486018 -2.346164 0.267084
1.438629 -2.250095 -0.288243
1.343149 -2.186207 -0.226710
1.268762 -2.210284 1.039586
1.253454 -2.209160 1.055137
1.284139 -1.508683 1.081314
1.311089 -2.759418 1.701436
1.311410 -2.083337 1.671545
1.306693 -2.142284 1.646631
1.321412 -2.202368 1.652577
1.359241 -1.552999 1.706847
1.392241 -2.159159 2.452624
1.395284 -2.806006 2.494914
1.394968 -2.849777 1.243985
1.415482 -2.903056 0.609009
2.039509 -3.599719 0.653281
2.084272 -3.599740 0.675058
2.103839 -3.627687 1.292854
2.095643 -4.298574 1.885277
2.083367 -5.573435 1.829554
2.074530 -4.905861 1.841782
2.063381 -4.855039 2.546353
2.038252 -4.177769 2.578866
2.015027 -3.554881 2.578539
2.022808 -2.935571 1.972943
2.048718 -4.847628 1.354811
2.058812 -4.855248 1.369318
2.055207 -4.880580 1.958850
2.059908 -4.253550 2.497027
2.085915 -4.258294 1.750004
2.096913 -4.187418 1.747035
1.419287 -4.071914 2.463383
2.040194 -4.007295 3.124134
2.061465 -4.032005 2.492496
2.114700 -3.483288 2.458132
2.146219 -3.492731 3.081369
2.144540 -2.849794 2.456920
2.149665 -2.871064 2.415982
2.207182 -2.303356 3.004629
2.286996 -2.343520 2.930093
2.325278 -2.316716 2.292557
2.308913 -2.864183 2.339324
2.283917 -1.612953 2.355863
2.318943 -1.655171 1.694161
2.379456 -1.697690 1.672056
2.423252 -2.383330 1.004979
2.438088 -2.393333 1.014928
2.450705 -1.182507 1.666451
2.481177 -0.590292 1.625212
2.493108 -0.589866 0.902011
2.484759 -0.542860 1.484577
2.455112 -0.493425 0.824529
2.432703 -0.478967 1.481521
2.420985 -0.497225 1.496801
2.403676 -0.509777 1.582488
2.403102 -0.512555 1.542163
2.418983 -0.523926 1.514250
1.826732 -1.180670 1.511380
0.462194 -1.203063 1.512248
-0.861270 -1.192563 2.091877
-0.902224 -1.140737 2.075187
-0.283489 -1.080229 1.510011
-0.293507 -1.047718 1.598863
-0.325711 -1.029285 1.678822
-0.381547 -1.016898 1.096562
-0.414649 -0.331870 1.086848
0.269015 -0.323302 1.094225
0.289435 -0.330208 1.103950
0.264494 -0.900465 1.692779
0.208973 -1.499810 1.011143
0.185289 -1.496069 0.386825
0.202547 -2.140798 0.413168
0.215533 -2.139310 1.102901
0.185896 -0.947361 1.137701
0.126695 -0.974252 -0.166867
0.101648 -1.019820 -0.162831
0.131512 -1.064514 -0.144143
0.172889 -1.062310 -0.134971
0.178025 -0.403966 -0.164230
0.776066 -0.417055 -0.239884
0.769782 -0.453811 0.969000
0.178895 -0.473185 0.978460
-0.464593 -0.443900 0.333968
-0.483213 -0.432819 0.967175
-0.539416 -0.470743 0.929473
-0.576966 -0.528238 0.918053
0.073089 -0.544037 0.263971
0.069155 -0.490197 0.247144
0.036180 -0.440255 0.826999
-0.001677 0.147969 0.825159
-0.018428 0.105841 0.839245
-0.023321 -1.185943 1.522068
0.617982 -3.658853 -0.353292
0.614418 -3.642551 -0.292771
0.618684 -3.683023 0.390582
-0.581227 -3.803166 0.355539
-0.519738 -3.811815 0.280609
0.172654 -3.099321 -0.345465
0.214337 -3.057366 -0.298818
-0.404475 -3.714780 -0.255277
-0.431194 -3.103902 0.279821
-0.399837 -4.361422 -1.071029
-0.360666 -4.355963 -1.024762
-1.639800 -4.372459 -0.948746
-1.659030 -3.758119 -0.289601
-1.656102 -3.767728 -1.029964
-1.625855 -3.102094 -1.768083
-1.606040 -3.714855 -1.747268
-0.949704 -3.643371 -1.697961
-0.965499 -3.577566 -1.718913
-0.973050 -3.535872 -1.801810
-1.612111 -3.524919 -1.216329
-1.615050 -3.517409 -1.137753
-1.647377 -3.508928 -1.032696
-2.303938 -3.528455 -0.374601
-1.668877 -3.586637 -0.437619
-1.670696 -4.271424 -0.491789
-1.656570 -3.606433 0.155775
-0.371631 -2.167536 -1.091308
-0.321239 -2.120496 -1.096729
-0.300818 -1.446491 -2.397114
0.281531 -1.430132 -2.464680
0.871371 -0.089983 -2.466907
0.888906 -0.092601 -1.778453
0.934779 -0.124875 -1.781332
1.562692 -0.158953 -1.841800
1.519859 -0.168679 -2.560875
0.840302 -0.139399 -2.602451
0.864172 -0.105664 -1.956785
0.942724 -0.111985 -2.623748
0.340479 -0.776303 -2.645057
0.272889 -0.791257 -3.253213
0.192869 -0.786724 -3.214527
-0.482067 -0.804653 -2.497067
-0.413545 -0.862627 -2.348430
-0.362709 0.365731 -0.304378
0.246767 -0.263085 -0.931472
1.418944 0.367794 -0.929322
1.377067 0.372274 -0.896249
1.399774 0.345418 -0.859155
1.414317 1.558862 -1.500553
1.377802 0.892651 -1.503015
0.708587 0.237843 -1.523767
0.800225 0.180875 -1.490150
0.847882 2.008139 -1.450389
0.869737 1.988760 -1.482824
0.838677 1.978933 -1.584857
0.183433 1.961158 -1.014919
0.847801 1.946713 -1.003423
0.889282 1.960752 -1.631229
0.997453 1.976508 -1.673196
-0.234785 2.609712 -1.122041
-0.214252 2.535451 -1.104245
-1.432992 2.474531 -1.627988
-1.407495 2.484617 -0.920218
-1.435235 2.525019 -0.941955
-1.470729 2.527766 -1.046333
-1.452415 1.901826 -1.717919
-1.423027 1.921585 -1.700923
-1.431760 1.987087 -1.043951
-1.486637 1.364942 -2.393514
-0.937348 1.342495 -2.457186
-2.219040 1.320955 -2.472878
-0.350470 1.992333 -2.424319
0.294460 2.048291 -1.724879
0.200886 2.052858 -2.379283
1.406150 2.042026 -2.440942
2.033185 2.695788 -1.884104
2.643115 2.723060 -1.292063
2.602057 2.122797 -1.331566
2.573424 1.439894 -1.368735
1.953889 0.705183 -1.413499
1.385563 1.316007 -0.802606
1.456605 0.692608 -0.143325
1.455334 0.730179 -0.107158
0.756047 0.738024 -0.083575
0.714077 0.706078 -0.061596
0.734683 1.317557 0.637018
0.781961 0.725691 0.685033
0.813369 0.153654 0.078770
1.460562 -0.568325 -1.227758
1.460155 -0.708799 -1.892551
1.490221 -0.786879 -1.869246
0.889718 -0.136113 -1.837243
1.545015 1.181077 -2.429688
1.495364 1.181930 -2.462773
1.426190 0.561889 -2.474853
1.389661 0.614900 -2.377146
1.413489 1.376623 -1.728361
1.449843 1.460233 -1.756841
1.461660 1.481057 -1.796459
2.123974 2.119824 -2.449506
2.827825 2.131246 -1.761435
2.865659 1.532009 -1.718881
1.497707 1.584769 -1.045250
1.469834 0.381312 -1.047235
1.455198 0.348771 -1.684111
1.453281 0.335488 -1.639172
1.459703 0.365676 -1.623176
1.465080 0.389308 -2.286856
1.499813 -0.271732 -1.625658
1.579079 -0.332536 -1.574392
1.647140 -0.395907 -1.526979
2.305090 -0.412528 -1.546749
2.290298 -0.407292 -1.636064
2.252082 0.236379 -1.688983
2.267674 0.202375 -1.039253
2.972692 1.408015 -1.683135
2.287152 1.459858 -1.710801
2.221874 2.128026 -1.117400
2.188571 2.755116 -1.818469
2.221319 2.746540 -1.790626
2.940256 1.418632 -1.717304
3.587040 0.783441 -1.071513
4.126290 2.077895 -1.779015
3.414322 2.101029 -1.821510
4.026651 2.757179 -1.819377
3.433709 2.764120 -2.429970
2.839753 2.765440 -3.055312
3.474145 4.058580 -2.441214
3.447735 4.041741 -1.819663
3.474259 4.029601 -3.085138
3.565635 4.017698 -3.045119
3.597331 4.014842 -3.034331
3.545131 4.022773 -2.440805
3.499523 5.342299 -2.491150
2.894997 4.746629 -2.501763
2.992890 5.458798 -2.478172
3.068521 4.826241 -3.066831
3.072097 4.810499 -3.022208
2.361646 4.782674 -3.002134
3.052010 4.780164 -2.985370
3.118171 4.206116 -2.955759
2.532610 3.647995 -2.303009
2.454074 3.043403 -1.652714
2.360228 3.096659 -1.654992
2.333316 3.760108 -2.266744
3.047401 3.787237 -2.268975
3.069102 3.774097 -1.647463
3.009013 3.070743 -1.633259
2.936965 2.984946 -2.242428
2.921987 2.944466 -2.254471
2.934826 3.580203 -2.955402
2.885143 3.599267 -2.374780
2.761730 3.580984 -3.043398
