-0.965422 0.911472 -1.874776
-0.947841 0.873070 -1.867559
-0.919092 0.932250 -1.875276
-0.280061 0.986899 -1.910408
-0.274277 0.954162 -1.346998
-0.276615 1.488966 -1.352628
-0.261353 1.480231 -1.311991
-0.226234 1.557271 -0.613099
0.394121 1.609675 -0.552092
0.387569 1.561516 -1.191883
-0.860185 1.474091 -1.239811
-0.876330 1.465481 -1.893426
-0.879776 1.538410 -1.899511
-0.895419 2.219384 -1.893499
-0.916233 2.163690 -1.931168
-0.912194 2.109396 -1.328743
-0.865241 2.791194 -1.984476
-0.805428 2.876350 -1.933730
-0.768280 2.875150 -1.880341
-1.405784 2.763359 -1.276991
-1.408011 2.072080 -1.351272
-0.756227 2.106857 -1.419764
-0.739959 2.155938 -1.440434
-0.150508 2.103185 -1.430800
-0.177884 1.347142 -2.067763
0.459340 1.347641 -2.097253
0.505303 1.463482 -2.757778
-0.096560 1.535441 -3.391766
-1.359956 1.482452 -3.351217
-2.662114 0.778704 -2.690444
-2.691259 0.800907 -2.731784
-0.841892 0.921483 -2.778262
-0.875112 0.999439 -4.092009
-0.901541 0.978563 -4.049829
0.344278 2.367577 -3.371875
0.977387 2.450958 -3.391789
0.989851 3.175244 -2.190707
0.341300 3.845253 -1.517763
-0.286896 3.750988 -0.848168
-0.294294 3.650115 -0.176754
0.942306 3.644462 -0.208343
0.942166 3.673000 -0.277556
0.943056 3.626292 -0.314510
0.946062 3.520465 0.343530
0.327761 3.470444 0.381100
0.944649 4.137950 0.366030
0.974051 4.216131 -0.991051
0.408716 4.205593 -1.019326
-0.832654 4.126284 -1.609651
-0.862401 4.695896 -1.518011
0.347518 4.089623 -2.157938
0.328402 4.120234 -2.211724
0.322999 2.825523 -2.216742
-0.321919 3.379186 -2.152611
0.320265 3.373273 -2.068420
0.331557 3.438307 -2.051110
0.357897 4.144008 -2.100913
0.394540 4.118512 -2.132515
0.413891 4.053327 -1.432552
0.394147 4.028976 -1.345139
-0.236706 4.059371 -0.659270
-0.238142 4.076601 -0.687375
-0.826735 4.056130 -0.730629
-0.789793 4.019450 -0.721638
-0.126348 4.028119 -0.663341
-0.111309 4.079575 0.018968
0.573776 4.105403 0.604501
0.652805 4.089966 -0.091033
1.347536 3.438961 0.575515
1.950923 3.440969 1.294279
1.888074 4.058623 1.381093
1.841582 4.043245 1.404968
1.814447 4.640293 0.178937
1.115361 4.631536 -1.000001
1.735692 3.996914 -1.584731
1.686222 4.005154 -1.526662
1.668935 2.101828 -1.564481
0.345697 2.083329 -1.665528
-0.222442 2.091149 -1.704813
-0.237793 2.138508 -0.314307
-0.306832 2.184053 -0.881147
-0.366076 4.034252 -0.935132
-0.364792 4.023040 -0.417329
-0.311880 4.032552 -0.495615
-0.283661 4.079767 -1.775125
-0.300434 4.127605 -1.743204
0.283365 3.547031 -1.828042
-0.348253 3.547901 -1.901682
-0.319688 3.555707 -0.694554
0.337802 2.985337 0.017053
-1.004691 3.591625 0.083981
-1.057619 3.543468 0.095020
-1.079712 2.867145 -0.543228
-0.385725 2.851444 0.119176
0.301252 2.882746 0.184363
-0.313444 1.575782 0.216313
-0.347774 1.554511 0.203979
0.251699 1.545551 -0.456661
-0.389416 1.542041 -0.423532
-1.044234 0.869563 -0.391522
-1.054638 0.848921 -0.400056
-1.088900 1.492572 -0.400284
-0.462229 1.484960 0.283066
0.184589 0.820030 -0.306837
-0.384253 1.424475 -0.314280
2.134749 0.824194 -1.654884
2.184778 1.539648 -1.114311
1.619595 1.535048 -1.120411
1.637726 1.490175 -1.062290
1.643074 0.762075 -1.035549
0.990782 1.455711 -0.421318
-0.283222 1.462993 -0.435156
-0.306687 1.442226 -0.398365
-0.354139 1.393896 -0.942527
-0.390362 1.369018 -1.590357
-0.376706 1.386723 -1.667872
-0.322902 1.397204 -0.500369
-0.284896 1.365981 -0.525894
-0.288403 1.313303 0.760190
-0.319271 1.293480 0.077666
-0.936923 1.313296 0.045294
-0.325992 1.373321 1.863079
-0.368448 1.341830 1.188946
-0.435238 1.307119 0.575845
-0.483827 0.055281 0.594193
-0.481098 0.072787 0.588816
0.157192 0.074960 0.557196
0.157385 0.664700 0.530223
0.142938 -0.665846 1.164405
0.151702 -0.650539 1.146709
-1.065291 -0.610005 1.139470
-1.040986 0.031627 1.156691
-1.045532 -0.577763 1.193774
-1.064782 0.607946 1.238159
-1.066282 0.615347 0.027518
0.210697 0.663535 0.042331
-0.386586 0.092854 0.027777
0.295437 0.092190 0.619582
0.300257 0.692540 1.261867
0.324455 0.690787 1.243489
0.311280 0.087567 0.599049
0.269279 0.083771 -0.030665
0.236671 0.032641 -0.040491
0.237181 0.002343 -0.071789
0.264355 1.142460 -0.727913
0.936284 0.579018 -0.093544
0.943914 0.013014 0.534352
-0.265176 -0.600521 0.518756
-0.238342 0.009239 0.485946
-0.210809 0.036651 0.483020
-0.223180 0.099389 0.538504
-0.282703 0.128078 1.851888
-0.984975 -0.364913 1.888832
-1.036868 -1.066668 1.295496
-1.035523 -1.042856 1.334138
-1.026429 -1.001538 0.064639
-1.042607 -0.945849 0.066619
-0.416530 -0.916105 0.026083
-0.352715 -0.924538 -0.020955
-0.249078 -0.938362 -0.015230
-0.191962 -0.929940 1.288225
-0.861370 -0.907288 2.016541
-1.578178 -0.911469 2.021712
-1.608884 -0.951003 2.050112
-1.564498 -0.977319 1.431841
-2.138515 -0.968638 2.088715
-2.145808 -0.957778 0.795859
-2.169589 -0.976585 -0.538997
-1.521287 -0.486500 -0.576799
-1.452295 -0.490884 0.053709
-2.030120 -0.450344 0.078804
-1.420576 -0.415503 0.079098
-1.496087 -0.410719 0.138432
-2.841310 -0.481639 -0.488443
-2.858432 -0.506207 -0.432068
-2.868232 -0.467283 -0.421809
-2.893189 -0.432890 0.189165
-2.286433 -0.448905 0.753229
-1.630530 -0.489835 0.725006
-2.244218 1.355948 0.134952
-1.568399 1.341712 0.149459
-0.928647 1.305125 0.139787
-0.952650 1.244328 0.146370
-1.626130 1.187583 0.203381
-1.626526 0.603427 0.275901
-1.622232 0.631755 0.283118
-1.608932 0.665342 -0.423404
-1.586149 0.673578 -1.124327
-0.311001 0.669693 -1.130914
-0.291534 0.668772 -1.117290
-0.276069 0.667916 -1.156543
-0.271868 0.668043 -1.231344
-0.953994 1.334205 -1.258983
-1.031681 0.745441 -1.213108
-1.118391 0.738806 -0.518940
-1.160982 0.061691 -0.560015
-1.163235 0.060252 -0.636013
-1.148267 0.710881 -0.051195
-1.134911 0.717777 -0.051312
-1.122014 0.706152 -0.035247
-1.101363 0.686721 -0.042530
-1.080279 0.700147 -0.690773
-0.430915 0.745688 -0.672294
-0.420061 1.397469 -0.625997
-0.407903 1.374230 -0.570730
-0.386206 0.681874 -0.533971
0.343668 0.672615 -0.520066
-0.264248 0.697567 -0.506574
0.499241 0.728149 -1.170629
0.542769 0.725910 -1.142372
0.554444 0.702956 -1.119905
-0.092253 0.711617 0.145949
-0.088871 0.767718 0.154786
-0.091394 0.818355 0.161459
-0.104035 0.212342 0.164922
-0.139879 0.157166 -0.466238
0.456316 0.103122 0.194385
0.489332 0.091060 0.822138
0.538934 0.096324 1.416132
1.219580 0.074045 0.712148
1.217430 0.026205 0.718057
1.205122 -0.002543 0.750700
1.212909 0.014871 0.777475
1.236724 0.703264 1.371116
1.232010 1.302972 1.388711
1.191113 1.223447 0.801533
1.181681 1.172311 0.173092
1.901969 1.179371 -0.483888
1.984608 1.203849 -0.541085
2.010972 1.200846 -0.586266
1.996524 1.174068 0.068552
1.336807 1.173945 -0.568560
1.375056 1.212437 -0.576567
1.403666 0.595522 -0.592338
1.381775 0.588831 -0.580759
1.336124 -0.106351 0.110098
1.327229 -0.131652 0.125117
1.372604 -0.082674 -0.586104
1.406840 -0.004152 0.543566
1.369550 0.031753 0.467088
1.295035 0.027060 0.449392
1.257154 0.039981 1.060293
1.270968 0.101247 1.004512
1.254723 0.162414 0.925398
1.156659 0.163358 -0.363023
1.027557 0.116126 -0.312965
0.963542 0.089862 -0.243346
0.985780 0.125466 -0.242176
1.656746 0.173763 -0.319500
2.858496 0.163925 -0.399666
2.761030 0.108999 -0.402388
2.752212 0.092554 0.252618
2.149471 0.150695 0.244551
2.188632 0.210331 0.195297
1.504867 0.184234 -0.528736
1.416437 0.092155 -0.497483
1.404766 0.036143 -1.051501
0.827681 0.070235 -0.346933
0.846180 0.118582 0.228911
0.803622 0.085383 0.176003
0.747191 -0.004290 0.834018
0.742812 -0.042619 0.865010
1.426015 0.004579 0.865769
1.439914 0.051157 0.843984
2.052512 0.014269 0.842855
1.952285 -0.064125 0.260015
1.875291 -0.076673 -1.466211
1.854006 -0.017860 -0.260805
1.864469 0.018310 -0.231299
1.882009 -0.030780 -0.799317
1.877876 -0.103809 -0.182941
1.207248 -0.120423 -0.184326
3.149102 -0.100547 -0.202950
3.241947 -0.121711 -0.196260
3.314587 -0.197626 -0.756979
3.308957 -0.259291 -0.067050
3.267887 -0.255324 -0.072919
3.266937 -0.219926 0.569336
3.324122 -0.224495 0.596055
2.702396 -0.261860 0.634657
2.723835 -0.278940 0.628241
2.706747 -0.242384 0.561096
1.488517 -0.188284 0.504052
2.216877 -0.178837 -0.118745
1.065787 -0.869826 -0.045916
1.064876 -0.886403 -0.012329
1.669663 -0.849162 -0.033604
1.663992 -0.804128 -0.056520
1.069788 -0.803443 0.589038
1.076150 -0.836573 0.636700
1.668177 -0.862883 0.621141
1.600995 -0.844317 -0.750393
1.576677 -0.806951 -0.814406
1.604257 -0.792037 -0.162685
2.834399 -0.816499 -0.123826
1.601612 -0.852096 -0.129367
1.571926 -0.851706 -0.855576
1.578661 -0.816932 -0.906448
1.002498 -0.786164 -1.561446
1.682402 -0.805486 -1.536834
1.675516 0.462104 -1.543438
1.003297 0.472570 -2.236080
0.992750 0.546257 -2.236838
1.039964 0.619116 -2.804423
1.104271 0.002456 -2.712051
0.506289 -0.032471 -2.664235
0.470723 -0.680781 -2.669281
0.431106 -0.599434 -2.659808
0.401556 -1.190320 -2.602040
0.370485 -1.218577 -3.246402
1.626512 -1.309529 -3.209796
1.569933 -1.936751 -3.241026
-0.383101 -1.259819 -3.290104
-0.385234 -0.565030 -2.660890
0.273947 -0.602780 -2.023341
0.330700 -0.684840 -2.012985
1.029057 -0.696885 -2.042787
1.008318 -0.637066 -2.086704
0.301913 0.038579 -0.125445
0.266990 0.033582 -0.132892
0.247714 0.014052 -0.170277
0.873360 0.057191 -0.203421
0.174657 0.773374 -0.804235
0.151848 0.797097 -0.749851
0.195631 0.762285 -0.710102
0.901944 0.083171 -0.710038
0.914040 0.080790 -0.725697
0.851846 0.751079 -0.735694
1.416047 0.741826 -1.365758
0.790984 0.060247 -1.367726
0.176989 0.689710 -2.059333
0.160160 0.729445 -2.116656
0.128881 1.391095 -1.539068
0.146423 1.335531 -2.124519
0.235252 1.264255 -2.077878
0.343047 -0.049197 -2.090096
0.394700 -0.629879 -2.797453
0.385920 -0.006660 -2.823835
2.216305 -0.668855 -2.775272
2.276895 -0.685621 -2.705537
2.337259 -0.642011 -2.025880
2.309280 -0.563571 -2.073978
2.218801 -0.546603 -1.444857
2.161061 -1.876736 -1.371991
2.179968 -1.914237 -1.291567
2.219031 -1.893960 -1.900691
2.854080 -1.823676 -1.907167
2.196826 -1.782703 -1.873451
1.551520 -1.800559 -1.796541
1.594185 -1.228548 -1.743237
1.633026 -1.216757 -2.413243
0.996150 -1.176112 -2.467969
0.321904 -0.523251 -2.461901
0.946355 -0.546028 -2.403408
0.995466 -0.569543 -2.377891
1.052307 -0.573662 -1.795734
0.439007 -0.570794 -1.828389
1.094118 -0.588935 -1.185062
1.739168 -0.618160 -1.112248
1.790061 -0.632961 -1.063184
0.573756 -0.015970 -2.368145
-0.040243 -0.655269 -2.450383
-0.083576 0.688562 -2.485894
0.479515 0.692548 -2.451800
-0.109598 0.068906 -2.422079
-0.089013 0.075791 -2.460196
0.510081 -0.612087 -2.531959
-0.149954 -1.228976 -2.511933
-0.172623 -1.238415 -2.441762
-0.153459 -1.905812 -2.374735
-0.136597 -1.961391 -1.759697
-0.164548 -1.961822 -1.154729
-0.213257 -1.328815 0.051108
-0.229375 -2.002492 0.054911
-0.178400 -2.035131 -0.608639
-0.121008 -2.045936 -0.635377
-0.116594 -2.030865 -1.365145
0.478109 -1.354918 -0.719585
0.472420 -1.352736 -0.045432
0.525644 -1.361276 -0.705077
0.565962 -1.363857 -0.755618
0.516439 -1.362904 -0.843987
0.412107 -1.357443 -0.214652
-0.254004 -1.321437 0.439128
-0.173478 -1.277658 1.124275
-0.073449 -1.857239 1.079363
-0.627766 -2.447726 -0.248867
-1.351708 -1.780413 -0.849737
-1.411224 -1.079397 -0.771049
-1.366570 -1.049844 -0.071615
-1.298785 -1.684762 -0.068380
-1.308358 -1.759963 -0.070141
0.500538 -1.819712 -0.716432
0.384990 -1.815049 -1.334803
1.037870 -1.783671 -1.291492
1.087203 -1.774105 -0.592154
1.092084 -1.799153 -0.587041
1.003270 -1.816348 -0.580207
0.912101 -1.794722 -0.553645
0.916278 -1.754491 -0.545983
0.996360 -1.748638 -0.592410
0.421310 -1.811766 -0.606867
0.359470 -1.880398 -0.672764
0.289429 -1.889035 -0.690389
0.307725 -1.858520 -0.686693
0.394991 -1.837409 -0.692671
0.449928 -1.848122 -1.373167
0.425993 -1.864642 -1.362074
0.369308 -1.864676 -1.305564
0.976747 -1.852895 -0.658783
1.604013 -1.864636 -0.668581
0.388491 -1.922715 -0.715341
0.341703 -1.987174 -0.734641
0.284041 -1.388063 -0.684346
0.254868 -1.398602 -0.593977
0.252663 -1.387704 -0.525913
0.899660 -1.380268 -0.503285
0.914501 -1.393861 -0.475959
0.936541 -1.425629 0.236394
0.954109 -1.453503 0.945965
0.959504 -1.470986 0.942287
0.305656 -1.489849 -0.480187
-0.977657 -1.519161 0.149546
-0.957595 -2.192667 0.148331
-0.290020 -2.211363 0.166283
-0.264498 -1.560325 0.158241
-0.247235 -1.548310 0.123536
-0.852101 -2.195051 0.099237
-0.815781 -2.210545 -0.537720
-1.426806 -1.585147 -1.120625
-0.829451 -2.227627 -1.133944
-0.867269 -2.237849 -1.796500
-0.893049 -2.244745 -1.829094
-0.879207 -2.248412 -1.820218
-0.836195 -2.240682 -1.776786
-1.475380 -2.224900 -1.757220
-1.471373 -2.199279 -1.776564
-1.447130 -2.178187 -1.788246
-1.399273 -2.167210 -1.752910
-0.704523 -2.167240 -2.316551
-0.714806 -2.192702 -2.955491
-0.771520 -2.219743 -3.020818
-1.464651 -2.231815 -3.081095
-1.477657 -2.231785 -3.067693
-0.833235 -2.202952 -3.007743
-0.213348 -3.528049 -3.618025
-0.199613 -2.849996 -2.987440
-0.215066 -2.830438 -1.774449
-0.185647 -2.775659 -2.378681
-0.153094 -3.329964 -2.320401
-0.806477 -3.324135 -2.308781
-2.852604 -2.695947 -2.385998
-2.890013 -2.684755 -2.472391
-2.896671 -2.649186 -1.864236
-2.852293 -2.626851 -1.820997
-2.134477 -2.639704 -1.803713
-2.089934 -2.064102 -1.149759
-2.041480 -2.056675 -1.211935
-0.717878 -2.028024 -1.217671
-0.650917 -1.993973 -1.146880
-1.879463 -2.631180 -1.093154
-2.532118 -2.620312 -1.742839
-2.578754 -3.222136 -1.774991
-1.931598 -3.196787 -1.095182
-1.940522 -3.184355 -1.615900
-2.577843 -3.206875 -1.513560
-2.588024 -3.224856 -2.149318
-0.583064 -3.205521 -2.173049
-0.579137 -3.159230 -2.151691
-1.875663 -3.145751 -2.086788
-1.875462 -3.791214 -2.070016
-1.247707 -3.808710 -1.474432
-1.899781 -3.768586 -1.528089
-1.890934 -2.520424 -0.863754
-1.951004 -2.543064 -0.827287
-1.411644 -2.623240 -0.814945
-1.443976 -2.644009 -1.499843
-2.043653 -2.578011 -0.853293
-0.742120 -1.854149 -1.484793
-0.742469 -1.874564 -1.475404
-2.104683 -1.944463 -1.513625
-0.870378 -1.964783 -1.546766
-1.516130 -1.923237 -1.513276
-2.105609 -1.903096 -0.776173
-2.135294 -1.974394 -0.745736
-2.188940 -2.064670 -0.763039
-2.829824 -2.086768 -1.415200
-2.122530 -2.050073 -1.368628
-0.748563 -2.024875 -1.336437
-0.713436 -2.718145 -2.025418
-2.105019 -2.722067 -2.114227
-1.398121 -2.669670 -2.144347
-0.111931 -2.614618 -1.481555
-0.096618 -2.621850 -1.482148
0.565180 -2.660290 -0.903431
0.552046 -2.027579 -0.992932
-0.109212 -1.974851 -1.035082
-0.096505 -1.947795 -1.040189
-0.061131 -1.981125 -1.066734
-0.040822 -2.025779 -0.491562
-0.056732 -2.016428 0.033397
-0.088613 -1.973100 -1.202356
-0.736733 -1.951920 -1.749203
-0.100968 -0.681519 -1.681274
-0.146052 -0.692144 -1.081080
-0.875282 -0.693074 -1.736348
-0.941855 -0.692125 -0.368224
-0.945550 -1.325393 -0.302795
-0.922024 -1.305005 -0.293998
-1.559363 -1.901298 -0.966152
-1.604958 -1.871437 -0.965793
-2.883865 -1.836157 -0.904336
-2.902099 -1.791761 -1.442360
-2.919481 -1.763949 -1.426174
-2.963051 -1.772242 -0.802588
-3.648706 -1.806591 -0.180352
-3.671229 -1.827889 -0.167761
-3.002835 -1.164823 0.470447
-2.303612 -1.172656 0.445672
-1.646915 -1.197741 -0.246444
-3.523445 -1.205889 -0.293494
-3.522787 -1.856946 -0.953582
-3.516917 -1.852487 -0.933679
-3.502045 -0.662613 -0.929835
-4.154531 -1.348741 -0.967538
-4.177468 -0.112676 -1.027899
-4.192384 -0.109906 -1.067225
-4.171754 -0.135668 -1.693769
-3.488474 0.463930 -1.699566
-3.425788 -0.207615 -0.459335
-4.024536 -0.231489 0.204806
-3.366663 -0.812580 0.205526
-3.377941 -0.757238 0.215683
-4.060440 -0.758995 -0.401701
-4.724588 -0.790566 -0.348458
-4.070879 0.482049 -0.305642
-4.065105 0.455170 -0.309691
-4.067515 0.420740 0.951197
-3.412285 0.386345 0.938119
-3.380167 0.360918 0.967128
-3.332101 0.347973 0.999236
-3.317697 0.366647 0.982126
-3.350054 0.389052 0.939297
-2.157404 1.005881 0.911554
-3.488547 -0.294029 0.287188
-1.611083 -0.351663 0.937051
-1.567429 -0.352086 0.906140
-1.502416 -0.942633 0.871121
-1.487023 -1.583676 0.851889
-2.124035 -1.609499 1.493571
-1.462738 -1.616375 0.220239
-1.431886 -1.552610 0.228826
-1.413741 -1.459308 0.221514
-2.105645 -1.434071 -0.451263
-2.163313 -1.501765 -0.425968
-2.196748 -1.572804 -0.390956
-2.185547 -1.571459 -0.371563
-2.167839 -1.526853 -0.366301
-2.170143 -1.533603 0.297707
-2.180231 -1.601558 0.319464
-2.177175 -1.651241 0.331757
-2.156423 -1.627905 -0.333795
-2.153278 -2.206076 -0.357814
-2.179548 -2.208265 -0.370165
-2.204554 -2.253148 0.289114
-2.190734 -0.248157 0.259176
-2.157032 0.987848 0.212343
-0.858977 0.942859 0.179333
-0.884539 0.919215 0.864978
-0.887261 0.916294 2.296854
-0.848754 1.472490 2.933335
-0.803391 1.466716 2.918371
-0.805425 0.787681 1.567960
-0.836734 0.806988 2.212460
-1.495386 0.833101 2.215020
-1.439038 0.838421 2.828628
-1.396360 0.126750 1.533428
-1.407116 0.730968 -0.358201
-1.434613 0.691593 0.332888
-1.440422 1.352551 0.301132
-1.417887 1.391203 -1.722391
-1.405354 1.418641 -1.682270
-1.446513 1.437355 -2.179891
-1.511412 0.822294 -1.447376
-1.552580 1.443690 -0.792085
-1.560695 1.444460 -2.056132
-1.567830 1.433760 -2.743534
-1.599699 1.459729 -2.715869
-1.639806 1.517128 -0.777174
-1.668926 0.272709 -1.509719
-2.313924 0.261755 0.311523
-2.287580 0.256593 0.296179
-1.002144 -0.356491 0.347198
-1.096376 -0.303307 -0.269984
-1.132669 -0.329435 -0.269192
-1.076987 0.240505 -0.990345
-0.358417 0.207526 -1.022395
-0.405689 0.263357 -0.354090
-0.496408 0.954706 -0.314638
-0.508641 0.922475 -1.017055
-0.409645 0.848373 -1.709407
-0.315555 0.829879 -1.703525
-0.326871 0.875336 -1.013630
-0.417903 0.907942 -1.581489
-0.460756 0.868200 -1.613235
-0.399710 0.190895 -2.284738
-0.318528 0.179842 -4.164618
-0.321788 0.242576 -4.114379
-1.060049 0.289866 -4.091451
-1.089415 0.275173 -3.468288
-1.041283 0.237639 -4.112282
-0.974750 0.227217 -3.447868
-0.971262 0.246585 -3.380805
-1.032420 0.253056 -3.338307
-1.083204 -0.994612 -2.745618
-1.094330 -1.040592 -1.533608
-1.080605 -0.443689 -1.536592
-1.087340 -0.386416 -1.506320
-1.123098 0.329233 -1.508069
-1.128262 -0.264558 -1.591343
-1.094006 -0.907800 -1.654916
-1.039447 -1.562417 -2.286510
-1.001277 -1.501415 -2.873876
-0.995578 -0.782542 -2.875514
-0.998979 -0.798013 -2.938769
-1.016201 -1.485285 -3.004103
-1.006835 -1.466814 -2.971087
-0.979319 -0.713784 -2.926551
-0.967550 -1.943909 -2.304902
-0.320635 -2.587838 -2.918198
-0.315382 -2.613311 -2.911806
-0.247669 -2.587932 -2.855186
-0.140413 -2.501336 -2.172429
-0.064119 -1.798663 -2.769442
-0.057834 -1.852128 -2.776001
-0.108067 -1.924077 -3.431865
0.552749 -1.894186 -3.398448
0.561486 -1.783174 -2.685510
0.576145 -2.507734 -2.637678
1.233806 -3.154998 -1.959249
1.204392 -3.709241 -1.932882
1.189076 -3.679513 -1.250592
-0.088403 -3.078959 -1.893867
-0.087176 -3.726521 -1.906804
-0.127039 -5.036972 -1.954728
-0.216591 -5.120721 -2.638443
-0.298905 -5.760421 -2.656319
-0.311351 -5.696131 -1.361733
-0.275527 -5.650386 -1.326815
0.412098 -5.664719 -0.669674
1.002341 -5.070454 -0.053374
0.944493 -5.093250 -0.038459
0.939485 -4.453829 -0.027954
0.329223 -3.328695 0.625409
0.369745 -3.424941 1.283363
0.337239 -3.498372 0.599785
0.259310 -3.517059 -0.032452
0.208622 -3.503772 -0.051681
0.218573 -3.495284 -0.053176
0.247289 -3.483613 -0.015523
0.234225 -3.440906 -1.298714
-0.443879 -3.380580 -0.657968
-0.458647 -3.332863 -0.698019
-0.426387 -3.322363 -0.716037
-0.379759 -3.336466 -0.721257
-0.370504 -3.337991 -0.739016
-0.397657 -3.323585 -1.390015
-0.415426 -3.300082 -1.448212
-0.401673 -2.611774 -1.487714
0.285368 -3.254274 -1.519912
0.256506 -3.220672 -1.514824
0.217273 -3.189114 -0.309767
-0.455748 -3.179049 -1.017124
-0.434668 -3.222301 -0.418129
0.203725 -3.290991 -0.440830
0.168667 -3.946030 -0.445826
0.126780 -2.047461 -1.683985
0.138195 -1.993420 -2.381971
0.173904 -1.983961 -2.383629
0.792881 -2.000627 -1.670605
2.000089 -1.988844 -0.350915
0.019793 -1.950731 -0.348011
0.002568 -1.941227 -1.043995
0.046881 -2.003603 -1.036239
0.036938 -2.094060 -0.996637
-0.035452 -2.137121 -2.212751
0.569466 -2.119488 -2.172293
0.011011 -2.088017 -2.136917
0.116517 -1.501108 -2.086658
0.117361 -1.505801 -2.012403
-0.636986 -1.469427 -1.275266
-0.681168 -1.413184 -1.241923
-0.626701 -2.061224 -1.909474
-0.575458 -2.103585 -1.928486
0.679963 -2.839908 -1.910902
0.591584 -2.903790 -1.229250
0.003264 -1.588790 -1.214549
0.118939 -1.562175 -0.614572
0.184309 -2.207348 -0.655181
-0.572638 -2.222201 -0.653626
-0.709784 -2.232638 -0.627711
-0.764161 -0.283441 -0.654324
-0.019917 -0.214236 -0.748758
0.040854 -0.156251 -0.831327
0.003711 -0.169490 -0.848385
-0.056124 0.396842 -0.810875
-0.012391 0.343313 -0.790100
0.132641 0.336768 -0.795497
0.242950 0.366972 -0.769502
0.235769 -0.228164 -0.679344
0.171521 -0.229020 -0.592157
0.150668 -0.209782 -0.596588
-0.442973 -0.147335 -0.645205
-0.412096 -0.083820 -1.263258
-0.427916 -0.768432 -1.175491
0.192047 -1.457365 -1.105948
-0.476539 -2.151846 -1.761980
0.201713 -2.159332 -1.807626
0.205106 -1.481531 -1.157683
0.152959 -1.471797 -0.425269
0.083509 -1.506357 -0.407601
0.037484 -2.172149 -0.479902
0.028806 -2.824055 -0.559171
0.030485 -1.470560 -0.565763
0.021550 -1.470663 -0.532153
0.652511 -0.859525 0.028263
0.669255 -0.898913 -0.693370
0.688929 -0.285517 -1.940692
0.701166 0.333223 -1.866853
0.699601 0.353321 -1.147387
0.684799 0.362264 -1.746188
0.667584 -0.290248 -2.554308
1.310199 -0.252081 -2.528982
1.322573 -0.188516 -2.452266
1.321421 -0.135181 -2.429710
1.322092 -0.126836 -1.203896
1.349087 -0.787651 -1.213949
1.389575 -0.818075 -1.135125
1.415560 -0.837024 -1.034503
1.413947 -0.849459 -1.675874
1.403872 -0.870191 -0.460481
0.790809 -0.276221 -1.150492
0.143798 -0.273401 -1.158717
0.159346 -0.263762 -0.536815
0.148105 -0.258684 -0.620074
0.151661 -0.266740 -0.716613
0.197582 -0.291054 -0.753002
0.248095 0.291997 -1.348785
0.261065 0.231030 -1.301829
0.237319 0.189258 -1.318370
0.887402 0.190402 -0.049682
0.908968 0.208818 -0.093269
0.927710 0.213013 -0.094403
1.507932 0.869708 -0.054120
1.451473 -0.289640 -0.685122
1.434199 0.398822 1.203756
2.136497 -0.233400 -0.700757
1.533413 -0.884383 -0.708788
1.489185 -0.947676 -0.608107
1.415744 -0.984148 0.793081
1.383525 -0.307021 0.180954
1.415994 -0.936655 -0.557145
1.464227 -0.939407 -0.607666
1.457267 -0.968584 -0.612239
1.421978 -0.327341 1.234804
0.144589 -0.282473 1.875551
0.219033 -0.232469 2.505973
0.309842 -0.227211 2.463040
0.322608 -0.257526 2.464046
0.271328 -0.277933 1.111821
-0.421547 -0.262363 -0.065939
-0.407800 -0.235787 0.559896
0.257540 -0.215437 -0.088597
0.266059 -0.199592 -0.064451
0.236974 -0.174888 -0.671005
0.201336 -0.137707 -0.056349
-0.488371 -0.110584 -0.088923
0.819238 -0.102930 -0.081399
0.168072 -0.102938 -0.654315
1.335687 -0.095248 0.076639
1.252746 -0.082402 0.752964
1.857068 -0.080759 0.004952
1.853335 -0.086241 0.038861
1.917274 -0.085996 -0.566815
1.219937 -0.080277 -0.588011
2.510525 -0.081091 -0.633514
2.532260 -0.112757 -0.005999
2.626153 -0.173109 -0.622486
2.689380 -0.228826 -1.240439
2.677815 -0.241520 -2.496535
2.667458 -0.217590 -2.506678
3.386821 -0.863201 -1.883061
3.533905 -0.872391 -1.265062
1.783332 -0.885066 -1.265388
1.766866 -0.866764 -1.304156
1.746521 -0.833420 -1.360115
1.793826 -0.824215 -1.385986
1.215875 -0.849466 -1.372978
0.536230 -0.886616 -1.361367
0.440213 -0.885450 -1.366507
0.384010 -0.852773 -1.347199
0.429570 -0.823440 -1.294250
0.496375 -0.810661 -0.621673
-0.822978 -0.165930 -1.249877
-0.884407 -0.149598 -1.292874
-0.221376 -0.133838 -2.539628
-0.163910 -0.141165 -2.504953
-0.105077 -0.180621 -2.468273
2.849254 -0.230791 -2.506207
2.764413 -0.260808 -1.983496
2.733544 -0.244119 -2.610075
1.628936 -0.210547 -2.566569
1.660960 -0.181557 -1.920976
2.856148 -0.155192 -1.965695
2.811488 -0.123057 -1.334371
2.797665 -0.077640 -1.377386
3.451067 -0.055594 -0.729808
3.461151 -0.075740 -0.710747
3.408752 -0.123510 0.527890
3.342916 -0.158104 -0.192256
3.993019 -0.150436 -0.205944
3.442654 -0.119628 -0.726315
2.183123 -0.103934 -0.629933
2.157701 -0.117549 0.048930
2.107741 -0.138467 -0.664329
0.856948 -0.147053 -0.732029
0.899981 -0.136217 -0.715036
0.921757 -0.135466 0.669968
0.880285 -0.161545 0.706515
0.829047 -0.196726 0.662123
0.855153 -0.221686 0.628532
0.950292 -0.201258 -0.586584
1.017702 -0.148949 0.138901
0.995235 -0.095482 0.166291
0.275813 -0.060722 0.727038
0.282733 -0.052521 0.654258
-0.860556 -0.038754 -0.019046
-0.192841 -0.013642 0.667965
-0.258170 0.009543 0.740700
-0.335059 0.004164 -0.521851
-0.342607 -0.039624 -0.483191
-0.294068 -0.081388 -0.498210
-0.289801 -0.078791 -1.003452
-0.345170 -0.043679 -0.991836
-1.020951 -0.035026 -1.012549
-0.313858 -0.083969 -0.379890
-0.204841 -0.154337 -1.034882
0.486917 -0.185880 -1.062230
-0.191698 -0.168888 -1.080439
-0.203204 -0.155545 -1.144140
-0.156576 -0.182793 -1.180977
-0.715289 -0.213129 -1.183673
-0.697273 -0.197267 -1.200809
-1.456146 -0.139241 -1.905629
-2.176164 -0.093749 -1.357397
-1.488345 -0.098953 -2.046110
-1.418946 -0.132486 -1.432090
-2.044185 -0.149965 -1.451773
-0.888315 -0.128575 -2.151980
-0.958675 -0.104440 -2.169095
-0.937593 -0.104656 -2.122448
-1.509670 -0.104992 -2.013226
-1.507890 -0.713892 -1.927411
-0.925064 -0.655628 -1.911449
-0.952624 -0.609730 -1.931685
-0.907214 -0.609309 -1.916599
-0.839239 -0.641335 -1.852658
-0.844741 -0.672967 -2.435470
-0.282485 -1.295286 -3.092453
0.332467 -0.642052 -3.093478
0.349384 -1.303268 -3.053168
-0.263384 -1.322260 -3.629403
-0.919471 -1.349902 -2.320123
-0.950296 -0.717167 -2.322106
-0.321320 -0.693877 -1.745407
-0.310336 -0.704151 -1.780088
-0.281269 -0.763079 -0.504562
-0.284033 -0.826397 0.158107
-0.341240 -0.165689 0.125059
-0.416542 -0.795896 0.080518
-0.445998 -0.816818 1.981796
-0.419521 -0.850677 1.991148
-0.381494 -0.866126 1.992009
-0.388479 -0.850838 1.335519
-0.417370 -0.834630 -0.001518
-1.035308 -1.527376 0.618325
-0.396495 -1.552852 -0.075526
-0.369149 -0.859562 -0.110718
-0.404196 -0.805158 -0.117282
-0.455177 -0.745880 -0.116406
-0.459078 -0.721573 -0.114705
0.235164 -0.724325 -0.083654
-0.947009 -0.701666 -0.090822
-0.961330 -0.644524 -0.066604
-0.325778 -0.601699 -0.072178
-0.279254 -1.233636 -0.089814
-0.201410 -1.305797 0.542007
1.125506 -1.341632 0.565245
0.433248 -0.703440 0.581126
0.394391 -0.688075 0.567967
0.975462 -0.729775 0.554316
1.015560 -0.786596 0.572311
1.022319 -0.786910 0.614081
1.605341 -0.741803 0.619925
0.968891 -1.403189 -0.094214
0.966890 -1.448194 -0.189709
0.975510 -2.131159 -0.196163
2.179987 -2.118634 -0.169686
2.087497 -1.436075 -0.165090
2.030942 -1.426667 -0.201011
2.031054 -2.126136 -0.836941
3.339643 -2.171965 0.563972
3.324320 -2.150382 0.592506
2.640549 -2.090181 -0.065670
2.677053 -2.064277 -0.101152
2.746236 -2.091749 -0.121454
3.450958 -2.118003 -0.692414
2.764399 -1.420237 -0.724367
2.077320 -1.353686 -1.407323
2.752017 -1.331567 -1.451422
2.192307 -1.387556 -2.068371
2.883914 -1.455229 -2.068331
1.571043 -0.781416 -2.076941
1.567023 -0.154895 -2.090487
0.414276 -0.136824 -2.091054
0.450392 -0.157656 -2.753056
0.455898 -0.879789 -2.751476
0.423932 -0.911571 -2.763949
0.402700 -0.900269 -2.773449
0.416453 -0.899394 -2.764633
0.430269 -0.286902 -2.747371
0.413809 -0.364909 -2.079558
0.364794 0.289611 -2.062286
0.352123 0.281236 -2.059279
0.392060 -0.393205 -2.061021
0.409015 -0.403133 -2.044216
0.979997 -0.426944 -2.023277
0.879460 -0.423577 -1.374455
0.860355 -0.384539 -1.400712
0.923988 -0.343102 -1.416750
0.976385 -0.345757 -1.404871
0.962787 -0.386339 -1.399420
0.942092 -1.004901 -2.077322
1.007842 -1.008312 -2.136428
1.129352 -0.321532 -2.778911
1.195651 -0.336706 -2.736312
1.154514 -1.022843 -1.456227
0.421325 -1.014264 -1.492768
0.424584 -0.992351 -1.516898
0.489919 -0.352041 -1.494032
0.504461 -0.385102 -2.678702
0.426503 -0.415207 -2.641767
-0.268529 -0.419792 -2.663097
-0.229161 -0.414956 -2.712957
-0.133988 -0.427252 -2.708562
-0.128577 -0.446863 -2.644289
-0.262013 -0.427784 -2.583112
-0.402007 -0.368286 -1.904260
-0.402824 -0.307491 -2.533461
-0.321603 -0.294895 -2.539732
-0.328023 -0.318801 -3.217049
-0.455638 -0.314328 -3.856606
-1.205055 -0.268138 -3.874972
-1.127374 -0.228327 -3.936636
-0.971256 -0.252850 -4.022868
-0.925473 -0.308554 -4.692069
-0.398654 -0.329510 -3.378956
-0.505399 -0.305450 -3.363230
-0.499994 -0.277451 -4.049022
-0.435513 -0.304444 -3.478758
0.245782 -0.374406 -3.490902
0.187629 0.189590 -3.465250
0.171082 -0.434656 -3.443055
0.253429 -0.402620 -3.483503
0.360397 -0.440440 -2.908021
0.395187 -1.161901 -3.519735
-0.909111 -1.182245 -2.234278
-1.570737 -1.122175 -2.170007
-1.543389 -1.036567 -2.758572
-0.861134 -1.013011 -2.755470
-0.910840 -1.080242 -3.363021
1.007276 -1.761347 -4.651677
0.392925 -1.759226 -4.648668
0.462171 -1.703944 -5.356760
1.154020 -1.675832 -6.056677
1.126617 -1.723007 -4.821002
0.412012 -2.447934 -3.552270
0.387274 -2.439969 -2.897400
0.378231 -2.352015 -4.200880
0.357926 -2.277343 -2.381433
0.967338 -1.007956 -2.371593
0.924185 -1.073437 -0.412917
0.285254 -0.473923 -1.011597
0.269697 -0.431277 -1.072544
0.266443 0.242040 -0.481094
0.897599 -0.355410 -0.438345
0.899762 -0.413331 -0.957467
0.245242 -0.452611 -1.535394
-0.403472 -1.056838 -2.189806
0.870415 0.305511 -0.989304
