-2.039560 2.207647 1.463974
-0.683811 2.235233 1.428789
-0.597600 1.529799 1.949981
-0.609125 1.489487 1.919172
-0.715820 0.242042 1.935114
-0.816340 1.557781 1.982808
-0.819731 1.598598 2.008422
-0.776257 1.608526 1.992657
-0.795584 0.931224 1.964747
-0.869226 1.593632 1.964775
-0.921494 2.315520 1.999476
-0.281702 2.352612 1.376970
-0.233851 2.319024 1.354475
-0.224574 1.594516 0.676458
-0.278115 1.595365 1.270811
-0.348345 1.657011 1.962901
-0.385514 1.710948 1.433428
0.302744 2.914311 2.062150
-0.288867 2.866901 2.006951
-0.315911 2.868148 1.966734
-0.346940 2.919688 1.982564
-1.559715 2.967357 2.026846
-1.484311 2.309669 2.643085
-2.051023 2.225035 2.611434
-2.056595 2.168328 2.587969
-2.067114 2.167170 2.630455
-2.051706 2.190207 3.405836
-2.025461 2.194532 3.463342
-3.299775 2.193821 3.417324
-2.704792 2.212821 2.748841
-2.069444 2.255460 1.491012
-1.427002 2.303715 0.234915
-0.797815 1.694513 0.282320
-0.846318 1.689174 0.248925
-0.253160 1.656744 0.177186
-0.894091 1.627652 0.163175
-1.506666 2.248002 -0.450414
-1.495799 2.229611 -1.040199
-0.882876 2.231719 -1.070001
-0.855313 2.266007 -1.092390
-0.183502 2.952171 -1.043952
-0.097082 2.968720 -0.329130
-0.750056 2.311539 -0.265491
0.498132 2.260700 -0.273094
0.512943 2.195437 -0.291351
0.603974 2.154639 -0.295394
-0.645616 2.117255 -0.930147
-1.961200 1.429205 0.343692
-2.008344 1.379004 0.935021
-1.331109 2.639464 0.896043
-1.239907 2.664454 0.894382
-0.548935 2.676438 0.896540
0.045459 2.651087 0.872557
-0.011302 1.922814 -1.001547
0.009650 1.869164 -1.001011
-0.569002 1.870206 -0.979399
-0.578247 1.901817 -0.952627
-0.674964 1.932470 -0.954105
-0.740739 1.970901 -1.659764
-0.711028 2.025962 -1.672893
-1.300363 2.085473 -1.654489
-0.664905 2.788130 -2.267427
0.446788 2.201778 -2.232815
0.405306 2.202518 -2.209594
0.441981 1.538743 -0.993397
1.122674 1.534971 -1.001401
1.049863 1.559212 -1.033864
0.287162 1.607338 -1.063687
0.303580 1.124474 -1.077006
0.346100 0.468046 -1.081783
1.042863 0.483627 -0.407460
0.361040 0.528584 -0.403929
0.352541 1.804405 -0.367009
0.405851 1.777461 -0.292199
-0.139738 1.059966 0.962910
0.539033 1.051948 2.161978
-0.153505 1.061499 1.530028
-1.466396 1.053647 1.531519
-0.865768 1.031407 1.531077
-0.207705 1.714773 2.154444
1.124208 1.746201 2.135975
1.136154 1.765309 2.163623
1.204065 1.135724 2.235745
1.292842 1.132586 2.282828
1.349214 1.164504 1.620049
1.337727 1.850329 0.431896
1.306624 2.447525 0.461881
0.099345 2.404998 0.507833
0.125766 2.421111 0.513158
0.128449 2.488988 1.112447
0.097132 3.125941 1.084380
-0.467976 3.086758 1.100718
-0.416583 2.393897 0.531158
-0.362832 1.722188 0.523017
-0.336670 1.125109 1.132410
-0.333902 1.139579 1.119996
-0.334921 1.084513 1.118124
-0.338141 -0.283525 1.061852
-0.370009 -0.292253 1.624457
-0.431846 -0.224018 0.895608
-0.479823 -0.186143 0.846580
-1.745811 0.368335 0.804489
-1.721125 0.252143 2.640260
-1.096624 0.227997 2.591241
-1.103937 0.953853 1.919795
-1.733003 1.013539 1.944463
-1.712025 1.643553 1.289722
-1.727899 1.575689 1.221464
-1.143237 1.606761 1.836129
-1.851227 1.707889 1.206068
-1.873740 1.753373 1.253116
-1.875509 1.691348 1.253106
-1.885178 1.614769 0.568304
-1.899273 1.632823 0.602584
-1.894461 1.713159 1.358392
-0.565824 1.746624 1.441959
-0.518395 1.696980 1.455411
-0.470302 1.008223 1.432198
-0.445140 1.668249 1.432255
-0.441611 1.729395 1.455192
-0.432154 2.402297 1.455975
0.230893 2.355395 0.780505
0.243800 2.285690 0.759287
-0.370073 2.259983 0.781149
-0.348006 2.279359 0.813611
-0.329539 1.638865 2.081818
-0.298563 1.622496 2.681012
-0.260091 1.598429 2.597405
-0.234053 1.630229 2.587875
0.976601 0.510492 3.232274
0.949775 0.571144 3.221895
0.943321 0.552904 3.218401
0.946375 0.495978 2.610305
0.928562 0.488653 3.915236
0.897951 0.528962 3.950017
0.890610 0.547967 3.972117
0.907862 0.460685 3.378488
0.292563 1.096905 3.381304
2.034187 1.748883 2.758833
1.983266 1.777325 2.749017
1.970016 1.767382 2.767211
2.013298 1.015061 2.786567
0.763188 0.941419 2.779183
0.774410 1.609045 2.792216
0.108149 1.660613 2.856289
0.107590 1.029386 2.934167
0.171100 1.023519 2.323137
0.243536 1.679631 1.643162
-1.038223 1.709340 2.256528
-1.068980 2.434069 2.265706
-0.385470 1.122894 2.287150
-0.324762 1.707423 2.289434
-0.275647 1.689490 2.278038
-0.288615 1.696901 2.288119
-0.331729 1.706152 1.689591
-0.351243 1.697409 1.136759
-0.332331 2.333223 1.752181
-0.315875 2.338044 1.083510
-0.340624 2.355913 1.049819
0.259029 2.337384 1.050805
0.884161 2.301191 1.072909
0.255872 2.284283 1.083243
0.252435 2.297033 1.061463
-0.420786 2.314157 1.035986
-0.423398 1.652584 1.032304
0.292219 1.607890 1.033534
0.286187 2.206826 1.018375
-0.973399 2.227727 1.644506
-0.969590 2.262609 1.622539
-0.944100 0.419635 2.280233
-0.950206 1.008851 2.283719
-1.040741 2.239815 0.979445
-1.094284 0.991994 1.613765
-1.059229 1.022452 2.243358
-0.964922 1.032071 2.887887
-1.543947 0.937408 1.657155
-1.571433 1.592978 1.037261
-1.618695 2.282544 1.035482
-1.585414 2.345629 1.011236
-1.500288 2.331540 0.986169
-0.870266 2.302983 0.972176
-0.960028 2.322356 1.559158
-1.678349 2.369920 1.555921
-1.656106 3.033195 1.539656
-1.580081 2.990453 1.544341
-2.865717 2.956200 1.574176
-3.529067 3.547305 1.595090
-3.540179 2.997531 1.591256
-3.492723 3.027391 0.963521
-3.422528 3.609327 0.933068
-2.766697 3.589060 0.891747
-0.923340 3.613203 1.532019
-0.913607 3.645318 1.513141
-0.873088 4.240860 1.492077
-0.218749 3.589953 1.453181
-0.264692 3.605999 0.790822
-0.317446 3.676564 0.730730
0.285185 3.121337 0.680609
0.305010 1.948924 0.633127
1.587371 1.266649 -0.655347
1.548440 0.127073 -0.083173
2.187543 0.151712 -0.128357
1.618047 0.122857 -0.803877
1.654484 0.039088 -0.790370
1.657557 -0.028903 -0.800041
0.322102 -0.021843 -0.839535
-0.314817 0.012211 -0.861918
-0.262828 0.015564 -2.135902
-0.216529 0.635801 -2.081308
-0.229315 0.602129 -2.023344
-0.901633 1.183613 -2.012697
-0.915003 1.154125 -2.026949
-0.868858 1.692508 -2.620367
-0.176631 1.600329 -2.521433
-0.183839 1.578633 -2.451563
-0.851210 1.625287 -2.430713
-0.877208 1.659910 -2.410888
-0.867121 1.007942 -1.736954
-0.848289 0.288682 -2.313316
-0.849908 0.299531 -2.941239
-0.877724 1.018219 -2.322948
-0.262045 -0.157293 -2.373139
1.636304 0.384512 -2.398895
1.646716 0.274495 -2.358432
1.001121 0.296481 -2.362167
0.958845 -0.203045 -2.419035
0.936926 -1.348964 -2.461959
0.959353 -0.776544 -2.446307
1.675200 -0.825549 -2.404968
1.698411 0.399868 -3.008062
1.688569 0.480211 -3.046010
1.649203 -0.734636 -3.685734
1.631394 -0.220481 -3.684796
0.304371 0.867252 -3.049358
0.267917 1.513716 -2.412678
0.207079 2.240788 -1.847647
0.163110 2.277634 -1.230302
0.152942 2.257459 -1.223261
1.435666 2.225255 -1.777649
1.450875 1.597621 -1.790664
1.451032 1.622546 -1.165725
1.459343 1.620564 -1.071366
1.480629 1.595375 -0.981471
1.501355 1.576748 -1.015897
1.484597 1.592422 -1.050140
0.813175 0.972637 -1.040930
0.774619 0.326120 -1.618285
0.121055 0.337548 -1.587712
0.181107 0.336766 -2.230161
0.235576 0.304334 -1.659905
-0.371422 0.289783 -1.004729
-0.352763 0.274529 -0.940454
-0.294306 0.260673 -0.926663
-0.222429 0.843182 -0.991953
-0.198615 0.843350 -1.058141
-0.222191 1.506217 -1.711424
0.448888 1.567448 -1.698942
0.463141 2.248352 -1.705856
0.503007 1.654097 -1.762982
0.519767 2.884623 -1.817801
0.497206 2.904611 -1.810401
1.131352 2.889168 -1.772922
1.166731 2.849162 -1.761740
1.227986 2.853096 -1.181579
1.230426 2.911579 -1.849112
1.152541 1.652672 -2.474753
1.726829 1.659030 -2.452609
1.729447 1.674240 -2.425774
1.756088 1.140608 -1.796172
2.347957 1.229243 -1.820387
2.287663 1.233552 -1.832382
2.297049 1.808249 -1.828183
2.396188 1.112032 -1.819101
2.479797 1.155157 -1.808959
2.470275 1.209422 -1.157082
1.119469 1.190706 -1.152271
1.753117 1.144914 -1.713479
0.467862 1.160502 -1.706463
0.539108 1.879586 -1.720118
1.187692 1.923574 -1.131511
1.175913 1.246692 -1.808915
1.222984 1.172195 -1.827623
1.307777 1.739991 -1.819416
0.715255 1.748188 -1.167767
0.686264 1.787160 -1.795671
1.292415 1.130938 -1.797701
1.305992 0.511795 -1.767597
0.057395 0.535373 -1.734612
0.069651 1.179025 -2.981873
-0.549898 1.176136 -4.186353
-0.585837 1.128880 -3.557196
-0.566773 1.079924 -3.535903
-0.535414 1.087299 -3.541655
-0.535032 1.088700 -3.554648
-0.544538 1.076487 -3.543209
-0.543504 1.047748 -3.482302
-0.539340 2.257462 -3.415699
-1.216074 2.288570 -4.046774
-1.251614 2.322360 -4.088457
-0.656541 2.310875 -4.731627
-0.029932 1.048562 -4.688877
-0.047810 1.017428 -4.654393
-0.063883 0.994549 -4.676353
0.590899 0.969430 -4.735699
0.029702 0.319471 -4.768504
0.069082 0.279720 -2.188452
0.063457 0.274296 -0.833270
0.048580 0.892329 -0.861979
0.049975 0.911691 -0.308657
0.055867 0.916027 -0.334801
1.314303 0.903994 -0.336724
1.923390 1.484258 -0.353987
1.916493 1.490230 -0.390619
1.302610 2.695300 -0.420872
0.621913 2.713999 -0.420932
0.614302 2.734805 -0.409166
0.593572 2.754201 -0.424684
0.611676 2.119356 -0.479011
0.640367 2.123979 -1.173480
0.640120 1.478219 -1.231099
0.598279 0.859131 -1.263764
0.584158 0.841528 -1.280419
1.234955 0.808596 -1.278739
1.289135 0.789665 -1.263321
1.295811 0.792321 -1.235145
1.258710 0.804434 -1.804644
1.252352 0.808245 -1.795059
3.758743 0.819888 -1.809462
3.754704 0.831807 -2.440655
3.723632 2.109343 -2.443879
4.331049 2.109145 -2.491595
4.296494 2.096996 -2.503255
3.647202 2.678808 -2.512655
3.686825 2.660615 -2.508878
3.717419 2.626758 -1.866032
3.082644 2.009525 -1.867435
3.075078 2.737864 -1.902078
3.066318 3.457334 -1.932324
3.073967 3.498949 -1.329948
3.067412 2.810661 -1.325013
3.022512 2.827727 -0.058361
2.964573 2.896839 -0.037230
4.226140 2.927398 0.025615
4.266937 2.860844 0.749482
4.307325 3.374173 1.451935
3.682011 2.772638 0.841840
2.378909 2.809694 0.831159
2.343618 3.480160 0.832568
3.634938 3.443699 0.854936
4.288610 2.763159 0.841451
4.905831 3.387105 1.425505
3.631717 2.760818 1.376420
3.669347 2.737840 1.375002
3.727687 2.684111 2.062613
3.757200 2.665028 2.053660
3.757944 2.701546 2.015494
3.152447 2.753116 2.007098
2.568538 2.785022 1.426173
2.620042 2.808403 1.447139
3.316247 2.854105 1.424723
3.325899 2.916703 1.383991
3.346073 3.623727 1.372111
1.998351 3.629559 2.035108
2.010621 3.596625 2.079333
2.025134 2.981210 2.099568
2.043811 3.022309 2.099052
2.057921 3.084036 1.509690
2.667348 3.095940 1.559064
1.962987 3.047564 1.571167
1.906392 3.006796 1.536539
1.240644 3.038769 1.471331
1.254645 3.729826 1.427558
-0.621452 4.345902 1.425533
-0.114849 3.645697 1.437693
-0.166513 2.885232 1.446847
-0.136766 2.895528 0.173192
-0.070898 2.935001 0.179697
1.259911 1.617134 0.196541
1.820886 2.123113 0.818912
1.156353 2.055828 0.811221
1.145622 2.805118 0.193175
1.159539 2.891340 0.813487
1.151803 2.870628 0.843106
1.158294 2.761532 1.511036
1.115013 2.700670 0.914878
1.124599 2.747787 0.225874
1.192974 2.817409 0.173543
1.255343 2.812309 -1.031537
0.622224 2.128934 -2.290291
1.880346 2.130295 -1.683165
1.859671 1.534441 -1.760172
1.884130 1.630455 -0.513751
1.935123 1.027207 0.182952
1.951697 0.991612 0.234680
1.291810 0.982668 0.832954
1.845595 1.643844 0.117633
1.865571 1.644131 0.093157
1.915083 1.582161 0.856568
2.526135 2.138823 0.311179
2.436600 2.115182 -0.957538
2.373447 2.131126 0.875430
2.387271 1.500913 -0.409577
1.842127 2.151382 0.375870
1.835443 2.140289 1.147161
1.783684 2.140741 0.459923
1.764822 1.437656 -1.016810
1.803572 1.408617 -0.347492
3.179328 1.445325 -1.621735
3.138779 2.762604 -1.550255
3.087636 2.089837 -0.315704
3.092975 2.117515 -0.423954
3.774319 2.132577 -0.455142
3.164830 2.740668 -0.414830
1.921846 2.746573 0.259763
1.920281 1.448570 -0.419539
1.357780 0.828504 -1.157214
1.466291 0.826292 0.096161
1.491726 1.533112 0.143263
1.491555 1.572149 0.195500
0.923682 1.582442 0.190312
1.033863 1.567516 0.146438
1.093915 1.570464 0.727707
1.049800 2.234813 0.754317
0.992688 -0.235168 0.112162
1.004919 -0.211882 0.073868
1.735942 0.409104 0.009185
1.777024 0.416165 -0.642744
1.714403 1.017760 0.050731
1.664801 0.959325 0.107812
1.672184 0.920477 0.129689
1.715053 0.916395 -0.530950
1.050292 0.928183 -0.546499
0.993456 0.921212 -0.515670
0.929207 0.897464 0.169146
0.923214 0.883442 -0.485363
0.397858 0.902961 -0.505219
-1.543492 0.937602 -0.518412
-1.613481 1.648536 -0.481057
0.220592 1.659538 -0.419830
0.896310 0.973011 0.219130
0.335293 0.980777 0.836448
0.978759 1.000222 1.513325
0.297145 2.163212 2.202859
-0.335130 2.215292 2.876633
1.024750 2.230593 2.853064
1.104219 2.189092 2.147810
1.714412 2.121093 2.096305
1.648471 2.079045 1.444917
1.570719 2.119429 1.436197
2.207467 2.090687 0.125735
1.578840 2.030494 0.126772
0.887147 1.973681 0.115402
0.817914 1.960988 0.755077
0.754943 2.004487 1.409368
1.367431 2.042803 1.402294
1.406602 2.060084 1.984984
1.431279 2.038589 1.346893
1.405983 2.005275 1.293139
1.385035 2.001569 1.909945
1.397629 2.016335 1.320529
2.112512 2.042644 2.018509
3.357932 2.039413 2.655115
3.343588 2.626306 3.261362
3.337370 2.618720 3.270371
3.357125 2.636440 3.362579
2.775249 2.686511 2.761551
2.205313 2.713452 3.388114
2.194247 2.693765 3.988210
2.800744 2.654438 4.020274
1.560850 2.658685 3.480135
0.938804 3.352097 2.892244
0.954210 3.390264 3.508307
0.996452 2.736095 2.836021
1.039102 2.706670 3.535230
1.659634 3.370965 3.638666
1.677354 3.442714 3.685845
1.044419 3.488067 4.275018
1.084972 3.476938 3.615700
1.786804 1.496267 2.338660
1.815644 1.519831 2.387828
1.804355 2.828960 2.394319
1.163358 2.252075 3.007863
1.778449 2.247609 2.995250
1.146215 0.939433 3.029303
1.146619 1.565613 2.416575
1.739273 1.543565 3.084837
-0.268714 1.515810 3.050813
0.961807 1.490948 3.683608
1.019702 0.840032 3.710707
1.698839 0.832527 3.091815
1.681440 1.497370 3.072568
1.660749 1.528306 3.018608
1.028158 0.865534 2.985310
1.672796 0.830187 3.008399
0.934470 0.779613 3.040656
0.885635 0.761841 3.044403
0.882637 0.154116 3.657395
1.526744 0.152198 3.660440
1.522636 0.728896 3.689068
1.492260 1.285991 3.690178
1.488769 1.232246 3.683779
1.519259 1.230349 3.650477
1.541030 1.859575 3.637575
1.535465 1.824874 3.015955
1.537514 1.782410 3.045197
1.586799 1.774801 3.065529
1.643950 1.815110 3.073075
1.709979 1.854717 3.730496
1.095007 1.838718 3.749251
0.506654 1.169796 3.737862
-0.105893 1.811001 3.704316
-0.121068 1.864820 3.678265
-1.406080 2.520359 3.668447
-1.477193 2.499564 2.407418
0.315903 1.837238 3.025348
1.622260 1.205083 2.342667
1.616164 2.537530 2.327332
1.597136 1.897699 2.314140
1.581404 1.835240 2.308546
1.581585 1.790432 1.628902
1.577447 1.811997 1.579950
1.543789 1.846393 1.549062
1.493127 2.436054 1.547455
1.451743 2.403931 1.572130
2.077594 2.424594 2.879597
2.080539 3.164456 2.283271
0.849839 3.230634 1.697436
0.851405 3.225292 1.760972
0.853210 2.551345 1.835223
2.152564 2.590011 1.882895
2.160023 2.670054 1.879091
2.146873 2.108474 1.842759
0.841226 2.125159 1.815152
1.513923 2.131090 1.813810
1.535794 2.174185 2.476617
1.553443 2.235924 1.834439
1.558614 2.257118 1.810459
2.185453 1.608254 1.794694
4.068167 1.559147 1.797711
4.074021 1.550420 1.778605
4.064140 2.169611 1.721888
4.037144 2.181169 0.998346
4.020823 2.153597 0.954469
2.797010 2.115507 0.941237
3.459396 2.740067 0.922284
3.477558 2.762098 0.889637
4.117036 2.770105 0.867545
4.783698 2.751346 0.896154
4.840164 2.729199 -0.276466
4.865019 2.085692 -0.238430
2.962332 2.099669 -0.201636
2.231869 2.743616 -0.173416
2.179547 1.442603 -0.178276
0.973626 1.420908 -0.238489
1.629099 1.422081 -0.300891
1.600829 1.448907 -0.314573
2.836251 2.030682 -0.284614
2.836692 1.992610 -0.269192
2.228618 1.952559 -0.914760
2.265756 1.931556 -0.917962
1.585617 0.032638 -0.239427
1.534876 0.628961 0.389343
1.518002 -0.036801 0.341725
1.536645 -0.015576 0.268804
2.211601 0.652230 0.219796
2.150134 0.641069 -0.420177
2.772757 -0.549706 -0.419838
2.775817 -0.528657 -0.422277
3.449958 -0.498370 -1.038329
3.432114 -1.100895 -1.026830
3.368463 -1.143684 -0.375189
3.322504 -1.169647 -0.365582
3.327108 -1.797977 -0.372150
3.349877 -1.801689 0.230938
4.011707 -1.853348 0.216598
3.346621 -1.910883 0.220050
3.981559 -1.899384 0.229152
4.028657 -1.253015 0.292530
1.454411 -1.892585 0.352685
2.059758 -1.967569 0.384661
0.109468 -2.054014 -0.877992
0.794509 -2.695165 -1.541248
0.828883 -2.649153 -1.495015
0.181447 -2.617465 -1.435912
0.111404 -2.644153 -0.283708
0.085729 -2.669499 -0.349683
0.142047 -2.615364 -0.368290
0.208999 -3.147583 0.325471
0.834442 -1.812632 -0.169546
0.828810 -1.173402 -0.186251
1.435661 -1.153615 -1.424606
3.259448 -1.072683 -1.480606
3.268312 -0.963812 -0.878856
2.038615 -0.893017 -0.844874
0.776709 -0.890563 -0.846234
0.756520 -0.903869 -0.896526
1.380480 -0.237769 -0.918322
1.399836 -0.817968 -0.869006
1.421308 -1.386598 -0.786389
1.438175 -1.444572 -0.763981
0.174581 -2.207151 -0.833089
-1.149134 -1.031508 -0.906950
-1.146899 -1.046047 -0.932377
-1.153521 -1.064421 -0.921341
-0.015228 -0.534181 -0.939756
-0.049678 -0.617481 -0.995918
-0.053035 -1.256222 -1.028469
0.670377 -1.201190 -0.996730
1.325738 -1.154791 -0.920883
0.680351 -1.207874 -0.889511
0.694284 -1.958320 -0.933944
0.704798 -2.000911 -0.993184
0.726498 -1.302977 -0.356678
0.763239 -1.239201 -0.295413
0.805900 -1.832009 -0.249696
-0.360781 -1.885173 -0.263434
0.787789 -2.542150 -0.284624
1.996504 -2.425923 0.406513
2.008661 -0.904488 -0.110124
2.053963 -0.921819 0.601699
2.075355 -1.024497 -0.081253
2.048537 -1.072803 -2.145308
2.015163 -1.655966 -1.515067
2.022060 -1.625616 -2.093962
2.048158 -1.022417 -2.113167
1.405304 -0.543659 -0.274755
1.345659 -1.821993 -0.976380
0.672586 -1.767578 -0.909389
0.712919 -1.704117 -0.828062
0.768515 -0.456756 -0.148734
0.773400 -0.536212 -0.212939
0.739534 0.034118 -2.267251
0.734772 0.682861 -2.294610
0.793524 0.663542 -2.315587
0.211230 0.606345 -0.333977
0.834955 0.538589 -0.392735
0.779207 0.515539 -1.104260
0.771773 0.542376 -1.082583
0.172181 0.579577 -1.058298
0.231297 -0.030647 0.262325
0.875064 0.003152 0.223304
2.130540 0.061230 -0.467184
2.720865 0.125513 -0.495582
2.769399 0.156864 -0.511669
2.816956 0.156652 0.122011
3.458691 0.173592 0.111180
2.766384 0.229276 0.125055
2.722868 1.552863 0.156187
2.719659 1.552990 -0.453602
2.732728 1.540617 -0.428279
2.729099 -0.391667 -0.436799
2.084234 -0.377080 -0.480233
2.060290 -0.362714 -0.527675
1.395366 -0.978667 -0.545219
1.419727 -0.997113 -0.555495
0.714392 0.259112 -0.570724
1.269164 0.293157 -0.590694
1.188086 -0.315493 -0.579318
3.095629 -0.329641 -0.526927
3.126961 0.263935 -1.197822
3.113000 0.273254 -1.204088
2.365133 0.335557 -0.596548
2.321252 0.387361 -0.556604
1.770800 0.364229 -0.491488
2.476290 0.298605 -0.483738
2.493693 0.270135 -0.508813
3.144993 0.307056 0.160051
3.161838 0.998657 0.920301
3.949024 0.313470 0.378427
4.061141 -1.029350 0.370712
4.059806 -1.050117 0.310406
4.006774 -2.348836 0.280255
3.370078 -2.390094 0.309960
3.421184 -2.443007 0.322846
3.475020 -2.476669 0.902738
3.462904 -2.490947 0.819280
3.409090 -3.141143 0.786286
3.392468 -3.159344 0.803491
3.428306 -3.146692 0.807485
2.846021 -3.095900 0.754467
2.809536 -2.409673 0.680029
2.724649 -2.385435 0.655105
2.686075 -2.405455 0.679164
2.720359 -2.423110 0.690098
2.764512 -1.092971 0.651559
3.396308 0.226273 0.621777
3.377744 0.214692 1.299727
3.397394 0.161145 1.371685
4.068985 0.117931 1.421292
4.120402 -0.496765 1.404004
4.120373 0.164253 0.061857
4.104428 0.167596 0.053146
4.750570 0.765325 0.082876
3.506356 0.723426 0.147804
3.554829 0.119718 -0.561908
3.547326 1.440173 -1.937289
2.822501 1.465151 -1.209456
2.781218 1.450497 -1.158242
2.180900 0.832703 -1.131734
2.219409 0.266450 -1.811374
2.213533 0.333908 -1.809767
2.175363 0.360280 -1.133534
2.172510 0.298029 -1.092645
2.241518 -0.384832 -1.061504
2.319330 -0.389800 -1.109928
1.701630 -0.367727 -1.162838
1.696064 -0.410982 -1.170800
1.717066 -0.507562 -1.124000
1.780663 -0.575218 -1.731055
0.514900 -0.561224 -0.438091
0.547960 -0.534241 -0.435431
-2.033445 -0.553418 -2.268474
-2.072386 0.059196 -1.575917
-1.469980 0.018653 -1.594750
-2.090932 0.050869 -2.900656
-1.406725 0.080919 -1.760267
-1.458645 -0.569535 -1.058990
-1.503472 -0.561852 -1.075645
-2.095176 -0.559216 -1.110818
-1.425339 -0.535361 -1.101979
-2.025068 -0.486790 -0.373869
-2.024357 -0.427954 -0.317824
-2.037328 -0.386188 -1.013203
-2.656029 -0.380052 -1.088485
-3.257359 -0.380890 -1.799566
-2.664501 -1.018620 -0.498262
-2.685346 -0.337900 0.171444
-2.666152 -0.992468 0.121894
-2.622950 -1.014755 0.067006
-2.600719 -1.027382 0.067283
-2.605523 0.299325 -0.523772
-2.615518 0.326759 -0.463866
-2.621419 0.999882 -0.448673
-2.014572 0.969004 -0.487859
-2.063923 0.278080 -1.138231
-1.467833 -1.060089 -0.434731
-1.501534 -1.041575 0.817556
-1.526031 -1.026087 0.817639
-1.554647 -1.041964 0.782026
-0.960930 -1.071652 0.107636
-0.970709 -1.072525 -0.497012
-0.944460 -1.048953 0.133614
-0.919400 -0.416293 2.100674
-0.940485 -0.437571 2.735375
-0.993955 -0.475361 2.699506
-1.029899 -0.473474 2.658762
-1.089725 -1.054098 2.625379
-1.087633 -1.015049 2.591164
-1.102173 -0.393830 2.552010
-1.106808 -0.436109 2.519814
0.187957 -0.439455 2.506076
0.262170 -0.413128 2.515541
0.279528 -0.400291 2.535501
-0.375434 -0.448735 3.183486
-0.406989 -1.188172 3.186987
-1.026782 -0.588854 2.529340
-1.054439 -0.597948 2.563481
0.244611 -0.619448 2.597923
0.215234 -0.690024 3.267571
0.192454 -0.753913 3.290205
0.833989 -0.095093 3.309128
0.837426 -0.076216 2.050203
0.222875 -0.698274 2.056135
0.215141 -0.733262 2.058351
0.200912 -0.753106 2.075459
0.177536 -0.718621 2.097116
0.163195 -1.306703 2.113205
-2.304230 -1.878560 2.112824
-2.878904 -1.259766 2.101003
-2.858777 -1.254439 2.093027
-2.839367 -0.536840 2.743780
-3.431095 -0.449074 2.744105
-3.396450 -0.405790 2.727631
-3.380322 -0.398880 2.704167
-2.717433 -1.014068 2.704845
-2.687127 -0.962669 2.731623
-2.033199 -0.247131 2.747976
-2.699200 -0.870357 2.732374
-2.045550 -0.906083 2.704215
-2.048981 -0.926505 2.699732
-2.075166 -0.231185 2.707347
-2.126064 -0.886110 2.108961
-2.822921 -0.902016 2.116640
-2.263420 -0.915010 2.124925
-1.039153 -0.227760 2.258493
0.254762 -0.179618 2.291807
0.220932 -0.174199 2.945384
0.159042 -0.224821 2.956494
1.436160 0.370155 2.923422
1.459434 0.368051 2.866552
1.439044 0.374238 3.414245
1.373968 0.332957 3.425768
1.326916 0.264229 3.464764
0.736695 0.242405 3.483026
0.818840 0.286912 3.478867
0.881221 0.343432 3.488002
0.886789 0.341049 3.524776
0.890733 0.301961 1.612593
2.209425 0.288509 1.612600
0.980505 0.311575 2.169396
1.577040 0.321698 4.010995
1.525209 0.894422 3.373021
1.503596 0.822443 1.559884
1.589918 2.171314 2.203528
1.686532 2.189907 3.383295
1.052911 2.185479 2.710524
1.042223 2.140957 2.743233
1.735824 2.106244 3.451971
1.787450 2.113649 3.446001
1.839910 2.148015 5.239158
1.831894 2.155674 4.526904
2.380842 2.125262 3.888208
2.345592 2.110829 3.915971
3.018602 2.143255 3.927834
1.182096 2.203796 3.893479
1.192032 1.636352 3.886086
1.160665 0.997584 3.895078
0.536980 0.985233 3.918055
0.610437 1.026480 4.619223
0.664954 -0.129181 4.586510
-0.668636 -0.134626 4.546153
-0.095515 -0.183757 4.521872
-0.810430 -0.207897 4.539870
-0.813504 -0.168614 4.582113
-0.160624 -0.114226 3.951606
-0.875182 -0.118560 3.950788
-0.928790 -0.163147 3.970134
-0.926563 -0.159427 4.016082
-0.242105 0.539524 4.710010
-0.191217 0.607645 4.677583
1.756924 0.578218 3.974255
2.411014 0.475372 2.664672
3.038191 -0.879712 2.692866
1.818186 -0.881546 2.715188
1.873802 -0.855828 2.708048
1.264020 -0.849640 2.704561
1.253449 -0.276161 2.726552
0.544153 -0.280890 2.745209
3.202697 -0.859692 2.726986
3.255334 -1.417672 2.056878
3.284594 -1.405717 1.400326
2.580054 -1.446299 1.394844
2.513975 -1.477287 2.657783
2.466947 -1.471516 2.649160
2.466831 -1.441862 2.008956
2.481030 -1.434124 1.495772
3.056386 -0.813033 2.193289
3.004965 -0.872606 2.221544
2.366094 -1.533292 2.813352
2.367250 -0.878375 1.518408
2.428894 -0.902804 1.478137
1.864126 -0.973759 1.460067
1.807749 -1.063213 0.838009
1.761559 -1.106811 0.796148
1.789300 -1.090297 0.759034
1.844145 -1.076716 0.191171
1.846303 -1.104407 -0.381471
2.448222 0.215219 -0.334486
1.818062 0.250512 -0.993456
1.865710 -0.994295 -0.999376
1.928131 -0.977549 -1.671360
1.905990 -1.019828 -0.991466
1.160598 -0.374950 -0.369307
1.783637 -0.342417 -0.338829
2.443801 -0.287142 -0.320995
2.472049 -0.924615 -0.900460
3.070535 -0.972050 -1.507697
2.380560 -1.012227 -1.460212
2.346852 -0.341294 -2.104588
1.740336 -0.332067 -2.115232
1.758592 -0.365822 -2.139441
1.695370 -0.446459 -2.214226
1.605161 -0.520778 -2.170288
1.552528 0.102657 -2.141610
2.132060 0.115667 -2.787412
2.093368 0.109918 -2.207176
2.653185 0.074759 -2.196041
2.006133 -0.583657 -1.529995
1.371497 0.096793 -2.739844
1.384145 -1.171326 -2.109227
0.777841 -1.138915 -1.568830
0.762107 -1.793428 -0.370048
0.847991 -3.067976 -0.964345
0.848857 -2.384747 -1.572024
0.798538 -2.301811 -2.202953
0.123570 -2.244879 -1.637666
0.766350 -2.272808 -0.335795
0.835869 -2.343339 -0.254466
0.884055 -2.336333 -0.219265
0.890035 -2.284943 -0.896082
0.263300 -2.257169 -0.971403
-0.262361 -2.280800 -0.980319
0.450585 -2.319818 -0.916279
1.699559 -1.687167 -0.877722
2.301154 -1.661936 -1.554527
1.684046 -1.641626 -1.584000
1.753700 -2.319237 -1.503286
1.843617 -1.748611 -0.103864
2.582400 -2.428379 -0.717250
2.572450 -2.443045 -1.387946
1.299530 -3.725403 -2.737465
1.355798 -3.724389 -3.399972
1.395960 -3.747382 -3.380161
0.761231 -1.227910 -3.384759
0.735834 -1.231814 -3.415485
0.714414 -1.859824 -3.419508
0.732957 -1.839772 -3.398729
0.757588 -1.842682 -3.391647
0.745427 -1.879979 -2.139513
0.714902 -2.531410 -2.198191
0.680222 -2.550350 -2.829128
0.715401 -1.853334 -3.451053
0.688580 -1.176514 -4.789970
0.652381 -0.547445 -4.812483
0.615544 0.083698 -4.854524
0.582259 -1.199258 -4.897242
0.581706 1.393591 -4.330973
0.592386 -0.548364 -4.347832
0.584180 -0.612271 -4.367371
-0.748897 -0.031812 -4.386239
-0.155512 0.003396 -3.771453
-0.181322 0.030522 -3.754966
-0.199017 -0.002507 -3.756647
-0.222308 -0.056845 -2.465221
-0.905326 1.222750 -2.481646
-0.932682 1.261718 -2.469540
-0.926570 1.914976 -3.693730
-0.902376 1.243559 -3.632163
-0.894285 1.223335 -2.411667
-1.527518 1.248709 -2.440037
-0.877692 1.291576 -1.798397
-0.247566 1.298553 -1.771005
-0.858961 1.252407 -0.410116
-0.241479 1.200094 -0.460371
-0.926353 1.839590 -0.545018
-0.324956 1.860037 -1.220620
-0.329381 1.893058 -1.190461
0.328272 1.247851 -1.144458
0.355205 1.253318 -0.523086
0.388787 0.591242 -0.547117
1.017512 0.633374 0.685349
0.367213 0.676856 0.746726
-0.914537 0.671945 -0.507410
-0.932256 0.637457 -1.116076
-0.320071 0.636966 -1.159681
0.356686 0.664415 -1.181073
-0.275934 1.366846 -1.151652
-0.263631 1.373844 -1.131243
-0.245869 1.356259 -1.150256
-0.850345 1.358669 -1.162585
-0.835456 1.415117 -1.115048
-0.837005 2.096959 -0.469655
-2.047998 2.085135 -0.458273
-2.042450 2.039247 -0.499003
-2.067772 1.339754 -1.201757
-2.110960 1.377006 -0.540726
-2.746421 2.039019 0.714420
-2.132346 2.059550 0.706394
-2.160404 2.041932 1.950895
-2.202211 0.809822 1.879526
-2.242922 0.856563 3.068752
-2.269980 0.255562 2.369837
-2.292038 0.865135 2.343326
-2.317753 0.775968 2.321196
-2.328150 0.727814 2.289056
-2.324631 1.451935 2.295501
-2.313175 1.489881 2.351370
-2.306056 1.477223 2.397747
-1.663618 1.424050 2.373582
-1.618759 1.412817 2.925671
-2.215320 0.830405 2.912079
-2.220338 0.875366 2.945348
-2.249654 0.843469 2.997094
-1.638138 0.078611 3.026578
-1.636128 0.078668 2.392301
-2.262732 0.164462 1.183932
-2.968140 0.221008 1.247532
-1.708408 0.192129 1.266662
-1.656407 -0.491190 1.232731
-0.919245 0.118592 1.190820
-0.926779 0.173123 1.170966
-0.941145 0.183553 1.185207
-0.919121 -0.497200 1.210810
-0.220375 -0.563274 1.224809
-0.219790 -0.533445 1.249449
-0.250219 0.165272 1.292997
-0.854324 0.210618 0.693561
-0.765005 1.417643 0.762308
-0.661124 1.376232 0.134592
-0.638724 1.416227 0.125968
-1.348809 -0.440672 0.130263
-1.353955 0.204404 0.160586
-1.286244 0.179952 0.832359
-1.221977 0.806616 0.854672
-1.248334 1.498108 0.870499
-1.349690 1.515822 0.885568
-1.339145 2.139528 0.897627
-1.245839 2.126522 0.903989
-1.174891 1.487620 0.880417
-1.216120 1.556502 0.821343
