-1.581111 0.382441 -3.882662
-2.302037 0.416672 -3.911816
-3.690803 0.408283 -3.878787
-3.675219 0.361566 -2.534038
-3.610999 0.943341 -2.495506
-3.559618 0.926929 -2.536836
-3.530670 0.885058 -1.229208
-3.487921 0.795383 -0.691869
-3.443460 0.716652 -0.714870
-3.439332 0.731711 -0.688138
-3.498262 -1.080612 -0.685507
-3.565590 -1.068742 -0.719809
-3.590229 -2.396459 -1.376934
-2.181035 -2.429534 -1.325272
-1.509852 -1.809752 -1.241082
-1.544492 -3.127409 -1.213790
-1.569536 -3.142373 -0.638042
-1.545432 -3.196946 -0.670158
-1.508740 -3.226160 -1.314842
-1.530304 -3.186994 -1.247845
-0.949919 -3.117122 -1.258659
-0.994381 -3.076081 -1.986498
-0.983198 -3.102759 -2.030890
-0.946898 -3.136766 -1.999974
-0.914834 -3.137780 -1.952953
-0.884270 -3.122951 -1.973747
-0.871450 -3.139442 -2.042446
-0.885057 -3.202087 -2.078190
-0.919251 -2.599061 -1.361316
-0.936371 -3.170725 -1.873871
-1.550439 -3.104852 -1.847467
-1.553232 -3.107891 -1.894777
-1.574532 -3.180367 -1.951743
-1.581666 -2.609863 -1.927832
-1.528599 -3.281149 -1.273695
-1.442492 -2.676000 -1.268299
-1.402675 -4.034978 -2.045886
-0.808159 -3.440313 -2.021614
-0.235413 -3.383993 -1.923032
-0.263322 -3.252941 -1.879360
-0.266731 -3.796284 -1.921964
-0.270101 -3.772993 -1.967079
-0.289463 -3.134893 -1.956505
-0.298042 -3.109956 -1.921560
-0.282772 -3.065227 -1.949982
-0.256748 -3.687666 -2.044187
-0.251171 -4.331899 -2.116427
-0.273755 -3.721775 -2.753576
-0.285047 -3.683502 -2.048242
-0.283482 -4.232471 -2.047888
-0.289161 -4.177027 -2.078235
-0.307664 -4.189757 -2.073186
-0.306860 -3.602291 -2.028024
-1.473019 -4.276240 -2.668586
-1.435564 -4.270029 -2.695514
-1.417863 -4.317393 -2.729146
-1.411848 -5.024969 -2.705975
-1.396092 -3.785434 -2.634478
-1.365915 -3.742903 -1.940909
-1.967646 -4.296932 -2.577634
-1.958384 -4.260142 -2.581925
-1.942881 -4.274965 -2.546744
-1.912210 -3.651278 -2.496570
-2.551372 -4.264594 -2.500097
-2.579220 -4.906148 -2.555843
-2.605893 -4.286543 -2.597958
-2.013899 -2.466721 -1.323399
-2.055743 -2.451722 -1.271681
-2.116691 -2.368118 -1.272118
-1.439271 -2.281006 -1.983275
-1.442673 -2.267605 -2.030092
-1.437635 -2.323132 -2.008324
-1.437493 -1.120928 -1.974396
-1.445452 -1.147838 -2.002169
-1.426772 -0.511361 -2.079184
-1.394351 -0.552210 -2.796999
-1.394201 -1.209092 -0.827306
0.411492 -1.227601 -0.796028
0.454204 -1.185232 -0.861001
0.536121 -0.472887 -1.513650
0.599314 -0.512235 -1.542597
0.611283 -0.585005 -1.514076
-0.026552 -1.245991 -1.508258
0.031771 -1.918350 -1.566710
-0.496396 -1.959020 -1.651097
-0.441557 -1.365580 -1.682494
-0.464150 -1.390316 -1.636563
-0.507096 -1.338237 -2.245325
0.172676 -1.242202 -2.285774
0.232706 -1.182231 -2.347066
-1.025797 -1.178696 -2.336629
-1.057309 -1.180129 -2.263517
-1.743270 -1.154298 -2.233535
-1.724802 -1.152230 -0.965931
-1.687894 -1.190355 -1.022160
-1.688350 -0.607216 -1.021515
-1.735999 -0.593265 -1.001870
-1.780234 -0.531104 -0.333949
-1.783866 -0.464766 -0.995900
-1.759654 -0.424448 -2.327628
-1.748865 -0.406694 -2.315288
-1.772322 -1.037033 -2.317682
-1.805394 -1.023286 -2.353541
-1.182089 -1.669052 -1.725710
-1.163552 -1.143444 -1.734010
-1.797935 -1.179327 -1.639186
-1.216638 -1.159604 -0.962149
-1.262480 -1.130638 -0.948860
-1.288988 -1.133628 -0.925346
-1.296775 -1.155361 -1.565146
-0.691597 -1.154977 -0.910276
-0.701153 -1.120632 -1.602231
-0.718989 -1.121506 -2.291358
-1.332770 -1.821092 -2.281009
-1.349157 -1.930880 -1.541988
-1.366759 -0.705423 -1.491574
-1.375208 -0.694208 -1.504946
-1.380485 -0.641868 -2.186022
-1.371459 -0.611173 -2.150111
-0.707797 -0.621343 -2.097319
-0.642583 -0.601071 -0.814005
-1.193283 -1.217624 -0.861543
-1.147364 -1.766598 -0.901947
-1.129299 -1.802256 -0.912710
-2.361009 -1.870476 -0.250266
-2.958531 -1.263665 -0.226060
-2.931842 -1.239346 -0.212240
-2.278480 -1.186470 0.428673
-2.297063 -0.489185 -0.869306
-2.317683 -1.092804 -0.885839
-0.997932 -1.038540 -0.900495
-0.952452 -0.975097 -0.266260
-0.916101 -0.999590 -0.265981
-1.618412 -1.114678 -0.301934
-1.671102 -1.243483 -0.333938
-1.698710 -1.315053 0.254179
-1.684604 -1.332632 0.896549
-1.689901 -1.348980 0.320579
-1.747308 -1.993597 -0.301691
-1.802528 -2.623198 0.354915
-0.550260 -1.905692 -0.304595
0.159152 -1.842177 0.319686
0.167146 -2.492057 -0.365123
0.099790 -2.552856 -1.027887
0.035838 -2.603719 0.251582
0.050187 -1.917718 -0.434566
0.117875 -1.891266 0.204162
0.128210 -1.882866 0.208200
-0.595001 -1.912809 -0.408268
-0.637648 -1.879495 0.247821
-0.557353 -1.772395 0.185181
-1.105924 -1.676321 0.118019
-1.091936 -1.672779 -0.549903
-1.181718 -1.090156 0.112832
-2.402494 -1.130262 0.772805
-2.365531 -1.091366 0.764579
-1.685288 -1.112439 0.751631
-1.713503 -1.153241 0.149607
-2.441903 -1.185779 0.259143
-2.466502 -1.139752 0.358301
-1.800506 -1.689486 0.384223
-1.791759 -2.819719 -0.292649
-2.458106 -2.762570 0.321827
-2.467766 -2.745627 0.337737
-1.222922 -2.768950 1.765535
-1.207866 -2.213414 1.199163
-1.205535 -3.543939 1.240633
-1.218318 -3.539328 1.244485
0.037616 -3.521146 0.628168
0.020647 -2.864450 0.692693
0.025850 -2.876811 0.721199
0.033671 -2.853586 0.695418
0.031403 -2.787555 -0.613890
0.710821 -2.742147 0.004780
0.732633 -3.444233 -0.012580
0.749762 -4.235503 -0.031656
0.060864 -4.287493 -0.005857
0.005701 -4.271868 -1.261668
1.223674 -4.239057 -0.555292
1.242196 -4.281020 -0.555419
0.651110 -3.708454 -0.615343
-0.025362 -3.679087 -1.343047
-0.061235 -4.226143 -0.808999
0.540279 -4.152488 -0.826472
-0.026213 -3.548056 -0.816951
-0.016919 -3.011557 -0.816041
-0.046225 -3.025446 -0.809611
0.545701 -2.361643 -0.769023
0.559910 -2.310585 -0.716886
0.611783 -2.289951 -0.652435
0.647822 -2.926209 -1.234300
0.662055 -2.905877 -0.051186
0.051781 -2.846514 -0.104923
0.083476 -2.173913 0.520999
0.758583 -2.167109 -0.081781
0.098738 -2.903182 1.318068
0.076949 -2.967330 1.289652
0.071051 -2.997847 1.922028
0.061714 -3.016560 1.957361
0.669324 -2.428530 1.999948
0.621330 -1.837528 1.971808
0.604924 -1.870059 2.520260
-0.016505 -1.802715 3.074190
-0.048048 -1.767918 3.078344
0.528726 -2.409287 2.481040
0.494792 -2.469586 2.524627
0.527278 -1.862486 1.248303
0.574391 -1.839704 1.246627
-0.042962 -1.833804 1.265053
-0.073168 -1.844987 0.651425
-0.038111 -2.443474 0.689569
0.048655 -1.744944 0.720476
-0.537910 -2.274973 1.368628
0.714967 -2.877431 1.368689
1.307023 -2.894110 1.393303
1.337168 -2.909567 1.463848
1.386353 -2.238621 1.535182
0.742441 -2.261576 1.552634
0.698003 -2.348088 2.184625
1.305161 -2.400452 2.139037
1.926624 -1.719671 2.126833
1.316561 -1.668978 2.140054
0.024769 -2.251232 2.104686
0.602534 -2.247186 2.012495
0.559027 -1.588083 1.951022
2.607363 -1.537884 1.960250
2.633501 -2.216630 1.997460
2.011342 -2.276707 1.336400
2.020088 -1.686636 1.221071
0.607411 -2.320696 0.449019
0.648683 -2.246467 0.482972
0.070441 -0.935200 1.187366
0.051013 -1.601216 1.185463
-0.004561 -1.638614 1.765373
-0.018254 -0.973634 2.365328
0.667818 -0.946146 2.391382
0.699212 -0.997772 2.470278
0.681800 -1.118417 2.524414
0.628559 -1.879728 1.859620
1.194081 -2.510968 1.865742
1.190834 -2.467734 1.919443
1.811579 -1.802862 1.974807
1.766117 -3.127959 1.981022
2.343676 -3.106680 1.942992
1.690288 -1.796159 2.582274
1.717328 -1.767801 2.600795
1.079341 -3.094602 3.290430
1.086137 -3.192820 3.287826
1.060913 -3.989151 2.628420
1.053096 -4.006219 2.617828
1.090996 -3.258279 3.317440
0.504974 -1.914451 3.304007
-0.104731 -1.889674 3.282240
-0.115085 -1.896962 1.961180
-0.103673 -3.145052 1.990849
0.576981 -3.099160 2.667894
0.618743 -3.022164 2.699643
0.616224 -2.991401 0.870781
-0.057154 -3.122470 0.257525
-0.097757 -3.230791 0.302953
-0.102906 -3.270014 0.309216
-0.110251 -2.601280 0.272676
-0.156327 -0.700577 -1.008370
-0.200400 -0.665416 0.331729
-0.175212 -0.670157 0.408820
-0.684031 -0.673424 0.449608
0.698010 -1.261095 1.075191
0.711576 -1.941143 1.075101
0.661300 -1.992056 1.111358
0.068135 -1.432058 1.175131
-0.561962 -1.439170 1.208463
0.082363 -1.426075 2.408944
-0.626156 -2.606981 1.692860
-0.037784 -2.635994 2.314810
-0.015494 -1.971716 2.382108
1.266469 -0.631190 2.471930
0.649775 0.034039 2.509750
0.615444 -0.608564 2.485876
0.556636 -0.663469 3.064613
1.188668 -0.678879 3.731084
0.032847 -0.637789 3.767567
0.654491 -0.594380 3.750111
1.260675 0.023807 3.687171
0.606537 0.022719 3.650838
-0.061364 0.729607 3.688073
-0.036833 0.769795 3.766885
2.489252 0.804189 3.803331
2.479631 0.813698 3.761727
2.503026 0.814518 3.704435
2.571536 0.805811 3.703837
1.991704 0.787713 3.734728
1.382546 0.769322 3.718445
1.341619 0.758954 3.040175
1.305263 0.756067 3.002005
1.306212 0.752253 2.981093
1.311390 0.759527 3.036447
1.275511 0.780641 3.048604
1.210631 0.203985 3.024050
1.193351 1.486263 3.025016
1.256738 0.844805 3.062179
1.339689 0.828126 3.087441
2.004426 1.482636 3.068807
2.558654 1.488192 3.024087
2.522069 1.464898 3.023821
2.562625 1.433083 2.415317
2.631348 1.437526 2.445363
2.657785 1.488181 2.418484
2.002194 1.547213 2.992014
2.017508 2.790053 3.634609
2.085692 2.740342 3.661659
2.153101 3.315330 3.031424
2.157021 3.909322 3.605331
2.106591 3.911281 4.141952
2.052932 3.898555 4.141917
2.035961 3.864353 3.554638
2.015637 4.491148 3.566341
1.952834 3.917411 3.530571
2.522509 4.002810 2.825458
2.515866 4.015868 2.854593
1.879407 3.929999 2.260821
2.557920 3.831095 3.535110
2.526127 3.801665 3.496065
2.483353 3.814783 3.479355
2.480006 5.001788 2.854002
2.504834 4.960637 2.226220
2.521078 4.967113 2.873380
2.508345 1.953464 3.526966
1.220903 2.046266 4.896315
0.640545 0.770667 4.285814
0.736519 0.721390 4.279905
0.790492 0.014662 4.247428
-0.477143 0.629853 4.867224
-0.484017 0.670774 5.501446
-0.465082 0.697553 4.218618
-0.457635 -1.173931 4.208785
-0.491848 -0.535755 4.196321
0.123691 -0.440144 4.826543
0.117810 -0.332066 4.881115
-0.467517 -0.317880 3.635919
-0.428138 -0.393450 3.587491
-0.448656 -0.449474 3.514006
-0.484436 -0.420427 4.149002
-0.506158 -1.004489 4.183822
-0.514178 -0.998599 4.219612
-0.551983 -0.409326 3.611850
-0.628316 -0.426863 3.624713
-0.683351 -0.342806 3.655338
-1.357932 -0.239794 3.719298
-1.305656 0.371843 3.783006
-1.291809 -0.398556 3.806008
-1.323816 0.235870 3.782660
-1.329491 0.228888 3.755702
-1.301818 0.274046 3.760134
-1.309121 0.285047 3.801888
-1.385898 0.255349 5.080896
-0.866550 0.257942 5.095310
-1.528436 -0.385572 5.080880
-2.152006 0.304548 4.393396
-2.121646 0.240703 4.381298
-2.145646 -0.543279 4.367762
-2.199043 -1.208550 3.068681
-1.563102 -1.178555 2.394698
-1.537444 0.690469 2.349510
-0.918413 1.361183 2.328718
-1.574280 -1.122126 2.354600
-1.637994 -1.067779 2.402834
-1.669188 -0.361268 2.420892
-1.661821 -0.337893 2.389767
-1.656825 -0.351413 2.352896
-1.041237 -0.328553 2.361481
-1.043163 -0.240323 2.379822
-1.005411 -0.147000 2.355262
-0.972024 0.510634 2.277301
-0.965316 0.487766 2.217197
-0.984934 -0.720178 2.242179
-1.008649 -0.017587 1.675313
-1.011442 0.039458 0.428624
-0.996932 -0.671087 0.372008
-0.976607 -1.375594 0.960330
-0.946236 -0.722295 0.942855
-0.301954 -0.693838 1.592630
-0.270822 -0.650083 1.584014
-0.259592 -1.292045 2.138252
-0.247108 -0.707174 1.430456
-0.836232 -0.731048 1.479153
-0.821119 -0.699328 2.239676
-0.196216 -1.303697 1.627169
-0.247507 -1.352748 1.592999
-0.273514 -1.435726 1.553550
-0.232671 -2.154696 1.582369
-0.163874 -1.492246 1.003514
-0.131365 -1.470085 1.013449
-0.159785 -1.488504 0.960136
-0.185004 -0.877627 0.952649
-0.164358 -0.897719 1.073211
-0.128054 -0.883402 1.195062
-0.125033 -0.875460 1.232721
-0.173738 -0.917523 1.761760
-0.214054 -0.995262 2.987108
-1.495478 -1.069648 2.393677
-1.412896 -1.102946 2.446478
-1.370166 -1.112255 2.426561
-1.401458 0.137299 3.001246
-1.440969 0.154163 2.348413
-1.415948 0.170277 2.404158
-1.367819 0.203347 2.457773
-1.378977 0.254260 2.413522
-1.444682 -0.349681 2.308787
-1.481127 -0.353488 2.240234
-1.445647 -0.360998 1.594159
-1.402615 -0.354411 1.607008
-1.397517 -0.336024 0.937963
-0.786344 -0.928286 0.867962
-1.442682 -0.900254 0.238491
-1.408072 -0.861063 0.311050
-0.728444 -0.835081 0.404536
-0.097355 -0.833688 1.009539
-0.126995 -0.848731 0.946923
-0.125603 -0.862566 1.563650
-0.751897 -0.863324 1.617849
-1.365045 -0.869468 1.685472
-0.702088 -0.254396 1.703880
-0.689537 0.387855 1.684946
-0.673012 0.411224 2.314665
-0.675356 -0.820512 2.344271
-0.709558 -0.753071 2.359217
-0.761601 -1.324933 2.323766
-1.379114 -1.303115 2.265948
-1.364430 -0.687880 2.257703
-1.367342 -1.268923 2.298734
-1.394156 -0.565136 2.332418
-1.428970 -0.499908 2.347949
-1.446774 -0.495354 1.717986
-1.453207 -0.514429 1.749562
-0.236746 -0.476215 1.131328
-0.911279 -0.426226 1.789466
-0.918334 -0.401072 1.798616
-0.880973 -0.438752 0.557718
-0.862960 -0.516122 0.543273
-0.886860 -0.580837 0.512305
-0.919094 -0.605755 0.483485
-0.926241 -0.616899 0.481058
-0.300527 -0.650613 0.470599
-0.314831 -1.368600 0.436773
-1.002566 -2.040822 0.395100
-1.035496 -0.655261 0.379111
-0.407102 -0.684135 0.405072
-0.395599 -2.017108 0.417988
-0.420398 -2.069854 0.383968
-0.465039 -2.119947 0.328106
-0.472320 -2.156323 0.321721
-0.443521 -2.187972 0.363152
0.198653 -2.210806 2.253196
0.184875 -2.223244 2.259820
0.177794 -2.232991 2.251182
0.211295 -2.249795 2.261350
0.253587 -2.268228 2.284838
0.256690 -2.265295 2.940112
0.233183 -2.239015 2.918734
0.249367 -2.222750 2.885792
0.302986 -1.595269 2.866789
0.343726 -1.604900 2.212776
0.976007 -1.561312 1.013362
1.600269 -1.476659 0.992413
1.632539 -1.430062 0.945051
1.689400 -1.447232 0.920080
1.070190 -1.459605 0.943111
1.665505 -1.423589 0.985229
1.625083 -2.025559 0.985570
1.650526 -2.013829 0.950423
1.053185 -2.049022 0.915481
0.418999 -2.070403 0.916601
1.011993 -2.034788 0.940102
0.957533 -1.982167 0.958736
1.623877 -1.964831 0.333831
1.685182 -1.334641 -0.913259
2.349188 -1.340413 -0.883312
2.303504 -1.328161 -0.845448
2.269279 -1.324401 -0.805075
2.319921 -1.972289 -0.765649
2.418401 -1.369325 -0.095192
2.470978 -1.389243 -0.710991
2.449887 -0.719770 -0.710338
2.440976 -1.302975 -0.724215
1.237601 -1.263031 -0.107163
2.636294 -1.252642 -0.111331
2.026004 -1.253641 0.493184
1.302448 -1.243542 0.472099
1.278662 -1.224868 0.458266
1.943551 0.029633 -0.799983
1.970724 0.015596 -0.787683
1.907873 -0.625458 -0.796344
1.811779 -0.033738 -0.842185
1.784275 -0.017392 -0.883520
1.827707 0.025573 -0.873168
1.830125 0.054704 -0.840011
1.744389 0.054579 -0.221795
2.344092 0.047108 -0.244525
2.355533 -0.596211 -0.851735
2.400440 -0.596522 -2.143925
2.382924 -0.628207 -1.471026
2.307643 -0.657153 -0.875406
2.282204 -0.659658 -1.550234
1.734168 -0.004887 -0.941656
3.068954 -0.617140 -0.246722
3.692107 -0.627828 0.417448
2.994170 -0.641181 0.417999
1.770309 -1.279438 0.407277
0.554716 -1.242162 -0.239261
0.598146 -1.239316 -0.212825
1.222290 -1.288170 -0.182816
0.533389 -1.337435 -0.176298
0.523847 -1.334627 -1.496602
-0.097706 -1.305288 -1.502897
-0.112860 -1.295116 -1.500276
-0.177097 -1.959488 -1.473019
-0.246298 -1.993945 -1.434523
-0.287461 -1.997481 -0.809800
-0.307766 -1.990141 -0.802191
-0.330848 -2.001164 -0.806490
0.295269 -2.034704 -0.153235
0.303875 -2.055032 -0.148675
0.343423 -2.035511 -0.159665
0.379515 -1.979856 0.500585
0.386490 -1.923019 0.502873
0.378240 -1.901626 0.530142
-0.185501 -1.305369 -0.115368
-0.147991 -1.311340 -0.714698
0.451769 -1.292465 -0.701728
0.446184 -1.218998 -0.677487
-0.139936 -1.234850 -0.650340
-0.113891 -1.922895 -0.640478
0.517363 -1.956073 -0.655575
0.524608 -1.942341 -0.691436
0.473501 -1.908787 -0.725947
1.046066 -1.298578 -0.761110
1.028511 -1.324226 -0.140863
1.036863 -1.332359 -0.160271
1.000659 -1.295897 -0.835947
0.908415 -1.256285 -0.193959
0.208970 -1.250400 -0.176119
0.224941 -1.265703 -1.460066
0.291387 -0.604319 -1.473144
0.324901 -0.572865 -1.501266
0.299124 0.679853 -0.838421
0.272990 -0.001007 -0.784477
0.302472 -0.019225 -0.742383
0.366373 -0.004352 -0.733105
0.381647 -0.006557 -0.729607
0.328588 -0.051091 -0.680973
0.266435 -0.102441 -0.618315
0.274252 -0.097094 -1.228636
-0.301859 -0.722382 -1.265560
0.337775 -0.719525 -1.299123
0.269866 -0.760617 -1.292759
0.838133 -0.782951 -1.282816
0.847417 -0.755230 -1.320919
0.269581 -0.732426 -1.399514
0.279124 -0.754520 -1.439323
0.220405 -0.807590 -1.419197
0.159923 -1.459974 -1.391008
-0.454103 -1.467620 -1.418669
-0.402571 -1.468283 -1.484664
-0.387249 -1.506115 -1.492498
-0.421440 -0.908198 -1.428868
-0.458351 -0.314589 -1.361238
-0.477967 -0.957554 -1.374507
-0.430063 -0.214616 -1.431365
-0.398238 -0.185033 -2.054802
-0.421196 -0.217534 -1.963161
-0.480545 -0.236385 -1.906314
-0.515015 -0.203019 -1.961531
-0.492491 -0.154128 -2.018183
0.813644 -0.167004 -1.320308
0.797238 1.075199 -1.829303
0.102927 1.073286 -1.810778
-0.598298 1.111724 -1.901785
-1.903105 1.114843 -1.963266
-1.225630 0.420916 -1.906230
-1.880062 0.404262 -1.807252
-1.298757 0.431660 -1.786128
-1.359800 1.093653 -1.852828
-1.360235 1.088311 -1.872415
-1.959047 0.388582 -1.822316
-1.932616 0.385375 -1.780263
-3.236449 -0.255264 -1.811525
-3.895071 -0.236948 -1.877375
-3.870564 -1.477064 -1.868848
-3.836837 -1.485286 -1.801926
-3.802881 -0.206659 -1.753530
-3.121954 -0.158426 -1.783800
-3.091130 -1.373953 -2.472451
-3.686048 -1.340706 -2.459318
-3.653954 -1.974314 -2.425948
-2.298568 -1.985956 -0.631119
-2.253498 -1.346637 -1.351614
-2.206205 -1.923124 -1.427632
-3.481077 -0.639215 -0.842394
-2.827917 -0.659620 -0.832988
-2.169823 -0.637864 -1.458301
-2.748351 -0.009005 -2.102109
-2.723063 -0.002051 -1.465373
-1.480102 -0.026488 -1.463427
-1.486374 -0.070269 -1.433535
-1.446661 -0.099224 -1.422141
-2.023084 -0.095300 -0.078561
-0.704487 -0.095813 -0.115682
-0.092740 -0.763722 -0.750461
-0.098661 -0.800249 -0.721143
-0.037686 -0.809622 -0.680283
-0.018307 -0.790321 -1.317632
-0.025028 -1.439613 -1.321095
-0.043180 -1.479533 -1.310911
0.559955 -1.522850 -1.928065
0.599879 -1.524142 -1.315987
0.619247 -1.488019 -1.382537
1.236477 -1.407911 -0.801236
0.563814 -1.402619 -0.195750
0.545545 -1.391734 -0.174081
1.197220 -1.328829 -0.150216
1.185394 -1.245066 -0.175112
1.166772 -2.534783 -0.895974
1.161724 -2.550554 -0.920471
1.188989 -2.550553 -0.939837
1.237010 -2.513733 -1.011360
1.270506 -1.843165 0.156793
0.639867 -3.095707 0.025729
0.653856 -3.158432 -0.030414
0.672889 -3.198117 -0.019024
0.681473 -1.917172 -0.678927
0.673911 -2.600003 -0.674177
0.653272 -2.652320 -1.275607
1.250812 -2.704643 -1.205191
1.240926 -2.073314 -1.826682
1.243140 -2.050506 -1.853926
1.225229 -2.672398 -2.544111
1.174230 -2.671008 -2.544296
1.125748 -2.043569 -3.130768
1.121965 -2.024899 -4.400663
1.124959 -2.001330 -4.932975
1.733003 -1.371452 -4.878086
0.423877 -2.000930 -4.836963
-0.209189 -2.034202 -4.776156
-0.215661 -2.046705 -4.153421
0.404912 -2.655824 -4.156796
-0.234209 -2.639261 -4.203207
-0.237735 -2.644049 -3.591265
-0.821598 -2.026139 -2.352535
-0.847378 -2.073770 -2.335827
-0.849873 -2.717013 -1.612779
-0.848839 -2.713070 -0.949224
-0.811648 -2.710659 -1.575896
-0.742686 -2.728973 -1.502407
-1.304540 -2.744527 -1.428390
-1.296527 -2.720212 -1.387064
-1.952834 -2.667737 -1.390238
-1.957894 -2.001911 -1.428386
-1.940287 -2.002157 0.380494
-1.951495 -2.021970 0.388482
-2.013547 -2.023029 0.433871
-2.082653 -2.019991 0.489515
-2.098414 -2.026799 0.532698
-0.768338 -2.043722 0.560310
-0.741894 -2.693531 0.593505
-0.140158 -2.690608 -0.020154
-0.191293 -1.388301 0.643604
-0.205743 -1.407253 0.600759
-0.188417 -1.397927 0.536487
0.467327 -1.354905 0.543439
0.426625 -0.680345 0.548200
0.401277 -0.704887 0.571247
-0.834050 -0.741751 0.581109
-0.085695 -1.409152 -0.071794
-0.009726 -1.411546 -0.075585
0.019084 -0.808234 -0.088080
-0.628838 -0.867396 -0.115579
-0.624075 -2.174534 0.451606
-0.633830 -2.145030 0.396117
-0.675652 -1.479269 0.423821
-0.735584 -0.848847 1.667099
-1.392632 -0.885404 1.660599
-1.372775 -0.895707 2.856857
-1.300293 -0.889747 1.674832
-1.232747 -0.906104 1.047836
-1.203936 -0.931760 1.068908
-1.203850 -0.920610 1.054658
-1.220136 -1.469387 1.733641
-1.250668 -1.415815 1.706105
-1.280499 -1.401548 1.669619
-1.300699 -0.145196 1.673214
-1.326856 -0.134240 1.727905
-1.998936 0.500821 2.447168
-1.365774 -0.099753 2.478428
-0.706283 0.537731 2.496685
-1.318267 0.507495 2.557603
-1.317864 -0.137872 2.558779
-0.734567 0.509473 1.900467
-0.756749 0.526356 1.846403
-0.125310 -0.101625 1.811359
-0.133908 -0.116364 2.449777
-0.799994 -0.094475 2.453491
0.557725 -0.060764 2.446790
1.842450 0.518570 2.435758
1.286915 1.142485 2.429028
1.322771 1.104849 2.410561
1.298652 1.111064 2.363534
1.240109 -0.119513 2.305975
0.582455 -0.115354 2.894811
0.574518 -0.127006 2.863845
0.554612 1.133883 2.852382
0.523038 1.115998 2.212785
1.122070 1.105493 2.217017
1.169681 1.098727 2.234687
0.624901 2.413191 2.267983
1.237756 2.365923 2.305555
1.197825 1.831829 1.678196
1.157568 1.208621 1.100938
1.166659 0.545208 0.499445
1.191627 0.550024 1.133382
1.194564 0.570836 1.146110
0.550218 -0.093762 1.197822
0.548714 -0.124989 1.227395
0.591369 0.417976 0.562513
1.272111 1.058961 0.532328
1.273019 1.043290 0.533076
1.908747 -0.223035 1.231991
1.872977 -0.219617 1.216966
1.856351 -0.255113 1.770037
1.843240 0.390083 1.700584
1.830677 -0.216746 1.696820
1.189815 -0.182686 1.758126
1.179102 0.398526 1.791346
1.204179 0.339991 1.765107
1.265937 0.347540 1.727717
1.337808 0.430852 1.742532
0.071348 1.146083 0.498355
0.079910 1.143158 0.527581
-0.561332 1.138640 0.470274
-0.565606 1.835346 0.407829
-0.550608 1.918815 0.437473
-0.520168 1.944496 0.531581
0.176382 1.207049 0.581623
0.189373 0.495388 0.560683
-0.490768 -0.133195 1.160174
-1.153324 1.262001 1.131597
-1.172270 1.253831 1.136826
-1.193913 1.184912 1.129830
-1.205171 1.148408 0.447610
-1.883808 1.182846 0.388170
-1.992083 1.846370 1.607600
-2.678002 1.821299 1.606302
-2.689936 1.746364 1.032895
-2.645234 1.082800 1.079988
-2.625608 1.100960 1.084761
-2.668598 1.125342 0.420740
-2.798572 1.119207 0.407939
-2.818242 0.456857 0.410253
-0.793471 0.462632 0.422114
-0.829441 0.490115 0.429043
-2.146678 0.506913 0.429111
-2.203504 0.503763 0.432866
-2.742208 0.499904 0.465140
-2.706320 0.498697 0.516248
-3.343823 -0.754965 0.562041
-2.735033 -0.794263 3.095532
-2.768627 -0.153215 3.089189
-2.767563 -0.095927 3.139969
-2.706566 -0.050480 3.180056
-2.645197 0.544533 3.183051
-2.639268 0.470960 3.182684
-2.677429 1.090619 3.231205
-2.698392 1.145090 3.321604
-2.679310 1.179742 3.387797
-2.650199 1.139109 3.403555
-2.647921 1.071055 3.391431
-1.978322 1.084463 4.048941
-2.652432 1.177267 4.085717
-2.626749 0.586264 2.838072
-1.945120 1.144321 2.829711
-1.970439 1.063531 2.804182
-1.994573 1.047160 2.792148
-2.010593 1.087278 3.469954
-2.025770 1.775089 3.477449
-2.033435 0.403603 3.452711
-1.443403 0.325724 3.403901
-1.428624 -0.287110 3.974235
-1.400034 -0.206553 3.953463
-1.384005 -0.205213 3.252534
-1.386050 -0.244448 3.194925
-1.400823 -0.286127 3.143272
-1.407983 -0.945401 3.724771
-2.037214 0.364940 3.688531
-2.047533 0.384649 3.668505
-1.431674 0.384091 4.951067
-1.438955 0.389302 4.973943
-1.404807 0.425457 4.358925
-1.341825 0.488967 4.368591
-1.315127 0.530562 4.378426
-1.343459 -0.133057 4.391878
-0.752076 -0.161441 4.402238
-0.770409 -0.176314 3.755566
-0.751816 -0.161246 3.760181
-0.762343 -0.155146 3.800667
-0.817996 0.459914 3.842230
-0.854439 0.429483 3.179004
-1.449897 0.430402 3.172712
-1.387416 0.484061 3.152574
-1.385920 1.174675 3.145872
-0.828510 1.156040 3.129435
-0.886585 1.126501 3.077195
-0.880381 1.789657 2.998849
-1.481703 1.850255 2.935674
-1.494395 1.899331 2.929691
-0.896312 1.917893 2.951851
-0.904853 2.587527 2.961289
-0.862742 3.819968 2.953325
-1.451355 3.254635 2.293965
-2.749318 3.287625 2.338418
-2.785502 3.272769 2.389416
-2.796208 1.983202 2.405656
-3.405147 1.948067 2.462858
-3.399569 1.913942 2.445582
-3.435521 2.488249 2.467550
-3.454231 2.427808 2.506824
-2.791662 2.384901 2.527051
-2.741257 2.375592 1.261133
-2.718462 2.378854 1.215790
-3.395389 2.368674 1.179902
-3.451670 2.344508 1.169777
-2.145697 3.009655 1.149666
-2.181415 3.039927 1.095179
-2.236833 2.416802 1.040527
-2.275332 2.404916 0.414164
-2.258898 3.613223 0.496223
-2.220709 4.229227 0.576282
-2.845445 3.641326 0.602691
-2.829526 3.740890 0.591705
-2.792870 3.109785 1.213075
-2.743992 3.726356 0.655421
-2.737521 3.070231 0.677955
-2.781656 3.097217 1.259368
-2.841789 3.757689 1.257566
-2.233878 3.718812 0.075613
-2.226443 2.985917 0.124289
-2.271010 2.265417 0.149207
-2.345478 2.891789 0.137616
-2.384790 2.285452 0.095405
-1.699715 2.941081 0.059813
-1.671787 2.931729 0.042550
-1.738347 1.639359 0.020968
-2.497533 2.295062 -0.008839
-2.548686 2.276885 -0.031321
-3.110228 1.582792 -0.018969
-1.105557 1.567437 0.021220
-1.132740 1.568371 0.052927
-1.168834 2.236511 0.076261
-1.764684 0.911469 0.105664
-1.651195 0.929946 0.146919
-1.562106 0.339412 0.187018
-1.567823 1.033048 0.202908
-3.454932 1.053176 0.214516
-3.470163 1.034493 0.229931
-3.425223 1.000739 0.241736
-3.388316 0.981719 0.241892
-3.428475 0.929959 0.221130
-2.206744 0.961281 0.197698
-2.261807 0.962059 0.179021
-2.236315 0.940502 0.168822
-2.235894 0.949759 0.163563
-2.265438 1.008404 0.148101
-2.336333 1.048280 0.127160
-2.377784 0.345243 -0.507403
-2.368891 0.293676 -0.482980
-2.373622 2.274190 -0.446423
-3.043960 2.331024 -0.418728
-2.457100 1.741715 -0.401406
-1.807447 1.720962 0.249253
-2.386188 1.067523 0.286091
-2.342661 1.146364 0.302221
-2.944564 1.220658 -0.347469
-2.922647 1.787301 -0.339125
-1.647226 1.681094 -0.341539
-1.595540 1.614166 -0.350364
-1.537231 1.606290 -0.344638
-2.161005 -0.209432 0.302700
-2.187693 -0.226880 0.289132
-2.209407 0.399598 0.256516
-2.182476 0.418836 0.228440
-2.130544 0.500136 0.230139
-2.106236 0.555343 0.236368
-2.137802 0.504114 0.216318
-2.197507 0.403909 0.192352
-2.881851 0.388329 0.211363
-2.880272 -0.190466 0.278949
-2.225174 -0.140398 0.308447
-1.607847 -0.179902 0.271758
-0.988952 0.373183 0.221708
-0.970414 0.416541 0.219139
-0.919893 -0.102965 0.271957
-0.874898 -0.038765 0.294801
-1.517571 -0.093097 -0.380558
-1.513394 -0.189615 -0.431346
-1.513120 0.420123 -1.075243
-1.490787 0.469077 -0.374043
-1.453405 -0.129759 0.269511
-0.800653 -0.173715 -1.050663
-1.502956 -0.228196 -1.134287
-1.547005 -0.890519 0.069806
-1.554618 -0.852991 0.094946
-1.501896 -0.799693 0.089044
-1.440303 -0.830766 0.048380
-1.433349 -0.878290 -0.011398
-1.484511 -0.889144 -0.004681
-0.880628 -0.867125 0.050943
-0.854647 -0.846458 0.058893
-2.110520 -0.845702 0.006511
-2.755048 -0.850814 -0.035095
-2.168254 -0.851133 -0.626709
-2.201732 -0.230315 -0.521480
-2.184254 -0.222700 -0.463378
-2.143218 -0.237019 -1.125551
-2.143123 -0.277000 -1.169478
-0.891022 -0.306648 -0.485758
-0.974043 -0.286872 -0.404140
-1.003386 -0.242173 -0.353926
-0.319906 -0.229239 -0.378334
-0.299851 -0.246435 -1.716535
-0.277760 -0.244220 -1.680605
-0.312895 -0.186551 -1.609334
-0.294464 -0.133979 -0.961038
-0.229663 -0.140487 -1.039866
-0.218672 -0.164922 -1.099126
-0.307616 -0.729859 -0.478896
-1.064685 -1.242398 0.204981
-1.080711 -1.183775 0.168049
-1.014829 -0.540533 1.354386
-0.963874 -0.557039 1.280948
-0.976584 -0.562981 0.000830
-1.008272 -0.462971 -0.011303
-0.987348 0.728823 -0.058197
-0.923129 0.699818 -0.116390
-0.894765 0.623649 -0.136265
-0.940321 0.529104 -0.101499
-1.632686 1.070702 -0.075746
-1.633155 1.101452 -0.100461
-1.585887 2.335669 -0.145142
-0.904397 2.336654 -0.785411
-0.908274 2.286003 -0.783971
-2.240558 2.243995 -0.797538
-2.219460 2.265979 -0.815269
-2.183665 2.321839 -0.802187
-2.185436 1.026486 -0.110031
-1.611685 1.006558 -0.085625
-1.686450 0.982710 -0.083688
-2.290960 0.466720 -0.069558
-2.238467 0.589813 -1.931642
-2.187735 0.628102 -1.871114
-2.180097 0.544012 -1.221331
-2.191440 1.092156 -1.220721
-1.554948 1.097238 -1.195360
-1.496932 1.151984 -1.135984
-1.457150 1.150605 -1.092136
-1.477243 1.082105 -1.101917
-1.525679 1.041718 -1.134117
-1.530349 1.108216 -1.126002
-1.472618 1.222136 -1.101343
-1.413906 -0.563568 -1.096554
-1.415679 -0.623036 -1.123345
-1.437242 -0.707133 -1.132532
-1.426914 -0.705918 -0.475225
-1.410196 -0.632564 0.181853
-2.067495 0.027741 0.175092
-2.121692 -0.669541 -0.493873
-2.170234 -0.666364 -0.501140
-2.173474 -0.592284 -0.474499
-2.149953 -0.507731 -0.468535
-1.520439 -0.514164 -0.514632
-2.168257 -0.605834 -1.236282
-2.778317 -0.679077 -1.254240
-2.126834 -0.688621 -1.235697
-1.470806 -0.684189 0.032337
-1.476816 -0.715957 0.000909
-0.209803 -0.120385 -0.030990
-0.235509 -0.134361 -0.030629
-0.215565 -0.089747 -0.019045
0.445839 -0.055734 0.524910
0.482312 -0.086463 0.478876
-0.102748 -0.142587 1.069081
-0.064474 -0.153063 1.070585
-0.002087 0.534893 1.086726
0.058080 -0.080879 1.100524
0.087199 -0.113125 1.119553
0.085702 -0.104565 1.146772
0.084367 -0.028767 1.170708
0.717712 0.053765 1.787167
0.763500 0.079938 1.130731
0.817011 1.283251 1.103042
0.843137 1.291061 -0.154363
0.840480 1.320780 0.438804
0.830533 0.658715 0.411631
