1.417368 0.819117 0.258301
1.435578 1.454461 0.216715
2.088828 1.399844 0.212214
1.396581 1.343550 0.257283
0.728610 0.681867 0.318074
0.125539 0.690164 0.925564
1.416215 0.041475 0.263698
1.431195 0.093254 0.222923
0.096901 -0.462717 0.257715
0.052804 -0.431062 0.986645
0.001304 -0.455206 1.031341
0.651034 -0.523137 1.639874
1.317202 0.138739 1.033184
1.311401 0.146746 1.142999
1.236190 0.146710 1.289226
1.794342 0.135641 1.368446
1.143619 0.154098 0.690482
1.175996 0.210588 1.328643
1.204025 0.260427 1.350392
0.535434 0.241536 1.409276
0.506306 0.171419 1.445300
0.534900 0.134361 1.416792
0.611604 -0.470041 1.374900
0.672870 -0.457412 1.365644
0.663605 0.751908 2.025455
0.631085 0.717306 2.019101
0.637041 0.722171 1.946219
0.673460 0.788933 1.246265
0.724600 0.864315 1.211178
0.751714 0.876436 1.821566
0.766752 0.828510 1.814762
0.789475 2.050495 1.154001
0.821302 2.087860 0.452483
0.863120 2.777636 0.438974
-0.400224 2.786867 0.438528
-0.988324 2.750307 -0.166792
-0.961057 2.067401 -0.171194
-0.323304 2.765381 -0.177581
-0.324408 3.524201 0.480880
-0.316227 3.572226 0.493942
0.306052 2.334317 0.526506
0.305231 2.329305 1.159907
0.909730 2.321745 1.149819
0.946131 2.322316 1.128018
0.947301 2.325586 1.118266
0.911243 2.953170 2.341394
0.882275 2.928518 2.945471
1.523128 2.376036 2.321149
1.486865 1.761482 2.923085
1.434181 1.788652 2.908367
1.391293 2.408403 2.889241
1.391002 2.355440 2.875470
1.395183 2.296982 2.893786
1.389416 2.269142 2.949685
1.352280 1.597920 3.003306
1.310509 1.590545 2.377938
0.685026 0.247066 3.051335
0.053271 -0.459519 2.395958
0.093281 -0.465263 2.433660
0.108342 -0.401373 2.519057
0.739452 -0.427148 2.486093
0.801310 -1.102124 2.413846
0.869372 -0.520604 2.992767
0.281661 -0.553033 3.018134
0.275490 -0.569081 3.068771
0.267560 -0.562866 3.079829
-0.329321 -0.543858 3.051625
-0.321799 -1.146860 1.804784
-0.938232 0.122415 1.823635
-0.318140 0.147395 1.815666
-0.292549 0.897486 1.109257
-0.251021 -0.422937 1.056910
-0.223584 -0.397018 1.056155
-0.227780 -0.393721 1.110645
-0.235298 -0.372768 1.148229
0.436576 0.330051 0.540504
0.439730 0.367327 0.527171
0.410018 0.374318 0.520772
-0.303915 0.341234 0.526991
-0.289512 0.973341 0.519624
-0.227403 0.944538 0.504910
-0.180561 2.318719 0.492700
-0.193303 2.284973 0.509278
-0.234297 2.237262 0.547932
-0.236088 0.913048 0.582418
-0.193275 2.163030 0.613261
-0.202346 2.185018 0.633878
-0.293040 2.834910 0.639488
-1.042187 1.597938 0.633912
-1.022952 1.588850 0.631892
-1.573770 2.241102 0.623207
-0.858717 2.239039 0.591834
-0.234871 2.243062 0.546411
-0.905378 2.253363 0.525705
-1.486554 1.635422 0.558300
-1.420622 0.369814 1.259852
-1.440886 1.022621 1.266810
-0.886428 1.030773 1.228100
-0.951501 1.032645 1.216536
-0.956271 0.991259 1.263084
-0.871439 -0.346640 1.312737
-0.826161 -0.392457 1.289789
-0.827106 -0.418035 1.221933
-0.803952 -0.412623 1.190177
-0.739255 -0.376437 1.244228
-0.684110 -0.319746 1.320808
-0.698437 -0.265263 1.333007
-0.768899 -0.252050 0.013432
-0.202994 -1.497679 -0.008332
-0.197766 -1.515594 0.023181
0.463264 -0.902585 0.056602
-0.149495 -0.258558 0.043925
-0.173347 -0.246541 -0.011337
-0.169288 -0.209544 -0.055485
-0.161586 -0.171160 -0.056565
0.404368 -0.142072 -0.047069
0.337166 -0.130600 -0.051094
-0.289330 -0.131479 -0.057165
-0.288333 -0.139777 -0.037741
-0.246897 0.458109 -0.603753
0.445671 0.389710 -0.564755
1.134715 -0.320060 0.091643
1.756081 0.265906 0.082065
1.146614 0.822582 0.052180
0.581268 0.795751 0.017547
0.631594 0.808874 1.278635
0.618949 0.849918 1.262715
0.578130 1.543272 1.254009
0.540214 0.354220 1.262694
-0.093197 0.367179 1.300847
-0.084975 -0.345383 1.354005
-0.053189 -1.023881 1.353779
-0.039008 -0.338699 1.302175
-0.013410 0.261234 1.265933
-0.603040 0.890708 1.267797
-0.538835 0.879595 1.285438
-0.487960 -0.328610 1.276470
-0.484872 -0.299619 1.247595
-0.519896 -1.529416 0.038816
-0.545389 -1.516926 0.071041
-0.527331 -1.530435 1.312327
-1.123972 -1.533429 1.284166
-1.103659 -0.905020 1.906669
-0.550981 -0.263640 1.885096
-0.567427 -1.531082 2.484550
-0.540591 -2.157628 2.478977
-0.524526 -2.771513 3.072604
0.728001 -2.716216 3.003369
0.609356 -3.326479 2.975981
0.532153 -2.697227 3.035559
1.134215 -2.701557 3.123816
1.158785 -2.050277 3.167333
1.123036 -2.703738 3.148271
1.053531 -2.756990 2.485682
1.022632 -3.429866 1.870703
0.439970 -2.790603 1.902079
0.484810 -2.090793 1.876568
0.434623 -2.050860 1.803167
0.305444 -2.701075 2.434254
-0.452630 -2.732854 2.482899
-0.460978 -2.073862 2.538822
-0.446540 -2.057717 2.537924
-0.458523 -2.109644 2.498138
0.126396 -1.622589 2.475204
0.124179 -1.711337 2.496457
0.176934 -2.341882 2.514010
0.236367 -3.513231 2.490381
0.234946 -3.479380 1.784426
0.180386 -4.124585 2.406639
0.174690 -4.141040 2.436594
0.220389 -4.090816 2.478999
0.248272 -2.703111 2.488876
0.831379 -2.691770 2.464780
0.828933 -2.787028 2.437392
-0.311509 -3.456946 2.434551
-0.247686 -4.026354 2.433516
-0.244789 -3.299411 2.400804
-0.270021 -3.838367 2.334744
-0.258470 -3.840863 2.289394
-0.219476 -3.824138 2.301764
-0.198733 -3.746777 3.581027
-0.851741 -3.036715 2.909645
-0.851386 -3.039854 4.138836
-0.805039 -1.267966 4.109749
-1.345288 -1.336766 4.157276
-1.299783 -1.345034 4.185559
-1.282043 -1.344669 4.134129
-1.281070 -1.387011 3.444624
-1.287719 -2.061400 3.427393
-1.293464 -2.059259 3.517049
-0.665975 -2.021766 3.583243
-0.676868 -2.024380 4.164373
-0.711043 -2.085037 4.095692
-0.729352 -2.134188 3.465875
-0.102618 -0.925316 3.584764
0.588595 -0.297594 3.666315
0.589350 0.973496 3.650634
0.537063 0.923021 3.606079
0.490080 0.913667 3.646938
0.492047 0.962137 3.765164
0.506764 1.009074 3.824725
0.469020 0.361064 3.132842
0.381349 0.319697 3.087336
0.341387 -0.962344 3.133215
-0.225546 -0.950421 3.875553
0.449400 -0.337114 3.902069
0.466547 -0.368587 2.545840
-0.163222 -0.348476 2.480706
-0.768792 -0.250998 2.479956
-0.704802 -0.149325 2.499761
-0.649978 0.535580 2.467326
-0.648468 0.496636 1.778453
-0.062484 0.464156 0.464397
-0.071893 0.455448 0.541293
-0.060920 0.421837 0.634062
-0.063679 0.337919 0.657684
0.543966 0.255218 0.619889
-0.067505 -0.389194 0.583838
-0.061229 -0.937749 0.572416
-1.326269 -0.842147 0.552973
-1.365807 -0.190255 0.488311
-1.440695 -0.876774 0.420895
-1.503120 -0.895283 0.422792
-3.357376 -0.906332 0.498344
-3.355741 -0.937814 0.589517
-2.742444 -0.993130 0.625906
-2.775313 -1.030748 0.633751
-2.773632 -0.372207 0.663771
-2.735818 -0.323454 0.699964
-2.694108 -0.309700 0.714740
-2.696256 0.312209 0.679887
-2.713132 1.634133 0.643520
-2.685651 2.951044 0.664118
-2.608001 2.957184 0.738711
-2.545176 2.256668 1.388540
-2.553085 2.166312 1.388891
-1.965808 0.858413 1.358536
-1.958439 0.859096 1.341894
-1.930542 0.205468 1.347089
-1.935009 0.232524 2.562931
-2.631278 0.279893 2.490244
-2.029273 0.320910 2.404674
-2.026510 0.318152 2.397497
-2.005625 0.916991 1.832737
-2.029897 0.851349 1.886520
-2.095364 0.804676 2.496563
-2.137170 0.169574 2.504839
-2.119922 0.174557 2.552652
-2.091032 0.176858 1.353749
-2.116456 -0.432186 1.375123
-2.187244 0.265606 1.326029
-1.610047 -0.955532 1.280437
-0.374813 -0.898667 1.297867
-0.979683 -0.926332 1.327700
-0.962204 -0.979728 1.314036
-0.378559 -1.634213 1.278734
-0.415158 -0.926432 0.638349
-1.038289 -0.863147 0.669708
-1.006122 -0.850055 1.283120
-0.994527 -0.839552 1.849619
-1.017403 -0.175070 1.155472
-1.049058 -0.743707 0.545392
-1.048493 -0.696262 0.566157
-1.010008 -0.124059 1.193901
-0.966883 -0.847491 1.191411
-0.951594 -0.880627 0.603021
0.408923 -0.243886 0.652114
0.405649 -0.225880 1.318358
0.431290 -0.854556 0.165227
1.149317 -0.857830 0.137787
-0.090868 1.126677 0.107094
-0.103191 1.145753 0.085926
-0.128575 1.735879 0.082757
-0.126991 1.678327 0.105031
-0.079293 1.632507 -0.473384
-0.010150 1.641421 -0.469474
-0.625660 1.644595 0.125248
-0.628048 1.628585 -0.488066
-0.637653 1.618354 -0.452498
-0.620542 1.659962 -0.466799
-0.580637 2.266720 -0.532113
-0.567875 2.292656 -0.586926
-0.610539 2.292091 -1.271509
-0.000359 2.313609 -1.246978
0.013588 2.379284 -1.261481
0.068387 1.804467 -1.289310
0.092493 1.829311 -1.906209
0.043233 1.827536 -1.861241
-0.036886 1.846646 -1.843264
-0.094697 1.263365 -1.889903
-0.126774 0.030329 -1.959450
-0.817497 -0.578485 -1.998023
-0.869726 -0.608002 -1.996237
-0.906541 -1.288845 -1.996764
-0.902997 -1.273318 -1.391330
-0.870896 -1.225768 -1.421382
-2.063426 -1.211704 -1.433027
-2.051120 -0.631986 -1.429266
-2.020850 -0.048490 -0.818064
-1.981860 -0.084515 -0.828222
-1.947500 -0.097057 -0.190647
-2.554093 0.513179 -0.183954
-3.186419 0.497910 -0.163535
-3.149051 0.498708 -0.794302
-3.100405 0.511015 -1.422309
-3.689696 0.519180 -1.421552
-3.688956 -0.128273 -1.999026
-2.437439 -0.155143 -1.955742
-2.487039 0.468531 -1.931932
-1.889380 -0.171760 -1.932279
-1.939140 -0.201700 -1.919586
-1.970676 0.974938 -0.631636
-2.001724 2.245821 -0.593429
-2.030095 1.687766 -0.606297
-2.040276 3.074144 -0.601034
-2.029439 3.095513 -0.569341
-2.021000 1.754905 -1.768722
-2.037498 1.764522 -1.757729
-2.060879 1.815183 -1.795763
-1.429584 3.102174 -1.825090
-1.406854 3.030621 -1.824706
-2.019763 2.947770 -1.819053
-1.381061 3.578373 -1.848790
-2.043221 3.623915 -1.887120
-2.021220 4.253787 -1.890282
-1.946042 4.167960 -1.867232
-1.894619 4.113986 -1.856580
-1.921172 3.532975 -3.133654
-1.959724 3.594397 -2.541650
-1.939968 3.548694 -2.532267
-1.866695 3.434219 -2.485671
-1.812436 2.188319 -2.460627
-1.832566 2.204750 -3.114662
-1.863032 2.903544 -3.174823
-1.833301 2.881310 -3.180802
-2.394762 2.191013 -3.125873
-2.378985 2.190306 -3.095317
-2.444133 2.241537 -3.119548
-2.503012 2.268772 -3.146021
-2.496314 2.244118 -3.111975
-2.462213 2.228429 -3.059438
-2.495790 2.250115 -3.066906
-2.595503 2.288422 -2.494480
-2.653684 2.966459 -2.449641
-2.622633 2.977828 -2.415786
-2.575428 3.008110 -3.012640
-3.231249 2.430730 -2.438816
-2.665870 2.461422 -1.857971
-2.690767 2.468384 -1.842053
-2.043209 2.467405 -2.444534
-0.780493 2.466691 -2.475310
-0.782649 2.469322 -1.919591
-0.814630 2.479916 -2.577931
-0.835338 2.491941 -3.195457
-0.823863 2.486582 -3.214472
-0.806848 1.092145 -3.281899
-0.151326 1.081972 -2.715529
-0.168390 -0.232706 -2.702435
-1.446372 -0.186071 -3.281618
-1.404864 -0.814404 -3.253124
-1.382355 -0.244603 -2.627493
-2.025678 -0.240981 -2.627977
-2.042094 -0.816118 -2.585917
-1.402020 -0.763546 -2.531335
-2.033901 -0.801112 -2.521895
-2.033303 -0.881252 -2.559419
-2.659869 -0.902209 -2.593513
-1.999209 -0.845268 -2.565370
-1.977498 -0.799036 -2.495427
-1.981573 -0.828095 -2.443438
-2.000281 -0.868357 -1.830017
-1.368830 -0.842779 -1.841667
-2.034475 -0.757354 -1.827648
-2.061614 -0.719646 -1.792974
-1.454971 -0.778102 -1.148690
-1.482498 -0.843012 -1.192710
-2.084557 -0.837196 -1.268982
-1.426696 -0.788815 -1.304410
-1.443072 -0.795471 -1.294687
-1.476701 -0.859165 -1.280105
-1.491998 -0.269864 -1.277931
-1.477290 -0.871042 -1.263358
-1.480558 -2.018042 -1.197868
-1.508743 -2.015840 -1.115725
-1.527458 -1.427356 -1.072880
-1.499869 -1.430305 -1.091952
-1.438599 -1.985099 -1.143989
-1.410985 -1.902871 -1.163245
-1.435508 -1.926569 -1.780536
-1.470118 -0.748555 -1.116086
-1.466633 -0.729587 -1.122541
-1.449836 -1.909017 -1.130061
-0.860555 -0.583593 -1.098688
-0.921445 -0.639779 -1.051938
-0.948815 -0.728320 -1.028357
-1.628840 -0.725229 -1.058391
-2.179737 -0.647735 -1.131300
-2.143453 -1.250892 -1.185690
-2.133360 -1.322310 -1.189091
-2.117161 -2.115533 -1.173333
-2.095555 -2.185076 -1.175835
-2.094101 -1.502058 -1.853024
-2.101140 -1.467321 -1.867603
-2.080222 -1.531493 -1.848882
-2.016840 -0.982174 -1.838475
-1.955930 -1.027222 -1.878703
-1.948368 -0.312497 -2.569590
-2.566114 -0.248510 -2.639781
-2.564362 -0.286497 -2.655138
-2.537363 -0.377219 -2.628084
-2.520601 -0.390095 -2.607073
-2.558685 -0.300514 -2.612673
-2.632811 -0.224888 -2.613229
-2.688870 -0.234181 -1.930648
-2.714353 -0.286785 -1.856347
-2.665681 -0.291626 -1.827486
-2.639046 -0.265436 -2.508212
-2.647896 -0.207965 -2.586934
-2.665596 -0.208877 -2.599092
-2.659291 -0.254764 -2.544578
-2.641967 -0.263657 -2.512990
-2.669303 -0.220002 -1.926066
-2.739310 -0.179405 -1.940729
-2.792483 -0.197170 -1.897424
-1.494717 -0.271313 -1.801407
-1.459408 -0.316825 -1.773828
-1.431621 -0.258750 -0.615485
-1.429238 -0.192985 -0.742654
-1.439430 -0.191356 -0.779773
-1.432840 -0.257608 -0.716973
-1.411559 -0.273398 -0.651119
-1.415870 -0.183025 -0.639308
-0.819813 -0.061183 -0.644647
-0.845592 -0.016985 -0.615106
-0.841456 -0.048811 -0.543832
-0.820387 0.541753 -0.487098
-0.815096 0.577108 -1.167176
-0.832507 0.605427 -0.590347
-0.860755 0.550062 -0.638263
-0.884867 -0.213887 -0.617299
-0.901330 -0.873677 -0.568167
-0.906396 -0.807240 -0.534344
-0.920957 -0.731429 -0.514833
-0.946490 -0.715732 -0.496449
-0.977511 -0.740430 -0.472545
-1.602549 -0.741276 -0.467176
-1.547279 -0.715079 -0.452059
-1.482330 -0.718624 -0.467605
-1.457828 -0.772043 -0.496449
-1.488175 -1.469841 -0.520805
-1.520106 -1.443643 -0.504086
-1.506010 -0.081593 -1.068673
-1.471561 -0.067131 -1.617192
-1.473147 0.527196 -1.578629
-1.536133 1.112250 -1.589118
-1.592653 1.123630 -2.218394
-1.578032 1.130600 -2.225889
-1.517405 1.075105 -1.627431
-1.492651 1.000318 -1.639637
-1.537771 0.998831 -3.587552
-1.587997 1.717025 -3.606163
-1.591274 1.091508 -3.589004
-1.556239 0.363952 -3.551386
-0.308169 0.277816 -0.957498
-0.329083 0.908243 -0.964561
-0.381087 1.013049 -0.969454
-0.330294 0.386307 -0.984321
-0.277935 0.327631 -0.398314
-0.265249 0.269441 -0.413779
-0.279549 0.300344 -0.434368
-0.283925 0.371882 -0.467669
-0.296923 0.374867 -0.493047
-0.331095 -0.378571 -0.482483
0.909337 -0.441802 -0.464959
-0.373184 -0.428439 -0.452681
-0.960454 -0.378539 -0.452672
-0.916516 -0.336297 -0.464234
-0.875153 -0.379053 -0.492322
-0.846051 -0.411042 -0.513607
-0.829650 -0.400270 -0.551246
-0.825177 0.217613 0.087995
-1.480854 0.221899 0.112475
-1.500546 0.230598 0.172410
-1.519176 0.268887 0.255997
-1.569770 0.332353 0.317980
-1.623919 0.391113 0.323528
-1.637507 0.419224 0.313366
-2.240308 0.421751 1.012686
-0.943844 0.431274 1.072622
-0.329356 -0.174377 1.099906
-0.397423 -0.161442 1.081633
-0.456780 -0.819600 -0.232031
-0.464313 -0.822968 -0.842704
-0.447822 -0.787912 -1.393011
-0.450874 -0.064120 -1.327400
-1.108004 -0.684194 -1.361994
-1.086646 -0.703139 -2.094893
-1.011807 0.583403 -1.485735
-0.939919 1.225869 -0.860499
-0.921147 1.261612 -0.248542
-0.336327 1.249988 -0.978373
-0.370808 1.196312 -1.728581
0.250992 1.173133 -1.783384
-0.403355 -0.006058 -0.472651
-0.453640 0.081430 -1.095092
-0.503292 -0.571080 -1.133241
-0.513824 -1.233738 -0.550923
-0.497943 -0.593105 -0.573129
-0.503265 -0.559187 -0.567409
-0.527719 -0.521640 -0.527326
-0.548818 0.094550 -1.706484
0.058470 0.010640 -1.713683
0.047694 -0.040620 -1.691437
0.622334 -0.647880 -2.252046
0.607699 0.628826 -1.496379
0.655348 -0.609928 -2.080155
0.745178 -0.606962 -3.384361
0.159479 0.021341 -4.735953
0.185495 -0.543583 -3.452352
0.225494 -0.515206 -2.226453
0.306797 -0.528562 -2.253539
0.377944 -0.574515 -2.286810
-0.335428 -0.596308 -2.899131
-0.386997 -0.578749 -2.210067
-0.324723 -0.542334 -2.154146
-0.863913 -0.534998 -2.152312
-1.473925 -0.565212 -2.207295
-1.536115 0.025577 -2.868717
-1.569994 0.010182 -2.892958
-2.668640 -0.007483 -2.909606
-2.588967 -0.073866 -2.326460
-1.997861 -0.179196 -2.396808
-2.741568 -0.908200 -2.435968
-1.530997 -0.937255 -2.413213
-1.494554 -1.535003 -2.381097
-2.708772 -0.910857 -2.406210
-2.721682 -0.918395 -2.494436
-2.191172 -1.551163 -1.926336
-2.215727 -1.533814 -1.293370
-2.179074 -1.489334 -1.281266
-2.165785 -2.095066 -1.306823
-2.237837 -2.141462 -1.352108
-2.353873 -1.562097 -1.341279
-2.428549 -2.164095 -1.260110
-2.430207 -1.462263 -1.183925
-2.421700 -1.445422 -1.156230
-2.441298 0.457647 -2.367591
-2.464660 0.483515 -2.319298
-3.104272 0.536132 -2.918962
-3.071452 0.557071 -2.907557
-2.420429 0.535869 -2.887084
-3.059593 0.518868 -2.836905
-3.061711 -0.127127 -2.116621
-2.419027 -0.108854 -2.051059
-1.762107 -0.075974 -1.385477
-1.760683 -0.028032 -1.925566
-2.991505 -0.001576 -1.868267
-2.962395 -0.023278 -1.892869
-3.581351 -0.055418 -1.390181
-3.592221 -0.065968 -1.509147
-3.592209 -0.067441 -1.583545
-2.965328 -0.100969 -2.219443
-2.985323 -0.160599 -0.958019
-3.061339 -0.212744 -1.027774
-4.393057 0.449084 -2.308410
-4.422717 -0.173167 -2.318528
-4.400575 -0.159715 -2.332854
-4.404110 -0.777167 -2.386123
-4.469920 -0.819692 -1.815580
-4.520051 -0.203927 -1.923139
-4.490119 -0.205576 -1.983825
-4.432817 -0.177291 -0.733642
-4.438059 -0.171044 -0.708651
-4.498742 -0.193871 -0.717039
-4.517282 -0.197770 -1.362999
-4.450734 -1.340665 -1.332142
-4.359438 -1.296047 -1.279870
-4.339846 -1.976023 -0.632250
-4.379879 -2.036804 -0.653794
-3.085325 -1.412784 -0.682683
-2.995736 -1.396634 -0.059548
-3.560544 -1.366063 -0.608918
-3.577497 -2.016224 -0.584479
-3.635377 -1.390830 -0.007943
-3.649055 -1.386530 -0.622847
-3.570986 -0.714350 -0.576697
-4.138425 -0.676675 -0.537233
-4.148384 -0.694199 -0.552246
-4.194234 -0.741614 -0.625486
-3.569391 -0.778846 -0.682549
-3.528086 -0.779605 -0.685895
-3.516570 -0.766548 -0.679177
-3.552745 -0.784733 -1.279466
-3.580145 -0.847740 -1.288209
-3.556722 -0.892783 -2.477180
-3.510328 -0.863088 -1.838005
-3.489066 -1.417266 -1.173458
-3.496597 -2.032266 -1.136496
-3.478918 -2.068829 -1.167878
-3.437167 -2.125586 -1.182104
-2.772794 -2.770500 -0.531232
-3.411173 -2.092916 -0.499172
-3.445007 -2.083987 -0.496120
-3.454806 -2.127073 -1.136004
-2.824706 -2.174708 -0.515664
-2.808330 -2.170048 -0.463651
-3.456200 -2.112311 -1.056599
-3.517779 -2.059247 -1.078417
-3.567523 -2.048501 -1.759876
-3.592580 -0.787860 -0.503799
-3.601712 -1.439131 -0.526704
-3.615971 -0.116581 0.058031
-3.641737 -0.083487 0.013296
-3.657951 -0.097129 0.004679
-3.639076 -0.142850 0.036894
-3.602953 -0.174460 0.067634
-3.585823 0.475266 -0.571756
-2.282549 0.489370 -1.851666
-2.298291 0.468843 -1.880307
-1.613351 0.433308 -1.904147
-1.552904 -0.221039 -1.938797
-2.185666 -0.203676 -1.997502
-2.214303 -1.434539 -2.048655
-2.250262 -1.442369 -2.051921
-2.250840 -1.422246 -1.995740
-2.228988 -1.399841 -1.934324
-2.222294 -1.351523 -1.903374
-2.231861 -0.074463 -1.896949
-2.229978 -0.703625 -0.719061
-2.208841 -0.690636 -0.732215
-2.178649 0.581735 -0.167045
-2.156290 0.584924 1.642108
-2.134538 0.557796 1.622963
-2.103786 -0.084235 1.622857
-3.424653 -0.087285 1.634767
-4.059764 0.592820 1.652594
-2.760426 0.616521 1.658979
-2.730073 -0.040088 2.279860
-2.715706 -0.046855 1.632869
-3.398834 -0.036061 1.626612
-3.404246 -0.001500 1.648715
-3.375776 0.661143 2.326176
-2.691692 0.669415 1.074747
-3.279447 0.667329 0.416611
-3.396274 0.039388 0.448694
-4.027317 0.087297 0.521928
-4.619278 0.111491 0.577121
-3.968751 0.095102 0.570016
-4.012300 0.053141 1.146830
-3.441273 0.032461 1.106193
-4.075059 0.657861 1.101687
-3.400955 0.661069 1.746490
-3.370930 0.656317 1.698788
-3.387409 0.674467 0.999042
-3.415630 0.691625 1.009871
-3.404271 0.706428 2.309136
-2.146824 0.706026 2.332042
-2.150411 0.708573 2.287644
-2.182198 0.711677 1.011855
-2.184411 0.070669 0.342955
-2.148577 -0.591497 0.951421
-2.126693 -1.912389 1.597413
-2.148114 -0.653489 1.558308
-2.801365 -1.987484 0.889926
-2.793700 -0.718599 0.942247
-2.161534 -1.388063 1.002398
-2.162546 -1.422447 1.029214
-1.568560 -1.416889 1.027877
-1.535987 -1.398776 1.031509
-0.897591 -0.776083 1.060028
-0.843174 -0.848187 1.092648
-0.824338 -1.548883 1.113079
-0.841840 -0.197877 1.107113
-1.475560 -0.172210 1.093940
-0.802329 -0.126549 1.104584
-0.758860 -0.118472 1.141339
-0.754799 -1.423355 1.173567
-0.786945 -1.462807 1.154361
-0.797119 -1.432243 1.095785
-0.760873 -1.355882 2.472461
-0.716362 -1.334955 2.428360
-0.713233 -1.406355 2.407152
-0.756738 -1.479903 2.401823
-0.787226 -1.473768 2.371505
-0.771710 -1.425797 2.318155
-0.732744 -1.421312 2.301353
-0.738295 -2.089000 1.701854
-0.808000 -1.511429 1.741445
-0.877135 -1.524923 1.702736
-0.873046 -1.513365 0.353245
-0.807992 -1.542869 0.365542
-0.783506 -1.625104 -0.799809
-0.841399 -1.699402 -0.736595
-0.913251 -2.305523 -0.775048
-0.902160 -2.268867 -0.820588
-0.825333 -1.639190 -0.769029
-1.446978 -2.241563 -0.644842
-1.501751 -2.233639 -0.580372
-1.631021 -1.595398 0.680008
-1.599081 -1.570212 0.617279
0.371933 -1.606554 0.615858
0.362261 -1.656209 0.657816
-0.374389 -1.709808 0.645798
-0.454937 -1.710878 0.575365
-0.416223 -1.059895 0.544006
-0.332003 -1.079629 0.588316
-0.340047 -1.107388 0.661479
-0.430701 -1.110484 0.680120
-0.482572 -1.076201 0.661682
-0.416029 -1.683144 0.672690
-0.950476 -3.586785 -0.680553
-0.327502 -3.625231 -0.668748
-1.034068 -3.650990 -0.719200
-1.076739 -3.003416 -0.767344
-0.383363 -2.999826 0.471218
-0.343221 -4.892022 0.505290
-1.030096 -4.901641 0.551068
-1.138310 -4.817474 0.557985
-0.576953 -5.410576 0.535601
-0.525517 -5.922938 0.512692
-0.461136 -6.551529 0.502406
-0.479983 -6.553123 0.490355
0.072136 -6.528189 -0.178908
0.022931 -6.505342 -0.240538
0.040168 -6.530360 0.378215
0.088760 -6.585726 -0.304873
0.090143 -6.607871 0.897387
0.045792 -5.950695 1.565853
0.023203 -5.299667 1.578916
0.086979 -5.313745 1.586763
0.205558 -5.356285 0.926938
-0.357577 -5.396616 0.319107
-0.341230 -5.426175 0.332323
-0.356141 -5.459434 0.991704
-0.346924 -4.898658 0.345559
-0.317133 -4.255180 0.309302
-0.319992 -4.239423 0.283896
-0.383123 -4.203019 0.280040
-0.460940 -4.154247 0.285248
-0.474914 -3.446723 0.888264
-0.435230 -3.489795 0.864050
-1.018927 -4.044663 0.859842
-1.031623 -4.039996 0.874939
-1.069204 -4.702770 0.884495
-1.096801 -5.307167 0.871655
-1.131463 -4.638745 0.866708
-1.195154 -4.614253 0.883402
-1.258869 -4.617238 1.519903
-1.281066 -4.625719 2.221159
-1.271910 -3.962894 1.598409
-0.643353 -3.343447 1.641010
-0.649207 -3.358158 1.673286
-0.634066 -3.391637 1.130355
-0.605124 -2.790505 1.149176
-0.601090 -2.817139 1.788073
-0.645787 -3.445734 1.116722
-0.714949 -2.818858 1.759141
-0.743515 -2.819199 1.127452
-0.725915 -4.122434 0.506139
-0.714395 -4.138484 0.481960
-0.733147 -3.520602 1.074954
-0.736241 -2.863787 1.056237
-0.684729 -1.575586 1.041448
-0.625607 -1.580616 0.422607
-0.620344 -1.599527 0.407870
-0.670348 -0.950931 -0.261983
-0.100617 -0.948241 0.970619
-0.075807 -0.926963 0.953468
-0.025862 -0.915604 0.931090
-0.051873 -2.259658 0.914487
-0.056240 -2.274931 0.912224
-0.021403 -2.268690 -0.248061
0.061362 -2.232589 -0.286948
-0.473489 -2.202187 -0.337584
-0.465901 -2.214113 -0.356990
-0.512431 -2.270721 -0.972679
-0.539129 -2.326343 -0.971119
-0.518512 -2.359038 -0.975243
-0.481483 -2.394490 -0.973556
-0.470796 -1.807585 -0.938460
-0.482483 -1.863405 0.341844
-1.071093 -1.868761 0.377124
-1.013533 -1.828402 0.385564
-0.335862 -2.485390 0.373974
-0.299948 -2.492082 0.392409
-0.897460 -2.488494 1.673930
-0.914112 -2.432686 1.691113
-0.922330 -2.965515 1.664120
-0.308618 -2.906030 1.629022
-0.296211 -2.873791 2.226407
-0.902042 -2.829238 2.273703
-0.942978 -2.100461 2.891446
-0.366252 -2.051240 2.824214
-0.390309 -2.729039 1.450145
-0.405533 -3.425463 0.807707
-1.682408 -4.750008 1.483663
-1.746667 -4.053059 1.472496
-1.193104 -4.658026 2.634456
-1.234743 -4.694836 2.604116
-0.586095 -4.111485 2.671315
-1.835387 -4.127476 2.776593
-1.223851 -4.073031 2.802658
-1.236443 -4.695382 2.742703
-1.204429 -4.743579 2.698382
-1.147059 -4.796263 2.735914
-1.124823 -3.474521 2.785802
-1.158554 -3.392060 2.751583
-1.215388 -4.017598 1.356011
-1.233955 -4.041305 1.341184
-1.208363 -3.439127 0.790268
-1.197751 -5.258204 0.834386
-1.233626 -3.963447 1.496171
-1.273884 -3.344487 1.473068
-0.636314 -3.415429 1.516162
-1.258201 -3.447400 1.607800
-1.268561 -3.371663 1.647225
-1.301645 -3.348783 1.608097
-1.334026 -3.381075 1.568518
-1.332078 -4.068542 1.618045
-1.294644 -4.657346 1.706260
-1.259720 -5.208935 1.073716
-1.244305 -5.212376 1.123049
-1.844001 -5.281250 1.149804
-1.785306 -4.678612 1.818792
-3.007110 -5.928700 0.587397
-2.987088 -5.255536 0.594945
-2.999262 -5.217044 0.579401
-3.645707 -5.824927 0.556544
-3.032659 -5.785155 0.538693
-3.035091 -5.742621 0.521315
-3.687256 -5.725500 1.169659
-3.702785 -5.744504 1.198143
-3.704737 -5.169467 1.202078
-3.702730 -5.166039 1.145450
-3.712857 -5.194261 1.059007
-3.737920 -5.234650 1.018763
-3.754884 -4.645355 0.365782
-3.747794 -4.672873 0.379210
-3.712083 -5.368075 0.329174
-3.672442 -5.381828 0.258848
-3.059190 -5.420438 -0.336734
-2.413894 -4.156303 0.354314
-2.393621 -5.501571 0.446192
-2.353830 -5.520714 -0.185339
-1.712107 -5.557763 -0.285798
-1.732880 -4.919092 -0.960475
-1.771310 -5.570693 -0.287816
-1.785692 -4.311047 -0.219156
-2.380011 -3.601087 -0.229683
-2.360033 -3.551412 -0.961590
-2.390287 -3.549191 -0.391705
-1.775191 -2.930514 0.265951
-2.377640 -2.918304 -0.275641
-2.358609 -2.887565 -0.249866
-2.374248 -2.878557 -0.337754
-1.149068 -2.892432 -1.054255
-1.147916 -2.917030 -1.079425
-1.094705 -2.908769 -0.431743
-1.021689 -2.844290 -0.380706
-0.975002 -1.497380 -1.031105
-0.318897 -0.864465 -1.051630
-0.261683 -0.935561 -1.028625
-0.172570 -0.357728 -1.596478
-0.105142 -1.028298 -1.545668
-0.106949 -0.980482 -1.568049
-0.174188 -0.933046 -1.653591
-0.219285 -0.958009 -1.725993
-0.186830 0.294798 -1.735535
-0.130634 0.927213 -1.707361
-0.125060 0.990534 -1.085065
-0.177984 1.706760 -1.120303
0.391800 1.093291 -1.112133
-0.204387 1.053074 -1.042040
-0.809618 -0.225845 -0.954661
-0.832947 -0.892553 -0.924142
-0.898184 -0.261688 -1.604697
-0.954174 -0.262134 -1.020506
-0.959063 -0.263770 -1.017203
-1.597369 -0.250277 -0.995115
-1.575113 -0.204146 -1.011673
-0.917634 -0.122093 -1.673143
-0.947724 -0.699217 -1.722908
-0.331433 -1.371043 -1.074283
-0.325890 -1.405314 -0.432772
-0.309462 -1.432333 -0.410246
-0.309102 -1.405308 0.200225
-0.338295 -1.360131 0.162628
-0.379359 -1.962358 0.745732
-0.375558 -1.342509 0.773873
-1.604711 -1.362382 0.809212
-1.524948 -1.346056 0.807308
-1.531898 -1.325827 1.441476
-2.287357 -0.701709 0.797995
-2.330116 -1.423343 0.841375
-0.965994 -0.861073 0.890411
-0.914844 -1.487871 0.858192
-0.932153 -1.419886 0.156608
-0.975219 -2.015511 -0.463741
-0.946417 -2.024742 -0.458760
-1.466927 -2.044525 -1.751360
-1.372504 -2.027269 -1.184582
-1.374466 -1.986633 -1.256237
-1.422441 -1.979071 -1.317402
-0.199646 -2.032383 -1.251404
0.456657 -2.101563 -1.240809
0.482454 -2.132928 -1.301991
0.470982 -2.120157 -1.329068
0.441167 -1.484946 -0.629240
0.416995 -1.501178 -0.551254
0.415972 -1.541943 -0.554597
-0.191296 -2.803660 -0.616656
-0.195981 -2.782664 -0.631952
-0.841702 -2.154866 -0.566840
-0.864199 -2.195037 -0.513865
-0.869055 -2.928783 -0.550886
-1.502495 -2.969485 -0.635767
-1.471735 -2.933347 -0.656847
-1.466961 -2.885246 -0.613158
-1.485053 -2.891441 -0.583792
-0.958113 -2.926396 -0.620468
-0.944999 -1.627632 -1.321142
-0.910515 -1.549138 -1.333529
0.325755 -1.480297 -1.920715
0.902798 -2.115445 -1.900203
0.837968 -3.382253 -1.915052
2.089156 -3.377481 -1.935210
2.089247 -3.316270 -1.934839
2.098888 -3.907615 -1.916908
2.093541 -3.292785 -1.900953
2.080764 -4.022698 -1.909332
2.077206 -3.408505 -1.932403
2.095017 -3.393232 -1.312374
0.858893 -2.707323 -1.314546
0.859898 -2.711199 -0.690005
1.470842 -3.413465 -0.732575
1.429309 -3.432236 -0.758345
1.418405 -3.432426 -0.738834
1.433480 -3.426556 -0.691253
0.876105 -3.412770 -0.668544
0.862501 -3.390452 0.564712
0.203252 -2.727277 0.568620
0.210482 -2.077936 0.581879
0.256379 -2.112138 0.602422
0.295061 -2.789492 0.609837
0.278164 -2.793109 0.552176
0.233309 -2.757605 0.512314
0.229079 -2.731980 0.498324
0.291468 -2.749982 0.521774
0.380502 -2.162038 -0.662293
0.426332 -0.824972 -0.661443
1.035085 -0.791747 -0.685534
1.056503 -0.129875 -1.330075
0.481812 -0.185733 -1.280439
0.548698 -0.227688 -1.254179
0.555265 1.042163 -1.300277
-0.120070 -0.120543 -1.360896
-0.836350 -0.137660 -0.687205
-0.844713 -0.189812 -1.284126
-1.438401 -0.214211 -1.240561
-1.410900 -0.179074 -1.240801
-1.425101 -0.131628 -1.843358
-0.823868 -0.816497 -1.809441
-0.861890 -0.870492 -1.766991
-0.874995 -0.898574 -1.781264
-0.890467 -0.880601 -1.870733
-0.905909 -0.868487 -1.950066
-0.919519 -2.180014 -1.976856
-0.310674 -2.242209 -3.245548
0.361111 -2.288115 -3.915143
1.006143 -1.624403 -3.997628
1.003367 -1.595020 -4.026445
1.647261 -2.276910 -3.332317
1.664546 -2.295745 -3.281513
1.034266 -2.882740 -3.956802
1.680007 -2.838287 -3.442414
1.065923 -1.540947 -4.691857
1.042171 -1.523757 -5.330165
1.014076 -1.507681 -4.616903
-0.274551 -0.790411 -6.501670
1.712109 0.505475 -6.537233
1.712598 -0.138829 -5.971074
1.673800 -0.145588 -4.021918
1.622857 -0.150024 -4.546783
0.958185 -0.149877 -3.933506
1.002839 -0.126404 -3.971726
1.687046 -0.129681 -3.340470
1.009890 -0.117220 -3.299779
0.364550 -0.751268 -3.872375
0.376702 -0.100500 -3.180183
0.429303 1.732296 -2.552914
0.468127 1.702669 -2.529127
0.450773 1.713273 -1.890467
0.398233 1.753399 -1.921161
-0.241010 1.152150 -1.942281
-0.192601 1.770112 -1.921087
-0.134298 2.379689 -1.897769
0.514607 2.337198 -1.925047
0.484282 1.761898 -2.650645
0.491278 1.783441 -2.676868
-0.109869 2.463586 -2.654166
