-1.477296 0.148934 -1.418387
-1.424051 0.197347 -1.406497
-0.785986 0.259968 -2.655016
-0.812763 0.265094 -3.267200
-0.826572 0.221529 -1.874998
-0.801539 0.197231 -1.233791
-0.763813 -0.468281 -0.643703
-0.742973 -0.449836 -0.681718
-0.733757 -0.482832 -0.643945
-0.703877 0.107620 -0.556405
-0.656925 0.108504 -0.498644
-0.622294 -0.475354 -0.487327
-0.626895 -0.427651 -1.132017
-0.655380 -0.416392 -1.094115
-0.682489 -1.637539 -1.667558
-0.707273 -1.573276 -1.720237
-0.735255 -1.495649 -1.200528
-0.759469 -1.487338 -1.261690
-0.757069 -0.881909 0.155901
-0.731097 -0.875338 0.183028
-0.083680 -0.824148 -0.504409
-0.063995 -0.784561 0.647864
-0.064867 -1.446631 1.274111
-0.726216 -1.447870 3.194382
-0.728869 -2.610262 3.164653
-1.954547 -2.557380 3.120022
-2.563937 -0.712314 3.084279
-2.570439 -0.751743 3.076385
-2.557411 -0.783556 2.441857
-2.509592 -0.774259 1.818437
-2.468514 -0.783407 1.247816
-2.456160 -0.841650 1.284130
-2.463973 -0.893609 0.082052
-2.472136 -0.890809 0.722367
-2.464604 -0.859368 0.645871
-1.845172 -0.874137 0.680878
-1.876864 -0.926310 0.706364
-1.266487 -0.940640 0.695246
-0.621178 -0.895233 0.651227
-0.604519 -0.857367 0.621950
-1.244271 -0.888029 0.635014
-1.251209 -0.950672 0.667566
-0.624510 -0.332316 0.648616
-1.255704 -0.286292 0.585106
-1.264062 -0.940396 0.594472
-0.665816 -1.006325 0.604546
-0.686090 -1.074391 0.620510
0.609076 0.233193 0.583197
0.004320 0.289304 0.514070
0.048105 0.292909 0.475645
0.083435 0.880668 0.502602
0.111645 1.422669 0.560112
0.135817 0.823271 1.228116
0.134238 0.853092 1.208662
0.101335 1.442665 0.589190
0.724495 1.379023 0.660259
0.686507 1.336906 0.732786
0.663813 2.031739 0.747907
0.641822 2.099651 0.083298
0.620874 3.367876 0.046351
-0.696099 3.336200 0.056993
-1.291088 3.309050 0.048541
-1.875823 3.342783 0.009260
-1.885134 3.399599 0.578478
-3.115435 1.436406 -0.035928
-2.409560 1.462695 -0.033446
-2.370567 1.486901 -0.048264
-2.380974 0.872178 -0.677529
-2.400295 0.857323 -1.326671
-2.377140 0.840368 -0.639238
-2.313664 0.186796 0.112350
-2.278768 0.170163 0.095746
-2.315063 0.124336 0.033107
-2.379215 0.107242 0.004878
-1.751183 0.095750 0.036120
-1.717992 0.094887 0.072895
-1.710091 0.073766 0.076195
-1.764030 0.024964 -0.602051
-1.832966 -0.003298 -0.597854
-1.847615 -0.597959 0.075340
-1.796359 -0.559948 0.116770
-1.768867 -0.562799 0.103161
-1.812934 -0.582540 0.049199
-1.867418 -0.562070 0.003640
-1.842744 -0.496081 -1.265825
-1.746725 -0.439377 -0.622500
-1.695618 -0.439356 -0.641394
-2.366504 -0.460907 -1.973449
-2.432642 -0.442851 -1.329856
-2.418296 -0.377826 -1.317788
-2.968525 -0.337849 -0.618441
-1.644513 0.258997 -0.578613
-1.719526 0.233176 -0.561773
-1.818285 0.250139 -0.595705
-1.794908 0.304432 -0.677983
-1.740458 0.320229 -0.745711
-1.743045 0.276444 -1.396750
-1.828578 0.229686 -1.385228
-1.890239 0.851218 -1.363552
-1.856091 0.854372 -1.381361
-1.145744 1.456775 -1.376611
-1.118126 1.391947 -0.672279
-1.168844 1.356356 -0.594761
0.659357 1.357516 -0.594393
0.697819 0.746011 -1.318852
0.726998 0.718601 -1.377700
0.668207 0.688259 -1.362090
-0.102578 0.029610 -1.289504
-0.140963 0.026759 -0.619567
-0.094426 0.034901 0.040439
-0.041092 0.037360 0.036923
-0.046044 0.058511 0.088646
-0.753803 0.104383 0.168173
-1.402110 0.154163 -0.400717
-1.336439 0.194175 -1.093253
-0.653764 0.213710 -1.141716
-1.294786 0.212152 -1.144853
-1.341953 0.201403 -1.721007
-0.767790 0.201773 -1.076456
-0.731007 0.208618 -1.080783
-0.690765 0.192968 -1.690024
-0.698145 0.155422 -0.418191
-0.736585 0.123372 -0.375884
-0.103017 0.116507 -0.356097
-0.105708 0.107845 -0.386176
-0.127548 0.066562 -0.450619
-0.169302 0.004778 -0.503976
0.398869 -0.631779 0.722971
1.022770 -0.635227 0.686938
0.977142 -0.638321 1.298738
1.600414 -0.653089 1.913196
0.975700 -0.662465 1.911879
1.639256 0.006673 1.947546
1.637635 0.686338 1.331806
1.635794 0.707571 1.341581
1.631758 0.681892 1.342117
1.612141 0.646050 1.357754
1.598674 -0.007132 1.397288
1.626309 -0.587817 1.438600
1.680994 -1.270441 1.468199
1.093283 -1.302629 1.499736
-0.158590 -1.309907 1.545226
-0.138659 -1.890876 0.956419
-1.364120 -1.835133 0.336119
-0.078131 -1.834836 0.346004
-0.092111 -1.888168 -0.291824
-0.118303 -1.929487 -0.316068
1.127829 -2.528823 -0.333857
1.794456 -1.827856 0.285517
1.193495 -1.924351 0.272643
1.171540 -2.553995 0.258928
0.504187 -2.532041 0.239632
0.501644 -2.471297 0.226806
-0.088465 -1.832478 0.868032
0.610799 -1.852685 1.485176
0.634536 -1.870999 0.164578
0.619619 -1.847607 0.136713
0.627305 -1.803910 0.142908
0.691252 -1.137073 0.159867
0.763002 -0.423303 0.177662
0.786035 -1.021654 0.181696
-0.534319 -0.361500 0.189991
0.102758 0.920275 -0.456436
-1.091489 0.963744 -0.408275
-1.062482 0.964863 0.226936
-1.665327 0.967129 0.221382
-1.670903 0.967800 0.202507
-1.671387 0.996870 0.207670
-1.665635 0.423130 -0.378265
-1.664889 0.452156 0.349362
-1.655187 0.435943 0.377897
-2.932346 0.397290 -0.949638
-3.559609 0.376612 -0.307072
-2.952989 -0.255441 -0.296349
-2.950718 -0.293669 -0.270873
-3.547329 -0.386883 -0.275208
-3.539162 -0.467879 -0.314112
-3.635790 -0.468883 0.859258
-3.145284 -0.417711 2.083677
-3.131657 -0.374454 2.101745
-2.459467 -0.368791 2.109785
-1.765720 -0.366687 2.734640
-2.435833 -0.336536 2.685824
-3.154214 -0.290221 2.039496
-3.144721 -0.286975 1.355159
-3.077625 -0.431605 1.346260
-3.748850 -0.512377 1.342757
-3.819080 0.099993 1.339284
-3.907011 0.176416 2.008762
-4.526465 0.845956 2.011354
-4.477681 0.191863 1.434584
-3.880639 -0.471434 0.106510
-3.943187 -0.484175 0.726143
-3.996231 0.174817 0.715523
-2.144206 0.776215 0.081724
-2.048073 1.988234 0.726791
-2.024999 1.874888 0.726105
-2.709838 1.858827 -0.510194
-2.764658 1.346102 -0.486456
-2.717683 2.045706 0.173558
-1.966807 1.461248 0.808329
-1.911804 1.455952 0.799742
-2.563227 0.822781 -0.511511
-1.953858 0.844140 -0.501517
-1.265212 0.201102 -0.463728
-0.033696 1.401121 0.186003
-0.743910 0.047151 0.153712
-0.832867 0.052978 0.095756
-0.933422 -0.532329 0.738151
-0.915031 -1.181378 0.757265
-0.262291 -1.129796 0.111865
-0.284263 -1.718168 0.075699
-0.973455 -1.727090 0.644077
-0.316244 -1.094610 0.662256
0.321742 -1.125635 0.748374
0.936508 -1.134548 0.157386
0.231388 -1.157981 -1.118431
0.206988 -1.219068 -1.144961
0.211064 -1.285796 -1.741060
0.236414 -0.713122 -1.007089
0.271787 -1.325383 -0.967576
0.339339 -1.255525 -1.692464
0.392399 -1.248887 -1.734826
0.417428 -1.310118 -1.696805
0.422345 -0.718123 -1.616215
0.417335 -0.686429 -1.602225
-0.247894 -0.641871 -1.682079
-0.281126 0.008808 -1.772087
-0.301672 -0.625221 -1.778151
0.308173 -0.629197 -1.739741
0.297174 -0.554682 -1.064392
-0.946446 -0.462099 -0.469863
-0.925548 0.834638 -1.139121
-0.275405 0.827688 -1.105593
-0.299830 0.857311 -0.390326
1.073199 2.236189 -0.374714
0.438152 2.271658 -0.432848
0.410461 1.568129 -0.503100
1.003267 1.494362 -0.522876
-0.133550 1.472185 -0.505034
-0.107931 0.889942 0.779988
-0.104530 0.924567 0.110503
-1.487307 0.919118 1.427747
-1.433332 0.261821 0.812877
-1.413336 0.256861 0.240816
-1.431623 0.272367 0.280780
-1.456618 0.271224 0.253644
-1.444427 0.860600 0.847139
-1.397699 0.821208 0.814738
-1.347907 0.814896 0.830114
-1.330231 1.461004 0.849239
-1.319455 1.515755 0.839774
-1.917831 0.321798 0.802523
-1.882994 0.341124 0.766550
-1.899888 0.368860 0.140544
-1.357798 0.394039 0.839953
-1.449018 0.394033 0.886596
-1.504923 0.972921 0.891768
-0.259972 0.921500 0.842837
-0.280174 0.888090 0.799055
-0.306408 1.506051 0.802893
-0.299542 0.924167 0.816628
0.391535 0.344189 -0.531152
0.461685 0.962586 0.029570
0.483988 1.595642 -0.010030
0.470112 1.605009 0.702599
0.466964 1.004200 0.724848
0.499042 0.982402 0.711170
0.524269 0.319733 0.665733
-0.083754 1.000881 0.634223
-0.716786 1.031122 0.654273
-0.641651 0.378583 0.690635
-0.537851 -0.236989 0.710968
-0.478470 -0.223818 0.710915
0.726627 -0.191411 1.308340
0.042691 0.448689 1.978026
-0.600719 0.454516 1.994148
-1.176220 0.431598 2.012153
-1.169502 0.415206 2.025616
-1.202387 0.415539 2.040526
-0.585965 1.040180 1.407238
-0.602056 1.043280 1.415214
-0.604536 1.079210 0.153381
0.038131 1.126232 0.153644
-0.015248 0.509790 0.131733
-0.078537 0.519606 0.772880
-0.129138 1.230908 0.750460
-0.140551 1.241856 0.749305
-0.708751 0.586247 0.740591
-0.690552 0.525831 0.714403
-0.697394 0.494982 1.333714
-0.056380 1.132477 1.349189
-0.010767 1.755965 0.711813
0.016293 1.712459 0.738801
-0.010018 1.065527 0.120304
1.226463 1.092996 0.790811
1.195648 1.117536 0.822701
1.199546 1.087812 1.494169
1.209280 1.007295 0.878620
1.186418 -0.329920 0.880418
1.137017 -0.270601 0.878822
1.118912 -1.483558 0.264532
1.132143 -1.527449 0.281245
0.487000 -1.566802 -0.364871
0.482632 -0.865032 0.240054
0.470848 -0.142246 0.212196
0.463120 0.470071 0.900326
0.468380 -0.264420 0.944844
1.774245 -0.303976 0.297695
0.541105 -0.274821 0.307035
0.555077 -0.188286 0.347875
0.553678 0.440767 -0.236283
0.572326 -0.303384 -0.209935
0.625776 -1.573082 -0.234476
0.692136 -2.157609 -0.291612
0.712210 -2.116380 0.350564
0.005214 -2.120664 0.387005
-0.022618 -2.140642 0.428817
-0.010843 -2.126110 1.067796
0.011684 -2.090682 0.990604
-0.014988 -1.458295 0.939681
-0.080896 -1.521453 0.930355
-0.128019 -1.595462 1.546057
0.575531 -1.624253 1.465641
0.622315 -0.949606 1.357906
0.618873 0.324249 1.290511
1.844835 0.277330 1.287494
1.858807 -0.388247 0.074733
0.684304 -1.033314 0.029592
0.668475 -0.426723 -0.032146
0.641467 0.174321 -0.060367
0.635910 0.118091 -0.676879
0.644574 0.091974 -0.030450
-0.007106 -0.551887 -0.051040
-0.013437 1.376135 -0.090879
-0.037299 1.388428 0.555946
-0.051350 1.403533 0.622080
-0.048247 1.433299 0.699682
-0.039283 1.450004 0.078813
-0.043814 1.443952 0.084871
-0.051541 1.416792 0.094883
0.585552 1.402822 0.133299
0.601199 0.766278 0.163234
-0.018451 0.757757 0.141811
0.029319 0.750687 -0.552443
-1.243122 0.749911 -0.571704
-1.245089 0.756729 -0.527280
-1.238524 0.744981 0.715762
-1.233859 0.701605 0.730583
-1.213330 1.320536 0.732810
-1.839960 1.933074 0.131057
-1.792130 1.931977 0.142152
-1.760417 1.926867 0.152634
-1.751799 1.913404 0.113560
-1.757006 1.906371 0.060438
-1.770591 1.236998 0.062006
-1.786341 1.234497 0.712489
-1.821547 0.591615 0.736105
-1.874879 -0.030698 0.740819
-1.905523 -0.013960 0.778575
-1.890432 0.622289 0.234645
-1.849551 0.017604 0.312813
-1.835946 1.311348 -0.313976
-1.855698 1.343268 -0.995571
-1.876412 1.379628 -1.021593
-1.871488 1.398959 1.506513
-1.859717 0.791032 1.467314
-1.885352 0.807785 1.432837
-1.934118 0.823890 0.793899
-1.951519 0.844748 1.479376
-1.917430 0.867868 1.512440
-1.880973 0.895147 0.274837
-1.897282 0.911326 0.227182
-1.956234 0.908617 0.183448
-2.007698 0.896333 1.398164
-1.398760 0.879493 2.650224
-1.420028 0.874639 3.241643
-1.470225 0.870965 3.194427
-1.523546 0.860797 2.534977
-0.895776 1.486333 2.571095
-1.480079 1.458361 2.655173
-0.787974 0.807106 1.384223
-0.770258 0.809322 1.388156
-0.095706 0.821573 0.738177
-0.092730 0.823633 0.715129
-0.697587 0.829371 1.390100
-0.668214 0.843778 1.402060
-0.653651 1.488644 1.435376
-0.650483 1.505637 0.857435
-0.638736 2.681954 1.540762
-0.596408 2.674321 1.615307
0.105979 2.675617 1.042665
-0.520455 2.630586 1.070303
0.043439 2.600051 1.036821
-0.010187 2.574603 0.310652
-0.671874 2.563072 2.880943
-0.706059 2.564562 2.880290
-0.787016 2.563350 4.143285
-0.880866 1.899508 3.522372
-0.917241 1.874034 3.509164
-0.888819 1.239891 3.532021
-0.237791 1.234842 4.220132
0.354278 1.217419 3.598398
0.278463 1.188031 3.547241
0.260549 1.175671 2.161099
-0.331748 1.200692 2.152355
-0.298635 1.254145 2.179235
-0.321380 1.951982 2.179896
-0.345182 0.699093 2.154930
-0.281354 0.699347 2.796615
-0.145541 0.715841 4.145937
-0.038367 0.770032 5.418001
-0.635643 0.836870 4.102250
-0.641389 2.755209 4.033023
-0.602614 2.703284 3.987903
-0.541807 3.370826 3.979191
-0.536604 3.372245 3.956607
-0.581476 3.339210 3.896172
-1.227193 3.278150 3.842852
-1.144486 3.237755 4.509092
-1.065853 3.243875 4.570459
-1.059409 3.266862 4.624053
-1.078969 2.619241 3.977316
-1.056331 2.552020 3.976222
-0.354669 2.487617 3.336869
-0.386790 2.483462 3.337042
-0.497218 2.543009 3.958670
-1.247011 2.598549 3.903661
-1.242896 2.602567 3.848915
-0.581411 2.589114 3.828160
-1.253250 2.624752 3.816857
-0.721845 2.706512 3.773441
-0.745539 2.110591 4.445802
-0.037189 2.097815 4.485562
0.022083 2.089546 4.500209
-0.025864 2.137465 4.474606
-0.135859 2.830221 3.835383
-0.180273 2.855531 3.851063
0.520864 2.809722 3.916397
0.598320 2.758948 3.390590
1.252722 2.158546 2.105670
0.598985 2.831655 2.109968
0.619465 2.826138 1.529951
0.722191 2.730014 2.249596
1.421679 2.629401 2.888283
1.405452 2.620694 2.854778
1.349673 2.681703 2.829815
1.346960 3.294781 2.839785
1.416083 3.251340 2.845450
1.467668 3.212576 2.155750
0.793859 2.636621 2.094650
0.130976 2.718654 2.087722
0.143437 2.766472 2.127439
0.197206 2.738604 2.146119
0.229362 2.702989 2.089543
0.215595 2.733518 1.331214
-1.085658 2.792504 1.288535
-1.075175 3.397437 1.307492
-1.047811 3.351765 1.995527
-1.049225 3.306725 1.980326
-1.078070 2.662931 1.970005
-1.090883 2.632690 0.676464
-1.093418 2.593882 1.960670
-1.111381 2.543348 2.001199
-1.170425 2.507160 1.382703
-1.246800 3.128662 1.362853
-1.303454 2.492395 1.352741
-0.694535 1.283384 0.691934
-0.070594 1.302162 0.052556
0.517157 1.277692 0.622580
0.487849 1.239155 1.229060
0.489247 -1.277297 -0.039035
-0.115595 -1.249460 1.363126
-0.141384 -1.247158 1.354356
-0.184176 -1.237928 1.942138
-0.192197 -1.193452 1.941230
-0.166555 -1.134018 1.308250
-0.140907 -1.766249 3.165592
-0.136131 -1.769949 3.127843
-0.142588 -1.773163 3.767991
-0.111091 -1.755817 3.762940
-0.057474 -1.054562 3.757887
-0.028539 -1.062300 3.742627
-0.049256 -1.110267 3.726040
-0.089988 -1.149718 3.724281
-0.098833 -1.154522 3.745502
-0.098104 0.170133 3.102988
-0.118717 1.453665 2.431230
-0.168216 1.409131 2.409181
-0.203931 2.067063 2.387604
-0.194654 2.070103 3.652047
-0.180358 2.073728 3.630290
-0.797511 2.035858 3.617934
-0.844332 1.981260 3.618762
-0.875108 1.293474 3.633159
-0.854700 1.298867 3.042823
-0.822031 1.900814 3.048194
-1.485692 1.895519 3.036802
-0.848588 1.881491 3.014320
-0.855840 1.858358 1.664013
-0.805546 1.834669 1.720016
-0.751964 1.813515 1.771256
-0.740690 1.804129 1.788159
-0.754959 1.793852 1.778892
-0.750280 2.449365 2.413032
-0.720045 2.438245 2.449093
-0.075787 2.452098 2.454865
-0.065808 2.484282 2.432919
-0.712123 2.513673 2.406643
-0.721099 2.526128 3.062497
-0.688171 0.013809 3.077995
0.628279 -0.660800 2.437235
1.280427 -0.678689 2.424039
0.649229 -0.650777 2.401901
0.646424 -0.602691 2.388501
0.645401 0.061397 2.389609
0.620309 -0.603496 2.401198
1.224330 -0.604557 2.421494
-0.116977 -0.570691 3.063966
-0.146403 -0.531605 1.802428
-0.142191 -0.519794 1.815065
1.130184 -0.543318 1.843323
1.108321 -0.559740 1.869517
1.036635 0.089223 1.228448
1.625422 0.098948 1.231113
1.643600 0.104749 1.909372
1.679136 0.098180 1.965517
1.674684 0.099785 2.012199
0.420082 0.109401 2.660630
0.442895 0.122162 0.079007
-0.128552 0.144547 0.094365
-0.677329 0.168928 -0.536361
0.596664 0.178186 -0.498474
0.573136 0.158535 -0.501795
0.572626 0.798442 -0.539727
1.239756 0.109221 -0.596455
0.567112 0.133124 0.012690
-0.120515 0.831407 -0.006977
-0.175241 0.829408 -0.665971
-0.198949 0.796558 -0.043776
-0.185756 0.778242 0.554215
-0.185056 0.818406 0.563610
-0.224056 0.873172 0.596614
-0.257111 0.241831 0.617168
0.390017 0.194073 -0.033411
1.026603 0.162382 -0.056721
1.665898 0.201670 -0.067486
0.986311 0.276674 -0.043912
0.359224 0.310084 -0.017542
1.663008 0.932148 1.236060
1.694169 0.856539 -0.074004
1.067688 0.889088 0.565561
1.059766 0.940624 0.586373
1.087273 0.949958 0.583268
1.118464 0.904383 0.534017
1.112427 0.847828 0.467128
0.411476 0.828074 0.436476
0.362100 0.831647 0.448776
0.370104 0.184417 -0.767653
0.409979 0.148572 -0.812385
0.421245 0.116291 -0.197484
0.387428 0.106826 -0.175869
0.380660 0.110526 -0.112359
1.057603 0.740798 -0.671792
1.116024 0.730929 -0.674793
1.091864 0.708336 -0.698455
0.998819 0.061800 -0.705990
0.951129 0.075096 -0.697594
2.264386 0.085092 -0.719170
2.309062 0.086686 -0.769248
1.067968 0.086562 1.110418
0.394988 0.094773 1.146290
0.428521 0.108549 1.220046
0.504440 0.123534 1.267927
0.515095 0.132977 1.278534
-0.215316 0.766881 1.302085
-0.304069 0.758711 0.683852
-0.300423 1.415497 0.683440
0.380854 1.411437 0.633967
0.337974 1.408604 0.596653
0.215920 2.027637 1.845854
1.421320 2.049600 1.903831
0.841453 1.437494 1.882308
1.526487 0.840260 1.805918
0.839854 0.849143 1.161235
0.702732 0.845893 1.197933
0.627441 -0.464763 1.194642
0.656036 -0.441401 1.086375
0.697166 -0.456746 1.600707
0.650565 -0.492059 1.550594
0.564251 0.156790 1.577600
0.560016 0.833969 1.565822
1.295253 0.864530 1.492952
1.392800 0.229482 2.135928
1.382836 0.187889 2.903989
0.000077 0.152256 2.997182
-0.023956 0.154537 3.000472
-1.216881 -0.446937 2.257526
0.054736 -0.453639 2.249570
-0.000799 -0.501994 2.338451
-0.065480 -0.534498 3.075060
-0.071665 -1.146379 1.165063
-0.014937 -1.067254 1.155810
-0.581698 -1.025008 0.519143
-0.583999 -1.042129 0.605099
-1.244203 -1.060824 1.329270
-0.545354 -1.035144 0.671276
0.159407 -0.346293 0.622971
0.168802 -0.346748 0.599891
0.147291 -0.387565 0.613382
1.480984 -0.410159 0.615113
1.509641 -0.379067 0.576682
1.580374 -0.345908 0.525199
1.661000 -1.017819 -0.763947
1.732760 -1.059548 -0.732723
1.799961 -0.399205 -0.715236
1.852297 -0.359541 -0.726423
2.509365 -0.339517 -0.731292
3.188000 -0.358205 -0.702281
2.491221 -0.361366 -0.662720
2.440156 -0.978698 -0.661012
1.738256 -0.928280 -0.701695
-0.176411 -2.141678 -0.129997
-0.165738 -2.150315 0.487995
-0.147341 -2.157762 0.495914
-0.129517 -2.161541 -0.159421
-1.469488 -2.168586 -0.164734
-1.530056 -2.833055 -0.789602
-1.540328 -2.193549 -0.750955
-0.889315 -2.206889 -0.694840
-0.906932 -2.233455 -1.273400
-0.945974 -1.687311 -1.278755
-0.317121 -1.085671 -0.673310
-0.267234 -1.108169 -0.663702
-0.155431 -1.152052 -0.627982
-0.067711 -1.232543 -1.222716
-0.071429 -1.314416 -1.201435
-0.096158 -1.939320 -1.187970
-0.094362 -1.937734 -1.175183
-0.062645 -1.277180 -1.149969
0.615536 -0.643845 -1.133787
1.769452 -0.660533 -1.166420
1.679741 -0.638294 -0.011997
1.689397 -0.621018 -0.080068
1.782923 -0.592449 -0.076858
3.747001 -0.591228 -0.030708
3.716377 -1.221804 -0.010654
2.997185 -0.541705 0.575533
2.377619 -1.147983 0.548112
1.070686 0.171280 1.227146
0.530977 0.209630 0.650823
0.402441 0.265804 0.691302
0.314013 -0.331967 0.662839
0.359150 -0.944437 0.624818
0.464711 -0.962448 0.652226
-0.151530 -1.611643 1.407773
-0.900878 -1.629290 1.448725
-0.955566 -1.001628 1.431547
-0.900940 -0.984019 1.411732
-0.810215 -0.978621 1.438854
-0.803980 0.913812 1.500878
-0.253049 1.522951 2.202148
-0.286722 0.863511 1.495364
-0.233662 0.835098 0.800566
-0.166025 1.458734 0.768194
-0.176684 0.098561 0.810134
-0.248413 1.383476 0.836080
-0.285348 1.444442 1.389863
-0.262858 0.773167 1.314898
-0.247916 0.137373 1.289015
0.381503 0.063932 1.328392
0.980443 0.075505 1.348548
0.941392 0.133763 1.299803
0.988821 0.176184 1.211706
0.451457 0.157665 1.155494
0.469833 0.105806 1.189554
-0.858917 0.809337 1.263844
-0.189585 1.503866 1.302206
-0.765520 1.530630 1.945578
-0.102696 1.497363 1.282295
-0.836143 2.110666 1.340566
0.285603 2.094150 0.753801
0.306306 0.178994 0.730731
0.439316 0.205225 0.636597
0.532581 0.174823 -0.096679
0.513590 -1.076342 -0.113561
0.440116 -1.073012 -0.073526
0.419753 -1.034609 -0.054433
0.471542 -2.333493 -0.078192
0.475973 -2.377592 -0.101980
0.377788 -1.809836 -0.087622
0.260479 -2.480000 -0.052742
0.235522 -1.776740 -0.049474
0.296949 -2.380446 0.537814
0.329855 -3.048524 1.150916
0.299517 -2.496678 1.166546
-1.051652 -1.827330 0.555918
-1.051634 -2.413542 -0.690257
-0.982106 -2.992355 -0.673316
-1.559361 -2.989811 -0.658806
-0.917967 -3.027541 -0.639126
-0.958818 -3.032126 -0.636587
-0.305911 -2.976664 -0.017612
-0.256070 -2.938864 -0.054927
-0.204469 -2.977782 -0.072370
-0.172673 -3.082801 -0.076901
-0.143837 -3.132737 -0.085078
-0.102585 -2.463434 -0.077117
-0.077665 -2.419044 0.594183
-0.087542 -1.751302 0.637292
-0.116535 -1.190507 0.651727
-0.145058 -1.215287 0.601808
1.133718 -1.170475 1.166416
1.763257 -1.099797 0.477141
1.767472 -1.754017 0.459298
1.780562 -2.463804 0.435860
1.808301 -1.893434 0.388681
1.841252 -1.880671 0.363518
1.844257 -1.835621 -0.216466
1.797470 -3.078838 -0.163574
1.732159 -3.111744 -0.139347
1.690884 -2.507777 -0.171010
1.673446 -2.482542 0.407710
1.660530 -3.064540 0.406836
1.647522 -3.044887 0.439040
1.652427 -3.064255 -0.799494
1.706071 -3.087347 -0.159952
1.789180 -1.770305 0.458624
1.855836 -1.751453 1.137313
1.872066 -1.712175 0.564557
0.545937 -2.351256 0.589197
0.540918 -3.060590 0.535135
0.543148 -2.393295 1.137885
-0.068062 -1.095031 1.774143
-0.058789 -2.368193 0.557261
-0.053644 -1.716515 1.183461
-0.051645 -1.716651 1.129322
-0.044910 -1.694826 -0.154485
-0.045191 -2.917525 -0.715300
-1.433856 -4.175230 -0.629020
-1.464354 -3.523018 0.011447
-1.504397 -2.864865 -0.108564
-0.930094 -2.239398 -1.396312
-0.910085 -2.843322 -1.445511
-0.854054 -2.187393 -0.824857
-0.823691 -1.513504 -0.892288
-0.839524 -2.180044 -0.941820
-0.847444 -1.562346 -0.915410
-0.791911 -2.206577 -0.815822
-0.719192 -2.871913 -0.768293
-0.714842 -2.240061 -0.769629
-0.773088 -2.941071 -0.803968
-0.805400 -2.952824 -1.479305
-0.765104 -3.584379 -1.470620
-0.727995 -2.212094 -1.452187
-0.760732 -2.211325 -0.777782
-0.835638 -2.254118 -1.411970
-0.867075 -2.251885 -1.379557
-0.830076 -3.515514 -0.642668
-0.804046 -2.847954 -0.555764
-0.853596 -2.246003 -1.134847
-0.935718 -2.946660 -1.150628
-0.954552 -2.978814 -1.163488
-0.284678 -2.323005 -1.137563
-0.231530 -1.661407 -1.085157
-0.242223 -2.360945 -0.377532
-0.280695 -2.429368 -0.383573
-0.263765 -3.049389 -0.400265
-0.181960 -2.410353 0.251262
-0.130289 -2.398433 -0.987496
-0.178881 -2.394046 -0.989859
-0.267350 -1.779774 -0.439033
0.318367 -1.818686 -0.588876
-0.236111 -1.834208 -0.615677
-0.214282 -2.483188 0.038702
-0.255742 -1.822390 0.069229
-0.300821 -1.796574 0.037312
-0.282495 -1.766837 -0.015530
-0.221579 -2.409270 -1.304116
0.422969 -2.429631 -1.233892
0.416138 -1.758625 -1.837185
0.407002 -0.352291 -1.887788
-0.170212 -0.325559 -1.923974
-0.133360 -0.296030 -1.871239
-0.129326 -1.015197 -1.801444
-0.157770 -1.067994 -1.786359
0.432601 -1.076154 -1.147944
0.469390 -0.396073 -1.160835
0.522059 0.277642 -0.457110
0.553139 0.261186 -0.422901
0.547883 -0.482870 0.867897
0.534357 -0.535837 0.118607
0.530465 0.781641 -0.517553
0.522676 0.815081 -0.494355
0.499587 0.771894 -0.492746
0.458005 0.677661 0.088578
0.435645 0.645406 0.000743
0.462246 0.761990 -0.684976
0.511418 0.856053 -0.667230
0.531322 0.839315 -0.690827
0.510300 0.738449 -2.068750
0.502965 0.680385 -2.115577
1.166009 1.313225 -2.744110
1.209294 2.031227 -2.681944
1.191308 1.994987 -2.037668
0.546968 1.237081 -1.468496
0.506652 1.212243 -1.494720
0.546470 0.657219 -0.742345
0.594281 1.387512 -1.373831
0.570500 0.060141 -1.378253
0.499128 -0.686303 -1.454732
0.475711 -0.032078 -1.462540
0.524856 0.672233 0.562835
0.558027 0.728892 1.246044
0.518157 0.698528 1.234572
0.450919 0.644936 0.580057
0.438953 -0.562513 -0.073656
0.495903 -0.492466 -1.248293
-0.115715 -0.459087 -1.235782
-0.135114 -0.484435 -1.263530
-0.168639 0.105207 -1.295241
-0.148941 0.101123 -1.313678
-0.085095 0.089371 -1.307395
-0.048775 0.051485 -0.648107
-0.682107 -0.003018 -1.302500
-0.699607 1.217683 -1.298617
-0.686908 2.439951 -1.274938
-0.656945 2.464919 -1.237380
-0.642490 2.513759 -1.244243
-0.653539 1.925041 -1.958745
-0.063348 2.548127 -2.026065
-0.050878 2.511109 -2.061304
-0.051186 2.534254 -2.051300
-0.726943 2.597919 -0.767442
-0.758399 1.364818 -0.752654
-0.774525 1.347085 -0.726720
-0.174332 1.320779 -0.718009
0.409206 1.334013 -0.076094
-0.222558 1.374540 -0.713116
-0.257715 1.388268 -1.339283
0.340787 1.352917 -1.387022
0.352782 1.281624 -0.842588
0.367581 0.634517 -0.913936
-0.282727 -0.012631 -0.925058
-0.261072 0.584221 -0.892969
-0.238772 0.521422 0.355514
-0.238099 1.687721 0.309312
-0.253994 1.678115 0.283205
-1.502134 1.705255 0.305550
-0.854464 1.722703 0.961563
-0.216790 1.722789 0.288058
-0.220490 2.428941 -0.394135
-0.893254 2.480741 -0.399124
-0.917559 2.544560 -0.360783
-0.292492 2.565647 -0.339102
0.307354 2.549825 -0.977153
0.272191 2.543350 -0.996875
-0.376042 2.554793 0.325798
0.220855 2.577587 0.468641
0.231866 2.602016 0.548059
0.251478 2.621306 0.547078
-0.375014 2.627442 0.510026
-0.398135 2.632631 -0.110099
-0.403236 3.286108 -0.719372
0.260611 3.300387 -0.124254
-0.953465 3.296126 0.488871
-0.948960 3.258360 0.440807
-0.988272 3.833129 0.416192
-0.370464 3.807952 0.421569
-0.324574 3.860325 0.427461
-0.272595 3.869325 0.398467
0.361116 3.844883 0.353739
0.319100 3.806625 0.336991
0.295887 3.805420 0.347580
0.305962 5.017909 0.373420
0.304748 3.765792 -0.869486
0.257437 3.711234 -1.544643
0.193375 3.653112 -1.550632
-0.399676 3.657872 -1.549898
-0.359267 3.698913 -1.557657
-0.329575 3.705652 -1.591842
-0.339850 3.664501 -0.964690
-1.586528 3.644065 -0.956702
-1.593189 3.690361 -0.926210
-1.573372 3.740870 -0.909389
-1.567105 3.716211 -0.930707
-1.570210 3.654465 -0.969371
-0.967922 4.259683 -1.637427
-0.926791 4.304455 -2.894374
-0.903380 4.346971 -2.905627
-1.504176 4.965579 -2.938366
-2.147128 4.929148 -2.976936
-2.125229 4.949643 -2.989410
-2.080628 5.033192 -2.957326
-1.428070 5.095788 -2.902571
-0.850501 5.081963 -2.877203
-0.861706 5.047293 -1.589808
-0.839309 5.054688 -1.615440
-0.810104 5.102025 -1.605272
-0.787280 4.497213 -1.578455
-0.779026 4.470122 -1.548696
-0.764648 4.435537 -1.548719
-0.139563 5.064601 -0.275402
-0.121586 4.470434 1.043530
-0.104910 4.500297 1.072845
-0.078284 2.544581 1.082296
-0.045934 2.535729 -0.258213
-0.044681 1.947033 -0.317480
-0.077944 1.983884 -0.365742
-0.090381 2.588119 -0.374999
0.573237 2.541925 -0.377066
0.600883 2.502979 -0.406503
-0.044102 2.497425 -0.477808
-0.086904 2.508874 0.152144
1.165534 2.546191 0.828173
1.141966 2.551870 0.886628
1.754157 2.560181 0.888944
1.733224 1.956298 0.819592
2.366567 1.985692 0.772036
1.726804 1.996138 0.795432
1.111151 1.982821 0.838150
1.075097 1.948675 0.834282
0.380922 1.912999 0.111259
0.392233 1.900871 0.112650
0.412958 1.917096 0.176488
0.405931 1.941761 -0.400986
0.341221 1.956981 0.230402
0.356677 1.962868 0.179954
0.407152 1.966112 0.155510
1.115920 2.557146 -0.444741
1.116444 2.556233 -1.688097
-0.248977 2.526741 -1.695509
-0.256387 2.465951 -1.728661
0.443987 2.414873 -1.736903
1.085086 2.403099 -1.677569
1.076992 2.443541 -1.613221
1.074884 3.137854 -2.270161
1.092686 4.368750 -2.302720
-0.127417 4.346357 -1.086155
-0.138384 4.349290 -1.085843
-0.161097 3.137674 -1.077651
-0.159141 3.150685 -0.426164
-0.157084 3.095629 -0.412527
-0.185545 3.046300 -1.622245
-0.218528 3.064631 -1.620436
-0.211357 3.117298 -1.606863
-0.171494 3.142703 -1.577194
-0.156053 2.528518 -1.559986
-0.765365 2.531384 -1.578711
-0.769151 1.891868 -0.978078
-0.688015 2.508269 -0.998175
-0.684006 2.475571 -0.976804
-0.699177 2.433354 -0.956207
-0.749454 2.397534 -0.317176
-0.768403 2.374105 -1.600780
-0.732290 2.357709 -2.239626
-0.696359 2.992303 -2.213321
-0.695915 2.409671 -2.222659
-0.045467 2.433688 -2.260822
-0.027276 2.422424 -2.302755
0.011771 2.399563 -2.304035
0.646616 2.398450 -2.893546
0.640775 2.437133 -2.859800
0.640004 2.430678 -3.468365
-0.000930 2.406684 -3.459456
0.016323 2.395402 -4.097774
-0.001135 2.419742 -4.075864
-0.039488 2.460004 -3.463730
-0.059805 2.485739 -2.880250
-0.050888 1.849884 -2.918667
-0.044554 1.210404 -1.652315
0.516260 1.202169 -1.645643
0.443800 1.834662 -1.660443
1.083107 1.801680 -2.311014
1.101591 1.748386 -2.940351
1.118073 1.716899 -2.935140
1.093591 1.717345 -2.935120
1.060909 1.746430 -2.970664
1.063562 1.782164 -2.391514
1.086258 1.816030 -2.420984
1.075138 1.825877 -2.410115
1.025963 1.202540 -2.428810
0.993400 1.167475 -3.080150
1.011573 1.133553 -3.039538
1.049453 1.710763 -3.658645
1.075844 1.703386 -3.628663
1.086615 1.726987 -3.621161
1.082590 1.773421 -2.283638
1.077964 1.833165 -2.256984
1.076770 1.882781 -1.602547
1.078574 1.900941 -1.636281
1.069388 1.276789 -1.693972
1.047544 1.241403 -1.723124
-0.223991 1.203143 -2.316993
-0.226075 1.771674 -2.293489
-0.183674 1.730956 -2.297103
-0.134132 1.048513 -2.321102
-0.756274 1.043541 -1.713654
-0.776737 1.032911 -1.709976
-0.785591 1.005746 -1.719373
