0.163647 -1.746986 3.937999
0.161541 -1.695465 4.012939
0.860888 -1.677235 2.723677
0.897529 -1.714458 2.634991
0.888199 -2.484741 1.956615
0.866447 -2.494389 2.024777
0.882133 -3.104621 2.725092
0.891742 -3.123760 2.043418
0.865984 -3.167280 1.937287
1.490020 -2.588304 2.524679
1.503616 -2.600075 2.584462
1.561759 -2.597728 2.021637
1.594221 -1.964326 1.993764
1.587258 -0.695500 2.562918
1.589570 -0.096849 2.545999
1.639583 -0.080034 2.627309
1.656216 -0.045310 2.724203
1.650955 -0.648660 2.740498
0.984291 -0.016908 2.698480
0.977370 -0.037830 3.969466
1.041858 -0.072523 4.028991
1.125546 0.554148 3.465130
1.171040 -0.041454 3.458834
2.378341 -0.008905 3.411860
2.396755 0.003993 4.030465
1.788705 -0.056969 3.399410
1.831002 -0.088758 3.396909
1.825745 -0.108758 2.732019
1.773812 -0.110283 2.683758
1.078093 0.500937 2.649764
1.739080 0.465196 2.646900
1.121689 -0.172729 2.648646
0.487081 -0.156620 2.649897
1.776945 1.144357 3.306789
1.813867 1.170750 4.607468
1.280992 0.548563 4.607473
1.337479 0.548967 4.599996
1.359438 0.570820 4.576933
1.339988 0.597841 4.544545
1.317358 0.589865 4.537991
1.970753 -1.948163 4.562977
2.644657 -1.986780 4.587416
2.648037 -1.986363 4.592647
2.624823 -1.334946 4.595217
2.602798 -1.345425 5.240926
2.595129 -0.184892 2.611342
2.585247 -0.210845 2.578664
2.537862 -0.170443 2.520269
3.067683 -0.172154 3.119907
2.999508 -0.205653 3.085559
2.992459 -0.258398 3.111886
2.977222 -0.261473 3.129992
2.926445 -0.220645 3.771098
2.861250 -0.196951 3.143479
2.838238 -0.219769 3.837560
2.865302 0.397815 3.868253
2.883449 0.430821 3.854683
2.846462 0.483285 3.804511
0.892981 0.484971 3.133946
1.519428 0.430577 2.537396
1.557844 0.399340 2.593928
0.996431 0.422544 2.613842
0.359219 0.459623 2.602892
0.369662 0.457941 2.624544
1.041874 0.435030 3.359804
-0.778180 0.450631 2.710880
-0.743746 0.499599 2.673370
-1.406135 -0.087003 2.611326
-0.762273 -0.103153 2.584607
-0.067122 -0.149497 1.972063
0.000207 -0.163871 2.003033
-0.635697 -0.138573 1.989979
-1.276921 -0.115434 1.963890
-0.674710 -0.133268 1.988651
-0.010167 -0.144207 2.653929
0.008528 -0.109812 2.635470
-0.002696 -0.054375 2.568382
-0.049713 1.221598 2.498455
-0.087947 1.190900 1.823570
0.541261 1.167584 1.846478
0.598517 1.167219 2.522895
0.012416 1.168720 2.530697
-0.656755 1.137098 1.888647
0.577687 1.095429 2.565411
0.587327 1.091127 3.270688
-0.016527 1.124827 3.268593
0.001794 1.155954 3.191393
-0.043999 -0.108477 3.111311
-0.106069 -0.118000 3.093566
-0.749745 -0.137711 3.135447
-0.720371 -0.153616 2.529075
-0.081423 -0.167283 2.505115
-0.120422 -0.178152 1.821880
-0.137435 -0.181294 3.149875
0.487505 -0.192272 3.195931
-0.717395 0.425256 2.528743
-0.707912 0.415379 2.451328
-0.742990 0.429822 1.755643
0.486220 0.439331 1.765048
-0.188995 0.411256 1.812463
-0.191529 0.360887 1.834999
-0.148990 0.320268 1.836041
-0.101507 -0.286351 1.859069
-0.665067 0.931469 2.545696
-0.677392 0.909591 2.586608
-0.041054 0.873737 2.546007
-0.030813 0.867703 2.457534
-0.014869 0.890008 2.400230
-0.674028 0.306014 2.406050
-0.707617 0.331306 2.429087
-0.085025 0.340322 2.428903
0.015545 0.360096 2.425192
-1.211543 0.393669 2.456936
-0.607834 0.437987 2.520015
1.850852 1.093738 2.549363
-0.127657 1.127170 1.849352
-0.106115 0.541415 1.797807
-0.033874 0.576906 1.801053
0.615531 0.607967 1.853873
0.591400 0.622678 1.881898
-0.109258 0.636432 1.868728
-0.071862 0.633421 1.873300
0.005622 0.616383 1.950798
0.038999 1.206890 2.045542
0.016599 1.191114 2.749482
0.613419 1.182480 2.693318
0.030798 1.158792 2.633097
-1.245707 1.133733 2.658632
-0.626260 1.116657 2.718894
-0.652196 1.090213 2.716882
-0.673737 1.041189 2.658321
-0.677420 0.966786 2.639128
-0.672512 0.907776 2.697872
-0.696635 0.887587 2.075475
-0.739630 0.894638 2.062418
-0.782397 0.903960 1.985612
-0.815600 0.899487 1.924384
-1.471936 0.905381 1.928472
-1.497273 0.926358 1.944263
-1.526112 0.947397 1.911849
-0.886169 1.617859 1.854559
-0.869172 1.624478 1.845399
-1.488310 0.968205 1.887318
-0.843574 0.948592 1.922348
-0.841718 2.893696 1.917102
-1.503543 2.910966 2.529130
-0.220036 2.875850 2.531019
-0.169100 2.842000 2.565101
-0.830461 2.173687 2.580100
-0.217559 2.187995 2.556245
-0.292693 2.217456 2.545278
-0.309771 2.196831 2.589955
-0.955808 2.095965 2.652812
-0.977375 2.044710 2.681351
-0.419149 2.047456 2.672511
-0.480996 2.086036 2.660156
-0.468612 2.747663 2.675095
-1.080801 2.706510 2.064271
-1.083723 2.685894 2.059992
-1.155700 2.714844 1.394345
-2.355379 2.736709 1.376594
-2.330364 2.703226 1.407087
-2.899939 2.638640 1.465436
-2.854476 1.996773 1.493514
-2.167321 2.009683 1.456208
-2.169275 2.022171 1.392821
-2.158969 2.597320 2.633635
-2.137948 2.573269 2.656922
-0.799640 2.579801 3.284715
-0.828584 2.609166 3.234146
-0.853377 2.627524 3.808096
-0.843947 2.627162 3.110799
-0.797978 2.634312 2.520345
-0.132001 2.045104 2.554174
-0.126164 2.094239 3.220881
-0.087826 2.116919 3.168823
0.612473 2.112154 2.468832
0.687526 2.116332 2.488853
0.695510 2.142724 2.520820
0.646766 2.163288 2.540243
1.287284 2.160784 3.226099
1.310568 2.147593 2.554190
0.059897 2.152278 1.921247
0.067402 2.186025 1.947319
1.300814 2.227817 1.319047
1.899965 2.250040 1.988043
0.646680 2.239369 1.978345
0.680502 2.217287 1.988511
0.660887 2.215388 2.657592
0.591253 2.892200 2.660434
0.545149 2.259345 2.656976
0.544750 2.263896 1.993619
0.558582 2.260749 1.998166
0.543574 2.276744 2.002764
0.502986 2.323616 1.312682
0.503349 2.378622 1.287624
0.559035 2.392440 1.912175
-0.704267 2.369202 1.856358
-1.364683 2.348463 1.838547
-1.431308 1.053820 1.861219
-1.462138 1.060097 1.225752
-1.455414 1.036710 1.858432
-1.452287 1.015704 1.822863
-1.477428 1.018785 2.485820
-2.152619 1.047341 2.509254
-1.447400 1.081350 1.219935
-2.028169 1.092692 1.195726
-2.671206 1.082553 1.800241
-2.645100 1.076382 1.811871
-2.626240 1.094635 1.226520
-3.264196 1.120956 1.257295
-3.280397 1.137870 1.240791
-3.310825 1.144984 -0.071209
-1.895441 1.136615 -0.071060
-1.838090 1.112940 -0.060420
-1.130518 1.080903 -0.064117
-1.138911 1.046855 -0.092479
-1.148052 1.006109 0.527951
-2.327089 0.953213 1.177961
-2.299239 0.902650 1.184936
-2.368055 0.881941 1.200636
-3.144872 0.918335 1.221922
-1.925616 0.966650 1.231823
-1.277408 2.317055 1.240554
-0.605835 2.278319 -0.098885
-0.041729 2.256462 -0.702707
-0.109075 2.279746 -0.683276
-0.744100 2.304056 -0.669773
-1.277221 2.305676 -0.668330
-1.220226 1.680212 0.650022
-1.313574 1.702818 0.655708
-1.425276 1.763438 0.663171
-1.452657 2.428004 0.670349
-0.749376 2.429681 0.678772
-0.732020 2.406309 1.364253
-1.434570 3.041556 2.042198
-1.511177 3.691131 2.048860
-1.471272 3.699021 2.032411
-1.361178 3.675096 2.015583
-1.346240 3.632396 0.750148
-2.099198 2.981206 0.755658
-1.557147 3.591649 0.734313
-1.611028 3.604354 0.697057
-1.572842 3.582441 0.688611
-2.857607 3.540288 0.721530
-1.615346 3.528628 1.435518
-1.053516 3.549825 1.426498
-0.411853 2.916029 1.376596
-0.333713 2.237467 1.341941
-0.951811 2.190764 1.348677
-1.679780 2.184110 1.359890
-1.758887 2.217741 1.333090
-1.754307 1.602043 1.293696
-1.696500 2.222491 0.003806
-1.010216 2.196517 0.027415
0.854173 2.202512 0.040780
1.458344 2.229351 0.027928
2.163979 2.882282 0.006428
2.234162 2.221200 -0.675523
0.955515 2.205152 -1.319206
0.300510 2.215553 -1.339300
0.322891 2.231379 -1.368449
-0.253364 2.228258 -0.761285
-0.842589 2.209695 0.441628
-0.813563 2.185855 0.470740
-0.790379 2.151593 0.486993
-1.387451 2.734640 1.115357
-0.705853 2.722722 1.070804
-0.678491 2.728648 -0.250479
-0.027192 2.724214 -0.234728
-0.046480 2.698715 0.450684
0.566375 2.684955 1.745776
0.582764 2.707075 1.727634
0.605444 2.740994 3.048424
-0.643234 2.107854 2.398525
-0.015577 2.062675 4.273777
-0.032506 1.384862 4.250086
-0.024576 1.379738 4.221189
-0.006084 2.047770 4.196998
-0.000803 2.088817 3.516065
1.234387 2.122772 4.167078
1.230247 1.494985 4.175965
0.631675 1.501758 4.204471
0.657232 1.537212 4.232306
0.678842 2.245581 4.236906
0.684966 3.533109 4.227954
0.679040 3.507733 4.215607
1.325862 3.470425 4.210114
0.641417 3.473205 4.193940
-0.031406 3.512095 4.801785
0.611525 3.555129 4.772868
1.271954 3.572745 3.538693
1.284999 3.567321 3.526471
1.279133 3.564346 3.499829
0.650070 3.568591 3.508004
0.686623 3.560369 4.223039
1.387912 2.870009 4.290189
1.416516 2.811881 2.399316
0.729625 2.769736 2.400097
0.658325 2.774699 3.060100
0.572362 2.809004 3.071241
0.508857 2.839473 1.825497
0.479484 2.841369 1.857862
1.676900 2.843245 1.885666
1.644177 2.871861 1.917571
0.967566 2.898551 2.602999
0.924597 2.884314 1.987840
0.263277 2.827609 1.993535
0.255067 2.795816 1.990684
0.241044 2.815999 1.984395
0.192392 2.854169 1.977528
0.140425 2.882293 3.256608
0.799228 2.234141 2.576724
0.876822 2.231773 2.598113
0.968927 2.231105 3.242752
1.010643 2.221067 3.224403
-0.265832 2.189890 3.187713
-0.856172 2.146495 3.181165
-0.794773 2.119945 3.846020
-0.771587 2.125968 3.904224
-0.799314 2.144333 3.942548
-1.452739 2.818831 4.578542
-1.421866 2.834399 4.549031
-1.389021 2.819817 4.546863
-1.393779 1.403408 4.567604
-1.443333 2.089723 3.917194
-1.467736 1.382069 3.864851
-1.449213 1.348703 3.803854
-1.445922 1.301921 3.771303
-1.509228 1.279723 3.792033
-1.598183 0.001857 2.590135
-1.616541 0.018856 2.582494
-1.584908 0.032656 1.264988
-0.940522 0.057786 1.195382
-1.611232 0.100222 1.839124
-1.593466 0.129757 1.866241
-0.888401 0.118850 1.887480
-0.830270 0.092264 1.239630
-0.840339 0.096008 1.208736
-0.921659 0.140992 1.218724
-0.984093 0.173961 0.579712
-0.988436 0.157256 0.609068
0.285732 0.133618 -1.403949
0.248111 0.170009 -1.438049
0.208271 0.257128 -0.749743
-1.083477 0.933439 -0.690501
-0.988580 0.910282 -0.643370
-0.958316 0.858908 -1.288416
-1.667469 0.844045 -1.314341
-1.724045 0.866107 -0.653579
-1.106670 0.237262 0.736153
-1.076456 0.193580 0.781058
-1.074723 0.164531 0.765272
-1.110044 0.199940 0.720370
-1.124689 0.263739 0.715115
-1.069997 0.277410 2.046702
-0.997385 0.236198 2.086370
-0.985168 0.194736 2.081963
-1.051335 0.202404 1.367116
-1.121469 0.240041 1.348242
-1.141752 1.579256 1.362640
0.822434 1.563613 2.037884
0.786525 1.549143 2.000461
0.702809 0.901352 1.944083
0.021542 1.582282 1.912714
-0.525103 1.579275 3.230848
0.154976 1.549763 3.231254
0.135669 0.844955 3.203546
0.062170 1.512180 3.177358
0.027962 0.875036 3.184717
0.063263 0.879598 2.584715
0.104445 0.867380 2.609770
0.087655 1.489845 1.978443
0.057121 1.495385 1.298591
-0.544827 1.511151 1.290398
-0.460292 2.174757 2.548481
-0.387073 0.890022 2.521727
-0.344977 1.567386 2.494973
-0.305053 1.575970 2.486480
-0.263138 1.587966 1.876005
-0.234135 1.590431 1.905890
-0.221248 1.579336 1.934024
-0.216377 1.559021 2.634901
-0.184304 1.539303 2.642871
0.493879 2.225707 1.993077
0.523714 2.243339 1.971702
0.531150 2.259975 2.584962
0.534469 1.002186 2.561551
0.552179 0.339774 2.546980
0.549652 0.340523 2.535217
0.523728 -0.325765 1.873071
0.484816 -0.349543 1.896948
0.472033 -0.375450 1.906158
0.513398 -0.382486 1.275483
0.561986 -0.379457 0.590830
-0.657736 -0.382274 0.567088
-0.714843 0.291186 -0.081402
-0.128557 0.309837 0.529590
-0.100519 0.324139 0.531291
-0.079385 0.306336 1.176399
-0.125444 0.265353 1.192306
-0.202344 0.249365 1.246310
-0.195754 0.261058 1.281939
-0.125223 0.931967 1.294613
-0.079476 0.906192 1.920109
-0.106972 0.921223 1.314709
0.463211 0.318368 1.990870
1.128216 0.410364 2.694869
0.582184 0.458253 2.075154
0.637958 0.445861 0.131232
0.597476 1.095701 0.114174
1.210058 0.511106 1.358995
0.608179 0.566232 1.397914
0.668915 0.549347 1.372111
1.310831 0.486989 1.907816
1.287902 0.484873 1.215757
1.284881 0.584415 1.872990
1.328257 0.682188 1.899752
1.958286 0.667513 1.877460
2.625964 1.210518 1.188796
2.612801 0.548558 1.187181
3.211029 0.590008 1.263284
1.980310 0.634050 1.358143
2.639789 -0.025369 0.769526
2.620539 0.539388 1.391833
1.995652 1.127782 1.379006
2.020143 0.587644 1.426472
2.059794 0.630332 2.101381
3.319549 0.563403 2.134176
2.654873 0.459971 2.756207
2.617247 0.425721 2.746457
2.631771 0.456433 2.777353
2.601051 -0.196966 2.164851
2.583423 0.336914 2.127650
3.131699 0.246126 2.044489
4.347698 -0.392829 1.990077
4.406375 0.289392 1.977432
3.082649 -0.333911 1.966838
2.435908 -1.010962 0.659977
2.372071 -1.034727 0.640237
2.360773 -0.338961 1.282619
1.778274 -0.860025 1.325313
1.209273 -0.823661 1.990942
1.175707 -0.839618 2.654279
1.110515 -0.854831 2.659076
1.100434 -0.844741 2.689654
1.154944 -0.831706 2.709496
1.193941 -0.222932 2.707334
1.159333 -0.249844 2.699226
1.071345 -0.280394 2.717870
1.669854 -0.302532 1.480046
2.279515 0.309662 1.495515
1.623272 0.907114 1.483805
1.572917 0.858764 1.480222
2.159012 1.447215 1.492956
0.896065 1.430738 1.492493
1.534084 2.034667 2.100004
1.574135 2.014271 2.069607
1.610836 2.011951 2.052469
1.622184 0.781632 2.053606
1.618102 0.805476 2.041500
1.624964 0.826413 1.372957
1.676795 0.851694 1.333074
1.741912 0.885798 1.333479
1.792824 0.276867 1.354001
1.817432 -0.945298 1.357881
1.198452 -0.947399 1.352995
1.255779 -0.959492 1.997387
0.685021 -0.972777 2.014672
0.660346 -0.986624 1.400417
0.570391 -0.371105 1.417287
-0.818605 -1.003190 1.420199
-0.760311 -0.992596 1.431035
-0.665278 -0.996598 1.445398
-1.312751 -0.999326 1.443269
-1.938082 -0.977168 2.057861
-0.654618 -0.965064 2.069995
0.607389 -0.986984 2.768940
0.628701 -0.398857 2.841279
0.583387 0.257376 1.599472
0.528415 0.306135 1.566854
0.520986 1.012911 1.551141
1.842949 0.379345 1.591486
1.902301 1.062979 1.639567
2.560876 1.110237 1.629515
1.933872 1.814419 1.576176
2.003271 1.852817 1.554877
1.528602 0.522767 1.586040
0.392763 -0.179236 1.634208
0.376852 1.152356 1.633980
0.374550 1.176303 1.573336
0.433507 0.566706 0.870288
0.493564 0.523496 0.867632
0.514871 0.503710 0.918185
1.165737 0.530006 0.940717
0.525957 0.551865 0.903739
0.544338 0.512853 0.848469
1.155558 1.751618 1.469438
1.069775 2.313296 1.501291
0.992878 2.311982 1.501375
0.957683 2.353336 0.757352
0.957873 2.378483 0.648162
0.290608 2.365926 0.598509
0.296411 2.349926 0.622801
0.352613 2.360535 0.671886
0.420502 3.622944 0.064495
-0.233630 3.636310 1.881124
-0.261378 3.598107 1.867768
-0.299354 3.549334 1.919949
-2.222684 3.540558 2.015290
-2.211718 3.563766 2.751585
-0.255663 3.576892 2.744956
0.307767 3.549317 2.732240
-0.335646 3.514943 2.765006
-0.308391 2.866018 2.243984
-0.277520 2.225009 2.263053
-0.314824 2.917884 2.229701
0.870109 1.601851 2.196912
0.801861 1.564157 2.186050
0.774561 1.560218 2.181216
2.036156 2.270660 3.454117
1.316217 2.317771 3.407423
-0.065277 2.298182 3.367418
0.502096 2.233273 2.670280
0.513565 2.199672 2.644540
-0.073129 -0.259180 2.600019
1.200248 -0.231903 3.783456
1.174113 0.409272 5.025170
0.540281 0.356453 4.367295
-0.676464 0.327239 4.436064
-0.025484 -0.298347 3.766558
-0.054728 -0.240222 3.758116
-0.119395 -0.854375 3.773325
0.556610 -0.845684 3.189744
0.637661 -0.831847 3.870563
0.714276 -0.816354 4.560790
0.734433 -2.096256 4.565008
0.079879 -2.138419 3.983336
0.084072 -2.195265 5.285490
0.083517 -2.229473 5.311241
0.731442 -0.893878 5.355431
0.706500 -0.886975 5.396220
0.701043 -0.234764 5.414403
1.327195 -0.229609 5.422660
1.957940 -0.241609 4.815862
1.967429 -0.280186 4.861887
1.963864 -0.322209 4.895523
0.683764 -0.337462 4.880902
1.319225 -0.338248 4.843431
0.675509 -0.364084 4.815167
0.683712 -0.415016 4.843002
0.675456 0.212987 5.496264
0.666989 0.245602 6.048244
0.667448 0.283681 5.974475
0.708915 0.271482 5.942034
0.783059 0.216100 5.965558
0.203168 0.188074 5.975806
0.221059 0.220709 5.930348
0.199257 0.898916 6.535620
0.826224 0.894967 4.724979
0.221022 0.221646 4.759440
-1.041195 0.234196 4.119291
-0.390369 0.943132 4.087820
-1.045418 0.989942 4.062988
-1.704793 0.980347 3.415218
-0.985742 0.364223 2.793064
-0.988771 0.347157 2.073025
-0.415205 0.347289 2.040779
0.834394 0.323362 2.699034
1.469964 -0.339673 2.751834
0.913029 -0.351348 2.766470
0.265069 -0.325475 2.699723
0.215316 -0.288131 1.966733
0.174528 -0.277132 1.980947
0.203260 -0.286144 2.055387
0.899771 -0.895515 2.116836
0.928711 -0.907132 2.709491
0.206447 -0.964568 2.635780
1.474226 -1.079140 2.703145
0.870631 -1.134147 2.810673
0.885298 -1.113588 2.869167
0.858677 -1.057316 2.210354
0.797630 -0.999832 1.460425
0.141319 -0.953629 2.043727
0.177884 -0.914191 1.457378
-0.402296 -0.866083 0.900409
-0.369700 -0.850679 0.878121
-0.375133 -0.895718 0.196171
0.298459 -0.973217 0.174378
0.352172 -0.402424 0.882511
0.390509 -0.396734 0.959701
-0.275930 -0.377478 0.335581
-0.307525 -0.985148 0.344930
-0.291157 -1.599826 0.383478
-0.232567 -2.228511 0.434315
-0.784613 -1.557042 0.446524
-0.791176 -0.882800 1.060959
-0.209107 -2.207264 0.973930
-0.210192 -1.631329 0.995138
-0.197828 -1.678246 1.679089
-0.190294 -1.690299 1.644070
-0.190554 -1.700354 1.531481
-1.508748 -1.674804 1.441041
-1.513623 -1.638024 1.436526
-0.236827 -1.596463 1.481702
-0.896845 -1.552633 1.484085
-0.910761 0.336705 0.767403
-1.541829 0.354684 0.665384
-2.207882 0.340485 0.623041
-1.041451 1.561331 0.651349
-1.106518 2.200275 0.693795
-1.132057 2.209043 0.655518
-1.141327 1.591762 1.246916
-1.166801 1.600613 1.224861
-1.198023 1.600013 1.261810
-1.185555 1.602870 1.313485
-1.130360 0.435348 1.313033
-1.726496 1.110104 1.894269
-1.177625 1.096450 2.490516
-0.621951 1.050798 2.494677
-0.600028 -0.190345 2.510912
0.145453 -0.242296 2.515239
0.173126 -0.262828 2.500115
0.135890 -0.268444 1.857276
-0.458066 0.373303 1.878648
-0.404086 0.400078 1.911400
-0.334788 0.415762 1.959473
-1.620118 0.393757 1.999714
-3.013684 0.348379 2.043562
-1.839947 1.505946 2.080195
-1.793489 1.508602 0.779461
-1.719044 1.465428 0.802739
-1.689388 1.378910 0.821353
0.133430 1.316748 0.842398
0.690307 0.753736 0.865415
0.755572 0.843159 0.889748
1.495866 0.872449 0.899157
1.463883 0.153867 0.879262
1.356511 0.737403 0.831199
0.672224 0.795661 0.767747
0.727606 1.466795 0.101512
0.775756 0.781946 0.707659
0.732568 0.695282 0.677189
0.658112 0.651609 1.269323
0.670640 0.040547 1.232607
2.061569 0.140495 1.237127
2.099077 0.180585 1.905158
2.041519 0.145813 1.937919
1.327439 0.103031 1.923001
1.364826 -0.544258 1.232114
1.449628 -0.545532 1.222193
0.897998 -0.619843 1.237930
0.215512 -0.005449 1.243809
0.147112 -0.032533 1.224616
0.154301 0.030898 1.227666
0.198263 -0.521667 1.269549
0.854396 -0.473269 1.343579
0.769577 -0.462468 1.395523
0.693946 -0.432389 1.394322
1.341599 -1.003869 1.355430
2.013286 -0.976768 1.316126
2.029914 -1.028258 1.300713
1.310407 -0.494762 1.285818
1.856299 0.156093 1.244123
0.608121 0.210442 1.193448
0.702801 0.252768 0.548936
1.333478 -1.078712 0.575059
0.696251 0.111082 1.250446
0.691533 0.088022 1.256940
1.337035 0.090822 2.463787
1.361113 0.045202 2.406957
2.049860 0.602434 2.384079
1.406251 0.493275 2.400312
1.433359 0.483953 2.428844
0.769085 0.540438 2.446015
0.124597 0.590668 2.462374
0.695514 0.598085 1.859166
0.718470 0.590425 2.531880
0.076269 0.050035 1.893774
0.044228 0.107227 1.869141
0.008808 -0.508033 1.833226
0.016484 -0.563789 1.788853
0.741367 -0.606638 1.734821
0.790104 -0.572028 1.687328
0.128061 -0.511684 1.651689
0.036596 0.759143 1.631652
0.608895 0.086441 1.608392
1.946113 0.117192 1.577575
1.954383 0.192219 1.551466
1.906797 0.243261 1.533637
2.420813 0.210342 1.531673
1.801792 0.120217 1.528842
1.865040 0.070017 1.517945
1.908496 0.083201 1.511213
2.612501 0.085008 1.532736
2.635131 0.036363 1.579452
1.995399 -0.012642 1.628037
2.630819 0.008298 1.676243
2.624391 0.075538 1.726589
2.607644 0.097855 1.799195
2.636766 -0.611180 1.868731
2.662555 0.590523 1.903410
2.036676 0.532217 1.897278
2.077412 0.534643 1.873646
1.520963 0.551195 1.873198
2.234063 0.530621 1.865441
2.278293 -0.131379 1.824321
2.922575 -0.089536 1.761662
2.872994 0.001883 1.737579
1.531074 0.686941 1.781581
2.172850 1.303942 1.823265
2.847102 1.234425 1.813238
2.883020 1.217331 1.767135
2.905486 -0.050479 1.753094
2.917736 -0.041125 1.803252
2.939225 -0.076775 1.860097
1.636932 0.518359 2.471350
1.682052 0.580793 2.457057
1.681455 0.655352 2.484144
2.267062 0.656296 2.565446
2.185668 0.609351 2.636246
2.144354 0.610927 3.898510
1.544146 0.059481 3.855243
1.582946 0.170752 3.849004
0.959606 0.241991 2.578966
0.947352 0.274301 2.648965
0.906650 0.309819 2.661937
0.859201 -0.263749 2.656455
0.824648 -0.201874 2.681024
1.425519 -0.190204 2.726841
1.361163 1.037927 2.743084
0.648523 0.978102 1.413544
0.619239 0.323819 1.352864
0.658234 0.328870 1.291898
0.720850 0.322656 1.271269
0.753258 0.313255 1.282457
0.739863 0.312338 1.276923
0.072964 0.965599 1.151922
0.073652 0.985802 1.100526
0.076255 0.981734 0.476761
0.075907 0.959381 0.530508
0.069359 0.944886 1.206434
-0.536041 0.930603 0.517771
-0.509845 0.896077 0.462742
-0.453712 0.880675 0.454808
-0.411962 0.916318 0.485656
-0.364190 0.330701 0.492532
-0.375431 0.366054 1.105325
0.857412 0.368008 1.075950
0.197293 1.630402 1.733419
-0.469586 1.638370 1.796097
-1.169071 1.651198 1.840103
-1.193537 1.630579 0.573329
-1.153177 1.593611 0.569817
0.787353 1.598205 0.613844
0.822483 1.007318 0.660115
0.184714 0.502473 1.269987
0.823198 1.189494 1.217118
0.801597 1.156280 3.138232
0.815081 1.754257 3.126845
1.467157 1.742803 3.116027
1.460420 1.775236 3.088594
1.442071 1.765682 2.364994
1.432390 1.700940 2.364771
1.445313 1.655313 2.372058
1.460724 1.687107 2.334774
1.448289 1.767864 1.631517
1.391359 1.794550 0.448582
1.334487 2.348365 0.494030
1.317128 2.227165 1.110209
1.312718 1.522526 1.060294
0.660719 1.505745 1.011660
0.616044 1.480168 0.360140
-1.201971 1.427177 1.065848
-0.549102 1.384719 1.744489
0.172262 1.392324 1.726832
-0.460228 1.436804 1.692598
-0.446104 1.473227 1.703521
0.226373 1.484876 2.430790
-0.341120 1.481860 2.481219
-0.311520 0.837864 2.474787
-0.318635 0.814843 2.468194
-0.970318 0.800654 2.511981
-0.957519 1.429523 1.983312
-0.321860 1.443325 2.068666
0.294203 0.858488 2.097296
0.221566 2.160796 1.414096
0.147352 2.219095 1.427315
0.101047 2.275623 2.733980
0.076619 1.651600 1.446157
0.047473 2.217093 1.460071
0.012349 2.752573 1.442612
0.627039 1.501217 1.421432
1.267497 0.892190 0.767774
1.277395 0.886788 0.764642
0.612683 0.874131 0.724467
1.222025 1.510698 0.656187
1.210789 1.573846 0.615428
1.844354 1.601378 1.268186
1.850978 2.176519 1.295231
0.551468 2.062852 0.652727
0.579197 2.659517 -0.023121
0.595399 2.658204 0.621040
0.616308 2.058792 0.641883
-0.013351 2.044188 0.666274
1.276984 2.020116 1.298534
1.845697 2.625143 1.200854
1.845684 2.665950 1.157148
1.841064 2.731332 1.183145
2.467190 3.296782 1.217077
1.232272 3.254672 1.198527
-0.010321 3.226751 1.141375
0.003380 3.211799 1.122031
1.264026 3.213854 0.559287
-0.032212 2.588471 0.597955
-0.044224 1.978900 0.570398
-0.060259 2.038225 0.511606
-0.091310 1.468978 0.510489
-0.116819 1.476542 -0.081620
-0.101133 1.492019 -0.038974
-0.618198 1.500389 -0.053078
-0.576154 1.469772 -0.072199
-0.564932 1.404826 -0.034368
-0.560139 1.375730 -0.598790
-0.531103 2.042607 -0.564008
-0.488814 2.091789 -0.579025
-0.479669 0.893904 -0.600805
0.137635 0.871448 0.059578
0.112534 1.514509 1.391447
-0.463496 1.525001 1.398503
-0.368469 1.521697 1.340388
-0.328003 1.474633 1.276810
-0.354685 1.414274 1.267382
-0.388607 1.399171 1.286120
-0.383301 1.450243 1.267325
-0.384768 0.828466 1.198836
-0.438816 0.837670 1.140149
0.132339 0.211283 0.501198
0.078302 0.237830 0.530725
0.084806 0.288013 0.530849
0.111855 0.919356 0.494602
0.122341 0.873325 0.490875
-0.523720 0.838700 -0.131515
-0.520435 0.257067 -0.077217
-0.508210 0.918361 -0.049690
0.109550 0.292286 -0.053826
0.671921 0.267260 -0.036181
0.641909 0.920252 0.021387
1.294690 -0.280555 -0.547765
0.657119 0.348914 0.183902
1.923627 0.312660 0.188585
1.315015 0.911328 0.189157
1.340318 1.585868 0.196915
1.336515 1.655872 -0.433765
0.656554 1.695650 0.183035
0.594238 0.402447 0.172550
0.550170 1.029408 0.180968
0.547149 1.076659 0.208367
0.551069 1.124047 1.520437
0.531454 1.702002 1.513810
0.522757 1.051823 1.484321
0.580142 0.382397 0.818174
0.689617 0.395732 0.844504
0.745145 0.430176 0.873215
0.717595 0.427327 0.870121
1.942814 0.386430 0.850454
1.924239 0.981328 0.838134
1.961364 0.346340 0.222143
1.992295 0.358998 0.217358
1.985410 -0.308000 0.198399
1.990807 -0.363167 0.165360
0.883412 -0.429744 0.133942
0.981733 -0.458394 0.126263
0.961296 -0.452915 0.127966
0.862837 0.200602 0.106660
0.790481 0.199628 0.710219
0.769448 0.205706 0.027860
0.755563 0.250052 0.044865
0.703677 0.316918 0.749961
0.639564 0.360577 0.785690
0.644771 -0.262621 0.781140
0.733405 -0.258328 0.760126
0.801561 -0.849879 0.114900
-0.561273 -0.150748 0.177490
-0.619212 -0.112972 0.196318
-0.670467 -0.104357 0.796333
-0.695755 -0.093581 0.102817
-0.707554 -0.060815 0.107705
-0.095756 -0.023185 0.815625
-0.100078 -1.314623 1.505611
-0.059303 -1.394044 1.500667
0.005543 -2.080699 1.464363
0.671266 -1.451539 1.474670
0.646023 -1.423997 1.534914
0.613719 -1.415371 1.559589
0.601941 -0.825847 1.506216
-0.036326 -0.891528 0.740895
-0.049778 -0.896284 0.695315
-0.056029 -0.851657 1.384640
-0.007711 -0.228105 1.415223
0.062535 -0.300740 1.392019
0.101105 -1.009355 1.346752
0.103062 -0.960932 1.346717
-0.532195 -0.885572 1.402347
-0.537370 -0.852049 1.452729
-0.541507 -2.132381 1.455665
0.663169 -2.144404 2.852317
0.625741 -2.726750 2.816571
0.616288 -2.668415 2.158214
0.660549 -1.440167 2.176609
0.722095 -0.919403 2.214252
0.105425 -0.990840 2.224067
0.053977 -0.986242 2.176816
0.005427 -0.955682 2.109248
-0.007148 -0.974989 1.380493
-0.006195 -1.678424 1.396986
0.588660 -1.041814 2.012271
0.541419 -1.017636 1.286010
0.579613 -0.991326 0.577522
0.710742 -1.009176 -0.048645
0.841914 -1.055387 -0.006554
0.894673 -1.082716 0.653025
0.893403 -1.081361 0.614004
0.896580 -1.068804 0.589851
0.942004 -1.709617 0.627370
0.982683 -1.687831 0.686610
0.958518 -1.653730 -0.549209
0.228362 -1.618606 0.036732
-0.387676 -1.592896 -0.040437
-0.326726 -0.937926 0.554674
-0.275689 -0.926506 0.579955
-0.294716 -0.898566 0.579106
-0.363342 -1.514633 -0.101293
-0.401723 -1.506300 -0.146270
-0.391266 -1.498752 0.496603
-0.386836 -1.490934 0.553978
-0.432331 -1.487466 -0.072980
-0.489503 -0.238631 -0.143122
0.162017 -0.855694 -0.211415
-0.359728 -0.838348 -0.828985
0.321187 -0.828263 0.482856
0.351908 -0.825573 0.475891
-0.244559 -0.812831 0.415714
-0.245512 -0.775859 -0.243433
-0.198921 -1.376148 -0.843147
-0.167065 -0.098022 -0.781282
-0.208455 1.160967 -1.427944
-0.286643 0.516849 -1.472093
-0.304413 0.547544 -1.470922
-0.871071 1.228762 -1.403247
-0.225801 1.238707 -1.341758
-0.257167 0.605803 -0.106301
-1.541891 0.576819 -0.136580
-1.577463 -0.018836 -0.115839
-0.938160 0.043419 -0.043231
-0.946584 -0.565069 -0.630861
-1.033364 -0.648720 -0.624856
-1.137026 0.490260 -0.641101
-1.158833 0.465186 -0.616776
-1.090396 1.114319 0.061962
-1.035254 1.087364 0.104889
-1.067847 0.400616 0.749252
-1.112759 0.353885 0.708450
-1.100436 0.367487 0.687143
-1.064260 0.398417 0.082748
-1.095194 0.375667 0.737522
-0.597171 0.313535 0.692874
-0.672260 -0.367482 0.616135
-0.644613 0.284277 0.584014
0.049718 0.309684 0.624014
-0.572104 0.285336 0.674663
-0.617710 0.864385 0.655998
-0.640063 0.870747 -0.706034
-0.629502 0.911590 -0.717202
-0.644891 0.911175 -1.318342
-0.705011 0.223511 -1.306258
-0.757807 0.150986 -1.975185
-1.401308 0.153338 -0.764344
-1.339371 0.190128 -0.111855
-1.301075 0.165909 -1.324203
-1.295467 0.089103 -1.266087
-1.270680 -0.574535 -1.256420
-1.230157 -1.143727 -1.935142
-1.247169 -1.089281 -2.625157
-1.328907 -1.745868 -1.975462
-1.386654 -1.841974 -2.592497
-1.978369 -1.252486 -2.621609
-1.948308 -0.583768 -2.698782
-2.460282 -0.541263 -1.500767
-2.497698 -0.581941 -1.466201
-1.273239 -0.645273 -1.419920
-1.215044 -1.260807 -1.439906
-1.207844 -1.171194 -2.157795
-1.272421 -1.115324 -2.179626
-2.608475 -1.143036 -2.132714
-2.630429 -1.180024 -2.099762
-2.628626 -1.142565 -2.146151
-2.658494 -0.386231 -2.224158
-1.473511 -0.369966 -2.228069
-1.512623 0.167373 -2.134749
