-1.641548 0.338161 -0.933805
-1.610942 0.321050 -1.627558
-1.646438 0.297521 -1.612121
-1.710447 -0.356592 -0.966767
-1.734612 -0.361346 -0.977828
-1.719379 -0.368917 -1.029314
-1.735334 -0.400779 -1.039591
-1.800289 -0.469570 -0.978626
-2.460537 -0.538285 -0.920094
-1.743564 -0.593078 -0.950785
-1.663185 -0.635848 -1.661575
-1.611145 -0.674514 -1.075205
-1.604223 -1.339570 -0.454889
-1.625708 -1.354264 0.192904
-1.643051 -1.344004 -1.760942
-1.635990 -1.311405 -2.474560
-0.988031 -0.624676 -1.864832
-0.993300 0.004133 -2.472297
-1.006080 0.011371 -1.781542
-1.601113 0.025051 -1.798189
-0.909280 0.064440 -1.849693
-0.833052 0.104915 -1.862920
-0.807523 0.126651 -2.475972
-0.833331 0.142736 -3.096800
-0.227554 0.167143 -3.101182
-0.225586 0.215147 -4.380462
-0.871970 1.541938 -3.123188
-0.242928 1.541081 -3.088482
-0.909183 1.509946 -3.026292
-0.942893 0.874313 -3.677128
-0.300262 0.887078 -3.751157
-0.901076 0.893380 -3.201251
-1.518594 0.883037 -2.584307
-0.934789 0.866540 -2.563890
0.871185 0.846365 -2.558116
1.484342 0.823445 -2.593712
1.503661 0.811227 -2.631562
0.893793 0.811558 -1.281508
0.910506 1.439631 -1.220710
0.913973 0.784809 -1.187287
0.932830 1.382333 -0.550631
0.307523 1.380073 -0.588214
0.370657 1.407410 -0.576754
0.392879 0.808032 -0.535953
0.362727 0.812839 -0.522136
0.296549 0.804488 -0.553832
0.252762 0.816193 -0.596483
0.917238 0.850418 -0.607529
0.926749 0.883006 -0.614468
0.923707 0.901654 -0.663165
0.903922 0.904491 -0.747028
0.924076 0.308228 -0.816430
0.350523 -0.265114 -0.838860
0.378716 -0.206766 -0.848903
0.333083 -0.148648 -0.850417
0.233154 -0.120275 -0.824098
0.168515 -0.109583 -1.419800
0.163969 0.523161 -1.366373
0.158677 1.174541 -1.979793
1.365553 0.587666 -0.724203
1.271879 0.566116 -0.723843
1.238536 1.735486 0.531603
1.274278 2.373705 0.528168
0.669433 2.402849 -0.129509
0.571415 2.413135 -0.123094
0.423615 2.401108 -0.120133
0.984315 2.999903 -0.144308
1.032383 3.013703 -0.180788
1.080389 3.019365 -0.214579
1.037657 2.989564 -0.229425
0.979256 2.949896 -0.242283
-0.839673 2.928798 -0.252058
-0.730760 1.655036 -0.236884
-0.666191 1.634716 -0.192245
-0.724570 1.631892 -0.144567
-0.835743 1.008162 -0.128580
-0.830531 1.008015 -0.127357
-1.350191 1.009935 -0.104027
-0.644610 0.990431 -0.084376
-0.007538 0.967888 -0.102463
-0.679878 0.947200 -0.151282
-0.639159 0.930212 -0.168559
-0.554970 0.906108 -0.123525
-0.511288 0.343372 -0.064754
-0.553625 0.346558 -0.042061
-1.240260 0.357858 -0.692175
-1.229247 0.376586 -0.653851
-1.160476 0.384891 -0.569687
-2.419419 0.388515 -0.535031
-2.450251 0.409197 -0.589660
-1.221608 0.436180 -0.647328
-1.202811 0.453345 -0.630565
-1.101203 0.448557 -0.572946
-0.355538 0.439134 -0.551390
-0.345999 -0.878489 0.052486
-1.020873 -1.514084 0.047374
-1.707316 -1.518720 0.089166
-1.662411 -1.532752 0.128847
-0.958300 -1.541520 0.098901
-1.589740 -1.531858 0.022358
-1.619917 -1.495120 -0.063028
-1.618099 -1.448843 -0.001518
-1.555036 -1.430467 0.027707
-1.487249 -1.433276 0.034569
-1.482203 -1.429334 -0.623006
-1.536330 -2.002321 -0.620701
-1.605766 -1.923337 -1.253835
-1.653723 -1.297323 -1.281649
-1.679237 -1.284516 -1.338978
-1.713852 -1.278660 -1.391785
-1.750261 -1.252629 -2.091143
-1.746712 -1.225262 -2.150585
-1.691946 -1.230391 -1.565314
-1.631630 -1.269166 -1.616012
-1.625223 -1.305087 -1.622846
-1.666889 -1.283871 -1.591475
-1.696645 -1.243101 -0.946256
-2.341941 -1.227112 -0.317882
-2.341859 -1.242163 -0.359669
-1.738353 -1.259604 -0.974774
-1.744999 -1.247389 -1.625296
-2.293225 -1.238378 -1.639475
-2.193334 -1.269027 -1.636328
-2.140283 -1.329505 -2.264432
-2.800485 -2.001953 -2.182455
-2.778717 -1.980084 -2.098626
-3.360676 -3.132136 -2.036149
-2.675722 -3.152816 -1.358288
-2.712519 -1.872969 -1.321017
-2.772112 -1.880678 -1.920027
-2.788952 -1.820669 -1.905852
-2.771669 -1.788237 -1.918630
-2.155555 -1.866669 -2.607924
-2.210471 -1.981222 -1.287292
-2.898273 -2.010325 -0.006029
-2.905644 -1.975761 0.011960
-2.884895 -1.343060 0.028049
-2.895540 -1.398918 0.033909
-2.322089 -1.443893 0.020559
-2.353569 -1.403643 -1.345091
-2.332101 -1.337378 -0.062794
-2.279109 -1.337598 -0.074361
-2.236874 -2.065949 -0.718055
-2.229915 -2.109544 -0.673663
-2.230353 -2.080311 0.040655
-2.819877 -2.037798 0.083998
-2.769354 -2.033072 0.115735
-2.748842 -2.053912 -0.488590
-2.765713 -2.036648 -0.453817
-2.768517 -1.339965 0.226220
-2.720599 -1.953584 0.243595
-2.021043 -1.987885 0.239978
-1.994223 -2.042278 -0.429878
-2.023123 -2.037337 -0.414010
-2.681615 -1.976214 0.299175
-2.689775 -2.544413 0.940669
-2.018849 -1.937441 0.916067
-2.057211 -1.980095 0.919428
-1.491067 -1.955987 0.332887
-1.522304 -1.888075 0.985747
-2.163685 -1.845125 0.964020
-1.500871 -1.863591 0.914102
-1.500832 -1.896934 0.237958
-0.284137 -1.875133 0.256209
-0.291816 -1.821336 0.299593
-0.879532 -1.802924 0.317571
-0.839734 -1.847750 0.972000
-0.836036 -1.905953 0.970298
-0.887483 -1.926608 1.002133
-0.960746 -1.929150 1.667154
-1.000624 -0.671703 1.667359
-0.988229 -0.730354 1.644787
-0.317685 -0.810676 1.035463
-2.205426 -2.145769 1.026703
-2.201813 -2.169291 0.356854
-3.441474 -2.233859 0.351599
-2.793263 -2.284915 -0.967285
-2.145966 -2.288365 -0.947929
-1.531878 -2.257448 -0.921605
-1.528169 -2.237082 -0.305853
-0.899222 -2.241595 -0.325020
-0.913271 -1.606407 -1.002965
-0.888322 -1.562752 -0.971013
-0.826630 -1.523473 -1.617426
-0.788620 -1.527563 -1.626084
-1.417001 -1.559949 -0.980396
-0.778703 -1.569874 0.367882
-0.763042 -1.559175 0.433444
-0.730256 -1.565174 0.463816
-1.995661 -1.609923 0.423711
-2.025360 -1.647485 0.356461
-1.374688 -1.612850 0.329673
-0.690333 -2.204318 0.350903
-0.626218 -2.170372 0.369265
-0.593609 -2.176908 -0.324444
-0.621110 -2.193141 -1.017600
-1.251175 -2.175587 -1.011675
-1.247592 -2.131556 0.318711
-1.248899 -2.110412 0.352844
-1.276099 -2.108617 0.999120
-0.045436 -2.093767 0.980211
-0.050707 -2.028173 0.327124
-0.058854 -2.572943 0.391224
-0.086663 -2.534751 0.414102
-0.118398 -2.534548 0.397424
-0.138139 -2.544182 0.361728
-0.153210 -2.547048 0.364776
-0.800102 -2.555302 0.416119
1.192674 -2.567926 0.463941
0.556866 -2.563006 -0.175999
-0.097201 -2.537054 -0.205400
-0.119285 -2.506633 -0.140782
-0.117932 -2.482127 -0.114499
-0.118412 -2.461076 -0.117413
-0.131645 -2.430976 -0.167379
-0.790350 -2.410129 -0.212893
-1.454519 -1.243876 -0.212552
-1.451479 -1.279820 -0.186713
-0.806270 -1.323354 -0.190401
0.493772 -1.327231 -0.249285
0.496964 -1.294737 -0.292935
0.511742 -1.263356 1.591674
1.159248 -1.274290 1.628164
1.126097 -1.293507 0.435575
0.436155 -1.277851 0.424153
-0.928764 -1.253639 1.006539
-0.949154 -1.265274 0.378772
-0.950433 -1.321543 0.417362
-0.926544 -1.354804 0.442350
-0.889034 -1.335413 0.463192
-1.478330 -1.296820 0.452472
-1.401228 -1.272555 -0.231915
-0.740493 -1.258331 -0.216603
-0.758184 -1.226858 0.474382
-0.790451 -1.198488 1.103759
-1.439808 -1.189322 1.044108
0.471825 -1.203410 2.279568
0.453303 -1.232403 1.583069
0.445330 -1.255817 1.588597
1.765562 -1.284254 1.576493
1.183708 -1.310964 1.527893
1.842465 -1.321373 1.471325
1.811108 -1.328657 1.454180
2.396166 -1.335849 0.790697
1.021458 -1.344665 0.798090
1.022801 -1.341084 0.781793
0.387988 -1.984515 1.399062
0.346307 -1.983407 1.389135
0.318906 -1.999551 0.131615
0.946851 -2.017035 -0.524199
2.293363 -2.004757 -1.108432
1.690349 -1.972084 -1.066083
1.025832 -1.964508 -0.424171
0.977517 -0.791551 -0.417656
0.292935 -0.127509 -0.393486
0.301023 -0.080297 0.289108
0.938181 -0.046860 0.386468
0.902174 -0.092000 1.117277
0.905017 -0.172906 1.762295
2.206615 -0.197285 1.758726
1.655677 -0.131514 1.793927
1.707823 -0.075339 2.480020
1.710396 -0.780115 2.505577
1.699651 -1.469407 2.489876
1.753863 -2.093296 1.774177
1.757401 -1.992827 1.098838
0.465116 -1.939829 -0.729027
0.425662 -1.405484 -0.718220
1.051857 -1.516461 -2.100745
1.100169 -1.540801 -1.441811
1.153305 -1.466391 -0.739180
-0.155056 -1.415465 -0.101797
-0.168185 -1.450259 -0.065892
-0.153057 -2.218465 -0.719123
-0.801829 -2.814028 0.508931
-0.161644 -2.706246 1.123098
0.429523 -1.954376 1.758023
0.406153 -1.972838 1.771250
0.424425 -2.030688 1.765642
-0.182344 -2.019234 1.127075
-0.211875 -1.928340 1.133804
0.392156 -1.841225 1.169627
0.369911 -1.817768 1.202147
0.385260 -1.187870 1.197781
0.394483 -1.171691 1.835996
-0.903985 -0.471526 1.763810
-0.374824 -0.442748 1.735287
-0.396877 -0.491277 1.691000
-0.332312 -0.572509 1.650599
-0.262452 -0.609592 2.255500
0.378717 -0.580787 2.231523
0.326257 -0.550156 1.576869
0.360492 -0.555756 1.577886
0.437323 -0.572626 1.585626
0.490144 -1.195073 1.592885
1.105000 -1.143734 0.959297
1.002817 -1.124302 -0.435981
-0.881610 -0.533747 0.223882
-0.193328 -0.588085 0.187210
-0.124401 -0.599221 0.146935
-0.132255 -0.562361 -0.486935
-0.797498 -0.535811 -0.416818
-0.178511 -0.549230 -0.358408
-2.664852 -0.582031 -0.361360
-2.610820 -1.197604 0.284977
-2.652815 -1.157529 0.940897
-2.736472 -1.135816 0.988309
-2.746720 -0.557773 1.015683
-2.030805 -0.630430 0.965885
-1.962261 -1.977184 0.888883
-1.984759 -3.297375 0.277911
-2.036577 -3.270234 0.332961
-2.648752 -3.241047 1.672912
-2.572627 -3.260469 1.645365
-2.553699 -3.309431 1.624962
-2.574607 -3.923113 0.985927
-2.661040 -3.309623 1.040832
-2.045673 -3.298020 1.718491
-2.012060 -3.324890 2.301576
-1.980170 -3.365258 1.576894
-2.653874 -3.364325 1.586435
-2.094745 -2.701056 2.273327
-2.076031 -2.665407 0.911147
-0.791371 -2.664859 -0.466658
-0.768920 -3.313982 0.112381
-0.836220 -3.315812 0.047353
0.341701 -3.302120 2.043019
0.298000 -3.303746 2.021611
1.627618 -3.340676 1.329872
1.659345 -2.768281 1.942509
2.322115 -2.802804 1.275192
2.287979 -2.827753 1.950616
2.288454 -2.868707 1.965210
0.438530 -2.913245 1.974247
0.447288 -2.926349 1.304052
0.387921 -2.903120 1.293488
0.979075 -2.901734 1.271040
0.923724 -2.934557 1.242467
0.912618 -2.946831 0.572558
0.914234 -2.908094 0.562519
1.498893 -4.079325 -0.123279
1.488627 -4.097441 -0.118184
1.516493 -4.153425 -0.085191
1.563951 -4.137981 0.615995
1.594653 -4.032310 0.593632
1.594206 -3.948827 -0.716802
1.601421 -3.984998 -0.073648
1.621986 -4.075990 -0.070906
1.629507 -4.087446 -0.069942
1.614619 -4.024328 -0.098778
1.607407 -3.999492 1.129571
1.651571 -4.079470 1.111190
0.418009 -4.173996 1.808699
-0.145627 -2.909247 1.860283
-0.174251 -2.860831 1.838812
-0.221753 -2.823563 1.105412
-0.231884 -2.846636 -0.222634
0.370596 -2.241538 -0.758065
0.351049 -2.242731 -0.692919
0.273082 -2.197165 -0.039204
0.233527 -0.785348 -0.064260
0.909208 -2.067648 -0.046543
0.382617 -2.108937 0.713264
0.450613 -2.083074 1.453172
0.418959 -1.998505 0.842460
0.367637 -1.949447 0.781344
0.375663 -1.972457 0.088347
0.431961 -2.019383 -0.498369
0.450400 -2.038767 -0.459415
0.403472 -2.034597 -0.494194
0.385300 -2.060631 -1.175976
0.457053 -2.107412 -1.231332
0.607320 -2.138921 -1.835669
-0.624772 -2.741916 -1.780504
-0.651261 -2.696173 -1.142353
-0.075749 -2.664204 -1.219787
-0.061999 -2.653597 -1.884939
-0.017850 -2.669580 -1.833912
0.666321 -2.697015 -2.439535
-0.043051 -2.719372 -2.440864
-0.063016 -2.729720 -1.891226
-0.035684 -2.722395 -1.924354
0.009378 -3.894471 -1.884708
0.010544 -3.877512 -1.830763
-0.056991 -3.210351 -1.838950
-0.140233 -3.160726 -2.537551
-0.185823 -3.138868 -2.577722
0.416204 -2.548594 -2.545221
0.394595 -2.591339 -1.837749
0.335222 -2.620992 -1.829900
0.294357 -2.637280 -3.156398
1.514928 -2.655727 -1.241743
1.552342 -2.680015 -0.607166
0.930299 -2.703951 -0.603201
0.267719 -2.705084 -0.627967
0.228249 -2.683411 -0.677738
0.831726 -2.021144 -2.050820
1.461253 -2.045170 -2.056555
1.458442 -2.097857 -2.048937
1.454757 -2.132853 -2.027757
0.847516 -2.124423 -2.665082
0.860055 -2.111453 -2.682004
-0.433355 -2.132273 -1.445341
-0.400338 -2.161294 -1.530110
-0.396860 -2.146145 -0.848515
-0.418721 -2.093836 -0.236945
-0.419259 -2.071034 -0.214985
0.282224 -2.099425 -0.183734
0.313839 -2.138756 -0.185347
1.527441 -2.132308 -0.216498
2.934341 -2.741828 -0.230633
2.296602 -3.330909 0.489428
1.610637 -3.348457 0.528168
1.567738 -2.731065 0.529347
1.533756 -2.700564 0.479304
2.165323 -2.647442 0.439442
2.160379 -2.644846 1.755092
3.398956 -3.356909 1.189372
3.352803 -3.387350 1.849918
2.710324 -3.356713 1.849244
2.750588 -2.677029 1.235775
2.746407 -2.714773 1.925175
3.307728 -2.767615 3.173779
3.282816 -3.387169 3.195765
3.327700 -3.350645 2.518040
3.389054 -3.331572 1.799716
3.388762 -3.341181 1.775523
3.352195 -3.332046 2.480373
2.719430 -2.680125 1.220013
2.794065 -2.628385 1.229009
2.889263 -3.253786 0.576230
2.314680 -3.244829 0.578384
2.278704 -3.213274 0.606259
2.242079 -3.178857 0.599639
1.646874 -3.826021 0.524017
0.350917 -3.867616 -0.160677
0.414498 -3.217230 -0.171615
0.397775 -3.215071 -0.151523
0.311820 -3.230477 0.467202
0.287116 -3.288062 0.440932
0.336745 -3.351987 -0.200474
0.390774 -3.363180 -0.163380
0.355891 -3.338865 0.535990
0.900316 -3.331660 -0.788186
0.850523 -3.381198 -0.829693
0.845269 -2.829947 -0.809982
0.860373 -2.833741 -0.087050
1.469236 -2.813662 0.637827
1.461321 -2.827265 -0.668426
2.105672 -3.551134 -2.003011
2.172423 -3.567016 -0.038582
1.605240 -3.514922 1.384254
1.643577 -3.446629 0.770089
1.652625 -3.420257 0.725177
1.666811 -3.416816 1.301752
1.659424 -3.379221 2.550671
1.639338 -3.314480 2.569851
1.624585 -2.641983 3.180068
0.986050 -2.659038 3.110289
1.022185 -2.694024 3.060193
0.409131 -2.699940 1.843080
0.433227 -2.678032 1.932574
1.091881 -1.997236 1.984248
0.483243 -2.026153 1.935394
-0.209824 -2.738834 1.846695
-0.244219 -2.746733 1.824120
-0.249554 -2.732066 1.231828
-0.261756 -2.715624 1.947574
-0.279785 -2.716008 1.936831
0.288875 -2.719443 1.349296
0.266514 -2.714414 1.427546
0.287005 -2.678629 2.141089
0.316752 -2.622119 2.194736
0.963106 -2.581681 0.882721
0.263390 -2.566044 0.847930
0.210571 -2.556834 1.513695
1.529426 -2.517211 1.550390
1.560095 -2.475370 1.554683
0.923484 -2.489201 2.089205
0.917360 -2.553629 2.051524
0.897557 -2.602517 2.051704
2.169414 -2.589140 2.721947
2.224360 -2.568541 2.726455
2.219796 -2.597451 2.696302
2.151894 -2.645835 2.021133
2.097096 -2.655697 2.035173
2.109153 -2.634754 2.705683
2.145650 -2.653151 2.742454
1.513830 -2.725604 2.667232
1.493981 -2.784455 2.009892
2.134491 -2.780920 2.049186
2.207145 -2.747539 2.096776
2.272083 -2.751085 2.737858
2.912245 -2.783057 2.739138
3.456037 -2.761277 1.498389
3.438656 -2.681693 1.526628
3.429782 -2.628795 2.159042
3.412779 -2.652890 0.899754
3.396076 -3.313318 0.235690
3.394818 -2.657764 0.192814
1.492950 -2.584577 0.828054
1.523685 -2.566488 2.099704
1.529279 -2.628165 2.088320
1.503021 -2.667720 2.046440
1.486743 -1.964142 2.016106
1.498121 -1.858619 2.026052
1.509317 -2.475440 2.641264
1.510775 -2.548978 1.969184
1.518131 -2.607252 1.925999
1.548826 -2.564913 1.896217
1.597444 -2.501929 1.888820
1.645096 -2.526470 2.507806
1.687839 -1.270491 2.494984
1.733303 -1.294716 3.783158
1.795855 -1.233448 3.748617
1.808496 -1.175533 2.362649
1.800982 -1.189682 2.955506
1.169860 -1.257814 4.215016
1.800883 -1.289414 3.543133
1.822020 -1.241426 2.280439
1.819589 -1.178023 2.294826
2.435756 -1.175742 2.288590
0.560874 -1.227885 1.673628
0.621947 -1.252011 1.705571
0.612009 -1.214859 1.779724
0.548161 -1.166494 1.841667
0.463747 -1.163447 2.461210
0.419165 -1.212847 2.441660
1.048176 -1.242834 1.200736
2.281660 -1.225039 1.254180
2.230452 -1.199592 1.294397
0.892635 -0.589406 1.926485
0.849112 -0.617085 1.928466
2.130930 -0.630727 2.584268
0.886614 -0.627304 2.628562
0.875621 -0.615963 3.304710
0.821639 -1.248167 3.282764
0.777005 -1.259858 3.249385
0.789642 -1.256070 3.219056
0.842980 -1.237662 4.557122
0.877139 -1.211116 4.541045
0.872605 -2.369532 4.513199
0.870061 -3.004493 4.517880
0.907164 -3.613973 4.551106
1.598038 -3.598864 4.592347
1.611316 -3.590538 3.982871
1.571094 -2.951831 4.002070
1.542874 -2.969071 4.039399
1.564697 -2.978575 3.435184
1.621296 -3.016594 3.450864
1.026515 -3.078729 3.446812
1.020128 -3.137154 3.458704
0.996445 -2.529932 2.879819
1.013611 -2.528813 2.914761
1.072586 -2.553502 2.906146
1.085027 -2.611588 2.867031
1.049793 -2.651289 2.865121
1.020592 -2.628481 2.258619
1.028971 -2.596605 2.853330
1.068466 -2.609023 2.159835
1.095977 -2.662955 2.101864
1.090690 -2.690179 3.365501
1.064202 -2.661940 2.742151
0.387455 -2.624062 2.623711
0.422678 -1.330695 3.782006
0.447662 -1.365221 3.784343
0.435840 -1.359996 3.853414
0.391411 -1.303835 2.663690
-0.300226 -1.253944 2.664242
-0.335907 -1.249323 3.260705
-0.311234 -1.269855 3.286999
-0.259835 -1.269408 2.753552
0.434118 -1.239818 3.449156
0.414399 -1.210099 3.442901
-0.298043 -1.205394 2.098418
-0.304582 0.096085 2.107750
-0.291829 0.102927 2.167504
0.336915 0.075496 1.576359
0.290284 -1.244997 1.577492
0.260349 -1.250359 1.526866
0.281404 -1.238988 1.493387
0.316494 -1.273747 1.503042
0.310703 -1.337810 1.508225
0.263237 -1.381578 1.500117
0.852780 -2.006939 1.443822
0.861578 -1.987804 1.430214
0.886111 -2.003553 1.454064
0.252334 -2.044649 1.468945
0.220830 -2.063244 1.442150
0.208906 -2.025650 0.148571
0.228296 -1.994325 0.169632
1.489589 -2.009109 0.141948
1.485060 -2.040515 1.342436
1.468114 -2.032264 1.225139
1.476662 -1.975581 1.162093
1.502117 -1.934468 1.836891
1.505331 -1.316573 1.842798
1.465668 -1.349761 2.430105
1.423193 -1.354569 2.405543
1.407012 -1.319727 1.811232
0.776230 -1.307968 0.562992
0.796294 -1.349166 0.574484
0.793163 -1.414082 1.108501
0.774332 -1.449737 0.475986
0.774254 -1.433057 0.470491
0.823089 -1.402936 0.477352
0.895907 -2.026767 -0.864366
0.942559 -2.035611 -0.856698
0.942264 -2.058546 -0.828609
0.911633 -2.055416 -0.784228
0.895884 -2.026977 -0.084510
-0.470157 -1.981320 -0.067215
-0.413995 -1.950508 -0.064094
-0.393267 -1.242259 0.608715
-0.413213 -0.610243 0.594325
-0.427948 -1.824850 0.574465
-0.379491 -1.103225 0.572858
-0.308361 -1.811663 0.602719
-0.299528 -1.845844 0.638466
-0.352681 -2.512979 0.636643
0.247760 -2.481464 0.623711
0.243434 -2.460098 0.629928
0.280053 -2.497481 0.642852
0.305860 -1.894600 0.623358
0.301870 -1.898078 0.575287
0.296859 -1.858689 0.548484
-0.289537 -1.846141 -0.105972
-0.220114 -1.872200 -0.073754
-0.186257 -1.903394 -0.034204
0.439007 -1.880836 -1.268341
0.421140 -1.131380 -1.221080
0.424132 -1.097419 -1.178484
0.450255 -1.754706 -1.170406
0.467018 -1.792982 0.106375
0.455833 -1.783326 0.086373
-0.248739 -1.720073 -0.538393
-0.268104 -2.381200 0.118291
-0.258102 -2.421826 -0.484474
-0.246538 -2.471836 -0.473452
-0.254606 -2.468013 -1.108483
-0.281253 -2.427225 -1.050763
-0.300766 -1.133725 -0.999881
-0.285211 -1.206450 -0.328835
-0.250686 -1.258396 -1.095757
-0.244280 -0.611925 -1.189373
-0.288818 -0.565075 -1.242773
-0.350157 -0.567058 -1.273574
-0.359924 -0.604596 -1.310036
-0.310598 -1.289463 -1.317595
-0.259944 -1.264194 -0.576463
-0.254696 -1.248159 -0.473553
-0.278922 -1.276460 -1.072099
-0.270122 -2.514608 -1.088858
0.425346 -2.544958 -1.132542
0.466894 -2.541755 -0.534989
-0.207782 -2.556773 0.065293
0.390593 -1.297253 0.032550
1.676479 -1.325490 -0.609579
1.704757 -1.366692 -0.592614
1.060590 -1.399784 -1.185005
1.039597 -1.419958 -1.128467
1.021364 -0.768355 -1.743876
1.019116 -1.437755 -1.796133
1.634415 -2.064114 -1.239880
2.280472 -2.060399 0.071795
2.292494 -2.031229 0.668878
2.302494 -1.994225 0.592342
1.629284 -0.711477 0.520452
1.584068 -0.070012 -0.108242
1.523079 -0.086469 -0.078548
1.465254 -0.076747 -0.057752
1.434837 -0.047083 0.547209
1.412708 -0.077774 -0.149957
0.761376 -0.120925 -0.166444
0.710309 -0.154523 0.464210
0.679845 -0.131786 1.108872
0.677296 1.206812 1.084974
0.668801 1.196320 1.089669
1.265557 0.540837 1.158755
1.188584 0.509681 0.609865
1.789741 0.532788 0.011082
1.794911 1.174215 0.002850
1.819248 -0.739732 -0.011860
1.808671 -0.704861 -0.018257
1.773138 -1.321949 -0.030955
1.786577 -0.610901 0.567234
0.582520 -0.584386 0.554864
-0.023792 -1.178578 0.590471
-0.006694 -1.147860 1.909433
-0.037496 -1.114940 1.987118
-0.061955 -1.749790 2.044190
0.628663 -1.742521 2.071979
0.669253 -1.737498 2.081895
0.660038 -2.351554 2.071433
0.612673 -2.351063 2.053362
0.595158 -2.382229 2.676800
0.038218 -2.408225 2.676256
0.063775 -0.471812 2.687446
0.037375 -1.900062 2.701814
-1.263026 -1.966095 3.387585
-1.298476 -2.054866 3.395811
-1.270654 -1.461741 2.150810
0.011475 -1.466688 2.104841
0.011924 -0.816187 2.005804
-0.028354 -0.217001 1.928934
-0.018702 -0.911735 1.915948
0.063872 -1.509346 1.264705
0.746027 -0.759776 1.261670
-0.485476 -0.718810 1.888081
-0.538182 -0.718764 1.927274
-0.546936 -0.718664 1.417515
0.148064 -0.688310 1.518280
0.182795 -0.657508 1.541301
-0.511309 -1.322332 1.503639
-0.564510 -0.711955 0.863075
-0.582045 -0.696298 1.576638
0.085758 -0.652870 2.242132
0.111255 0.009933 2.225575
0.093700 0.035508 2.186408
0.658049 0.041694 1.565927
0.659454 1.349846 0.339112
0.650690 0.771952 1.036485
0.641334 0.803413 0.396470
-0.013808 0.189581 -0.858642
-1.946244 0.194854 -0.880646
-1.932644 -0.440708 -0.237192
-0.632842 -0.407724 1.571007
-1.224860 -0.384633 1.532495
-1.192712 -1.026693 1.536708
-1.171934 -1.058240 1.559516
-0.538328 -1.076110 2.201083
-0.537708 -1.072683 2.167316
0.131640 -1.063728 2.163324
-0.454839 -0.472449 2.197185
-1.098517 -0.524255 2.228894
-0.389816 -0.569799 2.221483
-1.042843 -1.234408 2.195517
-1.033814 -1.220024 1.591974
-0.990778 -1.217475 1.656056
-0.951759 -1.257460 1.711374
-1.573713 -0.691197 2.347456
-0.277360 -0.699471 2.284988
-0.982246 -1.249586 2.873384
-1.652921 -1.217948 3.562525
-1.643441 -1.276743 3.598658
-1.639385 -1.378377 2.944321
-2.274678 -2.007992 2.859860
-1.623748 -1.918463 3.437141
-1.638661 -1.848492 3.434601
-1.042836 -1.886420 2.819996
-1.074083 -1.955035 2.160751
-0.449485 -1.915925 2.105913
-1.082552 -1.182533 2.051624
-1.089959 -1.135013 2.035591
-1.780528 -1.219333 2.055199
-2.443564 -2.610499 2.069177
-2.432709 -3.243831 2.054722
-2.415933 -2.494458 1.396948
-2.383906 -1.149777 1.429659
-2.356530 -1.206765 1.510799
-2.375416 -1.288272 2.234427
-2.417992 -1.271583 2.891359
-3.092504 -1.176342 1.562792
-3.077496 -1.232046 1.558181
-3.058646 -1.287107 2.224337
-3.733349 -1.351601 3.526982
-3.776572 -1.931390 3.532587
-3.137145 -1.164466 2.858277
-1.833469 -1.742980 3.518623
-1.817732 -1.780189 3.526771
-1.856182 -1.840014 3.538025
-1.937046 -2.442751 2.187532
-1.343266 -2.331203 2.156427
-1.961143 -2.956009 0.897042
-1.881997 -3.005776 0.862029
-1.796735 -2.999227 1.461151
-2.488000 -2.980815 1.440432
-2.513189 -2.279652 0.134022
-2.503305 -2.927403 0.118383
-2.489228 -3.018658 0.735299
-2.523018 -1.323734 0.742913
-2.600637 -1.324229 0.145625
-2.621565 -0.660198 0.194642
-1.196740 -0.048431 0.237386
-1.116618 -0.140203 0.244557
-1.075396 -0.218082 -0.428641
-1.091268 -0.220673 0.218945
-1.109420 -0.194787 0.282481
-1.093947 -0.225928 0.319122
-0.462273 -0.295818 0.307551
-0.461626 -0.309599 0.272644
-0.469734 0.433423 0.258852
0.212096 -0.091804 0.947033
0.263392 -0.071982 1.571533
-0.288462 -0.089381 0.931248
-0.278968 -0.078877 0.883510
-0.304913 -0.021455 0.219791
-0.281301 0.019463 0.233042
-0.206991 0.005599 0.247555
-0.148027 -0.026809 0.891199
-0.160540 -0.014585 0.817306
-0.216150 -0.580127 0.761344
-0.229537 -0.526542 0.779097
1.209217 -0.537243 0.236259
1.201718 -0.579002 0.242416
1.150225 0.009026 0.197831
1.138583 0.028999 0.192442
0.548436 0.684003 -0.346589
0.601742 -0.673738 0.353037
0.573343 -0.174903 0.353088
2.345130 -0.245455 -0.344063
2.297689 -0.230670 -0.326199
2.322214 -0.839533 -0.841022
2.340421 -0.192112 -0.108832
2.289828 -0.206058 -0.131231
2.229192 -0.205130 -0.855362
2.894791 -0.184204 -0.854724
2.288583 -0.174526 -1.439172
2.309504 -0.840480 -1.437058
2.267639 -2.155579 -1.520031
1.581352 -2.120668 -0.386549
2.183964 -2.043725 -0.377684
2.175636 -2.002009 0.301895
2.159364 -1.323131 -0.336755
1.464190 -1.354055 -0.408838
2.068309 -1.349693 -0.443602
2.114652 -1.951340 -0.392542
2.169364 -2.614883 0.326549
2.187186 -2.693814 1.598793
2.171696 -2.737412 0.897165
2.174415 -3.375360 1.518792
2.197008 -2.647739 1.535758
1.564870 -2.624109 1.570653
1.530131 -1.993868 2.234558
1.503429 -1.977968 0.961164
1.535285 -1.280047 1.021103
1.591295 -0.596813 -0.185015
1.603427 -0.653970 0.420217
1.568515 -1.418509 1.033553
1.527810 -0.809362 1.647081
1.521233 -0.736620 1.630632
1.515572 -0.643009 1.008634
1.467557 -1.919442 0.374479
1.408621 -1.955515 0.974466
2.050926 -1.930601 0.944580
2.085012 -1.836498 1.611608
2.743845 -1.137311 1.588164
2.754175 -1.207785 2.204139
2.766079 -1.309993 1.533374
2.786404 -1.312298 1.562836
2.797996 -0.525029 1.582907
2.795026 -0.444009 1.642235
2.789840 -0.504022 1.626932
2.177731 -0.611813 0.957757
2.187775 -1.260594 0.986282
2.213813 -1.182783 2.318058
2.247233 -1.171892 1.113523
2.258538 -1.970228 1.153147
0.374633 -2.144821 1.161518
-0.850842 -1.576629 1.795759
-0.799901 -1.479338 1.851084
-2.074378 -1.417736 1.186355
-2.175503 -1.461874 1.148198
-1.634037 -1.501782 -0.202712
-1.630976 -1.424267 -0.798608
-1.584239 -1.292214 -0.162649
-1.587780 -1.251802 -0.140625
-1.662141 -2.011924 -0.757361
-1.699342 -2.103863 0.478313
-2.258047 -2.087603 -0.181763
-2.168154 -1.996320 -0.166002
-2.184451 -1.948591 -0.189202
-1.645557 -1.975577 0.412912
-1.075589 -2.645531 0.989315
-1.019196 -3.224500 0.976895
-0.942049 -3.097365 -0.285464
-0.966955 -2.440424 -0.327165
-1.051364 -2.529950 0.951711
-1.046499 -1.959821 0.948679
-0.942032 -2.583479 0.948750
-0.863696 -1.883047 0.930953
-0.919566 -1.892928 0.872384
-1.033464 -2.628229 0.835735
-1.645549 -3.317861 0.847629
-1.583681 -3.878291 0.211478
-0.931225 -3.815836 -1.149195
-1.634454 -2.525856 -1.125182
-1.681396 -2.621476 -1.698861
-1.627091 -2.010747 -2.277672
-1.532481 -1.980335 -2.259360
-2.113031 -1.374730 -1.660883
-2.160977 -1.405901 -2.961754
-2.200763 -1.442275 -2.265185
-2.165411 -1.421269 -2.198387
-1.475710 -1.349355 -2.834786
-1.464529 -0.633524 -2.836585
-1.506957 0.571987 -3.437145
-1.537820 -1.397049 -2.720518
-1.518051 -1.395229 -2.621223
-1.489369 -0.756458 -1.950233
-0.834892 -0.716757 -3.272175
-0.841994 -2.094813 -3.287440
-0.243801 -3.344722 -3.263774
-0.234617 -3.302848 -3.256463
-0.245390 -1.931125 -3.888314
-0.250050 -1.937969 -5.094903
0.420299 -2.002236 -4.511481
0.435474 -2.647225 -4.515993
-0.849275 -2.078828 -5.760786
-1.485155 -2.095330 -4.460913
-1.443917 -2.149787 -4.527769
-1.421902 -2.207475 -4.629592
-0.839667 -2.209335 -4.709670
-1.510505 -0.851441 -4.063656
-1.532748 -2.743400 -4.043947
-1.516963 -2.753014 -4.092689
-1.525399 -2.170111 -4.766597
-1.574965 -2.803823 -4.746294
-1.629871 -2.816005 -2.800508
-2.820325 -2.181652 -2.785357
-2.803414 -2.197955 -3.452208
-2.791611 -2.168132 -2.213250
-2.796697 -2.101412 -1.536986
-2.798296 -2.052081 -2.082892
-2.792192 -2.044272 -1.390677
-2.170654 -2.691442 -1.428842
-2.169510 -2.699012 -1.451118
-2.157218 -2.709349 -0.795558
-2.131508 -2.746674 0.526512
-0.808098 -2.802211 0.499621
-1.469533 -2.834217 0.441942
-1.478437 -2.850258 0.428085
-1.461897 -2.847636 0.457262
-1.441337 -2.840788 1.119205
-1.456747 -2.831060 1.042945
-1.489573 -3.469357 -0.308573
-1.505178 -3.472012 -0.344681
-1.491211 -3.502038 -0.984931
-2.134943 -3.546185 0.300761
-2.141571 -3.587508 0.254438
-2.161653 -2.926423 0.225122
-2.161407 -3.537411 0.249655
-2.143941 -4.144364 0.936121
-2.152553 -4.743264 0.921626
-2.180197 -4.705844 0.877765
-2.183004 -5.321243 1.520259
-2.148330 -5.317744 1.583075
-2.130148 -4.696095 2.940638
-2.157375 -4.729444 2.936995
-2.198262 -4.116779 2.221609
-2.204495 -4.763110 2.213771
-1.587355 -4.774295 2.292056
-1.568320 -4.783200 1.733806
-0.967889 -3.463586 1.760001
-0.975103 -3.419183 1.747993
-0.935599 -3.384570 1.121128
-0.903142 -3.399530 1.171980
-0.925257 -3.431738 1.217454
-0.973551 -2.807043 1.222061
-0.303885 -2.785090 1.197371
-0.276484 -3.412934 1.205606
-0.246735 -3.435602 1.216362
-0.258965 -2.818474 1.219359
-0.288722 -2.793692 1.211817
-0.290117 -3.399223 1.206462
-0.272225 -3.416486 1.201352
-0.903691 -2.804706 1.842399
-0.934851 -2.785008 1.846111
-0.960471 -2.769765 1.863859
-0.337710 -2.792699 1.884060
-0.945714 -2.834540 1.887223
-0.944904 -2.849367 1.873997
-0.949534 -2.832004 1.872449
-0.914460 -2.823713 2.503301
-0.885762 -2.842703 2.533433
-1.530728 -2.181489 1.921902
-2.176508 -2.158758 1.936577
-1.570153 -2.138926 1.946523
-1.564636 -2.117311 1.935979
-2.212792 -2.135625 0.503284
-2.846751 -2.155241 0.450179
-2.265047 -0.866793 0.435542
-2.287087 -0.867128 1.055584
-2.244423 -0.877249 1.061390
-2.162318 -0.885982 1.042123
-2.156709 -0.259988 1.029166
-1.587133 -0.254559 1.716206
-2.278889 -0.916505 1.137827
-2.251962 -0.913452 1.774936
-2.818739 -0.907305 1.116525
-2.189039 -0.905189 -0.206146
-1.642407 -0.925661 0.518507
-2.316236 0.998297 0.541673
-2.223747 0.950126 0.554724
-2.164938 -1.036835 -0.073740
-2.189769 -1.603432 0.599747
-3.476436 -1.561143 0.652526
-3.512606 -1.591908 0.701265
-3.510056 -1.623802 0.031738
-3.539684 -1.576255 0.006441
