-1.380685 0.859734 -0.899920
-1.324515 0.842493 -1.582594
-1.310481 1.469119 -1.597897
-1.357812 2.128595 -0.967884
-1.377328 2.095181 -0.994742
-1.326232 2.079640 0.315893
-1.270957 1.504573 -0.299582
-1.291985 0.883381 0.345051
-1.381792 0.929756 0.984944
-1.377899 0.956191 0.966895
-1.359031 0.945807 1.024545
-1.341897 0.901930 1.086618
-1.351280 0.839351 0.388179
-1.435363 0.782002 -0.318197
-2.108399 0.751924 -0.344863
-1.413791 0.100234 -0.292021
-1.302108 0.090318 -0.232148
-1.875578 0.716020 -0.248318
-2.569717 0.709928 -0.920373
-1.350472 0.709114 -0.257418
-1.321176 -0.579708 -0.187522
-1.259184 -0.004556 -0.122240
-1.255604 -0.106788 -0.150687
-1.960086 -0.189445 -0.229371
-2.016300 -0.879715 -0.262343
-1.992056 0.447436 -0.208727
-1.932882 -0.768166 -0.782672
-1.900626 -0.737117 -0.842057
-1.927374 -0.728393 -0.949110
-1.979097 -0.722931 0.295366
-1.351408 -0.687087 0.316265
-1.942662 -0.663488 0.979999
-1.256600 -0.676781 0.275150
-1.920122 -0.687848 0.172887
-1.329817 -0.647923 -1.138792
-1.267863 -0.571888 -2.347017
-1.779497 -0.486646 -2.292433
-1.704652 0.226795 -2.296485
-1.089037 0.250760 -2.313984
-1.116420 0.265816 -2.285611
-1.730347 -0.392598 -1.610641
-2.334565 -1.043766 -1.602849
-2.311154 -1.092876 -1.660672
-2.309052 -1.130236 -1.697509
-2.299072 -1.134293 -1.682650
-2.299495 -1.131046 -0.999122
-2.336155 -1.147087 -1.625941
-2.356154 -2.428597 -1.645866
-1.703368 -2.449637 -1.661275
-1.682254 -2.464077 -1.658524
-1.723030 -2.492670 -1.649046
-1.816732 -2.550172 -1.668751
-2.517601 -2.630917 -1.708285
-3.169829 -2.699033 -1.716873
-2.449607 -2.055181 -1.702922
-2.425686 -2.040154 -1.681221
-3.110517 -2.014796 -1.676964
-2.516145 -1.978181 -1.067484
-2.496459 -1.918194 -1.076216
-2.456175 -1.841819 -1.669130
-2.429803 -1.775550 -1.641198
-2.483079 -1.736372 -1.639169
-2.539907 -2.380858 -2.253867
-2.558674 -1.776892 -2.259696
-2.529894 -1.762565 -2.266977
-1.891930 -1.719709 -2.260810
-1.882487 -2.351329 -2.885359
-1.269265 -3.009211 -2.893382
-1.286891 -3.028156 -2.947006
-2.573837 -3.020889 -3.002936
-1.909656 -3.008722 -2.348939
-2.519324 -3.039582 -2.367062
-2.503009 -3.138457 -2.992192
-3.168060 -0.769098 -2.974922
-2.526563 -0.778732 -2.280916
-2.467952 -0.118848 -1.641981
-2.362037 -0.139894 -1.665222
-2.951767 -0.850727 -2.288455
-3.000477 -0.927154 -2.266457
-3.078431 -0.916822 -1.617736
-2.486305 -0.224807 -1.604105
-2.483668 -0.219617 -1.619305
-3.769324 -0.303392 -2.203984
-3.816639 -0.374900 -2.153702
-3.848354 0.305423 -1.505552
-3.185945 0.381539 -0.856184
-3.147358 0.384118 -1.470664
-3.159727 0.949235 -1.454530
-3.227881 0.895410 -1.450298
-3.283747 0.285655 -0.841078
-3.270468 -0.269464 -0.871269
-2.566433 -0.244615 -0.903316
-1.237038 -0.951516 -0.917887
-1.254701 -0.356110 -0.931369
-1.230384 -0.299840 -0.983091
-1.152003 -0.221698 -1.069339
-1.077384 -0.187342 -1.121550
-1.704697 -0.213896 -1.113035
-1.744399 -0.235185 -1.092005
-1.120812 -0.827250 -1.101159
-1.721975 -1.419645 -1.136838
-1.704177 -1.416633 -1.128095
-1.737039 -1.471598 -0.413734
-1.766961 -2.149796 0.901352
-1.740741 -2.147979 0.910562
-1.690396 -2.139285 0.261728
-1.667507 -2.155246 0.899893
-1.044600 -2.196659 0.983805
-0.406882 -2.192049 1.030871
0.238562 -1.539909 1.025286
0.177645 -1.535895 1.008078
0.151562 -0.930248 1.032022
0.094341 -0.978489 1.078449
0.079103 -0.377219 0.469972
-0.513248 -0.328213 0.408024
-0.508491 -0.293889 1.670191
-0.525071 -0.979527 1.024220
0.123962 -0.994751 1.039778
0.147157 0.314597 1.034999
0.169056 0.384789 0.974621
0.147544 0.414566 0.912256
0.078279 0.398980 0.909400
0.017403 1.035922 0.964368
0.011973 1.043563 1.008302
0.015590 0.414652 0.290375
0.570312 -0.181741 0.288568
0.504496 -0.203932 0.922432
-0.100031 -0.238507 0.932822
-0.072781 -0.232468 0.902019
-0.690942 -0.196422 0.868833
-0.677956 -0.181158 0.874918
-0.675785 -1.391119 0.906693
-0.667722 -1.430612 0.936590
-0.658411 -1.443259 0.953007
-0.664699 -1.417296 0.330981
-0.668996 -1.395851 0.349886
-0.650750 -1.414920 0.373461
-0.001944 -1.462175 0.361227
-0.660429 -1.480135 0.314612
0.577127 -1.443807 0.285831
0.561852 -1.389398 0.301581
1.206306 -1.367119 0.338634
1.218010 -1.383848 0.364535
1.206553 -1.390419 0.377284
0.537783 -1.359967 0.398773
1.828515 -0.708968 0.448361
1.838557 -0.705134 -0.112400
1.835689 -0.721325 -0.127987
1.810165 -0.724059 -0.169497
1.790876 -1.956469 -0.189509
2.460178 -2.564898 -0.180741
1.866325 -2.547899 -0.175846
1.207856 -2.551741 -0.190796
1.171027 -1.973257 -0.206650
1.129279 -1.382317 -0.837988
-0.115557 -1.398380 -0.794447
-0.107154 -1.390415 -0.767596
0.497952 -1.381809 -0.799137
-0.722070 -1.403005 -0.846703
-1.937549 -2.031717 -0.853538
-0.574882 -2.012880 -0.255307
-0.531493 -0.077813 -0.255323
-0.516360 -0.084601 -0.284030
-0.486076 0.573419 -0.295313
-0.439217 0.587762 -0.271032
0.828522 0.587180 -0.251388
0.795303 0.548988 -1.508270
0.734281 -0.821908 -0.873166
-0.482871 -0.818785 -0.869168
0.106940 -1.426952 -0.866937
0.105828 -2.003656 -1.496322
0.085402 -1.961392 -1.474066
0.047585 -1.317935 -0.764210
-0.007774 -1.323888 -1.359813
-0.030757 -1.992637 -1.335009
-0.032848 -1.999617 -1.313920
-0.047413 -2.030447 -1.259896
-0.730677 -1.445876 -1.789510
-0.761915 -1.483949 -1.742388
-1.379787 -2.783202 -1.751069
-1.983084 -2.719667 -1.786629
-2.558251 -2.680485 -1.791172
-2.526948 -2.054872 -1.758252
-2.489378 -2.108229 -1.751131
-2.447505 -2.131833 -1.804665
-1.780869 -2.121039 -1.879770
-1.764450 -2.130053 -1.894762
-1.746773 -2.183909 -1.862269
-1.027786 -2.232602 -1.854293
-0.329080 -2.218630 -2.556249
-0.987361 -2.163143 -2.615936
-1.036656 -2.124721 -2.598891
-1.058160 -2.131654 -2.528863
-0.410814 -2.153177 -2.471492
-1.051827 -2.784453 -2.460558
-1.091321 -3.404814 -2.448672
-1.139106 -3.418063 -2.382951
-0.521771 -1.572695 -2.300904
-0.523849 -1.578680 -2.259057
-0.544878 -2.082541 -2.274748
0.043397 -1.366817 -2.307965
0.674155 -0.738515 -2.311367
1.918545 -0.747899 -2.289824
1.306615 -0.725864 -2.283753
0.012621 -0.647264 -2.292019
-0.567934 -0.638103 -2.301595
-1.183434 -1.973537 -2.315590
-0.547102 -1.384968 -2.338849
-1.231290 -1.378093 -1.776259
-1.254794 -1.952031 -1.810832
-1.832906 -1.332267 -1.216260
-1.098471 -1.376516 -1.261256
-1.050877 -1.429364 -1.294611
-1.691404 -2.097604 -1.311131
-1.663813 -2.140005 -1.312001
-1.599040 -1.593153 -1.313551
-0.925992 -1.666213 -1.330244
-0.322250 -2.291260 -1.978749
-0.464828 -1.013229 -1.967562
0.105145 -1.670521 -1.287095
0.147486 -1.687500 -1.851372
0.859650 -1.665702 -1.855779
0.863567 -2.869225 -1.858586
0.202545 -2.829972 -1.833460
0.231168 -2.844288 -1.786500
0.348203 -2.857302 -1.747195
-0.367990 -2.194774 -1.734046
-1.107689 -2.752358 -1.726915
-1.177897 -2.733993 -1.710860
-1.165396 -1.554925 -1.701242
-1.104328 -2.116687 -1.711875
-1.099563 -2.085508 -1.742193
-1.146472 -2.047001 -1.769438
-1.159530 -1.436719 -1.782043
-1.084798 -1.556126 -1.794198
-0.339190 -1.627263 -1.803210
0.267550 -1.598585 -1.812308
0.171511 -1.556939 -2.488380
0.141686 -2.215511 -2.519173
-0.440209 -2.291863 -1.928187
0.248010 -1.750982 -1.941809
0.242244 -1.734674 -1.941844
0.185453 -1.727904 -1.931530
0.185344 -1.783816 -1.931045
0.292447 -2.475295 -1.941211
0.387055 -2.471120 -2.564953
-0.322946 -2.389429 -2.530887
-0.456115 -1.646267 -1.840655
-0.546104 -1.003223 -1.829120
-0.494865 -1.007800 -1.853782
-0.371929 -1.606762 -1.872933
-0.977766 -2.797757 -1.850939
-1.029020 -0.249655 -1.821490
-1.082493 -0.286070 -1.819007
-1.040599 -0.328206 -1.233603
-0.933808 -1.537725 -1.248411
-1.540265 -1.485825 -1.232656
-1.632635 -0.208446 -0.585830
-1.763121 -0.188390 -1.224198
-1.788825 -0.186116 -1.258952
-1.690167 -0.168713 -1.895554
-0.403771 -0.133619 -1.273268
-0.436036 -0.133819 -1.290161
-0.502624 1.035349 -1.933527
-0.500885 -0.382567 -1.983789
-1.060572 -0.443050 -2.008250
-0.970193 -1.047977 -2.001333
-1.728413 -2.267291 -1.390925
-1.842889 -1.653824 -2.026560
-1.850814 -1.725889 -2.059595
-1.765110 -1.770982 -2.076247
-1.706127 -1.082304 -1.467576
-1.750273 -0.406007 -1.503146
-1.796419 -0.415697 -2.138955
-1.119242 0.144172 -0.937548
-1.064539 0.102317 -0.955781
-1.080113 -0.479175 -0.975549
-0.547390 -1.056011 -2.230634
-0.662588 -0.434584 -1.009060
-1.294789 0.161634 -1.019549
-1.233159 0.147239 -1.032364
-1.231625 0.187768 -1.046179
-0.686593 -1.013880 -1.626447
-0.726457 -0.411811 -0.986713
-0.696295 -1.100978 -0.923767
-0.661308 -1.130421 -1.482611
-1.317986 -1.100571 -1.468721
-1.998229 -1.054948 -0.248543
-2.682732 -1.029187 -0.241675
-2.643237 -1.023708 -0.187663
-2.616935 -1.009924 0.427186
-2.633743 -1.003635 0.368982
-2.648933 -1.018589 0.289940
-2.606236 -1.044359 0.275978
-1.866069 -2.338397 0.328612
-1.863276 -1.714518 0.363184
-1.920657 -1.698915 0.353767
-1.970508 -1.689513 0.338326
-1.951691 -1.701502 0.382077
-1.904730 -1.714121 -0.141165
-1.899454 -1.726102 -1.337309
-1.910720 -1.151713 -0.750151
-1.867637 -0.558927 -0.818615
-1.773491 -0.635542 -0.799396
-1.709264 -0.057523 -0.734365
-1.721738 -0.696815 -0.727846
-1.107221 -1.296521 -1.408169
-1.124342 -1.270561 -1.425492
-1.778462 -1.887715 -1.351226
-1.806688 -1.845363 -1.249179
-1.878610 -2.437066 -1.227804
-2.596544 -0.497924 -1.283655
-2.569366 -0.524789 -1.322580
-2.497990 -1.202781 -1.299839
-2.466175 -0.552331 -1.268745
-2.504493 0.073830 -1.875276
-2.531381 0.072051 -1.949903
-1.858390 -0.546975 -1.281637
-1.802838 -0.536923 -0.551396
-2.421164 -0.546307 -1.680009
-1.244170 -3.153642 -1.695477
-1.283340 -3.134742 -1.112719
-1.243770 -1.848829 -1.159868
-1.190716 -1.846224 -0.539746
-1.185299 -1.876352 -1.163444
-1.227648 -1.893890 -1.852489
-1.238905 -1.863365 -1.903013
0.020965 -1.825447 -1.267633
0.084494 -1.217553 -1.860438
0.088540 -1.240961 -1.810192
0.046167 -1.234044 -1.824343
0.035288 -0.597729 -1.281705
0.064432 -0.560859 -1.343435
0.718718 -1.182961 -1.375571
0.640862 -0.556305 -1.395023
0.527350 -1.195622 -2.050102
0.466644 -1.168403 -2.133747
0.470724 -1.152919 -2.195506
0.495566 0.078747 -2.200696
-0.166291 0.029695 -2.173557
-0.179682 0.080149 -2.786468
-0.157394 0.763363 -2.811480
-0.104453 0.771209 -2.847154
-0.077625 0.751054 -2.861209
0.549700 0.768303 -2.833654
0.495553 0.205750 -2.186802
-0.788426 0.275209 -2.805746
-0.779795 0.264994 -2.099311
-0.134433 0.205479 -2.648251
-0.067151 0.184385 -1.953888
-0.054601 0.240999 -0.736353
-0.699804 0.948205 -1.359847
-0.061140 0.935950 -1.377734
-0.060420 0.892438 -1.386412
0.562514 0.869896 -2.651993
-0.133770 0.878092 -2.628740
-0.213296 0.854898 -2.622810
-0.240752 0.770633 -2.631684
-0.197321 1.295040 -2.628901
-0.201640 1.220140 -2.619307
-0.198938 0.594808 -2.015190
0.465214 0.616816 -1.415256
0.442067 0.615632 -1.445711
1.077308 1.207130 -1.429996
1.024018 -0.082596 -0.802070
0.923155 0.569912 -0.198323
0.826207 0.598179 -0.223692
0.138827 0.597012 -0.811153
0.823615 -0.059386 -0.141480
0.239911 -0.730722 -0.099776
-0.392400 -0.100602 -0.139044
-1.048108 0.656921 -0.226416
-0.396275 -0.585902 0.362052
-0.368460 -0.550436 0.386585
-0.343266 -0.521464 0.386617
-0.357340 0.130177 0.316160
0.263963 0.145446 -0.392048
1.580431 0.132587 -0.397934
1.615518 0.097415 -0.337690
1.014747 -1.249786 -0.304826
0.368263 -1.244607 -0.343899
1.116803 0.006471 -0.393119
1.138864 -0.009165 -1.009617
1.143033 -0.016704 -0.965097
1.114632 0.004032 -0.955669
1.718344 0.016469 -0.997496
1.619932 -0.027730 -1.005728
1.590323 0.522224 -1.605853
1.585709 0.452178 -0.921800
1.569983 1.108700 -0.918256
1.568063 0.527954 -0.952079
1.611205 0.560316 -0.964997
1.681500 -0.058984 -0.949009
1.714357 -0.020214 -0.315273
1.017052 0.079429 -0.323496
1.583587 0.190519 -1.568526
1.501329 0.259745 -1.534326
1.505019 -0.352973 -1.500818
0.917817 -0.362348 -1.491297
0.907867 -0.345116 -1.507035
0.872457 -0.342789 -1.527551
0.212272 -0.290434 -1.546675
-0.303929 -0.250629 -0.890146
-0.216641 1.040798 -0.929820
-0.208304 1.024553 -0.966325
-0.252431 1.009602 -0.965560
-0.258702 1.014100 -1.586253
-0.210552 1.004602 -1.573539
-0.161208 0.946300 -1.542024
-0.153500 0.856091 -1.494238
-0.152981 0.795246 -1.446312
-0.100667 2.056584 -1.434796
0.624366 2.084130 -1.436975
0.658797 2.072433 -1.427713
0.656353 2.017389 -1.412373
0.626208 2.578577 -1.410170
0.599849 2.606367 -1.425243
1.237034 2.655009 -2.672380
2.458687 2.030604 -2.004385
1.725948 0.769747 -1.992510
1.708817 0.742212 -0.745706
2.423857 0.785409 -0.773136
2.460349 0.838945 -0.805415
2.461552 0.836922 -0.818789
1.812761 0.812800 -0.792024
1.811961 -0.392998 -1.446750
1.191841 -0.351457 -1.494897
1.208819 -0.331887 -1.533679
1.830657 -0.342295 -1.515575
1.844074 -0.347578 -1.465093
1.892130 -0.343146 -1.425068
0.045043 -0.331789 -0.800712
0.110984 -0.339551 -0.828170
0.148736 -0.961344 -0.830765
0.162896 -0.977730 -0.820219
-0.455556 -1.663671 -1.463177
-0.465783 -1.678182 -1.521116
-0.502032 -1.016335 -1.564581
-0.532011 -1.014532 -0.924515
1.285311 -1.018610 -0.882085
1.922491 -1.025604 -0.234359
1.922325 -1.026377 -0.249081
0.597711 -1.669082 -0.280005
0.566613 -2.287374 0.344701
1.146987 -2.267268 -0.258066
1.096717 -2.284911 -0.248754
1.026396 -2.317356 0.309355
0.985511 -3.044209 0.225826
1.013622 -1.803461 0.181452
1.668011 -1.813290 -0.443769
1.687828 -2.468999 -0.435439
1.058176 -3.148607 -0.471961
1.732218 -1.875614 0.729520
1.818753 -1.268409 0.753340
1.856300 -1.220401 0.783990
1.168209 -1.754601 0.795434
1.099060 -1.748081 0.132605
1.129978 -1.859721 0.114879
1.214878 -1.333595 0.123356
1.236400 -0.741574 0.145722
1.164360 -0.685326 -0.489301
1.157429 -0.656196 -0.484646
0.654793 -0.675944 -0.477329
0.739051 -0.658999 0.160388
0.743734 0.082963 0.800142
0.673825 0.800471 0.797124
0.645221 -0.499949 0.797942
0.696061 -0.628792 0.808073
0.769016 -0.112824 -0.428253
0.766274 -0.125396 -0.434441
0.713094 -0.093619 -0.490983
0.703667 -0.689517 -0.557106
0.756467 -0.705046 0.707386
1.428379 -0.025687 0.730969
1.426470 0.067308 0.750791
2.011171 0.131733 0.729868
2.036908 -0.500476 0.701318
0.861615 0.067342 0.705976
0.883551 0.026876 0.738987
0.226025 1.239279 0.758517
0.184028 0.586847 0.747421
0.175151 0.564017 -0.525528
0.189510 1.216681 -0.536940
0.196945 1.264445 -0.543635
1.376514 0.700281 -0.544995
1.348019 0.107948 -0.549962
0.788836 0.109476 -1.781831
0.792534 0.722881 -1.772395
0.675052 0.684089 -0.483023
0.673394 0.636397 -0.463207
0.701371 0.601985 -1.100050
0.760206 0.571762 -1.116765
1.475194 1.226362 -1.133771
-0.366429 1.898945 -1.119851
-0.338502 1.982730 -1.093957
-0.966339 1.436431 -1.071694
-0.349134 0.833934 -1.734350
-0.345203 1.435348 -1.094337
-0.345750 1.423440 -1.040375
0.874231 1.447322 -0.997921
1.505563 1.469713 -0.318275
2.726101 1.458563 -0.321848
2.755223 0.807730 -0.309360
1.477191 2.758552 -0.264641
2.080627 2.807940 -0.203612
2.003750 2.862101 -0.185194
2.586121 2.220732 -0.217912
3.769953 2.783334 -0.224030
3.063124 2.760640 -0.181932
3.680668 2.823527 -0.130320
3.694669 2.890207 -0.136647
3.673539 2.876848 -0.196260
3.679311 1.538028 -0.242810
3.698827 1.470844 -0.248054
3.093774 0.825169 -0.886143
1.235673 0.845089 -0.296202
1.222188 0.821738 -0.931610
1.184656 0.742568 -0.321453
-0.047940 0.699369 0.354168
0.490214 0.740300 -0.951473
-0.123396 0.798536 -0.963453
-0.071110 0.795286 -1.001187
-0.039253 0.744250 -1.036041
0.569754 0.747776 -1.052238
0.548022 0.808196 -1.034521
-0.051643 -0.462816 -1.051853
1.220743 -2.416913 -1.683893
1.833412 -1.062600 -1.670240
1.748557 -1.039606 -2.218251
1.695082 -1.005522 -2.165616
1.745013 -0.975628 -2.171923
1.844469 0.330663 -2.225421
1.222576 0.387592 -1.669450
1.173466 0.454131 -1.046360
0.526181 1.131552 -1.058924
0.575459 1.066806 -0.513977
0.667958 0.986957 -0.534751
0.707307 1.562232 -0.497322
0.660339 1.537214 -0.411423
-0.050488 2.134343 -0.358139
-0.033536 2.121239 -0.393172
0.050238 1.464939 -0.465454
-0.533770 1.490309 -0.487675
-1.182953 0.867003 -0.437161
-1.216512 0.835153 -1.561009
-0.561861 0.781309 -1.581157
1.334758 0.730137 -1.010947
1.971952 0.695385 -0.973775
1.316382 0.676550 -0.895186
1.206782 0.685089 -0.867200
2.482919 0.724906 -0.931164
2.433517 0.764848 -1.659289
1.745440 0.776264 -1.668728
1.742594 1.974037 -1.628796
1.736506 1.971060 -1.624805
2.399134 2.000102 -1.690080
1.770437 2.019052 -1.734758
1.785815 1.992283 -1.681642
1.195922 1.945320 -2.197918
1.220791 1.326792 -2.148737
1.246852 0.163762 -2.198219
1.267070 0.193008 -2.270033
1.274012 0.170531 -1.653405
0.625623 0.146901 -1.638427
0.651148 1.407323 -1.647501
1.334449 1.458323 -1.695595
0.694428 1.454916 -1.724549
0.678804 0.133305 -1.049216
0.634857 0.107746 -0.976363
1.242295 0.114008 -0.939142
1.238837 0.128496 -0.991760
1.257752 0.703583 -1.715710
1.235103 0.660169 -1.159488
1.829999 0.629744 -1.165384
1.778841 0.045267 -1.740551
1.779267 0.055132 -1.730722
3.036116 -1.217354 -1.724946
3.007987 -1.211369 -1.696497
3.530421 -1.883881 -1.628492
2.283266 -1.896179 -1.578703
2.322598 -1.880887 -1.572826
2.389390 -1.852471 -1.596740
-0.060099 -1.847987 -1.609320
0.533817 -1.864945 -1.587767
0.539248 -1.222965 -1.570647
0.550269 -0.583773 -1.565548
0.563200 -0.498221 -1.582137
0.509338 -0.441457 -1.577934
0.446037 -0.467482 -1.530474
0.461586 -0.536990 -1.477141
0.532908 -0.579717 -1.438077
-0.047146 -0.571209 -1.447104
-0.067188 -0.572867 -1.479825
-0.106771 -0.651142 -1.500351
-0.678035 -0.756164 -1.500927
-0.644337 1.227713 -1.503105
-0.646030 1.270448 -2.174309
-0.720930 1.332897 -1.612280
-1.411663 0.644541 -1.638034
-1.418987 1.214331 -2.245328
-1.369175 1.856906 -2.196579
-1.330249 1.930209 -2.206900
-1.343163 1.998474 -2.289789
-1.365406 0.677676 -2.352449
-1.332551 0.626012 -2.352761
-1.273192 0.674644 -2.318722
-1.259196 0.779447 -1.741231
-1.304202 0.203234 -1.838179
-1.357821 0.196545 -1.891361
-1.945725 0.201748 -2.482167
-1.899957 0.180179 -2.374293
-1.875277 0.130790 -2.351437
-1.916293 0.735154 -2.445278
-1.971280 0.653996 -2.513502
-1.963963 1.266860 -2.470729
-1.909166 0.688609 -2.375201
-1.278040 0.696375 -2.369402
-1.290523 0.106203 -2.451345
-1.371233 0.080400 -2.474105
-1.382065 0.092124 -1.752340
-0.719321 0.109304 -2.247190
-2.003164 -0.523094 -2.221283
-2.070081 0.116860 -2.877421
-2.112087 1.363753 -2.280447
-2.090523 2.657987 -2.234101
-2.059292 2.709522 -2.806203
-2.101015 1.511876 -2.844973
-2.171973 1.557290 -2.907281
-2.184096 1.572069 -2.296703
-2.127906 2.194429 -2.254183
-0.805100 2.122958 -2.834705
-0.763836 0.878396 -2.831708
-1.404436 2.163044 -2.826911
-2.078701 3.444556 -2.181686
-2.053921 4.061698 -2.245700
-2.013542 4.030712 -2.276726
-2.030972 3.403323 -2.288673
-1.481945 3.410702 -2.277720
-0.226533 4.029345 -2.265554
0.399192 3.978580 -2.285618
0.406646 3.898311 -2.322669
-0.213032 3.842364 -1.719887
-1.437659 3.208922 -1.711580
-1.413486 3.187403 -1.729439
-1.402164 2.500946 -1.797743
-0.111865 2.463837 -1.873161
0.538830 2.487541 -1.906023
-0.102871 2.532744 -1.907955
-0.174354 2.546140 -1.913519
0.353841 2.505012 -1.936195
0.965749 3.061474 -1.969279
0.332982 3.070246 -1.977574
-0.262150 3.117824 -1.954741
-0.259051 2.489827 -1.935122
-0.278828 2.444636 -1.956560
-2.201361 2.460435 -1.996924
-2.170888 2.558407 -2.004552
-1.479294 2.652999 -1.974217
-2.112312 2.655201 -1.909822
-2.160350 2.592825 -1.851825
-2.801926 1.927706 -1.819113
-2.785610 1.973572 -1.775894
-2.736748 1.999010 -1.712629
-2.696660 1.951437 -1.637446
-2.709408 1.892662 -1.585423
-2.110590 1.254041 -1.582573
-2.083830 1.940320 -1.600037
-2.028276 1.383423 -1.583392
-1.997863 1.350956 -1.519342
-2.023366 1.921151 -1.473424
-2.058814 1.871140 -2.078118
-2.051918 1.866851 -2.110781
-1.997746 0.659939 -2.124246
-2.493474 0.652645 -1.471800
-1.931417 1.278712 -1.521753
-1.912766 1.296369 -1.624256
-1.332731 1.336777 -2.355976
-1.384289 1.378942 -1.730055
-1.424802 1.392070 -1.709963
-1.431749 0.751481 -1.727559
-1.419036 0.723685 -1.769369
-1.424879 0.730736 -1.750670
-1.384917 0.751358 -1.667947
-2.015575 0.752488 -1.627579
-2.009939 0.737897 -2.266894
-1.358596 0.740197 -2.343067
-2.578869 0.774552 -2.346974
-2.001460 0.170539 -1.680183
-3.904705 0.186751 -1.665054
-1.924599 0.157397 -1.700504
-2.589400 0.121350 -0.451038
-2.544695 0.130141 -0.407851
-1.864260 0.166059 -0.345149
-1.862141 0.173460 -0.349335
-1.897966 0.153497 -0.429661
-1.286800 0.158576 -0.509798
-0.659731 0.201445 -0.523975
-0.682600 0.855930 -0.499412
-0.740404 0.837444 -0.501236
-0.223651 0.791754 -0.521950
0.331987 0.784256 -0.504643
0.290151 0.772387 -0.422741
0.291174 2.011340 -0.323316
1.579366 1.945997 -0.288720
0.903676 0.641426 -0.310483
0.885374 0.683657 -0.323294
0.285506 1.365210 -0.294991
0.298088 0.075845 -0.260648
-0.343655 1.279951 -1.533801
-0.970581 1.288559 -1.553285
-0.967080 -0.033353 -0.888442
-0.331912 -0.001843 -0.814182
0.296366 0.019750 -0.750468
0.328264 0.619630 -0.758522
-0.285794 0.620499 -0.806306
0.361325 0.657393 -0.839579
-0.247836 0.062126 -0.854562
-0.848587 0.078484 -0.884813
-1.552005 -0.519312 -1.592495
-1.581763 0.154119 -2.254026
-2.209373 0.815638 -1.628792
-2.134532 0.811252 -1.582438
-1.467326 0.778999 -2.153937
-1.458710 0.768398 -2.156956
-2.110809 0.801169 -2.196722
-0.859069 0.819562 -2.864549
-0.834054 0.793664 -2.271693
-1.510240 0.769011 -1.707041
-1.545630 0.801554 -2.322657
-0.979419 -0.403741 -1.776845
-1.603074 -0.359081 -1.210310
-1.527347 -0.391994 -1.184074
-0.861432 -0.454547 -1.129801
-0.870116 -0.453486 -1.115661
-0.900938 -0.395112 0.063582
-0.894164 -0.370625 0.025580
-0.865065 -0.419970 -0.001270
-0.866554 -0.474143 -0.002357
-0.903446 -0.456759 0.012429
-1.574358 -0.397100 0.691366
-1.548094 -1.026194 0.697303
-1.476806 -1.112119 0.059076
-0.130716 -1.182741 0.744951
-0.752231 -1.163000 0.840834
-0.181918 -1.109214 0.882768
1.018444 -1.100990 0.883449
0.384824 -1.127148 0.857807
0.373191 -1.100606 0.201331
0.351972 -1.019220 0.264089
1.596582 -2.146393 -0.268500
1.593524 -2.809563 -0.843333
1.617368 -2.886630 -0.202235
1.045111 -2.288809 0.436601
0.456533 -2.279301 0.515454
-0.842730 -2.296731 0.566442
-0.845877 -2.352175 0.534476
-0.843073 -2.377645 0.461927
-0.202474 -2.337133 0.423960
-0.215921 -2.264564 0.424926
0.952276 -2.855884 0.403197
0.356909 -2.259345 0.340260
0.407959 -2.280657 0.279670
0.450923 -0.961032 0.272169
0.456330 -0.962511 0.311667
0.429588 -0.995782 0.939440
0.420516 -1.008319 1.535534
0.421916 -0.959791 1.500479
0.386313 -0.250403 1.504254
-0.990602 -0.224068 0.881116
-0.412182 -0.909260 -0.370450
0.238528 -0.930259 -0.371409
1.556417 -0.906671 -0.348113
1.547875 -0.883131 -0.306023
1.485472 -0.913036 -0.275360
1.432088 -0.978961 -0.271982
0.806513 -1.005661 -0.274026
0.861647 -0.966140 -0.266228
2.108252 -0.918610 -0.251041
2.734251 -0.916509 -0.250876
2.681200 -0.937580 -0.261287
2.711325 -0.931641 -0.244356
3.388621 -0.892567 0.493057
3.404364 -0.853494 0.569628
2.787149 -0.850248 -0.028088
2.201383 -1.512162 -0.014986
1.594972 -1.519103 -0.013752
1.601509 -2.081298 -0.018642
1.576508 -1.373999 -0.032920
0.932672 -1.274510 -0.060799
-0.369082 -1.886536 -0.090025
-0.386820 -1.912996 -0.700240
-1.011322 -1.921012 -0.698286
-1.042220 -1.910382 -0.699588
0.176735 -3.274527 -0.712716
0.181091 -3.315859 -0.729757
0.134923 -3.365912 -0.751521
0.703220 -3.393081 -0.790806
0.664948 -3.394543 -1.459514
0.069548 -3.387585 -1.492355
0.103346 -3.391042 -1.491181
0.094033 -2.770442 -0.850630
0.692381 -2.757646 -0.842536
1.268331 -3.402122 -0.837701
1.909961 -3.397795 -0.821337
1.920995 -3.421212 -0.805199
1.264155 -3.437147 -0.809341
1.223007 -3.416483 -0.838453
1.230171 -1.376654 -0.864536
1.307170 -1.370796 -0.867789
1.380414 -1.398395 -0.869767
1.399103 -1.428394 -0.894012
1.417496 -1.439433 -0.933714
1.479615 -1.435169 -0.949820
1.548074 -1.468994 -0.947309
0.852143 -1.515082 -0.968477
0.770373 -1.545045 -0.416549
0.726487 -1.537161 -0.457472
2.684278 -1.509057 -1.719623
2.107883 -1.507701 -1.701646
2.111944 -1.503019 -1.696038
2.095127 -1.488315 -2.314265
2.783526 -1.459983 -2.277914
2.847188 -2.084283 -2.196809
3.528980 -2.055637 -2.127695
3.472371 -2.618765 -2.118405
2.840409 -2.562259 -2.143842
2.823270 -2.521117 -2.150207
2.814253 -2.514406 -2.121724
2.781940 -2.518281 -1.467413
2.098989 -2.490371 -1.502432
0.841520 -1.815607 -1.549785
0.833911 -1.824975 -0.909049
0.887790 -1.240509 -0.875566
2.176277 -0.655949 -0.862870
2.158236 -1.276837 -1.533951
2.110986 -1.250774 -1.578820
1.490273 -1.282647 -1.602641
1.516555 -0.762470 -1.608722
0.955764 -0.839334 -0.377190
0.992076 -0.845944 0.270838
0.995421 -1.438897 0.252483
1.002950 -1.480106 -0.444793
1.689735 -0.945304 -0.412068
1.741247 -0.990151 -0.361436
2.384601 -1.607261 -0.354392
2.342781 -1.574694 0.186741
1.654093 -1.593203 0.152083
1.668690 -0.946065 0.178134
1.052363 -0.968149 0.248369
0.405482 -0.939775 0.296491
0.370995 -1.594885 -0.321425
1.584877 -1.614921 -0.324635
1.568964 -0.934637 0.994979
2.184968 -0.876163 1.664705
2.775460 -1.479490 1.660428
3.336989 -1.457454 1.618459
3.282095 -1.496471 1.588966
3.849994 -1.502661 1.590568
3.830385 -1.434028 0.338230
3.820497 -1.345968 0.325434
3.131630 -1.951389 0.312011
3.109064 -1.968678 0.333514
3.101015 -1.987165 0.373599
3.136618 -1.971786 0.393927
3.184642 -1.937840 -0.240940
3.195237 -1.310966 -0.246583
2.517222 -1.339518 -0.213030
2.513413 -1.363662 0.452356
2.572032 -1.351294 1.077985
2.640867 -1.308940 1.069237
2.646275 -1.273093 0.484347
1.976616 -1.279654 0.539423
1.320626 -1.315145 -0.019418
0.728689 -1.342901 -0.013719
0.772287 -1.354701 0.591051
0.154879 -1.369043 0.573143
0.108311 -1.393937 0.577931
-0.543200 -1.419999 -0.082787
-0.478731 -1.442548 -0.123199
-1.104269 -2.065982 0.479179
-1.075123 -2.709950 0.486252
-0.394333 -2.116764 0.503463
0.294509 -2.142911 -0.142811
1.642553 -2.182532 -0.162703
1.124794 -2.241149 -0.183710
1.158300 -2.292296 -0.206308
2.448166 -2.310072 -0.233385
2.417599 -2.314131 -0.256235
2.394643 -0.485174 -0.272814
2.381602 -0.484952 -0.277621
1.727388 -0.477318 -0.272349
1.689978 -0.477003 -0.277074
1.050683 -0.492711 -0.916197
1.069875 -0.498901 -0.909707
1.727345 -0.508862 -0.920725
2.361572 -0.534276 0.260675
2.323039 -0.568640 0.251161
2.286437 0.045148 0.272658
2.235164 0.079410 0.931495
0.896454 0.099232 0.965514
0.843066 0.081848 0.985911
0.146842 0.045371 1.009171
-1.732225 0.031999 1.054381
-1.708905 0.045322 1.087778
-1.102193 0.055549 1.716820
-0.495588 0.045395 0.464616
-0.487165 0.019079 0.484870
0.200916 0.028330 0.512327
0.194588 0.089338 0.510133
0.125293 0.152616 -0.138287
0.046379 0.177781 -0.165752
0.005407 0.165447 1.112853
0.006969 0.179475 1.154244
-0.025410 0.236529 1.140857
0.523483 0.297285 1.077965
0.473021 0.312919 1.038709
1.148143 0.284713 1.729569
1.800090 0.293081 1.134665
1.852698 0.347994 1.672720
1.799992 0.399937 1.569590
1.099711 0.409618 2.164200
1.140596 0.373642 2.213700
0.602045 0.347035 2.243586
0.634821 0.354076 2.208288
-0.032397 0.367839 0.765211
0.636929 0.339634 2.648578
0.681687 0.274066 2.063217
0.776694 0.234048 2.105536
0.845392 0.245297 2.094405
0.176790 0.273626 2.085419
0.170064 0.924057 2.131203
0.173812 0.878587 2.819103
0.210098 -0.423443 4.048469
0.236097 -0.474172 4.013462
2.128752 -0.483393 3.363643
2.065297 0.233547 3.419845
2.024334 0.268078 3.493763
1.399781 0.267400 3.523188
2.010380 -0.413008 3.511583
1.966898 -0.377949 3.505430
1.939379 -0.306081 3.540141
1.292562 -1.527506 3.567851
1.325337 -1.560087 2.897421
0.743578 -0.988472 3.553030
2.055437 -0.959005 3.542115
2.060869 -0.275244 4.238568
2.066696 -0.266387 4.271993
2.073187 0.304748 3.660516
2.735544 0.863026 2.384921
2.795332 0.887313 1.704228
2.877190 0.921016 1.743559
2.947266 0.880186 1.782745
3.007868 0.771858 1.787947
3.052188 0.714534 1.768143
4.330794 0.764904 1.763950
4.310633 1.497369 1.782681
3.668450 0.861328 2.406115
2.991588 0.795535 3.021849
3.595795 0.768258 3.580953
3.541177 0.838968 2.910116
2.245216 0.923303 2.897120
2.832579 0.914021 2.869787
2.838921 0.836434 2.790627
1.535206 1.402434 2.709358
2.150070 2.087643 2.732521
2.075596 2.204057 2.742569
2.617088 2.236699 2.748270
2.589936 2.196974 2.737333
3.226534 2.179992 2.747381
2.574715 2.227394 3.447751
2.539783 2.324231 3.483697
1.927790 1.645921 3.499335
2.644688 2.181117 2.933347
2.717814 1.508542 2.980563
2.743114 2.166475 3.662240
0.897786 2.209611 3.698182
1.557818 2.840428 3.054422
1.591622 2.840911 3.019609
0.954365 2.816400 2.994498
0.932633 3.423993 3.000438
0.257315 3.434506 2.385554
0.238405 3.444133 1.716829
0.243470 2.774746 1.641581
0.224397 2.081327 1.579256
0.848079 2.082146 1.553030
0.815200 2.132044 1.531253
1.432184 2.875334 1.487910
1.348626 2.291152 1.440386
1.260734 2.934146 1.439368
0.589920 2.918178 1.506779
0.585108 2.918624 2.221038
0.598099 2.928945 2.245210
0.595289 2.914976 2.235468
-0.040358 2.253414 2.261915
-1.295119 1.596535 2.350264
-0.636974 1.599467 2.437041
-0.620142 1.621151 2.469353
-0.621717 1.642847 2.464492
-1.818820 1.643746 2.493856
-1.790847 2.256703 3.724461
