0.398468 -0.870028 2.686550
0.997180 -0.855214 2.740335
1.609236 -0.827118 1.441821
0.970963 -0.183911 0.723152
0.988235 -0.199109 0.704951
1.004198 0.389494 1.414177
-0.291151 0.382958 0.815663
-0.280370 2.343984 0.790939
-0.247087 2.335547 0.699476
0.392760 2.334116 0.040277
0.379122 2.996548 0.116005
0.350954 3.030117 0.204200
0.951759 2.441681 0.212078
0.957641 3.108623 0.157120
0.965846 2.464224 0.115984
0.966894 2.457351 0.791024
-0.294057 3.093849 1.489433
-0.241825 3.112175 1.504416
-0.192577 3.113071 1.491810
-0.157599 3.098130 1.465926
-0.769631 3.083795 1.473233
-0.056864 3.087882 1.516803
-0.026244 3.088854 1.568338
0.612463 3.063950 1.574928
-0.797866 3.024225 1.528811
-0.774687 2.326873 1.468983
-0.743463 2.333001 1.441267
-0.139442 2.323608 0.824419
-0.201893 2.288050 0.220101
-0.250578 2.259254 0.213451
-0.242326 0.999179 0.173998
-0.220154 1.693864 -0.482407
-0.231515 1.690738 -0.463376
0.983770 1.653563 -0.419181
0.968564 1.617977 -0.407319
0.975064 1.623698 -0.452677
0.345814 1.648844 -0.512319
-0.265124 2.259827 -1.202111
-0.274668 2.853380 -1.213133
-0.904906 2.199057 -0.591763
-0.267072 2.224769 -1.203245
-0.285841 -0.411636 -1.223257
-0.310826 0.181997 -1.857466
-0.333031 -0.479783 -1.843898
-0.345199 -1.018244 -1.841511
-0.348285 -0.979520 -1.239166
-0.356532 -1.024695 -1.895738
-0.369612 -1.715127 -1.935392
0.299226 -2.300927 -1.971473
0.314326 -2.847168 -1.983095
0.942155 -2.822976 -2.575562
0.273052 -2.863122 -2.583812
0.242711 -2.886947 -2.593139
0.250295 -2.205876 -2.566096
0.319618 -2.140644 -2.496136
0.421350 -2.136241 -2.433292
-0.165955 -2.190893 -2.413585
0.456795 -2.229547 -2.451889
0.447065 -2.220637 -2.488147
0.480571 -2.862044 -2.484148
-0.092967 -2.884047 -2.473969
-0.125563 -4.242744 -1.874024
0.395694 -4.230189 -1.927039
-0.335309 -3.544424 -1.968165
-0.356691 -3.483450 -1.961144
-0.310181 -3.453401 -1.919978
-0.298936 -3.452173 -1.909924
-0.972513 -2.792047 -1.381320
-0.341884 -2.766257 -0.799543
-0.301034 -2.738809 -0.164553
-0.215936 -2.712422 -0.735862
-0.197160 -2.690441 -0.685411
-0.270277 -2.670489 -0.082552
-0.325940 -2.647621 -0.754870
-0.272909 -3.897102 -0.764969
-0.147198 -3.274453 -0.062198
0.566368 -3.312141 -0.056848
-0.083650 -3.368644 -0.067852
-0.118045 -3.405094 -0.050015
-0.765884 -2.719606 0.004153
-0.689106 -2.726776 0.062900
-0.668661 -2.756763 0.082291
-1.400064 -2.803729 -0.532518
-1.502669 -1.527501 -0.515357
-2.176948 -0.869275 0.100372
-1.526777 -0.805291 0.101294
-0.885363 -1.470008 0.078719
-0.946122 -1.550848 0.076483
-0.988274 -1.584508 0.119706
-0.954913 -0.892642 0.173367
-0.891795 -0.843736 0.195512
-0.221255 -0.864317 0.171565
-0.913884 0.272182 0.144626
0.339934 0.273896 0.149291
0.379036 0.316728 0.174534
1.101680 -0.320972 0.179436
1.150741 -0.389300 0.135044
1.180814 -0.436450 0.084329
1.886193 0.200228 0.081374
1.923160 0.221519 0.120603
1.937516 0.857552 0.140714
1.938741 0.820962 0.112747
1.914912 0.198048 0.073835
1.893083 -0.372582 0.072949
1.876977 -0.333071 0.109189
2.510208 0.253672 0.122324
1.821492 0.220841 0.084754
1.157140 0.197920 1.251871
1.184384 0.173361 1.251645
1.193396 0.136368 1.273902
1.139238 0.056944 1.280965
1.041438 0.064510 1.825162
0.955332 0.120276 1.810478
0.938565 0.183202 1.804309
-0.245736 0.219135 1.799573
-0.244276 0.239387 1.769127
-0.290783 0.290671 1.716156
-0.965690 -0.294073 1.688316
-0.927250 -0.278606 1.702624
-0.846909 -0.304407 0.493475
-0.822744 0.356621 0.527317
-0.869482 0.431911 0.507940
-0.898233 0.498617 0.478763
-0.841690 0.483942 -0.159376
-0.127002 0.414681 -0.135192
-0.762847 -0.261052 -0.134391
-0.834788 -0.250655 -0.158503
-0.866930 0.432343 -0.161361
-0.801199 0.416442 -0.130215
-0.061440 0.321290 -0.095745
-0.065671 0.224143 -0.740290
-0.132846 0.194955 -0.114334
-0.156123 -0.427495 -0.137804
0.520225 -0.387683 1.741285
0.579478 -2.280519 2.360676
0.561857 -1.690804 2.336884
0.500512 -1.706873 2.305196
0.494326 -1.081329 2.298944
-0.670531 -1.122952 2.299926
-0.604490 -1.156883 2.295778
-1.325756 -0.521132 2.290777
-1.389658 -0.487717 1.672859
-0.082414 -0.442255 1.684850
-0.640460 -0.398077 1.089143
-0.609421 -0.359202 1.098097
-0.643392 -0.332287 1.092908
-0.692226 -0.319076 1.727544
-0.695631 -0.336791 1.768663
-0.655878 -0.379585 1.822607
0.616429 -0.430135 1.870117
-0.755239 -0.483428 1.891164
-0.807670 -0.519356 1.242007
-0.805988 -0.537498 1.229010
-0.752148 -0.529762 1.831990
-1.309082 -1.131296 1.835957
-0.688910 0.169341 1.218725
-0.169820 0.190750 1.203103
-0.187542 0.181947 1.177845
-0.759171 0.166615 1.175903
-0.754747 0.152602 1.195323
-0.808944 0.784577 0.580291
-0.873785 -0.395477 0.567287
-0.877817 -1.007030 0.506571
-0.835778 -0.975857 1.097389
-0.205637 -1.553522 1.113928
-0.328562 -1.507398 1.163038
-0.399133 -1.470982 1.172831
0.274044 -1.459628 1.761932
0.337076 -1.458384 0.479353
-0.284333 -1.451953 0.519019
-0.331570 -0.792721 0.591020
-0.349807 -0.798026 -0.014028
-0.282483 -1.463411 -0.063716
-0.190294 -1.489849 -0.105515
-0.162299 -1.484968 1.135091
-0.204200 -1.455102 1.814379
-0.246872 -1.455960 1.828117
-0.228122 -1.506905 3.028234
-0.812845 -1.563868 2.980296
-0.813637 -0.981275 3.664374
-0.852745 -0.967106 3.709286
-0.863254 -0.972564 3.700534
-0.811417 -1.620313 2.996065
-0.749724 -2.276327 2.920737
-0.090486 -2.240047 2.912505
-0.724660 -2.165090 2.334186
-0.730565 -1.473296 2.338299
-0.705054 -1.443684 2.301860
-1.285933 -1.452312 2.268853
-1.286023 -0.799483 2.292982
-1.310142 -0.728059 2.364137
-1.299029 -0.666094 2.410369
-1.236503 -1.279342 1.750696
-0.552226 -1.322452 1.693451
-0.541728 -1.327711 1.634776
-0.550254 -0.642498 1.607668
-0.545950 -0.589570 1.595652
-0.516355 -1.880438 1.577741
-0.479821 -1.328892 1.549854
-1.097833 -1.358798 1.548145
-0.497754 -0.705405 1.588503
-0.524458 -0.719486 1.629364
-0.522013 -0.806240 1.633186
-0.516576 -1.566370 1.607745
-0.529039 -1.594248 1.594902
-0.550169 -1.543834 2.884123
-0.560918 -0.287685 4.091884
-0.540853 -0.967514 4.060483
0.098529 -1.046735 4.028760
0.093546 -1.044939 4.053626
0.681012 -0.335964 3.477089
0.686106 -0.949037 2.256263
0.694081 -1.602095 2.275955
0.019903 -1.628775 2.290054
-1.906829 -0.943841 2.283423
-1.891108 -0.238895 2.251145
-1.267376 -0.146312 2.203636
-0.640467 -0.113487 2.172901
-1.257611 -0.088226 2.178143
-1.322479 -0.014811 2.216325
-0.105080 0.083270 2.254919
-0.656664 0.142000 2.279545
-0.599279 0.132559 2.315022
-0.613674 1.266075 2.360119
-1.325337 1.280817 0.940704
-1.332621 1.345525 0.941217
-1.290979 1.382387 0.943225
-1.266700 0.812231 0.946352
-1.313108 1.412199 0.951914
-1.376191 1.397606 0.967954
-0.717592 1.419933 0.999857
-0.667837 1.365966 1.043395
-0.012456 1.262098 1.685548
1.281949 1.178855 1.695680
0.658766 -0.147102 1.658399
1.299792 -0.073082 1.607305
1.365215 -0.035339 1.562908
1.430981 -0.064412 1.530005
1.451512 -0.079355 3.404332
0.132123 1.829144 3.380825
-1.149991 1.865847 3.375609
-0.498038 1.831963 3.382335
-1.100842 1.144384 2.100132
-1.062296 1.154133 2.089885
-1.069592 1.227211 2.066655
-1.131969 1.283181 2.048442
-1.183570 1.918791 1.444753
-1.196684 1.867131 1.459606
-0.564607 1.860324 1.458971
0.689804 1.884770 1.446515
0.628604 1.221361 1.435347
-0.029512 0.535849 1.426357
0.003109 0.473460 1.424128
0.057351 0.475044 1.475016
1.295175 0.530271 1.467494
1.284287 0.515915 1.467978
0.649573 -0.155308 1.481281
1.880960 -0.176793 1.489742
1.901841 0.470550 1.473086
1.921171 0.487956 1.452890
1.290854 0.444116 1.456583
1.911981 0.987569 2.123803
1.989405 0.969880 2.762446
1.487599 1.020674 3.409398
2.752276 0.426902 3.444364
2.753399 -0.214868 3.499254
2.144694 0.407265 3.567918
2.183679 0.430753 3.623246
0.979998 0.482084 3.003835
0.961771 0.501132 2.996475
0.915402 0.449756 2.341656
0.888899 -0.221488 2.318750
0.914975 -0.201000 2.293043
0.309869 0.531452 2.251104
0.282857 0.606685 2.858555
0.242166 -0.591755 2.801813
0.228636 -0.614851 4.061655
0.249934 -0.588959 4.028145
0.262376 0.099497 4.036000
0.229226 0.146883 4.055749
0.810135 -0.511849 2.821765
0.788808 -0.577190 2.773487
0.820584 -0.582610 3.324713
0.862417 -0.524862 3.346504
0.273843 -1.108629 2.777582
0.269882 -0.536558 2.809652
0.261052 -1.206014 2.802710
0.870520 -0.549666 2.806230
0.872299 0.817984 3.479799
0.865144 -0.499965 3.520737
0.840296 -1.144091 3.519724
0.811600 -2.432255 3.463511
0.791449 -1.778621 2.754723
0.785704 -1.120996 2.745207
0.786168 -1.716871 2.767945
0.770265 -0.464631 2.771253
0.091158 0.162316 2.738581
0.055714 1.531723 2.705707
-0.561092 1.525141 1.528209
-0.577869 2.754179 0.929847
-1.215108 2.735500 0.947722
-1.808590 2.719403 1.574746
-1.795141 3.295767 2.164944
-1.812343 3.288315 2.159246
-1.854045 3.282185 1.535346
-1.217086 3.282754 1.619348
-1.897789 3.294685 1.662487
-1.893253 3.309999 1.647581
-1.910254 3.312672 1.630528
-1.947198 2.641291 1.672033
-1.979428 1.959543 0.459392
-1.976330 1.949700 0.474905
-1.335236 1.968439 0.405395
-1.317692 1.984582 0.342966
-1.344986 1.985646 0.365091
-0.755908 1.984491 0.428214
-0.115981 1.307765 0.426716
-0.058269 0.742594 0.333965
-0.020096 1.456810 0.905983
-0.675132 1.441595 1.528288
-1.304893 0.789527 1.562595
-1.290021 0.812283 2.797945
-1.236129 0.820837 2.713971
-1.199457 0.827431 2.654428
-1.220414 0.185450 2.013236
-1.260751 0.830789 1.443018
-1.275906 0.838895 2.097931
-1.260814 0.806016 2.727851
-1.264005 0.734826 2.713375
-1.303563 0.666923 2.753811
-1.322132 1.805418 2.779672
-1.312800 2.409619 1.505318
-1.300906 2.381713 1.438942
-1.317929 1.713540 1.396313
-0.698979 1.719964 0.755026
0.527859 2.381269 1.442567
1.184080 2.391773 0.866751
0.586264 1.776072 0.263455
-0.104722 1.785581 0.272028
0.526008 1.798745 -0.304954
0.537852 1.795628 0.430238
0.541785 1.185343 0.461310
0.515398 1.207188 0.437543
0.499264 1.237915 0.385602
0.549048 1.231808 0.374195
0.634406 1.199469 0.411139
0.665968 1.182961 -0.209976
1.256964 1.768757 -0.227069
0.624044 2.365777 -0.878207
0.667159 2.315888 -0.295575
1.327329 1.635108 -0.294403
0.609749 2.751873 -0.307077
0.502827 2.757727 -0.351577
1.742656 2.765850 0.217303
3.067852 2.742704 0.173634
3.140550 2.713180 0.781151
2.509389 2.697415 0.136897
2.486490 2.673646 0.160680
2.537911 3.258702 0.196659
2.628203 3.212360 0.224075
2.657001 1.268814 0.212401
1.974699 1.320084 0.830767
1.899337 1.949493 0.830530
1.894440 1.930452 -0.426014
1.931655 1.922410 -0.401003
1.942443 1.966314 -0.415135
1.901671 2.021739 -0.452354
2.512535 0.893270 -0.463483
2.548274 0.858390 -0.429821
1.305216 2.106414 -0.398200
1.307128 1.480442 -0.410207
0.600117 1.491503 -0.435113
0.542144 1.486110 -0.423482
0.534829 1.469658 -0.378392
0.549484 0.836042 -0.363113
-0.092367 0.259432 -0.398535
-0.144684 0.310759 -0.443492
-0.185403 0.951258 -1.051589
-0.187616 0.919788 -0.996612
0.458880 0.883807 -0.363715
0.451492 0.858832 -0.404068
-0.231713 0.835537 -0.451377
0.353698 0.811943 -0.437170
0.346125 0.799297 -0.385149
0.383057 0.178328 0.226500
0.412052 0.195389 0.166137
0.416751 0.187000 0.110005
1.053626 0.145462 -0.485979
1.069020 0.099874 -0.407505
1.098560 0.063198 -0.378707
1.117713 0.034891 -0.429315
1.697622 1.312588 -0.500725
1.026578 1.908300 -0.500126
1.014827 1.892355 -0.456730
1.033976 1.916886 -0.471825
1.080263 2.582258 -0.562652
2.400966 2.577899 -0.641508
2.461043 2.557123 -0.625002
3.116356 2.550005 0.027387
3.711794 2.566756 -1.217535
3.033386 2.572297 -0.046189
2.403392 2.545123 -0.096005
2.367321 2.514414 -1.213212
2.274628 2.524365 -1.188510
2.183266 3.246511 -1.217197
1.561355 3.314464 -1.326291
2.903976 3.357093 -1.425135
2.925015 2.695496 -0.136494
2.897531 2.694540 -0.055860
2.875752 2.728566 0.633598
2.899391 2.742226 0.033008
2.920140 2.769433 0.052685
1.655885 2.790250 -0.527278
1.575941 2.800606 -0.461584
1.569922 2.812245 -0.471976
1.642851 2.844574 -0.545071
0.460392 1.658381 -0.583672
-0.158476 1.676658 -0.543758
-0.164055 1.655216 -0.468636
-0.126577 1.614631 0.181221
-0.068566 2.212178 0.175207
0.544370 2.207021 0.172268
0.466680 2.183418 0.194335
0.393172 2.140585 0.205742
0.377332 2.105527 1.393241
0.394538 2.124285 1.324820
0.386785 2.174708 1.288114
0.360489 2.198297 1.300502
0.362468 2.180224 1.323651
0.386569 1.543578 1.319425
0.378649 1.553777 1.991573
0.316394 1.569363 1.993294
0.239419 1.561102 2.014024
0.179791 1.528068 2.026943
-0.501374 1.506405 2.006840
-0.539224 1.541103 1.974025
-0.568854 1.595426 1.970471
-0.572774 1.621996 2.001859
-0.553853 1.588337 2.027146
-1.178354 2.165114 2.034270
0.155121 2.147838 1.417191
0.147608 2.145116 0.834807
0.795663 2.116383 1.454882
0.817446 1.400222 0.786608
1.446111 1.362373 0.760029
1.462688 1.389087 -0.573249
1.468801 2.106887 -0.616412
1.489105 2.138582 -0.640653
1.533727 2.149987 -0.650488
1.579826 2.151542 -0.649524
0.246776 1.552550 -0.657562
0.237053 1.539880 -0.677561
0.870138 1.538417 -0.689728
0.885340 0.901142 -0.695704
0.891784 0.927792 -0.715202
0.249940 0.972937 -0.155054
0.278739 0.350802 -0.210424
-0.285824 0.404591 -0.227551
-0.873371 0.445791 -0.198360
-0.839858 0.441472 -0.146354
-0.165033 0.398946 -0.116534
-0.197269 0.360441 0.542725
-0.194581 0.349578 0.554667
-0.206240 0.350282 0.580785
-0.826375 0.946859 0.596272
-1.487061 0.182826 -0.040296
-1.468645 0.138515 -0.067652
-1.450877 -0.464814 -0.058183
-1.438916 -0.441017 0.001369
-2.043846 -0.449252 0.054802
-2.056374 -0.496586 -1.222022
-2.076592 -0.537081 -1.230051
-0.837431 0.138322 -1.219183
-0.222078 0.160646 -0.561658
0.332642 0.153122 0.590649
0.274100 -0.552512 0.547667
0.245856 0.061260 -0.120312
0.249466 -0.588585 -0.104097
0.264962 -0.566468 -0.077110
0.886646 -0.559032 -0.043208
0.873133 -0.588024 -0.007107
0.864737 0.605899 -0.571567
0.227193 0.589497 -1.184336
0.207230 0.583577 -1.188105
0.189530 0.575967 -1.788156
0.829551 0.584139 -3.689840
2.080346 0.609023 -3.666279
2.152364 0.012287 -3.654745
2.193322 0.055597 -3.030853
2.198175 0.729390 -3.025180
1.564116 0.106586 -2.422033
0.931099 0.083221 -1.755060
0.951841 0.058479 -1.761538
1.580855 0.031930 -1.790267
0.926382 0.030006 -1.811280
0.254515 0.062137 -1.800988
0.967632 0.098825 -1.785281
1.060356 0.125622 -1.790572
1.133678 0.147699 -1.808575
1.179467 0.157611 -1.810560
1.202932 0.144910 -1.782652
0.573004 0.134045 -1.742739
-0.089547 -1.145005 -1.719605
1.162217 -1.143296 -1.720702
2.405992 -1.119431 -1.722351
2.413385 -1.124814 -1.702480
2.419634 -1.146890 -1.665384
1.156929 -1.133796 -1.628121
1.139082 -1.085136 -1.595367
1.117238 -1.077896 -1.567928
1.118051 -1.147721 -1.538004
1.143789 -0.587284 -1.520637
0.531525 -0.638941 -2.824269
0.506315 -0.645280 -2.215915
-1.395883 -0.658707 -2.216405
-2.005327 -1.355491 -2.872711
-2.599223 -1.368734 -2.929071
-2.564346 -1.293864 -2.976607
-1.949162 -1.177866 -2.355197
-1.974535 -1.115208 -2.365575
-2.004484 -1.126095 -2.374678
-1.347980 -1.148120 -2.385413
-1.336726 -1.123705 -2.393370
-0.710552 -1.079236 -2.397731
-0.790799 -1.066580 -2.388943
-1.478989 -1.099498 -2.387228
-1.511140 -1.122226 -2.400421
-1.539414 -1.103671 -2.421974
-1.606683 0.157170 -2.458243
-1.007489 0.717164 -2.462207
-0.422829 1.310949 -1.824740
0.184881 1.302756 -1.822630
0.166978 1.313742 -1.152401
0.140683 1.293529 -1.142959
0.738907 1.246661 -1.146383
3.303889 1.216285 -1.791983
3.324156 1.235181 -1.805030
2.133891 1.259184 -1.179583
1.478989 1.241849 -1.150801
1.506968 0.037144 0.238185
2.185344 0.064639 0.266605
0.888138 0.144124 0.282062
0.855138 0.216926 -0.961075
0.183653 1.481061 -0.937425
0.202209 1.445360 -1.578469
0.865492 1.432902 -1.611115
0.861827 1.464437 -0.974487
0.846121 1.502909 -0.940041
-0.432657 1.502286 -0.931960
-0.991307 0.839276 -0.953664
0.277865 0.833247 -1.599059
0.911849 0.858262 -1.563484
0.883780 0.859908 -1.532948
0.895911 0.789377 -1.565279
0.317589 0.672786 -1.629844
0.335754 0.576213 -1.662407
0.346013 0.549870 -1.029122
-0.225751 0.561725 -1.033957
-0.862412 1.881384 -1.070041
-0.840317 1.840002 -1.087280
-0.827628 1.817900 -1.076488
-0.204717 2.440814 -0.451256
-0.208391 2.447606 -1.092908
0.417185 2.445571 -1.811111
-0.134147 2.454321 -1.816794
0.550855 2.489872 -1.790077
0.551737 2.544243 -1.769545
0.541694 2.582963 -1.789363
0.540876 2.595915 -0.595839
0.539578 2.005244 0.661145
1.769895 2.074068 0.142369
1.727014 2.125472 0.278917
1.665482 2.123741 0.843597
2.232834 2.091836 0.838012
2.249496 2.076071 0.840418
2.279350 2.084335 2.136246
2.266267 2.076068 2.752402
1.574469 2.615150 2.724214
1.560537 1.944546 2.083125
1.582866 1.925573 2.129469
1.608972 1.952448 1.514842
1.596612 2.609185 1.507482
1.583479 3.201202 0.859109
1.615743 3.771975 0.185597
1.696661 3.790018 0.817846
1.770668 3.838259 0.747604
1.138611 3.848108 0.682706
1.158261 3.828632 1.253583
-0.038893 3.853234 1.215875
0.016595 2.678338 1.208612
0.044033 2.760120 1.216829
-0.615627 2.778770 0.574740
-0.634373 2.766400 -0.088013
-0.641057 2.779147 -0.046354
-0.635050 2.827118 0.557218
-1.319136 2.862124 -0.031939
-0.685296 3.487885 0.611020
-0.061772 3.506831 1.287730
-0.072715 3.535803 1.304034
0.512403 4.160685 1.351721
0.500786 4.140842 1.411854
-0.155858 4.114664 1.445945
1.071626 4.092413 1.433556
1.044680 4.080750 1.404801
1.656405 4.686870 0.175990
2.311486 5.320444 0.847309
1.686497 5.324098 -0.440499
1.671211 5.335868 -0.450959
1.652613 5.341281 -0.455041
0.319307 4.716313 -1.021145
-0.340378 4.687793 -0.991024
-0.379661 4.669227 -0.988167
-0.372615 4.669111 -1.028279
-0.328941 4.678781 -1.072373
-0.288164 4.070992 -1.680411
-2.187163 4.052467 -1.662568
-2.793894 3.405172 -1.671960
-2.735069 3.439536 -1.715077
-2.669569 2.214853 -1.741027
-3.874915 1.511420 -1.713428
-3.899863 1.465629 -1.653932
-2.113566 1.468538 -1.648273
-1.476560 0.874404 -1.065763
-1.428271 0.868496 -1.110422
-2.022484 0.836505 -1.099018
-2.057112 1.402807 -1.065460
-2.045240 1.493991 -0.452909
-1.973156 2.162126 -1.078854
-1.277288 2.159929 -1.051779
-1.305011 1.487886 0.227611
-0.732886 1.432138 0.281769
-0.730356 1.408248 -0.356768
-0.086754 1.409161 -0.413573
-0.106006 1.406961 -0.440140
-0.775638 2.681760 -0.411349
-0.801784 2.647941 -0.388269
-0.747358 2.662266 -0.428197
-0.086005 2.712628 0.164907
-0.121103 2.739806 0.179102
-0.211573 2.702667 1.483575
-0.916827 2.651406 0.903528
0.384050 2.645855 0.247531
-0.257595 2.062862 0.196531
-0.353904 2.061825 0.160626
-0.455378 2.023005 0.147911
-0.479660 1.338425 0.096595
0.245961 0.818176 0.587863
2.731248 2.122809 0.485139
2.658135 2.149078 0.483524
2.560344 1.468484 1.780131
3.185916 0.776030 2.479962
2.041837 0.201051 1.850003
2.120717 0.851818 2.470084
1.502923 0.870720 1.833949
1.486447 1.450350 1.161814
1.542260 0.806225 1.089810
1.005959 0.823028 1.031315
1.691166 1.506755 1.006263
1.651320 1.526799 1.041250
1.604624 0.845781 1.092247
1.621579 0.781285 1.150869
1.660238 1.381788 0.544561
1.638367 1.396481 -0.060204
1.574808 1.423426 -0.030060
0.943399 2.056698 -0.060883
0.987504 2.672060 -0.148254
-0.215515 2.674426 1.050493
-0.226685 3.377527 1.051634
0.387797 2.763376 1.092523
1.041995 2.832506 0.494814
0.446279 2.837694 0.515716
0.464430 2.838870 0.554043
0.434865 2.847336 0.630085
1.018582 2.872332 1.330119
1.615611 1.647877 1.362479
1.631523 1.654874 0.661502
1.642165 2.263736 1.257723
1.626184 2.242926 1.272206
1.607765 1.643321 1.358147
1.613402 1.658949 0.800250
-0.936512 2.271214 0.186111
-0.975741 1.620731 0.229344
-0.999206 1.619095 0.311674
-1.007687 1.003047 0.383705
-0.358694 1.027597 -0.303320
0.240891 1.022233 -0.369381
-0.378324 1.607537 -0.425831
-0.356613 1.592431 -1.066325
0.208272 1.610075 -0.379164
-0.447380 2.268048 -0.345946
-0.475559 2.265434 -0.973424
-0.484191 1.635940 -1.563054
-0.475810 0.966906 -1.543846
-0.464771 1.620795 -1.514801
-1.065651 1.003558 -1.515257
-1.066934 1.016345 -1.590249
-1.045764 1.010652 -1.694427
-1.027661 1.014567 -1.767648
-1.029369 1.043840 -1.787227
-1.035081 1.070760 -1.771796
-0.390007 -0.344643 -1.111683
-0.364085 -0.357738 -0.480717
-0.353313 0.991397 -0.480442
-0.362800 0.982122 -0.467986
-0.371130 0.969466 -1.100877
-0.369027 -0.304843 -1.761854
-0.363697 -1.659448 -1.165468
-0.957638 -1.599214 -0.579721
-0.927475 -0.938354 0.087192
-0.267917 -0.275742 0.093070
-0.223857 -0.871229 -1.138063
-0.783430 -1.483072 -0.454380
-0.733263 -0.860034 -0.431487
-0.703984 -0.864691 -0.435237
-0.695458 -0.893358 -1.099899
-0.700015 -0.915056 -2.374934
-0.716047 -0.911892 -2.388838
0.526124 -0.887537 -1.785971
0.499031 -0.856400 -1.813882
0.440325 -0.840909 -2.448346
0.380447 -0.849454 -2.403333
0.347790 -0.865201 -2.340056
0.336537 -0.267588 -2.934454
0.963191 -0.285634 -2.960201
0.939084 -0.314274 -2.961375
0.927697 -0.994217 -2.277183
0.950415 -1.004108 -1.592724
0.989026 -0.985118 -1.636058
1.000198 -0.952521 -1.684037
0.981576 -0.938287 -1.645903
0.960949 -0.946059 -1.535230
2.197346 -0.949509 -1.449871
2.219088 -0.950598 -1.466528
0.367090 -0.958661 -1.525106
0.360714 -0.982592 -2.200361
0.308069 -1.007218 -1.508590
0.290968 -1.006143 -1.543030
-0.299511 -0.975558 -2.359923
-0.876247 -0.927915 -3.027554
-0.245869 -0.906283 -2.349716
-0.298169 -0.918670 -2.245388
0.916886 -0.927453 -2.853489
0.338350 -0.908419 -2.924513
0.349744 -0.870425 -2.947305
0.313153 -0.856243 -2.875828
0.285825 -0.862934 -2.148224
0.324366 -0.244739 -2.218901
0.398376 -0.179105 -2.336255
-0.225041 -0.092528 -2.355533
-0.241510 0.598693 -2.273124
0.323653 0.578824 -2.237940
0.330265 0.549950 -2.310186
0.360668 0.545294 -2.399427
0.352224 0.542860 -3.077629
0.309978 1.123643 -3.035606
0.298351 1.069179 -3.066602
0.953888 1.017275 -3.836346
0.504055 1.007478 -3.929276
0.522946 1.029298 -3.242348
0.507729 0.434190 -1.882754
0.519563 0.998686 -1.250471
-0.658499 0.978807 -1.301752
-0.610292 0.997508 0.028449
-0.699686 0.385003 -1.174401
-0.085481 0.382377 -1.101882
-0.132050 0.927363 -1.100493
-0.155996 0.918475 -1.148172
0.423887 0.966766 -1.149680
0.366643 1.028918 -1.097638
0.320055 1.056808 -0.405670
-0.299724 1.065904 -1.658211
-0.264473 1.100592 -0.358359
-0.889168 0.506003 -0.349753
-0.934667 0.524569 -0.353175
-0.961329 0.489503 -0.402331
-0.941881 0.435518 -0.474611
-0.918891 0.413612 -0.533788
-0.913319 0.435887 -0.586427
-0.918852 0.453671 -0.653017
-0.892300 0.436682 -1.293561
-0.821259 0.409497 -0.664087
-0.767295 1.041312 -0.613326
-0.769221 1.054478 -0.562978
-0.810876 1.654701 -0.549137
-0.840612 0.964550 -1.208402
-0.845487 1.541331 -1.188707
0.330227 1.519376 -1.158768
0.281217 1.515152 -1.165273
0.226011 1.494769 -1.204058
0.221725 0.860149 0.061003
0.255439 0.873538 0.069645
0.256085 0.917445 0.095514
0.210594 0.934844 0.108654
0.152946 0.902108 -0.510394
0.131472 0.854729 -1.818166
0.145077 0.845484 -2.511845
0.155462 0.864958 -2.533278
0.137040 0.852355 -2.545301
0.101759 0.825007 -2.565612
0.100809 0.205265 -1.971495
0.142686 0.285894 -3.259114
0.188754 0.375485 -3.253545
0.206714 0.398632 -3.220349
0.183578 0.360441 -3.165268
0.152986 0.324887 -3.140428
0.161621 0.341250 -3.810481
0.200927 0.380124 -4.436796
0.223427 0.393974 -3.806062
0.191667 0.389508 -3.791566
0.150014 0.409057 -3.170204
0.166441 0.475027 -3.172441
0.234113 0.545504 -3.799107
0.291244 0.555055 -3.798018
0.273518 0.496131 -3.794948
0.851185 0.444612 -3.795644
0.873796 0.446403 -3.805265
0.948689 0.461774 -3.831536
0.387286 -0.221994 -4.503747
0.372775 1.081277 -3.906773
0.942079 1.065889 -3.908033
0.365460 0.476135 -3.914853
0.429221 0.475346 -3.940650
0.463101 1.102200 -3.964139
1.055200 1.671862 -4.556559
0.371699 1.642277 -3.854282
1.619226 1.630724 -3.825246
1.016794 1.608460 -3.844413
1.645719 1.572654 -3.863168
0.995080 2.165377 -3.826915
0.325993 1.511624 -2.474714
0.299519 1.526339 -1.779032
0.917370 1.537852 -1.737754
0.916679 2.176224 -1.687184
0.880011 2.216070 -1.592922
0.852012 2.259561 -1.499137
1.493430 2.282465 -1.500391
1.543371 2.883972 -2.241193
1.573477 2.903428 -2.311828
1.576205 2.936560 -2.951901
0.917559 2.389622 -2.246024
0.891571 2.405690 -2.873865
0.323956 2.409337 -2.908103
-0.254065 1.789347 -2.248191
-0.240453 1.766230 -2.177312
-0.896857 2.984655 -2.075076
-0.894120 2.937986 -0.772083
-0.265089 2.953863 -0.126243
-0.225090 2.994340 -0.165624
-0.179565 2.982855 -0.178811
0.425299 2.916265 -0.171607
0.421019 2.863904 -0.161022
0.385658 2.865937 -0.148503
0.370383 2.893489 -0.142621
1.031084 2.896006 -0.123980
1.025158 2.874986 -0.113075
1.571660 2.883424 -0.126807
0.854556 2.950040 -0.175559
1.444788 3.017818 -1.526784
1.463574 3.031455 -2.187649
2.148388 3.010976 -2.212271
3.381975 4.235285 -1.040691
3.324075 4.293423 0.204896
3.303794 4.328892 0.178731
3.343356 4.301421 0.201719
3.413508 4.255626 -0.357956
3.472188 4.252344 -0.312302
3.504153 4.906059 -0.340362
3.531467 4.904310 -0.372722
2.916825 4.860801 -0.350746
2.949649 4.813809 -0.289699
2.945112 5.392357 -0.246036
2.919761 5.410587 -0.882913
2.265816 5.429572 -0.218835
2.237851 5.433176 0.423900
2.197654 5.422262 0.459668
2.795884 5.413867 -0.148544
2.757382 5.418228 -0.217389
2.737164 4.804804 -0.290062
2.739534 4.228384 -0.323744
2.720302 4.859500 -0.962794
2.117077 4.242596 -0.353783
2.130501 3.631545 -0.389324
2.737216 3.699947 -1.588026
2.764460 3.745025 -1.547895
3.372826 3.736467 -1.519201
2.757822 3.706078 -2.740629
3.383802 3.705041 -3.409144
3.422759 3.738478 -3.428477
2.800027 3.754395 -3.409605
2.199428 3.702605 -2.802108
2.782736 4.285556 -2.825855
2.801871 4.285010 -2.816230
3.453578 4.313232 -2.749594
3.494747 3.725306 -2.664930
3.493060 3.705588 -2.612317
3.469726 2.389766 -2.584574
3.459409 2.385608 -2.528760
2.841719 2.383113 -2.456980
2.865061 2.389039 -1.790181
2.223581 2.395251 -2.464366
1.565756 1.763159 -2.502514
1.541362 1.194236 -2.505803
2.141925 1.207834 -1.837689
2.121651 0.604865 -1.855548
1.493592 1.236674 -1.277102
1.438497 1.198001 -1.961724
1.394731 1.766176 -1.940956
1.997916 1.118226 -1.423486
0.758423 1.698294 -0.880469
0.129260 1.688349 -0.319222
0.739354 1.695826 0.303687
0.745334 1.711812 0.286699
0.790587 3.022554 -0.364395
0.826353 3.012474 0.229760
1.438958 3.009786 -0.375662
2.005322 3.023702 -0.303433
2.606551 3.033237 -0.898216
2.611224 3.602283 -0.860769
2.608142 3.588235 -0.809503
2.571654 3.586171 -2.075601
1.872591 4.235578 -1.405619
1.877631 4.258954 -1.384247
2.576399 4.284842 -1.388465
2.599218 4.303215 -1.383094
2.605211 4.314805 -0.057489
1.970337 4.319911 -1.332810
1.980541 3.693178 -1.968771
2.012406 3.059752 -1.333753
2.070999 3.089179 -0.726272
2.137901 3.091761 -0.708666
2.175361 3.059429 -0.699163
2.186880 3.045296 -0.063937
2.206064 3.707753 -0.062953
2.255797 3.743069 -0.079100
2.294106 3.729991 -0.716548
2.254337 3.678547 -0.715067
1.517524 3.649662 -0.074380
0.801377 3.662314 -0.096083
1.453913 3.677172 -0.122681
1.479362 3.655817 0.509604
0.808743 3.628233 0.532735
1.418461 3.634215 -0.098110
1.405170 3.665067 -0.121212
1.449500 3.674858 0.477809
1.482427 3.641655 0.467656
1.445198 4.199601 0.478311
1.369061 4.197674 0.478375
1.334231 4.209919 0.486992
1.379574 3.614954 -0.768902
1.452875 3.577225 -0.783168
1.481358 3.561206 0.448769
1.475002 3.586788 0.435108
1.484567 3.622834 -0.164334
2.164974 3.612727 -0.793912
2.197298 3.562487 1.031312
2.157324 3.531795 1.654749
2.076522 3.553043 1.676216
2.019842 3.589881 1.709452
2.025371 3.590915 1.697463
2.058168 3.572883 1.665387
1.415251 3.575642 2.294977
1.440140 3.620753 4.101426
1.487564 3.653739 4.103450
1.552830 3.604966 3.498426
1.597591 2.834993 3.488034
0.976850 2.745322 3.457437
0.966839 2.742504 1.583251
0.297700 3.416500 1.615930
0.275423 3.394924 2.245194
0.265776 3.344040 2.241294
0.929432 3.321023 2.212368
0.303195 3.362579 0.942708
-0.380882 3.414187 1.601119
-0.422340 2.823031 1.663444
-0.467598 2.774599 1.672822
-0.483370 2.120196 1.646465
-0.491348 2.201969 0.432354
-0.538072 2.248096 1.105730
0.638808 2.237214 1.208890
0.608501 2.211841 0.584915
0.639461 2.230160 0.000344
1.354162 2.282309 -0.044609
1.365859 2.300856 1.210141
1.350310 3.459196 1.855762
0.733275 3.436967 1.828115
0.750155 2.231090 1.164463
0.742418 2.262124 1.151179
0.705518 2.904033 1.794912
1.374522 2.892705 1.828243
1.419303 2.915075 1.806358
1.496574 2.328185 1.752301
1.543728 2.365534 1.738521
1.540368 2.356983 1.777223
1.523540 2.954097 1.817054
1.455280 2.957494 1.176331
1.458393 2.961260 1.138207
0.809269 2.937808 1.130203
0.761792 3.513713 1.772772
0.743319 3.490686 2.426889
0.773176 3.480625 2.400226
