-0.266960 -0.545370 0.560963
-1.561925 -0.615430 0.551509
-1.633194 -1.284719 1.103764
-1.716978 -1.881161 1.735002
-1.079156 -1.902173 1.809481
-1.722210 -2.585899 1.853213
-1.078684 -2.627975 1.810570
-1.110567 -2.611602 1.749779
-1.192848 -1.982241 1.776065
-1.248602 -2.596103 1.848053
-1.865228 -2.626281 1.850742
-1.823156 -1.358916 0.501681
-1.186566 -1.335944 0.417188
-0.532203 -1.982728 0.418653
-0.540726 -0.658450 0.462450
0.776406 0.684909 1.074067
0.817785 -0.006821 0.345645
2.020055 -0.671890 0.279389
1.349071 -0.636573 1.578093
0.713929 -0.573172 1.617121
-0.447165 -0.531665 1.582259
0.261537 -1.168681 0.855397
0.199842 -2.386244 0.822348
0.106092 -2.407042 1.507577
0.711970 -1.683597 1.571447
0.775819 -0.417134 1.585452
0.178544 -1.089173 0.889319
-0.526796 -1.102580 0.889766
-0.588038 -1.098961 1.574720
-0.574539 -1.087333 0.990267
-0.470861 -1.162832 0.346205
-0.413939 -1.156929 0.298284
-0.451924 -0.510383 0.291238
-0.503989 -0.528137 0.339072
-1.065582 0.098645 0.392623
-0.354827 0.082968 0.391723
0.326203 0.084863 0.361946
0.966705 -0.534429 -0.240329
0.932551 -0.558520 -0.186218
0.989627 -0.595089 0.470813
2.347369 -1.230078 -0.817348
2.324490 -1.208317 -0.864637
2.899336 -1.163870 -0.852049
2.182089 0.720800 -1.424118
2.130098 0.725323 -1.353734
2.085495 0.124569 -1.371640
2.727643 0.744415 -1.398400
2.713391 0.824341 -1.386127
1.397915 1.494741 -1.339125
0.706270 0.859146 -0.675278
0.652702 1.468536 -0.686102
1.250387 0.839268 -0.720398
1.219527 0.863502 -0.140315
1.885413 0.231942 -0.130838
1.224901 0.184976 -0.111760
1.202747 -1.177456 -0.114772
1.197552 -1.143795 -0.126391
0.573713 -0.439672 -0.178370
0.642588 -0.405789 0.455809
0.079516 -0.469519 0.468785
0.051946 -0.560181 0.469836
0.020038 -1.209659 -0.808387
0.701060 -1.165535 -0.194203
0.135222 -1.158995 -0.224432
-0.545519 -0.571663 -0.248985
0.003194 -0.605750 -0.257285
-0.100685 -0.578391 -0.259096
-0.155003 -0.463557 -0.271292
-0.116770 -0.414001 -0.925159
0.525652 -0.487696 -1.546445
-0.155406 -0.592881 -0.883374
-0.192975 -0.616775 -0.854064
-0.174884 -0.575877 -0.852414
-0.138769 -0.558520 -0.886533
1.695767 -0.610911 -0.914941
1.614183 -0.667871 -0.906125
1.575994 -0.652930 -0.878846
1.620707 -0.600167 -0.864762
1.678636 -0.583320 -0.272364
1.673514 0.010145 -0.293730
0.976504 -0.006185 -0.270623
-0.233827 -0.592875 0.401040
-0.207521 -0.538524 0.433749
-0.187907 -0.516257 0.399332
0.431012 -0.542085 -0.270863
0.400502 -0.533548 -0.258945
0.390546 -0.504850 -0.221641
0.414011 0.198296 -0.213620
0.436884 0.212712 -0.238239
0.437511 -0.480452 -0.235553
0.428591 -1.081571 -0.185414
-0.877764 -1.036959 -0.141632
-1.487428 -0.980963 -0.153561
-1.504115 -1.612785 -0.206025
-1.551964 -1.661495 -0.233472
-2.228859 -1.045425 -0.220980
-2.226926 -1.036582 -0.214418
-2.207003 -1.599179 -0.244658
-2.192928 -1.616758 -0.284465
-2.180069 -1.671220 -0.281867
-2.156010 -1.704263 -0.250854
-2.107191 -1.079123 -0.235477
-2.060371 -1.069304 -1.463437
-1.418442 -1.097578 -0.849380
-1.403193 -1.144466 -0.841155
-2.017890 -1.164233 -0.820757
-1.989922 -1.139498 -0.817729
-1.956389 -1.096494 -0.841695
-1.931688 -1.077604 -0.856622
-1.936167 -1.642945 -0.845445
-1.311286 -1.637987 -1.466885
-0.648889 -1.629534 -1.504237
-0.618227 -1.581247 -1.567256
0.037374 -1.518830 -1.614008
-0.015451 -0.863820 -2.268039
-0.745867 -0.869400 -2.282353
-1.409472 0.372975 -1.108149
-0.739635 0.443923 -1.128102
-0.742751 0.466984 -1.118233
-1.463994 0.414891 -1.087639
-1.501724 0.361840 -1.066682
-1.486063 0.382132 -1.085772
-1.439084 0.445619 -1.124578
-1.422506 0.456870 -1.134578
-1.465604 0.399783 -1.123801
-1.502425 0.967664 -1.125882
-1.496371 0.984185 -1.148179
-1.459212 1.044417 -1.158301
-1.440778 1.047565 -1.134645
-1.459284 0.350831 0.088930
-1.462936 0.306811 0.100674
-1.426933 0.340928 0.064606
-1.370354 0.389690 0.664332
-1.345997 0.350370 0.709624
-2.001386 0.245453 0.761841
-2.001879 0.176764 1.411563
-1.980730 0.205590 1.399558
-1.331657 0.248231 1.400933
-1.373204 0.209436 0.775626
-1.404410 0.133379 0.787030
-1.403650 0.115006 0.771839
-1.393544 -0.494650 0.731134
-1.404837 -0.465914 0.697392
-1.437468 -0.517920 0.055204
-1.440310 -0.586839 0.724877
-1.397490 0.059449 0.760540
-1.325508 -1.041676 0.794900
-1.268549 -1.678853 0.809623
-1.250968 -1.727690 0.804451
-1.254038 -1.754551 0.805745
-1.254601 -1.704431 0.828791
-1.243990 -1.642352 1.513561
-1.258766 -0.981444 1.512060
-1.964736 -1.037992 1.493138
-2.011993 -0.482121 1.499849
-0.731075 0.191180 1.543221
-0.744152 0.183715 1.579829
-0.759649 0.119887 1.572433
-0.778680 1.285115 1.491337
-0.790929 1.205506 1.481169
-0.786136 1.763448 1.484870
-1.390258 1.746228 1.470857
-1.414931 1.716303 2.031559
-1.474601 1.728508 1.970193
-1.527108 1.030991 1.968305
-1.517654 1.041561 2.018077
-1.473080 1.073238 2.059569
-1.463324 0.461544 2.061995
-1.480168 0.482920 0.777979
-1.478224 0.513748 0.806817
-1.425480 0.550257 0.869863
-1.398265 0.578725 0.902172
-0.731370 0.587546 0.275450
-0.173263 0.603309 0.253733
0.401088 1.289110 0.266434
-0.815473 1.324377 0.306900
0.560347 1.366836 0.319431
0.492831 1.411768 0.296615
-0.271411 0.783949 -0.346369
-0.325631 0.782799 -0.346899
-0.306133 0.786002 -0.345256
-0.281531 0.192081 -0.362867
-0.951745 0.199014 -0.391432
-1.004562 0.817021 -0.399740
-0.336541 0.776064 -0.369724
-0.222670 0.762845 -0.322283
1.136405 0.783657 -0.292788
1.146147 0.804810 -0.975651
1.773640 0.132517 -0.979467
1.830937 0.762914 -0.936582
1.943654 0.112403 -0.862966
2.664494 -1.112680 -0.819851
2.676719 -0.483117 -0.829895
2.687973 0.190422 -2.097644
0.839222 -0.464060 -1.365979
0.861967 0.247939 -1.301988
0.804379 0.289512 -0.640827
0.691494 0.947152 -1.309589
-0.039802 0.347924 -0.699367
-0.041844 0.343405 -0.695906
0.601534 1.014350 -0.690313
0.603806 0.274726 -0.729738
1.236965 0.239681 -1.405319
1.275385 0.203741 -1.421354
1.348101 0.159684 -1.373464
0.740105 0.811309 -1.998831
0.073421 0.787829 -2.646445
0.623873 0.788109 -2.683066
-1.401685 0.789111 -2.682835
-1.394259 0.778478 -2.677354
-1.347479 0.736845 -2.720174
-0.698076 0.683483 -2.818469
-0.731155 -0.004761 -2.884704
-0.752773 -0.011289 -1.598810
-0.710822 -0.016523 -1.574880
-0.664934 -0.029679 -0.328946
-0.077147 -0.047767 -0.357313
-0.192134 -0.050119 -0.350247
-0.265783 -0.013248 0.354791
-0.244582 0.036046 0.372012
1.076090 0.039376 0.344877
1.715817 -0.005968 0.322691
1.663314 -0.729221 0.342087
-0.226431 -0.018288 0.390804
-0.182973 0.667552 0.415475
-0.138437 0.692610 0.404254
0.456008 -0.580778 0.401769
0.402103 -0.594146 1.072864
0.388417 0.064563 1.089740
1.065348 0.101181 1.066422
1.741694 -0.544272 0.375005
1.777013 -0.595738 -0.312542
1.197310 0.006500 -0.318341
0.573566 0.630582 -0.326660
1.208181 0.654653 -0.365378
1.200109 0.026920 -0.418071
1.183993 -0.670074 0.206724
1.177581 -0.712414 0.191294
-0.792650 -0.058753 -1.126673
-0.088102 0.624642 -1.090561
-0.073747 0.648954 -0.437932
-0.084527 0.575247 -0.478672
-0.064186 -0.158482 -0.528586
0.655217 -0.789590 0.131391
-0.576849 -0.720560 0.816316
-0.004456 0.547154 0.835243
-0.733203 0.485005 0.811352
-0.095259 0.467519 0.805077
0.599462 0.565422 0.268243
0.584192 0.696461 0.378114
-0.128875 1.372072 1.037894
-0.158132 1.303196 1.639021
-0.120405 1.249171 1.628802
-0.069772 0.615031 1.657513
-0.087893 0.691050 1.017064
-0.165228 0.698481 1.002101
-0.213031 0.667803 1.620447
-0.200139 1.372627 1.592196
-0.197035 1.459417 1.590672
-0.255494 1.546623 1.593387
0.300230 0.918573 0.343030
0.295366 0.872896 0.339855
-0.229897 0.853332 0.347222
-0.172367 0.879814 0.326539
0.418391 0.878322 0.280626
0.361317 1.503016 0.246642
0.363073 1.439098 0.272587
1.620212 0.149381 0.927479
0.998642 0.206970 -1.695924
0.964576 2.179527 -1.713632
0.901037 2.129501 -2.320754
0.916280 2.073834 -1.653994
1.624891 2.062219 -1.590432
1.012602 2.709107 -2.192697
0.972354 3.322632 -2.177902
0.308485 3.259183 -0.887830
0.336435 3.222127 -0.879504
0.384674 2.599008 -0.894172
0.375267 2.595525 -0.932975
0.316321 2.546977 -0.967232
0.282839 1.840021 -0.967828
0.346456 1.816330 -0.957242
-0.847046 1.818725 -0.964399
-1.503033 1.788248 -0.976538
-1.522701 1.711439 -0.957465
-2.157636 1.646214 -0.927529
-2.107380 1.649100 -0.937135
-2.072277 1.698095 -0.985150
-2.064415 1.727149 -1.020446
-1.440353 1.735054 -1.001884
-0.824644 1.760236 -0.955752
-0.183879 1.814271 0.237695
-0.200653 1.863883 -0.381178
-0.235553 2.524277 -1.002692
-0.272356 2.501432 -0.917121
0.353036 3.067188 -0.838504
0.390203 3.087675 0.461353
0.438406 3.128793 0.420478
0.405292 3.147517 1.040136
-0.963650 2.480958 1.049402
-1.001315 1.849933 1.072281
-1.014044 1.841281 1.069410
-1.677084 2.439131 1.038386
-1.704981 2.423172 1.025631
-1.748240 2.438706 0.396271
-1.760788 2.467933 0.420894
-1.719942 2.477891 1.042603
-1.665759 1.143789 0.340349
-2.279967 1.147663 -0.984267
-1.682221 1.214830 -1.628133
-1.717531 1.277113 -1.582554
-2.366310 0.651151 -2.881238
-1.716423 0.588608 -2.921582
-2.396824 1.190488 -2.934148
-2.978822 1.168385 -2.890170
-2.934893 1.125284 -2.840619
-2.873178 1.053945 -2.858778
-2.839126 1.610060 -2.914530
-2.830935 1.637430 -2.921730
-2.787342 1.698877 -2.861460
-2.765317 3.071509 -1.522835
-2.757814 1.120031 -1.495360
-2.150921 0.450694 -0.873436
-2.186359 0.448973 -0.878109
-2.214561 2.321360 -0.168577
-2.224403 2.335326 1.138279
-2.222292 1.707565 1.746230
-2.237942 1.703749 1.671556
-2.274610 1.727225 1.651299
-2.302429 1.107057 1.690521
-2.339742 1.133364 1.076209
-2.287276 1.765389 0.378125
-2.268856 1.136145 -0.346283
-1.661857 1.154722 -1.694872
-1.648525 1.180483 -1.652473
-2.216892 1.190280 -1.620842
-2.152185 1.185245 -1.660717
-2.146088 1.179596 -2.361424
-2.164400 -0.191862 -1.737669
-2.126652 -0.195275 -1.021381
-2.032141 0.449011 -0.259909
-1.955619 0.465674 -0.231407
-1.285230 -0.173099 -0.911064
-1.313219 -0.148582 -0.190198
-1.304237 -0.103086 -0.774052
-1.264525 -0.058910 -1.358412
0.006523 -0.698719 -1.353290
-0.629341 -0.702668 -1.386914
-0.671768 -0.710401 -2.067909
-0.660972 -0.713725 -2.029649
-0.629971 -0.718336 -1.996762
0.004721 -0.729222 -3.281943
-0.036242 -1.380952 -3.331176
-0.045465 -1.335830 -3.380911
0.000584 -1.309064 -3.386413
1.385346 -1.334361 -3.361324
1.311500 -1.407919 -3.365973
0.602937 -2.111501 -3.412565
0.575151 -2.772806 -2.817030
0.585127 -2.813795 -0.229611
-0.093711 -2.228457 -0.887165
-0.161576 -2.252705 -0.265519
-0.205196 -2.213623 -0.264288
-0.170396 -2.127839 -0.310860
-0.731323 -0.754014 -0.362064
-0.745763 -0.765121 -0.375798
-0.793453 -0.786476 -0.350259
-0.809656 -0.775786 -0.313374
1.849282 -0.101229 -0.290986
1.900023 -0.143654 -0.281034
1.909790 -0.826145 -0.274242
1.224079 -1.431069 -0.251836
1.790084 -1.324928 -0.252167
1.808675 -1.243111 -0.318028
3.103044 -1.258093 -0.342335
2.381398 -1.324269 -0.374335
2.282096 -1.343781 -0.388401
2.941575 -1.326547 -0.387424
2.929600 -1.346934 -0.373912
2.914929 -0.155280 0.225099
2.887820 -0.894337 0.842355
2.262841 -0.883813 1.459575
2.282052 -0.110263 2.077170
2.924550 -0.105363 3.273453
2.944115 -0.140674 2.647179
2.951014 -0.776927 2.069714
4.361599 -0.080495 2.071496
1.940132 -0.737634 1.471757
2.059172 0.534626 1.492148
2.701692 0.447631 0.877365
1.559295 -0.284555 0.899746
2.140625 -0.280702 -0.405837
2.155742 0.985501 -0.442389
1.525456 0.975892 0.202608
1.520393 0.975105 0.869426
0.790374 0.993648 0.878447
0.031899 0.374471 1.476999
1.221683 0.971641 0.834450
1.195613 0.897104 0.857954
0.608680 0.830580 1.562753
0.584854 0.150524 1.582424
-0.093272 0.128218 1.540155
-0.088001 1.445254 1.534039
0.511740 2.793124 2.233297
1.149108 2.852283 2.929356
1.774160 2.294414 2.935456
2.363322 2.345264 2.909180
2.357304 2.978331 2.258527
2.346278 2.946701 2.932962
2.989468 0.330268 1.696380
3.008912 0.301411 1.702500
3.067003 0.304321 1.666543
3.137334 0.934204 1.628169
3.174152 0.947296 1.598887
3.163192 0.329373 2.214995
2.505329 0.334796 2.162242
3.749941 0.328776 2.110693
3.802657 0.303889 2.077512
3.832705 0.280201 2.070869
3.774446 -0.342856 2.082558
1.746629 -0.310040 2.095359
1.159502 1.098486 2.126549
1.157212 1.149542 2.158199
1.183356 1.175341 2.753974
1.121960 1.799118 2.755619
1.041657 1.830946 2.169067
1.020580 1.834889 2.851099
1.044981 1.821692 2.242010
-0.739684 1.169502 0.958512
0.497633 1.139513 -0.227003
1.069576 1.111519 -0.228506
1.104053 0.484240 -0.225516
1.182351 0.458284 -0.204317
1.861051 -0.167601 -0.192581
1.142537 -0.134849 -0.218108
0.484175 0.470376 -0.277856
0.484154 0.426342 -0.323401
0.476590 -0.207068 -0.342254
0.411068 -0.200808 -0.341516
-0.317562 -1.483548 -0.333876
-0.995356 -1.521729 0.249333
-0.954197 -1.578712 0.260777
-1.586803 -1.591132 0.229746
-1.597398 -1.547337 -1.056613
-2.273906 -1.514650 -1.660787
-2.281614 -1.543225 -1.700320
-2.279923 -0.979709 -1.157291
-2.304920 -1.001969 -0.550813
-1.673661 -0.974534 -0.537814
-1.069382 -0.941159 -1.745584
-1.030442 -0.936737 -1.139668
-0.967965 -0.961496 -0.491397
-0.944412 -0.956678 -1.666701
0.304693 -0.326744 -1.634825
0.939361 -0.261875 -2.273481
0.972789 -0.242482 -1.719227
1.003617 -0.932977 -2.403406
0.981212 -1.583141 -2.414973
0.930180 -1.600293 -2.396641
0.912303 -1.563436 -2.397912
0.944869 -1.544580 -2.427638
1.001267 -1.585958 -3.090496
1.023374 -1.632385 -1.672311
1.667345 -1.613784 -1.630298
1.712723 -1.548715 -1.673965
1.794097 -2.146013 -1.120473
1.222603 -2.188917 -1.111094
1.192829 -2.243305 -1.041050
1.126623 -0.949300 -0.998188
1.097588 -0.899047 -1.013694
1.120067 -0.874727 -0.431433
1.131719 -0.253636 -0.381204
1.676706 -0.255513 -0.291413
0.947453 0.464729 -0.886725
0.945872 -0.724769 0.324686
1.651883 -0.706137 0.253033
1.633069 -0.753463 -0.356660
0.930106 -0.788211 -0.318085
0.844263 -0.776538 -0.303359
0.828792 0.467350 -0.317429
0.858033 0.412663 -0.310087
0.864608 0.349030 0.398050
0.820516 0.331357 0.474371
0.787302 0.346974 1.137906
1.428980 -0.280797 0.463332
1.509278 -0.302998 1.051802
0.274568 -0.325798 1.057603
-0.378018 -0.331370 1.091882
0.279873 -0.320404 2.382425
-0.288481 -0.310651 2.395540
-0.186904 -0.320381 2.417178
-0.126957 0.299189 2.460753
-1.371194 0.300238 2.508500
-1.344780 0.320869 1.913405
-0.006703 0.923005 1.878476
0.655295 0.898487 1.831129
0.601720 0.854342 1.812962
0.526051 0.913104 0.537028
0.500020 0.885892 0.523700
0.502945 0.849905 0.498052
1.121162 0.772282 -0.195291
1.082456 0.686390 0.511722
1.749888 0.021274 0.568340
1.826554 -0.559552 0.588497
-0.074017 -0.537747 0.566273
-0.055821 -1.230899 1.184074
-0.074784 -1.295375 1.853146
-0.066948 -1.302071 1.874753
-0.033516 -1.240859 1.865060
-0.682677 -1.215773 0.506206
-0.692576 -1.279532 0.488934
-0.683927 -1.353061 0.513635
0.680299 -1.332764 0.536244
0.760087 -1.243259 1.173002
0.791527 -1.174583 1.781978
0.776686 -0.541582 1.733349
-0.581367 -1.183462 1.737785
-0.591512 -1.779074 1.776217
-0.593106 -0.372573 1.809099
0.027680 -0.340491 1.805040
-0.009821 -0.390189 1.775111
-0.035799 -0.424658 1.756077
-0.020079 -0.349172 1.756436
-0.628374 -0.216966 1.769549
-0.614938 -0.153269 1.766551
-0.632421 -0.210369 1.743193
-0.652454 -1.490496 0.387055
-1.302930 -1.443098 0.339885
-0.647908 -1.400194 0.335564
-0.660843 -1.442964 0.368261
-0.690517 -1.515455 0.386178
-0.686980 -1.525510 0.337072
-0.631958 -1.460482 0.256999
-0.583387 -1.401618 0.221260
0.103018 -1.440845 0.892388
0.064874 -2.813932 0.227595
0.041272 -2.867073 0.165129
0.053612 -2.806652 0.112049
0.067491 -2.737352 0.127459
0.686175 -2.777769 0.203410
1.895373 -3.548973 0.260749
1.851319 -3.579845 -0.413772
1.868910 -3.488617 -0.456134
1.859208 -3.381927 -0.459329
1.811059 -3.378846 -0.417591
-0.120168 -3.450607 -0.387779
-0.141350 -3.484334 -0.407538
-0.743550 -1.542550 0.199114
-0.686555 -1.525751 -0.964286
-0.688278 -1.582619 0.348047
-0.100984 -1.650195 0.428121
-0.126719 -1.007148 -0.875019
-0.112458 -0.950412 -0.853617
-0.096337 -0.915773 -0.803377
0.529898 -0.946578 -0.787416
2.372036 -1.009067 -0.829813
2.378451 -1.020113 -0.873301
2.435612 -0.965000 -0.230707
2.494310 -0.924693 -0.158615
2.502160 -0.945452 -0.104373
2.476802 -0.988007 -0.754165
3.100446 -0.979555 -0.116964
3.081039 -0.916837 -0.077668
3.054144 -0.870530 -0.014128
3.016113 -1.519469 1.292778
2.982724 -1.567080 1.261932
1.074570 -1.603704 1.221904
1.086567 -1.624237 0.604025
1.120116 -1.661974 0.684115
1.152022 -1.719515 0.756750
1.160918 -1.756740 0.762909
1.129729 -1.753165 1.335843
-0.179603 -1.110553 0.126533
-0.244581 -1.137314 0.174849
-0.272063 -1.166733 0.152802
-0.253641 -1.824485 0.077006
0.425542 -1.790200 0.006515
0.434758 -1.773404 -0.601994
0.448825 -1.801681 1.383320
-0.141844 -1.825382 1.371615
-0.767823 -1.797234 1.295093
-0.785293 -1.070780 1.238301
-0.192825 -1.041335 1.225574
1.041352 -1.051514 1.201188
1.716660 -2.371117 1.114457
1.784525 -3.679556 1.628759
1.809272 -3.631194 0.327887
1.796874 -2.976092 0.370216
1.801545 -3.008395 0.427240
1.817962 -3.015220 0.447831
1.793047 -2.987695 0.441937
0.413838 -2.963257 1.080220
0.988506 -3.645644 1.787983
0.992150 -2.338694 1.830951
1.022438 -3.520589 1.835048
1.037764 -3.497262 1.851415
-0.970341 -2.822584 1.904692
-0.936077 -1.559168 1.974932
-0.874802 -0.337359 1.406814
-0.200338 0.262361 1.426821
-0.204301 0.249730 1.424263
-0.210051 0.229894 2.058999
-0.184274 0.213140 2.072671
-0.152700 0.215635 2.060533
-0.170824 0.235969 2.016084
-0.230342 0.263228 1.965573
-0.263864 0.274206 1.302637
-0.882693 0.273678 1.295728
-0.876989 0.283397 1.290789
-0.910985 0.312620 0.667576
-0.959041 0.336638 0.654869
-1.554563 0.319876 1.314064
-1.487543 0.285689 1.326341
-1.415339 0.846614 1.315546
-1.401289 0.862577 2.577169
-0.117901 0.886125 2.557569
-0.092362 0.894583 2.566358
-0.646937 0.251490 2.599470
-0.606301 0.251391 2.621722
-0.643680 0.281941 2.630923
-0.696247 -0.321242 2.634313
-0.693289 -0.315320 2.639158
-0.641192 -0.339025 2.633583
-0.619857 -0.362524 2.604351
-0.658682 -0.361067 2.560069
-0.689798 0.268624 2.519958
-0.666120 0.239332 2.505442
-0.623921 0.189318 2.513504
-1.255943 -0.422241 1.887131
-1.305248 -0.419600 1.905472
-1.336502 -0.410377 1.253547
-1.321118 -0.429444 2.555612
-1.291794 0.103198 1.941346
-1.934646 0.055538 1.940856
-1.328663 -2.485787 1.937424
-0.685996 -1.822586 1.332788
-0.002124 -2.458239 1.342343
-0.666558 -4.443047 1.359711
-0.716879 -5.029097 1.392224
-0.778025 -4.337475 1.440279
0.517297 -2.372179 1.476695
-0.140792 -2.420535 1.472369
-0.212088 -3.086415 2.071312
-0.905875 -2.410399 2.045323
-0.233586 -2.312652 2.033342
-0.178516 -2.302370 2.027066
-1.381628 -2.374736 2.027597
-2.038101 -4.355117 2.046501
-2.644115 -4.310456 2.081002
-1.953111 -4.241242 2.115685
-1.897374 -1.657099 2.127593
-1.868568 -1.741296 2.122965
-1.873970 -1.787354 1.482717
-1.884909 -1.787755 1.467885
-1.826109 -1.771462 1.457006
-1.775193 -1.134121 0.779590
-1.776020 -1.158947 0.772882
-1.830624 -1.160171 0.794602
-1.879650 -0.502923 0.830528
-1.880467 -0.538069 0.849132
-2.475084 -0.622250 0.830939
-3.149558 -0.705292 0.190395
-3.196771 -0.735427 0.203700
-4.478000 -0.734907 0.214860
-4.450986 -0.755187 1.457840
-3.757480 -0.794882 1.436676
-3.729981 -1.459209 1.454488
-3.765849 -1.433640 1.510265
-1.962895 -1.410974 1.551013
-1.955617 -2.049150 0.888697
-0.678634 -2.075075 0.847643
-0.695582 -1.426771 0.850235
-0.758106 -0.748686 0.878079
-0.172499 -0.068670 0.878118
-0.163487 -0.047156 0.839647
-0.776051 -1.319153 0.800922
-0.812231 -0.692930 0.796065
-0.863781 -1.315843 0.835097
-0.850812 -1.300514 0.872940
-1.411976 -1.310685 0.845204
-1.416274 -1.268694 0.176541
-2.113616 -1.279639 0.122638
-2.172958 -0.672711 0.754703
-2.785375 -1.285514 0.756073
-3.958309 -1.287617 1.324398
-3.953795 -1.949659 1.237891
-3.351993 -1.937087 1.196188
-3.330290 -1.925011 0.617737
-3.202098 -1.938146 1.991807
-3.705067 -1.966369 1.997908
-1.180173 -1.984149 1.899421
-1.879147 -1.967749 1.806345
-2.527339 -1.965898 1.807223
-1.778538 -1.978870 1.281517
-1.112686 -1.345447 1.250466
-1.231763 -0.712975 1.189356
-0.691022 -0.685673 1.197103
0.571558 -0.683192 1.293871
0.634805 -0.679679 1.381329
0.686118 -0.643745 1.378830
-0.638080 -0.586411 0.690791
-0.718864 -0.555060 0.010605
-0.753233 -0.540556 -0.026711
-0.769660 -0.498836 1.834563
-2.008552 0.204042 1.809408
-2.031575 0.266479 1.797400
-2.687321 -0.366039 1.810561
-2.022886 0.242297 1.887283
-2.597390 -0.374760 1.954554
-1.287333 -0.349824 1.983058
-1.897698 -0.358312 1.979915
-2.571966 -0.419431 1.954927
-2.506461 -0.468730 1.927949
-3.129543 -0.461641 1.883405
-2.489021 -0.431867 1.217847
-1.217932 -0.450075 1.175572
-1.835097 -1.153284 0.530135
0.115789 -1.184283 -0.022604
-0.576750 -1.157301 -0.013498
-1.888775 -1.118688 -0.011995
-1.859665 -1.128468 -0.002347
-0.564043 -1.167364 0.011638
-0.594043 -1.170507 0.015278
-0.663716 -1.114995 -0.023392
-0.706440 -1.081840 0.604476
-0.694733 -1.119758 0.594977
-0.670260 -1.166138 0.628389
-0.684152 -1.163978 0.089543
-0.104394 -1.749188 -0.537916
-0.753372 -2.415272 0.779083
-0.713243 -2.484589 0.779488
-0.045261 -2.543676 0.781333
-0.012659 -1.917586 1.384281
-0.046883 -1.958940 1.399153
-0.732835 -1.416285 2.017745
-0.705083 -1.464613 2.018313
-0.675626 -1.480624 1.384303
-0.052650 -1.439727 1.385340
-0.116007 -1.445122 2.018433
-0.768392 -2.777758 2.006237
0.605868 -2.789582 1.925006
1.325125 -2.780011 1.840403
1.330767 -2.778565 1.833451
-0.035128 -2.790475 1.898295
-0.096879 -2.784405 0.724242
-0.055386 -2.719009 0.695480
-0.031942 -2.615743 0.667931
0.581451 -3.797277 0.721979
-0.787470 -3.756241 0.179264
-0.772290 -3.750873 0.198032
-0.685956 -3.094839 0.129775
0.060972 -3.720099 0.071939
0.015632 -3.735732 0.720946
-0.010329 -3.786894 0.795778
0.674212 -3.800451 0.795099
0.121235 -2.538638 0.714631
0.168505 -1.900800 0.670448
0.116989 -2.566946 0.716883
0.039253 -1.926190 0.781667
0.039158 -1.335159 0.756197
-0.498098 -1.391329 0.041765
-0.439994 -1.395016 -0.001137
-0.471755 -2.082126 0.649924
0.110017 -1.515374 0.669054
0.126033 -1.588265 1.247028
0.226794 -1.660958 1.179815
0.285258 -2.306532 1.854315
0.216097 -2.231613 1.926344
0.100614 -2.784708 1.977338
0.084689 -2.747354 1.307869
-0.474868 -2.751090 1.270891
-1.097592 -2.751862 0.598013
-0.539395 -2.070803 0.637960
-1.272363 -2.080420 0.646270
-0.628900 -2.764920 0.613402
-0.544329 -2.793526 0.614507
0.075826 -3.429139 0.681126
-0.030793 -3.374257 0.769124
-0.148994 -3.296917 0.807603
-0.166743 -3.216496 0.144182
-0.145789 -3.152309 0.135198
-0.174802 -3.124654 0.172678
-0.239412 -2.479068 0.211475
-0.884244 -1.237815 0.205055
-0.832633 -1.269650 0.821270
-0.796297 -1.282789 0.806947
-1.477226 -1.310283 0.840196
-1.518276 -1.353046 0.892308
-1.489828 -1.364783 1.564999
-2.021077 -1.956990 1.557137
-1.977974 -1.890336 1.560231
-1.999083 -1.887672 1.591567
-2.014246 -1.955166 1.602358
-2.612589 -2.688671 1.576655
-2.555479 -2.086114 0.232768
-2.554814 -2.074851 0.867075
-2.602966 -2.063902 2.772274
-2.637292 -2.066319 2.788456
-2.623714 -2.034620 2.758824
-2.599756 -1.298234 2.095833
-3.284649 -1.219780 1.385976
-3.297956 -1.829209 2.022820
-3.927747 -1.279919 2.045535
-3.901384 -0.724308 2.022501
-3.258422 -0.761588 1.959002
-3.294432 -1.404153 1.951262
-3.333470 -1.400363 1.975868
-2.662828 -0.728770 1.405653
-1.416485 -0.689198 1.445416
-1.399221 -0.619273 0.802403
-1.409761 -0.570662 0.808267
-2.065659 -0.560148 0.857598
-1.394977 -0.615140 0.919622
-1.364046 -0.707233 0.930801
-0.696127 -0.785302 0.889254
-0.704572 -0.822750 1.507399
-0.716009 -0.836025 1.503886
-1.366949 -1.461094 1.528977
-1.340232 -2.087751 1.521451
-1.328552 -2.036212 1.463933
-2.641572 -1.973023 1.414142
-1.988697 -1.933706 1.425713
-1.973396 -0.736985 1.464396
-1.936867 -0.753799 1.452749
-1.919429 -2.099719 2.054891
-1.944623 -2.139354 2.033080
-1.996951 -2.814112 1.404395
-3.193930 -2.845825 1.438302
-3.227393 -3.509832 2.726279
-3.280557 -3.496273 2.653969
-3.315413 -3.478201 0.720227
-3.303062 -2.824870 0.066155
-3.241551 -2.238074 0.090853
-3.186405 -2.233079 0.718245
-3.182263 -2.211242 0.663479
-3.205818 -2.205867 0.679615
-3.197726 -2.227709 0.737201
-3.143500 -2.894521 0.758353
-3.102619 -2.871935 0.731954
-3.724930 -2.818701 0.058581
-4.355866 -2.781639 0.091544
-5.585123 -3.458697 1.436775
-3.612974 -2.193367 1.439777
-2.234638 -2.794041 2.072922
-2.176795 -4.051029 2.699841
-2.215624 -4.022355 2.689168
-2.268635 -2.723048 2.658413
-1.049325 -2.756198 2.630692
-1.711491 -3.391026 2.638374
-1.775343 -3.341571 3.275236
-1.855359 -2.672942 3.262509
-1.888576 -2.050558 2.595601
-1.843262 -2.091960 2.487972
-1.783733 -2.739476 2.462893
-1.794988 -2.693566 2.475077
-1.857029 -2.690372 2.501542
-1.278389 -2.737683 2.526367
-1.239963 -2.777338 2.559164
-1.193861 -1.473751 2.007667
-1.215959 -1.415458 1.361350
-1.288329 -3.393258 1.270822
-1.942104 -3.422241 1.283204
-2.462112 -2.753059 1.258640
-1.723488 -3.349754 -0.006746
-1.704821 -3.280361 -0.025937
-1.758023 -3.297207 -0.014240
-0.466498 -2.671999 -1.288737
-0.436421 -2.710734 -1.189454
0.201933 -2.004543 -0.472579
-0.542249 -2.615333 0.163853
-0.625041 -1.949332 0.745588
-1.913458 -1.980336 0.796045
-1.845840 -1.984569 1.490425
-1.808649 -2.598294 2.137062
-1.819488 -3.209430 1.451264
-1.822285 -2.541042 2.072273
-1.805236 -2.568904 2.127654
-1.797623 -2.585351 0.894901
-1.828992 -2.574125 0.873457
-1.892816 -2.563918 0.799419
-1.949422 -2.568770 0.772787
-1.982043 -3.236438 0.835486
-1.970126 -3.225612 0.262048
-1.332899 -3.211215 0.277500
-1.315808 -3.216953 0.206436
-1.340714 -3.238287 0.198835
-2.063255 -3.258234 0.287910
-1.458652 -3.270840 0.949213
-3.485345 -2.660413 0.312057
-2.879816 -2.697546 0.250087
-2.927983 -2.721088 1.551627
-2.956861 -2.713624 1.593236
-2.922099 -2.694894 1.634489
-2.847607 -3.317613 1.636789
-2.796116 -4.023462 1.610612
-2.786101 -3.387440 1.609214
-2.158775 -3.399564 1.633755
-2.163525 -3.421333 1.632865
-2.153265 -3.481902 1.594986
-2.157223 -4.183113 1.537877
-2.190484 -2.957294 1.495232
-1.583919 -2.281133 2.100673
-1.564733 -2.884985 1.448526
-2.132238 -2.242723 2.070352
-2.067839 -2.231866 2.045165
-2.038598 -2.184354 2.059435
-1.384856 -2.136949 2.092874
-1.352941 -0.844231 2.100277
-1.321523 -0.894573 2.073574
-1.323845 -0.896769 2.091073
-1.976473 -0.195961 2.102566
-1.941076 -0.089207 2.775837
-1.847962 -0.027399 2.778366
-3.668061 -0.655324 2.765147
-3.619283 -0.634073 2.767639
-3.602760 -0.583550 0.772759
-2.924936 -0.550576 0.798314
-3.542224 0.080348 0.182011
-3.582962 0.023305 0.172456
-4.327899 0.001485 0.125962
-3.741542 0.019399 0.079322
-4.325459 -0.597693 0.040365
-4.942130 -0.569991 2.592873
-4.313501 -0.530472 1.879634
-2.393064 -1.713883 1.884491
-2.378081 -1.691234 1.912587
-2.373031 -1.729347 2.584438
-3.015303 -1.127331 2.662423
-3.013031 -1.175391 3.300480
-3.036405 -1.202212 3.905788
-3.072816 -0.593414 3.895435
-4.339306 -0.623550 3.915293
-4.326957 -0.634607 5.844541
-3.646209 0.018812 4.529759
-3.621428 0.720061 4.485887
-3.007494 0.760773 3.797851
-3.677921 0.743365 3.147376
-3.707090 0.704094 2.584295
-3.063653 0.678135 3.259869
-3.692669 0.649448 3.210767
-3.735433 -0.034322 3.131595
-3.791850 -0.076756 3.108449
-3.812157 -0.077611 3.155553
-3.136966 -0.017575 3.198713
-3.136310 -0.635514 3.177712
-3.828533 -0.602317 3.733735
-3.244247 -0.608740 4.326696
-3.239292 -0.003787 4.356955
-3.183882 -0.033370 4.360732
-3.792606 -0.080402 3.647884
-3.810086 -0.140944 3.559615
-3.812284 -0.792299 3.499662
-3.769343 -0.765892 2.249707
-3.716738 -0.701340 2.900377
-4.351677 -1.256221 2.893465
-4.365551 -1.255121 2.849056
-4.367451 -0.633699 2.204039
-4.361021 -0.644078 1.603160
-4.404645 -0.660579 1.608389
-3.863725 -0.682472 1.576586
-3.931475 -0.711270 2.168029
-3.936425 -0.076862 1.530842
-3.924394 -0.658283 2.187534
-3.949076 -1.256756 2.218338
-3.973148 -1.207506 2.221652
-4.554275 -1.175877 2.894969
-4.476222 -1.153014 2.943726
-4.455275 -1.839891 2.961302
-3.899184 -1.217202 2.337690
-3.958142 -1.236581 2.325059
-3.951454 -1.241195 2.925017
-3.921068 -1.227353 2.911056
-3.937658 -1.204986 2.391880
-4.005838 -1.167634 2.406799
-4.662477 -2.379009 2.353330
-4.600197 -2.323981 2.318695
-4.512989 -1.614759 1.722737
-4.512639 -1.609412 1.785589
-3.999474 -0.995121 2.439708
-4.604390 -1.011737 3.062980
-4.553714 -1.022608 3.049891
-4.500803 -1.031030 3.100429
-4.506301 -1.020282 2.602583
-3.942124 -1.589168 1.966579
-4.519411 -1.536525 1.936179
-3.870820 -1.511435 1.293889
-3.149990 -1.527041 1.349854
-3.128727 -0.936465 2.025258
-3.173265 0.272873 0.789321
-3.215642 0.268452 1.978272
-3.209580 0.247158 2.583270
-3.195485 0.183088 1.983144
-3.837171 0.107514 2.031322
-3.898725 -1.188340 2.016299
-3.947290 -1.179335 1.962592
-2.688134 -0.541686 1.946067
-2.658856 -1.204498 2.610815
-1.414159 -1.277213 2.648537
-1.459350 -1.317607 2.665288
-1.506749 -1.303025 1.989917
