-0.194837 0.030155 -0.714526
-0.161430 0.050503 -0.737494
1.209715 0.701585 -0.085885
1.246362 0.642092 -0.077521
1.229658 0.563861 -0.075120
0.569456 1.797002 -0.700142
1.187043 1.130126 -0.663499
1.186871 1.102181 -0.625927
0.549055 1.069055 -0.620272
0.487928 1.084842 -0.638245
0.435281 0.545910 -0.642267
0.410282 0.604028 0.683399
0.396677 0.596082 0.627872
0.360426 0.537306 0.539271
0.313388 0.511450 0.499178
0.299465 1.183455 -0.121409
0.319848 1.172125 -0.089646
0.334815 1.120976 -0.107092
0.306485 -0.172361 -0.159383
0.262468 1.175646 -0.163133
0.246299 -0.053683 -0.111908
0.254972 -0.041495 -0.716732
0.263713 -0.035371 -0.750832
0.261836 -0.740159 -0.796894
0.276241 -0.806764 -0.777332
0.322597 -0.832117 -0.050698
0.386865 -0.809987 -0.693332
0.437934 -0.780607 -0.747355
1.049798 -0.787570 -0.184747
1.072168 -0.811392 -0.189397
1.113757 -0.816949 -0.155948
0.538377 -0.803408 0.432435
-0.657766 -0.804071 1.001589
0.037113 0.427395 1.636559
0.060494 0.367493 1.696261
0.040544 0.316822 1.141501
0.032403 0.327598 0.518965
0.065890 1.025254 0.493473
0.058830 1.067283 1.118660
-1.176006 0.423653 1.171806
-1.184240 0.414967 0.606864
-1.200137 0.477608 -0.028470
-1.187235 -0.791044 0.564469
-1.171828 -0.732520 0.566304
-1.195029 -0.751098 -0.006293
-1.273882 -0.814601 -0.575562
-1.371799 -0.845184 0.044340
-1.428622 -0.177741 -0.011600
-1.433385 -0.080253 -0.033012
-1.430516 0.566089 -0.003121
-2.112058 -0.132153 1.281469
-2.177349 -0.140158 2.442270
-2.185966 0.512497 2.992784
-2.146253 0.589313 2.930887
-2.126317 0.637749 2.318452
-2.171370 1.257761 2.374041
-2.230754 1.243821 1.125896
-2.230852 1.280109 2.484911
-1.510661 1.369781 2.445261
-1.435647 1.426675 4.372010
-1.396063 0.776998 4.389285
-1.366520 0.736276 4.400153
-1.302975 1.368509 3.777142
-1.219754 0.789811 3.790881
-1.173242 0.784153 3.856020
-2.468915 0.721007 3.294585
-2.557059 0.631130 1.472708
-2.585825 0.596005 2.089245
-2.530583 0.641650 2.044783
-2.480625 0.688895 2.625678
-2.526259 0.683431 2.645377
-2.614609 -0.018264 2.669120
-2.635944 -0.076715 2.028420
-2.587663 0.521309 1.914894
-2.562784 -0.704921 1.914304
-2.636192 -0.720916 1.919800
-2.733840 -0.826753 1.896160
-2.762793 -1.577280 3.067641
-3.413599 0.328563 3.033429
-3.419725 0.470298 3.030148
-3.483391 0.561676 3.027044
-3.535223 0.543255 3.024438
-3.534159 0.449417 3.027222
-3.496920 0.459725 3.052388
-3.489091 0.549601 3.109400
-3.530099 0.582111 2.478618
-1.516715 0.484148 2.524797
-1.488365 -0.921298 2.490506
-1.494685 -0.187233 2.475170
-1.547800 -0.077372 -0.098549
-1.588499 -0.031919 -0.147940
-1.567354 -0.059692 -0.201001
-2.212539 -1.323554 -0.233282
-2.226627 -1.260900 -0.241960
-2.301879 -1.222752 -0.882482
-2.379501 -1.276486 -0.901645
-0.447980 -0.746297 -0.936220
-0.428271 -0.172719 -0.311968
-0.391540 -0.132175 -0.336406
-0.391076 -0.098715 1.539134
-1.072238 -0.779872 1.496561
-1.072940 -0.827722 2.110213
-0.384237 -0.794280 2.155921
-0.337699 -0.722828 1.603428
-1.568158 -0.716978 1.665337
-1.578439 -0.788810 1.710418
-1.569113 -1.503897 1.059839
-1.521677 -1.476510 0.435345
-1.460790 -1.375068 1.050580
-2.075087 -0.679014 1.695751
-2.123059 -1.330952 1.719602
-1.497274 -1.364597 1.723866
-0.166534 -1.337758 2.383671
-0.145219 -0.669459 1.130383
-0.852650 -0.675382 0.493578
-0.911251 -1.374930 1.149515
-0.922704 1.192089 1.143486
-0.880053 1.195877 1.061855
-0.835490 1.788623 0.995409
-0.830012 1.723482 0.952087
-0.829018 1.699619 0.947816
-0.798478 2.354068 0.348384
-0.750911 2.402752 0.341757
-0.733517 2.401943 0.322247
-0.753069 2.356072 0.320111
-0.755753 2.323210 0.352297
-0.726151 2.348086 1.036458
-0.694514 2.389624 1.056059
-0.696789 2.400341 1.044497
-0.713406 2.388567 1.035930
-0.702776 2.392086 1.677294
-0.677685 1.799126 1.673329
-0.689306 1.852359 1.668839
-1.383748 1.852466 2.321187
-0.834755 1.797622 2.379368
-0.864268 0.506820 2.454241
-0.859952 0.469211 1.861127
-0.855813 -0.182547 2.492912
-0.872776 -0.189165 2.504315
-0.895710 0.425893 2.527069
-0.906603 0.394510 3.187505
-0.899340 0.425410 3.147931
-0.890166 -0.128199 2.446094
-0.893504 -0.110758 2.441976
-1.485057 -0.162745 2.478884
-1.474002 -0.229068 2.504206
-1.465304 -0.255624 2.483309
-0.889029 -0.203981 1.816036
-1.456230 -0.150928 1.784822
-1.447734 -0.142054 1.087764
-1.454868 0.483919 1.041503
-1.481349 0.504702 1.632755
-1.509108 0.564498 0.321338
-1.519704 0.586353 0.302340
-1.521013 0.547567 0.292045
-1.536139 0.501761 0.288614
-1.563572 -0.161418 0.313412
-1.567535 -0.130219 0.362326
-1.543248 0.546729 0.393909
-1.513918 0.542658 0.384806
-1.512583 0.562239 -0.300977
-0.851553 0.608948 -0.316957
-1.567723 0.643095 -1.471103
-1.579947 -0.012633 -1.469913
0.948297 0.620974 -1.471712
0.952820 -0.011131 -1.440991
0.973985 0.004137 -0.788665
0.957329 0.022616 -0.725255
0.905749 0.017631 -0.710168
0.877484 0.605607 -2.692564
0.302134 0.623897 -2.732717
-0.892839 0.664431 -2.688215
-0.911674 0.668335 -2.663922
-0.948728 -1.294776 -1.505504
-0.960969 -1.324245 -1.550417
-0.951074 -1.320045 -1.576719
-0.943548 -1.313055 -1.523152
-0.939909 -1.354825 -0.838399
-0.922884 -1.405193 -0.855705
-0.891032 -1.421286 -2.208198
-0.849673 -2.055898 -2.887829
-0.834199 -1.367202 -2.173396
-0.229830 -2.682678 -2.079314
-0.265322 -2.727000 -2.066359
-0.284258 -2.765166 -2.115825
-0.282562 -2.745299 -2.123217
-0.279226 -2.702843 -2.038690
-0.268713 -2.002498 -2.585078
-0.243425 -1.319537 -2.586364
-0.198577 -1.934418 -2.017184
-0.138483 -1.206418 -2.075760
0.529460 -1.137705 -2.022408
0.516578 -1.101903 -1.934956
-0.102868 -1.114841 -1.312147
0.535679 -1.150548 -1.386223
0.564576 -1.810904 -2.045186
-0.046526 -1.800078 -1.959848
-0.065808 -1.806068 -1.868805
-0.071973 -1.836558 -1.904572
-0.052263 -0.583605 -2.011627
-0.034330 -0.578998 -1.404345
-0.067288 -0.580054 -1.320897
-0.128680 -0.615185 -0.569480
-0.164416 -0.681211 -0.591762
-0.163674 -0.739109 -1.278388
-0.175589 -0.737275 -0.636359
-0.229992 -0.099372 -0.546134
-0.895699 -0.099750 0.151873
-1.553803 -0.707478 -0.559670
-0.883674 -0.652548 -1.301897
-0.865489 -0.573974 -1.301729
-0.893192 0.073058 -1.222739
-0.932640 -0.572926 -1.182269
-0.934810 -1.201668 -1.239451
-0.907321 -1.169851 -1.892381
-0.901639 -0.502444 -1.872883
-1.561129 -0.507055 -1.199253
-2.221884 -0.563067 -1.253684
-2.211315 -1.244090 -1.328855
-2.192616 -1.221102 -1.435635
-2.194776 -0.549494 -1.485975
-2.216982 0.124742 -0.760822
-2.243139 -1.264635 -0.103890
-1.593522 -1.342620 -0.192201
-1.598933 0.509281 -1.508335
-1.619223 0.554332 -1.448960
-1.627019 0.547630 -2.000104
-1.607930 -0.150115 -1.397614
-1.556479 -0.187586 -2.132247
-1.498797 0.474317 -2.206652
-1.442952 0.572075 -2.199688
-0.761789 -0.597411 -2.164267
-0.722319 -0.690400 -2.185462
-1.303503 -0.771842 -1.613139
-1.284537 -0.075453 -1.654376
-1.287704 0.662437 -1.616473
-1.946357 0.017943 -1.553718
-1.972767 -0.718135 -1.574537
-1.972212 -0.134786 -1.660388
-1.957647 -0.077652 -1.708597
-1.954424 0.010972 -1.659320
-1.976374 0.725399 -1.586935
-1.366751 -0.061067 -1.576986
-1.361998 -0.084952 -1.599811
-1.358591 -0.677834 -1.583068
-1.370571 -0.626630 -2.123753
-1.392914 -0.655359 -2.035858
-1.385390 -0.710260 -2.050287
-2.641074 -1.391106 -2.762373
-2.642522 -1.321477 -2.776015
-2.630663 -1.262283 -2.715972
-2.601169 -1.287072 -2.000761
-2.574071 -1.365398 -2.678139
-2.576931 -2.006815 -2.751948
-2.590572 -1.406484 -2.774299
-1.998655 -1.351169 -2.708952
-1.979393 -1.312790 -1.960731
-1.953419 -1.310055 -2.015623
-1.987614 -1.924314 -2.121360
-2.088600 -1.886989 -2.798641
-2.194320 -1.823919 -2.701819
-2.229018 -1.195057 -3.234865
-1.598737 -0.576791 -1.901977
-1.622648 -0.634673 -1.969714
-1.709870 -0.665103 -1.330081
-1.772335 -1.922311 -1.259046
-1.726607 -1.862276 -1.197927
-2.209937 -1.848179 0.676048
-2.173452 -2.542795 1.228417
-2.217340 -2.580969 1.172183
-1.655347 -2.553013 1.174472
-2.208279 -2.452018 1.211632
-2.152600 -2.442746 3.682375
-2.158289 -1.927089 3.662247
-2.201260 -2.015224 2.968368
-2.191641 -2.014653 2.945288
-2.717059 -1.923113 1.655908
-2.656037 -1.854063 1.695767
-2.664747 -1.874124 1.711472
-2.701887 -1.350200 1.693909
-2.707743 -1.271197 1.674214
-2.700156 -1.199899 1.690060
-2.134382 -1.820670 1.749458
-2.194831 -1.298720 1.804543
-2.839226 -1.383808 1.188274
-2.829382 -0.021893 1.160278
-2.784468 0.000729 1.153731
-2.772218 0.033380 1.171487
-2.807139 0.063882 1.132460
-2.221580 0.079461 1.061290
-2.215203 0.087965 1.020600
-1.623712 0.094460 1.045323
-1.633279 0.672910 0.424496
-1.685861 0.631819 0.429702
-1.729680 0.582406 0.393335
-1.702705 -0.108412 0.373396
-1.636625 -0.132930 0.388456
-2.191417 -0.140421 0.387568
-2.194394 -0.804892 0.343717
-2.210818 -0.788113 -0.334978
-2.215354 -0.753242 -0.340822
-2.208753 -2.036653 0.294237
-2.210734 -2.650183 0.329376
-2.249045 -2.108871 -0.311273
-2.980746 -2.157758 -0.916548
-2.973005 -3.406145 -0.911078
-2.914831 -3.432037 -0.876341
-2.862696 -3.442748 -0.868140
-2.855360 -3.482080 -0.916228
-4.182462 -3.527365 -0.327937
-4.208108 -2.923016 -0.351182
-4.198967 -1.690017 -0.340008
-4.184647 -1.698858 -2.383802
-4.213230 -1.724026 -2.396187
-3.572615 -1.765918 -2.373818
-4.214284 -3.663223 -2.319357
-4.138464 -3.676916 -2.299213
-4.042015 -3.645702 -2.325416
-3.348035 -3.613327 -0.443787
-2.106436 -3.612198 0.207416
-2.090569 -4.251856 0.849674
-2.056164 -4.229184 0.853006
-2.030779 -4.179901 0.832208
-2.044319 -3.482416 0.173960
-1.449649 -3.459034 0.177096
-1.484184 -3.444432 0.224546
-1.488854 -2.788984 0.265994
-1.455383 -2.717875 0.261899
-1.430999 -1.387771 0.219581
-0.821064 -2.029596 1.488145
-0.881569 -2.680018 1.514289
0.417187 -1.339641 2.193592
0.439082 -1.232183 1.574066
-0.150960 -0.558655 1.562400
-0.127950 -0.618535 0.306665
-0.141454 -0.682094 0.354623
-0.151305 -0.668938 0.404705
1.136940 -0.610383 0.391183
0.548377 -0.605398 0.339955
0.538872 -1.286725 0.306251
-0.718693 -1.321927 0.326763
-0.129798 0.599745 0.363001
-0.108202 0.064130 0.362226
-0.083707 0.063550 0.350888
-0.096745 -0.011179 0.372937
0.455072 -0.714657 0.409010
0.426866 -0.719541 0.405625
0.427706 -0.696421 -0.929319
0.424011 -0.690602 -0.325084
0.412556 -0.692908 -0.270278
1.050627 -0.664290 -0.228582
1.741141 -0.606589 -0.260544
1.752050 -0.557687 -0.316406
1.724725 -0.536759 -0.311550
1.033516 -0.548544 -0.920057
0.998731 -0.574166 -0.928469
1.623983 -0.589842 -0.997894
2.264669 -1.963491 -1.075805
2.256797 -1.927806 -1.102167
1.643202 -1.886039 -1.093079
1.687001 -2.511616 -0.466165
2.391666 -2.504036 -0.527412
2.429251 -2.470323 -0.570554
-0.090610 -2.390885 -0.552230
-0.086965 -2.303407 -0.525503
-0.088864 -2.319409 -0.542526
0.587270 -2.404985 -1.856649
0.630367 -1.845542 -1.262587
-0.644710 -1.801816 -1.241096
-0.672184 -1.068887 -0.561075
-0.058288 -1.045533 -0.569044
-0.079291 -1.086637 -0.583424
-1.407132 -1.110200 0.101694
-1.451788 -1.062148 1.555869
-1.503332 -0.998785 0.961653
-1.541472 -1.685743 0.990040
-2.191019 -1.790749 1.000476
-2.185532 -1.872790 1.013468
-2.192351 -1.866812 1.027006
-1.619641 0.138578 -1.602630
-1.651702 0.816889 -1.638513
-1.648871 0.801287 -1.655637
-0.943454 0.820979 -1.609653
-0.941598 0.274683 -1.550110
-2.260597 1.035664 -1.562563
-2.286571 0.375514 -0.377037
-2.246636 0.200679 -0.458118
-0.861811 -0.533356 -0.436348
-0.802600 -1.830923 -0.386906
-1.454774 -1.837443 -0.395505
-1.438394 -1.875154 -0.450194
-1.393114 -1.911328 -0.455714
-1.335782 -1.950442 -1.002965
-1.911597 -1.944115 -0.940781
-1.939503 -1.311204 -2.248635
-1.970090 -1.368663 -2.293499
-1.950245 -1.463212 -2.257293
-1.243039 -0.921623 -2.166543
-1.229261 -0.942810 -2.129075
-1.268870 -2.264839 -0.846048
-1.956292 -1.641650 -0.915968
-1.941226 -1.657633 -0.911193
-1.262758 -1.617501 -0.852765
-0.669159 -1.553218 -0.827270
-0.736303 -1.522834 -0.878185
-0.780260 -2.161168 -0.926206
-0.765157 -2.187810 -0.902063
-0.746036 -1.512132 -2.108337
-0.774247 -1.420974 -1.449348
-1.475624 -1.381869 -2.140301
-0.859154 -2.020840 -2.156187
-0.844616 -2.011394 -2.114047
-0.830514 -1.936387 -1.424902
-0.836464 -1.845654 -1.425624
-0.857583 -1.819974 -1.452339
-0.861458 -1.893475 -0.136404
-0.864036 -1.335394 -0.114390
-1.521627 -1.364113 -0.074884
-1.563359 -0.691720 -0.057106
-2.220817 -0.686325 -0.089587
-2.195774 -0.727942 -0.131060
-1.533465 -0.753903 -0.141957
-0.881164 -0.715512 -0.132176
-1.503855 -0.633908 -0.136376
-0.779939 -1.213554 -0.173800
-0.099619 -1.896662 -0.217644
0.560305 -2.521937 -0.219924
0.527282 -2.501358 -0.167823
-0.172393 -2.489147 -0.097553
-0.793740 -2.468818 -0.044054
0.534681 -2.495242 -0.027933
0.527168 -2.503583 0.624141
0.493663 -2.468790 0.627341
-0.764208 -2.426436 0.628908
-0.726680 -2.427848 -0.005572
-0.717302 -1.816283 1.288169
-0.773801 -2.515909 1.269490
-0.847270 -1.891158 1.234153
-0.865897 -1.952734 1.242067
-1.481303 -2.025624 0.006397
-2.111331 -1.414096 1.318329
-2.105941 -1.401989 1.267822
-2.126306 -2.005133 1.165450
-1.452957 -2.543257 1.100300
-1.425139 -2.578658 1.106271
-1.402599 -3.228917 1.124096
-1.415258 -3.208531 -0.312705
-0.802946 -3.145891 -0.362375
-1.506832 -3.086290 -0.366913
-0.863991 -3.039719 -0.317747
-2.087196 -3.050299 -0.253188
-1.457611 -3.039053 -0.237608
-0.730758 -4.339737 -0.279560
-1.963580 -4.291981 -0.326542
-2.631984 -2.993998 -0.326098
-2.640785 -1.071175 -0.267125
-1.349898 -2.448487 -0.208395
-1.328534 -2.489930 -0.212725
-1.245658 -1.213993 -0.245039
-0.626568 -1.210153 -0.231963
-0.661478 -0.528633 -0.158113
-0.694998 -0.510935 -0.094775
-0.690197 -0.534362 -0.123002
-1.325798 -0.564434 -0.222004
-1.334516 1.394862 -0.299362
-1.390076 0.745686 -0.297908
0.529084 0.762179 -0.253780
0.512246 0.741765 -0.233796
-0.138210 1.386101 -0.252716
-0.128644 2.041842 -0.268035
-0.814882 1.433402 -0.264545
-0.834874 1.454665 -0.258589
-0.820370 1.459374 -0.259149
-0.792133 1.449840 -0.272498
-0.203400 0.772883 -0.266408
-0.231124 0.769593 -0.245140
0.416694 1.442522 -0.226963
0.432876 1.471057 -0.208860
0.444839 1.489081 -0.169612
0.409315 0.881223 -0.109753
0.357640 -0.434147 0.574169
-0.286420 -0.469657 0.539834
-0.930606 -1.690083 0.494333
-0.924730 -2.359758 0.475190
0.360229 -2.432909 0.488539
0.336228 -1.802788 0.478762
0.359086 -1.085380 0.439969
0.415557 -1.019151 0.416166
0.438746 -0.990131 0.450742
0.408285 -1.020783 0.521565
0.371809 0.237901 -0.125272
0.385569 0.211207 -0.161424
0.444504 0.234335 -0.189759
0.498370 0.246513 -0.171108
0.523465 0.195233 -0.134846
2.447921 0.808720 -0.154921
2.488497 1.408271 -0.217425
2.528081 0.814818 -0.900604
2.523269 0.865570 -0.856053
3.119846 0.876979 -1.437914
3.083021 0.869681 -1.413897
3.049952 0.874096 -0.764128
2.430554 0.258190 -0.775006
1.792720 0.254096 -0.752906
1.807813 0.865867 -0.727654
1.792187 0.860870 -0.767397
2.414209 0.873465 -0.190132
2.408616 1.533009 -0.213078
2.411059 2.195341 -0.155108
1.788440 2.210134 -0.074011
1.120823 2.211154 -0.072618
1.722517 2.189161 -0.150812
1.713967 2.144652 -0.209564
1.707440 2.100512 -0.181020
1.678001 2.758796 -0.106088
1.564600 2.759531 -0.122720
1.541842 2.167319 0.391354
1.566900 1.535963 -0.886062
1.599982 1.574536 -0.821593
0.959204 1.652969 -1.306411
0.887125 1.693089 1.205995
1.481404 1.038469 1.244567
0.924587 1.009000 1.280100
1.007645 0.992661 1.290338
1.637849 0.984250 0.679864
1.593772 0.944448 0.679219
1.610845 0.211438 0.699394
1.712042 -1.131586 0.060226
1.847893 -1.134286 0.084517
1.898718 -1.109706 2.079116
1.217317 -1.121137 2.045046
1.201978 -0.494666 2.703817
2.475880 0.108194 2.692490
2.539101 0.104062 2.670250
2.582090 0.123232 2.625833
3.195594 1.403950 2.586596
2.552313 1.419033 2.588737
2.593536 0.846364 2.618595
2.671569 0.917967 2.645595
2.693460 0.972601 2.639562
1.993060 0.978504 2.617726
1.956054 0.960751 1.977467
1.962894 1.551351 1.297330
1.982179 2.812425 1.308436
1.961350 3.469199 1.292464
1.913862 3.435764 1.275447
1.894571 3.405637 1.300046
1.276194 2.806519 1.365703
1.284956 2.793917 0.792841
1.264602 2.749957 1.459737
1.214299 2.675608 1.404009
1.789549 2.617745 1.376920
-0.786618 2.619351 1.376199
-1.506156 3.276643 1.369205
-1.532513 3.306161 1.355841
-0.900028 2.688019 1.980312
-1.481765 2.684283 1.393667
-1.459472 2.715640 1.445099
-1.474732 2.151415 1.471816
-1.488354 1.465467 0.767617
-1.490411 0.842256 0.704179
-1.494733 0.813525 0.644020
-1.506260 1.409675 0.612454
-0.874599 0.801513 1.257652
-0.852751 0.823570 1.927681
-0.809813 0.802300 3.245170
-0.746633 0.785789 3.262799
-0.685526 0.161042 3.281109
-0.653089 -0.457754 3.321355
-0.655092 -0.457790 3.385413
-0.666818 -0.499497 3.422478
-0.659025 -0.555633 3.411702
-0.644028 -0.586606 2.139728
-0.641680 0.705989 2.156197
-1.297206 1.952526 2.224201
0.554420 1.898299 1.614343
-0.659977 1.867772 1.569732
-0.631000 1.224133 0.214946
-0.620961 1.213258 -0.499086
-0.011859 1.177572 -0.506971
-0.058035 1.754563 0.125477
-0.098978 1.757239 0.045863
0.508426 1.803710 -0.688595
0.469334 2.479670 -0.707570
-0.811865 2.501796 -0.674452
-0.816822 2.514488 0.000080
-0.810438 1.927609 -0.018941
-0.824340 1.975879 -0.701546
-0.206758 1.336086 -0.678703
-0.873853 1.293643 -0.646167
-0.883133 1.255198 -0.655760
-0.262232 1.258150 -0.050957
0.393535 1.287844 -0.731289
-0.233436 1.936666 -0.104524
-0.209045 1.932937 0.560043
0.464787 2.538778 0.549563
0.479108 2.563012 -0.106107
0.478365 0.685216 -0.131224
0.474311 0.703954 0.482034
0.474300 0.683588 -0.737325
1.098606 0.727354 -0.716520
1.094028 0.800620 -1.341887
0.463311 0.885345 -1.324378
0.483427 0.900070 -1.316215
0.520920 0.857679 -1.292745
0.553239 0.818899 -1.232783
0.571998 0.183773 -1.176279
-0.023423 -0.390089 -0.507020
-0.014668 0.891501 -0.539534
0.612621 0.855364 -0.550324
-0.658774 1.436214 -0.520785
-1.301479 1.418790 -0.492363
-1.353011 2.062118 -0.513058
-2.015429 2.040826 -0.609237
-0.755270 2.016002 -0.636895
-0.708381 2.624060 0.637338
-1.314124 3.923110 0.662446
-1.331273 3.853117 0.643735
-1.331438 3.835868 1.220255
-0.691287 3.866971 1.762661
-0.030525 3.894540 1.740841
-1.939012 3.840249 1.782482
-1.405072 2.528857 1.803292
-1.468865 2.527861 1.758342
-0.820280 2.611821 1.711894
-0.121670 2.707824 1.744257
0.464825 3.322866 0.461701
-0.281539 2.623279 0.520565
0.321318 2.584066 0.536849
0.362486 2.006664 0.517726
1.055454 2.734889 0.508762
1.003343 2.728567 0.515021
0.312452 3.254026 0.512656
0.249521 3.220942 0.496931
0.346748 3.273393 0.480628
1.102344 3.340785 0.493479
1.094410 3.321766 0.529456
0.369818 3.225508 -0.059275
0.380988 2.556421 -0.009855
0.424553 2.572829 0.018312
0.413739 2.601489 0.041292
0.990350 2.562575 0.066015
0.307921 2.483147 0.096156
0.376901 2.454813 1.374841
0.495290 2.481707 1.377557
0.564979 2.512221 1.394837
0.575690 1.852895 1.428061
0.595400 1.766035 -0.431223
0.008243 1.727315 -0.437364
0.042502 1.117982 -0.493292
-0.011771 1.789720 -0.545860
-0.107285 1.794712 -0.560870
-0.152881 1.782429 -0.543794
-0.112679 1.163337 -0.558316
-0.068006 1.200708 -0.001503
-0.083242 1.218716 -0.062159
-0.143916 1.180762 -0.712159
-0.177460 1.132433 -0.655256
0.474993 1.116192 -0.626805
0.479107 1.116175 -0.668196
0.398305 1.092840 -0.742880
0.286305 1.037050 -2.036207
-0.430633 1.005232 -1.980720
-1.064572 1.024897 -1.952420
-0.359077 1.077013 -1.973952
0.282148 1.088652 -1.988743
-0.379786 1.034666 -1.917629
-0.367940 0.999806 -1.792784
-0.339471 1.029176 -1.723886
0.288102 1.098144 -1.081205
0.245646 1.745756 -1.137416
0.201384 1.717293 -1.136450
0.188554 1.686048 -1.093116
0.209548 1.715616 -1.092562
0.236990 1.804906 -0.498011
0.254660 1.887941 -0.537500
0.269775 1.901132 -0.493271
0.286348 1.876069 -0.408513
-0.332755 1.876531 -0.379054
-0.356669 1.913465 -0.419448
0.244875 1.941018 -1.132767
-1.066201 1.901786 -1.761300
-1.047265 1.827433 -1.061505
-1.612338 1.792130 -1.057070
-0.949253 1.803903 -1.115502
-1.567318 1.801636 -0.521543
-1.549583 1.735495 -0.476272
-0.900777 1.641222 0.241922
-0.223617 1.602510 -0.981537
-0.193024 1.630111 -1.023807
-0.196795 1.674339 -1.059165
-0.206703 1.680265 0.876210
-0.789927 1.658720 0.301945
-0.093208 1.655354 1.597962
-0.036261 1.671015 3.037491
-0.031328 1.067056 3.114285
-0.679741 1.692094 2.474942
-0.654199 1.058729 2.476727
0.023011 1.063803 1.809540
0.653896 1.069662 1.785481
0.013651 1.088092 2.350579
-0.006087 1.108925 4.219188
0.631055 0.516503 4.789807
0.660305 -0.770329 4.753824
0.675825 -0.845083 4.141802
0.037329 -0.876875 4.179063
0.628776 -0.851091 2.837557
0.605046 -0.188098 2.769052
0.591223 -0.211028 1.391884
0.569704 -0.252444 1.415615
0.519148 -0.239362 2.767192
0.472887 -0.166800 2.782062
0.487419 -0.105009 3.380369
-0.109287 -0.091952 3.330692
1.117043 -0.111711 3.364811
1.118632 -0.097671 2.774455
1.093274 -0.046711 2.802696
1.094934 -0.009442 2.742875
1.728365 -0.007454 3.309874
1.730513 -1.360775 1.381229
1.693784 -1.303069 0.720867
1.069465 -1.232101 0.680585
0.430336 -1.214859 1.248116
-0.103822 -1.262837 1.184780
0.572676 -1.321471 1.177902
0.564826 -1.338660 1.224367
0.544293 -0.688969 1.271577
0.527007 -0.695757 1.281034
0.497607 -0.098714 0.588629
0.447477 -0.119167 -0.744885
0.379951 -0.102245 -0.100956
0.337575 -0.077458 0.579986
-0.302734 -0.083684 0.592103
0.309220 -0.798145 0.591723
0.322316 -0.851191 1.285276
0.352957 -0.875492 1.948576
-0.218995 -0.869652 1.976860
-0.840394 -0.859933 1.973796
-0.822766 -0.881274 1.923607
0.454858 -0.911983 1.855125
1.080084 0.356141 2.462561
0.444274 -0.242053 2.412757
0.491677 -0.174073 2.371067
-0.100729 -0.168720 2.359459
0.561519 -0.217032 1.742014
0.573994 -0.253515 1.798476
0.613598 -0.234434 1.231833
0.016803 1.105423 3.076798
0.038622 1.117046 3.056398
0.647894 1.080181 2.414702
-0.030170 1.034506 2.404112
-0.045270 1.699572 2.382554
-0.013737 1.760541 2.991236
0.024058 1.823089 4.419346
0.033959 1.829367 4.455698
-0.590222 1.803490 4.531821
-0.553598 1.801684 4.582392
-0.485092 1.834898 4.556793
-1.676655 1.223668 4.504453
-1.694075 1.189553 4.472723
-1.770047 1.140019 4.472771
-1.826710 1.127509 5.082140
-1.815859 1.164502 5.029827
-1.122988 1.202179 5.034574
-1.104731 1.204886 5.072340
-1.127501 1.184249 5.093868
-1.139798 1.812553 4.454624
-1.108144 1.826349 4.424546
-1.075614 2.447890 4.421534
-1.748447 2.427188 4.433348
-1.818280 2.404179 4.421134
-1.862782 2.403960 4.373394
-1.834175 2.429886 4.340456
-1.137228 2.457560 4.381881
-1.113232 2.458567 5.143973
-1.124265 2.444307 5.187363
-1.128323 2.436353 5.163072
-1.101770 2.446068 4.462859
-1.080546 2.460785 5.144758
-1.109057 2.460577 5.203419
-1.175188 2.446054 5.220033
-1.224512 2.422575 5.162861
-1.221365 2.413028 5.115761
-1.177720 2.427465 4.481996
-1.136039 2.442776 4.579813
-1.111778 2.436207 4.644317
-1.092885 2.418995 4.646997
-0.443650 2.426895 4.632377
-0.419204 1.797751 4.646343
0.929258 1.804312 4.692045
0.865603 1.781897 3.989485
0.775324 1.750016 3.950587
0.741641 1.750442 4.618403
0.786718 1.789071 4.625770
0.844875 1.837066 4.651449
0.859045 1.862287 4.634018
0.841539 1.866471 4.570362
0.830718 1.873837 4.491513
0.836785 1.897684 4.449314
0.824156 1.920452 4.405855
0.728300 3.191508 4.950641
0.646901 2.551463 4.846909
-0.115341 2.563020 4.806708
-0.850731 2.592494 4.212014
-0.869196 2.604884 4.265425
-0.782875 2.599553 4.281403
-0.739303 2.617112 4.268178
1.318601 2.649498 4.282441
0.636789 3.899031 4.342445
0.597772 3.876806 4.380636
1.262651 3.838374 4.375320
0.014369 3.823738 3.684420
0.043792 3.837685 3.712319
0.000843 3.853206 3.773339
-0.650586 3.149282 3.800470
-1.254799 4.389856 3.778765
-1.184449 4.358232 4.417618
-1.754197 3.757389 4.425106
-1.125120 3.727461 4.441148
-0.558755 3.667496 4.407148
-0.574812 3.622745 3.760252
0.739019 3.595836 3.737090
0.064891 3.573266 3.797030
-0.584255 3.554800 3.873110
-0.599149 3.565164 3.870906
0.119386 3.610358 3.817639
0.816927 3.654291 3.805336
0.170639 3.656398 3.881435
0.140804 2.459523 3.297635
-0.526175 2.438390 3.287296
-1.765228 2.434757 3.199354
-1.762528 2.445722 3.835709
-1.178933 2.450439 3.892908
-1.183318 1.830962 3.986777
-1.156749 1.823979 3.983980
-1.112093 1.818684 3.209816
-1.073820 1.810090 3.736581
-1.071347 1.799561 3.756879
-1.083167 1.783214 3.821948
-2.337726 1.765732 3.199554
-2.353797 1.755135 4.427532
-2.355059 1.745175 4.357133
-2.368183 1.744688 4.392753
-2.382975 1.765741 4.468868
-1.754335 1.808418 3.815200
-1.718462 1.828746 3.742882
-1.675695 1.792238 3.676774
-1.668654 1.725755 3.677998
-1.697022 1.689151 3.701504
-1.111024 2.322361 3.673723
-1.119330 1.704477 3.603229
-1.107886 2.303622 2.888671
-1.744089 2.279011 2.910908
-1.767006 2.301551 2.969017
-1.144782 2.378119 3.000825
-1.137038 2.449772 3.000815
-0.456477 2.465490 3.712380
-0.444251 2.427584 3.783305
-0.465582 3.002869 3.857033
-0.493066 3.019540 3.864833
-0.495188 2.439462 3.167318
-1.140152 2.442136 3.147716
-1.145624 2.391851 3.183002
-1.171821 1.760014 3.226670
-1.203440 1.788794 3.214494
-0.525120 1.842510 3.165261
-0.511400 1.849646 3.136266
-0.513440 1.799023 3.146756
-0.536685 1.767505 3.149781
-0.559348 1.794746 3.102879
-1.212461 1.858971 3.049498
-1.176920 1.893372 3.001085
-1.142667 1.881149 3.667692
-1.121386 1.884627 3.678881
-1.091855 1.940967 3.668643
-1.040396 2.017166 3.659044
-1.680183 2.053724 4.254440
-1.658205 2.672452 4.300975
-1.039580 2.653386 4.335195
-1.026871 2.652252 4.321233
-0.988471 2.656706 3.683324
-0.991606 1.425820 3.682319
-1.052108 1.383631 3.119450
-1.115189 0.690051 3.134887
-2.354996 0.636655 3.124931
-2.326328 -0.005171 3.119319
-2.338179 0.047392 3.136650
-2.390445 0.067270 3.775778
-2.418868 0.051561 4.415398
-2.381975 0.057660 4.400898
-2.948365 0.091282 3.762810
-2.959776 0.118513 3.766231
-3.032465 0.103389 3.784356
-3.086078 0.079355 3.801082
-3.066802 0.091579 3.793132
-3.012733 0.133530 3.797544
-3.008432 -0.449816 3.842711
-3.051411 -0.460378 3.898150
-3.076706 -0.451177 3.908357
-1.720622 0.198213 3.874189
-1.682539 -0.398847 3.858084
-1.681122 -0.418950 3.868938
-1.718088 -0.478757 3.867289
-1.728616 -0.515102 3.828114
-1.666960 -0.518628 3.789879
-1.575321 -0.511655 3.796244
-0.917512 -0.501115 3.809587
-0.929713 -0.489334 3.790661
-0.937255 -0.483643 3.747588
-0.898477 -0.482483 3.726440
-0.843404 -0.498451 3.742255
-1.411217 -0.541641 3.104089
-1.454860 -0.575055 3.077048
-1.501776 0.676854 3.063300
-0.847900 0.695292 3.098743
-1.511896 0.024685 3.145090
-1.549010 0.041408 3.138113
-1.043495 0.113089 3.099106
-1.116666 0.182960 3.088137
-1.137119 0.186996 3.133534
-1.144118 0.133593 3.181083
-0.565271 0.098788 3.171177
-1.263156 0.745893 3.791279
-1.328178 0.751692 2.528809
-1.922574 0.709457 2.563896
-1.901710 0.025319 2.590441
-1.914227 -0.590930 1.883986
-1.936379 0.121385 1.814928
-1.909618 0.115123 1.750956
0.066460 0.037555 1.732837
0.119964 -0.032273 1.732104
-0.533678 -0.036187 1.721533
-0.518426 -0.009753 1.713352
0.189490 -0.026351 1.723143
0.262083 -0.083886 1.733594
-0.372469 -0.102630 1.708223
-0.411449 -0.050531 1.649341
0.203649 0.013535 1.602545
0.229944 0.033511 2.202077
0.295074 0.004681 2.202545
0.921488 -0.027805 2.171365
0.882622 -0.042491 2.122981
0.200952 -1.326093 1.486555
0.227561 -1.352033 1.517265
-0.373117 -1.351365 0.921605
0.296081 -1.328747 0.901437
0.249393 -1.305678 0.886829
-1.100539 -1.275570 0.925441
-0.393504 -1.228797 1.018372
-0.331643 0.028103 1.096981
-0.307205 -0.001788 1.125321
-0.369745 -0.054838 1.138504
-1.100359 -0.077302 1.197412
-1.076065 -0.043948 1.310671
-0.309024 -0.004080 1.401938
-0.245819 -0.616921 1.420053
-0.240370 -0.606716 1.369642
-1.542809 -0.549745 1.946015
-2.186724 -0.461896 1.944094
-1.497320 -0.427063 1.957850
-1.507911 -0.461750 1.943864
-0.849660 -0.514470 1.890352
-2.157892 0.083432 1.846596
-1.545583 0.735911 1.856664
-1.527136 0.710563 1.890566
-1.505793 0.036638 1.900914
-2.158949 0.020305 1.852912
-1.502558 0.707478 1.776111
-1.504684 0.089291 1.754859
-1.504758 0.042540 2.480942
-2.174677 -0.031552 2.529886
-1.573821 -0.050191 2.508566
-1.584564 -0.014963 2.465395
-1.572380 -0.005196 1.852829
-1.560186 -0.043377 2.497381
-1.586427 -0.050989 3.872801
-1.633586 0.019954 3.206348
-1.659331 0.110387 2.516134
-1.645300 0.116389 2.508630
-1.631888 0.043994 2.556847
-1.632668 -1.835058 2.616557
-1.636619 -1.798408 2.638234
-0.962380 -1.792695 2.627940
-1.580270 -1.871072 2.622080
-1.554932 -1.951810 2.654425
0.327194 -1.952596 2.692378
0.287153 -1.893227 3.313733
0.302106 -1.859863 3.240698
0.995580 -1.896075 3.165795
1.000099 -1.939081 3.793558
0.310178 -1.328844 3.841516
0.253950 -1.277301 3.891254
0.880794 -1.262355 3.880415
0.281897 -1.301322 3.176859
-0.346486 -1.944259 2.538227
-0.409550 -1.904244 3.260809
-1.066819 -1.815740 3.339179
-0.387272 -2.376737 3.327603
0.923606 -2.372120 3.249561
0.234988 -2.392168 2.599207
