0.108064 2.353169 -0.030203
0.200027 2.392460 -0.704386
0.257942 3.049757 -0.667376
0.881197 3.029321 0.059159
0.856688 3.029294 0.070049
0.212537 3.071775 -0.620123
0.235852 3.115030 -0.704930
0.232190 3.130006 -0.701954
0.177464 2.499327 -0.639898
0.112709 3.173311 0.045966
0.762718 3.241925 0.021506
0.771828 3.291779 0.019327
0.788978 3.284869 -0.569498
0.782203 2.642191 -1.107479
0.766273 2.654432 -1.066237
0.772133 2.696645 -1.111409
1.417655 2.685527 -1.163121
1.450996 2.643112 -1.147759
1.444414 2.638855 -1.729945
1.416757 1.338748 -1.727621
1.408929 1.351813 -1.780197
1.428241 1.290507 -1.796038
1.452113 1.221294 -1.741278
1.442055 1.214772 -1.694586
1.412379 1.261041 -1.725773
1.392643 1.280839 -1.813839
1.400501 1.230845 -2.447864
1.404455 1.191175 -1.813515
1.382923 2.512050 -1.794376
1.340359 2.543917 -1.827496
1.306216 2.540276 -2.476362
1.310874 2.504511 -1.214596
1.335418 1.265731 -0.407359
1.333672 1.294870 -0.389670
1.302331 1.307418 -0.450481
1.287005 1.285034 -0.500848
1.309650 1.264793 -0.483100
1.336577 1.270962 -0.436605
1.307889 1.277399 1.454591
1.229659 1.265470 0.813137
1.169579 1.247381 0.781237
1.164770 1.250586 0.818427
1.191999 1.263712 0.880688
1.188640 0.649310 0.238190
1.144561 0.612409 0.175325
1.119017 0.591506 0.108786
1.156830 0.594323 0.094912
0.578982 0.604590 -0.498503
0.572645 0.607275 -0.505118
0.498442 0.608422 -0.582475
0.446988 1.950095 -0.001614
0.481652 2.000356 0.043827
0.549689 0.805221 0.146141
-0.068961 0.850897 0.199029
-0.115589 0.869338 -0.510593
-0.117349 0.902205 -0.546336
0.622929 0.948088 -0.511504
0.705992 0.967381 -0.440810
0.100726 0.926355 -0.426914
1.349574 0.866130 -0.468376
1.314651 0.842395 -1.777540
1.342557 0.848846 -1.713910
1.362372 0.841096 -0.339729
1.344312 0.807461 -0.280057
1.312371 0.770518 0.356079
1.326853 0.752820 1.520678
2.047002 0.753415 1.518354
2.061984 0.743761 2.178450
2.034473 0.713515 2.211402
1.358521 0.688129 3.397494
1.366571 0.709840 3.334985
1.371659 0.771487 1.338540
1.932144 0.159269 1.345932
1.861744 0.167891 1.369458
1.834072 0.773625 2.034289
1.233797 1.442223 -0.672966
1.863970 1.471067 -1.385997
1.860182 1.471531 -1.401110
1.272188 1.426678 -1.401886
1.268514 1.370919 -1.437482
1.271824 1.348828 -1.488621
1.262157 1.370953 -0.877794
1.239074 1.391674 -0.866034
1.222362 1.373905 -0.848253
1.218808 1.329340 -0.866687
0.584893 1.289665 -0.889949
0.611190 0.646305 -0.875992
0.646825 0.647462 -0.820162
0.677558 0.014048 -1.450755
0.666385 0.004903 -1.482593
1.234927 -0.005391 -1.480964
1.195055 0.010072 -1.397784
0.575683 0.029554 -1.301752
0.551475 0.039575 -1.908084
-0.113071 0.025372 -1.920321
-0.125342 0.017040 -1.884838
-0.110966 0.047332 -1.807317
0.601948 0.721105 -1.783501
0.620446 0.758690 -0.490956
0.590846 1.474609 -0.564619
1.848125 0.856342 -0.595854
1.820118 0.882198 -1.778346
2.443347 0.884041 -1.745640
2.438215 1.456667 -1.791005
2.414290 1.435244 -1.151945
2.409308 1.439093 -1.170996
2.453015 1.436315 -0.528097
2.515523 1.395949 -0.541973
2.535495 1.352690 -0.594292
2.520907 1.353128 -0.633424
2.528550 1.384444 -1.274122
3.182112 1.402869 -2.539758
3.221208 0.064894 -2.526233
3.203450 0.039182 -2.563881
3.173984 0.032739 -1.992135
3.189067 0.056061 -2.011380
3.241962 0.076583 -2.017487
3.911830 0.067013 -2.071371
3.879830 0.053058 -2.152644
3.840740 0.068743 -2.858571
3.841567 -1.246838 -2.822525
3.849773 -1.232702 -2.761485
3.799590 -1.241469 -2.756888
3.705028 -0.623469 -2.796315
3.628833 -0.641137 -2.824170
4.287997 -0.673005 -2.802782
4.311049 -0.709335 -2.137750
4.305392 -0.725836 -2.153560
4.267650 -0.711376 -2.216289
4.258598 -0.695745 -2.256363
3.642963 -1.352702 -1.572641
3.025005 -1.360806 -1.476968
1.797762 -1.347471 -1.440023
2.390843 -1.320212 -2.081283
3.027220 -1.309011 -2.099360
3.086314 -1.326795 -0.793971
3.154873 -1.329008 -0.734289
3.187544 -1.275424 -2.027378
3.194787 -1.193945 -2.074272
3.849204 -1.144510 -2.101230
3.868378 0.126498 -2.060823
3.875233 0.186245 -1.981235
3.853680 0.280285 -1.940749
3.242356 0.326238 -4.532069
3.223135 0.303797 -3.233141
3.227612 0.279383 -3.208738
3.905207 0.923416 -3.167331
3.906508 0.342738 -3.131171
3.877684 -0.264203 -3.127611
3.843664 0.300806 -1.888190
3.842739 -0.330440 -2.480290
3.840735 -0.279853 -2.399158
2.549726 -0.243265 -3.559362
3.162827 -0.294015 -3.522093
3.162031 0.260288 -3.514981
3.216869 0.214776 -3.506110
3.280214 0.239599 -3.466749
2.652395 0.256379 -2.779382
3.323700 0.827248 -0.937988
2.722374 0.791367 -0.991035
0.778340 0.204413 -1.658934
0.754519 0.269861 -1.636280
1.314184 0.300419 -0.381299
1.265957 0.272739 -0.990495
1.254614 -1.020874 -0.997599
1.255788 -0.985961 -1.007594
1.840174 -0.943651 -1.019165
1.828044 -0.946779 -0.449423
1.861350 -0.992210 -0.486162
1.928993 -1.001578 -0.475514
1.944211 -0.964739 -0.516338
1.887994 -1.599865 -0.521364
1.822954 -0.380564 -0.476708
1.823032 -0.447708 -0.427034
1.887402 -1.128134 0.222669
2.570670 -1.129671 0.214572
2.557086 -1.149147 0.218988
1.893927 -1.829281 -0.340979
3.277553 -1.860178 -0.312414
2.744828 -1.831331 -0.308227
2.752589 -1.765629 -0.300029
1.365896 -1.728627 -0.885103
1.300155 -1.133879 -0.252788
1.942369 -1.764453 -0.227579
1.952101 -1.768296 -0.213775
1.915608 -1.777464 -0.196583
3.092066 -1.188774 -0.182803
3.069074 -1.194372 -0.197333
3.112201 -1.155518 -0.243889
2.514407 -2.350541 -0.275898
2.497530 -1.068499 -0.280958
2.452531 -1.073257 -0.274905
2.434990 -1.716722 -0.295352
2.424614 -2.332081 0.284388
2.393151 -1.742813 -0.353449
2.981144 -0.598627 -0.362713
1.749249 0.694037 -0.381471
1.149502 0.694194 -0.432530
1.168524 0.737731 0.152007
1.167987 0.772626 0.162075
1.802038 0.778303 0.214978
1.863998 0.761165 0.246800
1.901661 0.759897 0.224239
1.879435 -0.473200 -0.405940
1.847932 -0.476871 -0.410222
1.858811 -0.523816 -0.399816
1.891138 -0.560561 -0.423380
1.266635 -0.519375 -0.480526
0.552819 -2.334019 -0.518680
0.519524 -2.295594 -0.503524
-0.095203 -2.322392 -0.454404
1.248316 -2.363201 -0.447932
1.861516 -2.354327 -0.481227
1.111179 -2.321203 -1.111571
1.019134 -2.314779 -1.069708
0.330233 -2.349200 -0.407003
0.338138 -2.389258 -0.420582
0.301086 -2.398748 -0.467738
0.231555 -2.407533 -0.457760
-0.428598 -2.430056 -0.361925
-0.366634 -2.460208 -0.251117
-0.935547 -1.857168 0.373395
-0.957352 -1.869696 0.917196
-1.039695 -1.889894 2.102282
-1.725378 -1.910621 1.535925
-1.701093 -1.913880 1.539949
-2.317862 -1.891709 0.252533
-1.127511 -1.844912 0.132642
0.111205 -1.825357 0.072955
-1.103024 -1.840966 0.091874
-1.030205 -2.489304 0.110351
-0.959613 -2.463358 -0.597842
-0.277971 -2.420195 -0.690130
1.052778 -2.403653 -0.691948
1.063388 -2.409833 -0.609977
1.695679 -2.398063 0.071184
1.712537 -1.728957 0.079929
1.095018 -1.712444 0.024330
0.488862 -1.713283 1.885653
1.105130 -1.727500 1.941108
0.435417 -1.081194 2.617014
1.088040 -1.107041 2.620661
1.110569 -1.806003 2.596153
1.123404 -1.859893 2.604897
2.349565 -1.890611 2.016805
2.303776 -1.292472 0.784807
2.300466 -0.663120 0.768485
2.951209 -1.295067 0.081891
3.612083 -1.344796 0.077691
3.603311 -1.960748 0.093067
2.910351 -0.636499 0.085460
2.922949 0.021276 1.414571
2.963025 -0.650112 1.456983
1.730980 -0.761854 -0.385833
1.137272 -0.151631 0.238942
1.123106 0.517284 0.241793
1.097691 0.580931 0.246759
1.091216 0.552533 0.248852
1.736944 -0.139736 0.232717
1.750931 0.469999 -0.440580
1.136830 0.567312 -0.464574
0.458714 0.096569 -0.433959
0.440309 0.090300 0.212754
0.444042 0.023300 0.205353
-0.167273 0.023536 0.191202
-0.205399 0.127163 0.206978
-0.269329 0.236691 0.259894
-0.315818 0.870285 0.303504
0.329287 0.809457 -0.329990
-0.911792 0.816676 -0.347051
-0.878352 0.921094 -0.939999
-0.204596 1.008110 -0.917890
-0.832337 0.987055 -1.550010
-0.169290 0.883612 -1.572954
-0.059046 0.846046 -0.966384
1.264467 0.907995 -0.953882
1.288027 0.952891 -0.943117
0.634523 0.902931 -0.345160
0.696568 0.825394 -0.394183
0.768050 0.220607 1.399150
0.237862 0.948741 1.992159
-1.001275 0.979240 2.615323
-1.629082 0.941759 2.576887
-2.211563 0.256519 3.135952
-2.174569 0.283915 3.102826
-1.544155 -0.303712 3.119331
-1.002208 -0.286531 3.777909
-1.725872 -0.927108 3.190885
-2.422654 -0.298331 3.194803
-2.429414 -0.254003 3.186828
-1.811343 -0.214358 3.183710
-0.650029 -0.207604 3.182303
-0.697357 -0.234298 3.166158
-0.732160 0.366160 3.143184
-0.761221 0.361873 3.132387
-0.812787 0.359018 3.139654
-0.243657 -0.287180 2.528635
-0.268698 0.350438 3.179924
-0.254920 0.993448 3.194439
-0.220330 0.347648 2.560812
-0.202605 1.616804 3.162635
-0.177083 1.596127 3.117822
-0.120067 0.909492 3.085701
-0.067218 2.099689 2.459437
-0.046812 2.693584 2.487354
-0.066985 2.043066 2.512313
1.180240 2.046888 2.515649
1.218531 2.045299 2.505943
1.250930 2.040958 1.898913
1.244808 1.430149 1.949862
1.232219 1.483961 2.596171
0.050084 0.885601 2.559646
0.125043 0.868205 1.843749
0.162514 -0.477644 1.853067
0.815662 -0.510817 1.908581
0.784255 -1.145760 1.950779
0.148588 -0.509601 1.966297
0.118708 -0.574547 1.381004
0.008228 -0.031703 1.454496
-0.033818 1.209284 1.511783
-0.016550 1.259110 1.500715
0.037089 0.661159 1.435826
0.106607 -0.011525 0.757014
0.131797 0.512543 0.768608
0.157606 0.493312 0.791537
-0.468609 0.545029 0.786201
0.767964 0.578176 0.778509
0.730702 0.549097 1.412582
1.313491 0.511466 1.428154
1.326258 1.172906 1.406482
1.329317 1.252669 1.343994
1.335641 1.302926 1.290820
1.356005 0.662498 1.265088
1.373772 0.661397 1.260664
2.523250 0.715005 1.254505
1.889405 0.790898 0.590987
1.874091 0.839928 0.601181
2.513563 0.267696 0.622242
2.521996 0.253650 0.634238
3.150589 1.559611 0.619647
3.155731 0.355071 0.595721
3.148742 1.615176 0.582705
2.475213 1.596352 1.188264
1.848056 1.541259 1.188397
1.817875 0.864671 0.577843
1.760301 0.859923 0.589506
1.677952 2.123933 0.010430
1.646551 2.085021 0.692535
1.667432 2.036894 0.708241
1.696034 2.021716 0.692467
1.063290 3.256841 0.674606
1.047899 2.626820 0.676150
1.043993 2.006375 0.076180
1.056511 1.392710 0.103920
1.687083 2.037419 0.143531
1.657564 2.704519 0.221573
0.400486 2.719143 0.921411
1.000860 1.493172 0.946794
1.656342 1.564274 0.955077
1.688207 1.611299 0.949773
0.425802 1.613109 0.944452
0.456766 1.614808 0.956893
1.110919 1.654747 0.983286
1.088433 2.348208 0.388525
0.379443 2.384959 0.430495
0.326089 3.616312 0.423579
0.288547 3.610491 -0.936040
0.271067 3.602554 -0.945064
0.893271 3.596635 -0.929266
0.881006 3.577923 -0.287114
1.537154 2.867546 -0.321362
1.566105 2.789231 -0.352532
1.621652 2.759716 -0.347351
1.644331 2.745122 -0.959500
2.235424 2.723198 -0.293046
0.884983 2.701526 -0.306236
0.904971 2.723282 -0.996113
1.657463 2.752889 -0.975207
1.083164 2.166250 -0.921851
1.108067 2.154694 -0.908042
1.102486 2.110515 -0.947919
1.121873 2.090835 -0.990759
1.161062 2.719461 -0.964390
1.173767 2.781909 -0.894319
1.137020 2.814213 -0.870336
1.092483 2.790267 -0.919870
1.086876 2.772421 -0.979418
0.505581 2.186099 -0.968775
-0.118391 2.271519 -0.914677
-0.758020 2.300898 -0.897829
-0.793305 2.890596 -0.939970
-1.455274 3.456758 -0.392442
-1.444983 3.442031 -1.015181
-0.814081 4.074680 -0.306346
-0.871310 4.011941 0.388142
-0.254970 2.666348 0.364368
-0.866025 2.631294 0.963535
-0.233377 2.650621 0.943251
-0.209087 3.250507 -0.292201
0.405894 3.251193 0.269691
0.371855 3.204790 0.220982
0.398778 3.170250 0.159403
0.456926 2.553667 0.128675
0.474756 2.601131 0.145638
-0.162111 1.286583 0.171080
-0.213392 0.595849 0.168344
-0.213851 0.600684 1.346713
-0.177607 1.287572 0.717846
-0.158174 0.138832 0.709065
-0.180094 -1.168800 0.713111
-0.185236 -1.806458 0.702267
0.479674 -1.154742 0.660096
-0.089252 -1.839042 0.621442
-0.640595 -2.468444 0.624997
-0.050554 -2.485703 0.674154
-0.684489 -1.803369 0.735372
-0.682884 -1.204827 0.753292
-0.631923 -1.817614 0.738026
-0.612252 -3.071782 -0.437863
-0.651499 -1.792278 -0.379546
-0.066923 -1.707949 -0.339520
0.597572 -1.692411 -1.016885
-0.011261 -1.808339 -1.692575
-0.064055 -1.868965 -1.713109
-0.150694 -3.053561 -1.673991
0.399889 -3.013022 -1.012466
0.429936 -3.014847 -1.594674
0.420798 -3.055013 -0.363235
0.395075 -3.076711 -0.381166
0.367758 -2.393324 -1.022312
0.371004 -2.342510 0.157400
0.398776 -1.746072 0.732547
0.415656 -3.045726 0.650955
-0.287597 -3.068200 -0.034583
-0.343530 -3.067641 -0.048147
-0.366075 -3.087812 -0.056885
0.249463 -3.136154 -0.045397
-0.300791 -3.136322 -0.000258
-0.295314 -3.073023 0.653330
0.946064 -3.027120 0.694175
0.986451 -3.066617 0.717486
1.079315 -3.152597 0.105522
0.526338 -3.158330 0.073837
0.538305 -2.469684 0.066672
0.506602 -1.860633 0.077564
0.487551 -1.914798 -0.507601
0.511623 -1.955835 -1.704070
0.528859 -1.934895 -1.650582
-0.104171 -2.503914 -1.624556
2.451954 -3.139468 -2.920380
2.428297 -3.815194 -2.938908
2.476360 -3.835442 -2.934920
2.529387 -3.785034 -2.955004
1.890889 -3.715640 -3.006486
1.817675 -3.694287 -3.631357
1.733300 -3.716993 -3.599138
2.367909 -3.724292 -3.531744
2.385074 -3.027611 -3.507015
2.986911 -2.970598 -2.913178
2.992282 -3.584553 -2.943756
1.165133 -3.632782 -2.913214
0.608320 -3.644754 -2.871583
0.628317 -3.599829 -2.902831
1.208694 -3.573666 -2.988868
1.202584 -3.605090 -3.018604
1.221480 -3.659836 -2.953501
1.250573 -3.071100 -3.502107
1.863286 -3.036629 -4.166579
2.464278 -2.385612 -4.227230
2.505692 -2.415190 -4.235286
2.559802 -2.467166 -4.189395
2.600436 -2.468431 -4.180734
2.622374 -2.437139 -4.237280
1.389881 -1.824878 -4.281913
0.729949 -1.794763 -2.998891
0.695064 -2.488047 -2.936900
1.282843 -2.493005 -1.661181
0.668585 -1.879979 -1.016334
1.220454 -1.891926 -1.040104
0.589112 -2.538616 -1.016147
0.583959 -1.947642 -0.320461
1.174745 -1.947248 -0.290496
1.153499 -1.324541 -0.310466
0.502473 -0.685417 -0.335148
-0.152561 -1.946036 0.985765
-0.164473 -3.179556 1.058866
0.454191 -2.531719 1.123057
0.460902 -1.879630 1.140024
-0.150082 -3.149413 1.138373
0.470738 -3.753739 0.479467
1.115663 -2.489333 -0.104659
1.835934 -2.427985 -0.081777
1.852723 -2.381106 -0.118845
1.809165 -3.627411 -0.177535
2.973494 -3.649161 -0.197230
2.957036 -2.353497 0.454758
2.960461 -2.336017 1.104421
3.532464 -2.347826 1.069396
3.473206 -3.007671 1.021730
2.793513 -3.052696 1.017728
2.180796 -3.044984 1.723029
2.172847 -1.226506 1.735781
2.124474 -2.462503 1.679936
2.058526 -2.464646 0.989063
2.030209 -2.486093 -0.246198
2.659171 -2.502785 -0.201396
2.628220 -1.864269 -0.869655
2.491763 -1.856878 -1.567532
2.470104 -1.880765 -1.579789
2.513315 -1.289298 -1.556536
2.552885 -1.969541 -1.520424
1.897181 -1.952593 -0.897819
1.211112 -1.931309 -0.911984
1.230588 -1.945527 -1.500747
1.278604 -1.316355 -1.436943
1.285363 -1.278928 0.500989
0.636796 -0.581871 -0.187060
0.582984 -1.178611 -0.220912
1.244747 -0.565481 -0.187828
1.284069 -1.245098 -0.110789
1.931805 -1.263030 -0.097155
1.918301 -2.480919 0.444855
1.335463 -2.427323 0.379922
1.387569 -2.404281 0.405621
2.095484 -2.425783 -0.771465
2.127976 -2.441829 -0.769625
0.788049 -1.793982 -0.828650
0.776055 -1.752778 -0.855317
0.798147 -1.736037 -0.786781
0.833633 -1.773965 -0.731136
0.856262 -1.819253 0.482301
0.852110 -1.836987 0.414982
0.861383 -1.828014 -0.191642
0.900461 -1.179343 -0.731397
0.303709 -0.546415 -0.697677
0.303219 -0.560639 -0.114433
0.259971 -0.610623 -0.147846
0.253701 -0.642247 -0.740597
0.289900 -0.635461 0.585568
0.330637 -0.631683 0.604756
0.336584 -0.664605 0.548339
0.328037 -0.720015 0.504731
1.637810 -0.733018 0.471649
1.046674 -0.684581 1.148148
2.285973 -0.636621 1.037617
4.139688 -0.662232 1.592371
4.056729 -0.718162 2.865772
3.993242 -0.160028 2.927231
3.316568 -0.147547 2.351193
3.256842 -0.140190 2.306177
3.194645 -0.169449 2.866540
2.461888 -0.196723 2.209299
1.914193 -0.174929 2.281941
1.309440 -0.110787 1.700139
1.884399 -0.067159 1.673185
2.442323 -0.079621 1.621595
2.407206 -0.109178 1.643646
3.044549 -0.127737 1.735108
3.724334 -0.136982 1.780077
3.715209 -0.153827 1.729862
3.711815 0.467447 1.597562
3.174316 -0.202442 1.593037
3.250992 0.462703 2.273092
2.654869 1.102001 2.311984
2.674594 0.493964 2.279857
3.266297 -0.145420 2.233453
3.249577 -0.127984 2.244445
3.266023 0.513523 2.301243
3.277653 1.700364 2.970408
3.246014 2.361941 2.919304
3.847013 2.452880 2.835816
3.847087 2.494081 2.795425
3.883730 3.069614 2.800417
2.740457 1.762670 2.783688
2.119961 1.777414 2.716993
1.451409 1.853429 2.667185
1.462558 1.876028 2.050185
1.483848 1.797761 2.131041
0.836169 2.305850 0.848311
-0.518615 2.266576 0.809923
-0.585808 2.281358 0.086918
-1.228604 2.281303 0.117830
-1.223021 1.608114 -0.436154
-1.209188 1.546154 0.303516
-1.223182 2.150466 -0.365536
-1.232612 2.210775 0.258248
-1.814945 2.274843 0.274841
-1.742114 1.619896 2.371098
-1.679105 1.480819 3.034424
-1.662314 1.434266 2.995832
-1.651772 2.134462 2.938443
-1.610094 1.556037 2.918436
-1.560409 1.508410 2.922927
-0.922780 0.764880 2.902244
-0.939656 1.386070 3.468814
0.321780 0.801575 4.037436
0.338365 1.465932 4.030493
-0.372266 2.087489 4.032723
-0.379177 2.058284 4.029199
-0.411834 1.445409 3.388878
-1.034743 2.129218 3.358770
-1.688007 1.550379 3.321864
-1.749086 1.528843 1.339039
-1.823042 1.510639 1.325963
-1.872739 1.498293 1.319093
-1.238893 0.872777 1.295169
-1.240595 1.506752 1.267051
-1.232347 0.900014 1.305515
-1.209417 0.921002 1.358849
-3.071954 1.521725 1.402565
-3.041582 2.724370 1.411626
-3.030258 2.105838 1.402877
-3.036609 2.126346 1.411036
-3.025878 2.783032 1.426958
-2.983099 2.181684 1.457377
-2.929914 2.140949 1.463486
-2.872139 1.421460 1.467430
-2.814485 1.431440 1.495910
-2.764151 1.446760 0.922019
-3.395455 1.416323 0.307202
-2.123169 1.341970 0.279066
-2.146714 1.293207 1.501487
-2.166983 1.988225 1.493183
-1.562428 2.020022 1.474889
-2.202691 1.988028 1.421099
-2.177461 1.985337 2.001055
-1.502027 2.610382 1.958240
-1.491961 2.032818 1.963221
-1.491627 2.039025 1.968832
-1.481080 1.995566 2.626622
-1.473314 1.298786 2.621702
-1.490019 1.942982 2.588312
-0.919855 1.952269 2.556810
-0.943696 1.979877 2.557022
-0.912314 3.203648 2.571467
-1.498176 3.294619 2.569795
-0.807397 2.717574 1.910576
-0.794628 2.700032 2.524969
-0.822353 2.713721 2.516702
-1.450793 3.423000 2.511248
-1.461961 3.426451 1.860149
-1.448805 3.384509 1.142992
-1.475309 3.978020 1.738880
-1.520459 3.956399 1.734098
-1.507960 3.339710 1.730217
-1.432269 3.410195 2.330394
-1.374168 3.439903 2.302736
-1.393436 3.432275 2.305890
-1.451462 4.022970 2.333182
-1.464395 3.413184 2.336895
-1.450725 2.198690 2.311467
-2.097272 2.813618 2.282044
-1.488940 2.774854 2.300118
-1.517292 2.100569 1.718980
-1.514642 2.107809 1.749606
-1.513956 2.158577 1.718893
-2.137259 2.231395 1.726032
-0.868675 2.301101 2.420724
-0.903393 2.343237 2.498418
-0.933865 1.671828 2.557546
-0.950920 2.311263 2.569644
-1.593785 2.287248 1.338225
-0.961938 2.298974 0.687686
-0.968316 2.309348 0.062609
-1.572257 2.915852 -0.620878
-2.166812 4.081805 -1.237092
-1.466658 3.417558 -1.199323
-1.431851 3.471597 -1.143886
-1.454466 3.528378 -1.151718
-1.484268 3.507195 -0.533856
-1.470851 3.419943 -0.559490
-1.420926 3.368733 -0.535164
-1.398445 3.392350 -1.152786
-1.411119 3.431868 -0.523511
-0.804544 4.090137 -0.554559
-0.765360 2.758243 -0.534979
-0.140442 2.163471 -0.422918
0.512727 2.248799 -0.391362
1.089277 2.318408 -1.048144
1.024593 1.706501 -0.433995
1.007034 2.301057 0.858324
1.699542 2.235420 0.859349
1.695673 2.207752 0.862358
1.652327 1.551306 0.860497
0.262025 0.903805 0.841862
0.316582 0.876221 2.208565
0.401236 0.875278 2.191502
-0.800423 1.586586 2.137119
-0.870671 1.686043 2.660987
-1.583322 1.746457 2.592355
-2.217511 1.065281 2.563311
-1.508617 0.976698 3.843767
-0.891629 0.934381 3.844167
-1.571952 0.948334 3.225459
-1.554395 0.958568 1.329580
-0.242054 0.301546 2.009988
-0.794140 0.255966 2.002834
-0.755400 0.890244 1.326738
-0.776241 1.605288 1.284352
-0.229134 1.614094 1.243379
0.408525 1.488737 1.214410
0.422129 1.344293 1.868909
1.089081 1.289585 1.865918
1.090622 0.675231 1.868475
0.494303 0.636645 1.885123
1.716238 0.572302 3.176389
2.354892 1.161420 3.214648
2.354955 1.236520 3.220973
-0.148796 2.018030 3.185268
-1.498643 2.054189 3.167938
-1.551642 1.350720 3.184952
-0.946490 1.285389 2.551087
-0.898074 -0.571669 2.527989
-1.487075 0.078894 2.484380
-1.516217 -1.732490 3.116966
-0.944065 -1.747027 2.534349
0.951417 -1.732568 1.122605
1.021228 -1.671469 1.113769
1.065990 -0.961196 1.071656
1.042387 -0.961782 1.735673
1.006673 -1.014870 1.139512
1.032644 -1.041792 1.168025
1.092759 -1.694543 1.135146
1.104581 -1.070427 1.093885
0.399066 -1.701984 1.116463
0.969339 -1.679410 1.178629
0.946927 -0.400041 1.202677
0.917413 0.346501 1.165178
0.905388 -0.251276 1.140858
0.873026 -0.874407 1.155581
0.857919 -0.295572 1.174641
0.843694 -0.362279 1.144384
0.818314 0.255728 1.096106
0.767405 0.250097 1.725544
0.718256 0.254011 2.418470
0.709286 0.244414 2.416755
0.713599 0.245761 2.345980
0.701931 -0.384726 2.929738
0.056085 -0.353806 2.334793
-0.552301 -0.333712 2.996136
-0.449698 -0.324968 2.983548
-0.386287 0.337782 2.957780
-0.392637 -0.888001 3.007354
-0.410600 -1.530510 2.476444
-0.377540 -1.521516 2.539292
-0.325274 -0.810247 2.506672
-0.317135 -0.744188 2.483436
-0.334548 -0.676948 2.551656
-1.642367 -0.650997 2.646434
-2.162037 -1.308662 2.660141
-2.095184 -0.709846 3.182163
-2.101271 -0.728023 2.529099
-1.488205 -0.755631 2.562350
-1.497297 -0.814490 2.624917
-1.518149 -0.233080 2.597014
-0.349805 -0.918933 2.514134
-0.458878 -0.921673 1.277246
-0.529270 -0.920706 1.329714
-1.131253 -0.924593 1.373765
-1.709735 -0.923767 1.327697
-1.676793 -0.908862 1.239974
-1.673653 -0.919165 1.227257
-1.672161 -2.140874 1.290631
-1.647016 -2.170722 1.336305
-1.628767 -1.586133 1.301147
-1.031176 -1.568577 1.247731
-1.042540 -2.150206 1.838299
-0.384001 -2.176406 2.508539
1.006588 -1.557872 2.495571
1.037641 -3.406791 1.793003
1.090063 -3.335128 1.096939
1.130145 -3.340841 1.092377
1.743117 -2.745515 1.133317
1.718239 -2.763534 1.153747
1.674942 -3.399102 0.467635
1.649686 -3.332688 0.478951
1.634872 -3.318129 0.520034
2.279261 -3.341308 1.166428
2.260076 -3.338977 0.578251
0.998362 -3.944928 0.588846
0.404757 -3.904356 1.201596
-0.179156 -3.263445 1.207112
-0.152458 -2.601520 1.854235
-0.160130 -2.589329 2.496105
-0.197709 -2.556631 1.877953
-0.245950 -2.530772 1.856680
-0.295381 -2.541605 2.434624
-0.345990 -2.571810 3.017508
0.920572 -2.578765 4.326514
0.856589 -2.561347 4.328303
1.436489 -2.549868 3.031380
2.066307 -2.583164 2.282571
2.101255 -2.640705 2.246097
2.759226 -2.660164 0.988914
2.076481 -2.632209 -0.291182
0.763648 -2.599115 0.476437
0.724456 -3.957020 -0.159933
0.721966 -4.046433 -1.367667
0.739377 -4.071453 -2.016082
0.128763 -3.994721 -1.304639
0.160543 -3.892773 -1.271415
0.217722 -3.894833 0.014765
0.276137 -3.987509 -0.033186
0.300611 -4.030503 -0.714251
0.287647 -3.962421 -0.692294
0.253929 -3.869140 -0.596838
-2.939505 -3.896730 0.062326
-2.929463 -4.036839 0.029865
-2.318983 -4.120767 -0.030780
-2.323501 -4.072080 -1.389747
-1.013097 -2.032148 -0.660960
-0.975090 -1.366517 0.097348
-0.989047 -1.402830 0.076821
-1.023853 -2.041582 -0.664938
-1.036202 -1.999834 -1.300740
-1.673285 -1.927013 -1.250349
-1.674694 -1.910394 -1.205039
-1.724000 -1.945961 -0.514047
-1.775418 -1.292322 -0.529701
-1.766850 -1.282611 -1.208313
-1.692470 -1.265912 -1.167698
-1.629644 -1.259912 -1.141508
-2.253720 -1.234566 -0.486176
-2.256141 -1.195376 -0.503055
-1.596731 -1.169591 0.776997
-1.558591 -1.191595 0.780134
-2.185081 -1.225094 2.086841
-2.254651 -1.828921 2.094336
-2.315172 -2.463771 2.062833
-2.310953 -1.871959 1.418882
-2.287436 -1.901133 1.429600
-2.300921 -2.517864 2.106331
-2.344560 -2.476549 2.111586
-2.392531 -1.143880 0.804728
-3.720960 -1.120627 0.784922
-3.786735 -0.512462 0.779783
-3.845232 -0.533176 0.774899
-3.866394 -1.175546 0.756137
-3.837619 -1.235314 0.739251
-3.800761 -1.292652 0.737954
-3.793064 -1.373342 -0.579115
-3.782362 -2.019043 -1.263807
-3.737277 -2.044534 0.004127
-4.315426 -2.052862 -0.026240
-3.689876 -1.462946 -1.364844
-4.399824 -1.467440 -1.423878
-4.434804 -2.061216 -1.476369
-4.413701 -2.080315 -0.217946
-4.347295 -1.522754 -0.213036
-3.599000 -0.935524 -0.832679
-1.788237 -0.243362 -0.211382
-1.856170 -0.842907 -0.191849
-1.907108 -0.824591 -0.184980
-1.901724 -1.509313 -0.161420
-1.886751 -1.464728 -0.765936
0.017941 -1.936258 -0.151742
0.007390 -1.851128 -0.167188
-0.008684 -1.811657 -0.177813
-0.021410 -1.258370 -1.371216
-0.010220 -1.262759 -1.343431
0.014946 -1.161997 -1.344073
0.040102 -1.092419 -0.698639
0.058630 -1.132926 -0.657362
0.699829 -0.522172 -0.595831
1.382620 -0.562901 -0.601868
0.176822 0.116296 -0.663257
0.205121 -0.454728 -0.695691
1.426914 -0.454351 -0.666616
0.049342 -1.156113 -0.641978
-0.566386 -1.208786 -0.652826
-0.551177 -1.189707 -0.012674
0.090642 -1.744658 1.185774
0.687081 -1.126464 1.225293
-0.559416 -1.801191 -0.041148
-0.578170 -1.841073 -0.061376
-0.569499 -1.800515 1.150735
-0.543888 -1.723124 1.150352
-0.518098 -2.343571 1.148728
-0.496343 -2.406485 1.146488
-0.467156 -2.452486 1.148834
-0.429856 -2.421464 1.167096
-0.399206 -2.370489 0.589759
-0.389602 -2.392486 0.598299
-0.388387 -3.157759 0.574588
-0.386115 -3.240735 0.523760
-0.401366 -2.583867 1.103869
0.251820 -2.504721 1.079907
-0.426202 -2.520815 0.415089
0.185913 -2.619392 -0.237423
0.178998 -2.671176 -0.274370
0.779581 -2.627680 -0.293354
0.139845 -2.561461 0.349079
0.784715 -2.587265 -0.267312
0.851919 -2.689738 0.351886
1.491823 -2.750270 -0.347346
1.507170 -3.334344 0.225786
1.489869 -3.297465 0.853691
1.456923 -3.298040 0.222373
1.440402 -3.342222 0.273596
1.461147 -3.346994 -0.375529
1.481459 -3.208324 -0.370198
1.501013 -3.146034 0.302461
0.890324 -2.539072 -0.299073
1.605794 -2.601444 0.362343
1.731037 -2.606725 -0.310618
1.767109 -1.919542 -0.379256
1.042998 -2.538348 -0.433051
1.011078 -2.567336 -0.448638
1.023359 -2.552830 -0.458855
1.058352 -0.519454 0.135294
1.057712 -0.458552 0.716474
1.019955 -0.490660 0.695587
0.355588 0.035116 0.708042
0.370260 0.699262 0.739836
0.415472 0.732369 1.362708
1.064383 0.718448 0.710677
1.037380 0.605319 -0.650775
0.986857 -0.163622 -0.639690
0.312457 0.463233 -0.575249
1.027506 0.526264 -0.484306
0.418491 0.533748 -0.424687
1.648859 0.476018 -0.424657
1.580987 -0.193468 -0.443922
1.539420 -0.122473 -0.418659
-0.360242 -0.043127 -0.357338
-1.753538 0.552387 -0.331124
-1.120397 0.484704 0.251267
-1.750833 -0.161398 0.176937
-1.781817 -0.133170 0.161756
-1.822357 -0.102552 -0.415723
-1.208573 0.537876 -0.374699
-3.031106 1.824515 -0.994230
-2.965803 1.905262 -1.656257
-2.947195 2.506765 -2.880687
-2.965918 2.479806 -2.856002
-1.748814 3.092800 -2.197224
-1.693485 2.394603 -2.212674
-1.625132 1.117411 -0.918536
-0.938498 0.498814 -0.922323
0.286412 0.520291 -1.498790
0.274455 0.548847 -1.437428
0.293004 0.571894 0.398382
0.327577 -0.010020 0.402419
0.311922 -0.002153 0.450236
-0.960551 -0.015337 0.496103
-0.992714 -0.059683 1.136201
-1.020576 -0.111164 1.076767
-1.009544 -0.153518 1.656594
-1.008260 -0.161103 1.059312
-0.459768 -0.141117 1.096878
-0.486451 1.177244 1.100178
-0.476652 1.183727 1.031923
-0.435975 0.556544 0.378764
-0.412931 1.211068 -0.235415
0.168484 1.231651 -0.859903
-0.511730 1.251089 -0.894535
-0.518735 1.255314 -0.962556
-0.519360 1.259453 -0.939838
-0.508990 1.286138 -0.960322
-0.488038 1.328649 -0.958750
-0.458576 1.365663 -0.946248
0.852701 0.734136 -0.947894
0.880871 0.744012 -0.943045
0.278154 0.757726 -0.302401
0.309311 0.754058 -0.263676
0.314769 0.724467 -0.227620
0.305573 0.698033 -0.210278
0.293252 0.714667 -0.190487
0.880989 0.740092 -0.137177
0.284226 0.742465 -0.061993
0.275567 1.325678 -0.005819
0.261882 1.348510 0.017149
-0.366551 1.383619 0.033786
-1.008136 1.366255 -0.560121
-1.007672 2.538814 -0.499862
0.935689 2.501286 0.151972
0.938587 2.531431 0.120590
1.511316 2.561585 0.080100
1.489902 2.543841 0.078056
1.515744 3.181766 0.084814
2.164740 1.889625 0.056018
2.125870 2.591786 -0.011071
1.445908 2.635253 -0.059671
1.408569 1.356853 -0.064803
0.796007 1.357751 -0.062132
0.791754 1.436995 -0.098558
0.130113 2.929703 -0.169420
0.728079 3.576560 -0.213567
0.734886 3.587240 -0.218137
1.369714 3.637153 0.410623
1.362012 3.085199 1.627588
0.086140 3.082469 1.584908
0.088906 3.030206 2.767074
0.135559 2.994423 2.779305
0.178383 2.998932 2.198701
0.804910 3.002149 2.243448
0.788375 2.971707 2.276899
2.084812 2.923412 2.312117
2.100803 2.884033 2.361042
2.078046 2.859841 1.785042
