1.280783 -1.277689 -0.602374
1.226522 -0.611559 -0.651831
1.219407 -0.599335 -1.336521
0.111170 -0.622503 -0.694444
0.143660 -0.647584 -2.602104
0.107591 -0.629502 -2.025202
0.057937 0.063120 -2.648552
0.057268 0.626015 -2.054493
0.093779 -0.047376 -2.041539
0.125455 -0.087144 -2.585595
0.104765 -0.080049 -1.304156
0.085792 -0.024490 -3.239667
0.114838 -0.006712 -3.225837
0.165602 0.650393 -3.178070
0.170080 0.645902 -1.873196
0.117024 0.678072 -1.897609
-0.539819 0.720835 -1.268285
-0.539325 0.713034 -1.879434
-0.522911 0.652181 -1.186521
0.131102 0.610885 -1.180624
-0.517888 -0.004602 -1.210412
-1.136615 0.056954 -1.243945
-0.476285 -1.196339 -1.258328
-0.477090 -0.580098 -1.253589
-0.532902 -0.559750 -1.237994
-0.606920 0.168351 -1.232873
-1.301918 -0.337948 -1.234804
-1.343315 -0.363103 0.002400
-1.387615 -0.456028 0.046199
-1.438559 -1.147982 0.087062
-1.472161 -1.073256 0.089306
-1.464742 -0.363303 0.055322
-1.428824 -0.399650 0.029037
-0.190457 0.174235 -0.567181
-0.209372 0.215641 -1.152891
-0.217365 0.308791 -1.157163
-0.909296 -0.328445 -1.205328
-0.889349 -0.422180 -1.235607
-1.524652 0.089779 -1.206783
-1.516826 0.076115 -1.174109
-1.497103 0.771782 0.117990
-1.458268 0.115759 -0.572792
0.416022 -0.617412 -1.856510
0.422539 -0.638289 -1.858415
1.088139 -0.573135 -1.834571
0.490198 0.850757 -1.194746
1.136104 0.201284 -0.564521
1.145509 0.122141 -0.578532
3.676180 0.703386 0.025351
3.688921 1.970794 -0.596370
3.741119 2.638876 -0.577465
3.763708 2.612331 -0.561245
3.745481 1.897284 -1.156267
3.740026 1.868252 -3.171006
3.788937 2.558457 -2.504643
3.866102 2.012374 -1.832339
3.878459 2.014483 -1.828305
3.824230 1.291966 -2.467497
3.774090 1.213525 -2.465349
1.221680 1.176603 -2.455903
1.886387 1.807913 -1.215665
2.539802 1.100346 -1.215652
2.497157 0.388344 -0.592915
1.799292 0.375244 -0.602165
2.419255 0.425734 -0.617607
2.427595 0.504351 -0.628496
2.406830 1.875378 -0.638555
1.685084 1.856672 -1.282780
1.607916 1.827583 -1.975603
1.576787 1.829269 -1.984519
1.607821 1.859855 -3.297707
1.663312 1.885596 -2.661434
1.035073 1.248476 -2.671791
0.994674 1.295731 -2.719827
0.995356 1.379563 -0.784262
1.070387 1.469293 -0.140635
1.770302 1.512867 -0.142271
0.494042 2.148148 -0.129396
-0.244149 1.495777 -0.109886
-0.285327 1.503175 -0.091325
-0.235835 2.158632 -0.085517
0.454609 2.814494 0.580830
-0.187643 2.762005 0.579199
-0.269780 2.720754 0.565218
-0.316599 2.710811 -0.112206
-0.291086 3.345952 -0.758660
-0.263627 3.320575 -0.730961
-0.298930 3.269012 -1.341735
-0.361498 3.220350 -1.315567
-0.399108 2.583616 -1.892221
-0.331719 2.547467 -2.507459
-0.237013 2.495490 -1.812330
-0.819894 2.464860 -1.808129
-0.212930 2.457741 -1.826670
-0.895525 2.475617 -1.827724
-0.875229 2.473909 -1.135060
-0.827031 2.461060 -1.051217
-0.150470 2.484854 -1.050829
0.485947 2.517641 -1.049121
-0.182030 2.537257 -0.369282
-0.178223 2.536896 -0.315876
-0.172046 2.537660 -0.313139
0.457075 3.144442 0.248283
0.397446 2.552300 0.167764
-0.919168 2.523705 0.138916
-0.966898 2.487755 0.112184
0.264489 3.108974 0.060622
0.884462 2.550587 0.680825
1.489879 1.301164 0.710820
1.496872 1.265049 0.792788
0.885437 1.825737 0.145640
0.906169 1.775121 -1.135912
0.901170 1.773909 -1.174189
0.913308 1.189775 -1.162098
0.950350 1.206955 -1.090930
0.976146 1.213514 0.225671
0.982721 1.242131 1.497283
0.985486 1.305110 1.468383
1.002466 1.362060 0.892394
1.043427 1.366446 1.576490
1.069258 1.324747 1.638199
1.052653 1.285433 1.617173
1.017859 1.303187 0.921472
0.458159 1.361369 0.866183
0.481782 1.418809 1.548776
0.488831 1.444701 1.563280
0.408159 1.449347 1.536336
0.386776 0.850461 -0.389471
0.381423 0.860177 -0.393070
1.031482 1.490572 -0.347673
1.045870 1.474008 -1.563071
1.023693 1.444991 -2.233703
0.336894 1.425693 -2.263001
0.302083 1.435428 -1.684963
-0.335456 1.472457 -1.670746
-1.019048 1.508806 -1.627124
-1.073135 0.898920 -1.606980
-1.135713 0.882969 -0.956261
-0.497766 0.866611 -0.965121
0.172601 0.856544 -0.921364
-0.478703 0.846902 -0.865240
-0.469163 0.824462 -0.217730
-0.452021 0.788575 -0.880026
-1.047016 0.764162 -0.924978
-0.946864 0.782862 -0.927892
-0.861462 0.835766 -0.920115
-0.812414 0.857750 -0.935010
-0.787901 0.841555 -0.960750
-0.762778 0.807952 -0.326237
-0.734749 0.784150 -0.318989
-0.715654 0.783245 -0.314787
-0.710434 0.798540 -0.318283
-1.327961 0.821104 -0.324284
-1.319409 0.200092 -0.985958
-1.304094 0.251420 -1.011124
-1.295893 0.316451 -1.012481
-1.322514 1.026936 -0.978258
-1.371040 1.057589 -1.597306
-1.422867 0.362848 -1.592132
-1.456528 0.326267 -1.596800
-1.470402 0.277286 -1.579822
-1.493786 0.252842 -1.542575
-1.513984 0.230880 -1.535087
-1.520091 0.195332 -1.584909
-1.508392 0.781579 -1.647320
-1.505605 0.774336 -2.329472
-1.536274 0.807410 -2.316864
-2.179580 0.835670 -1.671463
-2.187271 0.786482 -1.064224
-2.183856 0.672776 -1.112632
-2.199029 0.599844 -1.115317
-2.232384 -0.059982 -0.502047
-2.221188 -0.047899 0.802332
-1.539570 -0.072012 0.133406
-1.474028 -0.129689 0.137061
-1.451966 -0.148847 0.168246
-1.478340 -0.096615 -0.480752
-1.495423 -0.035340 -0.499349
-1.477541 -0.051998 -1.214000
-1.420457 -0.120469 -1.200060
-1.380051 -0.165221 -1.167040
-1.991085 -0.156235 -1.823883
-1.978963 -0.139075 -1.822329
-2.616283 -0.161879 -1.841147
-2.598811 -0.205969 -2.515823
-1.949037 -0.218238 -2.559856
-1.959367 -0.174497 -1.368303
-1.991964 -0.136370 -0.749162
-2.048261 -0.155791 -2.028549
-2.096592 -0.214487 -2.000710
-2.121216 -0.258676 -1.343188
-1.502297 -0.266504 -0.757631
-1.533046 -0.270744 -0.788695
-1.576929 -0.293238 -0.759802
-2.898816 -0.321713 -1.313176
-2.903254 -0.323141 -1.280797
-2.237058 -0.279730 -1.246541
-2.244719 -0.223075 -1.807314
-2.298704 -0.190160 -1.700511
-1.687469 -0.195838 -2.249659
-1.679211 -0.207270 -1.553660
-1.628917 -0.188223 -1.549757
-0.937510 -0.151968 -1.569663
-0.340816 -0.120249 -1.565447
-1.080896 -0.106154 -1.545414
-1.111592 -0.683246 -1.545444
-1.697744 -0.049599 -2.154527
-0.274076 0.006310 -2.147554
1.094956 0.041200 -2.113838
1.062503 -0.581759 -1.474356
0.997892 0.004900 -0.880318
0.964321 -0.005380 -0.932683
0.972272 -0.591764 -0.988369
0.358569 -0.603916 -1.624962
0.369824 -0.618238 -2.279035
0.357631 -0.608297 -1.039801
-0.295617 -0.567085 -1.121849
0.331697 -0.540723 -1.104958
0.369820 -0.545684 -1.673541
0.402707 0.022952 -1.631432
1.040625 -0.001505 -1.033684
0.991117 -0.580866 -1.043721
-0.317081 -0.567698 -1.623973
-0.955871 -0.596206 -1.591502
-0.981257 -0.038960 -1.587744
-0.344250 -0.021984 -2.853133
-0.348818 0.043226 -2.862931
-0.351230 -0.545425 -2.145737
-0.348777 0.075303 -2.066995
-0.328806 0.682698 -2.737349
-0.296600 0.739742 -1.478485
-0.303766 0.215301 -1.495247
-0.347055 0.190511 -1.488839
-0.384860 0.126630 -1.468927
-1.046546 0.103051 -2.063410
-0.367669 0.145166 -2.755702
-0.994014 -0.475750 -2.826619
-1.009348 -0.531550 -2.227242
-1.606128 0.036269 -2.241201
-1.539063 0.030149 -0.918039
-0.875311 0.068659 -0.978527
-0.851459 0.050661 -1.054349
-0.231315 -0.034401 -1.111065
-0.250471 -0.088185 -0.499674
-0.232565 -0.048997 -0.514394
0.437393 0.025139 -0.544128
0.446970 0.027002 -0.583786
0.447915 -0.024440 -1.255308
-0.145658 -0.034630 0.068527
0.505039 -0.559956 0.041225
-0.098064 0.733438 0.706569
-0.076997 0.706590 0.755845
-0.683360 -0.598047 0.143087
-1.330560 -0.601927 0.138079
-1.371912 -1.192745 0.126265
-0.818970 -0.574530 -0.476215
-1.470218 -0.593559 -1.018778
-1.470565 -1.949561 -0.968729
-1.466846 -1.949541 -0.989732
-2.156207 -0.654537 -1.690773
-1.584064 -0.623720 -1.045710
-2.220492 -1.282283 -1.009098
-2.791480 -1.326174 -0.983053
-2.804727 -0.691525 -1.017474
-2.265604 -0.639893 -1.095262
-2.343504 -1.250196 -1.137674
-2.966459 -1.291749 -0.489013
-2.903938 -1.335393 0.179100
-2.885929 -0.664129 0.811531
-2.308161 0.031867 0.764466
-2.335545 0.055329 0.741286
-2.247183 0.015422 1.364210
-2.751198 -0.037793 2.020455
-2.726665 -0.044238 1.998775
-2.814551 -0.025075 1.328357
-2.253414 -0.610351 0.672739
-2.827545 -1.951331 0.715233
-3.357489 -2.004631 0.744660
-2.714164 -1.377109 0.761597
-2.800541 -1.356488 0.776088
-2.230064 -2.050690 0.821505
-2.168543 -2.722038 0.261903
-2.724477 -2.749742 0.277661
-2.749579 -1.421652 0.264338
-2.141095 -1.424316 0.268358
-2.195916 -1.492007 0.326998
-2.174011 -1.560066 1.042471
-2.138596 -0.952059 1.021448
-2.837758 -0.881779 0.961524
-2.888201 -0.833743 0.936275
-2.903078 -0.839450 0.965151
-2.877852 -0.844617 1.575284
-2.852446 -0.801230 1.477080
-2.867765 -0.101307 0.775146
-2.933746 -0.756898 0.092053
-2.343729 -0.810960 0.125119
-2.984565 -0.833309 0.136510
-2.970822 -0.780005 0.694953
-2.967033 -0.036342 0.620706
-3.689953 -0.006787 0.623296
-3.727712 -0.023651 0.712583
-3.706767 -0.026160 0.799676
-3.005720 0.008225 0.819570
-2.366438 0.036236 0.154582
-2.397036 0.019441 0.799570
-2.436677 -0.056890 2.080333
-2.426000 -0.121991 1.527969
-2.405407 -0.765954 1.528045
-2.398739 -0.757179 2.123238
-1.728091 -0.132680 2.096156
-1.719751 -0.170446 2.113097
-1.695540 -0.194356 2.128757
-1.679308 -1.427620 2.110601
-2.306158 -1.389785 2.078261
-2.946429 -0.772192 2.071702
-2.943428 -0.778820 1.501735
-2.902902 -1.353733 1.531317
-2.871522 -1.332680 0.909673
-2.223045 -0.722197 0.891517
-2.210372 -0.723110 0.895383
-1.476098 -0.720371 0.922593
-1.401299 -0.688576 0.928958
-0.769101 -0.667311 0.890039
-0.778918 -0.677031 0.847311
-1.413907 -1.995484 0.849740
-1.369556 -2.661682 0.259458
-1.333041 -2.628521 -0.392660
-1.339928 -1.980168 -0.454916
-0.723631 -1.990364 -0.498396
-0.703581 -2.002925 0.148086
-1.311830 -1.961505 -0.397559
-0.077624 -1.890863 0.789616
-0.124184 -1.865317 -0.548842
-1.500208 -1.899099 -0.579120
-0.885434 -0.542468 -1.736368
0.387234 -0.553462 -0.515412
0.449276 -0.510762 -0.518250
-0.153205 0.190071 -0.534200
-0.170980 -0.471839 0.128917
-0.880369 -0.492330 0.810218
-0.876773 -1.094837 0.181658
-0.838484 -1.039309 0.186163
-1.446110 -0.998964 0.173539
-1.487295 -1.036907 0.176334
-1.525317 -1.104853 0.193504
-0.888643 -1.106599 0.180087
-0.875189 0.201564 0.178553
-0.894670 0.243965 0.824321
-0.951633 0.861019 0.815482
-1.625874 -1.589963 0.791100
-0.920727 -0.936658 0.757171
-0.899659 -0.914250 0.704882
-1.523800 0.321436 2.005027
-1.574709 -0.991007 2.593477
-2.829872 -1.045167 2.567394
-2.835114 -1.032909 2.512909
-2.834161 0.249973 2.471205
-2.852688 0.276070 2.482586
-2.884711 0.264158 2.525299
-2.897399 -0.349806 2.544658
-3.543582 -0.961975 3.191886
-3.510793 -0.896316 3.186794
-3.474634 -0.877368 1.949975
-2.833673 -1.581038 1.345016
-2.862669 -1.616806 1.350974
-2.899166 -0.960692 1.332375
-2.905589 -0.889932 1.347737
-3.545076 -0.216593 0.812273
-2.954736 -0.946744 1.541608
-2.418431 -0.986512 1.591909
-2.450713 -0.932277 0.318642
-0.514804 -0.180209 0.338625
-0.455896 -0.172881 0.386808
-0.452752 -0.265646 0.446865
-0.491770 -0.333856 0.477829
0.114061 -0.294233 0.516928
0.778241 -0.213249 0.456157
0.184956 -0.208578 0.408759
0.774013 -0.289819 -0.224227
1.320003 0.301705 -0.218075
1.298680 0.319176 -0.230325
0.118700 0.357112 -0.915799
0.168809 0.336515 -0.955750
0.164768 0.270310 -0.976290
-0.523187 0.241631 -0.306544
0.124802 0.289596 -0.315078
0.163866 0.345411 -0.349403
0.194721 0.350156 -0.391524
-0.443607 0.314970 -0.401808
-0.514465 0.338343 -0.367769
-0.550436 -0.270123 -0.972837
-0.534746 -0.286717 -1.641558
-0.500141 -0.367538 -1.631138
-1.107180 -0.449247 -1.014962
-1.113684 -0.430917 -1.008420
-1.093865 -0.367622 -1.012541
-1.051296 0.253979 -1.041458
-1.038714 -0.456298 -1.078731
-1.087777 -0.508068 -0.473145
-1.163045 -0.468925 0.201248
-1.187977 -0.411278 0.853156
-0.517623 0.189698 0.222590
-0.506378 -0.527145 -0.440185
-0.536000 -0.586104 -0.450592
0.081448 -0.546933 0.767357
0.118534 -0.484306 0.761222
0.152606 -0.461198 0.746991
0.135722 -0.510143 0.725489
0.697821 -0.536740 1.351813
0.064939 -0.460031 0.747453
0.682896 -0.384990 0.778755
0.719787 0.235126 0.799191
1.331450 -0.441710 -0.491814
1.356656 -0.436469 -0.472437
1.423827 -0.351601 -0.464942
1.497338 -0.265632 0.191792
0.879149 -0.252898 0.193543
0.863566 -0.307276 0.207133
0.844701 -0.337085 0.240261
0.859003 -0.297292 1.507386
0.879856 -0.249074 1.491720
-1.672876 -0.903977 0.104025
-1.048281 -0.967665 0.747856
-0.999173 -0.998143 0.768697
-0.925037 -0.979436 0.780227
-0.904569 -0.965650 0.735819
-0.943718 -0.986098 1.277997
-0.978721 -0.405143 1.855736
-2.201011 -0.429386 1.913200
-2.232406 -0.435676 1.961882
-2.282147 -0.437606 1.942893
-2.309812 -1.093977 1.889521
-1.102927 -1.116470 1.892307
-1.072753 -1.131901 1.930817
-1.049777 -1.114091 1.941468
-1.058232 -1.059775 0.614147
-1.061240 -1.001398 0.576374
-0.435526 0.271616 0.022797
-0.439335 0.294114 0.132241
-0.460250 0.968161 0.194150
-0.483359 0.989992 0.130080
-1.095488 1.005233 0.086639
-1.723502 0.996622 0.128465
-1.060052 0.956857 -1.027465
-0.338754 0.911042 -1.049203
-0.904452 0.893512 -1.146365
-0.876547 2.165104 -0.527632
-0.253056 1.508253 -0.491725
-0.251995 1.492499 -0.439681
0.970609 1.508183 -0.456616
0.924180 1.528376 0.092920
0.886879 1.529991 0.100193
0.251442 0.214805 -0.518857
0.247722 0.239900 -0.488916
-0.389419 0.299628 -0.538692
-0.360319 0.350967 -1.302650
-0.331679 0.375654 -1.979037
0.310534 0.392020 -1.970688
0.289616 0.444314 -1.360194
0.882071 -0.079778 -1.378363
0.855149 -0.026585 -0.086498
0.824328 0.566477 -0.046054
0.790207 -0.035651 0.035457
0.174931 -0.013819 0.091953
0.768120 0.644572 0.100350
0.792123 1.269880 -0.572891
0.823483 0.560047 -0.526189
0.840592 -0.137870 0.148393
0.836870 0.503651 0.147093
0.216263 0.519367 -0.559384
0.240988 0.509190 -0.566198
0.267275 0.483386 -0.535822
0.264138 1.098119 0.736580
0.234723 1.133528 0.737719
0.235821 1.168474 0.718482
-0.323658 0.543688 0.703381
-0.238953 0.500273 0.734422
-0.209054 0.464352 0.701608
0.390489 0.465345 0.672244
0.981922 0.487328 0.645998
-0.195430 -0.129643 0.645028
-0.178326 -0.136955 0.670829
-1.537573 -0.124604 0.700344
-1.598090 -0.082522 0.083476
-0.957137 1.204096 -0.535137
-1.583571 2.543099 -0.504832
-1.590559 2.553824 -1.135744
-2.241246 2.517966 -0.501383
-2.268299 2.470877 -0.480987
-1.646516 3.027384 -0.448626
-1.633152 3.020680 -0.418646
-2.285278 3.016183 0.224330
-2.331387 3.000624 0.214658
-2.344348 2.996013 -0.406454
-0.469914 3.021329 -1.060398
-0.426552 2.437166 -0.421372
0.897453 3.111686 0.186572
0.855069 3.047721 -0.483393
0.866402 2.990102 -1.158310
0.955155 2.347391 -0.546945
0.430640 1.718148 -1.801730
0.435397 1.698830 -1.777218
0.389094 1.680313 -2.453543
0.380817 2.279886 -3.188548
0.429410 2.950345 -3.225532
0.449579 2.962441 -3.824179
0.404514 2.930836 -3.789446
-0.907704 1.526139 -3.185146
-0.916631 1.494088 -3.187496
-0.865025 1.487124 -1.937900
-0.835401 1.483048 -1.891102
-0.869665 1.485507 -0.558074
-0.284263 1.501031 -1.129308
-0.283554 2.133100 -1.109159
-0.201595 2.128139 -0.474220
0.478846 1.475828 -1.112190
0.447949 1.464950 -1.118069
0.420918 1.464201 -0.486220
0.454600 1.452811 -0.497717
0.501709 1.424284 -1.136957
0.489095 0.156876 -1.159663
-0.231373 0.157044 -1.188822
0.366935 -0.434188 -1.209266
1.019084 -0.463555 -1.209344
1.070370 -0.517093 -1.140117
1.068264 -0.566891 -1.128956
0.972783 0.056078 -1.161479
0.925302 0.053085 -1.189954
1.593860 0.031045 -0.567044
2.888767 0.008058 -1.162552
2.841948 0.017510 -1.192423
2.749298 0.052086 -0.613929
2.055182 0.082187 -1.288405
2.080550 0.077949 -1.268553
1.472009 0.053770 -1.231469
1.496606 0.036952 -0.610823
1.492354 0.038978 -1.297029
2.144446 0.046466 -0.668857
0.854615 0.037803 -0.643812
-0.381395 0.651965 -1.235619
-0.407169 0.668811 -0.635255
0.203953 0.699791 -0.660510
0.208556 0.115768 -0.655497
0.199361 0.129491 -1.234111
0.164936 0.141409 -1.161975
-0.445849 1.422573 -1.138644
-0.433330 1.408406 -1.152222
-0.400027 1.391010 -0.525498
-0.390198 1.363346 -0.508749
-0.436940 1.327792 -1.139083
-1.774746 1.275941 -1.177651
-1.775545 1.882522 0.034236
-1.735053 2.526151 -0.002136
-1.727614 1.926924 -0.658865
-1.769759 2.586575 -1.265418
-1.118760 2.562097 0.029510
-1.012520 2.526075 0.635025
-1.466098 2.528382 -0.617845
-1.380059 2.572387 -0.636636
-1.414373 2.610370 -1.273953
-1.456652 2.597831 -1.296292
-1.415466 2.574274 -1.335763
-1.333245 1.343137 -2.590605
-1.332387 1.401705 -2.576001
-1.427526 1.459004 -2.561696
-3.305192 1.459220 -2.565827
-3.210030 1.429438 -2.591908
-3.129169 1.420203 -2.630032
-2.505374 2.059718 -2.637733
-1.343509 2.078470 -2.631991
-1.369812 2.051618 -2.688131
-1.324171 2.006531 -2.720315
-1.278988 1.982785 -1.451271
-1.294826 1.983339 -0.050247
-0.751742 1.982763 -0.049479
-1.368093 1.321181 -0.128640
-1.333396 1.297501 -0.185811
-0.712993 1.276822 0.428677
-0.733361 1.250705 -0.788926
-1.400321 1.231950 -0.829580
-1.453541 1.231873 -0.290981
-1.514242 1.234833 -0.302463
-1.564743 1.832750 0.383666
-1.584181 2.445236 0.450326
-2.239297 1.809776 0.480393
-1.597975 1.841972 0.454822
-1.615890 1.868426 1.093299
-1.623490 1.188419 1.110674
-2.195818 1.149975 1.119358
-2.176748 0.522571 1.074302
-2.179103 0.539186 0.991640
-2.219174 0.522841 0.273669
-2.264776 0.457982 0.285501
-2.256749 0.395276 -0.283886
-1.561028 0.389311 -0.291073
-2.148633 0.429110 -0.333965
-2.753380 1.084184 -0.330157
-2.769310 1.088029 -0.269238
-2.094637 1.131188 -0.221561
-2.689608 3.052668 -0.840619
-2.688825 3.074054 1.020568
-3.323436 2.435874 1.000770
-3.414003 1.734989 1.080530
-3.464486 1.736523 0.558600
-3.460955 1.766773 0.574339
-3.468201 1.143294 0.484799
-3.500177 0.500008 0.480427
-3.537077 1.098228 -0.084157
-2.901241 1.115612 -0.013375
-1.610373 1.163963 -0.661200
-1.628224 1.181408 -0.117860
-1.666758 1.144604 -0.153569
-1.086916 1.100911 -0.099440
-1.089164 1.109670 0.581723
0.796787 1.139677 0.558633
0.745724 0.506096 0.500977
0.061990 1.726630 0.503963
0.095917 1.704308 0.559639
0.204811 3.062921 0.588773
0.917280 3.139885 0.503106
0.260560 3.804379 0.413217
0.205802 3.794885 -0.245548
0.231868 2.527651 -0.186059
0.331240 1.909977 -0.133245
0.406169 1.966195 -0.150477
-0.259887 2.649898 -0.184811
-0.284690 2.029154 -0.162016
1.031668 1.383062 -0.108852
0.473338 2.037648 -1.351223
0.527911 2.038389 -1.430762
1.087145 0.747976 -1.526528
1.675838 0.742241 -0.902908
1.670433 0.711292 -0.819229
1.719755 1.309537 -1.386602
1.756264 1.969094 -1.388039
1.062861 1.994623 -2.028690
0.995783 2.028660 -2.607129
0.370560 2.031391 -2.513750
1.042844 1.999323 -2.453181
1.051354 1.309402 -2.461091
0.914801 1.290540 -2.498851
0.817458 1.290431 -2.496044
0.152127 1.272617 -2.450523
0.894595 1.242695 -3.628821
0.276144 1.231545 -2.387040
0.263567 1.236787 -2.433112
0.229528 1.875996 -1.838756
0.252968 1.842454 -1.857791
0.326060 1.790530 -1.868257
0.360027 1.745020 -1.903538
0.316685 1.706835 -1.951661
0.258321 1.668934 -1.340635
0.262224 1.004646 -1.311974
0.298239 0.998318 -0.022482
0.306491 1.036762 -0.015620
0.285849 1.725735 -0.046627
0.902853 1.112219 1.200606
0.902424 1.103751 0.554050
0.915563 1.775021 -0.141256
0.897710 1.802896 -0.203747
0.852996 1.140552 -0.261097
0.809973 1.108555 1.003041
0.812245 0.434490 1.031109
0.842112 1.077090 1.057507
0.860575 1.132709 -0.190953
0.864619 1.138751 -0.189759
0.850869 1.762374 0.476008
0.843221 1.712744 0.490954
0.850019 1.694740 0.480219
0.847168 1.674169 -0.185706
0.184616 1.616485 -0.171361
0.760572 0.857262 0.547694
0.734099 0.780296 0.569218
0.741382 0.756911 -0.076077
0.744864 1.415293 -0.081862
0.725749 1.418014 -0.046991
0.697869 1.413795 -0.676496
0.695214 1.389047 -0.706997
0.099439 1.379190 -0.761834
0.134672 1.386773 -0.831010
0.145441 1.394118 -0.816195
0.139238 1.363492 -0.179570
0.140423 1.303098 -0.224988
0.164477 1.272965 -0.283843
0.192243 1.281007 -0.325737
1.475855 1.325184 -0.978933
0.820921 1.358489 -1.026986
0.122242 1.366574 -1.070686
0.739935 2.061663 -1.105753
1.984908 2.119463 -1.124108
2.631498 2.174393 -0.496099
2.593088 1.569915 -0.498632
2.566620 2.239179 0.139042
1.919982 2.275890 0.178387
1.321153 1.683114 0.210076
1.339502 1.736915 0.842111
1.314813 1.747046 0.821068
1.302419 1.734080 1.477218
0.703254 1.752712 0.869847
0.107303 1.795140 0.906946
0.129472 1.122419 0.287662
0.109389 1.071807 0.291891
-0.515079 1.029138 0.324748
-0.458279 1.041803 -0.885894
-1.656269 1.744961 -1.419766
-1.042361 1.759150 -1.382593
0.228495 2.410436 -3.203631
0.220068 3.003003 -1.902316
0.237370 2.388597 -1.867545
0.236400 1.798655 -1.834491
0.192549 2.420048 -1.246705
0.131877 1.749999 -2.502989
0.103405 1.115521 -2.537144
0.102228 1.784306 -1.918799
0.081055 2.478504 -1.283279
0.030380 1.900932 -1.335750
-0.016031 1.911687 -1.432132
-0.029502 1.943907 -0.905615
-0.030421 2.648097 -0.946325
-0.051687 1.463175 -0.280173
-0.081555 2.088032 -0.299670
-0.083146 2.003817 -0.340514
-0.051054 1.931395 -1.018679
0.622798 1.911628 -1.637140
-0.633097 1.902625 -1.581300
-0.621749 1.834309 -1.569980
0.025081 1.746910 -2.283871
2.030283 1.725651 -1.686295
0.826673 2.422617 -1.653503
2.189753 2.459614 -1.599065
2.185373 2.426753 -1.586125
2.192715 2.349692 -2.236299
2.203619 2.309828 -2.251624
2.198404 2.349191 -2.874548
0.265758 2.401189 -2.852438
0.249553 2.398258 -2.865494
0.249872 1.756177 -1.609714
-1.084221 2.992724 -1.611623
-0.458639 2.458833 -2.780293
-0.517473 1.855309 -2.746951
-0.556270 1.857101 -2.773919
-1.166987 2.475120 -2.811966
-1.154279 2.460778 -2.798854
-1.809880 3.164703 -2.135211
-1.871023 3.199498 -1.505027
-1.940616 3.145457 -1.550710
-1.956516 2.442013 -1.598036
-1.918219 3.758051 -0.963204
-1.228902 3.193119 -0.916028
-1.883800 2.590596 -0.899423
-1.888874 1.838390 -0.932257
-1.853236 1.112032 -0.952333
-1.778443 1.118794 -0.930142
-1.721770 1.176549 -0.905885
-1.723429 1.152519 -0.307996
-1.122392 1.068655 -1.000288
-1.120503 1.672931 -1.028520
-1.725830 1.113525 -0.376135
-1.699238 1.217246 0.904062
-1.697441 1.228928 0.252662
-1.089243 1.793347 0.270040
-0.438205 1.740533 0.937923
-0.407654 1.762883 0.945485
-0.391690 1.821481 0.952394
-1.630505 1.826447 0.300362
-1.054424 1.786370 -0.920577
-1.099320 1.771431 -1.484859
-1.126405 1.828559 -1.501619
-1.152094 1.274200 -1.490791
-1.174283 1.281082 -1.519085
-1.795254 1.220437 -0.888560
-2.400274 1.160352 -0.864914
-2.964304 3.180012 -0.297443
-2.312285 2.575150 -1.504398
-2.329051 1.934585 -1.504381
-2.984975 1.875897 -1.555364
-3.000827 1.818341 -1.609630
-2.992592 1.813491 -0.982870
-2.995031 1.839842 -0.975727
-3.012913 1.224993 -0.997411
-3.022283 1.180161 -1.044053
-2.991475 1.134788 -1.072264
-2.937522 1.133349 -1.060068
-2.909671 1.806438 0.841999
-2.294081 1.850721 -0.462430
-2.343329 1.228393 -0.538864
-2.378327 1.220034 -0.605805
-2.392837 1.227709 -0.623802
-2.416728 1.246441 -0.615112
-2.457083 1.240616 0.029919
-1.190418 1.202805 -0.623377
-1.135501 1.168897 -0.011107
-1.033908 1.181769 0.004467
-0.967457 1.234118 -0.585203
-0.978931 1.276569 -0.586963
-1.023886 1.292048 0.632695
-1.047629 1.304193 0.638845
-1.059921 1.335878 0.027326
-1.113092 1.368862 0.701150
-1.201971 1.367682 0.728275
-1.248805 1.332342 0.816261
-1.220435 1.901708 0.890456
-1.156023 1.885298 0.269456
-1.117757 2.503390 0.269494
-1.114002 2.488492 0.260533
-1.114764 1.848937 0.282866
-1.105262 1.824282 0.312832
-1.096797 1.808694 0.307646
-1.104432 1.796618 0.258659
-0.461818 1.133198 0.207804
-0.428028 1.123977 0.206768
-0.362918 1.756295 0.228369
-0.902086 1.838370 0.898259
-1.445883 1.213334 0.863060
-1.382512 0.600632 0.818451
-1.371191 0.001967 0.823050
-1.420847 0.052579 0.873082
-0.840278 0.083791 0.922285
-0.896720 0.083306 0.926606
-0.319966 0.075417 1.531252
-0.364900 0.090626 1.561707
-0.408835 0.127910 1.636386
-0.411944 0.137345 1.708173
-0.363855 0.126444 1.060236
-0.309574 0.759986 1.027198
-0.918447 0.779647 0.412367
-1.013464 0.811048 0.445175
-2.323070 0.804261 0.472829
-2.367611 0.764802 0.434657
-2.405670 0.712122 0.988044
-2.453412 0.677111 1.594539
-1.208921 0.676177 1.004752
-1.178733 0.674287 1.046338
-0.526053 1.262856 1.024521
-0.499016 -0.028747 0.960159
-0.480001 -0.021775 0.927137
-0.478914 0.017425 0.950501
-0.493185 0.046318 0.971752
-0.528174 0.051673 0.941704
0.083122 0.038703 0.891820
0.094221 0.045722 0.876715
0.132826 0.701469 1.515694
0.178439 0.754914 1.544402
0.193003 0.148607 0.908383
-0.437563 0.150895 1.504298
-0.419422 -0.471968 1.500983
-0.417023 -0.424972 1.526234
-0.442663 -0.345571 1.540218
-0.490332 -0.310815 0.884790
-0.509980 -0.359152 0.824625
-0.480878 -0.431447 1.404708
-0.434561 0.177243 1.392156
-0.423938 0.853100 1.329325
-0.443127 0.848628 1.255726
-0.442498 0.797629 1.201879
-0.422917 -0.543217 1.832276
-0.427301 -1.183844 1.842653
-0.490222 -1.142518 2.464512
0.126108 -0.522070 2.408695
-0.543481 -0.604485 3.026654
-0.494608 -0.686475 3.081564
-0.434907 -0.703837 3.143586
0.208594 -0.683867 3.170093
0.214274 -0.696666 3.181077
-0.389265 -0.761589 3.233474
-0.346776 -1.454110 3.326489
0.938117 -0.821534 3.396963
0.197158 -0.784024 3.402958
0.121779 -0.777688 2.730181
0.117183 -1.452381 2.743561
0.166792 -0.838599 3.457099
1.457886 -0.208770 3.498993
1.470191 -0.216450 4.117009
1.486877 -0.201183 2.792536
1.523386 -1.537222 3.435276
1.562130 -0.874125 3.472225
1.572406 0.444177 3.514092
1.528428 -0.117647 3.460282
1.459707 -0.076880 3.392721
1.420770 -0.101674 4.012535
1.430469 -0.819048 2.213539
1.451414 1.243214 2.826472
1.458122 1.213847 2.791368
1.468899 1.212449 2.778134
0.862707 1.228251 2.799146
0.897801 1.264974 2.225308
0.907013 0.631779 2.270349
0.879199 1.946913 2.314781
0.858154 2.606438 2.357578
0.871534 2.594761 2.381885
0.909552 2.600305 2.377071
1.583405 2.564202 2.365254
1.614425 2.526964 1.722818
1.663730 3.196694 1.731883
1.711565 2.616058 2.363460
1.729333 2.025026 1.723155
1.691953 2.039112 1.724949
1.574044 0.823284 1.090094
1.549303 2.088394 1.089001
1.518465 1.513446 1.057468
2.168232 2.160151 0.391876
2.141173 0.829390 0.373014
1.433926 0.143100 1.000085
1.449559 0.170995 1.003279
1.471371 0.222026 0.995985
1.470305 -0.978273 0.987582
0.837233 -0.951103 0.990900
2.123617 -2.286262 0.369778
2.151229 -1.582554 0.347605
2.171509 -1.560851 0.935204
2.173711 -1.587402 0.287345
2.185762 -1.660928 0.276093
2.232992 -1.717222 0.250400
2.292073 -1.074136 0.210823
2.294411 -1.714444 0.182863
1.644546 -2.360216 0.180344
0.997842 -3.062635 0.189522
1.032972 -1.837126 0.178925
1.075281 -1.830045 2.029615
0.410108 -2.466418 1.986913
1.029780 -1.892900 1.973536
1.041045 -1.305696 2.599631
1.108390 -1.321634 2.576486
1.098761 -1.285022 1.943667
1.007108 -0.643101 1.943579
0.907549 -0.658409 1.971492
2.105321 -1.307733 1.993714
1.454844 -1.304298 1.367345
1.420556 -1.276785 1.354836
1.341145 -0.647706 0.735407
1.299958 -1.305208 0.739005
1.940661 -1.340643 1.367840
1.338250 -1.351214 1.365952
1.327506 -1.333706 1.369953
1.879368 -0.657653 1.395901
1.834518 -1.315674 1.428905
1.311383 -1.345759 1.457151
1.380366 -1.368969 1.461163
1.394800 -1.371479 1.434447
1.360568 -1.360750 2.072119
2.007979 -1.370160 2.061234
1.414012 -1.409338 2.064929
2.116651 -2.072198 0.774056
2.112789 -2.077286 0.797114
2.680521 -2.039702 -0.536737
2.670933 -2.035974 -0.520093
1.481363 -2.089282 -0.475629
1.521861 -2.142604 -0.428131
1.519975 -2.127941 -0.416175
1.494276 -1.443380 -0.449712
1.485514 -1.428513 -0.502681
1.502620 -1.460985 -0.530628
2.117476 -1.490858 0.157761
3.353547 -1.452784 0.165812
3.294286 -1.372583 0.138873
1.983444 -1.989298 0.100029
2.630552 -2.022871 -1.184737
1.995824 -2.032114 -0.530389
1.957075 -1.340994 -0.502473
2.578895 -1.244379 -0.519535
2.607248 -0.566288 -0.546177
2.674106 -0.608491 -0.536366
2.695934 -0.629987 -0.499845
2.657723 -0.579707 -1.122311
2.634819 -1.156599 -1.124129
1.370110 -1.179289 -1.124473
1.397331 -1.257987 -1.695074
0.126363 -1.293232 -1.659339
0.116821 -1.249373 -1.656258
0.143194 -1.210162 -0.439154
0.791457 -2.495630 -0.460113
0.836857 -2.556550 -0.442251
0.818648 -1.983172 0.264516
1.380476 -1.967478 0.273560
1.343377 -2.571537 -0.383675
-0.592197 -1.941624 -0.339530
-0.030866 -3.841829 -0.252823
-0.071768 -3.225166 -0.189688
-0.103250 -3.186560 0.444711
-0.794759 -3.174903 1.048758
-0.784310 -2.581340 1.030887
-0.780619 -2.685535 1.064395
-0.802165 -2.733908 1.063071
-0.165545 -3.954865 0.359604
-0.212231 -3.321770 0.327296
-0.220171 -2.735420 1.002738
0.441823 -3.337167 1.688608
0.471594 -2.647825 1.695715
0.479385 -3.191765 1.643796
-0.793723 -3.150560 1.590868
-0.743464 -2.527824 0.973139
-0.693350 -2.538053 0.977477
-0.662863 -1.935682 0.964644
-1.271524 -1.917228 0.932391
-1.268970 -1.231139 0.917898
-1.241097 -0.588525 0.940719
-1.876404 -0.613118 0.978913
-1.837984 -1.267419 1.653204
-1.802148 -1.257635 1.626837
-1.765341 -0.634468 1.592544
