-3.831876 -1.868019 -1.303414
-3.174005 -2.494556 -1.338330
-3.125463 -2.462215 -1.382836
-3.782261 -2.415211 -2.024647
-3.869180 -2.400516 -2.632928
-3.250230 -2.426819 -2.640344
-2.514837 -1.863589 -2.048065
-2.438854 -2.507422 -2.072357
-2.438113 -2.484522 -2.057708
-2.474030 -2.487478 -1.372113
-2.468320 -2.525330 -1.337147
-3.030558 -2.559684 -1.308449
-2.978610 -1.310845 -1.258195
-3.005856 -1.300374 -1.194763
-4.297114 -1.317873 -0.502457
-4.959217 -1.345665 0.054505
-4.181233 -1.353600 0.008268
-3.444014 -1.328369 -0.030970
-4.078719 -1.318241 -0.059313
-4.783043 -1.348317 -1.289276
-3.493587 -1.397674 -1.316180
-2.798957 -0.756822 -1.349167
-3.393040 -0.758133 -1.975366
-4.061195 -0.781128 -1.955743
-3.563931 -0.164401 -1.924287
-3.006261 -0.188139 -1.904564
-2.988595 -0.182344 -1.909131
-3.571769 -0.151574 -1.926558
-3.609185 -0.125130 -0.728319
-3.069689 -0.787242 -0.028548
-3.762544 -0.197382 0.024535
-3.719703 -0.225896 0.061417
-3.671454 0.357306 0.061762
-3.033818 0.368596 0.038894
-3.736070 0.391991 0.029937
-3.763142 0.400166 0.033913
-3.758799 0.386874 0.020344
-4.385715 0.401830 -0.036258
-4.396294 0.467590 -1.508312
-4.435802 0.528109 -1.544968
-4.468631 0.527584 -1.503633
-4.454651 0.479596 -0.859375
-3.722712 -0.185911 -0.916657
-3.682934 -0.759312 -0.999064
-3.695976 -0.079223 -1.019389
-3.733368 0.563044 -0.991366
-3.739027 0.537651 -1.018680
-4.305128 0.534492 -1.109168
-4.256154 -0.044260 -1.176479
-4.236240 0.014974 -1.147749
-4.290627 0.019168 -1.052885
-4.925317 -0.038448 -0.989629
-4.880255 -0.116177 -0.972820
-5.517800 -0.161041 -1.590300
-4.935339 -0.172728 -1.515461
-4.378526 -0.191437 -2.030514
-4.424377 -0.219857 -2.037812
-4.411393 0.403369 -2.102248
-4.402230 -0.226901 -2.127398
-5.705491 0.446138 -2.714697
-5.780182 -0.849525 -3.305006
-5.159876 -0.845758 -3.315799
-4.486855 -0.888418 -3.342098
-4.449126 -0.925101 -3.318576
-4.462344 -0.923040 -3.933817
-3.823295 -0.892429 -3.932941
-3.824096 -0.860309 -3.975333
-4.483688 -0.852191 -4.035372
-4.473395 -0.857940 -3.439852
-4.480551 -1.502663 -3.418287
-4.496670 -1.527947 -2.757542
-4.508391 -2.196615 -2.768862
-5.126216 -2.196556 -2.778745
-5.149388 -1.549837 -2.757315
-5.172816 -1.544607 -2.077859
-4.531981 -1.529181 -2.079574
-4.480499 -1.504799 -2.125904
-4.447594 -1.461076 -2.176000
-4.466636 -1.424562 -2.187659
-4.494004 -1.406392 -2.162548
-5.077211 -2.026333 -2.768786
-4.336474 -2.036718 -2.760530
-4.301268 -1.437488 -2.738239
-3.739505 -0.816037 -2.683615
-3.760547 -1.496043 -2.615185
-3.732161 -0.838420 -2.567561
-3.006484 -0.837432 -3.822589
-2.297401 -0.845372 -3.833413
-2.315934 -0.873604 -3.834309
-2.339559 -0.895035 -3.815299
-2.313652 -0.891581 -3.190781
-2.273051 -0.870041 -2.580048
-2.277721 -1.511755 -2.619673
-2.308617 -1.546855 -2.643252
-2.876061 -0.858734 -2.645807
-2.807315 -1.372847 -1.981656
-2.763910 -1.295947 -1.430745
-2.779615 -1.279243 -1.527721
-2.820450 -1.317948 -1.615173
-2.220576 -1.329012 -1.660730
-2.230332 -1.304150 -1.671135
-2.937498 -1.292962 -1.663074
-2.917989 -0.737041 -1.658260
-2.929319 -1.494373 -1.655417
-2.914416 -1.492770 -1.627948
-2.309926 -0.789705 -1.566769
-2.300473 -1.993904 -1.495583
-2.884673 -1.990242 -1.451741
-2.859409 -2.009765 -1.433401
-2.228335 -2.022843 -1.410736
-2.900295 -1.940881 -1.971388
-2.217153 -1.927291 -1.905246
-2.779368 -1.971891 -1.872737
-2.127633 -1.324616 -1.887873
-2.100348 -1.231154 -1.272825
-2.084764 -0.417716 -1.291297
-2.051326 -0.994935 -1.283272
-2.613117 -0.964432 -1.299779
-1.963258 -0.945347 -1.362413
-1.986406 -0.940687 -1.431237
-2.660604 -0.321116 -1.435513
-2.679112 -0.392873 -1.389769
-2.673673 -0.472270 -1.370760
-2.678808 0.151827 -1.410795
-2.711033 -0.454372 -1.457112
-2.124292 0.207758 -1.443251
-2.148613 0.206919 -1.400763
-2.756238 0.094691 -1.397392
-2.144766 0.100671 -1.441156
-2.871256 0.111835 -1.465143
-2.901476 -0.550476 -1.433259
-3.518527 -0.636441 -1.398643
-2.850987 -0.067650 -1.413989
-2.857555 -1.943855 -1.473544
-3.550255 -1.895314 -1.510385
-3.544325 -1.182832 -1.496167
-2.818389 -2.433364 -1.470132
-2.750777 -3.113394 -1.485893
-2.729418 -3.759292 -1.543578
-3.435727 -3.730684 -1.569006
-3.428009 -1.790036 -1.535933
-2.699696 -1.881087 -1.480995
-2.649696 -1.939333 -1.455485
-2.011053 -1.917209 -1.457112
-2.748957 -1.870938 -1.433717
-2.769924 -1.887402 -1.378473
-1.413312 -1.970042 -1.332050
-1.396054 -2.666654 -1.334921
-2.117672 -2.062896 -2.019611
-2.181234 -2.022570 -2.026822
-2.841943 -2.022764 -2.634258
-2.202768 -2.086475 -2.611560
-2.191695 -2.150780 -2.622366
-2.224975 -1.497688 -2.653504
-2.284578 -1.451249 -2.665883
-2.913950 -1.428521 -3.298570
-2.871652 -0.803095 -3.278412
-2.829969 -0.158199 -3.280933
-2.207900 -0.711365 -3.299580
-2.266895 -0.625267 -3.306066
-2.271201 -0.599717 -3.297276
-2.217951 -1.269886 -3.293626
-2.181797 -0.682912 -1.352440
-2.215125 -0.690419 -0.715190
-2.275107 -1.309159 -0.079913
-2.278599 -1.302995 -0.701484
-2.857946 -1.971948 -0.700990
-2.817016 -2.009363 -0.694658
-2.177414 -2.646169 -0.065547
-2.216157 -2.637961 -0.760987
-2.860278 -1.997082 -2.027758
-2.172665 -2.025055 -2.654188
-2.151978 -2.057903 -1.987428
-2.202111 -2.067498 -1.954457
-1.633955 -1.439245 -1.270895
-1.073948 -1.430266 -1.267138
-1.060825 -1.420173 -1.288053
-1.058119 -2.736147 -1.304780
-1.123562 -2.036511 -1.895391
-1.208856 -2.574732 -1.890599
-1.236402 -2.537470 -1.913102
-1.200812 -2.578376 -1.962022
-1.183001 -1.972310 -2.000377
-1.222815 -1.949231 -2.013942
-1.285465 -2.527731 -2.027385
-1.308681 -2.488335 -2.070014
-1.295908 -3.194703 -2.790099
-1.296955 -3.216370 -2.197074
-1.310440 -3.165617 -2.223296
-0.706651 -2.400989 -0.985220
-0.663579 -2.396042 -1.610278
-1.211484 -2.486218 -1.614289
-1.177258 -2.591695 -1.621460
-1.773743 -2.653713 -1.612401
-2.412289 -2.625400 -0.309403
-2.395934 -2.628546 -1.568998
-1.756287 -2.694047 -1.548041
-1.764048 -2.745858 -1.577021
-1.119582 -2.705987 -2.260933
-0.476059 -2.610621 -2.263741
-0.438938 -1.885779 -0.733142
-0.417572 -1.931411 -0.074754
-0.427230 -2.018016 -0.107098
-0.449020 -2.720026 -0.763619
-0.453982 -1.993286 -0.757678
-0.448319 -1.974985 -0.088786
-0.463140 -2.643800 -0.667535
-1.163865 -3.232614 -0.687084
-0.549892 -3.795288 -0.754848
-0.546692 -3.775344 -2.170937
-1.151180 -2.561062 -2.159101
-1.104705 -2.634506 -1.449544
-1.074671 -2.681574 -1.440001
-1.673053 -3.313588 -0.800705
-1.652417 -3.318695 -0.116364
-1.618797 -3.394943 -0.082036
-1.597488 -4.097090 -0.044873
-0.969857 -4.053855 -0.054358
-0.982147 -3.935685 -0.115574
0.320004 -3.884775 1.135249
0.303546 -3.932562 0.478757
0.315932 -3.983391 0.447655
0.327205 -3.313207 -0.213598
0.311383 -3.264120 -0.207888
0.261807 -3.276350 0.458314
0.199035 -3.337139 -0.126117
0.150840 -3.357028 -0.109459
0.745354 -3.278403 -0.156811
0.702581 -2.520818 0.477229
0.648456 -2.446545 0.495848
1.850893 -3.077414 -0.143452
1.854719 -3.067554 -0.127415
1.875112 -3.032205 -0.725795
1.897956 -3.008734 -0.687968
1.301015 -2.363385 -0.014582
1.338007 -2.392078 -0.597180
1.380873 -1.759420 -0.579251
1.413773 -1.722304 0.090883
1.434978 -1.708198 -0.578554
1.446947 -1.734759 -0.610990
1.465495 -1.752565 -1.280912
1.479641 -1.080998 -1.334086
1.469930 -1.101041 -1.365684
1.448046 -0.498336 -1.379665
0.112455 0.161327 -1.391030
0.070804 -0.452715 -2.740852
0.006618 -0.442636 -2.791261
-0.035736 -0.454528 -2.163576
-0.043337 -0.507051 -2.176672
-0.048042 -0.555607 -2.215680
-0.051720 -0.567241 -1.633664
-0.043585 -0.570886 -1.705279
-0.008710 -0.602509 -1.708615
0.035833 -0.649265 -1.630010
0.060380 -0.661740 -1.644001
0.075822 -0.628727 -1.693503
0.096022 0.015129 -1.739428
0.116366 -0.014360 -3.029488
0.124105 -0.066699 -3.018431
0.113948 -1.381947 -2.397876
0.107904 -1.352821 -1.815715
0.759536 -0.685308 -1.856481
0.146021 -0.763803 -1.941555
0.153118 -0.848522 -1.868478
0.123036 -0.845172 -0.531935
-0.543309 -0.133224 -0.532700
0.062571 -0.067105 -1.187357
-0.536539 1.150688 -1.168702
-1.140632 -0.200393 -1.134026
-1.154900 -0.201725 -1.099976
0.700671 -1.394256 -1.062428
0.719012 -1.357608 -1.019974
0.775405 -2.023603 -0.977833
0.840050 -2.051232 -2.283094
0.873236 -1.431373 -0.349302
0.229958 -1.377012 -0.364563
0.243060 -3.203502 -0.369784
-0.389308 -3.239302 -0.344358
-0.384401 -3.299377 0.308696
-0.410859 -3.319879 0.283195
-1.130428 -3.280667 -0.404094
-0.556153 -2.627011 -0.434557
-0.576176 -2.651824 -1.063342
0.090276 -3.993752 -0.406539
0.735144 -4.043746 -0.434393
0.716926 -4.010935 -0.467623
0.037756 -3.965557 0.169130
0.038644 -3.965682 0.193489
-0.519269 -4.005809 0.181052
-0.508646 -4.613686 0.131912
-0.567396 -3.971008 0.741874
-0.618635 -4.505419 -0.480085
-0.609337 -4.438964 -1.101186
0.078196 -4.469194 -1.071599
0.114781 -3.869860 -1.738913
-0.520156 -3.837479 -1.727825
-0.518361 -3.809990 -1.690712
-0.482120 -3.858218 -2.307951
-1.112547 -3.964132 -2.277840
-1.138051 -4.018092 -2.267690
-0.580716 -5.209084 -2.246821
-0.665521 -4.520317 -2.229094
-0.712728 -4.535118 -2.871922
-0.711626 -4.593018 -2.217074
-0.707235 -4.624455 -2.258390
-0.129908 -4.627243 -2.281545
-0.163063 -4.638550 -3.559550
-0.161921 -4.554813 -3.513544
-0.128818 -3.988456 -3.445431
-0.106275 -3.998202 -3.415644
0.492262 -3.947901 -3.414312
0.477825 -3.866207 -2.772818
-0.167452 -3.812840 -2.740888
-0.122306 -3.782745 -2.116019
0.593215 -3.741234 -2.153185
0.626322 -3.029397 -2.217990
0.651008 -2.972378 -2.269900
0.689396 -2.968448 -2.956518
0.759581 -3.610182 -2.975946
0.216934 -3.632557 -3.014450
0.222039 -3.626536 -2.403311
0.181912 -2.353158 -2.430789
0.752067 -3.027161 -2.444644
0.141038 -3.083416 -2.455111
-0.488908 -1.817578 -1.818196
0.133945 -1.795323 -1.175647
0.143161 -2.464832 -1.819640
0.159596 -3.057398 -1.804908
0.178038 -2.445379 -1.799341
0.174448 -3.090497 -1.801044
-0.480002 -3.064969 -1.839129
-0.521528 -3.050615 -1.831079
-0.574559 -3.024732 -2.460121
-0.581178 -3.018798 -2.466808
-0.561610 -4.330594 -2.507988
0.119350 -3.684780 -2.543392
-0.511305 -3.038193 -3.189436
-0.475230 -3.029638 -3.169274
-0.424719 -2.395267 -3.148896
0.270787 -3.107358 -3.150514
0.264873 -3.155266 -3.786646
0.259084 -2.484685 -3.747168
-0.396861 -0.459457 -4.943153
-0.368158 -0.454790 -4.953393
-0.347387 -0.511388 -4.986373
-0.349006 -0.578839 -4.330198
-0.353783 -1.220685 -4.291367
-0.330080 -1.176074 -4.260436
-0.307953 -1.144374 -4.934862
-0.317532 -2.428805 -4.960713
-0.358731 -1.768623 -2.354083
-0.399052 -2.409139 -2.343387
-0.404937 -2.398405 -1.666841
-0.395368 -2.403118 -1.661120
-0.398170 -2.389393 -1.711958
-0.421819 -2.367707 -1.753434
-0.428277 -3.067119 -1.746053
-0.403601 -3.116772 -1.715243
-0.379266 -1.196986 -1.716579
-0.384312 -1.198141 -1.763493
0.209694 -1.238938 -2.436802
0.203615 -1.974275 -2.424093
-0.376490 -1.383531 -2.381120
-0.344195 -1.402263 -2.355977
-0.331973 -1.366265 -1.686682
-0.329908 -2.022096 -1.654003
-0.310300 -2.043060 -1.607967
-0.275569 -0.802983 -2.174769
-0.259267 -0.148260 -2.169515
-0.284022 -0.131948 -2.847295
-0.328449 0.551105 -2.859129
-0.356018 0.535815 -2.839881
-0.362883 0.502394 -0.220899
0.286916 1.113667 -0.160050
-0.315492 1.128909 0.547841
0.315188 0.525672 0.573206
0.316919 0.521224 0.566321
1.644436 -0.126030 0.546305
1.645269 -1.498893 -0.127668
1.620744 -1.498506 -0.162763
1.597491 -1.450265 -0.864027
1.604875 -1.438244 -0.223502
1.620869 -1.480275 -0.227264
1.613265 -1.532187 -0.255406
1.592875 -1.521764 -0.294979
1.595810 -1.457392 -0.310136
1.022540 -1.396746 0.350903
1.103757 -1.370408 -0.328598
1.164240 -1.366880 -1.039015
1.187334 -0.043265 -1.122419
1.192442 0.027525 -1.149890
1.194935 0.743733 -1.111395
1.179362 1.325140 -1.072062
1.149709 0.616240 -1.082763
1.115411 -0.039529 -2.385063
1.101192 0.014361 -2.392465
1.113908 0.095658 -2.990351
1.739013 -0.475346 -2.964721
1.732844 -0.470637 -2.977035
2.298596 -0.473362 -3.009438
2.240645 -1.056024 -2.375253
2.197511 -1.031465 -2.342163
2.177779 -1.024214 -3.609315
2.182516 -1.051901 -3.627491
2.171642 -1.109723 -2.335088
2.147201 -1.151304 -2.351679
2.135788 -1.763059 -1.056061
2.159874 -1.743933 -0.990810
2.208878 -1.755277 -0.966782
2.226321 -1.780383 -0.383484
2.212588 -1.809622 -0.418214
2.199566 -1.828499 -0.392860
2.224431 -1.845166 -0.344290
2.266918 -1.869338 -0.344800
2.268854 -1.257691 -0.369428
1.591091 -0.620059 -0.341434
0.302079 -0.605056 -0.899930
0.986375 -0.604675 -0.822770
1.023409 -0.597193 -1.459198
1.014647 -0.570715 -1.483451
0.963633 -0.541543 -1.440766
-0.394997 -1.793647 -0.684502
0.282097 -0.507327 -0.686973
-0.320699 -1.150471 -0.738222
-0.325578 -1.143224 -0.765777
-0.342959 -1.114496 -0.738270
-1.699612 -1.104753 -0.710265
-1.013754 -1.122706 -0.739204
-0.977644 -1.131858 -0.813810
-0.958190 -1.136868 -0.857351
-0.949993 -1.151194 -0.840711
0.359197 -1.184199 -0.826086
0.373193 -1.226769 -0.852040
0.383723 -1.279044 0.326175
0.393897 -1.295609 0.327838
0.369159 -1.303651 0.380765
0.321646 -1.306677 -0.214344
0.267569 -1.311758 -0.181435
0.242385 -1.319727 -0.182268
0.238234 -1.342945 -0.170827
0.879557 -1.348662 -0.131362
0.843139 -1.321999 1.191644
0.135933 -1.898348 1.200473
0.843545 -1.881455 1.189947
0.906932 -3.130454 0.579063
0.923691 -3.690660 0.608203
0.879388 -3.020702 0.614864
-0.467956 -2.966975 0.594606
0.192416 -2.997936 0.568832
0.198605 -3.060874 0.565650
0.148216 -3.060985 0.577177
0.060136 -2.991554 -0.599250
0.019321 -2.950047 -0.588591
0.777128 -3.003263 -0.602012
0.880769 -3.086069 -0.629246
0.916246 -2.467891 -1.305354
0.871757 -3.022087 -0.632778
0.191461 -2.973275 -1.280730
0.849899 -1.775356 -1.306513
1.566623 -1.219410 -0.690802
0.870016 -0.677345 -0.690039
0.780429 -0.683857 -0.653751
1.376706 -0.682524 -0.625161
1.471923 -1.403228 0.009532
1.583379 -2.104499 -0.005026
1.579555 -2.120414 -0.667902
0.855457 -2.043414 0.055499
1.407175 -1.957353 0.071985
1.440094 -2.584860 0.049881
1.470012 -2.634248 -0.626942
1.408826 -2.668195 -0.609593
0.013572 -1.966427 -0.587916
-0.024653 -1.904376 0.687275
0.669453 -1.877009 0.002171
0.143659 -1.929962 -1.270319
0.141499 -1.987452 -0.648596
0.094338 -0.661051 -1.299230
-1.191682 -0.570176 -1.297522
-1.127918 -0.496227 -1.310955
-1.780496 -0.527489 -1.328166
-1.827457 -0.611125 -0.695295
-1.894373 -0.651628 -0.676735
-1.281942 -0.598897 -0.688398
-1.238367 -0.540826 -0.733838
-1.212058 -0.578287 -0.772667
-0.549959 -0.677569 -0.777420
-1.178622 -0.725563 -1.404764
-1.811926 -1.237778 -2.685407
-1.799315 -1.169115 -3.991828
-1.826451 -1.194436 -4.020457
-1.864944 -1.289033 -3.968062
-1.269970 -1.329217 -3.885525
-1.240004 -1.257263 -3.209778
-1.229838 -1.163098 -2.646035
-1.261706 -1.154128 -2.705061
-1.292747 -0.535024 -1.467257
-1.291836 -0.560304 -0.776585
-1.266441 -0.491274 -0.750264
-0.608648 -0.422293 -0.786469
-0.638806 1.504879 -0.818751
-0.655705 0.709008 -0.798581
-0.627799 0.714620 -0.745688
-0.573277 0.784979 -0.740052
-0.548903 0.846114 -0.807537
-1.223264 1.554924 -0.878911
-1.246557 1.409147 -0.890919
-0.612260 1.331895 -0.859368
-0.572876 1.983423 -1.500230
-0.561758 1.375207 -2.207463
-0.600785 1.304513 -2.251911
-0.653252 1.164771 -2.889492
-0.663413 1.123924 -2.849105
-0.621417 1.813615 -2.844424
-0.590452 1.884959 -2.892153
-0.602690 1.839802 -2.266459
-0.619647 2.923650 -2.247555
-0.619598 1.565543 -2.186646
-0.616918 1.633492 -2.148724
-1.271077 2.324333 -2.153089
-1.315062 2.259051 -1.553494
-0.727611 0.919560 -1.522195
-0.711392 1.621029 -1.440171
-0.666182 1.653797 -1.356338
-0.633503 1.620062 -1.331387
-0.615417 1.592555 -1.334810
-1.181682 1.637661 -1.331373
-1.118619 1.068259 -1.903682
-1.671299 1.083355 0.027845
-1.684069 1.025037 0.042148
-1.071656 0.988354 0.004839
-1.049087 1.028482 -0.038227
-1.634171 1.095180 -0.015969
-0.308668 1.120891 0.063684
-0.321491 0.490696 0.110333
-0.337704 0.528970 -1.837575
-0.935110 0.618711 -1.245333
-0.934007 0.690084 -1.234247
-0.359999 0.695957 -1.165020
-0.420334 0.662153 -1.140682
-0.468495 0.656048 -1.189236
-1.164673 0.701668 -1.242191
-1.157549 0.750948 -1.222166
-1.154852 0.749299 -1.156388
-1.148170 0.712427 -1.140890
-2.434421 0.708904 0.065577
-2.353588 0.757138 -0.013259
-2.303709 1.428704 -0.023020
-2.317705 2.040447 -0.611611
-2.329020 1.288698 -0.019696
-2.916943 1.254975 -0.067132
-2.875424 0.654614 -0.121642
-2.855831 0.681028 0.531635
-2.854437 1.290272 0.598699
-2.825994 1.270233 0.617851
-2.778996 1.281216 0.555179
-2.757718 1.331402 0.482438
-4.035957 0.751512 1.109637
-4.086545 1.440725 1.168427
-3.506636 1.429078 1.178043
-3.522732 0.787759 1.135325
-3.528554 0.788200 1.108784
-3.556276 0.178695 1.152492
-3.608486 0.199875 1.209155
-3.639286 0.175944 0.560223
-2.977078 0.164701 0.522032
-3.556350 0.160331 0.518677
-2.941410 0.159069 0.581542
-2.375008 -1.138591 0.633016
-3.057605 -1.149804 0.637289
-3.659319 -1.197829 0.641522
-3.642303 -1.237426 0.689324
-3.646091 -1.216863 1.375466
-3.707748 -1.796086 0.775318
-3.019625 -1.784699 2.039400
-2.335777 -2.463456 1.982004
-2.231605 -2.498975 1.974039
-2.190347 -2.489650 2.029546
-2.257685 -2.446639 2.061603
-2.322860 -2.432357 1.422771
-1.637361 -3.801195 1.382087
-1.561753 -3.180431 1.429373
-1.566764 -3.106845 1.522062
-1.006386 -3.056883 1.546419
-1.061400 -3.059611 0.854738
-0.380071 -2.463423 0.775269
-0.291863 -2.465555 0.167028
-0.297097 -1.826542 0.835458
-0.397549 -1.819108 0.852397
-0.445003 -1.875360 0.795850
-0.368879 -1.943884 0.763443
-0.286004 -1.971127 0.816874
-0.325598 -1.948871 0.272644
0.778645 -3.144718 1.504619
0.721324 -1.948960 1.451448
0.788028 -2.007304 1.392302
0.887888 -0.653279 0.767651
0.883101 -1.231581 0.790839
0.801591 -0.562327 0.801730
0.773667 -0.634207 0.121607
0.851081 -0.667365 -1.753581
0.945019 -0.649556 -1.778236
1.552642 -0.628530 -1.825218
0.840686 -0.645658 -1.279479
0.212932 -0.702193 -1.298523
0.933052 -0.741850 -1.893170
1.023391 -0.107769 -1.876086
1.043787 -0.065734 -1.290331
1.004802 -0.028173 -1.302478
0.995447 -0.029592 -0.688484
1.045873 0.587909 -0.649095
1.114404 0.582993 -0.630191
1.121802 0.598203 -0.046500
1.093540 0.623528 -0.658568
-0.245286 -1.216338 -1.263982
-0.196722 -1.820992 -1.244646
-0.158965 -1.834426 -2.539000
-0.191605 -1.175681 -2.530560
-0.250277 -1.110029 -1.868163
0.370225 -1.674973 -1.821615
0.994914 -1.692367 -2.431885
0.957001 -3.707034 -2.409086
0.228713 -2.468110 -2.387861
0.172026 -2.424200 -1.723950
0.162921 -2.417589 -1.087581
0.194552 -2.478192 -1.118762
0.820762 -2.521956 -0.520443
0.139223 -2.474445 -0.510626
0.100690 -2.417041 -0.489974
0.120145 -1.816451 -0.475802
0.798883 -1.895067 -0.455276
0.796330 -1.924350 -0.404472
0.761105 -1.873711 -0.968852
0.758691 -1.832136 -0.970111
0.835155 -2.500860 -1.630165
-0.384643 -2.530907 -1.684217
-0.392746 -2.470081 -2.990446
-0.441770 -2.345436 -2.983461
-0.459436 -2.283247 -2.992194
-0.400034 -2.306831 -3.027629
-0.337876 -2.328463 -2.428807
-0.334421 -0.936602 -2.435701
-0.370352 -0.817409 -3.079111
-0.387505 -1.447559 -3.141599
-1.650394 -1.539935 -2.577631
-1.604225 -1.599138 -2.634877
-1.599068 -2.774851 -2.686732
-1.659166 -2.700980 -2.729265
-1.730764 -2.149224 -2.144980
-1.750689 -2.162578 -1.508908
-1.728871 -2.228812 -1.509438
-1.699150 -1.583421 -1.488268
-1.714898 -0.241722 -1.467763
-1.747094 -0.930849 -1.467093
-1.735076 -1.021401 -1.468072
-1.687516 0.189672 -1.459268
-1.662385 -0.433802 -1.450962
-2.320883 0.215715 -1.465192
-2.381202 0.134735 -1.496051
-3.041838 -1.885355 -1.499662
-3.019226 -1.886510 -1.463162
-2.976041 -1.866145 -1.428627
-2.975616 -1.878780 -1.429554
-3.009751 -2.502245 -0.821190
-3.026071 -2.477084 -0.826542
-3.011400 -2.407013 -0.810938
-2.996250 -2.954009 -1.442464
-2.414407 -2.957029 -1.459971
-2.461852 -2.980742 -1.466655
-2.474293 -2.979861 -0.162138
-2.465313 -1.692226 -0.108110
-1.838371 -1.673644 -0.036834
-1.868101 -1.703796 0.009308
-1.301577 -1.109506 -0.641477
-1.898692 -1.768552 -0.648278
-2.493705 -1.785474 -0.610289
-2.508053 -1.821413 -0.558793
-2.559777 -1.862047 -1.175544
-2.587270 -2.544320 -1.199393
-2.560799 -2.548597 -1.219200
-2.515046 -2.552435 0.051427
-2.503524 -2.554269 0.088646
-2.496192 -3.168465 0.119872
-2.450782 -2.511050 -1.092474
-2.392632 -1.854984 -1.105485
-2.375568 -1.843316 -1.102083
-1.087816 -1.153571 -1.094756
-1.127760 0.089767 -1.098051
-1.105720 0.153439 -0.499224
-0.425877 0.210213 -0.550102
-0.984130 -0.438576 -0.555877
-0.981159 -0.465603 -1.754212
-0.973367 -0.478812 -1.688648
-0.924965 -0.443738 -1.677353
-0.880543 -0.405423 -1.090932
-0.863838 -0.407107 -1.114652
-0.869837 0.889093 -1.069470
-0.885648 0.294163 -0.976054
-2.277508 0.997459 -0.929948
-1.085347 1.029528 -0.965736
-1.125491 1.044122 -1.006236
-1.106774 0.329152 -0.975349
-1.703454 0.280580 -0.889655
-1.049468 -0.348168 -1.497093
-1.084496 -0.354963 -2.166389
-1.124813 -1.007651 -2.240721
-1.785955 -1.040200 -1.635219
-2.404183 -1.049593 -1.622489
-1.803828 -1.632039 -1.633998
-1.854935 -1.594675 -1.689803
-1.884365 -1.590510 -1.747756
-2.497436 -1.630881 -1.764983
-2.456740 -1.672941 -1.731722
-3.049555 -1.696809 -1.712676
-3.047301 -1.060975 -1.735928
-3.046225 -1.699160 -1.134132
-3.026293 -2.361000 -1.150857
-3.006869 -2.390590 -1.145430
-3.551521 -3.052202 -1.162772
-3.524293 -1.791028 -1.193091
-3.542412 -1.136291 0.063648
-3.545828 -0.571463 0.137437
-2.888574 -0.608422 -0.410961
-2.845392 -0.620909 -0.392236
-2.862824 -0.632403 -0.417716
-2.938956 -0.648372 -0.407013
-3.008690 -0.649553 -0.358261
-3.032218 -0.629516 -0.347841
-3.016275 -0.588976 -0.439147
-3.028657 -0.552333 -0.544557
-3.078025 -0.530946 -1.177177
-3.095842 -0.525550 -1.136061
-2.425923 -0.534301 -1.130753
-2.959507 -1.183150 -1.199164
-2.320089 -1.169287 -1.281307
-2.375769 -1.173537 -1.296173
-1.186490 -0.566759 -1.265450
-0.507502 -0.596898 -1.298927
-0.452545 -0.598584 -0.755099
-1.041005 -0.576618 -0.208130
-1.097900 -1.187640 -0.212316
-1.148991 -1.194223 -0.146640
-1.128944 -1.218949 -0.098400
-1.067278 -1.240346 0.530200
-1.065157 -1.888227 0.513929
-1.812881 -2.550245 0.551062
-2.490313 -3.168257 0.620109
-2.486662 -3.205229 0.023469
-2.450289 -3.229165 1.254571
-1.847994 -3.224575 1.831366
-1.299645 -3.180741 1.166416
-1.982060 -3.140884 1.213934
-2.583711 -3.140680 0.660682
-3.149432 -3.147254 0.677903
-3.206205 -3.123463 0.657097
-3.350581 -2.447749 0.641930
-3.427451 -2.404652 1.252796
-3.370049 -2.416069 1.287368
-2.660333 -1.801815 1.268596
-2.684270 -1.219045 1.199822
-2.778960 -1.181124 0.549239
-2.780198 -1.120222 0.573247
-2.640429 -1.125910 0.623488
-1.867589 -1.805114 0.633002
-1.879780 -1.826927 -0.032896
-1.389504 -1.807120 -0.042668
-1.404938 -1.795815 -0.021297
-1.270787 -1.832476 0.610665
-1.150628 -1.890261 0.599026
-1.194574 -1.926710 -0.067968
-1.959426 -2.566846 -0.097527
-1.993377 -2.558861 -0.096861
-1.890871 -1.904779 -0.067974
-1.788799 -1.906255 -0.668123
-1.821608 -1.871182 -0.069246
-1.950577 -1.831871 -0.094414
-2.017881 0.063787 -0.087355
-1.986611 0.027991 -0.683644
-1.945594 0.001073 -0.666570
-1.977354 0.019599 -0.689370
-1.465620 0.059844 0.534255
-2.719839 0.056881 0.524497
-2.068587 0.027224 -0.085327
-1.427668 -0.616351 -0.050594
-2.074347 -0.570196 0.593503
-2.747993 -0.536053 1.200250
-2.742936 -0.548829 1.187576
-2.695870 -1.185859 0.579795
-2.658844 -1.134035 0.585804
-2.654454 -1.071508 1.154019
-2.652366 -1.066535 1.084085
-1.421271 -1.131445 1.048372
-1.406840 -1.166827 -0.200492
-0.114340 -1.119162 -0.151811
-0.158276 -0.429825 -0.147308
-1.335721 -0.423251 -0.170923
-1.297437 -0.433847 -0.780116
-1.276630 -0.458730 -0.762649
-0.004707 -0.415889 -0.770368
-0.688783 0.257919 -0.811575
-0.683958 0.849002 -0.816766
-0.635820 0.104047 -0.773008
-1.207555 0.071545 -0.726693
-1.203342 0.134731 -0.695994
-1.219659 0.226287 -0.677476
-1.836149 0.259125 -0.631984
-1.790867 0.234340 -0.562916
-1.758587 -0.384330 -0.540935
-1.758598 -0.976913 -0.588767
-1.756544 -1.604396 -0.640861
-1.720394 -1.039227 -0.611191
-1.678356 -1.155595 -0.538171
-2.274419 -1.212330 0.069607
-2.313256 -1.161746 0.025504
-1.761766 -1.095100 -0.592051
-1.789485 -1.109227 -0.520380
-1.797601 -0.546246 -0.435119
-1.175976 -1.816149 -0.474728
-1.209137 -1.101989 -1.285163
-1.222838 -1.020769 -0.776827
-1.837215 -1.039911 -0.771373
-1.794681 -0.502045 -0.726522
-1.766750 -0.523498 -0.752910
-1.757967 -1.709216 -0.849410
-1.746844 -0.969977 -0.893093
-1.707707 -0.345125 -0.860025
-1.667707 -0.397489 -0.813238
-1.637929 0.211722 -0.258564
-1.606581 -0.387875 -0.362302
-1.572914 -0.350287 -0.430538
-0.931997 -0.398270 0.255716
-0.301731 1.415225 -0.338596
-0.980869 1.326355 -0.313424
-1.020336 1.957138 -0.325224
-1.017726 1.986731 -0.319126
-1.621937 0.709571 -0.267018
-1.644793 1.294290 -0.193478
-1.723166 1.276843 -0.165611
-1.783838 1.309348 0.468386
-1.786631 1.319064 0.417250
-1.775895 0.612912 0.414384
-1.800713 -0.111024 0.457254
-1.204807 -0.187643 1.129694
-1.851250 -0.190496 0.506661
-2.485498 -2.100959 -0.109977
-2.446037 -2.725504 -0.090973
-2.422609 -2.739887 -0.685545
-1.791976 -2.732966 -1.383196
-1.771146 -2.720335 -1.422605
-1.731705 -2.735403 -2.108387
-1.696094 -2.783738 -2.136899
-1.680884 -2.809266 -1.505232
-1.701666 -1.510079 0.450528
-1.728214 -0.129206 -0.212046
-1.741115 -0.769443 -0.230674
-0.471921 -0.764880 -0.246984
0.134219 -0.712747 -0.271604
0.086256 -0.629724 -0.932283
0.656357 0.057149 0.336423
0.689604 -0.548742 0.329045
0.711371 -0.579771 0.362592
0.695543 -0.578922 1.043903
0.666123 -0.549731 1.743647
0.054773 0.120639 1.133463
0.077344 0.114710 1.207517
0.089423 0.086080 1.232313
0.074833 -0.555972 0.548267
0.050630 0.668451 0.495824
0.053702 0.660202 -0.200131
0.084021 0.673500 -0.228598
0.121067 0.652841 -0.262626
0.199642 0.648437 -0.874155
-0.421152 0.655907 -0.196412
-0.409924 0.669122 0.480731
-0.401255 0.693130 0.533383
-0.386628 0.716206 -0.098380
-0.371385 0.733488 -0.135626
0.883618 0.730577 -0.159554
1.437698 -0.534100 -0.146827
0.783861 -1.128205 -0.132221
0.771039 -0.500880 -0.816902
1.435217 -0.522622 -0.805424
1.441372 -0.539519 -0.760790
2.042810 0.087416 -0.678157
1.995549 0.149065 -0.618190
2.649297 -1.058607 -1.265479
2.662551 -1.100771 -1.318046
2.646994 -1.141551 -1.959396
2.605999 -1.767355 -1.961023
2.591630 -1.772064 -3.332546
2.632516 -1.822770 -3.454166
2.677639 -1.911163 -3.564119
1.384111 -1.974291 -4.230775
1.998742 -1.997011 -4.171089
2.016860 -2.019058 -4.137209
1.417521 -2.070484 -3.529698
2.018724 -2.131936 -3.576036
1.945314 -2.151213 -3.532717
1.872055 -2.131326 -3.454938
1.850338 -2.106980 -3.450669
1.856904 -1.443243 -3.526255
1.849633 -1.469340 -2.953132
1.819964 -1.477860 -2.902454
1.177879 -0.851767 -2.803178
0.560797 -2.072958 -3.389205
0.547289 -1.456944 -2.112675
1.166056 -1.479456 -2.135582
1.711259 -2.088122 -2.074687
1.656832 -2.047341 -2.640494
2.213386 -2.007253 -2.632735
2.221355 -1.980884 -2.690111
1.686231 -1.968716 -2.732088
1.726389 -1.967427 -2.699228
1.774017 -1.377650 -2.615954
1.134308 -1.404612 -3.202449
1.125308 -0.877676 -3.254780
1.109118 -1.499967 0.593091
2.357413 -2.140206 0.647456
1.717719 -1.627437 0.706649
1.730989 -1.655762 0.668909
1.164463 -1.643516 0.551013
1.208876 -2.207896 0.479995
1.253251 -1.552615 -0.680826
1.282637 -0.925189 -0.566835
1.916556 -0.936978 -0.518120
1.277993 -0.942077 0.032820
1.263559 -0.301672 0.660799
1.214719 -0.288728 0.013935
1.157556 -0.288318 0.788382
1.129022 -2.218268 0.838733
1.195064 -2.187522 0.760080
1.235655 -2.170970 0.032500
1.228722 -2.155631 0.054758
1.200507 -2.119058 0.150472
1.199021 -2.070503 -0.420003
1.231251 -2.675950 -0.477460
1.243751 -2.066952 -0.572131
1.204774 -2.078710 -0.603528
1.159830 -2.739167 0.078282
1.161024 -2.707158 0.072695
1.209328 -3.324443 0.597772
1.244979 -2.728479 1.149496
1.237172 -2.755645 1.139583
1.225167 -4.585360 1.202106
1.248486 -4.597492 0.567556
1.299952 -4.646513 0.517797
1.331411 -4.714977 0.472639
1.330376 -4.095392 0.498809
0.105485 -4.736232 0.581294
0.131816 -4.729225 0.616978
0.154555 -4.103421 0.575501
0.175175 -4.130854 0.524915
0.207777 -4.154619 0.546325
0.248891 -4.154156 1.294130
0.284679 -4.761175 1.416515
0.301124 -4.748834 0.801321
0.876477 -4.768774 0.757341
0.839601 -4.200630 0.735141
2.623620 -4.829002 0.149322
2.592304 -4.775405 0.855389
2.554897 -4.778095 0.818802
1.889376 -4.166060 0.716485
1.853739 -4.141423 -0.568430
1.858137 -4.095139 -0.465572
1.861819 -4.086755 0.344153
1.832293 -4.115890 0.380112
1.768733 -3.477952 0.292760
1.729194 -4.084864 -1.120584
1.751888 -4.079831 0.870698
1.231508 -4.691333 0.955027
1.263261 -4.108044 0.937033
1.244752 -4.136684 0.151494
1.248650 -4.136544 0.088718
1.302098 -4.135373 0.804227
0.711498 -3.528995 0.897530
0.709652 -3.538958 0.885824
0.650280 -3.524973 0.762590
1.255354 -3.492285 2.589817
1.884337 -3.469035 1.960003
1.873634 -3.474830 1.979309
1.813622 -3.479174 1.286375
1.729131 -3.447371 1.819071
1.680934 -4.009659 1.779454
2.335048 -4.616570 1.186377
2.343802 -4.623978 0.591763
2.318532 -4.643773 1.226894
2.271238 -4.636440 1.191839
2.248496 -4.019633 1.195739
2.264042 -4.071742 1.254838
2.278033 -4.156881 1.271269
1.660969 -4.215924 1.193021
1.033181 -3.541672 1.090992
1.020953 -3.537213 1.089604
1.054855 -3.557600 0.568024
0.441207 -3.591858 1.300686
0.418358 -3.615788 1.255993
0.365698 -3.613714 1.215290
0.337056 -3.605434 1.901935
0.346999 -3.596654 1.332723
0.959393 -3.585411 1.373089
0.941583 -3.565920 1.318166
