-1.522538 -1.272024 2.004025
-1.521489 -0.648536 2.042860
-0.848634 -0.642018 4.616943
-0.859572 -0.602443 4.620350
-0.880551 0.103097 4.623185
-0.834425 0.141388 4.644772
-0.772108 -1.092889 4.665942
-0.723392 -1.686825 3.403438
-0.711420 -1.055362 3.371862
-0.716190 -1.101865 3.357486
-0.709760 -1.800705 3.373780
-0.690473 -1.834717 4.051965
-1.335212 -1.894007 4.056399
-1.345079 0.051328 4.030154
-0.671312 0.037226 4.621655
-0.000013 0.050546 4.604642
-1.214017 -0.548008 3.308490
-1.830668 0.133488 3.270148
-1.870539 -1.148808 4.453185
-1.904213 -1.165136 4.425697
-1.275729 -1.178351 4.473028
-1.272901 -1.810120 4.524320
-1.936414 -1.789190 4.511060
-1.995719 -2.437897 3.170037
-2.018695 -2.433624 3.183059
-1.989063 -2.419992 2.571038
-1.953405 -1.793537 2.560882
-1.966211 -1.766511 3.166673
-2.025079 -1.798914 3.805653
-2.080778 -1.227223 3.821107
-1.469671 -1.246472 3.840800
-1.466639 -1.911502 3.863118
-2.819122 -1.915246 3.874737
-3.533896 -1.915457 3.240760
-0.984407 -1.887830 2.638202
-0.913909 -1.196756 3.344600
-0.848307 -1.165426 2.733443
-0.841140 -1.164165 2.739807
-0.872919 -0.496132 2.711141
-0.263875 -0.498801 2.681475
-0.262399 -1.177979 2.690304
-0.264715 -1.188794 2.717367
-0.294244 -1.213749 2.721217
-0.315232 -1.214456 2.687383
-0.288355 -1.188753 2.652236
-0.857857 -1.791711 2.647900
1.069498 -1.796456 2.643814
1.080734 -1.821008 3.206234
1.053970 -1.225225 3.154897
1.029857 -0.623153 2.513739
1.042105 -0.647603 3.186632
1.080589 -0.708889 3.237545
1.115787 -0.771289 3.263532
1.745878 -0.773962 2.661344
1.758737 -0.726331 2.728081
1.796158 -0.684952 2.801204
1.207284 -0.689447 3.477331
0.662711 -0.702168 3.460823
0.696818 -0.678684 3.445048
0.669078 -0.649314 3.461382
0.620014 -0.686339 3.480915
0.608723 -0.786238 3.464048
0.660701 -0.856106 3.428833
0.035663 -0.847671 3.419768
0.012986 -0.793487 3.442219
-0.032737 -0.779155 3.451619
-0.016230 -1.437605 3.416136
0.687887 -1.465500 2.777460
0.694552 -1.432185 2.776626
0.603899 -1.386520 2.809872
1.179238 -1.428173 2.828770
1.148280 -1.537095 2.814224
0.590789 -1.610617 2.809783
-0.024646 -1.573757 2.195688
-0.061199 -1.467255 2.906370
-0.096573 -1.386894 3.567116
-1.304798 -2.024041 4.202542
-1.291727 -2.026500 3.513602
-1.302591 -1.343924 3.533217
-1.354111 -1.344872 4.198603
-1.415062 -1.417200 4.205502
-0.826433 -1.521637 4.203791
-0.814906 -1.569026 4.198870
-0.803051 -1.533107 3.562116
-0.192179 -1.455716 3.583509
-0.798744 -1.369643 3.607704
-0.788554 -1.294777 2.968561
-0.157125 -1.211177 2.971226
-1.987495 -1.789346 2.981644
-2.011626 -1.753652 2.984276
-2.012739 -1.153458 2.955206
-2.016258 -0.540617 4.199093
-2.058683 -0.570948 4.160896
-2.102787 -0.572254 4.073055
-1.421453 -0.531305 4.099475
-1.353646 -0.478006 5.373622
-1.304376 -0.453399 5.904642
-1.305162 -0.461649 5.874857
-1.315805 -0.476525 5.957245
-1.282830 -0.495892 5.991447
-1.233612 -0.552151 5.368784
-0.565397 -0.016165 4.721904
-0.601430 -0.715007 4.680782
-1.294194 -0.780065 4.026290
-1.865081 -0.763762 4.084518
-1.828995 -1.976272 4.148923
-1.841173 -1.932297 4.834590
-1.877887 -1.907856 4.872654
-1.896142 -2.490226 3.598025
-1.907416 -1.210446 3.635850
-1.954298 -1.223817 4.319612
-2.035504 -1.201368 4.325219
-2.117329 -1.179249 3.059396
-2.173067 -1.158417 3.061193
-2.182976 -1.145767 3.652852
-1.586083 -1.144903 2.427065
-1.568227 -0.491943 2.418264
-1.538968 -0.471333 2.416521
-1.525518 -0.461651 3.009459
-0.226992 -1.136706 4.298292
-0.238400 -1.190483 4.259892
0.383200 -1.238513 2.941023
0.403243 -0.650859 4.212156
1.012077 -0.732193 3.556312
1.640017 -0.817717 3.538458
1.626612 -0.848603 3.529280
1.681595 -1.481621 3.520436
0.511538 -0.867621 4.191538
0.542789 -0.874687 4.254087
0.508286 -0.908403 4.330518
0.454445 -0.937913 4.994047
0.428304 -3.517029 4.261345
0.436448 -3.589218 3.612252
0.441580 -3.593932 3.641335
0.428962 -1.558884 3.020250
-0.809740 -0.942875 3.024860
-1.370203 -1.609992 2.979759
-1.306694 -1.574593 2.960600
-1.871843 -0.921705 2.983120
-1.842025 -1.560651 1.755008
-1.847985 -1.591744 1.760744
-1.240609 -1.612038 1.729297
-0.596674 -2.179818 1.682154
-0.580932 -2.097530 2.304512
-0.569974 -2.066700 2.272795
-0.553025 -2.073258 1.625045
0.137113 -2.745740 1.609711
0.178871 -3.315295 1.579430
-0.436198 -3.265861 1.568700
-0.449149 -3.273793 2.196651
0.774449 -3.303414 2.217650
0.057246 -4.546153 2.185851
0.013416 -3.857990 1.480145
-0.019567 -3.824848 1.433260
-0.034630 -3.125326 1.422842
-0.709332 -3.180288 2.622896
-0.698174 -3.220485 2.603335
-0.017817 -1.871776 2.604670
0.676391 -1.245284 2.637045
0.017119 -1.256871 2.018836
-0.019318 -1.279216 1.382689
1.071140 -0.653139 1.373382
1.014697 -1.968489 2.659649
1.635487 -3.110782 2.657533
1.603707 -3.115670 1.446600
1.589231 -1.891396 1.485421
1.603979 -1.899986 1.511902
1.632110 -1.806942 1.537294
1.640174 -1.734544 1.530894
1.636417 -1.728834 1.581277
1.638534 -1.738425 1.591469
1.043335 -1.688873 1.564575
1.031235 -2.231649 1.530475
1.013669 -1.574903 1.537046
1.645750 -0.357015 1.565923
1.640925 -0.420527 1.575320
1.645560 0.213941 0.908338
1.661066 0.344377 0.316848
1.673999 0.299533 0.871868
1.676341 -0.350259 0.847851
2.302781 -1.795447 1.480974
1.613287 -1.204013 1.539904
1.585801 -1.182882 1.567666
2.229434 -0.555993 1.540559
2.227174 -0.593509 1.493801
2.209068 0.005701 1.471936
2.186024 1.834032 1.490139
2.183140 1.878076 1.487975
2.213415 0.676611 1.435527
2.924466 0.707042 1.364487
1.024411 -0.573710 1.319276
1.006016 -1.201986 1.335974
1.006774 -0.557456 1.364963
1.044051 -0.571933 0.720489
1.072843 -0.636483 0.072125
1.051553 -0.690371 0.087963
1.014803 -0.700837 0.106243
1.010046 -0.684485 0.114987
1.053047 -0.697443 0.738285
1.079217 -0.735907 0.049198
-0.240600 -1.405674 0.683596
-0.281339 -1.407984 1.308412
-0.263718 -2.043596 1.328179
0.460328 -2.106550 0.746509
0.506521 -1.550288 0.106180
1.111580 -0.931086 0.104566
1.085902 -0.905533 0.121159
1.094774 -0.893086 0.147778
1.141280 -0.929533 0.136621
0.505200 -0.942378 0.105334
0.486033 -0.293834 0.077896
1.801778 0.357730 -0.519480
1.811489 -0.313992 -0.479768
1.233645 -0.382308 -0.454524
1.299286 -0.404705 0.791702
1.332726 -0.380580 -0.436677
1.326863 -0.383207 -0.455419
1.313910 -0.428968 -0.460134
0.068235 -0.447166 -1.056388
0.678109 -0.378388 -1.044055
-0.027802 -0.274899 -1.062333
-0.090780 -0.852057 -1.085055
-0.138674 -0.869899 -1.075609
-0.155371 -0.884269 -1.030747
1.094016 -0.841634 -1.614839
0.418052 -0.794276 -1.623640
1.732875 -0.811036 -3.498002
3.018356 -0.206086 -3.511832
2.383696 -0.776475 -3.455862
1.054343 -0.679033 -1.584763
1.663456 -0.616712 -1.602802
1.697401 -1.300168 -1.637555
1.749146 -1.285518 -2.254763
1.791716 -0.728482 -2.174464
1.817457 -1.387324 -2.132885
1.207747 -0.795986 -2.175460
1.232818 -0.871817 -3.561730
1.245690 0.350670 -3.553710
1.218246 0.396546 -3.521600
1.833694 0.488338 -2.929227
1.776240 0.501602 -3.010071
1.749657 -0.165442 -4.277519
2.376312 -0.860886 -3.580593
2.399428 0.381927 -3.518649
2.408311 -0.284118 -3.544808
3.051139 0.958267 -3.580852
2.985790 0.830994 -3.606164
2.978556 0.816478 -3.583162
4.237495 0.873043 -3.567460
4.864794 0.943521 -3.602056
4.159484 0.973275 -3.649077
3.574921 0.342385 -3.643378
3.596047 0.339602 -3.556132
3.673037 0.347625 -2.842444
3.109935 0.342806 -2.171848
2.488059 0.305880 -2.842380
2.519615 0.248990 -4.122148
1.865359 -1.137251 -3.465599
1.889712 -1.108146 -3.456797
1.244608 -1.029920 -2.857848
1.278034 -1.620371 -2.913996
1.328366 -1.604838 -3.488794
0.720052 -1.601737 -4.122693
0.717763 -1.583600 -3.406569
2.037882 -1.571313 -2.733154
2.061077 -1.591288 -2.759601
2.685788 -1.634422 -4.028113
2.593124 -1.670164 -4.731072
1.831843 -1.663907 -4.143724
1.099988 -1.633303 -3.529618
1.086820 -1.602281 -3.549349
1.083377 -2.205026 -3.548469
0.412227 -2.193738 -3.515684
1.057402 -1.547007 -4.140817
1.030898 -2.238302 -3.494388
-0.271342 -1.647168 -2.243892
-0.260125 -1.049685 -2.295642
0.343321 -1.073938 -2.332346
0.300635 -1.066394 -2.347779
0.274612 -1.051173 -3.030925
0.920456 -2.290662 -2.378742
0.266498 -1.647483 -2.351669
-0.348887 -0.363854 -2.265832
-0.346270 -0.341860 -2.235148
-0.382575 -0.345730 -2.161552
-0.363400 -0.362906 -2.160015
-0.327570 -0.390431 -1.503596
-0.298515 0.242453 -1.496109
-0.284555 0.932138 -2.109404
-0.932587 1.584960 -2.693394
-0.327289 1.597342 -3.342216
-0.967140 1.604893 -3.338884
-0.950621 0.260971 -2.653302
-1.535269 0.313021 -3.244391
-0.257238 0.342951 -3.214978
-0.223220 -0.251564 -3.235386
0.436917 0.358748 -3.265522
-0.204085 0.332995 -2.022946
-0.233544 -0.312622 -2.086076
-0.266102 -0.280912 -2.156043
-0.280174 -1.488557 -0.945758
-0.280819 -1.508008 -0.930123
0.379695 -1.526407 1.061574
1.021864 -2.814558 0.480433
1.020489 -2.773376 0.503209
-0.281597 -2.764359 0.476074
-0.300273 -2.810719 0.449138
-1.618809 -2.866464 0.405566
-0.981686 -2.223079 -0.291261
-0.996960 -2.172699 0.247735
-0.373142 -1.525829 0.177266
-0.383435 -0.918911 -1.120512
-1.037183 -0.282361 -1.112159
-1.024070 -0.299838 -1.735472
-0.346597 0.353998 -1.746929
-0.323057 0.305095 -1.133586
0.334081 -1.050115 -1.168163
0.347650 -1.742860 -0.533587
0.363682 -1.708571 -0.567407
-0.233530 -1.673752 -1.259744
-0.203280 -1.670887 -1.320327
-0.196330 -1.670821 0.607465
-0.185203 -1.657476 0.655488
-0.164849 -0.361241 0.021984
-0.141958 -0.384999 -0.638157
0.492454 -0.426481 -0.682462
0.479348 -0.478440 -0.015605
-0.164901 -0.515419 0.637721
-0.826549 -0.519998 0.591375
-0.231079 -1.168255 1.155306
-0.253987 -2.460979 1.096853
0.333024 -0.517225 1.129717
0.286672 -1.201090 0.609155
0.925454 -1.226743 0.011097
1.560071 -1.260193 -0.008986
0.925774 -1.320656 -1.322817
0.247068 -1.356998 -1.285442
0.230314 -1.329544 0.043085
2.130579 -0.594941 0.032321
2.126393 -1.186277 -0.052140
2.736040 -1.138214 0.537021
2.755690 -1.080085 0.552526
2.780673 0.217774 1.151957
2.816560 0.247133 1.787980
2.178936 0.257749 1.724805
1.565119 0.938529 1.685592
0.940798 0.957436 1.088120
0.975787 0.328602 1.142219
0.980097 -0.221902 1.123078
0.305406 -0.115946 1.041757
0.274380 0.624497 2.316572
0.271933 -0.604205 3.694229
0.995499 0.061355 2.590486
1.030333 0.059197 2.613633
1.018668 0.030745 2.582717
0.329043 0.609120 1.899530
-1.047987 1.210822 3.225708
-0.364258 1.208608 3.212252
-0.337015 0.585790 3.152047
0.297022 0.615011 3.078728
0.899184 -0.027789 3.048560
1.522589 -0.011159 3.072252
1.557480 0.034179 2.449015
2.863744 -0.591920 2.500955
2.892560 -0.010829 2.520042
3.499445 -0.091151 1.858631
2.188797 -0.131811 1.871803
2.188549 -0.127455 1.897101
2.242200 -0.834442 1.899835
2.300466 -0.814683 1.865710
2.331515 -1.408867 1.840115
2.342721 -2.025566 1.852302
1.049740 -1.942590 2.549678
1.129010 -1.914166 2.598121
1.191510 -1.960257 2.629408
1.169938 -2.042701 3.274786
1.753368 -2.085926 3.226642
2.337560 -2.085185 3.163669
4.254700 -2.075474 3.772517
4.297559 -2.097840 3.747709
3.621367 -2.118635 3.710742
2.886398 -2.065234 3.666409
2.831281 -1.969130 3.074731
2.853572 -1.911346 2.505001
2.885024 -1.954168 3.214684
2.865792 -0.797935 1.923032
2.828301 -0.208026 1.860263
3.467412 0.438402 1.153314
3.518226 0.435726 1.127224
3.571989 0.381353 1.142277
3.581716 -0.945157 1.148008
3.561558 -0.914038 1.140407
3.557086 -0.823622 1.158038
2.957741 -1.412514 1.214215
2.975943 -0.853587 1.908248
2.931993 -0.313011 2.612806
3.539729 -0.286436 2.614211
4.786387 -0.841434 2.547069
4.841947 -0.838861 1.211953
4.232159 -0.259260 1.216440
2.925921 -0.257960 0.624375
2.925276 -0.188700 0.660068
2.976117 -1.391941 0.682703
3.060277 -1.361705 1.360701
3.100529 -1.395468 1.442795
3.712020 -1.425432 0.855052
3.655439 -2.021394 0.881365
4.279181 -2.014924 1.500369
3.650075 -2.051383 2.107541
4.293429 -1.487386 1.397509
4.293164 -1.509600 1.375012
5.542730 -1.496164 1.373431
5.557157 -2.072350 0.725441
5.587627 -2.065014 0.729971
5.588186 -2.104819 1.412556
5.533223 -1.501851 1.367688
6.120677 -2.186623 0.032240
6.079953 -2.178113 0.647946
6.083856 -1.528701 1.278544
6.097910 -1.570349 1.861043
5.436768 -2.211377 1.178604
5.436861 -0.942527 1.153134
5.448863 -0.891063 1.190459
6.139967 -0.885926 1.273631
5.441605 -0.933474 1.333385
5.392298 -0.978070 0.079479
4.731520 -0.985454 0.714158
4.718506 -0.346378 1.388237
4.716837 0.306689 2.073042
3.463707 0.274060 2.073869
3.484994 0.264620 2.088712
4.731454 -0.301043 2.131707
3.636449 -0.192283 2.168911
3.657846 0.486205 2.787417
3.003174 0.462561 2.760735
3.628354 1.056973 2.757816
3.612298 1.134147 2.777175
4.237809 1.193282 2.763460
4.198730 1.197300 2.710175
3.566842 1.155214 2.652245
4.216867 1.127773 2.635349
2.897316 1.149374 2.033728
3.552504 1.184713 2.036698
3.573441 1.170342 2.022080
3.600288 0.458777 2.006120
3.610315 0.421074 2.009798
4.231698 1.097275 2.680483
4.816147 1.098763 1.345923
4.777263 0.398748 1.972105
4.098766 0.350071 1.311825
4.093549 0.319893 1.298199
3.424944 0.344222 1.912142
3.438169 0.372812 1.933980
3.465991 0.366306 1.927407
2.840206 0.305742 2.619143
2.825209 0.308003 2.612483
2.166731 0.343442 2.020625
1.509733 0.344024 2.077974
2.181017 0.290456 2.088055
2.138917 0.891875 2.054284
1.493145 0.250418 2.043100
1.585869 0.279609 2.071365
1.626918 0.907718 2.080871
1.002133 0.228595 2.027892
0.991707 0.192700 2.623609
0.972222 0.234599 2.592252
2.833375 0.312127 2.597849
2.858152 -0.308469 3.227691
2.874358 -0.413831 3.184220
2.878627 -0.510772 2.521990
2.898318 -0.504018 2.536859
2.279248 -0.442247 2.571634
2.298963 -1.072315 2.586866
2.315030 -1.141522 1.956261
3.032279 -1.164416 1.311032
3.023562 -0.472626 1.904497
2.988281 0.233851 1.911294
2.930534 0.194785 2.569024
2.899674 0.096231 1.868428
2.904048 -0.565736 1.869671
2.266488 -0.521231 3.205414
2.249861 -0.471978 2.603275
1.599203 -1.148065 3.197719
1.603569 -1.203756 3.161514
2.268072 -1.189683 3.137991
2.308031 -1.100840 3.140471
2.307495 -0.410593 3.140956
1.663277 0.231337 3.702424
2.303123 0.157929 3.666120
2.345717 0.129949 3.657277
1.073600 0.155168 3.688091
1.079999 0.158459 3.709434
1.065870 0.099180 3.673790
1.694186 0.033910 3.598481
1.724064 0.033985 3.535512
1.805219 0.083458 3.531516
1.780882 0.105362 3.566098
1.700495 0.726409 4.201734
2.242351 0.670169 4.193599
1.634204 1.823957 4.203781
1.653222 1.842949 4.254624
1.618342 1.868233 3.713585
1.520362 1.875346 3.142380
0.775866 1.877793 3.151085
2.068353 1.909358 3.150841
2.068627 1.952602 2.547360
2.026049 1.970674 2.590722
1.944410 1.948244 2.607129
1.241514 1.905762 2.593108
1.238795 1.882108 2.576958
0.612780 1.893131 2.578620
0.630260 1.926614 2.587674
0.592856 1.941100 2.574338
0.557759 1.932849 1.960964
0.580170 1.937624 1.939824
0.024143 1.976407 1.927920
0.066396 2.029114 1.918944
0.055697 2.052102 1.906663
0.668641 0.796978 1.904317
0.671536 0.761967 1.924150
1.383119 0.749350 3.256962
0.756577 0.751187 2.589121
1.385150 0.082336 2.567981
0.739808 0.069739 2.566991
1.407664 0.037018 2.588395
0.806232 0.036776 2.591765
1.488735 0.065605 2.562345
1.490370 -0.552707 2.515600
0.830915 0.091078 3.142692
0.881351 0.072045 2.538558
0.929032 0.076018 2.532484
1.632821 -0.539970 2.491553
1.008654 -0.484386 2.429848
0.322030 -0.477316 2.396135
0.314273 0.151008 3.002865
1.598643 0.103365 3.000017
1.607547 0.154576 2.982412
1.576937 0.209243 3.647352
1.533589 0.200452 3.674846
0.876971 0.806048 3.738970
1.536245 -0.583802 3.100208
1.545288 -0.584651 3.106569
0.892651 -0.584270 3.131821
0.251418 0.049776 3.186019
0.219118 0.000897 3.236567
0.227497 -0.009293 3.248573
1.442664 0.014878 3.230805
2.668503 0.014035 2.581694
2.638006 -0.033375 2.613321
2.640967 0.585980 2.645976
2.661512 -0.078222 2.024060
2.656843 -0.044560 1.989417
2.066423 -0.021362 1.959831
2.095903 -0.019717 1.941183
1.561712 0.011527 1.923692
1.624341 -0.529495 3.713411
1.634883 -0.408257 3.663353
1.641420 -0.338718 3.641823
2.253900 -0.344897 3.647791
2.305947 -0.329506 3.654546
2.314606 -0.272621 3.662002
2.281356 -0.224866 3.061852
2.256203 -0.240927 3.082937
2.255625 -2.260307 2.443324
1.614805 -2.300273 2.439796
1.600488 -1.609047 3.040357
1.574463 -1.526563 3.705847
0.908430 -1.508117 3.711829
0.886071 -1.567294 2.609875
-1.119779 -1.603818 2.612326
-1.162665 -1.587594 2.599384
-1.170540 -1.579958 3.253487
-1.147058 -1.613045 3.282267
-1.134081 -0.992112 3.320982
-1.143713 -0.973710 3.329883
-0.501058 -0.280721 3.312059
-0.475379 0.413773 2.629747
-1.063121 -0.189321 2.668383
-1.037972 -0.830049 2.713631
-1.032452 -0.791597 2.728577
-1.025091 -1.390559 2.716751
-0.983546 -2.045507 2.706118
-2.177914 -2.056028 2.723517
-2.745225 -2.067550 2.724221
-2.149352 -2.067979 2.662223
-0.958120 -1.442455 2.584011
-1.554427 -1.448267 1.905063
-1.540116 -1.458791 1.338702
-0.919333 -2.076822 1.965841
-0.938727 -2.651646 1.908526
-0.921923 -2.643276 1.866880
-0.852432 -3.947515 1.878670
-0.809087 -3.987779 1.923948
-0.836137 -4.000270 1.937133
-0.846608 -2.688070 2.562783
-0.880896 -2.662068 2.540944
0.427836 -2.074188 2.554203
0.425826 -2.048462 2.584980
0.378836 -1.965466 2.598015
-0.264135 -2.516749 1.984656
-0.240156 -2.513910 2.007549
0.486489 -1.295988 1.423376
0.512725 -1.317246 1.489505
1.086787 -1.947302 1.519482
0.420128 -1.263985 1.518683
0.457502 -0.611051 2.148295
-0.731969 -0.658815 2.181893
-1.353260 -0.675458 2.194931
-1.396679 -0.622346 2.166993
-1.410524 -1.184049 3.434984
-1.353370 -1.185012 3.464934
-1.283604 -1.259504 2.949986
-0.656629 -1.314251 2.343958
-1.322778 -1.982029 2.977841
-1.958120 -1.317373 2.976575
-1.924408 -1.368720 3.010113
-1.922680 -1.448440 3.034542
-1.997141 -1.489366 3.013590
-2.091527 -2.091506 2.954239
-2.126692 -2.050338 2.912825
-2.096423 -2.624918 2.923454
-1.451970 -3.303543 2.948370
-1.503234 -3.339524 2.949684
-1.547159 -3.360938 3.513615
-1.548766 -3.389397 3.484606
-1.517946 -2.103979 3.484493
-1.521516 -2.129908 3.500580
-2.185515 -2.147338 3.506440
-2.840612 -1.491290 3.488328
-2.201869 -1.467047 2.839031
-2.141878 -1.417967 2.851331
-2.117231 -0.775331 2.862136
-2.131120 -0.801933 2.212356
-2.132208 -0.834690 2.196993
-2.087006 1.046463 2.193093
-0.843191 1.088661 2.798461
-0.846186 1.057047 2.797482
-0.895766 0.986074 2.765491
-0.921428 0.967590 2.745710
-0.295747 0.399169 2.776825
0.333324 1.097570 1.581287
0.300701 -0.114169 2.203026
-0.936436 -0.810634 2.162219
-0.939997 -0.839282 2.146479
-0.910024 -0.809342 2.801668
-0.911883 -0.126677 2.795865
-0.338327 -0.142068 2.736277
-0.375920 -0.182292 2.658050
-0.371418 -0.836894 3.258228
-0.367754 -1.405667 3.269756
-1.034196 -1.336650 3.274076
-1.066376 -2.540092 3.176783
-1.054211 -2.543582 3.770436
-1.019728 -2.540368 3.745229
-1.018332 -2.493040 3.760809
-1.684248 -1.777677 4.414787
-0.494823 -1.805532 4.378816
-1.702647 -1.871809 4.346305
-1.664808 -1.243980 4.351157
-1.674185 -1.197135 4.368593
-0.504324 -1.175060 4.357115
-0.468434 -1.225784 3.719518
-0.353445 -1.321001 4.336851
-0.277922 0.495033 4.362338
-0.321189 0.484619 3.008652
-0.409455 -0.215700 3.028566
-0.423505 1.007011 3.012616
-0.354915 1.550211 3.028995
-0.317244 1.477018 2.402284
-0.392438 0.242442 2.421081
-0.488140 -0.396040 2.428825
-0.463294 -0.380890 3.045408
-0.330751 -0.355577 3.043533
-0.247200 0.945555 3.032435
-0.303652 -0.942871 3.003894
-0.407164 -1.622341 2.980415
-0.428076 -1.628431 2.988754
-0.386693 -0.974201 3.028008
-0.400018 0.399392 2.427421
-0.509384 -0.194275 2.428827
-0.607677 -0.885720 1.822749
-1.814933 -0.860825 1.137798
-1.755047 -2.025214 0.561766
-1.733376 -2.636441 1.203822
-1.177773 -1.974620 1.203750
0.085178 -2.630947 0.579579
0.091541 -1.982772 0.604098
0.100412 -1.949200 0.656629
0.735758 -1.191609 0.719021
0.060697 -1.183972 0.754180
-1.128346 -1.195981 0.760679
-0.397931 -1.825080 0.747189
-1.572257 -2.410361 -0.481333
-1.559864 -2.417004 -0.467019
-1.548095 -2.463783 -0.480459
-1.535870 -2.501934 -0.503734
-1.538065 -1.866650 -0.516253
-0.930883 -1.250250 -1.131770
-0.389587 -1.280158 -1.112091
-1.679948 -1.321693 -1.117285
-2.301894 -0.705682 -1.146103
-1.678145 -0.031748 -1.187425
-1.020841 -0.007952 -1.221923
-2.295618 0.623260 -3.130477
-2.300009 0.585103 -3.100214
-2.297992 -0.070802 -3.072749
-2.879173 -0.069365 -1.769367
-2.935094 -0.031290 -1.755853
-3.012570 -0.667042 -2.307009
-3.052356 -0.686684 -3.580772
-1.760420 -1.327734 -2.987329
-1.734647 -1.280808 -1.743047
-1.724752 0.625894 -1.739999
-1.711965 -0.030086 -1.777052
-1.072254 -0.655529 -1.807523
0.288422 -0.670867 -1.794588
0.271227 -0.684690 -1.772211
0.187215 -0.071675 -1.797722
0.113248 0.515762 -1.236118
0.106936 -0.149433 -1.259908
0.146885 -0.168779 -0.571674
-0.450170 -0.791201 -0.516516
0.197099 0.472749 -0.543707
-0.378389 0.511648 -0.617377
-0.325965 -0.183066 -0.642658
-0.289312 -0.890404 0.068645
-0.307758 -0.282973 0.167706
0.245314 -0.311119 0.187607
-0.448806 -0.331334 0.136900
-0.464366 -0.310902 0.098846
-0.437932 -0.209700 1.424546
-0.375247 0.472932 1.497721
-0.292683 -0.172526 1.524832
-0.209492 -0.852511 1.483447
-0.809319 -0.862426 0.776369
-0.771007 -0.838710 0.117803
-0.758443 -0.836320 0.749589
-0.775863 -0.241426 0.808491
-2.000500 -0.230717 0.180507
-2.067331 -0.141077 1.417181
-2.122652 0.580460 0.781288
-2.768994 0.006758 0.838892
-2.115046 -0.625057 -0.386526
-2.071870 -1.239817 -0.399502
-2.031004 -1.205219 -1.069300
-2.685506 -1.818732 -1.088269
-2.074066 -1.807290 -1.043535
-1.482414 -1.800858 -1.007473
-1.503911 -1.777592 -0.394663
-2.173271 -1.746441 -0.434077
-2.773420 -1.078096 -0.434392
-2.128029 0.208582 -0.397782
-2.072516 0.221475 2.136205
-2.640851 0.837637 2.800110
-2.567068 0.810478 2.802624
-2.535053 0.746857 2.114939
-2.533045 0.681278 2.104098
-2.538793 0.661924 2.113659
-2.542720 0.675593 1.508608
-2.557514 1.330843 1.493907
-2.589915 1.324931 1.475321
-2.632598 1.320436 2.080954
-2.649584 1.333314 2.078785
-2.617642 1.974423 2.076263
-2.559146 1.936524 2.686941
-2.518206 1.885533 2.653356
-2.537658 1.853417 2.610955
-2.595657 1.854588 2.589922
-2.644451 0.682064 2.613608
-2.667075 0.040350 2.649202
-2.676089 -0.657991 2.683504
-2.692668 -1.313862 2.664074
-2.700705 -1.262764 3.322900
-2.662394 -1.212056 3.410663
-2.575309 -1.206935 3.475215
-2.505667 -1.945088 3.464194
-2.512460 -1.985929 4.049523
-2.572809 -0.680199 4.029527
-4.449892 0.616672 4.058960
-4.485518 0.584597 3.477608
-3.848484 -0.091122 2.860259
-3.854233 -0.090029 2.845100
-4.539539 -0.735201 2.860484
-4.534201 -0.746109 2.894593
-3.908476 -0.757090 2.902746
-3.878716 -1.442073 2.868771
-3.217225 -0.780724 2.815000
-3.824581 -0.786353 3.930921
-3.846570 -0.789114 3.846217
-3.239724 -0.119893 3.147240
-3.258094 -0.083341 3.777845
-3.267424 -0.066108 3.788867
-3.264138 -1.402617 0.530595
-3.236749 -1.385375 0.554383
-1.929282 -1.372006 0.545663
-1.911664 -1.361942 -0.764948
-1.914520 -1.353527 -0.775819
-1.925643 -1.348544 -0.746643
-1.342601 -0.703578 -0.719041
-1.384464 -1.318066 -1.346407
-1.441117 -1.322669 -1.362761
-1.480064 -1.306871 -1.370070
-2.097582 -1.905376 -1.342584
-2.725629 -2.526047 -1.326033
-2.693451 -3.110593 -1.344858
-2.699700 -3.106572 -2.623105
-2.721766 -3.088811 -1.405941
-2.726320 -2.408735 -2.057421
-2.732125 -2.386936 -2.026906
-2.770930 -1.773774 -2.058328
-2.822738 -1.177197 0.315662
-2.841525 -1.193321 0.281492
-2.149137 -1.836397 1.628513
-2.058778 -2.486774 1.680067
-1.993073 -2.520878 1.705064
-1.953053 -2.527399 1.714008
-1.917303 -2.517801 1.738139
-1.873136 -1.868548 1.763568
-1.838670 -0.612214 1.771321
-1.845878 -0.611465 1.765887
-1.877146 -1.211074 1.134412
-1.902942 -1.824342 1.161091
-1.908921 -1.822803 1.837485
-1.903392 -2.478444 1.843149
-2.543140 -2.482128 1.834898
-2.556556 -2.456453 1.843844
-2.586002 -2.438797 1.268102
-2.618509 -3.070753 1.296929
-2.650914 -3.077744 1.287417
-3.300296 -2.406604 1.247673
-2.685912 -3.011264 -0.059822
-2.692969 -2.340319 -0.057121
-3.316924 -2.310326 0.620089
-3.318082 -2.291661 1.372360
-3.288530 -2.261276 1.317144
-3.228269 -2.873394 1.842378
-3.182509 -2.864196 1.875219
-3.187073 -2.252461 1.368117
-3.230049 -2.276038 1.377380
-3.253613 -1.600827 0.709695
-3.241403 -1.586277 -1.229529
-3.239721 -0.998165 -0.522015
-2.676354 -1.680367 0.135154
-2.737071 -1.703634 0.128623
-2.741031 -1.689600 0.114878
-2.686612 -1.066639 0.106365
-2.664660 -1.117593 0.112929
-2.727615 -1.776716 0.118399
-2.826645 -1.771842 1.385782
-2.267716 -1.723768 1.386967
-2.232496 -1.709186 1.342493
-2.210118 -1.758885 -0.029605
-2.246687 -2.473072 -0.060306
-2.286588 -3.743464 -0.659534
-2.225220 -2.508040 -0.666143
-0.822962 -2.980049 0.008198
-0.769791 -3.019616 -0.001552
-0.816767 -3.049581 -0.496905
-1.473688 -3.027474 0.164816
-1.437464 -3.555302 0.144069
-0.725004 -3.542449 0.080633
-1.302114 -3.606303 0.666632
-1.366461 -3.667168 0.702833
-1.446076 -3.675250 0.735210
-2.045355 -2.977322 0.689977
-1.976780 -2.478297 0.596241
-2.583610 -2.461873 0.543430
-2.629190 -2.442101 0.569717
-2.671389 -1.759965 0.623887
-3.246677 -1.763899 0.617088
-3.188556 -1.791271 0.542174
-2.591277 -1.810334 0.491256
-2.641817 -1.773520 0.537821
-2.649237 -1.707203 0.021426
-2.586357 -0.396575 0.039921
-2.512634 -0.408526 -0.014485
-2.513623 -0.444710 -0.036505
-2.582611 0.189416 0.039305
-2.626719 0.888509 0.140684
-2.622011 0.928890 1.375471
-2.618143 0.919782 1.319353
-2.676398 0.255891 1.288700
-2.742991 0.279968 0.703984
-3.326680 0.334803 1.421314
-2.053468 0.351326 1.421113
-2.644160 0.323775 1.360244
-2.051173 0.311875 1.345108
-2.107409 0.970236 2.020328
-2.108933 0.434662 1.478283
-0.194469 0.468622 1.481783
-0.134137 0.451146 1.406253
-0.727680 -0.157703 0.205627
-1.970065 -0.154777 0.290015
-1.321108 0.448961 0.379248
-0.014171 -0.150415 0.343510
0.002884 0.425281 0.255839
-0.015763 0.421867 -0.381018
-0.652270 0.451844 -0.270765
-0.665407 0.495749 -0.805339
-0.661232 0.522667 -0.845317
-0.650258 0.515209 -0.923976
-0.645022 1.754067 -0.946022
-0.635817 1.751949 -0.917365
-0.608832 1.724545 -0.940358
-0.579053 2.289197 -1.044091
0.077044 2.201158 -1.759242
0.095497 2.174324 -1.111442
0.091644 2.211809 -0.470058
0.077100 0.345581 -0.463684
0.043767 0.322708 0.133734
0.016359 0.928164 0.115716
0.004636 0.303968 0.112012
0.617788 -0.264385 0.087843
0.628408 0.439432 0.025286
-0.024819 0.305955 1.272449
-0.059920 0.852386 1.273687
-0.056601 0.836075 1.296297
0.592936 1.614725 1.918343
0.573690 1.072425 1.883266
1.152173 -0.222363 0.522958
0.452099 -0.257812 -0.101041
0.435435 -0.901832 -0.094806
-0.196323 -0.857281 -0.136928
0.439253 -0.832908 -0.168839
-0.205682 -0.875664 -0.153994
-0.151600 -0.951616 -0.113948
-0.074496 -0.994481 0.598387
1.188610 -0.977542 0.574122
1.185645 -0.940559 0.559569
1.189567 -0.951396 0.564830
0.589877 -0.335964 0.590805
1.230572 -0.385535 -0.671319
1.241342 -0.424924 -0.081781
1.228076 -0.400000 1.158145
0.604809 0.876818 0.490489
0.654227 0.793357 0.482100
0.683693 1.988925 0.441532
0.648312 2.034440 -0.890026
0.599786 1.470482 -0.875901
0.576881 1.514045 -0.837925
0.575566 1.498289 -0.802596
0.558607 1.515131 -0.801450
0.525751 1.592989 -0.818612
0.524825 1.638836 -0.771409
0.566162 1.610479 -0.786940
0.624029 1.527616 -0.829829
1.210257 1.473040 -0.867007
1.186530 1.474776 -0.867399
-0.106750 0.841350 -0.849028
-0.103801 2.084806 -0.203330
-0.112837 2.058990 -0.211716
-0.827211 1.425685 0.451615
-0.903667 0.845422 1.140616
0.345724 2.110513 0.545807
1.696912 2.072396 1.193506
1.720532 2.034465 1.796884
1.118853 2.049417 1.194982
0.450008 2.091554 0.636879
1.145883 2.115086 0.723593
1.146730 2.121917 0.764285
1.679422 2.137107 -0.488750
0.919993 1.521292 0.135329
-0.435082 2.183454 3.306243
-0.420776 2.780684 3.924963
-0.369914 2.714227 4.502614
-0.358391 2.715514 3.204478
-0.374335 2.755059 1.853236
-1.036610 2.776286 1.221490
-0.933330 2.765539 -0.126781
-0.853044 2.771558 0.505447
-0.888506 2.839493 0.492934
-1.620252 2.916863 0.466765
-1.715569 2.947579 0.458869
-1.014040 2.930842 0.478099
-0.990743 2.903517 1.125982
-0.391936 2.260908 1.137869
-0.465582 2.899014 1.786853
-1.152821 2.914095 1.806288
-1.054209 2.900852 1.849831
-0.950044 1.638425 1.858405
-0.943553 1.620571 0.550551
-1.010807 2.267072 0.508807
-1.048341 2.871767 0.533254
-0.994502 2.791058 0.587244
-0.930135 2.672821 0.589678
-2.866848 1.322339 1.150423
-2.862664 0.659639 0.418470
-2.838664 1.339141 0.427926
-4.152688 1.345109 0.489628
-4.101513 0.680406 0.537168
-2.140689 0.699936 1.214369
-2.144625 1.399905 1.212691
-2.179805 0.133303 1.822979
-0.913065 0.144817 1.207141
-0.971581 0.761294 1.223830
-1.624996 0.110747 1.219362
-0.885989 0.257990 1.212719
-1.548786 0.358319 1.198599
-1.560881 0.983605 1.190024
-1.561475 0.294316 1.185140
