1.479115 0.744645 2.591524
0.901729 0.774145 3.246655
0.888053 0.798692 3.245516
0.205075 0.806399 3.258083
0.182624 0.814037 3.279281
1.395317 0.817787 3.873067
0.665893 1.411392 3.859221
0.677974 1.973748 3.870407
0.654372 2.601685 3.893368
0.621963 2.560468 3.259885
0.551829 1.288604 3.243750
1.112427 1.287078 3.243187
1.110346 0.624800 3.249004
0.543334 0.629283 3.234493
0.560151 0.627569 3.203082
1.142833 0.630615 3.179682
0.452968 0.658076 2.538294
0.489984 0.690395 1.905767
0.597864 0.692382 1.927904
0.053304 0.674868 1.904619
-1.213862 1.286316 1.252589
-1.188571 1.310929 1.921923
-0.467621 0.090049 1.904810
-0.378770 -0.551591 2.484511
-0.359637 -0.593484 3.142914
-0.408300 0.009488 2.535411
-0.442397 0.045772 2.567724
-0.400619 0.703872 3.232401
-0.327572 0.671041 3.268071
-0.308597 -0.009259 3.333938
-0.336996 -0.064155 3.377397
-0.334815 -0.083363 2.081202
-0.293020 -0.099300 2.071492
0.320764 -0.135287 2.725427
-0.363434 -0.198199 3.381876
-1.088949 -0.862054 1.532834
-1.150075 -0.868824 1.494939
-1.144055 -0.855097 2.081089
-1.125943 -0.856728 3.340443
-1.161292 -0.883865 3.369113
-1.210014 -0.889368 2.700211
-1.206475 -0.242296 2.639963
-1.130121 -0.177706 3.247626
-1.090189 -0.136385 3.255346
-0.535643 -0.134265 2.633646
-0.608091 -0.743977 2.621019
0.580294 -0.738870 2.596183
1.239004 -0.725651 1.980484
-0.039312 -0.716001 1.358739
1.181963 0.577304 1.375042
1.156236 0.572009 1.344563
-0.028376 0.577845 3.221035
0.045839 -0.080600 3.832746
0.715191 -0.079502 3.797548
1.323460 -0.082328 3.767498
1.323556 0.551381 3.736816
1.344257 0.597789 3.725458
1.349224 0.019677 3.730972
0.093500 0.026592 3.734274
0.134530 0.628723 3.748412
-0.413747 1.890927 4.371501
-0.324300 1.916715 3.764328
-0.306222 1.281651 3.771939
-0.272197 1.292327 3.753271
-0.262186 1.276678 3.771472
-0.278874 1.255938 3.853276
-0.319774 1.255307 3.942190
-0.367317 1.262066 2.107592
0.219966 1.252257 2.712494
0.166679 1.226068 2.095437
0.743056 0.561734 2.151827
0.713384 0.591523 2.172014
0.127809 1.304709 2.107747
0.140384 1.319274 2.019188
0.116421 1.321806 1.993217
0.092075 0.751370 2.025576
0.040724 0.080653 2.052465
-1.230654 0.105447 2.666145
-1.210318 0.820767 2.644743
-1.815624 0.850515 2.672748
-1.146171 0.881044 2.100920
-1.119703 1.484890 0.807055
-0.492741 0.834786 0.728553
-0.431875 0.828959 0.623076
0.247506 0.840420 1.180870
0.286150 1.555783 1.164892
-0.327547 1.498229 1.161765
-0.352846 1.411622 0.530344
-0.333249 1.356702 0.532717
-0.289051 0.746138 0.585339
-0.911475 0.748605 0.021683
-0.954926 0.704665 0.047521
-0.992470 0.627796 0.632401
-1.631985 0.595561 0.582565
-1.618540 -0.085656 0.586490
-1.653546 -0.066454 0.642878
-1.744368 -0.111697 0.699218
-1.076229 -0.110455 0.723799
-1.083566 -0.103146 0.783053
0.142747 -0.020187 0.233928
0.073045 0.030981 0.919728
0.011707 -0.007896 1.557884
0.014056 -0.706104 1.495010
0.034079 -1.376599 1.402893
0.009302 -1.291521 1.362511
-0.058992 -1.244387 0.751081
0.513300 0.060144 1.377304
-0.069580 0.667947 2.562938
-0.647474 0.679680 1.894334
-0.645008 1.360090 1.889599
-1.247184 1.395593 1.220704
-1.815066 0.758579 1.860632
-1.775834 0.753326 1.199658
-1.742007 0.775988 0.577913
-1.745120 0.814558 0.585323
-1.781187 0.809162 0.582085
-1.169302 0.735747 0.562196
-1.149124 0.629366 0.547002
-1.732874 0.557888 0.578825
-1.720237 1.162027 0.613237
-1.740429 0.566664 1.988625
-1.098767 1.178661 2.569366
-2.347591 1.168821 2.574610
-2.310313 1.179991 2.615960
-0.388286 0.553883 2.601517
-0.417986 0.561979 2.533837
-0.448641 0.520149 3.126294
1.526779 0.450964 3.180685
1.542468 0.409862 3.253663
1.530977 0.417318 3.251848
1.491723 0.418949 2.558697
1.463648 0.406882 2.529286
0.162888 -0.168296 2.589688
0.175887 -0.125895 3.939349
0.173037 -0.082969 3.891010
0.153189 -0.089308 2.516871
0.153102 0.525626 2.505786
0.203488 0.475968 3.216426
0.912214 0.433730 3.880445
0.921832 1.048568 3.210681
0.873452 1.035887 3.156956
0.835013 1.039001 3.185028
0.849996 1.069932 3.874577
0.878622 1.109014 3.913544
0.863318 0.462748 3.892495
0.805233 0.447413 3.219600
0.783210 0.427794 3.872962
0.792565 1.700920 2.659674
0.862250 1.737187 2.684287
0.261084 1.143201 1.420380
0.235755 1.137653 0.712160
0.240164 2.306807 1.368592
0.293597 2.347531 1.404663
0.983495 2.405264 1.399206
0.972496 2.418534 0.702923
0.914559 0.503823 0.652650
0.874055 1.222776 0.659368
0.901635 1.885202 0.688236
0.948538 1.916438 0.680611
0.956190 2.504284 0.659308
0.307429 1.806430 0.662169
0.305825 1.737126 1.354787
0.319250 1.113773 1.386903
0.297978 1.803480 0.124071
0.139652 1.795361 0.136182
0.118141 0.371719 1.413763
0.160331 0.271760 1.453276
0.192195 -1.640071 1.490068
0.164368 -1.590145 0.816942
-0.478093 -1.558125 0.783011
-0.428415 -1.594212 0.744815
-0.338147 -0.988358 0.737219
-0.288981 -0.948349 0.725063
-0.304445 -0.845960 0.666787
-0.313705 -0.766041 1.246738
-0.268104 -0.752418 -0.011458
-0.210100 -0.745310 0.653951
-0.219247 -0.702604 0.674200
0.345963 0.539185 0.666848
-0.377606 -0.696470 0.635942
-0.384256 -0.703897 0.580365
-0.371200 -0.086846 0.616700
-0.404837 -0.068207 1.253684
1.558798 -0.705936 1.241869
1.456780 -0.694938 1.209190
1.448925 -0.666606 0.579450
2.110604 -1.883399 0.602919
2.074882 -1.179782 1.249752
2.017717 -1.165260 1.223223
1.990536 -1.162085 0.588082
2.005207 -1.139372 1.817472
2.032638 -1.098832 1.840241
1.399123 -0.485200 1.860074
1.361529 -0.543756 1.859647
1.279139 -0.589799 1.901943
1.288300 -1.167438 1.905781
-0.603952 -1.105305 1.233970
0.628889 -1.098993 0.626265
-0.021158 -1.783648 1.879019
-1.300869 -1.229361 2.524955
-1.303803 -1.208122 1.944395
-1.333739 -1.121521 1.970635
-1.353830 -1.095515 1.329464
-1.345874 -1.163216 2.007657
-1.331501 -1.848361 2.044365
-1.338088 -1.816086 2.054269
-1.341314 -1.727443 2.019410
-0.706786 -2.341033 1.954386
-0.690455 -1.792165 1.911796
-0.723525 -1.199507 1.907740
-0.786319 -1.170354 1.896095
-0.197969 -0.462021 1.852290
-0.747941 -1.148122 1.806885
-0.719739 -0.643662 1.818702
-1.987064 -0.727644 1.843104
-2.014472 -0.701521 1.823362
-1.966652 -0.641086 1.761016
-1.868445 0.017952 1.717390
-1.822863 -0.068130 1.734760
-2.478500 -0.091198 1.758462
-2.523630 -0.681457 1.759726
-2.476597 0.712261 1.749594
-2.373247 0.646065 1.773052
-1.652768 -0.116438 1.829791
-1.654492 -0.141399 1.861067
-1.665014 -0.109782 1.853763
-1.634894 -0.094782 1.823762
-1.587803 -0.806234 1.819270
-2.209920 -0.855565 1.831489
-2.275152 0.399499 1.813942
-1.703479 0.486224 1.763308
-1.713056 -0.072869 1.715246
-1.697040 -0.072786 1.060826
-1.689266 -1.289787 1.694430
-1.703148 -0.636965 1.691589
-1.131476 -0.556944 1.674661
-0.524389 0.116075 2.283833
-0.532336 -1.175911 2.270225
-0.543947 -1.267332 1.736922
-0.558161 -1.310764 2.274230
-0.563494 -1.919453 2.274667
-1.807613 -1.818485 2.283225
-1.788866 -1.759161 1.104882
-1.769051 -1.817424 1.123538
-1.760758 -1.860751 1.735107
-2.374612 -0.512743 1.182741
-2.373959 0.185567 1.187377
-1.768221 0.203182 1.161500
-1.791092 0.774017 1.739707
-2.461205 0.724186 1.734476
-2.499792 0.718455 1.748399
-2.511049 1.376314 1.755995
-1.849182 0.766825 1.759207
-2.469756 1.364208 1.783854
-2.484843 0.688056 1.820984
-1.854801 0.752774 -0.089510
-1.855780 1.509379 -0.740306
-1.228121 1.562790 -0.752163
-1.242064 1.553322 -0.774504
-1.250691 0.253730 -0.786794
0.106236 -0.314649 -0.778537
0.146350 -0.258529 -0.756685
0.214121 -0.256242 -1.363241
0.271934 -0.949234 -0.707631
0.316345 -0.985984 -0.680418
0.350898 -0.337307 -0.640806
-0.255896 -0.946842 0.057328
-2.051289 -0.340800 0.124103
-1.423915 -0.391750 -0.469772
-1.459059 -1.066293 -0.464181
-1.480898 -1.055049 -1.104461
-1.474218 -1.056326 -1.092192
-1.470734 -0.430921 -1.084509
-1.464961 -1.132451 -1.108812
-1.451190 -1.831212 -1.172039
-1.433410 -1.153002 -0.613998
-2.672354 -1.087377 0.005948
-3.353604 -1.687361 0.036784
-2.097693 -3.024352 0.063608
-2.118737 -1.764761 0.044735
-2.152853 -0.420736 -0.609073
-1.557079 0.906899 -0.618457
-1.552025 1.537217 -1.209594
-1.534758 1.439038 -1.170598
-2.177959 0.118889 -1.181119
-2.223579 0.202084 -1.219408
-2.264638 0.314127 -1.865162
-2.268037 0.315355 -1.179197
-2.256613 0.252087 -2.326777
-1.663992 -0.439205 -1.682450
-1.707578 0.224026 -1.745500
-1.729331 -0.387746 -2.448130
-1.712446 -0.447730 -1.846471
-1.695983 -0.542171 -0.664762
-1.714413 -0.584681 -1.271449
-1.762567 -0.544982 -1.306367
-2.438103 0.776833 -1.372323
-2.400698 0.755390 -0.760393
-2.353495 0.716106 -0.754586
-1.685110 0.690400 -0.736817
-1.105638 0.683450 -0.734940
-1.098267 0.664731 -0.743273
-1.042269 1.238070 -0.741799
-1.001299 1.210657 -1.412273
-1.017458 1.240629 -1.361958
-1.052585 1.290343 -0.615958
-1.030608 1.310293 -1.868496
-0.962414 1.313501 -1.841386
-0.917490 1.337282 -1.826991
-0.922105 0.744229 -1.176558
-0.929980 -1.736718 -0.506194
-0.301086 -1.748771 -0.468828
-0.269416 -1.762996 -1.127763
-0.936383 -1.740556 -1.131134
-1.607130 -1.682444 -1.092604
-1.672082 -2.281296 -1.658358
-1.723411 -1.035568 -1.629302
-1.753997 -1.032431 -1.669709
-1.774450 -1.032247 -2.372062
-1.789685 -1.015704 -1.741196
-1.803826 -0.374047 -1.112705
-1.797671 -0.384404 -0.525945
-1.759714 -0.406266 -0.585959
-1.064825 -0.409178 -0.632394
-1.043145 0.265646 -0.641879
-1.041708 1.551634 -0.622667
-1.018896 1.529994 -0.048346
-0.968438 1.521191 -0.089529
-1.561822 0.926339 0.561394
-1.544147 0.907791 0.527461
-1.555941 0.874285 0.521144
-1.557311 0.869226 -0.096827
-2.167806 0.905852 -0.102471
-1.514701 0.947233 0.505862
-1.549826 -0.374982 0.554143
-2.237249 -0.387421 0.639399
-1.089675 -0.383521 0.699235
-1.118502 -0.358032 0.111980
-2.312207 0.890942 -0.503049
-1.145226 0.218468 -0.481187
-0.512916 0.178894 0.172567
-0.513103 0.151732 -0.454622
-0.539636 0.147361 0.170208
-0.563615 0.155152 0.148370
-0.569124 0.149546 0.819264
-0.553628 0.126685 0.232985
-0.569112 0.798764 0.249986
-0.585193 0.807278 0.201265
-0.544192 0.808155 0.164490
-0.496868 0.759387 0.164905
0.177756 0.680427 0.776585
0.179266 0.633740 0.739167
-0.503006 0.645183 0.666562
-0.477609 0.027854 -0.701437
-0.447610 -0.007241 -1.956642
-0.437691 -0.035697 -1.959140
-0.446368 0.002398 -1.960697
-0.450503 0.084335 -3.142981
-0.425140 0.116422 -3.108235
-0.387000 0.056708 -3.090321
-0.365053 0.638261 -3.081120
-0.979382 0.632724 -3.066859
-1.004684 0.697076 -2.428470
-1.035889 0.729783 -2.446690
-2.949282 0.687581 -2.477700
-2.934524 0.648625 -1.773503
-2.270330 0.068304 -1.273838
-0.348754 0.165008 -1.264432
-0.375774 0.195207 -1.227310
-1.091472 0.126809 -0.578105
-1.098374 -0.568245 -0.622557
-1.052093 -0.562580 -0.655028
-0.352854 -0.513556 0.009792
-1.029762 -0.522764 0.040195
-1.724393 -1.225009 0.635860
-1.710669 -1.244447 -0.062153
-2.331469 -1.160170 -0.118100
-2.311237 -1.051144 -0.744630
-2.314506 -0.398411 -0.677905
-2.336975 -0.428121 -0.645990
-1.677148 -0.440335 -0.681937
-1.650920 -0.404276 -0.716732
-2.270307 -0.386901 -0.680867
-2.911650 -0.439155 0.027765
-1.671259 -0.533742 0.053620
-2.906426 -0.576892 -0.619690
-2.930788 0.776176 -0.039598
-2.275603 0.783466 -0.664976
-1.696607 0.750194 -0.634108
-1.753702 0.716533 -1.252799
-2.386650 0.700057 -1.272410
-1.704177 0.675497 -0.647391
-2.262791 0.612155 -0.040991
-2.189440 0.534037 -0.013904
-2.149045 0.500997 0.632578
-2.112408 0.520676 0.622899
-2.050294 0.557631 0.607331
-1.350878 0.556172 0.599294
-0.691375 0.532577 -0.022120
-1.374572 0.534094 -0.026105
-1.417088 -0.719677 -0.043722
-0.769623 -0.063553 -0.037072
-0.092236 -0.672619 -0.650211
-2.020453 -0.100524 -0.588787
-2.056791 -0.725083 0.074680
-2.063830 -0.062614 1.333356
-1.361624 -0.593007 2.617835
-1.334599 0.047425 2.585502
-0.746887 0.003427 2.568653
-0.204809 -0.025599 1.943994
-0.874117 0.638506 1.348127
-0.235898 0.647901 1.998904
-1.597805 0.602607 2.018464
-1.638103 0.553591 2.072944
-2.306932 0.570212 2.155521
-2.318149 0.634168 0.967397
-2.310999 0.679358 0.969881
-1.660452 0.681116 0.946366
-3.017177 0.683823 0.901921
-2.227271 0.721217 1.468945
-2.207473 0.761124 1.399373
-2.871418 0.754745 1.352275
-2.210006 0.716663 0.708703
-2.854334 0.712642 0.708086
-1.497409 0.765943 0.679159
-2.764467 0.817104 -0.060596
-2.761458 -1.737391 -1.345279
-2.747135 -0.526392 -1.388101
-2.709270 -0.500110 -0.803024
-2.681938 0.830176 -0.851878
-2.701829 0.216958 -0.896235
-4.043497 -1.118334 -0.897703
-4.029753 0.114963 -0.859426
-3.991466 0.130634 -0.137535
-4.602493 1.424309 -0.115013
-4.028098 0.789712 -0.107219
-3.462512 0.118759 -0.766835
-2.841141 -0.569007 -0.748435
-2.135181 -0.512642 -0.737891
-2.112200 -0.480544 -0.740018
-2.169039 -0.526726 -0.717746
-2.859045 -0.594290 -0.663319
-2.854126 -0.583845 -0.601151
-2.810741 -0.503095 -0.564480
-2.816332 -0.449508 -0.541387
-2.875300 0.150481 0.801207
-2.287116 -0.506143 1.416513
-1.664896 -0.463354 1.417133
-0.991680 -0.390098 2.057991
-1.600949 -0.360201 2.022741
-1.639403 -1.019478 2.000096
-1.717868 -1.071416 2.011603
-2.296273 -1.048764 2.045796
-1.589193 -0.983964 2.065165
-2.218722 -0.335398 2.069372
-2.860844 0.870730 1.437173
-2.901501 0.785908 1.462579
-2.881703 0.742407 1.475122
-2.175919 0.791343 1.443104
-2.153738 1.424871 2.035940
-2.181274 1.348672 2.677959
-1.611551 0.647682 3.364596
-1.608738 0.008975 2.816704
-1.489135 0.088589 2.853324
-1.518543 0.113355 2.833018
-1.588104 -0.585495 2.852890
-1.639481 -0.632099 2.971478
-2.326833 -0.581168 2.282028
-2.288691 -0.484450 1.571548
-1.700069 -1.079516 1.480261
-1.748290 -1.110108 0.831853
-2.466860 -1.119315 0.857576
-1.871753 -1.060503 0.857465
-1.870546 0.328512 0.819449
-1.278155 0.319275 0.792320
-1.333381 0.269816 0.811879
-2.582975 0.245724 0.857744
-2.564607 0.256467 0.868900
-2.541502 0.271739 0.787643
-2.559010 0.253855 0.749122
-2.575531 0.210621 0.765418
-2.554565 0.810890 0.114968
-1.195142 0.816345 0.108361
-1.769896 0.840036 0.118588
-1.779563 0.831130 0.098976
-1.821521 0.802387 0.104025
-1.817164 1.412803 0.162874
-2.417522 1.452672 0.180679
-2.397958 0.842315 0.186938
-2.415441 0.832680 -0.514766
-1.769996 0.810041 -1.242548
-1.100601 0.809758 -1.304878
-1.075960 0.839876 -1.299307
-1.072649 0.878049 -1.262737
-1.119092 0.891987 -1.247118
-1.185872 0.876162 -0.016071
-1.220583 0.854153 0.627267
-1.225723 0.849776 0.669680
-1.230302 0.838455 0.706144
-1.243002 0.155936 0.704190
-1.265824 0.118485 1.296080
-1.267308 0.082557 0.023400
-0.596129 0.680478 0.031938
-0.567488 0.671437 0.042061
-0.531744 0.674544 0.038204
-0.512886 0.683014 0.037739
-0.502477 0.685311 -1.179932
-0.475872 0.672694 -1.135101
-0.418559 0.653276 -1.134084
-0.979362 0.659385 -0.575060
-0.951709 0.686110 -0.615301
-0.952857 0.713318 -0.007108
-0.923905 0.738832 -0.015087
-0.857678 0.142191 0.572825
-0.801087 0.194302 0.497329
-0.830280 0.268163 -0.790489
-0.315267 0.972042 -0.728412
-0.378993 1.001073 -1.314797
-0.383642 0.995978 -1.974132
-0.361745 0.990165 -1.393230
-0.384566 1.008588 -0.720030
-0.443582 1.045771 -0.635322
-0.482723 1.083827 -0.577492
-0.474530 1.108521 -0.576183
-1.066088 1.116254 -0.569471
-1.093721 1.137030 -0.520531
-1.165234 1.172601 0.153979
-1.238472 1.199048 0.174752
-1.270884 1.201054 -0.455945
-1.253182 1.178914 0.775775
-1.230678 1.815211 0.836618
-1.221488 1.793501 0.867670
-1.223533 1.129226 -0.423594
-1.210697 1.149768 -0.499336
-1.170847 1.170090 -0.504885
-0.458348 1.174891 0.188000
-0.453080 1.165417 0.217806
-0.465502 1.149520 -0.441137
-0.460084 1.138642 -0.479181
-1.039623 1.118818 0.181316
-0.978754 1.698510 0.271355
-0.936902 1.631332 0.292995
-1.590703 1.584048 0.226023
-1.581145 1.575210 -0.417725
-0.922591 1.591114 -0.368173
-0.888251 1.580649 -0.956292
-0.879214 1.540809 -1.618397
-0.291065 0.862441 -1.033699
-0.318019 0.874122 -1.045065
-0.313447 0.913579 -0.975774
-0.296580 0.906460 -1.545840
-0.299734 0.848778 -1.562325
-0.320992 0.819380 -2.295630
-0.327648 0.880100 -0.414176
-0.321688 0.974493 -0.398369
-0.293121 1.015886 -0.379404
-0.378365 0.991893 -0.428120
-0.436409 0.975474 -0.518046
-1.069392 1.031889 -1.806836
-1.033903 1.103111 -1.783209
-1.031175 1.101668 -1.744052
-1.052327 0.404625 -1.066112
-1.070569 0.366397 -0.484395
-1.077062 0.402129 -1.146185
-1.066858 0.450420 -0.554903
-1.052324 0.451445 0.118326
-1.046882 -0.239379 0.072677
-1.056699 -0.288150 0.645743
-1.068717 -0.283453 1.250561
-1.710268 -0.280397 1.265416
-1.695719 -0.346925 1.321890
-2.240639 -0.454012 2.673443
-2.916021 -0.514450 1.971670
-2.902387 -0.518113 1.922312
-4.167455 -0.530576 1.954631
-3.507857 -0.585475 2.055308
-3.529668 -0.635921 2.072314
-3.538807 0.005869 1.343742
-2.871640 -0.568470 1.259766
-2.206994 -0.549427 1.960482
-2.855225 0.079798 2.062639
-2.850016 0.062369 2.105164
-2.183369 0.087861 2.043960
-2.149531 0.126419 1.979317
-2.761092 0.137384 2.000997
-2.773823 0.126942 2.059837
-2.190866 0.147218 1.423347
-2.905619 0.200410 1.994339
-2.299545 0.232045 1.944155
-2.296549 0.208954 2.593881
-2.313332 0.208810 3.267301
-2.353416 0.248030 2.016448
-2.398106 0.297653 1.986441
-2.423786 0.893004 1.317221
-2.423112 0.831221 1.332026
-2.432195 0.802692 2.012729
-1.794774 0.832313 0.774548
-1.159690 0.188752 0.137132
-1.167771 0.150035 -0.497602
-1.125001 0.093063 -0.534720
-1.092382 -0.494986 0.065423
-1.712371 -0.418828 -1.197780
-1.092605 -0.351302 -1.204942
-0.415474 -0.365443 -1.226112
-0.324572 -0.416229 -1.232140
-0.911928 0.219423 -1.227385
-1.614133 0.272696 -1.209340
-1.627465 0.303544 -1.188823
-1.574459 -0.365236 -1.211291
-2.150274 -0.425189 -0.628524
-2.114351 -0.413640 -0.606075
-2.153706 0.946748 -1.166738
-2.190612 0.954066 -0.488683
-2.778612 0.909447 -0.478950
-2.062159 0.846616 -1.141959
-1.355407 0.132977 -0.500234
-1.437265 1.378489 -0.514013
-1.525467 0.112932 0.081820
-2.131020 -0.552224 0.046140
-2.074262 -0.566148 0.001903
-2.059394 -0.574578 -0.019669
-2.116490 -0.563270 -1.268026
-2.174745 -0.539470 -0.627015
-2.167120 -0.536342 1.277413
-2.118154 -0.574968 1.251102
-2.107899 -0.610863 1.899413
-2.146969 -0.591260 1.924951
-0.914154 -0.528136 1.295795
-0.879965 -0.490848 1.301092
-0.825657 0.107306 0.709499
-0.180818 0.052013 0.754673
-0.839080 -0.574714 0.800020
-0.846291 -0.542204 0.820200
-0.825882 0.749421 0.205262
-1.486652 0.712229 -0.436653
-1.525524 1.271020 0.141905
-1.585108 1.258355 0.115123
-1.653877 0.686443 -0.544170
-1.705884 0.703638 -0.576995
-1.740254 0.066179 -1.862085
-1.755721 0.685205 -1.864798
-1.770304 0.126740 -2.460229
-1.782691 -0.476343 -2.449349
-2.417904 0.167559 -3.764555
-2.421065 0.156259 -3.777240
-2.413975 -0.505890 -3.782602
-2.361458 -0.511758 -3.766525
-2.349064 -0.489972 -3.699045
-2.345783 -0.463065 -4.342012
-2.352478 -0.480557 -4.913022
-2.335823 0.113922 -4.246814
-2.985156 0.090566 -4.871213
-2.947805 0.120569 -5.550695
-2.953847 0.173749 -5.597351
-2.987968 0.198047 -5.589715
-2.410302 0.184941 -4.934822
-2.362811 -0.426836 -4.945587
-2.887778 -0.379754 -5.029208
-2.307932 -1.590898 -4.432424
-2.335432 -1.623648 -5.013830
-2.332086 -1.692129 -4.924886
-2.863739 -1.070646 -4.916243
-2.824345 -1.035244 -4.985212
-2.851134 -1.000675 -4.393836
-3.508377 0.316312 -4.308178
-3.497050 0.277926 -4.190307
-3.444826 -0.367843 -4.170410
-3.427162 -0.299967 -4.245023
-2.859966 -0.305602 -4.282176
-2.260597 0.307139 -3.586525
-2.825158 0.226350 -3.527926
-2.198646 0.223419 -3.558440
-0.894419 0.266263 -2.346880
-0.950761 -0.384789 -2.964931
-1.002206 -0.422695 -2.340105
-0.973967 -0.422285 -2.319071
-0.921119 -0.444819 -2.332423
-0.929277 -1.115962 -2.962016
-1.000507 -1.190933 -2.928761
-2.900599 -0.633039 -2.893986
-2.876188 -0.642648 -2.886714
-2.807642 -0.629767 -2.892288
-2.790955 -0.011002 -3.530952
-2.857068 -0.066889 -3.513019
-2.912546 -0.082157 -2.851118
-2.881118 -0.045840 -2.818416
-2.821495 -0.001721 -2.767176
-2.835992 -0.001857 -3.363483
-2.944340 -0.013630 -3.351144
-2.403148 0.011746 -2.711357
-2.362508 0.057812 -3.948106
-2.263145 0.070811 -5.220532
-2.247952 -0.584526 -4.570660
-2.312941 0.071407 -4.626997
-2.320430 -0.517781 -4.013345
-2.230322 -0.457135 -3.373538
-2.148797 -0.441858 -3.329949
-2.841199 -0.455552 -2.707218
-3.574036 0.228505 -2.706246
-3.610548 0.270708 -2.677452
-3.559134 -0.363128 -2.620125
-4.184509 -0.436822 -2.596142
-4.212763 0.700790 -2.629665
-4.283854 0.703265 -2.673362
-3.664397 0.761750 -1.368135
-3.626818 0.781834 -1.388348
-3.618097 0.737067 -0.180837
-3.671021 0.005031 -0.187490
-3.125478 -1.190618 -0.195468
-3.131496 -1.176019 -0.857433
-3.120949 -1.167466 0.386695
-3.119649 -1.196408 -0.280179
-2.467680 -1.238164 -0.334016
-1.820532 -0.595147 -0.364749
-1.810364 -0.547684 -0.381274
-1.188851 -1.139442 -0.409249
-1.207508 -1.125753 -0.421164
-2.472685 -1.140013 0.220452
-2.467397 -1.147202 0.235927
-2.435244 -1.129320 0.241018
-2.396932 -1.109572 -0.409994
-2.364842 -1.113536 -0.415214
-2.336090 -1.729798 0.218654
-2.289840 -1.145471 0.878672
-2.244176 -1.131137 -0.405533
-2.224757 -1.118074 0.211535
-2.224453 -1.118513 1.490721
-3.536407 -1.136638 1.569156
-4.197041 -0.544169 1.611127
-4.200627 -1.236411 1.591141
-4.214532 -0.646204 0.944531
-4.220875 -1.885331 0.948596
-4.209043 -2.505640 0.958239
-4.820509 -2.521913 0.952508
-4.830947 -1.934539 0.896405
-4.884176 -1.938512 0.835845
-4.930717 -1.928170 0.822723
-4.943093 -1.930382 -1.047316
-3.682296 -1.973073 -1.035099
-3.714263 -0.777948 -0.462115
-3.122764 -0.813594 -1.156291
-3.135879 -1.452353 -1.785642
-3.107093 -1.456438 -0.532349
-2.456288 -1.474677 -0.527239
-2.463121 -1.504114 0.045665
-2.492268 -1.524553 -1.273180
-2.502441 -0.296466 -1.276709
-3.122788 -0.286306 -1.226443
-3.086408 0.952849 -0.578095
-3.085053 0.925258 -0.615419
-3.735008 0.303654 -0.651423
-3.696583 0.294706 -0.635721
-3.600274 -0.407855 2.516184
-2.200699 -0.429839 2.546456
-2.175012 -0.446037 2.523036
-2.145958 -0.446409 2.513739
-2.118522 0.842797 3.218117
-2.110935 0.228358 3.339312
-1.508433 0.255771 3.380527
-2.174273 0.278496 3.365403
-1.539107 0.289231 3.315156
-0.852019 0.300492 3.342788
-0.248051 0.323597 3.379399
-1.539258 0.357209 2.801283
-0.315948 1.030653 2.794972
-0.271536 1.056661 2.816204
-0.219750 -0.194693 2.864956
-0.234941 -0.135906 2.889879
-0.290417 -0.099889 2.244975
-1.564567 -0.080065 2.198495
-1.515814 -0.066790 2.184453
-1.466023 -0.049807 2.201576
-2.129261 -0.663535 2.197346
-2.175139 0.006755 1.503822
-1.511265 0.006456 0.795096
-2.071183 0.003128 0.794785
-2.034033 0.031349 0.827400
-2.077874 0.090601 1.430889
-2.122920 -0.497722 2.048656
-2.103109 -0.493063 2.005155
-2.039332 0.126027 0.816922
-2.011765 0.131368 0.855254
-2.034083 0.168283 0.843197
-1.439313 0.196042 2.055280
-1.402808 0.208293 2.034542
-1.370860 0.838637 0.835880
-0.749990 1.520119 0.890241
-1.481179 1.589610 2.825050
-2.149919 0.428022 2.137334
-2.160901 1.100747 2.129730
-1.540395 1.095482 0.931685
-0.994531 1.734633 0.944346
-1.699611 1.775804 0.957475
-1.706824 1.169722 1.586232
-1.682763 1.854559 1.561183
-1.682561 1.851574 1.554478
-0.567373 1.877716 0.332326
-0.573435 1.937982 -0.916758
-0.554535 1.998159 -0.265539
-0.540592 2.009129 -0.284393
-0.547256 1.986118 -0.944416
-0.563267 1.972425 -1.492534
-0.558039 2.601767 -0.876210
-0.520151 1.330482 -0.802471
-0.481521 1.331371 -0.840219
-0.461669 1.310272 -0.877994
-0.457223 0.036737 -0.220274
-0.431013 -0.640602 -0.181388
-1.022762 -0.671439 -0.180533
-0.412428 -1.326206 -0.259520
0.177600 -0.707977 -0.347371
0.144490 -0.784220 -0.370262
0.156748 -0.884838 -0.346031
0.175106 -0.931298 -0.347789
-1.097611 -0.910851 -0.407252
-1.164071 -0.897124 -0.453561
-1.215175 -0.288893 -0.415709
-1.225849 -1.010295 -0.331404
0.013991 -1.787408 -0.950738
-0.032291 -1.165578 -1.021523
-0.077878 -1.141712 -1.101700
-0.093908 -1.783374 -1.104426
-0.665420 -1.813166 -1.069568
-0.656979 -2.485352 -1.080458
-0.066492 -2.459670 -0.514230
-0.683287 -2.422486 -0.521422
-0.675730 -2.388772 -0.434876
-0.055397 -2.352757 -0.365572
0.582289 -2.328134 -0.404985
0.587556 -2.322560 -0.505855
-0.022404 -2.339594 0.074503
-0.027773 -1.751533 0.698364
-0.617965 -1.710625 0.705226
-0.598220 -2.313013 0.672811
-0.592003 -2.331623 0.650275
-0.592956 -1.060504 0.697845
-1.193811 -1.063598 0.120997
-1.203529 -1.040470 0.759019
-1.171681 -1.024695 0.088249
-1.130150 -1.048656 0.695668
-1.087804 -1.699970 0.715576
-1.032920 -1.684268 0.685490
-2.217409 -1.636513 0.605160
-2.172281 -1.601080 -0.743923
-2.135783 -1.605309 -0.741559
-2.111858 -1.608232 -0.693725
-1.446256 -1.572694 -0.669895
-1.459171 -1.526668 -0.673679
-1.469841 -1.528088 -0.676113
-1.460025 -1.574275 -0.655781
-0.777834 -2.255145 -0.641148
-0.142002 -0.981866 -1.249287
-0.123290 -0.981041 -1.282996
-0.095974 -0.397226 -0.702680
-0.073666 -0.409582 -0.645996
0.508753 -0.418340 -0.557216
0.469712 -0.411922 -1.142741
0.399577 -0.411759 -1.108552
1.064463 -0.429277 -1.068261
1.040728 -1.085215 -2.300940
0.363098 -1.111798 -2.274036
-0.253983 -1.145858 -1.669932
-0.234715 -0.523218 -1.711947
-0.228285 -1.234380 -1.742141
-0.856869 -0.569301 -1.731981
-0.825979 0.677354 -1.712553
-0.208578 0.111136 -1.050027
-0.917252 0.722048 -1.047660
-0.986441 0.686171 -1.026347
-0.992033 0.597167 -0.346452
-0.950746 0.569334 -0.328741
-0.919166 0.612952 -0.347012
-0.932826 0.637923 -0.401375
-0.960185 0.585176 0.226837
-0.944607 0.513967 0.836124
-0.255131 0.549861 0.189833
-0.247186 1.327796 0.210109
-0.296941 0.774233 -1.009163
-0.323877 0.732633 -1.017264
-0.293520 1.774473 -0.992870
-0.235033 1.748518 -0.966871
-0.189711 1.798003 -0.964001
-0.150615 1.819497 -0.352582
-0.096206 1.115161 -0.363825
-0.044883 1.033322 -0.992246
-0.748177 1.029543 -1.551729
1.183783 1.100267 -2.115078
1.080054 1.150361 -2.083545
1.059671 1.752096 -2.086306
-0.223884 1.698424 -2.082838
0.413680 1.099892 -2.066116
1.076361 1.805755 -2.072298
1.093894 1.869494 -1.473764
1.179725 0.607627 -1.546018
1.253488 1.252297 -2.211547
1.251475 1.313669 -2.164256
1.190796 0.714041 -2.132337
1.751532 0.729383 -2.161608
1.747529 0.703170 -2.217241
1.024166 0.697385 -2.243459
0.978111 0.725443 -1.614161
0.333117 0.707371 -1.041423
-0.299045 0.626438 -1.111823
-0.826104 0.552922 -1.826842
-1.479026 0.548354 -1.272912
-1.567338 1.275200 -1.275709
-2.269637 1.254106 -1.310605
-2.285530 0.486068 -2.610912
-2.283330 1.073536 -2.630570
-2.299034 1.119807 -2.591394
-2.918802 1.773598 -2.560697
-2.843333 1.756243 -2.578160
-2.740626 2.334806 -3.265252
-2.015519 2.357054 -3.256412
-1.970678 1.793672 -2.534006
-1.920175 1.205684 -2.511452
-1.252748 1.831354 -3.177832
-0.562926 1.773893 -3.184615
-0.589818 0.521882 -3.145478
-0.624097 0.596106 -3.084226
-0.612671 1.250954 -2.399027
-0.569892 -0.084567 -1.812393
0.064014 0.531977 -1.868452
0.058129 -0.114381 -1.866551
-0.588350 -0.034986 -1.200295
-0.596201 0.015693 -1.830014
-0.655978 0.689538 -2.481213
-0.735861 0.677976 -2.476488
-0.189961 0.712013 -1.784681
-0.228887 0.107062 -1.724413
-0.228192 0.085871 -2.318165
-0.212061 0.671584 -2.311263
-0.189906 0.637433 -1.690024
-2.106499 0.037459 -0.439441
-2.061885 0.731287 -1.030278
-1.366499 0.717683 -1.641269
-2.054720 0.678705 -2.284433
-2.139394 0.698889 -2.267385
-2.202002 0.754416 -2.270059
-1.561306 0.750194 -2.929573
-0.888265 1.917238 -2.838566
-0.880726 1.243599 -2.831231
-0.884193 1.272799 -2.258405
-0.186459 1.340191 -2.366287
0.496879 1.950146 -2.393171
-0.111002 -0.050550 -2.402189
-0.153270 -0.074602 -0.409270
1.005768 0.672983 0.231518
0.340799 1.993333 -0.372695
0.331713 2.023129 -0.385057
0.316228 1.371256 -0.454656
0.301628 1.353017 0.874070
0.310817 1.437245 -0.444148
0.355477 1.544515 -1.751335
0.412712 1.561805 -1.803470
1.107767 1.486788 -1.820541
0.482437 0.770418 -1.109420
-0.203432 0.816090 -1.062144
-0.229959 0.841418 -1.080848
-0.237786 1.437666 -1.805197
-0.230456 2.018868 -1.838265
1.033597 1.996776 -1.795819
1.656136 2.031899 -1.087482
1.675107 2.023136 -1.142063
1.700928 2.538823 0.006905
1.732422 2.446655 -0.037948
1.739512 1.810571 0.667388
1.708216 2.482733 1.944988
0.999829 2.447537 1.947448
1.650498 2.362756 1.916174
1.662183 2.345995 1.920461
1.656140 2.436063 1.341094
1.615641 2.523494 0.746639
1.618070 2.494724 0.748920
2.332049 2.398954 0.726746
2.358085 1.725179 0.728403
1.059055 1.205138 0.759910
1.661311 1.274291 0.798378
2.273764 1.250819 0.817384
1.667854 0.563426 0.819247
1.036937 -0.046825 0.816475
1.026971 0.030791 0.806773
1.021291 0.052602 0.795158
1.010082 -0.008677 0.783836
-0.266621 0.567291 0.758811
-0.266612 0.562773 0.710396
-0.250818 0.602148 0.661526
-0.232162 -0.039748 0.659744
0.435668 -0.079138 0.700138
0.418138 -0.730895 0.732265
1.007465 -0.080298 0.717808
1.704738 0.595527 1.977724
1.773935 0.547182 1.993576
1.801571 0.483368 2.025188
1.127730 1.140741 2.035036
1.100221 1.186326 2.007206
1.113388 1.208655 1.990269
1.760080 1.192591 2.016706
1.721098 1.207067 2.058372
1.645692 1.265883 2.065892
