0.977488 -1.825804 -1.581552
0.339429 -1.816399 -1.613704
0.361084 -1.830972 -1.587877
-0.924020 -1.817633 -2.182086
-0.927786 -1.773691 -0.952537
-0.948976 -1.126984 -0.313996
-0.971510 -0.545754 -0.902813
-0.987373 -0.615016 -0.859299
-0.998225 -0.642449 -0.849744
-1.007853 -0.635423 -0.863507
-0.415945 -0.660644 -0.852550
0.218811 -1.385800 -0.787733
0.201748 -1.421165 -0.098637
-0.377045 -1.381853 -0.022369
-0.350650 -1.330156 0.024862
-0.317902 -1.361052 0.047460
-0.323096 -1.459040 0.051995
-0.370992 -1.507229 0.717201
-0.410831 -0.844948 0.731427
0.189399 -0.795838 0.686057
-0.429504 -1.442833 0.634428
-0.459260 -1.488611 0.633040
-0.502067 -1.463438 0.025206
-0.507594 -0.726473 -1.839674
-0.480761 -0.675328 -1.884394
-0.462883 -1.361470 -1.909622
-0.486106 -1.416399 -1.285451
-0.533018 -0.762400 -1.267961
-0.562693 -0.723813 -0.659218
-0.549112 0.468259 -1.969071
-0.525349 0.378433 -1.361937
-0.531700 0.351299 -1.999179
-0.540410 0.433726 -1.353567
0.138386 0.532433 -1.362850
0.215816 1.867441 -1.376328
0.274595 1.799696 -0.747730
0.282135 2.383708 -0.661829
-0.376771 2.417501 -0.578138
-0.376656 2.496136 -0.569593
-0.350273 2.472529 -0.576718
-0.356366 2.383831 -0.572143
-0.406218 2.343170 -0.494437
-0.469751 2.375381 -1.071554
-0.492900 2.422334 -1.076330
-0.487809 1.811321 -0.471104
-0.494390 1.129009 -0.442929
-0.524992 1.751699 -0.380258
-0.563516 1.167041 -0.381214
-0.577017 1.224094 0.143312
-0.574668 1.233879 0.041711
-0.569333 1.225119 0.025679
-0.576883 1.238110 0.041736
-0.590741 1.273693 -0.006172
-0.598854 0.664414 -1.391557
-0.593860 1.323279 -1.428129
-0.566786 1.288057 -1.375898
-0.531118 1.265247 -0.680343
-0.502548 1.249030 -0.702364
-0.484752 1.241692 -0.113501
-0.456800 1.226641 -0.166223
-0.408718 1.201522 0.523940
0.270681 1.169614 0.580737
0.295972 0.541159 -0.092450
0.269853 1.148085 -0.766053
0.233380 1.137144 -0.739035
0.236013 1.121463 -0.654591
0.921972 1.110000 -0.586621
0.947166 1.112284 -0.582523
0.925706 1.114556 0.006789
-0.422799 1.119845 1.291234
-0.452188 1.144593 0.025753
-0.423288 1.173301 0.724617
-0.410909 1.181598 0.075128
-0.466052 1.149934 0.066174
-0.555562 1.104207 0.078723
-0.598979 1.730275 -0.511949
-0.582630 1.732012 0.172216
-0.571576 1.737930 0.168119
-0.613833 3.002318 1.480312
-0.680764 3.019568 2.094164
-0.070245 2.386956 2.067253
-0.034311 2.412895 2.080189
-0.013308 1.755063 1.440284
-0.046407 1.728386 0.796786
-0.097343 1.704670 1.378701
-0.095536 1.679948 1.341430
-0.681160 2.293279 1.335044
-0.646452 2.297444 1.899209
-1.301257 2.324281 1.830711
-1.962853 1.768428 1.150333
-1.950073 1.806408 1.111418
-1.902251 1.826282 1.140167
-3.278382 0.544048 1.809756
-2.604190 0.546499 1.165116
-2.635765 0.553799 1.134861
-3.334970 0.550081 1.161884
-3.346768 1.185209 1.890192
-2.684860 0.532466 1.969312
-2.662584 0.554824 1.319459
-2.678743 0.586177 1.276419
-3.961521 0.590152 1.276365
-3.283082 0.554142 0.700826
-2.662373 0.502180 0.792456
-2.693120 0.483525 0.814129
-3.405981 0.506816 0.766981
-3.431190 0.509416 0.749797
-3.431792 0.458380 0.808021
-3.427989 0.397148 0.863376
-3.426072 0.382395 0.827028
-3.409819 0.419898 0.696304
-2.685332 0.448391 0.587312
-2.650886 0.429098 0.596059
-2.666535 0.376821 -0.697441
-2.710818 0.942350 -0.712523
-2.731853 0.952234 -0.760683
-2.712167 0.356865 -0.809018
-2.687052 0.328845 -0.800493
-1.404224 0.873003 -0.124092
-0.714051 0.850292 -0.113807
-0.011982 0.885150 -0.151448
0.102174 2.169940 -0.184587
0.788252 2.206919 -0.789625
0.795630 2.216328 -0.733854
0.790109 1.579368 -0.705206
0.816843 0.955388 -1.343922
0.975396 0.959405 -0.064886
0.961933 0.971854 0.027939
0.893833 0.975084 0.135289
0.857768 0.989320 0.151612
1.547629 1.031719 0.110180
1.555427 1.091716 0.760938
0.872864 1.142368 0.847372
1.363583 1.148942 0.913597
1.282117 1.151603 1.498860
0.625202 1.816515 2.048272
1.219146 1.858452 2.052199
-0.140124 2.465358 2.112407
0.411843 2.420245 2.764008
0.376517 2.416684 2.689885
0.390186 2.462419 2.589584
0.379288 1.902754 2.556246
0.327880 1.236641 2.595249
0.888140 1.177364 2.613686
0.879031 1.153169 3.198258
0.230024 1.171332 3.090735
0.181704 1.810367 3.040369
-0.445447 1.778122 3.075047
-0.383209 1.737731 3.113770
-0.291996 1.730263 3.089916
-0.232581 0.554781 2.385291
-0.231680 0.595886 2.414077
-0.235935 0.606147 2.524650
-0.824993 0.590930 2.617192
-0.219594 0.579023 1.946150
0.369625 1.190615 1.892705
-0.960280 1.185902 1.891431
-1.585082 1.146569 1.959699
-1.550546 0.434074 1.393852
-1.535911 0.381649 1.398773
-0.930280 0.396489 1.391939
-1.546221 0.436462 1.433396
-1.567231 -0.202817 1.512143
-2.224949 -0.245580 2.200466
-0.939792 -0.280383 1.527710
-0.352065 -0.293334 1.508942
-0.413136 -0.316729 1.512016
-1.075667 0.220273 2.165934
-1.058173 -1.031030 2.119723
-1.623038 -1.105443 2.069392
-1.601717 -1.744652 2.074996
-0.940565 -1.744087 2.101729
-0.912216 -2.363560 2.080065
-0.854685 -1.733224 2.012894
-0.805812 -2.376846 1.965474
-0.797663 -2.388323 1.986277
-0.815065 -2.391870 2.034868
-0.824561 -2.392188 2.704361
-0.823253 -2.408032 2.665538
-2.101814 -1.184249 2.670228
-2.085519 -1.237734 2.765912
-2.066132 -1.245205 2.875059
-2.028731 -1.195627 1.615158
-2.000638 -0.511638 1.565926
-3.274173 -1.709363 2.132690
-2.056114 -2.381407 2.136522
-1.442616 -2.453839 2.142436
-1.475628 -1.828455 2.086416
-0.858949 -1.768151 2.638313
-1.544752 -2.339151 2.607901
-1.594309 -3.022538 2.636358
-0.959867 -3.741864 1.355880
0.998552 -3.718032 1.362289
0.947225 -3.594304 1.322194
0.234919 -3.498078 1.275424
0.200450 -3.507958 1.237188
0.210591 -4.197204 1.212445
0.217008 -3.554293 1.199384
0.203480 -3.499103 1.191976
0.168698 -3.491759 1.193593
0.170169 -2.894521 1.201116
0.219929 -2.951909 1.877266
0.272266 -2.913689 1.915425
0.338181 -2.858605 1.922903
-0.279664 -2.810256 1.885685
-0.208458 -2.833854 1.841280
-0.131209 -2.846254 1.829439
-0.090061 -2.814234 1.843514
-0.084053 -2.797672 1.833946
-0.075857 -2.856434 1.805273
-0.011074 -2.952860 1.797543
1.419552 -2.985096 1.830922
1.364431 -1.700319 3.202003
1.283382 -1.018968 2.588588
1.863257 -1.025027 2.571210
1.868269 -1.685386 2.539348
1.838653 -2.310113 2.529834
1.752420 -2.294745 3.848864
2.320073 -1.663258 3.824328
2.297284 -1.730476 3.786401
3.036014 -2.409758 3.788648
3.051051 -0.534624 3.204624
3.015083 -0.443645 3.241529
2.980747 -0.382526 3.237233
2.305337 -0.380361 3.214635
3.622658 -0.364303 2.589135
3.621144 -0.328039 3.272804
3.584383 -0.293425 3.255902
2.891831 0.351035 3.201146
2.883522 0.296407 3.159393
2.894705 0.876544 3.164314
2.891213 0.914825 3.178114
2.235051 0.323180 3.156941
2.199752 0.342973 3.110865
2.192854 0.359418 3.726686
2.215749 0.377373 3.740250
2.234525 1.007020 3.747391
2.204735 0.988065 3.712869
2.152220 0.949486 3.652555
2.135838 1.526335 3.616203
2.167896 2.796885 4.261882
2.180009 2.818197 4.289050
2.123209 1.010491 4.900560
2.059409 1.019809 3.603389
2.072845 1.627923 3.590133
2.149840 1.604870 3.626752
2.857020 1.590450 3.673603
2.822134 2.236462 3.676932
2.774058 0.909049 3.649658
2.154940 0.168494 3.652790
2.220533 0.089271 1.761706
2.893825 0.093028 1.804130
2.842852 0.818577 1.803871
1.486458 0.188460 1.742186
0.268602 -0.537171 1.685000
0.926934 0.070005 1.687369
0.943170 0.064882 1.728906
0.941381 0.709597 1.722532
0.884364 1.314018 1.650798
0.897002 -0.057596 1.590181
0.929112 0.534612 1.608732
0.955047 -0.000121 -0.231239
0.940825 0.763947 -0.249453
1.576051 0.188352 0.314709
0.961782 0.185894 0.278954
0.948822 -0.474957 0.343255
0.978247 0.223470 0.442102
1.014590 0.261502 0.499847
1.644518 -0.376616 0.511323
1.647300 -0.431653 0.531689
1.689750 0.159355 0.596740
1.121459 0.826078 0.667507
1.160202 1.545787 0.698150
1.139857 1.569568 0.691768
0.516352 2.189011 0.685112
0.533717 2.182481 0.711735
0.590660 2.177902 0.774859
-0.027757 2.152934 0.199802
1.267738 1.472736 0.844389
1.231486 1.441144 0.809252
0.573166 1.455494 0.769700
0.606569 1.491774 0.118610
1.213873 1.513131 0.749482
-0.129289 1.523753 0.706044
-0.202218 0.248032 0.617959
-0.852936 0.250036 0.552495
-0.808611 0.223386 -0.065489
0.478421 0.169632 0.550884
0.445210 -0.486178 0.525842
0.412646 -0.472335 1.083321
0.417653 -0.442177 1.058432
0.513576 -0.434592 0.440434
0.496516 -0.443218 1.097555
0.459321 -0.428983 1.091310
0.440585 0.221799 1.058792
0.462227 0.238163 0.426505
0.485205 0.208811 0.489562
-0.175188 0.161130 1.162251
-0.179770 1.473190 2.468494
-0.160570 1.458913 2.436728
-0.129440 1.451790 1.770222
-0.122751 1.480287 2.404363
-0.123334 1.536803 1.771486
-0.110562 0.948891 1.772582
-0.077577 0.928461 1.134967
-0.667847 2.188224 1.816868
-0.658564 1.575366 3.132668
-0.656265 1.577215 3.151479
-2.577450 1.538140 3.813192
-2.564831 1.495861 3.835000
-2.633304 1.513365 2.610963
-1.988755 0.972833 2.053020
-1.996580 1.024548 2.073034
-1.346288 1.007952 2.078961
-1.365032 0.967246 1.482478
-1.403873 0.323117 1.516628
-1.439705 0.350604 1.532043
-1.453087 0.320988 0.906173
-1.451297 -0.418772 -0.445442
-1.468149 -1.079979 -0.469313
-1.510619 -1.024816 -0.477730
-1.548000 -0.981783 -0.454236
-1.558074 1.551705 -0.474981
-1.540502 1.527562 -0.519364
-1.522464 1.505953 -0.548553
-1.520672 1.452819 -0.549127
-1.523945 1.340899 -0.545824
-1.533228 1.230760 -0.567633
-1.555485 1.190369 0.080458
-1.587379 1.847851 -0.014466
-1.610943 3.108114 -0.000471
-0.343496 3.042727 0.709230
-0.367227 3.639220 0.727902
-0.386922 3.682445 0.717394
-0.381595 3.747749 0.686477
-0.351874 3.735863 0.659963
-0.339621 4.280192 0.646871
-0.366320 4.247459 0.630216
-0.414463 4.290560 0.602698
-0.444263 4.349621 0.586442
-0.443772 3.721555 0.597141
-0.436145 3.087229 0.620573
-0.441212 3.699850 1.267603
-0.442393 1.256596 1.275740
-0.418668 1.318315 1.295871
-0.386648 1.296523 1.951773
-0.372736 0.576706 2.641817
-1.080107 1.896959 2.635122
-1.128724 1.273773 2.609577
-1.172762 1.366288 2.623308
-1.195472 1.397124 2.665175
-1.219910 1.996071 2.690767
-1.262130 2.670444 2.672327
-1.292398 2.070209 2.655527
-0.602044 1.472442 2.702233
-0.539499 1.446172 2.780651
-1.133772 0.737169 2.214996
-1.083356 0.715009 2.173489
-0.409163 0.728439 2.127387
0.270405 0.144126 1.499548
0.330680 0.770742 1.534557
-0.271861 0.767724 1.538791
-0.246540 0.157371 1.494806
-0.801736 0.781065 2.000348
-0.091353 1.384926 2.000741
-0.015665 1.346056 2.651096
-0.626045 1.965588 2.631805
-1.271062 1.925587 2.568392
-1.308783 1.907071 2.516829
-0.682957 1.257344 2.478482
-0.663847 0.624948 2.486221
0.563776 1.284499 2.473704
0.510485 2.568769 2.443435
0.450666 2.569274 2.402213
0.458947 2.541885 3.024062
1.143994 2.522098 3.664853
1.168335 2.525067 3.646776
1.117210 2.530262 3.609293
1.028919 3.175064 2.911177
1.005924 3.231056 2.904097
1.010191 2.666849 2.960572
-0.282565 2.748670 2.414619
-0.352873 3.428218 2.449042
-0.404226 2.777044 2.352628
-0.404293 2.744051 2.337864
-0.376965 2.695509 2.997083
-0.379158 2.651688 3.024511
-0.420878 2.620697 3.001467
-0.453721 2.583080 2.961097
0.208560 2.557739 2.340766
0.223239 3.195246 1.753304
0.225020 3.202149 0.567617
0.197268 3.212375 1.212415
0.185708 3.197601 1.849818
0.219794 3.253577 1.205941
0.291725 3.187065 1.245293
0.343099 3.135913 1.924104
0.349589 2.472046 1.257708
0.328483 2.439462 1.205144
0.285375 2.416992 1.181098
0.302846 1.756490 1.872634
-0.291674 1.749350 2.535872
-0.296407 2.414161 1.239309
-0.293928 0.510855 1.208800
-0.271326 0.510186 0.548162
0.367852 0.497469 2.434541
0.393830 0.467460 3.048010
-0.225056 -0.173140 3.674481
-0.221351 -0.133939 3.053721
-0.221055 -0.079381 3.053291
-0.235201 0.593489 1.839915
-0.257237 0.596329 0.630047
-0.266356 1.251562 0.011829
-0.233430 1.281005 0.078288
-0.177710 0.661472 -1.133179
-0.133718 0.642724 -0.622482
-0.749982 1.246138 -0.664952
-0.729496 1.220046 -0.674009
-0.689263 -0.041234 -0.654384
-0.007665 -0.000763 -0.627321
0.575426 0.016714 -1.902946
0.510078 0.011696 -1.935114
1.102393 -0.656320 -1.964844
1.128075 -0.611037 -2.599356
2.462806 -0.588459 -2.599269
2.470485 -0.624132 -2.625870
2.431905 -1.338848 -1.404185
2.405498 -1.342906 -1.430609
2.414343 -0.692833 -0.884005
2.416422 -0.036358 -0.891228
2.388633 0.579807 -1.561751
2.334805 1.179462 -1.583233
2.319836 1.203778 -0.952399
2.986657 1.250338 -0.347648
3.019394 1.237605 0.878314
2.431919 1.165453 0.201896
2.436533 1.754232 0.205764
2.469134 1.145553 0.220014
1.880177 1.176738 0.243032
2.554626 1.128303 0.882807
2.537673 1.076221 0.336346
2.525578 1.645899 0.421667
2.563094 1.680056 0.500843
2.646085 2.912470 0.536497
2.726681 2.943147 0.556036
3.384743 2.931500 -1.188983
3.372389 0.965462 -1.812763
3.995876 0.994551 -1.174862
3.325838 1.042713 -1.837655
3.941065 1.032124 -2.434576
3.869461 1.681018 -2.435148
3.150481 0.338183 -2.424075
3.121065 0.987317 -2.420554
3.838537 1.628709 -2.412142
3.860795 3.008804 -2.392475
3.805153 3.011856 -2.378083
3.109599 1.623152 -2.395034
2.472824 1.552203 -2.424133
1.899588 1.485918 -2.423408
1.878067 1.447501 -2.393734
0.491983 0.776914 -1.711149
0.413596 1.393734 -2.424863
0.408816 2.016492 -3.076781
0.470597 2.025826 -3.039160
-0.118862 2.077088 -2.999619
-1.398332 2.133880 -1.827394
-1.476773 2.146938 -1.909735
-1.463387 2.122895 -2.589817
-3.275575 2.768797 -2.584356
-3.278943 0.938003 -2.569932
-3.321538 2.339001 -2.586767
-3.372321 3.029364 -1.997431
-3.394980 3.054258 -2.001892
-1.467703 3.050713 -1.973575
-1.450937 3.074809 -1.301163
-0.833217 2.489416 -1.288444
-0.813068 3.171469 -1.288304
-0.817278 3.199137 -1.274056
-0.221874 2.553584 -1.258582
0.374666 1.862600 -1.245872
-0.254373 1.884922 -1.892558
-0.225197 1.932515 -2.510708
-0.845633 1.935360 -1.215296
-0.829148 2.504662 -1.179405
-0.789453 2.461950 -1.137968
-0.077534 2.503467 -1.120472
-0.637691 1.964320 -1.176311
-0.615536 1.983182 0.098936
-0.632772 1.937529 0.074376
-0.633425 1.895400 0.075201
-0.602228 1.284323 -0.560614
-0.569188 1.338240 -0.569367
-1.771577 1.358108 -0.606591
-1.803538 1.319875 -0.636417
-1.151265 1.288953 -0.633824
-0.479669 1.933519 -0.630757
-0.422507 1.987345 -0.005792
-1.052427 2.002591 -0.062648
-1.139742 1.970644 -0.118316
-1.789111 1.949535 -0.148938
-1.093018 3.174451 -0.168308
-0.418691 3.198701 -0.193442
-0.441872 3.186509 -0.215591
0.102534 3.132342 -0.804806
0.107438 3.725803 -0.772763
0.172595 3.703879 -2.605859
0.225378 3.699774 -2.606324
0.221478 3.679392 -2.625240
0.187859 3.020801 -2.052026
0.196689 2.988360 -2.071317
0.233384 1.784432 -2.074301
-0.422677 2.385999 -2.064718
-0.424726 2.343827 -0.864561
-0.435174 2.304005 -1.455429
2.023307 2.926418 -1.420741
2.037086 2.931722 -0.750038
2.051473 2.944692 -0.720303
2.081394 2.289563 -0.074443
2.064958 2.292722 -0.070848
2.079135 2.316952 -0.083942
2.769458 1.696001 -0.092556
2.774540 2.321841 -0.073714
3.401893 2.265705 -0.030839
3.374125 1.626477 0.021797
2.115065 1.641857 0.070071
2.794734 1.660681 -1.746775
3.457967 1.042351 -1.776907
3.459180 1.043611 -1.835127
3.465067 1.064893 -1.877111
2.200937 1.097718 -1.890144
2.230906 1.078122 -1.902625
2.240146 1.004450 -1.958668
2.826632 -0.400503 -0.708813
2.813098 -0.413424 -0.714578
2.216862 0.224623 -0.649976
2.240984 -1.001977 -0.598410
2.248880 -1.579083 -0.616723
2.874285 -2.173881 -0.031439
2.907099 -2.142119 -0.071740
2.951162 -0.845987 0.519745
2.961298 -1.472947 0.527179
0.975846 -2.729771 0.496828
0.295506 -2.084589 0.450621
0.295053 -2.142319 0.451555
-0.339038 -1.499334 -0.087630
-0.347857 -0.812549 -0.070994
0.261099 -0.769343 -0.074489
0.274696 -0.799202 -0.085585
0.920100 -0.854025 -0.079739
0.943439 -0.852536 -0.080655
1.533376 -0.184820 -0.102642
2.149731 -0.162380 -0.136711
1.516092 -0.220530 -0.155998
1.509263 -0.312144 -0.150209
1.500299 -0.323098 -1.442540
1.469724 -0.226277 -1.458917
2.069480 -0.143840 -1.466054
2.074306 0.489772 -1.477395
2.117774 1.084852 -1.512478
2.163466 1.038961 -1.557940
2.181134 1.760830 -1.566896
2.184892 1.816936 -1.537878
1.547119 1.799113 -1.506926
1.559758 1.160857 -1.516403
1.550983 1.197311 -1.535647
0.885887 0.622759 -1.496904
0.860011 0.641569 -1.417403
0.853489 -0.023830 -1.366141
0.862194 -0.058600 -1.365221
0.863865 -0.050005 -1.991664
0.856204 0.648515 -2.608770
0.861832 0.655847 -2.547164
0.890926 1.247335 -2.521694
0.917504 1.221984 -2.531012
0.914592 1.227940 -2.537465
0.259761 1.224808 -3.171643
0.235126 1.182743 -3.858152
0.265852 1.131643 -2.674035
0.292700 1.126718 -2.051183
-0.345575 1.150166 -2.034441
-1.027461 1.152761 -2.670067
-1.052639 1.115030 -2.715358
-0.388552 1.059852 -2.783982
-0.363557 1.020458 -2.131178
-0.355808 0.372379 -2.111259
0.190228 0.399251 -2.128646
0.180356 0.430847 -1.557744
-0.364661 1.144168 -1.621604
-0.329458 -0.086064 -1.607476
0.240214 -0.080631 -1.527356
0.218619 -0.052015 -2.100081
0.230869 0.004543 -2.112787
0.269829 0.049360 -1.544653
0.289623 1.258655 -0.911156
-0.390352 1.889491 -0.875574
-0.433413 1.247568 0.390354
-0.436021 1.290175 0.347041
0.857546 1.319690 0.972870
0.861919 0.667344 1.000577
0.835320 1.265424 1.099973
0.813146 1.265586 0.565791
0.834942 1.317103 0.603986
0.881376 1.354523 0.613947
0.913625 1.354615 0.668216
1.550430 1.336247 0.762232
1.516810 1.347146 0.811582
1.481592 1.376450 0.100597
0.857720 1.373960 0.017533
0.866572 2.530737 -0.635552
0.878987 2.458749 0.064965
0.896591 2.442156 0.158554
0.910549 2.467969 0.188847
0.935579 2.493156 0.154394
0.969809 1.890708 0.121961
-0.329279 1.874033 0.795327
-0.337043 2.471094 0.829136
-0.372465 1.782292 1.436130
-0.376350 1.736872 1.344983
-0.383069 1.086632 1.271070
1.523005 1.716558 1.280420
1.571306 2.381445 1.355392
1.639773 2.382805 1.411603
2.365581 2.404930 0.765955
2.388385 2.407382 0.086366
2.366062 2.410164 0.054367
2.325622 3.042309 0.051707
2.276697 2.993397 0.036971
1.543035 2.938139 -0.034643
1.479355 2.938767 -0.144669
2.020325 2.959245 -0.205215
1.993312 2.943689 1.115667
1.353585 3.549366 1.154656
0.153293 3.560830 1.148890
1.406122 3.623284 0.457834
2.689442 3.665829 0.469651
2.660280 3.608348 -0.099160
2.029472 2.877249 -0.075960
2.017976 0.324699 -0.099077
2.592521 0.347549 0.508717
2.553870 0.377459 0.528889
2.555478 1.011803 -0.666366
1.982271 0.385297 -0.618092
2.034726 0.412899 -0.591959
1.452797 1.125448 -0.549423
1.489375 1.162213 -1.137644
1.542482 1.122169 -0.491525
1.607108 -0.186253 -1.799214
1.669982 -0.212136 -1.873943
3.003057 -0.211648 -1.928472
3.023204 -0.826473 -2.601602
3.042930 -0.827067 -2.038355
3.690569 -0.830498 -2.078359
3.714258 -0.817665 -2.076874
1.742451 -0.796512 -1.412644
1.706865 -0.162144 -0.788559
1.692793 -0.157534 -1.389083
2.298670 -0.171906 -0.781487
2.272991 -0.197838 -1.429289
2.885553 -0.232591 -1.409132
2.193818 -0.262857 -1.396396
2.154031 0.374719 -0.774799
2.117612 -0.288978 -2.006313
2.068286 0.393711 -1.915027
1.354407 0.414270 -1.818183
1.344632 0.417172 -1.786000
1.375999 0.404460 -1.158702
2.025059 -0.240105 -1.167113
1.386646 0.358141 -0.545283
1.391643 0.348924 0.789761
0.771881 2.277567 0.752883
1.453341 1.585249 0.071682
1.477370 1.592707 0.086215
1.465871 1.654087 0.140582
1.453177 1.711244 0.166255
2.778780 1.706977 0.138382
1.396676 1.677247 0.113583
1.351861 1.675898 0.123677
1.315109 1.115640 0.169271
0.142140 1.103598 0.787208
0.172831 1.013548 0.752934
0.208141 0.927205 1.310480
0.862551 0.943645 1.330280
0.847454 1.038964 1.387576
0.815431 1.094018 1.405222
0.772556 1.046782 1.364493
0.731134 0.988940 1.334860
0.707294 1.001452 1.365782
0.058138 1.050552 1.420191
0.057565 1.036333 1.415969
0.067654 0.916015 1.361186
0.079083 0.794373 1.330049
0.768094 0.771024 1.309010
0.781434 1.447134 1.363117
0.787996 1.470659 1.356879
0.123972 2.094090 0.702148
0.118337 2.638116 0.692054
0.110043 2.002723 2.003483
0.106624 2.037866 2.046557
0.113342 2.071545 2.065779
0.134750 2.039847 2.087816
1.375919 1.397903 3.377394
1.383991 0.671680 4.005216
1.381055 0.724776 3.340746
1.384975 0.778761 3.276512
0.734463 0.781930 2.633566
0.734666 0.758532 3.300375
1.353639 0.743544 3.250617
1.337035 0.763025 3.181768
0.042707 0.798296 3.180725
0.079251 0.813920 2.643446
0.109525 0.816715 2.716032
0.122473 1.438264 2.688970
0.795485 1.465246 2.596970
0.805487 0.902979 2.539368
0.191331 1.571443 2.545847
0.799784 1.577752 1.879099
0.752010 0.924614 1.767223
0.720378 0.889633 2.288695
0.726177 0.899056 2.267635
0.775911 0.924131 2.355288
0.809472 0.915271 2.422200
0.769609 0.872210 1.739507
0.054057 0.842571 1.062597
0.009391 0.874735 1.000643
0.016746 0.941386 1.022708
0.029419 1.580223 0.980880
-0.598043 1.558219 0.917133
-0.642557 1.514200 0.829595
-0.648152 1.506223 0.886800
-0.595574 1.530092 1.038866
-0.527218 1.539447 1.126273
-0.500028 1.507560 1.108104
-0.523438 1.452002 0.413247
0.092793 2.056803 0.447141
0.121798 2.058508 1.150151
0.165539 2.052467 1.753428
0.173164 2.013911 1.019386
0.144688 1.945060 1.654969
0.766906 1.882795 1.748847
0.814593 1.848081 1.873466
0.879914 1.839139 1.924440
0.902915 1.846280 1.278314
1.526983 1.843483 1.284122
1.511432 1.244242 1.318330
0.871755 1.899080 1.311800
0.893182 1.956327 1.206086
0.279666 2.006215 1.075577
-0.317972 0.159010 1.034223
-0.943656 0.149117 1.738258
-0.947795 0.148539 1.767215
-0.318064 0.211742 1.741277
0.336715 0.290315 1.719881
0.341502 0.882604 1.761144
-0.336540 0.839510 1.825676
-0.986778 0.814282 1.815232
-1.007124 0.861078 1.059772
-1.002119 0.924320 0.967465
-0.995224 1.003324 0.962638
-1.653694 0.352221 1.015090
-1.725437 0.337397 1.045620
-1.118791 0.382194 1.033570
-1.133834 0.434641 1.003721
-1.118969 0.437294 -0.177561
-1.763667 0.388067 0.543571
-1.799364 0.348718 0.584046
-2.420211 -0.284590 0.562174
-2.405289 -0.258462 0.492945
-2.368523 -0.267109 0.470029
-2.357539 -0.330313 -0.138580
-2.393272 -0.391034 -0.058214
-2.445770 -0.405466 0.632528
-2.472931 -0.408520 0.618843
-1.823958 0.187339 0.597814
-1.818098 -0.496599 0.011454
-1.835642 -0.526488 -0.014516
-1.858491 -0.506246 0.542729
-2.505966 -0.475730 -0.172964
-2.492939 -0.475246 -0.213715
-1.848870 -0.501703 -0.195442
-2.476926 -0.502940 -0.135348
-2.515052 0.173030 -0.074204
-1.918592 0.225515 -0.037763
-3.194122 0.248450 1.815797
-3.176322 0.268616 1.794856
-3.187507 0.962933 1.799574
-3.234694 1.036613 1.842822
-3.285138 1.107589 1.228913
-3.277643 1.762525 1.855516
-3.218341 1.772029 1.861948
-3.186743 1.779207 1.295195
-3.219939 1.806448 1.382005
-3.273758 1.179210 2.072419
-3.271182 1.163122 2.045028
-2.564416 -0.112050 1.356488
-1.857220 -0.145142 1.320445
-1.985972 -0.146871 1.929216
-2.068700 -0.162796 1.944853
-2.718382 -0.204176 1.938681
-3.820025 -0.242899 1.932717
-3.140764 -0.230288 1.361008
-3.114558 0.455520 1.470983
-3.116232 0.459702 1.560956
-3.717505 0.431678 2.235612
-3.660844 0.402199 2.734042
-2.973238 -0.198411 2.739790
-2.950666 -0.182218 1.443465
-2.996027 -0.184855 2.083396
-3.673331 -0.189785 2.061714
-3.050502 -0.827820 2.017331
-2.984466 -0.812144 2.010604
-2.926773 -0.779043 2.049762
-3.564579 0.482173 1.450848
-3.006544 0.473878 1.389759
-2.407754 0.465779 0.647481
-2.386375 0.449552 0.608680
-2.374781 0.451100 0.609034
-1.124399 0.473270 0.591699
-1.196186 -0.731596 -1.252332
-0.561612 -0.765506 -1.251627
-0.515364 -0.831213 -1.176042
-0.487209 -2.070473 -0.430331
-0.516167 -0.824047 -0.435129
-0.548446 -0.797337 -1.142725
-0.530398 -0.825514 -1.834386
-0.496371 0.283398 -1.827681
-0.507952 0.241434 -1.824084
-0.553304 -0.312993 -1.861207
-0.570609 0.315933 -1.888778
-0.537925 2.080139 -1.883612
-1.132726 1.393116 -1.803622
-1.160282 1.414550 -1.769821
-1.895009 1.493045 -2.499861
-1.907110 2.208873 -2.594454
0.120605 2.244309 -3.312757
0.130845 2.302265 -2.704508
0.080499 1.798502 -1.512758
0.022381 1.865656 -1.565430
0.026836 1.873195 -1.564084
0.098280 1.859570 -1.513911
0.186480 1.854736 -1.488566
0.185761 1.237719 -1.506524
0.131859 1.268200 -2.809484
0.091160 1.269039 -1.526373
0.101936 1.241176 -2.101037
0.771095 1.219694 -2.084327
0.746933 0.534684 -1.502240
0.021439 0.538292 -1.526414
0.625073 1.170435 -2.093885
0.653400 0.456509 -2.022125
0.069606 0.412684 -1.972054
-1.865714 0.429433 -1.954793
-1.968354 0.471726 -1.937215
-2.029165 0.485492 -1.237722
-1.995398 0.502846 -1.188183
-1.929686 0.567460 -0.537648
-1.932951 0.656714 0.678227
-1.983802 0.697109 0.629971
-1.968218 0.664104 0.655998
-1.856139 0.625258 0.047893
-1.749022 0.631654 0.057451
-1.741429 1.232384 0.054051
-1.779807 1.228266 0.087431
-1.746191 1.220843 0.103831
-1.631485 1.262254 1.369353
-1.545877 1.363525 1.347179
-0.923994 0.851007 1.937860
-0.956608 0.896100 1.931492
-0.919498 0.898309 2.604753
-0.819927 0.906204 3.280368
-0.758394 0.886812 2.688180
-0.156506 2.215625 2.728988
-0.858454 3.346737 2.813088
-0.857395 3.297368 3.492351
-1.425271 3.310103 2.859300
-0.152523 3.360746 2.812929
-0.825420 3.373995 2.134566
-0.264027 3.326652 3.455654
-0.274536 3.256589 3.510786
-0.250706 3.165068 2.795279
-0.239095 3.177087 2.764439
-0.248396 3.157882 3.359686
-0.249975 3.072483 3.347141
-0.233654 2.980233 4.705557
-0.222854 2.355721 4.737464
-0.244761 2.405029 4.723832
-0.296562 1.194113 5.366401
-0.344728 1.157095 4.806563
-0.365700 1.106964 4.229593
-0.376550 1.101497 4.926353
-1.023989 1.784306 4.862884
-1.006615 1.791014 4.784505
-0.961376 1.746910 4.767345
-0.945328 1.717224 4.785051
-0.978591 1.748792 4.134241
-1.655581 2.424408 4.737589
-1.642384 2.455916 4.692049
-1.598633 3.075825 4.664762
-1.593644 3.071819 4.005455
-1.647501 3.107449 3.384839
-1.684114 3.138417 3.395768
-0.994974 3.111157 2.137765
-0.873514 3.044870 2.122645
-1.453392 3.000525 2.110071
-2.111000 3.002671 0.905811
-2.102810 2.381697 0.239571
-2.034667 2.371953 0.190302
-1.989544 2.353578 0.775243
-2.062986 2.358363 2.069268
-2.200058 2.377478 2.093078
-2.248888 2.379873 1.465933
-1.555852 1.744807 1.444444
-1.452799 1.706349 1.401668
-2.103103 1.093751 1.389494
-2.139259 1.724977 1.384544
-2.129842 1.729371 1.423259
-1.461410 1.038094 0.120454
-1.435472 1.013140 0.065538
-2.129933 1.032517 0.030353
-1.593197 1.079780 0.082006
-1.611283 1.093481 0.166612
-0.920245 1.692884 0.194766
-0.864957 1.648332 -0.487434
-1.490578 1.640106 -1.093483
-1.495310 1.648350 -1.019655
-1.484357 1.629969 -0.968514
-0.232947 0.338766 0.332224
-0.246383 0.326552 0.280107
-0.918414 0.960345 0.935368
0.325829 1.007604 1.597804
0.324969 -0.231996 1.625863
0.343762 -0.272405 1.582314
1.078244 -0.901230 0.850644
1.144988 -0.934360 0.803020
1.214628 -0.944351 1.439190
1.238432 -2.124499 1.418565
1.202517 -2.160098 1.366378
-0.027819 -2.777268 1.318546
-0.083249 -2.786766 1.319392
-0.149663 -2.773542 1.356926
0.990061 -2.759690 0.123396
0.937095 -1.481053 0.140361
0.928210 -1.456547 0.143544
0.939360 -0.825064 0.119320
1.546184 -0.810848 -0.491729
1.493328 -0.207734 -1.099980
0.791924 1.092868 -1.013593
0.772687 1.147787 -1.021760
1.361585 1.172517 -0.396141
1.318192 1.174381 -0.406471
0.646995 1.188301 -0.393366
0.632893 1.220814 -0.996257
2.633812 1.862342 -0.328726
3.289600 1.830774 -0.304034
3.246897 2.365139 -0.306338
3.215294 2.332681 -0.300349
2.606099 1.752430 -0.301574
3.317105 1.114271 0.334644
3.972650 1.091217 0.334504
3.319099 1.040774 -0.303254
3.865885 0.987338 -1.655753
3.877371 0.960557 -2.305954
3.914363 0.941423 -1.669756
3.926178 0.907203 -1.644802
3.908470 0.867391 -1.636075
3.891814 0.245878 -1.668636
3.883329 0.276363 -1.712563
4.456121 0.303898 -1.735374
3.132236 0.315487 -1.734576
2.522111 0.311297 -1.737993
3.130324 0.301331 -1.753362
3.048695 0.284951 -1.753445
2.993475 0.271826 -0.483618
2.338818 1.430211 -0.440344
2.361121 1.379814 -1.064062
2.370193 1.317691 -0.497613
1.774680 1.266377 0.150985
1.812226 1.260082 -0.427170
3.116343 0.682702 -0.414269
2.575718 0.033332 -0.447245
0.814578 -0.003688 -1.080982
1.453135 -0.013428 -1.023323
1.489990 -0.569433 -0.952244
0.940904 -0.550967 -2.202929
1.033212 -0.580754 -2.830967
0.498332 -0.635552 -2.821914
0.550836 -0.023882 -2.128114
0.590693 0.017277 -2.085599
0.607930 0.057165 -2.117503
0.607393 0.046252 -2.143621
-0.034085 -0.622806 -1.533642
-0.031846 -0.606242 -2.163497
0.570611 0.033342 -2.135640
-0.066724 0.086427 -2.079852
0.550357 0.079029 -1.528217
1.191213 0.647124 -0.195040
-0.011849 0.662589 -0.798580
-0.666073 0.715213 -0.794613
-0.078140 0.760833 -0.818613
1.074051 0.767116 -0.862981
1.046063 0.759097 -0.841477
1.634482 0.801242 -0.813180
