0.802093 3.461385 1.723276
0.804666 4.073938 1.727513
0.799536 4.056180 1.780781
0.809838 4.056017 1.829174
0.813300 3.454328 1.831929
0.786161 3.434311 0.548479
1.362655 3.416261 0.546408
1.328694 2.196457 0.562765
0.717620 2.201259 1.188337
0.771986 2.202198 1.185716
0.811384 2.201509 1.150375
0.186794 2.215050 1.106876
0.186123 2.234179 1.096475
0.205066 2.238903 1.120024
0.218024 2.232307 1.161947
1.480962 2.222723 1.173547
1.413574 2.214326 1.132768
2.017812 2.204926 1.086553
1.410136 2.198762 1.074874
1.410145 2.194522 1.087353
1.379868 2.186709 1.062439
1.340602 2.178173 0.996618
1.330966 2.178351 0.963654
1.354917 2.199025 1.007735
1.367663 2.821451 1.081309
1.931622 2.815314 1.119531
1.866254 2.133838 1.095767
1.201143 2.121957 1.075745
1.190255 3.414652 1.117544
1.169738 3.413025 1.191233
1.731541 3.397770 1.218342
1.087196 3.389479 1.182261
1.113953 3.410855 1.791590
1.165863 2.830122 1.807960
1.191253 1.605677 1.834052
1.188311 1.575817 2.429425
1.216315 1.563767 2.990495
1.262463 0.964571 3.572896
1.280597 0.989613 3.574434
1.250863 0.985296 2.952679
1.220123 -0.314443 2.924068
0.599112 -0.310765 2.873721
0.617744 -0.248863 2.855157
0.630606 -0.193755 2.886261
0.629927 0.433450 2.282673
0.640426 1.010319 2.301806
0.669594 0.295519 2.281374
0.695500 0.323756 2.271127
0.708759 0.363884 2.916096
0.692885 0.350349 0.412069
0.674204 0.307557 -0.211349
0.703956 0.317840 -0.248408
0.731572 0.404550 1.018490
0.746794 0.499164 1.050365
0.104946 0.519576 1.083836
0.110347 0.475754 1.090029
0.129632 -0.221649 1.082038
0.147983 -0.212035 1.711901
0.153508 -0.207954 1.735784
0.144513 -0.244037 1.749643
0.817389 -0.307988 1.736333
0.213574 -0.352760 1.725077
0.230031 0.266522 0.484643
0.841861 0.957952 0.521526
0.846077 0.935623 -0.087347
0.855743 0.238732 1.190639
0.873717 0.806561 1.823793
0.905133 -0.462798 1.831929
0.954528 -0.458514 1.182435
1.001374 -0.451530 1.819508
1.015636 -0.442365 2.488185
0.997766 -0.422038 2.492932
0.980630 -0.393769 1.821674
0.997769 0.885141 1.819352
1.624138 0.912983 1.236546
1.627180 0.929568 0.677190
1.599482 0.944769 1.272933
0.966963 0.960129 0.617429
1.012614 0.985092 0.570611
1.082321 1.001560 0.574785
1.093828 0.994533 0.586645
1.036149 0.978434 0.560549
1.605103 0.989638 1.169411
1.616206 1.036843 -0.157951
1.645111 1.077134 -0.731762
0.961092 1.092229 -0.685316
0.840985 0.482082 -0.053672
0.732493 0.519123 -0.095972
0.723318 0.582220 -0.089252
1.416274 0.619371 -1.319609
1.432660 0.605596 -1.334400
1.392399 0.003519 -1.358791
0.762267 0.005495 -1.361242
0.822736 0.671615 -1.329683
2.091278 0.700273 -1.311672
1.463193 1.314133 -1.332307
1.393272 1.276647 -1.366652
1.371750 1.249408 -1.367958
0.779029 1.255290 -0.722505
0.826559 1.264646 -0.718903
0.837511 1.244545 -0.766214
1.476469 1.203803 -0.827866
1.533831 1.181190 -0.837181
1.603618 1.201501 -0.804078
0.332170 1.237179 -0.800705
0.305188 1.247288 -0.858625
0.268175 1.217276 -0.266090
0.249029 1.184638 -1.473029
0.863980 0.491808 -2.102386
2.141048 0.521334 -2.123902
2.130774 1.155230 -1.583012
2.116060 1.112020 -2.258696
2.119224 -0.226669 -2.835413
2.139302 0.381696 -1.545942
2.173427 0.397632 -2.175122
2.195655 1.055430 -2.827207
2.211115 1.666103 -2.801397
2.234763 1.628348 -3.369237
1.611574 1.618853 -3.318271
1.650223 1.637705 -3.329131
1.041336 0.317952 -3.366624
1.089411 0.288246 -4.031786
0.526493 0.250864 -3.976585
0.608199 -0.389774 -3.245818
0.668539 0.270877 -3.232711
0.686138 0.302177 -1.965442
0.677723 0.318677 -2.574353
0.670678 0.342689 -2.569207
0.663329 -0.276514 -1.318850
0.631058 -0.238099 -1.982698
0.561196 -1.477303 -2.650908
2.418939 -1.448910 -2.630428
2.388958 -1.435510 -1.947483
2.385100 -1.447439 -1.951411
2.370895 -0.843737 -1.306530
2.990519 -0.850052 -1.280058
2.283916 -0.202592 -1.255690
2.260207 -0.182202 -1.267765
2.216852 -0.186970 -1.304434
2.233274 -0.207254 -1.320690
2.226694 -0.213908 -1.305997
0.318160 -0.211068 -1.287149
0.322863 0.405148 -1.290810
0.339495 0.382762 -1.305016
0.345722 0.369286 -0.687172
0.323985 0.384994 -0.672853
0.294422 0.426671 0.069184
0.270231 0.479748 0.061807
0.888972 0.511134 0.631148
0.263023 -0.116409 0.596076
-0.360003 -0.093478 0.577142
-0.978330 -0.060192 0.598273
-0.353169 -0.037131 0.632920
0.911566 0.598642 -0.640254
2.161337 1.226659 -0.636221
2.132643 1.231162 -0.641238
2.072088 0.640522 -0.619465
2.658975 0.689126 -1.166088
2.661040 0.722698 -1.136536
2.041531 1.342284 -1.168650
2.037095 1.314689 -1.215789
2.030012 3.107707 -1.850218
2.043034 3.111246 -1.787615
1.460876 3.132421 -2.361821
1.503823 2.564549 -1.732274
1.507969 2.580119 -1.760320
0.825751 1.297191 -2.993017
-0.453471 1.311117 -2.966690
-0.435623 1.358629 -1.696771
-1.672856 1.391041 0.150371
-2.294276 2.002975 0.103680
-2.272135 0.674362 -0.525524
-1.596537 0.619163 -0.542024
-1.553054 0.612616 -0.527394
-1.514045 0.614374 -0.538697
-1.491820 0.571597 -0.555483
-1.498313 0.502899 -0.575520
-1.526601 0.468009 -1.227299
-1.548278 0.477990 -1.918372
-0.223889 1.198097 -1.922005
-0.858973 1.181517 -0.646886
-1.461838 1.751553 -1.296700
-2.065742 1.707725 -1.285653
-1.389734 1.058024 -1.279325
-1.390559 1.028554 -1.282994
-0.704172 1.653577 -1.287390
-0.672549 2.343081 -1.286196
-0.022161 2.380723 -1.274596
-0.770442 1.761869 -1.275905
-0.854132 1.796357 0.007214
-1.573224 0.468145 -0.005972
-1.548815 -0.742889 0.019885
-1.513572 -0.144979 0.089281
-1.548352 -0.765041 0.142726
-1.638199 -0.181417 -1.096667
-0.381677 -0.798585 -1.732726
-0.369704 -0.740756 -1.722836
-0.353740 -0.681068 -1.710734
-0.395108 -0.659231 -3.647774
0.752283 -0.679935 -3.648659
0.725984 -0.715790 -3.699403
0.780019 -1.352829 -3.762356
-0.365342 -1.392536 -3.817252
-0.325804 -1.446336 -3.848173
-0.339201 -0.875568 -3.855579
0.285595 -0.895698 -3.880630
0.304398 -1.523706 -3.890698
1.000341 -1.479425 -3.900681
1.573071 -0.813799 -3.898843
1.495566 -1.386296 -3.879019
1.469256 -0.737276 -2.542753
0.881797 -0.733030 -1.900405
1.525779 -0.114961 -1.906004
1.474136 -0.123501 -1.916304
1.411987 -0.747044 -1.888530
1.403211 -0.780454 -2.567987
1.427373 -0.191994 -1.809101
1.417442 -0.139304 -2.407178
1.364154 0.580669 -2.400557
1.965667 0.662308 -2.390458
1.417945 0.015260 -0.508274
0.819142 -0.614877 -1.138023
0.824834 -0.583886 -1.810343
0.799706 -0.551788 -2.509700
0.771758 0.083699 -2.542812
0.173106 0.064643 -2.530344
0.175706 0.094977 -2.526364
0.116037 0.171995 -0.706614
-1.210901 0.792209 -0.152609
-1.266946 0.776769 -0.175716
-0.658321 1.315850 0.512809
-0.621261 0.675283 0.550897
-0.625768 1.247650 0.544348
-0.646980 1.847029 0.512985
-0.634027 1.222422 0.506723
0.053831 0.584052 0.529327
-0.553372 1.254681 1.185254
-0.580749 1.932921 1.192442
-0.639068 1.358597 1.201776
-1.264257 1.927614 0.595854
-1.217366 1.856372 -0.039246
-0.568753 1.820782 -0.043358
-0.547817 1.812184 -0.058180
0.659330 1.776096 -0.074846
0.697862 -0.148581 -0.102734
0.746291 -1.439195 -0.780160
0.757728 -1.385366 -0.791604
0.713387 -1.327985 -0.154446
0.659023 -1.329197 0.460025
0.627060 -1.986830 0.452955
0.610772 -2.009397 1.138543
0.590985 -2.002973 1.151347
0.575767 -1.998782 1.172164
-0.037460 -0.788435 1.180034
0.595767 -0.196325 1.177253
0.609769 -0.231585 1.864975
0.599515 0.404930 1.914080
0.586291 0.472238 2.602605
-0.055653 0.536833 2.599126
1.268195 -0.092288 0.582468
0.714343 -0.109216 0.604007
0.731917 0.517589 0.639272
0.736750 0.538581 1.295603
1.381411 0.545081 0.612593
1.428074 0.516377 -0.044121
1.467533 1.111898 -0.018672
1.475883 1.750222 0.030148
1.465921 1.808020 0.027783
1.481074 2.481559 -0.033117
0.331603 2.499582 -0.076694
-0.293442 1.871555 -0.061686
0.298669 1.228005 -0.639833
-0.369273 1.190726 -0.656994
-0.379652 1.114378 0.559329
-0.332949 1.025963 0.531218
0.356835 0.983649 -0.711373
0.350593 1.654526 -0.657861
0.311249 1.664971 -0.664653
0.291189 1.669973 -0.714733
-0.295567 1.659968 -0.732292
-0.311118 1.666453 -0.051814
0.258451 1.704921 -0.019542
-0.459650 1.730531 -0.045577
-1.158512 1.077046 -0.108115
0.134361 0.357888 -0.759272
0.161881 0.937642 -0.729073
0.170388 0.940202 -0.077785
-0.498203 0.355020 -0.134463
-1.112016 1.020632 1.083753
-0.393042 1.016162 1.078708
-0.365646 1.015386 1.124546
-1.055825 1.057230 1.153671
-1.082256 1.767978 1.107870
-1.075879 1.801208 0.417307
-1.042844 1.780197 0.469988
-1.637012 1.756439 0.596419
-1.622833 1.789874 0.652343
-1.615579 2.502578 -0.673101
-1.594069 2.550929 -0.686459
-1.603817 3.163376 -0.621399
-0.391529 3.189824 -1.208083
0.204021 2.630894 -1.866104
-0.479856 2.070731 -1.327771
-0.544693 2.058211 -1.354861
-0.588569 2.610370 -1.961039
-0.622044 2.555313 -1.894627
-0.642359 2.588101 -1.287135
0.001880 2.015596 -1.378311
0.011034 2.027003 -0.784024
0.040380 1.958892 -0.721777
0.081430 1.937383 -0.689117
0.113752 3.209715 -0.115171
0.127565 3.205797 -0.837474
-0.452339 3.131577 -0.861092
-0.397935 3.676723 -0.848601
-0.984584 3.587200 -0.881093
-1.525348 3.566827 -0.964385
-1.469250 3.580784 -1.005943
-0.787841 2.966790 -0.981119
-1.368547 3.535358 -0.948268
-0.672955 3.568354 0.291486
-0.649794 2.361816 0.235427
-0.662951 2.421524 0.970974
-0.686004 3.043668 0.407590
-0.694480 3.004058 0.446216
-0.687522 2.988773 -0.240365
0.556432 3.004306 -0.847252
0.537751 3.667668 -0.859298
0.535060 3.659987 -0.791694
0.538105 3.667000 -0.176285
0.518745 2.450884 0.441490
-0.221121 3.073439 1.094182
-0.301910 3.051169 -0.123295
0.304180 4.293985 0.571515
0.241764 3.607872 1.225737
0.189262 3.551335 1.182301
0.145219 4.132421 1.187228
0.126343 4.690936 0.584288
0.128884 4.049760 0.567716
0.153239 3.432122 0.523461
0.187077 3.411838 -0.138983
0.196520 3.387124 -0.097964
0.186354 4.050563 -0.043544
0.169975 4.064892 -0.016502
0.815609 4.050556 -1.313699
2.148981 4.003805 -1.317879
2.160243 3.961046 -2.572373
2.204816 3.305488 -3.191149
2.269125 3.357118 -3.801757
2.314259 3.418020 -3.172032
2.312097 3.463732 -3.195836
2.298702 4.083984 -2.589720
2.312887 4.135437 -2.537484
2.338175 3.552186 -2.520150
2.326863 3.588933 -1.908940
2.295522 3.552706 -1.952473
2.311456 4.118500 -0.717901
2.380211 4.721479 -0.071484
2.442404 4.691291 -0.063031
2.436831 4.718738 -0.083010
2.402918 4.107257 -0.110985
2.401510 4.085869 -0.083683
2.424998 4.095123 -0.060063
2.409953 4.136132 -0.040417
2.336894 3.531260 -0.039288
2.268834 3.517949 -0.761643
2.244856 3.486017 -1.435557
2.249738 3.481426 -1.438667
2.240404 4.107170 -1.409815
1.628569 4.160047 -1.385727
1.640354 4.182656 -1.390121
1.665401 4.195507 -1.399560
1.668178 4.227686 -0.735070
2.247573 4.274922 -0.701144
0.951547 4.296566 -0.654107
0.979066 4.272908 -0.621202
0.386883 4.228456 -0.607755
-0.834958 3.620871 -1.265339
-0.198631 3.611508 -1.243168
-0.176296 3.609551 -1.842431
-0.089635 2.986393 -1.846054
-0.628273 2.953631 -1.850651
-0.008398 3.529707 -1.167108
-0.053351 3.539073 -1.809131
-0.070550 3.531203 -1.768230
-0.041150 3.490051 -1.048491
-0.035993 3.397664 -2.278485
-0.095495 3.353742 -0.999527
-0.167676 3.999404 -1.658628
-1.444124 4.046750 -1.043902
-2.022385 4.065257 -1.056515
-2.012179 4.070086 -1.687005
-2.066348 4.113060 -1.681532
-2.138225 3.541987 -1.658485
-2.167258 3.546232 -2.890096
-3.457181 4.773395 -2.848069
-2.804535 4.722545 -2.803589
-2.872180 4.733010 -2.777272
-3.574346 4.797862 -2.766185
-3.531409 4.826827 -2.777808
-4.060529 4.157262 -3.493421
-4.054672 3.515326 -3.532700
-4.117382 3.494522 -2.311887
-4.168403 3.496899 -2.957298
-4.159377 3.470907 -2.372526
-4.137591 3.401211 -2.422423
-3.530466 3.344664 -3.808564
-3.577645 3.944885 -3.824673
-2.998565 3.965277 -3.160743
-2.952120 3.972293 -3.190206
-2.911228 4.565866 -1.923715
-2.902516 3.973636 -2.585169
-2.254346 4.012461 -1.959098
-2.220377 4.076621 -2.623648
-1.624035 3.489282 -1.961535
-2.269256 3.450231 -3.769834
-2.858461 4.018088 -3.109375
-2.800660 3.396212 -3.656539
-2.725257 4.025431 -3.621386
-2.661320 3.435204 -2.875448
-2.616594 3.426568 -2.776164
-3.827453 3.446079 -2.745046
-3.798288 2.903775 -2.765033
-3.779459 2.968098 -2.768721
-3.800370 2.996048 -2.721290
-5.163420 2.985738 -2.151112
-4.592812 3.571105 -2.193138
-4.613679 3.578216 -2.288125
-4.627902 3.600523 -2.308167
-4.663489 3.001513 -1.651569
-4.716615 3.596088 -0.396576
-5.335751 3.586886 0.728602
-4.677675 4.217573 0.712642
-4.641773 2.404089 1.949697
-3.461459 2.410802 1.356319
-4.725558 2.352925 1.339897
-4.756317 1.646338 -0.705228
-4.108122 2.207520 -2.057004
-4.085825 2.228451 -1.442539
-4.114047 2.271823 -2.046727
-4.162373 2.293514 -2.040829
-5.320698 1.669037 -2.033062
-5.260924 1.065929 -1.986040
-5.203380 1.113885 -2.573277
-5.195268 1.178086 -3.164713
-5.218747 1.209067 -3.807436
-5.852855 1.199130 -3.834829
-5.817704 0.633503 -3.204453
-5.785371 1.240860 -3.205321
-5.825125 1.300964 -3.783160
-5.917582 0.732913 -3.126367
-5.952898 0.674384 -1.801421
-5.908170 0.643094 -1.764060
-5.868657 1.252300 -2.343891
-5.900539 1.270682 -2.312242
-5.955547 1.262695 -2.969151
-5.947962 1.171847 -1.779862
-5.900270 1.068644 -1.049585
-5.891933 1.061624 -1.061008
-5.947560 0.489851 -1.127591
-5.985418 1.088706 -0.569072
-2.815414 1.020641 -0.602137
-2.746126 0.985941 -0.596321
-2.707654 1.016061 -1.251967
-1.459206 1.064087 -1.296493
-1.482492 1.068343 -0.699565
-0.875778 0.434231 -1.412150
-0.846270 0.452325 -0.780911
-0.305561 0.534645 -2.107148
-0.393566 1.236048 -2.821339
-1.045160 0.660233 -2.255577
-1.006494 1.218693 -2.274744
-1.543646 1.235419 -2.170650
-1.532940 1.308231 -1.508515
-0.949997 0.780207 -1.463430
-0.941043 1.354336 -1.426953
-0.898242 1.892089 -2.705095
-0.874167 1.868274 -2.664855
0.346664 1.882619 -1.959272
-0.312564 1.914698 -1.911049
-0.912446 3.137310 -2.496326
-2.100759 3.076060 -1.829801
-2.026894 3.039688 -1.786619
-2.030745 3.053306 -1.725623
-2.058077 3.051866 -2.330656
-2.042072 2.978837 -1.712569
-1.384334 3.495816 -1.047130
-2.071872 3.436415 -1.041339
-2.094236 4.119264 -1.683429
-2.725301 4.158781 -0.415310
-2.064522 4.141715 -1.035875
-2.037670 4.093418 -1.007882
-2.676734 4.088506 -1.618715
-2.721135 2.829113 -2.225211
-2.767584 3.412041 -2.191522
-2.791617 2.712073 -2.780103
-2.186525 1.444040 -2.741575
-2.225823 1.385787 -2.728787
-2.270858 1.357437 -2.733459
-1.081827 2.058664 -0.878308
-1.095629 2.079690 -0.859933
-1.070585 2.070635 -0.844564
-0.444790 2.039166 -0.851407
-0.457494 1.463752 -0.221516
-0.468119 2.079138 -0.199914
-0.462930 2.680786 0.441273
-0.437452 2.635521 1.666865
-0.407196 2.010024 -0.279698
-0.375727 1.994769 -0.342355
-0.336705 1.390053 -0.364420
-0.305772 1.393351 -0.361139
-0.917425 0.757642 -1.052440
-1.488774 0.736039 -1.129241
-0.895623 0.750224 -1.167873
-0.892545 0.139063 -1.159838
-1.496962 0.706425 -1.134241
-1.495385 0.660533 -1.152685
-1.472637 0.657450 0.096687
-1.430252 0.686747 0.085703
-1.405580 1.936318 -0.489503
-1.425461 1.937192 -0.445950
-1.466068 1.964263 0.831285
-1.486696 2.024374 0.176110
-1.474771 2.080452 0.199018
-1.474588 1.457579 0.241168
-1.509689 1.455139 0.263464
-1.543399 0.850784 0.244851
-0.916270 1.497655 1.458459
-0.858035 1.500889 1.445513
-0.827527 1.490374 1.424675
-0.858087 1.576005 2.004056
-0.903173 2.926314 1.933615
-0.904390 2.372590 1.239903
-1.466455 3.647683 1.215515
-2.024978 3.015345 0.601078
-1.459480 2.348165 -0.048287
-0.887891 2.978831 0.562387
-0.935705 3.012515 0.546637
-0.915267 3.654192 0.524243
-0.928179 2.353273 -0.116782
-0.990500 2.392962 0.477974
-1.109256 2.457650 0.500922
-1.178042 3.121704 0.531350
-1.197095 3.710278 0.551056
-1.191475 3.638509 0.557738
-1.192129 2.981582 0.569855
-1.197446 3.607328 0.596184
-1.175231 3.601646 0.607412
-1.127707 2.926128 -0.659251
-1.108516 2.882645 -0.664856
-1.136180 2.243284 -0.030423
-0.587125 2.911932 0.668808
-0.630176 2.253987 0.702422
-0.651121 2.239421 0.710098
-0.681784 2.855766 0.707061
-0.727424 0.916229 0.713228
-0.747589 1.565693 0.716088
-0.716781 1.603078 0.697719
-0.679576 1.614842 0.663281
-0.686336 0.955406 0.633521
-0.734831 0.909272 0.630485
-0.775584 1.561510 0.047788
-0.770886 1.588424 0.081851
-0.753118 1.565490 0.101199
-0.759289 1.497241 0.125529
-0.762757 2.087588 0.793790
-1.358195 2.037404 0.813602
-0.644606 1.321357 -0.478559
-0.584442 1.281292 -0.557405
-0.576420 1.230361 -0.012276
-0.595739 1.211266 -0.038940
-0.615771 0.593688 0.558464
-1.217508 -0.011061 0.502899
-1.246910 1.879971 0.480459
-1.273785 1.216733 -0.729332
-1.271932 1.192144 -1.339925
0.016272 0.569943 -1.322989
0.088056 0.585657 -1.332350
0.162783 1.169470 -2.009827
0.211773 1.130366 -2.009482
0.219000 1.129389 -1.954090
0.185648 0.580650 -1.891581
0.734122 0.632883 -1.851214
0.685619 1.271421 -1.812461
0.669412 1.267089 -1.736919
0.681328 1.935920 -1.652727
1.985172 1.975420 -0.956420
2.630932 1.986365 -0.979109
2.017588 1.969377 -1.036321
2.670130 1.957655 -1.074665
2.693230 1.960600 -1.099539
2.667925 1.965617 -1.158641
2.614232 2.600473 -1.246263
2.585319 2.593712 -1.305147
2.602735 2.549613 -1.960572
2.636013 2.506744 -1.958257
2.643379 2.488469 -1.965666
2.649353 2.486722 -1.982351
2.701505 2.473578 -1.990071
3.438812 1.795194 -1.978200
3.502973 2.439811 -1.960519
2.832281 3.098620 -1.970079
1.496994 3.135168 -2.011665
1.467126 3.142971 -2.044205
1.480420 3.116025 -2.043218
1.483859 3.154608 -2.008443
1.445768 3.221487 -1.314175
1.422043 3.265793 -1.300522
1.448811 2.643042 -1.294788
1.497381 2.637027 -1.265416
2.154097 2.709516 -1.222148
2.718074 3.438742 -1.224022
2.009213 2.842107 -1.269284
2.010036 2.847196 -1.308822
1.524628 2.850572 -1.308222
1.523051 2.897922 -1.288244
1.498265 2.317091 -0.662938
0.215893 2.946978 -0.675762
0.320441 2.921463 -0.664908
0.433008 2.934391 -0.611461
1.086756 2.970341 -0.570964
-0.157326 3.606088 -0.587018
0.504219 4.186023 -0.623989
-0.076271 4.152108 -0.608345
-0.699441 4.137151 -0.551134
-0.702728 3.456826 -0.517614
-1.914633 3.398573 -1.181937
-1.933264 3.322554 -1.181783
-1.908835 3.283295 -1.141231
-1.854982 3.296367 -1.066734
-1.815353 3.310745 -0.465766
-1.802667 3.299566 -0.525657
-0.568409 2.639462 -0.552515
-0.560210 1.360914 -0.505742
-0.537106 1.373034 0.186550
-1.212260 1.356113 0.171115
-1.225711 1.956518 -0.562562
-1.244884 1.914526 -1.233795
-1.876570 1.282717 -0.588432
-1.197615 1.959625 -1.256429
-1.189740 3.244380 -1.292902
-0.634738 3.253746 -1.357688
-0.692384 2.665922 -0.754502
-0.709632 3.365345 -0.721495
-0.053221 2.793208 -0.076330
-0.655450 2.813931 -0.764809
-0.703772 2.852504 -1.457417
-0.780180 3.472102 -2.095888
-1.447243 3.480073 -2.054589
-0.777008 3.479481 -2.042375
-0.777308 3.468939 -1.502342
-0.216797 1.589943 -0.945545
0.378059 1.572760 -0.966913
0.367316 0.946625 -0.934681
0.410430 1.588206 -0.907047
-0.202318 2.192155 -0.917940
-0.236561 2.130997 -0.939104
-0.933015 2.695594 -0.931133
-0.934830 2.644343 -0.256101
-1.547111 2.639548 -0.851413
-1.522368 2.651051 -0.865541
-0.884515 2.672652 -1.532618
-0.922770 2.698739 -1.536232
-0.271616 3.344532 -0.857682
-0.238937 3.398468 -0.779729
-0.243166 3.425692 -0.759328
-0.309171 2.743248 -0.796376
-0.369910 2.679908 -0.812880
0.183547 2.649064 -0.767150
0.216987 2.685475 -0.729576
0.237181 2.761590 -1.390476
0.218076 2.786523 -1.519405
0.823261 2.798434 -2.243405
0.821012 0.370678 -0.267208
1.433919 0.372943 -0.233380
0.768557 1.032786 -0.284637
0.770308 1.027610 -0.379704
0.179008 1.651313 -0.394761
0.216426 1.614511 -0.954714
1.500793 0.997147 -0.283629
1.495000 1.614089 -0.309681
1.473979 1.719029 0.954677
1.455969 1.727654 0.338898
1.438418 1.678866 -0.236573
1.415930 1.060605 0.470861
0.763318 1.102124 0.497678
1.987781 1.127382 0.548047
1.994469 2.332657 0.623300
2.024309 2.230728 0.672098
1.452678 2.199045 0.669416
1.487590 2.246780 0.633798
0.886270 1.698522 1.275711
0.900175 2.270816 1.906763
0.902811 2.201487 1.870042
0.900279 4.022596 2.439429
0.899304 4.055629 1.175624
0.269702 4.071508 -0.069434
0.293482 4.030867 -0.009535
-0.279685 3.973104 -0.017390
-0.244122 3.364837 1.183337
-0.222249 4.043761 1.157280
-0.221367 4.100710 1.204258
-0.250502 4.126268 0.600042
-0.301534 2.841811 0.564302
-0.361917 2.899672 0.509104
-0.426171 1.698253 0.506133
-0.501834 2.352842 0.552760
-0.585078 2.373051 0.573482
-0.632286 2.379563 1.825702
-0.014244 1.764992 1.135320
0.008300 1.114292 2.345061
0.617808 1.113428 1.117571
0.569992 1.093891 0.466736
0.543573 1.064045 0.422748
-0.087386 1.038779 0.388762
-0.071276 1.680604 0.367429
-0.100868 2.293956 0.337832
-0.143729 2.279752 0.304741
0.490084 2.249770 0.280703
0.579653 2.234785 0.238965
1.932746 2.181014 0.202737
1.918698 2.794716 0.167296
1.853716 2.799643 0.832838
1.852665 2.830094 2.040547
1.913533 2.858519 2.048139
1.924559 1.578525 2.047444
3.061744 1.601119 2.054662
3.005473 1.633059 2.100141
3.042356 1.655337 2.161492
3.773109 1.633329 2.207398
3.814255 2.280506 2.832477
3.793965 2.286128 2.184333
3.784155 2.303483 2.174234
3.844267 2.324765 2.834938
3.897332 1.728308 1.685318
3.228809 1.122590 1.679199
3.120924 1.149554 0.440604
3.061058 1.179294 0.422752
2.473825 1.206813 1.683650
2.528029 1.876485 1.716431
2.513144 3.106080 1.694766
2.454577 3.104203 0.991251
3.683105 3.099740 0.961520
3.757397 4.315609 0.377643
3.787967 3.050664 0.451329
3.087110 3.043478 0.461771
3.626387 2.454918 0.445128
2.340884 2.499976 1.117222
3.027099 3.160325 1.206565
2.462478 3.123459 1.273073
2.445854 3.141099 2.511496
2.416940 3.149407 2.484732
2.451545 2.507102 2.499121
2.517015 3.144736 2.549352
2.526493 1.817749 2.574764
3.098042 2.406536 2.566299
3.048259 2.376249 3.201742
2.437635 2.367023 3.240999
2.486017 2.361169 3.280665
2.512829 2.339878 3.937592
2.519101 2.332689 3.281476
2.552563 2.364779 3.262622
2.624428 2.415473 3.258095
2.681816 2.440642 3.225469
2.675724 2.419014 3.162875
2.623162 2.405263 3.117174
2.559823 2.437530 3.121547
3.724216 3.818931 3.126673
3.045691 3.208617 2.461929
3.022553 3.795914 2.417656
3.654579 3.774051 2.409741
3.614340 2.504351 1.781091
3.609556 3.277222 1.116619
1.746085 3.285975 1.077797
1.747213 3.227846 1.666179
2.952341 2.506048 1.701191
2.903551 1.887573 1.762697
2.216372 1.890029 1.777999
0.978564 1.860134 2.394600
1.063634 2.482756 2.394203
1.135736 2.480565 1.157748
1.173075 2.538714 1.188511
1.766640 2.615462 1.171736
0.555721 3.977358 1.773663
0.623014 4.574043 1.790480
1.297603 3.943179 2.476176
2.558508 3.320570 2.483488
2.540098 2.673361 2.475774
2.555797 4.017248 2.466727
2.609220 4.096756 2.484788
2.639337 4.080438 3.136793
2.013186 3.312894 2.435683
2.000310 2.088209 2.368689
1.998403 2.068135 1.065940
1.321880 2.066293 1.055305
1.303713 1.493206 1.055988
1.270365 0.815364 1.048824
-0.045459 0.795739 1.028139
-1.320893 0.795081 0.997642
-1.339232 0.136968 0.966346
-0.021196 0.127451 0.955758
0.016929 0.091973 0.956665
0.670867 0.044741 0.340874
-1.173347 0.022112 -0.259259
-1.186429 0.028648 -0.248131
0.123803 0.701478 -0.225049
0.097887 0.752072 -0.174154
0.084161 0.767269 -0.750052
0.018054 1.359255 -0.698221
-0.058405 1.986578 -0.671574
-0.082994 1.987629 -0.646060
-0.068605 1.373848 -0.619660
-0.079572 1.999590 -0.601256
0.503936 1.334437 -0.590749
0.474739 1.309399 -0.564724
-0.100560 0.705699 -0.513689
-0.067667 0.731857 -0.454252
0.565725 0.772855 -0.424328
0.523145 0.795258 -0.431232
0.502660 0.792795 -0.437726
0.539772 1.999403 0.895113
0.574601 2.042665 2.091930
-1.309714 2.050558 2.056889
-1.334227 2.018826 1.999874
-0.670555 1.389893 1.970268
-0.600469 0.794169 1.974700
-1.192012 0.808363 1.985377
-1.240737 2.056380 1.980232
-1.282336 1.426684 1.310006
-1.905442 1.434799 1.945113
-1.244929 1.432154 1.348554
-2.522580 2.003781 1.356081
-4.377203 1.938884 0.098436
-4.363620 1.292033 0.094856
-3.704415 1.309298 0.118978
-3.697413 0.724793 0.141220
-4.381525 -0.501826 0.141382
-4.438505 -0.533715 0.745862
-4.432141 -0.546596 0.764210
-3.023989 -0.553331 1.449572
-3.004331 -0.590332 2.093082
-4.288229 -1.933210 1.439700
-4.275246 -1.994310 1.406802
-4.237352 -2.696017 1.393344
-4.212466 -2.684273 2.034304
-4.246105 -2.651108 2.044181
-4.305565 -2.645882 1.418152
-4.351957 -2.671877 2.080732
-3.683583 -1.421609 2.115148
-2.390791 -1.389243 2.140151
-2.323378 -1.360673 2.150665
-1.645103 -0.717684 2.131602
-1.619626 -1.407470 1.491577
-1.615219 -1.397890 0.822255
-1.635373 -0.719595 0.808868
-1.666826 -0.668036 0.791273
-1.697812 -0.618759 0.764844
-1.721126 -0.573557 0.739693
-1.734469 -0.555616 0.724090
-1.718286 -0.567688 0.721672
-1.674833 0.094972 0.716154
-1.635096 -0.574300 1.328906
-1.008585 -0.572482 0.622422
-1.640801 -0.594667 0.606413
-1.659953 -0.628507 0.611175
-1.659321 -0.631902 0.619524
-1.652936 0.036245 1.235525
-1.664540 0.072009 1.250795
-1.675938 0.040398 1.276561
-0.333261 -0.032223 1.297118
0.380978 -0.067470 1.299139
0.465884 -0.044195 1.923831
0.512262 -0.023584 1.877153
1.780595 -0.050952 1.219692
1.737950 -0.095242 1.204841
1.774364 -0.083581 3.060910
1.215532 -0.011079 3.077033
0.518996 1.219577 3.102553
0.461164 1.871918 2.476897
0.431001 3.169844 2.471342
0.474178 2.531262 3.110731
1.170362 1.857011 1.792058
1.155305 1.824373 1.773090
1.071346 1.787385 1.746833
0.390841 1.765324 1.733534
0.356477 1.785868 2.393512
0.916660 1.223790 2.428691
0.846202 1.257056 3.717567
0.766703 1.919396 3.713010
0.735720 1.919101 2.502510
0.760279 1.900047 2.499475
0.786246 1.846293 2.512929
0.761587 1.134571 1.927203
0.712357 1.078804 1.905768
0.743237 1.056369 1.886452
0.741640 1.073407 1.909787
0.713093 1.111973 1.963969
0.647426 1.167552 2.004141
-0.061604 1.876616 1.995597
-0.045927 1.252417 1.968647
0.615608 1.865346 1.976665
0.625312 1.178656 2.015914
0.575691 2.404243 2.032639
0.521833 1.729075 2.013279
0.523780 2.299507 1.998145
-0.687938 2.251517 2.014234
-0.665769 2.245024 2.042838
-0.082074 1.060501 2.047061
-0.114411 1.082894 3.873887
-0.093536 1.062810 3.843722
-0.018154 1.011089 2.580427
-0.613371 0.333142 2.560519
-1.264424 0.303909 3.138805
-1.295870 0.877041 3.767528
-1.273160 1.414073 3.759912
-1.211026 1.333284 3.749084
-1.181230 1.314086 3.735132
-1.802437 1.363924 3.126957
-1.803853 1.435668 1.874133
-1.761493 1.479291 1.197924
-1.723371 1.490591 1.149986
-1.733776 1.488834 1.130167
-1.773342 1.487814 1.755029
-1.781387 1.493305 1.759406
-0.472036 1.488141 2.325760
-0.444959 1.458565 2.918492
-0.439996 1.436406 2.916732
0.246504 1.454703 2.926746
-0.312229 1.506479 1.746698
-0.239592 1.546992 1.680794
-0.890802 2.163053 1.619189
-0.883268 2.805419 1.601939
-0.850183 2.819276 1.612367
-0.870583 2.851456 2.260238
-0.190137 2.861895 2.240526
-0.227846 1.615849 2.224983
-0.275757 1.015590 1.615671
-0.280823 1.088993 1.682105
-0.270526 1.194786 1.731264
-0.309908 1.278076 1.123200
0.256915 1.300123 1.102177
0.187240 1.271212 1.088440
0.153406 1.860297 1.716696
0.769704 1.849926 1.091766
0.720643 1.844586 1.101229
0.668604 1.805931 1.097501
0.647145 1.745691 1.121139
0.654049 2.917689 1.148175
0.648777 2.945620 1.184472
0.004284 2.994060 0.610774
-0.662047 3.009239 -0.085565
-0.612627 2.976574 -0.150577
-0.570294 2.939093 0.433593
0.081243 2.939676 1.056905
0.061328 2.975351 1.083038
0.050646 2.993968 1.099231
0.086865 2.980807 0.461983
-0.512658 2.992437 0.464002
-1.138151 3.066890 1.080861
-1.178155 3.152247 1.727531
0.048528 2.548108 -0.113381
0.100672 1.904084 0.441819
0.166503 2.514012 0.383464
0.186212 1.243661 0.354928
0.162188 -0.000085 0.367002
0.164044 0.616596 0.383834
0.195225 0.582465 1.031256
0.208482 0.578277 1.668728
0.164994 0.601591 1.651258
0.091435 0.634273 1.621353
0.063354 -0.044164 1.575893
0.103175 -0.075279 2.761315
0.161544 -0.700534 3.947458
0.159027 -0.009241 4.537754
-0.534302 0.043125 5.138856
-0.528217 0.052264 5.154943
-0.449351 0.047680 4.570577
-0.998535 0.068563 4.602826
-0.425983 0.140444 4.591552
-1.170393 0.223429 4.573557
-1.185005 0.261130 4.574351
-1.116395 0.279770 4.599057
-0.441304 0.311130 4.621580
-0.496511 0.375068 4.029298
-0.572692 0.433492 4.714307
0.053838 -0.225313 4.792575
0.122404 -0.211269 4.180146
-0.472067 -0.215663 4.221223
-0.534292 -0.198386 4.226869
-0.612169 -0.171250 3.590688
-0.613420 -0.174950 3.549215
-0.566941 -0.240800 3.482507
-0.544184 -0.275552 3.419965
-1.242136 -0.315422 3.387427
-1.272716 0.385796 3.382686
-0.636439 0.373967 3.373004
-0.572260 0.315841 3.342925
-0.517945 -0.473413 3.309760
-0.518266 -0.511041 3.928631
-0.540492 -0.500442 3.901047
