0.937084 -3.539245 0.649405
-0.225186 -3.511579 1.281155
-0.179599 -3.462153 1.373101
-0.166435 -2.803180 2.091632
-0.160666 -3.398025 2.064629
1.192975 -3.381543 1.989015
1.249744 -3.382664 1.960131
3.166395 -3.381714 2.641399
3.168363 -3.371918 2.643590
3.145482 -3.356140 2.570846
3.160017 -3.309396 1.845831
3.208391 -2.703687 1.819368
3.230527 -2.716352 1.878899
1.919261 -2.720553 1.951903
1.897236 -2.701359 1.957777
1.853546 -2.690528 1.940131
1.879307 -2.705495 2.648403
1.874576 -2.729686 2.723354
1.839308 -3.335559 3.374669
1.824754 -2.717412 3.304888
1.848816 -2.742253 3.250464
0.028299 -2.789177 3.251245
0.014488 -3.418073 1.844822
0.579520 -3.420900 1.828639
0.564155 -3.407265 2.460421
0.582147 -3.403787 2.514358
0.591152 -3.976659 1.939504
1.212419 -3.935519 1.269762
1.182755 -3.890558 1.205786
0.561747 -3.857866 1.169273
0.616249 -3.850348 2.460624
1.303438 -3.857928 2.497481
1.345675 -3.872859 2.462355
1.373604 -3.873295 2.427478
1.404354 -4.511612 2.496989
1.452230 -4.539458 1.369696
1.480846 -2.556821 1.438513
1.385585 -2.572886 1.394315
1.355806 -1.414454 1.358903
1.337795 -1.523890 2.673229
1.326373 -0.851632 2.105470
1.314329 -0.943764 2.098292
1.291508 -0.980549 1.998519
0.643965 -0.393001 1.948433
0.598201 -0.371953 2.021402
0.576392 -0.982695 2.129029
0.569221 -1.012296 2.774278
1.212755 -0.399775 2.669863
0.513744 -0.392777 2.609777
0.459356 -1.026396 2.635821
0.418474 -1.064156 2.658750
0.424666 -1.695692 3.212800
0.454487 -1.659861 2.457795
0.462719 -1.622381 2.416486
0.440480 -1.596736 2.491503
0.416965 -1.569618 2.576513
0.428548 -1.524353 2.549195
0.466385 -2.074852 1.864418
0.480632 -1.417516 1.872921
0.454811 -2.067564 1.926174
0.443724 -2.089130 2.524734
-0.120449 -1.494630 2.477172
-0.027493 -1.517805 2.448318
0.034953 -1.560301 2.469700
0.043049 -0.992370 2.514161
0.033228 -1.015499 2.507569
0.062598 -1.027393 2.487366
0.118000 -0.420646 2.489984
0.131101 -0.463236 2.527393
0.099946 -0.460429 2.551838
0.053860 -0.425210 1.348166
0.060042 -1.020783 0.660587
0.112360 -1.039462 0.626442
0.139345 -1.678895 1.310577
0.111453 -1.597213 1.379749
0.061853 -1.479093 2.007868
0.076286 -2.020427 1.951768
0.117285 -2.040288 1.909069
0.118965 -2.069442 1.962013
0.066314 -1.437451 2.025931
0.013864 -1.383408 1.983571
0.035322 -1.384212 1.848374
0.093788 -1.459409 1.791169
0.116567 -1.531742 1.882102
0.085233 -1.527493 2.001291
0.070346 -1.465041 2.005435
0.099189 -1.424415 1.902057
0.126748 -1.449260 1.166839
0.100923 -1.491312 1.224222
0.022901 -1.484471 1.319646
1.219577 -1.456288 1.327247
1.219904 -1.462595 1.252782
1.262796 -1.509990 1.876222
1.279033 -2.730281 1.298472
1.269270 -2.689054 1.422867
1.271509 -2.626325 1.467894
1.317201 -2.575030 1.418089
1.381617 -1.925994 1.360004
1.391556 -1.924010 2.648770
1.345677 -1.927726 2.055938
1.303272 -1.938266 2.060756
1.328111 -1.325340 1.355782
0.754826 -1.356289 1.961976
0.773025 -1.388095 1.973269
-0.555236 -1.407055 1.286804
-0.579152 -2.663091 1.901409
-0.550119 -2.676926 0.667251
0.155236 -2.700700 0.686958
0.144056 -2.731913 1.295924
0.100956 -2.090956 1.270859
0.725332 -2.083468 -0.071873
0.761912 -2.071228 -0.102104
1.413602 -2.075913 -0.718890
1.376365 -2.081001 -0.075626
1.313269 -2.035972 -0.100819
0.657375 -1.283954 -0.138588
0.703057 -1.186867 -0.806202
0.715193 -1.143089 -0.829612
0.648455 -1.174446 0.446839
0.573006 -1.212453 1.095581
0.579206 -1.222748 0.441863
0.637657 -0.532160 0.369624
0.032966 -0.506266 0.312403
-0.035507 -0.514754 0.345779
-0.098404 -0.545811 -0.250290
-0.052170 0.103581 -0.232824
-1.313187 0.103167 0.369272
-1.920121 0.089185 0.970428
-1.916733 0.050599 0.992481
-1.903081 0.014550 1.035380
0.101846 -0.009627 1.072955
-0.467390 -0.013747 1.087625
-0.458607 -0.024087 1.111898
-0.468182 -0.035345 1.167903
-0.447925 0.619025 0.581564
0.209192 1.230403 0.608548
-0.372959 0.575684 -0.040904
-0.326299 0.555416 0.577297
-0.310058 0.485619 0.553814
-0.277731 0.402046 1.808056
-0.223220 0.374909 1.764568
1.068336 0.396025 1.067568
1.721466 0.423039 1.035867
2.913228 0.419860 1.689526
2.850784 -0.794912 1.725727
2.850200 -1.435145 1.717496
2.893182 -1.402158 1.691477
2.896910 -1.957606 2.350090
2.844578 -0.731000 2.351532
2.800758 -0.769268 2.361674
2.808462 -2.631432 2.349306
2.200888 -2.602719 2.317405
2.151384 -2.583993 2.307157
2.660613 -2.588825 2.355185
2.607264 -2.585968 3.085886
1.980959 -2.570951 2.515285
2.654077 -3.193828 1.883430
2.645088 -3.252038 1.872163
2.609450 -3.940582 3.152819
1.392639 -3.995533 3.170267
1.394588 -4.025411 3.155603
1.407485 -2.770053 3.104739
1.387978 -2.793381 3.079174
1.342333 -3.455536 3.085145
1.333379 -3.444747 3.115623
1.392588 -2.779306 3.096256
1.470379 -2.760287 3.019127
2.695075 -2.803010 2.332665
2.048137 -3.493155 2.296114
2.040571 -3.533060 2.261438
2.096584 -2.293917 2.182484
2.829173 -2.262901 2.117904
2.832137 -3.554529 0.866130
2.765940 -3.607237 0.893120
2.731858 -3.620859 0.908206
2.783564 -3.555451 0.888201
2.858356 -3.475634 1.545314
2.860709 -3.474252 0.992248
2.786119 -3.569784 1.056771
2.725836 -3.652010 1.759037
4.736990 -3.626595 1.688233
4.759908 -4.173131 0.992366
3.372085 -4.158053 1.746778
3.274840 -4.218045 2.462082
1.994036 -4.253861 2.468406
2.040317 -4.204057 1.818355
2.058095 -3.482722 1.797143
2.018049 -4.120834 2.460090
1.974788 -3.543762 2.481182
1.975442 -3.620323 1.827050
2.015289 -4.269200 1.782440
2.038327 -4.271091 1.784700
2.025232 -4.276987 1.804624
2.573266 -4.294918 1.786405
1.371490 -3.640532 1.101135
1.396781 -3.591572 0.468317
1.401763 -4.750616 0.566586
1.394482 -5.985136 0.639850
1.417764 -5.990124 0.565636
1.468863 -5.990769 1.678304
1.499389 -5.366729 1.706322
1.486975 -5.358774 3.038977
1.463644 -5.361705 3.073683
1.467529 -4.757460 3.040142
1.479349 -4.746579 2.981557
0.863479 -5.354893 3.605552
0.835346 -5.346684 3.657351
0.820871 -4.712938 3.687623
0.841434 -5.330275 3.646473
0.851150 -5.280347 2.864435
1.464269 -5.268011 1.668416
1.449688 -3.986904 1.666322
1.461474 -3.969696 2.268223
1.476091 -3.931526 2.213410
1.457075 -3.286384 1.504736
1.410562 -3.309547 1.494667
1.377399 -2.675944 2.154380
1.400547 -3.301874 2.144733
2.040675 -3.276833 1.454731
1.376150 -3.288464 1.486357
-0.030096 -3.350469 1.543995
0.001179 -3.423505 2.262359
0.036945 -3.498141 2.891860
0.078451 -3.477977 0.931997
0.068068 -3.455067 0.989585
0.058991 -3.451948 1.072063
0.614628 -3.460009 1.083824
0.595972 -3.430076 1.015895
0.540854 -3.352945 0.981525
0.467772 -3.284607 1.033735
0.423926 -3.273260 1.116416
0.422032 -3.296284 1.131454
-0.162957 -3.274995 1.064243
-0.139450 -3.217590 -0.205653
-0.135839 -3.175632 -0.184805
-0.138387 -2.555845 0.431270
-0.120874 -2.573363 0.392670
-0.074414 -3.226356 -0.293233
-0.033153 -3.167279 -0.333927
-0.049798 -2.504534 0.347962
-0.081109 -2.576052 1.062279
-0.671231 -2.626116 1.745895
-0.619196 -3.286161 1.041923
-0.565611 -3.273248 1.000897
-0.560782 -3.317763 1.670216
-0.585690 -2.782597 1.720251
0.030681 -2.201898 1.643331
0.073608 -2.138208 0.910045
0.089660 -2.735128 0.867792
0.056571 -2.730165 2.191560
0.016145 -2.787017 1.696216
0.013216 -2.234631 1.693619
0.030007 -2.235882 1.614153
0.030137 -2.218277 1.591705
-0.002430 -2.252763 2.267376
-0.030145 -1.649386 1.644872
-0.012428 -1.685969 1.600817
0.029082 -1.652256 1.505761
0.039927 -1.607744 0.858106
0.006612 -2.275139 0.949050
-0.015499 -2.357357 1.744870
-0.606828 -2.420071 1.160441
-0.573321 -1.794478 2.327469
0.070238 -1.796660 1.675512
0.021297 -1.838112 1.728308
-0.010150 -1.879020 1.756440
0.024045 -2.489528 1.716158
0.074230 -2.413859 1.649909
0.078730 -2.339917 1.088563
0.030449 -2.296835 1.780013
0.005305 -2.917131 1.850794
0.028027 -2.238345 1.868419
0.053059 -2.191661 1.191511
0.057921 -2.167062 1.186004
0.030673 -2.169385 1.221970
0.009553 -1.482478 0.602167
0.030071 -1.482920 0.551716
0.686451 -1.491986 1.100477
1.342889 -2.162584 1.071615
1.312478 -2.146728 -0.106937
1.259145 -2.140335 -0.077411
0.610359 -2.173384 -0.088300
0.627481 -3.466955 -0.112079
0.654451 -3.534838 0.663199
0.638887 -3.600089 0.667464
-0.042643 -2.978258 0.633440
-0.066166 -3.021983 0.576544
-0.032181 -1.802732 1.208692
0.017907 -1.179085 1.216126
0.016771 -1.748267 1.224216
-0.027703 -1.706241 1.223311
-0.066213 -2.333698 1.226659
-0.057220 -1.672287 1.291413
-0.024806 -1.019573 1.355261
-0.013091 -1.646228 0.725776
-0.037305 -1.650453 0.075027
1.227496 -0.991148 0.073704
1.276263 -0.951973 0.105357
1.328180 -1.550704 0.128531
1.333267 -1.521009 -0.509988
1.318868 -2.119033 0.089652
1.338050 -1.468928 -0.557414
1.372206 -2.117344 -1.219579
1.366402 -2.162046 -0.607617
1.331309 -2.250006 -0.027499
1.322131 -1.716894 -0.080840
0.134633 -1.739282 -0.782611
0.155698 -1.072985 -0.129476
0.122900 -1.027064 -1.460814
-0.570298 -1.022109 -2.144543
-0.587878 -1.047199 -1.531205
-0.589659 -0.397945 -1.500926
-0.599405 -0.408938 -1.469953
-0.009350 0.224784 -0.873097
-0.072628 0.148741 -0.883740
-0.099590 -0.571100 -0.855551
-0.083904 -0.602734 -0.806030
-0.056163 -0.581252 -0.773788
-0.065458 -0.548686 -0.752450
-0.084861 -1.909977 -1.391124
1.170475 -1.918534 -2.008172
-0.095675 -1.946613 -1.343945
-0.054945 -1.947016 -1.343349
-0.012249 -1.912610 -2.643214
-0.640702 -1.890049 -1.291462
-0.020308 -3.145686 -1.271142
-0.030203 -3.850804 -1.241805
0.026582 -3.236260 -0.563251
0.772661 -3.771960 0.038973
1.441722 -3.638165 0.020188
1.411140 -2.971249 -0.599905
0.730660 -2.379084 -0.591203
0.105695 -2.369576 -0.612616
0.148601 -2.305258 -0.615600
0.790671 -2.311080 -1.212281
0.754649 -2.438881 -1.224357
0.727658 -2.560912 -0.579877
0.763159 -2.572174 -0.580966
0.798717 -1.845679 -0.610051
0.799013 -1.809406 0.047914
0.772817 -1.176424 0.041346
0.776686 -1.818585 0.048660
0.190839 -1.198378 0.035938
0.869994 -1.195730 -0.004607
0.308002 -1.858902 -0.057843
0.307051 -2.574611 -0.082989
0.289958 -2.621184 -0.718195
-0.413362 -2.602646 -1.339489
-0.435830 -2.556549 -1.323638
-0.475320 -2.526692 -1.327228
-1.781669 -2.491964 -0.051183
-2.436075 -2.439364 -0.023462
-2.431668 -2.403502 -0.560184
-1.150414 -2.444055 -0.460776
-1.189168 -3.181641 -0.469546
-0.580258 -3.300784 -0.534922
0.060064 -2.676882 -0.546522
2.577112 -2.649945 0.137526
3.225807 -2.678728 0.158455
3.257632 -2.752392 0.100660
1.996691 -2.765144 0.014082
2.064448 -2.706346 -0.030870
1.451647 -3.848661 0.624982
1.446376 -5.104325 0.639144
1.440672 -5.178214 1.209629
1.443808 -5.222371 0.519883
1.429198 -4.531716 1.787485
2.045682 -3.869225 1.810866
2.051042 -3.848223 1.238032
2.128582 -3.849599 1.244171
2.140974 -3.823000 1.915947
2.115367 -4.397093 1.244585
2.075140 -4.351814 1.245472
2.082959 -4.347796 1.271686
1.398625 -4.391258 1.330619
1.376567 -4.420777 1.413929
1.329595 -3.830486 1.464189
1.917860 -4.468532 1.451537
1.252675 -4.470284 1.418940
1.933985 -4.483699 1.413525
2.615662 -4.470561 1.432004
2.645254 -4.423327 1.427101
2.617106 -4.377821 0.772241
1.950291 -3.703682 0.767606
1.951797 -3.091477 0.789813
1.976453 -3.120670 0.828923
1.981086 -3.102293 0.840271
1.311140 -3.068260 0.817049
0.600543 -3.661872 0.789467
0.576959 -3.706146 0.776264
0.621491 -3.741678 0.760964
0.659520 -3.727045 1.360205
-0.038839 -4.308685 0.095187
-0.035677 -3.688885 0.096625
-0.005609 -4.362147 0.143338
0.046117 -4.366158 0.844888
0.080849 -4.935108 0.220319
0.074430 -4.272292 0.207554
0.060967 -4.260226 0.207259
0.081184 -4.886264 0.836058
0.759046 -4.849784 0.831381
0.803425 -4.155263 0.812032
0.196936 -3.436891 -1.074808
0.844408 -3.417582 -1.055744
0.214945 -3.417927 -1.017620
0.185034 -3.398514 0.193891
0.174898 -3.367369 0.206211
0.167845 -4.014043 0.864302
0.159496 -4.021731 0.297022
0.136488 -4.055336 0.321261
0.111099 -4.676024 0.312586
0.105637 -4.638041 1.583792
-0.454522 -4.580881 1.611773
-0.437398 -3.938874 1.609819
-0.454322 -4.623568 1.593405
-0.467379 -4.672748 1.583705
-0.439700 -4.061799 1.583259
-0.389044 -2.210032 1.586041
-0.407235 -2.837814 1.573631
-0.452798 -2.861542 1.565684
0.797833 -2.898152 1.625884
0.822103 -2.296253 1.618208
0.906080 -2.302926 1.568303
0.944640 -2.243258 -0.421785
0.893168 -2.289899 -0.483485
0.159828 -0.479772 -0.501285
0.153694 0.676180 0.161323
0.201831 1.221481 0.179710
0.789944 1.213523 0.187643
0.691749 1.213491 -0.440403
0.596160 0.605378 -0.387661
0.600487 0.546322 0.915288
0.687229 0.526403 1.572364
0.738678 -1.308755 1.570526
0.689055 -1.249068 0.317207
0.630721 -0.601287 0.320757
0.640822 -1.221328 0.380604
0.695290 0.019294 0.419162
1.277536 0.101677 0.416211
1.184799 0.138290 0.397567
1.764697 0.792020 0.408775
1.799742 1.429190 0.425235
0.681439 1.470229 -0.233109
0.707971 2.158379 -0.913343
0.650522 2.778025 -0.980315
0.602363 2.726335 -1.021757
-0.040154 2.686999 -1.058948
-0.033922 1.457534 -1.101404
-0.097457 0.167715 -1.143638
-0.185201 0.155689 -1.175297
-0.206029 0.754548 -0.524878
-0.764839 -0.432425 -0.541897
-0.708229 -0.364706 0.686681
-1.971571 0.239908 0.008589
-2.007274 0.158191 -1.247871
-2.661044 -1.172126 -1.847052
-2.615097 -1.148946 -1.850152
-2.619521 -1.097423 -0.464467
-2.694504 -1.102350 -0.441339
-2.768471 0.223444 0.206565
-2.710420 0.825895 0.849525
-2.648349 -0.430446 0.856755
-1.952657 -0.993023 0.862404
-1.304329 -0.389378 0.867123
-1.313630 0.196629 0.205846
-1.326854 -1.177113 0.186239
-2.696363 -0.554730 0.171499
-3.333419 0.104753 0.186518
-2.695319 1.390322 -0.475685
-2.083305 1.355418 0.801869
-3.374869 1.346959 0.782603
-3.391714 0.753991 1.986158
-3.951775 0.774391 1.980416
-3.827808 0.135343 2.641251
-3.822108 0.104788 2.617087
-3.890795 0.078694 2.564446
-3.905949 1.258856 2.548945
-3.831034 1.202535 2.614683
-3.143696 1.200235 2.694345
-3.187426 1.242885 2.739133
-3.293889 0.663610 4.524590
-4.015889 0.669924 4.537461
-3.969315 0.644537 4.630735
-3.909312 0.025446 4.692821
-3.954623 0.059761 4.649391
-4.687439 -0.521895 4.624067
-4.733865 -0.552911 4.607701
-4.676723 0.007256 4.049837
-3.359339 0.011864 4.084794
-3.351666 0.691997 4.045257
-3.414866 0.737440 3.965263
-3.430625 0.731532 4.561564
-3.341809 0.693112 4.607675
-3.230241 0.684303 3.974518
-3.203245 0.696218 4.551264
-3.263593 -0.541560 3.868532
-2.665883 0.039854 3.854679
-2.622336 1.218555 3.871632
-2.566243 1.212491 3.853289
-2.571592 1.252536 3.793328
-2.636821 0.005557 4.356036
-2.035225 0.018494 3.165416
-1.331518 0.029133 1.807361
-1.281203 0.068199 1.758835
-1.303666 -0.534651 1.771156
-2.019760 0.115453 1.821733
-0.153850 0.153109 1.202107
-0.143573 -0.426187 1.184782
-0.111269 -0.381220 1.188895
-0.760411 -1.001491 1.225747
-1.466506 0.259915 1.239759
-1.467117 0.290063 0.537140
-2.014338 -0.325863 0.527781
-2.557208 0.287165 1.205561
-3.224739 0.903062 1.249522
-2.614737 0.839332 0.618725
-1.997573 0.808191 0.597227
-0.693112 1.423831 0.628259
-0.666455 0.772393 0.712098
-0.747469 0.132363 1.425705
-1.442779 0.075495 0.740797
-1.452108 0.065437 1.929220
-1.381685 -0.511593 1.947247
-1.345214 -0.506692 1.952347
-2.027832 -1.171632 1.899432
-2.051560 -1.203888 1.821509
-1.382595 -1.223553 2.967582
-1.317391 -1.231331 3.007399
-1.315768 -1.878922 3.042507
-1.384973 -1.853486 3.011305
-1.431653 -1.187798 2.958423
-1.407040 -1.827895 2.935824
-1.358374 -1.805867 2.968029
-1.359768 -1.757301 1.709318
-1.401422 -1.054462 2.373919
-1.438504 -1.673988 1.105762
-1.435981 -1.702252 1.144361
-2.067024 -0.462987 1.146684
-1.434202 -0.446987 1.133104
-1.485211 -0.396055 1.162002
-1.547322 -1.024649 1.234530
-1.574778 -1.069392 1.292203
-1.546102 -1.148642 1.293012
-1.498946 -1.159352 1.264730
-1.477454 -1.120768 1.273704
-1.498785 0.178376 1.328765
-1.507194 1.422443 1.995416
-0.809931 2.611518 1.971666
-0.755129 2.546196 1.911131
-1.383607 3.910729 1.893048
-0.835913 4.599771 1.929141
-0.864602 4.577208 1.963891
-0.809976 4.503046 1.939289
-0.739922 3.140297 0.669315
-0.729236 2.582892 0.679576
-0.779324 1.352926 0.727395
-1.447317 1.376130 0.762451
-1.414553 1.392960 0.748970
-1.410678 1.389756 0.714905
-1.482108 1.384005 0.696783
-1.562295 1.392594 0.710307
-1.569232 1.391216 0.728543
-1.502926 1.372473 0.714745
-1.459373 1.324882 0.685890
-1.488912 1.295903 0.668886
-1.520289 1.302140 0.679584
-1.494769 1.305303 0.683225
-0.787578 1.281320 0.656246
-0.798841 1.234265 0.614736
-0.251739 1.870314 0.574281
-0.923855 1.889085 0.561275
-0.891175 1.861383 -0.046343
-1.469191 1.176153 -0.065771
-1.431237 1.111678 -0.100505
-2.091900 1.072809 -0.114476
-1.533549 0.428134 -0.095364
-2.798941 0.419937 -0.070853
-2.174250 1.041464 -0.059874
-3.447862 1.643992 -0.053699
-2.834683 1.627696 0.589099
-2.879339 2.289857 0.630722
-2.907470 1.689889 0.652694
-3.502984 1.692779 0.633443
-3.454881 1.718562 -0.592756
-3.401674 1.125188 -0.605961
-2.756447 1.173777 -0.603946
-2.766244 1.171719 -0.610074
-2.779217 1.141127 -1.307102
-4.042458 1.147018 -1.292477
-4.020417 1.881519 -1.263425
-3.997930 1.303296 -1.243544
-4.009078 1.270536 -1.236125
-4.007619 0.608349 -1.234736
-3.961725 -0.008909 0.046939
-3.891736 0.687201 0.058677
-3.871257 0.739835 0.039396
-3.922633 0.675541 0.011963
-4.623519 -0.064171 0.022238
-4.620553 -0.686311 0.066316
-3.944107 -0.610663 -0.545646
-2.647341 -2.407066 -0.512731
-2.685103 -1.833571 -0.485823
-3.361041 -0.037905 -0.449271
-3.322641 -0.028862 0.242967
-2.611184 -0.582624 0.267138
-2.554545 -0.559131 0.263200
-2.574786 0.038680 0.242299
-2.637079 0.026467 0.234594
-1.396992 -0.570370 0.238353
-2.002201 -0.513969 0.228710
-1.932687 0.204188 0.203366
-1.898853 1.488052 0.171433
-2.533763 1.534164 0.156114
-2.538001 0.333716 0.173358
-1.913050 0.358455 0.196956
-1.890658 0.376626 0.189221
-2.555097 0.367959 0.145554
-2.006188 0.360498 0.720194
-2.116658 -0.242849 1.346567
-2.185056 -0.848593 1.402257
-2.195546 -0.226925 0.782463
-2.836102 -0.244958 0.147765
-1.594846 -0.255587 0.125114
-2.288836 -0.247878 0.789206
-3.576338 -1.557019 0.897148
-3.520878 -1.620556 0.329967
-2.853433 -1.669974 0.944602
-2.894080 -1.682542 0.922239
-2.331772 -1.689114 0.970219
-3.003913 -2.371167 1.028719
-2.980052 -3.057888 1.000629
-3.571137 -2.401655 0.903801
-2.308789 -1.218090 -0.462052
-2.363537 0.049826 -0.446633
-2.438790 1.280062 -0.417401
-2.454817 0.584355 -1.102322
-2.392179 1.175951 -1.186218
-2.340845 1.177838 -1.211302
-2.363851 1.184985 -1.178820
-2.442375 1.166427 -1.154703
-2.461955 1.139935 -1.190824
-1.049006 1.157043 -1.244659
-0.961578 -0.045025 -1.242571
-0.929696 -0.020587 -1.212724
1.004074 -0.033098 -1.218205
1.050662 -0.683856 -1.279140
1.133476 -0.692931 -1.336502
2.425737 -1.304090 -1.331792
1.666592 -1.256670 -1.323861
1.603490 -1.219295 -1.356840
1.658899 -0.565510 -1.409327
1.766212 -1.762192 -1.433827
1.785963 -1.737122 -1.414891
1.702099 -1.099412 -1.405229
0.975966 -1.116025 -1.424263
0.968779 -1.166319 -1.442499
1.003402 -0.601014 -1.430477
0.324358 -1.239739 -0.188307
0.259899 -1.762960 0.491558
0.268789 -1.736290 0.495445
0.338225 -1.725285 -0.138648
0.388655 -1.710964 -0.118135
0.403474 -1.679182 0.528448
0.421849 -1.657024 0.527189
0.460138 -1.680700 -0.135501
-0.179598 -1.755539 -0.785923
-0.209460 -1.825169 -0.811655
-0.234759 -1.194125 -1.462491
-0.205971 -1.194939 -0.786981
0.546852 -1.197240 -0.788067
0.575042 -1.204981 -0.801739
0.563998 -1.196238 -0.820539
0.551969 -1.678611 -0.832206
1.197046 -2.299524 0.392886
1.200185 -2.903891 0.408981
1.159396 -2.958421 0.415510
1.084650 -3.049697 1.038375
1.015562 -3.105007 1.049815
1.585592 -3.087655 1.105034
0.982590 -2.428590 1.174379
1.002177 -1.812126 1.218446
1.013121 -1.852815 1.218634
1.036150 -2.518121 1.220899
1.096299 -0.623572 2.632016
1.163024 -0.588491 2.029557
1.194308 -0.617087 2.018219
0.579047 -0.688756 1.969643
0.596321 -0.736759 1.947093
0.629589 -0.722557 2.619642
0.662286 -0.693373 2.631088
0.684378 -0.671716 2.609537
-0.594771 -0.649582 2.577017
-0.586295 -1.252481 3.225647
-0.570217 -1.220811 3.266510
0.106697 -1.221378 2.629338
-0.521935 -1.242489 2.589389
0.748650 -0.606823 1.899820
0.111328 -0.613985 1.887343
0.121518 -0.615098 1.934520
-0.495983 -0.613665 1.995467
0.131612 -1.176614 2.020647
0.159269 -1.112802 1.368239
-0.447723 -1.050205 1.364384
-0.441141 -1.035295 1.405650
-1.084688 -1.032785 1.420186
-1.087223 -1.012643 1.361767
-1.058216 -0.988719 0.647649
-1.685951 -0.999293 1.241477
-1.695609 -1.042762 2.583432
-2.364409 -1.069484 3.272461
-2.353412 -1.045908 3.251604
-1.654027 -1.004012 2.659490
-1.628912 -1.001147 2.733298
-1.691797 -1.021843 2.799315
-1.735437 -1.599443 2.793933
-0.437423 -1.558640 2.680729
-0.440693 -1.553382 2.033613
0.225405 -1.592481 2.084305
-1.059992 -0.977515 2.121708
-1.084361 -1.562443 2.108664
-1.088843 -2.831516 2.100494
-1.065074 -2.851043 2.800298
-0.398722 -2.879669 2.246952
-0.427124 -2.229285 2.253322
-1.117192 -2.187545 2.195713
-1.154837 -2.178632 2.148662
-1.166439 -2.224195 2.122908
-1.148451 -2.924561 2.094014
-1.174198 -2.946186 2.034603
-1.208216 -2.928531 1.975170
-1.884355 -2.919241 1.981656
-1.874022 -2.950335 1.410391
-1.872300 -2.991144 1.449109
-1.910877 -3.014699 2.051548
-1.969261 -1.709140 3.192801
-1.388954 -1.667883 2.549666
-1.384753 -0.979752 1.366446
-1.365073 -1.005806 1.414875
-1.382571 -1.008936 2.005194
-1.446796 -1.604874 1.950347
-1.509908 -1.595725 1.972016
-1.490897 -1.639992 2.685731
-0.742112 -1.063406 2.760560
-0.726111 -1.082954 2.727637
-0.153743 -1.066400 2.629231
-0.208936 -0.403544 2.580194
-0.175669 -0.391857 2.609958
-0.103281 -0.412483 3.305088
-0.089150 0.190657 3.959180
-0.145300 0.191079 3.219693
-0.185500 0.217181 3.189841
-0.754462 0.205342 2.641123
-0.656704 0.759563 2.721681
0.018923 0.037731 3.376023
-0.015848 0.013011 3.289850
-0.070942 0.017959 3.196611
-0.049959 0.641648 3.753254
0.689175 0.572778 3.116497
0.064783 0.522771 2.478825
0.001990 1.172747 2.426640
-0.782561 1.206848 2.405064
-0.783235 1.207664 3.056785
-0.719023 1.194216 3.110387
-0.702089 1.208086 3.148660
0.476209 1.238588 3.173553
-0.253508 1.239624 3.198299
-0.252232 1.219831 2.550590
-0.177772 0.613986 2.577634
0.472728 0.650871 1.994640
0.389924 0.674518 3.272492
0.307707 0.656354 3.321445
0.326051 0.068001 3.314019
1.050237 0.675290 3.880227
1.741021 1.363658 3.841047
2.333581 2.032467 3.826326
1.630449 1.428109 3.797791
1.054790 1.420796 3.717349
1.817653 1.418784 3.628248
0.521511 2.035285 3.580668
0.414029 1.442382 3.588464
-0.874693 1.414850 3.592598
-0.858916 2.592296 4.158191
-0.199576 2.589696 4.113066
-0.254898 1.947741 4.127958
-0.365159 2.574383 3.553839
0.791645 1.866365 3.610015
0.858844 1.842848 4.920709
0.951966 1.217811 4.922243
0.977856 1.243234 4.954919
0.944794 1.242851 5.016938
0.941529 1.228349 5.063683
0.362982 1.239629 5.083454
1.044251 1.289714 5.109923
1.695933 2.001570 5.152095
1.639337 2.667584 5.170376
1.634537 2.668183 5.141558
1.082335 2.653849 5.095416
1.158730 2.043643 5.088295
1.189518 2.069928 5.118212
0.571569 1.443031 4.503843
0.598204 0.260831 3.164682
1.257767 -0.353624 3.770127
1.251276 0.917336 3.781378
1.816361 0.949752 3.811020
1.165552 0.960045 3.147926
1.173014 0.266520 1.881973
1.814824 0.213540 1.881409
1.776398 0.184333 1.921329
1.740781 0.183835 1.947111
1.093852 0.184352 1.925435
1.131392 0.180183 1.895771
1.145639 -0.470797 1.901896
1.098119 -1.158640 2.559488
1.035839 -1.173703 2.564109
1.024524 -0.571085 2.557412
1.068301 -1.199862 2.577004
1.126300 -0.536414 2.636229
1.137062 -0.542135 2.694175
0.501579 -0.547085 2.091713
0.440279 0.048906 1.413330
0.431318 -0.508927 1.435135
0.469690 -1.102932 1.482698
0.480152 0.175541 1.534579
0.441343 0.824276 1.528929
0.393030 0.160592 2.093584
0.425198 -0.495364 2.100242
0.532581 -0.512632 2.178504
0.612643 0.092130 2.902479
1.221520 -0.534467 2.265545
1.191544 -0.559191 1.557149
1.212364 -1.216240 1.548961
1.281744 0.036798 0.970025
1.304951 -0.569389 1.678646
1.242148 -0.584844 2.297475
1.157092 -0.029971 1.602466
1.157450 -0.101061 0.310312
1.236386 -0.120375 0.935185
1.285513 -0.106275 1.019284
1.237795 0.540253 0.379826
1.135531 -0.114951 0.331781
1.092654 -0.115759 0.293368
-0.173668 -0.045039 0.333735
-0.142158 0.042162 0.969350
-0.192266 0.070263 0.911218
-0.253895 -0.628790 0.836245
-0.231786 -0.015675 0.834318
-0.149477 -0.000869 0.894379
-0.112486 0.029268 0.913694
-0.155002 0.016378 0.831233
-0.194205 -0.703863 0.748463
-0.151432 -0.737308 0.723593
-0.073654 -0.736376 0.785346
-0.048046 -0.091008 1.431363
-0.086578 -0.727409 1.355860
-0.120221 -0.770033 1.319482
-0.103614 -0.149585 2.012159
-0.088774 -1.402114 1.509609
-0.104896 -1.389654 1.529295
-0.132777 -1.384289 1.474456
-0.134677 -0.735610 1.442501
-0.109002 -0.722398 1.498094
-0.100697 -0.699544 1.569420
-0.131006 -1.342848 0.902723
-0.173254 -0.718331 -0.514118
0.424865 -0.703083 -0.590559
0.399308 -1.938678 -0.565297
0.356512 -1.316461 0.129912
0.287857 -1.928548 0.096050
0.243559 -1.337188 -0.607715
-0.359405 -2.016201 -0.597672
-0.320853 -0.765869 -0.508921
-0.320330 -0.098483 0.190091
-0.377475 -0.086995 0.159556
-0.433838 -0.079445 0.112039
-0.449090 -0.078028 0.130888
0.201701 -0.077700 0.806423
0.155795 -0.082475 0.825806
0.104236 -0.727804 1.447905
0.092254 -0.743955 1.438836
0.151615 -0.766846 0.866372
0.246779 -0.781250 0.921953
0.291465 -1.439536 0.916681
0.279119 -2.067647 0.247806
0.279059 -2.086404 -1.706116
0.336291 -2.131959 -0.998988
1.034744 -2.171332 -0.973591
1.055129 -0.830254 -0.983480
1.014960 -0.778475 -1.014019
0.985054 -0.758660 -0.995474
0.386047 -1.407782 -0.269727
0.450956 -1.442092 -0.209192
0.459459 -1.410583 0.440159
-0.236042 -1.326652 1.050773
-0.263507 -0.615094 1.063707
-0.232226 -0.014185 1.104758
-0.198181 0.560983 0.489210
0.382122 0.557119 -0.202528
-0.303839 0.625315 -0.251579
-0.322487 1.314978 1.699115
-0.273872 1.292558 1.064098
-0.219607 0.578457 1.063344
-0.242842 -0.038542 1.026946
-0.306696 0.656789 1.009376
-0.313939 0.683167 1.685186
-0.240784 0.588844 1.744912
0.463147 -0.180873 1.726973
0.432642 -0.857259 1.021086
0.354692 -0.800392 0.980356
-1.467937 -0.770921 0.360053
-1.400767 -0.837600 0.369508
-1.310540 -0.918938 0.940950
-1.295417 -1.573805 1.479003
-1.333366 -2.154368 1.410564
-1.330010 -2.123234 2.043557
-1.238397 -1.546228 2.096493
-1.165476 -1.631976 3.376591
-1.163510 -1.621288 3.327355
-0.550497 -1.526165 3.274678
-0.568461 -1.463109 3.939115
-0.519440 -1.478881 3.360973
-0.483865 -1.513917 2.752874
0.110556 -1.482108 2.111220
0.041163 -1.399876 2.061339
0.015625 -0.121856 1.422997
0.054101 -0.159049 1.489523
0.083271 0.414503 0.987683
0.034442 -0.134895 1.018347
1.152481 -0.061523 -0.245054
1.121217 -0.033841 -0.857600
1.154461 -0.111318 -2.081622
1.151203 -0.126255 -2.018383
1.073084 -0.704652 -2.042754
0.355733 -0.650085 -2.146753
0.362108 -0.674237 -2.237093
0.427313 -0.705512 -0.407118
0.456715 -1.347500 0.938506
0.422742 -0.674013 0.916146
0.390328 -0.637447 0.845326
0.429798 0.651238 0.809790
0.497740 0.617490 0.817255
-0.783445 -0.032523 0.847813
-0.825981 0.659594 0.833203
-0.220347 1.302956 0.797361
-0.216965 1.302502 1.442892
-0.206849 1.254929 1.476509
-0.223547 1.199036 1.528127
-0.897789 0.540813 -0.998598
-0.953007 0.563197 -0.964097
-0.969760 1.224270 -0.936351
-0.981216 1.191882 -1.542225
-1.670490 0.471930 -1.496251
-1.114934 -0.842629 -1.472828
-0.497460 -0.813227 -1.471240
-1.196074 -0.765852 -1.459374
-0.527618 -0.766207 -1.421205
-1.116301 -0.809092 0.504893
-1.106996 -2.159884 1.169578
-1.113957 -1.457982 1.155854
-0.417029 -2.004434 1.154683
-0.373069 -1.959139 1.178205
-0.367818 -1.948918 1.206010
-0.406519 -1.935768 0.571320
0.208118 -2.515213 0.550684
0.251058 -2.475484 0.537813
-0.319460 -1.827558 0.563587
0.406988 -1.859494 0.648321
0.405560 -1.892492 0.015951
0.399551 -1.889708 -0.008441
0.422087 -1.859986 -0.015369
0.445432 -2.462087 0.636359
0.441878 -2.463489 0.648106
0.415178 -2.462848 0.599251
0.414049 -3.764723 0.520127
0.460790 -3.731051 -0.133988
0.515575 -3.732295 -0.089041
0.532447 -3.786152 -0.056502
0.524057 -3.230270 -0.733350
0.539729 -3.229108 -0.746794
0.571028 -3.200953 -1.332358
0.569402 -3.202100 -1.271461
0.513511 -3.221131 -1.269552
0.448489 -3.227028 -1.346226
0.427139 -3.204536 -1.443589
0.444777 -3.190724 -1.480380
0.451377 -3.226322 -1.473664
0.421894 -3.277411 -1.471924
1.058734 -2.075196 -1.498597
0.438025 -2.064219 -1.521016
0.460980 -2.074521 -0.835950
0.450752 -2.788757 -0.834707
0.409702 -2.846825 -0.885314
-0.257543 -2.869473 -1.571220
-0.242750 -2.866632 -1.645506
-0.210413 -2.911623 -1.673819
-0.212701 -2.903047 -2.343814
-0.246446 -1.736675 -1.700526
-0.894767 -1.672238 -1.678258
-2.123041 -1.576953 -1.620705
-2.129872 -1.535137 -1.552421
-1.502640 -1.544151 -1.524192
