2.411560 0.806856 3.538725
2.463611 1.407571 2.761264
1.885086 0.665954 2.733826
1.950461 -0.617332 2.742665
2.577495 0.045188 3.368786
2.517427 -1.279884 3.972206
2.434463 0.540690 3.936397
2.408416 0.502698 3.291537
2.426757 0.482911 2.667476
2.434864 1.781254 2.655300
2.413271 1.771327 3.251677
2.389832 1.745683 2.630468
1.048882 1.094876 3.304444
1.738279 1.047131 3.337152
1.756184 0.375434 4.583792
1.754071 -0.849873 4.547449
1.771361 -1.512479 5.174654
2.402416 -1.495390 4.548796
1.828372 -2.739355 5.168434
1.879317 -2.732414 4.488387
1.280190 -2.757098 3.762529
-0.584845 -4.109409 3.751283
-0.598471 -2.175923 3.128613
-0.672984 -1.515667 1.842603
-0.069163 -0.879729 1.806336
-0.025084 -1.565529 1.754925
-0.627532 -1.588632 3.019081
0.585467 -1.592975 3.043561
0.568084 -1.545476 3.042920
0.603127 -1.561399 1.748217
0.669336 -0.943459 1.728634
0.062643 -0.956078 1.765088
-0.644649 -0.954180 1.802159
-0.674452 -0.943531 2.420066
-0.608535 -0.928873 2.390181
-0.537331 -0.918420 2.418077
-0.555008 -2.175611 2.481305
-0.612701 -2.164516 1.859128
-0.611934 -2.135145 2.428448
-1.150936 -1.399979 3.018948
-1.144377 -1.357411 2.432758
-1.243898 -2.593144 3.135699
-1.353644 -2.552052 3.775608
-1.387758 -2.521998 3.715401
-1.344570 -1.210275 3.670105
-1.354311 -1.159465 3.705346
-1.412503 -0.621734 3.784010
-0.803306 -0.695117 3.165334
-1.986166 -0.723281 3.103716
-1.922313 -0.063914 3.035418
-1.949704 -0.089384 3.034081
-2.040981 -0.839010 3.073457
-2.087900 -0.972946 2.427118
-0.759705 -0.371055 2.367038
-0.686180 -1.022225 1.686980
-0.680723 -1.045707 1.702328
-0.707387 -1.099951 2.957406
-0.671045 -2.999862 3.664101
-0.569902 -2.983537 3.671593
-1.168131 -2.948917 3.629286
-1.200326 -2.323922 1.665629
-1.260671 -2.381685 1.668651
-1.258509 -3.052474 2.300117
-1.214597 -3.029920 2.291740
-1.209870 -2.272221 2.289613
-1.921682 -2.256924 2.305385
-1.967409 -2.890808 2.971232
-2.560101 -3.527287 2.393999
-2.481118 -3.425780 1.813628
-2.436594 -3.451136 1.860305
-2.470221 -3.484095 2.492730
-2.525622 -3.523141 3.113663
-2.537822 -3.531036 2.469511
-1.233383 -3.514254 2.445224
0.054549 -3.502819 2.412955
0.037726 -3.500899 2.393823
-0.042354 -2.885264 2.394046
-0.098163 -2.884964 2.389267
0.589609 -2.329148 3.022588
0.633271 -2.356107 3.013581
0.619966 -1.699119 3.020060
1.197782 -0.996612 2.390575
1.165887 -0.972170 2.376339
0.510705 -0.947510 2.342508
0.540765 -0.911458 2.319667
0.503740 -2.144228 2.347172
1.113210 -2.128611 2.395610
2.360475 -2.124686 2.416694
2.439190 -2.136659 2.421997
1.205312 -2.733478 2.438948
1.790347 -3.379537 1.841360
1.704434 -2.719151 1.873960
1.063896 -2.729527 1.863067
1.723750 -3.393730 1.810971
1.746861 -3.411183 1.774525
1.060946 -2.797668 1.797536
-0.244898 -2.864387 1.856944
-0.230496 -2.922093 1.299068
-1.401465 -2.947862 1.920125
-1.390262 -2.338006 1.905880
-1.450435 -2.389595 1.249346
-1.505107 -1.781654 0.677230
-0.876617 -1.803593 0.644919
-0.875383 -1.792893 0.604609
-0.910759 -1.794742 0.569261
-0.965299 -1.825604 1.851464
-0.978509 -2.458850 1.865063
-0.940204 -3.118097 1.879658
-0.890754 -3.717544 1.872050
-0.878669 -3.701130 1.167720
-0.891490 -3.692903 1.113341
-1.527025 -3.670179 1.065036
-1.506875 -3.023467 1.648799
-1.509476 -1.687161 2.259170
-1.524260 -2.299157 2.871373
-1.515829 -2.293451 2.834445
-1.473710 -2.266962 3.543220
-1.417614 -2.208678 3.597524
-1.374237 -2.154595 2.945045
-1.347985 -2.150708 4.219256
-1.312714 -2.146041 4.196270
-1.264089 -2.115531 4.829535
-1.240581 -2.066998 3.511837
0.750637 -1.366831 1.582339
0.715393 -1.344384 1.536437
0.661735 -1.311675 0.167273
0.641574 -1.280779 -0.405861
0.673221 -1.252891 0.320948
0.722412 -0.594372 0.329806
-0.505699 -0.614940 0.286928
0.649793 -0.008298 0.247115
0.627952 -0.066860 0.248378
0.599960 -0.109245 0.931910
0.534230 -0.766504 0.899083
0.448316 -0.755378 2.123932
0.409243 -0.770905 2.129179
1.707709 -0.830694 2.817856
1.763468 -0.894742 3.466639
1.804859 -0.917854 2.806154
1.796873 0.378740 2.187224
1.784541 -0.908190 1.571989
1.799063 -1.631183 1.558234
1.835361 -1.644988 1.494292
1.856519 -0.277038 2.102538
1.210604 -0.276216 2.068220
1.202991 0.359221 2.095102
1.202504 -0.333550 2.144355
1.222301 -0.942539 2.158813
1.248873 -0.864371 2.150575
1.290612 -0.838608 2.157173
1.342712 -0.863515 2.829955
1.375443 -0.873381 2.826944
1.985704 -1.451504 2.852821
1.939465 -1.427707 2.779898
1.911584 -1.460324 1.570027
1.914430 -1.511793 1.617700
1.925026 -0.857297 1.696641
2.537150 -0.816731 1.709561
2.514151 -0.771199 -0.244397
2.518965 -0.739293 -0.176643
2.563440 -0.124296 2.479555
2.615063 -0.067320 2.466636
2.612457 -0.015842 2.383913
2.555202 0.007394 1.656479
2.501124 -0.009056 1.004007
3.114760 -0.025247 1.084387
3.146290 0.590165 1.112057
2.592255 -0.664852 1.057749
3.241440 -0.632090 1.011082
3.256458 -0.623228 1.067207
3.284955 -0.632858 1.823203
3.317943 -0.658270 1.222494
3.316804 -0.077420 1.125495
3.925295 0.507696 1.730344
3.896097 0.428289 2.411654
3.892309 -0.298868 1.818862
3.917841 -0.329133 2.465255
3.953303 0.944639 2.429480
3.312996 0.943973 2.448348
2.683322 0.934595 1.884647
2.714317 0.912887 1.348222
0.797672 0.905287 1.949916
0.804857 1.584363 1.876629
1.343315 1.625631 1.882682
1.892564 1.614715 1.948697
1.831968 1.568928 1.945014
-0.072563 1.553790 2.471078
-0.127528 0.980167 2.382049
-0.181207 0.362487 2.378541
-0.157083 -0.290052 2.395198
-0.088045 -0.307726 2.333240
-0.062577 -0.290881 2.220602
-0.112525 0.331879 2.141478
-0.176146 0.308284 2.845314
-0.185882 0.251489 1.541772
-0.166051 -0.373663 0.349503
-1.454911 -0.319277 0.341146
-0.840819 -0.278651 1.020826
-0.836817 -0.320252 1.699510
-0.758162 -0.383296 1.143302
-1.282739 -0.384277 0.534918
-1.865004 -0.358415 0.526161
-1.931533 -0.378189 1.180502
-0.778448 -1.678913 1.797844
-0.787047 -1.736393 0.563462
-0.167556 -1.707235 0.557853
0.418750 -1.630014 -0.110257
1.105786 -2.111302 1.166536
-0.215739 -2.100993 1.184758
0.506939 -0.849492 1.186025
1.257509 -0.798361 1.825738
1.300264 -1.358176 1.113599
1.279753 -0.617808 1.054962
1.278329 -0.618340 1.026198
1.294336 -0.651816 1.017275
1.289428 -0.646258 1.679822
1.264268 0.072785 1.639890
1.246936 -0.558045 1.586286
-0.609023 -1.250664 1.551274
0.133405 -1.327841 1.533844
0.202561 -1.329315 2.194043
0.226486 -0.623343 2.209680
-0.438740 -0.612011 2.218812
-0.431556 -0.686848 1.603286
-0.438021 -1.419259 1.640824
0.858788 -0.826996 1.700974
0.773963 -0.766913 1.728832
0.655988 -0.727668 1.068032
-0.052715 -2.723432 1.662013
0.007324 -2.744773 1.654055
0.084132 -2.712242 2.328543
0.102920 -2.642807 2.347913
0.070447 -2.605092 1.033593
0.710143 -2.607780 0.977758
0.751956 -2.667911 0.334562
2.132126 -2.702610 0.429456
2.116134 -2.688795 0.513701
2.028968 -2.681540 -0.078929
2.613592 -2.694663 -0.115483
2.657825 -2.704210 -0.083030
2.769537 -2.706295 -0.648630
2.840087 -2.702495 -0.614077
2.811187 -2.719981 -0.623825
2.758667 -2.754992 0.001948
2.760516 -2.808930 0.001681
2.812397 -2.204033 0.042992
2.820744 -2.216349 -0.582634
2.106998 -2.188669 -0.603099
2.036750 -2.155183 -0.675844
2.035910 -2.146420 -0.667671
2.102211 -2.120983 -0.014609
2.143981 -2.069506 0.006553
2.125543 -2.028829 -0.034471
2.089316 -2.643544 -0.084396
2.086190 -2.698713 -0.087036
1.441641 -2.728984 -1.318258
-0.531682 -3.386927 -1.292027
0.100825 -3.364562 -1.321026
0.046478 -3.323926 -1.361689
0.001436 -3.245859 -0.084382
-0.014273 -3.807220 -0.056688
0.641225 -2.529953 -0.106330
0.651426 -1.862961 -0.220355
0.639466 -1.891639 -0.306203
-0.013805 -2.555257 -0.287847
-0.684842 -2.578473 -0.231132
-0.698761 -2.622841 -0.248244
-0.713315 -2.660012 -0.296901
-0.090688 -2.635110 -0.903339
-0.119343 -2.556824 -0.827339
-0.104615 -1.889662 -1.430405
1.249810 -1.892791 -1.487969
1.914705 -2.558688 -1.547110
1.941897 -1.281015 -2.204568
1.351452 -1.257440 -1.519889
0.737677 -1.904853 -0.879372
0.736298 -1.370093 -0.916025
0.720341 -1.432142 -0.929561
0.665890 -2.676820 -0.900182
0.618933 -2.604888 -0.905665
0.634442 -1.930648 -1.608301
1.338303 -1.924856 0.193243
1.373197 -1.893332 -1.103548
1.397506 -0.594812 -0.525240
1.438391 -1.172999 0.088255
1.487309 -1.151272 0.007819
0.169808 -1.190797 -0.682874
0.127629 -1.229197 -0.622344
0.769859 -1.211316 -0.566781
0.773489 -1.145265 -1.122974
0.797941 -1.094211 -1.830897
0.811337 -1.096903 -1.222680
0.821458 -1.119192 -1.110542
0.873018 -0.479886 -1.057076
0.948178 -0.486140 -1.042929
1.007042 -1.160671 -1.089692
1.662696 -1.257254 -1.069387
0.300351 -1.963128 -0.453485
-0.963035 -1.395588 0.300607
-0.954287 -1.376652 0.263718
-0.319366 -1.349903 0.152395
0.917946 -0.706710 0.118616
0.914658 -1.340483 0.183584
0.969340 -0.187399 0.218169
0.972688 0.454590 0.793879
1.580516 0.462779 0.706025
0.905192 0.484525 0.741730
1.487723 0.442149 0.900112
0.826887 0.380125 1.701722
0.837713 0.389233 1.702054
0.181703 0.435079 0.949815
0.775833 0.466623 0.314919
0.730555 1.044705 0.404629
0.757418 1.007734 0.465256
0.793891 0.989306 1.059813
0.781437 0.353332 0.337778
0.726530 -0.276740 0.324037
0.712261 0.319086 0.384015
0.763049 0.275582 0.423380
0.170320 -0.303439 0.379358
1.481138 -0.258888 -0.370539
2.070193 -0.821873 -1.051522
1.426475 -0.228022 -1.028876
1.483659 0.960753 -0.354914
1.554876 0.943072 0.238824
1.547160 0.950055 1.422176
2.118167 0.950838 1.440941
2.109695 0.921650 2.762140
2.149509 2.186921 1.502336
2.787592 1.579494 0.813636
2.116723 1.624695 0.831122
2.025729 1.637958 0.898721
2.602215 0.998219 0.945204
2.650992 0.979110 0.922968
2.667278 0.974691 0.863466
2.592542 0.968445 0.185711
2.504985 0.926438 0.185501
1.211523 0.864427 0.817200
0.640790 0.808139 0.132171
1.298028 0.793593 0.099755
1.217603 0.816730 0.137837
1.134266 0.844420 -0.437775
1.135894 0.852042 -0.457189
1.215425 0.213666 0.070552
1.256312 0.221978 1.262249
1.208068 0.249264 3.162338
0.524318 1.503204 1.342163
0.545004 1.505583 0.741335
0.622453 2.134540 0.118901
0.626795 2.150728 1.417979
0.556279 2.211748 0.241848
0.508487 2.293366 -0.298219
0.557301 2.342626 -0.310597
0.655765 2.341359 0.232780
0.688028 1.699943 0.213180
0.661732 1.692630 -0.358795
0.012074 1.679759 0.273792
1.349689 1.640826 -0.349543
1.421886 1.585756 1.553913
2.064924 0.915641 1.592284
1.372253 0.927524 1.025520
0.693996 0.373718 0.373804
0.770512 0.399808 0.344889
0.258129 -0.240131 0.328838
0.308979 0.364212 0.325977
0.277735 0.361011 0.312222
0.254906 1.617132 0.301970
0.318564 1.597383 0.315397
1.731250 1.581133 -0.283374
1.744913 1.590166 0.371769
1.689045 2.290455 -0.279889
1.010646 2.369057 -0.281645
1.079213 2.413883 -0.274909
1.163927 2.410195 -0.299992
1.156853 1.751521 -0.358438
1.043016 2.374817 0.213141
2.800946 2.385157 1.456896
3.448712 2.341675 1.464095
4.180098 1.651798 1.449006
4.136844 1.623556 1.400543
3.992709 1.642873 0.704372
3.883268 1.068937 0.693511
3.910656 0.420926 0.108962
4.000039 0.399274 0.140067
4.022542 0.371042 0.115536
3.295697 0.981534 0.057947
3.907407 0.313114 0.033467
3.974677 0.235794 0.049495
4.060968 0.170955 0.047351
3.411049 2.048905 1.303910
2.722630 2.081966 1.271137
2.707765 2.142702 1.305223
2.780475 1.556323 1.381225
2.231041 1.578746 1.395576
2.841699 2.208451 0.036266
2.807810 2.215300 -0.663573
2.824995 2.210211 0.005232
2.891862 2.191464 -0.515415
2.908589 2.166943 -0.492960
2.850796 2.149266 -1.189357
2.787798 2.162368 0.021392
2.773118 1.552398 -0.567046
2.795688 0.299528 0.174906
2.770045 0.270599 0.213799
3.348760 0.236890 -0.455013
3.300033 0.829625 -0.454000
3.314276 1.367876 -0.382442
3.350600 1.934224 -1.609259
3.325703 1.868201 -1.612721
3.267543 2.464351 -1.703235
3.241612 2.457873 -1.125243
3.264477 1.807198 -0.425422
3.302062 3.173405 0.300125
3.309904 3.810565 -0.373683
3.308504 4.444584 -0.419260
3.319452 3.828282 -0.432389
3.349378 3.835048 -0.390487
3.380405 3.847227 -0.356286
3.385607 3.838202 -0.388539
2.100123 3.831440 -1.085596
1.446555 3.259524 -0.467615
1.397094 3.303461 -0.451232
1.362199 3.336995 -0.399720
2.005225 3.332582 0.268530
1.373071 2.672716 0.975616
1.362556 2.624623 -0.299304
1.328077 2.608733 -0.261089
1.304006 2.614885 1.040871
1.943226 2.601854 0.462082
1.978268 2.571485 -0.226837
2.598268 1.942371 -0.252551
2.545010 1.332749 0.419292
2.516694 1.994960 0.435794
3.155824 0.809312 -0.130844
3.186412 0.786968 -1.416274
3.208234 2.648019 -0.760193
3.199163 3.266417 -0.773640
3.214848 3.296305 -2.037761
2.614620 3.314876 -2.034089
2.676194 3.317183 -0.922007
2.065501 2.145985 -1.568558
2.623457 2.172191 -0.114793
1.990413 1.594245 -0.770959
2.008810 0.459434 -0.111465
2.037365 1.064404 -0.090337
2.659323 1.022457 -0.066008
2.625316 0.982755 -0.167166
2.636693 0.970318 -0.214629
2.676778 0.966545 0.337929
2.023631 0.942745 0.298858
2.006109 0.913975 0.958153
1.979515 0.276292 0.954309
1.982024 -0.311222 1.516076
1.987048 0.354852 1.499454
1.980233 0.360792 0.924609
1.962687 0.943831 0.964765
2.568305 0.265037 0.960413
2.532601 0.251815 0.913798
2.495248 0.227418 1.531994
2.456257 0.758312 1.548083
2.412244 0.739719 2.874650
2.355594 0.744997 2.866971
2.272359 0.766789 2.204664
2.864791 0.775919 2.211756
2.235065 0.765998 1.587193
2.242262 0.746879 2.228798
2.257711 0.740621 0.887443
2.267726 1.379188 1.475465
2.304576 1.387882 3.452148
1.054157 1.417251 2.819928
1.154910 1.450049 2.811268
1.216872 2.119642 2.776896
1.279850 2.178298 2.769058
1.351982 2.238932 2.214278
1.412446 2.255927 1.595931
1.444067 2.804254 1.605683
1.478277 2.797102 2.237656
1.520199 2.853597 1.609316
2.170402 2.925830 1.613671
2.144670 2.943020 1.564550
2.083190 2.912883 2.119977
2.046977 2.253799 2.107081
2.030673 2.288924 2.142881
2.005022 3.506448 2.153650
1.949961 3.452696 2.106818
1.869940 3.371689 2.069680
2.433738 3.332316 2.105055
2.413069 3.355654 2.177561
3.014140 3.997417 2.852992
1.622349 3.993610 2.793704
0.285628 3.978691 2.741277
0.849357 2.759294 2.766550
0.891866 2.803889 2.822675
1.583043 1.591116 2.201558
2.250992 0.882701 2.169985
1.572869 0.788721 1.547898
0.919313 0.755188 0.313412
0.969233 0.798002 -0.298199
0.376503 0.828855 -0.263585
-0.270289 0.809073 0.347147
-0.316919 0.790198 1.023966
-1.555486 0.841234 1.056074
-1.511997 0.918524 0.348538
-0.260978 0.919578 0.347241
-0.315064 0.832846 1.624977
-1.645190 0.757487 1.560136
-1.650964 0.772376 1.526586
-1.590554 0.811793 0.905527
-1.548065 0.809090 2.140876
-1.576723 1.401977 2.119800
-0.994580 2.034459 2.095352
-0.998883 1.472257 2.074125
-0.947608 1.534630 2.053652
-0.914257 1.513963 2.703907
-1.566333 0.744395 2.727671
-1.590934 0.659918 2.083921
-0.895404 0.034171 2.131588
-0.814716 0.693349 2.814884
-0.780751 0.700425 2.910041
-0.178260 1.270415 2.974734
-0.201489 0.058904 2.999857
-0.184534 0.138383 2.430033
0.490955 0.216835 0.579023
0.447729 0.193287 3.092408
0.363237 0.767821 3.014357
0.322801 0.091289 2.970516
0.918762 0.109008 3.009807
0.898851 0.113244 3.099137
0.844124 -1.312407 3.130251
0.815576 -1.376509 3.092080
0.847455 -1.350537 3.069322
0.891064 -1.260052 2.480977
0.888608 -1.201900 2.514840
0.856093 -1.839238 3.109859
0.869076 -1.221952 2.367596
0.935726 -1.182888 2.329162
0.353525 -1.103590 2.380728
0.953601 -1.120526 2.455682
1.589831 -1.775076 2.451057
1.642444 -2.956990 2.377752
1.075490 -2.906088 2.328677
1.754878 -2.246026 2.338901
2.399718 -1.609309 3.582142
2.388027 -0.433363 2.252004
1.793892 -0.445380 2.193167
1.794437 0.227206 1.017952
1.163382 0.883112 1.049554
1.104673 0.205661 1.074764
1.077972 0.193978 1.689647
0.447392 -0.412576 1.641876
0.449477 -0.382957 0.923797
1.077826 -0.382429 0.896183
1.082628 0.223332 1.570624
1.108518 0.212806 0.884369
1.749744 0.213186 0.880120
1.722739 0.196521 1.533977
1.684292 0.155935 1.542681
1.682696 0.140847 1.544091
2.983270 0.177729 1.549063
2.379553 0.226477 0.341565
2.327448 -0.444113 0.318448
2.288357 -0.466240 1.504985
2.298367 0.147310 1.486426
3.006696 0.139443 1.515058
2.993229 -1.111043 0.895750
2.949138 -1.152075 0.214535
2.955928 -1.227698 0.122049
3.007075 -0.639224 0.142159
3.046196 -1.852994 0.214532
3.031170 -0.592121 0.257193
3.001302 -0.636032 0.858064
3.008669 -0.714028 0.794489
2.398728 0.499606 0.788023
1.780851 0.537649 0.828481
1.796867 0.581111 0.862581
2.461145 0.579635 0.790584
2.505372 0.557080 0.699223
2.547778 -0.642674 -0.532333
2.547138 -0.587120 -0.412192
2.517919 -1.166693 -0.324256
2.503449 -0.556489 -0.344620
1.252744 -1.197337 -0.410244
0.677983 -0.605821 -0.411398
0.673560 -0.581323 -0.331133
0.018243 -1.846178 -0.273339
0.013991 -1.902869 -2.141892
0.029091 -0.760048 -0.358897
0.031165 -1.419591 -1.015932
-0.658581 -0.779808 -0.926388
-0.028107 -0.738404 -0.838630
0.583678 -0.707255 -0.826254
-0.085234 -1.303759 -1.489817
-1.336767 -1.255792 -1.484287
-1.394853 -0.512041 -0.145960
-0.745350 -1.102079 -0.090550
-0.760040 -0.442224 -0.101474
-0.181599 0.763776 -0.167216
-0.891305 1.416091 -0.209800
-0.895373 0.851026 -0.193282
-0.862247 0.894410 -0.154433
-0.219215 0.862730 -0.141779
-0.262423 0.255342 -0.156435
-0.310242 0.262620 -0.169275
-0.314196 0.266561 -0.141634
-0.296516 -0.381387 -0.090472
-0.298531 -0.344424 -0.070823
0.267479 -0.339390 -0.712639
1.412252 -0.398384 -0.751089
1.447690 -0.473580 -0.209761
1.531974 -0.501962 -0.212950
1.588205 -0.499581 -0.179797
0.957410 -1.135764 -0.169836
0.934299 -1.208301 -0.199556
0.938658 -0.642628 0.404616
0.972572 -1.287174 0.431715
0.961915 -1.259394 0.481885
0.884363 -0.028811 0.502679
0.811055 0.517744 0.471894
0.802401 0.447502 0.427538
0.829589 -0.183957 0.417223
0.843711 0.443317 0.418859
-0.423474 0.435869 -0.192596
-1.048259 0.415393 0.409778
-1.010942 -0.209582 2.358110
-0.339195 -0.176672 1.122375
-0.363856 -0.149853 1.805547
-0.423357 -0.151784 1.792681
-1.071483 -0.151337 2.443581
-1.047172 -0.135762 1.826333
-1.013121 -0.115920 1.236170
-1.016338 -0.129417 1.906683
-1.062130 -0.147810 1.856224
-1.068355 -0.120757 1.142899
-1.031043 -0.062529 1.148913
-0.991825 -1.230626 1.831262
-1.011066 -1.228503 2.408918
-1.065767 -1.237985 2.352157
-1.076620 -1.228563 3.627907
-1.093937 -1.789564 3.035612
-1.054864 -1.794717 3.081684
-0.430457 -1.817075 3.100779
-0.463078 -1.194891 2.460870
-1.071851 -1.169010 2.450828
-0.428855 -1.762775 2.454398
-0.397441 -1.152140 2.460894
-0.418763 -0.559628 3.089156
0.179490 -1.195653 3.066976
0.174312 -1.179647 2.426479
0.212148 -1.184891 2.434439
0.242116 -1.215744 1.824789
0.213544 -1.257705 2.459740
0.166799 -1.283915 3.101777
-0.456334 -1.284126 3.073117
-1.025279 -1.283045 3.662991
-1.024918 -1.887205 4.285268
-1.117460 -1.874728 5.571213
-1.211410 -1.837802 5.556330
-0.616549 -2.398643 7.469963
-0.607005 -2.378424 7.437108
-0.641657 -1.754207 6.226198
-0.726942 -1.755270 6.284129
-0.789065 -1.754985 6.274790
-1.381472 -1.763650 5.610820
-1.339596 -1.165245 4.275206
-1.328796 -1.155483 2.968100
-0.763434 -1.144141 3.055743
-0.796892 -1.748686 2.416984
-0.757358 -2.395491 1.766677
-0.002518 -1.794918 1.748277
0.054513 -1.791935 1.811622
0.054702 -1.793777 1.910660
-0.566558 -2.448443 1.956147
-0.509462 -1.273013 1.926763
0.185318 -1.297978 1.903928
0.853038 -0.670441 1.930804
0.817739 -1.282795 1.975455
0.795442 -1.903880 1.974757
0.815121 -1.308775 1.917890
1.483526 -1.315930 1.884775
1.482853 -1.322386 1.902436
-0.370018 -1.963972 2.572424
-1.067920 -1.999390 1.938165
-1.066206 -2.024022 2.499582
-0.418598 -1.430952 0.596582
-0.430291 -1.424561 1.209190
-1.102918 -1.424448 1.223753
-0.492860 -1.413682 2.390887
-1.104332 -1.371825 2.314080
-1.071865 -1.964752 2.273996
-1.101069 -1.948684 2.897304
-1.165193 -1.948885 2.906037
-0.560048 -1.942015 2.875988
0.098831 -1.899190 2.826435
-1.118914 -1.840806 3.422416
-1.147359 -1.816003 3.446698
-1.189065 -1.812672 3.491636
-1.187775 -1.805386 3.525350
-1.150220 -1.770033 3.535873
-3.708355 -1.729791 3.561427
-3.693639 -0.528568 3.618107
-4.300623 -0.525820 3.683321
-4.282261 0.100693 3.701576
-4.272659 0.132073 3.657944
-3.629724 -0.474648 2.968318
-3.624687 -0.479205 1.697112
-3.616616 -0.487939 1.089531
-3.604860 -1.109736 1.076878
-3.609623 -1.113252 1.036153
-3.618119 -1.120226 0.991708
-3.613736 -1.140146 0.985848
-3.589849 -0.516857 1.026311
-2.933443 -0.523365 1.053740
-3.553616 0.028362 1.024423
-3.550666 0.066528 0.964582
-4.156853 0.051481 0.951699
-4.125918 0.046899 1.005096
-4.117938 -0.568187 1.041645
-3.505081 -0.566924 1.015112
-3.510902 -0.565190 0.962244
-4.113749 -0.557324 0.365343
-4.097937 0.039447 0.418040
-3.501183 0.024447 1.061314
-3.578146 0.024107 1.026102
-2.970808 0.047785 0.979640
-2.325973 0.085697 0.997520
-2.297655 0.115801 1.073387
-2.341672 0.145925 1.115494
-2.448332 0.178766 0.465009
-2.531109 0.212417 0.450529
-1.875662 0.232013 0.494774
-1.850999 0.234757 0.575062
-1.899708 0.241421 0.626787
-2.671117 0.241593 0.636462
-2.727257 0.218740 0.643921
-2.673952 0.169552 1.304637
-2.601616 0.769190 1.336808
-2.606097 0.116226 1.344809
-3.273266 0.119533 1.326599
-3.285932 -1.101805 2.476688
-3.838651 -1.121241 2.456416
-3.739122 -1.120151 1.794722
-3.728548 -1.739238 1.772320
-3.160083 -1.687668 1.776346
-3.183707 -1.732101 1.794488
-3.119812 -0.572941 1.796955
-3.040418 -0.573662 1.785772
-3.015835 -0.527530 1.785647
-3.660022 -0.516872 0.502405
-3.722331 -0.577578 0.540666
-3.680482 -0.632302 0.533124
-2.994230 -0.599952 0.464607
-3.015641 -0.531941 0.403825
-3.728486 -0.523579 0.414814
-3.174321 -0.597421 0.473079
-2.484120 -0.666224 0.497901
-2.458062 0.014441 0.473866
-2.448165 0.075200 0.459958
-2.447436 0.115445 0.483194
-3.093076 0.094324 0.514890
-3.065009 0.076231 0.503672
-2.422933 0.114638 0.469173
-2.443312 0.193300 0.477185
-3.086059 0.865473 0.533183
-3.067949 0.789477 0.582358
-3.668371 1.374664 0.567549
-3.683986 1.373540 0.530365
-4.975799 1.419888 0.531520
-4.956968 2.708692 0.560240
-4.883869 2.715181 0.566713
-4.826813 2.099199 0.517435
-4.831784 2.094604 0.459793
-3.054103 2.072304 0.444773
-3.067765 2.037303 0.458567
-3.032904 2.015394 0.450333
-3.011859 1.986007 0.400570
-3.044803 1.271142 0.363601
-3.088671 1.230985 0.969236
-3.079909 1.234300 0.380151
-2.391148 1.294895 0.333644
-2.351470 0.772216 0.253639
-2.366308 0.846346 0.208097
-0.533304 1.532469 0.219479
-0.541638 0.242607 0.237341
-0.529040 0.302333 0.216328
-0.516451 0.358263 0.180314
-1.164081 0.371241 0.799239
-1.793579 0.350098 0.816708
-2.371861 0.324900 0.837621
-2.972237 0.333020 0.848106
-4.210677 0.364366 0.849144
-4.228801 0.274629 0.200589
-3.644013 0.244972 0.878976
-4.282371 0.183339 0.238629
-4.335684 0.136511 0.239031
-4.395682 0.790948 0.230185
-4.426560 0.747718 0.227741
-4.418899 0.668930 0.228916
-3.745136 0.596273 0.213272
-2.393017 0.588672 0.172842
-2.375119 0.622195 0.752699
-2.383079 0.637357 0.760311
-2.386163 0.606079 0.776784
-2.933796 0.584586 1.420390
-2.928255 0.599003 1.395539
-2.928342 1.244540 0.188555
-2.941264 1.857773 0.277939
-2.962557 1.196315 0.311278
-3.612694 0.537198 0.327142
-3.566362 0.564387 0.279425
-3.490364 -0.664535 0.314978
-2.834181 -0.641907 0.440501
-2.867229 -0.613419 0.447085
-2.934598 0.086406 1.017727
-2.956552 0.137335 0.999683
-2.930236 0.772383 1.026980
-2.945573 0.141561 1.071028
-2.439291 -0.510844 0.467994
-3.237425 -0.516198 -0.189520
-5.309330 -0.487222 -0.184270
-5.306447 0.236511 -0.133662
-5.260516 -0.377955 -0.092629
-4.532479 -0.360752 -0.119235
-3.925440 -0.316819 -0.204775
-3.944397 -0.974976 -0.254938
-4.570980 -0.973556 -0.237517
-4.584808 -0.375487 -0.230255
-4.605954 -0.373326 -0.923208
-4.613107 -0.352045 -0.985128
-4.578038 -0.358336 -0.344008
-4.508439 -0.379503 0.368367
-4.454708 -0.362720 -0.166018
-3.845769 0.324521 -0.186261
-3.871816 0.336023 -0.252448
-3.254087 0.229332 0.374800
-3.238583 0.162185 0.454513
-3.234466 0.811718 -0.131338
-3.862124 0.855725 -0.171565
-3.854331 0.834497 -0.209715
-3.808571 0.749536 0.460497
-1.246732 0.705627 -0.725581
-1.180050 0.767521 -1.311337
-1.160503 0.834939 -1.354785
-1.130139 0.820516 -0.767993
-0.455221 1.373409 -0.760651
-1.064062 0.720979 -0.722847
-1.085135 0.800079 -0.727556
-1.771224 0.223277 -0.789733
-1.787977 0.214368 -0.845483
-1.754643 0.158636 0.395980
-1.715898 0.117589 0.412872
-1.103512 0.117751 0.402930
-1.151068 0.716775 -0.255938
-1.182402 0.699522 0.327254
-1.198439 0.690414 -0.245730
-1.225185 0.726692 0.373187
-1.920491 0.131127 2.222620
-1.987279 0.768659 1.616659
-0.792218 0.712234 1.620017
-0.767953 1.282647 2.270526
-1.340203 0.575640 2.362670
-1.334927 0.580988 1.833012
-1.340431 0.573352 1.224074
-1.339694 0.548989 1.850826
-1.327260 0.539620 3.151429
-1.915314 1.246129 1.985018
-1.252805 -0.032890 1.992641
-1.252669 0.010951 1.367126
-0.644009 -1.897516 2.604100
-0.658919 -1.899665 2.686724
-0.650543 -1.211944 1.508420
-0.653057 -1.163082 1.508006
-1.334999 -1.148994 0.896599
-1.408919 -1.179061 2.113322
-1.428196 -0.563967 2.061473
-1.389138 -0.535544 1.384579
-1.990476 0.122301 1.316367
-1.996119 0.101099 1.267300
-2.017684 0.094818 1.819756
-2.006314 0.102290 1.181914
-1.945269 0.097355 1.798813
-1.255404 0.734009 1.191585
-1.243013 0.729738 0.532112
-1.265040 0.727476 0.525625
-1.260464 2.824816 0.546944
-1.213604 2.786014 -0.744717
-1.183572 2.700467 -0.759062
-1.213273 2.015689 -0.787167
-1.266553 2.692931 -0.794037
-0.040114 2.131584 -0.139497
0.592939 2.120190 -0.113503
0.601902 2.095633 -0.138683
0.562990 1.428880 1.118967
-0.091401 2.125540 1.770386
-0.079072 2.821478 1.186335
0.556099 2.150231 1.172881
0.568721 2.085900 1.745742
0.562884 2.058787 1.699263
-0.578837 2.078002 1.725975
0.098078 2.078914 0.487482
-0.475159 2.026051 1.064960
-0.490797 1.966901 1.639507
-1.143400 1.970232 1.024887
-1.185997 1.371247 0.496260
-1.199602 1.400614 0.549197
-1.234980 0.704368 0.460377
-1.268534 0.688066 1.019512
-1.892787 0.718515 0.445623
-2.478281 0.772856 0.584072
-2.467061 0.801515 1.189714
-2.492446 0.803048 1.119984
-2.531281 0.180041 1.073796
-2.551659 0.164182 -0.095176
-2.568693 0.876952 0.012157
-2.605791 0.891910 0.599737
-2.628821 0.853126 0.488817
-2.614911 1.483185 -0.266710
-2.584245 1.521654 -0.140127
-3.160467 1.564746 -0.080903
-3.117348 0.897110 0.550211
-3.710785 2.122038 0.497323
-3.680077 2.751032 0.497320
-3.638623 2.801100 0.592366
-3.605821 2.850582 0.696089
-3.595257 2.187533 0.718987
-3.591674 2.132501 -0.575488
-2.940278 2.138446 -0.598020
-2.940266 2.857315 -0.565316
-2.935151 2.940221 -0.529754
-2.913352 1.685184 -0.549538
-2.886378 1.618935 -0.620249
-2.884330 2.231578 -0.661077
-3.559264 2.307731 -0.650373
-4.163552 1.705293 0.568485
-4.148938 1.703402 -0.091061
-2.178914 1.632199 0.448976
-2.842279 1.591135 -0.213164
-2.261247 1.622560 -0.208249
-2.244038 1.663556 0.413997
-2.236362 1.644106 0.379242
-2.208787 1.557687 0.339006
-1.622182 2.101692 -0.308549
-1.021890 1.481575 -1.578164
-0.980136 1.513332 -1.514287
-1.517288 1.499020 -2.731713
-1.494025 0.796773 -2.745614
-0.884443 0.734380 -3.379042
-0.881683 0.738791 -2.684726
-1.513140 1.417685 -2.664288
-1.469091 1.415759 -2.712113
-1.464183 2.669746 -2.775768
-1.492779 2.680286 -2.105849
-0.297519 2.709673 -2.027573
0.367784 2.725601 -1.334094
0.378763 2.101764 -1.353865
0.335440 2.117213 -2.056474
0.287286 2.127146 -2.701869
0.925151 2.126949 -2.672749
0.311588 2.122789 -2.693007
0.322796 1.487112 -3.375765
0.291368 1.467569 -4.051378
-0.360383 1.447786 -3.430569
-0.360640 1.428606 -5.264278
-0.967100 1.422328 -4.562513
-0.967325 1.433440 -4.566944
-0.995194 1.430591 -4.614402
-1.008750 1.401225 -4.591756
-0.990825 1.367655 -4.560098
-0.969559 1.372626 -3.273107
-0.976521 1.407656 -3.288077
-0.981746 1.419568 -3.922196
-0.957213 2.009754 -3.848677
-0.923729 1.976591 -3.753817
-0.921963 2.599623 -3.684698
-0.954608 2.643158 -3.033035
-0.984203 1.434108 -3.022409
-0.992312 2.668646 -3.006739
-1.004870 2.636013 -2.992248
-1.036802 2.645913 -2.982166
-1.061974 2.674032 -2.982539
-1.050157 2.665879 -2.981429
0.239318 2.041186 -2.958773
0.251290 1.984177 -2.922193
0.885211 1.963777 -2.878890
0.338440 1.929203 -2.853732
0.366938 2.537252 -3.484351
0.347851 1.247644 -3.514536
0.313234 1.271526 -3.548399
-0.312300 0.703011 -2.330159
-0.296168 1.321938 -2.395953
-0.303793 1.314766 -2.458047
-0.338189 0.706486 -2.494271
-0.340794 0.068937 -1.840583
0.380865 0.129666 -1.833193
0.466754 0.756796 -1.851915
0.463656 0.764045 -1.884792
0.380248 0.151349 -1.247540
0.964972 0.214524 -1.249837
0.987696 0.844642 -1.885065
1.038023 0.826011 -0.619977
1.046352 0.819353 -0.634750
