-0.585613 -2.850256 -1.487299
-0.584257 -2.904488 -0.880403
-0.005967 -1.622024 -0.964156
-0.051025 -2.257169 -1.026775
-0.085878 -2.947555 -1.026925
-0.738931 -3.004705 -1.614971
-0.109642 -2.968588 -1.586870
-0.137864 -2.895012 -0.987736
-0.802448 -2.862648 -1.019680
0.422546 -2.889992 -1.015634
0.400446 -2.910461 -0.357932
0.373553 -2.286509 0.310805
1.628054 -2.879921 0.282949
0.926897 -2.906282 0.212382
0.938876 -3.568208 -0.431804
0.998694 -3.573850 -0.403595
1.047653 -3.497980 -0.362402
0.428597 -3.421578 -0.921680
-0.169520 -3.412950 -0.948286
-0.100315 -3.442782 -0.955280
-0.021544 -3.430383 -0.286972
-0.010921 -3.373649 -0.267297
-0.076215 -1.440425 -0.296583
-0.124424 -1.486629 -1.002262
-0.096736 -1.524103 -1.023225
-0.030423 -1.496038 -1.010263
0.603880 -1.418743 -1.002704
0.584485 -1.363902 -0.367517
1.194400 -1.360748 -0.382293
1.851389 -3.328664 -0.385314
1.190321 -3.343578 0.234740
1.148003 -2.656126 -0.407700
1.106555 -3.333059 0.187439
1.085577 -2.098418 0.174152
1.082083 -2.128557 0.181051
1.721166 -2.179146 0.211321
1.706383 -2.141552 0.271614
1.702059 -2.115526 0.297697
2.347832 -2.112670 0.907005
1.728790 -2.121935 0.921697
1.717592 -2.145673 0.921528
1.700783 -2.195017 0.912507
1.698460 -2.266441 2.147989
1.711289 -2.348377 2.182380
1.731172 -3.014976 1.582354
1.747593 -3.048152 1.564206
1.768946 -2.453218 0.925496
1.790524 -2.435691 0.947033
1.808004 -2.399113 0.971163
1.806818 -2.348838 0.983934
0.534824 -2.959904 -0.364611
0.504942 -2.935778 -0.398717
1.122340 -2.918442 0.183953
1.121880 -2.900783 0.180594
1.105906 -2.875911 0.183668
1.081339 -2.837268 0.170536
1.068242 -2.789131 0.139201
0.485484 -2.759565 0.115371
0.508709 -2.134795 0.119510
1.119948 -2.123050 0.150736
1.090446 -2.086608 0.162771
1.071636 -2.063697 0.133671
1.079174 -1.440605 -0.516524
1.087397 -1.501434 -0.504018
1.086392 -0.855664 -0.475847
1.088818 -0.815052 -0.479228
2.987366 -0.762333 -0.500897
3.010403 -1.406994 0.864418
3.014834 -2.086682 0.898531
1.814474 -3.347538 0.293514
1.833491 -3.937057 0.301511
1.247505 -2.670977 0.314688
0.605399 -3.342100 0.335366
0.569575 -2.847427 0.344271
-0.682207 -2.843053 0.350857
0.775594 -3.375586 0.373938
0.853103 -3.366550 1.114704
0.868276 -3.446944 1.171547
0.841950 -3.528948 1.199530
0.854222 -3.515996 1.230718
0.893102 -3.470259 1.265679
0.902676 -2.265451 1.285809
0.843098 -2.960448 1.258146
0.768790 -3.002428 1.198341
1.382038 -2.952731 1.155015
1.438930 -1.617359 0.471579
0.839080 -1.027445 0.445734
0.817661 -1.098584 0.421833
1.425225 -1.133538 -0.198788
2.059567 -1.072118 -0.176312
2.095107 -1.027040 -0.178254
2.102707 -1.042601 -1.454338
1.468305 -1.051436 -1.496758
1.391979 0.195344 -1.488883
1.950669 0.251574 -1.448248
2.594297 -1.031228 -0.794398
3.262783 -1.726776 -1.491371
3.247051 -1.770138 -1.512458
2.548687 -2.350339 -1.470585
1.323104 -1.649898 -1.412885
1.337985 -1.642998 -1.410376
1.369966 -1.692501 -1.482853
1.384042 -1.688264 -1.552977
0.734977 -1.599029 -0.258106
1.345714 -1.523001 -0.238556
1.393636 -2.157484 -0.247170
2.095288 -2.256127 -0.294552
2.145313 -2.303664 0.257465
2.135841 -2.262320 0.264706
1.458913 -1.588358 0.292213
1.443029 -1.573067 0.293947
1.470400 -1.590611 0.267006
1.492132 -2.189599 0.243196
1.438456 -2.130208 0.234792
1.382274 -2.740910 0.232482
1.352167 -2.149108 0.839377
1.380089 -2.236396 0.833009
1.414031 -1.625103 0.833782
1.378390 -1.620187 0.830764
0.641246 -1.650620 0.177161
1.168784 -2.347974 0.168128
1.157509 -2.390874 -1.161270
1.171252 -1.162240 -1.154139
1.122586 -0.496758 -1.127271
1.032763 -0.551829 -1.109090
0.983283 -0.655687 -1.099213
0.390758 -0.716623 -1.080313
0.448596 -0.064896 -1.046405
1.062355 -1.408138 -1.034573
1.681277 -1.467753 -1.052669
2.299872 -0.891935 -1.646279
2.357444 -0.884966 -1.046567
2.439753 -2.079757 -0.469156
2.495798 -2.021303 -0.504144
2.512369 -1.371027 -0.542596
2.513634 -1.395050 0.818467
2.548650 -1.385700 0.854717
2.593735 -1.954744 -1.716499
2.588966 -1.284065 -1.754338
1.211066 -0.722523 -1.734242
1.134413 -0.074649 -1.662658
1.124460 -0.664165 -1.636234
1.143185 -0.602922 -2.325134
1.141533 -1.927603 -2.389464
1.116540 -1.301931 -2.358167
1.113124 -1.339296 -2.252943
-0.078664 -1.359064 -2.189347
-0.015048 -1.387734 -0.902624
-0.005186 -1.429319 0.412279
-0.673553 -1.461552 0.406857
-0.702980 -1.446613 0.446973
-0.037454 -0.723281 -0.136592
-0.011975 -0.691184 -0.196086
-0.013831 0.692442 -0.278796
-0.044040 2.059854 -0.310443
-0.054365 2.644884 -0.270808
-0.007672 3.381486 -0.214648
0.054585 3.371373 0.463436
0.715024 3.337552 0.444345
0.680821 4.568533 1.015931
0.651250 4.608166 1.020690
-0.584491 4.645956 -0.326812
-0.547077 3.970014 -0.334761
-0.535317 2.725808 -0.401138
-1.204324 0.777095 -0.472766
-1.233978 1.472260 -0.477060
-1.183319 1.511363 -0.423704
-1.116875 1.488861 -0.367088
-0.493793 1.461293 -0.355452
-0.534911 0.234581 -0.374056
-0.562803 0.296878 -0.385343
-0.566675 0.976521 -0.378455
-0.562757 0.916457 -0.346558
-0.590609 0.880268 -0.316424
-0.622652 0.918775 -0.942910
-0.629384 1.615681 -0.341009
-0.619046 1.602784 -0.289364
-0.605430 1.533868 -0.196970
-1.270126 1.493308 -0.138171
-1.312012 -1.075485 -0.147578
-1.350417 -1.038816 -0.199545
-1.984456 -1.733635 -0.236421
-1.977919 -1.824101 -0.242071
-1.373894 -1.210483 -0.253536
-1.373625 -1.164275 -0.299626
-1.356497 -1.114952 -0.349044
-1.306510 -1.155512 -0.994891
-1.258935 -1.254772 -0.953151
-1.234602 -1.297959 -0.943865
-1.245018 -1.261410 -0.998464
-1.274813 -1.226112 -1.081136
-1.289267 -1.934584 -1.130387
-0.016683 -1.993011 -1.149513
0.019311 -1.980072 0.765311
0.049290 -1.918093 1.380128
0.062369 -1.891583 1.380132
0.095055 -1.932161 0.160547
0.171123 -1.302046 0.855869
0.251938 -1.245515 0.848413
0.288795 -0.498451 0.824341
-0.389478 -1.122634 0.177265
-0.437684 -1.855105 0.208851
1.522548 -1.899289 1.483681
1.528104 -1.237227 1.434033
1.510993 -1.206153 0.764382
1.467306 -0.570425 0.179022
1.448327 -0.020579 -0.409447
1.456836 -0.042683 0.229961
1.465647 0.023062 0.829972
1.451892 0.696651 0.177010
1.423441 0.651814 0.180093
1.415461 -0.748642 1.428330
1.423295 -0.682324 1.390608
1.427534 -0.586187 1.349272
1.426459 -0.578774 0.713033
2.102902 0.025684 0.729901
2.146243 0.022826 1.356919
0.858055 0.754651 1.322565
0.881382 0.795982 1.300205
0.913348 0.752215 0.683696
0.965581 0.673767 1.352242
0.351804 0.670913 1.333132
0.359312 -0.577360 1.267809
0.329081 0.087897 1.229324
0.294052 0.035581 1.267925
0.299269 -0.642755 1.353513
0.347415 -0.619976 1.414421
0.383879 -0.566521 1.426813
1.021910 -0.548031 0.778004
1.000378 0.069912 0.808830
1.025274 -0.581947 0.863126
1.081167 -1.164852 0.882604
1.092896 -1.116306 0.857465
1.050717 -1.113923 -0.414143
1.006177 -1.136328 -0.408686
1.027265 -1.120116 0.264755
1.092577 -1.694042 -0.377463
1.141267 -1.027750 -0.424754
0.505732 -1.053267 -0.483902
0.508015 -1.106764 0.103350
1.195818 -1.127598 0.759824
1.249138 -1.129306 0.121691
1.260371 -1.167629 0.066091
1.233900 -1.204764 0.030411
1.218208 -1.245720 0.032124
0.590928 -1.244170 -0.564256
1.238912 -0.601658 -0.552579
1.245249 -0.611507 -0.545399
1.242009 0.667002 0.099444
1.934106 0.080544 0.137785
1.945784 0.098642 0.159800
1.928686 0.097731 0.150043
1.253344 0.094639 0.137413
1.207213 0.088395 0.141744
0.570457 0.084167 0.161664
0.565609 -0.547531 0.170155
0.545058 -0.500122 -0.435134
0.514889 -0.444964 -0.421115
-0.131271 -0.419778 -0.393356
-0.094136 -0.436874 -0.371571
1.161974 -0.472738 -0.382388
1.097554 -0.496918 -0.411636
0.367542 0.163034 -0.435036
-0.987536 0.162398 -0.443828
-0.317846 0.116278 -0.454441
-0.318974 0.054784 -0.477253
0.291164 0.031392 -0.509557
0.235367 0.109038 -0.535955
0.896964 1.380938 -1.224948
0.999664 1.419891 -1.226130
1.067701 1.396669 -0.639649
1.032911 1.366404 -0.662523
0.266055 1.367072 -0.679398
-0.420779 0.713470 -1.277567
0.342687 0.057212 -1.233635
-0.268970 0.027216 -1.189329
-0.303406 0.039105 -1.165291
-0.365828 -0.564636 -1.129468
-0.343167 -0.502438 -1.059151
-0.238828 0.199459 -0.977042
0.460580 -0.459465 -0.935655
0.426169 -1.086415 -0.945192
0.346259 0.172773 -0.965298
0.317168 -0.493040 -0.970657
0.358876 -1.178835 -0.972411
0.402313 -0.591887 -0.989810
0.391154 -0.595988 -1.008452
0.346105 0.016112 -0.998083
0.339459 0.627797 -0.979357
0.996916 -0.679600 -1.614571
1.023540 -0.665293 -1.630138
0.985157 -0.013970 -1.637573
0.291279 -0.031274 -1.629846
0.295428 -0.081286 -1.640617
0.346955 -0.107933 -1.687177
0.379304 -0.072415 -1.737755
-0.258171 0.003905 -1.745571
-0.283286 0.046235 -1.077236
-0.259875 0.054331 -1.062321
-0.224415 -0.536953 -1.091563
-0.240418 -0.451673 -1.129026
-0.314312 0.243942 -1.139718
-0.378460 0.279296 -1.137202
-0.377848 0.267911 -1.155214
-0.338011 0.246025 -1.199534
-0.330276 0.259876 -1.237290
-0.370009 0.293375 -1.886262
-0.412759 0.300723 -1.880349
-0.417929 0.283310 -1.860620
-0.396949 0.258245 -1.811083
-0.391338 0.259176 -1.738580
-0.415953 0.275777 -1.694084
-0.455146 0.259709 -1.698917
-0.466780 0.205215 -1.706445
-0.437726 0.162418 -1.682807
0.275575 0.182629 -1.657116
0.309710 0.236553 -1.693174
0.336040 0.267844 -1.153410
-0.278704 0.278263 -1.209170
-0.208392 0.304331 -1.844062
-0.142138 0.367584 -1.794604
-0.105612 0.432895 -1.809941
-0.106430 1.045757 -1.868205
-0.089959 1.020495 -2.488780
-0.036091 1.002276 -2.440056
0.025238 1.025210 -2.427503
0.059289 1.058704 -1.843167
0.059922 1.057492 -1.929351
0.067991 1.028353 -1.913778
0.074113 1.616364 -1.802659
0.049723 0.964319 -1.720420
-0.007502 1.017205 -1.131196
-0.051966 1.715802 -1.189952
-0.039222 1.061289 -1.173632
-0.019423 -0.291962 -1.083698
0.659284 0.339355 -1.646679
0.649072 -0.268883 -1.698714
0.680179 -0.255176 -1.780026
0.723849 -0.259658 -1.777529
0.692473 -0.264462 -1.703027
0.590999 -0.234409 -1.649452
0.507900 1.133419 -1.654402
0.515765 1.843638 -2.326798
0.569061 1.842989 -2.320359
0.574325 3.080890 -1.662277
0.544366 2.465888 -1.637617
0.561945 3.080447 -1.650308
0.644912 3.060799 -1.685500
0.712092 3.048620 -1.713067
0.688609 3.047519 -1.709230
0.608985 1.734716 -1.685648
0.567948 1.715215 -1.653630
0.599302 1.666826 -1.614428
0.652104 2.287647 -1.593123
0.657785 2.303561 -2.183594
0.638616 0.334705 -1.543897
0.651486 0.302420 -1.546739
-0.026379 0.239735 -1.545313
-0.005498 0.194507 -1.547918
0.667188 0.190529 -2.171234
-0.090511 0.857970 -2.157192
-0.148382 0.269782 -2.119065
-0.174890 -0.906621 -2.089118
-0.166616 -0.897583 -2.111267
-0.161204 -0.270541 -2.160236
-0.157223 0.399338 -2.196303
-0.863005 -0.194202 -2.215876
-0.835846 -0.190053 -2.238086
-0.775138 0.425362 -2.268319
-0.736003 0.401788 -1.640442
-0.039941 0.422072 -1.651837
-0.108486 0.451019 -1.659847
-0.109146 0.442130 -1.667383
-0.078657 0.405585 -0.424313
-0.053251 -0.258576 -0.403685
-0.052095 -0.231535 -0.358441
-0.043916 -0.213049 -0.327591
0.005399 -0.868212 -0.332864
0.695957 -0.903719 -0.360456
0.703217 -0.893374 -0.356856
0.648051 -0.836972 -0.329516
0.589573 -0.152887 -0.915622
0.576669 -0.155069 -0.932736
0.601043 -0.163440 -1.583774
0.605601 0.526629 -1.567942
0.578197 0.569015 -1.538959
0.562340 1.261750 -1.544785
0.596236 1.258690 -1.588029
0.655917 1.234101 -1.618243
0.669544 -0.079789 -1.596362
0.620617 -0.080770 -1.553097
-0.068863 -0.098715 -1.533046
-0.049315 0.495611 -1.558114
-0.651200 -0.159058 -1.586981
0.011037 -0.155866 -1.573933
-1.370651 -0.814572 -1.529479
-1.388725 -0.838477 -1.505503
-1.384116 -0.197844 -1.521218
-1.973019 -0.179939 -2.184387
-0.550174 0.479936 -2.802957
-0.586970 -0.145559 -2.171299
0.009231 -0.166105 -0.887830
0.001264 -0.187742 -0.914866
0.024848 -0.163842 -1.564324
0.021193 -0.154021 -1.540570
-0.026202 -0.844510 -1.493838
-0.062576 -0.888661 -1.489335
-0.035164 -0.877904 -1.538301
0.032446 -0.162183 -1.592288
0.053934 -0.161195 -1.590350
0.005347 -0.229845 -1.533245
-0.049222 -0.956349 -1.498530
-0.051119 -0.962085 -1.529081
-0.029558 -0.252601 -1.582123
-0.058615 -0.240783 -1.609808
-0.138942 -0.915673 -0.981911
-0.186028 -1.623303 -1.639601
-0.149059 -1.006985 -1.717998
-0.079377 -1.622876 -1.810755
-0.064795 -0.278352 -1.228757
-0.095258 -0.330995 -1.210786
-0.095976 -1.051131 -1.816418
-0.046188 -0.397351 -1.829597
0.000728 -0.375240 -1.232788
-0.011046 -0.379973 -0.587217
-0.048980 -0.397430 -1.187113
-0.036988 0.252913 -1.161136
0.042078 -0.401910 -1.176261
0.116562 -1.050106 -1.197809
0.133492 -1.099758 -1.178358
-0.463580 -0.496742 -1.115459
-0.447810 0.113218 -2.291552
-0.430463 0.743154 -1.627301
-0.436387 -0.615103 -1.617065
-0.462045 -0.662511 -1.616664
-0.469555 -0.655242 -2.214323
-0.435704 -0.614535 -2.803503
-0.386179 -0.599064 -2.803696
-0.351967 -1.907580 -2.845997
-0.335146 -2.503063 -1.587889
-0.309469 -1.804481 -0.994314
-0.282838 -1.730535 -1.617716
1.027974 -1.667857 -0.363321
0.990873 -2.200111 -0.407006
0.951561 -2.185293 -0.433961
0.945761 -2.183531 -0.415019
0.960626 -0.885590 -0.406614
0.961775 -0.833813 -0.455415
0.330904 -0.803199 -0.523897
0.346377 -0.819418 -0.546300
0.385598 -0.851142 -0.512607
0.397802 -1.515032 -1.099018
0.364188 -1.494914 -0.444289
0.322941 -1.511724 -0.430823
0.321771 -2.223299 -1.655042
0.355266 -1.644872 -0.991439
0.379011 -0.416238 -0.965179
0.387624 -0.401672 -1.588793
1.659710 -0.387186 -2.859806
1.692626 0.239579 -2.868106
1.710546 0.204895 -2.178656
1.038827 0.185130 -2.157195
0.989741 0.186558 -2.123582
0.936534 -2.874845 -2.154138
0.844780 -3.549080 -2.181720
0.829373 -2.301868 -2.158540
1.451053 -2.297338 -2.113884
1.442548 -2.269004 -2.125558
0.803787 -3.500475 -2.203354
0.777713 -1.579987 -2.231569
0.764537 -1.558508 -2.737764
0.760055 -1.545903 -1.983625
0.743434 -2.173859 -1.952343
0.701430 -2.183268 -2.007209
0.661223 -3.480982 -2.041691
1.239931 -3.477967 -0.095238
1.915644 -2.774700 -0.057361
1.300324 -2.074051 -0.736315
1.970629 -1.372015 -0.799737
1.996513 -1.350190 -0.806374
2.037985 -1.351275 -0.760617
2.080431 -1.367328 -0.734591
1.448493 -1.993154 -0.758070
1.420404 -1.999416 -0.779630
2.028888 -2.682357 -0.753525
2.024243 -2.684680 -0.714193
2.650016 -2.660119 -0.734163
3.250537 -2.009267 -0.803491
3.206791 -1.955474 -0.836529
3.194559 -0.733714 -1.438279
3.213066 -0.763939 -0.768207
2.600257 -0.792562 -0.808451
2.540564 -0.799518 -0.874871
2.450685 -0.814354 -0.897969
2.414150 -0.870628 -1.536500
3.064757 -2.184500 -1.536543
2.449760 -2.171453 -1.582922
2.398797 -2.144649 -1.666970
2.361421 -2.113594 -1.681498
2.402612 -2.143443 -1.646319
2.483401 -2.216574 -1.647944
1.865727 -2.245855 -1.700883
1.864828 -2.210993 -1.743970
2.499180 -2.188611 -1.722672
2.510508 -2.885523 -1.674461
2.544751 -2.946255 -1.681732
2.557443 -2.270946 -1.748293
2.524404 -2.183499 -1.799124
2.504237 -1.518148 -1.785094
1.925153 -1.570431 -1.106079
1.992085 -1.611223 -1.123864
0.672486 -0.870739 -1.159446
0.642211 -0.789999 -1.153827
0.625690 -1.485526 -2.347793
0.640497 -1.584738 -2.270949
0.054463 -1.630125 -2.237515
0.649453 -1.558714 -2.219257
0.632918 -1.473433 -2.185298
-0.631680 -1.489988 -1.515938
-0.572116 -1.567168 -0.903283
0.718881 -1.588087 -0.920998
1.370987 -1.525642 -0.947313
1.387852 -1.483416 -0.943553
1.415164 -0.927997 -0.908459
1.434402 -1.038598 -0.869017
2.060813 -1.697211 -0.861625
2.040199 -1.614014 -0.886257
2.026050 -1.535617 -0.914531
1.362525 -1.546288 -0.936107
1.353677 -1.591559 -0.326412
1.341673 -1.579782 -0.375999
1.317435 -1.444730 -0.425180
1.302785 -1.404139 -0.452871
1.291567 -1.488810 -1.076854
1.265288 -1.593439 -1.072322
1.228123 -2.282890 -1.069907
1.212973 -1.528105 -1.087574
1.255081 -1.489890 -1.111447
1.312162 -2.166059 -1.101124
1.347410 -1.589391 -1.048494
0.058751 -0.910220 -0.378787
0.078125 -1.444965 -0.368358
0.117016 -2.108026 -0.340466
0.749776 -0.934332 -0.269001
0.709574 -1.036703 -0.797170
0.668332 -1.025806 -0.771054
1.311178 -0.964184 -0.817238
0.751102 -1.608686 -0.860341
0.779899 -1.659069 -0.857357
0.775290 -2.335922 -0.828236
0.766387 -2.258359 -0.225867
0.780486 0.402933 -0.294862
0.803082 -0.249017 -0.350857
0.789124 -1.007679 -0.962494
0.737153 -1.055500 -0.934124
1.324382 -1.039360 -0.955675
1.345506 -1.012910 -1.029447
1.394470 -1.003928 -0.491632
1.422743 -1.004900 -0.514597
0.782275 -0.962118 -0.506126
0.784316 -0.879997 -0.507820
0.836720 -0.206964 -0.534079
0.898540 0.469836 -0.546058
0.907724 -0.868154 0.764771
0.874139 -0.866104 0.809403
0.880765 -0.198781 0.855126
2.245345 -0.179660 0.267327
2.300110 -0.196498 0.259479
2.301810 -0.216226 0.245117
2.246513 -0.187946 0.891038
2.216039 0.517022 0.332134
1.611205 0.525879 -0.296657
0.448908 0.478971 -0.310328
0.404471 1.047057 0.280875
0.336555 1.056468 0.306679
0.953275 1.077578 0.332210
0.991029 1.058639 0.305391
0.970887 1.026352 0.245420
0.231195 1.026617 0.196676
0.094198 0.430722 0.190681
0.039252 0.430878 0.203710
0.049540 0.386333 0.189716
0.663352 0.991323 0.159690
0.553269 0.971918 0.145135
0.476247 0.961885 0.152227
1.145765 0.293449 0.161902
1.222708 0.249977 0.147273
1.234121 0.908887 0.113303
1.792316 0.951228 0.730933
1.728467 0.999982 0.739566
1.788288 1.017098 0.735189
1.904222 1.024656 0.741020
1.961699 1.034142 0.730615
1.938876 1.063545 0.730762
1.936266 1.092405 0.746986
2.019046 0.443348 0.121499
2.096472 1.091264 0.121884
2.073685 1.106715 0.094310
1.297786 1.192870 0.065722
1.218756 1.236575 0.059172
1.265001 0.594066 0.072786
1.347154 -0.001959 0.077150
0.716859 0.001971 -0.595715
0.639218 0.059821 -0.605443
0.587660 0.130948 0.054900
1.264975 -0.514899 0.081347
0.693043 -0.570221 0.714162
0.689088 -1.253750 1.342583
0.604490 -0.612233 1.945175
1.810748 -0.594414 1.946142
1.888479 0.007174 1.301690
1.971150 -1.329242 1.281785
1.967238 -2.016617 1.271598
1.896500 -1.344973 1.268911
1.255165 -1.300534 1.250645
1.317317 -0.683743 1.212752
2.040848 -1.391823 0.546695
2.023468 -0.806117 0.551270
1.933839 -0.160222 -0.053545
1.884321 -0.156872 -0.031997
1.920557 -0.195244 0.590276
1.977863 -0.928239 0.563504
1.988965 -0.953779 0.572720
1.949409 -0.277130 0.625636
1.926374 -0.220898 0.670545
1.951622 -0.188557 0.033338
1.985036 -1.484361 0.002933
1.961725 -1.517230 0.647256
1.893303 -0.890303 0.068930
1.216229 -0.876581 0.130199
1.232892 -0.868678 1.382632
0.027025 -0.869391 1.329081
0.023883 -0.849896 1.318960
1.237040 -0.813855 1.396899
1.231073 -0.166516 1.482809
1.272241 -0.754985 1.492642
1.303030 -0.733376 1.454899
1.270665 -2.074561 1.459635
1.196711 -2.081732 1.532398
0.483797 -2.720809 1.592494
0.511536 -2.708708 1.567430
1.217445 -2.703109 1.494227
1.232094 -2.683884 1.475579
0.559168 -3.966842 1.530684
0.555839 -3.289362 -0.443187
0.588711 -3.251010 0.869076
0.593756 -3.226394 0.777769
0.554971 -1.902844 0.746243
0.503460 -1.301680 0.774836
0.495149 -0.690937 0.783886
0.534377 -0.712803 0.734152
0.577649 -0.083768 0.678144
0.613977 1.851980 0.690019
0.646683 1.170052 0.767767
1.347805 1.788178 0.844334
1.395005 2.432343 0.868751
1.405123 2.422881 0.871514
1.372307 3.015804 1.569478
0.665916 2.309249 0.967805
1.310088 2.910954 1.010186
1.283425 2.911555 1.644935
1.286136 1.672999 2.279823
1.274944 1.724081 2.268295
1.276128 1.780812 1.623181
0.686270 3.008318 1.661973
0.710761 2.391961 1.661506
0.701873 2.449036 2.287883
0.668290 1.192098 2.265220
0.642369 1.162820 1.621083
0.646558 2.387819 1.644755
1.989703 2.366267 1.624284
1.410606 2.396255 1.575960
1.484314 2.417597 1.541699
2.152218 1.708002 1.573203
2.150732 1.639502 1.001113
2.191644 1.619570 1.033285
2.267978 1.652279 1.015782
2.292675 1.675347 0.986629
2.214190 1.633967 1.613436
1.432483 1.567701 1.652447
1.407544 1.541486 1.674538
2.083170 1.583616 1.652183
2.071734 1.656528 1.611531
2.008585 1.691397 1.593052
1.984747 1.690539 1.599558
2.020462 0.380430 1.606027
2.059523 0.437027 1.585733
2.029292 0.495956 1.563503
1.934560 0.475908 1.559947
1.879029 0.382438 1.589551
1.912183 1.614044 1.625542
1.971702 0.994324 1.614681
1.980400 1.053507 1.560660
1.967714 1.049206 1.525999
2.015311 0.292614 2.895413
2.752895 0.260888 1.697407
0.966987 -0.306323 1.693474
1.588831 -0.220383 2.892252
1.556445 -0.215253 3.508409
1.600185 -0.266228 2.941366
0.380569 -0.280933 2.363464
0.374253 -0.203326 3.671192
0.322526 1.101438 3.583957
0.292754 1.108930 3.547707
0.325978 1.067766 2.935376
0.367258 1.060658 2.341131
0.357126 1.122643 3.656056
-0.329819 1.177051 3.642872
-1.670077 1.159131 3.655299
-1.042222 1.069280 3.019148
-2.358231 2.239751 3.039015
-2.432437 2.253684 3.708591
-2.438778 2.285765 3.027030
-2.352258 2.273584 2.338703
-2.258798 2.228248 2.344511
-2.235803 2.218646 1.738982
-2.255842 0.943838 1.765221
-2.238623 -0.365972 2.487183
-2.179808 -1.079298 2.501210
-2.165798 -1.090496 2.522937
-2.257263 -1.035942 2.540576
-2.371421 -0.985346 2.538859
-2.380618 -1.015286 1.887986
-1.624431 -1.072442 2.536066
-1.602793 -1.060984 3.168834
-1.673390 -0.992965 3.201935
-2.393794 -1.575634 3.252512
-1.696154 -1.653682 3.290045
-1.616368 -1.734758 3.271242
-1.611117 -1.721996 3.880403
-2.337839 -1.046359 3.827487
-2.424071 -1.045177 3.811821
-2.404101 -0.487778 3.796321
-2.314041 -0.517004 3.743838
-2.274232 -0.467645 3.033069
-2.311778 -0.407926 3.015729
-2.341213 -0.396666 3.063607
-2.301480 -0.446353 3.103589
-2.241281 1.522597 3.070576
-2.253387 1.543413 2.987225
-2.331441 1.529929 2.939094
-2.405677 1.492799 1.718220
-2.437230 1.490355 1.732214
-1.815177 1.540614 1.701463
-1.831270 1.601875 1.656063
-2.493786 1.622106 1.672758
-0.617257 1.622642 1.119822
-0.630135 0.423443 1.831619
-0.664882 0.449349 1.178537
-0.050148 0.469900 1.741942
1.291030 -0.775519 1.714874
1.289278 -0.788833 2.371841
1.234762 -0.785468 2.390789
1.186057 -0.774454 2.368757
1.217303 -0.774234 1.704107
1.310067 -0.783403 2.361667
1.362888 -1.425956 2.427743
1.354522 -1.408533 2.478867
1.341708 -1.372452 1.820929
1.398824 -0.057047 1.785984
2.077677 -0.052085 2.417107
2.059187 -0.067759 2.410731
1.302259 -0.072668 1.737269
1.204477 -1.382021 1.701592
1.206951 -2.646592 1.669875
1.240534 -2.612065 2.313372
1.853714 -2.630177 2.366498
1.159281 -2.664848 2.416447
1.144689 -2.643480 2.438401
1.216753 -2.572108 2.451129
1.285823 -1.899097 3.131165
1.935503 -1.957349 3.789712
1.208222 -2.043355 3.768957
1.154312 -0.812332 3.750063
1.179576 -0.850788 3.770080
1.238801 -0.882840 3.814848
1.904270 -0.279587 3.230666
1.852626 -0.340892 3.255302
1.191487 -0.377012 3.302352
0.599858 -0.390385 3.359404
0.690086 -1.066010 3.385245
0.735598 -1.093407 1.936445
0.705464 -0.467785 1.252940
0.657643 -0.451583 1.230965
0.667496 -0.463897 1.205518
0.741509 -0.501767 1.175222
1.453263 0.069725 1.162986
1.421595 -0.527706 0.521813
1.376241 -0.438902 0.532687
1.387496 -0.390573 0.516487
1.447753 -0.413786 0.459693
1.483847 -0.436407 0.382557
1.451589 -0.392268 0.316311
1.395188 -0.330350 0.285099
1.365418 -0.997940 0.949260
1.354500 -0.446454 0.929284
1.329230 -0.475400 0.903789
1.277478 -0.428915 0.267118
0.634062 -0.405977 0.289024
0.605073 1.504473 0.329186
-0.039740 1.461358 0.346324
-1.947995 1.454202 0.301230
-2.003772 2.102191 0.213676
-2.039602 1.451789 -0.490322
-2.024257 2.060271 0.211042
-2.643607 1.386992 0.263991
-2.624949 1.399508 -0.397455
-2.655268 0.114186 -0.450775
-2.687321 0.184858 0.207767
-2.681715 0.189686 0.265254
-2.662724 0.809803 0.327305
-2.683256 0.836619 -0.362407
-2.710072 0.905371 0.908079
-2.678623 0.965821 0.792231
-2.621782 0.335313 0.749762
-2.592890 0.343724 0.795448
-2.593421 -0.251547 0.837003
-1.946827 -1.390579 0.805961
-1.918317 -1.358165 0.768407
-1.272905 -1.355804 1.456688
-1.295526 -1.369050 0.231767
-1.965296 -1.375073 0.239588
-1.930317 -0.209363 0.218255
-1.862299 -0.208977 0.223332
-1.824221 -0.780041 0.259403
-1.833139 -0.706018 0.290721
-1.832736 -0.672234 0.290379
-1.180509 -1.296056 -0.346898
-1.141896 -1.308284 -0.305007
-0.527611 -1.911132 -0.897481
-0.619268 -1.298120 -0.881458
-1.331681 -1.310764 -0.914794
-1.315379 -1.366853 -0.310250
0.637319 -0.790401 -0.277920
0.640189 -0.801029 -0.227663
0.559637 -1.393746 -0.221624
-0.142037 -0.765889 -0.257178
-0.125469 -0.210173 0.388318
0.531981 -0.288866 0.416529
0.445347 -0.953746 0.468430
0.294691 -0.938348 0.490079
-0.417082 -2.239716 -0.154326
0.263138 -2.263875 -0.174138
0.343403 -2.224780 -0.179302
0.353910 -2.143921 -0.166473
-0.321923 -2.719143 -0.151513
-0.327499 -2.716788 -0.133161
1.054630 -3.387011 -0.122276
1.068009 -3.425975 -0.122273
1.003177 -2.822294 -0.113995
0.930304 -2.171283 -0.086201
0.958342 -2.181262 -0.043777
1.078540 -2.853186 0.613895
1.208510 -2.833339 0.616561
0.011649 -2.800019 0.590406
0.018234 -2.089134 0.559112
0.063448 -2.051271 0.548709
0.141427 -2.067859 0.547254
0.159786 -2.135525 0.524994
0.052851 -2.202244 -0.145076
-0.085152 -0.908983 -0.184127
-0.129396 -1.532478 -0.182807
-0.091158 -0.308302 -0.149989
-0.091538 0.383673 -0.135594
-0.153020 0.387499 -0.144238
-0.171991 0.436807 0.513340
-0.117059 -0.185490 -0.087735
-0.071082 -0.153039 -0.680687
-0.131762 -0.165784 -0.654262
-0.265018 -0.205235 -0.648978
-0.325518 -0.235305 -0.653666
-0.272329 -0.231862 -0.649142
-0.209689 -0.767895 -0.620807
0.369436 -0.776498 -0.609914
-0.306481 -0.788027 -0.630504
-0.914759 -0.072512 -0.667371
-0.756900 0.004874 -0.685687
-0.637138 -0.640546 -0.689044
-0.678510 -0.694853 -0.716584
-0.811895 -0.760904 -0.104381
-0.228165 -1.400777 -0.746056
1.007770 -1.388723 -0.757914
1.091061 -1.407893 -0.763560
0.404083 -1.460471 -1.408728
0.309681 -0.830378 -1.408331
0.304883 -0.778140 -2.049920
-0.224024 -1.921270 -2.021634
-0.125562 -1.269587 -2.001257
-0.151999 -1.967730 -1.994821
-0.269065 -1.993093 -1.368194
-0.334647 -2.656378 -1.370390
-0.290336 -2.025042 -1.338112
-0.212340 -2.062513 -0.699612
-0.193320 -2.091623 -0.744349
1.001175 -2.736201 -0.758475
0.999834 -2.719676 -0.745880
1.091201 -2.725801 -1.282590
1.232374 -2.741761 -0.674132
1.246217 -2.091997 -0.679333
0.527782 -2.734795 -0.720157
0.472046 -1.981516 -1.345036
1.136028 -2.008136 -1.328906
0.538797 -2.037991 -0.732263
0.586202 -2.033964 -0.759034
0.589194 -1.323027 -1.389068
0.580902 -1.266143 -1.380093
0.578473 -1.203980 -0.755397
0.590754 -2.449116 -0.689449
0.573179 -2.442529 -0.682000
0.523547 -2.443880 -0.640539
0.468334 -2.382495 -0.063753
0.423108 -1.770669 0.626646
0.412300 -2.454025 -0.044296
0.399929 -2.506705 -2.016811
0.389757 -2.532923 -2.042100
0.394136 -1.852697 -1.387688
0.413481 -2.484796 -1.319103
0.439157 -3.167855 -1.967491
0.426918 -2.604129 -1.982314
-0.281705 -1.942255 -2.017956
-0.321477 -1.933410 -2.037378
0.330788 -1.921399 -2.045976
0.374009 -1.972192 -2.728362
0.389246 -2.039122 -3.415972
0.359028 -2.641390 -3.452109
0.334734 -1.901863 -2.783142
0.369167 -1.820910 -2.725229
0.448295 -2.503451 -2.693812
0.481993 -3.180056 -2.680375
0.428459 -3.155467 -1.327153
0.350090 -1.864827 -1.290904
0.331804 -1.893922 -1.959838
1.728932 -1.352604 -1.998205
1.088530 -1.395009 -2.040629
1.058951 0.594683 -2.681453
1.032481 0.643628 -2.653322
0.404242 0.691272 -2.024112
0.482942 0.011880 -2.718214
0.500854 -0.013605 -2.730133
0.426810 -0.036449 -1.375516
0.344256 0.609669 -2.051298
0.341584 -0.654281 -2.146394
1.064425 -0.713579 -1.610956
1.108729 -0.727949 -1.621963
1.095876 -0.682634 -0.258107
1.084565 0.033521 -0.235016
1.136780 -0.566561 -0.250766
1.220018 -0.556693 -0.267286
1.250721 -0.570172 -0.247900
0.561424 -0.596903 -0.213776
0.501654 -0.631500 -0.231911
-0.161081 -1.272968 0.335725
-0.141256 -1.296125 0.273351
-0.171075 -1.278768 -0.361192
0.383804 -1.267979 -0.368237
0.336393 -1.279853 0.833130
1.005763 -1.295527 0.781145
0.464910 -0.619233 0.787201
1.118108 -0.579073 1.477890
1.082481 -0.645888 0.806714
0.404201 -0.687253 0.725234
0.425816 -1.381535 0.047804
1.133745 -1.342500 0.084606
1.798125 -0.579562 0.842458
1.767602 -0.586117 0.817789
2.399088 -0.664027 0.781306
2.422887 -0.087216 0.112811
2.482668 0.608123 0.241016
2.528325 0.652713 0.342170
2.512022 0.624698 -0.928331
3.801441 -0.078915 -0.983073
3.764138 -0.808459 -0.962202
3.773402 -0.760407 -0.867607
3.182330 -0.081457 0.452456
3.203143 0.540651 0.389841
2.519064 0.471889 0.315361
2.484320 -0.209924 0.320493
2.502472 -0.149455 1.039791
2.574676 -0.098917 1.689180
2.597285 -0.776130 2.916120
1.913875 -0.232038 2.824617
2.520470 1.070676 2.111867
3.185795 1.115483 2.155269
2.616172 1.150012 2.231517
2.023522 0.470096 2.243649
2.655032 1.683078 2.208360
3.271683 1.718452 2.846774
3.934977 -0.796040 2.300360
3.355998 -2.074957 2.389380
3.357812 -1.436065 2.358873
3.963721 -0.792902 2.263886
3.911562 -0.153784 3.533872
3.273150 0.543436 2.991348
3.311034 1.185213 3.077267
3.302573 3.033647 3.072848
3.235709 3.750227 2.366790
3.181042 2.611960 2.345813
3.183910 0.700585 2.416050
3.207435 -0.540527 1.866322
3.179822 -0.528585 2.466626
