-0.540112 -0.660496 2.015418
-0.533424 -1.308926 1.422498
-0.497332 -0.041692 2.127596
-0.491637 0.036948 2.184468
-0.523392 0.084592 2.151686
-0.538329 0.048770 2.083807
-0.500568 0.001491 0.880414
-0.454886 -2.470879 0.927522
-0.461754 -1.809837 0.953693
-0.514253 -1.838871 0.890047
-0.550627 -2.523686 0.829479
0.705308 -2.504931 0.824173
0.779356 -1.821670 0.263086
1.445248 -1.785721 1.478278
1.383060 -0.593643 1.431945
0.700987 -1.171554 0.143918
0.775372 -1.740136 0.149006
0.848487 -1.743720 0.157617
0.823400 -1.767817 0.795430
0.713932 -1.773109 0.793895
1.289955 -1.755665 0.795949
1.304544 -1.753469 0.160336
1.370398 -1.195722 0.788078
0.101445 -1.212327 0.214208
0.045920 -1.189651 0.232339
0.020016 -1.157524 0.267079
0.088193 -0.559979 -0.303554
0.180478 0.003931 0.338099
0.188520 -0.031108 0.329095
0.095764 -0.010596 -0.369907
0.015320 0.001867 -0.306016
0.032902 -0.043165 0.337746
0.087701 0.548343 -0.322364
1.355674 0.576518 -0.982672
1.901505 0.649276 -0.998028
1.837670 0.683396 -0.986139
0.660857 0.649846 -0.894327
0.044164 1.239295 -0.857876
-0.008643 1.279486 -0.884051
-0.116288 1.330089 -0.942431
-0.185837 1.334620 -0.957712
-0.189421 1.288832 -0.909432
-0.161834 1.281439 -0.875604
-0.775320 1.341893 -0.925566
-0.785024 1.410911 -0.384087
-2.693954 0.811987 0.899377
-1.403164 0.164603 0.992466
-1.358029 -0.490486 1.693824
-1.365806 0.721487 1.034110
-1.428323 0.706441 0.962726
-1.491248 -0.635136 0.949190
-1.504415 -0.669343 0.334750
-1.472576 -1.337531 0.931081
-2.664308 -1.376724 2.090205
-2.652836 -1.389082 2.037417
-2.635995 -1.388843 2.055619
-2.572999 -0.763467 2.105273
-2.497310 -0.801175 2.111564
-2.462595 -0.226296 2.095131
-3.078830 -0.860373 2.709978
-3.113889 -0.833935 2.723586
-3.118104 -0.817274 2.728242
-3.105802 0.415151 2.714624
-2.438066 0.417390 2.710191
-1.856364 0.451908 2.075918
-1.885898 0.496178 1.509467
-1.880408 0.516175 1.534174
-1.841884 1.140552 1.539306
-1.814598 1.121881 1.552241
-1.267811 1.145194 0.957731
-1.299738 1.206248 -0.354366
-0.055244 1.255302 -0.383350
-0.057861 1.264183 -0.422529
-0.074305 1.277160 -0.447429
-0.107212 0.699412 0.928404
-0.100726 1.333837 0.905930
-0.065198 1.303931 0.831876
-0.633703 1.236625 0.782518
0.642567 1.176898 0.782791
0.646352 0.548742 0.765260
0.688014 1.747602 0.688892
0.131350 1.700122 1.202598
0.148071 1.713979 1.189368
0.745293 2.355757 1.230754
0.761928 1.742144 1.267933
0.187956 1.726550 1.267301
0.221400 1.699202 1.270235
1.434609 2.325523 1.301157
0.729742 1.633247 1.331792
0.719630 1.602246 1.948032
0.767619 1.612211 1.261561
0.783486 1.625397 1.245753
0.712991 1.626928 1.893618
1.223904 1.637253 1.936774
1.187414 1.016286 1.975094
2.361815 1.053139 2.014054
2.328371 1.075847 2.066346
2.258631 1.698755 2.128790
2.182963 2.274245 2.179280
1.517503 2.246789 1.537415
1.548473 2.899471 2.142398
2.194138 2.910923 2.152387
1.630333 2.911504 2.815312
1.646872 2.900116 2.860084
2.342108 2.221816 2.896878
1.705379 2.248641 2.940781
2.338825 1.650542 2.986795
1.140025 1.647229 3.022072
1.109803 0.978523 3.040330
1.071213 0.938959 2.419307
1.063706 0.331067 2.421088
1.767488 -0.220610 2.384602
1.804757 -0.211212 2.328383
1.811167 -0.852644 2.279561
1.797673 -0.873303 2.863246
0.514384 -0.871128 2.836034
0.536799 -0.878092 2.807368
0.567372 -0.920941 2.788560
-0.075537 0.267930 2.202534
-0.077746 0.231050 1.549695
-0.086161 0.242475 1.521320
-0.095733 0.275427 1.477446
0.511004 -0.944421 2.059373
-0.177779 -0.945329 2.619413
-0.215785 -0.926155 2.611964
-0.234188 -0.901169 2.568219
-0.220338 -0.311559 3.154494
-0.187157 -0.352564 3.166474
-0.183191 0.861085 3.231520
-0.218001 1.486443 3.284271
-0.278595 1.463361 3.282306
0.333880 2.039069 3.278688
0.318371 2.625680 3.322977
1.641470 2.002378 3.374990
1.610764 0.781077 3.369959
1.577482 0.776765 4.603374
1.573030 0.764521 4.620051
1.593063 -1.085727 4.035723
1.605698 -2.955263 4.065534
1.588283 -2.930509 4.022058
1.553325 -2.904196 4.610563
1.529324 -2.885065 3.960307
1.533578 -2.862577 3.990676
1.557585 -2.223307 4.635323
1.574555 -2.824848 3.306000
1.597575 -4.069882 3.196220
1.650292 -4.056848 3.828738
1.715203 -2.117462 3.891352
1.108684 -2.715589 3.918366
3.046479 -2.071762 3.852700
3.015669 -1.439344 3.166780
3.011317 -1.438259 3.185849
2.409414 -0.780542 3.258550
2.392429 -0.777656 3.271631
2.353576 -0.795165 3.209226
1.124051 -0.842142 3.111613
1.172226 -0.897930 3.191188
1.210065 -0.934894 3.313029
1.190147 -0.953661 2.132638
0.514341 -0.961071 0.874602
1.693614 -0.967126 0.835224
1.686351 -0.382109 1.509959
1.690640 -0.377084 2.223405
2.926905 -0.338532 2.250523
2.836719 -0.310521 2.189370
2.174287 -0.331666 2.099101
2.226353 -0.380966 2.670015
2.264866 0.209757 3.313708
2.243476 -0.420171 3.313626
2.193418 -0.422666 3.241436
2.203283 -0.473506 3.169795
2.267393 -0.523613 3.168853
2.307795 -0.521645 3.211376
2.288398 -1.074401 2.562054
2.901915 -0.419918 2.505729
2.944878 -1.065804 3.718524
3.018930 -1.114166 3.751284
3.055275 -1.114299 3.794839
3.030208 -1.080371 4.390236
3.008349 -1.058048 4.355069
1.787527 -1.072195 4.391044
1.205572 -1.091769 2.530851
1.178898 -1.061411 4.562264
1.140383 -0.991141 4.552739
1.149228 -0.919710 4.513265
-0.135631 -0.899856 5.128483
-0.129839 -0.916874 5.705727
-0.124550 -0.918274 5.648815
-0.100693 -0.896447 5.576613
-0.049830 -0.864904 4.924735
-0.016908 -0.876578 4.960915
-0.030695 -0.927916 4.397629
-0.063412 -0.952902 3.845699
-0.076667 -0.923235 4.484653
-0.067785 -0.883432 3.890329
-0.072557 -0.912778 2.018228
-1.429850 -0.986000 1.394127
-1.433557 -1.018163 1.392992
-1.427636 -0.977265 2.011712
-1.436636 0.395642 1.398279
-1.456262 0.420895 1.385891
-1.467200 -0.239591 1.376039
-1.467515 0.421290 1.989826
-1.469184 0.486073 1.950212
-2.140430 0.554899 1.921907
-2.144904 -0.099702 1.909606
-2.754977 -0.791156 0.645269
-2.667088 -0.814817 1.953185
-2.614959 -0.816913 2.588031
-2.615595 -0.162839 3.181710
-2.612032 -0.188339 3.171778
-3.190740 -0.214771 3.200778
-3.148813 -0.246067 3.232734
-3.153569 -0.247292 3.260450
-3.195266 -0.242196 2.645398
-3.213966 -0.275627 2.700299
-2.522632 -0.328120 2.742257
-2.474398 -0.351796 3.443358
-2.445426 -0.335612 3.464761
0.052743 -0.295961 4.114723
0.030399 -0.917442 3.480396
0.004491 -0.285909 2.822062
-0.015796 -0.906757 2.795722
-0.009183 -0.214002 1.527411
0.025030 -0.187489 0.853300
0.037770 -0.209522 0.879022
0.000027 -0.240558 0.885629
-0.029784 -0.222874 0.878090
0.004460 -0.163788 2.155132
0.072569 -0.109718 2.185781
1.451601 -0.113383 2.207794
1.384965 -0.779837 2.221817
1.314870 -0.765511 2.880870
1.318279 -0.081171 2.883462
1.370095 -0.043066 2.913626
0.112778 -0.055641 2.319809
0.060517 -0.093918 2.335987
0.014866 -0.086697 2.318969
0.026139 -0.033507 1.717754
0.070799 0.010545 1.773464
0.102043 0.016354 1.819487
0.082551 0.655164 1.790713
0.033220 0.654406 1.732382
-0.004339 0.673031 2.323333
-0.022101 0.678533 3.021435
-0.006858 1.922669 3.020332
0.016101 1.895739 2.925375
0.013897 1.888960 2.860285
-0.014702 1.874538 2.922231
1.151028 2.486353 3.033825
1.146167 1.886477 3.065200
1.195164 3.197150 2.980878
1.851784 3.213267 2.292224
1.767693 2.565095 2.333350
1.663151 2.573876 2.365224
1.637693 1.919955 2.862925
1.686501 2.597472 3.341479
1.711550 1.326271 3.271623
2.345541 0.723781 3.311961
2.327512 0.749919 3.359874
2.351597 1.439390 3.325853
1.793464 0.091306 3.247471
1.824711 0.042060 3.238769
1.838518 -0.017780 2.705483
1.866253 -0.038014 2.107101
1.917160 -0.037717 2.081716
2.582363 -0.045569 2.028104
1.984870 -0.061698 0.180948
2.003013 0.617637 0.274022
2.052967 0.622695 0.366691
2.106694 0.636763 0.394825
2.124116 0.630636 0.394290
2.109552 0.617051 0.416076
2.110271 0.614718 1.099956
2.147129 1.870655 1.113560
2.163079 2.529483 1.083884
2.755369 2.539381 0.383818
2.694279 2.541256 0.356778
2.693192 1.961444 0.333945
2.727388 1.382907 0.978602
2.702649 1.392711 -0.346500
2.601243 1.367152 0.895811
2.520653 0.712580 1.485889
2.512812 0.700636 1.505253
2.512611 0.693105 1.475212
2.440577 -0.639968 2.060965
2.325856 -1.311056 2.043604
2.269418 -1.346756 1.460362
1.639904 -1.348450 1.463380
1.647455 -1.317750 1.496826
1.578855 -0.707842 1.556000
1.513822 1.158896 2.200720
1.537708 1.115965 2.831297
2.267232 1.096615 1.645898
2.300475 1.085304 2.279681
0.942491 1.059576 1.671383
0.905008 1.634664 1.660293
0.942583 0.302251 1.636828
1.015734 1.040773 0.974706
1.659885 0.396873 0.963249
1.587779 1.718887 0.315118
0.939885 1.735282 0.260511
1.685960 2.417451 0.860404
1.775819 1.834749 0.861756
1.766726 1.849851 0.856057
1.699696 1.185996 0.817679
1.705249 1.171407 0.759483
1.802796 1.198499 0.726124
1.888717 1.876267 0.713932
1.247058 2.499188 1.957795
1.210612 3.069111 2.604573
1.266431 1.795419 2.601468
1.403247 1.812552 3.213135
1.502741 1.847397 3.213762
0.876422 1.852693 3.219755
0.839368 0.477245 3.224049
0.860957 -0.214594 2.563341
0.921959 -0.234311 2.541603
1.557524 -0.247649 2.524967
1.474178 -0.275151 3.175397
1.386554 0.345670 3.173353
1.362867 0.327079 3.161655
1.376998 0.340293 3.161399
1.961568 0.371853 3.178086
1.857723 0.403063 2.555984
1.768282 0.412261 3.753554
1.729951 -0.259701 3.743321
1.698229 -0.263975 3.778462
1.631860 0.406360 4.468283
1.567619 0.394132 4.486348
0.931441 1.014877 3.215628
0.983364 1.012834 3.252993
1.040692 1.007685 2.719285
1.078619 0.375497 2.800285
1.118837 0.388881 3.455217
1.187012 0.406174 2.822413
1.869366 -0.249828 3.433668
1.884756 -0.257245 3.424254
1.214805 -0.271014 4.063420
1.229070 -0.294920 4.054380
1.291374 -0.302778 2.837143
1.351617 -0.270910 2.873174
1.354039 0.409531 3.561350
1.318900 -0.155725 3.613188
0.016683 -0.133895 3.622956
1.339279 -0.109421 2.980729
1.981708 -0.065240 1.123643
1.900194 -0.019857 1.136543
1.151657 -0.011250 1.749699
1.111689 -0.054892 1.714983
1.143938 0.566844 1.732373
1.166692 -0.082043 1.796979
1.142990 -0.044607 1.828717
1.127503 -0.048757 1.817939
0.560469 -0.113959 1.807708
-0.556973 -0.173076 1.205241
-0.563793 -0.153617 1.263603
-0.634920 0.545363 1.263145
-0.674726 -0.020942 1.188834
-0.618574 -0.099816 1.127062
-0.521226 -0.181180 1.148797
-0.506008 -0.169130 1.183967
-0.561411 -0.097980 1.155487
-0.570956 -0.062183 1.714181
-0.490430 -0.111208 1.680996
-0.413807 -0.862823 2.346118
0.223499 -0.842926 1.749356
0.153494 -0.777190 1.710305
0.139413 -0.140586 1.016143
0.236428 -0.211937 0.952993
0.345643 0.334748 0.918272
0.348816 -0.312810 0.886446
0.249642 -0.257109 0.852193
0.199466 0.426805 0.859975
0.245219 0.361680 2.157989
0.872312 -0.362574 0.920306
0.812332 0.348430 0.909252
0.679045 0.403802 0.913827
0.620270 0.396550 2.219677
0.685102 0.332178 2.196569
0.776564 -0.321296 2.133941
0.764455 0.369874 2.076665
0.660548 0.450037 2.123723
0.608374 -0.200460 2.114398
0.655648 -0.230580 2.717684
0.709827 -0.202260 1.464728
0.666790 0.502408 1.464064
0.544239 0.513108 1.516738
-0.104694 0.453082 1.543203
-0.031047 1.063603 1.566619
0.056114 1.099094 2.195149
0.059323 0.557053 2.211620
0.620878 1.204630 2.178843
0.618345 1.799502 2.226538
0.693262 1.163539 2.250281
0.749941 1.176955 2.251341
0.724252 -0.068140 0.997843
0.665018 0.560927 -0.221445
0.664201 0.505669 -0.181944
0.722506 0.469534 -0.219495
0.757159 0.493932 -0.312255
0.723746 0.483760 -0.382702
0.682717 0.499055 -1.003824
0.688182 1.147656 -0.937402
0.708457 1.220626 -0.924707
0.675144 -0.076071 -0.974813
0.589225 -0.018581 -1.014815
0.524594 -0.044275 -1.008818
0.519416 -0.128553 -1.008015
1.208472 -0.171090 -1.072636
1.222309 -0.141015 -0.522346
0.551673 -0.103587 0.100583
0.571380 -0.117121 0.163623
1.238619 -0.172466 0.231054
1.313249 -0.189731 0.247091
1.322305 -0.148423 0.245269
0.069842 -0.118874 0.265249
0.058003 -0.162109 0.303798
0.087152 -0.249624 0.314341
0.775193 -0.274900 0.929525
0.133246 -0.215838 0.945598
0.100130 -0.148395 1.013599
0.097859 -0.118705 2.391432
0.145660 -0.109745 1.063013
0.176591 -0.056712 0.315881
0.150181 0.045546 -0.363839
0.102060 0.761458 -0.319116
0.081853 0.765801 -0.873739
0.223094 0.036147 -1.497172
-1.683199 0.019509 -0.874661
-1.714171 0.748918 -0.310676
-1.717568 0.142030 -0.253387
-2.256962 0.126168 -0.772515
-2.205893 -0.622022 -1.476742
-1.626315 -0.668818 -1.549678
-1.674350 0.019670 -1.601235
-1.663941 0.031288 -1.550807
-1.678163 0.584255 -0.198961
-1.703139 0.510700 -0.179909
-1.756547 0.471539 -1.443989
-1.745485 1.138893 -1.493157
-2.975084 1.180080 -1.502305
-2.920054 1.201934 -0.872343
-2.954346 1.190037 -0.221478
-2.458806 1.173500 -0.886462
-2.517543 0.560502 -0.886347
-1.821060 -0.650222 -0.875352
-1.763487 -0.632980 -0.866418
-1.778153 -0.668292 -2.159880
-1.848553 -0.067488 -2.153637
-2.523196 -0.041383 -2.767870
-2.451640 -0.007755 -2.811714
-1.753527 -0.011760 -2.827120
-2.393577 -0.052779 -2.247630
-2.484679 -0.714028 -1.614556
-2.525390 -0.711052 -1.541999
-2.502597 -1.287781 -1.499113
-2.471152 -1.302326 -1.503035
-2.495882 -1.345734 -0.878762
-2.545381 -1.379412 -0.890214
-2.560168 -1.369666 -0.893249
-2.534689 -1.339092 -0.863567
-1.988179 -1.332169 -1.530154
-2.030130 -1.490753 -0.224517
-2.084507 -1.513210 0.411231
-1.464324 -1.471021 0.447319
-1.427807 -2.631487 0.492662
-1.393546 -2.572514 0.511485
-1.407634 -1.927145 0.490511
-1.409116 -1.908862 -0.172998
-0.729120 -1.868590 -0.181891
-0.705496 -1.820525 0.445715
-0.686289 -1.794357 0.423619
-0.642677 -1.796437 0.408516
-1.254295 -2.434913 0.419659
-1.891339 -1.776709 0.443539
-1.898356 -1.160758 -1.489018
-1.259421 -1.161682 -0.884326
-0.585718 -1.776464 -0.893086
0.165008 -1.786986 -2.825336
0.185535 -1.813131 -2.812349
0.757266 -1.847151 -2.224517
1.397038 -1.882127 -2.243707
1.405837 -1.921915 -2.215128
0.771271 -1.973786 -0.875881
0.785706 -2.015960 -2.147606
0.181246 -2.695227 -2.790192
0.809741 -2.646342 -2.764932
0.835512 -2.595285 -2.707528
0.885467 -2.559641 -2.079711
0.287766 -2.533378 -1.482330
-0.343637 -2.497319 -1.507375
-0.393682 -2.455613 -1.531789
-0.432780 -2.434984 -1.467093
0.218256 -2.442506 -1.363868
0.241054 -2.450836 -0.750779
0.238962 -1.792485 -0.779003
0.201452 -1.722157 -0.153388
0.188716 -1.668483 -1.407553
-0.451226 -1.658630 -1.428063
-0.388215 -1.054008 -1.486920
0.928289 -1.057858 -0.894305
0.254376 -1.056232 -0.913726
0.216619 -1.726498 -0.920037
0.233097 -1.173282 -0.943893
0.284729 -1.238273 -0.974897
0.297732 -1.242321 -0.340218
0.247386 -1.833364 -0.321635
0.199279 -0.571899 -0.269996
0.198258 0.033557 0.385021
0.246692 0.012827 0.338244
2.164038 -0.599838 0.320133
1.509095 -1.218417 0.854219
0.843704 -1.226715 0.283752
0.836977 -1.284866 0.907525
1.497274 -1.332821 1.548038
0.821966 -1.319392 0.939308
0.757636 -1.259810 0.936277
0.706228 -1.847058 0.954582
0.709170 -1.260889 0.962606
1.394642 -1.319695 3.464158
1.399145 -1.982985 3.438320
0.727711 -2.001488 3.427793
1.369025 -2.046670 4.047403
1.396856 -2.134782 4.073382
1.424892 -2.206461 4.099180
1.429110 -2.228191 4.126633
1.434520 -2.191528 5.405723
1.451348 -1.514603 4.163790
1.478526 -1.527630 4.165596
1.494867 -2.217765 4.168639
0.232149 -2.255480 4.183040
0.194316 -2.237791 3.589095
0.164349 -2.215094 3.009597
0.156343 -2.232153 3.065236
0.142525 -2.262395 3.096757
0.748891 -1.622395 3.091189
0.077147 -1.526417 3.069925
0.066407 -1.417280 3.069162
0.707902 -2.671955 3.065129
0.694985 -2.652750 2.378606
0.062070 -2.641148 3.018458
0.075058 -2.606715 3.010169
0.065313 -2.571587 3.639028
0.690675 -3.162006 3.618584
0.681562 -3.152545 3.581708
0.049703 -3.139929 3.556727
0.096638 -3.100284 3.563319
0.115110 -3.021959 3.572925
0.752420 -2.336083 4.166536
1.948660 -2.932647 4.112985
1.338477 -2.957056 4.097205
1.371665 -2.343612 3.479442
1.368048 -2.367051 1.602021
1.332100 -2.387249 1.542123
0.675407 -2.427711 1.501711
0.656460 -2.484309 1.537752
0.673491 -2.517990 0.980870
0.674906 -2.502834 1.016183
0.031863 -3.130065 0.971303
1.289890 -3.115081 0.943804
1.336562 -3.152544 0.402056
1.359070 -3.220939 0.452971
1.311465 -3.275931 0.470035
1.238708 -3.279662 -0.196108
1.205590 -3.884532 -0.152938
1.229434 -3.872612 2.512583
1.877685 -3.232667 2.507683
1.250007 -2.535256 2.464643
1.889542 -1.838327 2.454136
2.518593 -1.778668 2.469857
2.578398 -1.780098 2.521747
2.625776 -0.590258 2.442511
2.617270 -0.626692 1.713070
2.560458 -0.652470 1.030653
1.861559 -0.652320 2.324215
2.486018 -0.624006 2.348661
2.510463 0.092278 2.335149
2.492061 1.343305 2.306649
2.443243 0.618393 1.649607
2.432350 -0.714337 1.689591
1.869144 -0.743864 1.113818
1.917748 -0.068871 2.440554
1.903909 -0.082426 3.091221
1.848090 -0.743320 3.077363
1.827039 -0.783485 3.048852
1.876317 -0.749460 3.013832
1.270836 -0.670410 3.038101
1.260957 -0.615344 3.029440
1.274824 -0.638922 2.961748
1.965464 -0.691388 3.532892
2.007939 -0.705967 3.547537
2.006238 -0.696060 3.611396
1.966286 -1.358669 3.618199
1.927580 -1.434917 3.528979
1.923162 -2.844147 3.445204
2.566698 -2.214094 3.451074
2.544933 -2.166594 4.145423
2.513735 -1.503199 4.197554
2.515818 -1.532410 4.181118
2.568745 -1.541172 4.155654
2.621367 -1.493064 4.179478
2.630095 -1.431268 3.629951
1.948664 -1.419170 3.667983
1.913389 -1.436290 3.622612
1.924230 -1.408321 3.553562
0.703060 -1.312853 2.887117
0.687796 -1.229156 4.177397
0.655078 -1.223677 4.226955
0.634305 -1.259219 4.234246
0.006540 -1.276288 4.223131
0.041106 -1.258357 4.236735
0.014536 -1.252716 4.277980
-0.579379 -2.583954 4.316455
-1.238369 -3.291951 4.323724
-1.245977 -3.324069 3.638064
-1.218861 -3.314796 3.613193
-0.547039 -3.311947 3.003366
-0.513885 -3.330979 3.030868
-0.530568 -2.120077 3.041725
-1.924927 -2.142324 3.020422
-1.881157 -2.135101 2.338862
-1.845111 -2.131837 2.999437
-2.474933 -2.148817 3.008960
-2.483663 -2.176250 3.018249
-2.445617 -1.553398 2.994473
-2.405621 -1.532546 2.950176
-2.389098 -1.512768 2.941965
-1.717512 -1.500694 2.986921
-2.355118 -1.476541 3.034197
-2.297259 -1.432361 2.389291
-2.923882 -1.386833 1.103195
-4.295863 -0.754656 1.097534
-3.633321 -0.748022 1.145590
-3.580347 -0.730140 1.187899
-4.205531 -0.693087 1.161530
-3.561021 -0.642330 2.373611
-3.575149 -0.606002 3.006257
-4.188949 -0.585004 3.026120
-4.172214 -1.140189 2.425686
-3.549930 -1.119289 1.783314
-3.629832 -1.110160 2.400326
-4.293074 -1.119664 3.026980
-3.716862 -0.527739 3.625627
-3.088218 -0.554665 3.644601
-3.064513 -0.571909 3.003156
-3.048058 -0.567529 3.573815
-3.075016 -0.553773 3.571449
-3.729192 -0.560482 3.017098
-3.724929 -0.588479 2.413699
-3.697002 -0.628141 2.405366
-4.345906 -0.662366 1.712823
-3.775649 -0.696861 2.336910
-3.806824 -0.754644 2.362416
-3.793330 -0.828400 1.049839
-3.098298 -0.871867 -0.280374
-3.055482 -0.235957 -0.969321
-3.047207 -0.214029 -0.983666
-3.676230 -0.209013 -0.947253
-3.656613 -0.220312 -1.543756
-3.609209 -0.216821 -1.556233
-3.555255 -0.199831 -0.948906
-3.525285 -0.197552 -0.967440
-3.535195 -0.826886 -0.337513
-3.571814 -0.861026 -0.354039
-3.587269 -0.821739 -0.404875
-4.172189 -0.780383 -0.459741
-4.806339 -0.783294 -0.474914
-4.826625 -0.797893 -1.100861
-4.881986 -0.792132 -0.457472
-4.272739 -0.773515 -0.450888
-3.594685 -0.782364 -0.430235
-2.918395 -0.839770 0.898365
-2.321713 -0.903580 0.892955
-2.431968 -0.932982 0.216870
-3.191411 -0.936986 0.195977
-3.179229 -0.961946 0.199088
-3.122773 -0.374804 0.227490
-3.762014 -0.394301 0.241927
-3.821714 -0.353067 0.240174
-3.878402 -0.299796 0.238998
-3.188448 -0.295921 0.259556
-3.136008 -0.331711 -0.369777
-3.125754 -0.344995 -0.364168
-3.121568 -0.303917 -0.392616
-3.125633 -0.247029 -0.440314
-1.853250 -0.221079 -0.472943
-1.814001 0.496773 -0.480360
-2.516300 0.505925 0.846046
-2.541394 0.529973 0.820356
-2.550938 0.533566 0.799246
-2.512217 0.493303 0.834787
-2.471977 1.045011 0.892489
-2.490580 1.034856 0.910381
-1.840974 1.052430 0.887062
-2.440352 1.060925 0.884218
-3.065664 1.061469 0.945232
-3.005616 1.086681 1.014693
-3.015343 1.110851 0.393004
-1.816561 1.084277 0.405883
-1.854653 1.018273 0.434098
-1.844523 0.966284 0.494901
-1.833030 0.965903 0.538101
-1.193704 0.976826 1.231781
0.048061 0.337646 1.211254
-0.596993 0.321113 0.533310
-0.596228 0.352241 0.533456
0.011934 -0.209362 0.541267
-0.005030 -0.143955 1.193162
0.031644 -0.166433 1.769496
0.077522 0.402244 1.757070
-0.561923 0.346012 1.771027
0.695627 0.346444 1.812395
0.695303 0.344664 1.833001
0.748120 0.291662 1.198922
0.203500 -0.416029 -1.334522
0.198163 -0.430170 -0.137531
0.153094 0.275570 -0.762855
-0.520421 0.367666 -0.115248
0.178184 -0.254051 -0.121983
0.887692 -0.316566 -0.148857
0.870309 -0.353930 -0.187708
0.828460 0.973693 -0.196639
0.155418 1.022205 -0.154283
-0.408508 1.014962 0.648273
-0.339402 0.313159 0.668804
-0.324152 0.923706 0.624706
-0.931802 0.975536 0.574108
-0.930154 1.037808 1.224495
-0.248475 1.023206 0.522475
-0.205367 0.919359 0.468877
0.427929 0.170085 1.748530
0.384398 0.202220 1.053156
0.373021 0.260566 2.317266
-0.226342 0.266314 2.333209
0.468843 -1.071232 2.339167
1.134011 -0.405201 2.304388
1.768654 -0.313994 2.254624
1.744375 -0.209161 2.242846
0.428051 -0.182637 2.256366
0.426396 0.440390 2.253022
0.437032 0.440258 2.203893
0.440373 1.175242 -0.451371
-0.194708 1.243304 -0.492416
-0.812681 1.257814 -0.493939
-0.795158 1.228232 -0.452694
-0.756148 1.228117 -0.421089
-0.718159 1.289991 0.798842
-1.367050 1.373313 2.136987
-1.394861 1.381341 2.189498
-1.419873 0.688106 2.894823
-0.773646 0.636775 3.554980
-0.784820 0.640964 3.555027
-0.131770 1.975528 2.934934
-0.180911 1.954680 2.949041
-0.197879 1.933887 2.931341
2.384538 1.964436 2.884739
2.409916 2.025393 2.867035
1.753840 2.065452 1.621790
0.434491 2.732965 2.233489
-0.235633 2.667721 2.171156
-0.221754 2.634825 2.738101
-0.202095 1.964015 2.703969
-0.214378 1.981796 2.088825
-0.871849 1.280262 2.065881
-0.836654 1.879892 2.007808
-0.762875 1.861624 0.729320
-0.709135 1.892421 0.718732
-1.343791 2.641978 0.761131
-1.372139 2.642315 0.814867
-2.020765 1.912126 0.828492
-1.370365 1.848079 2.104743
-1.995905 1.838160 2.122170
-1.994098 1.871398 2.190107
-1.392192 1.880816 2.243590
-1.360392 1.196076 1.028695
-1.283143 1.815508 2.244796
-1.222364 1.818523 2.206944
-1.222275 1.188446 2.241492
0.033679 1.180786 2.289301
0.635782 1.123952 2.294242
1.212736 1.070142 0.951648
0.583337 1.049004 0.927361
0.522140 0.385257 0.970129
0.477156 0.398545 1.010921
-0.212306 0.379171 1.012595
0.419125 1.029907 1.602850
0.408320 1.041109 2.195736
1.041268 1.053182 2.209508
0.981632 2.249103 2.243015
1.539253 2.190647 1.634347
1.480471 2.168220 1.619270
0.178358 2.818743 1.603164
-0.458233 2.873626 1.606570
0.886930 2.921726 1.629298
0.892452 2.947005 1.629104
-0.468427 2.969307 2.927931
-0.512965 2.942627 2.910845
-0.534785 3.591954 2.908557
0.113104 3.569293 2.928115
0.121411 3.500816 3.591573
-0.533515 3.463393 2.945811
-0.546047 3.499427 2.305919
0.139688 4.908300 2.898930
0.171732 4.922958 2.872437
0.799625 4.867494 3.500322
0.764734 4.210151 2.258986
0.082964 4.251898 2.935492
-1.140342 4.288379 2.928077
-1.148293 4.246247 2.869491
-1.185325 4.148702 2.177530
-1.207626 4.775870 2.161734
-1.194916 4.123619 1.560918
-1.169117 4.148312 2.207540
-1.169073 4.801631 2.772612
-1.866628 4.766617 3.987233
-1.930290 4.773157 3.372809
-1.950138 4.803240 4.065108
-1.929817 3.517514 3.470097
-1.918144 4.135488 3.431169
-1.945551 4.104315 2.159635
-2.630143 4.138005 2.174222
-2.662118 4.194712 2.207238
-2.666739 4.217907 1.555432
-2.674105 4.204729 0.840858
-2.706675 4.217447 0.797171
-2.080680 2.960416 1.438283
-3.343958 2.991091 1.485044
-3.265796 1.733286 1.525472
-3.208802 1.708917 2.178238
-3.190475 1.065726 0.242366
-3.193418 0.404653 0.339254
-3.204895 0.450607 2.265348
-3.161938 0.500257 2.816865
-1.827456 0.465109 2.101250
-1.780602 -0.242548 1.447404
-1.769035 0.358444 2.101250
-1.765332 0.334383 2.761947
-1.741202 -0.317538 2.721136
-1.710619 -0.333531 2.665204
-2.344623 -0.350607 2.002084
-2.370236 -0.353251 2.060039
-2.424745 -0.334335 0.795986
-2.459462 -0.323894 1.452117
-2.441023 0.266202 1.413855
-1.791240 0.201422 1.390302
-2.477843 0.134649 1.400345
-2.496024 0.107019 1.414581
-2.489725 0.096262 1.372733
-2.469164 0.682266 0.034542
-2.453709 0.678059 0.658264
-2.462699 0.721666 0.696906
-2.471470 0.811268 0.746097
-2.463560 0.877745 0.735952
-2.450572 0.889679 0.680253
-2.454308 0.870931 0.634958
-2.460174 0.253125 0.627104
-2.429681 0.300257 0.643926
-2.387197 0.335313 0.644721
-2.359830 0.328841 0.644658
-2.990478 0.306961 0.661852
-2.991349 -0.904106 0.689497
-2.981467 -0.842840 0.721007
-2.979021 -1.415834 0.742746
-2.998146 -1.456664 0.746832
-2.418161 -1.526327 0.724566
-3.040844 -0.939680 0.092052
-3.000191 -0.917745 0.081956
-2.984440 -0.922020 0.083491
-3.013770 -0.956814 0.726004
-2.409904 -0.974978 0.700773
-2.444122 -0.946552 0.678128
-1.814309 -1.509662 0.678287
-1.816196 -2.112555 0.039700
-2.496953 -1.524092 -0.602048
-2.538867 -0.959142 -0.655364
-1.886180 -0.973781 -0.686632
-1.862308 -1.605266 -0.668429
-1.872937 -0.973734 0.031228
-1.945041 -0.974707 0.091175
-1.375048 -0.981400 0.766122
-1.996108 -1.585686 0.783638
-1.967949 -0.896598 0.800057
-1.958609 -1.525353 0.182628
-1.984308 -0.907374 0.207109
-1.985243 -0.942377 0.191858
-2.576693 -0.963232 0.142565
-1.848406 -0.945641 0.093079
-1.797913 -0.289984 0.711062
-1.803844 -0.946593 0.679955
-1.807960 -1.625175 1.284596
-0.562402 -0.987830 1.266175
-0.531680 -0.920365 0.599078
-0.537463 -0.875181 0.639757
-0.576356 -0.914913 0.669116
-0.581843 -0.358701 0.668728
-0.510248 -1.608234 0.668104
-0.406989 -1.561576 0.672300
-0.364036 -0.304307 0.103164
0.269156 0.310386 0.085468
0.279008 -1.048842 0.068007
0.309208 -1.701162 0.075638
0.331966 -1.632835 0.765458
0.281214 -0.936707 0.749695
-0.389288 -0.293112 0.061588
0.296824 -0.350291 0.054610
0.383838 0.203965 0.088574
-0.177456 0.205581 0.118571
-0.861595 0.224008 -0.589355
-0.903303 0.202572 -0.681493
-1.527262 0.150881 -1.376571
-1.465303 -0.493869 -0.766877
-1.457393 -0.422857 -0.158724
-0.910520 -0.351595 0.474745
0.333046 -0.330884 0.431545
-0.342677 -0.359096 1.101233
-0.313306 -0.379101 1.840843
-0.972692 -0.997473 1.895080
0.275515 -0.994863 1.864311
0.254952 -0.322346 1.197271
-0.341997 -0.989914 1.211010
-0.296352 -0.983254 1.277794
0.964514 -1.587050 1.324056
0.860826 -2.181403 -0.572423
0.791265 -2.141815 -0.625474
0.800567 -2.155823 0.646322
0.812394 -2.194109 0.058797
0.760566 -1.001044 0.105864
0.689305 -0.394630 -1.841665
0.042053 -0.405367 -1.875508
0.090394 -0.448770 -1.866557
0.107333 -0.507388 -1.819606
0.056361 -1.780367 -1.145342
-0.013610 -1.750630 -1.206699
-0.025437 -1.084989 -1.282149
0.017805 -1.129912 -1.288772
0.048101 0.064298 -1.259932
0.051592 0.044596 -1.226338
0.695174 0.071369 -1.281673
0.742110 0.078861 -1.308222
0.788688 -1.207650 -1.271712
0.795133 -0.615433 -1.233776
0.765331 -1.194595 -0.606883
0.732664 -1.128839 -0.653543
0.721060 -1.102656 -0.674471
0.718062 -1.144190 -0.670247
-0.501054 -1.193721 0.516563
-0.519369 -1.209142 0.478635
-0.513923 -1.197765 1.105974
-0.503393 -2.517421 1.114813
-1.168142 -1.939213 1.813748
-1.223594 -1.348460 0.521074
-1.265611 -1.296238 -0.089575
0.595085 -1.207268 -0.711342
0.628450 -1.187719 -1.347722
0.652985 -1.217864 -1.360915
0.669964 -1.218271 -1.364596
0.709454 -1.179020 -0.711663
0.782888 -0.537386 -0.650412
-0.427373 -0.555297 -0.601749
-0.408173 -1.847479 -0.609381
-0.418251 -1.800917 -0.641365
-0.417796 -1.722700 -1.964744
-0.386473 -1.647489 -0.671841
-0.357950 -1.599626 -0.639046
-0.352580 -0.893386 -0.694719
-0.371755 -0.882709 -0.750755
-0.395776 -0.892748 -1.988170
-1.060255 -0.921855 -1.301334
-1.064654 -0.961285 -1.317884
-1.086126 -1.009430 -1.383498
-1.161799 -1.055067 -1.975618
-1.251638 -1.085570 -1.250543
-1.296997 -0.458968 -1.181832
-1.293257 -0.475153 -1.841168
0.000107 -0.508155 -1.868429
-0.063732 -0.530396 -2.478193
-0.101086 -0.523574 -2.421023
-0.057755 -0.508776 -1.744131
-0.666946 0.885945 -1.154751
-0.653055 0.863126 -1.196779
-0.698727 0.906632 -0.605350
-1.379389 0.382930 -1.811523
-1.321767 0.395912 -2.341861
-1.249361 0.359076 -2.337307
-1.239906 0.326634 -1.753607
-1.247596 0.333931 -1.761320
-1.198194 0.995008 -1.751884
-1.101172 1.006779 -0.536742
-1.051530 -0.296553 -0.569888
-1.738778 -0.350109 -0.617026
-1.769671 -0.352232 -0.022452
-1.763003 -1.593920 -0.016577
-1.750810 -0.942813 -0.003602
-1.787490 -0.983188 -0.011168
-1.845749 -1.025802 -0.042200
-1.183632 -1.027529 -0.645507
-1.140261 -0.999963 -1.265878
-1.118642 -0.366174 -1.227440
-1.168122 -1.080139 -1.230456
