-1.732783 -1.308531 1.577917
-1.717159 -0.758372 1.566876
-1.712511 -0.848174 1.532638
-1.724782 -0.274355 1.492525
-1.753916 -0.923255 1.468276
-1.134326 -0.306565 1.458940
-0.508851 -0.359248 1.468995
-0.536422 -0.389892 1.465377
-1.772933 -0.978781 1.440146
-1.776663 -0.944392 1.413862
-1.807509 0.994813 2.024036
-1.866454 0.946410 2.020300
-1.936202 0.271981 2.019924
-1.326366 0.302237 2.009520
-2.002407 -0.295466 1.369082
-2.035254 0.901561 1.396271
-2.704650 1.509530 1.444986
-2.067271 1.559754 1.475774
-2.699941 0.350628 1.469572
-3.308349 1.022680 1.460463
-3.278037 1.671613 0.250424
-3.274094 1.042947 0.253384
-3.301050 -0.187590 0.231246
-3.339130 -0.791617 -1.116070
-3.356428 -1.428183 -1.134066
-3.336815 -1.438157 -1.123198
-3.302016 -0.777000 -0.510086
-1.955656 -0.089071 0.727474
-1.944021 -0.061310 0.693639
-1.901801 0.541238 0.672693
-2.551516 1.205245 1.329479
-2.542518 1.244922 1.338006
-2.568268 1.293322 0.735481
-2.612973 1.320377 0.712506
-1.963280 1.325765 0.677420
-1.960216 1.973092 0.654958
-1.947827 1.983347 -0.629685
-1.941482 1.995556 -0.643363
-1.927105 2.604811 -0.646233
-1.896330 1.214176 -0.705103
-1.864134 1.177142 0.507223
-1.862245 1.804402 -0.800561
-1.889269 0.525390 -0.804804
-1.928759 -0.057374 -1.416487
-1.947234 0.584412 -0.801606
-0.628016 1.798445 -0.820686
-0.607090 2.399930 -0.832633
0.066865 2.388444 -0.175206
0.072095 2.400871 -0.168729
0.648337 3.024381 -0.152241
0.634176 1.659325 -0.130214
0.628804 1.639919 -0.110989
0.618664 1.652527 -0.092837
0.584370 1.703249 0.543347
0.544007 1.709956 -0.056134
0.532551 2.319912 -0.029176
0.566948 2.259179 -0.015109
1.252990 2.267712 0.632826
0.637953 2.327537 0.646049
0.639648 2.951661 0.019435
-0.001838 2.259988 0.046704
0.007812 2.865118 0.071903
0.630752 3.544470 0.086622
0.577263 3.615153 0.083473
0.523424 2.963394 0.068489
-0.102512 3.541420 0.051002
0.538468 3.489938 0.027090
0.567215 3.525050 0.630446
0.588022 4.168336 0.595901
0.624936 4.118269 0.562459
0.670676 4.027498 0.552332
0.686843 2.806498 0.570590
0.656718 2.863872 0.596512
0.599197 2.930750 0.598251
0.554995 2.939048 0.584806
0.525888 2.908029 -0.004122
0.499465 2.883370 0.004605
0.480776 2.861854 -0.591349
1.082112 2.835763 -0.024185
0.491757 2.194602 -0.046516
0.503387 2.202529 -0.020016
0.487169 2.250411 0.040757
0.437653 1.669100 0.110363
0.379410 1.698570 0.141410
0.352177 2.932832 0.135620
0.359155 2.954185 0.128341
0.379886 2.968781 -0.472524
1.040668 2.938618 0.119942
0.429912 1.562841 0.069837
1.096841 1.567818 0.087530
1.846882 2.222964 0.036378
1.915855 2.250495 0.040394
1.898330 2.269503 0.075650
1.860080 1.698163 0.090161
1.940135 1.713072 0.071960
1.980668 1.713764 0.064598
1.979831 1.112082 0.093068
1.940911 2.256773 0.144359
1.930170 2.207437 0.176688
1.976957 2.187185 0.104708
2.029697 2.173350 0.093194
2.007426 2.162381 0.123682
1.939304 2.771532 -0.416353
1.888046 2.758002 -0.365608
1.889805 2.751370 0.316904
1.901755 2.760357 0.273263
1.875682 1.473458 0.228474
1.831968 1.439104 0.227063
1.828227 1.415161 0.254991
1.875497 1.405284 0.872046
1.946435 1.414754 0.804428
1.974894 1.435318 0.124317
1.941564 2.090269 0.126533
1.911665 2.094448 0.795725
1.936566 0.891402 -1.059913
1.981815 0.951653 -1.685491
2.623751 1.008863 -1.694112
2.609756 1.021184 -0.463881
2.625894 -0.305763 -0.465931
2.695420 -0.337871 0.177566
1.537746 -0.333003 0.835967
1.540094 -0.932450 0.825015
2.688929 -0.940028 0.787140
2.618170 -0.946259 0.100900
3.203209 0.403182 0.117041
3.174299 1.063502 0.826084
3.124865 1.078491 0.858076
2.441394 1.076130 1.506878
3.003519 1.090286 0.790209
3.003421 2.322905 0.763331
3.028467 2.292588 0.780779
3.671483 2.235941 1.453843
2.974182 2.196072 1.421610
3.554823 2.176657 1.373708
2.975412 1.517038 1.366945
3.012098 1.466842 0.746049
1.773330 1.457762 0.763192
1.722551 2.108051 1.330171
1.752752 0.852510 1.256096
1.821659 0.779799 1.219594
2.468802 1.327157 1.236721
2.482848 1.244812 1.257698
2.472705 1.224538 1.248791
2.468478 1.226170 1.240638
3.128276 1.212114 1.915455
3.153473 1.203763 1.950580
3.164920 1.239842 1.954340
3.158606 0.642918 1.909404
3.150399 0.685032 1.865052
2.496139 0.028852 1.866738
2.515302 -0.019960 1.883203
3.169285 -0.024756 1.855872
3.150357 0.015881 1.796405
2.440907 0.041695 1.764630
2.368175 0.673328 1.785766
2.972894 0.673659 1.818163
2.959651 0.701169 1.807712
3.618104 0.726862 -0.113629
3.575532 0.726777 -0.149637
2.913335 0.701444 -0.119094
2.897641 0.677822 -0.061621
2.960014 -0.595094 -0.057183
3.009934 -0.625378 -0.103867
2.365049 -0.647054 -1.364173
2.941234 -0.638611 -1.313495
2.258066 -0.616350 0.044365
2.939562 -0.620521 0.704641
1.088349 0.590792 0.010445
1.037080 -0.069466 -0.017078
1.046905 -0.061709 0.014470
1.733159 -0.677032 -0.603062
1.856155 -0.075374 -0.601907
1.301633 -0.139977 -0.012768
1.255012 -0.150179 0.561916
1.200555 0.593203 0.551931
1.210206 0.678218 1.256904
1.231602 0.700404 0.655544
1.193114 1.335518 -0.014939
1.104045 0.703917 -0.027958
1.059024 0.741239 1.235606
1.088116 0.778377 0.667678
1.131287 2.070663 1.341769
1.112285 1.419376 1.339556
1.025298 1.432355 1.317363
0.328648 2.131243 1.319730
-0.929129 2.164422 1.361114
-0.882811 2.166978 1.424462
-0.847162 2.771447 0.818005
-0.843350 2.818896 0.834777
-0.841295 2.845569 0.198564
-0.830462 2.839960 0.189284
-0.808126 2.812846 0.810503
-0.154997 2.803131 0.746533
-0.126795 2.829852 1.321628
-0.110664 2.267704 1.901250
-0.106003 2.277769 1.855372
-0.074571 2.876266 1.146456
-0.630191 2.875325 1.081425
0.093873 2.251683 1.075725
0.115370 2.816160 1.159552
0.121191 2.796960 1.254186
0.144091 2.795610 1.908703
0.744308 2.805850 1.239158
-0.490730 2.804699 1.274965
-1.154724 2.782540 1.355346
-0.607032 2.762198 1.393001
-0.621198 2.748543 0.048993
-0.638976 2.724597 -0.002132
-1.199779 2.676735 0.019659
-1.207053 3.256253 0.132889
-0.645502 3.886746 -0.407259
-0.042504 3.892728 -0.406594
-0.074659 3.229916 -0.457217
-0.019389 2.568730 0.754809
0.541995 3.203701 0.125041
-0.740264 3.215153 0.121783
-0.148270 3.203045 0.051187
0.458975 2.520369 0.588942
0.474804 2.508959 1.257767
0.498938 2.563753 1.966686
-0.126938 2.599306 3.256226
-0.238378 0.670037 3.229247
-0.915109 0.616942 1.920889
-0.910663 -0.022351 1.920304
-1.484803 0.026568 1.940950
-2.103019 0.086176 1.940812
-0.864004 0.727673 1.925309
-0.859976 0.750265 1.939637
-0.812679 0.778177 2.014850
-1.389965 0.826602 1.415218
-1.384912 0.884971 1.444486
-0.799666 2.192166 1.447549
-0.822558 1.561993 1.425595
-0.807698 2.184789 1.445185
-0.767731 0.877640 1.473779
-0.760845 0.878513 0.189728
-0.792917 0.253397 0.173602
-0.833944 1.568591 -0.483996
-0.853686 1.561316 -0.465223
-0.862540 1.584914 -0.438879
-0.882191 1.613601 -1.045485
-0.909087 1.619592 0.238955
-0.929151 3.588060 -0.450925
-0.932246 3.596624 -0.472659
-0.936710 2.986070 -0.497773
-0.944805 3.015319 -0.522626
-0.938549 2.361223 -0.544639
-0.913302 2.352273 -0.559696
-0.230345 2.348718 -0.584093
-0.252808 2.355500 -1.272503
-0.265327 2.321323 -1.278933
-0.257452 2.251671 -0.632684
-0.233809 2.184860 -1.269876
-0.858923 2.138095 -1.267011
-0.874148 2.092533 -1.229046
-0.872063 2.044222 -1.802920
-0.194662 2.675080 -1.753342
-0.137288 1.973778 -1.735800
-0.122519 1.315880 -1.744564
-0.155980 1.310664 -1.750529
-0.168799 1.954527 -1.734677
-0.134310 1.944145 -1.069379
-0.717438 1.956472 -1.078179
-0.716402 4.011957 -1.110715
-0.119020 4.036035 -0.461572
0.599925 4.056754 -0.436960
-0.612117 4.081220 -0.421303
-0.539008 4.108826 -1.130552
-0.492484 3.446594 -1.216157
-0.469488 3.483928 -1.253292
-0.470818 3.505055 -1.229750
-0.506682 3.569443 -1.209535
-0.566235 3.598857 -1.227962
0.056930 3.610929 -1.906515
-0.575666 3.620956 -1.880296
-0.567833 4.272964 -2.473954
0.080341 4.297630 -2.463591
-0.535926 4.292712 -2.492732
-0.516856 4.922411 -2.519980
0.098986 4.892514 -2.513938
0.071003 4.879330 -1.862991
0.061518 4.883605 -1.871139
0.054416 4.872712 -2.518255
0.079414 4.833153 -2.512116
0.102830 4.810712 -1.832347
0.101343 4.848722 -1.194189
0.113338 4.918581 -1.212667
0.787843 4.230424 -1.258743
1.439782 4.212783 -1.292189
1.417794 4.190016 -1.304522
1.355382 4.205581 -1.328326
1.345464 4.257248 -0.729021
1.399167 4.978748 -0.761110
1.439199 3.530807 0.492828
1.388812 3.504358 0.491357
1.311789 2.832042 0.480044
1.322479 2.855438 -0.132565
0.737532 2.837055 -0.735075
0.744114 2.790554 -0.696484
0.656416 2.746669 -0.081336
-0.092782 2.734049 -0.732464
-0.119176 2.726764 -0.744393
-0.092632 2.685873 -0.705627
-0.110693 2.649170 -0.043823
-0.211099 2.657700 -0.009626
-0.306226 2.709574 -0.589844
-0.314980 2.738297 -0.567533
-0.199249 2.706366 -0.524814
-0.197819 2.654554 -0.554999
-0.260418 1.980597 0.048164
-0.305340 2.016489 0.065539
-0.265415 2.735117 -0.564383
-0.172718 3.375604 0.066544
-0.128986 3.341812 0.091445
0.470173 3.369325 0.110795
1.724303 2.174202 0.116216
1.230949 3.581136 0.135732
2.596972 2.885898 0.181109
1.989997 2.840315 -1.002813
1.259746 2.816791 -1.003589
1.210520 2.846222 -0.416343
1.207105 3.559490 -1.069208
1.201715 3.550142 -1.045590
0.452140 3.539685 -1.006291
-0.284016 3.575624 -1.012246
0.376844 2.983622 -1.051558
0.441790 3.042580 -1.063781
-0.170709 2.395669 -1.633765
-0.178220 2.374111 -1.574213
-0.209335 1.020156 -1.579138
0.457513 1.708258 -1.639929
0.493916 1.726830 -1.684009
0.512653 1.034562 -1.671474
1.147264 0.985112 -1.650279
0.430416 0.985975 -1.076924
0.466891 1.039926 0.073170
0.569401 1.062395 0.016630
1.334664 1.017994 0.638819
0.710002 0.956016 0.642149
0.039667 0.945670 0.602408
0.028635 0.968161 -0.069606
0.671135 0.954654 -0.742658
1.267663 0.904860 -0.722601
1.192490 0.880216 -1.337490
1.109990 1.560968 -1.328722
1.724039 1.618744 -0.731146
1.759497 1.619455 -0.776343
1.770692 1.616796 -0.785743
1.712956 1.600373 -0.779725
0.953003 1.634146 -0.777874
0.958526 1.674647 -0.785278
1.000784 1.047756 -0.778988
1.615212 1.043421 -0.753210
1.570111 1.084916 -0.097916
1.535250 1.165773 -0.082345
1.553989 1.221845 -0.110843
1.607389 1.218020 0.473620
1.632042 1.178622 1.081245
1.616127 1.174127 1.071161
1.607599 2.464438 1.081029
1.637309 2.463594 1.087378
1.039154 1.764994 1.098828
1.070454 1.735259 1.757415
1.079371 1.777051 1.816953
0.492842 1.841055 1.869816
0.531934 1.866247 1.891308
1.849801 1.845822 0.031847
1.253708 1.829538 0.063433
1.231255 1.846711 -0.557855
1.922148 1.838935 -0.572732
1.272725 1.775530 -0.609367
1.270382 1.058656 -0.615305
1.875780 1.041962 -0.582176
1.888295 1.090190 -1.167475
0.632934 2.468023 -1.160992
0.697808 2.467131 -0.582129
0.690617 2.449286 0.043961
1.308334 2.465785 0.055908
0.647314 2.513036 1.336256
0.683416 2.521339 0.647365
1.339914 2.469921 1.278302
1.269135 2.421185 0.699558
1.138184 2.443210 1.427186
1.155460 2.503435 1.465475
1.257757 2.543097 1.421995
1.331872 2.548491 1.363811
1.327690 2.558809 0.720929
1.291743 2.605754 0.764409
1.289528 2.657527 0.092323
1.315482 2.645349 0.020976
1.296808 2.562362 0.628068
1.217518 2.546389 0.675304
1.127293 1.348612 0.739164
1.101418 2.688698 0.723934
0.487051 2.672628 0.640647
1.147304 2.608275 0.598060
1.121721 2.608795 0.639541
1.071957 2.657217 0.684860
0.388747 2.674500 0.669201
-0.874101 2.616701 0.626658
-0.820705 2.525878 0.640542
-0.825383 3.126588 0.726888
-0.829483 3.761261 0.802804
-0.812138 3.127682 0.810128
-0.762444 2.466803 0.784382
-1.325281 2.423064 0.779839
-1.221401 3.704697 -1.087890
-1.176661 3.713010 -1.068377
-0.536320 3.691263 -1.079591
-0.543426 2.998942 -1.102520
-0.533978 2.976017 -1.106615
-0.505428 2.973382 -1.065233
-0.497902 2.955016 -1.027068
-0.537822 2.926325 -1.015316
0.729261 2.928481 -0.376273
0.058724 2.968788 -0.405303
0.055577 3.652692 -0.429024
0.068451 3.642712 -0.446983
0.043761 2.315364 -0.457069
0.623557 1.672392 -0.478112
0.598471 2.314276 -0.490442
0.010115 2.304102 -0.473007
0.710956 2.295073 -0.452699
0.720458 1.660240 -0.460569
0.702316 1.718791 -0.495746
0.063096 2.437330 -0.526298
1.427353 2.446483 -0.537468
2.132191 2.419172 -0.549003
2.765634 1.757667 -0.576732
2.733589 1.771091 -0.593964
2.763058 3.035335 -0.518905
2.814143 3.005956 -0.431223
2.816828 2.995106 0.233831
2.761609 2.383104 -1.064499
2.066093 3.095786 0.214922
1.434675 3.795989 0.248553
1.429724 3.795219 0.920528
0.788869 3.078079 1.533128
0.716507 3.060425 1.480933
0.693647 3.072466 1.450830
0.069937 1.787871 1.475394
1.374603 1.149376 1.497085
1.366962 0.470957 1.463067
1.367326 0.434164 1.400611
0.777226 0.463680 1.364553
-0.410760 -0.213208 1.374414
-0.396598 -0.839761 0.732011
-0.402154 -1.490170 0.667722
-0.399135 -0.873412 1.191368
-0.379825 -1.498402 1.151020
0.896197 -2.118291 1.182873
0.876225 -2.098380 1.211945
0.841288 -1.479960 1.188384
-0.409642 -1.451046 1.134511
-0.389198 -1.392563 1.132119
-0.400547 -1.337689 1.183750
0.153653 -1.328055 1.216389
-0.496723 -1.355580 1.198017
-0.504503 -1.357494 1.175003
0.118869 -1.313244 1.205037
0.093899 -1.285272 1.268060
-0.568273 -1.319254 0.093952
0.084038 -0.733673 1.353249
0.128366 -0.734913 1.327533
0.166457 -0.691062 1.328852
0.790566 -0.664862 1.956473
1.360951 -0.682279 1.974373
1.324415 -0.707695 1.956902
1.913778 -1.343358 1.931899
1.909708 -1.321828 1.298605
1.278859 -1.967464 0.761714
1.262373 -2.023453 0.805885
1.293613 -2.054264 1.437636
1.990591 -2.030328 1.412467
1.422766 -1.996641 0.775949
0.235928 -1.996829 1.388102
0.878647 -2.023243 0.734526
1.531883 -0.740298 1.317424
1.551445 -0.692262 1.903918
0.881353 -0.633585 1.911638
0.866839 -0.643504 1.943660
1.510020 -0.704645 1.934157
1.576054 0.557618 1.901447
1.596930 0.611459 1.909901
0.941160 0.665912 1.946933
1.537182 0.653725 1.963764
1.503937 -0.055999 1.934423
1.465139 -0.084518 1.263783
1.390894 0.618774 1.948942
0.677056 0.655407 1.342983
1.248012 -0.017996 2.053947
1.230154 -0.080858 2.083232
1.218221 0.550993 2.096645
1.187334 0.610634 1.453441
1.170140 0.690210 1.459548
1.174568 0.071448 2.069437
1.181159 0.048153 2.055438
1.152435 0.063175 2.056359
0.475153 0.127218 2.076000
1.105717 0.167163 1.498086
1.136234 0.128768 1.516176
1.153103 0.062155 2.125511
0.594232 0.050538 1.424557
-0.021457 0.105512 1.431495
0.656499 0.127907 1.445175
0.065668 -0.529501 0.817084
0.056015 0.036266 0.806534
-0.608608 0.005715 0.784167
-0.620577 0.008915 1.410835
0.679536 0.019121 1.401045
0.697657 0.012751 0.772800
0.678660 -0.019562 0.785120
-0.009769 -0.044494 0.793664
-0.005068 -0.095650 1.443992
0.694415 -0.084949 1.431668
0.717923 -0.058201 0.787027
0.061488 -0.038211 2.046651
0.009433 -0.027617 2.034042
0.003399 -0.635054 2.022617
0.036273 -0.590760 1.369552
0.060642 -0.540840 1.323396
0.026503 0.090277 0.658768
-0.664987 -0.545764 0.684047
0.012192 -1.189792 0.692181
0.068371 -1.201185 1.279767
0.091037 -0.551259 1.231154
0.051694 -1.186584 1.224536
0.020645 -1.236014 1.262006
0.041695 -1.284131 0.628687
1.339402 -1.278767 0.570783
1.328749 -1.251930 0.485352
1.282491 -1.266730 0.452747
1.264396 -1.338440 0.487085
1.284510 -1.412950 -0.150136
0.660447 -0.773245 -0.832009
0.635394 -0.760153 -0.869808
0.593222 -0.795270 -0.871541
0.583372 -0.873266 0.414794
-0.037306 -0.911016 -0.809796
-0.042158 -0.871639 -0.815811
-0.093781 -0.827454 -0.161073
-0.140267 -0.848842 -0.115123
-0.144898 -0.912508 -0.701325
0.491150 -0.936615 -0.023015
0.459968 -0.889015 0.626441
0.412552 -0.833412 0.646299
0.396856 -0.827302 0.684087
0.417719 -0.842871 0.077364
-0.178312 -0.815248 -0.529410
-0.163990 -0.737506 -0.524089
-0.159168 -0.684890 -0.522775
-0.155773 -0.695232 -1.813168
-0.157475 -0.717164 -2.411129
-0.788514 -0.046698 -2.415024
-0.164877 0.010642 -1.821589
-0.165076 0.026202 -2.510241
-0.170488 -0.002031 -1.895542
-0.169389 -0.020602 -1.917150
-0.147944 0.006700 -1.299925
-0.106797 0.695620 -2.628908
-0.057325 0.654190 -0.787269
-0.032343 0.558659 -0.175445
-0.040060 0.492297 -0.785015
-0.677550 -0.147590 -0.807642
-0.057024 -0.204618 -0.811969
0.537108 -0.236030 -0.821545
-0.111588 -0.293887 -2.091863
-0.733422 -0.320361 -2.096597
-0.716988 0.968908 -1.434536
-0.067754 0.982885 -1.381406
-0.019745 0.991169 -1.949220
0.587311 0.992663 -1.326647
0.560248 0.995595 -0.637584
0.561962 0.995751 -0.568122
0.572364 0.999084 -1.118546
0.539015 1.022019 -1.129391
0.469002 0.366847 -1.174165
-0.177245 0.350671 -0.563889
-0.150587 0.326750 0.696226
-0.113962 0.324467 -0.596007
-0.125475 0.337930 0.085803
-0.179957 0.329162 0.066242
-0.213429 0.301521 -0.612473
0.400086 0.272363 -0.625635
0.383961 -0.339417 -0.007712
0.316487 -0.370426 0.573805
0.232716 -0.408644 1.173286
0.211149 -1.035651 1.113002
0.250698 -0.325770 1.147519
0.295446 0.378718 1.133788
0.296247 0.393030 1.078861
0.276216 -0.334927 0.431743
0.271021 -1.023511 0.450985
0.279276 -0.321064 0.473770
0.289282 -0.274123 0.441533
0.278269 -0.252233 -0.247615
0.273843 -0.272457 2.268154
0.300019 0.345856 2.310735
0.354746 0.389144 2.380538
0.423572 -0.209592 2.410359
0.479527 -0.160076 2.402557
0.515525 1.066723 1.097224
0.535936 0.379976 1.131362
0.552677 1.075349 2.472647
0.567482 1.096925 2.426037
0.580109 1.125066 1.704631
0.589064 1.128105 2.268772
0.610042 1.691528 2.953192
0.640430 2.985563 3.021785
0.656310 2.315466 3.023201
-0.630848 2.334221 1.631025
-0.619790 2.359241 1.556310
-0.639533 2.342446 2.220567
-0.698426 2.296742 1.593403
-1.376059 2.279720 2.199122
-0.818752 2.962534 2.145154
-0.831119 2.971993 3.432155
-0.829908 2.280646 3.493285
-2.069526 2.899185 3.557933
-2.089791 2.912240 3.574686
0.452596 3.583165 3.581012
0.507545 3.623407 1.711704
-0.070349 3.620818 1.753934
-0.735255 3.618175 2.439527
-0.792232 3.612989 2.397396
-0.798618 2.992758 1.733221
-0.755694 3.012282 0.477490
-0.678870 2.964597 -0.725215
-0.642665 1.587650 -0.047159
-0.647964 0.893978 -0.046179
-0.016197 1.584612 0.607430
0.009361 2.300283 0.669675
-0.598707 2.309393 -0.446719
-0.588698 2.982952 0.885411
-0.625286 3.000455 0.887178
-0.674183 3.025647 0.233203
-0.671427 3.022525 0.220453
-0.007137 2.996444 0.877519
-0.601296 2.959817 0.900747
-0.641697 3.590655 0.298284
-0.726939 2.951764 0.935212
-0.778663 2.299189 1.606263
-0.767880 2.975779 1.618726
-0.733881 2.348690 1.587322
-0.742573 2.945115 1.549004
-0.799560 1.699962 2.116832
-0.842476 1.683157 2.092796
-0.802455 1.680670 2.066216
-0.706019 1.635432 2.023647
-0.644651 1.555312 3.196604
-0.024703 0.288176 3.181014
-0.074252 0.341630 3.224907
1.083440 -0.227587 3.969335
1.133778 -0.221554 3.965209
1.172864 0.385311 3.889140
1.158989 0.377230 3.174198
1.115362 0.429911 2.599782
1.081241 0.491016 2.670980
1.092456 1.137295 2.007848
1.135984 1.705097 1.938825
1.160522 1.710951 1.925720
1.131180 1.790834 1.995015
1.052819 0.603556 1.404999
0.991650 0.626432 2.602050
0.987389 1.938829 2.500241
1.009488 2.532560 2.435838
1.007048 1.896960 2.456265
0.959128 1.862096 2.494335
1.536080 1.117327 2.475596
1.537937 0.468822 3.063739
1.560744 0.438525 3.046858
1.558619 1.086724 3.068231
1.533245 1.686666 3.084134
1.527756 1.073312 3.044802
1.546814 1.055569 3.657702
2.236626 1.072263 4.270183
2.269169 2.449242 4.272925
2.299717 2.459665 4.308827
1.676534 3.115337 4.333280
1.667440 2.957607 4.363714
2.299275 3.004319 4.407277
2.304817 3.040806 4.453386
1.713081 3.008758 5.114615
1.781867 2.996619 5.093779
2.453772 3.023859 4.434936
2.457415 3.065851 4.434736
0.516400 3.732892 4.430358
0.559446 3.702079 4.415895
1.262448 3.667849 5.027776
1.253468 3.047473 5.062291
1.168764 3.068298 3.761175
1.097108 3.080421 3.739022
1.100144 3.091844 3.674912
-0.197463 3.119796 4.289102
-0.264314 3.155278 4.309927
-0.360782 3.798034 4.338750
-0.403172 3.783817 2.344004
-0.379652 3.147297 2.337804
-0.380687 2.495988 2.382123
-0.460551 3.175274 2.487158
-0.554848 3.193944 2.579480
-0.563312 3.759762 3.265314
-0.511776 3.726899 3.246464
-0.494015 3.728644 2.601244
-1.169015 3.757823 3.270634
-1.199048 3.107713 3.263007
-1.153322 1.165051 3.203036
-1.080674 1.093192 3.146408
0.215273 1.089661 3.170142
0.209242 1.752497 1.879707
0.217033 1.749891 1.284963
0.258827 1.699645 1.263397
2.364543 1.695621 1.211239
2.362828 2.382291 1.199088
1.679037 2.421024 1.218227
1.675072 1.183296 1.220725
1.724601 1.188060 0.562996
1.760247 1.200940 0.549285
1.724845 1.262258 0.589824
1.656638 1.354487 -0.000092
1.629861 1.409507 -0.609214
1.650790 1.401516 -0.609698
2.303616 2.007912 -0.608714
2.251938 1.355786 -1.269990
2.816252 0.785801 -1.897002
2.841928 0.792100 -1.283456
2.241607 0.748553 -1.295217
2.267977 0.051789 -1.266962
2.896601 0.059065 -1.229930
2.850651 0.114645 -1.895068
2.865457 0.162314 -1.894752
2.898095 0.820737 -1.892342
2.877479 -0.591554 -1.879562
2.813691 -0.611859 -1.252372
2.150416 -0.597326 -1.240126
2.219915 -0.574038 -1.847369
2.305647 -0.597404 -1.829612
2.324869 -0.635942 -1.180319
2.936004 -0.644724 -1.143876
2.921421 -0.008785 -1.732165
2.973432 0.654404 -1.749385
3.014979 1.326986 -1.782615
2.993790 1.306632 -1.805682
2.939002 0.653497 -1.821916
2.938858 0.099192 -1.861295
2.396382 0.148517 -1.927012
2.471264 0.140030 -1.330959
2.489053 0.094890 -1.348330
2.465744 0.709998 -0.718528
2.464438 0.737749 -1.992332
1.143989 0.773423 -2.033651
1.167258 -0.508824 -1.432155
1.131788 -0.560443 -0.738859
1.061687 0.077318 -1.293844
1.030538 0.137514 -1.293187
0.414628 0.194126 -0.713320
0.430179 0.169156 -1.364614
0.398391 0.098330 -1.328192
0.975690 0.085641 -1.282499
0.960263 0.151767 -0.618741
1.566205 0.204192 -1.252751
1.533783 0.183569 -1.256566
1.469945 0.142695 -0.624653
1.425427 0.158796 -0.593537
1.407360 0.213457 -0.595220
0.150484 0.229035 -0.623430
-0.483323 0.172799 -0.645089
-0.488242 0.097009 0.681528
0.862510 0.079636 0.680355
0.873617 0.716991 1.980724
0.855081 0.734824 0.680318
0.821206 0.711122 0.654803
0.799865 0.722878 -0.600917
0.847104 0.106470 -1.288054
0.223247 0.110191 -1.297653
0.197741 0.083713 -0.626847
0.183809 0.037113 0.007014
0.230485 0.002712 -0.024202
0.291226 0.001344 -0.051139
0.939503 -0.662433 -0.062744
0.230599 -0.683993 -0.067542
0.200146 -0.710146 -0.077178
0.860414 -0.710973 -1.365381
0.873840 -0.697996 -0.771927
0.862727 -0.054518 -0.781146
0.851248 -0.097766 -1.420015
0.870768 -0.150317 -1.417477
0.913333 -0.194040 -1.434253
0.250707 -0.219847 -1.449527
0.228972 -0.894345 0.356021
-0.430554 -0.921806 0.410743
-0.431807 -0.941456 0.455655
-1.076184 -0.946374 0.472340
-1.084888 -0.936432 0.499333
-1.742825 -0.919484 0.568503
-1.747176 -0.898732 0.637749
-1.723347 -0.870125 0.643297
-1.698568 -0.847054 0.595428
-1.058595 -0.832806 -0.090500
-0.430706 -0.810634 -0.089134
-0.470216 -0.764808 -0.081784
-0.502994 -0.697803 -0.120449
-0.511045 -0.647372 -0.791992
-1.105055 -0.645332 -1.495271
-1.781020 -0.683359 -1.470611
-3.074258 -0.734060 -0.786180
-2.354324 -0.763691 -2.033166
-2.263972 -0.174125 -2.723045
-2.300237 -0.202338 -2.073324
-2.355319 -0.225310 -2.063139
-2.400214 -0.232134 -2.055755
-2.380063 -0.212893 -2.069493
-2.306586 -0.204178 -2.049304
-2.292673 -0.212810 -2.676497
-2.336954 -0.209569 -2.596018
-1.006374 -0.190676 -3.184899
0.377490 -0.156987 -3.161236
0.460260 -0.132637 -3.126106
0.470092 -0.098120 -2.398801
0.395815 -0.048158 -3.005845
0.346113 0.614041 -2.366773
0.381155 0.625101 -1.751378
0.453924 -0.013669 -1.718237
-0.167403 -0.010565 -1.663971
-0.172033 -0.005283 -1.637555
-0.137276 -0.017746 -2.300908
-0.056324 -0.055385 -2.302115
0.649680 -0.091864 -2.300966
0.641943 -0.096992 -2.305813
-0.062468 -0.092508 -1.686159
-0.097705 -0.109324 -0.368131
0.567832 -0.147831 -0.390614
0.622802 -0.165432 -0.385498
0.648291 -0.149432 0.250853
1.245732 -0.130550 -0.393586
1.245274 0.455857 -0.377947
0.580756 0.437072 -0.348839
-0.054410 0.452224 -0.984943
-0.069895 0.496346 -0.969414
-0.128384 0.534896 -2.309144
1.114109 0.539429 -2.259529
1.083726 0.537379 -2.222600
1.066330 0.559054 -2.215805
1.051731 0.591420 -2.816363
1.028153 -0.018632 -2.066358
0.392106 -0.044636 -1.379289
1.007968 -0.062712 -1.410197
0.994665 -0.047832 -1.470240
0.969801 -0.016015 -0.843707
0.920368 -0.011667 -0.189156
0.869783 -0.032739 0.430921
0.836683 -0.035621 0.336477
0.836178 -0.007767 -0.411825
0.836193 0.005118 0.865709
0.838554 -0.642777 0.217017
0.225249 -0.697651 0.150734
0.262353 -0.703316 0.048224
0.316404 -0.660331 0.009032
0.351183 -0.630260 -0.610275
0.355012 -1.308703 -0.581600
0.338456 -1.325229 0.015861
0.340944 -0.080748 -0.034650
1.577970 -0.034777 -0.016480
1.608560 -0.049219 0.061932
1.640751 -0.114295 0.142890
1.671476 -0.157983 0.180374
0.995883 -0.116907 0.179367
1.013377 -0.048502 0.894915
1.020512 -0.032651 0.296966
1.648184 -0.675870 0.341728
1.660607 -0.672487 1.629172
1.625462 -0.587629 2.250841
1.588686 0.147869 2.211894
1.593637 0.120072 0.847771
1.621160 0.050844 0.862221
1.631913 0.033841 0.850301
1.611185 0.089776 0.785404
1.600769 0.138633 0.045252
2.315104 0.121586 0.665941
2.339419 0.068737 -1.216709
2.294251 0.056714 -1.819292
2.203129 0.084658 -1.214090
2.150961 0.092728 -1.266784
2.181319 0.059981 -1.267565
2.223855 1.233345 -1.218043
1.532914 1.205560 -0.533592
2.147343 1.211099 -0.548093
1.550590 1.218418 -0.584283
1.637410 1.216869 0.086851
1.691464 1.223081 0.153607
1.643860 1.249676 0.219830
0.880521 1.279345 0.230378
0.846090 1.281197 0.201520
1.556476 1.266512 0.196817
1.583497 1.256124 0.217692
0.913249 1.261999 0.220184
0.151600 1.271662 0.199311
0.117130 0.627371 0.165566
1.490358 0.648261 0.139810
1.521818 1.309221 0.716739
2.116069 1.335630 0.714373
1.388786 1.348693 0.706074
1.366620 1.349160 -0.600738
2.698518 1.358230 -0.637488
2.749066 1.378316 -1.316214
1.472812 1.393471 -1.354525
1.416761 1.393504 -2.027879
1.425100 1.401049 -2.075624
2.163660 2.696732 -2.124988
2.214010 2.710505 -2.136827
2.813896 2.704294 -2.115954
2.114233 2.676395 -2.099243
2.109698 2.001090 -3.319304
2.803171 1.964802 -3.295904
2.861568 1.946021 -3.264217
2.865561 1.941051 -3.250137
1.535779 1.934900 -3.269972
1.574989 1.299601 -3.298541
1.628632 1.319536 -3.283201
1.001353 1.351200 -3.216469
0.972782 0.758069 -3.131497
0.933523 0.788099 -3.082274
1.618657 -0.508426 -3.079009
1.649138 -0.506911 -3.071641
1.049946 0.777780 -3.635735
0.377264 0.840599 -2.960302
0.372941 -0.353815 -2.339156
0.411351 0.297861 -2.377962
1.720042 0.278129 -2.418273
1.048279 -0.369716 -2.418349
1.012335 0.328046 -2.372379
1.003651 -0.235957 -2.960763
1.025364 -0.246142 -2.985627
1.019582 -0.327757 -3.047236
0.979012 -0.395396 -3.088466
0.945864 -0.381193 -2.436661
-0.334263 -0.350699 -2.433914
-0.313625 -0.386663 -2.496800
-0.344697 -0.463114 -2.591984
-0.408666 -0.506796 -2.641949
0.185005 -0.454537 -2.607890
0.202599 -0.384823 -3.181285
0.241729 -0.399917 -3.181266
1.482176 -1.126678 -2.613619
0.794577 -1.193359 -2.624223
0.183251 -0.565072 -2.585813
0.223120 -0.545104 -2.565555
0.246980 0.674453 -2.598493
0.202907 0.605045 -2.630434
0.133494 0.552372 -2.600941
0.734091 0.585793 -2.520345
1.392239 0.671485 -2.457772
1.429925 0.704812 -3.072243
0.743560 0.650220 -3.089345
1.313273 0.583904 -3.103449
1.307921 -0.706790 -3.089726
2.032920 -0.696598 -3.076250
2.082930 -0.695311 -3.087407
2.035338 -0.051611 -3.119946
1.955625 -0.044910 -3.140133
1.935109 -0.660547 -3.125571
1.986307 -0.627546 -3.094605
2.031475 -0.597170 -3.078163
2.643502 -1.264855 -3.716335
1.994441 -1.210577 -3.774545
2.010299 -1.195403 -3.835974
2.069862 -1.875412 -4.543735
2.099722 -1.899454 -4.537747
1.416548 -1.884006 -4.537526
0.025620 -1.200316 -4.575320
-0.002072 -1.807774 -4.610820
0.610838 -1.813008 -5.208834
1.251477 -1.823395 -5.126264
1.219647 -1.824674 -5.047774
-0.036021 -1.820934 -5.048983
0.596362 -1.823469 -5.082541
0.664664 -1.818228 -5.069832
0.051590 -2.433745 -5.014479
0.648398 -2.442232 -4.983297
1.238881 -1.161001 -5.021708
1.863534 0.209802 -5.091376
1.882130 -1.012850 -4.461453
1.900907 -0.298290 -4.410489
0.580345 -0.335003 -4.384194
-0.082307 0.330034 -4.441184
-0.036889 -0.280289 -3.255798
0.028206 -0.918861 -3.345937
0.690705 -0.225255 -3.382098
0.658321 -0.197932 -2.720039
0.586581 -0.159050 -2.713528
-0.088161 -0.090644 -2.745612
-0.742173 -0.005312 -2.767642
-0.731770 0.042770 -3.322713
-0.697490 -0.629231 -3.873031
-0.625694 -0.694780 -3.812587
-0.539600 -0.744507 -4.466343
-1.684492 -0.768745 -4.528275
-1.632352 -0.812952 -4.539511
-1.569506 -0.878739 -3.877265
-1.542800 -0.907638 -3.853698
