-1.163634 -0.029925 1.497041
-1.873111 0.579362 0.861998
-1.899358 0.530991 0.868939
-1.250992 0.494220 2.221485
-1.216231 0.465350 2.266425
-1.951649 0.417908 2.286853
-1.992969 0.997213 1.620989
-1.991363 0.980473 1.587003
-1.973551 1.015339 2.225719
-1.374834 1.066627 2.243774
-1.453920 0.420593 0.263451
-2.179663 0.399170 0.227549
-2.218343 -0.249016 -0.434654
-2.198160 -0.275744 0.248224
-2.174368 -0.300114 0.286138
-1.529988 -0.334699 0.282422
-1.556221 -0.362596 -0.413584
-2.150570 -0.354568 0.145297
-2.035950 -0.969991 0.118184
-1.950203 -0.911550 0.143387
-1.952803 -0.183995 0.163581
-2.665520 -0.131522 0.147912
-2.664565 -0.098720 0.130355
-2.614202 -0.083172 0.168207
-2.589217 1.210486 0.859289
-2.621454 1.191783 0.890643
-2.649347 1.159983 0.250196
-1.965688 0.515773 0.203255
-1.888408 -0.110369 0.194567
-1.894597 -0.071520 0.215839
-1.915994 -0.058246 0.853003
-1.967510 -0.053297 0.794244
-1.974433 -0.045882 0.762864
-1.305435 -0.052379 1.430506
-1.293684 -0.091795 1.481306
-1.326240 -0.152350 1.489066
-1.975187 -0.196025 1.458706
-1.315332 -0.861195 2.053258
-0.590453 -0.216589 2.058610
-1.837876 -0.211361 2.070486
-1.877550 0.422056 2.058427
-1.939980 0.436438 2.036754
-2.587197 0.478722 2.041737
-1.902355 0.499233 2.074745
-1.258154 1.146221 2.099106
-1.942751 1.122532 1.456085
-1.941524 1.143584 0.830961
-1.237524 1.226804 0.823489
-1.825831 0.686278 1.485510
-1.833234 0.759313 1.474753
-1.904752 0.794666 0.797112
-1.337757 0.860258 0.758270
-1.379670 0.920077 0.773466
-2.001520 0.964867 0.342903
-2.001878 2.252845 0.367431
-2.011294 1.603126 0.330120
-2.003961 1.569599 0.293138
-1.320624 2.182197 0.249990
-2.606881 2.193326 -0.308052
-2.620226 2.225546 0.336534
-2.668355 1.574693 0.275944
-2.114343 1.489491 0.209326
-2.161585 2.070794 0.228034
-2.808609 2.038757 0.305165
-2.805159 2.040607 0.326188
-2.778954 1.995743 0.263214
-2.737042 1.871226 0.203216
-2.682547 2.380933 0.215263
-2.636716 2.351070 -0.355648
-2.609336 2.388495 -0.367638
-2.607423 2.409555 -0.445508
-2.613906 2.378810 -0.485965
-1.956517 2.349841 -0.424076
-1.298098 1.737597 -0.328311
-1.874379 1.791803 0.364603
-1.851889 1.174164 -0.305879
-1.820518 0.485100 0.303063
-2.427022 0.462073 -0.955303
-2.419378 0.497708 0.349790
-2.430640 0.564351 0.298625
-2.459761 -0.029310 0.208380
-3.141837 0.591162 0.183057
-2.536524 0.588911 0.249841
-1.967295 0.604645 0.869679
-2.028889 -0.000285 1.462557
-2.049845 -0.037009 0.775643
-2.045089 -0.728655 0.772108
-2.053279 -0.111731 0.808390
-3.319994 -0.116459 0.856262
-2.668965 -0.134894 0.789246
-2.629630 -0.184389 0.731447
-2.621001 -0.219039 0.749024
-2.667909 -0.223633 0.811711
-0.797062 0.424112 1.471338
-0.813529 0.394020 1.433814
-1.389146 -0.327643 1.428152
-1.363659 -0.350851 1.484304
-1.384222 -0.319811 1.547401
-1.444924 -0.266763 0.247649
-2.073191 -0.883041 0.183683
-1.435833 -0.859955 0.161180
-1.445678 -0.813156 0.215358
-0.889894 -0.118165 0.286382
-0.925570 -0.049023 0.897174
-1.524941 -0.025878 0.881563
-1.491913 -0.696410 1.547619
-1.458013 1.377753 1.575541
-1.426121 1.380077 1.580789
-1.389988 2.051481 1.546037
-1.348216 2.699890 1.513035
-1.937129 2.673839 2.158711
-1.930794 2.011138 2.168716
-1.936541 0.657062 0.908633
-1.935095 1.347205 0.921816
-1.912420 2.004069 0.924202
-1.896861 0.010864 0.939321
-1.911313 -0.031277 0.949420
-1.940234 -0.012139 0.935269
-1.960794 -0.594023 0.897687
-1.970236 0.104097 0.853932
-2.002503 0.116660 0.182245
-1.440943 0.133442 0.170775
-1.490622 0.186983 0.811473
-1.497395 0.260013 0.148844
-1.463045 0.295785 0.112082
-1.451871 -0.354229 -0.536394
-1.474082 -1.000050 -0.475177
-1.494715 -0.960845 -1.051603
-1.467665 -0.900381 -0.398212
-1.399389 -0.217396 0.205588
-1.360307 0.411944 0.167008
-1.383449 0.391145 0.185791
-2.085097 0.386854 0.244076
-2.074191 0.396458 0.864243
-2.002724 0.390769 0.205730
-1.339646 -0.229658 0.223780
-1.988412 -0.225150 0.294694
-2.050638 -0.207931 -0.298740
-2.060019 -0.194230 -0.317328
-2.006852 -0.198294 -0.361338
-1.960901 0.469132 0.947275
-2.014139 0.497474 0.419494
-1.412602 0.529291 -0.282410
-1.385249 0.544633 0.250532
-1.979493 0.541354 -0.445020
-1.319256 -0.096343 -1.100318
-1.375949 -0.104752 -1.111862
-0.797224 -0.124929 0.073957
-2.036051 -0.155288 -0.038275
-3.254071 1.098650 1.177888
-2.017401 1.084059 0.483884
-2.055802 0.424422 1.112336
-2.732593 0.382110 0.426797
-2.691867 -0.286733 0.348884
-2.068256 -0.284010 0.339068
-2.044706 -0.255123 -0.203867
-2.039504 0.378778 -2.040418
-2.044739 -0.245724 -1.982833
-2.037520 -0.212752 -2.576106
-2.030017 -0.168900 -2.532748
-2.038459 -0.168181 -1.799590
-2.079969 -0.216987 -1.747276
-2.131962 -0.236258 -3.048048
-2.173218 -0.205706 -3.699713
-2.187614 0.471793 -3.685196
-2.179164 -0.200993 -3.637312
-0.856881 -0.249263 -2.953131
-0.921541 -0.256878 -2.303189
-0.990859 -0.251195 -2.328023
-1.010069 0.393848 -1.019418
-0.979049 0.320670 -1.008940
-0.951141 -1.022839 -0.986234
-0.955700 -1.013975 -0.960673
-0.327692 -2.942283 -1.592780
-0.899216 -2.975510 -1.585577
-0.819886 -3.733973 -1.541907
-0.782813 -2.524335 -1.457386
1.777265 -1.796051 -2.003522
1.753133 -1.110449 -1.339445
1.697688 -1.116614 -0.737681
1.654095 -1.773966 -0.108397
1.637817 -1.152104 0.560507
1.633217 -1.146395 0.590413
1.632340 -1.171712 -0.057053
1.646452 -1.228299 1.217041
1.668134 -1.859671 -0.016097
1.697423 -1.188362 0.039432
1.054791 -1.135704 0.055100
2.217767 -1.143440 0.000245
2.100846 -1.189166 1.172043
2.725018 -1.202066 1.164445
2.745196 -1.174035 1.853024
2.769131 -1.802787 1.260408
2.762971 -1.846059 1.228986
2.776488 -1.901068 1.209251
2.862639 -1.874764 1.251304
2.983783 -1.783510 1.939995
2.401301 -1.090849 1.318657
2.350113 -1.109539 1.257829
2.295607 -1.149868 1.162509
2.325601 -0.492235 0.490669
2.391864 -0.439855 1.119836
2.417193 -0.410388 1.111933
2.398919 -1.054520 1.712992
2.418474 -1.070359 1.712260
2.502519 -1.046247 2.417781
2.569213 -0.341902 2.519316
2.543070 -0.300033 2.573145
2.459693 -0.302880 2.530698
1.768106 -0.323853 2.447939
1.756046 -0.320188 2.410616
2.361681 -0.924057 1.162822
2.308275 -1.547901 1.784223
2.315582 -1.570736 1.765180
1.778782 -0.972573 0.564118
1.873442 -0.975507 0.620297
1.907629 -0.972180 0.709533
1.893914 -0.977875 1.335702
1.888465 -1.639231 0.692637
1.273723 -2.970787 0.653277
1.885759 -2.305310 0.619525
1.159539 -2.268436 -0.662253
1.693445 -3.563087 -0.675698
1.096191 -2.343867 -0.718485
1.133038 -2.382874 -0.767140
1.143609 -2.340305 -0.773403
1.128053 -2.264985 -0.743350
1.112169 -2.887751 -0.740613
1.102199 -3.615187 -0.795550
1.086970 -3.018426 -0.868650
1.035208 -3.013739 -0.904034
0.336678 -2.956990 -0.913072
0.315531 -2.957937 -0.943314
0.334515 -3.030603 -0.991635
0.369428 -3.075897 -1.685156
0.388536 -2.386969 -1.663775
0.412156 -2.349789 -1.617391
0.434026 -3.042816 -0.980701
0.438571 -3.144207 -0.999422
0.425331 -1.918493 -1.005753
0.398514 -1.924009 -0.979897
0.374901 -1.319565 -0.971971
0.357719 -1.375629 -0.998540
0.344553 -1.404754 -1.025241
0.335471 -2.013510 -1.668851
0.334501 -2.624180 -2.262192
0.347808 -2.625019 -2.248804
0.363989 -2.660820 -1.617916
0.369552 -2.655339 -1.635823
0.360926 -2.597287 -1.624258
0.990680 -2.533326 -1.622551
0.980731 -1.852605 -1.632148
0.971547 -2.533463 -1.673904
0.312306 -3.760779 -1.113203
-0.362324 -3.025914 -1.749894
-0.362777 -2.966850 -1.711425
-0.341836 -3.617042 -1.034566
-0.324784 -3.647698 -1.037205
-0.331112 -3.642904 -1.081168
-0.347100 -3.632666 -1.745322
0.287398 -3.656242 -1.719438
0.310229 -3.041418 -1.723110
-0.304670 -3.674894 -1.729017
-0.324378 -3.002930 -1.782331
-0.345885 -3.657758 -1.807965
-0.993765 -3.645487 -1.126000
-0.982549 -3.632736 -1.066877
-0.967136 -2.976960 0.220475
-0.957952 -2.973454 -1.116632
-0.959223 -3.002980 -1.134617
-0.985961 -3.027771 -1.097643
-0.997082 -3.039106 -1.073463
-0.988751 -3.048910 -1.089232
-2.313241 -3.737807 -2.297277
-2.325712 -3.764824 -2.286172
-2.331486 -4.406665 -2.230948
-2.313462 -4.337064 -2.193064
-2.266757 -3.677141 -1.565042
-1.597371 -3.713041 -2.220515
-1.600260 -4.445662 -2.882078
-1.601801 -4.420451 -2.903135
-1.561330 -2.269452 -2.935134
-1.506680 -2.301232 -2.928290
-1.474556 -2.368580 -2.881759
-1.466989 -2.399682 -2.199856
-1.466263 -1.703769 -2.815859
-1.465995 -0.966685 -2.788463
-1.487513 -0.934562 -2.732493
-1.514301 -0.923140 -3.305715
-2.162224 -0.992769 -3.338108
-2.180503 -1.683363 -3.413216
-2.190023 -1.088824 -2.830483
-2.189377 -0.419427 -3.432770
-2.172801 0.067690 -3.410678
-2.183532 0.071105 -2.790733
-2.215004 -1.282895 -3.415812
-2.244769 -2.035634 -2.759090
-2.251196 -1.975272 -3.351527
-2.233787 -1.844849 -4.624211
-2.228366 -1.185309 -4.673779
-2.889788 -1.304819 -4.109616
-1.560934 -1.381472 -4.139286
-1.527142 -0.012030 -2.814234
-1.520415 0.028574 -1.445759
-1.504710 -0.014276 -0.857141
-0.280408 -0.076152 -1.009875
-0.307181 -0.746684 -0.347070
0.326270 -0.631784 -0.255022
0.344285 0.149253 -0.148761
1.589599 -0.499752 -0.086752
1.545425 -1.258873 -0.771234
1.527507 -1.956289 -0.798650
2.192113 -2.568575 -0.790332
2.260298 -1.865367 -2.635904
1.645700 -0.565953 -2.579005
2.870410 0.039023 -2.553280
3.484196 -0.656105 -2.520113
3.512749 -0.648931 -2.492829
2.926251 -1.943343 -1.827632
2.903308 -0.649976 -2.510807
2.858532 -0.648136 -2.521852
2.224246 -1.935045 -2.540645
2.249956 -1.939487 -2.529236
2.874552 -1.302473 -3.850016
2.809357 -0.693510 -3.927385
2.752458 -1.344215 -3.943885
2.759231 -1.255905 -3.897476
2.814462 -1.818195 -3.864657
2.846674 -1.789977 -3.887285
2.813059 -1.795159 -3.930841
2.165316 -1.773397 -3.951984
2.212571 -1.706152 -2.621016
2.283811 -1.657866 -1.945644
2.288796 -2.325673 -1.970356
2.837918 -1.728226 -2.643088
2.801380 -1.060622 -2.685825
2.834489 -1.005126 -3.942242
2.902566 -0.966606 -3.914565
2.928076 -0.329300 -3.922177
2.895545 -0.346878 -3.973055
2.196649 -0.358928 -4.006465
2.853849 -1.034532 -3.407117
1.670314 -1.080459 -3.438855
1.689675 -1.779630 -2.898490
2.284321 -1.758739 -4.185659
2.201226 -1.714118 -4.174503
2.152245 -1.036280 -3.503261
2.151992 -1.021507 -3.419002
2.161476 -0.984711 -3.379696
2.143531 -0.989924 -3.379414
2.097486 -0.990731 -3.359335
0.779361 -0.998416 -3.325700
1.428574 -1.013084 -3.306834
1.456540 -1.634646 -2.683972
1.474969 -1.620852 -3.285151
1.467517 -1.596737 -2.607502
1.443397 -1.606776 -3.126419
0.777330 -1.652592 -3.051401
0.770224 -1.716975 -3.035104
0.766421 -1.764387 -3.649289
0.756136 -2.468101 -3.602713
0.754482 -3.091869 -3.548552
0.783847 -1.823403 -2.935112
0.816624 -1.188075 -3.030582
0.837356 -1.825024 -3.115097
1.478743 -0.496760 -3.742319
1.467420 0.843287 -4.335565
0.813887 0.744410 -4.948688
0.792077 -0.651388 -4.991414
1.384647 -0.659865 -5.020049
2.680888 -1.276404 -4.987895
2.674827 -0.641178 -4.930975
2.042885 -0.677010 -6.175993
0.749441 -1.977485 -6.221660
0.752800 -3.801723 -6.260963
0.766624 -3.720461 -6.898082
0.768387 -3.653045 -5.679582
0.748641 -3.649769 -4.995284
0.712093 -3.037789 -5.004177
0.682692 -3.076552 -5.007685
1.309170 -3.722076 -4.967252
1.286610 -3.727630 -4.911742
1.286147 -3.112779 -4.904674
1.302389 -1.873160 -4.299065
0.674451 -1.865318 -4.355970
1.348866 -1.797383 -4.375376
0.739229 -1.720091 -4.374601
0.761614 -1.056398 -4.398086
0.792190 -1.122074 -4.446956
0.824409 -0.504382 -4.482134
0.834402 -1.160650 -4.463264
0.826743 -0.489167 -4.411321
1.469179 -0.503704 -4.375967
0.289008 -1.224709 -4.365925
0.302889 -1.245378 -3.718741
0.901208 -1.839955 -3.686011
0.869802 -1.105048 -3.618575
0.838819 -0.401850 -3.558979
0.819425 -0.418580 -3.523642
0.801637 0.187655 -3.492589
0.767167 0.167259 -3.426491
0.730540 -0.465734 -3.350463
0.712886 -0.451645 -3.330554
0.712139 -0.455164 -3.353640
0.709187 -0.450220 -2.169993
0.687662 -1.063226 -2.175611
0.012363 -0.330283 -2.825410
-0.005264 -1.564050 -2.856444
-0.008774 -1.559239 -2.861528
0.551213 -1.599348 -2.853107
0.539694 -2.325103 -2.851039
0.548402 -2.345770 -2.884443
0.584559 -2.361570 -2.937846
0.623138 -2.408482 -3.019269
0.645204 -2.463803 -3.043342
0.649931 -1.121607 -3.681660
0.646193 -0.422417 -3.702688
0.022920 -0.398049 -3.701377
0.024583 0.179053 -3.680044
0.736084 0.114240 -3.650371
0.689819 -0.587447 -5.571048
1.934919 -0.608445 -5.576646
1.969788 -1.221278 -3.674239
1.382209 -1.224524 -3.057281
1.387425 -1.197208 -3.021753
2.005349 -1.130819 -2.985551
1.342559 -1.048969 -2.971930
1.340838 -1.658748 -2.968765
0.732999 -1.654023 -3.554115
1.375582 -1.651034 -3.497445
1.949752 -2.236217 -3.481302
1.291915 -2.251552 -4.167481
0.721602 -2.956073 -4.250986
0.773336 -2.971919 -4.257964
1.471947 -2.259077 -4.198481
0.844357 -1.594299 -4.172312
2.205307 -1.579754 -4.189613
2.240095 -2.250202 -4.189854
2.239187 -2.247004 -4.120427
2.198621 -2.192475 -4.025810
2.169550 -2.154489 -3.979406
2.197087 -2.781962 -3.336549
1.599738 -2.825753 -3.325269
2.248280 -2.813447 -3.949869
2.258024 -4.100222 -3.309693
2.281535 -4.035929 -3.335529
2.345692 -2.795133 -3.353726
2.408932 -2.747256 -3.352911
2.423267 -2.664448 -3.331993
2.394029 -2.595024 -3.325722
1.793133 -3.189253 -2.065489
1.846395 -3.247020 -2.054561
1.222704 -3.298340 -2.027401
1.246123 -2.678111 -2.011951
1.253443 -2.000970 -2.050236
1.274808 -1.996535 -2.097415
0.090616 -2.670970 -2.099970
0.089884 -2.702497 -2.065028
0.051239 -2.687329 -0.804765
0.007221 -2.640200 -0.852671
-0.018437 -3.213272 -0.892770
-0.023711 -3.230672 -1.496728
-0.030406 -3.242399 -1.457230
-0.045527 -3.215686 -0.181553
-0.691053 -3.162140 -0.250204
-0.699161 -2.496040 -0.314383
-0.691406 -2.511061 -0.317975
-0.703935 -2.512538 -0.893836
-0.742368 -2.486274 -0.277338
-0.772961 -2.442668 -0.990462
0.539901 -2.429656 -2.287050
0.580376 -2.449399 -1.692678
2.552005 -2.445644 -1.672726
1.920897 -2.403503 -1.709164
1.920643 -2.996271 -1.173693
1.957331 -2.997087 -1.212134
2.013065 -2.475425 -1.171577
1.385138 -1.164360 -1.101314
1.334966 -1.185454 -0.440562
1.285798 -1.208097 -2.265536
1.303418 -2.535820 -2.270159
1.380061 -2.548080 -1.000422
1.440589 -2.549420 -0.936460
1.446479 -2.548676 -1.544556
1.444761 -1.959552 -0.907065
1.468172 -2.575198 -0.970890
1.502233 -1.918576 -0.997386
0.849253 -1.280005 -2.235927
0.782499 -0.060624 -2.185094
0.717758 -0.068750 -2.163624
0.697879 -0.108443 -2.173120
0.716803 -0.167211 -2.162254
0.718429 -0.197003 -2.125895
1.320062 -0.163903 -3.394312
1.276775 -0.748771 -2.085549
1.274966 -0.736780 -2.080993
1.309319 -0.748697 -1.427020
1.323423 -0.759324 -1.446037
0.674305 -0.741213 -2.106523
0.614508 -0.717309 -1.471968
1.268267 -1.941260 -2.045025
1.948903 -1.970670 -2.048166
1.995789 -2.017956 -1.428409
0.637859 -2.045719 -1.417976
0.619469 -2.037972 -1.430582
1.267232 -2.016079 -0.811044
1.321364 -1.407828 -0.831112
1.353939 -1.442154 -2.811113
1.313467 -0.162142 -2.820698
2.562171 -0.154058 -2.824319
2.540145 -0.107589 -2.799832
2.588309 -0.092890 -2.762138
2.632539 -0.134230 -2.089259
2.601939 -0.178689 -2.760860
2.514705 -0.821641 -2.815099
1.782222 -0.105719 -1.545322
1.772581 0.556920 -2.237537
1.781587 1.154829 -1.565643
1.768032 0.496107 -1.567461
1.746505 0.529810 -2.814123
1.763818 0.582811 -2.811160
1.823736 0.578893 -2.768737
2.543289 0.529393 -2.121508
1.923330 0.509652 -2.112683
1.906695 0.556699 -2.119819
1.223706 0.600260 -1.598133
1.211111 1.211072 -1.628022
1.195728 1.143279 -1.001559
1.184607 1.129480 -0.993102
1.191045 0.549353 -0.929598
0.578662 0.624949 -0.854856
1.238488 0.628798 -0.840257
1.246789 0.601714 -0.881488
1.283484 0.620910 -0.918184
1.320137 0.111287 -0.914730
1.318827 0.122209 -0.905138
1.289634 -1.250162 -0.326876
1.270768 -1.324629 -0.408526
1.286332 -1.347255 -0.427669
1.301895 -1.394637 -1.637441
1.310750 -2.034098 -1.529306
1.940919 -1.436016 -1.485853
0.646313 -1.478863 -2.118221
0.664715 -1.484565 -0.968310
0.684962 -1.477537 -0.953839
0.707514 -1.500843 -0.273683
0.704512 -1.538780 -0.317886
0.676809 -1.547578 -0.422169
0.642339 -0.869184 -1.158017
0.626861 -0.846232 -1.840852
0.645087 -0.872360 -1.843167
0.648622 -0.893024 -1.218231
0.624414 -0.891159 -1.931642
1.233975 -0.843940 -1.302275
1.236806 -0.828652 -0.702537
1.255659 -0.838979 -0.697193
1.230381 -0.826622 -0.723990
1.755778 -0.777242 -1.447924
1.712415 -0.741346 -1.448756
1.729525 -1.410730 -1.418380
1.774470 -1.460766 -1.393439
1.791777 -1.491066 -1.397740
1.793784 -1.513983 -2.052923
1.829710 -1.573529 -2.041792
1.879666 -1.659732 -2.622993
1.877755 -1.723326 -2.630955
1.809355 -1.122927 -2.662918
1.743022 -0.465411 -3.295648
1.104383 -0.484446 -2.571726
1.158673 -0.522494 -2.495250
1.177999 -0.555274 -2.452917
1.161215 -0.582557 -2.411125
1.192392 -0.618971 -2.320929
1.276155 -0.654918 -2.222263
1.314430 -1.336659 -2.191491
0.639689 -1.337211 -2.247924
0.555194 -1.338624 -2.315244
0.556407 -0.671400 -2.318808
0.630484 -1.290669 -2.957236
0.664264 -1.266548 -2.340891
0.619428 -1.258639 -2.389476
0.589990 -1.264592 -2.415168
0.658930 -1.265923 -2.386073
0.740827 -1.270403 -2.366802
0.718184 -1.294616 -1.771074
0.604017 -0.742337 -1.209933
0.512011 -0.739664 -0.634218
1.153704 -0.688545 -0.622002
1.157840 -1.263161 -1.940462
1.100832 -0.626043 -1.319309
1.678458 -0.628228 -1.354266
-0.276326 -0.044273 -2.625604
-0.231944 -0.000723 -2.577425
-0.185717 -0.620608 -2.556026
0.432927 -0.642855 -1.368383
0.361215 -1.853688 -0.762788
-0.281389 -1.812464 -0.732698
-0.234625 -2.976657 -0.670114
-0.810133 -2.963347 -0.018997
-0.186111 -2.358554 0.623462
-0.820147 -2.386444 0.606858
-0.792523 -2.386224 0.637141
-0.703649 -2.389966 0.688673
-0.615908 -2.426104 0.722868
0.031307 -2.450826 0.730947
0.073013 -2.425104 0.135306
0.069956 -2.379689 0.149714
-0.500675 -2.373322 0.153488
0.145734 -2.401298 0.144506
-0.562028 -2.387571 0.147383
-0.608053 -2.323203 -0.460566
-0.643869 -2.286487 -1.082498
0.577598 -2.318988 -1.081850
0.555446 -2.347517 -0.424542
0.523433 -2.301806 -0.412916
-0.154133 -2.243037 -0.425145
-0.199031 -2.251415 -0.482202
-0.198219 -2.268000 -0.558473
0.425061 -1.656733 0.005535
0.539102 -2.245922 0.022028
-0.075491 -1.571593 0.702834
0.550902 -0.963816 0.113445
0.589734 -1.681493 0.104478
1.224234 -1.708888 0.084752
0.682956 -2.903737 0.078621
0.688331 -3.555128 0.089473
0.699868 -1.668319 0.085304
0.108395 -1.660538 0.055749
0.116201 -1.609966 -1.297058
0.115911 -1.560342 -1.316301
0.112449 -1.547121 -1.911975
0.683328 -0.330455 -1.890629
0.061835 -0.381995 -3.177418
1.399641 -2.333059 -3.127658
1.374172 -2.313178 -2.447795
1.293527 -1.668656 -3.049169
0.635490 -1.703641 -3.080032
0.624413 -1.750951 -3.775845
0.624621 -1.760133 -1.293926
1.199058 -1.743133 -1.271653
1.117402 -1.748261 -1.884926
0.445388 -0.527544 -1.930996
1.114467 0.090058 -1.931685
1.141511 -0.511843 -1.847852
1.146629 -0.512828 -1.104724
1.107104 -0.533240 -1.692938
1.072803 -0.516696 -1.755915
1.095655 -1.092091 -1.180382
1.154101 -1.066854 -3.029939
1.211470 -1.134840 -3.638290
1.207920 -1.119795 -2.365894
1.167031 -1.074174 -1.760221
1.153702 -1.012082 -1.726656
1.187269 -0.970469 -0.998372
1.249105 -0.356033 -0.917656
1.253370 -0.961384 -0.933334
1.206438 -0.933150 -0.949419
1.184766 -0.896325 1.528945
1.217622 -0.852228 1.562333
1.281502 -0.861383 1.486197
1.293353 -0.262760 1.419667
1.242881 -0.280115 1.395054
1.187998 -0.301682 0.840784
1.180575 0.331686 0.318633
1.206089 0.925512 0.336654
1.186923 0.873082 0.289267
1.097549 0.826569 -0.368584
1.001017 0.792136 -0.329450
0.959142 0.760842 -0.323688
0.961877 0.727460 -1.024250
0.957560 0.698952 -1.144602
0.912535 0.067051 -1.194128
0.871610 -0.577242 -1.146304
1.472616 -0.566468 0.180606
0.948876 0.090787 0.168211
1.000674 -1.247155 0.109553
0.998795 -1.931660 -0.565304
-0.319536 -1.940272 -0.567771
0.315465 -1.928477 -1.214769
-0.244079 -1.930828 -1.266035
1.010757 -1.318395 -1.353248
1.022798 -1.349514 -1.399719
1.631745 -1.348281 -0.715922
1.662108 -1.329795 -0.615158
1.092199 -0.700119 -0.579776
1.108198 -1.395404 -0.614623
1.734313 -2.040481 -0.641125
1.760275 -1.384791 -0.610627
2.395698 -1.374035 -0.571283
2.396085 -0.126524 -0.598605
1.761072 -0.150000 -0.666806
2.367151 -0.751585 -2.497557
3.001270 -0.730213 -2.457699
1.761138 -0.084605 -1.735422
1.748120 -0.086312 -1.705387
1.720428 -0.079730 -1.698190
1.704902 -0.682427 -1.084832
1.721955 -0.635036 -1.707669
1.752044 -0.587227 -1.098745
1.760423 -1.884264 -1.147607
1.748729 -1.872691 -0.565687
1.756592 -2.472898 0.011076
1.796819 -1.741583 0.005669
1.832370 -1.719290 0.023193
1.837886 -1.746293 0.013583
1.830141 -3.044709 0.045620
1.847133 -3.005159 0.058250
1.207981 -2.312529 0.658234
1.213765 -2.310340 0.592944
1.863230 -2.342226 0.522096
1.835741 -2.346572 0.482167
1.841985 -2.304981 1.117463
1.867199 -2.287389 1.111330
1.872969 -2.357549 1.102267
1.855987 -2.465149 1.106147
1.838854 -2.511506 1.134858
1.841032 -1.151377 -0.211442
1.826325 -0.454184 -0.200586
1.781106 -0.465137 -0.859612
2.345502 -0.484455 -0.912945
1.072095 -0.482039 -0.937636
1.074543 -1.080236 -0.927714
0.384823 -2.323964 -0.922587
0.380640 -3.640100 -0.949248
1.051509 -3.705939 -0.979572
1.131980 -3.059047 -0.964821
1.176087 -2.446134 -0.896523
1.169111 -2.430498 -0.820460
1.772038 -2.426687 -0.783405
1.759453 -1.807009 -1.390751
1.773190 -1.828800 -1.378680
1.134772 -3.098097 -1.370537
1.707555 -3.033961 -1.389250
1.655265 -2.342825 -1.420768
1.642202 -2.369341 -1.434658
1.649178 -2.418114 -1.414790
2.280205 -2.406882 -1.396713
2.252795 -2.351643 -1.399246
2.233123 -2.313960 -1.411465
2.232694 -1.040866 -1.409771
2.866074 -1.064183 -0.133357
2.869644 -1.063582 -0.187004
2.859992 -1.039795 -0.252092
2.205043 -1.654981 -0.902794
2.202729 -2.994829 0.334833
2.216223 -3.663269 0.989885
2.247259 -3.674907 1.574019
2.268692 -3.641636 1.558006
2.263174 -3.619510 0.970552
1.637865 -3.015093 1.004943
1.628932 -1.815417 0.997533
1.046296 -2.497733 0.936976
1.678986 -1.803664 0.250981
1.669038 -1.138526 0.232959
1.664025 -1.134301 1.510414
1.684991 -1.158486 0.964394
1.719071 -1.178729 1.011521
1.738494 -1.115312 1.011959
1.726691 -1.031608 -0.860685
1.700477 0.962522 -0.836649
1.701610 0.906388 -0.812408
1.749036 0.899549 -0.822536
1.778841 0.998761 -0.254017
2.436306 0.431737 -0.304597
2.411508 0.441956 -0.314819
1.068412 0.375215 -0.278396
1.116754 0.359221 -0.234355
1.176812 -0.211815 -0.211397
1.179786 -0.135626 -0.205568
1.125396 -0.158069 -0.202705
1.085181 -0.223203 -0.195329
0.474876 -0.209256 -0.205421
0.514475 -0.120625 0.360004
0.486969 0.596282 0.316155
0.393365 -0.770827 0.935796
0.975068 -1.455701 0.967256
1.012176 -0.822249 1.009375
1.081563 -1.462849 0.411498
1.085756 -0.840109 0.435703
1.016954 -0.936309 0.441235
0.297129 -1.661504 0.435312
0.987621 0.308102 1.013852
1.061417 0.328800 1.556131
1.066726 0.292299 0.224648
0.382470 0.210632 -0.395287
0.336542 0.186713 0.799102
-0.873362 0.244526 0.796969
-1.432290 0.307148 0.824266
-1.443667 0.310063 0.857762
-1.494684 0.284653 0.863560
-1.496844 0.312959 0.845381
-1.430750 -0.906635 1.418921
-0.712998 -0.168176 1.416854
-1.359573 -0.177544 1.549172
-1.346875 -0.200848 1.564787
-0.673944 -0.841765 1.579227
-0.586063 -0.096859 1.600138
-0.547747 -0.058603 1.629133
-1.176086 -0.093167 1.650327
0.035240 -0.103468 1.655992
0.606633 -0.079635 2.333779
1.280410 1.206932 1.629313
1.282249 1.194270 1.026008
1.233207 1.122860 1.032606
1.214993 1.046753 0.436967
1.265697 0.378583 0.460683
1.332137 -0.185972 -0.189376
1.335752 -0.165975 0.464752
1.267342 -0.200264 -0.181806
0.595875 0.407203 -0.189918
0.590376 0.434319 -0.904530
1.238231 0.503027 -0.985651
1.229241 0.533024 -0.402324
1.208236 -0.178604 -1.703851
-0.054078 1.109423 -1.728511
-0.676910 1.106588 -1.148043
-0.668676 1.811658 -1.151851
-0.659800 1.199961 -1.097348
-0.647256 0.516680 -1.043314
-0.661302 1.088814 -1.038678
-0.732797 1.679222 -1.060769
-0.823419 1.657025 -1.061340
-0.877871 1.684159 -0.368807
-0.900374 2.272062 -0.356476
-0.915075 2.166950 -1.043436
-1.554255 2.063045 -1.045840
-1.577127 2.051163 -0.414685
-1.579874 2.091388 -0.373788
-0.911676 2.070290 -0.990624
-0.925349 1.977646 -2.200724
-0.961431 1.882598 -2.227768
-1.003502 1.886730 -2.262518
-1.037003 1.941832 -2.308296
-1.038510 -0.001493 -2.358681
-0.369008 0.621665 -2.404110
-0.968298 0.609999 -2.451803
-0.926909 0.638583 -2.504736
-1.518020 0.731137 -2.539929
-2.126283 0.801689 -2.528091
-2.680047 0.158470 -3.160365
-1.996782 0.739365 -2.501022
-1.997234 0.735136 -3.693065
-2.030291 0.124919 -3.046649
-2.682431 0.182724 -1.794576
-2.621795 -1.058400 -1.774769
-2.565119 -1.735891 -1.755578
-2.580592 -2.947077 -1.101747
-2.002541 -4.203692 -1.695123
-2.002000 -4.822926 -2.287315
-1.967550 -2.946592 -2.253287
-1.985375 -3.023025 -2.272810
-2.094977 -1.893842 -2.327289
-2.208777 -1.963527 -2.372362
-1.571783 -2.601859 -2.380322
-1.518407 -1.974280 -2.385991
-2.141910 -1.991704 -2.414450
-2.197025 -3.165820 -1.832454
-2.252888 -3.142071 -1.834453
-2.231674 -1.786591 -1.796244
-2.183836 -3.035982 -1.771709
-2.190416 -3.691163 -1.120718
-2.267203 -3.077377 -1.163684
-2.321708 -3.738885 -1.194674
-2.276087 -3.074734 -0.591174
-2.187635 -3.034411 -0.601368
-2.143512 -2.310017 -1.259810
-2.160677 -3.514437 -0.043534
-2.141540 -3.427809 0.040876
-1.405073 -3.368196 0.142144
-1.332159 -3.339389 0.222594
-1.971603 -2.722364 -0.374023
-2.040591 -2.749685 -0.362121
-2.078846 -2.757979 -0.355560
-2.686585 -2.706691 -0.358018
-2.643528 -2.660220 0.906466
-2.646441 -2.656279 0.905506
-2.050567 -2.051965 0.304777
-0.810245 -2.038687 0.998798
-0.730743 -1.359729 1.066425
-0.688192 -1.991219 1.103760
-0.730303 -2.051592 0.453399
-0.788689 -0.825047 1.095494
-0.790879 -1.492807 0.486633
-0.731645 -1.445724 -0.181764
-0.696970 -1.383986 -0.223740
-0.709706 -1.340622 -0.263226
-0.699141 -1.962633 -0.253495
-0.626473 -1.921891 -0.793653
-0.562487 -1.882375 -0.714214
-0.591280 -2.557135 -1.887732
-0.066299 -2.633584 -1.869310
-0.113910 -0.833230 -1.851029
0.547885 -0.892254 -1.837877
0.553901 -0.908916 -0.568537
-0.097646 -0.901524 -0.608213
-0.126866 -0.868088 -1.869025
-0.082782 -0.809983 -1.851936
-0.014360 -2.036336 -1.805446
-0.004907 -1.326650 -1.095595
-1.342943 0.552138 -1.745223
-1.404297 0.470860 -1.759681
-1.406887 0.385831 -1.788559
-1.381798 0.308562 -1.834813
-1.371341 -0.369823 -0.733525
-1.386898 -0.356009 -0.792742
-1.382842 -0.969189 -0.182313
-1.343184 -0.910954 -0.186233
-1.312383 -0.829220 -0.212107
-1.316750 -0.787299 -0.255922
-1.335976 -2.113674 -0.273093
-1.330906 -0.234700 -0.258986
-1.309972 -0.289819 -0.256587
-1.295204 -0.333538 -0.947678
-1.292659 -1.646092 -0.368186
-1.277079 -0.406940 -1.633939
-1.231782 -0.381403 -0.334113
-1.198267 -0.946959 -0.283991
-1.198625 -0.308061 -0.295235
-1.220791 0.964317 -0.335811
-1.237689 0.951683 -0.987832
0.664436 0.324686 -0.947984
0.617304 0.277314 -2.213196
0.565626 0.846230 -2.891721
-0.096311 0.808163 -2.334464
-0.075404 0.833553 -2.398878
-0.023357 0.234897 -1.179696
-0.012453 -1.075310 -1.795282
-0.052004 -3.017462 -1.821813
-1.355066 -2.369591 -1.892726
-2.030219 -1.078975 -1.919435
-2.047666 -1.661037 -1.866434
-2.109324 -1.708367 -1.804648
-2.191622 -1.788338 -1.802920
-2.231010 -1.179691 -1.838394
-2.206282 -1.090080 -1.825462
-2.194441 -0.983307 -1.754960
-2.236713 -0.905277 -1.691324
-2.294017 -1.595811 -0.498246
-2.312452 -0.925865 -0.503247
-2.295233 0.561448 -0.466178
-2.294874 1.270190 -0.394223
-1.689764 1.858344 0.304428
-1.689600 1.763404 0.339100
-1.646266 0.463520 0.341422
-0.994680 0.553863 0.327117
-0.983105 -0.040744 0.307938
-0.983324 -0.104947 0.302033
-0.984301 -0.181062 0.311773
-1.598755 -0.184997 0.327325
-1.613849 -0.795982 0.338078
-1.618696 0.394071 0.346733
-1.603951 -0.355910 0.368131
-1.583671 -0.437501 0.385420
-0.314014 -0.443596 0.969117
-0.283477 0.229986 0.311260
-0.273485 0.267109 -0.357409
-0.274356 0.277915 -0.402476
-0.296451 0.287718 -0.431830
-0.327118 -0.921130 -0.447860
-0.356336 -0.298446 -0.450780
-0.371695 -0.319229 -1.053388
0.310846 0.311573 -1.051932
0.332247 0.317676 -1.046708
0.355216 1.573413 -1.051162
0.357406 1.615802 -1.078465
0.362418 1.016062 -1.119001
0.382503 1.066231 -1.152481
0.387242 1.079727 -1.178831
-0.320180 0.403401 -1.199075
0.239569 2.262498 -2.498446
0.203641 2.230677 -2.460393
0.221710 2.232810 -2.397774
0.246884 1.017609 -1.731593
0.835020 0.386596 -1.680400
0.168878 0.385033 -2.289821
0.176900 0.434256 -2.309864
-0.353758 0.513274 -1.727963
-0.310299 0.550302 -1.739523
-0.953839 0.512128 -3.566998
-1.013497 0.485894 -3.561899
-0.987081 0.476876 -2.952529
-0.906266 -0.144337 -2.919980
-0.900709 0.483938 -2.245973
-0.929686 -0.192220 -1.612746
-1.623229 0.388673 -2.283747
-0.359572 0.417184 -2.304321
-0.951283 0.475233 -2.272591
-0.946991 1.152338 -2.228590
-0.984661 1.133573 -2.245901
0.263592 1.110101 -2.289828
0.249822 1.105397 -2.307820
0.275824 -0.160927 -2.283217
-0.342054 -0.816574 -2.247026
0.269443 -0.187511 -2.893132
0.238483 -0.846459 -2.924529
0.898635 -0.808180 -2.286537
0.294427 -0.772799 -2.277753
0.318921 -0.747366 -2.936134
0.304834 -0.736093 -2.296315
0.228414 -0.757243 -2.337238
