2.221047 1.640603 -0.063965
2.875424 1.036889 -0.101665
2.913200 0.356648 -0.799235
2.982721 0.349060 -0.111389
3.002553 1.023368 -0.045052
3.629848 1.014960 -0.016688
3.579024 0.925144 -0.040000
3.548666 -1.062244 -0.048893
3.523741 -1.040141 -0.609760
4.108015 -1.011986 0.093030
4.054189 -1.672538 0.164808
3.360708 -1.130008 0.178620
2.694419 -1.188086 0.146504
2.695252 -1.202106 0.096422
2.680808 -0.517309 0.045248
2.647766 -0.526146 0.001700
2.612525 -1.228123 -0.031300
2.615913 -1.234081 -0.051405
2.640529 -1.187605 -0.063619
3.287168 -1.099391 -0.697387
3.276473 -1.031848 -0.679208
2.649092 -1.032131 -1.283386
2.702778 -1.058355 -1.282115
2.099707 -1.043156 -1.332003
1.531428 -0.989114 -1.415330
1.503606 -0.947791 -1.460877
1.438150 -2.218651 -2.687679
0.812039 -2.214119 -2.636992
1.500219 -2.167011 -4.505662
1.503363 -2.091842 -4.483794
1.448570 -2.039016 -3.811537
0.751083 -2.045284 -3.699734
0.755511 -2.698252 -3.620044
1.419191 -1.425677 -3.622915
1.389995 -0.137794 -3.671241
1.947763 -0.135436 -3.692642
2.521128 -0.145772 -3.655499
2.510254 -0.148148 -3.619076
2.526572 -0.120988 -4.958162
2.510622 -0.064389 -4.996303
2.478952 -0.012093 -4.953634
2.466764 0.000996 -4.841522
3.101148 -0.008426 -4.771547
2.489249 -0.632997 -4.806265
2.513025 -0.632372 -4.894093
2.555296 -0.617478 -4.950953
1.931338 -0.601019 -4.345782
1.948714 -0.585863 -3.781239
1.985257 -0.569685 -3.819232
3.283831 0.048693 -4.548614
3.300097 0.041001 -4.542512
3.312076 0.011769 -4.444529
3.320765 -0.038208 -4.348218
2.712052 -0.103171 -4.337591
3.394995 -0.166918 -4.390257
3.380321 -0.204619 -2.692856
4.627207 -0.188150 -2.680339
4.588423 -0.156343 -1.970713
4.588132 1.162894 -1.955292
4.618037 1.139114 -1.995277
4.623922 1.116764 -2.023056
4.600524 -0.156506 -1.369065
4.564843 -0.160479 -1.324034
4.543645 -0.169469 -1.331092
4.523366 -0.183590 -1.414908
4.475806 1.001333 -1.434316
3.746495 1.049864 -0.085524
3.683391 1.103026 -0.691397
4.305422 1.127342 -1.291692
4.313478 1.132505 -1.335384
4.327446 1.138476 -1.381391
3.636366 2.432707 -0.066341
3.624848 2.400438 0.529567
2.974865 2.332162 0.529662
3.687064 2.284292 -0.812690
3.739836 2.283059 -0.815708
3.782569 2.293659 -1.456253
3.186980 2.265385 -1.464115
3.195697 2.212397 -1.481230
3.205752 2.183269 -1.463040
2.562219 2.182112 -1.399430
2.576026 2.156893 -2.577931
2.605162 2.073665 -1.946923
2.626539 1.987991 -1.345978
1.328856 1.981877 -1.328146
0.098445 2.044568 -0.676130
0.731984 2.102586 -0.023848
0.769732 2.112877 0.555634
0.769957 2.123760 0.537587
0.740667 2.178528 0.617355
0.716559 2.236656 0.745476
0.130164 2.240289 0.182809
0.177012 2.179746 0.165344
0.803110 2.770541 -0.461651
0.178006 2.770221 -0.419859
0.793172 2.789337 0.314576
0.828835 3.450241 0.308032
0.873322 3.457797 0.212023
0.865497 3.494150 0.152984
2.667747 2.896775 0.213358
2.585998 3.582108 -0.339659
1.955663 3.566802 -0.333524
1.978759 1.042869 -1.078074
2.582840 1.022907 -1.147026
2.538457 1.030850 -1.136794
2.497865 1.051748 -1.739933
1.887933 1.060225 -1.788929
1.925538 1.074440 -0.643480
1.925869 0.474762 -0.688610
3.244560 -0.151474 0.059654
3.182840 -0.142930 0.800771
3.174393 -0.792132 0.785647
3.840461 -1.469793 0.717915
3.864646 -0.848237 0.674397
3.870957 -1.594312 0.685039
3.857514 -2.324014 1.337288
3.868629 -1.699443 1.291649
3.929920 -1.674619 0.599357
3.997576 -1.003010 0.619310
4.010426 -0.994262 0.719103
3.373049 -1.003317 0.809649
3.361808 -0.999399 0.194273
4.031909 -1.608341 0.163539
4.111680 -1.569603 0.126888
4.151615 -1.557619 0.119332
4.136330 -1.565698 0.739790
4.120607 -1.566857 0.071386
4.143105 -1.533231 -1.265157
4.179536 -0.847005 -1.929334
4.177016 -0.796022 -1.224346
4.127856 -0.802477 0.129894
4.705917 -0.838181 0.175734
3.397636 -0.230854 0.823046
2.019488 -0.250901 0.781092
1.996802 -0.240615 1.415826
2.523899 -0.259526 1.413590
2.442306 -0.320046 1.387170
2.455806 -1.028850 0.689882
1.859333 -1.007309 0.663533
1.819594 -0.946280 0.037386
1.723660 -0.904144 0.093247
1.671613 0.435059 0.162752
1.712009 0.450226 0.177813
1.789104 0.491992 0.131542
3.187350 0.528411 0.062703
3.200370 0.537506 -1.288888
3.214247 0.548927 -1.316544
3.238930 0.598691 -1.994716
3.260222 1.258524 -2.031583
3.240585 1.295522 -2.729387
3.179182 0.634199 -2.064864
2.490921 0.607032 -1.975885
3.150200 0.605513 -1.929290
3.196841 0.630286 -1.943353
1.966778 0.630566 -1.984264
1.354921 0.585445 -2.004244
1.944254 0.522725 -2.665951
1.929507 0.519530 -2.062927
1.297293 1.133980 -2.120643
1.274181 0.523248 -2.117354
0.637192 1.108615 -0.812781
-0.066717 0.475235 -0.719739
0.557460 0.475425 -1.971298
0.574151 0.490601 -2.625120
0.577613 1.089436 -2.636955
0.530271 1.051711 -1.307785
2.410692 1.031878 -0.544914
2.363162 1.673624 -0.590472
2.359882 1.704803 -0.621634
1.750396 1.694767 -0.598866
3.095612 1.681517 -0.532548
3.066658 1.700015 -0.479778
2.381013 1.749196 -0.462248
2.353445 1.788425 0.183683
2.389803 1.774582 0.792416
1.826250 1.735685 0.801409
2.444122 1.124976 1.418042
2.449129 0.461024 1.360276
1.798719 0.502102 1.299638
1.849613 0.504368 1.280658
1.896590 1.127346 1.300779
3.165224 1.148657 0.727438
2.502483 1.202978 0.737141
2.488899 0.653739 0.714051
3.129283 0.661239 0.690957
2.564441 -0.009233 0.679695
1.954986 -0.036633 0.670693
1.311346 -0.013635 0.628682
1.919500 0.032532 0.574222
1.936371 0.041193 0.545441
1.360821 -0.001517 0.578838
2.040427 1.099829 0.646107
2.062814 1.110829 -0.551164
2.076150 0.519404 -0.579034
2.074918 -0.744862 -0.593598
-1.208248 0.481915 -0.574600
-1.205034 0.435907 -1.185758
-1.233727 0.445827 0.041003
-1.869047 0.483092 0.637633
-1.178566 0.483172 0.606760
-1.136726 1.086136 0.622149
-1.795759 1.041019 0.634284
-1.799347 2.318401 -0.030408
-1.184479 1.168871 -0.039501
-1.187072 1.190951 1.875620
-1.170702 1.174647 1.898696
-1.149998 1.158586 1.223841
-0.481152 1.168653 1.214077
-0.492654 0.567615 1.864099
-0.524074 -0.069303 1.869293
-0.529660 0.581201 0.589205
0.146985 0.588273 -0.041964
0.192440 -0.035170 -0.022567
-1.712551 -1.163995 0.646476
-2.383752 -1.123273 0.666648
-2.417727 -1.090753 0.662648
-1.805621 -1.085644 0.682109
-1.770461 -1.097135 1.399076
-1.775353 -1.721952 1.420133
-1.178036 -1.703124 1.369530
-1.187965 -1.080244 2.025812
-1.137534 -0.469941 1.999740
-1.053845 -1.110246 2.009308
-1.016430 -0.457107 1.403909
-1.054398 -0.455784 1.987220
-1.094557 -0.453508 1.931638
-1.068973 -0.461132 2.513997
-0.993918 -0.468433 1.889558
-0.967468 -1.146395 1.890806
-1.007688 -0.517454 1.847964
-1.650885 -0.501438 3.013792
-2.292135 -0.491893 3.539355
-2.230659 0.075798 3.542187
-2.226785 0.072806 3.582779
-2.279132 -0.582201 3.596008
-2.338705 2.500767 3.557060
-2.359744 2.482675 3.516761
-2.373546 3.092785 3.513361
-3.071158 3.063603 3.519450
-3.135513 3.687819 3.506165
-3.181924 3.692987 3.469195
-3.181880 3.050845 3.463976
-2.480002 2.426669 3.500563
-2.475112 2.417922 3.547078
-2.497163 3.718754 3.573253
-2.543199 3.753082 3.579437
-1.956129 3.136315 3.605352
-1.286203 1.917120 3.627077
-1.976011 2.540117 2.325996
-2.635968 1.835951 1.560734
-2.674995 1.835871 1.001257
-2.669380 2.533278 1.087011
-3.828304 2.508495 1.127565
-3.811254 1.771642 1.114427
-3.854178 1.736993 0.464845
-3.936080 1.752272 -0.764194
-3.990734 1.834054 -0.713889
-4.666866 1.150076 -1.428766
-4.630259 1.047506 -1.521899
-4.006297 1.640769 -1.610376
-4.039830 1.003674 -2.233809
-4.004581 1.702900 -1.561384
-3.894322 1.700194 -1.541150
-3.146019 1.695585 -1.564098
-3.734448 1.717929 -1.561777
-3.749495 1.142947 -2.104849
-4.387899 1.208844 -2.012487
-4.304885 2.435909 -1.989062
-4.232741 1.772168 -2.047371
-4.231946 1.778456 -2.105145
-2.964089 1.834568 -2.086235
-2.982765 1.898148 -2.027959
-2.945591 1.917327 -0.705697
-2.888552 1.880460 -1.943522
-2.842651 1.849382 -1.946188
-3.579058 1.864570 -1.888462
-2.971198 1.876293 -1.783415
-2.375759 1.853186 -1.713917
-2.401108 1.793705 -1.724818
-1.799016 1.753584 -1.764330
-2.554852 1.763213 -1.105273
-1.996753 1.781362 -0.440358
-1.980337 1.761842 -0.394089
-1.935774 1.704164 0.263675
-1.254913 1.673490 0.278210
-1.930772 1.678459 0.333776
-1.943792 2.316857 0.408946
-3.226696 0.540460 0.432381
-3.191095 0.511982 0.379418
-2.489168 2.396003 0.313054
-2.533892 1.745071 0.289693
-2.574243 1.733390 0.295878
-2.579605 1.140057 -1.042637
-2.576367 1.168341 -2.395521
-2.590213 1.181928 -2.338337
-2.622890 1.179427 -2.277426
-3.924877 2.424160 -2.269303
-3.915424 1.838995 -2.919828
-3.282460 2.529420 -2.911205
-2.660810 2.545523 -1.602787
-2.707571 2.532016 -1.609133
-2.734061 2.530193 -1.655535
-2.713305 1.927403 -1.675199
-2.017796 1.954469 -1.631594
-3.885281 1.953394 -1.583199
-3.278301 2.522771 -2.216675
-3.856956 2.502726 -2.262277
-3.788098 1.928690 -2.285221
-3.714408 1.336580 -2.270495
-3.699820 1.338881 -2.280242
-3.739479 1.322310 -2.353376
-3.763500 1.318775 -3.112933
-3.714029 1.344387 -3.112583
-3.618697 1.359062 -3.050551
-3.549030 0.692921 -3.014486
-3.517910 0.654379 -3.041805
-3.487132 0.054135 -3.077694
-3.434721 -0.555982 -1.121645
-3.384091 0.079356 -1.086783
-3.361313 0.066603 -0.508868
-4.005020 0.051874 -0.593047
-4.032829 0.073575 -0.659472
-4.030162 0.103740 -0.019695
-4.015063 0.717169 1.891391
-3.944458 1.284269 1.912027
-1.957212 1.849144 1.897263
-2.622571 1.863648 1.223341
-1.416603 2.518201 0.681280
-1.393032 2.485104 1.352767
-1.365805 1.151480 0.722569
-0.065783 1.164243 -0.603850
-0.737103 1.211338 -0.642433
-0.840748 1.227720 -0.007031
-0.860308 1.190132 0.005119
-0.786865 1.159376 0.680622
-0.123851 1.194790 0.691857
-0.776803 1.267867 -0.548592
0.455773 1.315904 -1.070921
0.426145 1.323199 -1.035865
2.352958 1.370900 -1.052303
2.923897 1.483749 -1.055794
2.872796 1.584471 -1.002750
2.819330 1.600943 -0.310305
3.410194 1.561974 -0.368808
3.388997 1.546304 -1.086072
2.763114 1.571388 -0.472172
2.780402 1.570820 -0.394481
2.790368 1.506428 -0.313381
2.080754 0.856122 -0.299668
2.056703 0.861858 -0.373588
2.027250 0.940345 0.202747
2.001464 0.331566 0.186219
1.345591 0.296756 0.853381
0.735505 0.228736 0.821371
0.748852 0.220646 0.772562
0.786259 0.280215 -0.613400
1.511676 0.318211 -0.591682
1.561568 0.268090 -0.577694
0.892060 0.181386 -0.589561
0.865556 0.168791 -1.295471
0.831417 0.249279 -0.667916
1.439501 0.316772 -0.670433
0.776636 -0.360731 -1.324847
0.750353 -0.443023 -0.683737
0.717820 -0.463871 -0.693706
0.676101 -0.389695 -1.328481
1.341303 -0.328017 -1.263282
0.011808 -1.671769 -1.851856
0.039751 -1.687235 -2.463005
-0.612990 -1.685345 -2.468076
0.012198 -1.002163 -2.476841
-0.022401 -0.976360 -1.830244
-0.012523 -0.954732 -2.981451
1.378291 -0.945142 -2.990423
1.426258 -0.297292 -3.000836
1.462898 -0.329585 -2.984954
1.470520 -0.374642 -2.962931
1.450820 -0.401881 -2.945670
2.713418 -0.425523 -2.945612
2.706306 -0.440471 -2.952573
2.702915 -0.467217 -2.978426
2.701580 -0.496695 -3.033963
2.699787 -0.495367 -3.057270
2.709470 -0.466188 -2.429895
2.738063 -0.465039 -2.435674
2.764252 -0.514877 -3.104775
2.777707 0.704914 -3.109593
2.127167 0.706941 -3.068835
2.123937 0.147521 -2.339890
1.511427 -0.430824 -2.330229
0.899172 0.098929 -0.351899
0.943461 1.215750 -1.020812
0.981991 0.641967 0.179623
1.007037 0.736580 0.235169
1.022159 0.789768 0.243397
1.047644 1.331346 0.231992
1.096646 0.708697 -0.353116
1.135247 0.728565 -0.909742
1.783665 0.800531 -0.868929
1.754863 0.819519 -0.285540
1.731276 0.763182 0.216046
1.747640 0.719532 0.737716
1.774657 0.768221 0.708650
1.768493 0.858387 0.135987
1.722525 0.863379 0.738114
1.686444 0.770419 0.687679
1.696638 0.666980 0.020766
1.699973 0.641204 0.068079
0.397884 0.667293 0.141832
0.909185 0.650608 0.142348
0.843176 0.572861 0.068919
0.253429 0.519627 -0.672830
0.296899 0.571358 -0.681493
0.295085 1.277343 -1.900305
0.865570 1.354837 -1.856088
1.503685 0.065217 -2.530503
1.572325 -1.173673 -1.876911
1.644412 -0.535530 -1.804859
1.655226 -0.418540 -1.708405
1.624621 -0.355742 -1.665213
1.609054 -0.386821 -1.684160
1.621696 -0.418952 -1.722914
1.635458 0.885454 -1.739607
1.611303 0.991737 -1.067471
1.568934 0.361584 -1.101590
1.542845 0.279877 -1.141717
1.533078 0.199592 0.228637
1.510424 -0.416702 0.278259
1.463352 -0.447685 0.317947
1.418029 -0.493535 0.273183
1.398424 0.050296 0.183948
0.724195 0.594683 0.092094
0.692569 1.226884 0.630590
0.664207 1.225548 0.562888
1.308390 0.523618 0.505157
1.325954 1.128450 1.098282
0.067414 0.483925 0.515443
0.669647 0.499249 -0.062940
0.600149 0.508530 1.181748
0.621492 0.493318 1.154377
0.076797 -0.136417 1.102705
0.100585 1.200445 1.049337
0.029283 0.577390 0.396320
0.023441 -0.752456 0.368187
-0.525285 -1.357452 -0.261684
-0.478821 -0.714244 -0.266297
0.134519 -1.321901 0.381820
0.130298 -1.342830 0.429714
0.129896 -1.989927 -0.211582
0.162168 -1.345310 -0.196325
0.197121 -1.345446 -0.188854
-0.442455 -1.921395 0.503563
-0.473236 -1.892034 -0.102311
-0.495069 -1.840269 -0.728275
-0.489405 -1.777371 -0.700866
-0.475219 -1.784178 -0.653011
0.167533 -1.179739 -0.594129
0.143937 -1.157069 0.086624
1.350088 -1.769931 -0.516790
1.940837 -1.797451 -0.485175
1.881053 -0.584897 0.178552
1.853661 -1.163467 0.209087
1.838178 -1.728241 -0.433740
1.170261 -2.315683 -0.482940
1.133197 -1.137106 -0.498605
1.105998 -0.507803 -0.461638
1.106426 -0.465846 0.185103
1.744755 -1.038859 0.187538
1.086460 -1.039483 0.772745
1.059185 -1.100394 0.739025
-0.217599 -0.523677 0.723876
0.471057 -0.502601 0.710035
0.517376 -0.463412 1.248030
0.533563 -1.080390 0.569059
0.520449 -0.490125 0.559202
0.522036 -0.512927 0.599117
0.577001 -0.499178 0.624556
0.643255 -0.482614 -0.071813
0.665009 -1.150944 -0.090465
0.652306 -1.219495 -0.080616
0.654676 -1.923184 -0.067081
0.686561 -1.881222 0.547237
0.712694 -2.451441 -0.131235
1.984361 -2.427059 -0.859245
1.292864 -1.787034 0.412021
1.272589 -1.757736 1.022133
1.944988 -2.349067 0.392306
1.971635 -2.357411 -0.285767
1.971653 -2.402869 0.327701
1.975711 -2.451639 0.363242
2.003482 -1.834122 -0.234312
2.046545 -1.838481 -1.440995
2.070556 -1.834396 -1.430640
2.051051 -1.831925 -1.429309
2.009250 -1.823783 -0.823256
1.984425 -1.806585 -0.769747
1.985094 -1.809758 -0.743861
1.977136 -1.181652 -0.737619
1.949920 -1.205637 -0.701321
1.267635 -1.878887 -1.888029
0.598361 -2.573737 -1.820413
0.613604 -1.924722 -1.839607
1.258423 -1.266719 -1.280667
1.211886 -3.751461 -1.289430
0.505046 -3.742981 -1.274673
0.487319 -3.073575 -1.296944
0.498267 -2.426359 -0.719436
1.169123 -2.399448 -0.773364
1.179741 -1.084549 -0.780296
1.209358 -1.723846 -0.751886
1.264797 -1.144423 -0.746818
1.966789 -0.005792 -0.774904
1.972034 0.006637 -0.814546
1.929902 -0.599540 -0.832079
0.513886 0.614458 -0.837695
-0.209827 -0.011157 -0.871708
-0.226628 0.625147 -0.933490
-0.220010 0.061573 -0.977769
-0.242630 0.654204 -0.971317
-1.576963 0.602302 -0.919723
-1.627438 -0.008201 -1.521173
-1.629928 0.650738 -2.172581
-1.605128 0.667222 -1.468811
-1.603825 0.068258 -0.795781
-1.633945 0.083323 -0.790059
-1.640960 0.125456 -0.820512
-1.582192 0.161110 -0.822715
-0.818279 0.145378 -1.983875
-0.769857 0.101097 -3.220496
0.544132 0.680971 -0.086590
0.582237 0.667039 -0.047061
1.281121 -0.033062 -0.025977
1.339081 -0.740561 -0.618187
1.347420 -0.722304 -1.323893
1.321813 -0.661178 -1.392071
0.665158 -0.611238 -0.857379
0.703196 0.606858 -1.419739
0.730132 0.582168 -1.449757
-0.541772 -0.697310 -1.505918
-0.589007 -0.663913 -1.505652
-0.602201 -0.668813 -1.432258
-1.935190 -0.706453 -1.943167
-1.972202 -0.111578 -1.934087
-0.736038 -0.065219 -1.984842
-0.207132 -0.013109 -2.018921
0.378349 0.632488 -2.002415
0.337003 1.278183 -1.302969
0.302998 1.276410 -2.586359
0.257943 1.291110 -1.969625
0.887356 1.298552 -1.944249
0.902963 1.286075 -2.480958
0.949281 2.517888 -3.669032
0.978000 2.566335 -3.044347
0.358377 0.126613 -3.099251
0.349649 -0.467043 -3.137344
0.337765 0.150951 -3.130747
0.339811 0.196421 -3.123273
0.345193 -0.412964 -2.562495
0.352181 -0.438154 -1.956174
0.386888 -0.496051 -2.534322
-0.882069 0.118452 -2.486880
-0.827602 0.165709 -1.873873
-0.767922 0.232760 -1.900913
-0.733889 0.275556 -1.933745
-0.741693 0.281477 -1.900394
-0.764731 0.289312 -1.357913
-0.783618 -0.944811 -1.392707
-0.810118 -0.954477 -0.266061
-0.855358 -0.975918 -0.816791
-0.291939 0.873700 -0.744208
-0.333402 0.815465 -0.070892
-0.348095 1.396500 -0.639201
-1.570552 0.712797 -1.831093
-0.912352 1.374431 -1.778635
-0.918220 -0.541213 -1.751892
-0.948611 -0.575319 -1.138792
-0.984970 -0.654364 -1.711764
-0.996415 0.547664 -1.711425
-1.632517 -0.025837 -2.332007
-1.609457 0.060070 -1.684238
-2.899172 -0.575466 -1.625201
-2.210935 -0.619556 -2.817319
-2.167621 -1.275202 -2.246460
-2.749753 -2.517356 -1.665377
-2.725598 -1.776648 -1.693445
-2.744508 -0.451322 -1.719330
-2.767711 -0.454819 -1.781546
-2.752695 0.148690 -1.841190
-2.099606 0.164652 -1.861808
-2.093626 -0.439884 -1.841208
-2.120338 0.825152 -1.819924
-2.128553 -0.482748 -1.856464
-2.088694 -0.496811 -1.902591
-2.057448 -0.485457 -1.893085
-2.108017 -0.434549 -1.840024
-2.231539 -1.032380 -1.145359
-1.005004 -1.046700 -0.561703
-1.674172 -1.700481 -1.247534
-1.685482 -1.059517 -1.828887
-1.091745 -1.058560 -2.366182
-1.117907 -1.123881 -2.970291
-1.127857 -1.138176 -3.012874
-1.087739 -1.131577 -3.068526
-1.015855 -1.126916 -3.078433
-0.964342 -1.139663 -3.058913
-2.203752 -1.134751 -3.056325
-2.207877 -0.416809 -3.095346
-2.200659 -0.341369 -3.123646
-2.164029 -0.962063 -3.104794
-2.117066 -0.966705 -2.421406
-2.085004 -1.665818 -2.399596
-2.065046 -1.660282 -3.730733
-2.031968 -2.241440 -4.442094
-1.978006 -2.844630 -3.815575
-1.931261 -3.389217 -3.152122
-1.936486 -3.344605 -3.186019
-1.992129 -3.315603 -3.920850
-0.187318 -3.309019 -3.368272
-0.865287 -2.734014 -2.729778
-0.888041 -3.986427 -2.684880
-0.934214 -4.029065 -2.074905
-0.986827 -4.064807 -1.493570
-0.996595 -4.094336 -2.160593
-0.956161 -3.525644 -1.498859
-0.916189 -3.573547 -0.840133
-0.912832 -3.618206 -0.834792
-0.938503 -2.951551 -0.273468
-1.588291 -2.987158 -0.304799
-0.978877 -3.664710 -0.334106
-0.957047 -3.759817 -0.243279
-1.576826 -4.392707 -0.178149
-1.598390 -3.120815 -0.186632
-1.616241 -2.515702 -0.213764
-0.325183 -1.835459 -0.188413
-0.916392 -1.863406 -0.122619
-0.916248 -1.869423 -0.091697
-0.956062 -1.896922 -0.746297
-1.006634 -1.861772 -0.144768
-1.039545 -2.518319 -0.069965
-1.049248 -3.145414 0.025723
-1.067358 -2.561947 -0.570118
-1.095528 -2.567258 -1.242544
-1.099900 -2.590940 -0.669009
-1.075155 -2.621768 -0.640341
-1.027682 -2.632791 -1.240998
-0.991912 -1.389260 -1.296656
-1.627329 -1.396554 -2.001554
-1.618609 -1.428475 -1.383444
-1.602026 -2.137082 -1.326396
-2.930480 -1.505982 -1.908352
-2.868203 -1.486435 -1.924192
-2.839792 -1.443238 -1.970270
-2.836683 -1.443010 -2.012226
-2.819921 -1.478973 -1.337259
-2.101228 -0.898583 -1.922551
-2.034975 -0.839594 -1.937937
-1.999365 -0.740396 -0.772693
-1.988145 -0.709988 -1.391825
-2.626108 -0.743045 -1.356036
-1.973640 -0.746984 -1.307086
-1.965608 -0.665242 -1.315414
-2.611579 -0.568573 -1.355591
-2.638154 -1.212215 -1.382869
-2.040621 -1.282807 -1.318826
-1.407635 -1.323377 -1.243566
-2.036705 -1.274129 -1.216866
-2.048732 -1.178794 -0.589379
-2.056983 -1.139828 -0.577423
-2.068384 -0.533654 -0.534765
-2.097691 -0.640951 -0.485455
-2.131304 -0.668475 -0.452148
-2.164268 -0.621612 -0.446967
-2.179813 -0.604646 -0.470564
-0.895420 -0.686793 -0.492658
-0.853435 -2.113396 -0.503082
-0.755758 -2.075185 -0.487796
-0.692304 -1.999277 -1.082440
-1.332889 -1.991193 -1.104665
-1.338286 -2.058197 -1.165912
-1.297097 -2.095838 -1.229744
-0.599832 -2.045326 -1.895299
-0.617946 -2.597611 -1.906218
-0.084445 -2.611159 -2.567175
-0.179193 -3.330602 -3.292360
-0.205040 -3.317209 -2.009845
-0.190907 -3.219461 -2.018776
-0.215605 -2.510471 -2.015447
0.380573 -1.885021 -1.411645
0.302376 -1.899737 -1.427748
0.283854 -1.866775 -1.388522
0.287699 -0.486749 -1.900517
0.237076 -0.485509 -1.177842
0.145041 -1.156695 -1.136623
0.086086 0.102410 0.163735
0.117971 0.106482 0.179698
0.196952 -0.531607 0.190829
0.246894 -0.540861 0.175705
0.265337 0.088703 1.368437
-0.348120 0.124713 1.899250
-0.955210 -0.497368 1.968595
-0.905635 0.092099 1.445255
-0.891066 -0.569779 1.481699
-0.889019 -0.598971 0.806148
-0.884879 0.031634 0.795008
-0.864025 -0.596108 0.845204
-1.484597 -0.606810 0.881253
-0.809010 0.616057 0.850855
-0.159579 0.591346 0.789872
-0.155723 0.616444 1.412764
-0.179690 0.654990 1.497550
-0.238232 0.024565 1.580012
0.357396 -0.000525 0.297755
0.355254 -0.031781 0.244385
0.379862 -0.034030 0.237320
0.383098 -0.025213 0.893531
0.973105 0.593557 1.548343
0.963568 0.565132 1.476651
0.994643 0.538472 1.380733
0.403592 -0.092919 1.344780
0.364389 -0.080166 1.364507
0.283142 -0.071489 0.722909
0.866577 -0.021053 0.658186
0.871385 -0.038158 0.614790
0.889330 -0.066527 0.646842
1.462205 -0.099270 1.337225
1.423319 -0.095357 1.345596
1.432401 -0.079103 1.278569
1.508924 -0.087129 1.227806
1.567994 -0.127571 0.617703
1.557679 -0.144038 0.012466
2.772812 -0.087019 0.010869
2.773227 -0.008250 0.598846
2.809332 0.013956 0.557331
2.824127 -0.033647 0.563941
2.161490 -0.670775 0.596489
2.156375 -0.013686 0.592896
0.953584 -0.009690 0.546827
1.044089 1.139126 0.507817
1.084395 1.676487 -0.167460
1.068640 1.632530 -0.167598
1.692390 1.673185 -0.185933
1.694142 1.743654 -0.211078
1.682213 1.751295 -0.213767
1.637776 0.459127 -0.190306
1.598384 0.386702 -0.186226
1.611131 0.383187 -0.244701
2.313949 0.472493 -0.318405
2.327012 0.552758 -0.348793
1.599482 0.548861 -0.327604
1.556705 0.486014 -0.909083
1.546046 0.502308 -0.954664
1.538299 0.606381 -0.987161
0.883644 0.088300 -0.931210
0.211880 -0.543745 -0.806891
0.218588 -0.646997 -0.134925
0.254949 -1.294532 -0.179876
1.670955 -1.220066 -0.225336
1.655797 -2.436654 -0.188879
1.652361 -1.874624 0.517854
1.686024 -1.351070 0.534901
1.738785 -0.134511 0.484027
1.755771 -0.026142 -0.174327
2.397545 0.062135 0.494863
2.360717 0.041853 0.571134
2.365205 -0.016753 0.586870
2.394592 0.005601 0.522710
2.380378 0.090563 0.459662
2.946329 0.151965 0.466928
2.897966 0.137409 -0.801732
2.915689 0.750848 -0.815871
2.344859 0.747390 -0.889538
2.347830 0.745765 -0.921918
2.303150 0.704013 -0.860397
2.266147 0.621538 -0.756728
2.286113 -0.726903 -0.707937
2.325435 -0.113422 -1.360521
2.321192 -0.125723 -1.351283
2.274000 -0.107951 -0.654310
2.250425 -0.089419 -0.586784
1.643079 -0.075537 -0.605632
2.941969 -0.694657 -1.321786
2.939978 -0.708051 -1.370122
2.303072 -0.735054 -0.719043
1.693803 -0.756743 -0.689649
1.712619 -0.742231 -0.713274
1.086465 1.198460 -1.393081
1.073119 1.198781 -1.445361
-0.851846 1.183854 -0.829165
-0.203679 1.197273 0.437729
-0.189776 1.264866 0.401122
-0.225030 1.335976 -0.256764
-0.271003 0.728706 -1.510562
-0.262968 0.704610 -0.783454
0.441733 1.342292 -0.124948
0.454487 1.420313 -0.714097
1.074748 0.862968 -0.686284
1.055771 0.881998 -1.251910
1.081526 0.864484 -1.174727
1.128045 0.884501 -0.566774
1.765518 0.931750 -0.661017
1.750383 2.209883 -0.731758
1.112987 0.919050 -0.700267
1.171163 0.828640 -0.617770
1.241972 0.773734 -0.601692
1.259477 0.774767 -1.305238
1.237256 0.781242 -1.355943
1.227722 0.733146 -1.917178
1.896815 0.656722 -1.831317
1.917884 0.609545 -1.828011
1.271394 0.600530 -1.920885
1.216419 -0.027502 -1.390184
1.190308 -0.060850 -1.423333
1.211697 0.544161 -1.399508
1.252905 0.533926 -0.759332
1.266211 0.587455 -0.819529
1.243478 -0.647655 -1.519432
1.204940 -0.657309 -2.778876
1.816270 -0.677200 -2.754798
1.803595 -0.666260 -2.791477
1.798341 -1.282629 -2.247565
1.768288 -1.259976 -2.302952
1.714473 -1.268792 -1.032713
1.673412 -1.286334 -1.000789
1.683952 -1.280633 -0.366382
1.729321 -1.239816 -1.022621
1.770769 -1.205811 -0.996215
1.773435 -0.014888 -0.931147
1.749419 0.558348 -0.890093
1.113770 0.530587 -2.155557
1.141698 0.549415 -2.175932
1.154220 0.564878 -2.789343
1.131008 0.522728 -2.731155
1.104054 0.441336 -2.050801
1.113730 0.392004 -2.079323
2.420413 0.416224 -2.084121
2.442773 0.479100 -2.028833
2.441723 0.520031 -1.959439
2.419276 0.517075 -0.713680
2.404894 0.510908 -0.767171
2.406332 0.547853 -0.793163
2.403121 1.865902 -0.778750
2.375160 1.884315 -0.783123
2.338898 1.850539 -0.844767
1.029819 1.809276 -0.928832
-0.224391 1.826657 -0.977125
0.467439 1.892448 0.426038
-0.177681 1.921140 1.048185
-0.182156 1.870237 0.998476
-0.174635 1.786698 1.656433
0.481766 1.761442 1.015861
0.482806 1.807971 1.060582
0.463405 1.839964 0.469834
-0.136627 1.819840 0.496280
-0.122317 0.458724 0.511698
-0.080544 0.520498 0.528182
-0.021196 0.590406 0.556345
0.024811 0.631706 -0.052286
-0.610611 0.651103 -0.063016
-0.662276 0.681958 -0.095649
-0.041694 0.749859 -0.134911
-0.021126 0.819935 -0.823430
-0.009242 0.848397 -1.463542
-0.045462 0.851211 -1.481600
-1.289837 0.233243 -1.519258
-1.931091 0.260762 -1.491665
-3.186422 0.242585 -1.495536
-3.151573 0.173997 -1.511985
-3.150316 2.105676 -1.545587
-2.558110 2.041542 -1.576430
-1.956263 2.027913 -1.581465
-1.959313 1.998969 -0.936594
-1.956778 1.923721 -0.897847
-1.981801 1.210215 -0.866952
-2.034684 1.203260 -1.471795
-2.095773 1.261060 -1.455697
-2.122379 0.671595 -1.426636
-2.126390 0.701515 -1.430755
-2.139636 0.702211 -1.503247
-1.521544 0.723718 -1.602458
-1.537827 0.777611 -1.649737
-1.526116 -0.469434 -2.224203
-1.496893 -0.454510 -2.823932
-1.471897 -0.457599 -2.846306
-0.823355 -0.456399 -2.898879
-0.831581 -0.424618 -2.895703
-0.832919 -0.384926 -2.183385
-0.813997 -0.382230 -1.545388
-0.778940 -0.430410 -1.579250
-0.753616 -0.477722 -1.643465
-0.760701 0.153915 -0.986649
-0.783344 0.133516 -0.920408
-0.155964 0.071846 -0.843799
-0.125953 0.622956 -1.480981
-0.107084 0.565857 -2.136649
0.502781 0.556439 -2.124587
-0.122027 0.544826 -1.430975
-0.113607 0.477102 -1.389659
-0.086348 0.401095 -1.400423
-0.068675 -0.267602 -1.450589
-0.077593 -0.228624 -1.483577
-0.738534 -0.851688 -1.462086
-0.731430 -0.255477 -1.405495
-1.341945 -0.299529 -1.393687
-1.329682 -0.303730 -0.803312
-2.023682 -0.275410 -1.447233
-1.395439 -0.255649 -1.434111
-1.378375 -0.284334 -1.431756
-1.353625 0.343932 -0.812860
-0.689852 0.369673 -0.849380
-0.722760 1.053231 -0.863582
-0.729822 1.088524 -0.852312
-0.678806 1.084759 -0.818100
-0.614298 1.050922 -0.082855
-0.597460 0.965698 -1.410259
-1.248891 0.922765 -2.006549
-1.200353 0.925055 -2.037062
-1.118369 -0.999378 -2.088486
-1.060860 -1.071168 -1.480061
-1.067619 -1.746875 -1.471678
-1.095078 -0.489244 -2.147190
-0.448916 -1.102487 -1.641440
-0.422434 -1.045024 -1.760068
-0.426913 -1.007349 -1.779553
-1.806403 -1.051603 -1.718311
-1.833794 -1.075385 -1.686196
-1.842646 -1.023791 -1.117042
-1.893206 -1.515561 -1.176814
-1.999370 -1.438429 -1.139940
-2.101556 -1.447897 -1.053205
-2.134736 -1.459124 -1.709371
-2.123302 -0.729741 -1.152464
-2.156955 -0.612460 -1.238596
-2.229232 -0.578904 -1.191500
-2.265859 -0.634428 -1.692613
-2.883066 -0.671941 -1.608614
-2.827128 -0.631819 -1.641315
-2.828923 0.687904 -2.297533
-3.495230 0.661858 -2.229023
-4.146284 -0.060278 -1.508943
-3.486563 0.528176 -1.482443
-4.041768 0.534901 -2.195148
-4.037037 0.529070 -2.265956
-3.438507 2.348661 -1.601222
-3.404829 2.249092 -1.493654
-3.330421 2.222331 -1.458662
-3.291656 2.266376 -1.523452
-3.317674 2.302594 -0.940533
-3.356578 2.282729 -0.902799
-3.351418 2.247135 -0.832039
-3.309314 2.259236 -0.825010
-2.679139 1.674307 -0.923834
-2.076924 1.723460 0.258552
-2.085192 1.713092 0.296917
-2.044705 1.669752 0.391491
-2.605684 0.999783 0.472756
-2.605672 1.050350 0.498015
-2.033243 1.111865 -0.734575
-1.385930 1.134982 -0.722074
-1.345651 1.143048 -1.333206
-1.296618 1.163046 -1.340573
-1.898410 1.175223 -1.398170
-1.881505 1.784842 -1.448813
-1.835498 1.740756 -2.058032
-1.774626 1.710310 -1.352842
-1.749107 3.009820 -1.328610
-1.803514 2.986226 -2.005857
-1.887411 2.967723 -2.008533
-1.933218 2.347876 -1.983368
-1.939289 2.367674 -1.962079
-2.586464 1.088332 -1.974856
-2.635625 1.079449 -2.021991
-2.668447 1.670412 -1.397428
-2.007907 2.282768 -1.984611
-1.302205 1.615576 -1.981825
-1.984405 1.586124 -2.013562
-2.721482 1.595008 -2.055990
-2.155361 1.602172 -1.457739
-2.818519 1.581142 -0.863355
-2.794087 1.614553 -1.496186
-2.797262 1.635397 -1.532751
-2.820636 1.663247 -0.966691
-2.161678 0.414060 -0.954066
-2.095309 0.360287 -0.916629
-2.031853 0.330029 -0.827274
-2.671086 0.351476 -0.834962
-2.734979 -0.227259 -0.260424
-2.801125 -0.189617 -0.856211
-3.457065 -0.179601 -1.441164
-2.850585 -0.157404 -1.456808
-2.216416 -0.113999 -1.485012
-2.268144 -0.110745 -1.493694
-1.533652 -0.171220 -1.467309
-1.454015 0.400154 -1.417372
-1.400258 0.385683 -2.028553
-1.415356 0.406311 -1.992004
-1.449427 0.402672 -1.314678
-1.437981 0.369807 -1.953096
-1.399268 -1.443550 -1.313294
-1.408741 -1.412550 -1.283429
-1.477678 -1.353382 -0.673152
