0.223507 -2.036847 -2.341863
0.254320 -2.134465 -2.306388
0.279359 -2.176769 -2.890483
-0.398208 -2.154769 -2.187212
-1.587836 -2.108184 -2.175979
-1.546885 -2.101363 -2.180576
-0.838101 -2.136593 -2.178065
-0.879562 -2.154924 -2.158472
-0.958984 -1.499942 -2.152608
-1.564935 -0.900340 -3.469230
-1.517371 -0.994067 -3.477491
-1.527119 -1.083968 -3.442152
-1.637175 -0.486986 -2.071344
-1.760621 0.217595 -2.046414
-1.800690 0.212432 -2.072751
-1.760105 -0.466205 -2.739350
-1.765528 0.187082 -2.706724
-2.484737 0.837946 -2.036618
-1.901873 0.852731 -2.064254
-1.287623 0.805108 -2.126160
-1.194589 0.735384 -1.523183
-1.150364 0.107818 -1.520783
-1.181161 0.760461 -2.201163
-1.868295 0.780122 -2.226331
-1.804815 0.740185 -1.639287
-1.677042 0.041870 -1.670176
-1.601887 0.671579 -1.678810
-2.241118 0.715530 -2.328480
-2.248407 0.685595 -2.382848
-2.160797 0.633159 -2.437177
-2.641889 0.595430 -2.465252
-1.351346 1.247223 -2.456809
-1.387000 1.945701 -1.769532
-0.740502 1.926981 -1.777319
-1.346878 1.258785 -1.761029
-1.281624 -0.021021 -1.726815
-1.271424 0.663417 -1.684754
-0.024643 1.373583 -1.666968
-1.296393 1.391786 -2.333929
-1.923823 0.725282 -1.708326
-1.901709 0.093260 -1.699669
-0.646226 0.118897 -1.683767
-0.694881 -0.470057 -1.661061
-0.708675 -1.137557 -1.622022
-0.702282 -0.539648 -1.565635
-0.728339 -1.144046 -1.524622
-0.203147 -1.108121 -0.913431
0.406505 -1.065131 -2.143169
0.436603 -1.036226 -2.107365
-0.178057 -0.409965 -2.117971
-0.193264 0.197505 -1.536090
-0.263365 0.842663 -1.592353
-0.921744 0.873091 -2.242425
-0.261861 0.807657 -2.224215
0.434932 0.757753 -2.206752
0.422499 0.029237 -2.828436
0.349107 0.019342 -2.815041
-0.326012 -0.541918 -2.105032
-0.286064 -0.519048 -2.043112
-0.227439 -0.543408 -1.434856
0.425597 0.063773 -1.455524
0.361399 0.733066 -2.125115
-0.302445 0.151008 -1.452821
-0.263586 0.153401 -1.428056
-0.208727 0.075462 -1.425920
-0.225263 0.622812 -1.431782
-0.955585 0.629582 -2.017556
-0.989456 1.288765 -1.970777
-0.940170 1.309893 -2.574443
-0.880610 1.905070 -2.603423
-0.886614 1.289081 -2.662347
-0.922968 1.338756 -2.053472
-0.931021 1.412312 -2.046820
-0.898979 1.425833 -2.053218
-0.879660 1.370899 -0.876766
-0.921589 1.336162 -0.941867
-0.984130 0.749686 -0.953999
-0.997002 0.186899 -0.937033
-0.967938 0.210627 -0.961430
-0.958727 -0.465683 -1.019527
-0.992665 0.178527 -2.284739
-1.030934 0.899795 -2.261244
-1.035945 1.546384 -2.205777
-1.009458 1.518682 -2.170375
-1.004741 2.094539 -2.163910
-1.032068 0.771913 -2.151184
-0.432604 0.809183 -2.093489
0.205461 0.839461 -2.661459
0.269519 0.802370 -2.641165
-0.363979 0.744251 -2.662979
-0.377604 0.756780 -2.683290
0.267209 0.839343 -2.063151
0.301570 0.288269 -2.043018
0.336670 0.293160 -0.751178
0.359857 0.271049 -0.804864
0.370042 -0.289174 -0.815043
0.385729 -1.587304 -0.785474
-0.236821 -1.594167 -0.779876
-0.196687 -1.638506 -0.820105
-0.174141 -1.661165 -0.857683
-0.192099 -1.642219 -2.167307
0.385350 -2.231327 -2.118585
0.332568 -3.530211 -2.119749
0.281735 -3.582063 -2.739661
0.270486 -2.928831 -3.407962
0.281209 -2.892238 -3.401653
0.275436 -2.895135 -3.364701
0.918313 -2.942813 -3.360033
0.914001 -2.347765 -3.401946
0.980564 -2.347562 -4.077492
1.673291 -2.343349 -3.402715
1.656305 -2.383229 -3.340936
1.639190 -2.444238 -2.689826
1.000782 -2.466475 -2.725061
1.032650 -2.433194 -3.385504
1.664365 -2.399966 -2.726769
1.634004 -2.433754 -2.675011
0.317501 -2.486226 -2.685933
0.335111 -2.489550 -2.744551
1.006119 -2.441832 -3.401646
0.997708 -1.770255 -2.747884
0.988396 -1.798743 -2.052590
0.993081 -2.468477 -1.460202
1.007460 -2.427361 -1.511672
1.025535 -2.351272 -2.157350
1.040438 -2.342700 -2.141477
0.465742 -3.042842 -1.524935
0.466522 -3.105268 -0.874864
0.450768 -3.088523 -0.905639
0.432106 -3.050789 0.440750
0.416011 -3.075407 0.484474
0.396470 -3.140069 0.547546
0.371358 -3.155477 0.586480
0.352945 -3.102254 0.561109
0.340539 -3.053790 0.495981
0.336186 -3.095200 0.456641
0.335218 -3.202925 0.457897
0.337177 -3.270498 0.481915
-0.262359 -3.268116 -0.123442
-0.249055 -3.269091 -0.126924
0.383513 -3.331846 -0.115917
0.411968 -3.402826 -0.081887
0.444282 -3.405997 1.292575
0.464626 -3.355306 1.131091
-0.140232 -3.313793 1.101622
-0.098722 -2.128946 -0.093934
-0.680782 -0.908132 1.115153
-0.638660 -0.314474 -0.085952
1.299829 0.383626 -0.081383
1.316907 -0.193833 -0.050863
1.337466 -0.193101 -0.592159
1.347462 -0.236947 -0.591891
1.355353 -0.264928 -0.614287
2.599489 -0.258835 -1.264566
2.604668 -0.843990 -1.285533
2.607768 -0.866637 -0.663862
2.573992 -0.907613 -0.691669
2.531228 -0.928862 -0.679097
2.514451 -0.924048 0.648174
2.527597 -0.905759 0.680199
2.545074 -0.885176 0.662541
2.540380 -0.850275 -0.040342
2.529659 -0.803143 -0.078992
2.540299 -1.405746 -0.637676
2.562178 -1.382437 -0.633463
2.546153 -0.753730 -1.299216
2.493365 -0.790348 -1.308376
3.050762 -0.811017 -1.268637
3.054086 -1.438186 -1.213800
3.057728 -1.395743 -1.196062
3.036203 -1.369172 -1.826656
3.006620 -1.351565 -0.552358
3.010198 -1.320414 -0.509793
3.059784 -1.875206 0.930787
3.087246 -1.842862 0.920232
2.419659 -1.868711 0.883872
2.409157 -1.912579 0.901919
2.446991 -1.928533 1.644649
2.514551 -1.284561 1.702852
2.546596 -1.256464 0.304775
2.549087 -1.240306 -0.373779
1.935726 -1.213904 -0.401919
2.000282 -1.176430 0.236293
0.761704 -0.507632 0.257761
0.736432 -0.516050 0.828968
0.708017 -0.577675 0.805219
0.736211 -0.023774 0.802116
0.808306 -0.090663 0.846764
0.833150 -0.770220 0.910435
1.401698 -0.795427 0.935196
1.359818 -0.814575 0.250082
1.375349 -0.184180 0.183419
1.429465 -0.127786 0.147989
1.426936 -0.781049 0.150346
1.349978 -0.748860 1.380630
1.282573 0.549866 1.347528
1.260556 0.578511 1.325260
0.658380 -1.377670 0.710115
0.692800 -1.352638 0.774076
0.685841 -1.328075 0.204483
0.661742 -1.292583 -0.365873
0.662631 -1.862745 -1.017308
0.700678 -1.851769 -0.418025
0.731302 -1.855579 -0.434042
0.725600 -1.858724 -0.470001
1.315967 -1.865663 -0.517445
0.058938 -1.203730 -0.532853
0.062610 -0.633034 0.166521
0.077175 -0.697483 0.224647
0.082128 -0.731445 0.253704
0.055463 -0.714640 -0.421567
0.021772 -1.333387 -0.443784
0.009629 -1.338567 -0.411831
0.024092 -1.347572 -0.402689
0.032059 -0.684920 -0.408253
-0.002784 -1.937851 -0.432825
-0.030672 -1.930333 -1.074723
-0.630241 -1.925442 -1.682009
-0.580120 -1.916161 -2.249460
-0.569747 -1.897953 -2.243558
-0.614693 -1.867177 -1.650149
0.572862 -2.496865 -1.710550
0.557310 -2.526467 -1.742176
0.543811 -3.209732 -0.505780
0.497993 -3.216960 0.790077
0.445672 -3.204275 0.126158
0.433759 -1.891792 0.099912
0.452479 -1.933911 1.388848
1.123737 -1.397130 1.444075
1.100072 -1.410367 0.189289
0.408068 -1.390730 0.143116
0.401144 -1.390219 -0.538188
0.411427 -1.422221 -1.182252
0.382253 -1.449788 0.075364
0.309341 -1.444077 0.015383
-0.359694 -1.418881 -0.040523
-0.328486 -1.407114 -0.035949
1.647660 -1.419858 -0.644593
1.690035 -1.437187 0.648074
1.040995 -2.016601 0.635118
1.016804 -1.976547 0.622620
1.026353 -1.904874 -0.028241
1.660338 -1.856889 -0.598028
1.648259 -1.842752 -0.587366
0.355654 -1.849817 -0.012107
0.360235 -1.855721 -0.002636
1.039602 -1.844006 -1.292116
1.073008 -1.848865 -1.257119
1.105379 -1.893348 -0.614278
1.163761 -1.964085 -0.633905
1.243734 -2.006135 -1.232760
1.277216 -1.992546 -1.218603
1.232965 -3.230894 -1.867115
0.573143 -3.241552 -1.224838
0.582895 -3.267227 -1.238255
0.626539 -3.271648 -0.593698
1.222130 -2.606406 -0.542329
1.164621 -2.596665 -0.501204
1.162895 -2.618122 -0.514400
1.887493 -2.019853 -0.533799
1.329831 -2.044571 -0.515765
1.320464 -2.024595 -0.462494
1.233370 -1.356561 -0.444607
1.192131 -1.292078 0.168808
0.624735 -2.517390 0.158243
0.023717 -2.519302 -0.443955
-0.014945 -2.515813 0.224812
-0.723144 -2.477267 1.532847
-0.687275 -2.440795 0.857292
0.664056 -2.459025 0.239462
0.718800 -2.517399 -0.368536
0.067499 -2.548034 0.202545
-0.645248 -2.545083 0.135638
-0.029051 -2.522799 0.067989
0.629237 -2.556345 -1.155857
0.592111 -2.624608 -1.086381
0.511498 -2.650903 -0.436927
0.461341 -2.614171 -0.459033
1.143590 -2.573517 -0.481962
1.193602 -3.230745 0.108481
1.192392 -3.276542 0.133873
0.494884 -3.274748 0.132706
0.477414 -3.209240 -0.515270
0.518775 -3.146438 -0.580271
0.549429 -3.150259 -0.582682
1.887378 -3.199995 -0.538836
1.884391 -3.203664 -0.538332
1.931737 -3.138728 -0.607840
2.018954 -3.083250 -0.670986
2.092290 -3.120593 -0.022733
2.119258 -3.228654 0.626563
2.127467 -1.960124 0.611170
2.160697 -1.882045 1.209975
1.566502 -1.819271 1.191207
1.549658 -1.844348 1.210157
1.497850 -2.559340 1.250065
2.130077 -2.577522 1.286245
2.755662 -1.899121 1.321637
2.774865 -2.491413 1.366138
2.773922 -2.516351 1.411030
2.769778 -2.564428 1.436804
2.764543 -3.187505 1.437764
2.745685 -3.111706 1.438926
2.681548 -3.679355 1.454783
1.983897 -4.328453 1.464282
1.950477 -4.997528 0.834122
1.968860 -4.321547 0.791973
1.984122 -3.022282 0.784072
2.583186 -2.967058 0.795177
2.528831 -2.955859 0.203714
2.561847 -3.610321 0.165875
2.640541 -2.351038 0.131942
2.660969 -2.334326 0.136851
2.575986 -2.323738 0.157297
1.820661 -2.334713 0.740315
1.836475 -2.356443 1.297795
1.916619 -2.966433 1.233277
1.251180 -2.977830 0.594356
1.179321 -2.985906 1.205081
1.780274 -1.764303 1.193250
0.627060 -1.741326 1.158685
0.764116 -0.468677 1.131191
1.426675 -1.651140 1.138971
1.358180 -2.298721 1.182369
1.310465 -2.310202 1.215883
1.349380 -2.321940 1.210180
1.392185 -2.321734 1.187221
1.984317 -2.324157 1.199656
1.882441 -2.331223 1.254040
1.841065 -2.336437 1.286344
1.899139 -2.320605 0.107045
1.978165 -2.293573 0.079278
1.416578 -2.283742 0.082042
0.742367 -1.644027 0.087251
0.762014 -1.661232 0.630583
1.446977 -1.680056 0.546313
1.484656 -1.697424 1.112844
1.478814 -1.704258 0.536897
1.465301 -1.697755 0.580995
1.488328 -1.031068 0.584722
2.220103 -1.072533 0.581379
2.289721 -1.102559 0.590710
2.335864 -1.096422 0.611289
2.337927 -2.288836 0.616556
2.314394 -2.269317 0.594275
2.264782 -2.276223 0.595461
2.216129 -2.287043 0.623679
2.210176 -2.268553 0.666422
0.914141 -2.235969 0.690764
0.896948 -2.226308 0.695751
0.861843 -2.245966 0.714776
0.225924 -2.277775 0.728260
0.873226 -2.289801 0.713695
0.904795 -2.298941 1.795402
1.552295 -2.330488 1.756911
0.864522 -2.372682 1.746373
0.774727 -2.407529 1.727966
0.719066 -1.827026 2.332775
0.708936 -2.493599 2.300030
0.712322 -2.525113 1.679372
1.348399 -2.563425 2.357040
1.343477 -2.608503 2.376212
1.376826 -2.648951 2.995995
1.433925 -3.354828 2.983300
0.819980 -3.363614 3.006149
0.772860 -2.680309 3.038929
0.696852 -2.662046 2.419211
0.653068 -2.660012 2.386866
1.932076 -3.300017 2.363251
1.984005 -3.861793 2.378898
2.031233 -3.211815 2.396335
2.064642 -2.556259 2.363604
2.104862 -3.216914 2.291233
2.167582 -3.246932 2.239458
2.194282 -3.873483 2.241967
2.154233 -3.822763 2.250408
2.111269 -3.203733 2.220631
2.085687 -3.126854 2.174149
2.073618 -3.122016 2.156344
2.048582 -3.066484 1.560911
2.031170 -3.561603 1.586900
1.416097 -3.522315 1.586796
1.464281 -4.133952 2.188441
1.496717 -3.573981 2.173808
2.130376 -3.565251 2.181825
2.076914 -3.525011 2.205517
2.052767 -2.873646 1.611147
2.049882 -2.916121 1.613851
2.685379 -2.950352 1.614281
2.694365 -2.927472 0.967109
2.727918 -2.883781 1.623085
2.791706 -2.289179 1.618657
2.216382 -2.338642 1.039499
2.255278 -3.048706 1.040834
0.910802 -3.052828 1.036528
0.235670 -3.060701 1.002251
-0.458879 -3.068757 0.945102
-0.505634 -3.085517 0.273097
0.746363 -2.506350 0.959224
0.041704 -2.503855 0.995050
-0.653657 -1.862486 0.991118
-0.699977 -2.440982 0.943149
-0.718769 -3.051473 -0.376669
-0.720366 -3.063807 -0.282018
-0.117376 -3.656275 -0.236042
-0.185957 -4.224265 -0.248906
-0.241201 -4.187918 -0.323427
-0.234871 -4.820843 -0.347187
-0.179380 -4.816959 -0.311304
-0.786436 -4.777173 1.042210
-0.183698 -4.032379 1.622022
-0.177500 -3.984351 0.908932
-0.120320 -5.248949 0.887105
-0.041118 -5.275842 1.518769
0.658362 -4.638948 1.561273
0.029482 -4.627716 2.173120
0.032244 -4.651328 0.886193
0.077538 -5.366137 0.864963
0.123467 -5.453673 2.166004
0.101015 -6.044123 1.556941
0.687253 -4.643030 1.536915
-0.610170 -4.670529 0.845402
-0.534813 -4.844830 1.478579
-0.498276 -4.925156 1.485722
-0.556642 -3.665294 1.484713
-0.633269 -4.239632 1.454130
-0.650366 -4.896825 1.430882
-0.610453 -4.951474 1.424269
-0.596435 -4.421528 0.770914
-0.640580 -4.421080 1.418183
-0.646509 -3.092808 1.410221
0.076249 -3.761008 2.024574
0.194648 -3.786574 2.042766
0.213654 -3.159551 1.470141
0.137323 -3.144446 1.484811
0.102917 -3.107353 2.086657
0.172484 -2.441338 2.078415
-0.456408 -2.442058 2.081106
-0.455638 -2.478866 2.110669
-1.141479 -2.489981 1.515216
-1.137907 -2.455278 1.526653
-0.409045 -2.427459 1.535934
-0.356845 -1.807877 1.552029
-0.368750 -0.634152 0.972908
-0.416842 -0.622992 0.994989
0.234799 0.089429 1.619784
0.257677 0.141816 1.575243
-1.033033 -0.521176 0.878024
-1.649797 -1.218172 1.582492
-1.596916 -1.213232 1.650503
-2.170413 -1.155898 1.686012
-2.154150 -0.489659 1.671765
-2.190810 -1.144737 1.680240
-2.231125 -1.790164 1.738978
-2.220881 -2.371473 1.130879
-1.538687 -2.863418 1.083366
-2.194732 -3.392944 -0.254096
-2.238386 -5.280926 0.372780
-2.234009 -5.978600 1.092854
-2.168263 -5.399926 1.111504
-2.122988 -4.791141 1.088149
-2.142325 -4.823382 0.431001
-2.198798 -3.575722 0.451588
-2.246996 -4.283811 1.148310
-2.271024 -4.313312 2.289342
-2.982348 -3.650752 2.217808
-3.026215 -3.648039 2.177137
-3.057510 -3.695491 1.029316
-3.055789 -2.587142 1.081889
-3.038013 -2.674352 1.123727
-3.018076 -2.028308 1.108742
-2.328117 -2.002609 0.490063
-2.973245 -1.962260 0.520798
-3.004426 -2.609744 0.571704
-2.380216 -2.601959 -0.048386
-2.397380 -2.526172 -0.097210
-2.377561 -2.411484 -0.167465
-2.362764 -2.346238 -0.203695
-2.378367 -2.398693 -0.200448
-2.981272 -3.136225 -0.180068
-3.567052 -3.140924 0.425817
-3.505616 -3.062252 0.426810
-3.477190 -2.996197 0.478336
-2.844190 -3.002096 0.540320
-2.885178 -3.013329 -0.012478
-3.560749 -2.979377 0.652030
-3.513348 -2.877517 0.653559
-2.805801 -2.831852 0.667167
-2.239860 -3.517731 0.667444
-2.251245 -4.273369 0.658226
-2.881930 -4.314255 0.631441
-2.840998 -3.618897 1.206160
-2.835827 -2.374954 1.209144
-2.868513 -2.431920 1.208120
-2.267463 -2.500287 1.197801
-2.907245 -2.483714 1.185703
-2.234953 -1.823025 1.172724
-1.619473 -1.128651 1.751491
-1.645106 -1.835604 2.325898
-1.661560 -1.961253 2.346193
-1.651985 -1.401282 2.354801
-1.634642 -2.031101 2.354617
-1.636992 0.557673 2.373131
-1.649243 0.618434 2.387261
-2.333391 0.672953 2.370292
-2.357408 0.081113 2.334720
-2.383191 -0.529078 2.293492
-2.411931 0.194288 2.296507
-2.422192 0.242054 2.341108
-2.406940 -0.412888 1.741157
-2.365271 -0.471087 1.740789
-2.310140 -0.521931 1.717618
-2.263351 -0.510750 1.708728
-2.238372 -0.443293 0.435493
-2.239916 -0.410229 1.115610
-2.844812 -0.462880 1.133302
-2.817875 -0.521418 1.742362
-2.799604 -0.515673 0.995142
-2.793716 -0.443247 0.967517
-2.801024 -0.478982 1.027717
-2.785870 0.015721 1.118038
-2.739793 -1.380451 1.143989
-2.719907 -1.404320 1.099230
-2.733898 -0.703189 0.435645
-2.773318 -0.655157 1.087104
-2.174495 -1.311040 1.749245
-2.819656 -0.088907 1.732209
-2.185473 -0.059318 1.651781
-2.231255 0.014301 1.586599
-2.275887 0.013679 1.614806
-2.258144 -0.734336 1.688261
-2.202094 -0.850034 1.075894
-2.157908 -0.256338 1.021789
-2.134695 0.413423 0.942234
-3.376578 0.456033 0.906112
-3.368701 0.459305 0.900758
-3.313665 0.490062 0.853965
-3.254182 0.567792 0.124042
-3.897700 0.643266 0.059852
-3.928864 0.014505 0.730901
-3.259367 -0.047613 0.134914
-3.188070 -0.091590 0.161325
-2.471580 -0.742128 -0.513751
-2.527034 -0.750047 -0.568244
-2.623502 -0.770776 0.061066
-2.683386 -0.806277 0.716555
-2.699510 -0.790289 0.732583
-2.704392 -1.318890 1.365169
-2.730405 -1.289083 0.732296
-2.772233 -1.298072 0.130734
-3.477482 -1.404182 0.215263
-3.468038 -2.115077 -0.312233
-3.448003 -2.081961 -0.252937
-3.437002 -1.397549 -0.855866
-3.462912 -1.336684 -0.830243
-3.505762 -0.720639 -0.797373
-3.539694 -0.127089 -0.794546
-2.320283 -0.702622 -0.207481
-2.331472 -0.571021 -0.234857
-2.966610 0.168039 0.406189
-2.951484 0.159872 0.469856
-2.934286 0.113917 0.502159
-2.931939 0.117795 0.471764
-3.611673 0.196633 -0.868912
-3.638318 0.267582 -0.829356
-3.009922 0.274234 -0.169804
-3.034540 -1.026443 -0.857258
-3.067346 -0.358970 -0.931222
-3.084600 -0.293586 -0.967123
-3.060038 -0.904995 -0.931545
-3.012579 -0.268448 -0.261015
-2.980550 -0.283674 0.331494
-2.918556 -0.276935 -0.390537
-2.226858 0.380278 -0.377904
-2.205938 0.332848 -0.287733
-2.798976 0.926659 0.393149
-2.178472 0.923159 0.374558
-2.172675 0.928303 -0.967472
-2.163732 0.882455 -0.969063
-2.142018 0.198354 -0.906311
-2.109827 0.134852 -1.522791
-2.084414 0.099488 -0.856958
-2.067945 0.076252 -0.866720
-3.359160 0.042869 -1.510705
-3.342444 0.026818 -2.086657
-3.339447 0.032783 -2.066759
-2.043935 0.051475 -2.121083
-2.058600 0.079878 -2.170821
-2.030751 0.101034 -2.139004
-1.989078 0.115329 -2.073495
-1.968549 -0.580635 -2.048452
-0.739712 0.056563 -2.069493
-0.710170 0.026066 -1.407700
-0.667630 0.721786 -0.702636
-0.633280 0.058989 -2.637019
-0.626013 0.677785 -2.670413
-0.649507 0.637402 -2.758249
-0.663240 -0.611253 -2.822389
-1.308329 -0.523869 -2.162142
-1.309626 -1.154069 -2.800452
-1.310029 -1.224046 -2.776351
-1.316482 -1.322499 -2.772880
-1.315887 -1.336241 -2.758010
-1.324633 -1.885773 -2.720180
-0.737915 -1.852115 -2.702435
-0.779413 -1.283086 -1.427498
-0.135837 -1.323965 -0.876063
0.467679 -1.274584 -0.942353
1.058750 -1.151661 -0.988603
0.979019 -1.064534 -1.620720
0.900674 -1.071160 -0.980314
1.586334 -1.097012 -0.986857
1.615021 0.198247 -0.941207
2.819750 0.297228 -0.897189
2.117659 0.354385 -1.556916
1.471991 2.263098 -0.919757
1.479644 2.163867 -0.876998
1.462334 2.123612 -0.829729
1.396257 2.200512 -0.825731
1.327750 1.654361 -0.239926
1.352081 1.674578 -0.253733
0.818737 2.816973 -0.834046
0.928880 2.800358 -0.718888
0.964831 2.126359 -0.649613
0.956897 1.501923 -0.657790
0.975560 1.465653 -2.525320
1.001918 1.408722 -2.577911
1.593848 1.369484 -2.608906
1.487340 1.357074 -1.974806
1.403747 0.749634 -1.990491
1.394493 1.358243 -2.642889
1.418969 1.311962 -2.664137
1.414667 1.261500 -2.657668
1.391154 1.211107 -2.632996
1.384163 1.160753 -2.634993
1.404084 1.129352 -2.666678
1.395046 1.120983 -1.473407
0.064896 1.113640 -2.103080
-0.001563 1.091517 -1.446417
0.022160 1.089904 -1.425205
0.097269 1.132934 -1.433298
0.131506 1.193570 -1.436760
0.136749 1.224306 -1.398558
0.180918 1.213969 -1.328747
-0.952794 1.842477 -1.279352
-0.892889 1.882404 -1.295375
-0.919227 1.933891 -1.998574
-1.596550 1.944480 -1.380243
-1.619634 2.504933 -1.323484
-1.000139 2.506971 -1.872839
-1.004344 1.449240 -1.295860
-1.025937 0.203278 -0.806941
-1.030877 -0.387305 -2.018990
-0.378316 -0.402719 -1.966094
-0.934044 -0.400461 -1.937590
-0.913800 -0.370321 -2.614318
0.893788 -0.333545 -2.713502
0.870219 -0.311276 -2.720577
0.280207 -0.295337 -2.677874
0.309692 -0.265635 -2.686781
0.914784 -0.236702 -1.470188
0.908102 -0.232941 0.394454
0.897235 -0.245491 0.384883
0.910622 -0.230521 0.440326
0.896300 -0.197758 0.494059
0.226569 -0.207793 1.045411
0.803234 -0.219647 0.947282
0.211193 -0.214006 0.915898
0.260763 -0.180172 0.975995
0.825668 -0.151121 1.036413
0.140144 -0.140787 1.009809
-1.127040 -0.135796 0.933728
-1.125032 0.520537 0.927428
-1.791206 0.536133 1.025213
-1.827366 0.531275 1.117110
-1.852010 0.504165 1.115890
-0.564135 0.476486 1.083536
-0.553449 0.452696 1.117858
-0.572200 -0.794790 1.212587
0.003878 -0.829896 1.274269
0.005790 -1.467303 0.616046
-0.565534 -1.466586 1.239693
-0.534738 -1.464197 1.246646
-1.150736 -1.469741 1.293821
-0.514886 -1.485655 1.312731
-1.094843 -1.503636 1.280733
-1.067600 -1.503676 1.223810
-1.055173 -0.882006 1.204356
-0.428573 -0.891469 1.228742
-0.419028 -1.538690 1.248797
-1.015488 -1.588384 1.245772
-0.993476 -0.994999 1.226565
-0.964227 -1.001863 1.227218
-0.280735 -1.023861 1.246734
-0.248207 -1.671862 1.278488
-0.871305 -1.698509 1.301749
-0.868962 -1.692959 1.294697
-0.234686 -1.080346 0.618192
-0.900131 -1.095179 0.624969
-0.905859 -1.123811 0.650302
-0.920920 -1.137606 0.060347
-0.299972 -1.106817 0.061434
0.954463 -1.056577 0.068941
0.316856 -1.009678 0.086765
-0.318316 -2.244817 0.105764
-0.298928 -1.565456 0.724686
-0.295097 -1.536089 0.661717
0.351808 -0.895367 1.887840
-0.242678 -0.891303 1.890849
-0.224118 -0.882237 1.878938
-0.213422 -0.854903 1.813953
0.449850 -1.448331 2.335122
0.429136 -0.799126 2.342268
0.426192 -0.809268 2.391589
-0.217206 -0.802528 1.778797
0.387100 -1.449920 1.761446
0.345637 -1.468599 1.754586
0.314283 -0.853943 1.784373
0.298978 -1.588887 1.175013
0.283360 -0.390422 1.822168
0.253101 0.272154 1.807364
0.220517 0.308673 1.808530
-0.471091 0.310562 1.852508
-0.461704 0.298072 1.901575
-1.074177 0.324413 1.922282
-1.073947 0.395538 1.286522
-0.447455 0.455479 1.266668
-0.442100 0.450113 1.894551
-0.416883 0.405325 1.279822
-0.398123 1.032923 0.599161
-0.398066 1.066786 -0.085379
-1.678613 1.106058 0.511366
-1.042841 0.501407 -0.193902
-1.648825 0.487657 0.435300
-1.622506 1.079988 0.431136
-2.262036 0.509429 1.716756
-2.253300 1.094821 1.665997
-2.271209 1.095316 0.353058
-1.038899 1.041806 0.994246
-1.038816 0.990374 1.707337
-1.658383 0.988745 1.063040
-1.631861 1.031543 1.028387
-1.603420 -0.257859 3.040904
-2.206233 0.333323 3.720934
-2.800431 -0.305175 3.776665
-2.777262 -0.269519 2.397971
-2.149954 -0.209031 1.782117
-1.554003 0.393032 1.809698
-0.911219 -0.294025 2.486266
-0.303727 0.261117 3.898576
-0.328592 -0.296172 3.904862
-0.316005 0.337559 2.646916
-0.268735 -0.249668 2.692508
-0.240367 -0.262596 2.748887
-0.874919 -0.289241 3.380399
-0.910780 0.325677 3.366486
1.578665 0.372033 2.122959
2.239012 0.413921 1.465932
2.271651 0.447598 2.688624
1.640397 1.047876 3.898655
2.188164 1.065525 3.871929
2.190605 0.497667 3.269221
2.240596 0.516454 3.246429
2.265930 1.740270 3.817104
2.235734 4.237219 3.731543
2.814064 4.205800 3.053616
2.848563 3.572968 3.027962
2.904928 4.723097 3.642705
2.917870 5.343859 3.589329
2.864810 3.481352 3.549121
2.802329 3.536330 0.382061
2.784578 2.967821 1.676135
2.786165 1.057261 2.309043
2.773357 1.658591 2.296371
2.734721 1.628779 1.715958
2.722721 0.994530 1.804443
2.755788 0.956819 1.806370
2.789852 0.891224 1.736083
2.801134 2.135093 1.079884
2.811455 2.185090 1.145133
2.221380 1.597224 1.885796
1.589814 1.587445 1.873480
1.583613 2.187456 1.807113
1.570594 1.559447 1.157013
1.598715 1.573961 1.239672
1.682019 1.575878 1.336479
1.142231 1.542973 1.968691
1.152695 1.495505 1.859340
1.756304 1.493742 1.758467
2.428258 1.559754 1.759767
2.457733 1.663504 1.797726
2.423619 1.665500 1.763268
1.712901 1.633233 1.657298
1.689986 1.618015 0.967353
1.720102 1.029440 0.988016
1.742791 1.059886 2.481593
1.711249 1.039686 2.458955
2.297778 0.989500 2.417630
2.295867 0.971510 2.390350
2.295794 0.997497 2.404925
2.859376 1.039406 2.438296
2.764298 1.049159 2.451787
2.670359 1.015541 2.466319
2.612472 1.609543 2.498606
2.577452 1.623540 2.582355
1.959030 1.663095 3.855209
3.195358 2.232082 3.817349
3.227947 1.564534 3.148695
2.670670 1.534521 3.094768
2.711018 2.199606 3.664873
2.742050 2.249205 3.621743
2.777150 2.284689 2.928001
2.819685 2.259316 2.890416
2.196776 1.585154 2.273019
2.180452 2.215464 2.941974
2.180361 2.247767 2.949442
1.648093 2.244494 2.317244
2.950334 2.184955 2.286550
3.556175 2.139983 2.291704
3.523344 2.159332 2.924743
3.495267 2.210356 2.934887
2.913061 0.952841 1.703854
3.478685 0.907397 1.708956
3.410896 0.873041 1.752936
1.562654 0.917131 1.817888
1.558921 0.401586 1.878543
2.183761 0.401615 1.910701
2.750726 0.370776 1.935294
2.711803 -0.277992 1.976335
2.682328 -0.906824 2.006212
2.664773 -0.865246 1.998077
2.651067 -0.187299 1.965049
2.620338 -0.162538 2.564697
2.009120 -0.123360 1.341680
2.002122 -0.066298 1.328380
2.013958 -0.029248 2.508778
2.043779 -0.041771 2.471029
2.070419 -0.087077 1.855752
2.092662 -0.120074 1.828308
2.110834 0.513220 3.063662
2.130694 0.518399 3.594116
2.129851 1.147641 2.940317
1.459674 1.162852 2.340994
0.772109 1.194470 2.327258
0.777589 1.238112 2.919484
0.810302 1.250835 2.283215
0.815040 1.234920 2.307819
0.790161 1.227755 2.347502
1.447984 2.564535 2.350898
1.490167 2.576317 2.314233
1.542408 2.580172 2.911500
1.515624 2.587037 3.555860
1.432598 1.340440 3.587353
1.385755 0.827076 3.603483
1.420526 0.889588 3.602425
1.473823 0.287371 2.328050
1.450271 2.830783 1.773765
1.395292 3.434993 1.190004
1.392535 4.057482 -0.083776
0.857556 4.035628 -0.117593
0.916730 4.013015 -0.824738
-0.394829 4.024341 0.537180
0.206308 3.447123 1.243240
0.210743 3.471543 -0.024000
0.245695 3.451410 -0.058253
0.271067 3.423958 -0.088907
0.262808 3.423283 -0.059736
0.240428 3.441617 0.651178
0.236542 4.060096 1.305387
0.241211 3.999589 1.198101
0.857522 3.947431 1.606219
0.839960 3.956931 2.192305
0.817487 4.566107 2.265235
0.809703 4.495813 1.123746
0.798573 4.421294 2.325797
0.791085 3.834973 2.263712
0.167054 3.171394 2.260016
0.174631 3.172587 2.342867
0.150423 2.474315 1.754230
-0.505351 2.432489 1.749123
-0.542002 2.449120 1.629093
0.087370 2.510813 0.366196
0.135349 2.509250 0.410405
0.156028 1.848459 -0.883145
0.141912 0.505478 -0.936742
0.163002 0.470956 -1.659221
0.252121 0.492867 -1.056814
0.330156 0.503627 -0.441368
0.327588 1.108348 -1.731160
0.261996 1.077054 -1.765164
0.215176 1.114686 -0.558385
0.850189 1.215927 -1.203241
0.885850 1.279153 -2.542118
0.889221 1.251912 -2.554664
0.861907 0.544573 -3.190182
0.850852 0.511501 -3.142013
0.891726 0.548633 -2.525772
0.960486 0.599276 -2.513990
0.994898 0.591331 -2.506292
0.957280 0.558468 -1.866206
0.889186 0.593665 -1.851200
0.871169 0.686059 -1.201447
1.503582 0.726768 -1.195308
1.530532 0.670230 -1.185823
1.500726 0.561401 -1.163217
1.456629 -0.033763 -1.766173
0.814744 -0.061384 -1.748445
0.897348 0.537008 -1.744227
0.933891 0.482954 -1.142014
0.238794 1.079442 -1.145908
0.147872 1.095181 -0.496684
-0.513657 1.796874 -0.490123
-0.495920 1.814464 -0.469887
-0.490840 1.778507 -0.448422
-0.519310 1.721075 0.162598
-0.535271 1.698477 -0.481110
-0.489293 1.103690 -0.468555
-0.405466 1.111651 -0.444675
0.270166 -1.572793 -0.451903
0.249905 -0.872570 0.151888
0.208351 -0.850009 -0.524827
0.192670 -1.501594 -0.535551
0.194311 -0.235234 -0.500964
0.156458 -0.267736 -1.105551
0.707365 0.329269 -1.120568
0.684762 -0.364390 -1.139196
-0.507082 0.229273 -1.757514
-1.063326 -0.429418 -1.084568
-0.428615 0.265338 -1.077105
0.215402 0.997668 -1.090686
0.236083 1.064857 -1.097329
-1.633527 1.116900 -1.072922
-1.031951 1.147821 -1.042740
-0.452455 1.141949 -1.016564
0.216148 1.106944 -0.989169
-0.980635 1.080044 -0.969868
-1.569037 1.794544 0.318144
-1.554144 1.842707 0.296534
-1.537825 1.870020 0.893814
-1.518513 1.866655 0.901082
-0.888519 1.816343 0.924419
-0.282406 2.558093 1.564075
-0.325966 2.608976 1.533029
-0.330777 1.962192 1.518496
-0.310433 1.889283 1.549311
-0.287544 1.832234 1.601670
-0.247196 1.855131 1.626181
-0.171309 1.901521 0.947068
-0.094239 1.899253 0.935141
-0.064747 1.882700 0.989350
-0.085440 2.501424 1.100151
-0.103774 2.549719 1.187161
-0.708492 1.845656 1.206172
-0.766067 1.206391 1.187592
-0.824280 1.231474 1.203203
-0.870359 1.301993 1.259283
-0.864895 1.334621 1.303470
-0.841972 0.659361 1.289305
-0.854631 0.638583 1.227287
0.367024 0.691276 1.195771
0.921827 2.037493 2.424531
0.904503 2.044185 2.440844
1.526810 1.952720 2.404796
1.475990 1.926441 2.357854
0.782012 2.611324 2.280291
-0.517133 2.622309 1.632307
-0.492757 3.122473 1.003226
-0.450166 2.974979 0.990245
-0.449604 2.252104 0.945760
-0.503273 2.271595 0.908799
0.066999 2.316290 0.909904
-0.478826 2.284811 0.957637
-1.030002 2.842470 0.330345
-1.024590 1.507423 0.933349
-1.076970 0.973341 1.549508
-1.108712 2.332606 0.894647
-1.083470 2.371803 0.961356
-1.058153 2.359445 1.660168
-0.459439 2.375778 1.664641
0.124471 2.414471 1.638480
0.715788 3.047610 2.286725
0.748957 2.496561 0.416837
0.784123 2.540262 0.500830
0.133518 1.260073 0.513921
0.700242 1.871950 0.482146
0.684052 1.875550 -0.214398
0.706352 -0.080759 0.400227
0.045599 0.555772 1.672576
-0.621322 -0.174729 1.663023
-0.077547 -1.459817 1.601334
-0.132199 -2.104656 0.884424
-0.725648 -2.095326 2.145685
-0.675909 -2.075471 2.788406
-0.638781 -2.088463 2.116246
-1.299959 -2.723486 2.064985
-1.341945 -1.452800 1.405912
-0.707529 -1.394311 1.392588
-1.282096 -1.353016 1.401167
-1.300119 -1.911576 1.402711
-1.367069 -1.893686 1.390378
