-1.281106 2.809151 -4.742751
-1.241143 2.847932 -4.140989
-1.266706 2.910243 -4.173652
-1.343643 3.577082 -4.180383
-1.382974 3.554185 -4.214998
-1.348746 3.528692 -2.987143
-1.297423 3.562039 -2.322265
-1.290357 3.577352 -2.299819
-1.304737 4.208025 -2.291438
-1.305361 3.577022 -2.967188
-1.271849 3.599920 -3.559638
-1.897535 2.969687 -3.561800
-1.273753 3.016527 -2.910708
-1.330446 3.036879 -3.018849
-1.367730 3.026046 -3.046435
-1.357263 3.007439 -3.010912
-1.342860 2.386006 -2.925561
-1.347987 2.386145 -2.839629
-1.345612 2.367369 -2.793785
-1.319115 2.355492 -2.182773
-1.262942 2.373267 -2.162882
0.188697 3.014202 -2.143511
0.210312 3.680927 -2.149958
0.225278 3.666936 -2.191411
0.268499 3.648544 -2.874831
0.333373 2.348523 -2.248247
-0.273972 2.335813 -2.226495
-0.967097 0.953549 -2.850691
-1.004429 0.892529 -2.861846
0.335937 0.895947 -3.496993
0.370296 0.301758 -3.523205
0.368369 0.342473 -3.505921
0.329672 0.344364 -3.485550
0.301811 0.344105 -3.497286
0.312591 -0.246095 -3.512506
0.348350 0.398718 -3.484305
0.354340 0.419450 -2.777073
0.319561 0.393459 -2.730293
0.290513 0.389102 -3.355215
0.312442 -0.168962 -3.362706
0.370658 0.525610 -3.362762
0.384635 1.240251 -2.819137
0.351642 0.632894 -2.850200
-0.314627 0.642691 -2.884164
-0.944063 -0.027459 -2.905269
-0.897279 -0.067482 -2.927005
-0.903500 0.518059 -2.331709
-0.949558 0.453272 -2.334556
-0.986564 0.393819 -2.940218
-0.980929 0.959751 -2.305508
-0.950895 0.937897 -2.329114
-0.948005 0.937368 -2.357061
-0.964221 0.953804 -2.357609
-0.306634 0.967580 -2.308783
0.335434 0.358588 -2.960416
0.383085 0.357063 -2.305231
0.393681 1.021316 -2.291805
0.373967 1.033635 -1.591575
-0.267647 1.010876 -1.547067
-0.261371 1.576219 -1.515529
-0.242781 1.587280 -1.510399
-0.260338 1.629313 -1.505915
-0.904256 1.657481 -1.495834
-0.929285 1.632790 -1.487261
-0.936559 2.137401 -1.494177
-0.939255 2.166948 -2.162730
-1.621511 2.234297 -2.188783
-1.654628 2.251991 -1.527299
-1.696241 2.805267 -1.510182
-1.728322 2.807388 -1.520821
-1.729023 2.845711 -1.558877
-1.714987 1.062042 -1.579374
-1.712839 1.703521 -1.571082
-1.741708 1.077574 -0.275295
-1.116057 1.071206 -0.314562
-1.118475 1.103371 -0.347020
-1.083376 1.133926 -0.329433
-1.052588 1.133694 -0.262979
-1.055504 1.106169 -0.216100
-1.062879 1.089306 -0.214574
-1.015658 1.111673 -0.215694
-0.919513 1.159252 -0.193917
0.360250 0.570143 -0.171389
-0.343174 0.593116 -0.204540
-0.377457 0.601959 -0.285715
-0.339292 0.613880 -0.342000
-0.271430 0.629737 -0.337692
-0.274060 0.654916 -0.291499
-0.354296 0.659000 -0.272368
-0.408805 0.637072 -0.292761
0.284793 0.604751 -0.300697
0.346582 0.587366 -0.285485
0.349604 0.594632 -0.270872
0.292705 0.588427 -0.303374
0.272961 1.165806 0.255984
0.337276 1.137177 0.231354
0.414746 1.124044 -0.394430
0.409576 2.333438 -0.447991
-0.260011 2.322310 0.203413
-0.275200 2.316693 0.181247
-0.211393 2.305491 0.211203
-0.121064 2.294559 0.255652
-0.079366 2.292708 -0.431239
-0.088189 2.309712 -0.470729
-0.092668 2.330282 -0.478507
-0.074201 2.348908 -0.427786
-0.725823 2.346720 -0.385720
-0.735267 2.330384 -0.404008
-0.779434 2.299649 -0.441481
-0.819343 2.305771 -1.040251
-0.824682 1.072557 -0.921056
-0.778355 0.419165 -0.828622
-0.727621 0.414585 -0.850802
-0.729305 0.435148 -0.924246
-0.767557 0.486549 -0.920629
-0.795359 0.525472 -0.136258
-0.774444 0.521430 -0.080076
-0.751410 0.514597 -0.127363
-0.771868 1.155316 -0.212564
-0.821251 1.182195 0.411179
-0.841116 0.554130 -0.115300
-0.793864 0.506524 -0.053498
-0.747731 0.466037 -0.814323
-0.761192 1.110851 -0.927199
-0.816084 1.149538 -0.301544
-0.850630 1.171883 -0.846821
-0.842576 1.150394 -0.795785
-1.470392 1.137389 -0.859864
-1.511970 1.804176 -0.965231
-1.566272 1.186211 -0.980507
-1.568949 1.193122 -0.903381
-1.517266 1.156130 -0.847991
-1.482443 1.123556 -0.889862
-1.500151 1.112400 -0.957336
-1.527655 1.137172 -0.934568
-1.503967 1.792681 -0.848182
-1.443960 0.468161 -1.433282
-1.433333 0.430337 -0.194157
-1.484445 0.407236 -0.908468
-1.523568 0.415738 -1.537045
-1.503334 -0.774648 -1.450024
-1.455371 -0.789450 -1.403038
-1.446281 -0.835242 -0.768616
-0.856132 -0.222551 -1.506272
-0.906931 0.449698 -1.478571
-0.939687 0.473211 -1.410275
-0.961884 0.421687 -1.403228
-1.013299 0.322373 -0.831618
-1.074359 0.266051 -1.582404
-1.097820 0.278250 -2.244291
-1.078621 0.291441 -1.547131
-1.037145 1.456483 -1.537774
-1.010412 1.397217 -1.598103
-0.996460 1.379916 -1.640263
-0.975140 1.405333 -1.595399
-0.937268 1.429430 -1.530973
-0.902740 1.425530 -1.537467
-0.903219 2.010772 -1.611419
-0.920539 2.084345 -1.644487
-0.929222 2.134593 -2.218052
-0.912009 1.449097 -2.824493
-0.875448 1.414124 -2.821534
-0.847372 1.421962 -2.835940
-0.837340 0.848442 -3.468823
-0.212666 1.490382 -3.424904
-0.225459 1.467191 -3.387667
-0.861947 1.431655 -2.128045
-0.856325 1.445606 -2.142734
-0.236247 1.502859 -1.508301
1.015620 1.531535 -1.479870
0.994765 2.135118 -1.473576
1.023535 2.088059 -0.886149
1.079192 2.101201 -0.278431
1.106977 2.164542 -0.901937
1.106683 2.172000 -1.494667
1.112006 2.732217 -1.518615
1.131031 2.025177 -1.572281
1.141336 1.984858 -1.608157
1.107677 2.012105 -1.593570
1.057066 2.026037 -2.229902
1.027974 1.337403 -1.657027
0.389493 1.252005 -0.376234
0.390841 1.204013 -0.335483
0.350268 2.618276 -1.579056
0.293422 2.698691 -0.303727
0.254298 2.703377 -1.022343
0.249639 2.636464 -0.374531
0.237131 1.403086 -0.327447
0.187567 1.439663 -0.868786
0.134748 1.525385 -1.488560
0.109399 0.937523 -2.146533
0.110761 0.945158 -0.255501
0.113154 0.936908 -0.137655
0.108523 0.965011 -0.023457
0.113261 1.028253 0.003186
-0.498671 1.706177 -0.038782
-0.457401 1.019482 -0.084238
-0.424481 0.962008 -0.087302
-0.406882 0.933916 0.519577
-0.390373 2.224640 0.464861
-0.352610 2.241032 0.409270
-0.297085 2.233520 0.992184
-0.233148 2.210209 1.673611
-0.180100 2.177205 1.738958
-0.155613 3.439413 1.094666
-0.151219 3.453345 0.458800
0.456196 3.384549 1.091525
0.466667 3.332837 1.079332
0.466609 3.952716 1.047359
0.432496 1.395361 1.009851
0.372915 1.379699 1.006347
0.967305 1.311832 1.042360
0.967525 2.525990 2.323141
1.621144 2.535056 2.356754
1.627349 2.568201 1.072402
0.977907 2.566454 1.081358
0.948760 2.494378 1.080239
0.965535 2.444951 1.056192
1.002959 3.109956 1.009772
1.006214 3.111183 0.952316
0.974394 3.067590 1.540486
0.950048 2.364012 1.533076
0.964717 2.353422 1.509423
0.993325 1.730534 1.471250
1.003507 1.773210 1.428637
0.358736 1.763381 1.399077
0.359872 1.729627 0.767475
-0.263091 2.317561 -0.553828
-0.261799 2.368606 0.697083
-0.255665 1.802813 0.686468
-0.245864 1.837032 1.946127
-0.896351 0.565939 1.981870
-0.907504 0.582256 1.392074
-0.895219 -0.692313 1.422509
-0.872927 -1.294783 2.069771
-0.860357 -0.638897 0.847051
-0.878524 -0.645424 0.864065
-0.917671 0.520002 0.228752
-0.949439 -0.158613 0.835440
-0.965531 -1.477734 0.831633
-0.975174 -0.060815 0.263185
-0.997482 -0.052553 0.288099
-1.663888 -0.090153 1.584302
-1.656569 -0.804164 1.601922
-0.963845 -0.148150 1.631503
-0.270888 0.522676 1.666310
-0.292146 0.557901 1.007692
1.047473 0.536751 0.997824
1.072470 -0.132844 0.990883
1.111211 -0.071710 1.003415
0.477997 0.018117 1.041316
0.500373 0.713825 1.064101
0.503796 0.030357 1.049085
0.504181 0.013926 1.062838
1.164727 0.680282 1.737228
1.177055 0.741652 1.738388
1.789526 0.763923 1.704582
1.766245 0.749696 1.667319
1.130465 1.356688 1.656520
1.138981 1.359896 1.665444
0.544121 1.363311 1.661946
0.587199 1.349021 1.629687
0.596884 1.330554 2.294038
0.585725 1.316918 1.607086
0.596959 1.308199 0.995710
0.618394 1.291592 0.286447
0.607985 1.281456 0.236842
1.213549 1.932928 -0.408703
1.150395 1.235659 -0.409766
1.138686 1.212820 -0.381809
0.489174 0.550327 -0.393588
0.482223 0.545831 -0.425201
0.422058 1.850861 -0.414591
0.358286 -0.872758 -0.351074
0.355918 -0.857723 -0.285392
0.386394 -1.455825 -0.269004
0.386572 -1.407487 -0.296547
0.338244 -0.123006 0.960895
0.299051 -0.813830 0.981171
0.319571 -0.182504 1.022403
0.369010 -0.183830 0.997787
0.392887 0.476527 0.922689
0.388762 0.465828 0.875581
0.405226 -0.224765 0.900140
0.453118 -0.228642 1.574364
0.494114 -0.780605 1.535498
0.489733 1.215864 2.116060
0.465302 1.233162 2.085101
0.463232 0.623841 2.114323
0.479861 -0.059394 2.143888
0.486540 -0.058985 2.748205
0.457454 1.279329 2.719126
0.426098 1.266457 2.739360
0.425667 0.075233 2.169387
0.430139 0.098374 1.554895
0.402802 0.116967 1.559732
0.334882 0.107724 1.553028
0.279376 0.079770 0.281910
0.268012 0.043070 0.320131
0.260109 -0.656671 0.344601
0.208743 -0.692716 0.990063
0.137366 -0.701195 0.979271
0.110374 -0.060349 0.330024
0.134086 -0.009155 0.371737
-0.454443 0.038942 0.406288
0.188113 0.074224 1.045158
0.747493 0.095128 -0.320621
0.728388 1.505601 -0.405434
0.756872 2.127487 -0.423098
0.797474 2.082827 0.900747
0.811656 2.037672 0.920375
0.797903 2.012063 0.263225
0.127187 2.003080 0.238851
0.157781 1.995680 0.254949
0.845682 1.987515 0.313069
0.876516 1.979180 0.359260
0.221418 0.752512 0.344215
1.495790 0.782944 0.286901
1.474843 0.129959 0.266572
1.488503 -0.503022 1.569043
1.505624 -0.504463 0.985099
0.852081 -0.490724 1.000545
1.462063 -0.424797 0.982723
1.463797 -0.976778 1.602143
1.488494 -0.892277 1.617432
1.507957 -0.871910 1.620750
0.869175 -0.895652 1.569299
0.828976 -0.276840 1.484839
1.398145 -0.271829 1.439586
1.367946 -0.284507 1.449852
1.360489 0.275687 1.480230
1.914449 0.854767 1.485073
1.830173 0.799568 1.463745
1.826021 0.180633 1.451191
1.902920 0.213047 1.457170
1.901094 2.053732 1.463257
1.875097 2.663858 1.456333
1.236121 2.601515 1.450255
1.244016 2.565483 1.472969
1.265329 1.899501 1.525496
1.282460 1.893289 1.582135
1.285964 1.875620 1.617156
1.287629 1.880446 1.623491
1.299924 1.933726 1.615197
1.310250 2.649918 0.962530
1.312276 1.506492 0.292146
0.672469 1.514346 -0.361693
0.670356 1.471972 -0.388888
0.679063 1.395006 -0.410618
0.685860 1.404254 -0.425848
0.678273 1.406140 -0.440840
0.661597 1.390112 0.188301
0.657358 1.343639 0.165143
0.675840 1.977323 0.168930
0.689749 1.423893 0.196237
0.679968 1.503457 -0.424368
0.659042 1.489923 -0.434051
0.656841 2.055588 -0.438184
1.350110 1.982931 -0.426287
0.753342 1.980499 -0.393844
0.734700 2.054399 -0.369721
0.008530 0.677298 -0.379325
1.252658 1.277434 -0.384892
1.279198 1.283165 -0.364341
0.670434 1.349223 -0.325642
0.613168 0.802912 -0.312751
0.559221 0.809313 -0.326259
1.785480 -0.599990 -0.327159
2.411699 0.682156 0.924357
1.795647 0.748066 0.943349
1.134338 1.395149 0.924881
0.510313 2.704043 0.852771
1.116882 2.584658 0.800720
1.149861 2.612996 0.803344
0.611192 3.358197 0.837963
1.272922 2.578917 0.203735
1.937736 2.541629 0.816900
1.955043 1.839041 0.824621
1.992599 1.860741 0.858421
2.040065 3.228985 0.882431
2.675882 3.212437 0.845634
2.661068 2.528237 0.793834
1.964767 2.556671 0.785900
1.941875 2.629728 0.810749
1.927099 2.672767 0.835768
1.888288 2.669804 0.823933
1.814866 3.351643 -0.416437
1.749009 4.202229 -0.405929
1.115045 4.176309 -0.381973
1.143933 4.148041 -0.349038
1.165960 3.462671 -0.362518
0.482209 3.476276 -0.366128
0.452530 3.489794 -0.354838
1.759729 3.471092 -0.320310
1.778318 3.420856 -0.279082
1.779204 2.163557 -0.259115
1.759636 2.152710 0.412452
1.759053 2.130908 0.439223
1.797357 2.095516 0.482866
2.489054 2.055738 0.530211
1.264782 2.034195 -0.133601
0.655161 2.028399 -0.133645
1.327513 2.023649 1.104291
1.326892 2.685038 1.093187
1.952382 2.692468 0.437047
1.933044 3.323139 0.440682
1.297461 3.306762 0.484193
0.639520 3.278867 0.521529
1.239700 3.287733 -0.127276
1.239791 3.349513 -0.164855
1.275786 2.760471 -0.212884
1.309115 3.440835 -0.221444
1.316955 3.419689 -0.212380
0.731589 3.416208 -0.209456
0.739958 3.453791 -0.898211
0.732569 3.493457 -0.923555
0.633697 3.490773 -0.257456
0.576574 2.215902 0.408641
-0.039159 2.209997 0.396257
0.640324 2.246358 1.637135
0.034024 2.284583 1.569317
-0.584321 0.973689 1.523022
-0.570555 0.924916 1.534034
0.103729 0.879911 1.612380
0.135271 0.262194 1.703158
0.119990 0.268529 1.083100
0.071073 0.248188 1.076336
0.642413 0.202676 0.435291
0.649589 0.775249 0.511806
0.682600 0.813099 0.589300
1.315343 0.877212 0.575556
1.312783 0.894305 0.507574
1.297008 0.865381 0.474131
1.291440 0.854168 0.530241
1.280569 0.890424 0.601839
1.258647 0.933844 0.589245
1.239046 0.924805 0.509358
1.213955 0.854544 0.445326
0.590051 1.465238 0.476609
0.001345 1.484237 0.534570
0.049051 1.537514 0.508551
0.076474 2.189213 0.413581
0.060146 1.479820 0.352817
0.036711 1.432669 0.401597
0.026147 0.799859 0.479290
0.678036 0.822077 0.481353
0.676616 1.470326 0.428041
1.863989 0.737458 0.416992
1.826237 0.712501 0.478123
1.785393 1.432443 -0.092481
1.821711 0.865809 -0.132872
2.491535 0.919846 -0.217380
2.517658 0.903164 -0.234481
1.884992 0.877491 -0.173482
1.874740 0.894469 0.465953
1.860043 0.946974 1.072416
1.197868 1.624860 1.022697
1.201791 1.596663 1.026642
3.152788 1.548165 1.074498
3.184679 0.881225 0.448716
2.593669 1.554618 0.389922
1.391238 1.565723 0.314313
1.405571 1.530660 0.305142
1.420993 2.832069 0.336827
1.408822 2.811616 1.012780
1.357593 2.847865 1.006886
1.303759 2.899467 0.995040
0.665651 2.918764 1.023157
0.671369 3.506405 1.075825
0.669914 3.491517 1.123420
0.662223 4.771515 1.133040
0.671039 4.812832 1.126837
0.700461 4.803819 0.478353
0.719859 4.759834 -0.156918
0.055725 4.743621 -0.110251
0.032734 4.121469 -0.068494
0.028990 4.145292 -0.008390
0.034873 4.140860 -0.536829
0.038316 3.481869 -0.508758
0.045904 3.468805 -0.504278
1.402853 3.495632 0.121251
0.838238 3.536982 0.108592
0.846805 3.535373 0.096766
0.816738 3.497027 0.078866
0.785288 3.457587 0.073179
1.400371 3.467907 0.084283
0.750764 3.522257 0.743319
0.725076 3.561797 0.750039
0.695822 3.567598 1.338438
0.702137 3.582641 1.309934
0.737272 3.642834 1.290376
0.752264 3.083352 1.269458
0.725713 2.481321 0.583198
1.312151 2.449367 0.550678
1.946535 2.404200 0.556979
0.607311 2.382944 0.607018
1.206396 2.389227 1.338003
0.532582 2.396033 1.358507
0.530980 2.385527 1.360393
0.558951 3.020766 0.707701
0.568790 2.329665 0.763735
1.189265 3.606375 0.148189
1.192428 3.577128 -0.514537
2.476883 4.221117 -1.236968
2.500988 3.518763 -1.839038
2.492360 3.508862 -1.757750
1.819965 3.499465 -1.715517
1.824701 3.475299 -2.349108
1.891221 3.474557 -2.379976
1.968615 2.874479 -2.351260
1.381319 2.903061 -2.288426
1.390173 2.885403 -2.287848
1.409551 2.835919 -1.746497
1.434116 2.812217 -1.823807
1.426595 2.816403 -1.816958
1.372433 2.813433 -2.361840
1.305124 2.763215 -2.366826
1.920807 3.942562 -2.432170
1.883512 3.912171 -2.483561
1.841538 3.298341 -2.467899
1.811495 3.339667 -2.463162
1.807599 3.331280 -2.532485
1.793162 3.280395 -3.281614
1.726674 4.586097 -3.346818
1.647718 5.223226 -3.326358
1.614961 5.250282 -3.292560
2.257706 5.255616 -3.283509
1.656211 5.234101 -3.292368
1.639299 3.341481 -3.285255
1.639288 3.371995 -3.265919
2.385759 3.405970 -3.289987
2.492924 3.415922 -3.347984
2.542869 3.406563 -4.016988
3.187936 3.411430 -2.734843
1.879787 3.429957 -2.658771
1.924949 2.218829 -2.626322
1.976915 2.218800 -2.615920
1.967280 1.542303 -2.566822
1.912746 1.509007 -2.483067
1.933739 1.494573 -3.086560
2.046509 1.483075 -4.421464
1.548871 1.470114 -4.512669
2.195935 0.849260 -4.557846
2.818706 0.870822 -4.542894
2.795229 0.920495 -4.515801
2.805814 0.970960 -3.870840
2.837694 1.629999 -3.865631
1.503165 2.236275 -3.191024
1.449740 2.260645 -3.121097
1.458880 2.303725 -3.755499
0.313991 1.698303 -3.845896
1.019757 1.093501 -2.642350
0.366999 1.111712 -2.671278
0.319125 1.143313 -1.337864
0.940633 1.181208 -1.333185
0.969903 1.221001 -1.306718
0.973663 0.582671 -1.250485
0.286729 0.552873 -1.179160
1.452433 0.490928 -1.761086
1.442270 0.438398 -1.777584
1.495996 0.415312 -1.199827
2.739540 0.413037 -1.240525
2.702339 0.403550 -1.254517
2.656260 0.369355 -1.270872
2.634728 0.324684 -0.681477
2.633879 -0.961073 -0.667025
2.613775 -1.003874 -0.633015
2.594726 -0.402804 -1.187539
2.580708 0.203103 -0.558033
2.583560 0.820533 -0.560811
2.588842 0.148517 0.069675
2.587436 0.153855 0.041842
2.013685 0.817200 0.026005
2.011909 1.518334 0.004043
2.642549 0.920970 -0.669621
2.627752 0.896930 -0.642273
3.260769 0.886724 -0.602451
3.272473 1.549919 -1.195189
2.721034 1.554594 -1.208946
2.747086 0.906525 -1.262088
2.155095 0.862162 -1.961301
2.178972 0.867812 -2.001642
1.578716 2.194492 -0.697200
1.609244 2.908263 -0.711470
1.643661 2.905973 -0.741388
1.660649 2.904455 -0.737037
1.667595 1.599434 0.578373
2.303168 1.559632 -0.635706
1.063562 1.479322 -0.631031
1.042565 2.056042 -0.664364
0.373577 0.748276 -0.722296
0.368838 0.803104 -0.774685
0.349458 1.515663 -0.810979
0.901325 1.505222 -0.841772
0.845109 2.132035 -0.240064
0.824457 1.490905 -0.851187
0.832135 0.293397 -0.809724
0.804579 2.149164 -0.749197
0.742619 2.124512 -0.695654
0.697599 2.125731 -0.047989
2.767998 2.161574 -0.718460
2.775589 2.829212 -0.746558
2.133009 2.887806 -1.365396
2.155781 2.950581 -1.962716
2.850960 3.598383 -2.557983
2.870291 2.404418 -2.552256
2.850729 3.032711 -1.947244
2.166317 3.641999 -1.936659
2.175817 4.870640 -1.883477
2.208974 4.858678 -1.856167
2.887705 4.200231 -1.896698
2.269048 4.828814 -1.966390
2.317734 5.438291 -2.012450
1.777507 4.738573 -1.397293
1.811410 4.748720 -1.405425
1.803676 4.111116 -1.432963
2.447567 5.399488 -1.449216
1.105566 5.370534 -0.223844
1.125535 4.121847 0.408758
1.101367 4.125204 0.365484
0.408829 2.809504 0.310671
0.408349 2.786003 0.299697
0.442769 2.786129 0.976019
0.470735 2.828865 0.353658
0.463429 2.262645 1.588114
0.446824 2.287922 1.625731
0.463073 0.454135 2.342730
0.503188 1.028834 2.416081
0.525368 1.609112 2.447963
0.507930 2.252110 1.792014
0.471147 2.269469 1.818332
0.464832 2.889590 2.533823
0.480192 2.267642 2.482459
0.483066 2.255224 2.435218
0.469602 2.265392 2.398897
0.428654 2.283429 2.421153
0.396322 2.273352 2.470357
0.393672 2.208661 3.118300
0.391775 2.130241 3.084217
0.377861 1.446026 1.825492
-0.992605 1.432407 1.837828
-1.053541 1.432589 2.491331
-1.082911 1.415005 1.911769
-0.428539 0.163495 1.238215
-0.369606 0.135362 0.547933
-0.324424 0.099569 1.844196
-0.306323 0.089822 1.921286
-0.296227 1.400941 1.966713
-0.283965 1.413485 1.946004
-0.291582 1.404310 1.239323
-0.317272 1.396942 1.227307
-0.356525 1.431346 1.235507
-0.382930 1.489779 1.222512
-0.380536 1.520503 1.174529
-0.366207 1.498004 1.134633
-0.340063 1.458225 1.141651
-0.949380 1.464064 1.195864
-2.289445 1.505194 -0.007589
-2.939410 1.525705 0.029969
-2.909270 1.513882 0.023141
-2.874768 1.505738 0.016842
-2.863848 1.533067 0.037343
-2.870332 1.595404 0.066155
-2.872767 1.645215 0.072233
-2.870683 1.649498 -1.157647
-2.876479 1.624057 -1.164630
-1.643063 1.590439 -1.181937
-1.070664 1.574251 -0.533866
-1.074687 1.562998 -0.541526
-1.077332 1.551212 -1.245704
-0.493724 1.548078 -1.314710
-1.139854 1.569913 -1.372511
-1.146276 1.618918 -1.386667
-1.126341 1.019698 -2.016147
-0.488486 0.417471 -0.119005
-0.517152 1.014136 -0.120409
-0.573600 1.584423 -0.101824
-0.608622 1.579823 -0.056409
0.015804 0.932114 -0.029804
0.011130 1.511951 -0.047580
0.008000 1.492004 -0.072648
-0.591388 1.519402 -0.070776
-0.523133 1.591563 -0.045280
-1.094670 2.918695 -0.038974
-1.045501 2.927254 -0.067576
-1.024871 2.930901 -0.093088
-1.669177 2.942525 -0.080855
-1.677776 2.968708 -0.682427
-1.693330 2.316157 -1.305394
-1.711465 2.986291 -1.341974
-1.717666 2.970890 -1.368802
-1.704774 2.960311 -1.365201
-1.691910 2.993281 -0.154805
-1.694487 4.292258 -0.151880
-1.685706 4.360626 -0.144103
-2.924460 4.331005 -0.126799
-2.900744 4.238966 -0.759648
-2.917073 4.187842 -0.126362
-2.989210 4.206461 -0.135085
-2.452983 4.230223 -0.155855
-1.174971 4.177135 -0.190987
-1.116804 4.086710 -0.888293
-1.082652 3.451617 -0.912774
-1.744642 2.862508 -0.911849
-1.767972 4.174293 -0.895192
-1.719698 3.467212 -0.259210
-1.631632 2.726333 -0.284200
-0.362660 2.051025 -0.320801
-1.047318 2.076200 -0.342673
-1.730386 2.737459 -0.334324
-1.005774 2.076718 -1.566885
-0.916009 1.990063 -1.582522
-0.960876 1.967202 -2.203926
-1.643376 2.029468 -2.212666
-1.660993 2.098672 -2.178929
-1.627153 2.100460 -2.130225
-1.601568 1.443537 -2.113978
-0.340086 0.789007 -2.132535
-0.374740 0.828856 -2.142408
-0.387273 0.866397 -2.106100
-0.355303 0.854680 -2.051202
-0.323844 0.823378 -1.433913
0.301024 1.490371 -1.464692
0.270794 1.573054 -1.476676
0.908970 1.637155 -1.447060
0.908169 1.617836 -1.414204
0.885172 1.567890 -0.772377
-0.431982 1.560722 -1.444688
-0.466935 1.579893 -0.826721
-0.459296 1.580512 -1.446855
-0.429353 1.532977 -0.777097
-0.385022 1.486850 -0.202073
-0.990675 2.109648 -0.868672
-0.933712 2.173418 -0.821523
-1.509910 2.217982 -0.775398
-0.784384 2.845161 -0.777040
-0.770890 2.825059 -0.820333
-0.783940 3.431322 -0.833758
-0.795625 3.464065 -0.787046
-0.140513 2.811673 -0.766134
0.533477 2.815011 -1.325480
0.520598 2.795037 -2.635252
-0.155035 0.844401 -3.280220
-0.141189 2.188170 -3.230485
-0.119868 2.209686 -2.540543
-0.126444 2.213786 -2.547168
0.480876 2.246640 -2.562310
0.429147 2.286603 -1.917606
1.729453 2.270446 -1.227551
1.699818 2.212828 -1.205220
1.657135 2.190993 -1.854049
1.604634 2.237601 -1.288813
1.581668 2.289526 -0.670855
2.187740 2.932936 -0.651454
2.760597 2.970934 -0.663896
2.726465 3.698837 -1.341683
2.093666 3.791906 -1.301094
2.096173 3.828680 -2.419803
2.734890 3.151081 -3.030673
1.509576 1.217052 -2.998006
1.488517 1.880783 -3.023997
0.836231 1.262053 -3.622296
0.807896 1.248776 -2.905494
0.801744 0.553830 -2.845811
0.826568 0.481898 -3.491890
0.855617 0.495166 -3.538860
0.206709 -0.097662 -4.137372
-0.423026 -0.073217 -4.032785
-1.062674 -0.149600 -3.985692
-1.022990 -0.259396 -3.448478
-0.964894 -0.924024 -3.573140
-0.971862 -0.885189 -3.612973
-1.036066 -0.887764 -2.971539
-1.088828 -0.968384 -2.357644
-0.443834 -0.375138 -1.836702
-0.393968 -0.328120 -0.660354
-0.395245 -0.207121 -0.033470
-1.103137 -0.143360 0.040140
-0.436004 -0.192727 -0.559218
-0.378212 -0.954651 -0.620080
0.330007 -1.001624 -1.325499
-0.356094 -0.981986 -0.016873
-0.416076 -0.975092 0.058777
-0.444796 -1.030553 0.082174
0.205003 -1.096970 0.032315
0.229373 -1.075688 -0.647390
0.188004 -0.975049 -0.623052
0.188400 -1.529736 0.719346
0.859838 -1.527156 0.784275
0.867123 -1.564907 0.795749
0.221902 -2.198498 0.793645
-0.439001 -2.160254 0.194989
-0.449521 -1.494073 0.253804
-0.435784 -1.511661 0.275124
-0.412673 -0.202622 0.262439
-0.448054 1.111443 0.249556
-1.135989 1.156732 0.245009
-1.158176 1.196880 0.241085
-1.144923 1.201125 0.213340
-0.479740 1.794128 0.174755
-0.496450 1.115684 0.145432
-1.184176 1.034677 0.132767
-1.220320 0.966920 -0.493228
-1.222140 0.931311 0.798234
-1.230050 0.917105 2.738252
-1.278498 0.257850 2.732115
-0.694522 0.259446 1.456042
-0.676046 0.932925 1.439953
-0.001510 0.338441 1.435702
-0.613846 -0.298970 1.429021
-0.633700 0.927880 0.192602
-0.653180 2.812914 0.174805
-1.832610 2.782813 0.174895
-1.766793 2.780488 0.183768
-1.712479 3.388039 0.791400
-1.710635 3.394366 -0.531856
-1.716752 2.818712 -0.591631
-1.715002 2.834256 -1.218201
-1.665212 2.191038 -0.568966
-2.284154 2.166122 -0.571156
-2.329330 2.151620 -0.596266
-2.380818 2.134513 -0.607496
-1.709660 2.110858 -0.574280
-1.668937 2.093266 -0.517610
-0.416135 2.096042 -0.492828
-0.503404 2.138914 -1.169605
-0.562134 1.585520 -1.199017
-0.537757 2.912871 -1.207416
0.140476 2.325731 -0.564668
-1.718403 0.987637 -1.261289
-1.783495 0.972142 -1.334159
-1.814920 0.977520 -1.373886
-1.765401 1.633289 -1.352142
-1.697488 2.214148 -1.318809
-1.718048 2.168550 -1.330325
-1.796627 1.514154 -2.023580
-1.795621 1.554159 -2.038519
-1.672836 2.241528 -0.109389
-1.565302 2.840155 -0.768663
-2.730936 2.769599 -0.800101
-2.236770 2.048414 -0.827783
-2.276859 2.033832 -0.815838
-2.225589 2.683907 -0.768112
-3.498990 2.645102 -0.730022
-3.509939 2.610871 -1.389296
-3.579522 1.941822 -0.725693
-2.946967 1.975765 -0.715363
-2.887717 2.048322 -0.700034
-2.816396 2.046721 -1.328109
-2.827659 2.051014 -1.972194
-2.920612 0.773649 -1.960078
-2.981422 0.733492 -1.922975
-2.349809 2.008809 -1.224108
-2.318913 2.008970 -1.037005
-2.343233 1.353312 -1.039131
-2.389332 1.398112 -1.047271
-2.377950 1.454457 -1.054785
-2.302837 1.503736 -1.073871
-2.845004 1.534981 -1.098561
-2.863712 1.543978 -1.119046
-2.920863 1.539369 -1.141567
-2.946860 0.264470 -1.163791
-2.928018 0.207736 -0.560988
-2.924718 0.830696 0.099533
-2.982068 0.824795 0.759622
-3.041072 0.848891 0.105355
-3.029352 0.217388 0.080904
-2.958673 0.868103 0.725316
-2.913595 0.862908 0.733467
-2.955977 0.887778 0.076951
-3.032141 0.920962 0.079753
-3.060961 0.912974 0.080700
-1.678775 0.858330 0.104031
-1.648961 0.790855 1.434014
-1.667853 0.764387 0.807246
-1.701883 0.778216 0.809521
-1.039989 0.794000 0.806582
-2.245053 0.782354 0.825343
-2.168921 0.752915 0.221026
-2.185082 0.745976 0.233669
-2.257023 0.761641 0.865611
-2.950275 0.770732 0.866703
-2.915039 0.721425 1.532171
-2.899682 0.667600 1.560978
-2.970293 0.645402 1.589038
-2.478467 0.665512 1.621559
-2.456755 0.692178 1.658065
-1.712468 0.699089 1.680025
-1.667122 0.696430 1.681256
-1.724857 0.717580 1.679197
-1.798701 0.759639 1.670192
-2.451920 0.791667 0.988619
-2.425542 0.780768 0.995169
-2.453869 0.733902 1.006181
-2.520177 0.056357 1.030903
-2.539437 0.024943 1.736094
-2.481689 0.020844 1.751443
-2.412846 0.026664 1.748308
-2.385044 0.007823 1.722191
-2.379235 -0.037460 1.683452
-2.375158 -0.065020 1.030423
-2.373632 -0.056534 1.011589
-1.735328 -0.047352 1.001859
-1.834605 -0.066165 0.980315
-1.902854 1.160652 0.940626
-2.558097 1.146848 0.905104
-2.535605 1.807805 0.901836
-2.577827 1.860469 0.907391
-2.638443 1.904272 0.881993
-2.632568 1.932879 0.227041
-2.559493 1.965463 -0.455611
-2.505674 1.993605 -0.434596
-3.225597 2.026119 -0.412363
-3.321104 2.054497 -0.412937
-3.316756 1.435805 -0.426642
-3.193028 2.741244 -0.420463
-3.096879 2.747881 -0.387769
-3.120402 2.140199 -0.280051
-3.173537 2.177706 -0.270687
-3.151820 2.219862 -0.259928
-3.049774 2.269505 0.436542
-2.976111 2.288711 0.434049
-3.021586 1.630317 0.412672
-1.756355 2.220935 -0.902286
-1.779510 2.225455 -0.890630
-1.736270 3.530864 -0.939090
-1.083690 3.581058 -0.990930
-1.176193 3.610066 0.876865
-1.299340 3.612383 0.927810
-1.363175 3.635471 0.938817
-1.344517 3.684191 0.865690
-1.311691 3.713208 0.763679
-1.305019 3.692927 0.717557
-1.297562 3.633999 0.763144
-1.247374 3.588274 0.231781
-1.163786 3.571538 0.232174
-1.099022 3.570535 0.202536
-1.715787 3.560374 0.847839
-1.140753 3.527912 0.946519
-1.108606 3.491116 1.020176
-1.109653 3.467819 0.990226
-1.735679 4.085016 0.905002
-1.721433 4.091451 1.453923
-1.063311 4.064629 2.167265
-1.045730 4.014638 2.219881
-0.418772 3.982024 2.210769
-0.445145 3.997380 1.538761
-0.450170 3.388297 1.567172
0.825226 3.409355 1.049632
0.155867 3.407142 1.105601
1.384904 4.050514 0.461102
0.750309 4.088335 0.407197
1.390954 4.136573 0.394455
1.396930 3.496859 0.410406
1.435237 3.476435 0.393999
1.502437 3.455089 0.346793
1.544896 3.485456 0.320289
1.534739 1.655884 0.349622
1.498339 1.711773 1.625234
1.490998 1.721177 1.650195
1.503955 1.720431 2.262202
1.498588 1.706246 1.566842
1.469554 1.053004 2.204516
1.458638 1.039520 1.626836
1.512070 1.008917 1.633612
1.591542 0.279581 2.208400
1.627668 0.925039 2.194339
2.245674 0.960576 1.600507
2.223767 0.982425 1.646266
1.596289 0.966541 1.005919
1.600480 0.945753 0.963943
1.552935 0.928295 0.925551
1.485896 0.918647 -0.409289
1.471417 0.896725 -0.399102
0.843559 1.465218 -0.412129
0.864960 2.087416 0.205416
0.839575 2.046437 0.167260
0.204745 2.065068 0.830816
-0.471594 2.114277 0.851616
-1.077883 2.704902 0.235173
-0.447479 2.653170 -0.386686
-1.108694 1.895241 -0.408763
-1.099288 1.865709 -0.443850
-1.064852 1.911664 -0.440820
-1.041902 1.925302 0.222499
-1.043293 1.860761 -0.998378
-1.036402 1.758459 -0.385824
-1.009501 1.760251 -1.033577
-0.966315 1.209096 -0.355074
-0.945303 1.316317 -0.307251
-0.344053 1.291565 0.883079
-0.334314 1.193187 1.520653
-0.294886 1.192517 1.521618
-0.248746 0.698784 1.523637
-0.241383 0.787653 1.516300
-0.251355 0.768027 1.481614
-0.248266 0.708353 1.424413
-0.251248 1.381043 1.373339
-0.293680 1.502452 3.231152
0.282594 1.577848 3.210129
