1.885175 0.244349 2.468654
0.674695 -0.370626 2.505647
0.676099 -0.956574 2.517945
0.635069 -0.927851 3.687322
-0.048430 -0.294395 3.065069
-0.059165 -0.965519 3.054476
-0.068485 -0.297848 3.646624
-0.107223 -0.902012 3.616583
-0.158405 -1.503579 3.607433
-0.196770 -1.507379 3.028779
-0.191821 -1.501551 3.073396
-0.183824 -1.470330 3.705540
-0.195491 -2.087958 3.081432
-0.206993 -2.060957 1.830896
-0.221465 -2.072131 1.247636
-0.246733 -4.015766 1.860254
-0.276339 -4.075550 1.836030
-0.271122 -4.105955 2.424636
0.410033 -4.129844 2.405772
0.433933 -4.180737 2.410510
0.416708 -4.256629 2.414457
0.405554 -2.410803 3.686395
0.456759 -2.436256 3.692637
0.521040 -1.806645 3.679979
0.541078 -1.820304 3.670167
0.497186 -3.087561 3.664567
0.461100 -3.113191 3.662282
0.497403 -1.847573 3.054571
0.555829 -1.818473 3.659150
0.580992 -1.773422 3.102565
0.556291 -2.378644 3.168406
1.179040 -3.034788 3.230912
1.179989 -3.649091 3.258225
0.534952 -4.245585 3.279158
0.500904 -4.808061 3.313040
0.431613 -3.544219 3.341297
0.362060 -4.201741 2.744996
0.337710 -4.278417 2.716040
0.355696 -4.334521 2.713151
0.390647 -4.325213 2.748762
0.413397 -3.675822 2.803395
0.422411 -3.047815 2.842745
0.427031 -2.437946 2.860850
0.432060 -1.804113 2.877725
1.755193 -1.114549 2.896862
3.001442 -1.689904 2.897917
2.982233 -2.326129 2.875840
2.374417 -3.020653 2.852138
1.798069 -1.790243 2.859552
1.908315 -1.764046 2.903227
1.989607 -1.058447 2.950887
3.280730 -1.023385 2.992602
3.216556 -1.041264 2.357543
3.161300 -1.040486 2.392601
3.163312 -0.959144 3.070182
3.794214 -0.860842 3.057168
3.770189 -0.850506 2.369878
3.696169 -0.905230 1.142027
3.648009 -1.624021 1.136433
3.643960 -1.617015 1.824902
3.638576 -0.920091 1.859194
2.950468 -0.962251 1.224155
2.879806 -0.415261 1.248596
2.840122 -0.455010 0.629685
3.425660 -0.457095 0.595393
3.446855 0.192497 0.539274
3.473731 0.140570 0.477821
3.487672 0.093155 0.416366
3.516035 0.048394 0.367113
3.585750 0.661422 0.329277
3.679388 0.619136 0.310490
3.748734 0.583675 0.318467
3.768459 0.580556 0.329600
3.767541 -0.034313 -0.310106
3.797746 -0.588127 -0.338535
2.447468 -0.542280 0.241977
1.845602 -0.519168 0.231113
1.817525 -1.714346 0.224271
1.787274 -1.689704 0.202504
2.464307 -3.512860 0.789928
2.506372 -3.531151 0.804617
2.498852 -3.548062 0.239360
3.044334 -3.531217 0.262365
2.320845 -4.125936 0.856795
3.620519 -2.855697 0.834085
3.637165 -2.190381 0.838873
3.624558 -2.190021 0.871529
3.546939 -2.191636 0.903886
3.469703 -1.573751 0.906712
3.452513 -1.609182 0.916875
3.484419 -2.354233 -0.281920
3.502211 -1.176153 -0.224310
3.462283 -1.186842 -0.195563
3.410284 -0.539765 -0.236731
3.397638 -0.584802 -0.302838
3.430796 -0.613054 -0.958107
3.476908 -1.902059 -0.941944
3.490312 -1.280509 -0.314283
2.834558 -1.327267 -0.953788
2.838836 -0.732471 -1.014012
3.526162 -2.028414 -1.040194
3.556771 -1.366205 -1.008568
3.521625 -0.115598 -0.988354
3.465977 -0.145740 -1.041893
3.448616 -0.145443 -1.141356
2.860510 -0.098981 -1.208501
2.881033 -0.031553 -1.188195
2.876895 -0.071010 -1.129991
2.853349 -0.089582 -1.118858
2.850834 -0.087335 -1.153385
2.867705 -0.689116 -1.171818
2.871238 0.017006 -1.799059
2.842583 0.010307 -1.734015
2.821538 -0.034991 -1.732466
3.428008 -0.687468 -1.790102
3.439902 -1.927554 -1.834689
3.450810 -1.866810 -1.801653
4.092349 -1.848072 -1.728964
4.074873 -1.868165 -1.693206
2.871857 -1.873207 -1.687593
1.638426 -1.196188 -1.657061
1.022907 -0.488712 -1.579405
0.414301 -0.472081 -1.526842
0.417707 -0.503727 -1.558412
1.097614 0.093726 -1.632470
1.742834 -0.529898 -1.668911
2.425323 -0.500035 -1.638371
1.700522 0.126664 -1.612121
3.020228 0.091965 -1.634975
2.404000 0.033932 -1.652778
2.406519 0.003190 -1.622481
2.356062 -0.641884 -1.574816
2.274812 -0.612845 -1.581644
0.920960 -1.286127 -1.653769
0.892597 -0.705350 -1.728585
0.882490 -1.381037 -1.749438
0.892922 -1.323321 0.198876
0.930950 -0.002301 0.178885
0.338681 -0.686607 -0.490850
0.379866 -0.065344 0.159408
0.404773 0.626076 0.202037
1.671016 0.674348 0.845070
1.629806 1.385331 1.459656
0.957987 1.408970 0.867399
0.963978 1.404819 0.901443
0.320298 0.743052 1.522074
0.351110 0.741210 1.524172
2.348700 1.403852 0.914096
1.764785 1.396435 0.922409
1.760503 1.366652 0.924242
1.742129 0.684262 0.911059
1.710901 0.644330 0.900107
1.665817 -0.017212 0.886299
0.975827 -0.687115 0.860284
0.915310 -1.915451 0.819501
0.890511 -1.973799 0.780560
0.902086 -2.011266 0.768979
0.916645 -2.659194 0.770889
0.904817 -3.271765 0.766470
0.868979 -3.302311 1.402393
1.466742 -3.315506 1.392662
1.471235 -2.629558 1.418405
2.124025 -1.871945 1.443502
2.114341 -2.417777 1.440586
2.080061 -1.803891 1.404864
2.082581 -1.798122 1.390577
2.148008 -1.749555 1.423057
2.236349 -1.046605 1.478699
1.632938 -1.646811 1.505211
0.972002 -1.661679 0.333850
0.960440 -1.674504 -0.255776
0.989879 -1.650129 -0.851893
1.036884 -0.357745 -0.776499
1.694074 -0.356362 -0.728631
1.636566 -1.102203 -0.065907
1.595694 -1.154688 -0.056936
1.640124 -0.525977 -0.677666
0.433299 -0.491482 -0.609330
0.482006 -1.778988 -0.579445
0.409979 -1.230448 -0.620479
1.623095 -1.270010 -0.698139
1.621191 -1.250729 -0.726462
0.389830 -1.218755 -0.703951
0.401604 -2.481220 -1.943340
1.001515 -2.504099 -1.972521
2.243561 -3.131355 -2.038687
2.250066 -3.714746 -2.062231
2.898057 -3.688865 -2.040399
2.914448 -4.341715 -2.033098
2.299300 -3.747272 -2.071263
2.284660 -3.732881 -2.110537
2.901649 -2.347859 -1.476346
2.900310 -1.145797 -2.061165
2.334627 -2.468026 -2.032468
2.419331 -2.508398 -1.387636
2.476434 -1.305108 -1.375331
2.482377 -1.326649 -1.358928
2.474862 -1.329206 -1.377928
2.491672 -0.641283 -1.420669
1.874938 0.018403 -1.431872
1.876021 0.012424 -1.413756
1.816745 -0.032149 -1.413547
1.749799 -0.054257 -1.471256
1.745097 -0.638340 -1.510547
1.803263 -0.612379 -1.468809
2.495054 -0.645226 -1.392326
2.446156 0.533072 -1.378531
2.349317 0.470410 -1.454631
2.294911 0.483028 -1.508630
2.289379 -0.095219 -1.485913
2.258600 -0.749405 -1.436075
2.161428 -0.763912 -1.448669
2.065774 -0.760006 -1.515843
2.063572 -0.741106 -1.526952
2.121883 -1.976565 -1.461524
2.158074 -1.311652 -1.394952
1.514555 -1.314672 -1.398855
1.488268 -0.045067 -1.448461
1.448790 0.615640 -1.467228
1.468955 0.637873 -1.448026
1.447887 0.050669 -1.446758
1.373747 0.089153 -1.486431
0.024525 0.699855 -1.513794
0.058504 0.647842 -1.479283
-0.510713 0.040955 -1.419161
-0.508458 0.067736 -1.392724
0.066083 0.091972 -1.392786
0.682680 0.062953 -1.369720
1.339019 -0.641399 -1.318077
1.361255 -0.666478 -1.302829
0.702941 0.609758 -1.352739
0.640573 0.061117 -1.407183
0.599682 0.065422 -0.770771
0.628560 0.043873 -0.721270
0.673139 -0.556303 -0.687565
0.683824 -0.497469 -1.334522
0.673175 -0.460805 -0.682016
0.669361 0.177897 -0.625202
0.685600 -0.470821 -0.552797
0.704584 -0.413468 -0.535725
0.098608 -0.384414 -0.594087
-0.522262 -0.380144 -0.658260
-0.519265 -0.400132 -0.653575
0.168083 -0.400604 -0.603393
0.267701 0.809121 -0.599544
0.365737 1.444891 -0.664692
1.029376 2.058483 -0.710081
0.421010 2.053958 -0.674220
0.436753 2.082063 -0.611752
-0.145161 2.117524 -0.627571
-0.741029 2.114423 -0.728350
-1.374218 2.076865 -0.807990
-1.424109 2.038126 -0.790630
-1.467067 2.023323 -0.731352
-2.122660 2.594052 -0.731024
-1.450466 2.562456 -0.779375
-1.460247 1.907285 -0.198226
-0.858383 1.276064 -0.113285
-0.893160 1.303715 -0.041577
-0.288438 1.332958 -0.051662
-0.317258 0.725999 -0.108371
-1.001425 0.754505 -0.132126
-1.056164 -0.450723 -0.104435
-1.081081 -1.083159 -0.083161
0.220609 -1.106135 0.506533
0.247887 -1.119978 0.463068
0.259366 -1.099242 0.457278
0.252791 -1.712062 0.490708
0.247659 -1.694133 0.510404
0.255328 -1.691089 0.489777
0.916888 -2.291478 0.446162
0.889344 -2.259184 0.413560
0.854148 -2.234925 0.401739
-0.461534 -2.902684 0.395631
-0.440013 -2.977104 0.393439
-0.403987 -3.058529 0.395069
-0.452618 -2.475592 0.405085
-0.463123 -1.864804 0.419351
-0.475075 -1.901784 0.428436
0.155454 -1.960061 0.439807
0.785143 -1.989137 0.445881
0.742350 -2.576864 0.435023
0.064122 -2.543504 0.404628
0.021398 -2.556410 0.384098
0.062796 -3.240587 0.410041
0.709130 -2.621005 -0.135587
0.067904 -2.581129 -0.106582
0.076679 -2.550586 0.507028
0.080171 -2.556094 0.501245
0.087041 -2.566190 0.530053
0.078622 -2.544810 0.561266
-0.560365 -1.865378 0.550374
-0.578439 -1.262684 0.501935
-0.556325 -1.276083 0.479506
-0.492061 -1.284208 0.512661
-0.432778 -1.299368 0.560225
-0.413121 -1.326326 0.578581
0.230263 -1.346894 0.558528
0.881776 -0.703881 0.537781
0.171898 -0.707990 0.530210
0.099738 -0.707010 -0.097201
0.067385 -0.716002 -0.138133
0.025477 -1.367588 -0.204815
0.660973 -2.596112 -0.262390
1.270417 -2.617020 -0.283944
2.633773 -2.622569 0.341878
1.411378 -2.658450 0.377219
2.693682 -1.446751 0.391891
2.714025 -1.452105 0.392676
2.739615 -0.830256 0.405164
2.101648 -0.792051 0.432715
2.088992 -0.107265 0.444205
2.726271 -0.085181 0.422111
2.156088 -0.678785 0.383477
2.234587 0.025991 0.382716
1.016228 0.049489 0.437731
1.669530 0.004983 0.491597
2.995435 -0.656216 0.491527
3.026734 -0.678413 0.452127
3.016893 -0.628670 0.438157
2.998123 -0.613040 0.460514
1.752489 -0.615136 0.467317
1.114754 -0.580074 0.428141
1.716569 -0.511345 0.384577
2.361824 0.129261 0.397625
2.392790 0.725815 0.460400
2.422121 1.301412 0.507819
2.421820 1.287619 0.503879
2.990287 1.320645 0.488929
2.286182 1.353607 1.132329
2.249121 0.074524 0.561198
1.586799 -0.562867 0.566560
1.548034 -0.528619 0.515033
1.501417 -0.486278 -0.795976
1.480164 -0.481648 -0.762478
1.512374 -0.512728 -0.741448
2.204601 -0.541879 -0.773970
2.205829 -0.558280 -0.835065
2.795886 -1.212971 -0.857655
1.442434 -1.246175 -0.844135
1.434726 -0.627284 -0.215555
2.100479 -0.630271 -0.265896
1.429631 -2.441009 -0.298294
1.400989 -1.782687 -0.265706
1.392634 0.059442 -0.203756
1.413549 0.054672 -0.180814
0.855141 -0.557072 -0.187889
2.154909 -0.546098 -0.164604
2.112432 -0.559752 -0.090660
2.056010 -0.579151 -0.019579
2.017303 -0.561370 -0.015940
1.366427 0.112928 -0.050410
1.332062 0.814110 -0.045351
1.872610 0.852103 0.008710
1.854166 0.863325 0.065270
1.873675 0.866476 0.066213
1.907456 0.217739 0.017945
1.897758 0.227270 -0.643230
2.509323 0.219292 -0.620321
2.477413 0.213374 0.630569
1.840415 0.848932 0.614383
1.213328 0.887794 0.563558
1.213648 0.910258 0.544937
1.207787 0.917986 0.582932
1.853537 1.551676 0.627714
2.508022 0.908733 0.611860
2.571846 0.941825 0.536369
2.615211 0.887620 1.087162
2.586638 0.195505 1.056964
1.892553 0.813220 1.072708
1.835181 0.171151 1.044317
0.559921 -0.510629 0.976426
-0.055081 -1.159710 0.925000
-0.106243 -1.161879 0.918891
-0.205709 -1.804333 0.952439
0.382023 -1.783767 0.989634
0.442322 -0.477346 0.399807
0.522102 -1.775912 0.976329
0.521864 -1.200275 0.958524
0.465012 0.024605 0.349374
-0.186370 -0.024541 0.362526
-0.745386 -0.030962 0.347559
-0.064110 -0.008417 0.315310
-0.065157 0.028031 0.324976
-0.100809 0.064624 -0.186041
-0.080148 0.088679 -0.096745
0.002391 0.769921 -0.065620
-0.558040 0.763067 0.540097
-0.557908 -0.550516 0.509252
-0.578814 -0.595198 0.529014
-0.555742 0.007619 0.545873
-0.515809 -0.046189 0.514684
-0.519307 -0.045930 0.467300
-0.561984 -0.033169 0.464996
-0.584695 -0.031080 -0.109315
-0.553918 -0.046150 0.542324
-1.179828 -0.053170 0.560238
-0.557064 -0.036764 0.555656
-0.625473 -0.039707 0.553659
1.264302 0.551157 -1.313408
0.669730 -0.720543 -1.306437
0.074309 -1.387137 -1.316965
0.691149 -1.345628 -1.941902
0.006917 -0.659635 -1.910450
0.008218 -0.664176 -1.878097
-0.565630 -0.023819 -1.865751
-1.153982 0.019506 -1.858017
1.547407 0.072783 -1.196776
2.194443 0.078554 -1.168238
1.518411 0.024553 -1.201762
0.881531 -0.023098 -1.278960
1.564342 -0.017336 -1.323758
0.916268 0.004948 -1.312133
0.893511 -0.013240 -1.296702
-0.452611 -0.072650 -1.314267
-0.465361 -0.735115 -1.331454
-0.466459 -1.319803 -1.304499
-0.487742 -1.255954 -0.014272
0.148873 0.663202 -0.032344
0.171542 0.633318 -0.079908
0.215928 0.613154 -0.098422
0.234595 1.253317 -0.076054
0.205421 1.249585 -0.058505
1.467022 1.206391 -0.042841
2.101567 1.161840 -0.017081
3.353138 1.185603 -1.317164
2.701249 1.271038 -1.250608
2.664685 1.341556 -1.194372
1.459967 1.355735 -1.174325
1.476342 1.348864 -1.195923
1.461103 1.367534 -1.232769
2.099599 1.391901 -1.276211
1.426427 1.369088 -1.912680
1.448999 1.306172 -1.904497
2.097482 1.266628 -1.929511
2.078954 1.301479 -1.978769
2.071617 1.370066 -2.015458
2.107950 1.404837 -2.018407
2.156639 1.400736 -2.026125
2.158445 1.404575 -2.089134
2.127305 1.443663 -2.175282
0.892768 0.805694 -2.248841
0.924858 0.765060 -2.270016
0.959896 0.041038 -2.241383
0.296587 0.019763 -1.584702
0.245122 0.065070 -0.927021
0.231501 0.118718 -0.917984
0.256344 0.136048 -0.864926
-0.372227 0.154075 -0.788878
-0.419888 0.198982 -1.392878
-0.487171 0.243684 -1.389572
0.694020 0.236933 -1.410674
1.341138 0.815228 -2.039010
1.997934 0.774125 -1.992516
1.954159 0.793245 -1.955755
1.892809 0.836548 -1.973452
1.262257 0.837208 -2.009050
1.952725 0.209237 -2.019175
1.970921 0.254056 -2.018544
1.942927 0.324185 -2.037792
1.900329 0.352692 -2.105997
1.908290 0.948525 -2.181290
1.976212 0.875216 -2.229973
1.970689 0.866568 -2.239548
3.312200 1.536038 -0.944076
2.632480 1.542517 -0.959241
2.629411 0.171931 -0.974488
2.657546 0.099236 -1.584818
1.382376 0.074048 -1.532406
1.392924 0.100359 -1.497449
1.398751 0.724257 -1.503248
1.406804 1.943541 -1.518265
1.425496 1.864093 -1.503062
1.439673 2.467433 -1.469035
1.447062 2.496167 -1.439696
1.459666 1.852036 -1.425423
1.489557 1.786864 -1.412058
1.531882 1.713707 -1.374082
0.920470 1.700759 -1.324104
0.943421 1.728265 -1.300744
0.951745 1.087578 -2.622765
0.942425 0.410933 -2.006780
0.920035 0.371307 -0.676334
0.904382 0.365076 0.581697
0.281691 0.384279 0.547380
0.274589 0.414284 0.524834
0.901527 0.452095 0.535955
-1.099117 0.495923 0.554331
-1.138056 0.535350 0.562554
-1.146608 0.564885 0.552195
-0.492202 0.575677 0.530278
0.130584 0.572728 0.499678
0.106773 0.556333 0.450347
-0.594656 0.539700 0.407036
-0.614836 0.548689 0.379449
-0.619603 1.236882 0.371415
-0.608984 1.267077 0.366543
-1.275840 1.271796 0.365699
-0.711896 0.038525 0.385702
-0.710891 0.043354 0.409741
-0.644678 0.023891 -0.242889
-0.606879 -0.015671 0.357261
-0.664282 -0.059069 0.266040
-0.766511 -0.094733 0.214603
-0.812444 -0.101089 0.202438
-0.147556 -0.084143 0.165151
-0.771745 -0.068730 0.098645
-0.821250 -0.082988 0.068354
-0.231877 -0.781332 -0.570398
0.365240 -0.776504 -0.492516
0.456779 -0.758613 -0.482288
-0.049829 -0.759166 -0.537034
-0.077323 -0.176581 -0.570711
-0.109406 -0.223561 0.060669
-0.077961 -0.209505 0.690792
-0.013264 -0.161035 0.103242
0.005869 -0.784780 0.072858
-0.030520 -0.790794 0.101430
-0.041121 -0.801478 0.194117
-1.267799 -2.109675 0.922419
0.113159 -0.797687 0.903975
0.115583 -0.181224 1.473540
0.042601 -0.224419 2.125845
-0.624949 -1.513496 2.168663
-0.569280 -1.506488 2.847954
-0.511023 -2.085263 2.799796
0.044261 -2.000188 2.133857
-0.049951 -1.975528 2.169505
-0.717877 -1.367384 2.239247
-0.655087 -1.398137 2.254448
-0.618409 -1.370007 2.780431
-0.028898 -0.001696 2.700084
-0.746464 -1.313032 3.300414
-0.758576 -0.725357 2.024219
-0.706672 -0.708780 1.368205
-0.638526 -1.265509 1.324755
-0.620124 -1.845972 1.302114
-1.248707 -1.834517 1.326995
-1.229631 -1.229976 1.349330
-1.191465 -1.253970 1.341246
-0.513289 -1.889971 1.334856
-0.507087 -2.507975 1.358586
-1.820056 -2.525090 1.388691
-1.827164 -3.177596 2.009844
0.090993 -2.502363 1.976508
0.112360 -2.417962 1.377143
0.119718 -2.372881 1.436664
0.102953 -3.056292 1.484504
0.099158 -3.080858 1.464173
0.120328 -3.086728 1.421696
0.137984 -3.090415 1.422532
0.130527 -3.125642 1.451158
0.085901 -3.156513 1.442408
0.051889 -3.154821 1.363744
0.077209 -3.110513 0.669196
0.123973 -3.059987 0.693729
0.138450 -3.031790 0.765071
-0.525166 -3.006324 0.786408
-1.218679 -3.667844 0.735604
-1.220991 -3.089402 2.067095
-1.189869 -2.474027 2.048008
-0.526608 -0.552988 2.068882
-0.573223 -0.557279 1.435479
-0.639129 -0.594642 1.418598
-1.299033 -0.630427 2.024498
-0.598982 -0.613607 1.392497
-1.220514 -0.548606 1.425211
-1.254767 -0.507055 1.448459
-1.330458 -0.530976 1.448300
-0.732310 -1.184237 1.444660
-0.725653 0.054952 1.448062
-0.066898 0.126591 1.462945
-0.752888 0.180666 0.231019
-0.168506 0.156366 0.217698
0.453321 0.118332 0.210743
0.492813 0.146951 1.531364
0.540252 0.235266 0.958066
-0.085039 0.295320 1.002367
-0.113202 -0.440923 1.004257
0.504768 -0.539699 0.983995
-0.045975 -0.597316 -0.223163
0.003793 -0.599167 -0.187255
-0.027194 -0.626951 -0.196888
-0.030467 -0.721517 -0.266749
-0.038731 -0.808658 -0.914922
-0.669669 -2.150516 -0.897629
-0.602081 -2.086470 -1.565354
-1.205882 -2.046679 -0.992315
-1.250614 -2.737746 -1.079681
-1.324920 -2.771088 -1.127753
-1.366833 -2.780619 -1.751917
-0.736708 -2.093164 -1.720965
-0.057171 -2.111549 -1.728285
-0.083698 -2.161287 -1.782244
-0.752474 -2.198668 -1.808503
-0.704651 -2.180150 -1.766221
-0.678122 -2.108690 -1.030649
-0.049899 -2.045604 -0.993159
-0.076059 -2.008169 -0.994529
-0.070687 -1.997261 -0.970405
-0.047355 -1.984584 -0.889611
-0.719466 -1.972852 -1.505606
-0.103809 -1.978038 -1.515459
-0.104228 -1.998500 -1.560876
-0.054061 -2.022980 -1.559105
-0.609122 -2.640223 -1.521984
-0.593455 -1.940336 -0.894468
0.004165 -1.895542 -0.335640
-0.009072 -1.872520 -1.000601
0.006623 -1.861076 -1.575527
0.035212 -0.574917 -1.557335
0.045650 -0.545625 0.889035
0.044640 -1.180451 0.860126
0.703457 -1.822445 0.815541
0.726762 -3.175489 0.784157
0.773009 -3.130882 0.760958
0.809212 -3.066213 1.371623
0.820344 -3.037004 1.962504
0.784622 -3.054674 1.953704
0.063685 -3.073091 1.987989
0.696559 -3.064800 2.031895
0.120490 -3.047465 1.452280
-0.518041 -2.449834 0.792542
-1.824401 -2.529662 0.811995
-1.917150 -2.580627 0.818868
-1.930117 -2.562064 0.811642
-0.675848 -2.515717 0.165183
-1.264397 -2.513208 0.163352
-0.692858 -2.559121 -0.418588
-0.765140 -1.946489 -0.387879
-0.094686 -1.951725 -0.368536
-0.045789 -1.918551 -0.365428
-0.026432 -1.913291 -0.372200
-0.101175 -2.599755 -0.390734
-0.818527 -3.225790 -0.438555
-0.817445 -3.182394 -0.497033
-0.176022 -3.119036 0.761811
-0.205980 -3.081470 0.757532
-0.893530 -3.053099 0.766748
-0.910850 -3.641711 0.748017
-0.868739 -3.588833 1.966064
-0.135724 -2.911557 3.269309
1.233633 -2.901062 3.316466
1.220234 -2.909176 3.906197
-0.051046 -2.944195 3.835526
-0.047663 -2.994245 3.758931
0.614547 -3.045355 3.748434
1.953099 -3.084004 3.819864
1.321956 -2.413575 3.369071
1.292608 -2.447472 3.392046
1.961597 -1.913795 3.405000
2.030361 -1.991664 2.836139
2.051950 -1.418777 2.944774
0.051342 -0.761264 2.980965
-0.656309 -0.773549 2.939026
0.580487 -1.425426 2.887896
-0.049382 -2.031884 2.904334
-0.685014 -2.659566 1.632117
-1.401404 -1.978361 1.674976
-2.061492 -1.301582 0.971917
-2.023966 -1.915771 0.903888
-1.972163 -1.237061 0.281089
-1.982038 -1.767904 0.353358
-2.694177 -1.093520 0.370678
-1.482396 -1.100289 0.283651
-1.477273 -1.149118 0.175900
-1.464131 -1.166870 1.411152
-0.836140 -1.157109 0.808909
-0.230799 -1.809467 0.812251
-0.218730 -1.871617 0.792869
-0.126150 -1.956375 0.149511
1.281175 -1.988456 0.189794
1.277518 -1.953634 0.241292
1.220302 -1.903949 0.250629
1.213124 -1.934992 -0.454804
1.271040 -2.010440 0.746315
1.300291 -2.706545 0.743513
1.253674 -2.667600 0.755495
1.198986 -1.998705 1.339915
1.232913 -1.368503 1.314168
1.313581 -1.435534 1.972860
1.969570 -1.436003 2.043991
1.912555 -0.057179 2.084657
1.208941 0.654063 2.067581
1.204471 0.672146 2.054514
1.210257 0.010703 2.092100
1.173682 0.038419 2.149797
1.107970 0.109298 2.171388
1.065374 0.132937 1.514305
1.094492 0.068874 1.545756
1.132443 -0.030895 1.624927
1.131267 -0.081639 1.673761
1.122354 -0.044492 1.646517
1.138674 -0.016298 1.606313
1.190054 -0.698694 0.965657
1.218940 -1.987977 1.001066
1.200999 -3.225138 1.002109
-0.089430 -3.184557 0.945354
-0.103086 -2.564291 2.134015
-0.089223 -2.678229 2.112744
-0.070068 -2.841564 2.135206
-0.700373 -2.886050 2.145839
-0.700875 -2.834833 2.097759
-1.281737 -2.788250 2.032029
-0.641397 -2.778986 2.008782
-1.152519 -3.407266 2.671176
-1.122931 -4.000323 2.742614
-1.148374 -3.269843 2.780449
-1.164968 -3.266120 2.150145
-1.114215 -3.339791 2.167281
-0.404327 -3.408604 1.588397
-0.359297 -3.394141 1.628337
-0.413779 -2.068729 2.243983
0.117752 -3.227006 2.179709
0.156774 -2.601188 2.149103
0.856344 -2.675841 1.543741
0.249134 -2.692988 2.197364
0.201314 -2.650236 2.186040
-0.452952 -2.667819 2.131066
-0.414736 -2.758106 2.094412
-0.394959 -2.191903 2.097475
-0.424769 -2.194412 2.090833
-0.494419 -2.157840 2.650249
-1.100972 -2.152549 3.209597
-0.427433 -1.509754 3.203463
-0.406064 -1.460991 3.235075
-0.411523 -1.357031 3.276627
-1.087801 -0.637925 3.310311
-0.441324 -0.028245 3.931410
-1.066279 0.557812 3.351398
-1.103589 1.173117 3.435985
0.110239 0.551524 4.803048
-0.601467 0.627423 4.829850
0.088929 0.022836 3.571100
-1.153284 0.675948 3.561194
-0.566352 0.020664 2.999293
-0.599741 1.345971 3.062545
-0.634791 1.361384 3.091906
-1.291247 1.340885 3.079160
-0.679103 0.619796 3.082059
-1.877080 0.538580 3.122746
-1.923516 0.522773 3.794529
-1.345114 0.568353 3.792383
-1.400592 0.620890 3.738205
-1.430264 0.594584 3.708827
-1.420000 1.197575 2.542372
-1.375236 1.833417 2.617910
-1.314723 1.828852 2.639080
-0.655293 1.819658 3.225918
-0.641869 1.126367 3.227581
-0.625262 -0.199742 4.529786
-0.610607 -1.509044 4.535701
-0.603182 -0.842595 4.480674
-0.621708 -0.797169 3.061352
0.025091 -0.775968 2.397144
0.054217 -0.779120 2.383789
0.106059 -0.803907 1.679761
0.158216 -0.170445 1.624174
-0.436453 -0.191753 0.954283
-1.093457 -0.861685 -0.280869
-1.107035 -0.278105 -0.277651
-1.115436 -0.330737 -0.305908
-1.146213 -0.957855 0.292336
-1.224773 -0.897987 0.263744
-1.925850 -0.860748 0.271119
-0.091184 1.085605 0.265599
1.251872 2.353949 0.869270
1.262692 2.394867 0.834535
1.213255 2.422831 0.853172
0.533837 3.062969 0.911079
0.559874 2.356150 -0.335299
0.640846 2.350129 -0.360012
0.687635 3.089068 -0.395527
0.660190 3.160819 -0.405587
1.272559 3.143252 -0.403239
1.308035 3.057180 -0.437176
1.382780 3.049479 0.154667
1.407364 2.431713 0.109546
1.377637 3.079473 0.124501
1.342933 3.694170 0.179012
0.714651 3.671799 0.203417
1.443041 3.692223 0.807079
1.534819 2.530932 0.778341
1.518782 2.610011 0.778019
2.129563 1.986806 0.785000
2.089344 1.294652 0.785897
2.055487 -0.037802 1.980231
2.626867 -0.065825 3.205323
3.179365 0.568886 3.201916
2.488124 1.229794 3.258073
1.796181 1.855817 3.336953
2.449962 -0.857765 3.373877
2.432908 -2.787539 3.358563
2.403741 -2.672223 3.346525
3.019881 -2.565426 3.391711
2.325105 -3.865863 4.082127
2.299663 -2.639312 2.176503
2.291101 -0.702970 2.789778
2.989895 -0.008822 1.483310
3.582192 0.726823 1.542321
3.576738 -0.588725 1.624393
2.916522 0.622965 1.663285
2.939352 0.580710 1.636734
3.681039 1.935977 1.580370
2.538188 1.405704 1.569740
1.831613 1.463119 1.613332
1.755695 1.440554 0.422219
1.121163 2.711378 0.394132
2.496845 2.769205 0.316425
1.882134 1.594633 0.275601
1.850904 1.599013 0.314440
1.778868 0.852700 0.352976
3.095580 0.768868 0.335427
3.148351 1.396708 0.932768
2.526819 1.463498 0.937483
2.460550 2.126119 0.380413
2.377784 1.467735 0.488283
3.005250 1.461801 0.532662
3.040870 1.506367 0.512758
3.054356 0.951153 1.186147
1.721787 0.286222 1.247927
1.028678 0.209905 1.293670
1.717500 0.142823 1.255908
1.792229 0.145411 1.175496
1.166394 1.529075 1.158094
1.124389 1.544642 1.202706
1.749720 1.491917 0.573470
1.802001 1.458802 1.195782
1.856536 2.082228 1.167224
1.835631 1.479230 1.149305
1.783365 1.462373 1.120366
1.775369 2.006947 1.073348
1.798667 1.944069 1.035232
2.439594 3.094429 1.024335
2.355771 3.781897 1.026846
2.319656 3.759839 1.663219
2.927008 3.717079 1.669071
2.934028 3.703975 1.709764
3.515660 3.737508 1.751614
3.476904 3.758090 1.742060
4.105757 2.451650 -0.162183
4.152090 2.386191 -0.221805
4.844256 2.359199 -0.221871
4.214767 2.365620 0.492060
3.624740 2.376801 -0.128148
3.652864 2.373485 0.490868
3.685191 2.383543 0.504326
3.700122 2.400389 0.561536
3.042480 1.783714 0.617980
3.019345 1.782521 0.607841
3.036877 1.765582 -0.130802
3.079963 0.519549 0.479866
3.754712 1.179845 1.135604
2.471685 1.209334 2.433340
2.470682 1.244281 1.738969
2.480851 1.277032 3.032379
2.489802 2.567714 1.745464
3.126823 2.582845 1.826255
2.466730 2.562232 1.876470
2.424553 2.521540 1.835118
2.397126 2.481176 1.810744
3.063850 2.465300 1.831361
3.755052 2.469351 1.884992
3.125366 2.472157 1.899504
3.766986 1.862859 1.864937
3.083579 1.847010 1.823755
4.362755 1.843985 1.823784
3.128329 1.261214 1.842481
3.105479 1.272585 1.823107
3.052768 1.285322 1.774420
2.413946 1.281624 1.734361
2.441225 1.281889 2.396415
1.864658 1.297326 3.049901
1.873458 1.348415 3.016290
1.844327 1.396239 2.948624
1.812609 1.397139 2.902336
1.208997 2.016855 2.908327
1.232201 2.016246 2.929349
2.543847 2.054967 2.283168
3.170302 2.066081 2.248332
3.197663 2.020208 2.223273
2.602096 1.960690 2.239829
1.932629 0.711318 2.269365
1.917975 0.761359 2.916913
1.929095 0.757936 2.864285
1.958616 0.699124 2.836816
1.964557 0.675862 2.869994
2.554116 0.733998 2.924917
2.548370 0.173567 2.934433
2.565443 0.165872 2.900147
2.550296 0.111257 2.214321
2.507135 0.099660 2.232380
2.492131 0.774371 2.263020
2.536027 0.814707 2.238473
2.590293 0.807424 2.837711
1.908133 1.437752 2.793348
0.559731 1.419353 2.816005
1.785954 1.420313 4.172067
1.823624 1.422046 4.199386
0.599055 1.409226 2.868983
1.218831 1.380324 3.494292
1.793370 0.695544 3.492630
2.414090 0.684181 3.516365
2.472129 1.321809 3.504965
2.534926 0.139931 3.477316
1.922062 0.776754 3.451192
1.922873 0.777684 3.442043
1.956952 0.761342 3.452543
2.007094 0.725337 2.848604
2.029220 0.716793 2.874177
2.021390 0.094856 2.274775
0.036690 0.762804 1.637635
-0.565770 0.092168 0.359510
0.701646 0.706217 0.369367
0.046849 0.711379 0.394966
0.038703 0.113008 0.409941
0.075676 0.745903 1.017560
0.123783 0.712660 -0.342583
-0.505270 1.296743 0.271503
0.100393 -0.011055 0.920846
-0.539823 0.032941 0.983950
0.134903 0.064320 1.677182
1.431036 0.033559 2.263135
2.003003 -0.014961 2.197200
2.551563 0.664716 2.182492
2.641540 0.735668 2.196978
2.681140 0.760213 2.187642
2.038283 0.712802 2.135976
2.090848 0.648354 1.406328
2.059493 0.641290 1.450526
1.372601 1.298516 1.504360
0.706574 2.574985 1.510501
0.704767 2.512644 0.803775
0.673586 3.082998 0.168570
1.238813 3.085536 0.177195
1.227603 1.912622 0.174976
0.603064 1.248738 0.800661
1.264902 1.234749 0.807206
0.004203 1.242749 0.832402
-0.023024 -0.051739 0.178373
-0.021889 -0.066219 0.176672
-0.011753 -0.081006 0.170532
0.002018 -0.053333 0.164722
0.653778 -0.007203 0.791254
1.304220 -0.556065 0.137339
1.953170 -0.554671 0.138789
1.339791 -0.528670 0.189401
1.357943 -0.452476 0.176316
1.357420 -0.394122 0.150787
1.335546 -0.414967 -0.487818
1.295036 -1.126680 -0.437436
1.252765 -1.156831 -0.402558
1.208372 -0.557893 -1.058381
1.148712 -1.194012 -1.819656
1.092664 -1.221051 -1.216971
1.080829 -1.264549 -1.172289
1.793369 -0.640929 -1.787959
1.826553 -0.642424 -1.846127
1.856650 -0.647965 -1.938083
1.235371 -1.323325 0.129123
-0.120631 -0.784283 0.789916
-0.104514 -0.202489 1.523331
0.560467 0.446419 2.773837
1.214081 0.473098 3.404003
1.198270 -0.165886 3.378494
1.205615 0.458170 3.371187
1.274872 0.449041 3.375100
-0.549843 0.469658 3.361028
-0.475440 1.769581 3.361475
-0.483137 1.792644 2.740874
-1.183108 1.771869 2.101298
-1.150360 1.102870 2.113044
-1.090363 1.128076 2.081917
-1.711728 0.549204 2.025311
-1.745467 0.579583 1.975039
-1.758322 0.565398 1.959024
-1.722628 0.572599 2.609179
-1.674420 0.644587 2.553676
-1.673525 0.107982 2.470281
-0.446317 0.124591 2.443150
-0.505663 0.086790 1.878169
-1.190707 0.089192 1.979617
-1.226010 0.145404 1.990397
-1.244460 0.182001 1.914836
-1.237433 0.160238 0.564165
0.030758 0.794144 0.657040
0.046629 0.831204 0.733772
-0.584659 0.888474 0.679331
-0.603340 0.876089 0.562077
-1.242032 0.786593 0.544718
-1.310688 0.707806 0.671838
-1.419434 0.713784 0.801645
-0.881616 0.749520 0.773981
-1.564007 0.732432 1.263268
-1.553906 1.887360 1.213171
-1.551132 1.817033 1.932417
-1.573918 1.828180 1.978679
-0.419338 1.860569 1.914140
-0.420293 1.181353 1.810250
-0.388860 0.452213 3.745403
