2.048021 2.220643 1.847110
3.201330 2.202303 2.542439
2.594788 2.172480 2.564480
1.956247 2.133968 2.591960
1.928621 2.100046 2.629709
1.287579 3.328098 1.423671
1.948809 2.681368 1.429067
1.972546 2.693544 1.416288
1.964261 2.681875 0.824317
1.952262 3.264571 0.855293
1.998409 3.258773 0.870699
2.068636 3.291504 0.839783
2.117438 3.322605 0.781521
1.501275 3.318628 0.767012
1.516309 3.299485 0.795286
1.570443 3.310806 0.800450
1.611282 3.362461 1.411284
1.565233 2.788917 0.688872
2.097547 2.128504 0.684846
2.694594 1.462856 0.704604
2.076575 1.461364 1.339362
2.104917 0.908872 1.324664
2.724375 0.913690 1.317595
2.702017 1.493995 1.339256
2.079661 2.141375 1.372231
2.752312 0.921748 1.398201
2.753562 0.293942 0.780235
2.707375 0.330050 0.783984
2.663637 0.959006 0.193597
2.650775 0.951992 0.847304
2.661190 -0.369835 0.848806
3.910420 0.851781 0.242666
3.940967 0.861360 -0.338280
3.974601 0.884296 -0.305371
3.978521 0.285501 0.327567
3.960368 0.279657 -0.269773
3.927758 0.926258 -0.230108
2.705978 1.668731 -0.204659
2.665265 2.387680 -0.857273
2.613583 2.401975 -0.921686
1.965068 1.102605 -0.954603
2.601918 1.093748 -0.951488
2.641226 1.114131 -0.938631
2.657749 1.117433 -0.946009
2.038994 1.090646 -1.023659
2.714974 1.067230 -1.080385
2.757814 1.086862 -1.112320
2.781913 1.155016 -1.094912
2.767849 1.197647 -1.063976
2.126168 1.174131 -1.068089
2.125100 0.477520 -0.464773
2.132554 0.480292 -0.453051
2.123848 1.154657 -0.994790
2.734385 1.134716 -0.902466
2.758321 1.087189 -0.880651
2.818410 0.444498 -0.918897
2.874780 1.153216 -0.946118
2.889315 1.250520 -0.923471
2.868055 0.643017 0.370193
2.849151 0.621051 0.970525
2.845830 -0.023183 0.937501
2.850191 0.685778 0.909690
2.856375 1.381162 0.286926
2.877484 1.354257 0.312307
2.910730 1.294369 0.901790
2.948683 1.288542 0.845570
2.339754 1.341878 -0.496079
2.356103 1.381939 -0.519318
2.354024 1.359070 -1.144139
2.917659 1.301295 -0.491381
2.862931 1.275854 -1.794960
2.833360 1.272937 -1.799745
2.831125 1.237385 -1.758358
2.818001 1.151722 -1.669930
2.773182 1.072164 -1.658058
1.378822 1.076164 -0.441582
1.364371 1.140100 0.182800
1.383759 0.520253 0.220595
1.361676 0.474185 0.252609
1.283084 -0.306847 0.246623
1.210291 0.320998 0.207172
1.203129 0.371155 0.775970
0.672488 0.407224 0.086518
0.695555 0.381408 0.075276
0.673769 -0.215465 0.068440
0.665130 -0.207401 1.936813
0.090494 -0.140321 1.298214
0.162226 -0.097101 1.315929
0.809377 1.128980 1.320698
0.755128 2.362442 1.322389
0.118712 2.347058 1.911100
0.121331 1.140694 1.866941
0.151588 1.166878 1.830461
0.830212 1.152294 1.157074
1.476063 0.487414 0.540518
1.469270 1.095898 0.546013
1.464877 1.169934 1.811634
1.466313 2.670783 3.118267
2.833248 2.070318 3.184274
2.795577 1.352441 2.022995
2.779431 1.931049 2.071367
2.770957 1.938072 2.698903
3.402573 1.327995 2.720336
3.397755 0.676590 2.755280
2.726323 0.625482 2.171942
4.006354 1.216491 2.825578
4.005901 1.243575 2.851326
3.998176 0.669970 3.547303
3.984647 0.674129 2.204461
3.971129 1.232370 2.846024
3.281051 1.165387 2.843418
3.275358 1.172757 2.819099
3.918982 -0.037862 2.087322
3.960842 0.017109 2.007061
2.783737 0.633536 1.933118
2.759452 1.858230 2.574611
2.709567 1.850582 2.514926
2.675414 2.495644 1.888871
2.670297 2.506133 1.910039
1.456976 2.475221 1.939105
1.440531 3.002422 1.947862
1.427256 2.913677 1.952401
0.797629 2.894642 1.296504
0.792257 2.932301 1.350050
1.399569 1.055458 1.398470
0.094698 1.528577 1.435806
0.003244 2.103480 -0.482155
-0.095008 2.130214 -1.054288
-0.134058 2.838763 -1.016584
-0.757605 2.870085 0.287002
-0.743806 2.826749 0.908249
-1.330447 2.771998 0.901487
-1.334216 2.788906 1.527393
-1.948956 2.881663 1.470016
-1.860624 2.958907 1.383860
-1.787612 2.978918 1.354444
-1.783128 2.969104 1.356531
-1.211984 2.991048 0.741417
-1.850549 3.040245 0.760232
-1.797425 3.069562 1.399907
-1.696231 3.070278 1.400155
-1.013691 3.047986 0.737174
-1.004474 3.043397 0.718683
-1.598498 3.055885 0.693359
-1.531657 3.064543 0.033985
-1.480080 3.070256 0.025533
-1.529243 2.443897 0.048085
-1.646088 2.445518 0.730571
-2.312677 2.461869 0.787123
-1.613898 2.472990 1.460155
-1.578367 2.472028 1.454789
-1.559692 2.454265 1.447903
-1.633020 2.447973 2.118168
-1.679438 2.449771 2.133135
-1.663065 2.444207 1.501509
0.231148 2.431959 1.499263
0.234523 1.804889 1.520410
0.212601 1.847951 1.545007
-0.433617 1.888806 2.224131
-0.367352 1.883362 1.531711
-2.228432 1.840214 1.457575
-2.214485 1.810423 2.673623
-2.215612 2.437806 2.007390
-2.185983 2.436324 1.969170
-2.139601 2.376474 1.294794
-2.119627 2.929951 1.264613
-0.894681 2.228203 0.641036
-0.293293 1.602403 1.326131
-0.259168 1.613661 0.738556
-1.498874 2.827287 0.779224
-1.483550 3.448458 0.162416
-0.882912 3.375011 -1.112689
-0.879206 3.392420 -1.030541
-0.844957 3.449385 -1.002132
-0.826568 3.457764 -0.413979
-0.861868 3.424967 -0.471983
-0.285997 4.026417 -0.484104
-0.307959 4.085209 -0.417977
-0.289761 3.504638 -0.416051
-0.275082 4.193958 -1.081086
-0.296876 4.167951 -1.119341
-0.334292 4.143295 -1.118164
0.288670 3.523065 -1.085691
0.305424 3.560343 -0.466208
0.316395 2.958832 -1.171412
0.290581 3.590823 -1.242497
0.240645 4.223813 -1.274590
0.205815 2.944325 -0.642964
0.215926 2.971938 -0.038347
-0.377265 3.611193 -0.116548
-0.985008 3.562698 -0.780470
-0.362998 3.491292 -0.111894
-0.364308 3.435553 -0.091671
-0.322489 3.415213 -0.110784
-0.920363 2.838478 -0.140169
-0.287884 2.852904 -0.746652
-0.351534 2.850264 -0.701537
-0.398262 3.515886 -0.055616
-0.371852 3.597362 -1.983533
-0.936116 3.022369 -1.990330
-0.922772 3.044206 -1.938847
-0.946145 3.018309 -1.893902
-0.959297 2.990561 -1.903638
-0.921759 2.995780 -1.931842
-0.881724 3.015205 -1.910319
-0.894598 3.657406 -0.531635
-0.962634 3.636358 -0.501061
-1.695714 2.998928 -0.568049
-1.013564 3.010939 -0.651423
-0.960829 3.669026 0.017348
-0.902372 3.671353 0.078660
-0.885509 4.275027 0.084351
-0.884652 3.558837 0.015795
-1.496959 3.503323 -0.047537
-2.084982 4.117109 0.000484
-1.460977 5.406637 0.729436
-1.545187 3.558049 0.781853
-2.266127 3.567158 0.776595
-2.273681 3.598705 -0.569670
-2.802866 3.635607 0.103517
-2.759446 4.304847 0.133674
-2.145517 3.680368 -0.487009
-2.183783 3.622230 -0.438424
-2.178616 3.586827 -0.363899
-2.150585 3.586139 0.895531
-1.521232 3.622216 0.848521
-1.598595 2.913081 0.228141
-1.640976 2.907623 0.254095
0.424635 3.565566 0.296374
1.050022 4.234000 0.258169
1.062615 2.993776 0.138815
1.067953 2.966287 -0.581061
1.094701 3.543636 -0.618098
1.148502 2.913713 -0.615280
1.162288 2.920470 -0.642722
1.119215 2.311459 0.582722
1.067207 2.300970 0.438664
1.056712 2.275462 0.372257
1.072920 2.925938 0.348439
0.390920 3.002578 0.343854
0.368517 2.420222 0.930211
0.324328 3.009567 0.855032
0.988517 2.919716 0.816898
0.992956 2.895581 0.821279
0.978423 2.330044 1.478290
0.900212 2.357773 0.211016
0.798416 2.316537 0.220346
1.359018 2.277407 0.248381
1.398079 2.329087 0.270235
1.474788 3.636698 0.878439
0.826198 4.342759 0.816954
0.808598 3.687747 1.460880
0.254805 3.648917 2.110177
0.386338 2.291767 2.120826
-0.763274 2.285869 2.102127
-0.797099 2.248905 2.086484
-0.868501 2.187365 0.860750
0.403957 2.173210 1.536924
0.506452 2.226435 0.954291
1.845297 2.288064 -0.325878
2.510721 2.272330 -0.387242
1.933865 2.182385 -0.413425
1.977770 2.123838 -0.368468
2.051329 2.136785 -0.354080
2.070448 2.161520 -0.335629
1.327308 2.742866 -0.985277
1.789310 2.676454 -0.996359
1.742273 2.655710 -1.583767
0.516497 2.704428 -0.843251
1.141371 2.762176 -0.785293
1.081659 2.762886 -1.496736
1.047171 1.376221 -0.910538
1.072781 1.387875 -0.888141
1.094208 1.354409 -0.795672
1.738482 1.393387 -0.101057
1.013550 1.375476 0.551471
0.973775 1.355700 0.547625
0.965983 1.387538 1.280549
0.969583 0.861351 1.408109
0.961851 2.236410 1.469544
0.969082 2.210632 1.412125
1.025509 2.192875 1.309698
-0.135110 2.221986 1.279576
-1.394326 2.276056 1.318344
-1.447049 1.057752 1.340495
-1.467690 0.994933 -0.056922
-1.441166 0.952951 -0.084056
-0.824393 0.989629 -0.102562
1.017549 1.077852 -0.120863
0.360424 1.122970 -0.771774
0.391737 0.498516 -0.771268
-0.196402 0.440793 -0.774986
1.068274 -0.818781 -0.780912
1.778376 -0.822701 -0.781811
1.151378 -0.842506 -1.346054
1.835114 -0.293066 -0.018216
2.427750 -0.290868 -0.021804
2.376163 -1.502181 1.098424
2.318421 -1.450757 2.308927
1.641945 -1.413299 1.675391
1.025477 -1.397927 1.712147
2.284604 -1.402720 1.721145
1.650120 -1.428147 1.082185
1.640021 -1.451378 1.021674
-0.198952 -1.461554 0.371369
0.435082 -1.448234 1.010424
0.427399 -1.422603 0.371287
0.389018 -2.055859 -0.854494
0.930509 -2.055965 -1.507401
1.455989 -2.057355 -1.499481
1.434580 -1.377187 -1.445237
1.439412 -1.961768 -1.407136
2.112912 -1.992111 -1.434592
2.767720 -2.027476 -0.885200
2.779990 -2.048852 -0.931593
2.835870 -0.780952 -1.527459
2.887761 -0.793184 -2.125254
2.266070 -0.825743 -2.134695
2.186642 -0.855544 -2.183425
1.444520 -0.859260 -1.551434
1.422404 -0.835697 -2.760536
0.874102 -0.818114 -2.103617
0.895632 -2.051402 -2.136986
0.869315 -2.079695 -1.565753
0.853890 -1.512731 -1.628018
0.256838 -0.910973 -1.626289
-0.273755 -0.940471 -2.262769
-0.260850 -0.990307 -2.914602
-1.571254 -1.689766 -4.185290
-1.002898 -1.721494 -4.176622
-0.377746 -1.038452 -4.122960
-0.966122 -1.005229 -4.081527
-0.361473 -0.980819 -3.461116
-0.407029 -1.651227 -4.167859
-2.298735 -1.669541 -4.180427
-2.265982 -1.024143 -3.496137
-2.240886 -1.046583 -3.456973
-2.934932 -1.083373 -4.038470
-1.162201 -1.145097 -4.043841
-1.710639 -1.760437 -4.004317
-1.013846 -1.774657 -3.923220
-0.979270 -1.781572 -3.233127
-0.994477 -2.404380 -3.248881
-0.378347 -2.490809 -3.307476
-0.989024 -2.540662 -2.128934
-0.953329 -2.594072 -2.735178
-2.262170 -1.977156 -2.686426
-1.665166 -1.998850 -2.049292
-1.690575 -2.688036 -1.477566
-1.624923 -2.710548 -2.088943
-1.573752 -2.698468 -1.394657
-1.556831 -3.300363 -0.725476
-0.945166 -3.820403 -0.711574
-0.960456 -3.138470 -0.730396
-0.928546 -3.114179 -0.737369
-0.874280 -3.733780 -0.703467
-1.514962 -3.663980 -0.650581
-1.521264 -2.942239 0.706166
-1.519177 -2.934138 0.070907
-2.137285 -2.338132 0.656080
-1.478402 -0.400009 0.021541
-1.443502 -0.325827 1.319907
-0.145774 -0.251138 0.682964
-0.174597 -0.258517 1.204646
-0.790453 -0.322470 1.121850
-2.033979 -1.550511 1.698562
-1.271757 -1.540733 0.431170
-1.224059 -1.549191 0.423985
-1.194640 -1.616953 0.375901
-1.169947 -2.261841 1.510292
-1.778940 -2.256436 1.506983
-1.120883 -2.806416 1.560693
-0.465009 -2.754168 2.233934
-0.326035 -2.798610 3.434710
-1.621989 -2.891301 3.431696
-2.280362 -1.730937 3.408734
-1.746860 -1.086867 3.468373
-1.099680 -1.070841 2.232220
-1.682119 -1.095982 2.199066
-1.718747 -1.141310 2.106559
-1.809882 -1.786397 2.071480
-1.858732 -1.747082 2.143383
-0.561940 -1.711763 0.842556
-0.545746 -1.068911 0.847745
-0.545868 -1.104791 1.385867
-0.573676 -1.112803 1.351898
-0.584759 0.210975 1.383138
0.087879 0.206768 1.431267
0.167532 -0.477569 1.437407
0.185696 -0.505046 1.402001
0.157866 -1.113472 1.365938
0.150506 -0.445302 1.362678
-0.497858 -0.409131 1.376717
-0.475162 -0.984854 1.391375
-0.492907 -2.818267 1.404883
-0.525226 -2.807449 1.417421
-1.155425 -2.113293 1.431381
-0.491494 -2.099943 1.431820
-0.446563 -2.141471 1.428136
-0.438483 -2.832007 0.800402
-0.462206 -3.471343 0.804909
-0.469334 -2.780703 1.445341
-0.449896 -2.768512 0.780779
-0.444023 -2.810544 0.778712
-0.478054 -2.859889 0.812799
-0.532757 -2.238610 0.844511
-0.547454 -0.866967 0.843458
-0.500018 -1.499859 0.820475
-0.440779 -0.895252 0.810387
-0.431778 -2.217351 0.803587
-0.468717 -2.218465 0.781471
-0.492250 -2.871425 0.760436
-0.479625 -2.848758 0.145929
-0.475564 -2.848068 -2.424492
0.087696 -2.863214 -2.352812
0.004825 -2.871786 -0.999002
-0.022634 -2.219837 -0.987472
0.631778 -2.192906 -0.968501
0.660215 -2.803962 -0.918471
0.017297 -2.824165 -0.882957
0.558567 -2.834812 -0.884571
-0.635835 -3.421613 -0.889281
-1.249795 -3.368011 -0.867155
-2.516948 -2.647081 -0.821334
-2.593501 -2.014772 -1.412934
-1.405501 -2.049770 -2.026733
-2.031905 -3.352774 -1.997385
-1.989682 -3.301526 -1.968039
-1.956056 -3.269316 -1.333680
-1.355548 -3.293136 -2.623885
-1.380392 -3.944756 -2.074680
-1.992095 -3.918169 -2.094057
-1.964360 -3.862303 -2.727498
-1.361445 -3.853966 -2.768908
-1.406625 -4.583102 -2.840713
-1.447880 -3.955856 -3.493319
-2.042823 -3.922780 -3.427102
-2.011827 -3.880722 -2.725518
-2.010194 -3.889448 -2.769829
-2.052211 -3.943531 -1.637270
-2.083139 -3.954838 -1.675056
-2.059727 -3.912900 -1.608303
-2.028372 -3.893348 -0.939047
-2.050059 -3.944647 -0.953075
-2.105454 -4.032977 -1.611786
-2.139561 -4.064856 -1.585822
-2.111739 -4.041512 -2.738671
-2.057353 -3.411181 -2.060216
-2.043927 -3.409219 -2.788425
-2.085868 -3.422499 -2.317936
-2.112924 -3.397472 -2.379898
-1.467638 -3.334686 -1.682468
-1.440026 -3.278555 -0.428411
-1.480728 -3.284619 -0.506402
-0.958632 -4.023547 -0.592735
-1.018787 -4.051436 -1.206914
-0.997221 -4.015646 -1.072977
-1.544664 -3.965694 -0.365880
-1.531825 -3.958237 -1.045159
-0.954368 -3.979764 -2.339463
-0.975666 -3.970823 -1.715121
-1.613909 -3.935131 -1.027740
-0.980625 -3.937180 0.243868
-1.022566 -3.997268 -0.424447
-1.115426 -4.058213 -0.446197
-1.162822 -4.063219 0.920434
-1.133801 -3.388732 1.718775
-1.738077 -3.390136 1.158654
-1.756220 -3.431850 1.122263
-3.018372 -3.487889 0.432260
-2.984692 -3.513326 1.730519
-2.301110 -3.498323 1.811806
-2.287934 -3.485665 1.810218
-2.314266 -4.155923 1.747982
-0.325245 -4.181569 1.654327
-0.323458 -4.161743 1.663076
-0.315918 -4.101420 1.074797
-0.324929 -4.054089 0.473666
-0.347436 -4.047777 1.112283
-0.380106 -4.063307 0.462327
-0.397628 -4.077272 0.435181
-0.402809 -3.403337 0.430410
-0.410224 -3.400698 0.398963
-0.428650 -3.461928 0.324973
-1.699052 -3.538533 0.857133
-1.087106 -4.191496 1.450497
-1.098367 -2.957754 2.115627
-1.103954 -2.938463 1.476340
-1.123346 -2.953200 1.488564
-1.735428 -2.996140 1.486247
1.487244 -3.028161 1.521807
1.482825 -3.020888 1.570042
2.110949 -3.005880 1.587398
2.123676 -3.032266 1.571393
0.228059 -3.743578 2.172971
0.238601 -3.787376 2.157213
0.928913 -3.779287 2.180593
-1.026200 -3.748296 2.202485
-0.975810 -3.747839 1.605630
-0.921061 -3.770903 2.294371
-0.921611 -3.769486 2.349958
-0.920151 -3.725057 2.384082
-1.509506 -3.031763 1.741371
0.372100 -3.046937 1.666608
0.418569 -3.747867 2.246563
0.425705 -3.755566 2.237934
2.279245 -3.720172 2.254838
2.266943 -3.021122 2.261394
2.304880 -3.023527 2.876456
1.682812 -3.033688 2.930647
2.335146 -3.007761 3.020133
1.660753 -2.957634 3.729894
1.616887 -2.935150 3.706629
1.618651 -2.952534 2.994050
1.653664 -2.947150 2.976365
2.321469 -3.527099 2.356709
2.274343 -2.803066 1.749425
2.194661 -2.755486 2.352272
2.870374 -3.397242 2.346818
3.591347 -3.400137 1.738238
3.641605 -3.341137 2.390640
3.013916 -3.251875 2.377085
3.569647 -3.225918 1.019199
2.924695 -3.271157 0.982212
2.951229 -3.284632 -0.309310
4.240491 -3.221254 0.265806
3.532379 -3.138006 0.871178
2.818988 -3.107766 0.890100
2.830798 -2.475377 1.518842
2.835094 -2.494327 1.510316
3.482069 -2.475985 1.484058
3.463092 -2.462857 1.485852
3.467577 -2.513247 1.530459
2.796836 -2.592055 0.930344
2.754498 -2.627750 0.930965
2.723180 -2.628758 0.906027
3.396639 -2.635609 0.909245
3.415047 -2.684903 0.951311
3.419143 -2.722485 0.990877
2.710333 -2.708790 0.995965
2.701542 -2.669626 0.363265
3.409840 -2.659491 0.372894
4.060624 -2.707141 0.415126
3.453363 -2.733818 0.436522
3.424358 -2.711012 -0.214733
2.738879 -2.678372 -0.238675
4.077356 -2.691940 1.015268
4.116957 -2.745403 -0.228313
4.123445 -2.764088 0.444082
4.080344 -3.368191 1.065961
2.094286 -3.303573 1.027561
0.873887 -3.304390 0.383040
0.927429 -3.353675 -0.831371
0.951315 -3.376030 -0.792862
0.902971 -3.426362 -2.068187
0.840715 -3.363386 -2.022323
0.849828 -2.000709 -0.697082
0.921074 -1.982054 0.586587
1.638446 -2.592205 -0.057376
1.658207 -2.549757 -0.070122
1.647346 -2.520705 0.563994
0.960129 -2.492911 1.151557
1.677883 -1.804057 1.132938
1.675044 -1.157524 1.786045
1.640045 -0.478209 1.842123
0.300098 -0.438618 1.204721
0.276648 -0.413137 1.243669
0.264554 -0.402044 1.966102
0.945266 -0.385242 1.340633
0.920491 -0.370244 0.696870
0.878858 -0.367094 -0.022534
-0.482026 -0.372580 1.165309
-0.523363 -0.387371 1.169706
0.757611 -0.412235 1.208044
0.705491 -0.443192 -0.107722
0.043103 -0.467448 -0.109186
-0.720547 -0.487387 -1.423368
-0.764734 -0.518626 -2.624650
-0.752675 -0.577710 -2.511049
-0.043439 -0.651841 -2.479702
-0.700992 -1.326318 -1.874328
-0.723033 -1.357414 -2.515621
-0.746215 -1.390445 -3.699301
-0.130928 -1.450347 -4.239421
-0.140478 -1.489746 -4.266587
-0.184581 -1.469423 -4.337380
-0.238755 -1.401523 -4.372110
-0.253773 -0.740876 -4.333419
-0.857776 -0.755307 -4.294506
-0.821885 -0.786443 -4.339062
-0.821148 -0.769436 -3.820979
-0.837224 -1.962177 -3.277259
-1.443101 -3.205122 -3.285353
-1.425025 -2.601154 -3.928455
-1.440360 -1.978572 -3.992925
-1.480373 -1.984814 -4.076342
-1.498161 -1.983571 -3.423152
-1.468667 -1.331925 -3.351510
-1.419035 -1.384269 -3.285682
-1.380469 -1.429378 -3.289603
-1.350699 -1.432727 -3.325921
-0.718888 -1.430670 -3.343255
-1.272633 -2.113448 -2.688636
-1.254660 -2.172134 -2.668016
-0.665951 -2.203504 -3.347264
-0.667026 -2.182609 -3.383750
-0.638367 -2.153044 -4.034975
-0.609087 -2.784065 -4.019764
-0.593712 -3.462578 -3.972450
-1.212563 -2.785248 -5.211623
-1.167298 -2.707167 -5.191277
-1.668652 -2.627470 -5.209282
-1.623493 -2.600487 -5.834438
-0.988947 -2.613240 -5.834235
-1.032903 -3.865805 -6.484514
-1.068671 -3.854292 -6.505272
-1.067491 -3.849465 -5.207737
-1.035522 -3.872641 -5.235583
-0.992098 -3.913092 -5.200566
-0.968403 -2.631749 -5.128551
-0.946478 -2.650414 -5.107380
-0.911284 -3.312297 -4.547491
-0.202381 -3.369364 -3.333567
1.101543 -3.425134 -3.365797
1.047002 -3.461424 -3.361622
1.030110 -3.468117 -3.999080
1.044422 -4.097518 -4.001085
1.074796 -3.440360 -4.670942
1.079549 -3.416680 -5.258900
1.080555 -3.399862 -5.175256
1.126132 -2.736359 -5.097476
1.190758 -2.747086 -5.060071
1.227238 -2.136230 -5.061627
0.604750 -2.167331 -5.073409
0.601042 -2.183311 -4.450054
0.004411 -2.814479 -4.439621
0.026669 -2.788025 -4.441732
0.022126 -2.749825 -3.153468
-0.006868 -2.707316 -3.170486
-0.110252 -2.674336 -3.121060
-0.075628 -2.659076 -2.408444
-0.025468 -0.692740 -1.118910
0.609459 -0.673623 -0.511650
0.551160 -0.665763 -0.631404
1.166820 -0.684094 -0.656760
0.432607 -0.706873 0.010254
0.392172 -0.700876 0.033000
1.068200 -0.057636 0.033940
1.044352 0.607590 0.046096
1.658267 1.259767 1.450586
1.621807 0.599500 1.561633
1.589804 -0.071299 1.567032
1.570894 -0.701351 1.557561
0.225376 -0.042539 1.582514
0.204346 -0.050733 2.241928
0.141737 -0.091775 1.597455
0.075742 -1.410440 0.914848
0.071994 -1.451634 0.886123
-1.144835 -1.415721 0.897778
-1.064911 -1.362851 0.961715
-1.690171 -1.353963 0.953641
-1.730972 -1.383360 0.893644
-1.742441 -1.392521 0.858117
-1.689714 -1.361678 1.513578
-1.638179 -1.312580 2.189378
-1.666769 -1.301584 2.828662
-1.759897 -0.687806 2.120018
-1.190835 -0.691277 2.727819
-1.749315 -0.663535 2.730318
-1.700441 -0.624993 2.120302
-1.720113 -0.615865 2.100932
-1.780087 0.604606 2.037798
-2.433025 0.599976 1.324348
-2.392390 0.604278 0.085157
-2.394581 0.622482 0.121793
-1.883617 0.660531 0.087070
-1.968473 0.715540 0.018799
-1.390977 0.119168 -0.013993
-1.935803 0.137678 0.630423
-2.553603 0.160375 0.655476
-2.566142 0.212354 0.626787
-2.558545 0.351746 -0.698732
-1.845220 0.378460 -0.729752
-1.796895 0.953393 -0.108756
-2.432725 0.337135 -0.090387
-1.823835 -0.322166 -0.111962
-1.826917 -0.264932 -0.151125
-1.792190 -0.238692 -0.836757
-1.756860 -0.256763 -0.878107
-1.754414 -0.275078 -1.534692
-1.773465 -0.899515 -0.870452
-0.478046 -0.884755 -0.890752
-0.438605 -0.284094 -0.952209
-0.405061 -0.957521 -1.002762
-0.383934 -1.007363 -1.001982
-0.389123 -0.995264 -0.984198
-0.350045 -0.985528 -1.652365
-0.329784 -0.996419 -1.725013
-0.347644 -1.669215 -1.111597
-0.372593 -1.709348 -1.091068
0.253487 -1.069460 -1.063700
0.257530 -1.038281 -1.091640
-1.023523 -1.035299 -0.498162
-1.022669 -1.063917 -0.499923
-1.022495 -1.098176 -0.461286
-1.025318 -1.096308 -0.435863
-1.025540 -1.718700 -0.468782
-1.014715 -2.983994 0.125310
-1.013335 -2.983765 0.136740
-1.023031 -2.967530 -0.437132
-1.025964 -2.923448 -0.410188
-1.654381 -2.887040 -1.076043
-1.617422 -2.897071 -1.093075
-1.602234 -2.939092 -2.335373
-1.507367 -2.950977 -2.273959
-1.500221 -2.913479 -1.005572
-0.850177 -2.883185 -0.326546
-1.512228 -2.304317 -0.359035
-1.489611 -2.344332 -0.339282
-1.507192 -2.336833 0.305189
-0.872842 -2.278630 -0.383681
-0.213411 -2.236083 -1.021074
-0.841870 -2.262746 -0.374472
-0.858494 -2.322535 -0.357461
-0.896898 -1.713963 -0.923846
-0.935992 -1.656096 -0.866620
-0.959896 -1.605143 -0.241578
-0.976269 -1.627740 -0.265742
-1.665214 -1.068914 -0.907116
-1.039517 -1.070024 -1.481327
-1.079023 -1.618017 -1.385221
-1.104984 -0.953542 -1.353972
-1.116293 -0.401800 -1.369055
-0.451020 -1.115348 -1.982065
-0.440330 -1.133613 -1.906308
-0.434792 -1.088851 -1.842471
-0.434078 -0.431827 -1.855304
-0.424956 -0.480116 -2.579034
-1.000941 -0.536439 -2.637127
-0.331183 0.169631 -3.235714
0.317855 0.244680 -3.209989
-0.337997 0.908232 -3.276147
-0.986199 0.248138 -3.394977
-0.309266 0.202348 -2.847936
-0.254103 0.214348 -3.452747
-0.869545 -0.420147 -4.075766
-1.500920 -0.389031 -3.519972
-1.509534 -0.401890 -3.598475
-1.483289 -1.677730 -3.005276
-1.456892 -2.338875 -2.984103
-1.439537 -1.714242 -3.641839
-1.416989 -1.694501 -3.033848
-0.759783 -2.291364 -3.049802
-0.075951 0.190193 -3.018803
-0.068029 0.134980 -2.312456
-0.068825 0.110898 -2.276921
-0.065889 -0.501340 -2.847002
-0.057764 -1.135620 -2.822576
-0.062367 0.135530 -2.805770
-0.074946 -0.428650 -2.825106
-0.056394 0.246949 -2.235900
-0.696414 -0.339931 -2.276595
-0.688484 -0.362595 -2.273148
-0.729698 0.231655 -2.888297
0.533376 0.240767 -2.221154
-0.168178 0.266469 -2.216160
-0.184492 -1.016789 -2.195706
0.379444 -1.059171 -3.417022
0.947600 -0.440374 -3.385706
0.865441 -0.372733 -3.397587
0.844484 0.307758 -3.449471
0.861354 1.557935 -3.480928
0.841047 0.882864 -3.469199
0.782435 0.827593 -1.544532
0.753050 0.793621 -1.552692
0.778094 0.757507 -0.977699
0.154531 0.700101 -0.976400
0.121026 0.029955 -0.947988
0.058284 -0.004428 -0.918445
0.034240 -0.011227 -0.961846
0.067614 0.006385 -1.023215
0.109243 0.652472 -0.375808
0.755042 0.678622 -0.916650
0.778121 1.328050 -0.866101
1.514149 1.297571 -0.881339
1.649822 1.248688 -0.912754
1.750846 1.250017 -0.865345
1.146188 1.313383 -1.423796
1.776022 -0.488487 -1.349823
1.801102 -0.463326 -1.354573
1.844476 -0.442604 -2.028016
1.248707 -0.386164 -1.379499
1.219237 -0.304812 -1.960969
1.241462 -0.277681 -1.927251
1.289476 -0.322818 -1.944005
0.713617 -0.373805 -1.322888
0.736918 -0.375739 -1.944389
0.041468 -0.342887 -2.522268
0.601947 -0.331011 -1.925734
0.000139 -0.337806 -1.337570
0.026954 -1.653162 -1.402188
0.007956 -1.571950 -2.048711
1.280760 -1.493466 -1.398379
1.191535 -1.499086 -1.450192
0.463611 -1.558232 -0.794650
-0.086868 -0.949475 -0.782120
-0.011493 -0.909546 -0.733680
0.000891 -0.861194 -0.062691
-0.030157 -0.850653 -0.036869
-0.003496 -0.867025 0.573834
0.677436 -0.862518 0.542430
0.679745 -0.822211 -0.120798
0.615378 -0.799399 -1.408123
0.550762 -0.830589 -2.042002
0.557573 -0.887822 -2.047982
1.221602 -0.922803 -2.031956
1.220950 -0.939801 -1.990281
1.147134 -1.590830 -1.353587
0.464429 -1.601961 -0.109443
0.495810 -0.960566 -0.192570
0.564853 -0.946749 1.028119
1.211330 -1.592446 0.995788
1.164658 -1.613412 0.940778
1.119050 -1.614126 0.884053
1.145449 -1.599677 0.894315
1.207984 -0.328280 0.969771
1.895182 -0.371197 1.045273
1.836806 -0.391567 1.056518
1.785208 -0.350587 1.032736
1.189805 -0.299008 0.402343
1.260571 -0.290580 -0.202830
1.296617 0.316394 -0.849245
0.612818 0.309314 -0.879798
0.545688 0.339394 -1.529196
0.565583 -0.318008 -1.486337
0.601653 -0.993951 -1.410419
1.243950 -2.436921 -1.368608
0.530180 -2.433582 -0.097543
0.431693 -2.382296 -0.121265
-0.231983 -2.368772 0.553647
-0.227633 -2.408751 0.553396
-0.256097 -2.437344 1.140475
0.288108 -3.609851 1.689438
-1.058442 -3.551957 1.666389
-0.382701 -3.532791 0.452998
0.262340 -3.561253 0.536346
0.229095 -3.592436 0.558947
-0.471102 -2.285583 0.530656
-0.505800 -2.220567 0.514610
0.168082 -2.174534 0.496190
0.182557 -2.845989 -0.743796
0.157267 -2.877048 -0.781083
0.763746 -2.213043 -0.828613
0.803293 -2.799618 -0.868651
-0.416451 -2.795593 -0.892834
-0.365831 -2.840155 -0.896212
-0.399743 -2.876436 -0.899988
-1.087465 -2.868807 -2.233682
-1.063563 -2.846417 -1.556469
-1.040673 -2.842346 -2.826753
-1.673672 -2.843200 -2.834447
-1.699115 -2.829591 -2.857659
-2.320368 -2.181109 -2.265873
-0.905805 -2.219541 -2.263468
-1.527827 -2.272274 -2.236096
-0.866932 -2.298473 -2.205242
-0.832121 -1.668868 -2.802871
-1.444819 -1.677924 -2.793875
-0.725298 -1.713361 -2.776081
-0.712799 -2.375707 -2.777770
0.491102 -2.320439 -2.137615
0.487456 -2.269633 -2.155431
0.508291 -1.650168 -2.173201
0.512197 -2.356150 -2.200300
0.458054 -2.391316 -2.835207
0.379558 -2.355430 -2.801898
0.327521 -2.302660 -3.394228
0.303481 -2.284413 -3.332636
-0.383513 -2.891366 -3.312387
-0.478921 -2.846344 -3.329081
-0.607816 -2.115815 -3.358513
-0.032096 -2.035796 -2.111247
-0.664478 -2.695491 -2.111061
0.660113 -2.742994 -2.779084
0.615778 -2.777988 -0.879540
1.210969 -2.770362 0.452710
0.537537 -2.757313 0.464332
0.610257 -2.774599 0.447991
0.671244 -2.785835 0.453675
0.669951 -2.087007 0.457928
-1.262942 -1.985415 0.412732
-0.560597 -1.909106 0.330518
-1.115219 -1.919952 0.260581
-1.043974 -1.981584 0.259798
-1.647546 -2.021526 0.932276
-1.664664 -2.027320 0.968832
-0.379275 -2.055436 1.010690
-0.321509 -2.110839 -0.255262
0.310105 -1.512954 -0.200421
0.244909 -1.486136 -0.142306
0.792583 -0.838937 -0.151903
0.189121 -1.380549 -0.892917
0.243267 -1.975032 -0.282911
0.272399 -2.006899 0.391402
0.252459 -2.043171 -0.238503
0.876962 -3.326734 -0.244956
0.876549 -3.339884 -1.490526
1.547063 -2.715657 -0.810044
1.569604 -2.723109 -0.724546
1.540250 -2.674356 -0.623887
0.860148 -2.611499 -0.637903
0.198449 -2.598674 -1.336104
0.848564 -2.641754 -0.746042
0.874685 -2.125687 -2.031225
0.249540 -2.158554 -2.062687
0.262371 -2.179597 -2.088759
0.914822 -2.229650 -1.432161
0.938106 -2.288599 -0.772455
0.335083 -2.311033 -0.093737
0.369228 -2.284774 -0.083145
0.386992 -2.243751 0.528083
0.404739 -2.218476 0.465266
-0.203935 -2.210107 0.409195
-0.827777 -2.212247 0.352505
-0.818030 -2.210700 -0.318306
-0.803783 -2.866552 -0.322360
-0.819004 -2.866825 0.959836
-0.187088 -2.853629 1.025596
-0.845167 -2.822309 1.067165
-0.877787 -2.781597 1.088211
-0.915424 -2.743694 1.706950
-1.582703 -2.715429 1.111690
-1.579484 -2.720939 1.096153
-0.890295 -2.764930 1.032069
-1.455655 -1.514074 0.988607
-1.441209 -1.582663 1.020954
-0.216191 -1.633439 0.449784
-0.249027 -1.652732 0.487155
-0.232399 -1.074585 0.491205
-0.215487 -1.098235 1.111621
-0.257880 -2.336022 1.125966
-0.964924 -2.286020 1.160366
-0.974961 -2.808465 1.147218
-0.901525 -3.431055 1.078179
-0.825299 -3.467527 1.020798
-0.819957 -3.505131 0.999793
-0.832772 -3.514173 1.066262
-0.813716 -3.513869 0.456835
-1.435163 -2.929790 0.417512
0.461058 -2.966232 1.016386
0.407686 -2.321368 0.433198
0.407149 -2.316185 0.453127
0.445297 -2.314199 0.388429
0.485700 -2.342990 0.923514
0.473160 -2.398884 0.911074
-0.186145 -2.451022 0.336436
-0.162182 -1.791970 0.390109
-0.122214 -1.774730 0.397104
-1.994602 -2.403285 1.028525
-2.058310 -2.391137 1.065994
-1.472857 -2.371249 1.105342
-1.476451 -2.318138 1.086178
-0.180859 -2.886437 1.018124
-0.160183 -2.885066 0.984264
-0.828135 -1.636616 1.011817
-1.546970 -1.672562 1.021337
-1.490985 -0.411903 0.997954
-0.162129 -0.367192 0.990759
-0.148177 -0.331768 1.035493
0.385437 -0.314042 1.093423
0.354259 -0.280469 1.095152
0.374605 -0.230695 0.379990
0.392290 -0.198332 0.373912
-0.299473 -0.212358 -0.232968
-0.331484 -0.906908 -0.180945
-0.299555 -0.272235 -0.846547
-0.224781 -0.899723 -0.833889
-0.167925 -0.874785 -0.755759
0.469328 -0.199195 -0.652811
-0.158640 -0.147066 -0.626132
-0.125288 -0.086472 -0.693039
-0.095882 -0.046287 -0.738566
-0.704623 -0.033221 -0.679444
-0.716973 -0.036361 -1.248494
-0.729853 0.573332 -0.527601
-2.072965 0.542559 -1.174258
-2.040399 -0.117272 -1.185980
-0.103436 -0.743230 -1.120523
-0.076399 -0.100906 -1.046704
-0.014113 -0.136510 -0.399457
1.296343 -0.174725 -0.514864
1.905684 -0.193437 0.709309
1.852856 -0.206095 0.753596
1.221226 -0.243280 1.371996
1.276748 -0.324264 1.262610
1.326667 -0.395377 1.138538
1.958605 -0.406476 0.501747
1.919034 -0.379199 1.190730
1.310043 -0.363554 1.169191
1.381129 -0.363913 1.069727
