2.275159 2.864132 -2.888367
2.283594 2.255653 -2.901093
2.306874 2.246546 -2.240077
2.322197 1.625145 -2.234927
2.307882 0.328783 -2.295429
1.048326 0.309713 -1.725454
1.064967 0.315419 -1.762267
1.755096 -0.915110 -1.758474
1.854868 0.327209 -0.314609
1.240989 -0.860962 0.313583
1.251936 -0.807124 0.269250
1.278920 -1.407969 0.260958
1.338772 -1.424865 0.263455
1.371666 -2.066185 0.230410
1.321513 -0.900273 0.158992
1.215807 -0.912086 -1.806195
1.154710 0.256868 -1.781865
1.188197 -0.351991 -1.801428
1.887854 -0.295203 -1.733748
1.872292 -0.848603 -1.698198
2.430295 -0.803345 -1.657563
1.811140 -1.423429 -2.206485
1.209497 -1.408688 -1.498810
1.232908 -0.228104 -1.476872
1.793348 -0.329164 -2.815178
1.110474 -0.440387 -2.867230
0.414707 -1.103794 -2.849341
0.489844 -0.400209 -2.804795
0.596453 -0.352936 -2.780916
1.260392 -1.540300 -2.784821
1.248823 -1.522364 -2.772281
0.574537 -1.484632 -2.731773
-0.641975 -1.462214 -2.691488
0.074506 -1.516973 -2.678270
0.060119 -1.627465 -2.721676
-0.031315 -1.744911 -2.151802
-0.091605 -1.795041 -2.843602
0.561266 -1.777920 -2.875538
1.199083 -1.109579 -2.899533
1.191252 -1.060819 -2.891671
1.134947 -0.994654 -2.874648
1.730910 -0.894455 -2.241458
1.773748 -0.803877 -2.311355
1.811158 -0.769356 -2.379836
1.777833 -0.189460 -2.408171
2.326317 -0.292253 -2.410118
1.626347 -1.648114 -1.117631
1.633398 -1.624384 -1.115672
1.068819 -1.600651 -1.115996
1.125309 -1.604627 -1.121486
1.172065 -2.246983 -1.116382
1.206527 -1.577261 -1.749241
1.224375 -1.467025 -1.101981
1.226806 -2.113360 -1.770089
-0.135323 -0.357031 -1.135590
-1.486217 -0.483553 -1.149554
-2.057535 -0.507405 -1.149923
-2.051332 -0.471498 -2.366943
-2.079941 -0.451788 -3.011347
-2.082392 -0.445664 -2.968320
-2.026351 -1.045044 -1.601881
-1.967071 -0.934811 -1.571956
-1.976817 -0.145473 -2.264266
-2.047535 -0.116881 -1.667230
-2.136090 -0.180603 -2.336510
-1.458822 -0.249819 -2.947441
-1.410147 0.377055 -3.590560
-2.009956 -0.201592 -3.657216
-2.024248 0.469711 -2.377087
-2.036355 -0.190465 -1.029704
-2.006671 -0.804407 -1.009998
-1.292277 -1.382348 -1.039643
-1.305482 -1.312652 -1.770232
-1.373672 -1.296611 -2.378010
-1.433161 -2.026220 -2.327556
-1.429429 -2.112702 -2.261943
-1.386581 -2.208562 -2.178552
-1.380729 -2.943715 -2.180180
-1.438526 -2.947349 -2.850399
-0.881761 -2.931440 -2.846625
-0.888229 -2.325656 -2.863672
-0.858707 -2.284678 -2.886198
-0.855115 -3.444388 -2.942245
-0.904450 -2.690797 -3.594366
-0.953831 -2.645753 -2.896334
-0.957362 -2.671187 -2.232339
-0.917112 -2.051017 -2.914580
-0.883788 -1.391164 -2.936461
-0.916024 -1.355967 -4.252419
-0.921599 -1.364957 -3.574800
-1.568075 -1.400243 -2.927435
-1.484790 -0.140462 -2.973374
0.002137 -0.065751 -3.647248
-0.037491 -0.011935 -3.596424
-0.053605 0.562823 -3.517663
-0.629800 1.128625 -3.498460
-0.587754 1.094827 -3.517651
-0.618170 1.142944 -3.501823
-0.707137 1.841084 -3.436025
-0.771144 2.472478 -3.372340
-0.778629 1.788101 -3.388805
-0.090302 1.136744 -3.467964
-0.139880 2.502490 -3.520111
-0.228942 2.544720 -3.485302
-0.285806 2.505305 -3.394372
-0.292518 1.816084 -3.946779
-0.300521 1.778884 -3.946665
0.277596 1.794293 -3.914103
0.194446 1.826064 -5.125552
0.162683 1.815538 -5.662282
0.186668 1.786561 -4.401673
0.214114 2.451346 -4.429681
0.827503 2.539545 -3.164670
0.804062 1.952205 -3.137042
0.836494 1.297755 -2.467465
0.272996 1.862828 -3.739437
-0.330436 1.229997 -3.070214
-0.264879 0.667547 -3.003839
-0.859752 0.696589 -2.953576
-0.781072 0.672383 -2.961597
-0.683661 0.674406 -3.654673
0.033652 0.759891 -1.729306
0.029842 0.846337 -1.729992
0.003969 1.462999 -2.979510
0.010151 1.392887 -3.066525
0.028602 0.097432 -3.130751
-0.001686 1.389456 -3.111794
-0.064238 1.414733 -3.043823
-0.087753 1.393635 -3.019665
-0.060086 1.349298 -3.069791
-0.046379 0.063952 -2.503412
-0.742976 0.082038 -1.810791
0.540606 0.152793 -2.386868
0.554027 0.169972 -3.017055
0.591893 0.116000 -3.119157
0.568982 0.053155 -3.208530
-0.175352 0.046488 -3.203050
1.026120 0.686022 -2.482331
1.071073 1.306907 -3.820081
1.155829 1.294421 -4.490131
1.181323 1.301877 -4.499172
1.136604 1.379322 -4.468534
1.112873 1.456465 -4.464620
1.163585 1.473161 -4.527630
1.214540 0.790578 -5.279789
0.555317 0.761892 -5.333689
-0.144292 0.755924 -5.342929
-1.447004 0.758878 -5.350732
-1.396275 0.082556 -5.365954
-0.691252 0.062537 -5.380010
-0.711598 1.907271 -5.376044
-0.790086 1.266141 -4.687380
-0.818446 1.296779 -4.023652
-0.767837 1.317522 -4.023102
-0.729110 1.328045 -4.029127
-0.762133 1.973662 -4.018944
-0.823208 1.988825 -3.993702
-1.438392 1.984941 -3.974537
-1.375595 1.327309 -3.955268
-1.355171 0.664535 -4.555520
-1.414822 1.281871 -4.534457
-1.487793 1.337858 -4.536730
-1.490576 1.359990 -6.510019
-0.805480 1.322966 -6.567415
-0.829580 1.292497 -6.596490
-0.282982 0.658800 -6.571320
0.304016 0.048353 -6.558023
0.331943 0.007799 -6.569197
0.382458 -0.074578 -6.558472
0.370929 0.511396 -7.144793
0.313299 0.524519 -6.444472
-0.319677 1.784914 -6.423554
-0.240774 1.789605 -6.435678
-0.159747 1.767948 -5.817603
-0.166736 1.761439 -5.790134
-0.212734 1.768968 -3.858162
-0.224282 1.774906 -3.850286
-0.192099 1.766057 -3.840428
-0.185311 2.404067 -3.151142
-0.245358 2.439068 -3.736163
-0.312259 2.471458 -4.360582
-0.327291 2.494812 -4.393546
1.644183 1.876004 -4.425430
1.640398 1.883282 -2.473299
1.594177 1.910907 -2.436702
0.938707 1.913270 -1.767594
0.952620 1.878353 -1.770725
0.987732 1.823268 -1.765449
0.995863 1.793314 -1.735169
0.970471 1.815862 -1.702009
0.964595 0.551378 -1.674205
0.353973 0.573412 -1.670761
0.407543 0.573625 -2.968582
0.424741 -0.067795 -1.719508
0.393265 -0.032232 -1.725434
0.368567 -0.003419 -1.716636
0.390007 0.646185 -1.707877
0.428080 0.624944 -1.720504
0.433566 0.602489 -1.095034
-0.284569 0.608753 -1.097080
0.294976 0.640404 -2.320111
0.314670 0.701301 -2.292219
0.343041 0.756203 -2.267875
1.018298 0.763537 -2.265967
0.989891 0.749514 -2.297057
-0.235146 0.760802 -2.314875
-0.210171 0.807517 -1.661701
0.470369 0.820634 -1.624199
0.487483 0.759716 -1.614196
1.126970 0.688558 -1.637209
1.099915 0.678226 -2.270799
1.071452 0.724369 -2.220229
1.052319 1.387728 -2.137003
1.053519 1.343404 -2.098805
1.066004 1.917680 -2.128036
1.085328 1.948793 -2.150967
0.486896 2.016488 -1.506286
0.503957 2.679473 -1.461491
0.536770 2.643584 -1.499370
-0.092468 3.226470 -2.211553
-0.075993 3.239748 -2.266828
-0.106262 3.904130 -2.228989
0.546183 3.930970 -2.174469
0.559088 3.930964 -2.203921
0.594555 3.928861 -2.300282
0.637410 3.317384 -3.048532
0.003777 2.715964 -3.027818
-0.575868 2.101988 -2.373207
-0.528638 2.691405 -3.055472
-0.463268 1.999336 -3.157027
0.164105 1.967299 -1.269509
0.161642 1.964755 -1.866295
0.152341 1.974079 -1.804242
0.154009 2.616477 -1.820480
-0.459812 1.996612 -1.904117
-1.102239 2.011100 -2.581510
-1.117345 2.034739 -1.884170
-1.705141 2.051485 -1.782682
-1.725969 2.032640 -1.753627
-0.393897 1.979402 -1.802225
0.196214 3.236587 -1.861046
0.740342 3.244790 -1.195783
1.259454 2.610727 -1.120549
1.178264 2.614575 -1.074173
1.123083 2.641113 -1.089393
0.448556 3.368484 -1.114039
0.481353 3.395326 -1.696565
0.524908 3.400368 -1.637245
-0.693097 4.021901 -1.621811
-0.680088 3.398220 -1.664421
-0.674828 3.381653 -1.715560
-0.674764 2.698509 -1.715213
-1.244436 2.670417 -1.671834
-1.954515 2.666141 -1.657853
-2.022656 2.043752 -2.362195
-2.044174 2.015661 -2.442686
-0.810428 1.325265 -2.464922
-1.460671 1.918780 -1.779257
-0.822195 1.878821 -1.749085
0.532684 1.200113 -1.126150
-0.177576 1.150022 -1.197474
-0.174463 1.117997 -0.611019
-0.135369 2.388837 -0.621618
0.519225 2.415411 0.619582
-0.192858 2.430852 0.564464
-0.217137 2.411765 0.506346
-0.173096 3.047846 -0.103236
-0.113326 3.042267 0.598729
-0.127269 3.071744 1.282162
-0.184954 3.083306 1.263485
-0.217374 3.059759 0.562847
0.499415 3.660405 0.575510
1.810785 3.689763 0.634868
1.841634 3.759177 0.694953
1.126956 3.837800 0.731220
1.122965 5.150043 0.760759
1.189614 4.510056 0.832567
0.586351 3.935769 0.946337
-0.085465 3.358680 0.377447
0.493917 2.722724 -0.247720
1.177408 3.364912 -1.530407
1.227834 3.968248 -2.163472
1.241894 3.947497 -2.108772
-0.091295 1.958497 -2.093467
-0.167893 1.955546 -2.153757
-0.159410 1.981600 -2.246386
0.568363 2.683958 -2.290672
0.622737 2.021372 -0.975452
-0.077844 2.024170 -0.288709
0.480344 2.683199 -0.326322
-0.713434 2.648551 -0.428347
-0.032641 1.310855 -1.156066
-0.001074 1.261800 -0.465962
-0.008321 1.238432 0.243284
-0.041249 1.258317 -0.434797
-0.657680 1.300536 -0.524301
-0.005577 2.000755 -0.615548
-0.011971 1.961486 0.718812
-0.720624 1.921850 0.799445
-0.747132 1.241999 0.806106
-0.112438 1.876212 0.102416
-0.669093 1.819053 -0.562484
-1.251569 1.096870 0.145168
-0.595985 1.713571 -0.370348
-1.249854 1.756891 -1.616904
-0.042048 1.809263 -2.276284
1.247496 3.062066 -2.932372
1.249593 3.032189 -1.568128
1.237355 3.024935 -2.102942
0.602711 3.049788 -2.117845
0.591392 3.059058 -2.200665
-0.025379 3.026190 -2.230981
-1.301707 2.967343 -2.186918
-1.256325 2.975639 -2.152667
-0.612744 3.063809 -2.823856
-0.602962 3.132933 -2.252328
-0.612886 3.074244 -2.243127
-0.617308 3.013824 -2.170353
-0.601288 3.027590 -2.120513
-0.597503 3.086382 -2.152591
-0.645629 3.116008 -2.230643
-0.642790 2.444821 -1.607003
-0.670996 3.664516 -1.636322
0.009011 3.692161 -0.970247
0.005655 3.770973 -1.003181
-0.036970 3.175729 -2.284351
-0.082214 2.503231 -2.257765
-0.089311 3.093160 -3.471306
1.209737 3.707609 -3.437272
1.210344 3.719137 -2.151226
1.185466 3.075313 -2.799919
1.171256 3.014888 -2.176645
1.195859 2.988852 -1.566582
0.602631 3.007875 -1.619338
0.594289 3.011713 -1.677249
-0.062098 2.968817 -1.695691
-0.029984 2.933596 -1.698421
0.006868 3.609388 -1.709467
-0.002960 3.625665 -1.741043
-0.025266 2.965775 -2.417778
-0.002748 2.260577 -2.390986
0.061012 2.255783 -2.370332
2.050872 2.317975 -2.407315
1.412284 3.666057 -2.475088
1.390078 3.014118 -3.113107
1.355084 2.929932 -3.704731
2.540530 2.937382 -3.074148
2.454149 3.637329 -3.751905
0.418382 3.634751 -3.116533
0.346736 2.934867 -2.405264
0.297034 2.903410 -2.267621
0.274249 3.573012 -1.569012
0.252500 2.946895 -2.182826
0.230674 2.979636 -2.805294
0.838875 2.987579 -3.395580
0.862047 2.980610 -2.086721
0.882079 2.979405 -2.762072
0.877534 2.983738 -1.592934
-0.430561 2.984710 -1.567790
-0.377302 2.972431 -1.510043
-0.302624 2.949113 -1.446207
-0.238243 2.937172 -1.452314
-0.203268 3.598506 -1.510592
-0.172053 2.955925 -1.573648
-0.112371 2.965044 -1.605935
-0.050939 2.981148 -1.607972
-0.041545 3.001477 -1.618166
-0.081308 3.661001 -2.275382
-0.108220 3.654590 -2.282742
-0.732643 3.016714 -2.254023
-0.687551 3.646415 -2.231504
-2.564474 3.672562 -2.245142
-2.633451 3.707232 -1.649991
-2.675731 3.733603 -1.684913
-2.647058 3.750595 -3.060924
-1.986248 4.446837 -2.457708
-0.735672 4.456282 -2.469407
-0.826188 3.200060 -1.833779
-0.858952 3.207108 -1.173123
-1.405569 3.848423 -1.838754
-1.321859 5.067145 -1.877932
-1.328771 4.398705 -1.890554
-1.379643 3.792210 -1.264267
-1.391508 1.864168 -1.289435
-1.351923 2.524343 -0.685592
-1.330031 2.531437 -0.705467
-1.374948 1.870683 -0.705666
-2.090912 1.839475 -0.709750
-2.131604 1.152284 -0.719991
-2.107531 1.096503 -1.370004
-2.070545 1.040512 -0.724981
-2.064574 1.019440 -0.749685
-2.079865 1.033835 -1.404007
-2.065768 1.066435 -1.445821
-2.022240 1.086053 -2.103140
-1.990171 1.079339 -2.729006
-1.987617 1.062831 -2.042390
-2.019900 2.378312 -2.020653
-2.041841 2.367000 -2.040375
-1.385243 2.361823 -1.397246
-1.373775 2.361397 -1.418167
-1.361827 2.367093 -3.336057
-0.666056 2.387613 -3.369147
-0.635479 2.426734 -2.751261
-1.223232 3.092816 -1.428779
-1.852717 3.085304 -1.380587
-1.259737 3.065395 -1.329437
-1.272572 3.686988 -1.293127
-1.883063 3.685478 -1.280200
-1.867161 3.663651 -1.274086
-1.866215 3.622114 -0.655857
-1.847702 3.597343 -0.644128
-1.797725 3.636013 -0.042439
0.247035 3.709771 -0.078478
0.283643 3.760732 -0.089320
0.221651 3.119771 -0.067569
-1.118470 2.497743 -0.669513
-0.454901 2.528996 -0.672054
-0.409435 2.502203 -1.276357
0.213605 3.173342 -1.238250
0.110324 3.158356 -1.190588
-0.586173 2.547161 -1.172291
-0.511736 1.984431 -1.195116
-0.406055 2.035146 -1.208751
-0.396342 1.355040 -1.192717
-0.489764 1.963206 -1.825739
-0.560266 1.990718 -1.814837
-0.529771 1.367281 -1.811474
-0.472406 1.390597 -1.793925
-0.485121 1.987085 -1.150698
-0.559876 1.939417 -1.117368
-0.586685 1.977428 -1.110770
-0.529723 2.075872 -0.514850
-0.456605 2.803695 0.091397
0.168238 2.765554 0.081833
1.264260 2.704952 0.082639
0.571784 2.719162 0.071830
0.581497 2.778778 0.072116
0.646365 2.799018 0.118566
0.672859 2.740617 -0.402578
0.612583 2.691913 -0.366810
1.170187 2.715164 -0.382290
1.188673 2.795776 -0.407959
0.628309 2.203481 -0.407477
0.653786 2.177100 -0.397705
0.582959 2.131654 -1.810896
1.163472 2.765173 -1.826744
1.793113 2.766020 -1.858756
1.858740 2.112404 -2.508011
1.868943 2.077924 -4.295901
1.201809 2.655678 -3.626354
1.181613 2.623843 -3.664413
1.225646 2.650251 -4.371726
2.626171 2.699378 -3.802686
3.278099 2.732931 -2.439608
3.221808 3.370595 -2.507366
1.901455 3.350965 -1.259012
1.915253 3.326186 -1.779000
1.938433 3.310423 -1.100581
1.919076 2.634976 -1.086310
1.875506 2.628166 -1.090681
1.880790 3.277312 -1.067090
1.927371 3.292493 -1.024420
1.968501 2.702479 -1.016624
1.308725 2.073654 -1.042922
1.275418 2.084245 -1.015398
0.644669 2.075071 -0.976654
0.638700 2.044103 -0.913842
1.276958 2.638518 -0.866718
1.243796 2.586957 -0.831914
1.212603 2.558826 -0.805133
1.270752 2.548928 -0.802694
1.276715 1.911853 -2.714752
1.288973 1.908937 -3.423138
1.285013 1.896641 -3.468573
1.264693 1.890824 -2.878551
0.586281 1.879713 -2.903394
0.608032 1.848043 -3.546183
0.637015 1.789708 -3.537961
0.644926 1.748490 -3.589925
0.642629 1.771750 -3.590484
0.638452 1.834886 -3.616856
0.645592 1.909932 -2.991483
0.655843 1.982397 -1.755266
0.662009 2.671444 -1.788410
-0.562896 2.762088 -3.137979
-0.553890 2.828952 -3.130316
-0.550491 2.851785 -3.107217
-0.545676 2.827592 -2.396588
-0.525988 2.810182 -2.333194
-0.494370 2.814109 -2.916328
-0.473843 2.797585 -3.518280
-0.480013 2.747189 -3.480983
-0.479349 2.690326 -3.478025
1.966718 2.669587 -2.858940
2.584361 2.684942 -2.265259
2.602656 2.678693 -2.298377
2.614587 2.536368 -1.663030
2.595136 2.454434 -1.706597
2.552814 2.375078 -3.047882
2.541624 2.367361 -3.081090
2.552542 3.027324 -2.466711
2.558068 3.021455 -2.459167
2.537974 2.972572 -1.866924
2.522326 2.925907 -1.297850
3.176208 3.611357 -1.315714
3.235178 3.709358 -1.313618
3.286651 2.443802 -1.291969
3.286419 1.182203 -1.934570
3.248891 1.166284 -0.675197
3.246169 1.222641 -1.248470
2.648726 2.008423 -1.195715
2.663605 2.728785 -1.140608
2.634016 2.724452 -1.110888
2.584924 2.031444 -1.115385
2.574561 2.024921 -1.769141
1.986548 0.867240 -1.761971
2.019942 0.371358 -1.086821
2.667422 1.012175 -1.038823
2.672656 1.608476 -0.410752
2.685156 1.583699 -1.076099
2.726477 1.619710 -0.406251
2.787056 2.293921 -0.985022
2.830263 3.521639 -1.538216
2.835390 1.536767 -1.525917
1.607781 2.090504 -2.262800
1.616341 2.094895 -2.311710
1.628230 2.117427 -2.268208
2.243317 2.727925 -2.200577
2.191509 2.676662 -1.577736
2.805958 2.649167 -1.670933
2.816477 2.663186 -1.720135
2.832038 2.685269 -1.650708
2.165594 2.677575 -0.931415
2.113835 2.635465 -1.576973
2.722311 2.605496 -1.678147
2.733058 1.977347 -1.718264
2.741109 2.034529 -1.025488
2.713547 3.418003 -1.022309
2.667660 2.770675 -1.108926
2.646696 2.780648 -1.209760
2.655093 2.794368 -1.209230
2.657239 2.806853 -1.800411
2.628845 3.423858 -1.743186
2.603865 3.415917 -2.396007
2.609970 2.786366 -3.054826
2.636893 2.792460 -2.370746
2.644477 2.808546 -2.954326
3.228085 2.825796 -2.936308
3.188761 3.469863 -2.974807
3.191904 3.472065 -3.021049
1.966721 2.830503 -3.018248
1.325361 2.806704 -2.983522
1.257389 2.806731 -2.330400
-0.021891 2.822496 -2.342153
0.029586 2.204462 -2.990869
-0.594924 2.174755 -2.982496
-0.586156 2.744337 -1.688708
-0.626245 3.344885 -1.697218
-0.645463 3.996167 -2.339666
-0.612162 4.020407 -0.513441
-0.576094 2.712762 0.072978
-0.580837 2.663075 0.051242
-0.612073 1.359246 0.051243
-0.619846 1.399312 -0.570095
0.074531 1.446802 -0.551096
0.101798 1.454205 0.101536
-0.573999 1.425184 0.098178
-0.608459 0.752592 0.096098
0.027207 0.742916 1.287529
0.044678 0.747344 1.305336
0.039468 0.737305 1.947860
-0.017592 0.711422 1.263645
-0.072673 0.689378 1.246832
-0.088617 0.050509 1.269032
-0.052333 0.725234 1.300575
-0.016065 1.301054 1.282723
-0.021154 1.287731 1.216524
-0.023123 1.920500 1.150136
0.021519 1.341255 1.116503
0.124975 1.313383 1.114469
1.406568 1.249960 1.092772
1.431517 1.183714 1.044221
2.046302 1.180392 0.371716
2.077830 0.569708 0.383683
2.166863 0.495989 0.422945
1.624190 0.431849 0.444902
1.609387 0.404881 0.428585
1.551794 0.430304 0.385047
1.534856 0.474481 0.344718
1.595124 0.494923 -0.925572
1.648213 0.503700 -0.899324
1.001859 1.189553 -1.512508
0.949033 1.282951 -1.499797
0.941960 1.366107 -1.465937
1.603178 1.380340 -2.000383
2.257347 1.359697 -1.924241
2.221650 1.375484 -1.885922
2.166044 0.815111 -1.972036
2.157944 0.888399 -2.006454
2.202606 0.904097 -0.779134
2.237308 0.875271 -1.391596
2.227404 0.865275 -0.796943
2.211138 0.908795 -0.845896
1.581550 0.965633 -0.878817
1.597820 0.950039 -0.858469
0.951252 0.885777 -0.844538
0.928237 0.860289 -1.461504
0.242387 0.903763 -2.761160
0.248734 0.362537 -2.784558
0.262502 0.351488 -2.135515
0.257962 0.272015 -2.106426
0.886041 0.229637 -2.099593
0.893595 0.272827 -2.095821
0.294996 0.331659 -1.455597
0.310556 -0.316903 -1.433373
0.302680 -0.399540 -1.426953
-0.379019 0.175565 -0.788956
-0.433570 -0.453006 -0.807002
0.806792 -0.427146 -0.226078
0.185102 -0.448109 -1.492250
0.830798 0.109297 -1.514700
1.418870 0.099833 -1.526106
1.406854 -1.113860 -1.550967
0.107386 -1.118166 -1.579533
0.764137 -1.182670 -1.583253
0.754260 -1.232167 -1.556149
1.400633 -1.208213 -1.535701
0.714081 -1.129497 -1.546388
0.742345 -1.095546 -1.557321
-1.197303 -2.349358 -0.904315
-1.830242 -2.339291 -1.512697
-1.171532 -2.249133 -1.488158
-1.177093 -2.155165 -2.136714
-0.620654 -1.524939 -2.119049
-0.665909 -1.580973 -1.416528
-0.661574 -1.595183 -1.977902
-0.619259 -2.207517 -2.622717
-0.598265 -2.162847 -2.641685
-1.241662 -2.206011 -2.661130
0.020397 -2.263773 -1.940969
0.105950 -2.261356 -1.911132
0.172769 -2.208829 -1.376980
-0.462823 -2.184202 -2.092355
0.060129 -2.239654 -2.096009
-0.010419 -2.322126 -2.081134
1.281100 -2.315888 -3.248989
0.670620 -2.299527 -2.630566
0.634120 -2.305549 -2.674164
-0.071744 -2.353479 -2.700180
-1.372414 -1.713186 -2.653204
-0.593054 -2.997436 -1.909262
0.112120 -3.060287 -1.258274
0.106070 -3.039507 -1.279919
0.679487 -3.039337 -0.645191
-0.584065 -3.043560 -0.626850
0.055915 -1.137889 -0.571873
0.058232 -1.134645 -1.183491
0.020253 -1.761358 -1.228732
0.008895 -1.145087 -1.281767
0.060240 -1.164615 -0.613238
0.122176 -1.207729 0.083192
0.147245 -1.230662 -0.520898
0.111578 -1.228423 0.202226
0.070470 -1.207447 0.172606
0.069194 -1.209979 0.168592
-1.198572 -1.262137 0.212993
-0.508903 -1.292173 -0.389727
-0.579943 -1.286993 -0.402833
-3.066546 -0.646135 -1.093701
-2.305518 -1.282686 -0.528200
-0.921928 -1.340424 0.695346
-0.267269 -0.092535 0.712986
-1.616627 0.525992 1.989358
-1.648140 0.523979 1.921599
-0.992745 0.499504 1.265970
-0.957876 0.485400 1.297467
-0.946436 0.512431 1.334909
-1.016332 0.527832 1.291143
-1.666190 -0.722997 1.867617
-0.980584 -0.729801 1.824226
-0.296322 -0.750417 1.863092
-0.975195 -0.747633 1.915888
-1.017529 -2.034418 1.828241
-0.397003 -2.076946 1.775313
-1.073751 -2.097737 1.788693
-1.120853 -2.072601 2.525408
-1.187670 -2.045540 1.885553
-1.216915 -2.059559 1.873292
-1.189319 -2.116639 1.853750
-1.148737 -3.415582 1.882917
0.072920 -3.362714 1.957935
0.070063 -2.626971 2.012370
-0.528577 -2.592806 2.007054
-0.488449 -1.967693 1.988592
-0.454139 -2.020300 2.000558
-0.456970 -1.388762 1.423285
-1.192340 -0.106384 1.441696
-1.207566 -0.090239 1.416438
-1.162317 -0.091729 1.373628
-0.479125 -0.747482 0.074329
-0.461659 -1.329161 0.693503
-0.473555 -1.269185 0.699522
-0.452595 -1.234451 0.669642
-0.404779 -0.583790 -1.241245
-0.315115 -1.179769 0.065612
-0.368699 -1.202140 0.774041
-1.057557 0.055905 0.802897
-1.066875 0.037699 0.139030
-0.374751 -0.513950 0.098288
-0.356847 -0.487092 0.725118
-0.372485 -0.505425 1.438303
0.851757 0.071913 1.437748
0.856303 0.085332 0.729234
0.867272 -0.466026 0.712854
0.849219 0.148394 0.158978
0.786957 -0.496218 0.224898
0.090537 0.120777 0.862287
0.132988 0.147451 0.794312
0.203503 0.220941 0.768722
0.229786 0.276245 1.458202
0.194773 0.275475 1.478951
0.190465 0.257594 0.779074
0.250711 0.907871 0.714745
0.303865 0.952934 0.732236
0.918013 -0.344660 0.801607
0.833529 -1.652072 0.838526
0.826037 -1.061303 0.810888
0.317612 -1.061280 0.793183
-0.213808 -0.990266 0.185903
-0.864648 -0.966908 1.515510
-0.892165 -1.046621 1.524902
-0.890043 -1.132210 0.212689
-0.891199 -0.503782 1.323467
-0.836475 -0.431718 1.971463
-0.866822 0.240139 2.606041
-0.925019 0.169620 2.563335
-0.331312 1.442972 2.472128
-0.967458 1.557741 2.433260
0.392384 2.236581 1.250611
1.088079 2.259897 1.270093
0.422584 2.231399 1.245313
-0.895275 0.247229 1.189888
-0.850364 0.346884 0.551854
-0.865729 0.464019 0.621946
-0.253456 0.520413 0.677025
-0.958344 -0.134787 0.665706
-0.967223 -1.423246 0.618698
-0.985843 -1.390657 0.609994
-0.354818 -1.330434 0.629119
-1.002229 -1.982808 0.640548
-0.987931 -2.077401 0.635684
-0.936214 -0.865412 0.630204
0.315109 -0.839767 1.278869
0.251993 0.434178 1.268203
-1.072271 -1.559179 1.249190
-1.715502 -1.636256 1.896242
-1.053495 -1.076555 1.242775
-1.040777 -1.067530 1.228365
-1.048203 -0.405023 1.223321
0.264874 -0.461878 0.023095
0.311905 -1.813583 0.073276
-0.247563 -1.173128 0.124955
0.388091 0.162867 0.139160
0.980460 1.440880 0.123604
0.943713 -1.161449 0.125166
0.300698 -1.804569 -0.520164
0.333821 -1.161215 -0.496973
0.338271 -1.148909 0.146685
-0.316615 -1.166430 0.071201
-0.966759 -1.812704 -0.636800
-0.967239 -1.779801 -0.659205
-1.596183 -1.720372 -0.010763
-1.619759 -1.681388 -0.718464
-1.679993 -1.670492 -0.781950
-1.734934 -2.300656 -1.416037
-1.783279 -1.053875 -0.800548
-2.371916 0.242136 -0.151132
-1.698855 0.272570 -0.171631
-1.681952 0.265123 -0.203304
-2.306378 -0.403748 -0.201959
-2.228029 -0.390423 -0.208528
-1.545292 -0.377098 -0.166524
-1.604229 -1.001959 -0.139979
-1.075863 -1.035966 -0.120000
0.895229 -1.046676 -0.082441
0.868966 -1.032506 -1.308098
2.181518 -0.444419 -1.279645
2.160257 -0.488863 -2.600336
2.162439 -0.518434 -3.277691
1.598070 -1.112474 -3.268439
1.671838 -0.448922 -3.230656
1.687370 -0.488763 -3.212601
1.630728 -1.170193 -3.831702
1.560586 -1.203797 -3.849213
1.539896 -1.208352 -3.794575
1.548356 -1.172721 -4.465765
2.167759 -0.579418 -4.477451
2.141051 -1.876487 -5.151206
2.129436 -1.870977 -5.180637
2.151077 -1.809881 -5.183115
2.185624 -0.523131 -5.075538
1.559501 -1.146124 -5.027984
1.537445 -1.143830 -5.019493
2.149062 -1.103185 -5.056458
2.115950 -1.038806 -5.730040
2.121849 -1.011948 -4.423023
1.488945 -1.667735 -3.856424
1.507563 -1.675713 -3.883615
2.150901 -1.643783 -3.894212
2.179889 -1.614122 -3.884420
2.234674 -0.993517 -2.605330
2.911562 -1.041025 -1.990759
2.256608 -1.709114 -2.632000
2.230583 -0.404078 -2.598737
1.601388 -0.398657 -2.547893
1.621446 -0.448033 -2.512018
1.619840 -1.138360 -3.824745
1.614659 -1.753206 -3.230624
1.646550 -1.045747 -3.241668
2.352779 -0.985334 -3.189614
2.396757 -0.974055 -3.127156
2.375889 -1.639596 -3.110043
2.322863 -1.611687 -3.708650
2.290709 -1.546292 -3.678391
2.902857 -1.501967 -3.624086
2.872282 -0.265378 -3.592963
2.169145 -0.360292 -3.625059
2.111544 -0.320924 -3.693979
2.126561 -0.277207 -3.744398
2.195194 -0.918728 -3.755068
1.602042 -1.632133 -4.429254
1.559137 -0.435411 -4.468259
2.145797 -0.423679 -5.172900
2.778272 0.196756 -4.514649
2.793733 0.780627 -4.471157
2.789140 0.686005 -3.812213
2.738144 0.564889 -3.818752
2.708723 0.558331 -3.848571
2.114054 -0.026850 -2.576108
2.220247 -0.028793 -2.488780
2.930633 0.556326 -2.405677
2.940973 0.551355 -2.371272
2.901713 -0.642741 -3.027344
2.876476 -0.587178 -2.970993
2.892038 0.030737 -2.202782
1.032014 -0.007968 -2.131100
1.625315 -0.005695 -2.147300
1.582581 0.059208 -2.177841
1.569498 0.129187 -2.201792
1.606310 0.123203 -2.162946
1.650829 0.078409 -2.700117
1.643918 0.070591 -2.754842
1.579254 -0.480416 -2.236892
1.521623 0.182530 -2.289461
1.499815 0.170058 0.335288
2.096960 0.123423 0.980979
2.063054 0.115146 0.967629
2.651608 0.162169 0.946168
3.920280 -0.350194 0.951675
2.700084 -0.355849 1.641505
1.585635 -0.394956 1.673028
1.605037 -0.405002 1.669953
0.380978 -0.380206 0.965110
0.393270 0.970336 0.299939
-0.248053 2.239517 -0.339138
-0.848189 0.898114 -0.354893
-1.487874 1.538106 -1.012605
-2.744036 1.529536 -1.671673
-3.282948 1.517434 -1.688160
-3.230972 0.849361 -1.703024
-3.209972 0.839461 0.228554
-3.862211 0.824859 -0.483871
-3.236034 0.780910 -0.504756
-3.250308 0.714390 -0.506474
-3.270756 0.037433 -1.167767
-3.286289 0.040999 -0.558576
-3.300830 0.692651 -0.614962
-3.295603 1.321275 -1.264567
-2.666848 1.309028 -1.236762
-2.652031 0.675930 -1.198079
-2.723645 0.733559 -1.241715
-2.745108 0.782629 -1.943553
-1.510839 0.780185 -1.930600
-2.157389 0.745824 -1.863399
-1.563391 0.758776 -1.839242
-1.595398 0.826399 -1.269189
-1.601270 0.237107 -1.337774
-1.577319 0.199205 -1.931198
-1.536341 -0.481593 -1.256257
-0.822376 -0.475683 -1.867332
-0.738642 -0.436327 -1.949596
-0.662739 0.177920 -2.026835
-0.619125 0.081391 -1.343774
-0.614076 -0.007356 -1.235445
-0.633120 0.010462 -1.198633
-0.016882 0.081665 -1.290042
0.001629 0.076471 -1.390518
0.602225 0.641116 -0.701132
-0.028536 0.598736 0.045979
-0.676964 0.012343 0.699310
-0.651655 0.129201 0.618927
-0.052703 -0.433316 -0.788069
-0.070315 0.135931 -0.104260
0.465817 0.075383 0.597007
0.390286 1.497587 0.613380
2.213429 1.538224 0.634934
3.483854 1.504628 0.609821
4.111244 1.472100 1.231000
2.811557 2.172252 1.209991
2.769594 2.307557 1.181689
3.423146 3.059118 -0.111449
4.085333 3.057307 0.622737
4.111923 3.039991 1.437642
4.102130 3.078799 0.282741
4.070639 3.143997 -0.411682
4.061505 3.739735 0.902081
4.079696 2.995211 -0.918560
4.088757 2.925013 -0.839581
3.437825 2.935353 -0.274118
3.442711 2.977522 -0.994355
3.488644 2.950368 -0.330584
3.552813 2.869787 0.437710
3.575821 2.814741 -0.770618
2.911365 2.129884 -2.835265
1.725366 2.106471 -2.955695
2.328826 1.404704 -2.301824
2.310389 0.643527 -1.605475
2.268526 0.567089 -1.625179
1.013593 1.240186 -1.085242
1.047149 1.908495 -1.782040
0.479403 1.944030 -2.361350
0.512229 1.958202 -2.274593
0.519201 1.982152 -2.277419
0.513092 2.024696 -2.337865
0.517978 2.075522 -2.964174
1.694954 0.141588 -2.882170
2.255947 -0.470191 -2.779669
2.188974 -0.482641 -3.410817
0.916136 -1.121385 -4.093127
0.363790 -1.056940 -4.096104
0.400722 -0.397699 -4.021056
0.429842 -0.412926 -3.347945
0.435834 -0.473659 -3.341575
0.430762 -0.528158 -3.388412
0.419698 0.056439 -2.763258
2.301400 0.671118 -2.063293
2.874041 0.556841 -0.754417
2.808876 0.477539 -0.760820
2.762974 0.450663 -1.486653
2.764078 0.506120 -0.901330
2.135549 1.191082 -0.860116
2.772538 -0.085671 -1.425173
2.759899 -0.121568 -2.049810
2.719191 -0.108530 -2.050012
2.689923 -0.038892 -2.105974
2.671786 0.007584 -2.769247
1.383170 -0.034983 -2.743495
1.377848 -0.071854 -2.756360
0.788420 -0.032415 -3.467068
1.484917 1.325380 -3.517883
1.530626 1.422453 -4.202403
2.781894 1.457458 -4.182143
2.807372 0.807159 -4.176510
2.842110 0.821364 -4.817044
2.860640 0.852797 -4.817241
3.475600 0.855919 -4.198699
3.411457 0.823352 -4.185550
3.384400 1.435817 -4.853077
3.408254 1.438815 -4.191169
3.437443 1.461910 -4.233715
3.442732 1.471675 -4.281884
2.845371 1.486335 -3.642588
2.222932 0.858224 -2.970538
2.899090 1.525765 -2.272536
2.915254 0.269268 -2.272369
2.300056 0.251101 -0.900909
2.294082 0.251844 -1.580261
2.304601 0.255215 -2.226397
2.323995 -0.428847 -2.224811
2.336540 -0.467159 -2.170594
2.345035 -0.488894 -2.894639
2.350755 -1.115309 -3.554809
2.345754 -1.083893 -3.540212
2.327722 -1.099591 -3.489072
2.295726 0.126751 -3.451990
2.252114 0.124713 -4.098412
2.195788 0.153386 -4.116648
2.136654 0.150764 -4.132056
2.102913 0.092648 -4.132232
2.768265 0.044231 -3.528940
2.818495 0.680592 -4.246582
2.843544 0.734773 -2.989011
2.823464 0.739411 -3.660844
2.789603 0.657660 -3.652050
2.791060 0.570432 -2.964968
2.817978 1.190951 -2.345751
2.818203 0.590716 -2.348597
2.148972 -0.059250 -2.362148
2.804046 -0.117727 -1.749848
