0.493130 -0.919465 -2.513443
-0.131626 -0.957673 -2.490345
-0.131781 -0.315154 -2.491018
-0.156618 -0.271504 -2.495113
-0.812602 -0.237574 -2.493738
-0.772882 -0.890284 -2.406671
-0.717140 -0.339538 -2.380894
-0.699826 0.234290 -2.403609
-0.067107 0.235726 -2.446701
1.189337 0.260270 -2.435961
1.202470 0.237768 -1.046288
2.446951 0.171933 -1.021014
2.426505 0.146842 0.317013
2.375912 0.814079 -0.304470
2.308734 0.899508 -0.898827
2.276258 1.570213 -0.827465
2.277385 1.523484 -0.813339
3.481737 1.497026 -0.846596
3.465773 1.537948 -0.859977
3.423585 1.602402 -0.846960
3.392632 0.962376 -0.842301
2.113599 0.291867 -0.888804
2.178176 0.292386 -1.593561
2.827065 0.358107 -0.951950
3.453181 0.433015 -0.895587
3.386098 0.435913 -0.870919
3.360332 0.377648 -0.907327
3.398552 0.335276 -0.969684
2.790391 -0.267178 -0.995853
2.763770 -0.201032 -1.654356
2.726363 -0.188527 -1.654745
2.748876 -0.235892 -1.641723
2.858200 -0.281430 -2.212049
2.320994 -0.272373 -2.164740
2.318979 -0.225200 -2.130714
2.259288 -0.212253 -1.457444
2.239628 -0.236880 -1.441955
2.954292 1.663830 -1.477987
2.378149 1.088111 -0.954715
2.362450 1.172738 -1.025116
1.648219 1.230639 -0.396495
1.653469 0.555766 -0.998197
1.730501 0.530985 -0.976305
2.423775 0.559053 -0.978389
2.400674 0.633855 -0.955629
2.344895 0.666825 -0.907154
2.956157 1.243372 -0.907113
2.991177 1.191900 -0.991775
2.994254 1.208190 -1.676908
2.955838 1.286982 -0.370695
2.913938 1.317651 -0.449879
2.901862 1.259567 -0.397491
2.894431 1.197492 0.166564
3.518024 1.225369 0.148958
3.457278 1.309191 -0.391906
3.405090 1.967290 -1.483615
3.386494 1.890652 -1.478140
3.339762 1.209157 -2.160152
3.312070 1.220744 -2.219808
3.276508 1.908605 -3.497137
3.274338 1.908436 -2.863799
3.298957 1.843291 -3.472057
3.311582 1.804510 -3.498133
2.646947 1.841565 -2.823062
2.620020 1.883179 -2.717881
2.620764 1.860516 -2.639398
2.615494 1.792727 -2.630671
2.586831 1.754402 -2.668608
2.550419 1.772184 -2.682112
1.936190 2.395489 -2.644796
1.967499 1.753124 -2.608563
1.985805 1.707615 -2.615301
1.975493 1.688397 -2.029217
1.961523 1.705633 -2.024320
1.373418 1.713065 -1.995149
1.370941 1.677286 -2.631421
1.331089 1.609712 -2.682198
1.282537 1.564570 -3.386364
1.256139 1.541284 -3.431845
1.270102 1.515113 -2.810487
1.300245 1.475549 -2.821956
1.319733 1.434969 -2.832111
2.015927 1.422340 -2.186269
2.084099 2.093909 -1.487064
0.880278 2.115028 -1.442645
0.871801 2.122109 -1.419904
0.828768 2.753393 -1.436641
0.805370 2.755748 -1.493962
0.221984 2.122637 -0.907989
0.215090 2.130956 -0.913515
0.168740 2.138753 -0.903017
0.784539 2.159021 -0.325861
0.776587 2.203394 -0.958472
0.155250 2.255119 -1.511183
0.178809 2.288174 -2.689009
0.153646 2.289531 -2.059433
0.118974 1.674419 -2.152167
0.718053 1.701809 -1.578549
0.752900 1.731372 -2.806176
1.353310 1.739294 -2.142426
1.306434 1.715362 -2.126815
0.655519 1.714338 -2.171001
0.677152 1.109733 -2.785315
0.061275 1.180432 -2.098915
0.739059 1.878959 -2.018125
0.718620 1.852816 -1.330679
0.724389 2.490539 -1.407360
0.774960 1.864285 -2.761259
0.225687 1.936365 -1.559940
0.200154 1.947621 -0.300364
0.144404 2.551731 -0.931603
0.796469 2.526246 -0.986650
0.832639 2.593335 -0.996962
0.851376 2.686260 -1.540157
0.813109 2.705587 -1.445641
0.771366 1.967451 -1.448925
0.794093 1.934700 -1.475337
0.843873 1.975038 -2.144565
0.849886 2.008252 -1.519202
0.804742 1.974278 -2.136392
-0.539008 1.898216 -2.097148
-0.489761 1.872717 -2.087724
-0.430298 1.918375 -2.077410
-0.418338 1.958735 -2.041883
-0.461753 1.940701 -1.986095
-0.502505 1.891697 -3.185852
0.155521 1.887572 -3.203113
0.168250 1.931165 -2.591925
0.155669 1.945512 -2.650696
0.117189 1.905302 -2.694386
0.102217 1.218134 -2.135670
0.126070 1.209848 -3.458758
0.171161 1.221846 -3.470201
0.203194 1.197237 -2.800970
0.197254 1.133808 -2.725709
0.179262 1.716732 -2.655479
0.179032 1.724517 -2.621491
0.208194 1.753997 -3.915034
0.246227 1.748379 -3.282506
0.252213 1.036809 -2.687433
0.228276 1.025510 -2.714054
0.199939 1.062211 -2.713886
0.203835 1.112081 -2.708543
0.238544 1.103972 -2.701668
0.240473 1.051558 -2.664474
0.198019 0.359308 -2.676661
0.165356 0.395237 -2.702544
0.188913 0.432638 -2.722124
-0.404252 0.411926 -2.751264
-0.387740 0.369925 -3.368972
-0.406381 0.376344 -3.408271
-0.419742 1.056692 -3.419626
-0.390278 1.097969 -3.423853
-0.351419 1.072395 -3.435945
-0.357760 0.991827 -2.769337
-0.406591 0.943074 -2.106344
-0.447111 0.966059 -1.431779
-0.463264 1.020779 -1.406984
-0.471955 0.383101 -1.408464
-0.496653 0.322691 -0.225181
-0.533089 0.272210 -0.173896
-0.544742 0.304295 -0.175037
-0.527438 0.387833 -1.417203
-0.514656 -0.209848 -1.390251
0.079501 -0.275812 -0.695408
0.051578 0.303823 -0.649098
0.047007 0.338263 -0.610706
0.058401 0.426695 -0.636747
0.057589 0.453652 -0.075424
0.031727 0.392900 0.434232
0.009469 0.337768 -0.182162
0.015641 0.386152 -0.199724
0.665679 0.501320 -0.234680
0.661712 -0.732400 -0.273058
0.618206 -0.174294 -0.283811
0.580988 -0.265864 0.375854
0.569315 -0.907494 -0.922612
1.166618 -0.835133 -2.169922
1.170015 -0.178534 -2.208458
1.134031 -0.239247 -3.493700
1.089624 -0.307718 -2.847472
1.087557 -0.268124 -3.479074
1.112629 -1.407492 -2.848413
1.778395 -2.013075 -2.205886
1.733428 -2.088741 -2.194315
1.056479 -2.204228 -2.181691
1.096094 -2.205222 -2.166688
1.145661 -2.113887 -2.170451
1.149538 -2.077778 -2.194327
1.116601 -2.178253 -2.250776
0.520578 -1.632462 -2.320152
0.575112 -1.648590 -1.721663
1.316534 -0.220916 -0.509868
1.348485 -0.171623 0.137129
1.334120 -0.247993 0.094411
0.701357 0.267521 0.035736
0.054405 0.187959 0.001523
0.110034 0.176140 -0.000140
0.745800 0.171622 -0.601798
1.397564 0.121329 -0.658212
1.420767 0.054650 -0.734883
1.464378 0.029875 -0.786067
1.537951 0.042313 -1.410615
1.610502 0.064432 -0.742230
1.647229 -0.598732 -0.697509
1.645049 -0.609170 -0.667692
1.653343 -0.626351 -0.645043
1.685305 -0.663910 -0.601635
1.717074 -0.690340 -0.549962
1.725341 -0.668437 -0.504770
1.714402 -0.647017 -0.484127
1.080759 -1.235288 -0.481779
1.757127 -1.223739 -0.461826
1.781348 -1.203520 -0.418842
1.772600 -1.145598 -0.365577
0.413460 -1.079528 -0.977658
1.032703 -1.069177 -0.973971
1.009815 -1.116827 -0.359722
0.982406 -1.163615 -0.343743
0.934688 -1.172054 -0.943511
0.877465 -1.164580 -0.987884
0.853644 -1.194442 -0.411314
0.870157 -1.252996 0.245327
0.899528 -1.278874 0.237773
0.926425 -1.861368 0.264311
0.947138 -1.176054 0.287563
-0.903955 -1.167824 0.291518
-0.225023 -1.210360 0.274224
0.445322 -1.237901 0.252226
-0.164972 0.139614 0.244416
-0.146386 0.160587 0.256131
-0.759130 0.150152 0.266405
-0.072769 0.119758 0.261332
-0.025720 0.154954 0.249287
-0.014807 0.215694 0.258929
-0.659361 0.276802 0.291584
-0.682292 0.284258 0.309864
-1.269990 0.252774 0.280511
-1.262808 0.263299 -0.388962
-2.494787 0.974060 -0.403514
-2.537605 1.012835 -0.379411
-2.568514 0.964816 -0.362818
-2.568001 0.888821 -0.379587
-2.563309 0.234149 -1.673994
-2.570641 0.302332 -1.679724
-2.592705 0.339954 -1.642129
-2.040972 0.291753 -0.979115
-2.040903 0.854320 -0.969866
-2.027976 0.849013 -1.008329
-1.383906 0.903743 -0.419283
-1.404125 0.291879 -0.411426
-0.802027 0.216584 -0.382507
-1.402476 0.138527 -0.386443
-1.364059 0.139173 -0.436343
-1.341098 -0.456755 -0.468530
-1.974530 -0.459444 -1.089141
-2.001132 -0.533406 -1.040066
-1.412001 -0.579436 -1.035677
-1.357588 0.119668 -1.057500
-1.333985 0.213775 -1.128759
-1.371524 0.218964 -1.151321
-0.795375 -0.491477 -1.113761
-0.794280 -0.552647 -1.074979
-1.382560 -0.508084 -1.079885
-1.948110 0.216505 -1.108347
-1.343998 0.215637 -1.077448
-1.989360 0.135497 -2.319091
-2.627574 -1.158843 -2.208391
-1.965172 -1.103696 -2.146849
-1.989143 -0.995289 -2.786625
-2.040207 -0.970960 -3.427065
-2.062575 -1.051343 -3.372744
-1.389205 -1.737675 -3.307172
-1.285782 -1.684593 -3.305398
-1.865051 -1.575482 -2.129040
-2.462540 -1.541443 -1.531392
-1.827425 -1.607162 -1.501593
-1.805096 -1.679034 -1.435162
-0.604834 -1.658624 -0.735860
-0.656317 -0.910856 -1.451726
-0.721340 -2.166692 -1.507400
-0.136096 -2.221073 -0.878566
-0.099510 -2.910396 -0.866323
0.615303 -2.288156 0.934854
0.646233 -2.187734 -0.315487
0.594876 -1.510354 -0.405907
1.118389 -1.522008 0.767343
1.086798 -1.561008 0.749996
1.069222 -0.232592 -0.428484
1.029498 0.463097 -0.436354
0.983334 -0.161635 -0.495506
0.977302 -0.210515 -0.538793
1.691674 -0.256037 -0.516849
1.798109 1.078471 -0.442166
1.872904 1.751392 -0.416747
1.894524 1.761677 -0.470758
1.907469 1.131883 -1.145999
0.033136 1.112336 -1.127668
0.064144 1.125075 -1.045359
-0.557471 1.147679 -0.452379
-0.577873 1.773169 -0.498969
-0.595162 1.719863 -0.549732
-0.569733 1.684762 -0.534951
0.183311 1.064561 -0.483173
0.223796 1.078509 -1.113764
0.185534 -0.802538 -2.402436
0.112234 -0.124801 -2.472796
0.062089 -0.095340 -2.500965
0.039413 -0.099258 -1.869330
-0.023011 -0.703789 -1.889851
-0.133132 -0.676639 -2.578590
-0.888804 -0.648442 -2.654260
-0.925863 -0.637140 -2.706735
1.057913 -0.627878 -2.114899
1.029202 0.054803 -2.097710
0.955261 0.060654 -2.087917
1.520932 0.048383 -2.095544
0.845806 -0.658474 -2.093424
1.544655 -0.738435 -1.400178
1.561718 -0.793966 -1.959581
0.875278 -0.818699 -1.922253
0.823822 -0.841104 -1.927794
1.504573 -0.254054 -1.932833
0.945819 -0.898772 -1.901758
0.375990 -0.889156 -1.857979
-0.856017 -0.850247 -2.463293
0.454180 -0.823454 -2.470472
0.518138 -2.201143 -3.056467
0.570477 -2.252920 -3.050444
0.567796 -2.241025 -3.036876
0.563243 -2.208655 -3.041654
0.583196 -2.848478 -3.067943
0.623909 -2.872464 -3.120663
0.649560 -2.868884 -3.168610
0.634121 -2.172486 -3.185536
1.292596 -1.493261 -3.188256
1.307931 -1.457399 -2.539262
1.330315 -0.828883 -2.550171
1.315328 -0.847712 -2.524671
1.248077 -0.173195 -1.838651
1.213349 -0.175129 -1.788304
1.255647 -1.474830 -1.803654
0.009876 -2.143480 -1.853729
0.056792 -2.816918 -1.866676
0.034976 -3.454508 -1.826170
0.001142 -3.442679 -1.170728
0.665968 -3.427780 -1.205958
0.735107 -3.397280 0.036167
2.612671 -2.732531 0.014172
1.897380 -2.690610 -0.003643
1.831917 -2.684671 -0.642240
1.829139 -3.395587 -0.675517
1.859338 -3.432263 -0.734695
1.852124 -3.446384 -0.781157
1.081180 -2.782852 -0.795283
0.978980 -2.724547 -0.780549
-0.412067 -2.674353 -0.755044
0.284525 -2.038349 -0.734916
0.902575 -2.011280 -0.721750
0.792334 -1.991073 -0.723627
0.724614 -1.365460 -0.729822
0.109945 -1.389475 -0.729128
0.207842 -1.418168 -0.198633
0.869134 -1.432187 -0.235496
1.444988 -1.409514 0.334499
1.412153 -1.363101 0.913472
2.170055 -1.323155 0.924489
1.052878 -1.307359 0.954221
0.477140 -1.318027 0.959791
0.431474 -1.944627 0.918908
-0.243987 -1.940565 0.891400
-0.196990 -2.526282 0.931795
0.516720 -1.878134 1.010092
0.542693 -1.904570 1.070906
0.526880 -1.278613 1.080933
-0.119059 -1.254172 0.476462
-0.056341 -1.204033 0.510192
-0.001776 -1.173544 -0.031338
-0.013974 -1.860464 -0.598602
-0.718936 -1.910055 0.056490
-0.759184 -1.918100 0.039609
-0.787256 -1.899207 0.069122
-0.813235 -0.708176 0.117843
-0.213270 -0.740304 0.122353
0.399362 -0.747489 0.074499
0.394402 -0.713670 0.037717
1.089682 -0.040659 0.036912
1.122998 -0.649935 0.040345
1.108839 -0.674437 0.004842
1.072141 -1.331085 -0.055609
0.437047 -0.739327 -0.733736
0.478494 -0.749767 -0.711210
0.531553 -0.180495 -0.686732
1.149792 -0.234337 -0.698005
0.511017 0.370739 -0.119187
0.500709 0.971014 -0.107669
-0.130665 1.004569 -0.086456
-0.089493 1.113936 1.085487
-0.066745 1.112135 0.997546
-0.098179 1.690825 0.922246
-0.141329 2.269854 0.917483
-0.151582 2.238076 0.939962
-0.149572 2.197263 1.573124
-0.119543 2.779387 1.519424
-0.126456 2.119281 1.522142
-0.173562 2.105489 1.589480
-0.218260 2.779958 1.602278
-0.199069 2.158716 0.943679
-0.131063 1.545039 0.894072
1.179705 0.925524 0.916320
1.169640 0.933105 1.553981
0.475413 0.293687 1.540142
0.464969 0.296781 1.479354
0.493101 0.317403 1.451318
1.168684 0.369808 1.488727
1.828500 0.438808 0.944411
1.159189 0.507821 0.947132
1.160916 0.579156 1.522349
1.188936 0.646639 1.546368
1.210087 0.078025 0.965338
1.199258 0.101934 0.346167
1.154945 0.081980 0.340374
1.118613 0.052064 0.336131
1.123611 0.711081 0.983421
1.150563 0.156401 2.273044
1.175587 0.219278 2.271142
2.449023 0.841860 1.592642
2.395226 0.823072 1.591570
2.321989 0.842368 2.220529
0.995270 0.253616 2.227542
0.958394 0.883414 2.840869
0.933207 0.815353 2.827157
0.925839 1.376713 3.443252
0.930189 1.360609 2.849182
0.945832 1.995930 2.280890
1.634220 1.972731 2.287630
1.649816 1.283057 1.663374
1.641826 1.208422 1.721976
1.623091 1.159040 1.742905
1.618451 1.118899 1.753941
1.623343 1.045484 1.758470
1.624822 0.934766 1.765722
1.643374 1.470947 1.783491
1.661543 1.424548 0.504707
1.667099 0.823273 0.508432
1.645154 0.868566 -0.168377
1.602474 1.616593 -0.233267
1.586840 1.638637 -0.830468
1.584650 1.702782 -1.428230
1.551506 0.466300 -1.427219
2.125232 1.115004 -0.855047
2.063652 1.042539 -0.280850
2.086401 0.967802 -0.894074
2.163714 0.947292 0.386022
2.208540 0.972114 0.396804
2.184695 0.985378 0.359213
2.173604 0.980393 -0.289570
2.253423 1.012033 -0.267262
2.356924 0.453730 -0.230580
1.718234 0.557395 -0.821655
1.633701 0.583101 -0.854231
1.591541 0.535679 -0.867050
1.668312 0.489476 -0.225841
2.408743 0.497861 -0.815108
2.381559 0.533140 -0.820639
2.247583 0.536219 -0.833123
2.170635 0.502205 -0.810301
2.212121 0.493416 -0.753957
2.247883 1.803188 -0.708913
2.153235 3.047052 -1.294187
1.981813 3.029345 -1.312606
1.882294 2.953123 -0.089023
1.914710 2.873043 -0.077901
1.981279 2.280095 -0.063905
1.950362 2.265959 -0.069826
1.214647 0.355778 -0.092869
1.161823 -0.327639 -0.100204
1.223534 -0.344507 -0.082346
1.307540 0.303076 -0.078118
1.930585 0.351589 -0.122804
1.843790 0.382614 -0.746003
1.795024 0.394000 -0.785771
1.853617 -0.214300 -0.225905
1.942407 -0.192563 -0.799383
1.937654 -0.169914 -1.480014
1.848778 -0.174468 -1.497536
1.789992 -0.198751 -1.471806
1.846761 -0.207286 -1.436124
1.946699 -0.166257 -1.441993
1.961102 -0.091798 -1.491468
1.885486 -0.028115 -1.542587
1.830752 0.004479 -1.558082
1.882241 0.016900 -1.557298
1.961654 0.020191 -1.574898
1.950172 0.000157 -1.602364
1.232875 -1.358450 -1.588025
1.163615 -2.066298 -1.521279
1.194561 -2.761037 -1.459877
0.625048 -1.465655 -2.615920
0.616768 -1.432015 -2.607743
0.549644 -1.440671 -2.592685
0.511220 -1.407776 -2.577462
0.547492 -2.629261 -2.589629
0.598622 -2.618497 -2.606754
0.581659 -2.600773 -2.588446
0.505056 -1.343741 -3.156278
0.462897 -1.363081 -3.100639
1.151471 -1.372398 -2.474145
1.239603 -1.340084 -1.874076
1.276435 0.006432 -2.466955
1.264578 -0.561456 -2.464473
1.861628 -0.504433 -2.507211
1.893828 -0.448921 -2.559030
1.935987 -0.394501 -3.178627
1.942156 -0.385700 -3.129328
1.913392 0.225638 -3.084969
1.905914 0.200802 -3.095872
1.317228 0.192619 -2.495292
1.370064 -0.468489 -2.474756
1.427434 0.142786 -3.049667
1.460590 -0.498551 -2.467987
1.461867 -0.472054 -2.577236
1.439387 -0.442841 -2.671788
1.431244 -0.447760 -2.687114
2.635278 -0.479166 -2.029254
2.610913 0.705636 -2.017211
2.566726 0.684609 -2.652077
2.540379 0.669901 -2.654801
1.940391 0.653772 -2.619487
1.987931 0.654130 -2.588218
1.374587 0.675843 -2.621762
0.744955 0.698510 -2.699636
1.287928 0.700030 -2.749704
1.233867 0.692263 -3.384644
0.596753 -0.511949 -2.711472
0.589811 -0.571497 -2.048291
0.547231 -0.618483 -2.715791
0.502663 0.008280 -2.691873
0.521342 0.043050 -2.653587
0.611335 0.067235 -2.016717
0.687600 0.071065 -2.054313
0.674705 0.067334 -2.765085
0.612301 0.069458 -2.803165
0.602783 0.080848 -2.812759
0.666600 0.081830 -2.816700
0.715829 0.064056 -2.816666
0.700435 0.034850 -3.397653
0.674766 0.029125 -2.766461
0.721519 0.063635 -2.751898
0.814341 0.123669 -2.755124
0.841983 0.748718 -1.545544
0.775759 0.738800 -1.611840
0.068102 0.725714 -1.631784
0.728440 0.734681 -1.035010
1.383330 0.747967 -1.056856
0.687402 0.733090 -1.671703
0.595100 0.698595 -1.666612
0.565791 0.652715 -1.028465
0.008438 0.616285 -1.031810
0.682192 1.245435 -1.051189
0.659105 1.279632 -1.073083
-0.054720 -0.548817 -1.091213
-0.713374 -0.562180 -1.099024
-0.668826 0.026899 -1.093059
-0.670313 -0.008312 -1.082492
-0.746969 0.004871 -1.696949
-0.818781 0.021678 0.104968
-0.805763 0.002651 0.115490
-1.359025 -0.044620 0.762871
-0.669429 -0.077165 0.762115
-0.104928 -0.071472 0.734517
-0.151620 -0.056686 0.119918
-0.146598 -0.069137 0.111889
-0.116744 -0.108823 0.129437
-0.139739 0.499085 0.148377
-0.226824 0.515909 0.151931
-0.286950 0.547265 0.149644
-1.468734 0.555341 0.167203
-1.414278 0.548818 0.190142
-0.817953 0.566607 0.192466
-0.848015 -0.012267 0.173720
-0.852679 0.032628 0.164202
-0.787550 0.042659 0.186284
-0.705075 0.024552 0.211137
-0.673499 0.002650 0.228695
-0.692569 0.001461 -0.379346
-0.682245 -0.620345 -0.324988
0.681702 -0.598327 -0.265569
0.766878 0.671521 -0.246577
0.156264 0.695555 -0.259340
0.146081 0.740057 -0.268940
0.802369 0.793895 -0.235530
0.882606 0.820928 -0.180272
-0.891909 0.804209 -1.366490
-0.921417 0.763654 -3.124202
-0.998125 0.742475 -3.125151
-1.039936 0.750145 -3.092080
-1.027639 0.748969 -3.049623
-0.431251 2.622634 -3.052035
-0.478187 2.582246 -3.099746
-0.565195 2.589114 -3.129068
-0.598807 1.985380 -3.099938
-0.569968 1.966260 -3.056729
-0.561520 0.668812 -3.069600
-0.620198 0.573275 -3.716975
-0.691706 1.154207 -3.747566
-0.712072 0.520191 -3.731024
-0.048751 0.450485 -3.708952
-0.027471 0.962795 -3.113333
-0.040119 0.938888 -3.166207
-0.059290 0.980838 -3.195176
-0.057237 1.051459 -3.168128
-0.048975 0.529098 -3.136226
-0.071034 0.540167 -3.149786
1.076268 0.525386 -3.196393
1.070696 0.520627 -3.226015
1.124089 0.524418 -3.210255
-0.010855 1.088210 -1.952459
0.045079 1.090709 -1.964696
0.068700 1.143644 -2.008773
1.302051 1.245565 -2.032388
1.309388 0.727173 -2.017685
1.945560 0.798546 -1.988324
1.924975 0.186772 -1.967507
1.926014 0.186304 -1.972433
1.928276 -0.423345 -1.993752
1.989301 -0.491697 -2.014628
2.015134 0.658850 -2.020967
2.057547 0.616087 -1.426559
2.080279 1.231758 -1.475740
2.087480 1.258949 -1.532809
3.292448 0.666780 -1.564881
3.312080 0.643701 -1.550781
3.331822 0.639460 -2.133871
2.688532 0.644755 -2.141321
2.665242 0.594740 -2.156278
2.685482 0.471554 -2.147532
2.744883 -0.789922 -2.114479
2.781116 -0.163304 -2.094969
2.777601 0.552534 -2.107881
2.782844 0.625978 -2.134858
2.822595 0.616089 -2.131201
2.870729 0.602414 -2.082523
2.870857 1.302857 -2.021308
2.818307 1.401595 -1.991417
2.785784 0.158302 -1.990648
2.825245 0.057746 -1.972411
2.915980 -0.044558 -1.929552
2.966223 0.594415 -1.899260
2.935414 0.696428 -1.913191
2.893239 0.743997 -1.953061
2.900506 0.689002 -1.967735
2.945164 0.642373 -1.934264
3.578911 0.068848 -1.894869
3.513549 0.126259 -1.889290
3.445628 0.088233 -1.311321
3.432190 -0.027591 -1.320039
2.827533 -0.101671 -1.305153
2.275895 -0.719928 -1.288585
2.916417 -0.672625 -1.291546
2.913824 -0.659825 -1.324507
2.922783 -1.277585 -1.352104
3.534062 -1.243816 -1.350298
3.534051 -1.186846 -1.332813
2.856800 0.062194 -1.325337
2.838569 0.015925 -1.345128
2.232274 -0.048184 -1.361425
2.257291 -0.076517 -0.795430
1.664288 1.132073 -0.775140
2.313477 1.766100 -0.776998
2.317885 1.745817 -0.808606
2.295840 1.753949 -0.829504
2.251524 1.815513 -0.814144
2.916082 1.883017 -0.774671
2.890227 1.891537 -0.748414
2.914592 1.213493 -0.743175
2.947986 0.561935 -0.737757
1.625246 0.555203 -0.710872
1.641442 1.764658 -0.669811
1.638921 1.782997 -0.648864
1.643398 1.785059 -0.658670
1.649764 1.801894 -0.690861
1.647092 1.851766 -0.713997
1.615276 1.907658 -0.721077
1.577797 1.916685 -0.736612
1.599678 1.866900 -0.764839
1.020889 1.817633 -1.373137
1.724406 1.201253 -1.371926
1.773244 1.822337 -1.350241
1.797064 1.216776 -1.326937
1.844055 -0.024938 -1.322474
1.902435 1.236488 -1.339272
0.584814 0.686530 -1.337877
0.582339 0.081841 -1.299519
0.501398 0.634465 -1.241269
0.452460 0.529179 -1.198949
0.489134 0.467636 -1.183519
0.538135 0.444380 -1.166839
0.537726 0.421407 -1.137534
0.480614 0.382257 -1.124735
0.459693 0.380830 -1.154369
0.494268 0.424200 -1.214274
0.513234 0.462916 -1.253026
0.458295 0.450894 -1.866063
0.353779 0.401172 -1.870116
0.299565 0.365316 -1.874060
0.312263 0.345970 -1.879027
0.321915 1.580109 -1.875570
-1.001862 0.961170 -1.883354
-1.108610 1.017913 -1.905928
-1.161460 0.474701 -1.275745
0.150572 0.521006 -1.322254
0.165323 0.521151 -1.358197
0.119961 1.735580 -1.361024
-0.546587 1.716079 -1.326088
-0.522746 1.018686 -1.935349
2.009216 1.552032 -0.088411
2.044187 0.899253 -0.095714
2.042188 2.179829 -0.056090
0.796971 2.880038 0.024474
0.848095 2.264450 -0.498885
0.917807 1.661715 -0.529330
0.947144 1.701401 -0.572991
0.303896 1.732990 -1.732985
0.260933 1.719875 -1.650864
0.267356 2.276937 -1.630081
0.280394 2.227606 -1.683358
0.271822 2.264833 -1.708013
0.239926 1.685505 -1.645148
0.217338 1.713484 -0.921603
-0.363751 2.334243 -0.965904
-0.329306 1.092083 -1.081242
0.319405 1.148614 -1.832361
-0.339842 1.158037 -0.480139
-0.368724 1.062035 -0.459381
-1.017840 1.571445 -0.505482
-1.000821 0.886086 -1.246660
-0.995440 1.529751 -1.215393
-1.018321 2.130718 -1.108752
-1.055343 1.491815 0.823261
-1.059115 1.468909 0.758832
0.269792 1.503215 0.622639
0.968406 1.567075 0.027236
0.957520 1.592284 0.086158
-1.022879 2.181111 0.776280
-1.030817 2.156860 0.763834
-0.988434 2.189589 0.760187
-0.307723 2.254098 0.821742
-0.940016 2.287111 0.891624
-0.978629 2.306111 0.263856
-0.949622 2.308471 0.233409
-0.246388 2.341588 0.234724
0.451285 2.372259 0.277434
0.449649 2.313652 0.280854
0.387852 2.225588 0.242949
1.702173 2.117302 0.223832
1.077489 2.714987 0.263273
1.061731 2.701714 0.314154
0.345441 3.294584 0.955180
0.273067 3.247602 0.891316
0.259868 3.239069 0.851298
0.308378 3.286007 0.857848
1.012199 3.341957 1.482695
1.004997 2.138592 0.765360
1.600373 2.125556 -0.001548
1.598173 2.131848 -1.217411
1.021522 1.516655 -1.147812
1.047458 2.182240 -0.486329
1.010652 2.804657 0.089451
4.086704 2.161971 0.052209
3.426350 2.188558 0.049510
3.458671 2.241852 1.332430
3.499826 1.594874 1.294947
3.492050 1.537067 1.201411
3.461616 0.849505 1.153960
3.466226 0.870016 0.563870
3.511210 0.920201 -0.559104
3.540200 1.484167 -0.562429
2.810889 1.424362 -0.600209
2.741019 1.401028 -0.614895
2.691556 1.466987 -0.606951
2.065626 1.545295 -0.615451
2.744096 1.538554 -0.654638
2.728847 0.137711 -1.352167
2.671093 0.080850 -1.338172
2.641207 0.710729 -1.298996
1.396392 0.780175 -1.266211
2.103751 0.205019 -1.258246
2.760759 0.168551 -1.275144
2.713185 -0.427292 -1.948862
2.656104 -0.374941 -2.010346
2.667470 -0.344542 -2.063547
1.510201 -0.400927 -2.078603
0.879919 -0.474584 -2.066245
2.171582 -0.475861 -2.053543
2.176284 0.205114 -2.041575
2.226068 0.922908 -1.996703
2.280732 0.917555 -1.326024
2.316690 -0.325819 -1.941493
2.320504 -0.275168 -1.343518
2.296016 1.093973 -1.404711
2.249813 1.146656 -1.439617
2.813637 0.482049 -1.446511
2.775127 0.455808 -1.447615
1.509906 1.126270 -1.438143
1.501960 -0.080447 -1.409220
1.474721 -0.050498 -1.353227
1.439830 -0.043270 -0.675719
2.081298 -0.046623 -0.677510
2.113203 -1.361275 -1.322740
2.097792 -3.083223 -1.353742
2.046862 -3.048147 -1.353389
1.958646 -3.046971 -1.349960
1.934996 -2.407268 -1.361081
1.953165 -2.413033 -1.391338
1.952220 -2.426463 -2.057032
2.564291 -3.131781 -2.069575
2.562235 -4.386854 -2.080327
2.635157 -4.415399 -2.721817
2.102023 -3.784417 -2.742035
1.459980 -3.755528 -2.744637
1.974240 -3.101836 -2.126170
1.309422 -3.755852 -2.133739
2.011267 -3.778795 -2.148322
2.072324 -3.802633 -2.158294
1.418677 -3.822009 -2.773270
1.425236 -3.825991 -2.719255
0.855243 -3.821023 -2.664645
1.618182 -3.805092 -3.280327
1.647892 -2.618237 -3.277569
1.587260 -1.406194 -2.632098
2.186867 -1.384282 -2.619283
0.958810 -1.376998 -2.618764
1.637595 -1.362520 -3.287107
1.586949 -1.349302 -3.327580
1.506375 -1.346813 -4.006743
2.140716 -1.344641 -3.988002
2.222602 -1.305856 -2.704417
2.270720 -1.241767 -2.729529
2.203698 -1.197710 -2.750219
2.715644 -1.786978 -2.742791
2.684441 -1.785461 -2.729910
2.732668 -1.147459 -2.113852
3.400676 -1.106509 -2.144271
3.348819 -1.105742 -2.792312
3.279404 -1.139618 -2.736255
2.672841 -1.148373 -2.041390
2.768038 -1.093121 -2.061178
2.809652 -1.023461 -2.779570
2.772593 -0.401127 -2.118687
2.750405 -0.421060 -2.074717
1.555091 -0.428326 -3.353556
1.641798 0.223771 -2.745466
1.674070 0.229193 -1.459455
1.659330 0.206321 -1.420928
1.661505 -0.500402 -1.365506
1.712359 -0.530689 -1.348248
1.129241 -0.538760 -1.356824
1.126703 -1.102837 -1.347868
1.725671 -1.071907 -0.688424
1.166117 -0.386105 -0.679671
1.180502 -0.382212 -1.369279
2.483008 -0.376506 -1.421794
3.077150 -0.348405 -1.427703
3.042335 -0.313348 -2.042484
3.026870 -0.306314 -2.044485
1.840270 0.940837 -2.097845
1.220747 0.329618 -2.126611
1.255700 0.368356 -2.090616
1.246527 0.394733 -2.046103
1.226264 0.388395 -2.076555
0.638660 0.367919 -2.164217
0.679896 -0.230825 -0.968009
0.723541 -0.232444 -0.985952
0.743779 0.982697 -0.991108
0.715992 0.929422 -1.035010
0.699565 2.154494 0.281535
0.715566 2.142706 0.305741
0.722552 1.505743 0.363789
0.686845 1.498788 1.040830
0.632962 1.494052 1.012872
0.608287 1.493048 0.311440
-0.648741 2.708965 0.282551
-0.691649 2.625676 0.931157
-0.744124 3.281767 0.913891
-0.171779 3.192587 0.893424
1.093530 3.149212 0.891238
1.114146 3.217471 0.912820
1.114621 0.695972 0.927245
1.716198 0.743940 -0.387018
2.294907 0.773383 -0.387258
2.291385 0.810531 0.252482
2.303085 1.473010 0.277014
2.293548 2.110530 0.249958
2.245254 1.454740 0.185958
2.191900 1.431223 0.148566
2.167204 0.812188 0.162556
2.164482 0.203493 -0.433941
2.153045 0.214787 -0.442887
2.114273 0.217194 -0.473344
2.080697 -0.979831 -0.485283
2.081834 -0.908974 -1.154015
2.111519 -0.889899 -0.452301
2.132270 -0.914192 -0.437542
1.506504 -1.527679 -0.411449
1.487712 -1.509172 -1.055888
1.467489 -0.814001 -0.376941
0.813897 -0.820060 0.332070
-0.369880 -0.850031 0.361130
-0.362741 -0.846893 0.393901
-0.355450 -1.387502 -0.264742
-0.332045 -1.966086 -0.277561
0.302154 -2.000676 -0.944873
0.308036 -2.052983 -1.533202
0.293576 -2.116174 -1.463043
0.921076 -2.144254 -0.796689
0.903761 -1.513708 -0.827864
0.899864 -0.940298 -0.877932
0.901362 -2.884991 -0.886994
0.885980 -2.406095 -0.859404
1.530554 -3.116039 -0.253650
2.867312 -3.143986 -0.254630
2.890579 -1.927092 -1.678908
2.239903 -2.615873 -1.610841
2.847774 -2.665663 -1.567205
2.242516 -2.002548 -1.573810
1.660904 -1.957191 -1.594306
1.675264 -1.231273 -1.601913
1.658544 -1.210279 -0.290492
1.639812 -1.780044 -0.959641
1.670272 -0.313138 -1.020737
1.728518 -0.264980 -1.038461
1.758078 -0.281666 0.365581
1.740825 -0.315690 0.405378
1.733430 -0.885360 0.447609
2.431499 -0.839853 0.470225
2.464234 -0.150056 -2.213109
1.784589 -0.164721 -2.838450
1.093984 -0.178040 -2.850951
1.079518 -0.157290 -2.905015
1.159210 0.471614 -2.976652
0.556515 0.498564 -3.029389
1.154294 0.489976 -3.053847
1.752868 0.455464 -3.057603
1.759888 0.441553 -3.046449
0.535006 0.461731 -3.015446
-0.129325 0.480810 -2.992669
-0.176780 0.480136 -3.001150
0.421431 0.467742 -3.040326
0.435069 0.476272 -3.079876
-0.189937 1.859998 -3.114167
-0.206456 1.853745 -2.510679
0.338658 1.817891 -2.557096
0.336246 2.378780 -2.579060
0.348972 2.353065 -2.552586
0.365079 2.360571 -2.515193
0.951199 2.386695 -1.858434
0.299917 2.402549 -1.856262
0.924336 1.782484 -1.860167
0.344462 1.171774 -1.852581
0.388625 1.202234 -1.842112
0.393411 0.566794 -1.830802
0.376270 0.535962 -1.866888
0.387897 0.469066 -3.075560
0.443026 0.430767 -2.981930
0.486232 0.445872 -2.947655
0.488662 0.469354 -2.369151
0.476875 0.452942 -2.405553
0.484588 0.414996 -2.418870
0.508868 0.422813 -3.625432
0.515021 0.476844 -3.625705
0.492311 1.678567 -3.667662
0.463607 1.652454 -3.738241
0.443063 1.615695 -3.772521
0.424071 1.609385 -3.726535
0.387686 1.611904 -3.670310
0.338115 0.931617 -4.310809
0.302761 0.883730 -3.157354
0.298041 0.860031 -3.226713
-0.977347 0.896744 -3.222357
-1.010317 0.942352 -2.496923
-1.056159 0.290388 -2.488322
-0.442895 0.242747 -3.126939
0.214186 0.909697 -3.114283
0.214349 0.957978 -3.720916
-0.483431 0.319289 -2.363241
-0.523019 0.296545 -2.307050
0.166394 0.945017 -2.982022
0.232311 1.628037 -3.019242
0.273067 1.718552 -2.362291
0.266917 1.765990 -2.336031
0.253064 1.748780 -3.008013
0.275315 1.733015 -3.065541
0.324180 2.417971 -3.101745
0.339180 2.463095 -3.083491
0.297462 2.444400 -2.403348
0.255847 2.379065 -2.405380
-0.380133 2.340704 -2.464590
-0.943035 2.378128 -2.537276
-0.912574 2.429347 -2.564189
