-4.262888 1.223509 1.098427
-4.309103 1.215479 0.440942
-4.320272 1.211488 0.400466
-3.655411 1.208968 0.376690
-3.002853 1.194498 -0.236419
-3.619565 1.801892 -0.844971
-3.595433 1.053280 -0.215539
-3.541508 1.059765 -0.892773
-2.205063 -0.150364 -1.548129
-1.542451 -0.078275 -1.561362
-2.819245 -0.612612 -1.576106
-2.868739 -0.638075 -0.353348
-3.505718 -0.065357 -0.449606
-4.122154 -0.043033 -0.527690
-4.118526 0.036300 -1.187369
-4.161570 0.581961 -1.140622
-4.215306 1.137279 0.179298
-4.203894 1.174310 -0.434811
-4.137370 1.868109 -0.421410
-2.804466 0.774949 -1.005902
-2.855949 1.395802 -0.952965
-2.940341 1.350161 -0.256444
-2.950730 1.294545 0.409717
-2.912104 1.279415 -0.242522
-2.909174 1.283425 -0.219725
-2.945712 1.230526 0.486559
-2.938738 1.790890 0.502387
-2.843421 1.113038 1.164131
-2.744181 1.175366 1.203078
-2.729649 1.276732 1.216328
-2.793684 0.070074 0.575529
-3.451132 0.087208 1.220598
-3.452819 0.134215 1.813310
-3.444987 0.163234 1.081767
-3.474247 0.186308 -0.242555
-4.128549 0.150080 -1.467919
-4.127039 0.094904 -1.424104
-4.053776 1.328901 -0.759684
-3.950892 0.740259 -0.754927
-3.893612 2.118427 -1.397893
-3.909034 2.167592 -1.387587
-3.947177 2.177822 -0.804111
-3.949140 0.889603 -0.836067
-3.343412 0.840014 -0.844010
-2.119696 0.830670 -0.817914
-2.158004 0.835150 -0.785385
-2.171611 0.790082 -0.755888
-2.144225 1.350113 -0.722995
-2.109395 1.279500 -0.678261
-2.109776 0.677098 -1.264942
-2.153508 0.725828 -1.274135
-2.864553 1.313054 -2.548391
-2.269403 0.714308 -1.904858
-2.331876 0.707110 -1.879779
-2.983861 -0.523336 -1.184380
-3.672971 -0.500402 -1.171559
-3.038217 -0.521711 -1.804435
-3.007384 -0.595077 -1.170425
-2.968589 0.630055 -1.149986
-2.965465 0.621059 -1.838939
-2.985574 0.620846 -1.924016
-2.981601 0.619120 -2.012721
-2.957376 0.627497 -2.059158
-2.955226 1.318790 -2.078009
-1.699279 1.945758 -0.881105
-1.724680 1.954783 -0.930375
-1.699112 1.946981 -0.954626
-1.628633 2.554155 -0.318924
-1.579096 3.721695 -0.303691
-1.589891 4.345839 -0.334913
-1.624825 4.348861 -0.394638
-1.623487 4.370994 -0.421387
-1.577035 3.771176 -0.380692
-1.547811 1.904344 -0.330022
-2.773543 1.238461 -0.316810
-2.837079 0.526321 -0.308429
-2.847999 0.481773 -0.889930
-2.778217 0.480723 -0.837551
-2.722325 0.483664 -0.211802
-2.763736 0.464683 -0.244570
-2.232523 0.444640 -0.926821
-2.283321 -0.162235 -0.904815
-2.249957 -0.116050 -1.487878
-1.562331 -0.685316 -2.079047
-1.621896 -0.653205 -2.071703
-1.718604 -0.629855 -2.047750
-1.763391 -1.886031 -0.067705
-2.326498 -1.205028 -0.011814
-2.243178 -1.179087 -1.219406
-1.582105 -1.186388 -1.241182
-1.615540 -0.600288 -1.269044
-1.620953 -0.610157 0.020080
-1.569600 -0.602557 0.660232
-1.519263 -1.240088 0.045260
-1.507928 -1.277049 0.004640
-1.504558 1.969286 -0.027958
-1.475662 1.357914 -0.041455
-2.752190 0.688017 -0.671484
-3.296656 0.622286 -0.686611
-1.947345 0.562352 -0.742299
-2.571656 1.176259 -0.133974
-2.554021 2.472976 -0.146727
-3.845980 3.121114 -0.143230
-3.786026 3.093992 -0.766373
-1.856220 3.087120 -0.738441
-1.916022 2.526897 -0.705738
-2.560681 2.590820 -0.037422
-2.483690 2.627018 -0.629739
-1.786088 1.976326 -0.617919
-3.059949 1.976763 -0.623358
-3.097619 1.999532 0.011879
-3.087442 2.638055 0.022765
-3.801592 0.818973 0.041372
-3.767805 0.795683 -0.587502
-3.838548 0.758770 -0.567328
-3.945905 0.746663 0.728015
-3.978053 0.764135 0.776024
-3.920133 0.132556 0.175783
-3.281023 0.106176 -0.477616
-3.337919 0.045582 -0.516824
-4.079255 0.697528 0.092252
-4.101642 0.689284 0.089285
-4.048962 2.067491 0.090504
-4.638539 1.999109 -0.591409
-4.019030 1.908741 -0.603963
-4.071755 1.228863 -0.603364
-4.036489 1.261967 0.081753
-3.947115 1.927495 0.097437
-4.538266 1.869469 0.066628
-3.306606 1.159972 -0.640029
-3.384160 1.139759 -1.319025
-3.369888 1.834316 -0.682771
-3.288602 2.513430 -1.354901
-3.268846 2.477349 -1.383438
-2.734739 1.161489 -1.413660
-2.792271 1.143648 -1.432605
-2.733016 1.190504 -1.432006
-2.611666 0.594720 -1.421395
-2.590362 0.574652 -1.429197
-2.695511 1.187138 -1.454373
-2.790745 1.159821 -1.459528
-1.521882 1.794920 -1.415311
-1.456123 1.800390 -1.339229
-1.487193 1.760427 -0.601750
-0.970790 1.703574 -0.559358
-1.024463 1.697651 -0.541701
-0.946237 1.745649 -0.513380
-1.442312 2.357672 -0.473496
-1.445937 2.355138 0.210327
-1.524728 2.365474 -0.501318
-1.548217 3.092023 -0.564616
-2.097228 3.133642 -0.565450
-2.019557 3.121677 -0.531030
-2.051418 3.081492 0.836726
-2.140050 3.052324 0.819941
-2.158089 3.054000 0.106039
-2.079251 3.069566 0.074818
-2.003361 3.076831 0.750232
-2.015341 3.085951 0.736805
-1.458239 3.093290 0.690958
-1.467852 3.077855 0.630087
-1.427761 3.118864 0.549166
-1.443676 2.486459 0.623533
-2.779932 1.899427 0.666113
-2.867591 2.515081 0.685528
-2.870565 2.469068 0.660698
-2.803669 2.449208 1.216702
-2.758244 2.461223 0.577894
-2.763666 1.763792 0.652763
-2.778232 1.720527 0.718525
-2.748681 2.948456 0.711698
-2.698041 2.320609 0.672133
-2.690046 3.040636 0.022998
-2.731187 3.039537 0.111661
-2.764112 2.375696 0.194369
-2.740878 2.891029 0.860119
-2.690103 2.878270 -0.505071
-2.047923 2.899544 -0.542188
-2.060025 2.256666 -0.504266
-1.441648 2.802893 0.203982
-1.400627 3.381275 0.187162
-3.276386 4.760862 0.127780
-3.300631 4.202532 0.123195
-3.329286 5.499984 -1.068914
-2.653923 5.469905 -0.347646
-2.602870 6.069442 0.311363
-2.573725 6.096719 0.844922
-2.577618 6.096200 -0.547587
-2.584126 6.106775 1.322521
-1.340471 5.485478 1.336942
-1.344624 4.871926 1.344670
-1.376963 4.919971 1.292168
-2.052147 4.922875 1.220812
-0.816601 4.922455 1.195848
-1.474369 4.949995 0.606814
-1.454768 4.396834 1.231453
-2.071457 4.391969 1.179160
-1.483244 3.665458 1.122249
-1.531649 3.642359 1.118917
-1.521402 4.289652 1.188457
-1.476717 3.677267 1.264324
-2.114898 3.658963 1.289192
-0.923873 4.261898 1.296885
-0.394841 5.581754 0.704202
-0.395549 3.758451 0.794460
-0.321496 3.798790 0.851408
-0.259764 4.373497 0.834964
-0.285117 3.778836 0.783163
-0.323306 2.419644 1.395567
-0.274894 1.808207 0.810620
-0.160880 1.137499 0.866052
-0.109670 0.989231 0.859178
0.479860 0.949243 0.810699
0.383797 0.337574 0.183847
0.385044 0.372067 0.827376
0.487780 -0.264836 0.874418
0.557422 -0.292261 1.498070
0.514721 0.328957 0.820677
0.465273 0.334768 2.059407
-0.138730 0.364962 2.069461
0.006322 0.387808 2.098891
0.724598 1.056886 1.469546
0.637078 1.074892 1.417773
0.542438 1.105963 1.387571
0.576661 1.151768 0.804785
0.690225 1.197569 0.886143
0.723492 1.859225 0.303515
0.655813 1.879019 0.286267
0.626290 1.269272 0.892150
0.720796 1.260383 0.936630
0.219298 1.275061 0.991637
0.209115 1.929357 1.011361
-0.593540 2.543947 1.000456
-0.668873 -0.023876 1.007929
-0.620023 -0.646077 1.062666
-0.569886 -0.667956 0.456837
-0.629215 -0.024646 1.700134
-0.718630 -0.009300 1.652458
-0.697898 -0.000361 1.008006
-0.563340 0.597116 1.611086
-0.473889 0.596631 1.599669
-1.167891 0.618363 1.549226
-1.254528 -0.007788 2.128968
-1.891183 0.789892 2.094066
-1.801075 1.470444 2.093301
-1.788658 2.105368 2.090273
-1.261295 2.131100 2.687499
-1.319205 1.560665 2.025473
-1.894259 2.211481 2.047475
-1.828277 2.190911 2.074913
-1.824553 2.172976 2.077493
-0.572609 2.799369 2.033372
-1.227568 0.231410 1.418023
-1.226116 0.237906 0.819496
-1.227021 0.811652 0.821962
-1.271364 0.777794 1.414494
-1.338695 0.777392 1.396545
-1.365525 0.779111 1.419968
-0.705704 0.745336 1.431268
-0.686688 -0.578582 1.371948
-0.696145 0.048373 1.278061
-0.690657 0.752457 1.268818
-0.632832 0.157403 1.343714
-0.573139 0.167411 1.386966
-0.558865 0.153176 1.336777
-0.574455 0.137380 1.885738
-0.564758 0.112366 1.909027
-0.509375 -0.559390 1.341280
-0.461883 -0.608701 1.332861
-0.460912 0.041603 1.863282
-0.480748 0.054865 1.763565
-0.479535 0.728198 2.469107
-0.445090 0.736308 2.518606
-1.662581 0.085859 3.235566
-1.698930 0.704882 3.198686
-1.748171 0.685271 3.146460
-1.783721 0.666849 3.144481
-1.802290 -0.620819 3.826427
-1.812666 -0.640753 1.925843
-1.814055 -0.689648 0.562640
-1.815757 -0.076633 1.112325
-3.081095 -0.067201 1.106821
-3.683638 -0.073235 1.113244
-3.663025 -0.086039 1.081903
-4.240109 -0.097279 1.658609
-4.195008 -0.108865 1.669380
-3.576541 -0.092898 1.749398
-3.611528 -0.666198 1.162299
-3.665879 -1.267660 1.132480
-3.704756 -1.235767 0.445977
-3.714041 -1.226304 0.450838
-3.714413 -0.567084 -0.116515
-3.736626 -0.536460 0.547706
-3.752464 -0.519138 0.470105
-3.754418 -1.801040 0.456010
-3.087434 -1.242714 1.159928
-3.736807 -1.247889 1.261373
-2.520391 -1.214204 -0.000771
-2.600669 -1.250507 -0.652130
-2.002555 -1.302140 -0.669813
-1.980414 -1.329364 -1.272606
-2.573708 -1.914651 -0.569325
-3.156256 -1.287860 -1.881060
-3.108289 -1.944005 -1.913881
-2.389254 -0.690273 -1.938605
-0.560012 -0.667397 -1.264882
-0.517729 -0.019181 -1.220870
-0.512575 0.006732 -1.235122
-0.536745 0.052956 -1.285744
-0.560544 -0.524505 -0.683164
-0.558464 -0.476653 -0.649256
-1.152664 -0.459705 -0.613893
-2.437409 0.178306 -0.613476
-2.448333 0.817674 -0.651759
-2.464571 0.210960 -0.697510
-2.458592 -1.013061 -0.712690
-2.447525 -0.992729 -0.085373
-2.466284 0.300134 -0.072291
-2.510263 0.329696 -0.103751
-2.553296 0.364315 -0.163482
-2.577150 0.369081 1.168241
-3.813794 0.347241 1.783136
-4.412485 0.323036 1.801730
-3.774784 0.286189 1.778275
-3.778228 -0.407052 1.788614
-3.801874 -0.448114 1.240749
-3.162028 -1.084046 1.306298
-3.180927 -0.453204 1.346568
-3.843229 -1.089810 1.356188
-2.676316 -1.774222 1.350416
-3.377835 -2.449639 1.355222
-3.392758 -1.804393 1.355795
-3.362591 -1.157490 1.324625
-3.328293 -1.853122 1.287869
-3.322148 -1.887938 1.303413
-3.322090 -1.892092 1.376954
-3.297461 -1.879298 0.190437
-3.262901 -1.872067 0.214642
-3.249565 -1.863958 0.236232
-3.266634 -1.846367 0.268444
-4.587271 -1.198366 0.294255
-4.574434 -0.552117 0.295506
-4.533304 -0.541122 0.279458
-5.154156 0.077881 0.934284
-5.152154 0.611153 0.949541
-5.143465 0.583989 0.299711
-5.135653 -0.684004 0.292312
-5.127244 -0.654042 0.266863
-5.137474 -0.645244 0.240672
-5.156432 0.032309 1.409926
-5.167593 0.043740 0.641268
-5.170228 0.081534 1.186048
-5.140854 0.094553 1.151405
-5.096490 0.054385 1.825324
-5.030391 -0.008749 1.848865
-4.972150 -0.031540 1.830392
-4.958680 -0.673422 1.153156
-4.966864 -0.674456 2.358840
-4.980103 -0.693801 2.399283
-4.971077 -0.712437 2.398385
-6.231185 -0.052343 2.339628
-6.228606 0.627194 1.095196
-6.236632 1.812669 1.806622
-6.229303 1.769824 1.887861
-6.181855 1.707145 0.573462
-6.125743 1.660759 -0.051626
-5.493001 1.629223 -0.056733
-5.532388 0.979187 -0.736337
-6.837482 1.623098 -1.236191
-6.862070 1.628175 -1.821508
-6.863147 1.010023 -1.807517
-6.865429 0.383244 -0.515221
-7.507324 1.675033 -1.113176
-6.895337 1.664361 -0.473742
-6.907861 1.037718 -0.445078
-6.891685 1.003140 0.777083
-6.889908 0.976244 -0.507828
-6.932841 0.976463 -1.803403
-7.018213 0.988986 -1.172755
-7.728103 0.992164 -0.536877
-7.733379 0.976213 -1.193684
-6.404185 0.953517 0.033513
-5.768810 0.935188 0.601587
-5.774764 0.317319 1.191046
-5.715662 0.333145 1.150598
-5.008031 0.992066 1.091631
-4.949578 0.994347 1.014210
-5.628398 0.982406 0.982709
-5.689696 0.979686 1.631047
-3.851778 0.993118 1.622673
-3.783070 0.382164 0.962971
-4.371306 0.999428 0.305148
-4.405781 0.333801 0.334750
-5.010594 0.319595 0.941508
-4.358308 0.978672 0.961013
-3.708333 1.005724 0.959865
-4.344739 1.021315 1.602656
-4.415278 0.330365 1.638004
-4.475148 0.315627 1.693796
-4.461670 1.023590 1.724788
-4.404596 1.821349 1.717190
-3.769654 1.805795 2.320519
-3.785923 1.750332 2.981277
-3.137877 1.723487 3.656069
-3.685192 0.515329 3.036019
-3.616466 1.172204 3.055219
-3.613194 1.177732 0.555351
-3.680184 -0.106717 0.580684
-3.116552 -0.100673 0.006278
-3.709124 0.578355 -0.630790
-4.273916 -0.010518 -0.647039
-4.254527 -0.026121 -0.670784
-4.274227 -0.715511 -1.309698
-4.270724 -0.088530 -1.323206
-4.209083 0.567578 -1.371239
-2.906994 1.164639 -1.427471
-1.732272 1.098678 -1.476251
-1.825723 0.371020 -0.862190
-1.263181 0.355535 -0.850533
-0.623932 0.982528 -0.866496
-0.580791 0.957597 -0.856026
-0.585913 0.903184 -0.836750
-1.220820 1.479883 -1.488646
-1.174349 2.102411 -0.876635
-1.071119 2.783558 -0.228928
-1.018773 2.758529 -0.206781
-1.067084 1.512728 0.462185
-1.138929 1.496464 0.464048
-1.127586 2.127277 0.462920
-1.053018 2.148411 -0.138245
-1.024025 1.544887 -0.109841
-1.052490 0.917310 0.576866
-1.061954 0.912856 1.209150
-0.318295 0.873475 1.206024
-0.844502 0.883779 0.579107
-0.832132 0.294984 0.595838
-0.888384 0.364045 -0.022481
-0.926433 -0.184497 0.616878
-0.910557 -0.179321 0.615107
-1.532954 -0.169781 0.620169
-1.558231 -0.132662 1.290961
-1.557321 -0.093549 0.049463
-1.534678 -0.118378 0.036712
-1.504261 -0.196140 -0.601394
-1.502083 0.339431 0.022126
-1.528636 0.987914 0.000314
-0.290927 0.990849 -0.018714
-0.260208 0.961546 -0.071768
-0.237237 0.921421 -0.115980
-0.246061 1.550476 -0.125298
-0.282816 1.562182 -0.749396
-0.931974 0.898758 -0.771306
-0.249297 0.879528 -0.165547
0.424751 0.202358 -0.857579
0.408072 0.193886 -0.238361
0.335342 -0.409337 -0.285583
-0.407536 0.272500 0.345690
-0.455192 0.925002 -0.338816
-0.458491 0.944857 -0.307390
-0.458983 0.959731 -0.267643
-0.467580 0.991607 -0.224088
-0.479145 1.020358 -0.222497
0.179294 0.347462 0.399344
-0.429177 0.300623 -0.812073
-1.028695 0.286403 -0.735019
-1.016713 1.618200 -0.721166
-0.403905 1.655541 -0.133043
-1.102868 1.009520 0.491094
-1.144870 0.991295 0.515930
-0.504364 2.322444 1.176894
-0.506047 1.752330 1.179621
-0.506498 1.111733 1.136870
-0.492886 1.074881 1.104258
-0.456142 1.043646 1.096665
-0.408475 1.084965 0.500566
-0.379046 -0.157000 -0.122631
-0.376784 -0.132509 -0.156995
-0.388144 -0.150417 -0.202296
-0.392186 -0.162465 -0.195305
-0.381052 -0.117925 -0.762542
-0.375158 -0.697902 -0.728053
-0.371949 -0.737171 0.518468
-0.352638 -0.823183 -0.149188
-0.933006 -0.864782 1.035690
-1.520604 -0.220859 1.681650
-1.512941 -0.208904 1.701819
-1.544763 -0.232251 1.705682
-1.570829 0.962339 1.747692
-1.564323 2.253264 2.378755
-0.915061 2.326551 3.063375
-0.909332 1.702290 4.381313
-0.925000 0.371811 3.674753
-0.930510 0.323790 4.372754
-1.542894 -0.294011 4.537003
-1.507432 -0.252874 4.614656
-1.520052 -0.225325 4.635603
-2.174983 -0.878348 4.611638
-2.211414 -0.865214 4.606698
-0.967554 -0.788302 3.277964
-0.906977 -0.719461 3.283844
-1.556410 -0.727389 2.543660
-1.579361 -0.784444 1.823267
-1.586170 -0.823603 2.417812
-1.549115 -0.828064 2.426933
-1.507194 -0.844497 2.399371
-0.859872 -0.894276 2.354100
-0.903320 -0.941682 2.366606
-0.954404 -0.934332 2.442161
-0.331515 0.434069 2.492615
-0.935678 0.400049 3.131506
-0.936390 0.293811 3.780100
-0.959184 1.497665 3.798903
-0.950077 2.104098 3.847525
1.048885 1.523637 3.863239
1.093909 2.162548 3.834431
-0.167999 2.105498 3.821425
-0.187760 0.849060 3.866530
-1.593625 0.937890 3.930453
-1.560953 1.052405 3.944411
-1.525858 1.084636 3.220407
-1.548466 1.062742 2.524256
-1.591653 1.068686 3.180526
-1.594850 1.126877 3.226383
-2.186043 0.579543 3.182488
-2.155395 0.615989 2.423183
-2.186839 0.617078 2.351289
-2.218359 0.616078 2.382687
-2.203634 0.624454 2.436116
-2.171683 0.627545 2.420520
-2.195816 0.616406 2.968530
-2.264156 0.590148 2.914440
-2.295721 1.205264 2.958429
-2.277419 1.157113 3.025678
-1.631647 1.124411 3.033057
-3.017676 1.117495 2.344121
-3.080824 2.454802 2.293221
-3.107372 2.464887 2.311372
-3.093961 1.851854 2.374571
-3.090438 1.271782 2.408581
-2.507241 1.242914 2.370084
-2.555253 1.205204 2.322942
-2.568517 1.785005 2.326463
-3.193113 2.378489 2.366413
-3.185585 2.372742 1.784231
-3.212652 2.350292 1.762128
-3.866086 2.324720 1.733581
-3.884671 2.943135 1.757200
-3.878879 2.974430 1.828656
-3.849242 2.399589 1.874779
-3.819430 2.393256 1.863405
-4.457994 2.350973 1.845485
-4.434601 2.968289 2.500672
-4.387762 3.005526 2.495297
-4.324639 3.053601 2.477819
-4.281212 3.054977 2.440828
-4.276785 3.011273 2.399222
-4.301113 3.010181 1.738946
-4.310453 2.410710 1.717192
-4.295754 2.446425 1.693874
-4.297419 1.737764 0.332349
-4.319419 1.718046 0.324013
-4.326180 2.342225 0.325380
-4.273878 2.353920 0.323398
-4.253749 2.342050 -0.300100
-4.284869 2.285181 0.307066
-4.343419 2.240892 0.313187
-4.374931 2.267018 -0.335537
-4.366915 2.308508 -0.333319
-5.626575 2.315140 -0.323259
-5.676404 2.287174 -0.914369
-5.696291 0.523830 -0.252917
-5.667393 1.235754 -0.257805
-5.616037 1.276573 -0.260557
-5.573547 0.646383 -0.244090
-5.539267 0.611501 -0.224706
-5.485165 0.621183 -0.232473
-5.419275 0.686821 -0.269520
-4.756304 0.755966 -0.288861
-4.121549 0.110303 -0.257137
-3.534709 0.025262 -0.202719
-3.518008 0.021524 -0.181001
-3.458911 0.033840 -0.183419
-4.105445 -0.617617 -0.161567
-4.119312 -0.667579 1.166667
-4.754770 -0.045272 1.843707
-4.031520 -0.032006 1.163369
-4.649622 0.634842 1.148447
-4.698030 2.515087 1.156037
-4.801546 2.514824 1.181848
-5.557957 2.531310 1.175999
-5.519346 2.534340 0.488085
-5.473977 2.435024 0.465790
-4.811596 1.786852 0.472588
-4.854493 0.534544 0.481899
-4.835977 0.576539 0.475019
-4.767305 0.650860 -0.776798
-4.751943 0.712479 -0.707166
-4.827045 -0.521740 -0.669398
-4.288343 -1.105056 -0.694594
-4.287105 -1.747010 -1.370690
-4.250148 -1.757357 -1.349453
-4.281306 -1.140485 -1.293789
-4.365410 -0.513390 -1.260756
-4.393432 -0.525421 -0.045674
-4.334001 -1.167442 -0.716269
-4.253055 -0.484854 0.640528
-4.218470 -0.486364 0.070788
-4.250667 -0.502980 0.743328
-4.255312 0.137208 0.730556
-4.221115 0.089717 0.713715
-4.182140 0.679741 0.653674
-3.567305 1.259161 0.000022
-4.237878 -0.055000 -0.042108
-4.828322 -1.400368 1.242973
-4.793402 -1.423790 1.230982
-4.759440 0.430803 1.219242
-4.765356 1.090676 1.184642
-5.459984 0.507466 1.762201
-5.482785 1.136506 2.406234
-5.481561 1.173403 1.799755
-4.179713 0.567029 3.115392
-4.195953 0.551195 3.069199
-4.223757 0.530238 3.606733
-4.239468 0.508190 2.918348
-4.230385 0.484573 2.971925
-4.220859 0.461048 2.341050
-4.252161 0.451278 2.321499
-3.680422 0.474473 2.277197
-3.733548 0.500401 2.281809
-4.360359 2.517047 3.004222
-3.726898 2.475612 1.839736
-3.770032 2.393152 1.789883
-4.450591 2.348462 1.722788
-4.459159 1.687497 1.692952
-5.032342 1.053540 1.100142
-4.376552 1.059565 0.456933
-3.800858 1.080435 0.398657
-3.838589 1.145301 0.344781
-3.807484 1.233921 1.002092
-3.730245 1.291336 1.033940
-4.343597 1.282678 2.298820
-4.376850 1.225085 2.249611
-4.382352 2.504320 2.183033
-4.968869 3.081717 2.174296
-4.901470 2.491278 1.581640
-4.899065 2.470360 1.593699
-4.918922 2.431364 1.574760
-4.257602 3.053632 1.567889
-2.902694 2.427895 1.606863
-2.844018 3.113264 1.649059
-2.826861 2.456430 1.662617
-2.818304 2.399060 1.642783
-2.785153 2.339779 1.630374
-2.716972 2.323876 1.641073
-3.321769 1.684620 1.650822
-3.326213 1.083481 2.303156
-3.331468 1.093624 2.265420
-3.307645 1.111506 2.277133
-3.267330 0.502984 2.930961
-3.269453 0.567019 2.922875
-3.312975 0.613970 2.274434
-3.354584 0.614544 2.257657
-3.348564 0.577752 2.254576
-3.325800 0.551420 2.244814
-3.340659 1.766306 2.206910
-3.382856 1.771399 1.529225
-3.415548 1.740640 1.503554
-3.419094 1.022488 1.535646
-2.790447 1.041532 1.582979
-2.833715 3.075204 1.572358
-2.877265 3.086116 0.320404
-2.895320 3.667774 0.300571
-1.619647 2.918010 -0.247675
-1.627529 2.881866 -0.219084
-1.634752 3.570735 -0.274878
-1.631727 3.566914 -0.341206
-1.000123 3.537179 -0.329779
-1.622701 3.495867 0.436548
-1.027194 2.812792 0.483766
-1.667392 2.882735 -0.217877
-2.270706 2.940844 -0.253758
-2.240628 2.941451 -0.229246
-2.252323 2.271112 -0.179014
-2.290200 2.881275 -0.187042
-2.302290 3.618331 -0.259332
-2.277062 3.071305 -0.307602
-2.267397 3.083112 -0.280393
-2.305653 3.689837 -0.220837
-2.346857 3.064277 -0.203964
-2.341353 1.862353 -0.248097
-2.303187 1.966207 -0.272872
-2.304013 1.984890 -0.244885
-1.715670 1.917703 -0.202260
-1.731846 2.564604 -0.209893
-1.684987 1.964157 -0.270278
-1.630331 1.979216 -0.944863
-1.628207 1.984531 -0.937430
-1.653463 1.982651 -1.539383
-1.648857 2.627978 -1.522291
-1.615536 2.631439 -0.898934
-1.611852 2.616605 -0.911726
-1.675440 2.592392 -0.906483
-0.587353 2.579836 -0.874178
-0.636574 1.956403 -0.209019
-0.637931 1.949477 -0.229251
-0.015641 1.890481 -0.283672
-0.051239 1.865913 -0.343368
-0.090363 1.881750 -1.036547
-0.098345 1.923966 -1.039471
-0.080610 1.938617 -1.054290
-0.098521 1.920233 -1.104801
-0.111037 1.908654 -0.497668
-0.136435 1.910968 -0.528233
-0.774807 2.561164 -1.203167
-0.130406 2.518632 -1.240501
0.514281 3.111076 0.614337
-0.097423 2.449379 0.584339
-0.100393 2.445408 -0.006744
-0.112420 2.425753 0.031990
-0.107791 2.374757 0.049577
-0.087404 1.715420 0.054860
-0.074905 2.307382 0.084665
-0.062148 2.911348 0.141290
-0.673512 2.879667 0.175663
-1.832860 2.855661 -0.496342
-1.777060 2.853484 -0.539496
-1.787080 3.483956 0.079063
-1.822062 3.495309 0.120215
-1.847069 2.886138 0.154318
-1.830516 2.253754 0.146917
-1.825237 2.288883 0.120811
-1.866003 1.677473 0.771596
-1.898326 1.676203 0.799770
-1.882351 1.061478 0.173240
-1.177350 1.717863 0.122040
-1.138259 2.341340 0.067575
-1.152602 2.962781 0.052157
-1.174558 2.930033 0.081044
-1.805464 2.958202 0.106848
-1.746606 3.028730 0.109119
-1.703466 3.060738 0.123215
-1.070115 3.667944 -0.508939
-1.697870 3.621504 -0.461304
-1.678967 2.997415 -0.438053
-2.289445 4.251049 -0.436039
-2.306258 2.991265 -0.437417
-1.737082 2.942728 0.169868
-1.108218 2.891561 0.164622
-1.111973 2.871178 0.158285
-1.067108 3.504531 0.157705
-0.503984 3.508117 0.156971
-0.533269 4.160504 0.130005
0.096129 4.779841 1.443884
-1.159956 4.792791 1.409450
-1.128230 6.698839 1.399697
-1.121789 6.710044 1.414457
-1.773105 4.205802 1.414023
-1.829837 4.235526 1.396848
-1.834671 4.267225 1.381324
-1.773021 3.626324 0.743754
-1.705140 3.036550 0.757515
-2.352344 3.059733 0.726270
-2.366152 3.063942 0.677808
-3.025937 2.360326 0.010846
-2.954839 2.306579 0.003704
-2.884477 2.248687 0.008638
-2.873332 2.214590 -0.010050
-2.930731 2.209788 -0.026866
-3.003609 2.862063 -0.026422
-3.045125 2.858523 0.005179
-3.669743 2.839759 0.039022
-3.685811 2.832914 0.053733
-3.710223 2.216015 0.077747
-3.707021 2.872213 0.111457
-3.676748 2.873320 0.147246
-3.652474 2.850774 0.158551
-3.665005 3.527782 -1.115701
-3.705122 3.559873 -1.131156
-3.734700 3.631195 -1.124047
-3.738262 4.350369 -1.088966
-3.724270 4.363865 -1.064375
-3.708782 4.350120 -1.068066
-3.682640 4.350768 -1.080532
-3.637404 1.712725 -1.095505
-3.593600 1.720684 -1.117870
-3.563362 1.005022 -1.149733
-3.549826 0.976621 -0.567063
-3.530860 0.330763 -0.626916
-2.256790 0.347243 -0.666319
-2.172458 0.327533 -0.694818
-2.161717 0.295610 -0.699597
-2.157580 0.301456 -0.695785
-2.131411 0.327422 -0.701309
-2.758380 0.324778 -0.722359
-2.759592 -0.359115 -1.414478
-2.190849 -0.437060 -1.412147
-2.213773 -0.430246 -0.782446
-2.217720 -0.425702 -0.760837
-2.232538 0.894225 -0.746806
-1.611770 1.522281 -0.720319
-1.648176 0.908510 -0.657378
-1.665782 0.942352 -1.225545
-2.305799 -0.951490 -1.193128
-2.283750 -0.958841 -1.177938
-2.278980 -1.667764 -1.155832
-2.282034 -1.072198 -1.130201
-2.277484 -1.061551 -1.135205
-2.258870 -1.698203 -0.508001
-2.250138 -1.726220 -0.523607
-1.586999 -0.498671 -0.526356
-1.565326 -0.498610 -0.538438
-1.557456 -0.427555 -0.566641
-0.938445 -0.407432 -0.574242
-0.953013 -2.374397 0.094581
-0.950220 -1.040767 0.109863
-0.939195 -0.388383 0.066511
-0.952800 -0.383279 0.019534
-0.999000 -0.410450 0.042244
-1.044754 -1.077521 0.118000
-1.055454 -1.093368 0.174684
-1.040625 -1.078131 0.183672
-1.031485 -1.048186 0.203912
-0.419039 -1.665287 0.276584
-0.454573 -1.667078 0.370622
-1.087961 -1.014488 -0.217460
-1.074910 -0.997608 -0.223584
-1.735512 -0.973888 -0.220042
-1.761554 -1.649617 -0.176224
-1.789059 -1.692341 -0.125064
-1.784169 -1.072667 -0.116041
-1.734806 -1.052617 -0.136840
-1.660745 0.319366 -0.138971
-1.613469 -0.325083 -0.118845
-1.603366 -0.325082 -0.105331
-1.608281 -0.254214 -0.125655
-1.597469 -0.171482 -0.144106
-1.575651 -0.131897 0.475025
-1.580237 -0.148542 -0.086038
-2.213425 -0.780092 -0.105962
-2.218672 -0.734401 0.451165
-2.159315 -0.688380 0.415363
-1.410498 0.559393 0.396753
-1.370287 1.168936 0.361834
-2.058980 1.183858 0.313349
-1.386806 1.855527 0.290860
-1.335445 1.882625 0.314010
-1.267676 1.237149 0.335100
-0.641497 1.885316 0.326697
-0.721739 1.881842 0.314532
-0.775740 1.893735 0.344022
-0.129463 1.876044 -0.897658
-0.113620 1.219284 -0.883620
-0.150975 1.793947 -0.943517
-0.226386 1.769900 -0.999708
-0.280898 2.979448 -0.969390
-0.270180 2.303025 -0.886681
-0.869054 1.023659 -0.869075
-0.230346 1.583586 -0.952675
-0.957015 1.513928 -1.049165
-1.593000 2.084033 -1.061115
-2.193384 2.076189 -0.341038
-0.855757 2.700351 0.368648
-0.862677 2.685889 -0.342220
-0.884394 2.708401 -0.414675
-1.533273 2.124184 -0.411529
-1.461222 2.173535 -0.351841
-1.418743 2.201446 0.328581
-1.451525 2.173429 0.924282
-0.813530 1.527333 -0.394992
-0.795360 1.579537 -0.380400
-0.742592 1.651008 0.375713
-0.734609 1.685613 0.440972
-0.780290 1.663798 1.067351
-0.841539 1.631228 1.014403
-0.876640 1.635313 0.369260
-0.204427 2.342154 -0.843208
-0.213588 2.336110 0.558852
-0.253150 2.247219 0.552834
-0.308940 2.124598 0.461601
-0.338665 2.044972 -0.241987
-1.030539 2.047271 0.412297
-1.033610 2.047064 0.416209
-1.043667 2.004078 1.720755
-1.063058 1.294886 1.684121
-1.084949 1.248015 1.652525
-1.106021 0.654869 1.069492
0.176726 0.070626 1.118156
0.185982 0.060860 0.440066
0.204234 0.647064 0.365466
0.205834 0.628180 -0.369251
-0.400679 0.693860 -0.383147
-0.361171 0.134114 -0.936298
-0.322300 0.766020 -0.902398
-0.313410 0.103550 -0.334910
-0.333611 0.759802 0.248399
-0.341505 0.219314 -0.407974
-0.332973 0.898619 -1.646181
0.293510 0.897164 -1.601056
-0.386646 0.226318 -0.931938
0.240345 0.234963 -0.946076
0.271125 0.874590 -0.950701
0.293074 0.860206 -0.266963
-0.397217 1.412716 -0.257830
-0.463872 1.366940 -0.290050
-0.510725 1.378343 0.343271
0.167371 1.395221 0.337445
0.203264 1.364727 0.359846
0.185745 1.323677 0.369740
1.363033 1.322784 0.359236
1.352939 1.363430 0.958120
0.755226 1.375619 0.302352
-0.486023 0.049230 0.320927
-0.525044 0.019114 0.361936
-0.583432 0.052793 0.378425
0.029691 0.102841 -0.985588
-0.561256 0.106193 -0.386279
-0.545329 -0.568331 0.871878
-1.192646 -0.575475 0.860409
-1.217024 0.086165 0.203558
-1.212902 0.130313 0.180901
-2.457372 0.146938 0.140500
-2.481783 -0.481678 -0.474356
-2.542001 0.134325 -0.432847
-2.602207 0.161458 -1.003977
-2.624722 0.196766 -0.981926
-2.618180 0.195725 -1.001750
-2.621480 0.161493 -0.389076
-2.629373 -1.146371 -0.344024
-2.618737 -1.163118 -0.293186
-2.584929 -0.526869 -0.287917
-2.551465 -0.569820 -0.318653
-2.550988 -0.614608 -0.337522
-2.577599 -0.646107 -0.981958
-2.611059 -0.660357 -0.340680
-2.623066 -0.663745 -0.996543
-2.615448 -0.675203 -1.681078
-2.609398 -0.678939 -1.745133
-2.617358 -0.657064 -3.087908
-2.627282 -0.622147 -2.436097
-2.605047 -0.599834 -2.441900
-1.886595 -1.239636 -2.435851
-1.843141 -1.246989 -2.442437
-1.836292 -1.202240 -3.019700
-1.851677 -0.494235 -2.976150
-1.843724 -0.488002 -2.936500
-1.805635 -0.560887 -2.940297
-1.772942 -1.312558 -2.366873
-1.774072 -1.339581 -1.176001
-1.791750 -0.701092 -0.525608
-1.787117 -0.727880 -0.498068
-0.537939 -0.797658 -0.475376
-0.520308 -0.182031 -0.465844
-0.538618 -0.123196 0.162311
-0.581383 -0.039989 0.202918
-0.611134 -1.184961 0.242972
-0.618690 -1.223642 0.937115
-0.618518 -1.242531 0.927310
-0.646421 -1.211118 0.904003
-0.693566 -1.152224 0.913477
-0.063058 -1.116878 0.947739
-0.023540 -1.094794 -1.028887
0.015053 -1.044890 -1.067811
-0.591301 -1.630531 -1.092886
-0.650429 -1.561926 -1.052376
-0.679659 -2.182532 -0.990089
-0.656970 -2.159318 -0.979782
-0.647720 -2.144999 -1.001309
-0.712016 -2.153853 0.886850
-0.800548 -3.430365 0.994142
-0.803063 -3.466835 1.098237
-0.723319 -3.485560 -0.245727
-1.288759 -3.488856 -0.272400
-1.293154 -3.498343 -0.258752
-0.682503 -3.555858 -0.194236
-0.674539 -4.178431 -0.156398
0.649503 -4.164639 -0.195163
0.667279 -3.494683 -0.255919
0.608610 -3.581378 -0.267720
0.525206 -4.312971 0.443019
0.504851 -4.316274 0.472151
0.553692 -4.289769 0.440977
-0.025621 -4.290722 0.401862
-0.015077 -4.921646 0.392463
-0.028490 -4.308481 1.031611
-0.026578 -4.276325 1.680378
-0.008049 -2.952567 1.649399
-0.017262 -2.948029 1.635934
-0.072242 -2.966091 1.663987
-0.133766 -2.976709 1.708627
-1.323256 -1.693117 1.718630
-1.908294 -1.712663 1.704511
-1.873604 -1.747893 1.708933
-1.867315 -1.788069 1.083430
-1.894302 -1.157668 1.712016
-1.928757 -1.160772 0.399262
-1.947900 -0.561842 0.381787
-1.327772 -1.846854 0.392204
-1.350754 -1.883562 -0.253864
-1.393237 -2.525286 -0.275038
-1.429231 -2.516722 -0.314464
