0.926769 1.921815 2.637246
0.931889 1.880548 2.584706
0.926904 3.090579 2.541751
0.905413 3.000919 2.543973
0.260136 2.306131 2.575743
0.293948 2.942133 2.594451
0.332145 2.344914 2.593019
-0.955317 1.721508 2.596033
-0.990028 1.668003 2.619410
-0.411180 2.257855 2.646907
-0.410901 2.276871 2.656599
-0.423333 2.271925 1.326466
-0.403637 0.951962 1.326765
-0.411229 0.945418 1.358975
-1.055735 1.013025 1.377309
-1.069128 1.075307 1.375634
-1.047539 1.054230 1.378696
-1.000226 0.997789 1.394307
-0.970081 -0.212772 1.407553
-0.980179 -0.176229 2.026728
-0.993833 -0.167115 0.129612
-0.957319 -0.221324 0.116425
-1.533204 -0.260401 0.055394
-1.496231 -0.228500 -0.009441
-1.522632 -0.809760 -0.022644
-1.568046 -0.133822 -1.222045
-1.574001 -0.718134 -1.194611
-1.554329 -0.717299 -1.240475
-0.913458 -0.710424 -1.297747
-0.966316 -0.045029 -1.894717
-0.394358 -0.057758 -1.195439
-0.386809 -0.115337 -1.161099
-0.365269 -0.154768 -1.230283
-0.368797 -0.141085 -1.302320
-0.394812 -0.088115 -1.261926
-0.991374 -0.037941 -1.149154
-0.935293 -0.020857 -1.114050
-1.555383 -1.300867 -1.198569
-1.525577 -1.276217 -1.932561
-0.164750 -1.263791 -1.913785
0.531144 -0.109897 -1.835736
1.209758 1.119457 -1.828929
1.169549 1.065568 -0.545129
1.152660 1.059341 -0.580366
1.161392 1.105410 0.060285
1.186538 1.786225 0.077041
1.772023 1.857990 1.389054
1.702293 1.909237 1.355625
2.363909 1.924388 1.356769
2.386117 1.933307 1.411073
2.399542 1.922550 1.454078
2.367926 1.881244 0.796237
2.334914 1.824677 0.790568
2.356756 1.782743 1.467394
1.765604 -0.142950 1.517842
1.760683 -0.796289 1.521749
1.689069 -0.789242 1.477293
1.637751 -0.754712 1.448967
1.667368 -0.112229 1.472499
1.747387 -0.137229 1.506679
1.793616 -0.157727 1.487509
1.139924 -0.164829 1.449404
3.020942 -0.180995 1.459415
3.041343 -0.240479 2.738346
3.083167 -0.299031 2.765777
3.060924 0.375851 2.721679
2.339521 0.428539 2.663101
2.263578 0.450263 2.638997
3.542237 0.381857 1.984043
2.311399 0.916356 1.947779
1.709695 0.272263 1.907247
1.691635 -0.305667 1.920014
2.293766 -0.322432 1.347464
2.322776 -0.395830 1.382611
2.387027 -0.445919 1.415601
2.344382 -0.410912 1.455411
3.484126 0.320328 1.496969
3.403150 0.326233 1.508208
3.382709 0.242117 2.114806
3.386328 0.170528 2.120638
3.377865 0.193609 0.868844
3.356661 0.245785 0.890387
2.090622 0.236243 0.876759
0.828787 0.162268 0.922731
0.840255 0.120329 1.023983
1.462842 0.167301 1.139954
1.420224 0.908406 0.417413
1.393018 0.946464 0.337102
1.404438 0.892593 0.314963
1.429706 0.854683 -0.336585
1.449414 0.885224 0.345084
1.452504 0.948969 -0.299899
1.475231 0.337728 0.943787
1.527445 1.526330 0.991463
1.561043 2.706186 0.395568
1.532366 2.047901 0.438883
1.471654 2.726624 0.438947
1.458480 2.802741 0.406244
1.503442 3.443655 0.378787
2.155936 2.114519 0.360827
2.149984 2.106239 1.032839
2.121437 3.440690 1.000593
0.832927 3.462253 0.949126
0.869546 3.461885 0.905649
0.879449 4.752170 0.903405
0.818869 4.780379 0.942359
0.741432 5.433444 0.953029
0.720503 4.823496 0.905296
0.744326 4.863115 0.857694
0.750421 4.927251 0.841586
0.711445 3.710793 0.855578
0.689300 2.428454 0.859591
0.104268 1.106768 0.847776
0.834809 1.157746 2.123476
0.834751 1.210646 2.177385
0.153091 1.200205 3.634478
-0.555290 0.473638 2.245284
-0.551158 1.018984 2.217046
-0.473569 2.301658 2.192906
-0.427650 2.355835 2.173635
-0.439167 1.701423 2.143077
-1.637208 1.620942 2.773078
-1.590959 1.562183 2.762632
-0.913934 0.979303 2.771142
-2.240441 1.651418 2.780958
-2.289856 1.007491 2.774518
-2.300910 0.959257 2.080952
-2.286258 0.907223 2.036252
-2.300752 0.884538 2.011807
-1.743744 0.886752 2.015418
-1.769468 0.879851 2.031025
-1.756263 0.230761 0.788114
-1.729972 -0.476510 0.190668
-2.365593 -0.471370 0.249130
-2.421322 0.241813 0.304847
-2.454690 0.285443 -0.331224
-2.476342 -0.357445 -0.321215
-2.474933 0.262486 -0.292391
-2.538350 0.927997 -0.273455
-2.583193 1.017639 -0.276682
-3.255920 0.481693 -0.282995
-3.183623 1.154988 0.374062
-1.866441 0.501828 0.400326
-1.950242 1.122363 0.384904
-1.971147 1.178994 0.329440
-1.327521 1.254594 0.296537
-1.945397 1.265274 -0.286697
-1.942481 -0.092761 -0.265439
-0.700600 -0.132413 0.322058
-0.719947 -0.088543 -0.357213
-0.662625 0.001534 -1.010390
-1.856141 0.685906 -0.947436
-1.814190 -0.665478 -0.914282
-1.848758 -0.736374 -0.930536
-1.878223 -0.704937 -0.325898
-0.604541 0.035905 -0.260160
-0.553049 0.666429 -0.824984
-0.565360 0.575718 -0.797990
-0.061540 0.497754 -1.448212
-0.095953 -0.112185 -1.474399
0.620823 0.669153 -1.442812
0.681388 0.735594 -1.394452
1.320877 0.675168 -1.374430
1.257919 0.586224 -1.382569
0.590144 -0.046531 -1.378259
0.616906 0.686833 -1.933019
0.658752 0.701799 -1.890353
1.323086 0.623078 -1.255667
1.286920 0.551406 -1.303056
1.277749 -0.050729 -1.962814
1.330208 0.048965 -1.329799
1.401507 0.089868 -0.730735
1.412842 0.008795 -0.144239
1.363359 -0.102109 -0.195377
1.343158 -0.122386 -0.827849
2.002027 0.542345 -0.800153
2.063659 1.187584 -0.774111
2.054168 1.167766 -0.103367
1.980729 1.144392 -0.156382
1.335143 1.170005 -0.197978
1.381934 1.231274 0.456552
1.452476 1.268023 0.472314
1.446768 1.255981 0.558096
0.725926 1.224966 0.568180
-0.575441 1.180321 1.176085
-0.536165 0.535981 1.080897
-1.151738 1.174027 1.116583
-1.207896 1.190749 1.135298
-1.863180 1.196981 1.088623
-1.852844 1.171068 1.007259
-0.547581 0.495770 -0.315541
0.122660 0.521420 0.968452
0.731913 0.564474 1.657672
1.273452 0.566322 1.688276
1.253048 1.169944 1.044187
1.265094 1.124440 1.022508
1.251204 1.140112 1.059213
1.187738 1.173236 2.440815
0.518589 1.164150 2.452016
0.527683 1.117164 1.808352
0.573479 1.086528 1.081274
0.588923 1.111911 1.083882
0.556894 1.157318 1.115403
1.138303 1.163202 1.129441
1.171262 1.132701 1.133367
1.220597 1.111868 1.162894
-0.072288 1.127141 1.194693
-0.114258 1.153906 1.188261
-0.143363 1.176068 2.432824
-0.092390 1.205989 1.726100
-1.315146 1.847373 1.707876
-0.606416 1.264736 1.709663
-0.600470 1.285740 2.333205
0.038009 1.912808 2.289110
0.031555 1.938484 2.261646
0.018556 1.924473 1.649554
-0.030138 1.883143 1.687989
-0.086048 1.856096 1.067364
-0.105131 1.846917 1.709760
-0.096898 1.855044 -0.149007
-0.696711 1.843073 0.465442
-1.987486 2.452602 0.487417
-2.567843 2.437455 -0.129224
-2.530579 1.767216 -0.172797
-2.495781 2.356986 0.421584
-2.490223 2.984435 -0.168362
-2.498213 2.957328 -0.110252
-3.088528 2.925016 1.087924
-3.035650 4.166178 1.015869
-2.996957 4.163688 1.656574
-2.973183 3.544658 0.955277
-2.318542 3.581754 0.966309
-2.255254 3.590166 1.623905
-2.222116 2.892577 2.187413
-2.248578 2.884749 3.462069
-2.308770 3.570611 1.595685
-2.935197 3.553850 1.594445
-3.562263 3.505010 2.198404
-2.991941 3.446715 2.151738
-1.103801 2.765726 2.119432
-0.547970 3.358533 2.132998
0.148859 2.666063 2.175635
0.208213 1.953508 2.213286
0.193753 1.880232 2.235914
0.106312 1.876486 1.603572
0.040075 1.943532 0.306309
0.713990 2.648666 0.308935
0.743763 1.315999 -0.319700
0.707431 1.274936 -0.342518
-0.051325 0.648200 -0.342844
-0.125288 0.705578 -0.966120
-0.107551 0.890333 -0.996649
-0.072279 0.195619 -0.386194
-0.109120 0.165249 0.300932
-0.213899 0.236165 0.347559
-0.297447 0.924686 0.353527
-0.300753 1.532756 0.341045
-0.270709 0.856631 0.339997
-0.918464 0.849333 0.344932
-0.316098 0.951053 0.975770
-0.364301 1.032835 0.938149
0.313825 1.015958 0.887403
0.375144 0.942473 0.880913
0.424633 0.311122 0.900393
-0.157758 0.362609 0.912058
-0.157543 0.386122 0.913698
-0.122753 0.347045 0.922787
-0.043759 0.300369 0.943545
0.045592 0.974350 0.331844
0.105141 1.697916 0.318724
0.131221 1.734388 -0.354572
-0.487158 1.117106 -0.325625
-1.142162 1.729519 0.324350
-1.130231 1.755274 0.342720
-1.132840 1.159846 -0.255066
-1.144966 -0.135322 -0.228428
-1.814646 -0.168386 1.102015
-1.819864 1.040500 2.360078
-1.191783 0.433542 2.317319
-1.822520 -0.144693 2.295414
-1.811207 -0.106423 2.319586
-1.824772 -0.106956 2.345038
-1.855627 -0.098703 2.304348
-1.882082 0.545583 2.228274
-1.894712 0.528023 1.546815
-1.894602 0.454988 1.582866
-1.891791 0.371286 1.610786
-1.885228 0.985834 1.581193
-1.868862 1.549417 2.163433
-1.831027 2.124888 2.189605
-1.793489 0.800503 1.664203
-1.144469 0.736661 1.712418
-1.168918 0.746755 2.276310
-1.206665 1.453173 2.836386
-1.845588 0.803669 2.808183
-1.854434 0.763507 2.839260
-1.863178 0.743251 2.850520
-1.879467 0.774750 2.809765
-1.888985 0.846891 2.798474
-1.878542 0.879499 2.817489
-1.865810 0.845754 2.862875
-2.509669 0.811745 3.516292
-2.551477 0.823811 3.491391
-2.619565 1.494636 3.471027
-2.669475 2.071502 2.816847
-2.689876 1.991155 2.816437
-2.690849 1.327469 1.609432
-2.692820 1.334727 1.570383
-2.690962 1.957546 1.559726
-2.662213 1.908676 1.559053
-2.589019 1.857480 1.573068
-2.504843 1.865888 1.588324
-2.481240 2.542957 0.412768
-2.503230 2.532332 0.454473
-2.513201 1.786120 -0.181041
-2.472658 1.082285 -0.242291
-2.420041 1.090128 -0.308374
-4.206816 1.127425 -0.315721
-4.162514 1.125566 -0.274416
-4.134216 -0.774873 -0.257048
-4.119123 -0.772383 -0.258143
-4.741701 -0.039267 -0.238160
-4.749589 -0.632578 -0.185208
-4.768293 -1.344822 -0.135668
-4.790021 -0.116317 -0.142889
-4.829341 -0.066802 -0.178770
-4.863607 0.031706 0.419584
-4.862592 0.071074 1.045940
-4.848440 0.017295 1.062462
-4.841649 0.613035 1.070141
-4.206490 1.997057 1.070642
-4.205595 2.129694 1.082806
-4.205418 2.137140 1.104804
-3.547219 2.032885 1.752814
-3.542992 1.989092 1.701696
-3.548356 2.676012 0.362534
-3.528685 2.776494 0.324516
-3.493342 3.401989 -0.327645
-3.458730 2.649318 -0.325267
-3.434377 0.733955 -0.346148
-2.794418 0.820160 -0.373694
-2.759722 1.545786 -0.368211
-2.731436 1.492882 -0.309610
-2.719562 1.357816 0.362044
-2.732352 0.660808 -0.259510
-2.750623 0.698896 -0.292194
-2.772632 0.726268 1.003176
-2.154495 0.007967 1.047352
-2.147209 0.535587 0.390275
-2.134068 1.176067 0.955272
-2.119453 1.899162 0.913544
-2.105228 1.970436 0.937538
-2.708948 1.940090 0.980788
-3.289556 3.175788 0.968052
-3.945943 3.168214 0.895462
-3.389397 2.578808 1.510524
-3.435886 3.283942 2.784784
-4.059807 2.634254 2.164313
-4.027386 2.596621 2.165616
-4.003575 1.953197 2.102460
-3.383249 1.353584 2.046019
-3.403713 0.149570 2.072277
-2.753461 0.168310 2.809435
-2.717785 0.121501 2.869289
-2.705304 -1.187306 2.876208
-2.751292 -1.830397 2.878278
-2.835542 -2.442205 2.921473
-2.873211 -2.445298 2.991448
-2.839601 -1.778971 2.385367
-2.810477 -1.774874 2.370873
-2.843327 -0.454614 2.349962
-2.921297 -0.409351 2.368359
-2.971676 -0.400737 3.047367
-2.956844 -0.431041 3.067668
-2.924109 -0.479886 3.062998
-2.937184 -0.522235 2.423947
-2.416543 -0.554706 2.453070
-2.505073 -0.587739 2.490815
-2.460335 -0.669745 2.486950
-2.390052 -0.701100 2.421296
-2.387973 -0.079635 2.362454
-1.792218 1.321144 2.356108
-1.808197 1.360384 2.382261
-1.745933 1.989113 2.389872
-1.671655 1.966654 2.368390
-1.670259 0.759786 3.049603
-1.716963 -0.452842 3.154037
-1.737020 0.247711 3.264028
-1.060014 -0.379265 2.640587
-1.052695 -0.372983 2.605900
-1.113718 -1.019418 2.594703
-1.781839 -0.956766 2.027622
-1.758845 -0.278090 2.080763
-1.682260 -0.307672 2.077957
-1.655038 -0.343338 2.030709
-1.696981 0.260036 1.385821
-2.353661 -1.128467 2.047180
-2.357650 -1.633496 2.077066
-2.334977 -1.601418 0.798093
-2.335099 -1.593805 1.397008
-2.355419 -1.567816 1.326506
-2.354221 -1.499091 1.295081
-2.311612 -1.423605 1.272018
-2.880311 -1.393255 0.617288
-2.266680 -1.384620 0.591577
-2.245171 -2.005502 0.589414
-0.960569 -2.001142 0.627732
-1.556504 -1.341645 0.686465
-1.554495 -1.342033 0.714114
-0.944208 -1.982141 0.681851
-0.928769 -1.975960 -0.029670
-1.519878 -1.971095 -0.048235
-0.858325 -1.341154 -0.037277
-0.239016 -2.000758 -0.015602
-0.197661 -1.999360 0.634438
-0.787164 -3.309897 -0.018072
-0.794190 -3.336290 -0.027377
-0.829947 -3.369744 -0.013475
-0.273258 -3.381303 0.007500
-0.307628 -3.365996 0.643771
-1.570988 -3.344246 1.232520
-1.603592 -2.706130 0.634430
-1.625817 -2.718422 0.644732
-1.028394 -2.721804 1.270407
-1.625868 -2.736375 1.917463
-1.632658 -2.771417 1.910443
-1.627540 -2.879519 1.281324
-0.993073 -2.911087 1.319481
-0.961028 -2.280397 1.329883
-1.542261 -2.961013 1.928327
-1.537621 -2.999464 3.126904
-0.941765 -3.026541 2.476279
-0.913880 -2.353655 2.488101
-0.267784 -2.326345 1.836205
-0.873691 -2.342568 1.803981
-0.908796 -2.393677 1.770188
-0.932334 -2.416706 1.139582
-0.323645 -2.392097 1.168651
0.251071 -2.349319 1.187535
0.191867 -2.313397 1.800675
0.146259 -2.914743 1.775888
0.132314 -2.863946 1.197453
0.768525 -3.437479 2.495593
0.159549 -3.395690 2.541297
0.146159 -2.666820 1.925496
0.128668 -2.030379 1.271839
-1.071203 -2.029897 1.935160
-1.053444 -2.660260 3.242172
-1.032338 -3.270715 3.270498
-1.010416 -2.017475 2.628916
-0.997105 -2.650101 3.137258
-0.986397 -3.211482 3.731366
-0.954571 -1.985617 4.373921
-0.910115 -0.858367 4.383463
-0.884008 0.340796 3.735810
-0.895150 0.294899 3.692092
-0.930361 0.264751 3.069228
-0.337516 0.855194 3.148192
-0.284423 0.863020 2.540057
-0.233260 0.884740 2.458489
-0.242757 0.247315 2.369557
-0.291792 0.239556 2.382453
-0.294907 1.476182 2.478115
-0.232173 2.069855 2.517784
-0.175858 2.010556 2.464528
-0.191830 1.334074 2.439174
-0.252853 0.696175 2.530093
-0.281415 0.725407 2.666814
-1.516507 0.092084 2.692155
-1.476914 -1.125609 1.998875
-1.509890 -1.743666 1.945168
-1.595571 -1.717768 2.019898
-1.650302 -1.040369 2.771884
-1.642941 -1.040646 2.738193
-1.629024 -0.466671 2.588831
-1.667817 0.098045 2.507953
-1.744112 -0.008731 2.562997
-1.774036 0.557108 2.639785
-1.716367 0.561398 2.612637
-1.001409 1.782798 1.909170
-0.991376 1.716203 1.879740
-1.048951 2.360221 1.954120
-1.081643 2.434951 2.006464
-1.047821 4.365460 1.962597
-1.677635 4.392786 1.906082
-1.720393 4.338367 1.290943
-1.802372 4.290116 1.397613
-1.816636 4.315128 1.458468
-1.720277 4.367276 1.418713
-0.975244 5.052422 1.361226
-0.938029 4.421734 1.383004
-0.978078 2.590469 1.447866
-0.994668 2.072328 1.443808
-0.941967 0.801733 1.371224
-0.885855 0.813249 1.326370
-0.916182 0.172677 1.358620
-0.998578 -1.601313 2.055445
-1.026295 -2.221469 2.017091
-0.953833 -1.616237 1.921488
-0.803175 -0.958057 1.884179
-0.786837 -1.571533 1.926102
-0.884029 -0.946071 1.951701
-0.963931 -0.956418 1.894087
-0.952461 -0.900498 1.829813
-1.501409 -0.913975 1.852412
-1.558204 -0.924855 1.920898
-1.711885 -0.941420 1.924161
-1.812188 -0.306200 1.840064
-1.769437 -0.279275 1.159377
-1.619227 -0.288132 0.019732
-1.577809 -1.459334 0.794868
-1.664116 -1.411556 0.820395
-1.736391 -1.413232 0.727908
-1.699025 -0.843951 0.677198
-1.617449 -0.824589 0.737316
-0.991005 -0.179588 0.827734
-1.106819 -0.224851 0.814778
-1.857915 0.382629 0.715910
-3.739662 0.336889 1.891969
-3.650718 0.332699 1.936523
-3.590811 0.927582 2.597016
-3.592560 0.259092 2.566700
-3.597375 0.222517 2.512631
-4.191509 0.783489 1.257155
-4.153340 0.763407 1.947109
-3.545950 0.700618 1.982173
-3.561786 0.613803 2.611459
-3.579012 -0.057907 2.562554
-3.579482 -0.026395 2.565762
-3.557001 -0.624231 2.622117
-3.531343 -1.251427 2.059300
-3.488284 -1.265992 2.692650
-3.438701 -1.216984 2.011261
-3.430674 -1.143010 2.009140
-2.829078 -1.103771 2.036393
-2.827001 -1.118428 2.676900
-2.202476 -1.161840 2.661578
-2.190404 -1.142209 2.007517
-0.986103 0.171142 2.015698
-1.031374 0.215427 1.419700
-1.022458 0.822140 1.467848
-0.955056 0.205437 1.511056
-0.930942 0.142689 1.542760
-1.011075 0.077211 1.555492
-1.133947 -0.546135 1.543066
-1.819314 -0.563493 1.527807
-1.769547 -0.627170 1.529442
-1.761367 -0.732690 1.530755
-1.853732 -0.183122 1.511645
-1.949375 1.071773 1.503566
-1.921368 1.190291 1.550945
-1.801072 0.577912 0.358137
-1.732794 0.559411 0.401143
-2.386605 0.553637 0.399989
-2.447137 0.602564 0.394647
-2.411345 0.646751 0.416220
-2.311947 0.614337 0.430897
-2.881253 0.535173 0.404223
-2.909973 0.501192 0.374044
-1.720140 1.159920 0.383101
-1.659579 1.254623 0.453370
-1.576385 0.050835 0.503897
-1.530056 -0.572294 0.474942
-1.523667 -0.564575 0.411101
-2.127661 -0.540794 0.380078
-2.739154 -0.523330 0.406162
-2.783813 -0.551103 0.400127
-0.933712 -0.584776 1.599462
-1.003638 -0.581527 2.814464
-1.039000 -1.101003 2.832850
-1.048432 -1.040575 2.915461
-1.065239 -1.002849 2.977339
-1.084648 -1.592139 2.309012
-1.077222 -1.573193 2.281708
-1.719262 -1.569411 2.305872
-1.721595 -2.207735 2.387579
-1.743726 -2.217894 2.440398
-1.751487 -2.211234 3.059026
-1.730246 -2.216690 2.992694
-1.688672 -2.825614 2.992060
-1.647313 -3.979144 3.048095
-1.613335 -3.926176 3.714733
-1.573007 -2.638225 4.203516
-2.101530 -2.616376 4.137144
-2.050166 -3.268986 4.765969
-2.685216 -2.678704 4.749079
-2.736425 -2.738835 4.728962
-3.399355 -1.002452 4.047853
-3.398369 -1.022336 4.035850
-2.807382 -0.435075 4.049496
-2.880836 0.791346 4.045926
-2.936289 1.401630 4.017091
-2.310114 1.356478 3.996121
-2.269723 1.287902 3.371451
-1.667661 1.203678 3.406115
-1.720581 1.105912 2.738123
-2.394682 -0.200492 2.730472
-2.358730 -0.904035 2.734286
-2.268813 -0.910824 4.675345
-2.277624 -0.877594 4.728480
-2.978298 -0.213517 4.775353
-2.371757 -1.445105 4.789979
-2.300864 -2.041882 4.782370
-1.578409 -1.985727 4.781105
-1.556877 -1.934270 4.133844
-2.250456 -1.924287 4.810541
-2.291935 -2.551303 4.113228
-2.262830 -2.552065 4.080838
-1.560170 -2.511176 4.064610
-1.533235 -1.790604 2.900567
-1.565977 -1.727148 2.879132
-1.594498 -1.675188 2.829073
-1.553629 -2.260399 2.787642
-1.456139 -2.814188 2.795256
-0.769764 -2.178541 2.819479
-1.445887 -2.883270 2.804853
-1.526438 -2.932539 2.766065
-2.192183 -2.965124 2.746150
-1.529531 -1.030093 2.779493
-2.169251 0.274851 2.816780
-2.848568 0.189776 2.802488
-2.288368 -0.404495 2.759961
-2.289636 0.244307 3.344340
-2.228130 -0.367479 3.384408
-2.165811 -0.353376 3.418871
-2.784882 -1.018613 3.396896
-2.805399 -0.999303 3.335450
-2.168997 -0.941428 3.297638
-2.137580 -0.315417 3.323899
-2.080556 -0.305375 2.117836
-2.029940 -0.281619 2.128318
-2.004572 0.368574 2.090353
-1.996677 -0.265605 2.057434
-1.338026 -0.270330 2.739102
-1.304631 -2.134303 2.769757
-1.300712 -3.479837 2.754294
-1.341448 -4.092524 2.692298
-0.797740 -4.096799 2.655035
-0.883651 -4.718130 0.725403
-2.211879 -4.142740 0.798029
-1.601176 -3.563456 0.798027
-1.622485 -3.610492 0.702891
-1.648652 -3.630854 0.618671
-3.528298 -3.613554 -0.055072
-3.520155 -3.580021 -0.645925
-3.509506 -3.514791 -0.663119
-3.513554 -3.546973 -0.732223
-3.550032 -3.540389 -0.755162
-3.609223 -4.142793 -0.694836
-3.647294 -4.116893 -0.627595
-3.644130 -4.157400 -0.616922
-3.603794 -3.603875 -0.039918
-3.561788 -3.572782 1.193932
-3.553461 -2.911850 1.240336
-3.572480 -2.887867 2.008228
-3.588377 -2.908945 2.053256
-3.583141 -4.183493 2.041866
-3.582787 -4.107955 2.063377
-3.608881 -4.033413 2.142276
-3.638289 -5.256782 2.215868
-3.632109 -5.371773 1.592468
-3.582778 -5.457676 1.564934
-3.534970 -4.825050 1.583094
-4.152190 -4.235784 1.636005
-3.618571 -3.670839 1.651074
-3.669503 -3.744441 1.609372
-3.663712 -3.751311 0.330814
-3.626743 -3.686067 -0.297901
-4.233769 -3.621236 -0.274658
-3.643262 -3.636595 -0.260533
-3.676359 -3.698516 -0.237250
-3.646829 -3.044032 -0.184150
-3.582091 -2.406334 -0.110234
-3.566487 -2.332496 -0.046352
-3.602271 -1.052996 0.577790
-3.636371 -1.052567 0.557410
-3.616240 -1.610122 0.582184
-3.560283 -1.563211 -0.002933
-3.534158 -1.506186 1.272643
-2.312064 -2.095281 1.306554
-2.945115 -2.103253 1.273486
-3.486154 -2.131229 1.244870
-3.410368 -2.152978 1.284004
-2.771104 -2.159323 1.336744
-2.777015 -2.790067 0.670186
-3.403020 -2.818443 1.834688
-3.384634 -2.860846 1.742839
-3.365284 -2.903736 1.742396
-3.374811 -2.914066 1.788834
-4.695764 -3.496080 2.418831
-4.748531 -1.597270 2.361985
-3.528730 -2.903508 3.562186
-3.505793 -2.308773 3.620874
-3.482396 -2.342022 3.668343
-4.117351 -2.358958 2.307160
-4.159039 -2.359873 1.626252
-4.159924 -2.374488 2.978418
-4.764421 -2.386529 3.033805
-4.722550 -0.436708 1.714237
-4.771716 -0.378279 1.692300
-4.855086 0.287594 1.687630
-4.864691 0.904214 1.718676
-4.788195 0.876800 1.745503
-4.715565 1.560933 0.457333
-4.724316 0.966763 0.422615
-4.762094 0.975963 0.429744
-4.737659 0.946954 0.459855
-4.670261 0.932757 0.469245
-4.635168 0.982202 -0.185624
-4.670074 0.408987 -0.219972
-4.741039 0.425076 0.432376
-4.772924 0.372113 2.988599
-4.741438 0.310894 2.349272
-3.455600 -0.325311 2.971711
-3.432693 0.910081 2.973432
-3.442505 0.249689 3.008910
-3.447625 0.212236 2.374683
-3.412435 0.796073 2.370822
-2.721785 0.814934 2.352257
-2.694733 0.281364 2.997085
-3.349062 0.989934 3.015007
-2.805562 -0.934398 3.029757
-2.198907 -0.910256 3.015325
-2.143272 -2.265809 3.003105
-2.075841 -2.283311 3.028773
-2.672424 -2.271051 3.077555
-2.693785 -2.219069 3.119247
-2.692144 -2.160370 3.114749
-2.659899 -0.917868 3.067619
-2.635629 -0.902577 3.039614
-2.673299 -0.870849 3.049225
-2.771444 -1.469997 3.047152
-2.836942 -0.826465 3.008373
-2.824139 -0.901404 2.965624
-4.075549 -0.980862 2.987228
-4.047841 -0.373856 3.062697
-4.057116 -1.676238 3.118896
-4.067992 -0.969974 3.105562
-4.037247 -0.940412 3.058710
-3.994587 -0.957049 3.073911
-3.979557 -0.979618 3.130282
-2.718125 -0.959101 3.157589
-2.741939 -0.921510 3.143490
-2.708457 -1.567244 3.138774
-2.669449 -1.605418 2.523964
-2.729212 -1.627625 2.595748
-2.757552 -1.625917 2.628586
-3.379336 -1.623348 2.606281
-3.319374 -0.368654 2.579806
-3.293444 -0.356940 2.591380
-3.338133 0.283505 2.617375
-3.416369 0.281766 2.598519
-3.466480 0.283419 2.549086
-3.467056 0.302771 2.516399
-3.461223 0.950955 2.534843
-2.862393 0.936345 2.581380
-2.915056 0.910276 1.358391
-3.559452 1.555200 1.312820
-3.511694 1.567434 1.306745
-2.839050 2.887812 1.363398
-2.866747 2.307250 1.412177
-4.168278 2.341037 1.386489
-4.204792 2.349299 1.976808
-3.575229 2.330455 2.000738
-2.912582 2.299160 2.084419
-3.542584 1.652662 2.154654
-2.950640 1.632845 2.149456
-2.920598 1.611621 2.114832
-2.836202 1.595514 1.458261
-2.780886 0.927274 1.533817
-2.819902 1.597969 1.578960
-2.239411 0.950850 1.535606
-2.235765 1.584350 1.470076
-2.184149 2.183151 1.467163
-2.164036 2.189946 1.526672
-2.202432 2.160616 1.577081
-1.602410 1.494038 1.558545
-1.529970 1.529101 1.514227
-1.455799 1.557468 1.517465
-1.462087 1.589378 1.561617
-0.342422 2.294606 1.582194
-1.018227 2.348300 1.544258
-1.012858 2.378091 1.488582
-1.005112 2.371177 1.463695
-1.040904 1.737120 2.126322
-2.328329 1.744922 2.840478
-2.321941 1.755984 2.841111
-2.912546 1.736014 2.827848
-2.253163 1.693657 2.840544
-2.268289 1.685184 2.880287
-2.326209 1.692420 2.908327
-2.978404 1.676010 2.916388
-2.964455 1.619570 2.266273
-1.725394 1.558858 2.270078
-2.356082 1.535102 2.280858
-2.340240 1.525035 2.279924
-2.899913 0.852746 2.280503
-2.847026 0.164981 2.284602
-1.620192 0.148881 1.610317
-1.617648 0.813654 1.591521
-1.609503 0.810584 1.572587
-1.605461 0.134501 1.572881
-1.639849 0.092650 2.200375
-2.296603 0.121165 2.173650
-1.711211 -0.469676 2.153397
-1.671119 -1.730653 2.167401
-2.234281 -1.753518 2.204631
-1.626430 -1.757595 2.204542
-1.644686 -1.709774 2.159235
-1.632271 -1.017369 2.139899
-1.604359 0.932192 2.194293
-1.627813 0.218045 2.262046
-1.714678 0.125697 2.244894
-1.159841 0.802678 2.840512
-1.165263 0.819212 2.817842
-1.127347 0.114264 2.880744
-1.782712 0.621548 2.946339
-1.117580 0.044187 2.926696
-0.455457 0.766674 2.849392
-0.387790 0.196614 2.822305
-0.316064 -0.559286 2.869207
-2.253327 -0.618198 2.901897
-2.299382 -1.194132 2.844695
-1.651421 -1.130124 2.739993
-0.341762 -1.056343 2.686353
-0.280092 -1.058617 2.716061
-0.925948 -0.517485 2.763605
-0.916865 -0.996820 2.088206
-1.529549 -1.573976 2.018172
-0.812228 -0.891689 1.994548
-0.762177 0.396320 2.041709
-1.428189 0.407877 2.090104
-0.855338 -0.230345 1.428384
-0.382344 -0.190215 1.372449
0.219635 -0.149772 1.357546
-0.440744 -0.121964 1.412948
-0.398226 -0.741629 0.861967
-0.394251 -0.070388 0.884291
-1.625915 -1.393118 1.510268
-0.987414 -1.420588 1.517246
-0.318436 -1.419554 2.191963
-0.282842 -1.401531 2.227096
-0.974672 -0.129392 2.218741
1.577464 -0.179881 2.866590
0.937383 -0.193494 2.852499
1.003355 -0.144419 2.845391
1.056880 -0.071810 2.833596
1.056716 0.596521 3.456975
1.064960 0.544855 3.451676
0.518745 0.505475 3.446713
0.597497 0.498666 3.428529
1.208642 1.077810 3.396746
1.115637 1.748182 2.706254
0.455522 1.749130 2.709613
0.463191 1.774443 2.719526
1.149599 1.796656 3.333475
1.120390 1.145803 3.316393
1.057059 1.138437 3.327340
0.384355 1.146375 3.371318
0.447132 1.149005 3.418449
-0.106243 1.126204 3.424396
-0.184540 -0.225315 3.424764
-0.288793 0.461539 3.458282
-0.923302 0.496477 3.528852
-0.906790 1.134507 2.993012
-0.276898 1.129212 2.997070
-0.338981 1.085518 2.372342
-0.393545 1.684166 3.043399
0.206272 1.728019 3.079589
-0.296529 1.798710 3.064858
-0.270750 1.814529 3.008067
-0.311663 1.763067 2.979017
0.241942 1.745240 2.373419
0.897000 1.799060 3.699948
0.904107 1.165164 3.676080
0.185552 1.770185 2.955771
0.118629 1.681791 2.281389
0.112651 1.671789 2.309866
0.161783 1.725202 2.322149
0.193770 1.756145 2.851206
0.178391 1.712542 2.782760
0.167811 1.656824 2.783883
0.207681 1.658938 2.836773
0.252049 2.342010 2.854854
0.923699 1.765770 2.810482
2.115892 1.725530 2.767909
1.481005 1.704708 2.214133
1.542220 1.732562 1.641499
1.596744 2.429990 2.241770
1.599137 3.090966 2.198483
1.573533 2.438070 2.153177
1.597777 2.434854 2.162712
1.675468 2.436321 2.213542
1.719662 2.439604 2.239358
1.693855 1.817253 2.218728
1.639010 1.820620 2.219375
2.272369 2.469105 2.280267
2.309653 3.113181 2.352782
2.315025 3.103219 2.365205
2.292515 1.887637 1.692101
2.274005 1.255155 1.700471
2.302882 1.285238 1.755897
2.340830 0.633768 2.440493
2.337969 0.610776 2.390437
2.304460 1.271057 2.296169
2.275524 1.296401 2.265298
2.278512 1.288354 2.294716
2.269442 1.248208 1.661269
2.230325 1.848112 1.604572
2.188498 1.882303 2.168069
2.162242 1.271673 2.143727
2.158355 1.293469 2.169682
2.138844 1.249130 2.160118
2.098667 1.207625 2.071807
-0.571594 1.232559 1.987286
-0.596597 0.637123 1.971947
0.041796 1.219427 2.031965
0.079699 1.187843 1.412932
0.733819 1.168021 1.379618
0.756259 1.191983 2.653149
0.776137 0.650868 2.707720
0.828127 0.689302 2.799050
0.904543 1.357642 2.186362
0.970620 1.343648 2.190614
0.999188 1.336796 2.192664
-0.325266 0.727025 1.596501
-1.603794 1.379333 1.637954
-1.547445 3.246207 2.258095
-1.506186 3.852832 1.622459
-1.511310 3.194623 1.610938
-1.527717 3.155518 1.601221
-1.512447 3.746963 2.215989
-1.479249 3.731872 2.207302
-1.476440 3.720900 2.209965
-1.519479 3.692015 2.208711
-1.560769 3.643013 2.197509
-1.548451 2.951974 2.166663
-2.115104 2.939980 2.144743
-2.088504 2.303893 2.160286
-3.373294 2.961145 1.524633
-3.398158 2.970159 1.501258
-3.385524 2.994617 1.451830
-3.366844 3.038890 1.438952
-3.376294 3.086716 2.111959
-3.410875 3.116545 2.125325
-3.990621 3.135439 2.106888
-3.950626 2.530010 2.091432
-3.911387 2.529871 2.121626
-3.910187 3.790950 1.539419
-5.103730 2.495997 1.581938
-5.076549 2.481586 2.256017
-5.034239 3.094745 2.250177
-5.018427 3.107037 2.249121
-4.400076 3.129607 0.295086
-4.399225 3.158041 -0.938585
-4.371812 3.818424 -0.941279
-4.332104 3.841064 -0.979238
-4.302385 3.821926 -0.399043
-4.297147 2.527603 -0.474713
-4.302722 2.501500 -0.504324
-4.301162 2.517065 -1.132989
-4.300103 2.543609 -1.779370
-4.313145 2.541232 -1.856684
-4.346803 3.169971 -1.290481
-4.384379 3.218301 -0.629134
-5.050416 3.322875 -0.568273
-4.443667 2.738853 -0.548347
-4.458188 2.707280 -0.592027
-4.473836 2.646097 -0.618063
-4.479100 1.226214 -0.550256
-4.476820 1.268854 -0.416089
-3.871788 1.323295 -0.928394
-3.857980 1.322318 -1.507835
-3.849097 0.665041 -1.508746
-3.842567 0.683319 -1.475295
-3.836916 0.768830 -0.780545
-4.429671 0.824311 -0.118227
-3.821251 0.794860 -0.084575
-3.820753 0.731885 0.590284
-3.811635 0.698596 -0.065453
-4.402485 0.722314 -0.033823
-4.384519 0.738406 0.000049
-3.766675 0.719076 -0.077155
-3.794760 0.698097 -0.090467
-4.451070 0.055951 -1.399967
-4.423896 0.781312 -1.450028
-3.782768 0.810007 -1.482426
-3.843420 0.774737 -0.880272
-3.913687 0.730640 -0.875783
-3.932218 1.327962 -0.900566
-3.902150 1.341405 -0.272005
-3.899893 2.010101 0.316316
-3.951619 1.965563 0.321454
-3.381763 1.964259 0.363307
-4.011843 2.030443 0.393203
-3.956026 2.699509 0.373338
-3.931821 2.710928 0.352018
-3.944717 2.647625 0.377032
-3.951208 2.606588 -0.246248
-3.926034 2.604184 -0.924763
