-1.361159 0.963074 4.175935
-2.597941 0.944298 3.569472
-2.605161 0.879859 3.540532
-2.595481 0.794614 2.871894
-3.186987 0.734472 2.897020
-3.123998 0.730007 2.245816
-2.510514 0.749475 2.222134
-3.846300 0.106893 2.154649
-4.467864 0.111920 2.115990
-5.042289 0.151269 2.118497
-4.986676 -0.459807 2.118724
-4.288845 -1.108528 2.074575
-4.262417 -1.148159 2.013757
-4.227496 -1.152357 1.989691
-4.173210 -1.750433 2.646861
-4.130796 -1.057520 2.680168
-3.470729 -1.048133 2.669876
-2.889245 -1.044940 3.295497
-2.948201 -0.982119 3.279401
-2.977119 -1.521664 3.285804
-2.968958 -0.799158 3.282368
-1.700635 -0.839115 3.248738
-1.665192 -0.276309 3.201941
-1.639447 0.358295 2.508827
-1.609377 1.652443 2.513653
-1.593304 0.971557 2.550657
-1.615865 0.870978 2.585458
-1.680733 0.772878 2.586093
-1.744727 0.742096 2.544067
-1.763537 0.759474 2.530230
-1.090607 1.421298 1.944629
-1.028648 1.368425 1.989297
-0.980355 1.332095 1.961362
0.218351 1.359221 1.873862
0.233538 1.406518 1.842255
0.256741 1.408403 1.896909
0.264230 1.374544 1.973154
0.238555 0.724271 2.619843
0.173226 1.451012 2.561261
0.108631 2.197053 2.528816
0.086874 2.262868 2.563194
0.093082 2.261443 2.627524
0.105361 2.286057 3.278070
0.097103 2.324489 3.241938
0.083660 2.342951 3.232710
0.080984 2.323249 2.069035
0.074262 2.277669 2.159325
0.052756 2.260414 2.799623
-0.007571 2.276221 2.768698
-0.064920 1.659667 2.772781
-0.078116 1.642369 2.840794
-0.682417 1.603599 2.926925
-0.645371 1.585269 2.943811
-1.277893 2.172617 2.240706
-1.284196 2.150400 0.366627
-1.943282 2.116718 1.024137
-0.695998 2.098841 1.059161
-0.710913 2.131127 0.352400
-1.383072 2.188353 1.562537
-1.463746 2.228324 2.839822
-1.421635 2.253385 2.210154
-1.390609 2.260326 1.607992
-1.393489 2.881005 1.575865
-1.394745 2.207361 1.500480
-1.349507 2.161975 0.180071
-1.287222 2.125883 0.220519
-1.283792 2.118233 0.268069
-1.328192 1.416174 -0.346916
-1.371883 1.345151 -0.378565
-1.996547 0.652985 0.255847
-1.973305 1.282417 0.273750
-1.979933 1.304093 0.258338
-1.997321 0.642756 0.218330
-0.737587 0.586488 0.195077
-0.698116 0.533280 1.458114
-1.296857 0.529343 1.531026
-1.314731 0.564964 1.602687
-1.365769 0.610864 0.984240
-1.413645 0.651352 0.328127
-1.431805 0.701461 1.029229
-1.438176 0.767018 1.063911
-1.470838 0.825967 0.458322
-1.498097 0.861803 0.442681
-1.497845 0.868396 -0.193454
-1.464291 0.264824 -0.170023
-0.122655 0.279590 -0.142363
-0.110668 0.287782 0.508084
-0.120677 0.298010 0.494766
-0.144774 0.308962 1.146226
-0.161509 1.629245 1.149662
-0.782907 1.640463 0.490805
-0.764943 1.646977 0.454748
-0.753083 1.630182 0.400273
-0.750563 0.899903 -0.273563
-0.729442 0.832278 -0.270853
-0.670096 0.788172 -0.280715
0.006993 0.777178 0.970725
-0.606407 0.770193 0.942624
0.026160 0.738581 0.953926
-0.005641 0.683433 0.975567
-0.009534 0.661246 0.372124
0.013020 0.671845 0.315864
0.033747 0.669220 0.299223
0.046787 0.619644 0.341756
0.085300 0.584952 1.044433
0.145284 0.630882 1.056327
0.185037 0.711453 1.006733
0.180454 0.772284 1.024340
-0.450413 0.779946 0.484368
0.252460 1.420534 1.142928
0.319816 0.853469 1.097650
-0.278076 0.921105 -0.177167
-0.288012 0.955718 -0.795269
-0.317688 0.936606 0.476664
-0.279358 0.915252 1.163078
-0.254902 1.576936 1.776679
-0.289489 1.612755 1.762276
-0.349793 1.620382 1.213042
-0.382100 1.568680 1.319112
-0.389964 1.469151 0.107689
0.195065 0.845419 0.079292
0.159966 0.859754 0.034071
0.130280 0.847921 -0.586446
0.133091 0.804286 0.709497
0.832735 0.790072 0.686685
0.838113 1.498130 -0.044338
0.806778 2.154325 -0.715551
0.776596 2.187053 -0.037360
0.763829 2.217611 0.023017
0.749104 2.251767 0.653892
0.725800 2.264554 0.606622
0.054472 2.240884 -0.736162
0.086044 2.212224 -0.766463
0.823577 2.222398 0.532539
0.894778 1.648770 -0.104376
0.308340 1.027282 0.521572
-1.561811 1.028884 -0.164539
-1.525303 1.034591 -0.141526
-1.487540 1.048312 0.521058
-1.480614 1.050211 1.805177
-0.859117 1.023183 0.539061
-0.832154 0.973553 0.534860
-1.398778 0.314802 0.539442
-1.993078 0.322851 0.554596
-1.987048 0.350922 0.562051
-1.341966 0.945781 1.148549
-1.348713 0.880412 1.099215
-1.364699 0.837720 1.078547
-1.408745 0.849519 0.449272
-2.135508 0.850383 1.089127
-2.197394 0.784927 1.762836
-2.222830 0.683056 1.733882
-2.231604 0.636528 1.695919
-1.601172 0.661047 1.696392
-1.594221 0.691424 3.024811
-2.171551 0.669530 1.838624
-1.503029 0.627213 1.829586
-0.879515 -0.011368 1.791369
-2.194714 0.054012 1.808092
-2.892730 0.100203 1.897750
-2.843200 -1.208841 1.344778
-3.374998 -1.255597 0.674549
-3.341129 -1.242254 1.241380
-3.998875 -1.179868 1.225838
-4.028164 -0.480583 1.975282
-3.984333 -0.513009 2.055569
-3.924341 0.718304 2.051387
-3.928127 0.762093 1.329354
-2.715744 0.823364 1.221526
-2.149891 0.808430 1.932192
-2.118034 0.089490 1.976154
-0.856012 0.054086 3.174688
-0.886534 0.086336 1.281308
-0.945232 0.114888 0.570257
-0.957796 0.727041 0.684953
-0.914322 0.649806 0.771709
-0.876367 0.616041 0.823188
-0.887968 0.635260 0.199953
0.327233 0.637724 0.653175
0.325041 1.240320 0.630264
0.345842 1.174857 0.645483
0.344466 1.163491 -0.028442
0.306043 1.211280 1.239033
-0.393827 1.252042 1.218292
-0.393613 1.243762 0.521626
-0.372136 0.593910 1.147152
-1.624491 0.613914 1.791870
-1.091531 0.676034 2.438039
-1.166282 -0.484910 2.461727
-0.521150 -0.462088 2.489541
-0.460482 -0.466552 2.497965
-0.414389 -0.478879 1.850223
-0.420693 0.211386 1.848167
-0.424362 0.300074 1.222849
-0.377377 0.362731 0.592197
-0.312133 0.380098 -0.065874
-0.295133 0.373570 -0.053981
-0.333409 0.372117 0.567837
-2.338362 0.374402 0.577521
-2.323261 0.336817 0.577071
-2.291255 -1.027472 0.588515
-2.287304 -0.499546 0.599643
-2.948906 -0.529376 1.193499
-1.643784 -0.527712 1.160873
-2.904478 -0.546173 1.121516
-2.265136 -1.224588 1.109888
-2.306196 -1.266319 1.136123
-2.341285 -1.281601 1.167517
-2.329643 -1.306404 1.162744
-2.285712 -2.019030 1.145873
-2.263086 -2.096450 1.179763
-1.015094 -2.134454 1.244691
-0.373225 -1.441495 1.265958
-2.263359 -2.021615 1.220912
-1.583249 -2.026377 1.174107
-1.566268 -2.057788 1.182219
-2.176939 -2.047424 1.224341
-2.159713 -3.232370 -0.033409
-2.126873 -3.754403 -0.055270
-2.115885 -4.339038 -0.713195
-2.142068 -4.333323 -0.690373
-2.160340 -3.711371 -0.655962
-2.138184 -3.681603 -0.723460
-2.104134 -3.649523 -1.386253
-2.090123 -3.622753 -1.414206
-2.098633 -3.607772 0.473570
-2.729661 -3.619116 1.108499
-2.723772 -3.637256 1.677320
-2.715423 -3.642924 1.709449
-2.083465 -3.622739 0.472194
-2.094116 -3.630862 0.457824
-2.125564 -3.690837 0.424158
-2.141124 -3.150616 0.410796
-2.132075 -3.192354 -0.177338
-2.113219 -2.565653 -0.826240
-2.100025 -2.525057 -0.876093
-2.103462 -1.270247 -0.908068
-1.466338 -1.326006 -1.549447
-1.503275 -1.356680 -1.482110
-1.513954 -1.344642 -1.440178
-1.501102 -1.345794 -1.468130
-1.502591 -1.380786 -1.510363
-1.531371 -1.397230 -1.523042
-1.561210 -1.349416 -2.146047
-1.557446 -1.268646 -1.452498
-1.533533 -1.215814 -1.443056
-2.159971 -1.200857 -0.154658
-2.200115 -1.190387 -0.083062
-1.619162 -1.167657 0.552931
-2.284234 -1.150070 1.234461
-1.601683 -1.170563 0.534635
-1.571513 -1.199484 0.505455
-1.547159 0.050140 0.520763
-1.525322 0.108002 -0.094425
-1.508802 -1.119067 -0.120362
-1.496932 -1.124877 0.482219
-1.489843 -1.141912 0.455534
-0.872371 -1.140439 -0.152221
-0.880026 -1.138398 -0.725611
-0.928487 0.165294 -0.732125
-1.628667 0.140183 -0.785570
-1.660516 0.090101 -0.208062
-1.652574 0.069963 -0.217841
-1.646467 0.101629 0.401307
-2.333365 0.792786 1.056968
-1.706452 0.821983 0.413126
-1.042865 1.477844 0.431063
0.761984 1.487594 0.490963
0.109033 1.513818 0.535331
0.122890 1.538591 0.507402
0.136583 1.537120 0.420886
0.831263 1.510299 0.954614
0.840092 1.514803 2.374255
2.082856 2.184890 2.359690
2.118786 1.606680 2.359107
1.547532 1.566778 2.348990
1.014949 1.520255 1.700686
1.640242 1.524379 0.287490
1.693645 1.551318 0.279591
1.707796 1.547392 1.624369
1.679793 1.501565 1.562491
1.647506 1.482656 2.157541
0.976385 1.509441 3.327632
1.616741 0.931894 3.342540
1.572178 1.474390 4.066694
1.525448 1.434170 2.752540
1.499938 1.448167 3.413199
0.876008 1.476136 1.571978
0.859146 1.479006 1.601686
0.834871 1.449385 2.224849
0.822418 1.449269 2.882848
0.819626 1.468914 3.515680
0.178709 1.462420 1.561156
0.789809 1.410276 1.563774
0.763428 1.354377 -0.294020
0.127817 1.351777 -0.891493
0.105556 -0.449717 0.384365
0.082272 -0.485760 0.400695
-1.215079 0.685505 0.402143
-1.237707 0.650472 -0.210170
-1.256983 0.650582 -0.259271
-1.270974 0.656794 -0.308016
-0.648712 0.642524 -0.320367
-0.646524 0.634551 -0.329117
-0.663613 0.656294 0.830067
-0.698142 0.704362 0.780884
-0.729183 0.741036 0.179358
-0.713584 0.745896 0.171200
-0.670665 0.744633 0.150454
1.336145 0.745669 1.526264
1.999064 0.759152 1.462011
1.938788 0.761156 1.464912
1.889276 0.750087 1.520345
1.930665 0.756951 1.546064
2.006280 0.778251 1.523481
1.383545 0.790952 1.504842
1.340198 0.751583 1.565138
1.316445 0.039791 1.669642
1.372236 0.023313 1.723915
0.807739 0.030328 1.714397
0.767017 0.016057 1.704601
0.678425 -0.038737 0.505006
0.641340 0.543419 0.566498
0.686173 0.552342 0.556422
0.744704 0.566924 0.489523
1.363908 0.537486 0.450518
1.341720 0.493569 0.494039
1.983727 0.493907 -0.103490
2.034704 0.521165 0.491763
2.078766 0.522268 0.451507
2.067290 -0.177387 1.646621
2.036210 -0.230241 1.076720
1.352789 -0.244312 1.097076
1.389810 -0.234253 1.041845
1.416515 -0.308359 1.608793
1.428142 0.970210 1.626702
2.771004 1.000723 1.043633
2.813832 1.043339 1.030875
2.837930 0.455766 0.981963
3.479791 0.463828 2.875831
3.463038 0.493536 2.902308
2.837174 1.176547 2.916906
2.856620 1.190735 2.873893
3.995947 1.172172 2.807028
3.968671 1.171314 2.782473
4.602542 1.222101 2.793652
4.640926 1.293356 2.159102
4.658556 1.322675 2.143219
4.640672 1.306167 2.772738
4.608800 1.299997 2.830375
3.269627 1.323381 2.250672
3.252815 1.326793 2.865214
3.930558 -0.044953 2.228795
3.326718 -0.109942 0.991093
3.342170 0.451446 1.047279
2.675463 0.449704 1.077751
3.879878 0.469143 1.061971
3.206280 -0.189997 1.057403
3.214854 -0.222274 0.467840
3.888713 -0.217117 0.544805
3.817061 -0.170730 1.227208
3.745002 -0.118562 1.855638
3.744526 -0.112874 0.506151
4.463293 -0.132785 0.490023
4.479041 -0.723219 1.121168
2.493085 -0.665447 1.759140
3.094971 -0.588992 1.741484
2.435076 -0.561946 0.487130
2.424499 -1.770249 1.137730
1.819462 -1.757859 1.154853
1.795178 -1.717137 1.787344
1.197589 -1.703132 1.759546
1.221132 -1.741294 1.739932
1.250909 -1.776040 1.724954
1.278018 -1.757995 1.682651
1.313953 -1.708977 1.607603
1.340843 -1.687305 1.553487
1.339951 -1.722693 1.565449
1.325680 -1.749833 0.990907
1.337661 -1.729757 1.027716
1.378149 -1.700054 1.025312
2.038865 -1.120210 1.001056
1.409535 -1.167502 0.986296
1.425980 -1.177993 0.996296
2.115102 -0.539677 1.010734
2.820276 -0.467508 0.992839
2.851846 -0.439500 0.966773
2.856737 -1.713723 0.970255
4.178143 -1.168727 1.011593
4.180361 -1.779363 1.057455
4.155993 -1.154522 1.709129
3.536248 -1.181156 1.707929
3.512774 -1.879175 1.049927
3.509798 -2.606503 0.388154
3.521549 -2.000050 0.955405
4.886909 -2.587919 0.890956
4.871307 -1.952425 0.864551
4.238188 -0.802844 0.829722
4.268748 -0.884873 1.429305
4.265980 -0.289575 1.401040
4.233170 -0.297914 2.062199
4.215253 -0.336241 2.729882
4.242673 -1.048960 2.761261
4.288866 -0.528970 2.753515
4.292087 -0.556308 2.726360
4.250463 -0.518153 2.745005
4.227012 -0.481676 3.418260
4.246441 -0.491018 2.847740
4.915352 -0.487139 2.876867
4.235415 -1.067848 1.640699
4.127442 -0.999203 1.651808
4.652916 -0.991262 1.667558
4.654282 -1.046496 0.368573
4.675057 -1.768449 0.379930
4.650193 -1.766746 0.996707
5.272013 -1.757454 -0.347876
5.254539 -1.789313 -0.301484
5.893756 -1.823369 -0.265112
5.266539 -1.809549 -0.283409
5.260677 -1.777432 -0.324931
5.178714 -1.764555 -0.339268
5.150969 -2.371848 -0.324808
3.339006 -1.782717 -0.324012
4.024612 -1.817096 -0.367700
4.037714 -1.815994 -1.034063
3.354012 -1.797361 -1.062774
3.326211 -1.797730 -1.058134
4.042588 -0.537931 -1.055220
2.704987 -0.529640 0.180726
4.007511 -0.487792 0.141496
4.626847 -0.453265 0.084795
4.599005 -0.464663 0.028820
5.219591 -0.496633 -0.004494
5.212438 -0.505112 -0.035775
5.261032 -0.492695 -0.072397
5.298425 -0.498248 -0.103483
4.031332 -1.118265 -0.725802
3.353651 -1.151014 -0.684589
3.366104 -1.170566 -0.614373
3.389924 -1.165540 -0.554906
3.394957 -1.135130 -0.532231
3.420482 -1.107295 -0.496819
4.007211 -1.098639 -0.423237
4.003015 -1.117134 -0.354308
4.711430 -1.145142 -0.331664
4.728958 0.075178 -0.357187
4.721280 0.107391 0.256047
4.695085 -0.500933 0.264012
4.676237 -0.517591 -0.372099
4.665093 -0.523125 -0.437563
4.634242 -0.487707 -0.541328
3.953542 -0.435592 0.013991
3.304169 -0.970670 -0.646270
2.665017 -0.948275 -0.685707
2.694892 -0.946169 -0.762947
3.977321 -0.936857 -0.831290
3.312134 -0.267792 -0.831012
3.282509 -0.227672 -2.020045
3.266838 -1.437133 -2.012805
3.296001 -1.440195 -2.046049
2.087731 -2.678790 -2.061959
2.094317 -2.051019 -2.028839
2.079077 -2.080323 -2.590905
3.946615 -2.729549 -2.552667
3.369842 -2.763216 -2.558250
2.835332 -2.750258 -2.534158
2.891393 -2.721631 -2.447464
2.909348 -2.726530 -2.344895
2.928469 -3.391379 -2.944365
2.314052 -3.404528 -2.989369
2.310798 -3.391592 -3.009163
1.053863 -3.386916 -1.716350
1.684038 -2.824288 -1.673520
1.666734 -2.845956 -1.707303
1.700291 -2.840982 -1.161037
1.741827 -2.814437 -1.199720
1.100012 -2.801809 -1.143998
1.702911 -2.801819 -1.052170
1.704396 -2.793349 -1.017759
2.985175 -3.452003 -1.036864
3.041285 -3.443996 -1.044791
1.810725 -3.459279 -0.326169
1.811246 -3.466848 -0.952395
1.146070 -3.446219 -0.318229
1.799523 -3.410527 0.201194
3.123138 -3.383854 -0.531681
3.729262 -3.389567 -0.496485
3.071324 -3.396943 -1.031668
3.044205 -3.389716 -0.981527
2.403093 -3.371364 -0.999094
3.005361 -3.343078 -1.048309
4.298063 -3.319354 0.211969
4.266446 -3.312540 0.163983
4.236977 -3.307363 -0.477896
4.769442 -1.956088 0.103274
4.049645 -1.901684 0.035837
2.059608 -1.863885 1.303350
-0.415928 -1.871646 1.282411
0.295136 -1.881360 1.308968
0.333673 -1.941216 2.018340
1.615129 -1.963420 2.013910
1.609808 -1.332382 1.984397
0.956885 -1.379480 1.980111
1.711307 -1.428318 2.006813
-0.237590 -0.795938 2.658308
-0.219623 -0.740842 2.639814
-0.208651 -0.680631 2.624607
-0.207090 -0.658968 2.654480
-0.213919 -0.672718 2.707989
0.441915 -0.671654 2.730466
0.418526 -0.647628 2.072888
1.043101 -0.629493 2.064868
1.657994 -0.612011 2.090603
1.637265 -0.595358 2.102623
2.877189 -1.947721 2.060494
2.880621 -1.913418 1.997379
2.225272 -1.884537 1.355510
1.507192 -1.862161 1.382378
0.814944 -1.848894 1.389194
0.842680 -1.857288 1.348575
0.887962 -1.909811 1.324229
0.900890 -1.970267 0.746421
-0.909818 -1.996099 1.439393
-1.586926 -1.999670 2.070442
-1.568065 -0.701293 2.011241
-1.534459 -0.750239 1.930004
-0.876067 -0.138610 1.957166
-2.192726 0.540379 2.019046
-2.204958 -0.104784 2.040762
-2.792948 -0.133366 2.022731
-2.131638 -0.168009 2.026538
-2.145906 -0.161991 2.081632
-2.219413 -0.749871 2.152377
-0.293311 -0.721298 1.556748
-0.255389 -0.715684 1.566659
-0.193761 -0.700375 1.580441
-0.191496 -1.900417 2.257367
-0.933093 -1.861035 2.286106
-0.977910 -1.825428 2.291848
-1.619417 -1.805296 2.285206
-1.599111 -1.755608 1.649347
-2.236980 -1.740449 1.690587
-2.261398 -1.721194 1.724629
-2.237089 -1.716387 1.724066
-0.899546 -1.737328 1.692251
-1.454800 -2.423499 1.669082
-1.389085 -2.459777 1.676192
-2.062746 -1.814619 1.026169
-1.441641 -2.473125 1.635685
-2.068320 -3.823614 1.612721
-2.717352 -3.803577 1.602787
-2.740010 -4.426563 1.618356
-2.805630 -4.468365 1.646551
-2.228510 -3.873414 1.657992
-2.207577 -3.903145 2.263316
-2.159115 -3.924567 2.244633
-2.147138 -3.949712 1.055081
-2.177355 -5.268089 0.446496
-1.587666 -5.276590 1.098302
-1.569851 -5.231683 0.415197
-0.910583 -4.487526 1.053394
-0.915087 -5.050618 0.446983
-0.943421 -5.108416 0.502810
-0.934899 -5.162691 -0.105963
-0.874807 -5.168713 -0.097233
-0.805815 -5.715227 1.766486
-0.096438 -5.670968 1.114725
0.515869 -5.073494 1.150327
1.821806 -5.127925 1.182010
1.863467 -5.084344 1.787313
1.276382 -4.945003 1.711915
1.268128 -5.487598 1.026870
0.620433 -4.895789 1.041524
1.844739 -3.728180 1.056611
1.200343 -4.984216 2.241497
-0.049037 -4.944141 2.151728
-0.058294 -3.689434 2.117867
1.848174 -3.788611 2.770014
1.829405 -3.854676 2.797644
0.534592 -3.850394 2.154329
-0.133395 -3.807044 2.801334
1.721569 -3.799865 2.781196
1.699250 -3.813623 2.142550
1.688431 -3.812295 2.806355
1.677224 -2.530362 2.791490
1.657291 -1.986004 2.812627
2.322442 -2.042179 2.863545
2.340591 -2.104365 2.267490
2.348999 -2.098648 2.259650
1.040143 -2.641672 2.253112
2.231540 -1.310142 2.265483
2.221799 -1.257574 2.264044
2.220165 -1.221729 2.198229
2.201820 -1.795609 2.104744
2.160087 -1.768246 2.047191
0.860186 -1.772947 2.028137
1.547607 -1.174066 2.014634
1.579976 -1.856492 1.980907
1.590465 -1.878243 0.637798
0.922108 -1.226891 0.691572
1.552411 -1.177205 0.746722
0.230731 -1.107465 0.727201
0.855063 -0.394101 0.658339
0.820978 -0.381292 0.643272
1.436110 0.196282 0.709639
1.469530 0.812587 0.155684
0.208743 0.219872 0.817668
-0.385005 -0.414140 0.760312
-0.321065 -0.491578 0.767483
0.419954 -1.171895 0.867013
0.471604 -1.162339 0.955346
0.480787 0.142321 0.929455
0.471343 0.163380 0.844979
-0.145661 0.157280 0.131559
0.503015 0.135771 0.173169
0.507958 -0.511799 0.177814
0.499620 -1.147319 -0.522608
0.501041 -1.151521 -0.593734
1.214026 -0.550888 -0.566270
0.558628 -0.595058 -0.480308
0.555225 0.036978 0.201769
0.543690 0.066772 0.117819
0.532997 0.073557 0.046730
-0.149140 0.047069 0.677501
-0.809571 0.010451 0.748535
-0.816768 -1.854288 0.769862
-1.457536 -3.143179 0.770661
-1.425583 -3.186302 0.779881
-1.378828 -2.602545 1.510832
-1.992157 -1.317420 1.591364
-1.980753 -1.307713 2.209888
-1.972096 -1.952237 2.185833
-1.144370 -1.339465 2.186433
-1.142528 -1.333103 1.597705
-1.177700 -0.686433 1.620277
-1.872275 -0.644154 0.941589
-1.904741 -1.306743 0.915288
-1.915640 -1.356478 0.343380
-1.282717 -0.713155 0.372679
-0.627992 -0.721791 0.357468
-0.618080 -1.940300 0.311653
-0.612446 -1.937277 0.900291
-1.303064 -2.535941 0.264906
-1.291520 -3.139747 0.240409
-1.277810 -3.067264 0.183065
-1.190063 -3.013506 0.144228
-1.201278 -3.019691 0.187122
-1.238794 -3.036118 0.272573
-1.284531 -2.427486 0.312724
-1.318640 -1.817143 1.571140
-1.324268 -1.814521 1.571969
-0.096893 -1.841383 1.610658
-0.146261 -2.476846 1.647265
-0.192612 -2.477401 1.629997
-0.832396 -2.434675 1.572694
-0.829892 -2.389659 1.031585
-0.832118 -2.386254 1.132150
-0.864663 -2.418821 1.226370
-0.920031 -2.442679 -0.107847
-1.603600 -2.451448 -0.122624
-1.605409 -2.474828 -1.366590
-0.362471 -2.522650 -1.325419
-0.369044 -2.578639 -1.339658
-0.385208 -2.592337 -1.417133
-0.996872 -2.556099 -1.488293
-0.353807 -2.502593 -1.498677
-0.297963 -1.877052 -1.475939
-0.270198 -0.593686 -1.482816
-0.910029 -0.553990 -1.512372
-0.925366 -0.512260 -1.529717
-0.276077 -1.096512 -0.877987
-1.489566 -2.364402 -0.872392
-0.888233 -1.731460 -0.257879
-0.903495 -1.694501 -0.280714
-0.891786 -1.652524 -0.278442
-0.220347 -1.649423 -0.254320
-0.222324 -1.686103 0.391424
-0.864715 -1.701842 1.022261
-0.848810 -1.691536 1.042451
-2.042279 -1.700399 1.071468
-1.996235 -1.130318 1.080429
-1.993527 -1.163698 1.047817
-0.739711 -1.149832 0.368018
-1.340384 -1.124875 0.368729
-1.299482 -0.527536 -0.878699
-1.263165 0.060394 -0.861746
-1.235750 -0.544422 -0.879699
-1.840676 -0.499767 -0.902317
-1.841649 -0.468148 -0.904760
-1.854009 -0.492522 -0.906273
-1.868883 -1.155499 -0.937410
-1.234866 -1.161191 -0.985097
-1.247640 -2.407751 -0.358615
-1.265561 -2.402201 -0.335927
-1.286662 -2.417432 -0.277544
-1.297023 -1.225428 -0.223558
-1.280046 -0.579528 -0.200153
-1.897392 -0.541201 -0.194674
-2.583313 0.708623 -0.194766
-2.591119 0.058417 -0.221978
-2.590857 0.061414 -0.282492
-2.572804 0.104624 -1.020410
-2.547790 0.139905 -1.089664
-2.527469 0.777871 -1.139581
-2.508686 0.754023 -1.169308
-2.484350 0.764648 -1.180485
-2.448100 0.796997 -1.173000
-2.413186 0.817387 -1.153730
-2.396030 0.816600 -1.144021
-1.771818 0.825095 -1.148088
-1.819673 0.854048 -1.160181
-0.671944 0.859394 -1.173075
-0.656399 0.827864 -1.172907
-0.611932 0.790314 -1.160024
-0.599624 0.784347 -0.485933
0.613343 0.782915 -0.442917
0.567005 0.759081 -0.374962
-0.065405 0.737309 -0.295634
-0.050825 0.720873 0.419494
0.545346 0.702190 0.424367
0.457939 0.067904 0.385160
1.018749 0.022935 0.338004
1.023564 -0.643780 0.300377
1.071875 -0.636687 0.266075
-0.182572 -0.635394 -0.428681
-0.180890 -0.667522 -0.441796
-0.152157 -0.750692 -1.059188
-0.746728 -0.730434 -0.359410
-0.680197 -0.675511 -0.312115
-0.009091 -0.033079 -0.958915
-0.039164 -0.032375 -0.998135
-0.037504 -0.033805 0.232124
0.016774 -0.022270 0.239171
0.081585 -0.008360 0.218169
0.122187 0.618596 0.182702
0.144747 0.597477 0.187789
0.183944 0.602878 -0.350744
0.232197 -0.543842 -0.293630
-0.396912 -0.495550 -0.318741
-0.392225 -0.465088 0.905485
-0.409773 -0.458117 0.867260
-0.413475 -0.459100 0.877216
-0.397428 -0.437878 -0.392441
-0.373392 0.221697 0.865641
-0.377180 0.232915 0.780444
-0.404759 0.215241 0.893800
0.234530 0.212086 0.344763
-0.418359 0.237226 0.411512
0.120130 -0.963213 1.002336
0.067941 -0.990278 0.964354
-0.571781 -1.046125 0.982005
0.000107 -1.057986 1.018462
0.027066 -1.030949 1.000458
0.072138 -1.040642 0.937913
0.093914 -2.301001 0.912514
0.098422 -2.377689 0.383183
-0.556161 -3.037642 0.457402
-1.224003 -3.014563 0.456144
-1.856745 -3.042752 0.395497
-1.866874 -3.111186 0.349045
-1.895604 -3.144795 0.338610
-1.270322 -3.101448 1.611609
-1.883353 -2.998125 1.573970
-1.884845 -2.339749 0.248636
-1.907091 -2.385400 0.259787
-1.925181 -2.396295 0.993364
-1.927846 -2.327584 1.061570
-1.919847 -2.923851 1.079044
-1.916746 -3.564444 0.398896
-1.248676 -2.940303 0.399295
-1.250067 -2.939909 1.075936
-1.239116 -2.879454 1.080175
-1.221619 -2.828029 2.246147
-1.217211 -2.853293 2.203278
-1.200874 -2.920761 2.215789
0.698396 -2.922648 2.281527
0.725402 -2.847965 2.331669
0.742103 -3.410418 2.308475
1.375167 -3.443588 2.242160
1.950921 -2.907608 2.197698
1.937188 -2.918806 2.707994
1.937864 -2.226148 2.710910
1.922353 -1.597409 0.841814
1.873519 -0.330888 0.780298
1.182991 -0.412268 1.354849
1.117888 -0.425267 1.441988
1.080467 -0.399863 2.160205
1.051420 -0.422167 2.156664
0.371604 -0.486237 2.121418
0.329341 -0.507761 2.114624
0.326313 -0.450956 2.140774
0.374596 -0.363204 2.763518
0.446214 -0.311976 2.082100
0.487884 -0.306037 0.115759
0.489768 -0.935237 0.127399
0.493142 -0.884279 0.170422
2.461650 -0.838759 -0.562053
2.525249 -0.845855 -0.005062
2.544648 -1.524303 -0.039123
2.505933 -0.911044 -0.056471
2.529112 -1.572093 -0.070244
2.601185 -1.574264 -0.102960
2.663968 -2.205061 -0.124967
2.060896 -2.254877 1.156827
2.024576 -2.313731 1.868121
2.657529 -1.742042 1.877589
2.652697 -2.368438 1.168481
2.646859 -2.391078 0.548997
1.293641 -2.423606 0.567607
1.271672 -2.448140 0.598140
1.298074 -1.829261 0.011522
2.609129 -2.419986 0.653856
2.636982 -1.711472 0.664283
2.622063 -1.713239 0.049243
2.581605 -1.769980 -0.594304
1.905867 -1.116354 0.033975
1.895127 -1.097961 0.006236
2.477571 -1.080007 0.643499
2.435658 -1.074296 0.648225
2.413909 -0.439304 -1.283377
2.430555 -0.424518 -1.307862
2.455700 -1.009006 -0.632918
2.450880 -0.948235 0.083845
2.424905 -0.302926 0.124482
2.398664 -0.328203 0.161122
2.389166 -0.380431 0.204860
2.364038 -1.044515 0.259238
2.956532 -1.047158 0.288145
2.910531 -0.427503 0.274025
2.898485 -0.487060 0.239854
2.919739 -0.552187 -0.464049
2.941804 -0.554716 -0.456831
2.953278 -0.467447 -0.451299
2.975045 -0.370397 -0.476626
3.019170 -0.337629 -0.511924
3.071228 -0.357688 -0.522378
3.081733 -0.977963 -0.511636
3.059441 -1.570633 -0.529005
3.053705 -0.875976 0.083488
3.075191 -1.528125 0.059910
3.098935 -1.560963 0.040282
3.111111 -1.539169 0.032883
2.471436 -0.826259 -0.626702
2.495826 -0.748037 -0.590791
2.527020 -0.105967 -0.557008
1.263175 -0.744352 -0.529165
1.271310 -0.752472 -0.501860
0.628579 -0.749438 -0.477118
0.647318 -0.727349 -0.469903
1.289997 -1.389671 -0.485872
0.634917 -1.448398 -0.493958
1.271885 -0.855769 -0.480349
1.321397 -0.851933 0.734028
1.365893 -0.803154 0.746075
1.364850 -0.126929 -0.481215
0.722562 -0.156855 -0.492667
0.728231 -0.201727 -0.464122
0.776031 -0.214045 0.234300
0.805129 -0.192619 0.216800
0.767587 -0.806728 0.158477
0.693374 -0.843085 0.129935
1.927214 -0.889919 0.160065
1.940254 -0.887112 0.195774
1.955351 -0.831785 0.163890
1.961993 0.462139 0.104947
1.963048 0.450681 0.104153
1.977072 -0.185922 0.182797
1.350535 -0.206045 -0.369235
1.362633 -0.201951 -0.420791
0.740178 -0.211787 -0.502436
0.745312 0.362241 -1.128733
0.775034 0.314903 0.217843
0.817451 0.328121 -0.968690
0.857402 0.377651 -1.642572
0.876734 0.331460 -1.735370
0.866518 0.323319 -1.763472
0.214448 -0.314812 -1.707521
0.232345 -0.298182 -1.680096
0.902936 0.967200 -1.089548
0.875102 0.421797 0.134193
1.420504 0.389925 0.764562
0.731069 0.360070 0.810740
1.363189 0.377698 1.477945
1.376206 0.426441 0.208286
1.358827 0.455735 0.148857
1.300972 -0.140608 0.153824
1.257332 -0.772464 0.204651
1.272703 -0.767869 0.225593
1.293995 -1.388347 0.823246
1.266245 -1.412736 0.790029
1.203952 -0.827179 1.432586
0.528691 -1.511709 1.433884
-0.089418 -2.171733 2.080544
-0.058709 -2.141257 1.391330
-0.062585 -2.102187 1.388690
-0.722141 -1.417801 0.807490
-0.746286 -0.230780 -0.401958
-0.702866 -0.170573 -0.386582
-0.623878 0.482579 -0.386824
-0.565714 1.096040 -0.365981
-0.558639 1.088583 -0.988783
-0.559140 1.090816 -0.306261
-0.528300 1.103067 -0.325592
-0.494395 1.093344 -0.350100
-0.498514 1.044653 -0.351373
0.061442 0.320742 -0.347213
0.028949 -0.272865 -1.002410
0.053959 -0.270226 -1.688219
0.099303 -1.060369 -0.445305
1.995019 -1.054770 -0.428632
1.965238 -1.070882 -1.784125
1.302610 -0.439767 -1.823386
1.307832 -0.412960 -1.871903
1.321650 -0.398969 -2.524140
1.973946 -0.406712 -2.512555
1.972914 0.227711 -2.505995
1.962276 -0.408967 -2.514118
1.294678 -0.396324 -2.525757
1.994798 -0.398171 -1.214366
2.011211 -0.425723 -1.197063
1.982779 -0.469687 -1.220186
1.929234 -1.163404 -0.654122
1.915691 -1.200822 0.003503
1.318052 -1.196889 -0.048401
1.993501 -1.149757 -0.046889
1.940765 -0.460063 -0.034040
1.872675 0.198638 -0.052937
1.842958 0.206469 -0.057669
1.859146 0.241909 -0.021056
2.523395 0.287227 1.254896
2.484368 0.283081 0.683862
2.433658 -0.407085 0.643981
2.428839 0.204027 0.605084
2.489311 0.244769 0.602447
2.567678 0.327748 0.621004
2.597499 -0.258222 0.616187
2.573466 -0.305740 1.222532
2.545560 -0.354782 0.556918
2.565439 -0.955834 0.570849
2.022408 -0.882092 -1.359247
2.036058 -1.460457 -1.402749
2.020260 -1.528686 -1.491206
2.030657 -1.618975 -1.529530
2.074024 -1.007214 -0.268158
2.110670 -0.912883 -0.817745
2.106009 -1.454084 -0.817707
2.078643 -0.858667 -0.852935
2.049122 -0.914597 0.529726
2.042014 -0.916986 0.552194
2.040573 -0.823772 0.580953
2.008657 -2.210262 0.557947
1.960374 -2.276710 0.483295
2.568954 -2.290952 0.428113
2.574520 -2.287795 0.442746
2.579870 -2.262818 0.486501
1.253989 -2.845524 1.142141
1.199518 -2.801225 1.129584
1.167007 -2.148661 2.418577
1.772555 -2.147385 2.415119
1.759174 -1.516609 2.428110
1.728434 -1.557584 2.433933
1.715346 -0.976610 2.427005
1.747835 -0.992611 1.199017
1.788576 -0.985156 1.870992
1.786273 -0.984275 2.564076
1.751475 -1.606237 0.103213
1.729932 -2.230836 0.091448
1.744968 -2.230600 0.704680
1.762384 -2.210069 1.360792
1.751677 -2.811025 1.374065
1.723172 -0.937962 0.745137
1.724484 -1.582454 0.733813
1.175573 -1.553016 0.744077
1.221882 -1.492063 0.780168
1.225907 -1.442649 0.825544
1.210520 -1.399186 0.855044
1.214643 -1.392461 0.879580
1.223328 -1.337253 0.258988
1.205214 -0.697803 0.279112
1.146420 -0.788048 0.262748
1.728654 -1.502131 0.218482
1.763775 -0.284694 0.194062
1.825738 0.372649 0.808711
1.242037 1.053299 2.105687
1.188188 1.026501 1.497182
1.163003 1.627019 0.901650
1.196861 2.228617 1.564722
1.840703 2.213505 2.195480
1.807840 1.531053 2.781516
1.728932 1.448363 2.738094
1.692064 0.750559 2.700598
1.729996 0.149346 3.334169
1.793702 0.794809 3.361430
1.813596 0.786633 3.400853
1.804320 0.779767 2.133140
1.835289 0.810049 2.160363
1.925481 0.850006 2.207520
2.023550 0.846922 2.895171
2.080022 0.808003 2.919669
2.111192 0.779977 2.257209
