-0.242337 1.691291 -1.649290
-0.232719 1.019506 -0.979845
-0.212935 1.003388 -0.375134
-0.203072 1.075172 0.312433
-0.200347 1.117433 0.332857
-0.199551 1.738849 0.360444
-0.196819 1.657409 0.403668
-0.175260 2.917619 0.422844
-0.141235 1.703980 0.394016
-0.123659 2.417005 0.357801
-0.145195 1.715663 -0.306991
-0.824464 3.616667 -0.299246
-0.821019 3.703584 0.348832
-0.779769 3.789064 0.361453
-0.742366 3.797253 0.404253
-0.097964 3.708120 0.439912
-0.755530 3.616984 1.742220
-0.772793 3.005628 1.706742
-0.061292 3.064287 1.725508
-0.076842 3.048914 1.804264
-0.819732 2.316770 1.863552
-0.893068 2.261289 2.512503
-0.899082 2.958171 2.505524
-0.858894 3.045874 2.552753
-0.856689 3.068806 2.648320
-0.905877 3.007539 2.046496
-0.953081 1.752742 2.006386
-0.361457 1.808546 1.954969
-0.340469 1.851073 1.973208
-0.371509 1.851191 2.048466
-0.432981 1.788526 2.081755
-0.444502 1.758381 2.036291
-0.375401 1.801067 1.963852
-0.297860 1.882803 1.950809
-0.272730 1.915294 2.639050
-0.301822 2.508540 2.653888
-1.028444 2.498160 2.619103
-0.372374 2.548834 2.583019
-0.352393 2.601848 1.953623
-0.365498 2.575364 0.798204
-0.404565 0.610883 0.784334
-1.072010 0.560082 1.391304
-0.359458 0.558749 1.401743
-0.297153 -0.156908 0.760314
-0.262700 -0.181536 0.747699
-0.280226 0.415742 1.361843
-0.316583 0.342487 1.328287
0.287770 0.959036 0.724598
0.278424 0.324230 0.716194
0.236369 -0.247258 0.662538
1.471046 -0.263130 0.596024
1.457283 -0.313496 1.202681
1.502860 0.264325 1.810193
1.584757 -0.345771 1.787878
2.265328 -0.309703 0.436205
2.241117 -0.921560 -0.245732
2.225013 -0.940193 -0.282645
2.264721 -0.934739 -0.262332
2.945480 -0.903101 0.958857
2.232421 -0.889239 0.968551
1.494339 -0.930133 0.988054
0.848729 -0.980625 0.993935
0.298626 -0.977873 0.993742
0.373262 -0.944533 0.332009
0.355232 -0.924432 0.319569
0.275519 -0.327147 0.947912
0.879680 -0.322317 1.610904
1.546697 -0.268538 1.645881
1.555328 -0.196256 1.646120
1.491991 -0.162577 0.993873
2.072632 -0.193908 1.008869
2.703712 -0.861699 0.430968
2.737552 -0.846392 -0.149822
2.132081 -0.183431 -1.456645
2.079200 -0.174276 -0.810294
3.267169 -0.197185 -0.803434
3.259052 0.412345 -0.830105
3.261129 0.455741 -0.160133
4.478276 -0.138454 -0.805117
3.191722 -0.151099 1.084512
2.566774 -0.233031 -0.271803
2.607604 -0.295390 -0.267786
1.368728 -0.284808 0.408281
1.312501 -0.240647 0.393145
1.259191 -0.231606 1.678993
1.264604 -0.263048 1.675890
1.295726 -0.272288 1.699425
1.280214 -0.218794 1.732601
1.221753 -0.152963 1.718318
1.216864 0.529658 1.660469
1.293808 0.506001 1.621025
1.379835 0.495527 2.277388
1.398571 0.518715 1.688557
1.373218 1.782747 2.251117
0.754434 1.810117 0.908932
1.418683 0.431619 0.904395
1.441758 0.406933 0.338059
1.417758 0.428159 0.381789
1.386408 -0.151296 0.995960
1.398411 -0.127423 0.338738
2.724728 0.503713 0.363318
2.128102 0.483205 -0.208531
2.159696 0.486261 0.420430
2.163986 0.474274 0.350116
2.151090 0.463133 0.283231
2.757558 1.088075 0.287480
2.748571 0.445262 0.937313
2.743748 -0.185044 0.393123
2.751333 -0.203373 -0.965243
2.134618 1.093791 -0.359219
1.561736 1.715337 -0.385101
1.574210 1.728730 -1.040974
0.950591 0.522991 -1.074917
0.180184 0.509039 -1.145879
0.104538 0.486928 -0.565770
0.061394 0.478650 -0.588387
-0.552924 -0.128097 -0.576777
-1.848928 -0.786020 -1.165398
-0.603553 -0.219737 -1.152938
0.745672 -0.261805 0.099419
-1.197903 -0.275836 -1.187053
-1.135541 -0.263703 -1.193337
0.854211 -0.295385 -0.568222
0.258335 -0.315364 -1.217676
-0.972162 -0.969553 -1.897959
-1.015868 -0.954430 -0.710352
-1.052908 -0.930796 -0.701362
-1.059763 -0.301105 -0.639652
-1.057217 -0.318256 -0.553272
-1.051382 -0.310769 -1.115211
-1.014585 -0.273703 -1.078944
-0.957527 0.388745 -1.709775
-0.900624 1.667061 -2.314380
-0.882859 1.003967 -1.677583
-0.898495 0.988792 -0.405762
-0.286283 0.330767 -0.446768
-0.298509 0.997396 0.182676
-0.323357 0.336297 0.206355
-0.355647 -0.941271 0.260212
-0.368570 -0.959043 0.920860
-0.350700 -0.977348 0.899003
-0.304516 -1.012477 1.518671
-0.253571 -1.053531 2.142009
-0.235580 -1.709462 1.493861
0.363226 -1.662027 1.452194
0.312196 -1.632633 0.767648
0.272747 -2.275363 0.759976
-0.391784 -2.290800 0.791788
-0.431914 -2.924251 0.847629
-1.112920 -2.883078 0.889562
-1.129269 -3.447849 0.918947
-1.118422 -3.449918 0.950338
-1.097641 -2.805988 0.982794
-1.074664 -2.812848 0.997830
-1.072288 -2.133481 -0.310319
-1.082008 -2.109108 -0.330966
-1.101019 -2.104773 -0.309487
-0.471210 -2.111304 -0.886565
-0.482651 -1.493099 -1.484319
-0.475410 -0.870090 -1.459119
-0.448633 0.477685 -1.381216
-0.435601 -0.196499 -1.345760
-0.432251 -0.241422 -0.757192
-0.423967 0.380840 -0.182397
-0.401510 0.378030 -0.223094
-0.397965 0.365969 -0.243102
-0.449591 0.338880 -0.256986
-0.526388 -0.346931 -0.282861
-0.578728 -0.979840 -0.297324
-0.570580 -1.613021 -0.288087
-0.554106 -1.602421 -0.252859
-0.587872 -1.587919 -0.831001
-0.639697 -1.590164 -0.842599
-0.640060 -1.581323 -1.478503
-0.579892 -1.567515 -2.140117
-0.543487 -2.192641 -2.151109
0.043261 -2.196062 -2.167648
-0.001147 -1.560901 -2.166930
0.017473 -1.588027 -1.523074
0.762685 -1.603764 -0.829026
0.799304 -0.963123 -2.008616
0.771631 -0.974035 -1.951941
2.124564 -0.384178 -1.933091
2.167837 -0.399767 -1.898074
2.228271 -0.380822 -1.933367
2.252506 -0.352498 -1.970899
2.227436 -0.364869 -1.990076
2.194603 -0.403121 -2.584734
2.196189 -0.410683 -2.577710
2.211513 -0.385557 -2.538501
0.906752 0.209077 -2.474872
2.081259 0.197779 -2.461545
2.008816 0.175346 -1.817029
2.006513 -0.433618 -1.229102
1.455240 1.578717 -2.542934
2.034412 1.019436 -1.963244
1.945101 1.037572 -1.366814
1.868609 1.623903 -1.396979
1.877439 1.602481 -1.536132
1.324081 0.973841 -2.137470
1.938289 0.966048 -2.127571
1.272319 0.282623 -2.081247
1.282169 0.218186 -2.680024
1.360658 0.203279 -2.695316
0.839156 0.244692 -2.728243
0.879239 0.289625 -3.408848
1.488169 -0.359861 -4.027728
0.882580 0.243909 -4.012317
0.945972 0.881818 -4.006889
0.985076 0.239525 -4.013557
1.560639 0.242673 -3.981788
1.517749 -0.436784 -3.907465
1.524088 -0.462029 -3.841677
1.569748 -0.442234 -4.466162
1.604053 -0.371391 -4.455143
1.589762 -0.287886 -4.433646
2.203827 -0.246946 -5.055073
2.204736 -0.883572 -5.036826
1.599965 -0.908385 -5.034905
1.625701 -0.884443 -4.419862
1.599481 -2.149278 -4.409378
1.557397 -1.492117 -4.406551
2.812057 -1.506654 -3.776903
3.472470 -1.508113 -3.816774
3.532882 -0.888693 -3.857501
3.538942 -0.850088 -3.904048
3.526054 -0.830730 -2.711183
3.549484 -1.430933 -2.092703
3.597941 -2.118397 -1.434275
3.607884 -2.173851 -1.418477
3.559967 -2.200884 -2.061566
3.511626 -1.594420 -1.440235
2.927515 -1.604987 -1.414354
2.972706 -1.643988 -1.394704
2.990609 -1.676386 -2.051741
3.006310 -1.664334 -2.080486
2.999674 -1.590658 -2.088824
2.981913 -1.563633 -2.675359
3.541728 -1.028794 -2.644391
2.887687 -1.075586 -2.597598
2.225691 -0.409663 -1.919464
2.189021 -0.353333 -1.871718
2.174724 -0.964587 -2.488095
2.173129 -0.959548 -2.481204
2.179081 -1.623637 -2.461736
2.208361 -1.689718 -3.062321
1.564873 -1.564754 -3.090244
1.586745 -0.923343 -3.156550
1.595963 -0.972319 -2.530101
1.586900 -1.034233 -1.873776
1.583724 -1.052969 -1.862198
1.603124 -1.616005 -1.896966
1.027021 -0.399677 -1.965029
1.014103 -1.030608 -2.007109
1.597550 -1.022466 -1.998261
1.612127 -1.055996 -1.986686
0.966418 -1.083105 -2.021518
0.953025 -1.119589 -2.084496
0.896126 -1.110041 -2.109760
0.840206 -1.742257 -1.501688
1.427194 -1.796030 -1.474359
1.413770 -0.640763 -0.169284
0.783985 -0.001072 -0.184684
0.740404 0.030167 -0.189044
0.708393 0.037082 -0.171472
1.994725 -0.026835 -0.155500
1.984170 -0.117434 -0.736090
1.947912 -0.143414 -0.719721
1.271847 -0.079653 -0.017431
1.275933 0.009921 0.035125
1.279745 0.043204 0.091755
1.284617 -0.633218 0.129517
1.324182 -0.654165 0.138017
1.343885 -0.621492 0.132531
1.392780 -0.549460 0.119957
2.032844 -1.771308 0.117532
1.403327 -1.794515 0.108684
1.387691 -1.155796 -0.546085
0.804683 -0.515335 -0.599470
0.834455 -0.463514 -0.634885
0.848362 -0.400662 0.008009
1.484428 -0.369226 0.045946
1.437431 -0.366930 0.069580
1.416197 -0.368811 0.057008
0.843906 -0.354324 1.869772
0.861470 -0.362776 0.659112
1.445743 -0.412790 0.689040
1.425023 -0.482782 1.292452
1.425942 0.117769 0.629733
1.443047 0.079965 0.655154
0.814314 0.062701 0.046608
1.404381 0.050609 0.090458
0.757739 -0.628612 0.100738
0.766901 -0.634784 0.048008
0.806118 -0.588618 -0.015601
0.207084 -0.530911 -1.276500
0.218217 -1.804262 -1.268405
-0.359490 -1.808108 -1.300669
-0.985772 -1.151857 -0.714861
-0.989248 -2.322817 -0.742890
-1.004305 -2.286547 -0.717289
-0.988234 -2.282272 -0.679819
-0.940760 -2.274785 -0.669021
-0.275816 -2.240159 -0.689905
-0.280582 -0.887757 -0.106569
-0.293572 -0.928563 0.580536
-0.898359 -1.007598 0.621382
-0.858891 -1.052906 0.636192
-0.852763 -1.031562 0.637801
-0.905373 -1.011663 0.702102
-0.972409 -1.675459 1.403696
-0.329695 -1.130415 1.483359
0.354260 -1.122605 0.838987
0.377496 -0.354488 0.834766
0.359374 0.354313 0.846432
0.333151 0.446298 0.250508
0.344472 0.423171 0.248014
0.380237 0.406362 0.177731
0.406757 0.420130 1.327823
-0.241699 -0.232232 1.276353
-0.278792 -0.270546 1.261208
0.318380 -0.346214 1.831199
0.300745 -0.321198 1.769793
0.301468 0.381143 1.707744
0.302065 -0.921205 1.670580
0.287741 -0.984569 1.018247
0.277006 -0.380132 1.618665
0.272823 0.252619 2.158980
0.281071 0.260524 1.479472
0.278517 -0.368492 1.451524
0.264987 -1.055642 1.455434
0.265586 -1.072383 0.179924
0.283190 -1.060857 0.187571
0.306735 -0.424475 -0.412527
0.323631 -0.389867 -0.383869
0.349468 -0.383938 -0.351894
0.376322 -0.396155 -0.327463
0.382166 -1.054805 -0.917545
0.376535 -0.393824 -0.886827
0.381676 -1.020806 -0.849441
0.394506 -0.991997 -0.814680
1.054351 -0.977926 -2.086637
1.047904 0.264920 -1.419111
1.066879 -1.044196 -0.729747
1.109538 -1.055004 -0.716724
1.158551 -1.087404 -1.349995
0.575054 -1.128702 -1.362636
0.603369 -1.193501 -1.324062
0.652813 -1.243240 -1.944750
0.702068 -1.289285 -1.970226
0.714793 -0.652482 -1.984920
0.034154 -0.666288 -1.985786
1.985331 -0.663559 -1.939231
2.021229 -0.666136 -1.234408
1.408454 -0.670857 -1.281130
1.412471 -0.674204 -1.373957
0.770276 -0.670110 -0.129322
1.413071 -0.652142 -0.717370
0.790015 -1.249607 -0.717233
0.815268 -1.218731 -0.161239
1.435882 -1.209689 -0.203502
1.372996 -1.194013 -0.180912
0.676158 -1.160157 -0.118386
0.676968 -1.729192 -0.109929
0.703576 -1.059242 -0.160791
0.690593 -1.697511 -0.179305
0.641596 -1.730273 -0.130590
0.016244 -1.735198 -0.095249
0.681470 -1.096185 -0.144182
0.739920 -1.104582 -0.865501
0.757149 -1.139076 -0.870322
0.720051 -0.527631 -0.814113
0.030286 -0.550329 -1.974523
-0.564838 -1.169016 -2.000859
-1.100357 -1.168363 -2.035042
-1.058798 -1.854744 -1.398845
-1.100455 -1.900345 -1.366456
-2.468542 -1.942479 -1.396837
-1.858765 -1.353047 -2.764303
-0.650065 -1.346071 -0.940903
-0.021695 -1.971803 -0.331411
-0.059668 -1.957228 -0.937394
1.227010 -1.958524 -1.550360
1.241736 -1.946201 -1.584938
1.888807 -1.884172 -1.611328
1.865172 -1.817742 -1.588332
1.825551 -1.781119 -1.538514
1.786312 -1.749561 -1.519341
1.787675 -1.794089 -0.909009
0.485214 -0.549719 -1.556594
0.497206 -0.526467 -0.942406
0.534337 -0.484174 -2.810390
-0.069551 -0.455792 -0.953227
-0.692638 -1.746008 -0.943243
-0.704940 -1.062166 -0.327009
-0.707279 -1.036823 -0.929737
-0.689619 -1.034800 -0.898045
-0.695230 -1.072966 -0.881101
-0.120056 -1.117776 -0.887992
-0.170603 -1.133401 -0.915438
-0.160212 -2.376658 -0.942509
0.552970 -2.343226 -1.572170
0.576378 -1.724341 -1.560323
0.535718 -1.760419 -1.544223
1.146351 -2.419597 -1.533785
0.454188 -2.414094 -1.535189
0.502774 -2.402436 -1.532054
1.084264 -2.429212 -1.527965
0.979577 -2.475683 -0.913917
0.259722 -2.511987 -0.936741
0.937893 -2.523419 -0.299214
1.043393 -2.511653 -0.881389
1.097150 -2.499100 -0.891430
0.398753 -2.488199 -0.900385
-0.231982 -2.490760 -0.885601
-0.171620 -2.502022 -0.285633
0.581889 -2.509150 0.342385
1.202231 -1.847086 0.381298
1.139436 -1.846469 -0.217638
1.127059 -2.518718 -0.211846
1.213258 0.579150 -0.202765
1.325613 -0.016518 -0.166240
1.364012 0.654259 -0.138863
1.351329 0.669050 -0.147470
1.371911 0.677603 0.475657
0.164704 0.698569 1.097992
0.193847 0.716023 1.104423
0.110879 0.714059 0.478666
-0.020916 0.685002 -1.419707
0.560520 0.005314 -0.147110
0.606567 -0.017348 -0.109803
0.645187 0.599354 0.538836
0.603330 0.564536 -0.074617
1.792943 0.546357 -0.060889
0.472815 -0.079927 -0.064250
-0.835366 0.529384 -0.101021
-0.886384 0.480544 -0.150976
-0.996951 0.448299 0.464277
-1.091415 0.475915 0.512590
-1.106395 -0.142850 0.557863
-1.079504 -0.156200 0.566562
-1.088162 -0.831978 0.544881
-1.139947 -0.845849 1.196254
-1.155408 -0.804682 1.217126
-1.096378 -0.128497 1.240983
-1.661713 -0.735586 2.535060
-1.646657 -0.760326 1.934322
-1.668537 -0.155361 2.014041
-1.660002 -0.114370 2.085716
-1.582496 0.607599 2.122121
-1.499173 0.585687 2.142957
-1.477450 0.519180 2.166613
-0.223075 -0.104236 2.172313
-0.170454 -0.063982 2.130867
-0.066246 -0.009088 0.757657
-0.005510 0.009755 0.708082
-1.322149 -0.007312 0.684106
-1.392426 0.621362 0.696300
-1.419517 0.647781 0.047574
-1.375749 1.350120 -0.005824
-0.110814 2.003849 -0.043259
-0.120686 1.322912 -0.071570
-0.169306 1.291265 -0.124371
-0.191505 1.302432 -0.193698
-0.157346 1.347791 0.361103
-0.123202 1.362671 0.998111
-0.144302 1.327214 1.597378
-0.213725 -0.003907 1.577397
-0.252149 -0.630707 1.580826
-0.220349 -0.573726 2.281700
-0.169650 0.064026 2.985377
-0.157081 -0.599079 1.771077
-0.170959 -0.627580 1.745304
-0.150163 -0.603704 1.707854
-0.091364 0.049829 1.050347
-0.054468 0.046266 1.030132
-0.070016 0.641317 1.006800
-0.092698 0.668361 0.987689
-0.073938 0.723534 0.992027
-0.032351 0.141528 0.421073
0.651083 0.760150 0.448209
0.633965 0.120557 0.427748
0.626172 -0.482502 -0.230030
0.016725 0.124642 -0.230542
0.055791 0.759598 0.444392
0.674080 1.399401 0.442681
0.613398 1.391986 0.411067
-0.033322 1.388779 1.016707
1.297740 1.389751 1.056240
2.546158 1.381827 0.462626
2.480215 1.355624 0.424959
2.434145 1.312849 0.988824
2.470327 2.513021 0.966838
2.532408 2.450589 1.016397
1.234479 2.437569 1.030314
1.190401 2.457140 -0.822254
1.155226 2.467035 -0.884640
0.560550 2.446096 -0.902463
1.193454 2.427148 -0.872067
1.163829 2.447493 -0.236275
1.088805 2.507373 -0.285312
1.065749 2.568307 -0.334814
0.493344 1.930257 -0.323911
1.198990 1.885178 -0.282596
1.193206 1.877817 -1.449109
-0.078239 1.930126 -1.480133
-0.078478 2.594097 -1.507176
0.590214 3.221742 -0.837982
0.623733 3.223708 -0.786210
0.584070 3.895223 -0.778406
-0.109082 4.620745 -1.425758
-0.116439 4.684846 -1.389492
-0.054215 4.686618 -1.330618
0.016050 4.668763 -1.304899
-0.650453 4.673368 -1.347734
-1.313474 3.432283 -1.427489
-0.623588 2.774811 -1.409625
-0.002424 2.793311 -1.347677
0.632574 2.203532 -1.905848
0.603591 2.219696 -1.888712
0.561296 2.243462 -1.943998
0.543605 2.914822 -1.916422
0.564760 1.667907 -1.860591
0.588042 1.013448 -2.520167
-0.112582 1.000099 -1.988324
-0.144042 1.562828 -2.016029
-0.156649 1.511736 -1.966825
1.139183 2.094964 -1.905331
1.132990 2.087715 -0.722845
1.094271 2.081710 -1.462851
0.409361 2.068448 -0.864199
0.389730 2.052917 -1.426320
0.388745 2.058471 -1.388285
0.383201 2.078587 -1.428054
-0.270900 2.080364 -1.506741
-0.248514 2.060805 -1.525767
0.458452 2.036269 -0.223823
0.483636 2.032910 -0.164038
0.485318 2.038402 -0.175173
0.479745 3.311521 -1.527304
0.499796 3.314619 -2.804005
-0.734932 3.324044 -2.776891
-0.059397 4.027134 -3.362433
-0.045869 4.049113 -3.383813
1.325231 4.687418 -3.405455
2.000124 4.667965 -2.156583
1.396216 4.029881 -1.528183
1.409972 3.384814 -2.123141
1.378121 3.376060 -2.093150
1.932605 3.348895 -2.075402
1.214406 2.643069 -2.060057
0.571416 2.639049 -2.043303
0.573188 2.626810 -2.024750
1.878101 2.578297 -2.630355
2.483544 3.165674 -2.633720
1.845718 3.138336 -2.027815
1.863298 2.499427 -0.770165
1.878033 2.480724 -1.400224
1.877754 1.794664 -1.398595
1.184577 1.093108 -2.029373
1.180105 1.098190 -2.074059
1.193571 1.768835 -1.439475
1.228601 1.791378 -1.982759
-0.033098 1.774723 -1.385679
-0.002601 1.178296 -1.427318
1.333952 1.243549 -2.078567
1.332284 1.316824 -2.030791
1.343497 1.330870 -1.942212
0.756524 1.281829 -1.850208
0.771712 1.244731 -1.792142
1.418380 1.267674 -2.382198
1.423938 1.298790 -2.408569
1.435649 1.273283 -1.198759
0.781420 1.215217 -2.399776
0.118139 1.219128 -2.411158
0.735859 1.950401 -1.269437
0.689042 2.007239 -1.294748
0.629562 1.989900 -0.658686
0.564598 1.938398 -0.587203
1.162626 1.940087 -0.551620
1.125917 1.998274 -1.201687
1.085931 2.033305 -1.901739
1.045094 2.006839 -1.906475
1.037173 1.983535 -0.550308
1.068602 2.039459 -0.556236
1.093328 2.139318 -0.584991
1.078756 2.195009 -0.596507
1.041210 2.185646 -0.529533
1.045359 2.163158 -0.444278
1.746297 1.544356 -0.453431
1.169106 1.576346 -1.106328
1.177469 1.554532 0.118236
1.169821 1.484919 0.106988
0.619293 1.434124 0.102756
0.708514 1.436451 0.066248
1.369280 1.444686 0.023782
0.664836 1.427155 0.026549
0.631010 1.383946 0.072222
1.245805 1.331794 1.252376
1.951941 1.289285 1.282606
1.957373 1.254417 1.311039
1.916717 1.906632 1.311902
0.588675 1.900470 1.277511
-0.050886 1.271842 1.830131
-0.042291 1.939079 2.425984
0.602482 1.992230 2.460885
0.567661 1.429264 1.867656
1.776433 1.438388 1.234140
1.744390 2.037607 2.462369
0.479192 2.034051 2.517765
0.471138 2.050534 2.569846
0.502445 2.050019 0.685233
0.556032 2.024767 -0.626546
-0.062879 1.377371 -1.267269
-0.058054 0.737528 -0.597106
-1.296697 0.801821 -0.543652
-0.615088 0.858011 -1.161814
0.670191 0.879916 -0.540248
0.634802 1.514417 -0.550040
0.601678 1.543387 -1.787510
-0.624110 1.583369 -1.814050
0.724911 1.593402 -3.163199
0.068484 1.573736 -2.635658
0.020367 1.562076 -1.423158
-0.001910 1.581349 -0.842820
0.674381 1.624920 -0.866745
0.722418 1.637267 -0.875234
0.693852 1.621806 -2.154388
-0.043411 1.605465 -2.163539
-0.097312 1.610852 -1.507703
1.235433 1.619966 -1.459953
1.265963 1.601650 -2.075428
1.222448 0.930859 -2.072351
0.526198 0.283726 -1.458133
0.520469 0.310614 -2.041031
0.569468 0.980342 -2.010144
0.607532 0.999818 -1.985545
-0.075532 1.027598 -2.580867
1.147635 1.055488 -3.165081
1.135273 1.060402 -3.801408
1.205298 1.019626 -3.788296
1.276330 0.962775 -5.026096
1.287277 0.947495 -4.419370
1.263073 0.954918 -4.474194
1.269843 0.940144 -4.506581
1.324597 0.903733 -3.304735
1.339790 2.175878 -3.219755
1.892673 2.181289 -3.165082
1.774193 2.174747 -2.571114
3.020534 2.121397 -2.585501
2.439507 2.060437 -1.281344
1.812635 2.050263 -1.243696
1.732856 2.094806 -0.607198
2.316411 2.127560 -0.660947
1.676083 1.486903 -0.680433
1.714208 1.481658 -0.632074
1.698218 1.500705 -0.557181
1.629416 0.892876 0.743084
1.589083 0.283696 0.752372
1.611093 0.257753 0.770321
1.620933 0.210940 0.768145
1.581762 0.177188 0.117963
0.913002 -0.522358 1.321374
0.963098 -0.576889 -0.534223
0.443341 -0.638976 -0.531920
1.120484 -0.683128 -0.547531
1.091444 -0.701413 -0.580732
1.069260 -0.702964 0.066091
1.096459 -1.860110 0.101960
1.126102 -1.868791 -1.155523
-0.160764 -1.866078 -3.160552
-0.222874 -1.272564 -3.189046
-0.233812 -1.311827 -1.989218
0.411107 -0.745860 -1.992339
0.442580 -0.759192 -1.939740
0.421057 -0.720413 -1.866403
0.387695 -1.295455 -1.815606
0.396778 -1.273076 -1.812046
0.451670 -1.261326 -1.836695
0.467919 -0.574191 -1.857699
0.428153 -0.533344 0.038824
0.410611 -0.506579 0.027624
0.486735 -0.514360 -0.039208
-0.035296 -0.551435 0.537878
-0.649592 -0.587310 0.533547
-0.662580 -0.591342 0.566932
-0.652965 -0.567485 1.185536
-0.572421 -0.538869 1.163549
-0.498903 -0.537879 1.131580
-1.189259 -0.543590 1.117579
-1.254808 0.114836 0.495069
-1.287919 0.148771 0.507798
-1.227128 0.167497 0.500221
-1.163832 0.142421 0.488468
-1.179227 0.103615 1.141795
-1.246622 0.096379 1.185194
-0.600435 0.130062 1.239033
0.037278 0.172926 0.608711
0.021911 0.200754 0.601913
0.553992 0.227861 -0.013097
0.473129 0.264875 0.018699
0.442798 0.293412 0.044473
0.465146 0.287195 0.654632
0.471135 0.250290 1.246442
0.439030 0.223385 1.251244
0.423955 0.226799 -0.628999
0.454108 0.235715 -0.571956
0.474244 0.227039 -0.571569
-0.217646 0.215608 -0.605637
-0.356249 0.223742 0.667257
-1.067265 0.890491 0.659934
-1.703188 0.899348 0.683245
-1.067702 0.888059 0.693281
-2.321784 0.191796 1.332653
-1.682548 0.146468 1.312104
-1.006539 0.123819 1.321037
-0.952414 0.763588 1.351266
-0.918039 0.773512 1.374578
-0.276382 0.748698 2.030428
-0.302796 0.720226 2.610415
-0.286326 0.734798 2.600244
-0.245530 1.402521 1.982472
-0.236170 1.426530 1.970203
-0.257197 1.393844 1.955657
-0.882524 0.741084 1.949104
-0.158353 1.340100 2.587003
0.575425 2.008482 2.536588
0.608616 2.083119 1.889827
1.216969 2.032639 1.890274
1.176535 1.351674 1.904875
-0.057120 1.347026 1.883887
-0.025943 2.018959 1.842440
-0.048977 2.074706 0.556770
-0.117034 2.035492 -0.058008
-0.145705 1.315479 -0.052675
-0.086210 1.906778 -0.061639
1.275289 1.960279 -0.063645
1.350304 2.021506 -0.133770
1.331776 1.397690 -0.781481
1.254755 1.362441 -0.783955
1.207332 1.991738 -0.153671
1.149455 2.079555 -0.772009
1.122315 2.134257 -1.478880
1.041167 2.097846 -1.520074
0.973746 2.040033 -1.524209
0.994498 2.043578 -1.487580
1.079472 2.081020 -2.079386
1.156035 1.461061 -2.069536
1.161703 1.424559 -2.080593
1.132582 1.386420 -2.075978
1.146075 0.750645 -2.050812
1.191024 0.789753 -2.027277
1.206241 0.792519 -2.024604
1.166681 0.731384 -2.045051
1.141337 0.661844 -1.398913
1.175594 0.635082 -1.386570
1.867127 0.650337 -1.364332
1.912095 0.660571 -1.356331
2.540859 -0.012554 -1.370219
2.528891 -0.011075 -1.366544
2.546724 0.662643 -1.341945
1.922724 0.700564 -3.194987
1.887341 1.306784 -3.208609
1.827123 1.292918 -3.252155
0.488223 1.271402 -3.302742
0.495396 1.238436 -3.342027
-0.135543 1.196139 -3.345085
-0.113397 1.154459 -3.358851
0.556831 1.770274 -3.409707
0.555317 1.737392 -2.184573
0.536541 1.695359 -2.191631
0.520452 1.658374 -2.172814
0.509881 0.976320 -2.171799
0.498733 0.970524 -2.185381
0.476183 0.956320 -1.552699
0.444227 0.918501 -0.847110
0.419775 0.885256 -0.828339
-0.190720 0.885375 -2.123261
-0.161082 0.916206 -1.446051
-0.164271 0.933196 -1.415052
-0.880474 0.929788 -1.365851
-0.979440 1.601647 -2.574289
-1.027598 0.994090 -3.219228
-1.035932 1.026858 -3.200745
-0.370720 0.397277 -3.130505
0.324766 0.409035 -3.074437
-1.661383 1.089198 -3.074850
-0.954925 1.111697 -3.804859
-0.888955 1.159557 -1.924976
-0.825135 1.201994 -1.889681
-0.810718 1.861600 -1.867822
-0.846138 0.624739 -3.223697
-0.891998 0.624877 -3.315417
-0.902751 0.643551 -2.720863
-0.213664 0.661615 -2.056336
-0.854916 0.643965 -2.036750
-0.862194 0.583759 -2.062486
-1.566765 0.546819 -2.767373
-1.575274 0.563058 -2.803063
-1.577704 1.873723 -1.516146
-1.580636 1.879720 -1.502536
-1.601250 2.488270 -1.529100
-2.295351 2.495542 -1.590958
-1.666607 1.918857 -0.989041
-1.695165 1.946816 -1.023435
-1.707435 1.933119 -1.024572
-1.731529 1.255768 -1.029464
-1.761955 1.246277 -1.052765
-1.784164 1.292543 -1.069375
-1.789218 1.336800 -1.050041
-1.127347 1.341025 -0.989829
-1.792166 1.322849 -0.914629
-1.816077 1.347348 -1.497898
-1.191849 1.414875 -1.462580
-1.866287 1.469450 -1.441877
-1.879761 0.821941 -1.415341
-1.899051 1.413583 -1.388361
-1.907046 1.377972 -1.364736
-1.893769 1.373958 -0.681788
-1.875066 1.370560 -0.678313
-1.868435 1.327991 -0.671121
-2.526259 1.265841 -0.653338
-2.545858 1.244359 0.639431
-1.942166 1.274710 1.997337
-1.922008 1.315788 1.925168
-1.910466 1.325433 1.832197
-1.900495 1.330207 1.775042
-1.878344 1.356843 1.119316
-1.833607 2.699008 -0.122193
-1.136450 2.735336 -0.107255
-1.130561 2.731613 -0.735431
-1.137177 2.694385 0.096504
-1.134049 3.277486 -0.505800
-1.126978 3.300750 -0.478857
-1.149215 2.725874 0.145388
-1.871931 1.435787 0.743611
-1.929074 1.390553 0.746089
-1.938964 1.424746 0.094498
-0.647323 1.491161 0.064200
-0.684242 1.502993 0.037982
-0.723004 1.434374 1.294829
-0.713175 1.382352 1.285142
-0.651967 1.398856 1.926903
-0.620016 0.220031 1.923520
-0.000343 0.194823 2.547596
-0.724238 0.080934 2.514925
-0.730800 0.009538 1.795175
0.007263 0.036653 1.753282
0.069704 0.097604 1.056781
-0.593555 0.090915 0.328489
-0.615733 0.009684 0.292212
-0.572244 0.529945 0.997390
0.182327 0.557011 0.444632
0.883432 0.625574 0.523661
0.238674 0.638033 1.158405
0.181392 0.593343 1.098566
0.176382 0.576864 1.090976
0.873181 1.915029 1.796391
0.884930 1.975004 1.815251
0.824494 2.016116 1.125987
1.405371 2.010941 1.705539
1.395236 3.215445 1.125911
0.788378 3.187565 0.644894
0.801608 3.203369 0.715401
1.380403 3.237324 0.659860
1.317218 3.237872 0.580375
1.285971 3.208020 0.552261
1.277650 3.797473 -0.084934
1.266696 3.178405 0.533991
1.246819 3.193545 -0.218974
1.229710 2.556542 -0.242528
1.236772 2.522395 -0.151439
1.252440 2.513444 -0.005355
1.269786 2.510602 0.052074
1.264926 2.487479 -0.663217
1.244608 2.449760 -1.341766
1.229765 2.415562 -1.333499
1.231029 2.399323 -0.070924
1.252002 2.368843 1.105257
1.270795 2.325243 0.390062
0.653890 2.915977 0.333883
0.641895 2.911809 0.387196
0.660504 2.919919 0.477292
1.302738 3.568650 0.486131
1.909881 2.963723 0.439308
1.851501 1.747872 0.399295
1.833558 1.802017 0.399580
1.858146 1.860703 -0.835047
1.799272 1.267985 -0.914241
1.804562 1.249127 -0.994503
2.465680 0.592221 -1.045073
2.494105 0.603291 -0.362690
1.878138 0.626790 -0.315866
1.332664 -0.670809 -2.158728
1.347254 -0.723381 -2.096815
2.022300 -0.771472 -2.088469
2.071627 -0.761486 -2.101157
1.419020 -0.724293 -2.097819
1.381359 -0.720394 -2.079028
1.323494 -0.773055 -2.096747
1.307434 -0.886293 -2.132797
1.332187 -0.882264 -2.119432
1.333440 -0.858472 -2.055102
0.660140 -0.866422 -1.997099
-0.034653 -0.901497 -1.995960
1.327555 -0.904991 -2.016614
1.356995 -0.865413 -2.013666
1.305969 -0.243993 -1.384058
1.205721 -0.239216 -2.035023
1.111082 -0.246306 -2.055087
1.854853 -0.248442 -2.061830
1.331322 -0.237070 -2.044603
1.332085 -0.228974 -2.019565
1.284456 -0.228693 -2.003379
1.939168 -0.216598 -2.009328
2.633778 -0.191265 -2.016084
2.017552 0.492311 -2.022705
1.962079 0.517396 -2.043424
1.882129 0.533772 -2.064961
1.869690 0.545035 -2.691135
1.907063 -1.339782 -2.689189
1.928527 -0.645495 -2.722127
2.564063 -0.639005 -3.384023
2.546273 -0.663710 -3.406932
1.911235 -1.996424 -1.389285
3.808716 -2.038302 -1.361531
3.727331 -1.390373 -1.394340
3.646894 -1.357502 -1.495969
3.666979 -1.985956 -1.568867
4.987063 -1.979195 -1.550549
4.294988 -2.626687 -2.134359
4.255284 -2.632140 -2.122247
3.642260 -1.989079 -2.151499
1.696935 -1.951423 -2.141153
1.687484 -1.953647 -2.717071
1.612081 -1.990160 -2.655820
1.565256 -2.601122 -1.487904
1.623109 -2.560749 -1.576774
1.716698 -2.514356 -2.216288
1.754235 -3.190356 -0.988472
1.737871 -3.195784 -0.980016
2.385774 -3.174620 -1.528416
3.107276 -3.119646 -1.558809
2.596892 -3.070182 -2.216601
2.632202 -3.085077 -2.182241
1.939199 -3.127585 -2.146272
1.892356 -1.972781 -1.497289
2.513620 -1.288858 -0.252348
2.526251 -1.238196 0.354895
2.488780 -1.292113 -0.248062
1.802823 -1.379563 -0.217905
1.078588 -0.800972 -0.222742
1.113877 -0.170697 0.348806
0.503844 -0.187090 -0.950692
-0.150090 -0.206049 -0.905650
0.422291 0.400858 -1.532271
1.050673 0.433972 -1.534226
1.070447 0.452020 -1.579560
1.066496 -1.481845 -1.618110
1.070834 -2.161081 -1.610978
1.666128 -2.816394 -1.587446
1.700436 -2.159361 -1.583076
1.778535 -2.182193 -1.611294
1.202673 -2.247685 -1.638827
1.836069 -2.885954 -1.623472
1.764183 -2.915541 -1.579012
3.025145 -2.178340 -1.549669
1.830652 -2.784441 -1.594908
1.839343 -2.815900 -1.620200
1.792370 -4.138158 -2.237006
2.352565 -2.265922 -1.564909
2.382491 -2.277751 -1.516504
1.194253 -1.663609 -0.851466
1.261045 -1.755339 -0.901600
0.623510 -2.490089 -0.924898
1.239856 -1.892719 -2.193966
1.214008 -2.461302 -2.147088
1.206482 -1.141423 -2.156905
1.188413 -1.172435 -2.226013
1.143737 -1.215674 -0.977314
1.108618 -1.246690 -0.957135
1.109288 -2.518788 -0.916901
0.526437 -1.781951 -0.884232
1.218419 -1.751514 -0.946066
1.869020 -1.722461 -0.998394
1.206587 -1.700369 -0.992058
1.174671 -2.797299 -1.576174
1.145279 -2.084777 -0.930806
1.781042 -2.047204 -0.994899
1.756174 -2.063567 -1.036975
2.359135 -0.809688 -1.011982
1.768873 -1.453429 -0.975097
1.882907 -1.417148 -1.741185
2.539276 -1.380725 -0.429581
2.547741 -1.412769 0.144144
1.930060 -0.888681 0.150602
2.627697 -0.352110 0.160827
2.661500 -0.375157 -1.150599
1.340755 -0.365090 -1.146423
1.891032 -0.397086 -1.792681
