-3.087968 1.298583 2.046302
-3.087269 0.690586 1.982936
-3.097472 0.789238 1.963207
-2.472422 0.838846 1.945489
-2.529321 0.790278 1.937940
-2.585559 0.713410 1.932415
-2.624584 0.063610 3.938035
-2.636256 0.093162 3.885625
-3.261042 -0.489692 3.836250
-3.239183 -1.092536 2.559809
-3.202867 0.163022 1.875003
-2.503838 0.232562 1.803005
-2.499602 0.909968 2.986026
-2.523966 -0.302317 4.229356
-2.536217 -0.982679 4.242506
-2.525787 -0.431151 4.289175
-2.525747 -0.457647 4.326668
-2.537003 0.157326 4.323197
-2.519495 0.176200 4.959604
-2.453960 0.188373 4.980836
-2.374441 0.206229 5.005202
-1.697461 0.233918 4.366852
-1.701032 0.234002 3.690502
-1.697555 0.195881 4.320822
-1.674922 1.470932 3.708027
-2.278452 1.486522 3.760479
-2.284720 1.450426 3.796058
-2.907334 0.161048 3.138233
-2.890470 0.155685 3.159763
-2.838273 0.190730 2.527789
-2.791229 0.855660 1.894062
-2.785492 0.210104 1.894080
-2.792316 0.135309 1.856057
-2.202765 0.095688 2.443820
-2.207570 0.097689 2.426869
-2.231490 0.097529 1.793549
-2.277808 0.657412 3.661173
-2.296778 -0.040445 2.430919
-2.885432 -0.055025 4.362867
-2.871733 -0.017369 4.368321
-2.885975 -0.628739 5.034113
-2.890442 -0.609982 5.060316
-2.865428 -0.604788 3.733992
-2.849829 -0.576637 3.729491
-2.889940 -0.533443 3.713426
-2.974482 -0.491203 3.714766
-3.015295 0.155876 4.374068
-2.961749 0.734488 4.413322
-2.881728 0.725675 3.228058
-2.873686 0.735106 3.237817
-2.911269 0.748828 3.229688
-3.534870 2.092568 0.748008
-2.851584 3.341120 0.159257
-2.825389 2.620195 0.815548
-3.533217 1.942414 0.799044
-3.654523 1.955475 0.791959
-2.370491 1.959418 0.789335
-2.358927 3.241674 0.208362
-2.982783 3.770833 0.248091
-3.003803 1.819152 0.250830
-3.011435 1.855841 0.835657
-2.362613 2.569649 0.794242
-2.354143 2.537482 0.692614
-2.371702 1.892879 0.691568
-2.398674 1.856933 0.030996
-2.407331 1.868180 0.593294
-2.400578 2.487678 -0.100829
-3.054183 1.810474 0.483401
-3.069614 1.188615 -0.107104
-2.413884 -0.056866 -0.734771
-2.981527 -0.627699 -2.046609
-2.308053 0.022010 -1.475653
-1.664318 1.886777 -1.496189
-1.682622 1.268635 -1.487466
-2.328366 1.306560 -1.485854
-2.285157 1.299639 -2.114799
-2.248030 0.584266 -2.153619
-2.260420 1.793792 -2.149082
-2.293646 1.809065 -1.485919
-2.287023 2.517266 -1.446193
-1.573438 2.543322 -1.455057
-1.528485 2.491558 -1.496654
-1.554482 3.053048 -0.921530
-1.600399 3.035321 -2.179696
-1.600704 2.375188 -2.179960
-1.557071 2.351424 -2.807009
-1.526816 2.257514 -2.829500
-1.545827 2.183574 -2.250842
-1.592322 2.868183 -1.577671
-1.609459 1.706324 -0.871644
-1.587902 2.951093 -0.820443
-1.565584 2.918378 -0.832520
-1.587757 2.868767 -0.198594
-1.653757 2.899210 -0.182761
-1.690858 2.366844 -0.127128
-1.672716 1.742332 0.515851
-2.264655 1.102774 -0.169024
-2.265408 1.090313 -1.451881
-1.686590 1.128443 -1.404662
-1.710619 1.182902 -1.329702
-1.693323 1.170411 -0.650636
-1.662823 1.114059 -0.686461
-1.662415 1.693433 -0.715031
-1.689073 2.359496 -1.298960
-2.305141 2.410675 -1.278665
-2.266600 2.387096 -1.314537
-2.235037 0.354547 -1.382106
-2.243117 0.951320 -1.403806
-2.267414 1.012522 -1.377682
-2.275074 1.078588 -0.729430
-2.292185 1.045631 -0.737364
-2.337850 0.957228 -1.382687
-1.768087 0.923962 -1.365182
-2.428227 0.993779 -1.327856
-1.194307 1.076057 -0.707407
-1.197103 1.055589 -0.739732
-1.220970 0.992547 -0.752303
-1.859511 0.988168 -0.697836
-1.840504 0.449316 -0.624546
-1.828548 0.515730 -0.598247
-1.221757 0.488818 -0.625531
-1.275360 1.070903 -1.286499
-1.306349 1.051142 -0.590616
-1.293511 0.512031 -0.538778
-1.281497 1.203107 0.694246
-1.220691 1.231951 1.300801
-1.211127 1.203978 1.257081
-0.548280 0.550995 1.862320
-0.506167 1.193459 1.245683
-0.519664 0.577168 1.905423
-0.576060 0.572639 1.893484
-0.629613 0.521437 1.831905
-0.628200 0.453229 1.160304
-0.592359 1.041616 -0.106387
-1.203018 1.021351 -0.100060
-1.179391 1.012977 -0.138091
-1.151872 0.978735 -0.202194
-1.118490 1.553201 -0.246210
-1.105618 2.853643 -0.242790
-1.128532 2.876247 -0.194521
-1.159938 2.919095 0.463178
-1.819451 2.925074 0.439452
-1.847778 2.892385 0.403927
-0.621602 2.862800 0.401994
-1.244102 2.910968 0.457209
-1.193048 1.679985 -0.798024
-1.767112 2.382023 -2.168399
-1.153109 1.696494 -2.199274
-0.557647 2.902094 -2.206806
-0.579945 1.611443 -1.485757
0.693032 1.637855 -1.458337
1.315772 1.629904 -1.492832
1.326646 1.605408 -0.898848
1.296640 1.571225 -0.926987
1.282072 1.537097 -0.914249
1.356352 1.500581 -0.925074
1.475326 2.052237 -0.317680
1.518882 2.673807 -0.339777
1.464280 3.286793 -0.941250
1.410018 3.263383 -0.834384
1.442192 3.257401 -0.132699
1.510103 2.644006 -0.157095
1.514810 2.687119 -0.212625
1.462297 3.382034 -0.165806
1.441160 2.768024 0.555240
1.508633 1.571865 0.537980
1.596231 1.565085 1.113735
1.614772 0.935260 1.717741
1.582670 0.995120 1.107999
1.550753 0.455405 1.200009
1.541496 -0.180152 1.245083
1.519738 -0.216965 1.866680
0.220067 -0.280290 1.807785
-0.409933 -0.319824 1.782801
-0.424837 -0.315867 1.782707
-1.117313 -0.302853 1.751297
-1.149688 -0.321312 2.330332
-1.158264 -0.362498 1.600714
-1.129139 1.521667 2.177684
-1.729184 1.512694 2.172741
-0.484266 1.548401 2.174095
-0.504901 1.595787 1.484845
-1.078828 1.607523 1.423476
-1.042971 2.248922 1.364183
-1.007770 2.260498 1.360981
-0.983926 2.274760 1.390290
-0.959711 2.250474 1.964160
-0.927849 2.207514 1.954182
-0.908253 3.453075 1.861031
-0.923806 4.090647 2.504103
-0.969245 4.062574 1.955856
-0.378167 2.794002 2.707164
0.238552 2.162833 2.687855
0.844890 2.167783 1.993999
0.805302 2.165047 2.632185
0.749235 2.135113 2.723367
0.700796 0.828987 2.141512
0.689547 -1.141870 2.102804
0.687461 -0.543009 2.026904
0.665462 -1.128900 1.970966
0.620817 -1.084611 2.029599
0.582261 -1.702351 2.076025
0.575919 -1.128692 2.060191
0.580021 -1.771139 2.032495
-0.065204 -1.708099 2.669895
-0.069091 -1.000472 2.727467
-0.059661 -1.667309 2.150575
-0.023982 -1.736215 1.494173
0.004043 -1.734406 3.380018
0.001200 -1.679578 2.724698
-0.642232 -1.658685 2.747865
-0.660376 -1.676864 2.771229
-0.669959 -1.689309 3.390982
-0.684693 -1.684495 3.349695
-0.692206 -1.627665 2.703786
-0.690599 -0.982927 2.697086
-0.701891 -0.997910 4.008941
-0.719893 -0.424928 4.008279
-0.740162 -0.410981 4.017189
-1.318832 -0.315265 4.010868
-0.745741 1.055639 4.016133
-0.765040 1.065159 3.362206
-1.359474 0.399209 3.386814
-0.713890 1.012567 3.376655
-1.279080 1.075425 3.314483
-1.247302 0.517809 3.280099
-1.248794 0.509437 3.293786
-0.608355 0.431047 3.318740
-1.222123 0.395046 2.670647
0.029221 0.451858 1.982382
0.674073 -0.083515 1.996321
0.622389 0.572702 2.065632
0.577168 0.523536 2.128703
0.579088 1.127295 -0.479931
0.011676 1.156067 -0.488103
0.008500 0.601011 -0.439592
0.567370 1.187172 -0.405877
0.552792 1.085458 0.216575
0.580201 0.369139 1.437578
-0.005859 0.421545 1.406525
-0.044623 0.494826 2.103126
-0.129328 0.470584 2.175872
-0.192918 0.392647 2.857404
-0.201318 0.993909 2.864267
-0.198777 1.044610 2.855039
-0.234008 1.095862 2.852057
-0.273512 1.026527 2.826441
-0.274145 0.932851 2.784816
1.159594 1.526459 2.748649
1.147353 1.563290 2.741105
1.129898 0.941347 2.758115
0.506346 0.892870 2.763574
0.471193 1.527886 2.774046
0.435758 2.178285 2.796182
0.415559 1.611467 3.429256
0.433479 1.028430 3.416253
0.471746 0.982248 3.361163
0.498756 1.572824 2.693551
0.512154 1.577381 2.673719
0.519075 1.612411 2.711583
0.524405 0.982504 2.759323
0.533960 0.955161 2.772165
0.547700 0.266535 2.144021
0.560507 0.293658 2.185062
0.589245 0.336520 2.239042
0.636579 0.991746 2.246276
0.693675 0.959349 2.178025
0.751592 1.617145 1.485555
0.793077 2.310551 1.473691
-0.404393 1.049372 1.511020
-0.407471 1.016341 1.536277
-0.444087 1.638070 1.521473
-0.480198 1.066456 1.461192
-0.515115 0.417484 1.475315
-0.542777 0.455480 1.522776
-0.582538 0.436613 0.933531
-0.631793 0.418407 1.541830
-0.659245 0.428256 1.499054
-0.669701 0.430495 1.473098
-1.979051 0.399451 0.860280
-1.954104 0.356976 0.906448
-1.960302 0.373243 1.588271
-1.363400 0.446755 1.024207
-2.014042 1.141450 0.405392
-1.976392 1.150593 0.411934
-1.904862 1.122838 -0.188282
-3.070375 1.146878 0.403377
-2.371998 1.178126 0.984275
-2.995025 1.832700 0.933978
-2.949180 1.822502 0.902148
-2.271996 -0.000111 0.917572
-1.644329 -0.650838 0.950426
-2.307443 -1.907806 0.948508
-2.966741 -0.611785 0.893911
-2.935550 -0.637454 2.095342
-1.660943 -1.297957 0.813616
-1.652760 -0.724761 0.820147
-1.684689 -0.080426 0.809524
-2.365657 0.582279 0.763129
-2.345465 1.203616 0.688202
-2.315260 0.468498 0.627841
-1.033714 0.422604 0.628268
-1.758149 0.429254 0.682097
-1.793996 0.439274 0.716867
-1.767223 1.041924 2.594000
-1.059794 0.292592 1.987305
-1.041474 0.256781 1.370986
-1.072086 -0.316865 1.380634
-1.780771 0.397378 0.788778
-1.821260 -0.222553 0.752343
-1.189174 -0.224165 0.729505
-1.208232 -0.825914 0.749406
-1.884662 -0.743751 0.786804
-2.610967 -0.682613 0.770458
-2.638420 -0.689689 0.705263
-2.608878 -0.110728 0.674678
-2.551983 -0.091147 0.706962
-2.527066 -0.662845 0.764681
-1.947120 -0.641296 0.754262
-2.013250 -0.693644 -0.019663
-2.021999 -0.724575 -0.091997
-1.986857 0.603098 -0.061365
-1.975943 0.684192 -0.001856
-2.021991 0.051185 -0.007980
-0.796031 -0.025062 -0.047758
-0.812214 -0.065394 0.598064
-0.725855 0.606402 0.655968
-0.638656 0.677131 0.699181
-0.648655 1.270595 0.678044
-0.713231 1.211292 0.634576
-0.713088 0.552693 0.649968
-1.923498 -0.059788 0.720374
-1.866471 -0.031613 0.762252
-1.907078 0.553322 -0.540460
-1.976935 0.478235 -0.570248
-1.968602 -0.165046 0.720686
-1.898708 0.554461 0.090665
-1.868424 0.592117 0.091701
-1.911985 0.540315 0.069304
-1.295440 2.466723 0.030055
-1.264851 2.476316 0.025927
-1.190106 1.838691 0.021293
-1.158126 1.846663 0.632650
-0.018993 1.842964 0.658110
-0.034526 1.832044 0.660719
-0.037740 1.810069 0.634048
-0.042822 1.783650 1.246935
-0.045113 1.771598 1.276921
-0.038426 1.751593 1.941141
0.586060 1.781405 1.293215
-0.031301 1.818957 1.222677
-0.018451 1.863814 1.193173
-1.141903 1.910782 0.031964
-1.160053 1.937599 2.009528
-1.180450 1.936609 1.959762
-1.185024 1.292907 1.877951
-1.796766 1.296565 1.293742
-1.778834 0.682052 1.334586
-1.749689 0.722146 1.325463
-1.719775 0.747614 1.914543
-1.699207 0.752041 1.884050
-1.699188 0.758600 1.929886
-2.312222 0.773941 2.010317
-2.333213 0.768829 2.063963
-2.366260 0.705668 2.654198
-2.401663 0.636512 2.617083
-2.424306 0.612748 2.609261
-2.428279 0.638428 3.289343
-1.803505 0.025131 3.326163
-1.809981 1.315828 2.672722
-2.462537 1.931390 2.627473
-2.462195 2.576027 2.631092
-2.465949 1.999485 3.325779
-1.907589 2.028268 2.766289
-1.906080 1.974198 2.737223
-1.902409 1.870029 2.675576
-1.910464 1.811769 1.995779
-1.272919 2.468851 2.041308
-1.261295 2.468900 2.746090
-1.862717 1.793706 2.116244
-1.870115 2.393863 2.030821
-1.229274 4.308763 1.960707
-1.252833 4.387587 1.898521
-1.929094 5.800499 1.954474
-1.943007 5.156898 2.003368
-1.954177 5.122218 2.008582
-1.978776 5.736935 2.596119
-2.001591 6.367955 2.589996
-2.008709 6.380896 1.932433
-2.646621 5.711735 1.889409
-2.644161 5.020107 1.815184
-2.025902 5.008318 0.546672
-2.058913 3.117630 0.537746
-2.073093 3.141297 0.519843
-1.409420 2.443103 0.499398
-2.050698 2.375104 0.492182
-2.050246 2.373005 -0.104724
-2.075538 2.412201 -0.036034
-2.742158 2.406993 0.632307
-2.735604 2.335204 1.251173
-2.722146 2.290714 1.256103
-2.736860 2.343629 1.295581
-2.759404 2.441583 1.327951
-2.741360 2.470676 1.328605
-2.689004 3.064282 0.704384
-2.655770 3.046341 0.724919
-2.030455 3.113379 0.767433
-2.077427 3.186411 0.774835
-3.325511 3.832504 2.018185
-3.286442 3.750223 1.362183
-3.254083 3.736644 1.349084
-1.357987 3.828831 1.337250
-0.039060 3.932140 2.592387
-0.015810 3.949422 2.552732
-0.023550 2.774587 2.561957
-0.743983 2.786308 1.997161
-0.813865 2.813269 2.041661
-0.205895 2.201844 3.256579
-0.205273 2.170583 3.230305
-0.233350 2.061040 2.626421
-0.293650 1.320450 3.297198
-0.325855 2.591627 3.273990
-0.292619 2.644485 3.197243
-0.252844 2.048430 3.136776
1.029455 2.057007 3.156211
1.527961 2.089468 3.233349
1.537207 2.146819 3.286640
1.608916 0.909035 3.300431
1.620752 0.878462 3.290442
1.540798 0.214313 2.112646
1.481412 0.787305 2.148844
1.540472 0.749573 1.554486
1.652804 0.707312 1.553150
1.684367 0.073666 1.512464
1.621328 0.080630 1.495152
1.587956 0.064816 1.522269
0.363143 0.010124 1.543161
0.447373 -0.670103 2.152933
0.431859 -0.114508 0.777867
0.327399 -0.139293 0.742775
0.274864 -0.163158 0.735630
-0.313516 -0.855745 1.372302
-0.256650 -0.242647 1.320459
-0.253221 1.051549 1.260406
-0.297386 -0.118840 1.251666
-0.314227 0.524342 1.283393
-0.270958 0.525864 1.323411
0.431907 1.795057 1.351862
-0.216957 1.791894 0.749566
0.401003 2.507206 0.778537
0.428726 2.508477 0.824272
0.502199 2.501061 0.862490
0.561921 2.503913 0.854149
0.565007 2.461263 0.827680
0.548051 3.149929 0.831148
0.562157 3.218445 0.853588
-0.036254 3.248838 0.866979
-0.032503 3.251138 0.854894
-0.773440 3.242381 0.825473
-0.841855 3.215673 0.801659
-1.530124 3.178321 0.780103
-1.523151 2.486670 0.751719
-0.837054 2.490229 0.089649
-0.785551 3.136877 0.029028
-0.777335 3.135748 0.661634
-1.430804 3.167991 0.614788
-1.409956 2.584323 -0.676531
-0.732073 2.722309 -0.705909
-0.712991 3.349862 -1.359425
-0.739849 3.266369 -1.352458
-0.780125 3.217277 -1.359790
-0.782295 3.876185 -1.404899
-0.734422 3.937297 -1.454428
-1.920529 3.300604 -1.453808
-1.302121 3.260731 -1.416604
-1.302938 3.890688 -1.385697
-1.335043 3.977176 -1.376887
-2.624461 2.762407 -1.372909
-2.638879 2.143813 -0.708708
-1.431017 2.067074 -0.653281
-0.844750 2.651250 -1.840800
-0.883930 2.030703 -1.836559
-0.910524 2.091112 -1.842234
-0.907757 1.482111 0.014098
-0.874050 1.448968 0.054379
-0.844105 0.781935 0.746084
-0.836496 0.840739 0.744897
-0.835323 1.596211 0.721832
0.511346 0.949912 0.723433
0.534828 0.912653 0.738860
0.544736 0.911169 0.741629
0.555538 0.963709 0.142558
1.222116 0.992010 0.131233
1.253418 0.948544 0.105112
1.266945 1.531663 0.069501
1.846224 1.537870 0.054940
1.815980 1.621632 0.059203
1.796996 1.628250 0.058957
1.180553 1.567160 0.041193
1.160305 0.240551 -0.001374
0.521632 0.200714 0.610376
1.054751 0.896618 -1.213337
1.004003 0.900857 -0.616154
0.984606 1.504865 -0.666573
0.965466 0.798317 -0.102511
0.925969 0.805752 1.130482
0.202368 0.837993 0.551645
0.825625 1.474026 -0.075008
0.880169 1.408068 -0.103792
0.259062 0.749810 -0.140497
0.245712 0.150419 0.550409
-0.462293 0.166872 1.225628
-0.495239 0.755377 1.844511
-0.476781 0.765180 1.802737
-0.431727 0.757804 1.202098
-0.416943 0.794081 0.617244
-0.451215 0.842368 1.290463
-0.484091 0.847394 1.307555
-1.123520 0.807702 1.335145
-1.105439 0.750702 1.351722
-0.473687 1.370223 2.013584
-1.185169 1.407957 2.063630
-1.210866 1.430628 2.041440
-1.199393 2.086091 1.989231
-1.196901 2.009439 1.967219
-1.234482 2.002478 0.743515
-1.273309 2.731313 0.776343
-1.279092 2.749065 0.776443
-1.260030 2.008418 0.157746
-1.260405 2.516041 0.175187
-1.951510 3.190132 0.205515
-1.355327 3.273644 0.203356
-2.005220 2.658651 -0.444490
-1.954416 1.982791 0.138798
-1.906367 1.900084 0.107936
-1.903531 0.005483 0.105611
-1.936362 0.095056 -0.531098
-1.955561 0.123293 -0.517466
-1.950515 0.080255 -0.494589
-1.335149 0.049413 -0.462324
-1.365108 1.321225 0.173546
-1.337394 1.379513 0.180966
-1.984168 1.392482 0.803722
-1.277221 1.349884 0.779482
-0.588698 1.328161 0.743919
-0.611911 2.024478 0.734946
-0.000543 0.892661 0.768551
0.055220 0.884809 0.817589
0.117790 0.851069 -0.501057
0.097928 1.443298 0.091129
1.247425 1.456911 -0.611173
1.218193 1.464502 -0.620381
1.284641 0.844931 -0.601695
1.356822 1.468613 1.255769
1.325251 1.499174 0.572653
1.261423 2.152569 -0.063531
0.646437 2.741498 -0.003268
0.741949 2.705539 0.083247
1.378624 2.074316 0.114361
1.914087 0.796493 0.746653
1.802874 0.775098 0.742594
1.809719 0.741745 0.138994
1.890098 0.724385 0.163365
2.500532 0.738273 0.159588
2.428203 0.771406 -0.475501
1.791999 0.812216 -0.473259
2.459131 0.848531 -0.412872
2.538234 0.873638 0.291917
2.526504 0.895845 0.327708
2.453754 -0.289308 -0.289549
2.428380 -0.893355 -0.905789
1.887678 -0.911398 -0.876787
1.358683 -0.953928 -0.882205
1.359085 -0.984484 -2.161557
1.323113 -0.345477 -2.166579
1.329411 0.306479 -1.543634
1.999052 0.278489 -1.533291
4.025503 0.232647 -1.511165
3.351076 0.194917 -1.461581
2.711087 0.183957 -1.469097
2.743257 0.213918 -1.479069
2.744534 0.234302 -0.892711
2.694238 0.197806 -0.924435
2.003056 -0.538469 -0.914279
2.010085 -0.513138 -1.497819
2.059011 0.265161 -1.481389
2.071015 0.972223 -1.464728
2.019905 0.925193 -2.078233
1.977618 0.265632 -1.411773
1.346822 0.279816 -1.379461
1.398948 1.693340 -2.071405
1.411937 1.769430 -2.117541
2.017715 -0.272518 -2.134387
1.379488 0.297281 -1.496892
0.753817 0.307125 -2.163066
0.796063 0.423445 -2.223483
0.808371 1.170288 -2.272512
1.399915 1.746664 -1.645150
1.364367 1.640359 -1.023386
-0.002203 1.605817 -1.010112
-0.024075 0.999257 -1.041357
-0.660161 0.390587 -1.098059
0.045579 0.347100 -1.127902
0.058983 0.905136 -1.780021
0.044608 0.942198 -0.536886
0.718086 0.997607 -0.605172
1.400541 1.642095 0.022505
1.436878 2.203954 0.046970
1.428314 2.194075 0.114338
0.747673 2.174326 0.150280
0.737275 2.223931 -1.154810
0.749395 2.274894 -0.537940
0.757110 2.266532 -1.136295
0.055872 1.559546 -0.491801
0.036956 1.532664 -0.526307
0.028336 1.571890 -0.575625
2.068361 1.643663 -1.216852
2.028813 1.671814 0.163983
0.667786 1.622865 0.165672
0.019998 0.886093 0.147715
0.018281 -1.108708 0.775293
0.664913 -0.406907 0.161301
1.270072 -1.016629 0.812472
1.951002 -1.742581 0.767793
1.323510 -1.193480 0.721039
0.707936 -1.251451 1.381544
1.364360 -0.539446 1.433026
1.986202 -0.503028 1.445993
1.955833 -0.510004 0.765948
1.337868 -0.561789 -0.589617
2.086463 0.072968 -0.542694
2.695546 0.079115 -0.473591
2.628895 0.106162 0.217806
1.941488 0.117382 0.184129
2.021671 1.418054 0.184328
2.116347 0.735539 0.249166
1.451219 0.160546 0.329051
0.779441 0.190131 0.322019
0.740332 -0.446179 0.288742
0.767157 -0.399801 0.295916
0.782349 -0.343198 0.378022
1.404765 -0.321172 0.463805
1.329714 0.303866 0.475848
1.257713 0.946084 0.432826
1.325277 0.944644 -0.859825
1.391751 0.954708 -0.846341
-0.490559 0.944854 -1.454234
-0.482922 0.888454 -2.130314
-1.119598 0.810427 -2.205729
-1.085736 0.774883 -1.595014
-0.407235 0.798847 -1.586602
-0.402354 1.400849 -1.584430
0.864340 0.747045 -1.617077
0.832248 0.038381 -1.677296
1.467015 0.036125 -1.717053
2.128788 0.089599 -1.718436
1.454285 0.135410 -1.083920
2.093899 0.115389 -1.743297
2.100435 0.079770 -2.466132
0.202859 0.086224 -3.165431
0.203026 0.135784 -3.161650
0.196107 0.801532 -3.119279
1.476512 0.748762 -3.105950
1.471150 0.046806 -3.146511
1.461428 -0.631436 -3.173274
0.805557 -0.625094 -3.804167
1.487646 -1.258865 -3.767843
1.524661 -1.270209 -3.152357
1.573089 -1.285594 -2.560138
0.925127 -1.309905 -2.010468
0.913454 -1.305157 -1.997178
0.878827 -1.282329 -1.943725
1.527558 -1.264726 -1.929118
1.554577 -1.265010 -1.970010
1.536734 -1.263924 -2.021805
1.479286 -1.238905 -2.015291
2.657112 -0.566990 -1.955820
2.709930 -0.566253 -0.654633
2.787279 -0.572333 -0.680364
2.787813 0.110029 -0.708670
2.720959 0.124879 -0.060787
2.676887 -0.499481 0.052841
2.731437 0.136377 0.141707
2.164789 0.135198 0.165270
2.159424 1.443927 0.144721
2.109453 1.464718 0.142295
0.873826 1.463108 1.532289
1.584384 1.475946 0.956011
1.648233 1.512732 0.330353
1.674347 2.190381 0.292856
1.027968 2.187121 0.291223
1.050243 1.515555 -0.319865
1.106418 1.515285 -0.304068
1.132212 0.277664 -0.330847
1.089085 -0.337773 -0.372922
1.012697 -1.007118 -0.395676
0.980973 -1.742881 -0.416668
2.290042 -1.758305 -0.472604
2.294785 -1.722844 -0.552010
2.262806 -1.101638 -0.616328
2.223447 -1.131627 -0.643038
0.882863 -1.177527 -0.659778
0.885060 -0.500585 -0.688883
2.699378 -0.419962 -0.716356
2.664703 -0.384674 -0.126920
2.644316 -0.454055 -0.108992
2.657956 -0.549655 -0.108930
2.666381 -1.200959 -0.115808
2.067295 -1.115184 -0.101734
0.810196 -1.070017 0.580851
1.477083 -1.131236 0.018245
2.180471 -1.215920 0.026254
1.578208 -1.180363 0.019276
1.582931 -1.042600 0.029484
2.226541 -0.327728 0.058793
1.624731 0.283852 0.087767
1.655136 -0.465073 0.106625
1.650652 -0.454657 0.128893
2.224755 -0.361117 0.147692
2.211330 -0.325181 0.160623
2.892296 -0.410074 0.783618
3.510495 -0.503094 0.795584
2.850399 -0.467771 0.810102
2.849811 -0.359966 0.812514
2.858975 -0.344366 0.787922
2.848145 0.845183 0.108247
2.842143 0.088318 0.081997
2.867717 -0.512499 0.091707
2.298515 0.198481 0.119582
2.373955 0.199748 0.135852
2.390513 0.156168 0.144753
2.375057 0.148863 0.175201
2.364768 -0.434109 0.238147
1.718661 0.270237 0.296672
1.706569 0.238099 0.310027
1.661844 -0.467703 0.951296
1.610653 -0.469811 0.937296
1.583260 0.230696 0.971023
1.588228 1.544974 1.020621
1.597576 2.156686 1.034185
2.206866 2.123278 1.006621
2.826961 2.129900 0.384197
2.780441 2.159085 -0.259707
2.085607 2.144005 1.014053
2.061487 1.443098 1.616844
2.718065 1.986231 1.521654
2.717658 1.979915 1.434027
2.719165 1.994520 1.421701
3.375199 1.945313 1.452324
3.403701 1.871224 1.448535
3.437293 1.828462 1.404333
2.174092 1.834949 0.153815
2.821431 1.841739 -0.453028
2.808541 1.811951 -1.072735
3.474680 2.375101 -1.099076
3.519581 2.417293 -1.152276
3.544142 1.209892 -1.174140
3.537112 0.595795 -1.146184
4.166351 0.582668 -1.107128
4.150856 0.600051 -0.441011
4.171293 0.645074 -0.432543
4.184920 0.684967 -0.407874
4.167586 0.678902 0.844587
3.502570 0.651061 0.884068
4.757427 0.656441 0.870980
4.115357 0.691042 0.815646
2.855959 0.725613 0.772229
2.818123 1.372371 0.771396
2.749825 0.756147 0.777680
2.095174 0.759808 1.425947
1.488281 0.769223 -1.233548
1.516521 1.396540 -1.851087
2.128399 0.758858 -1.838691
3.368340 1.371472 -1.861422
3.318504 1.362234 -2.492523
3.294827 0.734701 -2.466595
2.608083 0.730169 -2.425833
2.567559 0.741620 -2.436426
3.165935 1.393975 -0.551778
3.187048 2.012418 -0.581429
2.581752 1.990061 -1.167789
3.250557 1.288616 -1.091980
3.244360 1.949255 -1.052568
3.245080 1.964979 -1.066378
2.586925 1.344810 -1.061113
1.919294 1.319789 -0.986626
1.871692 1.297898 -0.923235
2.534440 1.322959 -0.988663
2.595430 1.363234 -1.145935
2.675587 1.370591 -1.255231
2.715505 1.332167 -0.621399
2.726859 1.291895 -0.573629
2.764745 1.296501 0.011668
1.555974 1.321746 -0.052503
1.542172 1.332468 0.624764
1.459185 1.311309 1.417378
2.025660 1.929562 1.525036
2.044909 1.932686 1.509361
2.103643 1.933977 1.428409
2.106524 1.942962 0.759644
2.072101 1.947381 0.783234
2.088670 1.924731 0.820487
2.186317 1.891685 0.838385
2.208729 1.872036 -0.370260
1.490495 1.870806 -0.304782
2.009790 1.865058 0.412262
2.586701 2.472646 0.476089
1.331683 2.465810 -0.116069
0.756061 3.157837 -0.132085
0.752126 3.195832 -0.142704
0.696962 3.219421 -0.156169
0.712776 3.212662 -0.197696
0.809204 3.184327 -0.259638
0.254113 3.167147 -0.313534
0.238316 3.164582 -0.331772
0.142546 1.855874 0.289814
0.096500 1.846701 0.257494
0.151402 1.818318 0.222275
0.221498 1.799433 0.212896
0.861845 1.795674 0.223245
0.842589 2.413701 -0.438033
0.867318 2.390308 -0.464932
1.608735 1.740683 -0.457537
1.675384 3.626924 -0.413512
1.658525 2.977926 -0.363003
1.574058 3.000375 -0.322741
1.507801 3.021498 -0.274392
1.496188 3.017439 -0.234786
1.484659 3.014185 -0.223457
1.476800 3.021760 -0.245091
1.442597 3.023967 -0.285845
0.815377 3.008730 -0.931013
0.891713 1.757547 -0.945657
0.345383 1.127361 -0.982677
0.354939 1.135220 -1.006352
0.304700 1.127119 -1.010834
0.863131 1.735970 -0.371462
0.864752 2.343473 -0.346597
0.897431 2.311138 -0.977692
0.908371 2.274297 -1.008307
0.881731 1.615959 -1.013703
0.870392 2.200545 -0.999536
1.512692 2.184218 0.167072
1.549235 2.182815 0.112470
1.559299 2.193489 -0.507988
1.509556 2.208380 -1.097061
2.064970 2.836708 -0.420263
1.462746 3.488639 0.203422
0.866467 3.489044 -0.509256
0.893719 3.483265 -0.538014
1.527349 3.487471 -0.515304
0.189014 3.510250 0.082003
-0.396872 3.541863 -0.515495
-0.986290 2.905642 0.633183
-0.974874 2.939570 0.624548
-1.012658 2.973668 0.689136
-0.452923 3.657378 1.392111
-0.502180 3.026329 0.138881
-0.475061 3.033824 0.110190
-0.423527 3.034233 0.757075
-0.396617 3.029647 0.789018
-0.400493 2.409406 0.795979
-1.008047 2.418543 0.744532
-0.940964 2.421718 1.314377
-0.895075 2.425753 1.309619
-0.323510 2.436165 1.391202
0.170767 3.100813 1.472188
0.101986 3.079230 1.497076
0.153327 3.036609 0.846490
0.265638 1.762313 0.234286
-0.950692 1.736221 0.237900
0.963798 1.726897 0.190889
0.951259 1.703525 0.098566
1.660917 1.017128 0.010527
2.383989 1.655091 0.623049
2.364948 2.371337 0.656924
1.625381 2.410315 -0.475783
2.223554 2.394563 -1.692497
2.281835 2.352407 -1.014419
2.361645 2.334139 -1.004609
2.382461 2.300036 -1.023325
1.687016 2.348085 -1.097191
2.942397 1.115235 0.715032
2.385387 1.143745 1.289427
2.413330 1.202571 1.266116
2.390484 1.282024 0.721200
3.550741 1.330666 0.119689
2.877077 0.661356 -0.415639
2.857537 0.649279 0.325980
2.890266 0.621179 0.361097
3.534311 0.622675 -0.268041
2.906345 0.621346 -0.251557
2.868076 0.616286 0.336272
2.840479 0.622533 0.274210
3.502688 1.256642 0.889439
3.512552 1.265699 0.243553
2.862028 1.258952 0.227132
2.839146 1.843072 0.191589
2.812790 1.804999 0.138601
2.820399 1.783696 0.110393
2.857607 1.773655 0.108050
2.268528 1.146283 -1.222563
2.279840 1.815354 -0.637536
1.640306 1.850302 -0.048871
1.583313 1.246499 0.540296
1.496233 1.267542 0.548573
1.539162 1.255684 0.570579
2.261427 1.232703 -0.671575
2.283103 1.220774 -0.613573
2.245363 1.210181 0.091507
1.567968 1.172676 0.120439
1.607864 1.753209 -1.161183
2.979670 2.389117 -1.137771
3.572670 0.445201 -1.089209
2.158781 -0.143724 -0.423495
0.752027 -0.135584 -0.402521
0.697242 0.490358 -0.382211
0.736686 1.131500 -0.352630
0.801569 1.783735 -0.322257
0.752007 1.112496 -0.312526
0.698023 2.372549 -0.315346
0.693025 1.112268 -0.332459
2.013327 2.327063 -0.342934
1.468754 2.335241 -0.362640
1.469768 2.991536 -0.396870
0.823258 2.428816 0.201612
0.172381 2.470526 -0.468841
0.213628 2.461911 -0.492447
0.297462 1.783751 -0.508266
1.056416 2.401057 -0.511989
-0.313917 1.771574 -0.514158
-1.581428 1.771456 -0.519904
-0.301508 1.776342 -0.516424
-0.267272 1.792786 -0.531484
-0.812869 1.221539 0.080859
-0.872397 -0.045152 0.057438
-0.928663 -0.002085 0.053267
-0.983272 -0.021148 -0.565832
-1.035456 -0.082879 -0.564056
-1.065410 0.476227 -1.215304
-2.244096 0.411574 -1.233565
-2.253357 0.974513 -1.851956
-2.264970 0.890229 -1.814024
-2.925719 0.877019 -1.153705
-2.902435 0.255802 -1.174976
-3.447224 0.902492 -1.197515
-3.400552 0.277624 -1.161057
-3.387123 0.256509 -1.065481
-3.398137 0.204365 -0.984863
-3.390364 -0.488618 -0.965668
-3.352418 -0.534696 -0.965636
-3.310362 -0.551646 -0.273990
-3.290089 -0.541412 -0.186296
-3.304034 -1.206880 -0.118452
-2.698204 -1.820422 -0.121951
-2.682520 -1.122153 -0.168343
-2.037700 -1.685671 -0.184481
-2.659723 -0.998773 -0.147457
-2.689885 -1.006235 -0.113224
-2.710936 -1.031797 -0.145604
-2.731278 -1.055244 -0.235672
-2.729774 -1.058314 -0.312224
-2.718608 -1.053685 -1.021188
-2.723179 -2.324710 -0.987674
-2.743601 -2.317524 -1.040254
-3.423116 -2.305960 -1.122907
-3.464377 -1.678693 -1.175665
-2.895290 -1.641461 -1.189974
-2.912737 -1.600553 -1.201873
-2.943815 -1.588182 -1.223570
-2.992820 -1.611875 -1.903833
-2.999049 -1.637998 -1.905912
-2.950961 -1.632175 -1.903227
-2.891590 -1.611779 -1.892653
-2.868816 -2.273548 -1.886458
-2.884858 -2.291678 -1.244261
-3.464683 -2.312929 -1.242219
-3.445542 -2.311645 -1.238512
-2.828275 -2.298173 -1.234009
-2.867847 -2.314059 -1.218587
-2.903163 -2.390232 -1.170404
-2.875290 -1.234175 -1.113324
-2.159401 -1.238914 -0.471043
-2.121342 -1.181065 -1.129149
-2.128485 -1.118877 -1.151628
-2.142860 -1.104962 -1.149992
-2.129906 0.323953 -1.139028
-2.128700 0.364857 -0.465792
-1.542338 0.417440 0.700721
-1.619792 0.442330 -0.032863
-1.663427 0.435796 -0.648190
-1.631310 1.684286 -0.569782
-1.017257 1.707408 -0.522057
-0.964256 0.546193 -0.531120
-0.964516 0.572426 -0.530168
-0.345036 0.546460 -0.469976
-0.285080 -0.094251 0.248057
-0.224872 -0.091489 0.300082
-0.876209 -0.075426 0.304629
-0.928048 -0.068457 0.319559
