-0.190324 -2.555351 -1.663292
-0.180481 -2.551214 -1.739664
0.439247 -2.533202 -1.730754
0.446459 -3.150860 -2.998022
-0.844791 -3.136267 -2.981034
-0.229484 -3.110037 -3.015648
0.406158 -3.053147 -3.035391
0.393146 -2.334294 -2.999469
0.428740 -2.922675 -2.950787
0.501721 -2.928988 -2.964092
-0.665419 -1.709490 -3.026412
0.638978 -1.058699 -1.699483
0.017511 -1.635206 -1.677381
0.015260 -1.599438 -2.308184
0.609887 -0.997105 -2.304744
1.234730 -1.048803 -2.892294
1.197418 -1.050881 -2.873363
0.517283 -0.407679 -2.827544
0.505590 -1.038479 -4.124635
-0.798920 -1.106621 -4.130677
-0.760463 0.104683 -3.452546
-0.138184 0.780786 -2.792089
-0.787127 0.846551 -2.154751
-0.211310 1.537589 -2.831743
-0.261213 1.446627 -2.232876
-0.945908 0.747870 -1.534002
-0.993482 0.145911 -0.808423
-1.046724 0.836949 -0.762897
-2.354818 0.212159 -0.763355
-1.116435 0.794271 -1.453681
-1.131874 0.744470 -1.458231
-1.109170 -0.477068 -0.809325
-1.101865 0.152601 -0.839473
-1.088632 0.160264 -1.548107
-0.460462 -1.141729 -1.576721
-0.415089 -2.409678 -1.579015
1.543693 -2.349314 -0.924065
1.609032 -2.267223 -1.585032
1.024961 -2.263242 -0.996863
1.070284 -2.311321 -1.664027
1.118927 -2.981986 -1.697316
1.178541 -2.909798 -1.712084
1.215910 -2.204541 -1.730000
0.582742 -2.211972 -1.764184
0.541181 -2.254834 -1.786847
0.508948 -2.907143 -1.764228
-0.098047 -2.206935 -1.695222
-0.081267 -2.168345 -1.625108
-0.065744 -2.853740 -2.220459
-0.053901 -2.245936 -2.229021
-0.035073 -2.233131 -2.233949
-0.017794 -2.185338 -2.204967
-0.030493 -1.543087 -2.181148
0.570565 -2.242305 -2.202185
0.530014 -1.636067 -2.259346
1.147521 -1.618111 -2.273812
0.472499 -1.574175 -2.226392
-0.145892 -2.216708 -2.176407
-0.805788 -2.917630 -2.175895
-0.183375 -2.935326 -2.219719
-0.183589 -2.878491 -2.238493
-0.140853 -2.804349 -2.225053
-0.098637 -3.416960 -2.229206
-0.109242 -2.826281 -1.014345
-0.146629 -4.152348 -1.044567
-0.146631 -3.499041 -1.036700
-0.749019 -1.537280 -0.999934
-0.689194 -1.577327 -0.918067
-0.673515 -1.656118 -0.951517
-1.304275 -1.703726 -0.334655
-1.274439 -1.703664 -0.280155
-1.217900 -1.111915 -0.252114
-1.195495 -1.161914 -0.283742
-1.224889 -1.245313 -0.320341
-1.279006 -1.952104 -0.292882
-1.279184 -1.921323 -0.224313
-1.260114 -3.061846 -0.204884
-1.255106 -2.425640 -0.269632
-1.274049 -2.467787 -0.329199
-0.675384 -3.089600 -0.311603
-0.706848 -3.011704 -0.264839
-0.725710 -3.586707 -0.269601
-0.749004 -2.298221 -0.329694
-0.776125 -2.965721 -0.375920
-0.801261 -2.930175 -0.377388
-0.809131 -3.442568 -0.361976
-1.441439 -3.425914 0.859168
-0.770532 -2.827780 0.753216
-0.756058 -2.887228 0.097551
-0.764149 -2.265697 0.132014
-0.772777 -1.646130 0.181599
-0.124250 -1.672113 0.170023
-0.106457 -1.761503 0.106610
-0.101000 -1.815703 0.089027
-0.782752 -1.786906 0.134060
-0.157194 -1.796845 0.175971
-0.128508 -1.759276 0.176290
-0.080534 -1.812763 0.160715
-0.068179 -1.192757 0.184981
-0.693719 -1.124703 0.233581
-0.683556 -1.073341 0.275687
1.165941 -1.083907 0.287747
1.211960 -1.102422 0.283195
1.858838 -1.055595 0.296586
1.817918 -0.977256 0.303090
1.784153 -0.941858 -0.345246
1.778108 -0.964679 -0.960000
1.772586 -2.242323 -0.249662
2.974555 -2.252984 1.122360
2.252850 -3.516649 1.089837
2.236351 -2.911646 0.409020
2.250887 -2.939260 0.450182
2.231529 -2.957389 1.175098
2.163444 -2.955090 0.504795
2.114013 -2.975574 0.405572
2.147564 -3.036427 -0.327956
2.228966 -3.067620 -0.840035
2.906444 -3.045882 -0.099391
2.865561 -3.015491 -0.102049
2.836323 -4.296808 0.449934
2.234770 -4.303492 0.404395
1.675381 -4.251827 0.470948
2.329980 -4.216895 0.569947
2.303452 -4.167214 0.544430
2.274077 -4.193419 -0.233520
2.921573 -4.229585 -0.270752
2.981354 -4.223146 -0.185399
3.011356 -4.214195 -0.112682
3.007969 -4.242689 -0.150292
3.651142 -4.926860 -0.245307
3.683810 -4.293438 -0.279020
3.067446 -4.260085 -0.214376
3.064228 -4.243138 -0.167672
2.364233 -4.260200 -0.229204
2.310810 -4.289176 -0.340605
2.263259 -4.290218 -0.358748
2.242042 -2.931333 -0.284558
2.261410 -3.571658 -0.233113
1.646438 -4.261069 -0.259851
1.649020 -3.667028 -0.306047
1.614033 -3.699223 -0.268724
1.567258 -3.684609 -0.185051
1.540118 -3.657885 -0.164630
1.540918 -3.672658 -0.243618
1.531229 -3.735319 -0.315490
2.169127 -3.803267 -0.285348
2.133722 -3.815580 -0.212777
2.111804 -3.783335 -0.207653
2.118210 -4.419570 -0.289888
2.132550 -5.082840 -0.357435
2.779390 -5.078486 -0.335108
2.773404 -4.380160 -0.266272
2.755880 -3.660873 -0.258212
2.734630 -2.361410 -0.326904
2.702832 -3.029227 -1.026908
2.682349 -2.458061 -1.019546
2.688908 -2.466850 -0.959799
2.054917 -1.811667 -0.841873
1.429096 -2.456152 -0.862852
1.448752 -1.838760 -0.334098
2.168544 -1.264030 0.334647
2.201843 -1.234769 1.045629
2.195483 -1.171032 1.072038
1.496673 -1.130842 1.059085
2.118024 -1.157318 1.032426
2.125797 -1.179810 1.706633
2.150863 -1.167221 1.764803
2.156380 -0.455443 1.790432
2.141263 -0.437478 1.764698
1.500032 -1.140465 1.718033
1.528758 -1.134739 1.708215
2.210528 -1.109136 1.743134
2.200827 -0.430807 1.752192
2.201890 -1.044025 1.690464
2.235864 -2.177367 2.210520
2.271173 -2.816240 2.901649
2.280797 -2.837536 2.282431
2.264800 -2.865777 2.312185
1.606073 -1.630411 2.248198
1.635097 -1.655395 2.169705
-0.304276 -1.009873 2.160156
-0.300019 -2.296892 2.210619
-0.360188 -1.085691 2.874519
0.232701 -1.021667 2.827530
0.902116 -1.012168 2.776805
1.010260 -0.431513 2.805045
0.994874 -0.527801 1.630205
0.946055 -0.587802 1.721234
0.936089 -1.229305 1.722627
0.987261 -0.493541 1.677423
1.050962 0.146274 1.682080
1.060132 0.074154 1.752729
1.632034 -0.590407 3.155618
1.589203 -1.143387 3.109821
1.593724 -1.734170 3.048079
1.627754 -0.536137 3.035411
1.665386 -0.598320 3.065995
1.685566 -0.560016 3.073587
0.347087 -1.075076 3.023203
-0.254233 -0.989521 2.379731
-0.129115 -1.019911 2.967288
0.569472 -1.076520 3.010823
-0.040973 -1.046798 1.870171
0.536059 -0.935152 0.621416
0.409289 -0.237257 0.564590
-0.285849 0.379286 0.526610
1.137634 0.996597 0.550960
1.762761 1.013273 0.619768
1.780296 1.708538 0.655404
1.757497 1.081139 0.622949
1.721974 0.396635 0.566419
1.703267 0.326042 0.566371
1.684258 0.272584 0.635063
1.652688 0.950913 0.674610
1.606543 -0.303090 0.626089
1.565987 -0.345069 0.541519
1.560181 2.117648 0.513645
1.574331 2.116960 0.563462
0.947117 2.848605 1.251104
1.581532 2.222020 1.285970
0.913588 2.160500 -0.622253
0.936243 2.070065 -0.641913
0.958168 2.051171 -0.636164
0.972667 2.713626 -0.617482
0.932265 2.728533 -0.629023
1.544188 3.290170 -0.665488
0.866651 2.603355 -2.691297
0.182972 2.060656 -2.752571
-0.355351 2.214829 -2.760239
0.349769 2.242902 -2.711477
-0.954889 2.240042 -2.643238
-0.277625 2.217992 -2.632058
-0.287666 1.645953 -2.694654
0.376993 2.927010 -2.752611
0.321832 2.933167 -3.372063
0.242492 1.050134 -3.338806
-0.471546 0.475225 -3.330881
-1.104662 0.562164 -3.378531
-1.071282 0.593662 -3.412634
-0.455030 -0.090702 -2.809837
-1.087095 -0.810145 -2.745795
-1.007145 -0.817561 -2.097683
-0.935457 -1.430969 -2.172355
-0.944032 -0.173288 -2.252181
-1.035399 0.420827 -2.937049
-1.762152 0.349938 -2.923639
-0.500831 0.321022 -2.924674
-0.459440 0.322004 -2.954973
0.112646 0.330110 -2.962217
0.052543 0.259677 -2.936034
0.028286 0.191612 -2.889105
0.091955 0.184578 -2.862710
0.162603 0.200597 -2.221971
0.138661 -0.418131 -2.244699
0.048792 0.199105 -2.289371
0.042498 0.895225 -2.339866
0.102988 0.946363 -1.775274
0.182197 0.330818 -1.742729
0.183077 0.322051 -2.276453
0.124668 -0.225078 -2.287312
0.122612 0.445331 -1.097882
0.216167 0.464572 0.193384
0.299667 0.441946 -0.980533
0.278956 0.421598 -0.971841
0.822678 -0.187437 -0.386653
0.773472 -0.162932 -1.063721
0.803037 -0.192607 -1.027552
0.843098 -0.252128 -0.923091
0.829828 1.033574 -1.473902
0.121950 1.032979 -1.477310
-0.496591 2.888062 -1.493991
0.242036 3.453539 -1.444620
0.908957 4.652591 -1.372460
0.864251 4.628604 -0.727157
0.746912 4.663942 0.433016
0.661183 4.693716 0.375912
0.665865 4.694678 0.418787
0.715286 4.055459 0.596765
0.728707 3.359683 1.267933
0.101845 3.343609 1.244674
0.140656 2.084987 1.184302
2.167503 2.062730 1.796984
2.276325 2.032833 1.806715
2.255782 0.772620 1.794412
0.918134 0.850950 1.750562
0.889607 0.937585 0.484395
1.569699 1.618225 1.117614
2.260431 1.600481 -0.010794
2.230985 0.980714 -0.614150
2.190208 0.385204 -1.251419
2.248243 0.394447 -1.276625
0.998623 -0.159541 0.600393
1.080813 0.378946 0.572154
1.075173 0.363226 1.836242
1.025429 0.393321 1.787508
0.366368 -0.196392 1.736649
1.025574 0.407005 1.722308
1.019675 0.374524 1.754185
1.610392 0.362095 1.164455
1.578661 0.374837 1.173890
1.612768 -0.282929 1.143218
1.035405 -0.964831 1.081250
1.051426 -1.009811 1.020209
0.393896 -2.282142 1.657380
0.343919 -2.252833 2.905743
0.336793 -2.221204 2.890641
0.345179 -2.242649 2.237686
0.318185 -2.273642 2.276707
0.286912 -2.252953 2.331792
0.296316 -2.192640 1.686505
1.569144 -2.166457 0.372758
1.588409 -2.192666 0.326483
1.562258 -1.587631 0.296514
1.537262 -2.245253 0.960638
1.549757 -2.242562 0.289241
1.571194 -2.223685 1.500500
1.538848 -2.211642 1.523417
1.454623 -2.211108 1.580133
1.389616 -2.194445 0.980510
1.403876 -2.152618 0.941596
2.080325 -2.723188 0.869607
1.493375 -2.719480 1.447241
0.855209 -2.151088 1.422907
0.843060 -2.843663 1.387608
0.261064 -4.136858 1.340495
0.990977 -4.138278 1.967922
1.651602 -4.099749 2.029287
1.597802 -4.053086 1.468398
1.551541 -4.025278 1.518129
2.216563 -3.399466 1.518806
2.265675 -3.387493 0.857059
2.905512 -3.353071 1.517549
2.258035 -3.313124 1.531903
0.946974 -3.316157 1.500842
0.934900 -3.365792 1.449183
0.949341 -3.396033 1.421121
0.970823 -2.053068 1.449884
0.940344 -1.970728 1.512046
0.873401 -1.958125 0.883991
0.808799 -2.655307 0.229505
0.774573 -2.683705 0.239812
0.816458 -2.637702 0.829177
0.827752 -3.789478 2.142126
0.818608 -2.647346 2.119455
0.803040 -2.751543 2.715721
0.807323 -2.800570 3.980937
0.839897 -2.082425 2.101058
0.872273 -2.630672 2.777082
0.867772 -3.282385 2.827059
1.476710 -3.291165 3.546210
1.440985 -2.641204 2.385887
1.479677 -3.196439 1.779157
1.550011 -3.157510 1.794387
1.578913 -2.544284 1.148764
0.884092 -2.576683 1.784111
0.850242 -2.563707 2.958929
2.131521 -3.139802 2.284913
2.134014 -3.094361 1.613404
2.818314 -3.087137 1.598567
2.793296 -3.069251 1.680230
4.118053 -1.833847 1.741342
4.133057 -1.798600 1.748569
4.166105 -1.799428 1.015140
4.198418 -2.460245 0.938455
3.576740 -3.146178 0.918004
3.569256 -3.167773 0.934258
2.249199 -1.952356 0.281798
2.307472 -1.955575 0.264366
2.368995 -1.947695 0.291309
2.402276 -1.937921 1.014486
2.431615 -1.921062 1.097608
2.450837 -1.894998 1.106435
2.504095 -2.472922 1.088026
3.173854 -3.705988 1.039908
3.159017 -3.719199 1.026941
3.761066 -3.759879 1.017347
2.573658 -3.147603 0.983185
2.572769 -3.738980 0.940428
2.578492 -4.299910 0.956002
2.581619 -3.776734 1.676429
2.569431 -3.226371 1.772966
2.548488 -2.012434 1.796579
2.530297 -1.944213 1.762597
2.506031 -1.900395 1.742968
1.787870 -1.941596 2.413105
1.730491 -2.032266 2.441335
1.701212 -2.086238 1.779959
1.709809 -2.082634 1.765995
1.041849 -0.834924 1.832641
1.048686 -0.900953 1.979181
1.068844 -0.941511 2.112831
1.117771 -1.500521 0.920478
1.171435 -1.444836 0.245960
1.195166 -0.205536 0.191207
1.182214 0.988684 0.180641
1.168545 0.950681 0.173121
1.175791 1.585923 0.108835
1.831965 4.183982 0.043745
1.832176 3.533526 0.038038
1.824959 3.542869 0.127621
1.833039 2.263981 0.229492
1.860120 3.588879 0.259942
2.499627 3.624901 0.228091
2.464218 2.376967 0.200120
1.794506 3.056392 0.229447
2.361689 3.080233 0.255018
2.363735 3.103387 -0.434431
2.376563 2.482592 -0.484634
2.362329 1.191883 0.136101
2.328867 0.591817 0.239497
2.331649 0.599493 1.598122
2.377822 0.614460 1.581110
1.809888 0.615877 2.197283
1.192257 0.609872 2.192422
1.185683 1.292952 2.223798
1.199391 1.273337 2.207761
1.834615 1.256512 2.110894
1.851109 1.239036 1.408929
1.855229 1.864953 1.403451
2.508239 1.855950 1.474156
2.537678 2.513903 1.528975
1.203427 1.240479 1.512196
1.221770 1.248244 2.101176
0.591318 1.151956 2.096016
0.579476 1.776664 2.149898
0.542340 1.810405 0.911966
-0.145599 1.753290 0.861328
-0.219858 -0.797773 0.795957
-0.264644 -0.805392 0.131339
0.365048 -0.795276 0.768626
0.369086 0.515793 0.769860
0.342920 0.558424 0.091323
-0.338809 0.594656 1.252069
-0.366292 -0.642571 1.237776
-0.358620 -1.275995 1.260064
-0.363280 -1.273718 1.261413
-0.406559 -1.250842 0.570392
-1.748407 -1.216671 0.507074
-1.741759 -0.565783 0.487741
-1.042619 -0.570426 -0.827509
-0.968775 0.071515 -0.814400
-0.935578 0.079787 -0.219819
-0.913368 -0.548715 0.380018
-0.865256 -1.148873 0.383732
-0.810184 -0.494584 0.456114
-0.794170 -1.817371 0.503968
-0.821700 -2.445268 1.754837
-0.859400 -2.403422 1.694600
-0.872286 -2.408559 1.671299
-0.855865 -2.442903 1.729860
-0.834157 -2.470837 1.813554
-0.824253 -1.837225 1.817708
-0.832821 -2.456940 1.738748
-0.839511 -3.112119 1.081707
-0.204716 -3.134395 1.113679
-0.914984 -1.874517 1.171692
-1.010198 -0.617314 1.184451
-1.070991 -1.227014 1.127071
-1.070532 1.366961 2.366471
-1.031369 1.358647 1.722668
-1.038400 1.990068 1.154115
-1.075596 1.363787 1.229129
-1.066496 1.387034 1.239112
-0.346186 1.411362 1.206232
-0.284739 0.735860 1.179574
-0.978668 0.691039 1.194609
-1.066622 0.028816 1.226945
-1.063824 0.047569 0.619739
-0.962717 0.068932 0.568587
-0.890604 0.065259 0.494873
-0.947949 0.066556 1.745759
-1.664709 -0.564379 1.761771
-1.016651 -0.537079 1.141636
-0.910740 -0.530545 2.385328
-0.903651 -0.555988 2.313511
-0.424142 -1.819891 2.255273
-0.560421 -1.784328 1.613630
-0.561118 -1.751795 2.327616
-0.488377 0.152444 2.935873
-0.498611 2.021259 3.534279
0.000156 2.036726 3.471043
-0.076314 2.033012 2.247916
-0.045623 2.596154 2.939971
0.020293 2.606530 2.304398
-0.003167 1.353658 2.298192
0.556112 1.325766 2.305651
-0.146888 1.286136 2.340778
-0.095184 1.236262 1.124686
-0.021856 0.563984 1.154291
-0.030962 1.151438 1.813968
-0.051253 1.076205 1.808642
0.022482 2.973337 1.831332
0.731212 2.952000 0.623809
0.782233 2.978736 0.676768
0.158023 2.314251 0.710022
0.138256 1.692492 0.137031
0.179973 1.691993 -1.134008
-0.405365 1.705366 -1.099986
-0.416493 1.709785 0.148292
0.141100 1.667728 0.143312
0.132475 0.966297 -0.429779
-1.128745 0.911472 0.207090
0.188664 0.915245 0.137502
0.167657 0.957687 0.113621
0.081255 0.341518 0.754375
0.033502 0.328975 1.450578
0.061394 0.305429 0.835709
0.100616 0.343404 0.774762
0.075000 0.435136 2.601441
-0.004288 0.481696 2.599307
-0.674490 0.431254 2.655713
-0.648597 -0.264333 3.314246
-0.601430 -0.250142 2.622938
-0.598344 -0.157502 3.836480
-0.639591 0.593671 3.232038
-0.653498 -0.631144 2.689839
-0.597335 -0.717564 2.693889
0.137156 -0.773986 2.640992
0.182674 -0.084130 2.633150
-0.467465 0.634923 2.720887
-0.467265 1.261475 2.816657
-1.661783 1.191904 2.815751
-0.936186 1.127836 2.035866
-0.920642 0.435709 2.069629
-1.608062 0.476790 0.209380
-0.995100 0.514162 -0.973408
-0.952126 1.165360 -0.948238
-0.906083 1.084505 -0.977096
-0.940583 1.038807 -0.343106
-1.024071 1.684125 0.423598
-1.070846 1.658216 -0.135639
-1.055391 1.634416 -0.164619
-1.036547 1.593590 -0.260815
-1.083873 1.570132 0.365758
-1.148923 2.891220 -0.215350
-1.151079 2.250041 -0.833216
-1.087374 0.966302 -0.894423
-1.696891 1.611268 -1.001135
-1.731081 -0.282942 -0.389496
-1.779362 -0.903006 -0.377323
-1.762755 -0.267807 -0.339219
-1.683244 -0.907210 -0.435510
-1.635068 -1.534497 -0.525633
-1.672796 -0.918927 -1.194737
-1.728775 -0.900498 -2.579437
-1.713753 -0.256138 -2.547705
-0.936368 -0.876806 -3.862133
-0.853382 -0.234536 -3.800842
-0.891333 -0.214307 -3.158322
0.235837 -0.210748 -2.485449
0.500285 0.408874 -2.511377
0.618611 0.367052 -3.178898
0.579306 0.296041 -2.467869
0.441754 0.307190 -2.420743
1.018051 -0.377973 -2.401002
1.061397 -0.345976 -2.450487
1.099209 0.320556 -2.441436
1.055090 0.296892 -2.383873
0.981086 0.291796 -1.814984
0.965505 0.921142 -1.880048
1.613771 0.903570 -1.987733
1.033747 0.868252 -2.048624
0.361248 0.845898 -2.038414
-0.378686 0.882181 -2.029173
0.212965 0.288732 -2.052692
0.172174 1.000312 -2.663987
0.767612 0.463765 -2.632023
0.106277 0.480683 -2.591125
0.079084 0.481995 -2.592617
0.065644 -0.147102 -2.044255
0.701679 -0.155450 -2.064970
0.708413 -0.132415 -1.384510
0.705684 -0.780941 -1.338123
1.291733 -0.801829 -1.321662
1.260481 -0.825886 -1.309352
0.568240 -0.810278 -1.245153
0.589263 -0.772193 -1.158414
1.248220 -0.819573 -1.106157
1.322033 -0.860740 -0.462432
0.140326 -0.237119 -1.073849
0.146115 -1.491737 -0.960342
0.161591 -1.456134 -0.896974
0.227224 -0.770175 -0.877124
0.305238 -0.765910 -1.518021
0.334513 -0.762651 -0.827029
0.300745 -1.389081 -0.764095
0.261006 -1.297046 -0.067974
0.272913 -1.236040 -0.072075
0.299110 -2.488594 -0.770878
-0.341557 -2.537803 -0.198637
-0.357394 -2.577167 -0.216718
-0.353339 -2.556708 -0.236148
-0.309095 -2.496251 -0.313512
-0.885352 -2.448122 -0.419917
-0.884895 -3.124891 0.159409
-0.937807 -1.886441 0.204485
0.318641 -1.881553 1.411820
0.909745 -1.831733 0.761240
0.862435 -1.846936 1.333258
0.844377 -1.305815 1.335960
0.864499 -1.341097 0.681941
0.889332 -0.053949 0.684223
0.281294 -0.007910 -1.119040
0.289659 0.617546 -1.159626
0.914411 1.189365 -1.748941
0.883591 0.529370 -1.681234
1.481627 0.590257 -2.268599
1.438040 0.621422 -2.265098
1.387847 0.559035 -1.629225
1.350817 0.457478 -1.651952
2.586405 0.414222 -2.265957
2.645571 1.730682 -2.289426
2.683982 1.150375 -2.308708
2.042867 1.706661 -1.705925
2.017139 1.648368 -1.759068
2.030313 1.673778 -1.118141
2.056754 1.088263 -1.068754
2.041969 -0.201800 0.356622
1.999061 -0.266161 0.339395
0.769651 -0.315068 0.309486
0.840631 0.270212 0.316219
0.936205 -0.340866 0.321734
0.997258 -0.363585 0.327392
1.002853 -1.007695 0.288452
0.356845 -1.591460 0.246899
0.379280 -1.526498 0.261598
0.394922 -1.468673 0.325387
0.345532 -1.432494 0.389001
0.276864 -2.040792 -0.206164
-0.944281 -0.139392 0.410207
-0.911059 1.138841 0.395975
-0.861999 1.157709 0.391918
-0.895291 0.543439 0.382179
-2.252612 0.549358 0.341236
-3.005637 1.207319 -0.989620
-3.007201 1.224210 -0.970948
-1.728412 1.230950 -0.981202
-1.728335 -0.053315 -1.646410
-1.832533 -0.697492 -1.658560
-1.273322 -0.711646 -1.642079
-1.227574 -1.357765 -1.665107
-1.151594 -1.426610 -1.694835
-1.133088 -0.195335 -3.023474
-1.157860 -0.773266 -3.065665
-1.795411 -1.385517 -3.067541
-1.725682 -2.020722 -1.796172
-2.311015 -4.755266 -1.822352
-2.323889 -5.343206 -1.846750
-2.384773 -3.994775 -1.823538
-2.412376 -3.989077 -1.756958
-1.753393 -2.730799 -1.705228
-1.733512 -2.790081 -1.711941
-2.391995 -2.744628 -1.720303
-2.414461 -2.700369 -1.056441
-2.404284 -2.052463 -1.003657
-3.014219 -2.137048 -1.612025
-1.722041 -2.780256 0.355283
-1.114899 -2.119732 1.042461
-1.145635 -2.101656 1.152440
-1.137496 -2.138313 1.198163
-1.097704 -2.166516 1.137278
-2.891981 -1.520850 0.415430
-2.913014 -0.845674 0.411183
-2.925438 -0.159325 -0.193063
-1.662007 -0.139558 -0.205932
-1.637352 -0.150742 -0.319347
-1.641016 -0.189851 -0.432576
-2.277240 -2.101883 -0.437442
-2.225054 -2.094614 0.254974
-1.525267 -2.114098 0.253471
-2.043377 -3.400346 0.133651
-3.268715 -4.095472 0.027730
-0.829282 -4.684267 0.036018
-0.843333 -4.645028 0.084359
-0.210482 -4.018802 -0.586400
-0.166733 -3.414779 -0.702883
0.436687 -3.401150 -0.753018
0.372922 -2.743425 -0.653073
-0.278941 -2.712800 0.098504
-0.238628 -2.056608 -1.165736
-0.782635 -2.655386 -1.227141
-1.382648 -3.295734 -1.255586
-1.415759 -3.299806 -1.232001
-1.445272 -2.640187 -1.153713
-1.429217 -2.586997 0.097930
-1.404344 -1.386480 0.010010
-1.440953 -2.061930 -0.019234
-1.518954 -0.875872 0.047809
-1.563786 -2.124826 0.116492
-1.544192 -2.716684 -1.161872
-1.511315 -2.760469 -1.227890
-1.528178 -1.559727 -1.278248
-0.918918 -1.604673 -1.969547
-0.934364 -0.318033 -1.366923
-0.891573 0.352660 -1.436858
-0.880155 0.237582 -1.494132
-0.933226 0.188065 -1.517655
-1.652906 0.316487 -1.522938
-2.309452 -0.265659 -1.527735
-2.932148 0.418056 -1.519196
-2.919518 0.415606 -0.221399
-2.956782 1.093658 -0.178678
-3.003154 0.492188 -0.194813
-2.999118 -0.104018 -0.176031
-3.588073 -0.053985 -0.173986
-3.600215 -0.032103 -0.166561
-3.677086 -0.027108 -0.158168
-3.753062 -0.024880 0.493091
-3.102666 -0.016891 -0.200148
-3.061902 -0.027862 -0.218670
-3.058822 -0.044408 0.430575
-3.107003 -0.026483 0.446474
-3.142723 -0.585765 0.428431
-3.123599 -0.568364 0.402401
-3.695748 -0.595049 0.390023
-3.668915 -1.282342 0.405947
-4.315055 -1.310479 0.412498
-4.326580 -1.326801 0.394404
-4.292546 -1.976845 0.382773
-4.254741 -2.014260 0.399432
-4.270272 -1.409744 0.439208
-4.336934 -2.009801 0.447576
-4.394576 -2.593894 0.416802
-4.394226 -1.933176 1.024084
-4.334770 -1.921916 1.033385
-4.293562 -1.953033 1.081982
-2.446229 -0.763373 1.110357
-2.445402 -0.115215 1.093989
-2.413252 -0.110974 1.054312
-2.397492 -0.095628 1.045388
-2.420342 -0.092023 1.080202
-2.438756 -0.096962 1.119226
-2.379261 -0.097136 1.123382
-2.334813 -0.696260 1.099072
-2.288337 0.610099 -0.165387
-2.276025 0.632267 -0.099166
-2.268110 0.619686 -0.061347
-2.835003 -0.676976 -1.372080
-2.804790 -0.007934 -0.746787
-2.819718 0.006847 -2.025035
-2.854080 -0.012606 -3.294331
-2.850337 -0.038983 -3.268129
-2.159142 -0.041502 -2.629796
-2.794441 0.646442 -3.298849
-2.799634 0.663718 -3.933346
-2.823828 -0.006222 -3.899609
-2.181327 -1.363040 -3.243495
-2.143840 -1.429586 -3.249751
-2.176724 -1.440497 -3.256705
-2.268814 -1.419350 -2.573228
-2.294549 -1.412398 -2.493330
-2.274814 -1.442722 -2.448598
-1.026507 -0.817281 -2.459950
-0.989174 -0.809644 -1.826436
-0.988899 -0.774816 -1.132628
-0.367121 -0.749507 -1.097220
-0.905731 -0.758650 -1.118565
-1.584729 -0.775833 -1.820386
-1.629973 -0.767868 -1.838336
-1.662392 -1.381421 -2.471067
-1.658444 -1.334882 -3.093791
-2.275977 -0.645976 -3.096643
-2.887784 -0.610384 -3.116307
-2.911144 -1.211265 -3.121345
-2.903032 -1.163378 -3.791205
-3.491289 -1.120778 -3.790828
-3.464329 -0.469303 -3.811515
-4.721358 -1.110214 -3.811568
-4.782492 -1.125347 -3.809193
-4.807383 -0.511303 -3.811231
-4.795762 -0.506667 -3.821488
-4.202613 -0.512832 -3.821599
-4.233046 -0.546852 -3.805349
-4.292868 -0.593399 -2.474452
-4.323039 -0.605487 -2.463795
-4.317809 -0.579654 -1.826514
-4.315416 -0.561087 -1.824622
-4.350520 -0.587761 -1.801372
-3.772797 -0.682767 -1.780144
-3.806188 -1.361217 -1.793141
-3.810971 -1.336117 -1.821409
-1.876272 -1.287037 -1.829641
-1.885816 -2.554786 -1.819193
-1.927216 -2.552694 -1.815746
-1.333396 -2.530558 -1.848761
-1.316590 -2.501142 -1.899974
-2.527988 -1.816376 -1.914737
-2.516894 -2.474925 -2.529467
-2.557217 -2.491648 -1.876235
-2.597488 -2.473025 -1.272851
-3.178341 -2.433399 -2.494975
-3.745568 -2.410023 -2.490009
-3.699260 -2.413510 -2.446834
-3.715390 -2.422834 -2.393489
-3.136932 -2.405622 -2.382541
-3.111532 -2.362487 -2.408818
-3.054901 -2.330003 -2.405110
-3.039183 -2.333762 -2.355288
-3.099702 -2.345553 -2.304662
-3.172629 -2.328812 -2.316059
-3.178434 -2.911959 -2.394193
-3.140865 -2.894871 -2.460201
-3.140916 -3.555812 -2.466553
-3.203492 -4.203609 -2.449305
-3.257465 -4.223681 -1.845412
-2.607540 -4.228477 -2.518039
-1.255521 -4.213250 -2.537028
-1.874885 -4.237948 -2.518702
-0.722811 -4.299224 -2.483364
-1.431839 -3.088542 -2.469905
-1.405288 -2.444995 -1.253736
-1.344627 -2.462429 -1.293087
-1.313525 -3.132253 -1.295502
-1.328581 -1.237877 -1.250161
-1.983691 -0.660912 -0.605061
-1.919193 -0.629856 -0.640825
-1.833746 -3.182973 -0.715238
-1.816004 -1.841827 -1.381928
-3.158028 -1.892065 -1.359876
-3.188984 -1.920135 -1.342504
-3.116853 -2.549552 -0.772858
-2.374190 -2.485754 -1.431690
-2.326268 -2.471252 -1.452707
-2.976685 -2.512856 -2.034241
-3.656667 -2.549877 -1.321590
-3.589922 -2.531958 -1.345907
-3.517766 -2.481636 -1.393183
-2.218732 -2.491069 -1.409687
-2.891145 -1.934105 -0.752656
-2.208645 -3.266623 -0.058772
-2.177709 -3.264900 -0.052654
-2.818525 -2.578606 -0.062842
-2.229823 -4.466140 -0.708539
-2.303213 -5.062622 -0.644443
-2.328405 -5.095973 -1.196749
-2.299956 -5.104136 -1.198912
-2.299947 -5.063200 -0.635133
-2.388315 -5.005750 -0.647164
-3.146967 -4.363353 -1.214577
-2.546946 -3.771290 0.068929
-1.879299 -4.422117 1.351262
-1.870659 -4.356667 1.309413
-1.942174 -4.275233 1.343239
-2.018516 -4.862738 1.342447
-2.003896 -4.899122 1.287040
-1.912811 -3.705009 0.624575
-1.912827 -3.673745 0.630928
-1.969123 -3.029643 0.676916
-2.002868 -3.084516 0.699009
-1.222820 -2.507871 0.671212
-1.132156 -2.559096 0.640239
-1.754838 -2.509089 0.656351
-1.787711 -2.449593 0.704378
-2.442527 -2.560810 0.717548
-3.777606 -2.630495 0.678205
-3.046491 -2.036593 0.635734
-2.406090 -2.005642 0.657055
-2.442900 -1.987749 0.735478
-3.125384 -2.019943 0.788224
-1.801696 -2.073079 0.770649
-1.723141 -2.093037 0.729608
-1.685649 -2.078384 0.736688
-1.107149 -1.416273 0.785295
-1.139503 -1.424085 0.811586
-1.130803 -1.432534 1.415598
-1.096197 -1.426438 0.119866
-1.088864 -1.407583 0.720734
0.319915 -2.639327 0.726574
0.266401 -1.970202 0.729164
0.268597 -1.938772 1.286010
0.306057 -1.885721 1.190019
-0.281275 -1.871376 1.133528
-0.921908 -1.258818 1.147805
-0.930432 -2.477675 1.174841
0.331591 -1.822644 1.149961
0.310449 -1.796285 1.083138
0.292478 -2.417940 1.056906
0.262489 -3.039192 1.098465
0.842242 -4.302752 1.132668
0.798226 -3.709179 1.099866
-0.500316 -2.433817 1.041846
-0.491354 -2.411143 0.394935
-0.497934 -3.624545 1.131696
-1.168816 -2.346817 1.175572
-1.193952 -1.106567 1.141907
-1.228218 -1.115508 1.090265
0.618498 -1.146592 1.098282
1.819014 -0.537006 1.157452
1.829112 -1.199031 0.550596
1.231240 -1.192017 0.521960
1.268680 -1.177886 1.106797
1.266311 -1.200335 1.101328
1.264190 -1.889500 1.140987
1.254989 -1.347024 1.167801
1.253491 -1.341992 1.153005
1.241141 -1.273819 1.731088
1.205016 -1.320570 1.100800
1.171066 -1.391509 1.121339
1.176324 -2.668153 1.149052
1.214559 -1.995561 1.149118
1.248359 -2.576008 1.769578
1.263603 -2.563614 1.081238
1.277234 -3.194536 1.074601
1.318224 -3.155190 1.098379
1.376632 -2.363054 1.743497
1.417942 -2.283362 1.743550
0.774853 -2.295545 -0.197694
0.774512 -1.026031 -0.205155
0.820919 0.218049 -1.429728
0.883897 -0.967550 -1.461352
0.272824 -0.883147 -1.517679
0.913315 -0.863314 -1.564501
0.251415 -0.253076 -1.571478
0.232755 1.032782 -1.564003
1.595838 1.096725 -1.565906
1.553690 1.112975 -1.563443
1.499632 1.038861 -1.531109
1.468542 0.936085 -1.476016
1.456614 0.893292 -1.443361
2.064559 0.257433 -1.457585
2.051923 0.275352 -0.850693
2.048121 0.890494 -0.842088
2.034061 0.865060 -1.433106
1.350440 0.236687 -1.418378
1.326459 0.279159 -1.436707
1.331649 0.285394 -2.088836
1.370925 0.901614 -2.062473
1.399366 0.870145 -2.016732
1.394003 0.874804 -2.026553
1.379410 0.905427 -2.111646
1.389738 -0.302588 -2.204268
1.414322 -1.686733 -2.223752
1.418076 -1.665705 -0.955531
1.401082 -1.642533 -0.331235
1.391594 -1.644781 -0.400706
1.410782 -2.299208 -0.459986
1.439360 -2.320241 -0.416413
2.083616 -1.705509 -0.312895
2.071565 -1.056620 -0.276720
2.064595 -1.085005 -0.334399
2.071612 -1.094371 -0.381906
0.117374 -0.449237 -0.314303
0.145375 -0.412147 1.081548
0.131243 -0.380335 1.109889
-0.553332 -1.025051 -0.222579
0.058661 -1.007252 -0.293089
0.097622 -0.984508 -0.273781
0.136425 -1.598920 0.424965
0.142107 -1.624083 -0.227164
0.122405 -2.271878 -0.306249
0.735389 -2.884159 -1.011083
0.732100 -2.288606 -1.557791
0.731361 -1.649003 -1.482168
-0.595412 -2.309830 -1.489896
-0.651801 -4.176961 -1.548704
-0.705233 -4.179322 -2.234017
-0.714558 -4.191058 -2.178776
-0.689572 -4.220135 -0.828342
-0.659551 -4.232318 -0.848609
-0.665838 -3.581728 -0.954742
-2.572485 -4.202431 -1.020097
-2.619767 -4.189572 -2.287726
-2.631391 -4.192922 -1.615649
-3.278687 -4.188092 -0.960423
-3.296215 -4.162110 -1.649382
-3.926698 -4.113865 -1.647420
-3.895874 -4.095700 -1.622958
-3.847509 -4.126474 -0.925793
-2.593278 -2.865262 -1.582501
-2.564898 -2.864007 -1.569576
-2.602803 -3.481049 -1.558003
-2.625919 -3.496068 -1.565320
-2.656787 -3.522468 -0.932856
-1.453253 -3.608076 -0.884667
-0.888507 -2.331308 -1.443040
-1.550116 -2.950903 -0.797761
-1.519325 -2.940967 -0.167183
-1.494354 -2.308765 -0.132180
-1.489667 -2.955007 -0.102906
-1.494457 -3.583383 -0.117197
-1.490287 -3.617669 -0.144449
-1.489047 -1.744346 -0.147526
-1.496639 -4.336617 -0.779171
-1.503147 -4.331720 -0.760563
-1.495322 -3.703556 -0.777443
-1.463995 -3.677214 -0.790733
-1.422488 -3.670772 -0.769928
-1.386310 -3.025918 -0.748756
-1.368663 -3.028819 -1.394311
-1.354026 -2.384914 -1.455585
-1.348816 -2.388370 -1.489786
-1.360588 -3.009397 -1.476722
-0.712420 -2.368820 -1.461217
-0.714439 -2.391569 -1.474172
-0.701701 -2.452424 -1.492295
-0.688129 -3.181277 -1.498798
-0.678514 -3.878921 -2.108611
-1.264140 -3.859179 -2.092228
-1.281152 -3.843636 -2.094056
-1.255152 -2.527870 -2.102382
