0.229398 -1.400447 -1.468041
0.947839 -1.387107 -1.527301
1.602084 -0.718659 -1.579661
1.588703 -0.747900 -1.615402
1.600299 -0.785343 -1.632560
1.641200 -1.465723 -2.258498
0.997052 -1.480722 -2.845449
0.978058 -1.435892 -2.779229
1.655238 -2.139325 -2.726911
2.357399 -2.153418 -2.105998
2.400519 -2.163662 -2.109200
2.425277 -2.154967 -2.715044
2.424884 -2.169210 -2.698731
2.419168 -1.481129 -2.093904
2.406880 -2.680199 -2.082589
1.704165 -2.716749 -2.068344
3.012560 -2.739387 -1.439554
2.983045 -2.702416 -1.411391
2.977913 -2.617985 -1.390302
2.962494 -2.551043 -1.382965
2.916774 -2.518079 -0.042906
3.512190 -2.484194 -0.054466
3.506837 -2.433326 -0.711429
3.535451 -2.388075 -0.773399
3.552020 -2.369124 -0.213861
3.523742 -2.438834 -0.200618
2.830552 -2.505761 -0.165285
2.157007 -2.520065 -0.741249
2.209151 -2.515453 -0.790446
2.251298 -2.550076 -0.217949
2.261198 -3.245216 -0.175447
2.279286 -3.272466 -0.749803
2.313775 -3.229034 -0.199223
2.351939 -3.201580 0.302595
2.364008 -3.255770 0.271911
1.699240 -3.342343 0.346288
1.693234 -2.030587 0.425812
1.069138 -1.994187 1.028380
1.113784 -2.000398 0.955465
1.153311 -2.036421 0.952193
1.176033 -2.034887 1.043486
1.826737 -1.954667 1.110701
1.838995 -1.857355 -0.259654
1.839881 -1.820590 0.921022
1.825636 -1.834164 0.907933
1.795464 -1.821835 1.014840
1.769689 -1.760019 1.087288
1.755314 -1.726576 1.013220
1.752305 -1.748668 0.271077
1.746416 -2.422324 -1.055119
3.020843 -2.417601 0.268975
1.694869 -2.380105 -0.330865
1.692140 -2.366286 -1.048337
1.709862 -1.751256 -1.182949
1.695280 -2.398924 -0.617234
1.640923 -2.400510 -0.553862
0.357958 -1.152897 -0.481179
0.333145 -1.190789 -1.129038
-0.260570 -1.219453 -1.140696
-0.216045 -1.234480 -1.081059
-0.210220 -1.243782 -0.348031
-0.249246 -1.234432 -0.315237
-0.926241 -1.208462 -0.352063
-0.931137 -1.169687 -0.374740
-0.342563 -1.139070 -0.335131
0.218014 -1.144572 -0.873741
-0.446315 -1.175697 -0.856868
-1.088626 -0.573457 -0.863596
0.137852 -0.577909 -0.178549
0.791453 -0.598965 -0.765070
0.202310 -0.644576 -0.066805
-1.058666 -0.041198 -0.085888
-2.298882 -1.295863 -0.115678
-1.672704 -1.274270 -0.159459
-2.307721 -1.310923 -0.170958
-2.324510 -1.368953 -0.143484
-2.274362 -1.391979 -0.102362
-2.230067 -1.377289 -0.084539
-2.181225 -1.373034 -0.085234
-1.510789 -1.389214 -0.084982
-1.486912 -1.403934 0.511089
-1.462500 -1.388209 0.512752
-1.423784 -2.584309 0.477326
-2.017669 -2.522332 1.037132
-1.976413 -2.477149 0.364258
-1.965088 -2.447214 0.363507
-1.951678 -2.426949 0.416270
-1.915581 -1.795395 0.470351
-1.864993 -1.785052 0.495396
-1.835507 -1.766704 0.503636
-1.225392 -1.749504 0.515461
-1.249035 -1.751357 -0.095370
-1.335500 -1.761834 -0.736027
-1.388475 -1.758547 -0.137596
-1.416256 -1.736363 -0.160854
-1.464303 -1.729811 -0.154382
-0.886081 -1.771769 -0.127274
0.402821 -1.158226 0.517679
0.369095 -1.191704 0.526560
0.989621 -1.204165 -0.098846
0.988140 -1.223279 -0.093944
0.997140 -1.271992 -0.087647
0.364820 -1.293813 -0.094186
0.340455 -1.868009 -0.097186
0.298979 -1.795828 -0.092384
0.277365 -2.393912 -0.086446
-0.348838 -2.465604 -0.092193
-0.332936 -2.521900 -0.737536
-0.318223 -2.506275 -0.734816
-0.307303 -2.477471 -0.714154
-0.287000 -2.497222 -0.726114
0.387482 -2.562062 -0.791581
1.088115 -2.587056 -0.871359
1.019400 -2.511815 -0.909200
0.975693 -2.446026 -0.919259
0.921264 -1.819420 -0.941427
0.906013 -1.867668 -0.982291
0.932918 -1.239673 -1.003607
0.980821 -1.218634 -0.988574
1.672283 -1.196376 -0.351714
1.698872 -0.564847 -0.345936
1.724925 -0.603457 -0.354731
1.762661 -0.589396 -0.971669
1.802468 -0.531338 0.280487
1.813580 -0.482020 0.266366
1.795679 -0.483297 -0.356308
1.124587 0.107975 -1.005669
1.111009 0.096410 -0.331534
1.786396 -0.516366 -0.285966
1.812534 -0.522840 1.593506
1.811529 -1.163727 -0.372477
1.773119 -0.556148 -1.618216
0.472092 -0.564165 -0.964475
0.472780 -0.528051 -0.931162
0.466562 -0.521407 -0.945004
0.439402 -0.546149 -1.635634
-0.246105 -0.559117 -1.665047
-0.260255 -0.529662 -1.619949
0.392959 -0.490111 -0.918967
0.383889 -1.155183 -0.891926
0.370065 -1.796357 -0.904567
0.374199 -1.767615 -0.893738
0.397328 -1.741613 -0.826778
0.409133 -1.736967 -0.773997
0.376295 -1.739400 -0.783476
0.342170 -1.736582 -1.421092
0.356949 -2.356018 -1.425425
1.091060 -1.075948 -1.365100
1.129625 -1.094611 -0.722893
1.099031 -1.078248 -0.712760
1.056885 -0.352590 -1.362275
1.056180 -0.321179 -1.354391
-0.207145 -0.349220 -1.302843
-0.226672 0.225860 -0.656544
-0.287840 0.222707 -2.666355
-1.008872 -0.429378 -2.769305
-0.982402 -0.416433 -2.780937
-2.241375 -1.821003 -2.724136
-2.269609 -1.916240 -2.094669
-2.308692 -1.914023 -2.821007
-2.308674 -1.214934 -2.899346
-2.296502 -1.202959 -2.242386
-3.529995 -0.651106 -2.157074
-2.875530 -0.724858 -1.521032
-0.968604 -0.691771 -1.582376
-0.935121 -0.590082 -2.237430
-1.525574 -1.190059 -2.237261
-0.926768 -1.257552 -2.178121
-1.577276 -1.335807 -2.116632
-1.563425 -2.012469 -2.706331
-0.909569 -2.537190 -2.708990
-0.315283 -2.490323 -2.667723
-0.390436 -1.949508 -2.588171
-1.052239 -1.916059 -2.529299
-1.007905 -1.916659 -2.531918
-0.973429 -1.864105 -2.592018
-1.035587 -1.265043 -1.313571
-1.139060 -1.327047 -1.292346
-1.180198 -1.369565 -1.316511
-1.136504 -0.196340 -1.372153
-1.746046 -0.139583 -1.379105
-1.812202 0.550348 -1.307503
-1.908602 -0.086464 -1.240983
-1.930198 -0.780430 -1.249061
-1.862006 -0.792313 -1.296880
-1.831954 -0.768350 -1.309956
-1.903610 -0.740868 -1.273216
-1.978923 -1.346692 -1.255454
-1.962440 -1.960922 -1.298378
-1.887189 -1.949674 -1.349554
-1.875154 -1.324088 -1.332407
-1.944789 -1.349761 -1.252756
-1.997011 -1.336185 -1.193440
-1.947442 -1.267940 -1.187262
-1.200172 -0.576322 -1.214474
-1.171423 -0.579735 -1.221603
-1.208803 -0.625918 -1.224551
-1.218188 -0.642258 -1.258324
-1.150704 -1.236538 -1.303433
-1.084657 -1.156029 -1.333147
-1.102778 -0.449231 -1.303765
-0.537729 -0.452448 -1.264199
-0.572009 -0.459527 -1.240188
-0.552522 -0.430429 -1.244436
-0.532611 -0.391782 -1.254600
-1.930937 0.858529 -1.230792
-2.618678 1.411866 -1.223811
-1.943475 1.347237 -1.244613
-1.889980 1.319907 -1.281408
-1.873297 1.342782 -1.279539
-2.532814 1.372279 -1.890123
-1.886538 1.362860 -1.862922
-1.848796 1.335554 -1.842517
-0.589842 1.339314 -1.828697
-0.589925 1.360668 -1.800078
0.025549 0.719307 -1.125188
-0.580537 1.292184 -1.139809
-1.157612 0.633834 -1.179470
-1.120074 0.608629 -1.222101
-0.464432 -0.010023 -1.219012
-0.483326 -0.002557 -1.194787
0.129464 -0.021742 -1.845676
0.125750 -0.030198 -1.822870
0.762102 -0.000197 -1.130260
0.734100 0.047317 -1.094171
1.334879 0.671959 -1.051210
1.383316 0.098753 -1.662759
1.435280 0.132252 -1.640659
1.432589 0.118207 -1.641046
1.448656 -0.540080 -1.624446
1.475909 -0.554357 -2.230749
1.521512 -0.569938 -2.189666
2.167221 -0.588059 -2.156706
2.121425 -0.606782 -2.153095
2.058213 -0.630139 -2.152078
2.036489 -0.655576 -2.146411
1.424160 -0.678116 -2.151860
1.468845 -0.720431 -2.191488
1.498972 -0.787199 -2.264656
0.869475 -0.850131 -2.318787
0.240280 0.355228 -2.326629
0.250085 0.366268 -1.031786
0.240611 0.382773 -2.258074
-0.436765 -0.250363 -1.678850
-0.483397 -0.831396 -1.766034
-0.504214 -0.804317 -1.803907
-0.478878 -0.099148 -2.423077
-0.436927 -0.727715 -2.450017
0.236304 -0.723416 -2.509738
1.487908 -0.098522 -1.934612
0.258332 -0.078665 -1.918311
0.288377 -0.026069 -2.499395
0.282924 0.012114 -1.817796
0.232242 0.022554 -1.771458
0.179810 0.023770 -1.733277
-0.486281 0.039047 -1.678839
-0.471456 0.062943 -1.657784
0.192895 0.093659 -1.685988
-1.090896 -0.575117 -1.718021
-1.073746 -0.599153 -1.745425
-0.395227 -0.607884 -1.763029
-0.378784 -0.602357 -1.779486
-0.396632 -0.597809 -1.144988
0.183561 -0.593043 -1.169460
0.765613 -0.575667 -1.186798
0.058061 -0.545916 -1.213774
-0.670117 -0.517744 -1.233451
-0.691743 -0.454441 -0.012983
-0.699214 -1.111340 -0.038297
-0.697218 -1.106030 -0.080307
-0.696526 -1.752229 -0.094640
-0.701525 -1.744766 -0.049399
-0.706357 -1.046045 0.026959
-0.719974 -1.011822 0.079536
-1.335327 -1.665641 1.395544
-1.338039 -1.672704 1.419119
-1.941279 -1.673463 1.492588
-3.188653 -0.969408 1.571896
-3.153338 -0.317025 1.598954
-3.108847 -0.326979 1.576115
-3.064285 -1.103647 1.568764
-1.122771 -1.798361 1.610458
-1.090962 -1.101661 1.658245
-1.102132 -0.379961 1.667034
-1.138815 0.304153 1.642754
-1.780664 0.273746 1.601433
-1.182887 0.193605 1.609325
-1.158781 0.150188 1.593225
-1.193218 0.173035 1.538740
-0.577876 -0.455325 1.466338
-0.570186 -1.132125 0.158100
-0.534904 -1.216409 0.157952
-0.528480 0.019983 -0.473417
-0.567139 0.048582 -1.086636
-0.591454 0.111159 -1.120502
-0.571344 0.135342 -1.122231
-1.822971 0.707673 -1.077334
-1.831869 0.720288 -1.032107
-1.874380 0.791347 -1.041685
-1.868519 0.868077 -1.069131
-1.822285 0.232994 -1.067729
-1.738437 0.147775 -1.017959
-0.393510 0.103643 -0.974994
-0.402584 0.136546 -0.995556
-0.406238 0.177552 -1.049784
-0.368728 1.437116 -1.082750
-0.320928 1.390137 -1.656584
-0.321640 1.403786 -2.918606
-0.358424 1.474857 -3.551471
-0.308055 0.242644 -3.604025
-0.297836 -0.378127 -3.016091
-0.274753 -0.446388 -3.014071
-0.266837 0.182879 -4.851046
-0.271481 0.851382 -4.831581
-0.275040 0.877656 -4.220097
-0.281680 0.853972 -4.256503
-0.290498 0.819418 -4.255411
-0.933887 0.844626 -4.225821
-0.954894 0.900514 -4.225778
-0.983483 0.948284 -4.282577
-1.012622 0.897331 -4.328022
-1.024285 1.436871 -4.965414
0.190358 0.182507 -4.937190
0.219118 0.196517 -4.930470
0.223097 0.863481 -3.708955
0.216958 0.817290 -4.943075
1.450854 0.754977 -4.936572
1.469831 1.369273 -4.240191
1.487972 1.368866 -4.233717
1.480739 0.702637 -3.091426
1.469926 0.645550 -3.085134
1.483369 0.610680 -1.773241
1.529007 1.240443 -1.109484
0.931542 -0.067904 -1.118229
0.928828 -0.683031 -1.134494
0.914845 -0.707831 -1.117415
0.927965 -1.999821 -1.087597
0.968448 -1.974667 -1.081962
0.981510 -1.300716 0.123089
0.930485 -0.656391 0.112597
0.857847 -0.715685 0.115891
0.833872 -0.731169 0.117317
0.858895 -0.702038 0.099064
1.500814 -0.055991 0.092438
2.853832 -0.042150 0.112378
2.169118 -0.034132 0.744518
0.712458 -0.014401 0.735537
0.765550 0.643290 1.344182
0.810147 0.653113 0.768337
0.779049 0.019560 0.806057
0.729081 0.000866 0.827668
0.744889 0.589454 0.194475
0.820387 0.571643 0.170801
0.874154 0.555729 0.180565
0.849134 0.548007 0.183678
0.797038 0.542762 0.139501
0.794995 0.533576 0.083130
0.824979 0.530726 0.673618
0.824485 0.545215 0.683145
1.382672 0.556042 -0.564734
1.312554 0.547292 -0.597769
0.652101 1.150447 -0.645452
1.309687 1.827649 -0.007108
1.337982 1.828260 0.024762
1.942559 1.177602 0.660364
1.900983 1.165350 0.627433
1.276440 1.170591 0.598270
1.310867 1.169632 0.618947
1.339927 1.151186 0.655625
1.329715 1.127920 1.249194
1.323632 1.126925 1.865985
2.596897 1.128413 1.855578
2.673684 0.468074 0.652311
1.395245 0.417160 1.243175
1.415623 0.391002 0.586794
1.422044 0.401922 -0.028065
1.453153 0.360962 -0.048093
1.500221 -0.291018 0.572441
1.517706 -0.311726 -0.063977
1.483516 -0.305662 -0.093065
0.173059 0.917868 -0.138538
0.159700 0.895916 -0.163298
0.193656 -0.373937 -0.167675
0.868321 -0.379514 -0.188223
0.866188 0.255717 -0.865275
0.838921 0.916045 -0.920399
0.829497 0.273693 -0.927687
0.847780 0.252381 0.335829
0.835943 0.942274 0.347751
0.770412 1.031652 0.966938
0.700947 1.084882 0.941972
0.695191 1.703826 0.971878
0.735168 1.052155 1.054554
0.746609 1.744032 0.502135
0.712976 1.806487 0.485368
0.686394 2.464442 -0.150573
0.729012 1.797442 -0.142115
0.792762 -0.101304 -0.695991
0.799506 0.588590 -0.687967
0.744022 0.674798 -0.755271
0.050857 0.690257 -0.815738
0.098553 -0.610557 -0.818222
0.191909 -0.641106 -0.745266
0.237063 0.008464 -1.327481
0.216324 0.044095 -0.044401
0.211249 0.014618 0.538195
0.285425 -1.358681 -0.078334
-0.246047 -0.846316 0.005331
-0.241838 -0.810112 0.680737
-0.339800 -1.407390 1.271237
-0.433409 -1.440329 2.465269
-0.443652 -1.533065 2.471450
-0.393019 -1.581060 3.117721
-0.375287 -1.549872 3.157573
-0.460306 -1.517764 3.085318
-0.537090 -0.968096 3.615035
-0.528236 -1.072686 2.402344
-0.451390 0.151765 3.089946
-0.424409 -0.476329 3.081378
-1.173476 -0.464209 3.021940
-1.228208 0.132076 3.002344
-2.573357 0.046726 1.769373
-2.505462 0.022559 1.834998
-2.492417 -0.525917 1.838282
-2.549147 -0.472714 1.153071
-2.583599 -0.491526 1.185040
-2.545763 -1.200550 1.245354
-1.798614 -3.075822 1.283063
-1.789276 -2.343682 0.643812
-1.856269 -2.287055 0.668900
-1.897903 -2.299133 1.962046
-1.858324 -2.993897 2.018808
-1.138776 -2.268409 1.401405
-1.129642 -1.545144 1.394396
-1.183338 -1.509823 0.738026
-1.214395 -1.537364 0.749379
-1.185249 -2.830823 2.066188
-1.125342 -2.800793 2.069685
-2.371302 -3.409399 2.086102
-2.362341 -3.431626 1.450134
-3.044098 -3.488522 2.089852
-1.761892 -4.158052 2.107952
-1.062018 -3.450410 2.734319
-1.053883 -4.655842 4.046820
-1.088052 -4.668450 4.004134
-1.126082 -3.532423 3.279356
-1.758815 -3.543558 2.646329
-1.716292 -4.121769 2.640914
-1.671268 -3.466326 2.049111
-2.320835 -3.507501 2.060125
-2.383822 -3.596663 2.023450
-1.773469 -3.637922 1.969617
-1.741906 -2.319251 1.927574
-1.074766 -2.292787 1.319407
-1.756746 -2.319309 1.345680
-1.148061 -2.990070 1.311985
-1.162453 -2.976605 1.226646
-1.121128 -2.926172 -0.032620
-1.732070 -2.231603 0.021930
-1.752436 -1.595276 1.976540
-2.446108 -1.587340 1.311803
-2.451930 -1.550511 0.620003
-2.402723 -2.159363 1.249213
-2.352865 -2.769153 1.865612
-1.102488 -3.359713 2.472178
-0.473841 -3.328279 2.433638
0.206968 -2.683086 2.406561
-0.443825 -2.666225 2.430967
-1.127232 -3.955309 2.484672
-1.145938 -3.992832 1.253959
-1.155317 -3.362958 1.239806
-0.520465 -3.360356 1.891244
-0.540780 -4.038188 2.502504
-1.243462 -3.456124 2.552741
-1.272040 -3.552633 1.271741
-0.586195 -3.567732 0.599689
-0.579335 -3.549282 -0.037788
-1.284112 -2.263833 0.656574
-1.336354 -1.031214 0.748611
-1.358440 -1.069074 -0.485901
-1.341111 -1.021623 -0.494823
0.523721 -0.938974 0.136137
-0.162386 -0.903453 0.797219
-0.231518 -0.930544 1.479947
-0.240367 -0.303168 0.847230
-0.189553 -0.259995 0.776423
-0.170409 -0.183386 1.329214
-0.239438 -0.793499 2.028029
-0.970185 0.453251 2.065921
-1.598160 0.961000 2.070827
-1.519586 1.020372 2.705786
-0.879282 1.102615 2.719200
-0.958837 1.111709 2.771981
-1.034576 0.419087 2.131739
-0.331783 -0.257013 2.089667
-0.222148 -0.224047 1.385147
0.471681 -0.177963 1.959771
0.406184 -0.198487 0.726931
-0.297036 -0.260769 0.745654
-0.212543 -0.254096 1.346991
0.595134 -0.138156 1.282729
0.619104 0.624010 1.926294
0.518009 1.316251 1.974806
0.466818 0.644233 1.973602
0.554480 0.013398 1.273972
0.660568 0.081830 0.037717
0.635744 0.762935 0.072924
0.523355 0.710258 0.113074
-0.823856 0.628183 -0.540326
-0.759388 0.002337 -0.572529
-1.329046 0.079175 -1.842045
-1.339079 -0.504052 -0.492683
-0.731088 -0.517882 0.892446
-1.405398 -0.580677 1.394605
-1.322688 -0.630787 1.264951
-1.252354 -1.280563 -0.002513
-1.258654 -1.299629 0.075383
-1.291475 -1.346387 -0.485689
-1.265279 -1.397531 -0.564354
-1.823128 -1.416371 -1.316445
-1.781884 -0.756439 -0.654338
-1.815486 -0.739827 -1.231790
-1.880318 -0.757089 -1.259068
-1.205309 -0.771361 -1.341669
-1.181253 -0.804290 -1.366621
-1.188484 -0.235855 -0.653030
-1.244452 -0.250754 -1.204407
-0.672667 -0.255166 -1.186725
-0.688069 -0.267052 -1.230395
-0.682794 -0.276913 -1.897150
-0.710990 -0.257890 -1.190444
-0.778031 -0.208069 -0.519670
-0.841088 -0.179775 -0.523917
-0.192307 -0.191562 -1.219864
-0.131819 -0.227777 -1.219510
-0.742370 -0.262468 -0.540740
-0.748438 -0.956090 0.109035
-1.442368 -0.988653 0.828300
-2.096425 -1.043315 0.822311
-2.735444 -1.097747 0.108969
-2.752997 -1.113131 0.099941
-0.836303 -0.478382 0.093799
-1.478102 0.859116 -0.529007
-1.445612 0.887742 -0.505229
-1.405896 0.890058 -0.463392
-1.380989 -0.387441 -0.435227
-1.366169 0.235491 -0.433364
-1.368506 0.236723 0.828999
-1.404715 0.258627 0.153936
-0.781900 -0.323095 0.142760
-0.151327 -0.325756 0.083876
-0.179277 -0.304966 0.013806
-1.473882 -0.253831 2.001978
-1.491025 -0.196807 2.660285
-1.489206 -0.178988 1.427460
-0.852267 -0.198623 0.765891
-1.492027 0.434276 0.801420
-1.507974 0.429191 0.240084
-1.527187 0.444724 0.299658
-1.528439 -0.160052 0.308034
-2.150222 0.505977 -0.409480
-2.125536 0.523610 -0.455874
-2.112217 -0.689870 0.207956
-2.101190 -0.659333 0.194736
-1.427319 -0.014731 -0.508748
-0.773268 -0.608759 -0.541822
-0.079925 0.671016 -0.548674
-0.083647 0.021137 0.113735
-0.101922 0.054458 0.116258
-0.115523 0.099497 0.074088
0.528651 0.781749 0.650843
-0.101626 0.823951 1.253276
-0.718215 0.858090 -0.068544
-1.322475 0.862705 -0.761769
-1.304690 0.835862 -0.769006
-1.936178 0.804466 0.529660
-1.922931 0.789806 1.200818
-2.554425 -0.500771 1.195616
-1.950755 0.067307 0.543375
-2.631265 0.008015 1.158369
-2.670300 0.620368 1.146196
-2.071773 0.639501 1.764049
-1.450908 1.293543 1.762934
-1.455671 1.226424 1.127182
-1.450459 1.824925 1.162774
-1.452217 1.840391 1.865694
-1.454503 1.857427 1.225761
-1.458071 1.824774 -0.060425
-1.462695 1.776761 -0.034410
-1.465478 1.138365 0.006568
-0.795075 0.612530 0.021010
-0.790065 0.686050 0.001099
-0.794306 1.942804 -0.014577
-0.820360 1.915072 0.023541
-1.481526 0.605753 0.111037
-1.449216 0.603224 0.187947
-2.049490 0.586517 0.202230
-2.006423 -0.060629 -0.443295
-1.962842 -0.679929 -0.425847
-1.904929 -0.654561 -0.374614
-3.097473 -0.624360 0.294326
-3.089351 0.018559 0.281285
-3.795950 0.002770 0.257230
-3.807266 -0.010584 0.224294
-3.789528 -0.031545 0.298818
-3.778874 -0.069545 0.359463
-3.173899 -0.116051 1.040847
-2.590566 -0.138548 0.978497
-2.649519 0.502997 0.926824
-2.652652 0.513081 0.902713
-2.005923 1.115398 0.868753
-2.730183 1.091338 0.826116
-2.165532 0.487318 0.773166
-2.226007 0.522320 0.751143
-2.858890 1.793455 0.770487
-2.123389 1.763331 0.796346
-2.111325 2.368003 0.800644
-2.137598 2.388189 0.765336
-2.149741 2.450573 0.076339
-3.455874 1.880820 0.056895
-3.409731 0.573249 0.071006
-3.418421 0.565339 0.081507
-3.483010 0.613868 0.050798
-3.515618 0.059531 0.010756
-3.474921 0.068624 0.008566
-4.087059 0.045424 0.697695
-4.071964 -0.589759 0.742641
-2.830270 -1.736974 0.099146
-2.178273 -1.670396 -0.591307
-1.511899 -1.711359 -1.884577
-2.160426 -2.430738 -1.224827
-2.826764 -3.028916 -1.230655
-2.175950 -3.576407 -1.290180
-2.177084 -2.880231 -1.389938
-2.159193 -2.985227 -2.060974
-2.769450 -3.657863 -0.769357
-2.102693 -3.069424 -1.474057
-2.100052 -2.484473 -1.469378
-2.118855 -2.532205 -0.811753
-1.467220 -2.659698 -0.115869
-2.141911 -3.361922 -1.372274
-2.166496 -3.378741 -1.364400
-2.208825 -3.309472 -1.340934
-1.607467 -3.262766 -0.618908
-1.647819 -3.298739 0.078734
-1.667398 -3.337834 -0.517225
-1.641232 -3.324565 -1.758872
-0.952727 -2.615292 -1.703613
-1.000307 -2.578157 -1.011702
-1.044548 -1.955571 -0.908026
-1.052089 -1.953785 -0.885283
-1.020836 -1.918224 -0.950822
-1.000098 -1.858323 -1.047720
-1.009778 -2.498861 -1.085485
-1.670273 -2.502556 -1.079670
-1.655445 -1.863074 -1.098669
-1.598788 -1.191573 -1.135162
-1.557308 -1.204565 -1.128427
-1.568053 -1.226673 -0.420052
-2.226887 -0.631360 -0.329064
-2.240869 -1.315550 -0.304431
-2.215730 -1.335557 -1.045113
-2.195372 -1.349782 -0.496481
-2.209698 -2.028665 -0.497631
-2.247995 -2.668473 -1.775752
-2.285431 -2.601227 -1.805724
-2.296286 -2.629399 -1.810291
-2.291282 -2.684309 -1.768429
-2.298487 -1.436868 -1.726632
-2.329898 -1.390005 -2.390111
-1.081820 -1.331098 -3.080170
-1.082171 -2.595912 -3.161419
-0.425205 -2.628085 -3.186389
-0.427786 -2.654995 -2.536949
-1.092016 -2.639544 -1.902467
-1.130120 -3.221472 -1.956215
-0.553280 -3.250012 -1.985658
-0.558709 -3.314298 -2.558578
-0.542104 -3.346296 -2.476304
-0.523214 -2.681412 -2.461126
-1.125610 -2.667318 -1.912817
-1.095633 -2.692146 -1.969637
0.173347 -2.728806 -1.974718
0.177960 -2.116149 -1.955045
0.160001 -1.458977 -1.957884
-0.505237 -1.452832 -0.667294
0.082842 -1.489473 -0.656856
0.047555 -1.525066 -0.621439
0.024946 -1.508685 -0.558671
0.012468 -1.474361 -1.146856
0.020935 -2.115259 -1.169850
-0.623188 -2.134384 -1.240007
-0.607158 -2.141236 -0.677204
-0.581250 -2.116007 -0.655064
-0.556824 -2.092003 -1.901577
-0.544636 -2.106385 -1.904312
-0.544471 -2.164434 -1.902701
-0.527473 -0.868577 -2.544115
-1.112547 -0.195628 -1.240466
-0.460648 1.095161 -1.231368
-0.441966 1.059111 -1.254839
-0.424881 1.678259 -0.699533
-1.059122 1.750827 -0.741680
-1.092539 1.846209 -0.104764
-0.500697 1.886735 -0.089596
-1.138954 1.878453 -0.086828
-1.165652 1.901963 -0.756222
-1.206334 2.597469 -0.759215
-1.252318 2.616852 -0.710124
-0.646182 2.564036 -0.692327
-0.667388 2.490861 -1.347958
-0.692065 2.478669 -1.398166
-0.723415 1.238707 -1.420633
-0.747191 1.266560 -1.416950
-2.066493 1.240980 -1.409592
-2.573485 1.186562 -0.768025
-2.543752 1.155337 -0.149777
-2.574514 1.137374 -0.149554
-2.622450 0.463542 -0.138897
-2.617654 1.710175 -0.118596
-2.562007 1.604318 -0.122726
-2.534860 1.617577 -0.159191
-2.562527 1.672618 -0.204235
-2.604523 1.682890 0.429972
-3.198854 1.640653 0.455101
-3.132400 1.638017 0.477707
-3.112915 2.346406 0.482458
-3.826925 2.311997 0.490768
-3.889051 2.296537 0.511863
-3.869529 2.263421 0.561001
-4.485055 2.292023 -0.748202
-4.440115 2.369381 -1.431950
-3.153884 2.429551 -1.532859
-1.875628 1.770172 -1.003189
-1.173452 1.734613 -2.232038
-1.145596 1.760524 -2.232931
-1.137506 2.473533 -2.214673
-1.152454 1.334210 -2.847310
-1.182242 0.614319 -2.845222
-1.181343 1.225636 -2.184834
-1.160723 1.893762 -2.162331
-1.160074 3.216732 -2.215612
-1.170109 3.917092 -0.350262
-0.547487 3.893852 -0.357962
-1.756300 3.849796 0.377198
-1.707293 4.472688 0.455425
-1.698942 4.590318 0.532486
-2.364697 3.339502 0.607753
-2.353551 3.301383 0.050347
-2.969958 3.215177 0.124096
-2.941278 2.545259 0.139585
-2.944926 2.617149 -0.558373
-2.971132 3.293760 -0.614620
-2.982892 3.264075 -0.617847
-2.961369 3.225306 -0.580011
-2.908947 3.897016 0.056622
-2.878888 3.283269 0.055634
-2.259015 3.298111 0.060472
-1.078526 3.235765 0.103849
-1.081914 3.140069 0.145620
-0.401475 3.107626 0.131315
0.257394 3.133948 0.734483
0.852605 3.803756 0.703322
0.846873 4.414662 0.717296
0.243739 5.617443 0.102192
0.252767 5.612106 0.122737
0.229180 5.644057 0.161585
-0.453908 4.401073 0.179687
-0.486554 4.404015 0.229419
0.171336 4.390744 0.243574
0.167224 3.765776 0.864318
-0.526888 3.142157 0.820675
-1.213469 3.159783 0.125483
-1.209775 2.574759 0.087890
-1.162007 1.907109 0.704117
-1.133694 1.901941 0.663469
-1.138271 2.580963 0.017256
-1.148293 3.259927 0.698372
-1.142781 3.257955 0.735083
-1.122365 3.254925 0.738783
-0.533401 3.253876 0.716016
-0.532580 3.226667 0.701823
-0.510476 3.777405 0.716250
-0.469794 4.376800 1.390901
-0.430245 4.341916 1.383173
-0.436449 2.327158 1.371676
-0.470561 2.296958 1.372547
1.450291 1.616711 1.390327
2.047464 1.607738 1.399706
2.020086 1.649520 1.385152
1.345406 1.698370 1.357639
1.334560 1.033630 1.341116
1.351024 -0.210621 1.329189
1.363974 -0.201437 1.298695
1.353831 -0.189175 1.249231
1.321889 -0.167933 1.215280
1.327476 -0.145516 1.215289
1.353381 -0.142863 1.237138
1.346422 0.519528 1.264685
1.293396 0.514242 1.271956
0.571285 1.193283 1.263679
0.564220 1.851671 -0.082220
0.597687 2.452307 -0.102890
0.608417 1.757048 1.140310
0.559013 1.683162 1.163424
-0.083253 1.646172 1.844003
-0.070941 2.251218 1.795087
-0.632035 3.464881 2.373162
-0.615547 3.410438 1.746965
-0.037373 3.404993 1.770970
-0.093798 1.452806 1.181664
-0.076492 1.462191 1.763279
-0.682441 1.418371 1.713468
-0.010928 1.374864 1.698391
0.575233 1.402368 1.709811
-0.146496 0.863673 1.726306
-0.763352 -0.429454 1.702399
0.536737 -1.111896 1.665810
0.545216 -1.120616 1.655681
0.488316 -1.062002 1.672871
-0.206924 -0.967399 1.718563
0.477840 -0.272825 1.730109
0.570257 0.317859 1.704340
1.252636 0.270478 1.681948
0.555843 -0.354532 1.673893
0.527625 -0.336337 1.720865
-0.043922 0.292995 1.776058
0.072142 0.207144 1.796057
0.784658 1.401399 1.785465
0.754217 2.010024 1.775876
1.304774 2.065775 1.815911
1.355758 2.096100 1.855163
1.456127 2.037880 1.839519
1.498923 1.968757 1.760516
2.085344 1.969448 1.681917
2.666645 2.019872 1.689469
2.666300 2.039310 1.728038
2.706310 1.981841 1.727048
2.721589 1.313026 0.989692
3.334504 1.313026 0.947440
3.273598 1.351312 0.987177
2.585240 1.380089 1.022784
2.602258 1.373170 1.055224
2.616117 0.695058 1.044700
3.293801 2.112683 1.035540
2.621539 2.849347 1.049764
2.633100 4.825607 1.069682
2.681846 4.865209 1.159252
2.728145 4.213309 1.191223
0.853968 3.532202 1.227743
-0.373659 3.539895 0.603081
-0.381426 3.585486 0.608379
-0.990927 3.632432 0.644662
-0.918507 4.275261 0.692800
-0.223421 4.237880 0.734532
-0.240537 3.617120 0.741832
-0.923358 3.652425 0.115479
-0.930535 3.661369 -0.507737
-1.573807 3.593516 -0.476310
-1.647932 3.491773 0.715960
-1.749539 2.872947 -0.573806
-1.166343 2.919264 -0.601022
-1.162657 1.762775 -0.604256
-1.147838 1.761805 0.026809
-1.142346 1.696896 0.016524
-1.104644 1.704536 -0.036582
-1.743783 1.801329 -0.067421
-1.061944 2.471372 -0.025074
-1.701452 3.079018 0.049640
-1.734753 2.324925 0.067831
-1.757471 2.300211 0.028107
-2.385683 3.021934 0.009070
-1.674033 3.092387 0.046928
-1.637882 4.303601 2.602493
-1.642181 4.247981 1.377553
-1.622460 2.935401 1.323754
-0.889159 2.999643 1.925648
-1.480592 3.041143 2.637225
-2.130273 2.347343 3.364767
-2.229968 2.265357 3.358994
-2.304449 2.244196 2.670054
-2.912897 2.295011 1.986208
-2.861537 2.339673 2.673889
-2.882534 2.985087 2.703850
-2.960129 2.970729 2.653548
-3.629699 2.324192 2.559861
-2.368082 2.368685 2.518647
-2.348466 2.395583 2.549025
-1.736735 2.378132 2.555720
-2.444834 2.353389 2.498136
-2.455215 2.339400 2.433508
-2.392685 2.351135 2.401751
-1.679609 2.378927 1.835592
-1.671061 2.395477 3.130058
-1.750948 2.398254 3.093448
-1.831681 2.398502 0.448552
-1.844302 2.398189 -0.100741
-1.817124 3.010877 0.580614
-1.820103 2.943372 3.133906
-1.874896 2.913091 2.448893
-1.909913 2.917524 2.426301
-1.879645 3.554303 2.436788
-1.822305 3.512818 3.124484
-2.473792 3.463493 2.531670
-2.483199 1.549314 2.543263
-3.108101 1.569182 1.936206
-3.089884 1.613652 2.628565
-2.449376 0.330468 2.652905
-1.832884 0.252015 2.639173
-1.854842 0.796583 1.956555
-1.880494 0.795901 2.618486
-1.913973 0.833637 2.639112
-1.929005 0.820473 2.620623
-1.914342 0.761267 2.573549
-1.885441 0.761551 2.555489
-1.883199 0.863594 2.592491
-1.944977 0.381018 1.385406
-2.034269 0.426410 1.387872
-2.071673 0.375682 1.376833
-2.633924 0.971261 1.385690
-2.592919 0.975530 1.394855
-2.043579 1.009013 1.378904
-2.833448 0.987689 1.343130
-2.869210 1.455850 1.309460
-2.104344 1.350236 -0.787491
-2.003720 1.953401 -0.801466
-2.677565 1.991424 -1.486181
-3.428520 1.398832 -1.479475
-3.492133 1.381417 -0.804056
-3.389321 2.559830 -0.763843
-3.224905 2.527362 -0.070143
-3.171709 2.585706 0.566112
-3.235072 2.009866 0.571756
-3.223930 2.651492 0.615464
-3.056051 2.630442 1.278944
-2.879497 2.631556 0.614290
-2.860960 3.336519 -0.044492
-2.964388 5.310096 0.622423
-3.004412 5.910119 0.019806
-2.268461 5.876376 0.030794
-1.509010 5.841024 0.629801
-1.589456 5.191626 -0.028605
-1.747706 5.191340 -0.023382
-1.785303 5.155168 -0.645659
-1.687724 3.837441 -0.656654
-1.632170 3.255207 -0.669957
-1.710899 3.270047 -0.666027
-1.804854 3.277412 -0.647398
-2.997376 3.281606 -0.626148
-3.507310 3.278090 -1.251370
-3.463396 3.327082 -1.222311
-3.528147 3.350254 -1.230895
-3.584526 2.692989 -2.516552
-3.528851 2.647807 -2.514625
-3.419334 2.639498 -1.829833
-3.380133 2.714180 -2.450078
-3.443403 2.153894 -3.021536
-2.881169 2.183774 -3.022006
-3.482716 2.138618 -3.032258
-3.398408 2.096880 -3.020832
-3.389347 2.746606 -2.993016
-2.177984 3.372083 -2.962437
-2.252125 3.323774 -2.951059
-2.255658 2.654864 -2.962538
-1.587646 2.655449 -2.975664
-1.582265 3.320838 -2.985407
-1.632812 3.347521 -3.002979
-1.691741 3.965282 -3.695703
-1.701964 3.940908 -3.750608
-1.666915 3.953194 -1.884300
-0.980363 3.967180 -1.928878
-0.972581 3.959265 -1.940108
-0.962416 3.307588 -1.932537
-0.297691 3.314909 -1.946187
-0.264380 3.356638 -1.976899
-0.867079 2.734863 -1.993525
-0.870921 3.396502 -2.631415
-0.890185 3.406327 -0.813512
-1.533215 2.796787 -0.825073
-1.548003 2.818810 -0.208792
-1.545069 3.457014 -0.209182
-0.901251 3.446105 -0.220169
-0.908041 3.445923 -1.520335
0.409579 3.471821 -0.338947
0.400335 3.482979 -0.334997
0.420482 2.222124 -0.311106
0.448340 2.205079 -0.291646
-0.790840 2.198524 -0.271656
-0.851544 2.910600 -0.217656
-1.570755 2.924012 -0.140129
-1.575351 2.902082 -0.085782
-0.906357 2.229250 0.559711
-0.895888 2.257780 0.527902
-0.312141 2.971523 -0.142796
-0.350441 2.373968 0.543393
-0.306910 1.052720 -0.051297
-0.845947 1.692459 -0.019156
-1.446112 2.405557 -0.011533
-0.878960 2.474648 0.007062
-0.960523 1.215968 0.061741
