0.367739 0.960661 -0.581922
0.418055 1.520129 0.040947
0.421543 2.126817 0.699335
0.409764 2.100419 0.694794
-0.224640 2.132745 0.717503
-0.204402 2.176555 0.771020
-0.219094 2.843675 -0.421850
0.386238 2.222147 -0.388330
0.353912 2.212203 0.220079
0.969034 2.242051 -0.372699
0.926793 1.066444 -0.351664
0.858802 -0.192709 -0.335112
0.785853 -0.235891 -0.339896
0.747585 -0.231898 -0.365864
0.757483 -1.416380 -0.366913
0.779887 -1.365022 -0.335648
0.786274 -0.766046 -0.296484
0.746559 -2.107413 0.336525
0.744072 -2.071318 0.285464
0.758731 -2.589493 0.236019
0.748633 -2.529530 0.212319
0.697409 -2.537483 0.194196
0.635976 -2.571513 0.133071
0.615711 -2.571266 0.657266
0.630667 -2.533801 0.621941
0.627169 -1.876076 0.657484
0.590322 -1.900807 0.696128
0.550365 -1.923545 0.654529
-0.103377 -1.287043 0.576575
-0.091513 -1.876401 -0.042260
-0.115062 -1.856334 -0.599243
-0.186781 -1.284101 -0.554923
0.379533 -1.377266 -0.591687
0.349674 -1.396323 -0.626072
0.359244 -1.963857 -0.587832
0.366444 -1.964486 -0.464813
0.354518 -1.394539 -0.377440
0.352528 -1.468277 -0.381009
0.384267 -1.473327 -1.049762
0.423348 -2.060088 -0.398543
0.434971 -2.039683 0.318912
0.462333 -2.102656 0.312440
0.431688 -2.178974 0.239948
-0.234604 -2.185590 0.193799
0.485495 -2.163473 0.216831
-0.804619 -2.181782 0.247960
-0.792211 -2.221061 0.216267
0.481764 -1.603319 -0.467279
1.234303 -0.940720 -1.789450
0.700085 -0.873474 -1.112415
0.734394 -0.853411 -1.081982
0.069611 -0.872817 -1.147031
0.042655 -1.495658 0.050313
0.042615 -2.125701 -1.236681
0.079558 -2.135026 -1.193431
0.111467 -2.196968 -1.188077
0.120144 -1.609716 0.045464
0.108904 -1.620656 0.003912
-0.498144 -1.575019 0.043405
-0.473225 -1.547510 0.113969
-0.445550 -0.838865 0.135545
0.182043 -0.891862 0.082159
0.750076 -0.905562 0.025008
0.081414 -0.893818 1.319730
0.065181 -0.296240 1.342653
0.742332 -0.362900 1.338064
0.151023 -0.415651 1.944668
0.152062 -0.401825 1.926254
0.120338 -0.355954 1.286346
-0.517546 0.298152 1.975995
-0.453710 0.264173 1.972979
-1.022621 0.229020 1.253316
-0.374488 0.238053 1.212059
-0.412127 -0.397278 1.210132
0.170889 -0.419947 1.879941
0.217568 -0.451347 2.550891
0.270863 -0.445496 1.258381
0.913285 -0.405059 0.627700
0.173460 -0.358226 0.615072
0.718424 -0.320020 0.609402
0.728153 -1.474199 0.588906
1.452242 -2.094583 0.552526
1.484793 -2.094629 0.537562
1.467672 -1.418093 0.540985
1.468773 -1.408133 1.192202
1.537034 -1.410790 1.174194
1.616649 -1.419147 1.151688
1.617260 -1.442427 1.763686
1.537259 -1.449978 1.784418
0.244382 -1.425144 1.793785
0.271657 -1.387866 1.778504
-0.323046 -0.731458 1.771281
-0.336537 -0.793748 1.776367
-0.422176 -0.866041 0.497908
-0.486527 -1.531470 0.485210
-0.478505 -1.473345 0.477245
-0.444007 -1.433099 1.150894
-0.474062 -1.457741 1.842430
-0.568139 -1.483848 1.869405
-0.641714 -0.236480 1.856378
-0.649726 -0.166854 1.825140
-0.624570 -0.136320 1.162063
-1.313011 -1.464969 1.145158
-1.380520 -1.553439 1.080589
-1.433075 -1.559539 1.004465
-0.795682 -1.499825 0.972702
-0.747775 -1.479632 1.008268
-0.090845 -1.524956 0.460990
-0.141724 -1.554651 0.456095
-0.188339 -1.503845 0.418481
-0.189150 -1.423455 1.027786
-0.162357 -1.395688 1.082559
-0.735030 -0.202677 1.129217
-0.060253 -0.239522 1.732748
-0.055260 -0.230282 1.696762
-0.027413 -0.202148 1.711708
0.632966 -0.191376 1.793759
0.615087 -0.852569 1.891144
0.591080 -0.874772 1.921906
0.600391 -0.862744 2.576785
0.621892 -0.817866 2.606780
-0.023781 -0.793252 2.668067
-0.048606 -0.836470 2.689763
-0.041389 -0.308281 2.615676
-0.003422 -0.358986 3.126441
0.023266 -0.358130 3.070336
0.011041 -0.344263 2.428203
-0.015725 -0.362843 1.802070
0.001076 -0.995455 1.750880
0.047809 -0.975361 1.696762
0.072152 -0.907323 1.678725
0.044878 -0.850463 1.069883
0.003379 -0.247415 1.066790
0.006772 -0.885970 1.001800
0.030477 -0.859123 0.929245
0.025978 -0.800444 0.903637
-0.023447 -0.768989 0.289469
-0.068219 -0.779188 0.294343
-0.066291 0.430777 0.882702
-0.049183 0.455410 0.870603
0.572934 0.489258 0.306558
1.220726 0.461084 0.359188
1.236183 0.386444 0.396482
1.285171 0.967734 0.975895
1.312958 0.332830 0.953223
1.963291 1.000340 0.373274
1.965984 0.963191 0.997314
1.375561 0.923338 1.624850
0.790842 0.947949 0.967373
0.832605 1.020493 0.948147
1.524530 0.386810 0.936229
2.165171 0.942421 0.952275
1.553072 0.887012 0.958638
1.560467 0.255906 0.936281
2.143118 -0.314740 0.908155
2.133338 0.936557 1.520113
2.123247 1.515914 1.545615
2.088955 2.821683 0.924375
3.221747 2.258652 0.919978
3.819605 0.489509 0.902332
3.802451 1.084992 0.290611
4.463733 0.994357 -0.254435
4.460038 0.910739 -0.236807
3.798076 0.894593 -0.221685
4.469834 1.530282 -0.183172
4.523716 1.520559 -0.122362
4.578559 2.127729 -0.059156
4.600577 1.454364 -0.019499
4.588787 0.940735 -0.620523
4.604428 0.356272 -0.691093
4.652356 0.363327 -0.762391
4.688046 0.360043 -0.171116
3.391293 -0.900676 -0.208952
2.795297 -0.923465 0.333044
3.472214 -0.939597 1.530260
4.192303 -0.918087 1.538572
3.542373 -0.867797 0.267657
2.801352 -0.832234 1.499967
2.750925 -0.219129 1.525236
2.120954 -0.225324 1.517156
2.820123 -1.444486 1.492273
2.799274 -0.787694 1.462993
2.757607 -0.819456 2.708029
2.075736 -0.906927 2.682408
2.769070 -2.226888 2.049110
2.794968 -2.242773 2.694779
2.788114 -2.214893 2.779282
3.397963 -2.192669 2.891194
3.388477 -2.196055 2.962392
2.793288 -2.194928 3.662635
2.808376 -2.168931 3.032266
2.799530 -2.147117 3.088986
2.752279 -2.172615 3.124094
3.393910 -2.230349 3.109324
2.766317 -2.298315 3.094546
2.127983 -1.720442 3.128064
2.722080 -1.101298 3.194152
2.749151 -0.461162 3.212534
0.833778 -0.451310 1.790539
0.830697 -0.457214 0.541463
0.785402 0.145519 0.536153
0.767941 0.138513 0.545074
0.800212 0.705679 0.520246
0.816063 0.643908 0.478008
0.768586 0.571654 0.473598
0.692311 0.512402 0.542577
1.273304 0.482917 0.601072
1.327691 0.502045 1.164978
1.385994 -1.280717 1.096393
2.021368 0.037618 0.435155
1.989287 1.333699 0.480683
1.360538 1.398766 0.492852
1.433974 1.424853 0.427192
2.132889 1.428950 0.337704
2.126816 2.728084 0.338789
2.088831 2.742823 0.434833
2.096241 2.745215 0.520160
2.154759 2.135646 0.517451
2.212537 3.436124 0.518982
2.235334 3.521199 0.507337
2.219643 2.387752 0.572003
2.213550 2.413866 0.616507
2.230952 2.437951 -0.015425
1.561978 2.367059 1.241866
1.513234 2.323866 1.277570
1.440308 2.310151 1.341312
1.411757 2.306414 1.369551
1.422091 2.311623 1.374562
1.437249 2.363114 1.361181
0.806389 3.104530 1.401324
0.802156 3.193537 1.415773
0.824995 3.210451 1.449657
0.858495 3.141904 2.034738
0.870668 3.692130 1.334747
0.844189 3.646333 0.672089
0.825465 3.614786 0.716358
0.889006 3.577034 0.758148
1.520470 3.554114 0.743832
1.499928 3.583907 0.700278
1.476080 2.415007 0.688708
0.826336 2.480384 0.705302
1.484218 2.471760 0.711917
1.481513 2.416309 0.680248
1.463100 2.364998 1.228749
2.635677 2.942573 1.169829
2.618463 2.881959 1.155469
2.645919 4.719435 1.181105
2.033690 4.046640 1.183094
3.272044 3.437375 1.761303
2.019358 2.862845 1.056533
0.755250 3.491389 1.053044
0.189521 3.452447 1.081932
0.223376 3.405035 1.068877
0.839428 3.405197 1.017704
0.834941 1.643919 1.627998
0.840454 1.004404 1.668164
2.110117 0.948493 2.348953
2.092444 1.556167 1.779478
2.041450 2.160096 1.770659
2.010068 1.546189 0.527247
2.672765 1.553492 0.601541
3.354017 1.539820 0.096571
2.728108 1.531486 0.121384
1.395942 1.512900 0.065919
1.307357 2.137627 0.005667
0.626056 2.108177 0.006995
0.654184 1.484278 0.023189
0.688019 1.526712 -0.010645
0.690421 1.552392 -0.711224
0.030583 1.552330 -0.757258
1.332978 1.551569 -0.740431
1.441382 0.308215 -0.701994
0.880749 -0.297658 -0.695317
0.897712 1.586431 -0.742616
0.892282 1.628585 -1.429084
2.170291 1.035842 -1.476070
2.196551 1.012943 -0.895350
2.191259 0.977333 -0.937699
1.503537 0.318543 -0.987355
0.803846 -0.332050 -0.982749
0.786954 -0.327011 -0.375120
0.806085 0.332657 -0.342353
0.801795 -1.666579 -0.306731
2.038408 -2.387575 -0.300125
1.986166 -2.420677 -0.313625
1.349147 -2.435803 -0.320843
1.346904 -1.781427 -0.307590
1.346968 -1.774435 -0.279675
1.352675 -2.370384 0.360805
1.346134 -1.735506 0.366518
2.008773 -1.731214 0.355679
2.040990 -2.355701 1.020001
2.087952 -2.327653 1.047686
1.445289 -2.329267 1.047048
2.033847 -2.320096 0.992205
1.967158 -1.661431 0.915811
1.925700 -1.592682 0.880144
1.337179 -1.548746 0.887927
1.373943 -0.891433 -0.285753
2.000386 -0.866148 -0.264633
1.968713 -0.820936 -0.256721
1.985288 -0.157336 -0.253986
1.389522 -0.173898 -0.844693
0.803132 -0.192575 -0.809258
1.313319 -0.168111 -1.458690
1.240954 -0.139283 -2.153096
1.215275 0.455698 -2.236928
1.222729 -0.253322 -2.270010
1.828009 -1.534623 -2.217129
1.800598 0.374024 -2.730157
1.121553 0.428416 -2.708657
1.144920 0.416730 -2.715967
1.178952 -0.915652 -1.442702
1.191432 -0.966939 -1.363968
1.826013 -1.566802 -1.325001
0.655819 -1.533767 -0.747029
0.683287 -1.572999 -0.802252
0.727015 -1.003340 -0.155299
0.783220 -1.655021 -0.082314
0.829852 -1.574899 -0.015567
1.480053 -0.219234 0.586113
1.455479 -0.897932 0.549041
1.435958 -0.963504 -0.035263
1.428102 -0.943567 0.025554
1.406155 -0.278236 0.655085
1.353412 -0.295640 0.609789
1.301604 -0.369031 0.548193
1.276137 0.252251 1.174280
-0.053123 0.905519 2.422840
-0.066028 0.948681 2.985327
-0.053853 0.925943 2.308118
-0.014775 0.836388 2.264414
0.021303 0.802442 1.670115
0.013569 0.161053 1.672306
-0.033067 0.801879 1.659834
-2.008301 0.785039 1.664603
-2.016867 0.781734 1.677137
-2.018615 0.808343 1.672416
-2.035201 0.856525 1.640597
-2.631866 1.558789 0.985224
-2.592292 1.572595 1.003628
-2.514707 1.579325 1.024401
-2.449373 1.597105 1.020251
-2.423775 1.605098 0.993479
-2.426935 0.932376 1.637369
-2.412667 0.916529 1.074478
-2.394189 0.283284 1.063138
-2.410058 1.494342 1.026389
-2.437887 2.084170 1.007958
-2.425787 2.060953 1.022943
-2.360111 2.073495 0.404252
-2.304173 2.095607 0.391697
-2.302869 2.119538 -0.865488
-2.336777 2.137977 -1.521748
-2.999838 2.163511 -1.543082
-2.321423 2.185361 -1.560909
-2.939608 2.179985 -1.575829
-2.985194 1.531884 -1.590240
-3.004472 2.230515 -0.978183
-2.951837 2.254480 -0.983442
-2.882726 0.988304 -1.579264
-2.283350 0.971615 -1.573341
-2.332346 1.590366 -1.571549
-2.360425 2.174067 -0.329149
-2.343571 2.162511 -0.337471
-2.342317 2.149811 0.865140
-1.112205 2.722648 0.843155
-1.163956 2.682835 -0.369701
-1.183271 2.044563 -0.370176
-1.148334 2.057821 -0.366431
-1.106826 2.709158 -0.371120
-0.450322 2.095579 -0.374837
-0.515022 2.088675 -0.375012
-0.558304 2.671395 -0.369328
-1.161373 2.665398 -0.380399
-1.135482 3.338405 -0.420317
-0.514381 2.694560 -0.475273
-0.536863 2.695963 -0.505428
-1.177508 2.695783 0.145291
-1.777900 3.308061 0.208708
-1.737839 2.682006 0.248770
-1.104601 2.669944 0.252182
-1.163047 3.248170 0.249905
0.093866 3.197822 0.284926
0.104360 4.395658 0.330977
0.139284 3.782683 0.329376
0.142952 3.772654 0.273035
0.100556 3.730708 -1.031011
0.069704 3.041294 -1.011184
-0.534686 2.380579 -0.937391
-0.521399 2.380272 -0.243036
-0.522753 2.363766 -0.226620
-0.610020 2.305322 -0.244568
-0.682326 2.244427 -0.224203
-0.686442 3.490900 -0.804505
-0.657014 4.121406 -0.799775
-1.312820 4.133108 -0.850710
-1.299532 5.337700 -0.880145
-1.256584 5.303208 0.353165
-1.189696 4.675948 0.402712
-1.147602 4.092511 0.404676
-1.157142 4.079614 0.365416
-1.178581 4.638720 0.364545
-1.160329 4.592502 0.421811
-1.780697 3.338008 0.453472
-1.764736 3.976250 0.389530
-2.450427 3.985258 0.297619
-1.795281 4.006302 0.280802
-1.729791 4.656980 0.338031
-0.360146 3.463729 0.371001
-0.360337 3.479942 0.334132
-0.393554 2.878309 0.318280
-0.418461 2.262585 -0.227842
-0.413251 2.327194 -0.115675
-1.057876 2.353113 -0.075944
-1.084427 2.341568 -0.119317
-1.115912 2.987045 -0.154846
-1.115427 3.047282 -0.118620
-1.084206 2.473168 0.564475
-0.410077 2.470761 -0.063618
-0.455381 2.454543 -0.131125
-0.515447 2.469271 0.445296
-0.562151 1.919628 0.474572
-0.598798 0.714118 0.519229
-0.645753 1.311456 1.120803
-0.687708 1.271039 1.060191
-0.689146 1.274208 1.022661
-0.647639 1.306299 0.426251
0.017868 1.312996 1.757336
0.030665 -0.017509 2.340127
0.020365 -0.051047 2.281611
0.017872 -0.089601 2.267025
0.019978 1.193820 1.668079
0.005861 2.381655 1.726631
-0.019672 1.707148 1.732765
1.143242 1.671412 0.325170
1.141514 2.311585 0.333526
1.153526 2.934484 0.350095
1.203290 2.313668 -0.322151
1.254447 2.953129 -2.240743
0.618833 3.597576 -1.675110
0.548601 2.989550 -0.973950
0.468486 3.000193 -0.910565
0.435098 2.986582 -0.872859
1.075870 4.280317 -0.875109
0.521540 4.295214 -0.895599
0.529198 3.679772 -0.243800
0.549780 3.065008 -0.237563
0.622023 2.372410 -0.264120
0.720783 2.379550 -0.312514
0.768117 2.438926 0.939137
0.731146 1.822802 0.991731
0.663028 1.815088 1.067497
0.628254 1.781113 0.500739
0.013994 1.131769 0.479591
0.058301 1.793766 1.079019
0.085400 1.812526 0.479834
0.114452 1.794149 -0.136359
0.178165 1.759002 -0.781749
0.252088 1.736184 0.488005
0.283002 1.729947 0.474416
0.255158 2.345822 -0.075964
0.214778 2.948573 -0.010988
0.193828 2.921853 -0.609070
0.181831 4.240885 -0.631502
0.169660 4.896366 -0.632722
0.167160 4.912194 -1.231911
0.190703 4.917984 -1.233323
0.857824 4.944612 -0.669124
0.897713 3.707696 -0.734146
0.907592 3.093505 -0.730748
0.882792 3.706513 -0.670653
0.840776 3.683518 -0.622653
0.796935 3.696708 -0.624226
0.757396 3.107067 -0.613994
0.720391 2.511665 -0.574010
0.696611 1.148528 -0.554005
0.697591 1.142291 -0.607547
0.733021 1.203494 -0.699602
0.785935 -0.086376 -0.749612
0.825395 -0.114511 -1.978239
0.835037 -0.192668 -1.947696
0.820221 0.440258 -1.951135
0.809538 1.670011 -1.968138
-0.503094 1.778057 -1.946208
-0.489097 1.826836 -1.888371
-0.487319 1.813681 -1.858757
-0.501711 1.824206 -1.897156
-0.503977 1.907562 -1.962235
-0.491152 1.374990 -1.988294
-0.481395 0.770313 -1.334656
-0.508395 0.694768 -3.169158
-0.569118 1.249328 -2.540386
-0.613460 1.315374 -2.521728
-0.011494 1.413893 -2.475721
-1.292875 1.429455 -2.437649
-1.300330 1.374128 -2.440311
-0.697317 1.352446 -2.491155
-0.717380 1.414604 -2.550436
-0.685871 2.061827 -1.949765
-0.619747 2.002348 -1.969547
-0.578093 1.893963 -1.997496
-0.579295 1.838416 -2.023230
0.019098 2.475763 -2.005700
-0.545795 2.528900 -1.954032
-1.164550 1.923728 -1.305779
-1.147375 1.942448 -1.348554
-0.546624 1.986826 -1.413719
-1.145557 1.463620 -2.723434
-1.115257 2.171495 -2.055255
-1.090454 2.072488 -2.086892
-1.091231 2.005289 -2.780529
-1.119351 1.989509 -2.766193
-1.137361 2.034496 -2.699922
-1.152761 2.072659 -2.647683
-1.168452 0.864063 -2.645107
-0.565698 0.264777 -3.326909
-0.562420 -0.350967 -3.358713
-0.550067 -0.896248 -3.358673
-0.554017 -0.894148 -3.351981
-0.598089 -0.367406 -3.355894
-0.629071 -1.059658 -3.346515
0.014145 -0.488047 -3.314679
0.007668 -0.506021 -3.271580
-0.009422 -1.140584 -3.236909
-0.024302 -1.128727 -3.214401
-0.632102 -1.693574 -3.205269
-0.618227 -1.012671 -3.212193
-1.227027 -1.601606 -3.224202
-2.593621 -1.589532 -3.253165
-3.262747 -1.576331 -3.265150
-3.257260 -1.584991 -3.226778
-2.586309 -1.031260 -2.564754
-2.570977 0.155847 -2.524494
-2.589306 0.130074 -2.551594
-3.229008 -0.444078 -2.583430
-3.226510 -0.372409 -2.558448
-3.184758 -0.942114 -1.882528
-3.146219 -1.603459 -1.893112
-2.510680 -0.977445 -2.604147
-2.520002 -0.342719 -3.284487
-2.519621 0.297113 -3.294069
-2.500333 -0.359917 -3.262376
-2.480479 0.230019 -2.628491
-1.832834 0.207194 -2.687786
-0.595640 0.217871 -3.362196
-0.590226 -0.397507 -3.332469
0.020451 -0.391683 -3.262533
-1.203690 -0.988561 -3.900707
-1.153641 -2.215062 -3.960332
-1.118120 -1.573728 -3.999960
-1.105796 -1.599141 -3.958915
-1.769324 -1.626849 -3.885817
-1.802261 -2.270262 -2.579394
-1.814190 -2.268247 -2.622111
-1.798544 -1.609808 -2.632631
-1.772868 -1.602896 -2.588455
-1.767444 -2.210068 -1.243780
-1.774607 -1.542687 -0.592861
-2.363983 -0.854911 -0.615694
-2.329414 -0.840879 -0.616714
-2.300353 -0.849828 -0.598131
-2.322284 -0.859740 -1.223311
-2.369186 -1.493531 -1.245373
-2.384365 -0.859269 -1.892601
-1.712669 -0.913642 -1.262572
-1.688739 -0.961470 -1.231480
-1.692425 -0.955233 -1.812232
-0.422208 -1.545487 -1.795314
-0.401960 -0.266242 -1.800158
-1.011502 -0.274261 -1.795213
-1.000260 -0.310330 -1.762936
-1.669078 -0.330722 -1.204670
-1.717082 -0.321104 -1.223168
-1.734219 0.284776 -1.229748
-1.073243 0.891297 -0.615360
-0.444584 0.211658 -0.637052
-0.438879 0.239794 -0.675108
-1.067550 0.335251 -0.696577
-1.069602 1.615810 -0.696105
-0.430869 0.960928 -0.694814
-0.410514 1.533660 -0.694600
-0.421193 1.440408 -0.698827
-0.460666 1.469472 -0.687404
-0.493509 0.829821 -0.683672
0.113783 1.387403 -0.714613
0.110491 -0.665380 -0.758109
1.448581 -0.021624 -0.107917
0.785517 0.064731 -0.079592
-0.503519 0.118540 -0.057294
-0.491341 0.084953 -0.060515
-0.473576 0.007106 -0.068076
0.139031 -0.027812 -0.043825
0.132604 0.619385 0.005905
-0.509812 0.618661 0.035427
-0.485833 0.588794 0.637561
-1.005359 1.870485 0.623085
-0.939054 1.943444 0.636589
0.362701 2.680522 1.309715
-0.863449 3.278517 1.328169
-0.796508 3.238132 1.325575
-0.141760 2.540905 1.320147
-0.166473 2.544989 1.324215
-0.835860 1.931862 1.308083
-0.834280 1.896114 0.007489
-0.809114 1.217398 -0.063227
-0.177321 1.196420 0.496085
-0.188809 0.642546 1.037597
-0.189445 1.372438 1.003940
-0.161091 1.386877 1.019586
-0.137746 1.370755 1.075848
0.491437 1.981436 1.142940
-0.170679 2.000839 1.186860
0.439300 2.629674 1.206560
0.426330 2.611833 1.203402
0.397072 2.578117 1.181626
0.386273 2.553700 1.144590
0.417039 3.198960 1.106736
0.460504 3.228369 1.079694
0.467135 3.250840 1.064687
0.422810 3.253278 1.071179
0.371219 3.904574 1.096965
0.369627 3.894058 1.136390
0.392158 3.878953 1.160707
0.376311 4.485336 0.504633
0.315029 3.823729 0.443905
0.264189 3.829938 -0.896905
0.283898 3.848565 -0.936790
0.355898 3.870202 -0.944322
0.396358 3.262552 0.313968
-0.887005 3.298231 0.302659
-0.941209 3.908339 0.321136
-0.947173 2.605916 -0.169170
-0.906547 2.555777 -0.724216
-0.888018 1.940071 -0.695866
-0.930098 1.954719 -0.160187
-0.992581 2.595100 -1.410920
-0.997944 1.904242 -1.422132
-0.941489 1.863600 -1.411432
-1.489849 2.518145 -1.402014
-0.873140 1.274200 -1.399442
-0.901374 1.261829 -1.360140
-1.497591 1.201234 -1.890386
-1.430072 1.749820 -1.802929
-0.790246 1.699178 -1.225323
-0.787621 1.728845 -1.268216
-1.408711 1.756455 -0.681549
-1.398836 2.378211 -0.120026
-0.029076 3.000180 -0.186364
-0.016446 3.660786 -0.885954
-0.061808 3.692230 -0.898046
-0.118008 3.122696 -0.895662
-0.125201 3.108591 -1.412769
-0.118091 3.661213 -1.393807
-0.770549 3.021050 -1.381776
-0.833490 2.394968 -1.382455
-0.844967 2.451615 -1.411139
-0.798705 2.490397 -0.833631
-0.768515 2.492821 -0.891047
-0.802277 2.477247 -0.905058
-0.835898 1.845871 -0.931266
-0.815946 1.888608 -0.919645
-0.769243 1.919953 -0.899845
-0.757770 1.246431 -0.849284
-0.795794 0.576348 -0.789952
-0.814681 -0.044428 -0.780794
0.452939 -0.005327 -0.840716
0.482595 -0.604620 -0.910747
0.478050 0.026382 -1.555722
0.455945 0.615993 -1.529428
0.474274 1.252776 -1.509393
0.505079 1.878569 -2.128051
0.498037 1.907577 -2.132006
0.461289 1.898178 -2.090079
0.399985 2.498336 -2.032601
0.428440 1.817328 -2.034701
0.431986 2.520855 -1.484204
0.365262 2.568293 -0.980947
0.294684 2.555043 -1.013414
0.952035 1.870535 -1.002367
1.613006 2.495115 -0.354061
1.605358 2.503422 -0.360971
1.508288 1.868819 -0.330603
1.435323 1.798690 -0.242081
1.467177 1.097088 -0.150054
1.535780 1.145845 -0.118731
1.533946 1.809813 -0.155055
2.040829 2.522054 -0.187073
1.397611 1.227394 -0.181364
0.841598 1.247455 -0.155396
0.902546 1.303613 -0.123620
0.888793 1.337467 -1.404635
0.809093 0.737238 -1.341554
0.771502 0.769753 -1.264492
0.831846 1.434124 -1.881590
0.906051 1.454373 -0.095575
0.320983 2.088735 -0.118423
0.287825 1.405658 -1.358299
0.945101 0.714019 -1.369597
1.009990 0.754086 -1.417023
2.253490 0.772316 -1.480265
2.256789 0.196775 -2.162328
2.232825 0.197850 -0.847463
2.237937 0.848367 -0.168482
2.275879 0.835167 -0.166773
2.946948 1.454077 -0.834288
1.677824 2.095958 -0.843531
1.646874 2.070653 -0.186174
1.632969 2.025750 -0.222052
1.640735 1.300800 -0.267862
1.635494 1.263547 -0.290971
1.616871 1.261706 -0.282925
2.240371 0.650722 0.410281
2.245502 0.693006 0.456472
2.261789 0.717318 0.510922
2.267453 1.327796 0.559208
2.263242 0.728269 1.214731
2.252420 0.128885 1.202344
2.251191 0.147210 -0.102780
2.262630 0.717283 -0.121378
2.264583 0.707387 -0.767354
2.263375 -1.190282 -0.794138
2.254002 -0.581300 1.115552
2.240988 -0.610152 1.808655
2.233331 -0.633648 0.624894
0.937375 0.008357 -0.025678
0.907854 0.679517 -0.733546
0.887247 0.719356 -0.078773
0.886749 0.046166 -0.660308
0.892491 0.611322 -0.655771
0.882034 1.238824 -0.652043
0.858115 1.279925 -0.686526
0.830981 0.669258 -0.664561
0.837693 0.641524 -0.612073
0.869197 1.880983 -0.601339
0.897431 1.886965 -0.656737
0.914104 1.877394 -0.704687
0.926161 1.188112 -0.678166
1.550234 0.498086 -0.613885
1.597750 0.475258 -0.597165
1.630169 0.509981 0.034869
1.613855 -0.115419 0.037147
1.577512 -0.794075 0.095033
1.576770 -0.126618 0.148925
1.624594 -0.715933 0.132022
1.678629 -0.013124 0.063257
1.690194 -0.038910 0.614600
1.670853 -0.082341 0.641245
0.419541 0.556269 0.067917
0.468704 0.601296 0.017511
0.569167 1.296103 -0.054664
0.573252 1.280912 -0.677990
0.537737 1.277299 -0.640984
0.521882 1.284027 -0.628978
0.554323 1.314721 -1.334248
0.598351 1.335136 -1.420931
0.607566 1.315022 -0.794293
-0.666697 1.274779 -0.735429
-0.675077 1.253444 -0.019557
-0.642699 1.262786 -0.031833
-0.597912 1.294387 -0.069568
-0.579798 1.307758 -0.046881
-0.592518 1.304162 0.069785
-0.021926 1.303321 0.183720
-0.005735 1.308920 0.210685
0.027998 1.301777 0.170919
0.043787 1.271271 0.172141
0.629913 1.250316 0.248847
0.622453 2.588417 0.309844
-0.690639 1.946571 0.891928
-0.025875 1.980062 0.823718
-0.620975 2.025427 0.808721
-0.631894 2.748004 1.454294
-0.036114 2.778871 1.507995
-0.025854 2.158485 1.467628
-0.003181 2.162558 1.359857
-0.634211 2.191929 0.029033
-0.662014 2.231178 0.681363
-0.649829 2.244070 0.712273
-0.601277 2.230782 0.696278
-0.560064 1.582066 0.634106
-0.555324 0.933670 0.618605
-1.178180 2.166611 0.683097
-0.571399 1.477910 0.773669
-0.571012 1.366082 0.785865
-0.577252 1.928295 0.726808
-0.610221 1.947023 0.043846
-0.652284 2.575933 0.708966
-0.671759 2.526460 1.394255
-0.681956 2.473956 -0.546055
-0.699451 2.485558 -1.214068
-0.737319 2.538920 -1.264435
-0.791060 2.540705 -0.618810
-0.825525 2.483620 -0.549781
1.724359 3.043009 -1.763668
1.747161 3.067777 -1.823993
1.750238 3.143603 -1.925344
1.732881 3.821604 -1.939854
1.743761 2.560568 -1.195725
0.563539 2.594990 -1.107431
0.624738 2.053397 -1.746954
0.648893 2.833540 -1.800465
0.624419 2.233921 -1.114427
0.599197 2.850936 -0.989459
0.628694 2.838468 -0.915190
0.670889 2.162569 -0.313061
0.659038 2.199661 -0.394207
0.600628 2.185198 -0.391122
0.546442 1.467690 0.308448
0.540537 1.420750 0.342741
0.558310 1.431040 0.829963
0.552578 2.087271 0.748287
0.519939 0.731213 0.762945
-0.178967 0.012464 1.468281
-0.199767 -0.052335 1.450688
-0.201686 0.580533 1.961629
0.441691 -0.083272 0.001980
0.401755 -0.735121 1.293633
-0.312596 -0.747981 1.348236
0.899925 -0.728940 0.746605
0.932197 -0.650730 0.728352
1.682188 -1.838979 0.709251
1.042504 -2.437449 1.336281
1.028937 -2.413509 1.370888
1.037328 -2.378957 0.712559
1.125306 -0.422383 -0.005048
1.242105 -1.075237 -0.066516
1.896749 -1.089691 1.197677
3.146386 -0.375967 0.573512
2.505508 -0.336122 0.582665
2.526508 -1.002017 0.540780
1.936224 -0.410665 0.509490
1.951578 0.869615 0.520986
1.909377 0.895712 0.553429
1.867150 0.889557 1.206461
1.244974 1.469286 1.139027
1.314803 1.382851 0.469465
1.368281 0.762854 -0.178523
1.991475 0.841605 -0.157397
1.931189 0.278116 -0.808997
1.902274 0.274300 -0.839645
2.605640 0.232538 0.396152
2.630920 0.265830 0.378162
2.587909 0.376732 0.364143
2.538674 0.435661 0.353857
2.549526 1.071676 0.331026
2.632437 1.006833 0.287481
2.696454 0.962507 0.237828
2.678811 0.995478 0.193737
2.664056 1.007897 0.784354
2.699646 0.928086 0.127685
2.080714 0.808510 -1.169201
2.053319 0.786326 -1.828647
1.963956 0.815773 -2.492906
1.274469 0.817954 -2.461063
1.289993 0.763784 -1.730637
1.345683 0.711176 -2.943054
1.998746 0.705011 -3.007121
1.946283 1.364366 -2.392810
2.542603 2.029147 -1.732991
2.562182 1.980160 -1.663808
1.933673 0.671595 -2.276385
1.860236 0.718486 -2.306830
1.758738 0.767515 -2.331843
2.363365 1.410610 -2.331810
2.370595 1.370202 -2.953596
2.391187 1.354556 -2.292739
2.382077 1.373892 -2.322047
1.686412 1.413755 -2.327891
1.662156 0.830081 -2.300925
1.677978 0.813484 -2.258277
1.695027 0.795634 -3.539148
1.692383 0.806459 -3.511672
1.655251 1.470236 -2.800622
0.998459 0.823362 -2.131729
0.989795 0.808031 -2.797611
1.006796 0.816989 -2.823802
0.429599 0.842155 -2.204068
-0.204217 0.864819 -2.237527
-0.221839 0.876722 -2.248568
-0.162086 0.873617 -2.246568
-0.148375 0.902836 -2.254007
0.489390 0.883051 -2.269733
-0.155816 0.863384 -2.268128
-0.161605 0.846827 -1.613179
-0.146442 0.812069 -1.600241
-0.102130 1.434414 -1.636248
-0.047102 1.363433 -1.692708
-0.001565 1.959554 -1.695744
0.030456 1.297281 -1.640382
-0.619483 0.698059 -1.593239
-0.622099 0.101273 -2.204079
-0.612365 0.104055 -2.240558
-0.624691 0.114661 -2.229139
-0.662463 0.155294 -2.170599
-0.084311 0.201419 -2.129317
-0.105709 0.216360 -2.149326
-0.071707 0.199184 -1.560876
-0.039082 0.202775 -1.554041
1.311645 -0.978044 -1.497649
1.284582 -0.318604 -1.448236
1.295231 -0.328141 -1.463137
1.331361 -0.997729 -1.516518
1.344002 -1.023249 -0.888678
1.332061 -0.403924 -0.836369
1.329369 -0.374818 -0.790433
1.356514 -0.408366 -0.809310
1.400140 -0.466877 -0.859046
1.414468 -0.466684 -0.883721
1.397471 -0.400657 -1.516921
1.370667 -0.329462 -0.199114
1.361887 -0.329523 -0.905046
1.375072 0.228708 0.301712
0.726363 0.798799 0.305405
0.697448 0.791811 0.309875
0.685127 0.801072 0.287627
0.701026 0.756432 0.230128
1.353405 0.676095 0.191081
1.363185 0.636948 0.180809
1.990537 0.674115 0.192220
1.373952 0.117303 0.204484
1.417337 0.108227 0.197103
2.088448 -0.595903 0.207727
2.068767 -0.671287 0.231381
2.020544 -0.692216 0.253983
1.995125 0.590064 0.887356
2.010524 0.573481 0.851240
1.395708 0.527153 0.853838
1.393717 0.517379 0.871593
1.378019 0.583890 0.252092
2.027459 0.030125 -0.400867
1.434855 0.073353 -0.419347
0.829865 0.054415 -0.424187
0.776016 0.033501 -0.413093
0.687694 0.048826 -0.407295
0.638221 0.071728 -0.442898
0.655202 0.078627 0.115203
0.669055 0.065828 0.093394
0.617163 0.083179 0.110297
0.538517 -0.508458 0.137700
0.538885 -0.466159 0.141897
0.630620 -0.455824 0.131108
1.350587 0.139434 0.136821
1.926359 -0.512547 0.163211
1.860854 0.080035 0.160682
1.232817 0.055494 -0.505054
1.320564 -0.600789 -1.148721
1.414289 -0.631918 -0.511293
2.068049 -0.614589 -0.513548
2.012583 0.052730 0.140526
2.027622 -0.514857 -1.144542
2.110603 -1.086191 -1.111888
2.837598 -0.466884 -1.098766
2.825100 -1.106592 -1.098437
2.774527 -1.729651 -1.064595
2.726160 -1.059213 -1.675748
2.762363 -0.406346 -1.637312
3.457689 -0.393240 -1.651201
3.446232 -0.381477 -2.300865
2.725665 -0.989788 -2.278567
2.045848 -0.953209 -3.403761
2.052466 -0.272945 -2.782480
1.456952 -0.303676 -1.520721
1.491939 -0.362109 0.406773
1.482872 -0.428254 0.363450
1.434468 -0.477216 0.351581
2.064600 -0.497962 0.346169
2.098534 -0.473467 0.319281
2.142165 -0.426161 0.298470
2.096506 -0.394805 0.312280
2.062926 -1.626798 0.334782
1.439558 -1.603697 0.333481
1.478441 -1.594446 0.310927
0.879951 -1.606252 0.290012
0.894950 -1.685269 0.911001
0.887140 -1.789032 0.853435
0.908626 -1.177665 0.808767
0.952130 -1.167102 -0.522532
0.952881 -1.765556 -0.497897
0.918816 -2.434281 -0.455862
0.924736 -1.817954 -0.461553
0.984754 -0.487208 -0.504122
1.059067 -0.448047 -0.523833
1.061050 -0.448894 0.129010
1.661151 -0.497518 0.129420
1.627032 0.097591 0.049323
1.034056 0.121969 -0.048084
0.430635 0.126824 -0.704588
0.347506 0.095244 -0.661348
0.857718 0.044105 0.004422
2.160554 0.030477 -0.013290
0.895783 1.342330 -0.036815
0.940902 1.327841 -0.656104
0.902415 1.293242 -0.595855
0.794028 1.255589 0.059523
0.796872 1.226991 0.005806
0.211446 1.198980 0.587486
0.206546 2.443612 -0.056642
0.134880 2.377023 -0.012562
0.073362 2.335005 0.003124
