-1.196222 1.185048 -0.121383
-1.261083 -0.663979 -0.065604
-1.319251 -0.650100 -0.050753
-1.346112 -0.642940 -1.989069
-1.341436 -0.657749 -1.919098
-0.696537 -0.657645 -1.867221
-0.666521 -0.669580 -1.869663
-0.629350 -0.067624 -1.909621
-0.588680 -0.704605 -1.345975
-1.876879 -1.304492 -0.715263
-2.494967 -1.279789 -0.717598
-3.154496 -1.293261 -0.731359
-3.146277 -1.975847 -0.745445
-2.452827 -1.985332 -0.084895
-2.440755 -1.955817 -0.089637
-2.421329 -1.946584 -0.084148
-2.388141 -1.981124 -0.709875
-2.349920 -2.005832 -1.387599
-2.334083 -1.967687 -0.761919
-2.361444 -1.889757 -0.789451
-2.411560 -1.852517 -0.822037
-2.446887 -1.255334 0.444801
-2.463853 -1.280179 1.096015
-1.861130 -1.243692 1.128261
-0.699636 -1.180735 1.163387
-0.732719 -1.165932 1.202234
-0.744336 -1.199316 -0.705583
-0.734439 -1.207706 -1.937056
-0.724250 -1.146504 -1.928446
-0.733858 -1.077175 -0.587239
-0.753508 -1.061605 -0.590188
-0.138724 -1.709732 0.083545
-0.112488 -1.700657 -1.107455
-0.062865 -1.648720 -1.679927
-0.028166 -1.622407 -1.119339
-0.028490 -2.264188 -1.719039
-0.023391 -2.303654 -1.695083
0.008535 -1.707931 -1.690818
0.036505 -1.688926 -1.126013
0.037209 -1.670451 -0.531408
0.015767 -1.675957 0.051606
0.016772 -1.693618 0.671462
0.041399 -1.068284 -0.698140
0.076938 -1.071690 -0.677826
0.110889 -1.068839 -1.244577
0.136332 -1.071252 -1.206450
-0.445783 -1.077159 -1.201338
-0.441521 -1.082226 -1.201368
-2.995763 -1.061994 -1.169988
-3.013821 0.253446 -1.148461
-3.052979 0.300931 -1.168649
-3.708010 0.302489 -1.874830
-3.722045 0.267182 -1.948919
-3.709520 0.232748 -1.327449
-2.424570 0.204673 -1.920973
-2.427259 0.169288 -3.225946
-3.051236 0.116461 -3.279331
-3.049401 0.715074 -3.311576
-3.075037 0.703303 -2.682127
-3.147835 0.066717 -2.668771
-3.226955 -0.543761 -2.103074
-3.248990 -0.542070 -2.168929
-3.197774 -0.521203 -2.206940
-2.516771 -0.491200 -2.181130
-2.515965 -0.476178 -2.723282
-2.473307 -0.471049 -2.681320
-2.362676 -0.449523 -3.306156
-1.016562 -0.402902 -3.313998
0.320739 -0.360334 -3.290036
-0.386376 -0.336558 -3.245206
-1.081152 -0.956887 -3.229711
-1.048869 -0.281318 -3.932517
-1.016927 -0.250384 -3.953180
-1.047752 -0.233356 -3.921581
-1.076746 -0.233576 -3.254101
-1.025819 -0.246872 -3.840616
-0.920549 -0.250883 -3.876805
-1.473216 -0.238977 -3.914686
-1.528694 -0.232284 -3.919446
-0.375681 -0.241303 -3.919985
-0.394984 1.619017 -3.976184
-0.382514 1.613882 -4.691625
-0.403077 1.595997 -4.745396
-1.047323 1.544694 -4.701661
-1.047812 1.501608 -3.990548
-1.013728 2.167886 -2.705494
-0.991585 2.175157 -2.723199
0.834083 2.175826 -2.052250
0.777749 2.162345 -1.978310
0.721217 2.167137 -1.934130
0.696426 1.591585 -1.949787
0.024612 1.593648 -2.013574
-0.038773 1.543664 -2.043583
-0.707357 1.467400 -2.694073
-0.693636 1.424964 -2.710239
-0.653208 0.768815 -2.723660
-0.644723 0.763168 -5.240060
-0.675101 0.724181 -5.204267
-0.704801 0.674791 -5.194724
-0.726933 -0.009486 -4.578324
-0.764292 0.721086 -4.575099
-0.836026 0.732751 -5.812373
0.491295 0.674675 -5.807853
0.461988 0.593512 -4.560147
1.107461 0.573190 -4.576484
2.395258 0.609694 -4.542867
2.409294 -0.691426 -4.516349
2.416216 -0.724322 -4.505275
2.402375 -0.764013 -3.881102
2.384015 -0.751845 -3.864352
2.382944 -0.707627 -3.822199
2.400305 -0.692130 -3.794901
2.412905 -0.100320 -3.811940
2.402863 -0.141837 -4.457963
1.085401 -0.127639 -4.431743
1.091485 -0.095372 -3.762336
1.142148 -0.718302 -3.754246
1.214181 -0.753185 -3.805765
1.263360 -0.775215 -2.600926
1.268254 -0.737449 -2.547844
1.255071 -0.678701 -2.489975
1.898698 -1.255019 -2.513842
1.935146 -1.278754 -2.616698
1.964871 -1.306113 -2.693806
1.313758 -1.896731 -2.033811
0.106444 -1.839920 -1.988560
0.155525 -1.133398 -2.008515
0.817710 -1.135439 -2.095663
0.846960 -1.137258 -2.147801
0.849964 -1.100572 -2.134860
0.831560 -1.038060 -2.111536
1.424589 -0.995139 -2.146426
0.756569 -1.642112 -2.226206
0.738501 -1.694419 -2.276546
0.086579 -1.767165 -2.246759
0.065249 -1.145349 -2.207390
0.077483 -1.810972 -1.574093
0.125835 -1.202595 -1.638514
0.138513 -1.239741 -1.654340
0.743027 -1.275802 -1.600294
0.713359 -1.915713 -1.545971
0.712676 -1.927579 -1.540692
0.727319 -1.942759 -1.570140
0.726465 -2.596001 -1.594378
0.723004 -2.642227 -1.593191
0.092520 -2.678718 -1.592942
0.130765 -2.665673 -1.607054
0.144252 -2.609007 -0.974458
0.118907 -2.541935 -0.957210
0.078329 -2.499456 -0.918751
-0.587699 -2.470234 -1.500051
0.020732 -3.033847 -1.467561
-0.648856 -3.012055 -1.442225
-0.715300 -2.429261 -1.473967
-0.737666 -2.483902 -2.720933
-1.315257 -2.517047 -2.761858
-0.630877 -2.508897 -2.766381
-0.593404 -2.482265 -2.723038
-1.240161 -2.480279 -2.671452
0.641942 -3.086964 -2.640905
-0.590201 -3.064789 -3.251369
-0.548200 -3.028946 -2.519920
0.072131 -1.242731 -2.443450
1.310071 -1.292025 -2.409416
1.295602 -1.359769 -2.441691
1.296873 -1.382862 -3.110090
1.932554 -1.355956 -2.492243
2.003598 -1.324947 -2.487057
2.073284 -1.362450 -1.859834
2.070131 -1.436933 -1.849420
2.062228 -1.458522 -1.847744
2.071236 -1.412349 -1.826340
2.081725 -1.361695 -3.733036
0.736750 -1.377486 -3.703756
0.690288 -1.447102 -3.030598
0.664840 -1.486537 -3.713555
0.685125 -1.453626 -3.073782
0.726068 -1.403815 -3.072448
0.744707 -1.417601 -3.074288
0.724020 -1.489083 -1.845378
-0.588075 -1.529920 -1.887148
-0.595955 -1.453473 -0.591803
-0.591318 -1.407080 -1.239200
-0.598625 -1.415330 -1.851479
-0.625585 -1.477338 -1.894420
-0.639558 -1.525999 -1.331694
-0.610128 -1.517455 -1.972985
-0.559540 -1.473866 -2.565977
-0.540934 -1.445013 -2.545388
-0.577232 -1.441780 -2.604972
-0.632408 -2.051056 -0.714628
-0.667324 -2.017030 -0.702612
0.605867 -1.968158 -0.660297
0.567564 -0.649075 -0.631051
-0.093223 -0.028150 -0.631794
-0.762246 -0.039591 -0.642558
-1.400637 0.581276 -0.633916
-0.721494 1.210070 -0.624174
-0.680694 1.172325 -0.626551
-2.599728 1.155415 -0.654867
-1.934944 1.158242 -0.678269
-1.290274 1.151184 -0.659721
-1.297614 1.125114 -0.606535
-1.308966 1.110791 -0.570171
-1.310406 2.445768 -1.216921
-1.287042 2.503183 -1.277928
-1.244723 1.952069 -0.664345
-1.877229 3.210840 -0.657870
-1.907804 3.798686 -0.672579
-1.932646 3.826976 -0.130957
-1.906668 3.246890 -0.867770
-1.267793 2.698357 -0.886272
-0.631442 3.314767 -0.841335
-0.030435 2.690698 -1.464593
-0.061358 2.709739 -1.496883
-0.051207 2.755478 -1.547651
-0.029269 2.775938 -0.284070
-0.032452 2.742390 -0.867930
-0.067339 2.696814 -0.203031
0.494436 2.689825 -0.247513
0.504769 2.731165 0.330476
-0.134778 2.775810 -0.288940
-0.164261 2.757737 -0.217166
-0.205972 2.708029 -0.170158
0.399536 2.702422 -0.176101
0.423235 2.069864 -0.209692
0.441076 2.101991 -0.207519
-0.790910 2.068732 -0.175768
-1.436351 2.026982 -0.820531
-1.431652 2.025975 -0.878316
-1.426785 2.042972 -0.933699
-1.439848 2.027706 -0.925440
-1.442856 2.621330 -0.876472
-0.787359 2.614334 -0.835103
-0.080290 2.657218 -0.825122
-0.059882 2.684400 -0.823990
-0.077431 3.831029 -0.795953
-0.088032 2.420037 -1.357784
-0.709445 2.379995 -1.339278
-0.083724 1.281478 -1.352116
-0.104610 1.311483 -1.356303
-0.144892 1.284191 -0.702040
-0.828233 1.275753 -0.682088
-0.141046 1.356181 -0.035051
-0.128693 0.860592 -0.041332
-0.149256 0.271598 -0.044689
-0.805170 0.270843 -0.027270
-0.770608 0.266369 -0.000052
-0.704983 0.303604 0.002782
-0.677709 0.334352 -0.015804
-0.703812 0.290815 -0.029472
-1.406405 0.195397 -0.017923
-1.400196 0.128490 0.649636
-1.357954 -0.493773 0.684031
-1.288813 -0.454660 0.685714
-0.707006 -1.054981 0.658300
-0.091397 -0.476738 0.622623
-0.078105 -0.505398 0.607480
-0.645978 -0.471455 -0.028298
-0.627768 -0.438401 0.585913
1.413358 0.186438 0.541218
0.720207 0.141772 -0.826694
0.689175 0.137682 -0.850316
0.775611 0.183624 -0.873118
0.804830 0.228261 -0.876813
0.813213 -0.427575 -0.877957
0.167533 -0.456559 -0.896887
0.151792 -0.461194 -0.928632
0.143826 0.231941 -0.969709
0.759667 0.262947 -0.993691
0.759168 0.267052 -0.994176
0.734114 0.244177 -0.972824
0.678923 0.218308 -0.922486
0.653921 0.213255 -1.491024
0.672075 0.224557 -2.177939
0.708660 0.866704 -2.087312
-0.590803 0.853519 -2.012584
-0.615017 0.848433 -2.007825
-0.610486 0.880261 -2.042920
-0.579433 0.937535 -2.045711
-1.837381 0.988050 -1.349377
-2.511939 0.384862 -0.692525
-2.555034 -0.250309 -0.723421
-3.169767 -0.232011 -0.778356
-3.139851 -0.207905 -0.738943
-3.099056 -0.190147 -0.612511
-2.455107 -0.192514 -0.527816
-2.439749 -0.210155 -0.553305
-2.411112 -0.228869 -1.269778
-1.744901 -0.247974 -0.652893
-2.361845 1.028738 -0.622272
-1.736230 1.020345 -1.263163
-1.773374 1.002288 -1.334543
-1.808912 0.965608 -2.061613
-1.822095 0.926369 -2.075856
-1.816226 0.911153 -1.385752
-1.821667 -0.362490 -1.961690
0.220530 -0.382847 -0.140938
0.190702 -1.065335 -0.222168
0.154345 0.822162 1.008431
0.135894 -0.473147 1.011487
0.716455 -0.475581 1.018044
0.651175 0.789392 2.252260
0.602572 2.048281 2.243535
0.594768 1.974938 2.260258
0.614197 1.943529 1.015523
0.602062 1.977294 1.081954
0.579076 2.019722 1.098275
0.575555 1.993330 2.373472
0.606101 1.929792 2.311020
-0.709272 0.680683 2.277118
-0.697305 -1.157509 1.740042
-0.706775 -1.090172 2.459843
-0.699464 -1.086760 0.565052
-1.285122 -1.124546 1.206554
-1.854793 -1.132991 1.207546
-1.219380 -1.094604 1.253436
-1.248415 -1.045923 1.284748
-1.872902 -1.048263 1.250951
-1.831040 -1.092436 0.548748
-1.184595 0.117412 -0.145782
-1.241715 0.137727 0.515739
-1.317873 0.174576 0.543497
-0.047536 0.152860 1.166634
-0.638320 0.077962 1.142299
-1.877305 0.019958 -0.102615
-1.944092 0.659774 -0.032893
-2.016033 0.709705 -0.618759
-2.001977 0.707544 -0.022441
-1.940418 0.651373 -0.066261
-1.930337 0.618497 -0.077588
-1.329238 0.657783 0.583518
-1.319067 -0.604916 1.222636
-1.915684 -0.553065 1.204363
-1.862758 -0.543314 -0.086384
-1.215035 -0.569821 -0.679537
-1.243210 -0.562924 -1.341453
-1.243875 -0.499847 -1.366823
-1.235224 -0.423119 -1.993407
-1.253690 -0.383467 -1.363473
-1.287372 -0.397752 -1.388289
-0.674236 -0.403199 -1.428586
-0.066798 -0.347587 -0.825280
-0.081342 -0.271089 -0.824837
-0.724862 -0.245073 -0.820186
-0.698411 -0.286120 -1.483670
-0.669710 -0.329280 -0.895202
-0.651722 -0.328487 -0.259371
-0.651279 -0.308982 -0.245656
-1.240821 -0.322559 0.964793
-1.174768 -1.023489 1.563799
-0.444852 -1.096214 1.548622
-0.996890 -1.109207 1.576265
-0.990113 -1.078592 1.635821
-0.958821 -1.076574 1.678777
-0.912625 -1.121700 -0.859067
-1.514649 -0.517239 -0.859345
-1.496151 -1.730646 -0.849904
-2.175157 -1.651124 -0.870611
-2.224199 -0.349087 -0.894341
-2.851962 -1.016902 -0.907459
-2.151868 -0.392990 -0.902686
-2.136341 -0.347540 0.381450
-0.846236 -0.284003 -0.261508
-0.926357 -1.526436 -0.272600
-0.989682 -1.544702 0.341798
-0.967222 -2.149600 0.361449
-0.942348 -2.127117 0.358502
-0.982529 -2.112887 1.591210
-1.048205 -0.895079 1.531934
-0.440864 -0.943525 1.506204
-0.404247 -0.966117 2.139767
-0.383539 -0.947365 2.790528
-1.053306 -0.928396 2.748113
-1.088777 -0.941373 2.728359
-0.430076 -0.972007 2.122142
-0.423147 -0.974070 2.811114
-0.433278 -2.182459 2.170476
-0.461387 -2.144445 1.499825
-0.470476 -1.513338 1.491708
-0.462383 -2.122028 -0.289143
-0.453695 -2.699592 -0.280545
-1.101620 -2.659971 -0.273627
-1.119959 -1.996024 -0.243329
-1.121059 -2.005034 -0.182453
-1.118026 -2.030306 -0.117213
-1.124233 -1.400681 -1.266909
-1.159254 -1.389972 -1.226859
0.048539 -1.376125 -1.198806
-1.245093 -1.989958 -1.845730
-1.800818 -1.349501 -1.180036
-0.423079 -1.361296 -1.163841
0.816394 -1.357221 -0.477763
0.768848 -1.355875 0.163065
0.754630 -1.376803 -0.459711
1.433105 -0.776583 -1.064527
1.414647 -0.798464 -1.067500
2.016330 -1.455586 -0.444178
1.343291 -1.442891 -2.434674
1.361076 -1.444585 -2.480410
1.347310 -1.469186 -3.111122
1.346300 -0.861983 -3.688992
1.335000 -0.895830 -3.699202
1.307969 -0.908225 -3.743002
1.288730 -0.918625 -3.789395
1.305420 -0.965620 -3.831261
1.983647 -0.366409 -3.247919
2.020825 -1.040884 -3.293183
2.000594 -1.652873 -3.337061
3.196486 -1.056165 -2.725877
1.856694 -1.091321 -2.705458
0.521702 -1.800191 -2.666877
1.177934 -2.431845 -2.626710
1.137031 -3.040610 -1.966319
1.081563 -2.994767 -1.963729
0.429459 -2.345783 -3.275562
-0.209048 -2.361543 -3.300611
-0.161963 -2.326913 -2.651488
-0.138630 -2.260389 -2.026273
-0.150733 -2.843278 -2.023395
-0.110506 -2.894553 -2.010706
-0.690325 -2.379633 -1.985127
-0.637907 -2.425944 -1.954967
-0.651179 -2.399447 -1.282530
-0.686203 -2.355919 -1.925795
-0.037172 -2.348410 -1.936344
-0.018830 -2.355437 -0.005276
-0.040202 -3.589328 -0.011907
-0.692647 -3.559409 -0.008914
-0.727236 -3.543768 -0.014151
-1.352817 -3.551377 -0.675916
-0.137240 -3.567544 -0.685616
0.446151 -2.919943 -0.680667
0.385947 -2.893789 -1.281570
-0.883620 -2.863321 -1.302395
-0.865318 -2.845694 -1.344870
-1.449466 -2.849539 -1.412056
-0.862963 -2.874616 -1.441489
-1.440800 -2.890979 -1.431704
-1.418259 -2.897732 -2.088092
-0.694019 -2.905384 -1.422934
-0.660821 -2.914802 -1.422336
-1.341608 -2.936699 -1.395890
-1.377095 -2.956592 -1.350400
-1.383975 -2.946414 -1.329616
-1.336543 -1.721712 -1.349060
-1.301105 -2.300993 -0.724904
-1.332855 -2.274500 -0.711837
-1.409052 -2.260908 -0.062834
-1.459711 -2.222383 -0.696650
-2.744203 -2.155031 -0.705480
-2.058849 -1.464725 -0.704385
-1.473702 -1.470406 -0.036011
-1.567334 -1.517373 0.000281
-1.609889 -1.558630 0.028643
-1.544772 -1.570817 0.032953
-1.480482 -0.935280 0.025692
-1.524905 -1.611431 0.020528
-0.951913 -1.637080 2.057125
-0.946594 0.325239 2.678934
-0.867752 0.323121 1.306219
-1.462928 0.332592 1.281317
-1.510328 -1.082134 1.276646
-1.596429 -1.089760 0.073201
-2.285493 -1.127544 0.703400
-2.230354 -1.800983 0.076451
-2.206540 -1.175932 0.741754
-1.603200 -1.743949 0.753368
-1.655816 -1.777339 0.146552
-1.654832 -1.154458 0.149941
-1.611236 -0.560104 -0.406732
-1.602713 0.266037 -1.047067
-1.630269 -0.326920 -1.688155
-1.656476 -0.390749 -1.703087
-0.292448 0.183173 -1.712778
-0.227762 1.498283 -1.703648
-0.229311 0.970557 -1.088997
-0.243552 -0.920851 -1.163628
-0.223504 -0.990906 -1.289713
-0.269006 -0.448456 -1.376583
-0.274034 -1.040487 -1.378883
-0.294500 -1.005356 -1.354736
0.399796 -0.995655 -1.375404
-0.231117 -2.308400 -2.106574
-0.231755 -2.343866 -2.730166
-0.302539 -2.328511 -2.671443
-0.358597 -2.306223 -2.664173
-0.331105 -1.748440 -0.863173
-0.293670 -1.184030 -0.976590
-0.336835 -1.846028 -0.988039
-0.419129 -1.877782 -0.288566
-0.430656 -3.150691 -0.205208
-1.590928 -2.539445 -0.894850
-1.498914 -2.544596 -1.559416
-1.500401 -2.554596 -0.926229
-1.562455 -3.187931 -0.883665
-1.581147 -3.145861 -0.192909
-2.126685 -3.111145 -0.214927
-2.031321 -3.111163 -0.254631
-2.013538 -2.462383 -0.266764
-1.388840 -2.433418 -0.888901
-1.393587 -2.411424 -0.841067
-1.325727 -1.758253 -0.826196
-1.242774 -1.084447 -0.842539
-1.215985 -1.085797 -1.535319
-1.237736 -2.382943 -2.218663
-1.256028 -2.402022 -2.237837
-1.236615 -2.407231 -1.605247
-0.622954 -1.715306 -1.641123
-0.012004 -1.696734 -1.685157
-0.701923 -1.718193 -1.669480
-0.708723 -1.759414 -1.577856
-0.042023 -1.742524 -1.474104
0.557666 -1.686873 -1.439887
-0.108348 -1.669302 -0.827206
-0.122455 -1.703986 -1.477390
-0.138893 -1.735639 -1.429316
-0.168910 -1.676613 -0.755021
-0.805001 -1.556870 1.151303
-0.822827 -1.493175 1.147428
-2.159831 -0.909865 1.145652
-2.141403 -0.974936 0.538262
-2.123839 -1.572989 0.556393
-2.126297 -1.503420 -0.058136
-2.140654 -1.477195 -0.091301
-2.805455 -1.548221 -0.129345
-3.409605 -0.410706 -0.141642
-2.782217 -1.040950 -0.145728
-2.798751 -0.953522 -0.789392
-2.816450 -0.876444 -0.782109
-2.801300 -0.889366 -0.756512
-2.757324 -1.599323 -0.738472
-2.722282 -1.625972 -0.112535
-2.721702 -0.955248 0.538443
-2.738188 -0.859384 1.201543
-2.738720 -1.487681 1.255886
-2.714923 -1.536838 0.601374
-2.699437 -1.558060 0.558867
-2.714313 -1.490046 -0.117822
-2.229193 -1.376314 -0.091134
-1.557289 -1.338025 -0.679412
-0.929656 -0.723085 -1.910570
-0.916365 -0.768262 -1.922963
-1.535277 -0.759810 -3.190030
-0.927002 -0.118437 -1.967082
0.285894 -0.127523 -1.255996
-0.334107 -0.184510 -1.276018
-0.328786 -0.235228 -1.336392
-0.336500 -0.233299 -1.400072
-0.363681 -0.192119 -1.429584
0.210103 -0.192979 -0.764302
-0.433745 -0.242922 -0.659906
-1.056262 -0.287234 -0.636879
-1.069774 -0.305757 -0.653606
-1.102694 -0.972787 -0.698762
-1.123858 -0.990445 -0.689052
-1.111985 -0.398851 -0.052313
-1.711334 -0.427302 0.521471
-1.708788 -0.412622 0.456536
-1.697195 -0.345935 -0.823939
-1.048222 -0.293555 -0.147109
-1.596692 -0.906818 -0.105068
-1.557669 -0.892994 -0.751377
-1.549008 -0.860957 -2.614320
-0.969403 -0.801691 -2.561631
-1.605778 -0.760006 -2.506262
-0.237780 -0.750779 -2.511809
-0.283653 -0.740088 -2.563141
-0.309827 -0.711929 -2.586236
-0.296848 -0.653546 -2.551883
-0.253952 -0.609213 -1.921783
-0.244220 -0.604159 -1.943147
-0.195177 -0.618300 -1.325103
0.454877 -0.644197 -1.938672
0.501253 -0.650571 -3.189733
0.533630 -0.647160 -2.577505
0.537977 -0.662461 -2.612511
0.550130 -0.692164 -2.614561
-0.645228 -0.714815 -1.927878
-0.601997 -0.706876 -1.277496
-0.592556 -0.710052 -0.627065
-0.624883 -0.748116 -0.626647
-0.596318 -0.172674 -1.876522
-1.246323 -0.217714 -1.839811
-1.251498 -0.894350 -1.221581
-1.301390 -0.302145 -1.280326
-0.710720 0.292999 -1.343294
0.524698 0.258212 -1.365199
0.540354 0.276592 -1.352412
-0.042009 0.320763 -1.358634
-0.078051 0.327586 -1.408243
-0.097761 0.307600 -1.428274
-0.074418 0.296198 -2.017034
-0.013532 0.318713 -1.940757
0.039414 -0.276633 -2.562065
0.063050 -0.258937 -2.602508
0.068409 -0.265285 -1.397065
-0.552444 -0.250842 -0.813384
-0.506461 -0.163038 -0.801292
-1.086277 -1.946890 0.532623
-1.082808 -1.253488 0.497171
-1.096734 -1.284745 0.436361
-1.095981 -1.328790 1.057275
-1.073990 -1.942557 1.744444
-0.459864 -1.868065 1.170176
-0.437546 -1.838906 1.165266
-0.449102 -1.898090 0.509306
-0.472473 -1.977643 -0.107006
0.745824 -2.660282 0.575044
0.108400 -1.362758 0.589315
0.709789 1.224018 -0.071130
0.676169 1.176086 -0.074482
0.023365 -0.203785 -0.013912
-0.012017 0.303645 0.039663
-1.928045 0.286748 -1.270545
-1.895109 2.264076 -1.319821
-1.876332 0.945578 -1.330840
-1.302579 2.211974 -0.656224
-1.420247 2.219067 -0.005263
-1.487178 2.257453 -0.626575
-1.500705 2.303497 -0.676173
-0.905995 2.323685 -0.653220
-1.565047 2.311853 -1.209051
-1.629330 2.317720 -1.129398
-1.030442 2.339435 -1.119485
0.262428 2.356348 -1.799382
0.254262 2.353555 -1.836888
0.233284 1.039170 -1.817474
0.221043 1.055195 -0.605346
0.225217 1.069790 -0.644209
1.549759 1.066769 -0.665825
1.565107 1.053988 -0.657357
0.277837 1.063155 -0.600750
-0.378057 1.113190 -0.490830
-0.977800 1.174515 0.165862
-0.917519 1.207224 0.158493
-0.888246 1.227425 -0.522723
-0.896374 1.237380 -0.544422
-0.883908 1.251903 0.091216
-2.060420 1.908746 0.064775
-2.602940 1.891799 1.201562
-2.583203 1.842587 0.526419
-2.609667 1.783949 1.276007
-2.647067 1.743496 1.383991
-2.662066 0.407488 2.692877
-2.675977 0.403181 2.039631
-2.712514 0.418583 2.023286
-2.153514 -0.195062 2.063673
-2.164680 -0.150280 2.095939
-2.151463 0.534671 2.686129
-2.132362 0.583422 1.939491
-2.112658 0.629641 1.880280
-2.096332 -0.657979 1.915933
-1.465415 -0.694812 1.985995
-1.464575 -0.750405 2.666873
-0.818343 -0.739654 2.662370
-0.807123 -1.293229 2.021066
-0.798467 -1.233174 1.395895
-0.795052 -1.243488 1.398387
-0.781131 -1.279770 1.336402
-0.740714 -1.284709 1.268037
-3.273006 -1.269783 1.233023
-3.255989 -1.299234 1.224225
-2.663135 -1.391663 0.557407
-2.674745 -1.471717 -0.050694
-2.637287 -1.478545 0.589444
-1.954288 -1.443911 0.568984
-2.584375 -1.432437 0.541933
-3.237186 -1.454653 0.526007
-3.213706 -1.497700 0.533574
-3.139013 -1.473139 0.555591
-3.070096 -1.439591 1.183021
-3.056291 -1.462780 -0.090370
-3.073360 -0.899595 -0.055393
-3.053248 0.309187 0.670960
-1.794541 -0.294167 -1.234484
-1.764291 -0.262463 -0.600640
-1.785839 0.325797 -0.603256
-2.423463 0.277499 -1.187375
-2.402235 0.873389 -1.763188
-2.364298 0.865104 -1.113651
-2.347363 0.885013 -0.490810
-2.367753 0.864911 -0.513419
-2.407040 0.190157 -1.138369
-2.442782 -0.459073 -1.128757
-2.466315 -0.385084 -0.501673
-2.481489 0.286890 -1.099667
-2.495595 -0.386065 -1.107130
-2.506499 -1.052168 -1.698980
-2.518259 -1.052129 -1.035899
-1.918083 -1.033552 -0.307870
-1.899898 -1.611848 0.357476
-1.878317 -0.999242 -0.300435
-2.529774 -1.727942 -0.309194
-2.557664 -1.750213 -0.321593
-1.942086 -1.688394 -0.339424
-1.310351 -1.608592 0.235441
-1.336843 -1.602046 -0.430038
-1.378933 -2.308417 -1.061321
-1.419838 -2.310785 -1.077719
-1.443598 -1.612433 -1.695070
-0.192905 -1.568566 -1.721304
-0.206003 -1.617509 -1.753002
-1.477426 -1.696245 -1.794588
-0.172184 -1.697156 -1.842951
-0.188122 -0.973876 0.010600
-0.214763 -0.889937 0.003735
-0.223374 -0.884072 0.013472
-0.193997 -0.901333 0.021144
-2.833553 -0.850201 0.022819
-2.809323 -0.757049 0.029849
-2.783069 -0.707462 0.051581
-2.767540 -0.729885 0.075109
-2.766634 -0.101942 0.709298
-2.779701 0.621019 0.675756
-2.785146 0.071464 0.641092
-2.779817 0.699430 1.956913
-2.776315 0.651586 1.321853
-2.135297 0.624718 0.701374
-2.168234 1.313039 0.692826
-2.191731 1.347697 1.298228
-2.177995 1.306729 1.255434
-1.508530 1.249411 1.191010
-1.490674 1.247875 1.131682
-1.493581 0.632747 0.466155
-1.487938 0.012346 0.456410
-1.446035 -0.062659 0.441699
-1.381159 -0.100366 1.046718
-1.347126 -0.077321 1.050101
-1.356200 -0.052228 1.084128
-1.359227 -0.113681 1.142599
-1.311908 -0.215543 1.179822
-2.451284 -0.256261 1.819419
-2.447393 -0.230787 1.805633
-2.477860 -0.235694 1.216191
-2.494162 -2.222936 2.452434
-2.470306 -2.304775 1.809822
-1.755945 -2.312827 1.801921
-1.744906 -1.623837 1.136220
-1.787435 -2.292021 1.124011
-1.834214 -2.375535 0.525317
-1.823538 -2.418029 0.549380
-1.782797 -2.358617 0.552447
-1.769258 -2.936258 1.186103
-1.787594 -2.956390 1.148145
-1.811811 -2.379316 1.127527
-1.829765 -2.368421 1.125394
-1.846275 -2.277595 1.131721
-1.245261 -0.941260 1.140715
-1.277025 -0.956680 1.162558
-1.293852 -0.988775 0.587287
-0.643224 -0.950300 0.640577
-0.637440 -0.865446 0.683427
-0.629089 -0.158921 0.698952
-1.261396 -0.154200 0.688131
-1.264011 -1.471689 0.675422
-1.291424 -2.129832 0.670220
-1.331902 -2.074517 0.653890
-1.374125 -2.047182 0.618198
-1.409556 -1.486203 0.564740
-1.415089 -2.168870 1.167026
-0.706458 -2.189608 1.149267
-0.062106 -2.139014 1.152950
-0.067335 -1.460423 1.162353
-0.738824 -2.090368 1.141421
-0.048191 -2.810834 1.099099
-0.037967 -2.266779 1.073753
-0.708643 -2.246705 1.075824
-0.758228 -2.172645 1.080644
-0.778924 -2.137500 1.073086
-1.378895 -2.192147 0.433990
-1.336496 -2.279440 -0.178041
-1.325574 -2.281866 -0.149566
-1.328124 -2.210097 0.504033
-1.317859 -2.093911 0.495832
-1.307948 -2.114924 0.470520
-0.127113 -2.862836 -0.779775
-0.174439 -2.880844 -0.770176
0.433372 -2.169393 1.336440
-0.169750 -2.097330 1.319136
-0.121931 -2.089019 1.277188
0.540595 -2.131403 1.856481
0.560053 -1.500916 1.862414
1.162600 -1.441409 1.890156
0.528332 -1.370320 -0.086352
-0.068158 -1.357037 -0.026887
-0.050148 -1.377630 -0.105763
-0.071412 -1.378425 -0.124325
0.532129 -1.998838 -0.110133
-0.087663 -1.963350 -0.034304
1.810522 -1.971576 -0.698308
1.850919 -1.356249 -0.036827
1.872112 -1.395782 -0.535816
1.881273 -1.407636 -1.729230
1.903694 -1.410599 -1.652343
1.923439 -1.445233 -1.670710
1.306617 -0.861534 -1.694406
1.267581 -1.541049 -1.059785
1.215698 -2.192911 -0.418009
1.828964 -2.164399 -0.949804
1.805354 -2.166525 -0.338565
1.781463 -3.407637 0.235698
1.750984 -3.387122 -0.930634
1.718600 -3.323167 -0.884132
1.691588 -3.265652 -0.268492
1.653506 -3.924413 0.292088
1.611481 -4.621414 0.238079
0.935894 -4.636198 0.201964
0.900077 -4.565200 0.192897
0.878063 -4.591407 0.162886
0.235986 -4.644618 -0.529758
0.240507 -5.307393 -0.591861
0.255049 -4.700705 -1.934185
0.277734 -4.660208 -1.324350
0.292737 -4.663809 -1.342656
-0.341892 -3.578104 -1.380732
0.309062 -3.645236 -1.406604
0.344868 -2.972941 -1.996814
0.347000 -2.911827 -1.965802
0.316111 -2.894147 -1.963426
-0.336253 -2.331287 -1.971026
-0.323631 -2.370285 -1.343001
0.305178 -2.976451 -1.934437
0.287089 -3.576391 -1.921614
-0.362956 -2.950796 -1.919945
0.230120 -2.392903 -2.507012
0.223348 -2.406881 -2.466715
0.217740 -2.357241 -1.812165
-0.427467 -1.635516 -1.802989
-0.452696 -1.008250 -1.819954
-0.477589 -1.032706 -1.839953
-0.488496 -1.020488 -1.849750
0.146500 -0.983424 -1.860814
0.164267 -0.972190 -1.885645
0.201700 -1.684381 -1.289881
-0.387713 -1.708936 -0.693938
-0.922252 -1.068099 -0.691321
-0.326017 -1.027616 -0.023717
-0.945254 -0.356889 -0.049604
-0.926117 0.290162 -0.737740
-1.521525 0.299484 -1.429502
-1.468917 0.319150 -2.716058
-1.426578 0.330442 -2.731891
-1.409494 0.345280 -2.739562
-1.404923 0.311092 -2.149442
-1.392964 0.306285 -2.127911
-1.378805 -0.275702 -2.102491
-1.391796 -0.867606 -2.058862
-1.441698 0.506561 -2.029269
-1.479316 1.077591 -2.015287
-1.479536 0.500446 -2.003733
-0.844645 -0.706822 -1.391997
-0.881962 -0.038556 -1.397337
-0.957193 -0.041499 -0.817284
-1.014163 -0.075966 -0.837319
-1.027789 -0.069349 -0.134807
-1.023560 -0.677231 -0.102104
-1.059276 -0.666871 -0.711498
-0.514894 -0.037422 -0.685103
-0.543520 -1.369561 -0.708635
-0.503851 -1.380892 -0.079851
-0.457259 -0.754209 -0.713891
-0.470240 -0.121528 -0.720479
-0.518331 0.528541 -1.406809
-0.530677 0.468471 -1.433337
-0.485497 0.435039 -3.323564
-0.451383 1.075000 -2.643725
-1.058273 1.067353 -2.591243
-1.073569 1.024356 -3.124263
-1.062680 0.957403 -3.730796
-2.175665 0.932753 -3.740517
-2.783265 0.952972 -3.097474
-2.798926 0.961430 -3.072073
-2.777453 0.924412 -3.022372
-3.322923 0.848069 -3.003336
-3.297468 -0.519401 -3.028437
-2.044116 -0.529871 -2.402022
-2.718817 0.113753 -3.081470
-2.713861 0.117773 -3.081891
-3.952618 0.101830 -3.117756
-3.907200 -0.537527 -2.528303
-3.912626 0.763444 -2.576391
-3.288052 1.415756 -2.604300
-2.636632 2.059557 -1.961202
-2.575850 1.384514 -1.987870
-0.730507 0.698009 -2.003639
-0.805916 0.717216 -2.014795
-2.122767 0.758514 -2.020376
-2.059028 0.121979 -2.645406
-2.009197 0.739376 -2.650093
-2.698437 0.720393 -2.657906
-2.063002 0.749118 -2.665356
-2.668585 0.793601 -2.689535
-1.982741 0.805993 -2.689769
-1.871960 0.755201 -2.678452
-2.540203 1.986807 -2.628072
-2.613431 1.978783 -3.249719
-2.633042 1.404094 -3.240752
-1.939757 0.147450 -3.247980
-1.911455 0.154473 -1.985599
-1.938861 -0.510304 -1.979110
-1.977523 -0.516702 -1.315826
-1.962487 -1.097381 -0.687148
-1.916976 -0.459542 -0.721300
-0.606035 -1.120504 -0.719317
-0.637202 -0.600585 -0.724762
-1.354267 0.646680 -0.745902
-1.380341 0.643791 -0.765674
-1.365081 0.056332 -1.360801
-1.363543 0.047559 -1.316563
-1.417450 1.986714 -1.946188
-1.500200 2.019114 -2.641427
-1.533385 2.055667 -2.666470
-1.498566 2.730373 -2.001228
-1.463151 2.142075 -1.957150
-1.487685 2.126548 -1.950082
-1.546799 2.787619 -1.974606
-0.895154 2.781040 -2.622822
-0.828549 1.471646 -2.604583
-0.789923 1.450505 -2.584896
-0.829686 1.440239 -2.605652
-0.892992 2.694065 -2.660449
-0.869752 2.719326 -2.705991
-0.780441 1.379734 -2.705315
-1.382438 1.369612 -2.676179
-1.432698 1.368763 -2.655547
-2.195761 1.410799 -2.006963
-2.860739 1.462129 -1.994884
-2.148729 0.844480 -2.626780
-2.144480 0.833420 -1.281492
-2.224434 0.835985 -1.915041
-1.670845 1.550341 -1.918252
-1.690313 1.625661 -2.574175
-1.639363 0.368035 -1.904824
-1.617003 1.684053 -1.868552
-1.673805 2.293424 -1.189095
-1.794270 2.291747 -0.526124
-1.838861 2.964272 -1.179179
-2.428504 2.978191 -1.821090
-2.385079 3.577744 -1.827444
-1.734180 3.536635 -1.842750
-1.754638 3.510040 -1.862347
-1.746021 3.503407 -1.254958
-1.054271 3.504127 -1.301744
-0.925531 3.484128 -0.733558
-1.566425 2.794165 -0.763845
-1.603753 2.742072 -0.747831
-0.986563 2.754003 -0.720684
-0.993156 2.821379 -0.713880
-0.974815 2.883051 -1.397335
-0.979114 2.898830 -1.371342
-0.371621 3.566755 -1.330094
0.265815 3.009370 -1.315534
0.309769 3.703303 -1.324072
0.348975 2.473924 -1.338689
-0.339541 1.792725 -1.329505
-0.390252 1.117956 -1.299319
-0.413674 1.723100 -1.281529
-0.375407 1.106652 -1.282859
-0.334968 1.125743 -1.292695
0.876035 1.107538 -1.290712
0.854629 1.073904 -1.289761
0.865078 1.053122 -1.296852
0.907237 1.048015 -1.301649
0.915701 1.726652 -0.655952
1.489977 1.676748 -0.646049
0.798461 1.614155 -0.648571
0.787212 2.861185 -0.656758
1.442309 2.873628 0.007532
1.447157 1.610563 0.026634
0.761887 1.565550 0.024577
1.351332 1.542147 -0.012259
1.375997 2.182892 -0.048836
0.756773 2.195465 -0.038864
0.775274 2.812366 0.631594
0.723047 2.759962 0.647843
0.658655 2.730586 0.002160
0.664525 2.744364 0.004265
0.726226 2.754047 0.054330
-1.190060 2.732003 0.114210
-1.195277 0.089765 0.123376
-0.529070 0.131807 0.675960
-0.451070 0.837837 0.613403
-0.378546 2.135510 0.599736
-0.394195 1.460893 -0.003065
0.883459 1.432491 -0.009370
0.815061 1.440451 -0.063699
2.127887 1.459009 -0.109876
2.132698 1.461731 -0.088155
2.150996 0.225339 -0.044981
2.153012 0.263118 -0.058136
2.130242 -0.351019 -0.147930
2.109256 -0.326247 0.393299
2.123017 -0.335440 0.405674
2.168812 0.280721 0.458120
2.879735 0.945896 0.453900
2.861400 0.941781 0.392885
2.855397 0.316630 0.371707
2.862205 0.966539 -0.209261
2.873422 1.615739 -0.109668
