-0.252177 0.365503 2.236383
0.409650 0.945149 1.651095
0.476951 0.924649 2.347772
1.855129 0.981948 2.398257
1.231981 1.005202 2.436141
0.614487 0.948667 2.451025
1.237647 0.873964 1.792779
1.252147 0.257511 1.782475
1.239225 0.347690 1.804986
1.802557 0.408970 1.180754
1.732487 1.020717 0.572896
1.709700 1.572961 0.530980
1.730063 1.597317 0.479645
1.748006 1.688357 1.156066
1.722403 1.728412 1.176615
2.339025 1.687545 -0.153150
2.321512 0.364282 -0.864750
1.031638 0.420771 -0.295901
1.028308 0.542772 -0.309555
0.985063 -0.023158 0.347444
0.944008 -0.075214 -0.349250
0.957299 -0.171138 -0.406593
-0.271838 -0.214326 0.163037
0.414863 -1.502430 0.154631
-1.484718 -1.537176 0.807383
-1.499397 -1.618496 0.788384
-2.776641 -1.031062 0.764203
-2.756465 -0.429709 0.121869
-2.799200 -0.407206 0.131145
-2.869037 0.242700 0.121927
-2.238968 0.206260 0.104647
-2.204438 0.162552 0.091335
-2.182886 0.164753 -1.168485
-2.225871 0.201651 -1.154091
-2.290081 0.879264 0.128895
-2.313166 -0.449352 0.132878
-2.290295 -0.469789 -0.509874
-2.277843 -1.719545 -1.105508
-2.291638 -0.979991 0.233737
-2.343994 -0.970759 0.212544
-2.339005 -0.402554 0.184434
-2.928151 -1.107496 0.191545
-2.864657 -0.406049 -0.448047
-2.846832 0.277022 0.139378
-2.836498 0.249643 0.073948
-2.799419 -0.460238 -0.587694
-2.752773 0.174178 -0.545088
-2.744195 0.246396 -0.502941
-2.763380 -0.290100 -0.519183
-2.765078 0.368861 -0.568777
-2.734332 0.342602 -0.580165
-2.751935 0.393077 -0.532544
-2.742301 0.484086 0.117188
-2.767338 0.511244 -0.549394
-2.796169 0.457365 -0.592512
-2.154779 -0.272025 -0.569217
-2.194023 -0.934726 -0.484832
-2.255971 -0.211667 -0.420071
-2.318254 -0.205238 -0.415783
-2.346599 -0.894706 -0.433313
-2.332823 -0.910045 -0.403325
-1.661675 -0.878092 -0.330313
-1.649722 -0.863484 -0.294973
-1.660071 -0.915119 -0.323763
-1.682203 -0.978306 -0.361745
-1.694201 -0.339436 -0.335063
-1.707977 -0.295364 0.393787
-1.733195 -0.245029 0.417883
-1.765931 -0.230578 -1.534451
-1.779983 -0.226999 -1.597301
-1.765953 -0.838541 -0.297128
-1.741063 -0.772842 1.070905
-1.705748 -0.741926 0.448508
-2.310338 -0.774484 -0.286995
-2.292355 -0.839459 -0.326136
-2.283560 -0.896217 0.998469
-2.277737 -0.235795 -0.154065
-2.265004 -0.898911 -0.834076
-0.985659 -0.930484 -0.923576
-0.961974 -1.579239 -1.008814
-0.932152 -2.244671 -1.015539
-0.888707 -2.223217 -0.955718
-0.826834 -2.870440 -0.908262
-0.774164 -1.640989 -0.926675
-0.093534 -1.697854 -0.898698
0.537552 -1.080745 -0.983486
0.497191 -1.091109 -1.603812
0.460289 -0.430115 -1.537200
0.439525 0.831555 -2.161416
0.438956 0.841029 -2.247715
-0.206550 0.217796 -2.304441
-0.890786 0.240738 -1.646595
-1.516153 0.269617 -1.586231
-1.478499 1.559182 -1.558517
-1.467811 1.585523 -0.931736
-2.136200 1.611236 -1.659975
-1.548755 1.654890 -1.667771
-0.932958 1.693787 -1.651907
-0.922364 1.684981 -2.314329
0.364622 1.645947 -2.368128
1.062269 0.348708 -3.042256
-0.252340 0.393272 -2.390919
0.381858 0.429431 -3.024106
0.993791 0.404635 -1.745958
0.973203 0.344759 -1.771493
0.330753 -0.910475 -1.129540
0.306546 -0.911193 -1.133158
0.875200 -0.970972 -1.772337
0.787976 -0.396830 0.140253
0.751957 -0.431109 -0.536427
1.441963 -0.364448 0.070610
0.794132 -0.904990 0.081937
0.760650 -0.836533 0.135494
0.707462 -0.826360 -0.472919
0.700819 -0.182164 -0.499614
0.733239 -0.159072 -0.540626
0.740753 -0.120795 -0.503293
0.697655 0.517717 0.231695
0.665257 0.450705 -0.361582
0.699001 1.015189 -0.360026
0.757102 0.370244 0.282640
0.775238 1.078204 0.348033
0.758067 1.099666 -0.201216
0.769176 1.052256 -0.165641
0.831292 0.333767 -0.847658
0.243021 0.320691 -0.256891
0.234952 0.358272 -0.925905
0.826544 0.357148 -0.870548
0.785604 0.280372 -0.829889
0.792833 0.227209 -0.858806
0.797413 -0.342379 -0.310579
0.762779 -1.550287 -0.341861
0.076399 -0.841453 -0.296703
0.070725 -0.879206 -0.244779
0.102972 -1.556894 -0.255476
0.739152 -0.854860 -0.336316
0.704722 -0.789380 -0.403141
0.653226 -2.055106 -0.397575
0.677336 -2.122655 -0.361460
0.724708 -2.170077 -0.366890
1.376204 -1.432272 -0.976518
1.375748 -1.356458 -1.020633
2.053058 -1.362704 -1.009906
2.766016 -1.439320 -0.958028
2.814238 -1.491588 -0.950305
2.154032 -1.450125 -1.019642
2.119110 -0.154068 -1.097507
1.467220 0.498399 -2.872022
1.478079 0.451847 -2.177792
2.115941 0.455945 -2.155135
2.087292 1.230287 -2.192905
1.415497 1.327429 -2.221940
1.410775 1.347773 -2.192155
1.439112 0.625693 -2.137437
1.468083 -0.009997 -2.778485
0.845629 -0.653763 -2.829388
0.839822 -0.618846 -2.843422
1.481352 0.005503 -3.419142
0.932200 -1.185049 -2.718977
0.990640 -0.494338 -2.708810
1.005886 -0.483082 -2.750737
0.995748 -0.493649 -3.435872
0.999693 -1.164663 -2.795121
1.036507 -1.173723 -1.535055
1.737055 -1.211372 -0.909994
1.716637 -1.263903 0.281026
1.649367 -0.052231 0.202069
1.604967 -0.073472 0.145562
1.628573 -0.098666 0.132743
1.674017 -0.113039 1.333007
1.663563 1.767798 2.624560
1.616510 0.470663 2.602269
1.595221 -0.272162 2.602176
1.619434 -0.267492 2.631122
1.634103 0.389093 2.677252
1.594889 0.426963 2.680354
1.527134 -0.212644 2.657693
1.482118 0.401012 2.642894
1.497771 -0.225630 3.315936
1.527246 -0.225260 2.727025
1.529261 -0.223820 2.738936
1.513930 -0.237298 2.722912
1.512028 -0.252854 2.070456
1.538065 -0.873641 0.776195
1.554684 -0.845584 0.840338
1.545185 -0.184213 1.445105
1.514251 -0.201951 1.394217
1.496708 -0.203071 1.380048
1.517113 1.075284 1.448211
1.541211 1.056578 1.532648
1.546174 0.384501 2.193893
1.546207 0.346036 2.153045
1.573717 0.331501 0.880296
1.633804 0.358782 -0.328676
1.675108 2.441462 -0.929060
1.674042 3.093149 -2.935789
1.657575 3.122585 -2.940203
1.666113 1.908011 -1.629435
1.704257 2.590774 -0.955281
1.724940 2.636759 -0.919187
1.714872 2.647316 -0.913693
2.374383 2.617499 -0.931064
2.372580 2.583614 -2.842706
2.400929 2.579562 -2.834179
2.415498 2.579764 -2.848236
2.398288 2.559387 -2.257731
2.364724 1.253933 -1.027778
2.360959 1.293006 -1.657048
2.384284 1.993416 -1.674349
2.399551 1.978305 -1.730255
1.755926 1.871084 -1.786285
1.730232 1.767959 -1.815895
1.704833 1.735290 -1.825322
1.685534 2.991678 -1.846505
1.679979 2.921463 -1.897509
1.667100 2.814931 -1.928360
1.647836 2.144653 -1.901811
1.635265 2.188102 -1.833671
2.293708 2.232734 -1.798382
2.283913 2.207281 -1.817888
0.975094 1.517432 -2.440136
0.981326 1.498117 -1.746145
0.977813 1.510808 -1.688446
0.972156 1.491508 -1.699919
0.961344 2.061725 -1.761032
0.942208 2.663777 -2.413733
0.913382 2.708099 -2.348365
0.873070 2.135220 -2.295232
0.836060 -0.428300 -2.335379
0.816750 0.185524 -2.410010
0.810871 0.854403 -1.789348
0.788262 0.925366 -1.739007
0.139436 0.915142 -1.717585
0.128691 0.186649 -2.415019
0.118996 0.131460 -1.823476
0.100565 -0.504374 -3.045985
0.063822 0.154523 -3.008378
0.021360 0.766192 -3.008639
0.017505 0.740581 -3.038082
0.026081 0.764473 -3.040730
0.019587 0.862343 -2.990978
-0.012421 0.947217 -3.603208
-0.653830 0.962768 -3.592901
-0.632409 0.945421 -3.610897
-0.579205 0.951942 -3.613482
-0.542628 0.995364 -3.580327
-0.534795 1.012207 -3.556107
-0.538014 0.353986 -3.564786
-0.540080 -0.292850 -3.598956
0.082569 -0.256169 -3.609142
0.056143 -0.191518 -3.591762
0.020050 -2.080446 -3.592865
0.004025 -1.496696 -3.623934
0.016897 -1.551201 -3.649840
0.038918 -1.572955 -3.631987
0.044250 -1.575686 -3.601741
0.038256 -2.269047 -2.890265
0.036675 -2.324234 -1.632545
0.051904 -2.363178 -0.943168
0.080253 -2.349026 -0.964552
0.096637 -2.301661 -1.007415
0.101771 -2.275923 -0.374164
0.108325 -2.907010 -0.302129
0.141613 -2.944491 -0.259890
0.198915 -2.959722 -0.946833
0.245366 -2.281684 -1.010645
0.261485 -2.272442 -1.018405
0.257496 -2.964104 -0.969909
0.269519 -3.018406 -0.944837
0.298067 -3.033602 -0.988300
0.320489 -2.987986 -1.063192
0.320161 -2.349353 -1.067429
0.316803 -2.362713 -1.007195
0.334247 -1.774159 -0.970983
0.354352 -1.767152 -1.006048
0.357738 -1.702825 -1.056799
0.332324 -1.003213 -1.040436
0.303034 -1.689725 -0.983019
0.961062 -1.746241 -0.970260
0.299255 -1.752105 -1.021154
0.277488 -1.625354 -1.049671
0.911450 -1.538234 -0.383440
0.923838 -0.951136 0.361576
0.992005 0.279524 0.409377
1.048699 0.318375 0.420267
1.050653 0.382476 0.450211
1.032521 -0.840017 0.519591
1.054352 -0.853590 -0.086238
1.098519 0.400932 -1.988609
1.721669 0.446403 -3.375627
1.665552 1.101950 -2.107359
1.630068 1.111084 -2.041289
1.664996 1.067133 -1.988761
2.380218 1.679822 -3.261699
2.367602 1.017822 -3.278175
2.295597 1.669319 -3.258895
2.241832 1.582511 -3.224205
2.243866 1.451258 -3.242838
2.247610 1.367216 -2.686320
2.202893 3.269167 -3.392923
1.487538 2.685380 -3.396081
1.477037 2.658340 -3.367647
2.186839 2.584651 -3.380015
1.585303 1.310477 -2.767227
1.586438 1.365584 -2.783364
1.563008 0.773675 -2.764785
1.555721 0.125872 -2.109532
1.554846 0.059867 -1.467950
1.533362 -0.615441 -0.210203
1.497485 -0.568869 1.060030
1.480425 -0.515801 1.071722
1.485299 -1.147330 1.064555
2.793223 -0.501366 1.025281
2.760716 0.129806 0.371407
2.724168 0.158378 0.433229
2.122613 0.823072 -0.825141
2.144103 0.845368 -0.794487
2.097012 0.875925 -0.799965
1.999566 0.265884 -0.786021
1.933417 0.325102 -0.735238
1.939643 0.399402 -0.702482
1.969174 -0.159017 -0.713597
1.945806 -0.085406 -1.340925
1.901202 -0.045112 -1.338986
1.917762 -0.642900 0.014788
2.624182 -0.643880 1.246349
2.683016 -0.003601 0.590567
2.658512 1.206245 -0.740214
2.600842 0.518260 -0.120053
3.222552 1.182949 0.485113
3.900513 1.795713 0.475581
3.307991 1.791915 0.441993
1.983245 2.439447 1.004039
1.952419 2.488073 1.535939
2.596906 1.929008 1.477815
3.313988 2.559162 0.846009
2.696031 2.491009 0.881976
2.017223 2.428078 1.571239
1.960332 1.769016 2.213101
2.576739 1.707928 2.203442
2.578682 1.646663 0.970678
1.972264 1.630589 1.600584
1.974309 1.669466 1.610685
3.235051 1.699071 2.918055
3.284466 0.356480 2.915673
3.394943 1.599630 3.581043
3.394119 1.621170 3.036071
3.354715 1.663762 3.077888
3.338669 0.977036 3.092533
3.354673 0.896826 3.019885
3.973813 0.194656 3.644295
3.933054 0.855483 2.415228
3.907580 0.920064 1.807174
3.958763 0.948121 1.799261
4.038449 1.567700 0.575498
4.070399 1.562078 0.522017
4.062777 1.603295 0.475713
4.080802 1.635566 1.150452
4.153438 2.247112 1.127305
4.202502 2.210085 1.086142
4.165679 2.187644 1.057357
4.091794 0.864889 1.717121
4.086655 0.860767 2.405449
4.165462 0.881673 2.481624
4.235259 0.916049 1.830904
3.599763 0.921052 1.176188
3.593529 0.931890 1.155101
1.699039 0.901859 1.149330
2.405265 0.925525 1.162843
2.447750 0.910443 1.177969
2.435567 0.871920 1.174196
2.396028 0.863442 1.167650
2.374451 0.881070 1.782434
2.393735 0.272639 1.798337
2.438362 0.285932 1.808863
2.467626 0.316596 1.166445
2.478299 0.343114 2.441659
2.470111 0.327037 2.416679
2.470775 0.270413 2.407555
2.479427 -0.944793 2.431250
2.480981 -0.944748 2.470491
3.109275 -0.923533 2.481137
3.067630 -0.919366 2.466936
3.061181 -0.926564 1.842033
3.730998 -0.895133 1.914916
3.795184 -0.817023 2.654305
3.826150 -0.754178 2.694680
3.175509 -0.768678 2.028471
3.128697 -0.840753 1.482244
3.103323 -0.881657 1.551434
3.100225 -0.864870 1.613077
3.064628 -0.836990 1.583953
3.005016 -0.853368 0.829099
2.981455 -0.891884 0.789083
2.379857 -0.878923 0.844694
1.786249 -0.810954 0.919313
2.453913 -0.761150 0.913319
1.780182 -0.790308 0.837481
1.788145 -0.851834 0.786377
1.812493 -0.884257 1.409421
1.816736 -0.867206 1.402581
1.800014 -0.855797 1.319967
1.787200 -0.890298 1.196548
1.799047 -0.913375 0.501564
1.831909 -0.886099 1.122391
1.856643 -0.823990 1.154325
2.513563 -0.794860 0.477073
2.520917 -0.813024 -0.150646
2.514920 -0.837233 1.127439
2.488022 -0.839286 0.494278
2.435812 -0.821602 -0.155353
1.753793 -0.827095 -0.173924
2.365264 -1.479071 -0.829393
2.985101 -1.456485 -0.830026
2.342068 -1.384187 0.434780
1.082749 -1.309105 -0.189416
1.716899 -0.622895 -0.758820
1.705478 -0.640128 -0.715037
2.312399 -0.662919 -0.148628
1.629668 -0.666671 -0.215822
1.564107 -0.682824 -0.895222
1.511359 -0.747288 -0.937903
2.112029 -0.812983 0.345557
1.478022 -0.846096 0.319629
0.871608 -0.822713 0.259779
0.209233 -2.074169 0.800410
0.204496 -2.798134 0.807746
0.862857 -2.894036 0.869004
0.255287 -2.945207 0.914526
0.870288 -2.914979 0.292969
-0.418829 -2.904053 0.283238
0.192591 -2.951525 0.310999
0.218118 -2.999843 0.973605
0.271392 -2.972038 1.608095
0.307015 -2.860870 1.580398
0.314851 -3.380409 1.554097
-0.961674 -3.380781 1.581382
-0.936121 -3.435651 1.017061
-0.890648 -2.785326 1.110498
-0.870974 -2.105688 1.154422
-0.265762 -2.105635 1.139705
-0.353882 -2.789814 1.109738
-0.410816 -2.227946 1.086561
-0.401790 -2.142417 1.678915
-0.364313 -2.087782 1.019274
-0.974308 -2.068549 0.959569
-0.955206 -2.110013 1.571835
-1.536993 -2.158947 2.241680
-1.487014 -2.167841 1.666935
-1.481054 -2.163109 1.691240
0.364299 -1.520624 0.413563
0.949615 -1.545201 -0.816197
1.576172 -1.533226 -0.814862
1.608626 -1.452762 -0.792399
1.610460 -1.353848 -1.444639
0.942198 -1.301404 -0.808381
0.284321 -1.944068 -0.818868
0.338965 -2.574383 -0.798738
0.392014 -3.169694 -0.766265
0.398812 -3.168181 -1.379172
-0.257572 -3.217911 -1.386586
0.345770 -2.677091 -1.433589
0.331587 -3.294574 -1.482913
0.345149 -3.270681 -0.838966
0.359028 -3.249005 -2.810268
0.362039 -2.616255 -1.629128
0.375547 -2.623350 -0.390151
-0.256393 -2.590994 -0.382657
-0.225355 -2.564027 0.311425
-0.207649 -2.596651 0.386506
-0.845453 -2.688654 1.048418
-0.882986 -2.754368 0.440206
-0.932091 -3.387176 -0.210033
-0.319073 -2.728892 -0.194933
-0.981598 -2.712144 -0.160448
-0.973939 -2.736437 -0.140975
-0.954407 -1.405188 -0.155353
-0.904448 -1.357867 0.431121
-0.841353 -1.329297 0.418882
-0.812100 -1.393377 0.441833
-0.844004 -1.513314 0.459734
-0.899813 -1.599877 0.443144
-0.278668 -1.617917 0.400691
-0.264729 -1.608237 1.642736
-0.247349 -1.625930 1.650541
-0.896881 -1.635752 2.312721
-0.917683 -1.590774 2.295274
-0.901467 -1.501572 2.279322
-0.858555 -1.437694 1.666997
0.390409 -0.123696 1.726062
-0.329418 -0.138735 1.761469
-0.419961 -0.152334 1.753301
-0.471125 -0.159720 0.430483
-0.460797 -0.163033 -1.362218
-0.453354 -0.153906 -0.646681
-0.485026 -1.414339 -0.588358
-0.522330 -2.763654 -1.815375
-0.529654 -2.733952 -2.386067
0.722689 -2.713196 -1.707521
0.755969 -2.747425 -2.297742
0.751696 -2.833272 -2.923333
0.717275 -3.544356 -2.961665
0.689615 -4.795904 -2.991537
0.701820 -4.719671 -2.337347
0.723342 -4.637517 -2.279598
0.730443 -4.614560 -2.234551
0.090816 -4.622044 -2.227262
0.089449 -3.356762 -2.246372
0.089117 -2.566097 -2.883269
0.076657 -2.591162 -2.855253
0.057497 -2.677699 -2.859992
0.036632 -2.742448 -2.910952
0.676444 -2.747004 -2.295535
0.694447 -2.706884 -2.967305
0.722860 -2.668418 -2.922548
0.762121 -2.637521 -2.237454
0.803105 -2.593817 -1.608071
0.833463 -1.889125 -1.608973
0.853373 -1.203266 -1.589734
0.865536 0.063045 -0.873762
0.863266 -0.008429 -1.559550
0.846075 0.561769 -1.590038
0.816215 0.589408 -1.603116
0.789086 0.661718 -1.566810
0.783807 0.690634 -1.506296
0.794403 0.031121 -1.480256
0.801904 0.017240 -1.485264
1.409883 -0.540191 -1.473883
1.394421 0.058366 -1.434192
0.782235 -0.013904 -1.407171
0.814640 -0.151055 -1.444533
-0.494777 -0.842015 -1.527355
0.160389 -0.858643 -1.585297
0.165890 -0.851391 -1.577943
0.189576 -0.245280 -1.546145
0.932979 -1.527052 -1.562645
1.023915 -1.522578 -1.621248
0.385084 -1.501788 -0.990889
-0.235869 -1.465896 -1.587118
-0.193948 -1.487788 -0.868328
0.507836 0.358559 -0.914176
0.556193 0.352601 -1.040051
-0.738376 -0.242391 -1.134045
-0.838282 0.397218 -1.763407
-0.897245 0.395980 -1.689410
-0.868879 0.427313 -1.663289
-0.823921 0.503554 -1.057891
1.099674 -0.077172 -1.098740
0.320416 -0.095517 -1.723982
0.270839 -0.149480 -1.637079
0.277266 -0.169059 -1.620094
1.625891 -0.157336 -1.695316
1.556410 -0.169759 -1.144982
1.460803 -0.241239 -1.103091
1.438610 -0.278893 -0.336382
0.160078 -0.239269 0.338661
0.205563 -0.125206 0.292342
0.856901 -0.094905 0.244415
0.205210 -0.140065 0.274742
0.236082 0.444493 -1.497574
0.250967 0.431705 -0.873247
0.266672 0.423238 -1.528807
0.235629 0.376511 -0.332360
0.812640 0.321793 -1.611970
1.437888 -0.943026 -2.770596
1.455709 -0.890881 -2.782768
1.471568 -0.843903 -2.842318
0.805463 -0.854192 -2.886299
0.792943 -0.927386 -2.885199
0.819719 -0.978074 -2.891789
0.837770 -0.982557 -2.949476
0.816095 -0.423727 -3.020241
-0.521235 0.077653 -2.409291
-0.591901 0.001337 -2.407131
-0.581051 0.004324 -2.424811
-0.549125 -0.547395 -2.442684
0.071725 -0.486376 -3.073684
-1.246964 -0.452749 -3.053474
-2.476759 -1.048712 -2.409400
-1.731989 -1.015178 -2.389421
-1.694463 -0.976590 -2.376181
-1.090560 -0.340937 -1.801457
-1.170788 -0.364408 -1.226062
-1.197067 -0.374733 -1.292171
-1.155688 0.948869 -1.284269
-1.127530 -0.178398 -1.215416
-1.154617 -1.313939 -1.775178
-1.175525 -1.834610 -1.809976
-1.112857 -1.802765 -3.624232
-1.003799 -1.194123 -3.598679
-0.964449 -1.169510 -3.558647
-1.027952 -1.231696 -3.526739
-1.091036 -1.364895 -3.542405
-1.070797 -1.473210 -2.924276
-1.000007 -2.095948 -2.926403
0.259149 -2.057807 -2.912646
-0.437726 -2.049782 -2.266454
-0.476353 -2.067820 -2.905317
-1.015881 -2.738729 -2.852920
-0.882758 -2.699404 -2.155474
-1.498903 -2.662703 -2.056878
-2.192632 -2.703945 -2.004182
-1.632414 -2.808192 -2.027369
-0.988544 -2.881495 -2.066221
-0.912052 -2.273150 -2.077391
-0.881800 -2.231022 -3.406654
-0.958457 -2.188978 -3.366289
-0.405595 -2.170615 -3.975587
-0.387530 -2.149989 -2.707992
0.370265 -2.122483 -2.751613
-0.231680 -2.102340 -2.731245
0.311106 -2.114292 -2.688402
0.190313 -2.155247 -2.694604
0.140164 -2.189369 -2.779125
0.144666 -2.181526 -2.863120
0.133389 -2.125077 -2.890929
0.088602 -3.360705 -2.883334
0.058834 -2.700330 -2.878732
-0.538388 -2.690250 -2.914090
0.788184 -2.643294 -3.638798
0.830746 -2.594190 -4.221751
0.813201 -2.600283 -4.168194
0.142164 -2.057074 -4.137702
0.113520 -0.179661 -4.184985
1.416753 -0.155833 -4.249461
1.430873 -0.122340 -3.642582
-0.506227 -0.776788 -3.006547
-1.178073 -0.195818 -3.627299
-1.182241 0.390921 -2.945808
-1.076722 0.412665 -2.928285
-1.026008 -0.184111 -2.862446
-1.018206 -0.248903 -3.433046
-0.424359 -0.262205 -4.006964
0.186213 -0.275765 -4.024891
0.170143 -0.213547 -4.066875
-0.478806 -0.165493 -4.089792
1.413088 -0.852384 -3.456999
1.413617 -0.920368 -3.423614
1.427205 -1.568832 -3.400682
1.459058 -1.522187 -2.740809
1.476447 -3.409763 -2.695634
1.471866 -3.476288 -2.647903
2.086382 -3.522179 -2.644531
2.041474 -3.501999 -2.096772
3.321823 -3.461367 -2.203287
3.303602 -3.463556 -2.921939
3.281087 -3.486116 -2.979486
3.876925 -3.472363 -3.017998
3.277064 -2.114604 -3.062927
2.691227 -2.130789 -3.108566
2.032617 -2.203256 -3.106828
2.616450 -2.245858 -3.050777
2.553825 -1.609537 -2.991160
2.512669 -0.939873 -2.991364
2.508385 -0.908322 -3.051882
2.522166 -0.919991 -3.134901
2.530819 -0.912454 -3.178918
3.818272 -0.837705 -2.540890
3.850068 -0.761675 -2.444591
2.579662 -0.768355 -1.696684
2.611570 -0.847660 -1.702267
2.586470 -0.898769 -0.418537
2.535753 -0.863217 -0.321414
3.183198 -0.176350 -1.498875
1.373119 -0.227257 -0.882795
1.425098 -0.305403 -0.355050
2.059397 -0.294377 -1.035620
2.021165 -0.852186 -1.632456
0.740731 -0.788419 -1.582221
1.460275 -0.818727 -2.232760
1.504510 0.991537 -3.514261
2.773239 1.663217 -2.840261
2.037331 1.117264 -2.732142
1.313902 1.099807 -2.621076
0.689290 1.645104 -2.020790
0.706169 1.012935 -2.135318
1.313948 1.090806 -2.228968
0.625146 0.574889 -2.215240
0.591676 0.574078 -1.527836
0.633161 0.514681 -1.525119
0.728715 1.083367 -2.203659
0.809911 1.729153 -1.612124
0.885459 1.758993 -1.632118
1.472405 1.756829 -1.624060
1.506169 0.463740 -0.981723
1.580721 1.079659 -1.085331
1.634558 1.098197 -1.858828
1.038287 0.500469 -1.940105
1.041427 -0.148373 -1.856975
1.041063 -0.171104 -1.794983
1.065676 -0.181702 -1.775562
0.462691 -0.162918 -1.806937
0.471916 -0.136292 -1.300175
1.068711 -0.133493 -1.274007
1.023071 -0.173623 -0.588569
1.593462 -0.874957 -1.897747
0.966053 -0.185726 -1.376589
-0.334121 -0.138799 -1.410838
0.327621 -0.112680 -1.370630
0.919203 -0.132833 -0.701012
0.248994 0.506960 -0.706268
0.258490 0.520336 -1.343479
1.562625 -0.048121 -1.996825
0.936089 -0.072069 -0.685466
0.926483 -0.154762 -0.660927
0.902668 -0.207643 -1.341644
0.932567 -0.170140 -1.395014
0.999989 -0.711488 -1.405171
1.667304 -0.706936 -1.386180
1.677032 -0.763543 -0.746839
1.690502 -0.154149 -0.797506
1.740825 0.504045 -0.835979
2.387100 1.205807 -0.845154
2.372835 2.358375 -0.833843
1.697267 2.272087 -0.814533
1.628613 1.599807 -0.801039
1.592243 1.077444 -0.784870
0.287823 1.117633 -0.777542
0.242908 1.698888 -1.422403
0.180241 2.259841 -1.989531
0.147349 1.635387 -1.301510
0.157744 2.271004 -1.287202
0.183404 2.906523 -1.325917
0.170418 2.865953 -1.367355
-0.536187 3.486354 -1.357837
0.074538 3.546079 -0.610825
0.072389 2.999260 -0.053973
-0.575400 2.451906 -0.067470
-0.583217 1.106458 -0.781505
-0.583972 1.116170 -0.176647
-0.568157 2.534754 -0.686583
0.130210 1.979932 -1.954094
0.160635 1.988548 -1.388682
0.166847 1.950821 -2.018923
0.162146 1.344032 -1.942498
-0.440107 0.824590 -1.184983
-0.441751 0.911630 -1.146417
-0.436945 0.924175 -1.187432
-1.054922 0.900036 -0.624937
-1.045970 0.915902 0.091632
-0.409851 1.631108 -0.483614
-0.429911 2.816683 -1.071633
-0.425183 2.205232 -1.726544
0.844901 1.492393 -1.735436
0.168328 1.459706 -1.038483
0.106800 1.493468 -1.001005
0.084627 2.201629 -2.286431
-0.520302 2.219986 -2.374603
-0.505807 0.931429 -1.164321
-0.498661 1.501007 -1.158276
-0.469695 1.533100 -1.151605
0.826119 1.615871 -1.175329
2.153959 1.635080 -1.223858
2.176322 1.580838 -1.291717
2.159384 2.158685 -1.359043
2.074972 2.795213 -2.027505
1.313249 3.519693 -1.406977
1.880957 3.538089 -2.038488
1.874777 3.510530 -1.357634
1.904478 3.462992 -0.752886
1.917456 3.446557 -0.756449
1.917422 2.824218 -1.327716
1.966322 2.206873 -1.301153
0.742050 1.509670 -1.272781
2.072117 2.082751 -0.058714
2.058439 2.067996 -0.049849
1.376017 0.808263 -0.663869
1.340214 0.836880 -0.625401
0.724045 0.845910 0.063708
0.765193 -0.463399 0.091367
1.441640 -0.480354 0.126727
0.777998 -0.476146 0.147741
0.780402 -0.443039 -0.493825
0.813916 -1.017739 -1.143956
1.492043 -0.418298 -1.169058
0.816345 -0.424720 -1.162442
0.735184 -0.416339 -1.827289
0.037763 -1.028694 -0.541992
1.314608 -1.021235 0.695686
1.319237 -1.010772 0.748256
1.928748 -0.987218 0.854276
1.278024 -0.972956 0.840515
1.329704 -0.972416 1.426453
1.396352 -1.622328 0.720099
2.048564 -1.638117 0.120385
1.372667 -0.349624 0.147874
1.330909 -0.348948 0.823112
1.311542 -0.379781 0.894589
1.308213 -0.433568 0.959130
1.304509 -0.455618 1.012127
1.293676 -0.438307 1.018504
1.297153 0.208216 0.966118
1.302115 -0.473554 0.891655
0.656515 -0.513643 0.821934
0.625700 -0.503488 0.773963
0.585055 -0.454398 1.344766
0.571562 -0.460313 1.312554
0.594626 -0.544768 1.305120
0.629856 -0.648287 -0.565151
0.640534 -0.640041 -0.562322
1.261287 -1.843330 -0.563547
1.297297 -0.465916 -0.567418
1.390148 0.703028 -1.162886
1.467527 0.622225 -1.131524
1.465606 0.631598 -0.510436
1.422996 0.692264 -1.134297
1.429551 1.347471 -1.744281
1.487205 1.307022 -1.744682
1.519242 1.274110 -1.133266
1.480063 0.643781 -1.136855
1.416467 0.076919 -1.768512
1.435447 0.731704 -3.000339
1.498664 0.078160 -2.994604
0.920735 0.700350 -1.719738
0.223350 0.734988 -2.304555
0.808745 0.774239 -2.255919
0.794809 1.398286 -2.225129
0.234697 1.397108 -1.014083
0.931114 0.811738 -1.027840
0.892394 0.825189 -0.412837
0.819568 1.465582 -0.339787
0.829190 0.868806 -0.384505
0.862965 0.886398 0.274477
1.518779 -0.312119 0.285336
1.475644 0.319039 -0.998493
1.422891 1.516918 -1.672353
1.413613 1.519679 -2.404539
0.804481 1.523083 -1.800235
0.826406 0.877157 -1.200908
0.150737 1.433952 -2.481634
0.733430 1.401359 -1.967136
0.743203 0.168335 -2.029856
0.172884 0.186563 -2.714883
-0.505868 -0.462854 -2.630154
0.093740 0.686428 -2.648960
0.052191 0.024837 -2.091104
0.021578 0.639105 -2.093172
0.016210 0.675762 -2.665454
0.035641 0.661890 -2.640803
0.711654 1.297297 -2.079355
0.746084 0.026080 -2.782336
1.378225 0.003573 -2.781989
0.175651 0.042697 -2.727208
0.206935 1.276922 -2.681560
0.259680 1.872917 -2.691454
0.300007 1.218685 -2.713604
0.298592 1.824604 -2.684208
-0.322678 2.433726 -2.623375
-0.269552 2.419483 -2.604284
-0.192842 2.455011 -2.668647
-1.429609 2.507053 -2.749809
-0.840933 2.524968 -2.768049
-0.868054 1.195822 -2.709641
-0.236663 2.528836 -2.658791
-0.242282 1.958624 -2.678050
-0.938052 2.039561 -2.716689
0.290113 2.057391 -2.054994
0.305733 2.627174 -1.328167
0.358479 2.616130 -1.305952
0.376483 2.055330 -1.997805
0.337923 2.150755 -2.059580
0.294276 2.851104 -2.747938
0.277348 2.166618 -2.037417
0.884338 2.108919 -2.020127
0.844144 2.747047 -2.041736
0.777960 2.787567 -2.058796
1.383352 2.793967 -1.408457
1.398676 2.733435 -2.019160
1.456069 3.974028 -2.014701
1.502967 3.320315 -1.354820
1.528383 4.007150 -1.372663
1.545292 3.423304 -1.347137
0.930051 2.821606 -1.989244
0.983794 2.155731 -1.993475
1.082023 2.810473 -2.017461
0.465955 2.883525 -2.650956
0.472452 2.305961 -2.623113
0.465024 2.317921 -2.626781
0.507271 2.300222 -2.670670
0.503210 1.686279 -2.717259
0.496146 1.755071 -2.709852
0.473749 2.445709 -2.660230
0.433915 2.447941 -2.646212
0.399152 2.394198 -3.266294
0.357511 2.314412 -3.312294
0.296855 3.606167 -2.709003
0.221180 3.630725 -2.659616
-0.447174 4.214899 -2.678218
-0.461877 4.114698 -2.757182
0.783229 3.419526 -2.806553
0.790994 3.431757 -2.764651
1.398572 4.082404 -2.698763
0.694530 3.988761 -2.048015
0.685002 4.502652 -2.109051
0.712330 4.475529 -2.124973
0.739105 4.550624 -2.039381
0.740561 3.964577 -2.642529
0.748442 3.894872 -2.680874
2.755621 3.815665 -3.384983
2.821511 3.242669 -2.743949
2.833630 2.124829 -2.029316
2.779769 2.211249 -1.349006
2.719143 2.098224 -2.675281
2.710109 1.965119 -3.903405
2.112293 1.991772 -3.940331
2.087438 2.784066 -3.928542
2.001444 2.819647 -3.909205
1.940062 2.700073 -3.932506
1.966401 2.632545 -3.981402
2.035480 2.131902 -3.322927
1.427377 2.359836 -2.588367
0.715920 1.778817 -3.171923
-0.002141 1.666731 -3.161864
0.662744 1.555614 -3.814508
0.663573 1.602086 -3.130264
-0.023545 1.746865 -3.079247
-0.095542 1.782601 -3.043525
-0.138955 2.286698 -3.678182
0.542342 2.819126 -3.032963
0.626941 2.237079 -3.006264
0.016278 2.366834 -2.309016
0.013210 2.384112 -2.263472
0.645720 2.879191 -3.505582
0.695670 2.725014 -3.599286
0.768140 2.649413 -3.633616
0.799051 2.687234 -3.653482
0.775409 3.915731 -3.678745
-0.465954 4.462101 -3.757390
1.446903 3.790491 -3.193265
1.500764 4.522910 -2.584465
1.509828 4.647595 -1.979153
0.833014 4.050313 -1.940457
0.755332 4.027607 -1.965913
2.007998 4.005686 -2.021002
2.006976 4.005775 -0.859440
1.969429 4.739671 -1.486277
1.278899 4.778775 -1.447960
1.855068 4.788069 -0.802941
1.895560 4.185864 -1.514176
1.951811 3.621353 -1.603499
1.305321 3.674398 -3.468318
1.275581 4.330709 -3.434390
0.643144 3.114665 -2.114758
0.700290 3.698795 -2.130146
0.753214 3.674128 -2.165551
1.415260 4.255336 -2.150679
1.412716 4.207634 -2.063825
0.811163 2.147498 -1.974098
0.894035 2.782311 -1.954024
0.331520 2.845461 -1.995679
-0.283249 2.859104 -2.022314
0.415082 2.821648 -1.982671
-0.208371 3.461763 -2.554702
-0.868094 3.466972 -1.895571
-0.902439 2.883678 -1.945786
-0.935946 2.890699 -2.645484
-0.934655 2.263366 -3.267425
-0.919034 2.902160 -2.561268
-0.947722 2.332755 -2.009081
-1.012684 3.013529 -2.753132
-1.049111 3.041579 -3.404101
-1.021557 3.049101 -3.382561
-0.362210 1.793322 -2.749725
0.276461 1.785471 -2.136472
0.236458 1.771893 -2.804060
0.226925 1.759542 -2.815905
0.913461 1.134281 -2.770076
0.954313 1.769349 -2.129595
0.961291 2.388085 -2.133976
0.952366 2.369412 -2.745486
0.976509 2.344327 -2.699506
1.037621 2.310944 -2.001179
1.082993 2.288228 -1.940990
1.090849 2.283677 -1.948265
1.045519 2.276093 -1.991903
1.009602 2.248443 -1.988495
1.023477 2.203384 -1.944929
1.083949 2.837728 -1.934404
1.065143 2.849421 -1.314707
0.351649 2.201721 -0.679721
-0.337671 2.154915 -1.951602
-0.303643 2.690771 -1.920715
-0.327048 2.677843 -1.931799
-0.321257 2.704434 -1.969467
-1.044871 2.718150 -1.992745
-1.097677 2.691509 -1.991135
-1.095670 3.297814 -2.004005
-1.075674 3.337756 -2.691501
-1.677163 3.400605 -2.685249
-1.689111 3.414293 -2.616257
-2.319960 3.371490 -2.526933
-2.270290 3.351101 -2.467827
-0.969328 2.806264 -2.434945
-0.980968 2.874790 -1.716825
-0.330400 2.874928 -1.642718
-0.336624 2.821268 -1.593855
-1.029914 2.174495 -0.374804
-0.442404 2.256876 -0.455525
0.132321 1.717339 0.169301
0.128896 2.308833 0.174112
