0.120509 -0.493939 3.216684
-1.175692 0.091563 3.134325
-1.803769 0.058253 3.757253
-1.813711 1.289242 3.744867
-1.845504 1.307123 3.770945
-1.868799 1.325490 3.810423
-1.224627 1.323368 4.486447
-1.219610 1.334356 4.515148
-1.245074 1.395075 5.178410
-1.291261 1.472077 4.625621
-1.306838 1.509764 3.418670
-1.260859 1.499975 4.008682
-1.183002 0.830205 4.555872
-1.148234 0.848397 4.531686
-1.168273 0.846027 3.333334
-1.187527 0.791097 3.387392
-1.159933 1.366060 3.395188
-1.121884 1.366153 2.690083
-1.144436 1.418962 2.093243
-1.229467 2.134600 2.085412
-1.286427 0.809536 2.049228
-1.252044 0.806946 1.969223
-1.185589 0.207949 1.868525
-1.816145 0.282867 1.795904
-1.281661 0.972256 2.357156
-1.305031 0.221238 3.628292
-1.845461 0.159507 4.872067
-1.790734 0.796585 5.536522
-2.449103 0.852223 5.544732
-1.969566 1.528971 5.566407
-2.025551 1.466986 3.707590
-0.080383 1.430312 3.750692
-0.032863 0.785910 3.765327
-0.029395 2.179472 3.773470
-0.046343 2.160972 3.819177
0.610865 2.067635 3.255434
0.067965 2.006837 3.357348
-1.757670 0.076768 3.397831
-1.702655 0.139169 3.368977
-2.320626 1.472673 3.334337
-2.317049 1.468140 3.339693
-2.298000 2.142936 3.358970
-2.260229 1.539713 3.302754
-2.211396 1.613720 3.165465
-1.558248 1.620073 3.055825
-1.547549 1.585114 3.060907
-0.328095 0.941169 2.460870
-2.200629 1.621098 2.459422
-2.121625 1.580604 2.373834
-2.124179 1.510048 2.288249
-2.223176 1.470029 1.016460
-2.920286 1.496896 0.474238
-2.909936 1.536872 0.503390
-2.845966 1.516926 0.453931
-2.833749 1.463727 0.397655
-2.902053 1.457883 0.415329
-3.609348 1.505103 0.484559
-3.556364 0.864567 0.538233
-4.133506 0.755786 0.530753
-3.522792 0.711421 0.490125
-3.653831 -0.494549 0.468619
-4.391759 0.269611 0.473841
-3.691350 0.964993 0.491052
-3.634250 0.273108 0.512555
-3.664556 0.244916 0.517079
-2.442303 0.316346 0.506737
-2.437015 0.345705 0.497244
-2.348933 0.993491 -0.770228
-1.636267 0.904352 -0.102060
-1.690852 0.828215 -0.131519
-1.795531 0.846924 -0.186467
-1.864333 0.272831 -0.244258
-1.881469 0.305332 -0.267729
-1.903995 0.281485 -0.236696
-1.340472 -0.377446 -0.195304
-1.370224 -0.375254 -1.401022
-1.956725 -0.349092 -1.425366
-1.237262 -0.349385 -0.819500
-0.578793 -0.382224 -0.737761
0.028799 -0.399853 -1.235395
0.000371 -0.338153 -1.195435
-0.662279 -0.233791 -1.218990
-1.330343 -0.797354 -1.224182
-0.728901 -0.821758 -1.168535
-0.773925 -0.252181 -1.108171
-1.415745 0.405327 -1.100601
-0.735673 0.414922 -1.131310
-0.705141 1.638277 -0.473648
-0.090719 1.564058 0.262479
-0.124056 0.856993 -0.383151
-0.151890 0.867781 -0.407169
-0.173658 0.194656 -0.465771
-0.215467 0.173517 0.155575
-0.913028 0.118047 0.158068
-0.954146 0.081341 0.151524
-0.951649 0.082056 0.088249
-0.911521 0.078055 0.045577
-0.230985 0.038009 -1.253138
-0.219564 -0.651869 -1.225570
-0.817071 -0.662826 -1.840387
-1.443361 -0.626360 -1.843659
-1.422257 -0.588850 -1.841030
-1.432183 1.327856 -1.805950
-2.110987 1.353108 -1.132852
-1.508126 2.005931 -1.780279
-1.498783 2.003327 -1.833938
-1.454598 1.958934 -2.492406
-1.426943 1.318491 -2.468978
-0.772510 0.659817 -2.417390
-0.843770 1.288012 -2.392239
-0.824020 1.312563 -1.746362
-0.784484 1.973787 -1.750117
-0.784776 0.719358 -1.740029
-0.820465 1.341885 -1.740453
-0.834686 0.088434 -1.774441
-0.790618 0.726008 -1.809343
-0.084885 0.066946 -1.815892
-0.063410 -0.003474 -1.804626
-0.079909 -0.685427 -1.791907
-0.108970 -0.683957 -1.759877
-0.093954 -0.037708 -1.678292
-0.722086 -0.054468 -1.609764
-1.361995 -0.073657 -2.204042
-1.380508 -0.060253 -1.010768
-1.422471 -0.689774 -1.678231
-0.800916 -0.687864 -1.644053
-1.463118 -0.733924 -1.622690
-1.449744 -0.803688 -1.020791
-0.765909 -0.204760 -1.083059
-0.780261 -0.204472 -1.090843
-0.174169 -0.185448 -0.337296
-0.176504 -0.174927 -1.553863
-0.785476 -0.155692 -1.588415
-0.784058 -0.112838 -1.667051
-0.847234 -0.067095 -2.933969
-0.937143 -0.046009 -2.231422
-1.579602 -0.062463 -2.857586
-1.531013 -0.703008 -2.864221
-1.476925 -0.694997 -3.509692
-1.483580 -0.674753 -2.815702
-1.513961 -0.631775 -2.072054
-1.489900 0.075271 -1.356411
-0.798650 0.138733 -2.034037
-0.748764 -0.504480 -1.478449
-0.132774 -0.520975 -2.204986
-0.173089 -1.183200 -2.197163
-0.794293 -1.171938 -2.827603
-1.329876 -1.159081 -2.850364
-2.561060 -1.189321 -2.875019
-1.915507 -0.589029 -2.202902
-1.935263 -0.580166 -2.108578
-1.913492 -0.506251 -2.021872
-1.881836 -0.436770 -2.017268
-1.260767 0.144496 -1.405964
-1.301522 -0.547091 0.437410
-1.986601 -1.126811 0.460206
-1.990179 -1.052434 0.449692
-1.986511 -0.984861 0.337322
-2.000980 -0.977298 0.926967
-2.023067 -1.686860 0.958826
-3.890543 -1.081563 1.702401
-3.883825 -0.445992 1.062333
-3.878153 -0.392679 0.373468
-3.881178 -0.371922 0.332453
-3.887440 -2.265027 -0.296154
-3.258934 -2.307550 0.371676
-3.260019 -1.646204 0.349927
-1.986992 -1.651756 0.312504
-1.353207 -1.653255 -0.319309
-1.338557 -1.685511 -0.236677
-1.336138 -1.727032 -0.162231
-1.328733 -0.469153 -0.159283
-1.951770 -0.463555 1.054545
-1.930212 -1.758927 1.081888
-1.920538 -1.782088 1.086008
-1.919790 -1.794337 1.040319
-1.281433 -1.127628 0.342240
-1.267047 -1.092393 -0.305167
-1.257243 -1.723863 -0.912086
-1.267083 -1.763399 -0.902445
-1.940556 -1.126940 -0.911771
-3.211784 -1.076266 -0.919980
-3.830372 -1.069164 -0.896310
-3.823806 -1.741058 -0.861213
-3.817938 -2.433609 -0.235601
-3.195324 -2.475957 -0.274855
-3.245834 -0.627972 0.355168
-3.301392 -0.640178 1.005501
-3.338436 -0.702709 0.408426
-2.727055 0.560095 0.994103
-2.733087 2.513670 0.976211
-2.749947 1.959838 -0.972509
-2.772474 1.948795 -0.939222
-2.149298 2.522684 -0.945748
-2.128214 1.857378 -1.029305
-2.091714 2.527237 -0.479690
-1.475965 2.508430 -0.515836
-1.514122 3.066004 -0.508295
-1.534743 2.347816 -0.520873
-0.832846 2.339790 -0.576402
-0.753246 2.367283 -0.620677
-0.736162 1.152905 -0.598891
-0.094272 1.122832 -0.542456
-0.085523 1.098042 -1.152849
-0.025539 1.731047 -1.163659
-1.845262 1.763741 -1.185794
-1.921159 1.751192 -0.527451
-2.013672 1.681468 -0.452850
-2.051800 1.624474 -1.655414
-2.015854 1.634755 -1.673987
-1.979636 1.081089 -1.696475
-2.014466 0.455749 -1.662902
-2.072363 0.416931 -1.607845
-1.417465 -0.841703 -0.982210
-1.369423 0.507149 0.204266
-0.722035 0.575856 0.793084
-0.816470 0.556680 0.125096
-0.942643 0.513677 -0.518494
-0.329540 0.536670 -0.540114
-0.276894 0.604203 -0.581371
-0.247881 0.660445 -0.005445
0.336377 0.673134 0.053343
0.300361 1.334091 0.781478
0.369863 1.350932 0.814548
0.480082 0.720529 0.810312
-0.146528 0.746100 2.801074
-0.203230 0.714076 2.849458
1.067134 -0.696819 2.898201
1.112772 -0.761274 2.245849
0.489558 -0.807114 2.235867
0.532685 -0.822481 1.646271
0.539246 -0.828137 2.340582
-0.732621 -0.834814 1.737640
-1.313161 -0.827867 1.743658
-1.280994 -0.803174 3.007344
-1.289035 1.220845 4.241500
-1.355122 0.565390 4.236804
-0.755372 0.552655 3.565729
-0.783098 0.530649 3.549708
-0.782593 0.532248 4.139926
-0.796032 1.228755 4.771946
-0.827826 1.239430 4.107930
-0.807549 0.545087 3.407786
-0.756514 0.549773 2.785028
-0.693954 -0.017648 2.784831
-0.065551 0.030235 2.775548
-0.098039 0.026804 2.765339
-0.098092 -0.003796 2.784020
-0.062278 -0.680477 2.816688
-0.014281 -0.643041 2.852535
-0.036225 -0.640887 2.878508
-0.035158 -0.707851 2.890134
0.010503 -1.467702 2.288136
0.052287 -1.498161 2.971047
0.658429 0.577377 2.381337
0.609918 -0.120308 2.370333
0.576782 -0.160059 2.331657
0.571749 -0.230982 2.307222
-0.089516 0.325316 1.632869
-0.153677 1.580997 1.045003
-0.226119 1.483091 1.708633
-0.239207 1.382850 2.346609
-0.196699 1.963618 1.733000
-0.157760 1.231014 2.408180
-0.165902 -0.052995 2.423088
1.016590 -0.030051 2.407853
1.027500 0.006408 0.433240
1.050555 -0.653846 0.377999
1.098300 -0.632878 0.361723
1.073889 -0.602965 -0.265299
-0.219718 -1.217753 0.404949
-0.210336 -1.225462 0.412876
0.456663 -1.219003 -0.192064
1.120669 -1.196452 -0.189327
-0.651100 -1.186345 -0.151855
-0.676816 -1.187077 -0.162437
-0.658145 -1.160927 -0.208844
-0.025673 -1.103954 -0.251609
-0.019716 -1.059614 -0.260496
-0.674238 -1.057905 -0.251740
-0.746938 -1.084053 -0.266467
-0.767890 -1.700991 -0.301489
-0.738841 -1.051207 -0.263195
-0.727897 -1.038639 0.388666
-1.989965 -1.058371 1.059634
-2.055227 -0.436958 1.093712
-2.078195 -0.377355 0.412845
-1.398479 -0.303146 0.983869
-1.344346 -0.270341 0.924280
-2.690093 -0.907482 0.931596
-3.424339 -0.890145 1.539717
-3.451346 -0.821026 1.517057
-2.779971 -0.159240 1.467768
-3.350589 -0.150857 1.478483
-3.337936 -0.161014 1.557011
-3.371666 -0.121545 1.624473
-3.389303 -1.230454 0.946815
-3.367894 -1.206060 0.908333
-3.343887 -0.641138 -0.389698
-2.733977 -1.285915 -0.398007
-2.773325 -1.262246 0.752816
-3.441351 -1.228051 0.085381
-3.439253 -0.636557 0.115974
-2.783463 -0.701034 0.203600
-2.089053 -0.723016 0.235647
-2.068380 -0.655540 0.180835
-2.096024 -0.577019 0.699494
-2.102900 -0.577206 0.688367
-2.041952 -0.630254 0.728185
-1.955293 -0.624538 0.739400
-1.306828 -0.538178 -0.558402
-1.368274 -0.475868 -0.526118
-1.405123 -1.115541 -0.470569
-0.095527 -1.139004 -0.388456
-0.002923 -1.091911 -0.372681
0.020500 -1.004778 -0.435097
-0.022284 -0.969988 -0.499312
-0.691142 -1.016776 -0.511594
-0.661384 -1.713269 -0.510599
-0.607647 -2.345817 0.719192
-0.611407 -1.756921 0.638454
-0.690247 -0.472780 0.617279
-0.159122 0.057862 1.948703
-0.166287 0.019602 2.017466
-0.115564 0.688162 2.020426
-0.736790 0.691443 1.305314
-0.767437 0.669989 1.917886
-1.448744 0.635485 1.327583
-1.436425 0.617458 0.693516
-1.374561 0.614730 0.657010
-0.037546 0.600677 1.353264
-0.698054 0.571395 1.370176
-0.727635 0.551579 1.418767
-0.762524 1.796099 1.466346
-0.724631 1.165957 1.481545
0.577892 1.187622 3.306516
-0.051523 0.597703 2.651685
-0.115227 0.596503 2.637695
-0.779880 0.602067 0.720125
-0.762298 0.619500 0.695033
-0.711387 1.265773 2.013312
-0.726372 1.229931 2.045479
-0.819265 0.568738 2.759109
-0.863827 1.203230 3.451932
-0.840682 -0.035065 3.480083
-0.785143 -1.307786 3.466851
-0.791250 -1.344989 3.439721
-0.853504 -0.110479 3.430662
-1.487237 0.549593 3.438773
-1.422923 0.549963 3.432124
-1.353801 -0.719240 2.775781
-1.992053 -0.758369 2.150892
-2.044882 -0.768709 2.187652
-2.069306 -0.748296 2.238700
-2.023155 -0.707473 2.926945
-1.954785 -0.731299 2.235568
-1.991945 -0.775746 2.165267
-2.052149 -0.803828 2.118635
-0.145601 -0.810370 2.752393
-0.749295 -0.817834 2.748561
-1.351627 -0.188238 2.743946
-0.113182 -0.217079 2.751959
0.475734 -0.883914 2.138039
0.434036 -0.877272 2.192234
0.440259 -0.883211 2.229183
-0.201059 -0.254965 2.238380
-0.273694 -0.260217 0.932064
-0.336940 -0.261303 0.927010
-0.363560 -0.262849 0.897486
0.261683 0.354940 0.280946
0.249354 0.338200 -1.000515
0.852648 0.349197 -0.978867
0.848590 0.369225 -0.976672
0.870904 0.386206 -0.988505
0.279741 0.396900 -0.998151
0.258184 1.038764 -0.982337
0.240044 0.420086 -0.345436
0.260179 0.408370 -0.356027
0.295023 0.368789 -0.390300
-0.952153 0.956420 -0.433696
-0.975149 0.290681 -0.415938
-0.988771 0.276831 -0.345717
-1.606681 0.905298 -0.242216
-0.934876 0.917138 -0.279930
-0.304218 0.947900 -0.329994
0.262584 0.343446 -0.939202
0.198457 0.372838 -0.872399
-0.415712 0.402410 -0.187430
-0.408965 0.440393 -0.235665
-0.405927 0.474139 -0.276653
-0.406203 0.475369 -0.240393
-0.393727 1.078377 -0.174328
-0.360020 1.064878 0.500600
0.315757 0.460650 -0.189935
0.339292 -0.084392 -0.814338
0.336229 -0.017217 -0.795776
0.943007 -1.214744 -1.410505
-0.370862 -1.205987 -0.779570
-0.979578 -1.195495 -1.394778
-0.378732 -1.189782 -0.803916
-0.369153 -1.209495 -0.799224
-0.377597 -1.243031 -0.155091
-1.030058 -0.634495 -0.180215
-0.958099 -0.663607 0.423858
-0.860297 -0.691195 -0.240389
-0.804154 -0.720893 -0.248303
-0.160626 -0.748995 -1.518331
-0.151888 -0.780328 -1.529523
0.517117 -0.805905 -1.551951
0.578568 -0.816156 -1.584322
-0.679196 -0.810183 -0.987295
-1.325370 -1.468468 -1.036593
-1.289246 -0.239955 -1.078415
-1.201521 -0.279866 -1.104092
-1.148522 -0.286638 -1.134350
-1.176777 -0.247839 -1.749777
-1.207958 0.404251 -1.701495
-1.802650 0.386921 -1.640979
-1.782089 0.331964 -2.863355
-1.814970 0.303992 -0.332148
-1.893992 -0.337889 -0.333399
-1.921369 -0.325068 -0.313538
-1.877565 -0.353669 -0.917556
-1.819466 -0.410609 -0.915686
-1.803627 -0.436180 -0.308917
-1.832811 -1.608178 -0.982030
-1.230590 -2.214909 -2.729755
-1.172705 -2.228645 -2.655508
-1.157716 -1.686584 -2.609720
-1.196944 -2.317500 -2.587572
-1.260104 -2.296541 -2.564292
-1.273585 -2.269132 -3.133935
-1.249669 -2.287914 -3.105118
-1.232283 -2.342263 -3.135959
-0.636045 -1.736594 -2.609637
-0.688841 -3.009471 -2.653148
-0.081762 -3.007666 -2.665656
-0.087506 -3.009216 -2.664109
-0.732474 -2.406471 -2.080195
-0.799393 -2.434714 -3.379974
-0.849153 -2.465371 -3.405368
-1.472272 -2.473916 -2.784516
-0.879990 -1.824226 -2.778942
-1.548837 -1.832612 -2.801729
-1.556635 -1.851521 -2.835618
-1.528925 -2.453305 -2.840265
-1.491102 -2.417223 -1.533980
-1.462233 -1.774146 -2.064562
-1.453316 -3.047311 -2.653911
-1.449275 -3.718559 -2.632634
-2.036940 -3.724649 -3.270940
-1.455910 -3.674213 -3.840697
-1.442929 -3.621427 -3.808783
-1.439093 -3.007783 -3.826968
-2.051309 -3.016777 -3.878899
-2.086192 -2.317486 -3.907898
-2.108796 -1.638632 -3.896082
-2.088880 -1.578176 -3.851787
-2.080464 -1.555002 -3.818433
-2.122455 -1.540633 -5.068194
-1.545028 -0.794714 -5.053208
-0.310750 -0.856323 -4.990060
-0.272372 -0.883487 -4.910550
-0.227970 -0.910521 -4.281910
-0.247646 -0.305567 -4.331534
-0.303819 -0.896881 -4.364160
0.304212 -2.203202 -3.698715
0.376341 -2.217127 -3.627033
0.447175 -2.258178 -3.627924
0.437851 -2.293340 -3.692664
0.373592 -2.298390 -3.735675
-0.302309 -2.279640 -4.325805
-0.260231 -2.879691 -4.305298
-0.204170 -2.281180 -4.379074
-0.203405 -2.273696 -3.285401
-0.255180 -2.235262 -3.365430
0.312766 -2.217754 -1.483839
0.340300 -1.577294 -2.658254
0.373891 -1.550733 -3.307738
0.354693 -1.507574 -3.362039
-0.339089 -1.478295 -4.009242
-0.420744 -2.075580 -3.954363
-1.111737 -2.074301 -3.318566
-1.125934 -2.671757 -2.748717
-1.137974 -1.408127 -2.817987
0.107342 -0.739021 -2.802751
0.098181 -0.120816 -2.730855
-0.473644 0.500030 -2.099520
-0.440037 -1.449865 -2.158765
-1.723114 -1.432522 -2.213896
-1.736701 -0.796004 -2.204190
-1.775862 -1.495782 -2.165826
-1.791526 -2.838955 -2.191865
-1.157427 -2.816998 -2.271998
-1.753040 -2.797567 -1.693081
-1.713767 -3.407161 -1.639451
-1.069454 -3.421219 -1.535508
-1.040088 -3.431092 -1.487198
-0.990172 -3.424516 -1.499693
-0.932915 -2.772916 -0.260598
-1.543307 -3.408252 -0.234801
-1.562474 -2.123771 -0.172749
-1.584690 -2.747362 -0.147700
-1.597090 -3.359531 -0.176183
-1.594054 -3.389985 -0.212289
-1.588779 -2.760544 -0.180738
-2.195316 -2.739668 -0.109161
-2.206256 -2.061793 -0.067602
-2.208737 -2.670197 -0.079653
-2.193482 -3.382016 -0.693201
-0.902469 -1.527442 -0.699688
-1.566323 -1.480664 -1.334560
-1.573004 -2.036353 -1.378282
-2.204756 -2.041247 -1.447358
-2.157907 -2.742550 -1.493954
-1.460970 -2.072679 -2.149665
-1.432730 -1.352745 -2.146638
-1.402763 -1.325074 -2.154445
-1.361330 -1.372237 -1.508671
-1.313731 -1.430507 -1.461783
-1.292470 -1.431051 -1.417150
-1.312355 -0.744713 -1.416961
-1.980382 -0.094101 -1.442467
-1.976545 -0.140092 -1.455134
-1.940982 -2.010815 -1.422289
-1.914368 -1.950145 -1.390165
-1.923750 -1.884850 -1.391090
-1.309562 -1.876957 -1.393869
-1.320618 -1.908032 -1.357839
-1.315630 -2.551737 -1.291931
-1.330575 -3.757530 -1.907419
-1.382943 -1.785513 -1.937886
-1.447031 -1.766158 -1.984580
-0.901191 -2.416159 -1.999079
-0.915715 -3.722146 -2.001298
-0.924977 -3.709981 -1.411490
-0.325494 -2.353810 -0.846002
-0.340713 -2.340694 0.354130
-0.329717 -3.634811 0.394086
-0.288684 -2.984938 0.399749
-0.862069 -3.030492 0.347925
-0.833445 -3.010122 0.930986
-0.812051 -2.953000 0.939647
-0.771960 -3.553012 0.965482
-0.704289 -2.984420 -1.466802
0.009368 -3.003648 -0.962032
0.051443 -2.996673 -2.218720
0.066828 -2.979970 -3.456107
0.076995 -2.994762 -3.394909
0.094011 -3.032271 -3.348079
0.715545 -3.685127 -3.356578
0.667979 -3.685707 -2.747056
0.591337 -3.689334 -2.742197
0.542713 -3.723365 -2.697769
0.548100 -3.766345 -2.091484
0.562058 -1.288163 -2.074409
1.795511 -1.285751 -1.453565
1.730885 -1.296302 -2.070421
1.701396 -0.679059 -1.353660
1.710244 -0.037060 -1.868688
1.692609 -0.682169 -1.801491
1.631432 -0.663910 -1.812834
1.575665 -0.614254 -1.211289
1.577776 -1.233661 -1.217484
1.628418 -1.212854 -1.208383
1.669374 -1.171263 -1.238542
1.673433 -1.765952 -1.309251
1.669911 -2.440585 -1.358133
1.704745 -1.855885 -1.330610
1.756592 -1.859151 -1.266185
1.768277 -1.799015 -1.255363
0.511300 -1.834949 -1.317043
-0.147243 -1.907246 -1.396581
-0.106343 -3.206740 -1.434876
0.609257 -3.168038 -1.444208
0.662001 -3.117276 -1.477082
1.350181 -1.248173 -1.551414
0.731892 -1.953790 -1.618615
1.456107 -1.952316 -1.621173
0.329985 -1.889153 -2.210790
0.341925 -1.181692 -2.794682
-0.327237 -1.230153 -2.204605
-1.089197 -1.277905 -2.287886
-0.492859 -1.943504 -1.102661
-0.458247 -1.874589 -1.118170
-0.404433 -0.549995 -1.140140
-0.422022 -0.534519 -0.578757
-1.050480 -0.582687 -1.304298
-1.055365 -1.916041 -1.333868
-0.385188 -3.140413 -1.307793
-0.399472 -2.444785 -1.287859
-1.113232 -2.463553 -1.309263
-1.239783 -3.830586 -1.342503
-1.213014 -3.852232 -1.328850
-1.203619 -3.789682 -1.277205
-1.211920 -3.627488 -1.856942
-1.181427 -2.349651 -1.871066
-1.089765 -2.402973 -1.895198
-0.998083 -2.427041 -1.866301
-0.971048 -2.388046 -1.789462
-1.000098 -2.338488 -1.732135
-1.011201 -2.351448 -1.745958
-1.614669 -1.766331 -1.775315
-1.582707 -2.457244 -1.158967
-1.572059 -3.065448 -1.100475
-1.571357 -1.721088 -1.070068
-1.537460 -1.103950 -1.102240
-1.481756 -2.493300 -1.705103
-1.477189 -3.200867 -1.666349
-1.548188 -1.943902 -1.588159
-1.644476 -0.629295 -1.547924
-1.716190 -0.673896 -1.569129
-2.412143 -0.077521 -1.578565
-2.456174 0.551417 -1.528230
-1.891952 0.592941 -1.460671
-2.517065 0.645995 -2.114403
-2.465947 0.668441 -2.157513
-2.412333 0.044844 -2.188874
-2.388273 0.077565 -2.179458
-2.377233 0.122397 -2.157891
-2.364435 1.457143 -2.159678
-1.166843 1.460883 -2.179963
-1.800616 2.702527 -1.555681
-1.826002 2.780772 -1.542641
-1.806901 2.829035 -1.537412
-1.127235 2.816696 -1.557328
-0.448063 2.774235 -2.209750
-0.440686 2.776489 -3.477015
-0.454872 2.801697 -1.647279
-0.443880 2.779605 -1.656731
-0.425627 2.699892 -1.665643
-0.451953 2.629539 -1.650997
-0.515358 3.258805 -1.607718
-0.560935 3.308752 -1.574417
-0.547642 3.323750 -1.554650
-0.497592 3.271029 -1.542671
-0.461937 3.213812 -1.521986
-0.446204 2.007426 -1.498483
-0.423738 2.071865 -1.495267
-0.394238 2.068330 -0.867653
-1.007323 1.999929 -0.865583
-1.045843 1.970326 -0.858032
-1.057130 2.036783 -1.468333
-1.016702 1.489928 -1.457298
-1.561468 1.499750 -0.789454
-1.525060 1.456167 -0.772959
-0.926026 1.455880 0.506117
-1.524638 1.508431 0.503243
-1.464363 2.169409 -0.187367
-1.413353 1.505323 1.683857
-1.443514 0.813706 2.269026
-1.527865 0.801359 1.596395
-1.581508 0.848453 0.250678
-1.590814 1.440553 0.218255
-1.587360 2.034356 0.191933
-2.194893 1.339251 1.439579
-2.202445 1.360021 1.408613
-2.186728 1.407132 1.361894
-2.157555 2.027715 0.617047
-2.136253 1.370941 1.224377
-2.166202 0.104435 1.161243
-2.243497 -0.415590 0.493371
-2.317250 0.947602 0.466587
-2.353002 0.973636 -0.208377
-2.346822 1.575490 -0.232651
-2.338879 1.578401 -0.835546
-2.344488 1.632905 -0.835232
-1.131236 2.296658 -1.454456
0.089704 2.942741 -0.836318
0.143227 2.910798 -0.819665
0.137475 2.904466 -0.808954
0.088948 2.969311 -0.797687
0.064886 3.052610 -0.780178
-0.546429 2.483812 -0.773194
-0.560048 2.470873 -0.781989
0.004631 2.457709 -0.787050
-0.618815 2.465515 -0.776722
-0.603149 2.470550 -0.760539
-0.559754 2.433052 -0.756034
-0.559383 2.376242 -0.781379
-0.617456 2.346176 -1.466532
-0.659105 2.357902 -1.454796
-0.650795 1.035236 -1.420517
-0.642209 0.996602 -1.385616
-0.680193 0.994616 -1.976883
-0.759273 1.016771 -1.965837
-0.794941 1.013473 -1.958195
-0.757983 0.983037 -1.953487
-0.708407 0.956738 -1.952144
-0.696842 0.962952 -1.948933
-0.717912 1.011779 -1.247221
-0.711917 1.053376 -1.229144
-0.062629 1.062782 -1.217886
-0.058109 1.032904 -0.568159
-0.093624 0.450224 -0.536547
-0.758376 0.487616 -1.156291
0.650951 0.506499 -0.522023
0.696530 1.135408 0.090422
0.681421 1.104034 0.079377
0.686289 0.473955 0.093266
0.762916 0.474507 -0.528866
0.834337 0.470788 -0.498309
0.826788 1.667081 0.113216
0.766088 2.336413 0.136963
0.084004 2.350018 0.170811
0.106645 2.299033 0.211339
-0.486214 2.226387 -0.402054
-0.510108 2.205125 -0.405052
-0.520874 2.227738 0.248307
-0.469568 2.214991 0.286714
-0.982762 2.151944 0.333280
-0.940415 2.115716 0.369650
-0.350196 2.162901 0.396813
-1.021670 2.252551 0.422613
-1.003629 2.289105 0.443485
-0.423814 2.872975 0.463999
-0.459837 1.635719 0.484308
-0.471770 1.688044 0.491717
-1.715012 1.749354 0.465445
-1.703086 1.739447 0.427853
-1.738256 1.682438 0.406277
-1.798438 2.217103 0.348720
-1.184210 1.587256 -0.267333
-0.507139 1.598657 -0.314437
0.096297 2.840961 -0.380055
0.035748 2.095782 -0.422502
-0.034082 2.013506 -0.422827
-0.050946 2.010486 -0.426959
-0.014813 3.320296 -0.485329
0.007383 3.308296 -0.558194
-0.020843 2.636665 0.029191
-0.036794 2.582742 0.054292
0.002286 2.593616 -0.533737
-0.593345 2.644129 0.115546
-0.598098 2.642413 0.076384
-0.639208 1.946049 0.084625
-0.630016 1.886218 0.144825
0.010891 1.907710 0.181429
0.641431 1.972457 0.148986
0.637407 1.977473 0.110027
0.631788 1.927632 0.130491
0.658214 1.343703 0.204966
0.694658 1.410029 0.271352
0.026306 1.483329 0.293745
-0.565226 2.077489 0.302654
-0.552891 2.001843 0.341559
-1.156148 2.626508 0.408893
-2.451897 2.096192 0.447609
-2.493477 1.595755 -0.946991
-2.505936 1.610328 -0.984634
-2.460364 1.559500 -1.008219
-2.420029 2.161006 -1.681336
-1.778022 2.236458 -1.033521
-1.181568 1.706121 -1.074470
-1.202944 2.261217 -1.127987
-1.190977 3.404923 -1.156838
-1.195151 3.372856 -1.154551
-1.230108 2.123617 -1.149331
-1.267379 2.190867 -1.180119
-1.244960 1.565065 -1.256612
-1.167424 1.493743 -1.307588
-1.125473 1.468476 -1.300011
-1.168278 1.528129 -1.263217
-1.217576 1.602034 -1.254047
-1.202246 1.607670 -1.272331
-1.156559 1.549348 -1.255782
-1.165394 1.525487 -1.198083
-1.891608 1.581839 -1.142319
-1.927282 1.663380 -1.146338
-1.856409 1.687103 -1.185268
-1.078587 2.260367 -1.190954
-1.026088 2.822942 -1.159725
-0.521601 2.835095 -1.136433
-0.510345 2.865407 -1.146992
-1.047264 2.824753 -1.145300
-0.985422 2.721352 -1.101379
-1.010547 2.657154 -1.055932
-0.471096 1.429702 0.202739
-0.498069 1.495392 0.194980
-0.428099 1.479155 -1.058867
-0.361151 0.776053 -1.018746
-0.404822 0.721104 -1.027948
-0.511758 0.743599 -1.005995
-0.539853 0.767496 -0.959758
0.184882 0.734919 -0.892961
0.233198 0.041969 -0.865593
0.175272 0.055181 -0.899532
0.065217 0.117602 -0.939913
-0.626957 0.151658 -0.955371
-0.548804 0.111097 -0.956080
0.816569 0.661907 -0.978944
0.791928 0.028904 -1.014396
0.732820 0.115620 -1.669564
1.388302 -0.457204 -1.603098
0.797991 -1.147240 -1.532843
0.830549 -1.158282 -0.863961
0.792994 -0.446000 -0.890433
0.736928 -0.318733 -0.893589
0.735794 0.400968 -0.869171
0.793445 -0.269719 -0.859090
0.852594 -0.279892 -0.876877
0.871614 -0.217299 -0.897210
0.888608 0.469445 -0.873114
1.611401 0.428077 -0.814095
1.658078 0.310380 -0.763117
0.988373 0.257903 -0.737643
0.952680 2.146285 -0.729007
0.933169 2.150924 -0.732634
0.939884 2.076095 -0.761860
0.354064 1.994039 -0.803634
0.336196 3.230972 -0.186162
-0.303470 3.910181 -0.164293
-0.284327 3.895441 -0.120334
-0.267675 3.874734 -0.102336
-0.297900 3.823756 -0.114935
-0.358811 3.843404 -0.101271
0.229967 3.889017 -0.068019
0.218730 3.918244 -0.076680
0.205487 3.302434 -0.163016
0.804580 2.740133 -0.903136
0.790098 2.824680 -0.931247
0.158351 2.870918 -1.511429
0.192343 1.003338 -1.509409
0.223279 -0.343546 -1.571074
0.900007 -2.252313 -1.637281
0.884389 -0.948232 -1.646768
0.236611 -1.584687 -2.247409
0.838046 -1.645530 -1.636424
-0.495720 -1.726625 -1.710738
-0.508400 -0.495173 -1.780803
-1.726324 0.144717 -1.749673
-1.671376 0.758453 -1.639620
-1.624268 0.674374 -1.551482
-0.962014 0.617336 -1.553440
-1.636891 0.607158 -1.587577
-1.643008 1.267043 -1.567044
-1.670810 1.918132 -0.204281
-1.746192 1.892039 -0.207687
-1.198666 1.915564 -0.294224
-1.222689 1.973363 -0.389814
-1.179949 2.019173 -0.398401
-1.789564 2.035178 -0.331666
-1.794926 3.374148 -0.292298
-1.805286 3.425773 -0.344736
-0.570768 2.165164 -0.421344
0.027052 1.502539 -0.437543
0.002310 1.435765 -0.421650
-0.076246 0.205169 -0.461751
1.745231 0.229627 -0.576651
1.724038 0.261202 -0.669198
2.325682 -0.357770 -1.282302
2.377820 0.221871 -1.197811
2.449416 0.216930 -1.158415
1.955622 0.226796 -0.604279
1.995019 0.214705 -0.654513
2.010611 0.812341 -0.617020
1.977226 0.800842 -1.149205
1.936740 0.817465 -1.162560
1.913338 0.183592 -1.235715
1.905008 0.178937 -0.017267
1.289852 0.172399 0.051264
1.355184 0.171962 0.152145
1.451948 0.177958 -0.425080
1.470369 0.857252 -0.472948
1.462184 0.146724 -0.494872
1.979982 0.742507 -0.460295
1.877090 1.380549 -0.450004
2.370839 1.334991 0.113586
1.674795 0.671030 0.057228
1.587726 0.661476 0.076594
1.522886 0.629561 -0.465188
1.522771 1.209444 -1.725066
2.195211 1.160211 -1.758774
1.037485 1.176436 -1.804477
1.053397 1.256894 -1.135307
1.052712 1.327226 -1.057429
1.045400 1.970265 0.099049
1.622413 1.949794 -0.586941
1.592258 1.981098 -0.638477
2.876840 1.990336 -0.575870
2.925842 2.034539 -0.447327
2.410056 2.002298 -0.381324
1.204059 1.944772 -0.415250
1.289819 1.951809 -0.447603
1.323969 2.011817 -0.380654
0.750402 2.042054 -0.274672
1.406687 2.015171 0.990311
2.048763 1.341136 0.922619
2.010927 0.771811 0.874877
1.962598 1.475698 0.934464
2.011519 1.440807 0.385605
1.429018 1.376105 0.376913
1.468962 1.365763 0.263621
1.471171 1.426500 -0.422167
0.142270 0.867971 -1.008646
0.148170 0.843260 -0.928089
0.143954 0.808084 -0.279470
0.092790 1.458380 0.950553
0.009730 1.530406 0.954403
0.547648 2.215627 1.015971
0.538388 2.189360 1.084470
0.574745 2.803711 1.111282
0.609133 2.837504 1.106518
0.611204 2.905813 1.136236
-0.024552 2.936259 1.212805
-0.068441 2.916645 1.277509
-0.699280 2.895939 1.294806
-0.731195 2.917124 1.274922
-0.138597 2.308559 1.278727
0.428662 2.305533 1.302889
0.418209 2.269064 0.649519
-0.213701 2.918393 0.607238
-0.134415 2.952820 0.565640
-1.933626 2.994807 0.565489
-1.918186 2.333935 -0.062778
-1.288105 2.303003 -0.050182
-1.282597 2.296206 -0.068406
-1.270155 2.334702 -0.094419
-1.293524 2.374586 -0.750192
-1.369003 2.360607 -0.757143
-0.789841 2.326360 -0.785143
-0.786754 1.667587 -0.825398
-1.349083 2.352513 -0.866735
-1.288710 1.697854 -0.891237
-1.908404 1.016447 -0.897332
-2.550311 0.993830 -0.883059
-2.531364 2.360804 -0.865752
-1.887248 2.398109 -0.193976
-1.948575 2.411977 0.446551
-1.405891 3.031452 0.456403
-0.839653 2.994990 1.676892
-0.808231 2.976152 1.683915
-0.139200 2.964691 1.663419
-0.049524 2.930699 1.634071
0.031386 2.882978 1.637645
0.095497 2.852870 0.445704
-0.525361 2.854618 0.492803
-0.533687 3.477481 0.466507
0.686621 2.852587 0.407797
1.238336 2.206642 0.397349
1.200208 2.203810 -0.226409
1.195505 2.234846 -2.772394
1.192596 2.259716 -2.823558
0.571442 2.253780 -2.853434
-0.682563 1.623254 -2.804110
-1.256340 2.263686 -2.721584
-1.801351 2.296553 -2.701343
-0.561981 2.304574 -2.776723
-1.183305 2.272820 -2.247826
-1.182402 2.225245 -2.266748
-0.495024 2.215664 -2.232039
-0.456208 2.229867 -2.215378
-0.393553 2.201069 -1.511399
-0.314221 2.112604 -1.465311
-0.944215 2.038652 -1.411413
-1.565283 2.024012 -0.678509
-0.837024 2.018185 -0.594313
-0.792118 1.962304 0.166839
-0.810153 1.889165 0.160577
-0.961037 1.887258 0.111354
-1.053209 1.972025 0.724151
-1.095391 2.074907 0.020835
0.259524 2.119747 0.008999
-0.405727 2.732568 -0.016040
-1.795004 2.735832 -0.690160
-1.840721 2.785436 -0.064952
-1.822657 2.851182 -0.067245
-1.751465 2.866931 -0.063263
-3.074354 2.199315 -1.338784
-2.510514 1.559542 -1.341983
-2.575436 1.606410 -0.716826
-2.535395 1.662047 -0.722322
-2.429725 1.720680 -0.720689
-1.026229 1.725071 -0.101098
-1.683512 1.710652 -0.737856
-2.283115 2.351678 -0.725010
-1.572992 2.352809 -0.706605
-2.227690 2.339509 -0.045229
-2.181942 2.310020 -0.051783
-2.204938 2.273677 -0.752759
-2.212642 2.882903 -0.111866
-2.191751 3.537002 0.492146
-1.500529 3.610322 1.125719
-1.459738 3.673843 -0.119534
-2.080305 3.694950 -0.737753
-2.680817 3.695638 -0.749814
-2.654166 3.706754 -0.146606
-2.057824 3.745027 -0.127048
-1.437705 3.772250 -0.753532
-1.477984 2.455158 -1.396395
-2.171431 2.453605 -1.399288
-1.640736 2.454945 -1.379549
-1.620414 2.479197 -1.355110
-1.594900 2.506907 -0.716006
-2.256313 2.512831 -0.737223
-1.002790 2.479466 -0.758646
-0.376227 2.426338 -2.089552
-0.353719 0.460208 -2.108195
-0.369220 0.495702 -2.125167
-1.080250 1.163987 -2.135097
