1.247110 -0.644965 0.764883
0.649254 -0.651570 0.804032
0.668199 0.072213 0.856015
0.607238 0.075621 0.906927
1.228073 0.030293 0.918492
1.895925 -0.032133 0.896321
1.297042 -0.044763 -0.351499
1.846242 -0.008523 -0.323103
1.747460 -0.657692 0.352593
2.365460 -0.704356 0.305199
2.397068 -0.102142 0.252559
1.821660 -0.118812 0.266670
1.793050 0.527287 0.940707
1.725828 -0.098337 0.945089
1.738310 0.569670 0.880074
2.452452 0.546293 2.023802
2.481389 -0.069146 1.991889
2.385081 -0.070396 2.005506
2.902684 0.584611 1.992474
2.237335 0.570942 1.937544
1.675595 0.568286 1.888341
0.391439 0.573322 1.884029
0.365893 0.571177 1.897471
0.947547 0.544883 1.205025
0.333078 0.514306 1.133132
-0.212708 0.502353 1.673023
-0.166175 0.481508 1.645534
-0.216354 1.116565 1.663161
-0.903930 0.509736 1.675678
-0.860176 1.107307 1.672033
-0.784948 1.072722 1.676932
-1.418962 1.021527 1.710839
-1.438711 0.345606 -0.761822
-1.437926 0.339686 -1.406500
-1.382513 0.365746 -1.449675
-1.328178 -0.287827 -1.429789
-1.345011 -0.327795 -1.361417
-1.402149 -1.051649 -1.993128
-1.436143 0.223956 -2.672392
-1.415725 0.227049 -2.074550
-1.394216 0.209997 -0.770166
-0.740197 0.160279 -0.696034
-0.789433 -0.491724 -0.676092
-0.804047 -1.730090 -0.709616
-0.773752 0.208509 -0.745793
-0.757411 0.260037 -0.759223
-0.785970 -0.347298 -0.140904
-0.824613 -0.909385 -1.445312
-0.835117 -1.533405 -1.498411
-0.808701 -0.832443 -0.247269
-0.783242 -1.384977 -0.239715
-0.126612 -1.957701 -0.176015
-0.127626 -1.958762 -0.098580
-0.089435 -1.301887 -0.057257
-0.023244 -0.632781 -0.682246
-0.631140 -1.216805 -0.690239
-0.613143 -1.215346 0.555929
-0.594151 -0.637045 -0.119414
-0.565034 -2.004713 -0.150158
-1.168128 -3.232620 -0.175689
-1.151803 -3.229027 -0.183879
-1.842553 -3.309772 -0.180880
-1.876085 -3.411614 -0.174788
-1.887858 -2.120244 -0.181098
-1.862424 0.395499 0.410736
-1.852907 0.456064 0.383244
-2.528291 0.415459 0.371625
-2.589423 0.977977 0.380484
-1.375689 0.414418 0.379611
-1.376628 -0.131793 0.360906
-0.705617 -0.076960 0.339600
-0.752472 -0.100849 0.371810
-0.775903 -0.798198 0.416323
-0.101979 -1.401014 -0.203598
-0.737208 -1.342634 -0.214314
-0.745518 -1.356798 -0.241433
-0.786627 -1.439880 -0.233581
-0.808352 -1.491985 0.440754
-0.793404 -2.064295 1.070637
-0.775725 -1.376668 1.044804
-0.775897 -1.412693 1.018776
-0.193095 -1.501639 1.060845
-0.195862 -0.896669 1.157817
-1.490133 -0.894132 1.241501
-1.436409 -0.889192 1.237817
-1.394096 -0.932919 0.548909
-1.384607 -0.973570 -0.093101
-1.386391 -0.950010 -0.051925
-1.386147 -0.874130 -0.087524
-2.019969 -0.191612 -0.165208
-2.705820 -0.192310 -0.263223
-2.742638 0.381513 -0.282589
-2.747983 0.400480 -0.205617
-2.075167 -0.846692 0.489965
-2.040392 -0.871932 1.128582
-0.752917 0.450772 0.424197
-0.720057 0.418849 0.386567
-0.680479 -0.193234 0.435334
0.040311 0.518216 0.466912
0.063695 1.138969 -0.813936
0.014508 1.182130 -0.868295
-0.713905 1.159787 -0.851156
-0.739706 1.788638 -0.777019
-0.737333 1.778803 -0.725973
-0.744418 1.751295 -0.751935
-0.761207 1.737989 -0.801527
-0.751532 1.730790 -0.815751
-0.070897 1.733381 -1.417420
-0.033499 1.741307 -0.218961
0.604582 1.746809 -0.856013
0.543570 1.746168 -0.830091
0.491364 1.746913 -0.776547
0.480870 1.763085 -0.701264
0.506947 1.141522 -1.218663
0.529492 1.187343 -1.153938
-0.725633 1.826878 -1.097913
-0.694581 1.854244 -1.083905
-0.632518 2.485825 -0.484202
0.064377 2.502579 -0.511504
0.083186 2.529336 -0.485110
0.058129 3.204684 0.192772
0.671679 4.369518 0.854132
0.674034 3.681282 0.842014
0.027921 2.374486 0.852803
-0.013187 1.750707 0.904188
-0.065311 1.757240 1.557633
-0.072583 1.118346 1.527589
-0.031355 -0.246242 1.455972
0.002769 -0.274551 0.778060
0.628406 -0.910164 0.792356
-0.030902 -0.914526 0.813893
-0.074286 -0.902309 0.784313
-0.118525 -0.885290 0.725437
-0.167366 -0.868484 0.093303
-0.874726 -0.834527 0.128252
-2.163336 -0.802646 0.136601
-2.188482 -0.793312 0.080295
-2.175684 -0.806545 0.008716
-0.891040 -0.807025 -0.005754
1.112078 -1.383407 0.026610
1.137349 -2.590517 0.044665
0.532400 -1.895314 0.007277
0.539088 -1.888557 -0.020027
1.144637 0.010615 1.274219
1.105178 0.047851 1.337214
1.089261 1.282667 1.336167
1.115059 1.291294 1.276314
0.468894 1.271464 1.247224
0.483780 1.245674 1.285192
0.497468 1.822040 1.318212
0.515397 1.800479 1.296629
0.537459 1.767072 1.261440
0.540337 1.727721 1.263396
0.529508 1.699455 1.297593
1.162917 1.700909 2.494646
0.566589 1.715681 3.771840
0.588745 1.733305 3.756935
0.596674 1.741714 3.777046
0.608673 1.746963 3.828427
-0.004747 1.137823 3.860228
0.008168 0.494162 3.853739
-0.029749 0.513866 3.833858
-0.098512 0.524470 3.825132
-0.138217 0.554996 4.417491
0.558594 0.624833 4.382211
0.542798 0.080194 4.321601
1.123588 0.683445 4.283438
-0.162790 0.640357 4.290554
-0.132647 -0.008544 4.293618
-1.393696 0.656760 3.096194
-1.317858 0.646564 3.063910
-1.311758 0.581456 3.041040
-1.330774 1.156379 3.004884
-1.295592 1.131676 3.585323
-1.201745 1.789671 3.516607
-1.147592 1.772132 3.505156
-1.172486 1.708177 4.907517
-1.197873 1.657566 4.342761
-1.132231 1.676722 4.420169
-1.005900 0.482434 4.469935
-0.950163 -0.169661 5.687844
-1.006857 -0.250296 3.678113
0.257466 -0.312335 3.110252
0.298602 -0.302952 3.147151
0.374329 -0.932285 3.117279
0.337449 -0.931383 3.057904
0.212422 -0.980569 2.406780
0.125483 -1.001324 2.446665
0.152813 -1.608632 2.497730
0.197984 -1.627204 2.495224
0.139665 -1.080850 2.454382
0.646587 -1.189376 2.449395
0.526801 -1.211835 2.499857
0.536667 -1.137708 2.545787
0.581020 -0.418702 2.532649
0.548287 -0.409383 2.479684
0.447582 0.202493 2.441244
0.417460 0.262472 2.451033
0.529793 0.378697 2.480689
0.657523 0.447901 2.460234
0.650609 0.482020 2.376579
0.531608 0.440663 1.688177
0.475845 -0.220479 1.685853
0.564148 -0.811365 1.741914
1.310643 -0.789104 1.769260
0.678854 -1.436656 1.737765
1.218969 -1.466675 1.702796
0.482152 -2.148063 1.730763
0.556105 -0.873307 1.795208
0.635089 -0.885789 1.821097
0.611500 -0.888863 1.784824
-0.823956 -0.878925 1.759969
-0.858870 -0.863981 2.453167
-0.184001 1.069776 2.516115
-0.169115 1.029718 2.536698
-0.870407 1.034851 1.837172
-0.333780 1.054481 1.813370
-0.339390 1.061449 1.826793
-0.260136 1.055848 1.842831
0.417156 1.062029 1.821340
0.331706 1.086573 1.763253
0.229045 0.492974 1.733057
0.232062 0.492305 1.739829
0.295656 1.737795 1.097392
0.274515 1.713029 1.742026
-0.502462 1.075714 1.703798
-1.224880 1.094131 2.342985
-1.846831 0.412276 1.711434
-1.721470 0.435609 1.731863
-2.312205 0.493629 1.066516
-2.345132 -0.831304 2.394213
-2.999825 -0.799820 2.422450
-2.253060 -0.814779 2.461099
-1.479621 -0.821898 3.149105
-1.476775 -0.804003 3.158176
-1.544625 -0.134713 3.806797
-1.576031 -0.157869 3.820097
-1.519123 -0.879275 3.855544
-1.438795 -0.908486 3.211753
-1.414426 -0.904941 3.218788
-1.436598 -0.905911 3.848855
-1.433424 -0.244997 3.246164
-0.112506 -0.256249 3.268777
-0.068389 0.360129 3.280218
-0.084232 0.985331 3.870868
-0.774338 0.914482 3.218924
-0.813248 0.880259 3.825082
-0.175706 0.227485 3.198356
-1.543464 0.255740 3.797458
-2.239298 0.247313 3.165368
-2.276665 0.212769 3.184885
-1.036430 0.897709 3.185927
-1.038189 0.320162 3.184580
-1.660852 0.361888 3.810967
-2.267731 0.358544 3.824862
-2.280278 0.331358 3.847106
-1.033220 0.338561 2.561861
-1.635899 0.381745 1.238849
-1.630564 0.452602 1.839522
-1.605444 0.509408 1.868466
-1.546660 0.539688 1.909310
-0.174852 0.570129 1.301978
0.509125 0.575222 0.622914
0.561985 0.561609 0.590937
0.612879 0.522616 1.820976
0.654124 0.487230 1.207307
0.675979 1.099074 1.179296
0.681985 1.046653 1.092167
0.692411 0.313977 0.340004
0.702976 0.324729 0.966152
2.049369 0.389668 0.334503
2.038700 1.117797 0.285676
2.025521 1.063985 0.882129
2.010347 1.633282 2.188722
1.980964 0.310275 4.150548
1.939747 -0.943185 4.173222
1.889614 -0.946914 2.911046
1.846055 -0.995410 3.579525
1.824933 -1.668549 3.634304
1.824768 -1.635457 4.317699
1.826376 -1.548399 3.717858
1.820613 0.457111 3.754734
1.813875 0.469600 4.422356
1.812168 0.453038 3.820269
1.832759 0.449237 4.461795
0.553163 0.456424 3.822733
0.585971 0.425816 3.807264
0.583911 1.044780 3.780125
0.549289 2.254949 3.758868
-0.090237 2.811304 3.108788
-0.076008 2.211176 2.441109
-0.057566 2.233566 2.424369
-0.078892 2.833018 3.012933
-0.133641 2.090706 2.982492
-0.789227 2.054384 2.970635
-1.488963 2.708071 2.956574
-1.492476 2.655514 2.283531
-1.514812 2.572379 2.233079
-1.551112 3.182921 2.825439
-2.195941 3.216879 2.834880
-1.453152 3.270765 3.550728
-1.398123 3.299644 3.591666
-0.729136 3.319767 3.585997
-1.414621 3.365072 3.546446
-1.446071 2.826645 4.122889
-1.457447 1.677439 4.733505
-1.445045 1.118053 4.694310
-0.795214 1.145145 4.605464
-1.481283 1.187903 4.524866
-1.463167 1.214532 4.512198
-1.428586 0.589234 4.551986
-1.381170 -0.063169 4.584600
-1.341925 -0.616680 3.941249
-1.329754 -0.618027 3.942142
-0.742867 -0.655725 4.023807
-0.779183 -1.885886 2.909624
-0.815283 -1.874159 2.253920
-0.839596 -0.585998 3.510821
-0.848614 -0.615044 2.858478
-1.465499 -1.337161 2.904758
-0.824621 -1.355360 2.955172
-0.098308 -1.316744 3.631901
0.580263 -1.282679 4.290668
0.584684 -1.296486 4.947060
-0.115884 -0.711941 4.989954
-0.169424 -0.702626 4.992991
-0.214145 -0.653449 5.590385
0.398443 -0.606919 5.539406
0.385451 -0.591003 5.535968
-0.293096 -0.604614 5.580669
-0.298700 -0.600714 5.617079
-0.266051 -0.568334 6.269240
-0.833692 -0.535994 6.245144
-0.849184 -0.552157 6.268596
-1.541427 -0.614849 6.305337
-1.585736 -0.661874 6.304514
-1.576004 0.005480 5.581137
-2.163678 0.038513 5.513915
-1.528375 0.021689 5.496466
0.363314 -0.050816 6.176178
0.389568 -0.162329 6.205130
0.457502 -1.336426 5.602601
0.520639 -1.247429 5.598419
0.540990 -1.225348 6.276957
0.538735 -1.291049 6.338852
0.532984 -1.360676 6.393180
0.521951 -0.726630 6.379734
0.499150 -1.281679 5.686141
0.469650 -1.289587 5.673723
1.767016 -1.352683 5.705472
2.372581 -1.360430 5.732789
2.407197 -1.267939 5.706296
2.453478 -1.171882 5.672926
2.480126 -1.177859 5.683944
2.485599 -1.262031 5.719721
2.494141 -1.937382 5.714439
2.529709 -1.284219 5.624826
2.558972 -1.277157 5.536481
2.564654 -0.744549 4.862998
1.924384 -1.406444 4.860500
1.946537 -1.420715 4.829667
2.008514 -1.373224 4.774769
2.065889 -1.349737 4.771094
2.085794 -1.388403 4.175585
2.079500 -1.443297 4.217759
2.074882 -1.464609 4.215785
2.099765 -1.470675 4.817626
2.115671 -1.490965 4.827550
2.075112 -0.911501 4.248256
1.994919 -0.920462 4.959284
1.942877 -0.259656 5.634992
1.938408 -0.199427 5.613951
1.952254 -0.157742 5.615599
1.946925 -0.144230 5.653591
1.288387 -0.136887 5.690069
-0.099735 -0.148978 5.663039
0.578072 -0.172672 5.543452
0.589897 -0.186445 6.106212
-0.102422 -0.187209 6.772060
-0.156044 -0.176907 6.142840
-0.167321 -0.180149 5.456562
-0.153612 -0.184789 5.405046
-0.163020 -0.169475 4.745268
-0.202233 -0.141731 4.818388
-0.227753 -0.144494 4.222222
-0.211333 -0.198700 4.200828
-0.181073 0.392222 4.162154
-0.181519 1.663877 4.183269
0.437656 2.322986 4.823673
0.400653 2.344578 4.850322
-0.940392 1.067315 4.836278
-0.970464 1.111720 4.841186
-1.021675 1.212727 4.881701
-1.049231 1.297915 5.615744
-1.027645 0.672125 5.585319
-0.987164 0.645635 5.540581
-1.623538 0.615314 4.831859
-1.635600 0.644652 2.943453
-1.004261 0.686966 2.962449
-0.969716 0.673494 2.923508
-0.997127 0.628054 3.501463
-1.683704 0.609060 4.117457
-1.710125 1.288597 3.569582
-1.063165 1.293337 3.611972
-1.041261 1.230969 3.591112
-1.676207 1.115597 2.952814
-1.682466 1.082753 2.942759
-1.702750 1.106775 2.973285
-1.693582 1.114823 2.998625
-0.970656 1.092063 2.990185
-0.927387 -0.132428 2.972523
-0.919002 -0.070351 2.973029
-0.939253 0.021693 3.619218
-0.936409 0.062893 2.979251
0.433316 -0.575290 2.975099
0.481965 -0.586246 2.968666
0.504925 0.645565 2.962078
0.502243 0.029807 2.335632
0.515308 0.674899 2.324321
0.556612 -0.014223 1.676136
0.607126 -0.011102 1.690845
0.619839 -0.002374 2.321943
0.589901 0.642819 2.295732
-0.064868 0.638228 1.644468
-0.051362 -0.009164 1.664962
-0.023000 -0.061545 1.699665
-1.323037 -0.126658 2.322797
-0.746538 0.477276 2.306505
-0.805552 0.459893 2.285891
-0.828143 -0.242693 2.913212
-0.816733 -0.287290 2.913429
-0.834757 -0.316970 2.899096
-0.906565 0.328145 2.893278
-0.962941 0.321633 2.913452
-0.942717 0.288115 2.336313
-0.861403 0.850317 2.362358
-0.824555 0.802362 -0.140606
-0.859125 1.435690 -0.132483
-0.900104 1.419668 0.482916
-0.895872 0.744474 0.474781
1.134912 0.744670 0.464709
0.527990 0.770260 0.439052
0.500748 1.454439 0.398315
0.428891 1.524189 -0.295507
0.365521 -0.298655 -0.257079
0.361279 0.370017 -0.213691
1.062527 0.393592 -1.536232
1.066011 0.409322 -1.584854
0.993383 0.435806 -1.600689
0.916969 0.477612 -0.883871
0.912516 0.520637 -0.827421
0.984709 -0.066670 -0.872315
1.063093 -0.006787 -0.965389
1.708789 -1.227922 -1.644196
0.393787 -1.212860 -1.586758
0.397407 -1.231076 -1.517684
0.456244 -0.599857 -1.516782
0.506801 0.017686 -2.225726
1.145482 -0.009544 -2.245975
1.080911 0.605177 -1.581459
1.025123 1.217600 -1.531172
-0.262883 1.207980 -1.570909
-0.267727 1.898775 -1.665719
-0.269512 1.898886 -1.023908
0.382135 1.844753 -0.305658
0.399987 1.799184 -0.212679
0.424489 1.798153 0.413679
0.423856 1.798522 1.045437
0.415063 2.376055 1.070836
0.420588 2.317737 1.200274
0.435685 2.299037 1.310628
0.449182 2.340807 0.045745
0.445830 1.776771 0.009866
0.452854 3.122821 -0.003260
0.504671 3.116037 0.058863
0.584089 2.490771 0.135478
1.251235 2.492742 0.166531
1.866840 1.281296 0.154858
1.221363 1.228482 0.147014
1.208719 0.523426 0.168302
1.828396 -0.746323 0.168839
1.149598 -0.107084 0.129665
1.734894 -0.087944 0.067367
1.668923 -0.102357 0.013446
0.984746 -0.164757 -0.009938
0.335039 -0.238393 -2.018241
0.958464 -0.896868 -1.388665
0.912702 -0.267301 -1.366195
0.867109 -0.305786 -0.731648
0.841473 -0.360457 -0.752391
0.840447 -0.388964 -0.785841
0.864999 -0.384744 -0.767609
0.252307 -0.993821 -0.722855
0.249568 -0.974748 -0.727054
0.243273 0.255465 -0.778782
0.277891 -1.090008 -0.825134
0.331423 -1.086905 -0.799813
0.357427 -1.698013 -0.734366
1.658343 -1.718641 -0.686637
1.009998 -1.758244 -0.678046
1.028627 -1.135430 -0.683427
1.067426 -1.104486 -1.268610
1.090388 -1.044455 -1.209326
1.072968 -0.979312 -1.201556
1.046054 -0.908685 -0.610914
1.054498 -2.179508 -1.911222
2.367550 -2.097837 -1.911489
2.444684 -2.058770 -1.872032
2.455173 -2.084959 -2.518709
1.748040 -2.119375 -2.538347
1.686347 -2.122697 -3.215532
1.691115 -2.099866 -3.192241
1.726710 -2.070487 -3.173160
1.735067 -2.057613 -3.204105
1.709819 -2.051729 -2.612247
2.976723 -2.042291 -2.020611
1.693792 -0.652270 -2.015573
0.433979 -0.688209 -1.365940
0.476903 -0.743967 -2.630808
-0.172987 -0.786809 -2.634277
-0.218617 -0.810054 -2.601271
-0.269353 -0.814057 -2.539214
-0.274279 -0.815360 -3.115271
-0.911306 -0.812894 -3.092646
0.426464 -0.796089 -2.458126
1.637772 -0.764356 -1.265793
1.615631 -0.734904 -1.283678
1.016550 0.460693 -1.944031
1.676272 0.434227 -1.351007
1.682524 0.409576 -0.140109
1.651359 0.388343 -0.117968
1.619874 0.377077 -0.090417
1.624557 0.376784 -0.088958
1.626585 1.751261 0.558225
1.589178 1.794598 0.538365
1.534060 1.819977 0.501310
1.508222 1.828818 1.772942
1.532926 1.833851 -0.150700
1.566184 1.842158 -0.168950
0.331047 1.844101 -0.701573
0.279739 2.493342 -1.941568
0.252823 2.484576 -3.233247
0.867672 2.471674 -3.244069
0.871225 2.477710 -3.223008
0.854801 2.503109 -3.192513
0.821228 2.515508 -3.196354
0.834684 2.507505 -3.246231
0.264675 2.493054 -2.621041
0.299752 2.499042 -2.616570
0.291537 2.510346 -2.579064
0.262225 2.490012 -2.578084
0.262476 2.436881 -2.630389
0.283419 2.379869 -2.672688
0.293334 3.618716 -2.681354
0.303274 3.647865 -2.668167
0.320034 3.662668 -3.340647
0.358643 3.642237 -3.385674
0.393484 3.620224 -2.756547
0.416115 3.645413 -3.390406
0.439102 3.681770 -2.693958
0.452572 2.382099 -2.686484
1.767921 2.355291 -2.737461
1.736850 2.347555 -3.449344
0.430195 2.382942 -2.769396
0.418209 2.420982 -2.713412
1.038624 1.817807 -3.320058
1.025367 1.823793 -3.417236
0.976406 2.476268 -4.093208
0.925672 3.089026 -4.069503
0.911290 3.076256 -3.366483
0.936865 3.047546 -3.361800
1.600526 3.022226 -3.405317
1.578024 3.006077 -3.429312
1.543627 2.988817 -3.404679
0.873058 3.601829 -3.379443
0.920814 3.610680 -2.783053
0.314919 3.625397 -2.838025
0.291202 3.611894 -2.843871
-0.365982 3.571145 -3.444928
-0.364036 3.533527 -3.436343
-0.319261 3.511697 -3.480557
-0.293515 3.525207 -3.523117
1.599230 3.543255 -2.877610
1.568980 3.551509 -2.186421
1.582850 2.908567 -2.185609
1.657641 2.907624 -2.209229
1.721425 2.894755 -2.850751
1.722918 2.852563 -2.789475
1.026570 2.800768 -2.730191
1.024126 2.740804 -2.719577
1.051122 3.330920 -2.749497
1.715688 3.334225 -2.769145
1.684390 2.071228 -2.765448
1.652761 2.090012 -2.774742
1.666792 2.109869 -0.904257
1.717206 2.122681 -0.921317
1.734795 2.133089 -0.910007
1.704077 2.158730 -1.487952
1.679216 2.185812 -1.479616
1.679932 2.178943 -0.132329
1.045636 2.154570 -1.437935
0.992870 1.524868 -1.426632
0.908815 1.576829 -1.495076
0.882480 0.416661 -0.277541
0.928325 0.461593 -0.288894
0.975104 0.476169 -0.846585
0.952085 0.493270 -1.486930
0.898430 0.532260 -1.516782
0.901759 1.236084 -1.549564
0.963501 1.184065 -1.536973
1.010396 -0.234795 -1.487428
0.369261 -0.265092 -0.806617
0.325668 -0.254004 -0.794300
0.356412 -0.226657 -0.805889
1.082589 -0.206572 -0.813656
0.515738 -0.189597 -1.437644
0.518885 -0.837757 -1.446615
0.498496 -0.810668 -1.455809
0.500736 -0.825938 -1.454811
0.511327 -0.900682 -1.437324
0.485093 0.293868 -1.411636
0.402429 0.272155 -0.767076
0.321687 0.301363 -0.706271
0.294623 0.342518 -0.656749
0.291027 -0.924245 -1.285523
0.253487 -1.552332 -2.019434
0.193290 -1.491934 -2.063255
0.168959 -0.760885 -1.391929
0.182453 -1.328953 -0.823009
-0.443307 -1.376795 -1.456519
-0.475340 -1.431236 -0.802289
-0.501370 -1.452540 -0.173872
-0.480569 -1.441353 1.116545
0.207266 -1.430562 1.065492
0.883775 -1.440364 1.016827
0.906199 -1.447193 1.007104
0.930488 -1.435029 1.012959
0.296365 -1.418177 1.006196
0.972911 -0.786767 -0.364429
0.963079 -0.823720 0.262214
0.961595 -0.858686 0.357410
0.983024 -0.865249 0.457921
0.417485 -0.246670 0.435926
0.441021 -0.872050 0.371812
0.466710 -0.865564 0.321174
0.517187 -0.841481 -0.280801
0.579393 -0.782096 -0.247268
0.611022 -1.333446 0.315267
0.596916 -1.952731 -0.437887
0.570425 -1.963305 0.215208
0.572507 -1.966507 0.340244
0.598795 -1.940523 0.437611
0.610179 -1.923814 0.407155
1.248372 -1.950066 0.957800
1.243866 -1.995059 0.975054
1.284482 -1.994075 1.041273
-0.584073 -1.953041 0.392669
-0.602143 -1.933909 0.908818
-0.031632 -1.966017 0.802633
-0.103176 -2.026270 0.194008
-0.152115 -2.042382 0.938893
-0.784244 -2.021274 0.983503
-0.792229 -1.410843 0.966198
-0.789889 -1.437238 0.984702
-0.767756 -1.490347 0.479350
-0.740722 -1.503103 0.618425
-0.730790 -0.202906 1.253664
-0.752283 1.109139 0.510207
-0.156464 1.096464 0.459028
-0.206508 0.353159 -0.088025
-0.256213 -0.380634 0.010650
-0.291300 0.937814 -0.639376
-0.302562 0.984797 -0.717730
-0.284410 0.379823 -2.121855
-0.272898 0.301794 -2.102405
-0.274407 -0.395695 -3.428872
-0.281059 0.292839 -3.481557
0.306673 0.359087 -2.909843
0.293901 0.367694 -2.354900
0.264258 -0.335701 -2.372728
0.241448 -0.358544 -2.374717
-0.368609 0.339576 -1.750397
-0.975028 0.397283 -1.765955
-0.947608 0.399170 -1.750389
-0.949475 0.349336 -2.368860
-0.969945 0.331302 -2.340728
-0.969128 1.007590 -2.964097
-0.954087 2.281543 -2.324042
-0.964462 2.245151 -2.959122
-2.255736 1.491781 -2.953280
-2.294305 1.411383 -2.345034
-1.647038 1.446753 -2.330053
-1.603081 1.525589 -2.232693
-2.201622 2.769568 -2.160488
-2.203297 2.702054 -1.496569
-1.568446 2.687997 -0.215565
-1.526248 2.781381 -0.919838
-1.487020 2.881656 -0.254730
-2.139580 2.867934 -0.228690
-2.826689 2.150614 0.444962
-2.840411 2.131813 0.411288
-2.804923 1.597332 0.356285
-2.138571 2.374374 0.370278
-1.506563 2.364554 0.488962
-2.124845 2.301124 0.525661
-2.091698 2.302801 0.462543
-1.417798 1.081432 -0.297307
-1.383971 2.403029 -0.298166
-2.595166 2.335122 -0.236184
-2.569023 1.588469 -0.220610
-2.538340 1.540466 -1.654862
-2.500415 1.602123 -1.115671
-2.458665 3.012654 -2.318169
-1.821629 2.362187 -2.828557
-1.171446 1.593620 -2.816021
-1.782621 1.601654 -2.887062
-1.139824 1.700703 -3.598235
-1.109790 1.769901 -3.557055
-1.093588 1.736362 -2.833769
-0.474674 1.009925 -1.615374
-0.486769 0.986444 -1.695458
-1.116857 1.712236 -1.743470
-1.116485 1.747735 -2.349104
-1.149071 2.356530 -1.638466
-1.837238 3.507944 -1.662851
-2.520914 4.164387 -2.397632
-2.526828 4.201213 -2.399819
-2.541824 4.171927 -1.734418
-2.600687 2.228439 -1.687613
-2.664482 2.193726 -1.706349
-2.674136 2.883292 -1.757473
-2.644302 2.919302 -1.762870
-2.664326 2.892988 -0.422996
-1.437688 2.209051 -0.402677
-1.472545 2.219264 -0.424275
-1.446848 3.559041 -0.455062
-1.418750 3.614966 -0.457777
-1.461529 2.354171 -0.452617
-1.515433 2.974899 -1.770040
-1.505395 3.003451 -2.408452
-1.432478 3.038190 -3.073248
-1.374391 3.676588 -3.062540
-1.399817 3.601186 -1.773081
-1.459746 2.896027 -1.749730
-1.488477 2.251532 -2.381532
-1.468394 2.226533 -2.394014
-1.439356 2.859064 -1.727291
-1.466198 2.839487 -1.673575
-1.521957 2.200811 -1.628117
-1.530450 1.561942 -1.608137
-1.488528 1.550738 -1.594386
-2.751402 1.529358 -1.545501
-2.758176 1.538078 -2.100984
-2.815240 2.226447 -0.776406
-2.865638 2.266206 -1.451942
-2.883498 2.275293 -1.497301
-2.872663 2.249012 -1.501512
-2.883408 1.591268 -1.467739
-2.917662 1.611710 -0.809871
-2.922590 1.608761 -0.859011
-2.913121 2.220130 -0.927393
-2.289354 1.493423 -0.945050
-2.305985 1.488282 -1.578316
-2.356516 1.526633 -1.571575
-2.414515 1.532073 -1.618951
-2.458490 1.450765 -1.094560
-2.481376 1.336355 -1.121698
-2.456537 1.299499 -0.453951
-2.406622 1.333999 -0.435809
-2.997708 1.337936 -1.129068
-2.317218 1.268379 -1.192455
-2.309161 1.195556 -1.213108
-2.277274 1.217995 0.125819
-3.482608 2.001591 0.178716
-2.807405 2.077033 0.163435
-2.818128 2.063776 0.128349
-2.866478 2.006401 1.475027
-2.876435 2.018062 1.540991
-2.820192 2.104777 1.592644
-2.755789 2.163731 1.565772
-2.764312 2.134031 1.509332
-2.830278 2.059313 1.502894
-2.865397 2.051014 1.562594
-2.826203 1.446903 1.601743
-2.139946 1.522293 0.970008
-0.889863 1.490801 0.926521
-1.612022 1.391322 0.937771
-1.637774 1.362327 0.996101
-1.583892 1.427003 1.006526
-0.845209 1.497856 0.296511
-0.852506 0.847967 -0.436489
-0.238009 0.800489 -1.038368
-0.881757 1.444166 -1.005032
-2.102827 1.529622 -1.015713
-1.445986 1.616788 -1.078025
-1.483665 0.959664 -0.525411
-1.553720 0.839695 -0.530949
-2.250584 0.747044 -0.519575
-2.217836 0.747357 -0.544523
-2.234130 1.477716 -0.585356
-2.261860 1.520792 0.097868
-2.308999 1.530473 -0.479124
-2.307295 1.541071 -0.466925
-2.264351 1.589442 -0.503788
-2.238988 1.642486 -0.527300
-1.590758 1.630749 -0.510275
-1.658705 1.543215 -0.487840
-2.950229 0.784878 -0.498296
-2.937591 0.736981 -1.153141
-1.671930 0.742172 -1.211798
-1.023677 1.417675 -1.192714
-1.103615 1.425359 -1.224033
-1.158647 1.408688 -2.452933
-0.491918 1.403851 -2.442631
0.867895 2.059837 -2.441239
0.209293 2.104471 -1.788666
0.175316 2.085841 -1.767813
1.429732 3.362162 -1.752509
1.494946 3.303718 -1.730968
1.518796 3.294545 -2.939325
0.788417 2.681751 -2.946043
0.742159 2.687154 -2.964182
0.761948 1.998097 -3.586133
1.473849 1.969389 -3.580561
1.468725 1.997748 -2.897883
1.389094 2.706637 -2.922215
1.325076 2.710809 -3.547255
1.333100 1.989844 -3.524989
1.382152 1.932456 -3.482848
1.403870 2.595316 -3.445650
1.311939 2.643810 -2.800004
1.253790 2.003748 -2.886506
0.675356 0.675005 -2.882722
0.770848 0.648119 -3.480007
0.117236 1.362505 -4.125686
-0.576128 2.121344 -4.152548
-0.611531 2.138973 -3.516070
-0.567627 2.094685 -3.491105
0.635196 2.093102 -3.460942
1.238651 2.162207 -2.786805
1.184702 0.931472 -2.783800
1.117348 0.915855 -2.785266
1.147558 1.512284 -2.816752
1.247383 1.539536 -2.884833
1.287063 1.609355 -2.972330
1.864275 1.659543 -3.027452
1.812792 1.664411 -1.747328
1.198359 1.657486 -1.742915
1.279079 1.669151 -1.763501
1.291706 0.450593 -1.762699
1.242911 0.445933 -2.349319
1.221921 0.440132 -2.283317
1.277707 1.741174 -2.256402
1.337854 1.775725 -2.908508
1.313742 1.803346 -2.960835
1.230887 1.798903 -3.632724
1.184330 1.799484 -3.599618
1.217144 1.841004 -3.578479
1.266333 1.227919 -4.232551
1.261028 1.214892 -4.274417
1.214808 1.165699 -4.272882
1.195788 1.129856 -3.581028
-0.011745 1.141962 -3.554038
-0.010496 1.159611 -3.590174
-0.064777 1.727704 -2.984735
-0.136304 1.671470 -3.000937
-0.154776 0.357667 -2.987934
-0.110291 0.367913 -2.992298
-0.072792 0.392704 -2.396154
0.581175 1.016904 -2.401920
0.596131 1.606113 -2.353828
0.655452 1.560265 -2.287073
0.739461 0.937447 -2.274676
0.771852 0.980795 -2.321533
0.764536 0.993140 -2.348491
0.769071 0.953288 -2.330218
0.802404 0.909086 -2.291101
0.828076 0.922904 -4.202923
1.469513 2.302999 -4.216218
1.451096 2.282631 -4.874921
1.474446 2.209466 -4.872828
1.526963 2.159222 -4.849244
1.551569 2.831234 -4.842888
1.525326 2.903866 -4.856737
2.156813 2.937090 -3.629478
2.194281 2.922248 -2.993116
2.217129 2.268815 -2.354012
2.810326 2.318319 -2.400458
3.443147 2.363786 -2.440145
2.191924 1.039110 -2.447207
2.217197 0.983325 -3.054637
2.169403 0.956239 -3.652804
2.124987 0.987750 -3.661781
2.114541 1.041592 -4.193354
1.543917 1.044046 -4.154881
2.246104 1.008584 -3.520739
1.567252 1.001071 -3.559408
1.510968 1.053092 -3.614355
1.522759 1.088538 -3.625310
-1.112858 1.057162 -3.596938
-1.140429 1.004424 -4.290294
-1.193189 1.014516 -3.718994
-1.234619 2.975705 -3.118222
-1.234698 3.623204 -4.328911
-1.212065 3.603336 -4.303951
-1.216281 3.591755 -4.280257
-1.265966 3.614624 -4.288841
-1.296712 3.046506 -4.296411
-0.626657 2.419987 -3.620244
-0.575427 2.396912 -4.215337
-0.555069 2.398484 -4.152874
0.043677 2.415436 -4.069046
0.034026 1.196056 -4.022431
0.077576 1.183002 -3.980346
0.126592 0.532666 -4.624114
0.132410 0.527697 -4.615704
-0.522954 0.553878 -4.625698
-0.519385 1.198073 -5.262439
-0.476703 0.556941 -4.645507
-0.435797 -0.061311 -4.637839
-0.433281 0.602739 -4.634764
-0.462494 0.583977 -3.987967
-0.464102 -0.094535 -4.000371
-1.030048 -0.116625 -4.035261
-0.986948 -0.133253 -4.075324
-0.984745 -0.139693 -4.092268
-0.400785 -0.140295 -3.413215
-0.407350 0.521002 -2.775576
-0.377615 0.551863 -2.805406
-0.367217 0.581967 -3.515512
-0.415698 1.173305 -3.493417
-1.097049 1.153369 -3.444424
-1.081979 1.130455 -3.418438
-1.042298 1.102036 -3.426412
-1.034463 1.069698 -3.422667
-1.057065 1.034791 -3.373414
-1.052804 1.648513 -3.327516
-1.009368 0.342498 -3.344378
-0.976741 0.323294 -3.402567
-0.993056 0.322507 -4.071288
-1.036429 0.336824 -4.031906
-1.036606 0.343672 -3.993264
-0.373665 0.310278 -4.016929
-0.373299 0.253258 -4.078482
-0.421469 0.859874 -4.088932
-0.446853 0.878266 -4.025663
-0.403602 0.861625 -3.976583
0.905509 0.793686 -4.015595
0.897125 0.750597 -3.422886
0.858325 0.797507 -3.442393
0.849201 0.880230 -2.766412
0.877974 0.910901 -2.715810
0.877982 0.863562 -2.719911
0.803785 0.826525 -2.751166
0.713571 1.465315 -2.724775
0.690593 1.515293 -2.625731
0.103846 1.534954 -2.536373
0.748893 1.502401 -3.810875
0.712765 2.129515 -3.847235
0.670408 2.181894 -3.840575
0.007954 2.264615 -3.786866
0.043356 2.318318 -3.756290
0.699346 2.324105 -3.794148
-0.023699 3.002656 -3.854731
-0.084570 3.004885 -3.866546
-0.077889 2.993934 -3.837119
-0.019586 2.972488 -3.839031
0.010712 1.093964 -3.895999
-0.016446 1.101819 -3.960853
-0.052621 1.098992 -3.982275
-0.040426 1.089139 -3.964901
0.005843 1.074855 -3.964189
0.010096 1.060720 -4.002668
-0.054427 1.036960 -4.045604
-0.130566 1.000389 -3.430396
-0.132921 0.967807 -4.000708
-0.073333 0.942882 -3.988607
-0.041656 0.935543 -4.017688
-0.084069 0.936173 -4.049041
-0.135836 0.953524 -4.043108
-0.105854 0.983144 -4.619417
-0.021625 2.318849 -4.592250
-1.888947 2.359737 -4.606707
-1.899710 2.346114 -3.996029
-2.569610 2.962516 -3.991299
-2.509592 2.908764 -4.597854
-1.774816 2.922473 -4.605159
-1.737829 4.267901 -4.646092
-1.767488 4.284742 -4.045830
-1.786105 2.949853 -4.697034
-1.729774 2.253247 -4.047270
-1.647018 2.926776 -4.093195
-1.623471 2.261687 -3.518347
-1.677590 2.252218 -3.552069
-1.111998 2.226510 -4.187713
-1.129747 2.197710 -4.166969
-1.119848 1.537053 -4.173504
-1.160686 1.575969 -3.525723
-1.247839 1.598346 -3.495089
-1.299792 1.587002 -4.111331
