0.515353 4.909802 -1.440341
-0.081831 4.174550 -1.441405
-0.116755 4.148397 -1.441492
-0.148698 3.602672 -1.483550
0.479438 4.242576 -1.548601
0.496648 4.797204 -0.939181
0.451801 4.747526 -0.925644
0.986210 4.783357 -0.915801
1.555914 4.874585 -0.347714
1.553657 4.919883 0.176153
2.216576 4.869280 0.106892
2.226045 4.782188 0.101948
2.202940 5.356100 0.111934
1.516268 4.760210 0.082997
1.519222 4.787768 0.058104
0.875709 4.758788 -0.524704
0.832118 3.484401 -0.416148
0.789218 3.537869 -0.309033
0.764036 3.635546 -0.916769
0.131612 4.278455 -0.935998
0.841889 4.188084 -0.936812
0.213725 4.079780 -0.908884
0.180175 4.057068 -0.261401
0.132150 4.155526 -0.252985
0.745197 4.146022 -1.433384
2.731468 1.498327 -1.377764
2.695198 0.873802 -1.927485
2.011425 0.921981 -1.884210
1.329086 1.663649 -1.874861
1.375385 1.050732 -1.277517
1.480988 1.625947 -1.330880
1.543842 2.214517 -1.389129
1.536764 2.180991 -1.439147
0.844328 2.781266 -2.136038
0.887724 2.781807 -1.527331
0.943453 2.140778 -2.191662
0.301880 2.779065 -2.181390
0.252415 1.555370 -2.759691
0.231160 1.641034 -2.716703
0.287052 1.685731 -2.722870
1.035756 1.659251 -2.111984
1.718551 1.585895 -2.765812
1.032861 0.294431 -2.154782
1.056906 0.304543 -2.148903
1.142396 -0.339861 -2.135738
1.875792 -0.351859 -0.888737
1.859389 -0.374217 -0.841440
1.792985 -0.335161 -0.764912
1.112580 -0.270251 -0.689226
2.399331 -0.237360 -0.644440
2.437251 -0.247281 0.031846
2.456147 -0.236814 -0.599012
1.178787 1.712931 -1.240774
1.227293 1.749221 -1.945294
1.256202 1.688417 -1.369831
1.280623 1.046660 -1.409988
0.634640 1.065386 -0.794793
0.636486 -0.082636 -1.442146
0.646616 0.011062 -1.463454
0.639202 -0.588100 -1.470754
-0.014838 -0.609005 -1.475480
-0.037519 -0.593421 -1.525136
-0.043266 -0.538051 -1.615949
0.617360 -0.501515 -1.680753
0.619958 0.089289 -1.033150
0.609672 1.983968 -1.622223
1.226976 3.222480 -1.584753
1.228097 3.334336 -1.560136
1.245258 3.969676 -1.513920
1.252520 5.782429 -1.436721
1.251212 5.694116 -1.374217
2.531222 5.703408 -1.376334
1.940158 5.774337 -1.421021
1.982241 5.779584 -2.075019
2.003952 5.124412 -2.063731
3.291526 5.060591 -2.045835
3.287061 3.850901 -2.049634
3.269289 3.907660 -2.051807
2.567449 3.916950 -2.029855
3.150637 3.829773 -2.007482
1.936875 3.761719 -2.014747
1.330990 3.777757 -2.714232
2.002246 4.470213 -2.775382
2.631736 4.450555 -2.199391
2.628526 3.773564 -1.588055
1.973324 3.781453 -1.591228
1.952567 4.494187 -1.572831
1.912452 4.571752 -0.896453
1.864194 3.889845 -0.827750
1.825203 2.613367 -0.770298
1.178534 2.560290 -0.744559
1.157580 3.202095 -0.754070
1.141728 3.202076 -0.775351
1.134857 3.732500 -0.798713
1.142778 3.121436 -0.819823
1.169841 3.073186 -0.174884
1.830071 3.118835 -0.156013
2.499906 3.142888 -0.092014
1.775077 3.794217 -0.010894
1.751957 3.744542 -0.599133
1.756233 2.589206 -1.279788
1.789835 2.614713 -2.730732
2.510327 2.595698 -2.754259
2.549151 2.547385 -2.780323
2.575523 3.164880 -2.816848
2.594696 2.586905 -2.840721
1.966745 2.633034 -2.823105
1.949618 2.044593 -2.766177
1.908239 1.432801 -2.721436
1.861691 1.431157 -2.718120
1.194621 1.448190 -2.734370
1.223114 1.463158 -2.065573
1.934232 1.476164 -2.064715
1.957624 0.859446 -2.100099
1.951670 0.866391 -2.171059
0.615205 0.855594 -2.219305
0.590980 0.165952 -2.197563
0.583808 0.711261 -2.144321
0.570127 0.717511 -2.116070
0.541970 0.707513 -2.108072
0.521949 0.714390 -2.097862
0.546453 0.748325 -1.415346
0.603873 0.793453 -2.014266
0.647580 0.189334 -2.041841
0.645161 0.177724 -1.487978
0.619139 0.190669 -1.503716
0.615847 0.200071 -1.479969
0.635308 0.170143 -1.470782
0.629772 -0.538289 -1.483331
0.582722 -0.575006 -2.072042
1.196384 0.060736 -2.051315
1.212786 -0.494925 -2.028795
1.286456 -0.472292 -2.029409
1.352779 -0.484484 -2.055207
1.376619 0.730747 -2.078897
1.384978 0.755234 -0.708516
1.415531 0.802664 -0.712611
0.793165 0.791309 -0.768205
1.447117 0.064644 -0.748611
1.407706 0.643592 -0.679245
1.374227 0.658792 0.009962
1.401141 0.715058 -0.613251
1.471766 0.729090 -0.637865
1.504971 0.043992 -0.642392
1.507779 0.020490 -0.634507
2.042047 0.064275 -0.658990
2.015838 0.109933 -0.730031
2.016767 0.075618 -1.389856
1.972386 0.600373 -1.390309
1.888171 -0.077943 -1.354687
1.228728 -0.021202 -1.333508
1.249292 0.709133 -1.348050
1.285572 0.724462 -1.369062
1.286028 0.692310 -1.374688
1.261534 -0.550365 -0.785131
1.248514 -0.479698 -0.807902
1.876177 0.204871 -0.859241
1.893545 0.165476 -0.888417
1.271722 0.096032 -0.862512
1.277763 -0.530454 -0.806579
1.917908 -0.493423 -0.773847
1.944016 -0.492539 -0.778592
1.976605 -0.577818 -0.793057
2.002271 -0.667150 -0.798873
2.004957 -1.314388 0.527906
1.985075 -0.653993 0.498617
1.950489 -0.037936 0.479480
1.917710 -0.107830 0.463305
1.888231 -0.143737 0.441880
1.863807 0.517906 0.435956
1.850639 -1.339215 0.454254
1.849332 -1.989636 0.493487
1.857728 -2.032214 -0.828218
1.865257 -1.443302 -0.852635
1.870528 -1.402258 -0.855562
1.877044 -1.362809 -0.823696
1.872500 -1.371537 -0.785862
1.849261 -1.407546 -0.793803
1.194152 -1.415413 -0.822700
1.854413 -2.019987 -0.800840
2.555291 -1.369423 -0.728187
2.609475 -2.039741 -1.328381
2.636310 -2.081666 -1.352561
2.654624 -2.084129 -1.405803
2.684794 -1.427173 -1.422765
2.711346 -1.385263 -1.395048
2.702805 -1.392884 -1.369339
2.654737 -1.421272 -1.386702
1.960314 -1.982912 -1.404625
1.954284 -1.972480 -1.367044
1.995193 -1.312216 -1.291964
1.389885 -1.284850 -1.250309
1.390607 -1.910148 -1.258986
1.393697 -1.883698 -1.261490
1.426206 -2.503340 -1.232791
1.444873 -2.501946 -1.210167
1.403856 -1.845217 -1.231349
1.334540 -1.850658 -1.283131
1.295132 -0.474668 -1.308672
0.031357 -0.590678 -2.572341
0.003561 -0.642177 -2.530282
-0.060752 -0.587770 -2.586548
-0.083845 -0.515943 -2.666414
-0.643127 -0.523247 -2.670081
0.041171 -0.587425 -2.620476
0.039214 -0.006168 -2.620208
-0.024274 0.044993 -2.698593
-0.059174 0.710736 -2.761171
-0.027278 0.670526 -2.718389
0.010443 -0.011940 -2.599836
-0.015841 -0.018692 -2.527125
-0.064875 -0.618164 -2.533983
-0.057276 -0.583126 -2.525884
0.675135 -0.626331 -3.071251
0.121542 -0.054075 -2.980488
0.127829 -0.684029 -2.985152
-0.568179 -0.622015 -3.067495
-0.595042 -0.575611 -3.111677
-0.558438 -1.272481 -3.682345
-0.506885 -1.337290 -2.982203
0.133628 -1.320036 -4.903167
0.139862 -1.255329 -4.940036
0.131411 -0.650307 -4.965683
0.182368 -0.707933 -3.652461
0.230976 -0.747174 -2.343528
0.207078 -0.707617 -2.385049
0.139441 -0.632627 -2.503084
0.738220 -1.245644 -2.593491
0.119038 -1.959337 -1.923482
0.121472 -1.349138 -2.506644
0.091757 -1.283154 -1.833904
0.065121 -1.190044 -1.896788
0.088237 0.157003 -1.929635
0.139897 0.120506 -1.231008
0.169664 0.107454 -1.154447
0.155516 0.165301 -1.849648
0.132006 0.859461 -1.947302
0.768686 1.504395 -2.002180
0.171552 1.446989 -1.964222
0.155745 1.425590 -1.909745
0.151602 0.844556 -1.924048
0.175496 0.275290 -1.364529
0.217146 -0.358383 -1.407637
0.250587 -0.382117 -1.382089
0.257072 -0.375636 -1.992416
0.884888 0.267564 -1.924526
0.862826 0.286530 -1.975961
0.844974 0.282217 -2.688738
0.818320 -0.387034 -2.714201
-1.777047 0.256890 -2.691258
-1.119193 0.250399 -2.669527
-1.738003 -0.403811 -2.046321
-0.451441 -1.658335 -1.445681
-1.029603 0.920391 -0.831940
-0.994325 0.924785 -1.443051
-1.563766 0.220738 -2.659676
-1.558382 0.191166 -2.015608
-1.599693 0.866528 -2.045854
-1.652347 0.896873 -2.075766
-1.028689 0.918229 -2.707650
-1.004826 -0.327501 -2.020681
-0.982591 -0.375437 -1.990846
-0.986282 -0.401872 -1.993361
-0.983066 -0.371832 -2.620768
-0.942709 0.279960 -2.602591
-0.898592 -1.037578 -2.554002
-0.905116 -1.058408 -2.535373
-0.302537 -0.994943 -1.900180
-0.374415 -2.809506 -1.938667
0.232458 -2.760745 -2.542421
0.260764 -2.792251 -2.480707
0.930812 -3.448562 -2.465240
0.919522 -3.415771 -2.494305
1.523101 -4.006751 -2.512372
1.535050 -4.035795 -2.490342
1.581217 -3.507728 -1.883036
1.626038 -3.606913 -1.917753
1.627448 -3.639412 -1.958958
1.592416 -3.635091 0.101126
1.568060 -3.664437 0.111501
1.582340 -3.753545 0.074296
0.333367 -3.835662 0.010585
0.350361 -3.243974 -0.026074
0.329667 -3.234164 -0.704466
0.305088 -2.592981 -1.387931
0.324753 -2.645160 -1.404977
0.374257 -2.049208 -1.413447
0.387581 -1.366318 -1.397116
0.343955 -1.290572 -2.018723
0.278005 -1.247326 -2.640220
-1.004813 -1.245578 -3.240986
-0.387652 -1.259354 -2.597753
-0.395269 -1.213053 -2.629135
0.205437 -1.164449 -1.310634
0.161655 -1.750697 -1.928324
0.802987 -1.749449 -1.264556
0.811140 -1.728715 -0.054260
0.806943 -1.687752 -0.661902
0.782367 -1.655524 -0.008233
0.738647 -1.653884 -1.204051
0.713153 -2.318423 -1.197479
0.087718 -2.341111 -1.189996
0.086018 -2.373996 -0.575498
1.286168 -2.417953 -0.564362
1.270325 -1.919439 -0.547243
0.655020 -1.294781 -0.511228
1.295771 -1.264199 -0.469556
1.311949 -0.600573 -0.463480
1.311011 0.014765 -0.489760
1.293543 0.003586 -0.520756
0.649988 0.014114 -0.524766
0.664196 0.025003 -0.534558
0.692407 0.002016 0.049456
0.713295 -0.025711 -0.059819
0.743579 -0.644504 -0.134150
0.776351 -0.568771 -0.765581
0.158137 -1.141985 -0.737751
0.181054 -2.380478 -0.744922
0.194878 -2.372588 -2.011369
-1.095445 -0.439178 -2.034457
-1.711764 -0.388503 -0.745063
-1.694125 -0.389198 -0.738721
-1.714679 -0.394771 -1.380868
-2.361505 0.246153 -1.381081
-1.675953 -0.359997 -1.389048
-1.658851 -0.332356 -1.399965
-1.643038 -0.321404 -1.384450
-1.644460 -0.319492 -1.313796
-2.875015 -0.310170 -1.288474
-2.263959 -0.308571 -1.285839
-2.283539 -0.345014 -1.330597
-2.297939 -0.404458 -1.364832
-2.300779 -0.452671 -1.344180
-2.299721 -0.487808 -1.995735
-1.006571 -0.534830 -2.016635
-1.017148 -0.604106 -2.071167
-1.004738 -0.660302 -2.090946
-0.998242 -0.008749 -2.043345
-1.055207 0.026555 -1.326468
-1.096636 0.042789 -1.312675
-1.136121 0.045749 -1.346948
-2.425013 0.716574 -1.354435
-1.761991 0.753893 -1.891362
-1.758579 0.761386 -1.778573
-1.786022 0.062282 -1.731111
-1.828693 0.024475 -1.754209
-1.842860 0.024085 -2.354943
-1.816511 0.078083 -1.138665
-1.803243 0.139721 -1.075211
-1.849122 0.840683 -1.057588
-1.923512 0.864170 -1.108459
-1.926843 0.885988 -1.163895
-1.834332 0.909672 -0.551463
-1.745948 0.295976 0.124085
-1.754016 -0.365731 0.117151
-1.814785 -0.418010 0.048940
-1.807039 0.183241 -0.023515
0.892249 0.219024 -0.054025
0.929790 0.276392 -0.701151
0.895489 0.319691 -0.724936
0.201799 0.322912 -0.771913
0.238022 0.306029 -0.801925
0.332899 0.296385 -0.794395
-0.200768 -0.364016 -0.769883
-0.205821 -0.396758 -0.773184
-0.893221 -0.463013 -0.799557
-0.887034 -0.526440 -0.810935
-0.241500 -0.561186 -0.147469
-0.268076 -1.162567 -0.804670
-0.339975 -1.134491 -0.839693
0.828861 -1.008937 0.420962
0.835728 -0.979881 1.035699
0.270852 0.248155 0.993618
0.244041 0.853207 0.953076
0.206396 0.189261 0.292901
0.201660 0.820774 0.944398
0.222535 0.764258 -0.166519
-0.370575 0.681758 -0.170790
-0.417890 0.655292 -0.219665
-0.478232 0.709660 -0.266293
-1.130206 0.790713 -0.879019
-1.084216 0.155323 -1.385802
-1.037891 0.156793 -1.389997
-1.019717 -0.464113 -0.117287
-0.351161 0.220598 -0.133102
-0.294221 0.208123 -0.755339
-0.226626 -1.715499 -0.700828
-1.548996 -1.117062 -0.707227
-1.586945 -1.739447 -1.414248
-1.603960 -2.361788 -1.421300
-2.239053 -2.377366 -0.729447
-2.203218 -0.511872 -0.693671
-1.577914 0.154026 -0.726389
-1.583143 0.219728 -0.774925
-1.580444 0.235704 -0.068749
-0.892433 0.172748 -0.683646
-0.891651 0.094945 -0.647001
-0.204460 0.082100 -1.323022
-0.238929 -0.485182 -1.377323
-0.991320 -0.510459 -1.363141
-1.045614 0.076737 -1.315380
-1.069676 0.676296 -1.965895
-1.055231 0.095747 -1.348302
-1.040598 0.155102 -0.034757
-0.412301 0.759651 -0.670463
-1.739885 0.690052 -1.275995
-2.443124 0.647241 -0.562383
-2.383911 0.657178 -0.566392
-2.324144 0.643538 -1.235599
-2.326391 0.591597 -1.225160
-1.701182 1.238929 -1.172123
-1.697538 2.580507 -1.122673
-1.676962 1.421937 -1.124128
-1.663808 1.437901 -1.169193
-1.656038 2.036179 -1.206479
-1.648235 2.021263 -1.216392
-2.257674 2.058099 -2.594743
-1.580742 2.090579 -2.625343
-1.586035 2.055848 -2.698147
-2.828983 2.636304 -2.787120
-2.878914 3.269815 -2.853460
-3.533502 2.716770 -2.903972
-2.844606 2.772688 -2.958875
-2.862829 2.174178 -1.792939
-2.912453 2.187055 -1.830945
-2.959675 0.879660 -0.514949
-2.338036 0.891384 -1.132695
-2.353863 0.891012 -1.093266
-1.810847 0.881444 -1.058226
-1.858023 -0.377127 -1.022717
-1.848860 -1.705373 -0.977363
-1.802074 -1.704102 0.251794
-0.474647 -1.040017 0.228482
-0.506384 -1.572349 0.196373
0.148374 -1.480413 0.191699
0.235586 -1.467616 0.219047
0.303226 -1.524303 0.225374
0.308067 -1.563089 0.221502
-0.372194 -2.188999 0.239283
-0.343391 -2.187127 0.270834
-0.284785 -1.584479 2.124847
-0.244729 -0.986271 2.086746
-0.253734 -0.957355 2.091862
-0.267810 -0.868577 2.146447
-0.254374 -0.187094 1.557148
-0.238386 -0.285863 1.599820
0.353313 -0.363156 1.070710
0.284195 -0.371503 1.782552
0.216395 0.282415 1.827437
-0.435768 -1.013572 1.236483
-1.697411 -1.660336 1.217153
-1.678489 -0.970060 1.185255
-1.666029 -0.887021 1.798324
-1.645463 -0.794801 1.226698
-1.620039 -0.789243 1.250771
-1.602595 -1.472220 1.242235
-1.608879 -1.492513 1.837276
-1.640990 -1.447797 1.812210
-2.938655 -1.413545 1.787751
-2.929919 -1.474063 0.436712
-2.867333 -0.929245 1.643627
-2.797992 -0.268388 1.550394
-2.753533 0.490361 1.521293
-2.073197 1.208294 1.547294
-1.396218 -0.108204 0.965132
-1.352354 -1.461841 0.340961
-1.363748 -0.826091 0.963602
-2.059496 -0.775359 0.993390
-1.472425 -0.097862 1.674297
-1.510121 -0.813121 1.687134
-1.522307 -0.908024 1.665744
1.690528 -0.286602 1.655663
1.650703 0.421787 1.687535
2.272193 0.504329 1.093634
2.255887 0.510318 1.155857
2.210152 0.463634 1.184070
2.127837 0.441904 1.187891
2.725855 0.441978 -0.015193
2.709196 -0.213485 -0.033809
2.720010 -0.304041 0.556932
2.702586 -0.394137 1.177655
2.637573 -0.407466 1.140993
1.295888 -0.345955 1.104059
0.697544 -0.278631 1.110277
0.758587 -0.258586 0.527541
0.788617 -0.261339 1.116120
0.761893 -0.246227 0.426789
0.729985 -0.240695 1.116743
0.745491 -0.267187 1.157580
1.458220 -0.938301 1.196246
1.476743 -0.943581 0.612057
2.083847 -0.894924 0.594948
2.128480 -0.831730 -1.240797
2.173633 -0.778960 -1.259420
2.186886 -0.732565 -1.270458
2.177955 -0.679931 -1.295836
0.807807 -0.026276 -0.662518
0.740355 0.595919 -1.289422
1.353776 1.160661 -1.281077
1.359994 1.138830 -1.296491
1.376658 1.145843 -1.329188
1.393323 1.173314 -1.335767
0.777233 1.204179 -0.697437
0.153763 1.219164 -0.652237
0.222915 0.577165 -0.633271
0.872198 0.583683 -0.645611
0.859006 0.572146 -0.665471
1.508647 0.538903 -1.955329
1.485071 0.479240 -1.981986
1.514460 0.412984 -1.342099
1.516444 0.362365 -0.711738
1.471467 1.004492 -0.721148
1.441416 2.254805 -0.749193
0.212628 1.637355 -0.138919
0.272758 1.656287 -0.147743
0.903257 1.635156 -0.158860
0.781733 1.591664 -0.191572
1.324517 1.559368 -0.239618
1.315143 1.551321 -0.277233
1.364516 1.534817 0.377394
1.377118 1.508177 0.411708
1.348524 1.500774 0.429284
1.361233 1.546570 0.435606
-0.612630 1.634188 0.455903
-1.832630 -0.105551 0.471067
-1.756389 -0.056566 0.530982
-1.767777 -0.673887 0.564976
-1.762102 -0.667187 -0.069383
-1.080765 -0.644332 -0.118423
-1.075846 -0.626426 -2.022697
-1.113248 -1.314440 -2.047715
-1.133154 -1.383728 -2.035516
-0.469053 -0.742344 -1.980461
-0.412758 -1.366122 -1.296898
-0.387103 -1.279713 -1.266810
-0.380597 -1.242599 -1.903338
0.250417 0.018454 -1.905595
0.947652 1.737823 -1.240726
0.975783 1.743022 -1.234278
-0.281257 1.826670 -1.242765
-0.289273 2.431728 -0.705733
-0.951769 1.754006 0.553256
-0.928751 1.737947 0.595494
-0.890475 1.812233 -0.021925
-0.893076 1.914597 -0.040840
-0.899180 0.705256 0.582675
-0.906040 0.664044 0.575093
-0.933454 0.629041 0.581913
-0.375412 0.653608 1.744518
0.151069 0.699824 2.342059
0.078912 0.703347 2.322493
0.087818 0.041794 2.349588
0.784644 -0.012939 2.402921
0.791586 0.003654 2.433685
0.761281 0.655331 1.242106
0.770882 1.292822 -0.103141
1.461686 1.851094 -0.094233
2.854499 1.809074 -0.049382
2.168655 1.790124 -0.021311
1.470368 1.799634 -0.025062
1.524355 1.815405 -1.337177
1.612474 2.498345 -1.289867
1.028651 2.499821 -1.216618
1.050183 2.499437 -1.181857
1.071081 2.494884 -1.207260
1.119146 2.493331 -1.243821
1.742370 1.825725 -1.231309
1.078682 -0.090122 0.753455
1.018896 -0.136749 0.745424
0.337989 -0.169475 0.715390
0.345005 -0.174461 0.054733
0.971424 0.493771 0.085869
0.990249 0.466720 0.079750
1.631018 0.426221 0.046194
1.654557 0.402754 -0.609642
1.064739 0.449709 -0.606180
1.115730 -0.139860 0.057330
0.507485 -0.164790 -0.565961
0.502966 0.461505 -0.625560
0.463769 1.091646 -0.696176
1.710869 1.144015 -0.699720
1.033351 1.181436 -0.648887
1.662960 1.175043 -1.849731
1.682817 1.161619 -1.822738
1.058257 1.156412 -1.801595
1.698946 1.216908 -1.752315
1.685194 1.251261 -1.704519
1.683762 0.600031 0.269126
1.686834 1.197627 0.225377
1.665223 0.613068 0.176005
0.996135 0.668233 0.177475
1.560054 0.699475 -0.561420
1.591025 0.676099 -0.540545
1.688735 0.655637 -0.510302
1.759914 0.688923 -0.466663
1.757245 0.766861 -0.434961
1.714692 0.799107 0.140878
1.712947 0.776488 0.117572
1.752859 0.762104 0.088851
1.776117 0.795203 0.037583
1.752503 0.839667 -0.666386
2.380930 0.831040 -1.356922
2.399159 -0.447825 0.627998
1.829406 0.167755 1.205465
1.883696 0.191566 1.208879
1.858787 -0.423989 1.201310
1.773670 -0.462836 1.188402
2.361060 0.123252 1.828641
2.362960 1.283398 1.847323
2.343044 1.248186 1.887252
2.268153 1.216736 1.894871
2.203483 1.186080 0.600478
2.226866 1.173725 0.040463
1.660392 1.791452 0.109384
1.039293 1.830281 1.517501
0.984249 1.240020 1.507391
0.254462 1.215982 1.473013
0.228617 0.552469 0.827034
0.233117 0.542870 0.894535
0.185434 0.556893 0.269971
0.726556 0.570016 0.199993
0.657730 0.568803 0.118268
0.695324 1.217491 0.780080
0.791625 1.256136 0.858996
0.841120 1.319210 0.882853
0.809959 1.307442 1.426971
-0.483904 1.274657 1.370104
0.171839 1.227813 1.401751
0.175441 1.207795 1.468378
0.136092 2.486776 2.116325
0.087318 2.475995 1.390342
-0.548648 2.435150 1.335741
-0.493039 2.412873 1.375033
-1.683885 2.443563 2.034419
-0.995390 2.511989 2.021230
-0.949974 2.549597 0.637780
-0.919493 2.535326 0.544249
-0.277639 2.515439 1.226278
0.335180 2.519940 0.662503
-0.374286 2.544161 0.621124
-0.382485 2.547891 -0.127312
-0.978652 2.528181 -0.167602
-0.950153 3.114351 -0.161983
-0.936966 4.369556 0.459528
-0.926621 5.025214 0.380103
-0.285715 5.030766 -0.322637
-0.249655 5.006972 -0.310131
0.387011 4.953537 0.402021
-0.332046 4.252874 1.033621
-1.058563 4.231252 1.015461
-1.087705 4.246308 0.401775
-1.079585 4.262752 1.719611
0.177997 4.259769 1.100081
-0.426762 2.996571 1.085687
0.239592 3.000906 1.049508
0.259768 3.026672 0.442861
1.550359 3.661372 0.510711
1.575171 3.030838 -0.111452
0.923404 3.572405 -0.132522
0.899763 3.535471 0.495370
0.877625 3.540756 2.418577
0.865520 3.569179 1.802469
0.850016 3.575295 1.773756
0.842299 3.556814 1.728615
0.836225 2.345217 1.733190
1.449814 2.939798 2.425656
0.823456 2.944020 1.785049
0.806198 2.892473 1.788820
1.384767 2.896693 1.184731
1.328767 2.931511 1.229469
1.271576 2.973262 1.884854
1.230683 3.018230 2.502261
0.558375 3.051386 2.466518
1.197333 3.064706 1.178871
1.216067 3.037792 1.180185
1.239876 2.977303 1.176231
0.598895 2.930575 1.176495
0.587388 2.309207 0.541648
-0.033116 2.322063 0.581240
-0.038083 2.302574 0.608253
-0.713114 2.273018 1.239371
-0.093552 2.287381 1.199209
-0.092727 2.345194 1.200377
-0.072401 2.376625 1.245359
-0.054677 2.336440 1.229760
-0.041389 3.507221 1.788443
-0.005390 3.479065 2.331303
0.046200 2.894388 2.336671
0.064205 2.295059 2.385156
0.035325 2.313390 1.755673
0.026732 2.347614 2.327341
0.707029 2.387016 2.271928
0.755554 2.436325 2.279745
0.756743 2.479667 2.313659
0.710218 2.511182 2.286171
0.692538 3.149276 2.216265
0.745603 3.746645 0.898206
-0.469788 3.707053 0.910890
-0.493937 3.058863 0.934106
-0.553792 3.108117 1.573626
-0.561601 3.158892 0.924893
0.143290 3.208182 0.910192
0.143557 3.210533 1.574095
0.754075 3.207072 2.248418
0.735482 3.188370 2.272201
1.424711 3.782769 2.267696
1.527139 3.687640 2.273831
1.578917 2.979765 2.314752
0.919956 2.912613 2.377570
0.872894 2.905364 2.429998
0.887247 2.271950 3.021977
1.541435 2.294199 3.034219
0.882041 1.737406 2.413580
1.469989 2.435008 1.278948
0.809008 2.476981 1.351258
0.854401 1.807891 1.384891
-0.361230 1.759491 1.978684
-1.002968 1.134442 1.972616
-1.020509 0.497435 0.712121
-0.379810 0.473158 -0.520751
-0.374711 0.428836 0.039543
-0.365892 0.450794 0.002385
0.254998 0.552433 -1.188610
-0.433592 1.279789 -1.191065
-0.470697 1.255004 -1.863501
-0.463689 1.186761 -0.063839
0.207587 1.169415 0.622408
0.233664 1.196841 0.690933
0.216702 1.192351 0.714754
0.174572 -0.217132 0.031239
0.154562 -0.265985 0.019210
-0.515738 0.412731 -0.533665
0.158087 1.123813 0.164263
0.756597 1.150038 -0.466912
0.718011 -0.142718 -0.534354
0.041586 -0.822769 -0.562039
0.783484 -2.065916 0.147022
0.871091 -2.052523 -0.452678
0.286120 -2.072531 0.143256
-1.028801 -2.111929 0.033506
-1.068839 -2.115692 -0.014570
-1.074107 -2.082820 1.295545
-1.048591 -2.062460 0.704274
-0.390813 -2.083269 0.640001
-0.430597 -2.114051 0.572738
-0.502248 -2.123498 0.573475
-0.524414 -2.104581 0.630189
-0.473334 -2.083796 0.021978
-0.468811 -2.109168 -0.645687
0.196174 -2.145308 -0.692699
0.145242 -2.130608 -0.702252
-0.521278 -1.477344 -2.068513
-0.546148 -2.085224 -2.036507
-0.564406 -2.122334 -1.992536
-0.591714 -2.142189 -1.968699
-0.604979 -2.115068 -1.963603
0.022782 -1.398291 -1.922250
0.088636 -2.035496 -1.839028
0.795088 -2.054032 -1.769415
0.831804 -2.023551 -1.747256
0.211693 -1.968377 -1.755472
0.211208 -1.919269 -1.776816
0.226588 -1.322242 -1.749305
0.245982 -0.679152 -1.098961
-0.406104 0.017668 -1.721055
-0.433812 0.070826 -1.110440
-1.679008 0.020662 -1.107313
-1.658209 -0.711497 -1.087624
-1.644392 -0.742464 -1.093593
-1.669112 -1.885020 -1.140336
-3.021918 -1.857594 -1.196543
-2.434282 -2.575366 -0.550625
-2.391273 -3.327203 -0.562634
-2.328671 -2.639711 -0.566224
-2.367939 -1.903513 -0.574284
-2.438032 -1.808404 -0.567835
-2.430946 -2.489539 -0.530596
-1.813414 -2.562990 -0.491646
-1.162031 -1.937116 -0.472845
-1.182019 -1.265009 -0.480170
-0.394684 -1.239153 0.146101
-1.717005 -0.615909 0.166437
-1.120307 -1.276456 0.187277
-1.092208 -1.254946 -0.426992
-1.149880 -1.197601 -2.362590
-1.822887 -1.166020 -3.003115
-1.792525 -1.186290 -2.359480
-1.780345 -1.198346 -2.292759
-1.082935 -1.178506 -2.261064
-1.734240 -1.796453 -2.291654
-1.713284 -1.858522 -3.500689
-1.700239 -1.922109 -4.128947
-1.695291 -1.909208 -4.106492
-1.688337 -1.844242 -4.120651
-1.683418 -1.821692 -4.161205
-1.689576 -1.225451 -4.183784
-1.026963 -1.276420 -4.168600
-0.380158 -1.268460 -4.130165
-1.035740 -1.244918 -4.138075
-1.034770 -0.660020 -3.554218
-1.070467 -0.736475 -2.292133
-1.140011 -0.765886 -2.252910
-1.202169 -1.328252 -2.214112
-0.599735 -1.278397 -2.225150
-0.618086 -1.274351 -2.255657
-0.661538 -1.301266 -2.274866
-0.717928 -1.914126 -2.915987
-1.412617 -1.863435 -2.935661
-1.388857 -1.825883 -1.802565
-1.328320 -1.843088 -1.850013
-1.263476 -1.871491 -1.209770
-1.218119 -1.850400 -1.197706
-1.177693 -1.796358 -1.200967
-0.508796 -1.156288 -1.220550
-0.459213 -1.218975 -1.241201
-0.423410 -1.285761 -1.254452
-0.402615 -1.273703 -1.877426
-1.017696 -1.221604 -1.870634
-1.010543 -1.231075 -1.878360
0.290239 -1.309481 -1.884919
0.272925 -1.349416 -0.524541
0.273608 -1.307095 -0.518336
0.288198 0.631967 -0.509255
-0.371967 0.622540 -0.504862
-0.369204 0.560839 -1.145891
-0.371165 0.546452 -1.151105
0.908165 -0.605547 -1.135550
0.267385 -1.178305 -1.129918
-0.332264 -1.194278 -1.158575
-0.304069 -1.899398 -1.184485
0.353488 -1.934437 -1.179807
0.351524 -1.892996 -1.137168
-0.867421 -2.504230 -0.457297
-0.869875 -2.489083 -1.744366
-0.852651 -2.546800 -1.745193
-0.862226 -2.596496 -1.720601
-0.893766 -1.345365 -1.077652
-0.880149 -1.319572 -1.087484
-0.828625 -1.351178 -1.144726
-0.795559 -1.422149 -1.193360
-0.826737 -1.480136 -1.206934
-0.881819 -1.473833 -1.199711
-0.282602 -1.421839 -1.224246
-0.225608 -1.398588 -1.890537
0.417200 -1.425901 -1.927398
0.317388 -1.460395 -1.899259
0.229363 -0.840879 -1.853825
1.554518 -1.433421 -2.471353
0.952818 -1.428706 -1.875699
0.293783 -1.479820 -2.482994
-1.036270 -2.860741 -2.437541
-0.363770 -2.850026 -2.389646
-1.035655 -2.750756 -2.388292
-0.988565 -2.640638 -2.415042
-0.974901 -1.971386 -2.418937
-0.956517 -1.986980 -2.369116
-0.298148 -2.002932 -2.309883
-0.264706 -1.347912 -2.296737
-0.277005 -1.938557 -2.321825
-0.929190 -1.931255 -2.355112
-2.221794 -1.938437 -0.404791
-2.243158 -1.925208 -0.415124
-2.212002 -3.135258 -0.438063
-2.213338 -3.144780 -1.077135
-2.280614 -3.148999 -1.051599
-2.344833 -1.922844 -1.006997
-2.350830 -1.352166 -0.970430
-2.323224 -1.427485 -0.964335
-2.933521 -1.468162 -0.335320
-2.977781 -0.290961 -0.338277
-3.016266 -0.296214 -0.327848
-3.026411 -0.324474 -0.320427
-3.034767 -0.381157 -1.033297
-3.079556 -1.057164 -1.010004
-3.147690 -1.721717 -0.955808
-3.192031 -1.703786 -0.939972
-3.195321 -1.725315 -0.985874
-3.173111 -3.052329 -1.061466
-3.145575 -3.094537 -1.103050
-3.123628 -2.400371 -1.091290
-3.113337 -1.714869 -1.087062
-3.097989 -1.749214 -2.481823
-3.067814 -2.411266 -2.561721
-3.045048 -2.429371 -3.290224
-3.053007 -2.402071 -2.041958
-3.072540 -2.357932 -1.312002
-3.699494 -1.748230 -0.642562
-3.693719 -0.613002 -0.681782
-3.675692 -0.640800 -0.101091
-3.648717 -0.582854 -0.036082
-3.628051 -0.460864 0.084650
-3.045991 -1.008776 -0.446156
-3.041790 -1.085541 0.195588
-3.075591 -0.427229 -1.102390
-3.128614 -1.572727 -0.390685
-3.168456 -1.448846 1.078551
-3.846019 -1.401311 2.405775
-3.211087 -1.474497 2.379995
-3.210920 -0.937200 2.283061
-3.209871 -0.940323 2.225354
-3.212010 -0.256090 1.593745
-2.600775 -0.193209 2.340896
-1.290903 -0.230295 2.329301
-1.293986 -0.298880 2.268198
-1.293762 -0.285224 1.600019
-1.272291 -0.212534 2.318068
-1.237800 0.479284 2.397797
0.089010 0.387828 2.383204
0.109493 0.243767 1.694579
0.159738 0.191731 1.624772
0.209363 0.232845 1.651316
0.229376 0.281233 1.725478
0.237289 0.250060 1.736746
0.926022 0.208234 1.687428
0.958007 0.256791 1.671560
0.317218 0.360208 1.724745
0.295553 0.440977 1.797411
0.295307 -0.196359 1.782363
-0.293520 -0.874311 1.052391
-0.252654 -0.224116 0.996130
-0.263307 1.202358 1.648482
-0.300604 0.691521 1.691158
-0.294237 0.678196 1.688674
-0.248099 -0.669408 1.647695
-0.241693 -0.693830 -0.291371
-1.595947 -0.035835 -0.292561
-1.655281 0.641823 -0.913356
-1.653871 0.618878 -0.928492
-1.596221 -0.101235 -0.992797
-2.179402 -1.500658 -1.048495
-2.208656 -0.859069 -1.067742
-0.968079 -0.866658 -1.049869
-0.975816 -0.885914 -1.047148
-0.945509 -0.919488 0.830891
-1.524221 -0.940703 0.799862
-1.530277 -0.924160 0.788406
-2.216506 -0.891524 1.446706
-2.208845 -0.883818 1.439139
-2.144831 -0.920632 1.387412
-2.089785 -0.977553 2.630184
-2.083720 -1.033405 2.614555
-2.106348 -1.065714 2.637560
-1.454963 -1.072647 2.665151
-1.423735 -1.049190 2.669724
-1.439832 -0.980751 2.653765
-1.493013 -0.257168 2.652900
-1.547451 -0.208829 2.700487
-1.554858 -0.867033 2.734941
-1.549781 -0.252454 2.710334
-1.585423 -0.219624 2.656873
-0.377667 -0.172579 2.666008
-0.396133 -0.147840 3.399270
-0.358589 -0.830629 3.481707
-0.336040 -1.494947 3.485700
-1.039661 -0.786043 2.794641
-1.094572 -0.693783 2.872606
-0.474180 -0.001264 3.619064
-1.043259 -0.067218 3.028528
-1.004531 -0.125338 3.594442
-1.021248 -0.106301 2.896218
-1.680024 -0.061580 3.557777
-1.690510 -0.083169 3.622085
-1.671588 -0.178981 4.886594
-1.665088 -0.258721 4.213578
-0.504128 0.375661 3.526354
0.107694 0.441131 4.209591
0.797343 0.437757 4.253236
0.829785 0.355192 3.596261
0.823757 0.967675 1.653084
0.169903 0.990908 1.634568
0.151387 -0.234850 2.265141
0.801924 -0.212245 2.310537
0.806498 -0.224220 2.334499
0.785113 -0.208101 2.994399
0.081903 0.442445 3.598049
0.076599 1.766907 2.939726
0.096780 1.116878 2.949120
0.087912 1.730994 3.595267
-0.582566 1.737671 2.973071
0.611545 1.773333 2.937466
0.574801 2.461787 1.665647
0.526363 2.445459 2.306486
0.448610 2.421066 2.317695
0.386517 2.446079 2.316912
-0.296835 2.494076 1.619326
-0.290771 3.094936 1.559577
-0.319272 3.017065 1.534423
0.283273 2.340818 1.521233
0.200953 2.376258 0.887876
0.267509 2.449548 0.864268
-0.311998 1.187759 1.483910
0.354035 1.170416 0.910158
1.590606 1.176434 0.339275
1.566515 1.843428 0.333321
1.008828 1.893492 0.262622
0.448232 1.892107 -1.682203
-0.166488 1.857126 -1.622036
-1.498097 1.834365 -1.570987
-1.516825 1.834433 -0.377511
-1.470692 1.854245 -1.028549
